#auto generated file!
12.0;26;21;23;25;26;29;26;17;17
18.0;24;22;22;24;28;28;23;17;22
24.0;22;19;24;27;28;27;24;17;22
30.0;23;20;23;24;32;30;21;16;21
36.0;23;22;23;22;33;31;18;17;21
42.0;22;23;25;20;32;31;19;17;21
48.0;23;23;22;22;34;32;16;17;21
54.0;23;21;21;24;33;32;16;17;23
60.0;24;20;21;25;34;34;14;19;19
66.0;24;21;19;26;37;32;11;19;21
72.0;25;21;19;24;40;33;9;20;19
78.0;24;20;19;24;41;33;9;20;20
84.0;25;20;16;22;42;33;12;20;20
90.0;24;22;15;20;44;31;13;22;19
96.0;21;21;16;19;45;32;15;22;19
102.0;22;23;14;19;47;32;13;22;18
108.0;23;21;15;20;48;32;13;23;15
114.0;23;21;12;21;50;32;15;22;14
120.0;23;20;13;22;51;32;13;23;13
126.0;23;21;14;22;51;33;12;25;9
132.0;21;20;15;21;52;32;11;27;11
138.0;20;19;16;22;54;31;10;27;11
144.0;19;20;17;21;54;28;12;27;12
150.0;18;22;17;23;54;29;9;26;12
156.0;16;23;18;24;54;30;9;26;10
162.0;16;21;19;25;53;30;9;26;11
168.0;15;21;17;21;54;30;11;32;9
174.0;15;24;20;21;54;28;8;31;9
180.0;15;26;19;22;57;28;8;27;8
186.0;16;27;19;21;56;28;9;27;7
192.0;15;27;21;21;56;28;9;24;9
198.0;15;29;20;21;55;26;11;24;9
204.0;14;29;21;22;55;24;12;24;9
210.0;16;29;20;21;57;24;10;24;9
216.0;15;30;18;20;58;25;10;23;11
222.0;14;32;18;20;60;23;9;22;12
228.0;13;31;16;18;61;24;11;24;12
234.0;10;31;21;17;61;23;11;24;12
240.0;9;31;21;16;64;23;11;22;13
246.0;10;31;21;15;65;22;11;22;13
252.0;9;30;17;14;68;23;12;24;13
258.0;10;30;17;14;68;23;12;24;12
264.0;11;29;18;13;67;23;12;23;14
270.0;10;29;19;13;69;22;13;23;12
276.0;12;30;19;13;68;22;13;23;10
282.0;12;30;16;14;68;25;11;23;11
288.0;11;31;15;14;69;25;10;22;13
294.0;9;29;15;14;68;26;11;23;15
300.0;10;28;14;14;69;27;10;23;15
306.0;10;29;15;13;71;26;11;21;14
312.0;8;31;15;13;70;27;11;21;14
318.0;9;28;17;12;70;28;14;18;14
324.0;9;25;19;11;71;26;15;20;14
330.0;11;25;19;12;70;26;11;21;15
336.0;10;23;16;14;72;28;11;20;16
342.0;12;25;14;13;73;28;10;19;16
348.0;12;24;15;13;75;28;12;18;13
354.0;11;24;17;14;76;28;9;18;13
360.0;10;25;16;13;75;28;11;19;13
366.0;9;22;15;12;76;28;12;20;16
372.0;10;21;16;11;75;29;10;21;17
378.0;10;21;17;10;76;29;10;22;15
384.0;13;20;16;11;75;28;9;23;15
390.0;14;21;16;11;73;28;8;25;14
396.0;15;20;17;12;77;28;10;21;10
402.0;15;19;18;12;76;28;10;22;10
408.0;13;19;17;14;75;28;12;23;9
414.0;12;21;16;14;76;25;13;24;9
420.0;11;21;16;15;75;26;14;24;8
426.0;11;22;15;14;74;27;13;26;8
432.0;10;20;15;14;77;26;11;26;11
438.0;9;19;16;15;78;24;12;26;11
444.0;9;19;14;17;78;26;11;26;10
450.0;9;18;13;17;79;26;10;26;12
456.0;8;19;12;19;78;24;13;27;10
462.0;6;19;12;20;78;24;15;27;9
468.0;5;21;11;20;80;25;13;27;8
474.0;6;21;11;20;81;24;12;26;9
480.0;6;24;12;19;81;25;11;24;8
486.0;6;24;13;19;80;24;11;25;8
492.0;5;24;12;20;82;24;10;27;6
498.0;6;23;11;20;83;24;11;27;5
504.0;6;24;7;18;84;23;12;29;7
510.0;8;24;8;18;85;21;12;28;6
516.0;8;24;8;18;85;21;10;28;8
522.0;7;24;11;16;84;21;10;29;8
528.0;7;22;9;16;87;22;11;28;8
534.0;7;21;8;16;87;22;12;29;8
540.0;8;22;8;15;86;21;12;30;8
546.0;8;22;7;15;89;22;11;31;5
552.0;9;22;8;14;89;22;10;30;6
558.0;9;24;9;14;89;22;9;28;6
564.0;9;26;10;14;88;21;7;29;6
570.0;10;23;9;15;86;19;8;30;10
576.0;11;22;10;16;86;17;6;30;12
582.0;11;20;9;15;85;19;5;32;14
588.0;10;22;8;15;85;17;7;32;14
594.0;10;24;8;13;85;18;10;31;11
600.0;10;23;8;13;86;19;9;30;12
606.0;10;19;9;17;83;20;8;33;11
612.0;9;19;10;17;82;18;7;34;14
618.0;11;19;10;17;81;16;7;32;17
624.0;12;19;9;17;80;15;8;33;17
630.0;11;22;7;15;83;15;6;35;16
636.0;11;20;7;19;82;14;7;34;16
642.0;9;18;8;19;83;15;7;34;17
648.0;7;18;8;21;83;15;8;33;17
654.0;7;17;9;21;83;16;9;33;15
660.0;7;16;8;22;81;21;8;33;14
666.0;7;17;8;22;81;21;9;30;15
672.0;7;18;9;23;81;22;9;29;12
678.0;7;18;11;24;81;21;9;30;9
684.0;8;18;12;23;80;21;8;30;10
690.0;10;16;11;25;79;20;9;31;9
696.0;11;18;11;27;78;20;8;28;9
702.0;12;20;10;25;78;19;7;28;11
708.0;12;20;9;26;79;20;6;27;11
714.0;11;20;6;29;80;22;7;25;10
720.0;11;19;6;29;80;24;8;24;9
726.0;10;19;5;27;80;24;9;27;9
732.0;10;21;6;27;79;23;8;27;9
738.0;10;22;6;30;78;22;6;28;8
744.0;8;19;5;32;78;23;8;26;11
750.0;9;20;5;30;78;25;9;22;12
756.0;9;20;6;30;80;22;10;22;11
762.0;7;23;7;29;80;23;9;20;12
768.0;6;21;8;28;82;23;8;22;12
774.0;6;23;8;30;81;21;8;21;12
780.0;6;24;10;27;82;23;5;21;12
786.0;8;24;9;25;82;21;7;23;11
792.0;7;24;9;26;82;21;8;22;11
798.0;9;20;11;25;82;20;8;22;13
804.0;11;17;12;25;83;17;9;23;13
810.0;8;17;11;25;85;16;11;26;11
816.0;8;17;10;27;84;16;10;25;13
822.0;8;17;9;27;80;16;12;25;16
828.0;9;18;9;26;80;16;14;24;14
834.0;9;20;9;25;79;16;14;24;14
840.0;9;20;11;25;78;17;13;24;13
846.0;9;18;11;24;78;18;13;25;14
852.0;10;18;11;23;79;18;13;25;13
858.0;10;17;10;21;78;22;15;27;10
864.0;9;17;11;21;79;23;13;27;10
870.0;12;18;10;22;80;23;11;27;7
876.0;10;15;10;26;80;23;14;25;7
882.0;10;15;12;28;82;23;13;23;4
888.0;9;15;12;28;80;22;14;24;6
894.0;9;16;12;26;80;21;14;25;7
900.0;8;17;12;27;78;21;13;25;9
906.0;6;17;11;26;82;24;12;24;8
912.0;5;17;13;26;82;24;11;23;9
918.0;6;16;12;26;82;24;12;23;9
924.0;6;18;10;27;82;22;13;22;10
930.0;6;19;13;26;82;20;13;21;10
936.0;7;18;13;27;82;19;11;23;10
942.0;9;22;11;26;80;20;11;22;9
948.0;11;21;10;27;81;18;12;21;9
954.0;13;21;9;25;80;19;15;21;7
960.0;14;21;8;28;78;18;15;20;8
966.0;12;18;9;27;80;19;15;21;9
972.0;13;17;10;27;80;19;13;23;8
978.0;14;17;8;28;81;21;13;20;8
984.0;14;15;9;27;79;23;15;21;7
990.0;13;13;11;27;78;22;15;22;9
996.0;10;13;11;29;77;22;15;23;10
1002.0;11;15;9;29;77;22;13;23;11
1008.0;11;16;9;30;78;20;11;23;12
1014.0;13;17;7;29;79;18;12;23;12
1020.0;14;17;8;29;80;20;9;21;12
1026.0;13;18;8;29;81;18;9;22;12
1032.0;14;18;10;27;80;15;9;24;13
1038.0;14;18;6;29;81;16;10;24;12
1044.0;14;17;7;28;81;15;11;24;13
1050.0;14;19;8;26;82;15;12;24;10
1056.0;14;17;8;28;83;15;11;25;9
1062.0;12;19;7;28;81;17;12;24;10
1068.0;12;18;7;28;81;17;11;25;11
1074.0;12;17;7;29;81;16;11;23;14
1080.0;11;16;7;28;81;16;13;24;14
1086.0;10;17;7;28;83;15;15;24;11
1092.0;9;17;7;27;86;16;16;23;9
1098.0;11;16;8;27;87;17;15;21;8
1104.0;10;15;8;29;88;18;13;24;5
1110.0;12;16;7;27;88;18;13;24;5
1116.0;11;17;9;26;90;18;12;24;3
1122.0;10;15;11;27;91;19;13;22;2
1128.0;10;15;11;28;93;19;13;19;2
1134.0;8;13;12;28;95;20;12;19;3
1140.0;9;14;12;28;96;21;10;17;3
1146.0;9;15;9;29;97;22;11;16;2
1152.0;10;16;10;30;97;19;11;14;3
1158.0;14;16;8;29;96;18;10;17;2
1164.0;13;19;9;26;98;19;8;16;2
1170.0;14;18;11;25;96;19;8;16;3
1176.0;13;18;11;25;97;18;8;16;4
1182.0;14;16;12;24;97;18;8;16;5
1188.0;15;18;11;25;96;16;8;16;5
1194.0;15;19;9;25;95;16;8;16;7
1200.0;14;18;8;25;95;18;7;18;7
1206.0;11;20;8;25;96;17;7;21;5
1212.0;10;22;8;26;96;18;5;21;4
1218.0;9;21;8;23;95;21;7;23;3
1224.0;8;22;6;21;97;20;7;25;4
1230.0;8;21;6;19;98;22;7;26;3
1236.0;8;21;6;19;98;22;7;25;4
1242.0;7;21;5;20;99;23;7;23;5
1248.0;6;21;5;20;99;23;7;23;6
1254.0;7;21;8;20;97;22;8;22;5
1260.0;8;21;8;20;96;20;9;23;5
1266.0;7;20;8;20;98;18;8;23;8
1272.0;4;21;9;16;100;18;9;22;11
1278.0;4;21;9;17;100;18;9;21;11
1284.0;4;22;10;16;98;20;8;20;12
1290.0;4;24;9;16;96;21;7;21;12
1296.0;4;23;8;18;96;22;7;20;12
1302.0;5;22;9;18;94;23;8;19;12
1308.0;5;23;11;17;92;23;9;19;11
1314.0;6;24;10;17;94;22;8;20;9
1320.0;6;25;10;18;92;21;8;20;10
1326.0;8;23;10;18;90;23;9;19;10
1332.0;7;22;11;20;88;23;9;18;12
1338.0;9;23;9;19;88;25;7;18;12
1344.0;8;23;10;20;87;24;7;18;13
1350.0;8;23;9;23;88;24;6;16;13
1356.0;8;22;9;23;88;23;8;15;14
1362.0;8;23;10;23;87;24;7;17;11
1368.0;8;24;9;23;88;23;7;18;10
1374.0;10;25;7;23;87;25;7;19;7
1380.0;9;23;5;22;90;25;8;19;9
1386.0;9;24;2;21;90;24;7;22;11
1392.0;11;23;2;20;89;24;10;22;9
1398.0;10;20;2;20;90;25;11;23;9
1404.0;8;19;3;23;90;25;11;23;8
1410.0;8;18;3;22;90;27;12;22;8
1416.0;11;18;5;22;89;25;12;22;6
1422.0;10;18;4;23;89;25;14;22;5
1428.0;13;18;3;24;88;25;12;21;6
1434.0;12;18;3;23;88;25;11;21;9
1440.0;11;19;4;22;88;25;14;19;8
1446.0;12;18;6;20;87;25;14;19;9
1452.0;12;22;4;19;86;24;12;21;10
1458.0;13;22;3;19;84;24;12;21;12
1464.0;12;23;3;17;85;23;12;22;13
1470.0;11;23;3;15;86;26;12;20;14
1476.0;11;22;3;15;87;24;14;20;14
1482.0;11;24;3;14;87;26;15;17;13
1488.0;11;27;4;13;86;26;15;15;13
1494.0;9;27;4;13;87;29;17;12;12
1500.0;8;27;4;15;87;27;16;14;12
1506.0;6;28;7;18;85;25;14;14;13
1512.0;7;30;9;16;84;24;13;14;13
1518.0;5;32;10;18;85;22;12;13;13
1524.0;3;32;11;18;85;24;11;13;13
1530.0;3;33;12;17;85;24;11;15;10
1536.0;2;31;15;19;85;25;10;15;8
1542.0;4;29;11;19;86;26;12;15;8
1548.0;5;29;14;20;86;23;10;15;8
1554.0;6;28;14;20;86;22;13;14;7
1560.0;7;25;12;18;87;23;14;16;8
1566.0;9;26;9;17;88;23;14;16;8
1572.0;9;28;8;20;86;22;12;16;9
1578.0;8;30;8;20;87;19;13;17;8
1584.0;7;31;8;21;89;19;11;17;7
1590.0;8;26;7;22;90;20;12;19;6
1596.0;9;24;6;22;90;19;14;18;8
1602.0;8;24;7;21;90;19;15;18;8
1608.0;9;25;7;22;89;19;14;19;6
1614.0;10;25;7;21;90;19;15;16;7
1620.0;10;22;9;22;93;21;11;16;6
1626.0;11;21;9;21;93;22;11;15;7
1632.0;14;21;8;22;91;23;9;14;8
1638.0;9;22;7;25;91;24;10;13;9
1644.0;8;23;7;25;91;24;11;13;8
1650.0;9;23;6;24;89;24;14;13;8
1656.0;9;23;6;23;90;24;13;13;9
1662.0;10;24;7;24;88;22;11;15;9
1668.0;10;24;6;23;89;22;11;16;9
1674.0;10;26;7;21;88;23;11;16;8
1680.0;10;25;7;22;89;23;11;16;7
1686.0;8;25;5;18;91;23;12;17;11
1692.0;10;26;5;19;90;23;12;15;10
1698.0;10;24;5;19;89;27;12;15;9
1704.0;9;23;8;18;88;27;14;15;8
1710.0;9;23;8;16;90;25;15;15;9
1716.0;7;22;7;15;92;28;15;14;10
1722.0;7;20;8;15;92;30;14;14;10
1728.0;9;20;7;15;92;29;15;12;11
1734.0;9;21;6;16;92;29;16;12;9
1740.0;9;20;6;15;93;32;17;11;7
1746.0;10;19;6;16;96;28;19;11;5
1752.0;7;21;6;15;97;28;20;12;4
1758.0;7;18;6;16;100;28;17;14;4
1764.0;8;21;4;16;102;28;13;14;4
1770.0;9;21;5;15;102;30;13;12;3
1776.0;9;21;6;16;102;27;14;12;3
1782.0;10;19;6;18;103;27;13;11;3
1788.0;10;20;5;18;102;26;15;10;4
1794.0;9;21;8;19;103;24;12;10;4
