#auto generated file!
12.0;29;26;29;28;33;32;18;29;26
18.0;25;26;28;29;34;32;17;32;27
24.0;26;27;28;29;35;29;19;31;26
30.0;28;26;26;30;36;30;19;30;25
36.0;27;26;26;31;36;31;20;30;23
42.0;25;25;23;29;40;33;19;30;26
48.0;26;24;25;30;40;32;19;30;24
54.0;23;24;24;32;42;34;21;27;23
60.0;18;24;22;32;42;37;24;27;24
66.0;18;23;24;33;41;36;22;31;22
72.0;17;27;22;32;43;36;21;32;20
78.0;17;28;20;32;44;35;23;32;19
84.0;17;30;18;32;45;33;26;33;16
90.0;16;31;18;33;48;33;24;33;14
96.0;15;30;19;31;49;32;26;35;13
102.0;14;32;20;31;53;32;20;37;11
108.0;17;29;19;31;56;32;20;35;11
114.0;17;30;20;31;54;36;16;34;12
120.0;14;31;22;28;55;37;15;34;14
126.0;15;31;19;26;57;37;16;34;15
132.0;12;33;17;26;58;39;15;34;16
138.0;9;34;16;28;58;38;18;35;14
144.0;8;36;19;28;58;37;17;32;15
150.0;10;35;18;30;59;36;17;31;14
156.0;9;36;20;28;59;36;15;32;15
162.0;10;35;20;30;60;35;16;30;14
168.0;11;33;19;32;62;34;17;29;13
174.0;11;34;17;32;63;33;16;29;15
180.0;14;35;11;31;67;33;15;31;13
186.0;13;34;10;34;66;31;15;31;16
192.0;12;32;9;32;65;34;15;33;18
198.0;13;30;10;33;65;34;14;34;17
204.0;11;30;11;32;66;35;13;35;17
210.0;13;29;9;30;65;35;17;35;17
216.0;12;28;10;30;69;33;17;33;18
222.0;12;28;10;31;71;33;14;32;19
228.0;14;29;8;29;71;34;15;32;18
234.0;17;30;9;26;71;36;15;30;16
240.0;18;28;13;26;73;35;14;29;14
246.0;17;31;13;26;72;31;17;30;13
252.0;18;28;12;27;70;33;14;30;18
258.0;15;29;15;29;70;33;15;29;15
264.0;13;28;13;28;72;34;19;31;12
270.0;18;29;13;21;72;35;19;29;14
276.0;19;27;12;22;74;38;16;28;14
282.0;20;26;10;23;74;37;18;29;13
288.0;21;28;11;23;73;33;18;28;15
294.0;20;28;12;24;72;34;18;27;15
300.0;20;29;11;24;70;34;19;29;14
306.0;18;28;12;25;70;34;20;29;14
312.0;17;29;13;25;70;34;19;31;12
318.0;16;31;12;25;70;35;19;29;13
324.0;16;29;14;27;71;35;17;28;13
330.0;17;30;16;27;71;35;15;26;13
336.0;16;29;17;24;74;35;15;26;14
342.0;17;28;17;26;74;34;15;26;13
348.0;19;30;15;23;75;34;15;24;15
354.0;20;28;13;24;76;33;20;21;15
360.0;19;29;13;23;77;33;18;21;17
366.0;17;29;11;23;82;31;18;20;19
372.0;19;28;10;25;80;31;20;21;16
378.0;17;29;11;27;79;30;19;21;17
384.0;16;27;12;27;81;32;16;24;15
390.0;14;28;14;26;82;30;16;23;17
396.0;13;27;14;24;84;32;16;25;15
402.0;12;26;15;27;83;32;16;25;14
408.0;13;25;14;27;85;31;16;24;15
414.0;12;26;14;28;85;31;16;25;13
420.0;14;28;16;27;87;31;15;23;9
426.0;13;27;18;27;87;31;15;21;11
432.0;15;28;19;27;89;32;10;21;9
438.0;15;28;18;27;88;28;11;23;12
444.0;15;30;19;26;88;27;10;24;11
450.0;17;28;17;26;88;27;11;25;11
456.0;17;27;17;26;89;29;7;26;12
462.0;16;30;19;25;86;28;8;25;13
468.0;15;30;18;26;88;31;8;24;10
474.0;16;31;16;26;87;33;9;22;10
480.0;16;30;17;26;88;33;10;21;9
486.0;14;29;13;29;89;33;11;21;11
492.0;15;31;14;29;87;32;11;21;10
498.0;15;30;15;29;87;31;10;22;11
504.0;14;26;14;30;86;31;14;23;12
510.0;13;25;13;31;87;32;13;25;11
516.0;14;25;13;30;86;32;15;26;9
522.0;15;26;13;29;85;33;16;27;6
528.0;15;28;13;28;84;32;17;26;7
534.0;16;29;12;29;85;30;16;27;6
540.0;15;28;11;30;84;30;17;27;8
546.0;12;29;12;28;86;31;17;27;8
552.0;11;31;12;27;86;31;18;26;8
558.0;11;30;11;31;84;33;19;25;6
564.0;11;28;10;31;86;33;19;26;6
570.0;12;29;12;29;86;33;19;25;5
576.0;13;26;14;29;86;34;15;27;6
582.0;13;27;12;29;88;34;15;25;7
588.0;13;26;13;28;87;34;13;26;10
594.0;13;26;12;29;87;36;12;23;12
600.0;14;24;13;28;88;34;14;22;13
606.0;13;25;16;28;88;33;15;21;11
612.0;12;29;16;28;89;32;14;19;11
618.0;11;29;14;26;91;33;15;20;11
624.0;11;29;15;26;90;33;15;21;10
630.0;12;28;16;25;92;32;14;21;10
636.0;13;26;18;26;90;32;14;22;9
642.0;14;27;18;26;89;30;13;24;9
648.0;13;27;16;27;89;31;15;24;8
654.0;15;27;16;22;90;30;18;24;8
660.0;14;27;17;23;91;29;18;24;7
666.0;15;23;15;25;94;27;19;24;8
672.0;14;25;14;23;94;27;19;24;10
678.0;14;26;15;24;95;24;21;24;7
684.0;16;25;14;28;94;24;21;23;5
690.0;17;27;13;26;94;26;17;24;6
696.0;12;28;13;27;96;26;17;24;7
702.0;12;30;13;29;95;27;16;24;4
708.0;9;28;14;29;96;27;15;26;6
714.0;8;29;13;30;94;26;14;27;9
720.0;6;33;15;30;94;24;11;26;11
726.0;4;34;16;30;93;24;11;25;13
732.0;5;36;14;30;89;26;11;26;13
738.0;7;37;16;27;89;26;11;27;10
744.0;9;36;17;27;88;26;12;25;10
750.0;9;36;16;25;90;27;17;20;10
756.0;10;35;14;25;91;26;18;21;10
762.0;10;36;15;26;90;26;17;21;9
768.0;11;37;15;25;90;28;15;21;8
774.0;9;39;14;25;90;26;15;23;9
780.0;8;38;14;26;91;25;15;23;10
786.0;8;37;13;25;91;26;15;25;10
792.0;8;35;12;24;93;24;15;28;11
798.0;11;34;12;24;96;23;14;27;9
804.0;12;34;14;22;97;25;11;26;9
810.0;12;34;14;21;97;25;12;26;9
816.0;10;30;14;21;96;28;13;27;11
822.0;8;28;14;22;96;30;11;29;12
828.0;10;27;13;23;95;32;11;27;12
834.0;13;24;11;21;97;31;13;28;12
840.0;12;24;11;19;98;31;14;28;13
846.0;10;27;12;21;97;30;16;23;14
852.0;11;26;11;26;94;31;17;22;12
858.0;11;24;11;26;93;32;16;23;14
864.0;13;23;10;26;92;32;16;22;16
870.0;15;22;10;25;91;31;15;23;18
876.0;13;21;15;26;91;31;14;21;18
882.0;11;20;14;28;90;30;15;23;19
888.0;14;18;15;29;90;31;15;24;14
894.0;12;17;15;30;91;33;14;23;15
900.0;13;17;15;29;92;34;10;26;14
906.0;14;19;17;28;90;31;10;26;15
912.0;13;19;19;28;91;30;9;26;15
918.0;14;19;21;27;91;28;8;27;15
924.0;14;19;23;25;91;29;8;24;17
930.0;15;18;20;26;92;29;8;24;18
936.0;17;16;20;27;91;29;8;23;19
942.0;17;17;20;28;92;28;10;22;16
948.0;13;18;21;29;94;27;9;23;16
954.0;12;17;21;31;97;26;8;22;16
960.0;11;17;21;32;98;26;9;24;12
966.0;10;19;16;32;103;25;11;25;9
972.0;10;20;16;30;103;26;13;23;9
978.0;8;22;17;29;104;24;14;23;9
984.0;8;20;15;30;104;23;15;23;12
990.0;11;18;15;28;106;23;14;23;12
996.0;9;20;13;26;108;23;16;23;12
1002.0;13;18;12;25;110;20;15;23;14
1008.0;13;18;8;26;111;22;14;24;14
1014.0;13;17;7;26;111;24;12;27;13
1020.0;10;18;8;25;113;25;15;28;8
1026.0;9;20;9;26;110;27;14;29;6
1032.0;9;22;9;26;111;27;11;28;7
1038.0;7;21;9;25;110;28;13;27;10
1044.0;9;19;9;24;112;29;14;24;10
1050.0;10;21;7;24;115;28;12;23;10
1056.0;10;19;9;25;112;30;12;23;10
1062.0;10;21;12;24;110;30;10;23;10
1068.0;13;19;10;23;108;31;10;25;11
1074.0;11;21;9;22;107;34;11;24;11
1080.0;14;20;9;24;106;33;10;23;11
1086.0;12;22;8;25;106;34;9;23;11
1092.0;12;22;10;23;105;32;9;25;12
1098.0;13;23;9;23;105;29;10;26;12
1104.0;14;24;8;24;105;28;9;26;12
1110.0;14;24;9;24;103;29;10;25;12
1116.0;15;23;9;26;101;28;9;28;11
1122.0;17;22;9;26;101;27;11;26;11
1128.0;15;23;9;24;101;28;11;25;14
1134.0;14;24;9;24;99;26;15;24;15
1140.0;14;24;8;24;100;27;15;22;16
1146.0;15;24;8;24;103;24;15;25;12
1152.0;15;26;8;23;104;24;13;26;11
1158.0;16;26;10;24;103;23;15;24;9
1164.0;16;25;11;23;104;23;14;25;9
1170.0;16;22;11;22;106;24;15;23;11
1176.0;17;23;11;22;105;24;14;23;11
1182.0;17;21;10;23;106;24;12;25;12
1188.0;15;24;10;22;106;24;10;27;12
1194.0;11;26;9;21;106;27;11;29;10
1200.0;12;28;10;22;102;29;11;24;12
1206.0;12;27;10;23;103;29;11;23;12
1212.0;12;29;8;24;103;29;10;23;12
1218.0;12;28;9;24;103;28;11;23;12
1224.0;15;28;9;23;104;26;11;22;12
1230.0;14;30;12;23;102;28;9;20;12
1236.0;17;28;12;22;103;29;9;18;12
1242.0;14;27;11;22;104;30;10;20;12
1248.0;16;27;11;22;107;28;10;19;10
1254.0;15;26;11;20;110;28;9;21;10
1260.0;16;23;11;21;110;29;9;21;10
1266.0;13;24;12;19;108;31;9;23;11
1272.0;12;25;9;19;105;32;10;25;13
1278.0;13;25;10;19;104;30;8;27;14
1284.0;12;24;8;20;104;31;8;28;15
1290.0;12;22;9;19;104;32;9;28;15
1296.0;14;22;10;17;105;31;9;28;14
1302.0;15;22;11;18;105;31;9;26;13
1308.0;18;22;12;16;106;30;10;26;10
1314.0;18;22;11;18;107;31;9;25;9
1320.0;18;23;9;18;107;30;8;26;11
1326.0;17;22;9;17;110;32;9;25;9
1332.0;18;21;10;16;111;33;7;25;9
1338.0;16;20;11;18;110;35;7;24;9
1344.0;15;19;9;19;109;35;10;26;8
1350.0;13;19;9;21;108;35;8;27;10
1356.0;12;17;10;20;110;33;9;29;10
1362.0;13;18;9;21;113;30;9;28;9
1368.0;11;17;11;22;114;28;11;27;9
1374.0;9;18;8;23;116;29;11;25;11
1380.0;12;19;8;24;114;26;12;24;11
1386.0;9;21;10;25;115;25;13;19;13
1392.0;9;20;11;26;115;25;13;19;12
1398.0;8;21;11;26;115;23;13;21;12
1404.0;10;20;10;26;115;25;12;21;11
1410.0;9;22;9;30;115;24;12;19;10
1416.0;10;21;9;31;113;24;12;20;10
1422.0;9;20;10;30;114;24;13;20;10
1428.0;9;20;10;29;114;24;14;22;8
1434.0;7;20;8;27;119;23;15;22;9
1440.0;6;20;8;27;120;22;14;23;10
1446.0;4;17;10;30;120;22;13;22;12
1452.0;6;18;9;32;120;22;12;21;10
1458.0;8;20;9;31;119;23;13;19;8
1464.0;7;19;11;30;122;20;13;19;9
1470.0;7;19;12;29;123;20;11;18;11
1476.0;6;21;12;29;123;20;11;17;11
1482.0;6;22;12;30;123;21;9;15;12
1488.0;7;19;11;30;121;23;12;15;12
1494.0;9;16;12;29;123;22;11;17;11
1500.0;8;16;12;29;123;21;13;16;12
1506.0;8;16;12;30;122;21;13;16;12
1512.0;9;16;12;25;122;25;15;16;10
1518.0;9;18;10;24;123;27;13;17;9
1524.0;9;19;10;21;125;28;12;16;10
1530.0;9;18;10;25;125;26;13;15;9
1536.0;10;18;12;23;126;26;13;13;9
1542.0;11;17;10;23;126;26;14;13;10
1548.0;11;17;10;25;124;24;16;13;10
1554.0;12;18;10;23;126;23;13;14;11
1560.0;12;18;13;21;125;22;14;14;11
1566.0;12;18;12;20;129;22;13;13;11
1572.0;10;16;12;20;129;23;15;13;12
1578.0;9;15;14;19;129;22;17;11;14
1584.0;12;17;13;17;130;21;15;11;14
1590.0;10;20;12;19;128;22;11;13;15
1596.0;11;19;11;19;128;20;13;16;13
1602.0;11;19;10;19;128;19;13;17;14
1608.0;11;18;9;19;130;20;11;18;14
1614.0;13;20;9;16;130;19;12;19;12
1620.0;14;20;9;15;130;18;13;19;12
1626.0;14;22;10;15;129;18;11;19;12
1632.0;13;23;10;15;130;18;11;18;12
1638.0;11;22;11;16;132;18;12;17;11
1644.0;10;22;9;16;134;19;12;18;10
1650.0;9;19;10;16;132;20;14;20;10
1656.0;9;18;9;15;133;18;15;21;12
1662.0;10;21;9;15;129;18;15;21;12
1668.0;8;22;9;14;129;21;12;22;13
1674.0;10;23;11;13;128;21;9;24;11
1680.0;12;24;6;13;129;21;9;24;12
1686.0;12;23;6;13;131;23;6;24;12
1692.0;8;23;8;12;131;24;8;24;12
1698.0;9;24;7;13;130;23;8;25;11
1704.0;10;21;9;14;130;23;9;25;9
1710.0;11;21;9;11;129;22;11;24;12
1716.0;10;23;8;10;129;22;10;25;13
1722.0;11;22;9;10;128;20;11;25;14
1728.0;11;22;8;12;129;21;11;24;12
1734.0;10;24;9;11;129;21;10;23;13
1740.0;9;24;10;11;128;21;11;23;13
1746.0;10;24;10;11;128;20;13;23;11
1752.0;9;26;11;12;127;19;14;22;10
1758.0;10;26;10;12;129;20;11;23;9
1764.0;11;25;10;14;129;20;10;21;10
1770.0;12;27;13;14;128;18;9;20;9
1776.0;10;26;14;12;130;19;9;20;10
1782.0;11;25;14;12;131;19;11;20;7
1788.0;12;25;14;14;128;20;11;19;7
1794.0;13;23;13;16;127;21;12;20;5
