#auto generated file!
12.0;15;23;13;17;32;16;19;20;15
18.0;15;22;11;16;31;16;17;26;16
24.0;15;21;12;14;32;17;16;26;17
30.0;14;23;14;15;31;15;16;24;18
36.0;13;21;15;16;30;15;17;24;19
42.0;15;20;14;16;31;13;15;25;21
48.0;16;19;11;18;37;14;13;25;17
54.0;16;21;11;20;37;14;13;24;14
60.0;16;21;12;20;37;13;13;22;16
66.0;15;22;11;22;38;13;9;24;16
72.0;12;24;12;22;39;14;7;25;15
78.0;12;22;12;23;42;12;7;26;14
84.0;10;21;12;23;44;13;8;27;12
90.0;9;22;11;22;44;14;7;28;13
96.0;11;23;8;18;46;15;8;29;12
102.0;10;23;7;18;46;17;9;28;12
108.0;9;23;9;20;49;17;6;26;11
114.0;9;25;9;20;49;16;6;24;12
120.0;8;24;10;18;49;16;7;25;13
126.0;9;23;10;18;51;16;7;24;12
132.0;11;21;10;17;52;16;5;25;13
138.0;11;19;12;16;56;15;6;22;13
144.0;9;20;15;16;57;14;5;23;11
150.0;7;19;14;19;57;16;4;24;10
156.0;8;19;13;19;57;15;3;27;9
162.0;7;18;10;21;58;18;4;27;7
168.0;8;18;12;20;60;16;4;26;6
174.0;7;18;14;17;62;17;3;25;7
180.0;7;19;14;18;63;16;2;24;7
186.0;6;17;14;18;63;17;5;23;7
192.0;5;19;14;18;64;18;5;20;7
198.0;3;19;16;18;62;19;6;20;7
204.0;3;18;16;17;63;19;9;19;6
210.0;4;16;15;16;63;19;11;20;6
216.0;4;17;15;16;62;20;10;20;6
222.0;5;17;14;17;62;21;8;19;7
228.0;4;17;12;17;64;20;6;22;8
234.0;6;16;13;17;64;19;6;24;5
240.0;7;15;14;17;65;19;5;23;5
246.0;5;18;15;16;65;18;5;22;6
252.0;6;21;14;19;61;15;8;22;4
258.0;7;22;11;19;60;16;9;23;3
264.0;7;22;11;20;61;16;9;20;4
270.0;7;23;12;17;61;15;9;20;6
276.0;7;22;13;18;61;14;9;20;6
282.0;6;21;12;17;60;17;10;24;3
288.0;5;22;11;18;62;16;9;23;4
294.0;5;21;12;17;62;18;10;21;4
300.0;8;21;12;18;63;15;11;18;4
306.0;9;22;10;17;63;16;11;16;6
312.0;8;21;9;18;65;14;12;16;7
318.0;6;20;9;19;66;14;11;16;9
324.0;6;20;10;21;68;13;10;15;7
330.0;7;18;9;22;68;12;12;15;7
336.0;8;18;11;22;68;12;11;14;6
342.0;7;16;12;23;70;10;10;15;7
348.0;9;17;10;23;70;10;10;15;6
354.0;9;17;10;22;71;9;10;16;6
360.0;8;17;8;22;72;9;10;17;7
366.0;7;17;8;22;72;10;10;18;6
372.0;9;18;7;20;72;10;10;18;6
378.0;11;15;8;20;72;12;9;17;6
384.0;13;15;9;18;72;11;8;19;5
390.0;12;15;11;17;72;12;7;19;5
396.0;11;14;11;17;72;13;7;19;6
402.0;11;14;10;18;74;13;6;18;6
408.0;11;14;10;18;75;13;7;17;5
414.0;12;13;9;15;76;13;7;18;7
420.0;11;13;10;14;75;14;7;19;7
426.0;11;13;10;14;72;16;10;20;4
432.0;11;12;10;16;71;16;10;19;5
438.0;12;11;11;18;73;14;7;19;5
444.0;9;11;11;18;74;16;7;18;6
450.0;10;12;10;19;73;15;7;18;6
456.0;11;15;9;18;69;14;9;18;7
462.0;10;16;9;18;70;15;5;20;7
468.0;11;14;9;20;72;13;4;20;7
474.0;10;15;8;20;72;13;5;19;8
480.0;10;16;8;20;72;14;4;18;8
486.0;9;15;8;20;73;15;4;18;8
492.0;10;13;10;18;74;16;4;18;7
498.0;10;11;9;19;73;17;4;20;7
504.0;9;11;11;20;73;16;5;19;6
510.0;7;14;6;21;72;20;5;19;6
516.0;10;13;5;20;73;19;5;18;7
522.0;11;14;4;21;72;19;6;17;6
528.0;11;13;4;23;73;18;7;16;5
534.0;12;12;3;22;75;19;6;17;4
540.0;12;13;1;22;76;20;5;18;3
546.0;12;13;4;18;76;19;5;19;4
552.0;12;14;4;18;75;19;6;19;3
558.0;11;14;5;19;76;19;5;17;4
564.0;11;15;4;18;75;18;7;18;4
570.0;11;15;4;17;73;18;8;18;6
576.0;10;18;2;18;72;19;8;17;6
582.0;10;19;3;18;72;18;8;16;6
588.0;9;19;2;19;72;19;9;16;5
594.0;10;20;0;19;72;20;9;15;5
600.0;9;19;2;19;72;21;10;15;3
606.0;9;21;3;18;71;20;9;14;5
612.0;7;21;4;18;72;20;7;14;7
618.0;7;22;5;17;71;19;9;14;6
624.0;9;19;2;18;69;21;9;16;7
630.0;11;18;3;18;70;22;8;16;4
636.0;11;18;3;17;72;23;8;14;4
642.0;11;19;4;18;72;20;8;14;4
648.0;10;19;5;19;70;21;7;15;4
654.0;11;18;6;19;71;21;6;15;3
660.0;10;17;7;19;72;20;6;14;5
666.0;10;18;8;18;72;20;5;14;5
672.0;7;20;8;17;71;20;7;13;7
678.0;9;20;7;17;71;20;6;13;7
684.0;11;21;5;18;71;18;7;12;7
690.0;13;20;4;19;70;18;6;13;7
696.0;13;20;4;19;69;17;6;13;9
702.0;15;18;7;17;72;17;4;12;8
708.0;16;16;7;18;74;13;2;13;11
714.0;16;16;6;15;74;15;2;14;12
720.0;14;16;7;18;74;15;2;12;12
726.0;13;15;7;19;74;15;4;10;13
732.0;11;12;6;20;74;15;6;11;15
738.0;11;14;8;17;73;15;5;13;14
744.0;11;14;9;17;73;15;5;13;13
750.0;9;13;10;18;73;14;7;13;13
756.0;9;12;13;18;73;14;7;11;13
762.0;9;13;13;17;74;14;8;10;12
768.0;10;15;14;16;75;14;7;10;9
774.0;10;15;14;17;74;15;8;10;7
780.0;10;15;13;20;72;14;7;11;8
786.0;9;16;10;20;73;15;6;12;9
792.0;9;15;12;21;72;14;5;15;7
798.0;7;16;10;22;72;16;5;15;7
804.0;6;15;11;23;70;18;5;15;7
810.0;7;14;12;23;69;18;3;17;7
816.0;6;14;13;22;69;18;3;18;7
822.0;5;14;11;23;70;18;3;19;7
828.0;5;15;11;22;68;16;5;21;7
834.0;5;15;11;22;65;16;4;23;9
840.0;5;14;10;19;66;17;4;23;12
846.0;5;14;11;19;64;19;4;22;12
852.0;5;13;11;18;67;19;4;21;12
858.0;5;13;11;16;69;19;4;20;13
864.0;6;13;12;14;68;17;5;20;15
870.0;5;14;12;14;67;18;7;21;12
876.0;5;13;11;14;66;20;7;21;13
882.0;6;13;11;12;65;21;8;22;12
888.0;5;15;12;11;65;22;7;20;13
894.0;7;16;12;13;62;22;7;19;12
900.0;6;16;12;13;63;23;9;17;11
906.0;7;17;12;12;64;22;10;17;9
912.0;9;18;14;12;64;19;9;17;8
918.0;7;18;15;14;62;18;11;17;8
924.0;6;15;14;15;66;17;12;17;8
930.0;7;14;14;16;66;18;11;16;8
936.0;7;14;14;14;66;17;12;17;9
942.0;7;14;15;14;65;17;13;17;8
948.0;8;13;14;13;67;14;13;18;10
954.0;8;13;12;13;68;15;16;16;9
960.0;7;14;13;11;67;14;16;17;11
966.0;9;14;11;12;69;14;14;16;11
972.0;8;14;10;13;71;15;12;16;11
978.0;10;12;10;14;73;14;11;16;10
984.0;9;13;12;13;73;13;11;15;11
990.0;10;15;14;13;74;11;11;14;8
996.0;11;12;15;14;75;13;10;13;7
1002.0;11;12;15;13;76;12;10;13;8
1008.0;12;14;14;12;78;11;9;12;8
1014.0;9;14;15;12;78;13;9;12;8
1020.0;10;17;13;12;78;13;8;13;6
1026.0;11;18;12;11;77;12;8;15;6
1032.0;11;18;13;12;76;12;9;14;5
1038.0;12;18;13;11;78;12;9;13;4
1044.0;13;16;13;11;78;12;10;13;4
1050.0;15;14;12;12;77;12;12;11;5
1056.0;14;14;12;15;76;13;9;12;5
1062.0;12;14;13;15;76;14;10;11;5
1068.0;13;14;12;13;75;15;12;11;5
1074.0;12;14;11;13;74;15;12;13;6
1080.0;11;17;9;14;75;16;13;10;5
1086.0;11;17;9;14;76;15;13;12;3
1092.0;11;17;9;15;76;14;13;12;3
1098.0;11;17;8;16;76;14;13;12;3
1104.0;11;18;9;14;78;14;12;11;3
1110.0;11;17;8;14;78;17;10;13;2
1116.0;9;16;8;13;79;18;10;15;2
1122.0;11;17;8;13;77;19;10;13;2
1128.0;12;17;7;14;77;20;8;12;3
1134.0;11;17;8;14;76;20;6;15;3
1140.0;10;15;8;14;77;20;7;15;4
1146.0;12;15;8;14;78;20;7;13;3
1152.0;13;14;8;13;78;20;8;14;2
1158.0;13;12;9;12;78;20;7;15;4
1164.0;12;12;9;11;78;21;7;15;5
1170.0;12;13;9;11;77;20;8;15;5
1176.0;11;13;7;10;79;19;9;15;7
1182.0;9;11;9;12;79;18;8;17;7
1188.0;11;12;7;11;79;18;7;17;8
1194.0;12;13;6;11;81;16;8;16;7
1200.0;10;14;7;11;79;16;8;17;8
1206.0;8;15;8;12;78;16;7;17;9
1212.0;9;16;6;12;79;16;6;17;9
1218.0;7;16;7;12;80;16;7;17;8
1224.0;4;16;8;13;80;16;7;17;9
1230.0;4;17;7;13;81;17;6;17;8
1236.0;4;18;5;15;81;19;4;17;7
1242.0;5;16;6;16;80;17;6;17;7
1248.0;5;18;6;18;80;16;6;15;6
1254.0;5;19;5;16;80;15;5;17;8
1260.0;7;20;6;15;79;16;4;16;7
1266.0;7;20;7;13;77;17;6;16;7
1272.0;7;20;7;13;77;17;5;16;8
1278.0;6;22;5;12;78;17;5;17;8
1284.0;7;21;8;13;77;17;6;14;7
1290.0;8;20;8;14;76;18;7;15;4
1296.0;11;19;8;12;76;17;9;15;3
1302.0;10;18;8;13;75;17;9;15;5
1308.0;11;17;6;12;74;18;11;16;5
1314.0;11;18;7;10;78;17;10;14;5
1320.0;12;16;6;10;79;18;9;15;5
1326.0;9;16;7;11;81;18;7;15;6
1332.0;8;16;6;11;80;17;9;16;7
1338.0;9;16;6;11;80;19;9;15;5
1344.0;10;15;6;12;78;19;8;16;6
1350.0;11;15;4;13;77;21;6;17;6
1356.0;10;14;4;11;79;21;7;18;6
1362.0;12;14;6;11;78;20;7;17;5
1368.0;10;16;5;11;79;19;7;18;5
1374.0;11;14;5;10;79;20;7;17;7
1380.0;12;14;5;10;80;20;7;15;7
1386.0;12;13;7;9;80;20;7;15;7
1392.0;13;14;5;9;82;19;7;14;7
1398.0;12;14;6;9;82;18;7;14;8
1404.0;12;14;5;10;82;18;6;14;9
1410.0;11;13;6;11;81;18;9;13;8
1416.0;8;14;5;12;82;17;8;14;10
1422.0;9;13;4;12;80;18;8;16;10
1428.0;10;14;4;12;78;17;9;16;10
1434.0;8;15;6;12;78;18;11;13;9
1440.0;8;14;6;12;77;20;11;12;10
1446.0;7;16;6;12;76;19;11;13;10
1452.0;10;15;7;13;75;18;8;14;10
1458.0;10;14;5;13;77;20;9;13;9
1464.0;12;16;3;15;77;20;8;12;7
1470.0;10;16;3;15;78;20;6;14;8
1476.0;10;16;2;15;76;20;5;14;12
1482.0;7;16;3;13;77;22;6;16;10
1488.0;10;14;4;14;77;21;5;17;8
1494.0;8;14;5;13;78;22;6;16;8
1500.0;8;14;5;13;78;21;7;17;7
1506.0;8;16;7;15;76;18;7;17;6
1512.0;8;17;7;14;76;18;7;18;5
1518.0;7;18;8;14;77;18;6;18;4
1524.0;6;16;7;17;76;19;7;17;5
1530.0;6;16;7;18;74;18;9;19;3
1536.0;4;15;8;20;74;19;9;18;3
1542.0;4;16;8;20;74;18;8;19;3
1548.0;6;15;7;21;73;19;8;18;3
1554.0;8;16;6;20;72;18;9;18;3
1560.0;8;17;6;20;72;17;8;18;4
1566.0;8;17;7;21;71;16;6;20;4
1572.0;9;15;8;20;72;16;7;18;5
1578.0;10;16;8;18;74;16;6;18;4
1584.0;8;15;9;17;77;16;7;17;4
1590.0;8;16;8;14;78;17;7;18;4
1596.0;9;15;7;16;77;17;7;18;4
1602.0;8;15;7;18;75;18;6;18;5
1608.0;8;13;10;19;77;16;6;15;6
1614.0;6;14;11;18;78;16;6;15;6
1620.0;7;15;8;17;79;15;7;15;7
1626.0;8;14;7;15;80;19;7;15;5
1632.0;9;14;6;16;78;18;9;15;5
1638.0;8;13;6;17;81;19;8;13;5
1644.0;7;14;5;16;82;19;8;14;5
1650.0;5;16;6;14;83;20;7;14;5
1656.0;4;16;7;14;84;18;8;13;6
1662.0;5;16;8;15;83;16;10;12;5
1668.0;6;16;8;14;84;15;9;13;5
1674.0;6;18;7;12;85;15;10;13;4
1680.0;8;17;7;12;84;16;9;14;3
1686.0;6;17;7;15;84;15;9;14;3
1692.0;6;16;8;16;84;15;8;15;2
1698.0;6;16;8;17;85;15;7;14;2
1704.0;4;16;9;19;87;13;7;13;2
1710.0;6;16;9;18;87;13;5;13;3
1716.0;6;15;7;18;87;11;7;14;5
1722.0;8;16;7;17;88;11;5;15;3
1728.0;6;17;8;18;92;11;3;14;1
1734.0;8;16;7;16;92;11;3;16;1
1740.0;8;16;8;17;91;11;1;16;2
1746.0;5;16;8;17;91;13;2;16;2
1752.0;5;15;6;18;91;14;2;15;4
1758.0;6;15;7;17;91;13;2;15;4
1764.0;5;14;8;17;91;12;4;15;4
1770.0;4;15;9;16;90;12;4;15;5
1776.0;2;14;9;15;91;15;4;15;5
1782.0;1;14;9;15;91;15;5;15;5
1788.0;1;14;10;18;91;14;5;12;5
1794.0;2;14;9;18;88;14;6;13;6
