#auto generated file!
12.0;36;40;41;24;37;44;35;42;31
18.0;35;43;38;25;40;46;34;42;27
24.0;35;48;31;25;42;48;34;43;24
30.0;36;48;30;26;45;45;32;43;25
36.0;37;48;29;28;44;46;32;42;24
42.0;36;46;30;27;48;48;30;42;23
48.0;32;44;28;29;51;46;31;44;25
54.0;30;45;29;30;52;44;28;46;26
60.0;30;45;26;27;52;47;28;47;28
66.0;27;46;26;32;54;46;29;42;28
72.0;21;46;29;35;57;47;28;42;25
78.0;26;45;32;34;59;48;26;42;18
84.0;25;40;32;35;61;51;26;44;16
90.0;25;40;31;39;61;50;26;43;15
96.0;21;40;30;38;67;55;22;43;14
102.0;22;37;24;39;68;61;21;43;15
108.0;21;39;24;37;67;58;25;44;15
114.0;23;37;22;36;67;56;26;46;17
120.0;24;36;26;36;69;53;23;46;17
126.0;23;34;28;36;71;53;20;46;19
132.0;23;36;29;38;74;49;17;47;17
138.0;25;37;29;38;76;47;17;45;16
144.0;24;37;30;37;76;49;16;46;15
150.0;26;36;32;37;77;46;17;44;15
156.0;24;35;28;37;76;49;14;48;19
162.0;22;38;25;36;76;46;16;50;21
168.0;21;39;24;36;76;45;19;49;21
174.0;21;41;26;41;77;43;16;48;17
180.0;21;41;24;41;80;41;15;50;17
186.0;21;42;21;40;82;43;14;53;14
192.0;22;39;14;38;87;46;14;53;17
198.0;25;39;13;37;89;46;13;54;14
204.0;26;38;15;37;91;46;13;54;10
210.0;26;37;14;37;91;46;15;53;11
216.0;24;38;15;37;90;46;15;53;12
222.0;25;41;13;34;93;44;17;52;11
228.0;22;42;14;35;93;43;16;54;11
234.0;23;44;15;36;92;41;15;52;12
240.0;19;43;15;42;92;38;11;55;15
246.0;15;43;14;38;92;41;12;58;17
252.0;15;43;13;41;92;37;12;58;19
258.0;16;45;14;40;92;34;13;55;21
264.0;16;45;16;40;93;33;14;53;20
270.0;16;43;15;38;100;34;17;48;19
276.0;19;43;19;37;99;33;15;48;17
282.0;15;45;19;36;102;34;15;47;17
288.0;14;48;19;36;102;34;12;47;18
294.0;16;47;17;37;104;33;12;47;17
300.0;15;47;16;38;105;34;12;46;17
306.0;20;47;16;38;106;33;10;43;17
312.0;23;44;19;36;107;34;8;43;16
318.0;19;43;21;38;106;35;8;43;17
324.0;18;40;20;35;107;38;9;46;17
330.0;19;40;20;35;106;38;7;46;19
336.0;17;39;18;35;108;37;8;50;18
342.0;19;40;20;32;110;37;8;47;17
348.0;20;40;16;34;111;36;9;46;18
354.0;19;43;16;33;112;36;10;46;15
360.0;20;48;18;31;114;35;10;41;13
366.0;20;46;17;32;116;37;8;40;14
372.0;18;47;17;29;116;38;8;44;13
378.0;18;44;16;31;119;37;9;42;14
384.0;16;38;19;33;121;37;9;42;15
390.0;19;38;18;33;120;39;9;39;15
396.0;19;42;15;35;119;38;8;38;16
402.0;17;41;14;34;119;40;9;37;19
408.0;18;42;17;32;117;39;10;40;15
414.0;18;43;19;32;117;38;10;38;15
420.0;18;42;19;32;118;39;11;36;15
426.0;19;43;17;36;117;37;10;32;19
432.0;17;41;16;36;116;40;15;30;19
438.0;15;41;17;39;116;40;15;30;17
444.0;13;42;18;37;115;42;19;28;16
450.0;14;41;17;36;118;42;17;30;15
456.0;16;40;16;37;112;40;18;34;17
462.0;15;40;17;37;112;40;16;34;19
468.0;15;38;17;36;114;41;16;35;18
474.0;16;40;15;37;115;42;15;36;14
480.0;17;44;15;38;116;39;14;33;14
486.0;17;44;15;36;118;37;13;34;16
492.0;18;45;11;34;127;35;13;34;13
498.0;18;45;11;35;127;36;12;34;12
504.0;20;41;12;34;127;36;14;34;12
510.0;19;43;12;33;127;34;14;34;14
516.0;19;42;15;36;125;36;14;29;14
522.0;20;39;16;36;127;40;11;28;13
528.0;19;37;16;37;128;41;12;27;13
534.0;20;37;14;39;130;41;10;26;13
540.0;18;36;14;36;129;43;14;25;15
546.0;17;35;14;37;130;41;14;26;16
552.0;16;36;17;35;132;40;13;25;16
558.0;17;37;14;35;132;42;12;23;18
564.0;15;35;15;34;135;43;12;24;17
570.0;16;37;13;34;134;42;9;29;16
576.0;16;39;12;34;132;42;10;28;17
582.0;16;37;14;32;135;41;10;27;18
588.0;20;38;12;32;132;43;9;26;18
594.0;20;37;12;31;132;40;10;28;20
600.0;19;35;13;29;134;37;13;32;18
606.0;17;35;17;31;136;32;15;31;16
612.0;16;35;16;31;137;32;16;31;16
618.0;17;34;13;35;140;31;14;32;14
624.0;14;34;14;35;141;32;16;29;15
630.0;15;36;15;35;140;32;15;27;15
636.0;14;39;15;34;140;32;14;27;15
642.0;16;41;14;32;140;32;13;26;16
648.0;18;42;13;34;141;31;12;22;17
654.0;16;42;12;34;143;32;13;22;16
660.0;17;43;14;32;143;30;12;22;17
666.0;17;45;14;29;142;32;11;22;18
672.0;16;45;13;30;142;32;13;24;15
678.0;16;43;16;29;143;31;13;23;16
684.0;19;42;15;30;139;32;11;21;21
690.0;19;42;13;28;140;32;13;21;22
696.0;14;45;16;27;139;37;12;22;18
702.0;14;45;13;27;143;37;12;22;17
708.0;12;41;15;27;145;38;13;23;16
714.0;13;42;13;29;146;35;13;26;13
720.0;12;41;13;27;149;34;13;29;12
726.0;12;43;12;26;149;31;11;30;16
732.0;11;45;12;24;146;31;12;31;18
738.0;14;44;12;25;149;31;10;29;16
744.0;15;42;11;26;148;34;10;29;15
750.0;17;42;10;26;149;33;9;29;15
756.0;19;40;10;23;146;35;11;33;13
762.0;19;40;9;21;145;39;12;32;13
768.0;20;41;11;20;148;36;12;27;15
774.0;23;40;13;17;151;36;12;23;15
780.0;22;37;17;18;148;36;13;22;17
786.0;22;35;16;17;149;38;13;23;17
792.0;22;32;17;18;149;38;12;23;19
798.0;20;32;19;19;150;38;12;24;16
804.0;18;31;20;22;150;38;13;22;16
810.0;19;32;19;22;150;39;13;21;15
816.0;14;35;19;24;150;39;14;21;14
822.0;15;36;20;25;150;37;12;22;13
828.0;18;36;19;20;151;39;11;24;12
834.0;20;35;16;20;152;38;11;26;12
840.0;20;35;15;19;153;35;11;29;13
846.0;22;35;14;20;153;34;11;27;14
852.0;23;39;15;19;152;32;11;25;14
858.0;21;39;16;18;151;34;10;27;14
864.0;21;41;14;20;147;33;10;26;18
870.0;18;42;15;20;146;33;11;26;19
876.0;18;40;16;22;148;35;11;22;18
882.0;18;40;15;23;148;33;12;22;19
888.0;19;39;14;21;147;37;13;22;18
894.0;17;37;14;19;147;35;14;26;21
900.0;17;40;13;20;146;34;12;29;19
906.0;16;42;13;21;146;33;13;30;16
912.0;15;37;12;23;146;35;14;28;20
918.0;15;34;10;24;148;36;14;30;19
924.0;13;34;16;24;150;37;15;27;14
930.0;14;32;16;23;151;36;14;29;15
936.0;13;32;17;24;151;34;15;28;16
942.0;12;30;15;26;151;37;15;27;17
948.0;13;29;13;28;152;37;16;26;16
954.0;14;28;14;27;151;38;15;27;16
960.0;17;28;15;25;152;39;13;27;14
966.0;19;29;16;24;151;38;11;28;14
972.0;18;30;16;22;152;38;12;27;15
978.0;22;27;16;23;153;35;12;29;13
984.0;19;28;13;25;154;35;14;30;12
990.0;19;28;12;24;155;35;15;30;12
996.0;17;28;14;26;150;37;16;30;12
1002.0;18;27;16;25;149;35;15;31;14
1008.0;18;25;18;24;149;34;17;33;12
1014.0;18;29;17;23;145;35;14;35;14
1020.0;16;29;16;25;146;36;15;34;13
1026.0;14;29;15;27;148;36;15;34;12
1032.0;13;28;17;27;146;34;18;34;13
1038.0;14;29;17;26;147;32;17;32;16
1044.0;15;30;19;23;147;31;16;33;16
1050.0;18;27;19;24;146;31;17;33;15
1056.0;15;30;19;23;147;31;17;33;15
1062.0;16;29;20;19;150;30;18;34;14
1068.0;16;30;19;21;150;28;17;35;14
1074.0;14;30;17;26;151;27;15;36;14
1080.0;15;34;14;25;150;30;12;36;14
1086.0;14;33;15;25;150;29;13;35;16
1092.0;15;33;15;24;149;30;13;35;16
1098.0;11;34;15;27;150;28;11;37;17
1104.0;10;32;16;30;151;24;12;38;17
1110.0;12;30;16;30;152;22;14;37;17
1116.0;12;31;20;31;152;22;13;36;13
1122.0;10;31;18;34;152;21;14;33;17
1128.0;10;30;20;37;153;19;14;30;17
1134.0;12;33;21;38;150;18;12;31;15
1140.0;11;31;17;39;150;20;11;33;18
1146.0;12;30;17;38;152;21;10;34;16
1152.0;11;30;17;40;150;21;11;32;18
1158.0;10;30;16;39;150;20;11;32;22
1164.0;10;29;15;39;149;21;12;31;24
1170.0;9;28;16;38;147;22;14;33;23
1176.0;9;29;16;39;148;25;11;30;23
1182.0;10;30;16;41;147;23;10;30;23
1188.0;8;30;16;42;151;22;9;31;21
1194.0;8;31;15;41;150;24;12;29;20
1200.0;10;30;16;40;151;24;12;28;19
1206.0;9;28;16;44;151;24;13;26;19
1212.0;9;28;18;42;150;24;14;28;17
1218.0;10;29;18;42;149;25;16;27;14
1224.0;12;26;19;43;150;26;14;28;12
1230.0;13;28;19;41;150;24;14;30;11
1236.0;13;27;20;41;148;27;12;30;12
1242.0;12;27;18;42;148;26;11;32;14
1248.0;11;29;20;41;149;26;10;32;12
1254.0;12;29;22;37;149;25;8;34;14
1260.0;12;30;20;36;150;26;7;35;14
1266.0;12;32;20;34;152;24;8;33;15
1272.0;12;31;19;34;153;27;7;33;14
1278.0;12;31;18;31;154;26;8;32;18
1284.0;12;29;19;34;155;20;11;32;18
1290.0;12;31;17;35;152;19;15;31;18
1296.0;13;30;13;32;155;19;16;32;20
1302.0;15;32;14;34;154;19;14;32;16
1308.0;15;32;14;35;153;18;13;35;15
1314.0;12;34;12;37;153;23;9;35;15
1320.0;13;34;12;35;154;25;12;33;12
1326.0;16;33;14;31;155;25;11;32;13
1332.0;17;32;14;32;155;26;10;31;13
1338.0;16;33;14;34;154;26;10;30;13
1344.0;19;33;13;33;154;26;10;28;14
1350.0;17;33;12;33;155;27;10;29;14
1356.0;21;34;15;33;150;26;9;29;13
1362.0;20;35;13;29;151;25;9;32;16
1368.0;18;37;13;32;150;22;11;32;15
1374.0;17;37;14;31;152;23;13;28;15
1380.0;18;35;13;31;151;24;13;31;14
1386.0;17;32;17;32;155;24;14;27;12
1392.0;18;32;18;33;153;24;15;26;11
1398.0;17;31;20;35;154;23;15;26;9
1404.0;16;29;21;34;157;24;15;25;9
1410.0;17;29;21;34;156;25;15;24;9
1416.0;18;27;24;33;156;23;15;25;9
1422.0;16;28;22;32;154;25;16;28;9
1428.0;15;30;24;29;154;25;15;29;9
1434.0;16;26;25;25;154;27;18;30;9
1440.0;15;27;26;26;154;27;19;27;9
1446.0;15;28;20;28;157;26;21;25;10
1452.0;15;30;19;28;157;24;20;26;11
1458.0;15;30;20;29;155;25;17;27;12
1464.0;15;29;18;30;155;26;15;24;18
1470.0;17;30;20;29;156;25;14;24;15
1476.0;19;33;23;27;154;23;16;21;14
1482.0;19;33;20;28;155;24;15;22;14
1488.0;20;34;20;28;152;26;17;22;11
1494.0;20;32;20;28;154;25;16;24;11
1500.0;20;29;20;28;152;25;19;24;13
1506.0;18;29;20;30;155;25;15;25;13
1512.0;19;31;20;30;155;24;14;25;12
1518.0;17;32;20;30;155;25;16;24;11
1524.0;20;30;21;30;156;26;15;23;9
1530.0;23;29;18;30;155;29;13;24;9
1536.0;20;27;19;32;155;30;14;24;9
1542.0;21;26;19;34;152;32;13;22;11
1548.0;18;27;18;30;155;33;15;22;12
1554.0;16;25;20;30;155;32;15;24;13
1560.0;17;23;20;29;158;32;13;23;15
1566.0;17;21;17;29;156;35;14;26;15
1572.0;17;18;17;31;158;36;12;27;14
1578.0;15;17;17;30;159;36;13;29;14
1584.0;15;19;16;30;157;33;16;29;15
1590.0;16;21;16;30;155;32;16;29;15
1596.0;16;20;15;31;154;35;18;28;13
1602.0;15;19;17;30;154;33;17;31;14
1608.0;18;18;17;30;152;34;15;32;14
1614.0;21;16;21;29;148;33;17;32;13
1620.0;24;16;20;28;148;33;16;32;13
1626.0;25;17;20;29;147;34;15;32;11
1632.0;24;18;19;30;146;34;16;31;12
1638.0;22;22;20;28;144;35;17;30;12
1644.0;22;24;18;27;144;35;17;30;13
1650.0;19;27;17;32;143;33;16;30;13
1656.0;17;28;18;32;143;34;13;31;14
1662.0;17;28;19;32;143;36;11;31;13
1668.0;15;26;20;33;142;38;11;31;14
1674.0;14;26;20;32;143;37;12;32;14
1680.0;13;26;19;32;146;36;14;31;13
1686.0;11;27;20;32;147;37;13;30;13
1692.0;12;26;20;33;149;35;11;30;14
1698.0;8;28;21;34;149;35;11;31;13
1704.0;7;28;18;34;148;36;10;33;16
1710.0;7;28;19;33;148;36;11;33;15
1716.0;8;26;18;32;148;37;9;37;15
1722.0;7;25;18;32;150;37;10;36;15
1728.0;7;25;15;32;153;36;11;36;15
1734.0;9;27;14;32;153;35;11;35;14
1740.0;10;27;14;32;156;34;11;32;14
1746.0;11;28;15;30;157;31;13;31;14
1752.0;12;29;14;31;156;32;13;31;12
1758.0;13;30;13;32;153;35;11;31;12
1764.0;15;31;12;28;152;40;13;30;9
1770.0;16;32;9;29;155;37;12;30;10
1776.0;16;34;13;27;154;34;12;29;11
1782.0;13;32;12;27;156;36;12;31;11
1788.0;11;32;12;29;155;37;11;32;11
1794.0;11;32;10;32;157;36;10;31;11
