#auto generated file!
12.0;24;39;31;51;44;39;38;37;37
18.0;23;38;29;52;44;38;39;39;38
24.0;23;40;29;53;48;35;36;40;36
30.0;25;41;30;51;49;37;34;39;34
36.0;26;42;27;50;49;37;34;39;36
42.0;25;43;26;51;49;37;32;40;37
48.0;26;46;23;48;52;39;33;37;36
54.0;24;45;23;44;57;42;34;38;33
60.0;24;47;24;44;58;39;33;40;31
66.0;23;44;26;45;58;39;34;43;28
72.0;21;41;23;45;61;42;35;43;29
78.0;21;44;22;42;61;41;34;46;29
84.0;18;45;23;42;63;43;33;45;28
90.0;21;42;24;44;65;40;32;45;27
96.0;17;46;22;40;69;42;28;46;30
102.0;20;44;23;41;69;42;30;44;27
108.0;21;42;23;39;72;42;26;48;27
114.0;23;44;21;38;74;45;25;44;26
120.0;24;41;23;37;76;44;26;46;23
126.0;25;37;25;38;77;46;20;47;25
132.0;21;37;28;34;78;49;23;47;23
138.0;18;33;27;35;81;51;23;48;24
144.0;20;31;26;37;79;52;18;50;27
150.0;23;31;26;35;78;52;19;47;29
156.0;23;32;25;34;79;48;21;48;30
162.0;24;30;24;32;82;50;20;48;30
168.0;23;27;24;33;83;51;19;49;31
174.0;24;27;26;35;85;51;18;46;28
180.0;24;26;26;34;88;51;20;45;26
186.0;21;25;25;35;92;51;20;45;26
192.0;21;27;25;35;93;48;21;46;24
198.0;18;30;23;34;91;48;25;47;24
204.0;17;32;24;34;94;50;22;42;25
210.0;20;33;27;33;92;52;21;41;21
216.0;20;32;27;30;94;48;22;43;24
222.0;17;34;25;28;96;49;23;42;26
228.0;18;30;24;27;97;48;26;42;28
234.0;17;31;24;29;99;43;25;45;27
240.0;17;30;24;29;102;43;24;43;28
246.0;20;29;24;30;101;47;23;40;26
252.0;22;29;23;32;102;46;24;37;25
258.0;22;31;20;32;105;47;23;36;24
264.0;17;34;22;31;105;47;22;38;24
270.0;20;31;20;30;107;48;23;39;22
276.0;20;33;24;27;108;49;21;40;18
282.0;21;33;25;30;109;48;20;39;15
288.0;23;35;24;29;108;50;22;35;14
294.0;22;34;23;29;110;49;23;35;15
300.0;23;35;22;32;113;45;21;36;13
306.0;16;33;23;33;114;49;22;36;14
312.0;18;31;24;33;116;45;21;35;17
318.0;19;28;23;34;117;45;17;39;18
324.0;17;28;22;35;118;43;18;40;19
330.0;14;29;23;36;118;42;19;38;21
336.0;14;29;21;38;120;40;19;37;22
342.0;11;33;24;38;120;40;17;36;21
348.0;11;33;22;38;122;39;17;36;22
354.0;11;33;22;40;123;40;16;34;21
360.0;12;32;23;39;123;39;16;33;23
366.0;11;34;21;39;126;38;15;35;21
372.0;12;33;24;36;128;40;13;34;20
378.0;11;32;19;36;132;41;15;34;20
384.0;13;30;19;37;132;41;13;37;18
390.0;14;33;20;35;131;40;12;37;18
396.0;19;33;22;35;130;40;13;32;16
402.0;17;32;20;40;127;43;11;34;16
408.0;17;32;19;37;130;43;10;35;17
414.0;18;33;17;39;130;43;9;32;19
420.0;17;31;15;39;131;42;10;34;21
426.0;15;31;18;38;131;41;13;31;22
432.0;14;33;19;36;131;39;15;31;22
438.0;14;35;17;34;133;39;15;26;27
444.0;12;35;15;35;132;38;16;29;28
450.0;11;39;13;39;129;37;14;29;29
456.0;11;40;13;40;129;37;15;27;28
462.0;11;41;16;39;130;36;15;28;24
468.0;11;42;15;38;131;35;17;29;22
474.0;10;38;15;36;134;37;20;28;22
480.0;11;40;14;39;132;34;19;30;21
486.0;11;38;12;39;134;33;19;33;21
492.0;10;38;13;37;134;35;18;34;21
498.0;11;39;14;36;133;36;17;34;20
504.0;12;36;13;37;136;35;18;34;19
510.0;14;34;11;40;137;35;15;34;20
516.0;14;33;14;40;140;33;15;31;20
522.0;14;33;17;38;138;32;16;30;22
528.0;13;34;19;35;137;32;16;29;25
534.0;13;32;17;38;139;29;17;30;25
540.0;15;31;15;38;138;30;19;31;23
546.0;15;32;15;37;139;29;19;30;24
552.0;10;34;14;37;141;29;19;31;25
558.0;12;32;16;35;141;30;17;31;26
564.0;12;30;15;37;141;30;17;31;27
570.0;13;29;15;37;142;29;18;30;27
576.0;15;28;15;37;140;29;17;33;26
582.0;10;29;14;37;140;31;19;35;25
588.0;8;30;11;35;144;32;19;37;24
594.0;12;32;12;34;141;36;13;35;25
600.0;11;29;13;34;142;37;15;34;25
606.0;13;28;15;35;142;37;14;33;23
612.0;13;29;16;33;143;36;15;33;22
618.0;13;31;14;31;144;35;19;34;19
624.0;13;29;15;30;146;35;17;36;19
630.0;14;29;15;28;148;36;16;36;18
636.0;15;30;13;28;149;37;16;36;16
642.0;16;32;15;28;148;37;17;33;14
648.0;16;34;15;27;147;35;17;33;16
654.0;16;33;15;28;147;39;15;34;13
660.0;15;31;16;30;146;40;15;31;16
666.0;13;34;16;29;145;40;17;31;15
672.0;13;35;17;27;147;38;18;31;14
678.0;10;35;18;26;150;40;17;32;12
684.0;12;34;18;26;151;38;16;32;13
690.0;12;34;18;24;152;39;15;32;14
696.0;12;31;17;26;152;40;14;34;14
702.0;12;32;12;25;153;43;13;35;15
708.0;13;31;13;24;155;40;14;36;14
714.0;12;33;13;25;154;41;13;35;14
720.0;10;35;13;24;154;42;11;36;15
726.0;12;37;12;24;153;40;10;36;16
732.0;13;38;11;26;151;40;12;34;15
738.0;17;36;13;27;149;39;10;34;15
744.0;18;34;15;28;149;39;10;32;15
750.0;19;30;14;28;151;39;12;32;15
756.0;20;31;14;28;149;41;10;34;13
762.0;22;31;14;28;147;39;10;37;12
768.0;22;30;12;30;147;39;11;37;12
774.0;19;30;12;32;145;39;11;37;15
780.0;22;31;14;32;144;36;12;34;15
786.0;23;28;16;30;145;36;14;33;15
792.0;23;27;15;32;145;33;15;35;15
798.0;24;27;16;32;145;31;17;29;19
804.0;23;28;17;32;144;32;18;28;18
810.0;24;28;17;31;146;32;16;29;17
816.0;23;28;18;28;144;30;22;32;15
822.0;20;29;20;28;144;28;23;34;14
828.0;22;32;19;27;144;29;20;35;12
834.0;22;31;17;27;144;28;20;37;14
840.0;23;33;16;27;141;27;22;37;14
846.0;20;33;15;33;143;23;21;37;15
852.0;19;36;15;32;141;23;20;41;13
858.0;19;36;13;32;143;25;21;36;15
864.0;18;37;11;31;145;25;24;35;14
870.0;15;35;12;33;145;29;20;33;18
876.0;13;34;12;33;145;31;19;35;18
882.0;13;33;10;33;145;31;18;35;22
888.0;15;35;12;30;143;31;17;35;22
894.0;15;30;12;31;146;33;16;34;23
900.0;15;31;14;34;145;31;17;35;18
906.0;13;32;13;33;147;32;17;37;16
912.0;13;31;14;33;149;32;16;36;16
918.0;13;30;11;35;149;32;17;38;15
924.0;13;28;10;38;148;33;18;36;16
930.0;10;27;14;40;149;30;16;35;19
936.0;10;27;13;39;148;32;16;37;18
942.0;11;25;12;40;147;32;15;35;23
948.0;11;28;12;40;146;31;17;33;22
954.0;10;32;11;37;145;34;17;34;20
960.0;12;32;11;37;147;31;14;37;19
966.0;13;35;10;36;147;30;12;39;18
972.0;15;35;11;34;148;29;13;37;18
978.0;13;34;13;33;148;31;15;36;17
984.0;15;33;13;35;148;30;14;36;16
990.0;17;33;15;35;145;32;12;34;17
996.0;18;32;16;35;142;30;12;35;20
1002.0;18;31;17;34;143;30;12;36;19
1008.0;19;30;16;34;143;29;12;37;20
1014.0;20;30;16;33;143;30;9;39;20
1020.0;23;30;18;34;144;28;7;37;19
1026.0;22;30;16;35;145;27;7;38;20
1032.0;21;28;17;35;145;29;7;38;20
1038.0;21;30;18;36;144;28;7;35;21
1044.0;19;31;18;37;145;28;7;36;19
1050.0;20;29;18;35;148;28;8;35;19
1056.0;16;31;18;35;147;29;10;35;19
1062.0;17;31;18;34;147;31;11;35;16
1068.0;16;30;18;36;147;32;10;35;16
1074.0;16;29;14;35;146;31;12;37;20
1080.0;17;30;15;35;146;30;11;37;19
1086.0;14;31;14;36;144;30;13;37;21
1092.0;16;30;16;37;139;31;13;39;19
1098.0;18;30;14;37;139;28;15;39;20
1104.0;20;27;13;34;140;28;21;38;19
1110.0;21;29;12;31;141;25;21;42;18
1116.0;22;30;14;31;141;26;18;40;18
1122.0;19;30;16;30;145;24;18;39;19
1128.0;14;30;19;32;147;24;17;38;19
1134.0;17;29;19;32;147;23;15;39;19
1140.0;15;27;21;30;147;26;15;39;20
1146.0;15;29;23;30;145;22;16;40;20
1152.0;14;26;23;30;146;23;17;41;20
1158.0;16;26;18;29;149;26;16;40;20
1164.0;18;22;17;30;149;26;14;43;21
1170.0;18;21;19;28;149;26;15;45;19
1176.0;22;21;21;28;147;25;16;44;16
1182.0;19;22;23;28;148;25;15;44;16
1188.0;19;21;24;29;149;23;17;43;15
1194.0;19;20;23;30;151;23;17;41;16
1200.0;15;18;24;35;151;25;16;41;15
1206.0;13;20;21;35;151;27;16;41;16
1212.0;12;18;20;37;151;32;15;39;16
1218.0;10;20;21;36;152;31;15;39;16
1224.0;10;22;18;36;156;31;15;38;14
1230.0;9;23;18;35;158;32;14;35;16
1236.0;11;23;17;36;157;30;12;38;16
1242.0;10;22;16;34;156;32;13;41;16
1248.0;15;26;15;34;158;28;10;38;16
1254.0;16;25;14;33;159;27;11;38;17
1260.0;15;26;20;34;158;23;11;36;17
1266.0;17;27;19;35;156;22;10;36;18
1272.0;16;26;20;37;156;21;11;37;16
1278.0;17;27;18;36;157;23;9;37;16
1284.0;16;27;17;34;158;22;10;35;21
1290.0;16;27;16;37;158;21;11;36;18
1296.0;17;24;18;34;159;22;14;36;16
1302.0;18;25;16;32;159;22;15;37;16
1308.0;16;25;17;32;160;24;14;36;16
1314.0;17;26;15;33;158;24;14;36;17
1320.0;18;23;18;32;160;23;13;36;17
1326.0;16;26;14;33;159;26;13;37;16
1332.0;17;25;13;35;158;25;15;39;13
1338.0;16;26;18;33;158;24;13;39;13
1344.0;18;24;18;35;158;24;12;38;13
1350.0;17;27;17;32;159;26;11;40;11
1356.0;14;33;15;33;160;26;10;39;10
1362.0;13;34;13;34;162;27;9;40;8
1368.0;12;33;15;33;161;26;10;41;9
1374.0;14;32;16;34;161;25;10;40;8
1380.0;13;32;14;32;162;28;13;39;7
1386.0;13;31;13;32;164;28;13;40;6
1392.0;11;30;13;34;159;29;16;42;6
1398.0;14;31;14;32;158;26;20;40;5
1404.0;15;32;15;31;161;25;15;40;6
1410.0;15;31;16;30;161;26;16;38;7
1416.0;15;31;16;29;159;25;20;37;8
1422.0;12;34;15;30;159;26;18;37;9
1428.0;13;35;16;30;156;28;20;33;9
1434.0;12;34;18;28;156;28;18;35;11
1440.0;12;35;15;32;155;29;16;35;11
1446.0;11;36;15;30;159;28;15;35;11
1452.0;9;35;14;29;158;28;16;36;15
1458.0;10;32;15;31;158;28;18;33;15
1464.0;11;33;18;28;158;27;18;32;15
1470.0;10;35;15;31;158;26;16;33;16
1476.0;11;37;16;29;158;26;13;34;16
1482.0;13;36;16;29;157;27;14;34;14
1488.0;13;33;14;30;158;27;15;35;15
1494.0;12;34;12;29;161;29;16;34;13
1500.0;10;33;12;29;160;30;17;34;15
1506.0;13;32;12;27;159;29;19;33;16
1512.0;11;31;12;26;158;28;21;34;19
1518.0;11;32;14;24;157;28;22;33;19
1524.0;9;34;14;23;157;27;23;34;19
1530.0;9;34;14;25;155;25;27;34;17
1536.0;13;34;12;27;155;26;24;34;15
1542.0;14;35;13;27;155;26;23;32;15
1548.0;12;34;14;28;155;29;21;31;16
1554.0;13;31;14;29;156;28;19;32;18
1560.0;13;31;9;30;157;30;22;32;16
1566.0;12;33;8;31;154;31;19;33;19
1572.0;15;32;11;26;152;30;21;36;17
1578.0;15;34;13;27;151;32;18;34;16
1584.0;14;31;15;28;152;32;17;33;18
1590.0;13;32;15;25;152;38;14;31;20
1596.0;15;33;13;24;152;35;17;29;22
1602.0;16;33;12;25;155;33;15;28;23
1608.0;14;33;10;23;157;35;17;31;20
1614.0;15;31;10;24;157;35;19;29;20
1620.0;17;32;11;24;156;35;18;29;18
1626.0;15;35;12;27;157;35;13;27;19
1632.0;16;32;11;26;158;32;15;29;21
1638.0;18;32;12;25;158;32;12;32;19
1644.0;18;32;12;25;159;31;12;31;20
1650.0;17;30;11;28;156;31;11;32;24
1656.0;15;33;11;30;155;31;10;32;23
1662.0;15;34;10;29;155;29;10;33;25
1668.0;15;34;10;28;154;29;13;33;24
1674.0;16;34;9;27;156;28;13;31;26
1680.0;16;33;10;23;155;26;19;31;27
1686.0;14;33;11;24;154;24;19;34;27
1692.0;14;34;10;22;154;25;19;36;26
1698.0;15;32;14;23;155;23;18;34;26
1704.0;16;35;13;25;156;20;17;35;23
1710.0;18;35;13;24;155;20;14;36;25
1716.0;17;34;15;29;155;21;11;34;24
1722.0;16;32;14;31;155;24;11;34;23
1728.0;16;32;15;31;155;26;14;30;21
1734.0;18;31;15;30;155;27;12;31;21
1740.0;15;31;16;29;157;26;11;34;21
1746.0;13;31;15;29;157;24;13;38;20
1752.0;14;30;13;27;155;25;15;39;22
1758.0;13;31;14;29;155;22;14;40;22
1764.0;13;33;14;28;154;19;13;41;25
1770.0;13;32;14;28;153;22;10;40;28
1776.0;12;34;15;28;153;22;12;39;25
1782.0;13;36;13;27;154;22;12;38;25
1788.0;15;33;14;27;155;24;14;36;22
1794.0;16;35;12;29;153;23;14;39;19
