#auto generated file!
12.0;44;40;37;46;63;52;39;46;53
18.0;39;43;30;52;69;50;42;46;49
24.0;35;47;35;51;70;50;43;46;43
30.0;32;52;38;46;73;52;42;47;38
36.0;31;48;39;48;76;51;43;48;36
42.0;35;51;35;47;79;56;37;46;34
48.0;35;49;37;51;80;55;33;48;32
54.0;30;50;38;52;84;53;29;47;37
60.0;26;50;37;53;89;58;30;45;32
66.0;24;53;33;52;91;59;30;46;32
72.0;23;51;34;56;91;60;28;46;31
78.0;26;50;31;57;94;57;26;45;34
84.0;25;49;28;55;98;59;29;43;34
90.0;26;48;26;51;101;61;28;43;36
96.0;25;50;35;43;103;60;26;43;35
102.0;26;52;38;46;102;59;25;41;31
108.0;22;51;36;48;103;61;27;41;31
114.0;25;49;35;47;107;58;29;40;30
120.0;29;50;31;48;105;59;26;41;31
126.0;29;51;33;53;104;58;24;40;28
132.0;28;52;32;53;104;56;27;43;25
138.0;27;52;31;53;107;57;27;43;23
144.0;26;47;29;54;110;59;29;43;23
150.0;23;46;29;54;113;56;30;45;24
156.0;21;46;33;54;113;55;31;45;22
162.0;20;42;33;52;116;56;32;43;26
168.0;21;41;36;53;116;54;32;42;25
174.0;22;43;34;53;117;53;31;41;26
180.0;20;49;35;54;117;47;32;42;24
186.0;19;48;34;54;120;48;30;43;24
192.0;21;51;34;54;120;47;28;42;23
198.0;21;51;36;51;120;42;32;47;20
204.0;21;51;34;51;123;44;32;46;18
210.0;25;49;32;50;124;46;29;45;20
216.0;24;48;32;51;128;47;27;46;17
222.0;21;48;33;48;132;48;27;47;16
228.0;21;49;35;43;132;44;30;48;18
234.0;22;52;29;43;133;44;27;49;21
240.0;20;53;28;45;135;45;27;48;19
246.0;20;52;25;45;137;45;27;49;20
252.0;21;53;27;44;135;45;29;46;20
258.0;23;54;24;44;139;44;29;45;18
264.0;23;56;19;46;139;46;27;47;17
270.0;23;60;20;46;139;45;24;46;17
276.0;26;59;21;42;140;48;22;44;18
282.0;28;57;22;38;143;48;22;43;19
288.0;33;53;20;41;144;46;21;43;19
294.0;30;52;20;44;147;47;19;44;17
300.0;32;53;19;42;146;47;20;44;17
306.0;31;49;18;41;146;52;21;46;16
312.0;30;47;18;41;146;54;22;46;16
318.0;26;46;17;44;148;59;21;43;16
324.0;24;47;18;42;148;61;22;43;15
330.0;21;44;17;42;150;60;25;43;18
336.0;23;46;15;39;154;59;26;41;17
342.0;22;43;16;41;156;59;22;43;18
348.0;22;42;17;42;154;60;21;42;20
354.0;22;42;16;42;154;62;22;44;16
360.0;21;40;16;45;154;66;22;42;14
366.0;24;45;16;42;152;62;20;42;17
372.0;22;48;17;42;153;61;18;42;17
378.0;22;46;16;43;156;56;18;44;19
384.0;21;48;17;44;158;57;14;42;19
390.0;21;46;16;45;158;53;14;46;21
396.0;24;46;17;44;161;52;17;42;17
402.0;25;47;18;44;159;51;20;41;15
408.0;26;45;15;41;162;53;24;40;14
414.0;27;44;17;43;162;53;21;39;14
420.0;23;42;20;40;163;53;22;40;17
426.0;23;42;21;45;164;48;22;37;18
432.0;24;40;21;44;164;46;23;40;18
438.0;23;43;22;38;164;48;25;38;19
444.0;22;42;29;38;164;46;24;37;18
450.0;21;42;27;41;165;42;25;39;18
456.0;23;41;25;42;169;43;22;34;21
462.0;22;41;25;43;169;44;21;34;21
468.0;20;45;27;43;171;44;18;32;20
474.0;20;43;26;41;170;45;21;32;22
480.0;20;44;24;42;170;44;21;34;21
486.0;21;45;24;42;169;45;19;33;22
492.0;22;45;25;40;166;45;20;35;22
498.0;20;44;24;41;164;46;23;36;22
504.0;17;44;24;43;166;44;22;37;23
510.0;22;44;21;42;164;45;21;39;22
516.0;22;46;21;42;161;45;21;40;22
522.0;23;44;22;42;162;44;23;39;21
528.0;23;44;25;45;162;40;21;39;21
534.0;23;41;21;45;164;40;23;42;21
540.0;24;41;23;44;166;39;22;41;20
546.0;27;40;26;47;164;39;16;40;21
552.0;27;38;24;47;164;37;25;37;21
558.0;27;36;26;45;165;38;29;35;19
564.0;29;36;23;49;167;38;26;33;19
570.0;29;33;20;53;167;38;27;35;18
576.0;28;33;22;54;166;39;25;36;17
582.0;31;33;23;52;162;38;26;37;18
588.0;29;31;23;52;161;38;29;37;20
594.0;25;29;21;50;165;40;30;38;22
600.0;22;27;23;48;166;37;33;43;21
606.0;23;29;23;45;173;33;31;45;18
612.0;23;27;25;43;175;35;32;44;16
618.0;21;31;26;41;175;37;33;41;15
624.0;24;31;22;41;176;35;32;43;16
630.0;23;30;19;42;178;35;33;43;17
636.0;24;30;18;40;178;35;31;44;20
642.0;22;35;21;40;179;33;28;42;20
648.0;17;38;19;40;180;35;27;45;19
654.0;19;40;23;39;180;34;25;42;18
660.0;17;40;23;39;180;35;24;42;20
666.0;19;40;18;41;182;37;23;40;20
672.0;18;38;19;41;184;34;22;43;21
678.0;21;37;20;43;182;35;18;47;17
684.0;17;37;19;44;184;34;20;48;17
690.0;15;40;20;47;181;37;19;46;15
696.0;11;40;22;47;180;37;18;48;17
702.0;10;37;22;46;184;39;17;45;20
708.0;11;38;21;48;184;37;16;45;20
714.0;11;34;18;46;186;37;18;49;21
720.0;10;32;17;47;185;37;21;49;22
726.0;11;31;18;46;183;39;21;49;22
732.0;9;33;17;43;182;38;25;50;23
738.0;11;33;17;45;181;38;24;50;21
744.0;13;36;21;42;182;39;22;46;19
750.0;12;34;21;43;181;41;22;47;19
756.0;11;34;24;44;177;42;20;51;17
762.0;12;35;25;45;178;42;18;48;17
768.0;15;33;23;47;178;42;18;45;19
774.0;13;36;26;47;176;38;18;44;22
780.0;10;35;23;46;177;40;19;44;26
786.0;15;32;23;47;177;38;18;44;26
792.0;16;37;21;47;176;38;18;44;23
798.0;17;37;21;46;179;38;14;46;22
804.0;18;36;22;44;179;38;15;46;22
810.0;18;40;21;44;177;35;12;47;26
816.0;15;40;22;44;176;33;16;47;27
822.0;15;44;24;40;177;34;18;45;23
828.0;14;42;24;43;174;34;17;47;25
834.0;15;44;22;43;173;35;18;45;25
840.0;18;42;20;45;171;34;18;47;25
846.0;17;38;24;45;173;37;18;45;23
852.0;16;39;25;43;173;37;18;46;23
858.0;16;45;22;46;172;36;17;45;21
864.0;18;45;19;41;173;36;20;47;21
870.0;18;45;16;44;176;36;20;45;20
876.0;18;43;17;44;176;38;20;46;18
882.0;16;45;17;44;177;38;19;46;18
888.0;13;44;22;44;175;40;19;45;18
894.0;13;41;25;46;176;38;19;44;18
900.0;14;42;24;44;175;34;21;46;20
906.0;13;40;25;47;176;32;22;45;20
912.0;19;33;26;50;175;34;21;43;19
918.0;18;35;27;48;173;35;21;44;19
924.0;19;38;22;48;174;31;20;44;24
930.0;18;37;21;48;176;30;21;44;25
936.0;21;37;24;49;176;28;18;43;24
942.0;24;38;23;44;175;27;20;44;25
948.0;25;37;27;44;174;27;20;39;27
954.0;24;34;23;47;176;30;19;43;24
960.0;21;33;26;45;174;29;23;44;25
966.0;21;32;29;43;170;28;28;44;25
972.0;22;30;27;44;171;30;26;43;27
978.0;24;33;25;43;172;28;23;45;27
984.0;20;34;28;44;172;29;21;44;28
990.0;23;37;24;41;174;31;20;44;26
996.0;20;36;21;44;174;34;20;44;27
1002.0;21;36;18;45;174;34;22;45;25
1008.0;17;36;19;46;174;38;23;44;23
1014.0;17;38;18;46;173;38;24;43;23
1020.0;17;35;17;47;175;42;24;40;23
1026.0;17;37;20;48;174;43;21;40;20
1032.0;18;35;20;48;175;41;22;42;19
1038.0;17;33;23;49;175;41;23;39;20
1044.0;16;35;24;49;172;44;19;40;21
1050.0;17;36;20;52;172;43;21;38;21
1056.0;18;36;19;53;173;38;20;39;24
1062.0;17;41;18;50;173;38;19;41;23
1068.0;16;44;19;52;168;41;18;41;21
1074.0;18;43;18;52;169;39;20;41;20
1080.0;18;45;17;51;168;38;21;42;20
1086.0;17;42;18;48;170;39;22;42;22
1092.0;18;42;17;43;170;39;26;40;25
1098.0;19;37;20;41;168;39;26;45;25
1104.0;21;37;21;40;167;37;27;45;25
1110.0;22;39;21;38;165;35;30;45;25
1116.0;25;41;20;36;164;36;25;45;28
1122.0;33;39;20;37;163;36;26;44;22
1128.0;32;37;21;37;161;38;26;45;23
1134.0;28;38;24;38;160;37;28;46;21
1140.0;24;40;21;38;160;39;32;44;22
1146.0;26;42;19;36;159;38;30;46;24
1152.0;27;40;17;39;160;39;26;45;27
1158.0;28;39;16;35;162;38;31;44;27
1164.0;27;42;14;32;164;39;31;45;26
1170.0;27;37;15;31;167;39;29;47;28
1176.0;29;38;17;34;167;40;25;46;24
1182.0;27;37;17;35;165;41;27;46;25
1188.0;26;37;16;36;166;39;31;46;23
1194.0;28;39;15;35;167;37;29;48;22
1200.0;23;39;12;36;171;39;31;44;25
1206.0;23;38;12;37;172;39;31;43;25
1212.0;23;36;13;38;173;41;28;41;27
1218.0;21;35;14;38;174;41;29;41;27
1224.0;23;34;15;35;177;37;30;37;32
1230.0;22;33;15;37;178;39;28;36;32
1236.0;21;31;18;38;179;38;28;37;30
1242.0;19;33;18;40;179;37;29;35;30
1248.0;19;33;18;39;179;41;24;37;30
1254.0;20;34;19;38;180;42;22;38;27
1260.0;20;36;19;36;180;44;21;40;24
1266.0;23;37;18;36;178;42;24;39;23
1272.0;20;37;17;37;177;40;27;43;22
1278.0;23;38;19;35;176;39;27;45;18
1284.0;20;38;18;33;179;40;28;44;20
1290.0;15;36;18;36;178;42;32;45;18
1296.0;15;36;20;38;178;41;26;47;19
1302.0;17;37;22;41;175;43;24;43;18
1308.0;18;35;27;40;177;40;24;42;17
1314.0;21;36;27;39;177;39;21;44;16
1320.0;23;40;25;37;178;39;20;43;15
1326.0;23;41;25;34;181;41;20;42;13
1332.0;25;42;23;32;182;43;21;39;13
1338.0;22;42;22;32;183;44;22;38;15
1344.0;22;44;23;33;183;42;22;37;14
1350.0;22;45;21;32;184;38;24;39;15
1356.0;23;45;19;32;183;42;23;39;14
1362.0;25;44;19;35;185;38;22;40;12
1368.0;20;44;21;37;186;40;19;40;13
1374.0;20;44;19;38;187;41;18;42;11
1380.0;21;45;16;38;187;41;18;44;10
1386.0;20;44;17;41;189;40;17;42;10
1392.0;18;43;17;42;190;40;18;42;10
1398.0;16;45;16;40;189;37;18;46;13
1404.0;18;40;19;41;189;36;21;44;12
1410.0;18;43;19;40;189;36;20;44;11
1416.0;20;41;19;41;186;35;24;44;10
1422.0;17;43;17;41;185;35;27;43;12
1428.0;16;44;18;38;188;33;25;46;12
1434.0;19;42;20;38;187;32;25;45;12
1440.0;20;42;19;40;189;30;23;43;14
1446.0;19;43;21;41;188;29;23;41;15
1452.0;20;37;22;43;188;30;24;39;17
1458.0;23;37;18;42;182;30;30;39;19
1464.0;22;40;19;41;181;31;27;39;20
1470.0;22;38;17;42;182;30;24;44;21
1476.0;22;40;14;43;183;31;24;44;19
1482.0;24;43;11;40;184;34;21;44;19
1488.0;24;45;13;40;185;35;17;43;18
1494.0;25;46;16;36;183;35;16;43;20
1500.0;25;49;16;33;185;36;16;43;17
1506.0;25;51;16;34;185;38;16;41;14
1512.0;21;52;13;36;186;39;16;43;14
1518.0;20;49;14;38;186;37;19;41;16
1524.0;22;47;12;41;186;35;20;41;16
1530.0;19;49;14;43;183;34;18;43;17
1536.0;17;48;12;42;184;36;18;44;19
1542.0;15;48;13;42;186;35;20;42;19
1548.0;15;46;15;43;186;35;19;41;20
1554.0;15;49;16;44;183;36;18;41;18
1560.0;19;51;15;40;183;34;19;42;17
1566.0;17;51;14;39;184;34;19;44;18
1572.0;22;51;13;40;182;34;19;42;17
1578.0;16;47;14;44;181;32;20;44;22
1584.0;16;49;13;44;181;35;19;44;19
1590.0;15;49;13;44;179;37;19;46;18
1596.0;17;49;14;46;177;38;15;43;21
1602.0;16;51;15;46;175;42;14;42;19
1608.0;16;49;15;44;177;42;16;42;19
1614.0;18;49;14;43;175;42;16;44;19
1620.0;19;47;13;44;176;40;18;44;19
1626.0;17;48;13;48;176;37;17;42;22
1632.0;16;43;16;47;178;37;17;44;22
1638.0;16;42;16;46;178;39;18;44;21
1644.0;17;39;13;43;179;41;19;47;22
1650.0;17;40;11;45;181;39;19;47;21
1656.0;17;40;14;45;181;37;21;45;20
1662.0;17;41;16;46;180;35;21;45;19
1668.0;13;41;16;46;183;35;21;44;21
1674.0;12;39;19;44;185;32;22;44;23
1680.0;14;37;19;44;186;31;23;42;24
1686.0;15;35;21;45;188;29;23;41;23
1692.0;17;37;21;43;188;31;19;40;24
1698.0;19;34;20;42;189;31;23;39;23
1704.0;22;33;20;41;189;31;21;40;23
1710.0;20;34;21;41;188;34;20;40;22
1716.0;21;31;21;41;187;35;18;42;24
1722.0;21;31;23;40;186;37;16;42;24
1728.0;22;29;23;40;186;36;15;42;27
1734.0;20;29;24;40;189;36;16;41;25
1740.0;17;32;23;40;191;37;15;40;25
1746.0;19;35;23;41;188;37;16;39;22
1752.0;15;36;19;43;188;39;20;38;22
1758.0;16;37;19;39;191;41;18;38;21
1764.0;17;39;21;36;192;39;19;37;20
1770.0;18;38;20;35;193;41;18;37;20
1776.0;17;39;21;33;192;42;18;37;21
1782.0;17;37;22;31;192;41;20;36;24
1788.0;19;38;18;32;193;42;18;35;25
1794.0;18;38;17;34;192;43;18;36;24
