#auto generated file!
12.0;26;22;8;17;22;24;16;13;12
18.0;25;22;8;17;22;23;16;14;13
24.0;24;23;10;17;23;23;15;13;12
30.0;23;22;11;17;23;25;15;12;12
36.0;20;21;11;16;24;27;16;13;12
42.0;17;20;13;18;25;27;15;12;13
48.0;14;19;14;18;28;26;14;12;15
54.0;12;21;13;20;29;27;15;9;14
60.0;11;20;13;21;30;25;16;11;13
66.0;12;17;14;21;31;26;12;12;15
72.0;12;17;12;20;32;28;11;13;15
78.0;13;15;12;20;32;29;12;13;14
84.0;14;16;11;20;32;28;12;14;13
90.0;12;17;8;24;35;29;9;15;11
96.0;11;16;9;24;39;27;9;14;11
102.0;10;16;9;24;39;29;9;12;12
108.0;9;18;10;26;39;27;7;12;12
114.0;8;16;14;26;41;26;7;12;10
120.0;8;18;13;27;42;25;8;10;9
126.0;8;19;11;24;43;25;10;11;9
132.0;7;18;12;24;44;24;9;13;9
138.0;6;18;14;23;44;26;6;12;11
144.0;6;19;13;23;44;25;6;12;12
150.0;5;19;15;22;47;22;7;12;11
156.0;4;20;15;22;47;22;7;13;10
162.0;4;20;16;21;46;21;8;15;9
168.0;4;20;14;24;45;20;9;16;8
174.0;3;18;14;25;47;21;9;16;7
180.0;3;18;13;26;48;22;9;14;7
186.0;3;19;12;27;47;23;10;12;7
192.0;1;19;11;29;47;23;11;13;6
198.0;2;21;9;27;48;22;10;14;7
204.0;2;20;9;29;49;21;9;14;7
210.0;3;21;9;29;48;19;10;14;7
216.0;3;23;8;29;49;19;10;14;5
222.0;4;25;7;29;48;17;9;14;7
228.0;4;24;7;29;47;17;10;15;7
234.0;6;23;8;27;48;16;10;15;7
240.0;7;24;8;26;47;16;9;14;9
246.0;8;22;10;27;46;17;9;12;9
252.0;8;26;9;26;46;17;7;12;9
258.0;7;23;10;27;46;16;9;15;7
264.0;6;23;10;28;46;14;9;15;9
270.0;6;22;11;28;46;15;11;14;7
276.0;7;21;9;27;46;16;10;16;8
282.0;4;25;11;23;45;16;10;18;8
288.0;4;25;12;24;46;15;10;16;8
294.0;8;24;9;25;47;16;8;16;7
300.0;7;25;11;22;48;15;7;18;7
306.0;10;23;10;23;46;16;7;17;8
312.0;9;24;10;22;46;16;7;14;12
318.0;8;23;11;22;46;16;9;14;11
324.0;9;23;12;20;46;16;8;15;11
330.0;8;22;13;21;45;16;9;16;10
336.0;8;22;11;19;46;18;9;18;9
342.0;9;20;13;19;47;20;8;17;7
348.0;8;20;13;19;46;20;7;19;8
354.0;7;20;12;20;48;19;8;17;9
360.0;7;18;13;21;48;19;9;17;8
366.0;7;16;15;19;50;20;8;17;8
372.0;5;17;14;19;50;18;11;17;9
378.0;4;17;14;21;50;17;12;17;8
384.0;5;17;13;16;54;15;15;17;8
390.0;5;17;14;15;54;14;15;18;8
396.0;6;16;14;15;54;12;15;19;9
402.0;6;17;9;15;54;11;17;20;11
408.0;7;19;9;15;54;11;15;21;9
414.0;6;18;9;15;54;12;15;22;9
420.0;6;18;9;16;54;12;13;21;11
426.0;6;19;11;16;54;11;13;19;11
432.0;7;19;9;15;55;13;13;18;11
438.0;7;16;10;15;58;13;14;18;9
444.0;6;16;8;16;58;15;15;17;9
450.0;6;18;8;16;58;15;13;18;8
456.0;5;17;9;18;58;16;13;16;8
462.0;7;16;11;17;57;16;12;15;9
468.0;7;18;11;17;57;16;10;14;10
474.0;8;18;11;17;55;16;9;16;10
480.0;7;16;9;21;59;14;6;18;10
486.0;7;14;10;20;60;14;7;20;8
492.0;7;13;13;17;58;14;7;20;11
498.0;7;13;11;17;58;14;8;20;12
504.0;7;13;11;16;59;14;8;20;12
510.0;9;13;10;15;59;14;9;18;13
516.0;8;14;12;13;58;14;9;19;13
522.0;6;14;11;15;58;16;9;19;12
528.0;6;13;12;15;61;17;9;17;10
534.0;7;13;9;15;61;18;9;18;10
540.0;6;13;12;15;61;18;8;19;8
546.0;6;14;13;14;62;17;6;19;9
552.0;6;13;13;15;63;15;7;20;8
558.0;9;13;14;13;62;15;8;18;8
564.0;7;11;16;13;61;16;10;17;9
570.0;6;11;14;11;63;16;11;18;10
576.0;7;9;15;12;64;15;11;17;10
582.0;8;10;16;13;65;12;10;15;11
588.0;8;10;15;14;65;13;9;14;12
594.0;8;11;15;13;64;13;9;15;12
600.0;7;13;11;13;67;13;10;15;11
606.0;9;13;11;13;67;13;10;14;10
612.0;8;14;11;14;66;13;10;15;9
618.0;7;13;9;14;68;14;10;15;10
624.0;7;12;6;15;68;16;11;16;9
630.0;7;12;6;15;69;16;8;18;9
636.0;7;13;4;15;70;15;8;19;9
642.0;8;13;5;14;71;15;7;19;8
648.0;8;13;6;15;70;16;5;21;6
654.0;5;14;6;16;70;16;5;20;8
660.0;6;14;6;15;71;16;5;20;7
666.0;7;15;6;16;70;14;6;20;6
672.0;7;16;6;16;70;14;7;17;7
678.0;6;16;6;16;70;17;6;16;7
684.0;5;15;7;18;70;16;6;16;7
690.0;6;15;9;15;71;15;6;16;7
696.0;7;16;8;15;71;15;5;16;7
702.0;10;14;6;15;71;16;4;16;8
708.0;10;15;6;13;71;15;5;17;8
714.0;8;18;6;13;70;15;5;17;8
720.0;7;18;4;13;70;17;6;15;10
726.0;8;18;5;12;69;16;6;16;10
732.0;8;18;5;14;69;16;5;16;9
738.0;9;18;8;16;67;14;6;16;6
744.0;9;18;7;16;68;15;6;16;5
750.0;8;16;8;17;68;16;6;17;4
756.0;7;16;7;19;67;15;4;20;5
762.0;6;16;6;19;66;15;2;23;7
768.0;9;14;8;20;64;18;3;18;6
774.0;9;14;7;21;65;18;3;17;6
780.0;8;14;6;21;65;18;3;19;6
786.0;8;14;8;20;64;18;3;18;7
792.0;9;15;9;20;63;15;5;17;7
798.0;7;15;9;20;63;16;4;18;8
804.0;5;16;9;19;63;16;5;19;8
810.0;6;16;7;21;64;16;5;18;7
816.0;7;16;8;19;65;15;5;17;8
822.0;6;16;9;19;63;16;5;16;10
828.0;7;19;7;20;62;14;5;17;9
834.0;8;19;7;19;60;15;5;18;9
840.0;9;19;8;17;60;14;6;18;9
846.0;9;17;8;18;60;13;6;19;10
852.0;8;18;8;17;61;15;5;19;9
858.0;8;19;8;17;61;13;6;18;10
864.0;8;18;7;20;60;12;7;18;10
870.0;8;18;4;22;59;13;9;17;10
876.0;8;17;3;23;59;13;9;17;11
882.0;9;15;2;23;60;13;11;17;10
888.0;10;14;4;22;60;13;11;15;11
894.0;12;15;4;21;58;12;9;18;11
900.0;11;16;4;22;58;11;8;18;12
906.0;10;16;6;22;59;11;6;15;15
912.0;9;15;7;21;60;11;8;16;13
918.0;11;14;7;21;57;11;8;16;15
924.0;10;16;8;23;57;10;7;16;13
930.0;10;17;10;21;55;12;7;15;13
936.0;9;17;11;20;56;15;5;15;12
942.0;8;17;13;20;57;13;6;15;11
948.0;7;16;12;20;58;12;8;16;11
954.0;9;16;13;21;58;13;8;15;7
960.0;9;16;13;22;58;11;9;13;9
966.0;8;18;12;24;57;11;7;13;10
972.0;9;18;14;22;57;11;6;14;9
978.0;9;17;13;20;56;13;7;15;10
984.0;10;17;11;19;56;13;8;16;10
990.0;8;17;10;19;59;12;10;15;10
996.0;9;16;10;19;58;10;13;14;11
1002.0;9;17;10;18;57;12;13;14;10
1008.0;9;18;8;17;57;15;12;13;11
1014.0;10;15;9;17;59;16;9;13;12
1020.0;10;15;10;17;59;14;9;15;11
1026.0;11;14;9;18;60;12;9;14;13
1032.0;10;15;8;19;62;12;9;14;11
1038.0;10;15;7;20;62;12;9;13;12
1044.0;9;15;7;20;62;14;10;12;11
1050.0;9;16;6;20;63;14;10;11;11
1056.0;10;18;6;20;64;14;8;11;9
1062.0;9;20;6;19;65;15;6;11;9
1068.0;9;22;4;18;66;17;5;11;8
1074.0;8;21;3;19;68;15;6;12;8
1080.0;7;21;3;18;70;15;7;12;7
1086.0;8;23;2;17;70;16;6;12;6
1092.0;8;21;2;17;69;14;8;14;7
1098.0;8;21;2;18;70;16;7;13;5
1104.0;9;21;4;18;70;13;8;13;4
1110.0;8;21;4;17;71;14;7;13;5
1116.0;8;21;5;16;70;17;6;12;5
1122.0;8;20;5;15;71;17;7;12;5
1128.0;7;19;5;15;72;17;7;11;7
1134.0;9;19;4;14;72;18;6;10;8
1140.0;10;19;4;14;73;17;6;9;8
1146.0;12;20;3;15;73;14;5;10;8
1152.0;11;19;3;16;73;15;5;10;8
1158.0;11;20;3;16;72;17;4;10;7
1164.0;10;21;4;13;72;19;3;11;7
1170.0;10;21;6;13;72;19;2;10;7
1176.0;10;21;6;13;73;17;2;12;6
1182.0;10;22;8;11;72;17;2;12;6
1188.0;10;23;7;10;72;17;2;12;7
1194.0;10;23;8;9;71;16;2;13;8
1200.0;10;22;9;9;71;17;2;12;8
1206.0;10;22;8;9;72;17;2;13;7
1212.0;12;21;6;9;72;18;2;13;7
1218.0;12;22;8;8;72;16;3;13;6
1224.0;10;23;6;10;73;16;4;12;6
1230.0;12;21;6;10;72;16;4;12;7
1236.0;12;21;8;10;72;16;3;11;7
1242.0;11;22;8;11;72;16;3;11;6
1248.0;11;22;6;12;73;14;3;13;6
1254.0;11;21;6;13;73;13;3;14;6
1260.0;12;20;7;10;73;15;3;15;5
1266.0;11;21;8;10;72;16;3;15;4
1272.0;12;20;7;10;73;14;3;16;5
1278.0;13;17;8;12;74;11;4;16;5
1284.0;13;17;8;11;73;12;4;16;6
1290.0;12;16;8;11;75;12;4;16;6
1296.0;9;17;8;11;76;12;4;16;7
1302.0;7;16;8;11;76;15;3;16;8
1308.0;6;16;8;12;76;14;1;18;9
1314.0;8;14;8;11;76;15;2;17;9
1320.0;5;14;7;13;76;16;2;18;9
1326.0;5;14;8;12;79;15;1;17;9
1332.0;5;13;10;14;75;17;1;16;9
1338.0;5;14;10;15;75;17;1;14;9
1344.0;8;13;8;14;74;16;2;13;12
1350.0;7;12;11;12;75;15;3;12;13
1356.0;7;11;12;12;75;15;2;13;13
1362.0;6;12;11;11;77;14;3;14;12
1368.0;6;12;11;12;77;14;3;14;11
1374.0;6;11;11;13;76;14;4;14;11
1380.0;6;11;13;12;77;14;3;15;9
1386.0;4;13;12;12;78;15;3;15;8
1392.0;3;14;12;12;78;15;2;16;8
1398.0;4;14;10;12;78;15;3;18;6
1404.0;5;15;10;11;75;16;3;18;7
1410.0;7;14;9;11;76;16;3;18;6
1416.0;7;16;8;12;74;16;4;18;5
1422.0;8;17;7;9;74;17;4;18;6
1428.0;8;15;8;9;74;17;4;17;8
1434.0;8;15;8;8;73;18;6;15;9
1440.0;9;15;6;8;74;18;6;15;9
1446.0;10;15;8;6;74;16;5;16;10
1452.0;11;14;8;7;73;17;4;17;9
1458.0;11;14;9;8;73;17;3;17;8
1464.0;11;15;7;8;73;17;3;18;8
1470.0;9;15;9;8;74;17;2;17;9
1476.0;10;14;10;7;74;17;2;17;9
1482.0;10;12;10;7;75;18;2;18;8
1488.0;9;14;12;7;71;18;3;15;11
1494.0;10;15;11;7;71;18;4;13;11
1500.0;9;13;12;9;71;17;5;12;12
1506.0;8;11;12;10;72;16;6;15;10
1512.0;8;11;11;12;70;16;6;16;10
1518.0;8;13;10;11;69;16;7;17;9
1524.0;9;13;9;10;68;17;7;15;12
1530.0;7;13;10;12;70;18;7;12;11
1536.0;6;13;8;13;72;16;9;11;12
1542.0;7;13;5;13;72;16;10;12;12
1548.0;6;11;6;11;73;17;11;13;12
1554.0;6;11;5;10;72;20;12;12;12
1560.0;6;9;7;10;72;19;13;13;11
1566.0;5;10;9;10;72;19;11;13;11
1572.0;5;11;10;10;72;19;11;13;9
1578.0;6;9;12;11;71;19;11;13;8
1584.0;6;8;11;11;72;17;12;14;9
1590.0;7;8;11;11;72;17;13;14;7
1596.0;7;8;11;11;72;17;12;13;9
1602.0;8;12;11;11;71;17;9;13;8
1608.0;8;13;12;12;70;18;8;12;7
1614.0;10;13;11;13;71;17;7;12;6
1620.0;10;12;9;14;72;17;8;12;6
1626.0;10;14;9;13;73;17;8;10;6
1632.0;12;11;10;11;72;20;8;10;6
1638.0;12;10;11;12;72;19;7;11;6
1644.0;11;11;9;13;71;23;6;10;6
1650.0;10;13;9;11;73;22;6;10;6
1656.0;8;13;10;11;75;21;5;10;7
1662.0;11;15;8;10;73;22;6;9;6
1668.0;13;15;9;7;74;21;5;8;8
1674.0;12;13;9;7;76;23;6;7;7
1680.0;13;11;9;6;77;24;7;7;6
1686.0;13;10;10;6;77;24;6;7;7
1692.0;12;12;10;8;75;24;6;7;6
1698.0;11;13;11;9;75;24;6;7;4
1704.0;10;12;9;8;75;26;7;7;6
1710.0;10;12;8;8;75;26;7;8;6
1716.0;11;11;7;9;74;26;8;8;6
1722.0;10;10;9;10;73;27;8;8;5
1728.0;12;9;11;10;73;24;8;8;5
1734.0;10;9;12;12;72;23;7;8;7
1740.0;11;9;13;12;72;21;8;10;4
1746.0;13;9;11;11;70;20;10;12;4
1752.0;11;11;12;11;70;20;10;11;4
1758.0;10;10;10;10;71;21;14;10;4
1764.0;8;10;10;10;71;22;14;11;4
1770.0;9;10;10;12;70;23;12;11;3
1776.0;8;12;9;11;69;25;11;11;4
1782.0;9;12;8;12;67;24;11;12;5
1788.0;7;11;7;13;68;23;13;13;5
1794.0;6;10;7;14;66;23;15;13;6
