#auto generated file!
12.0;19;27;21;17;24;24;16;24;18
18.0;17;28;20;16;26;24;15;24;20
24.0;16;28;15;18;28;24;16;24;21
30.0;17;28;14;18;28;23;15;26;21
36.0;18;26;13;17;28;26;16;26;20
42.0;19;25;13;15;32;24;16;25;21
48.0;19;25;13;14;31;24;17;21;26
54.0;19;27;10;14;30;24;19;22;25
60.0;17;30;10;16;32;23;19;21;22
66.0;13;31;10;19;34;25;15;20;23
72.0;11;31;12;18;34;26;13;21;24
78.0;10;30;12;19;34;26;13;22;24
84.0;9;30;12;18;37;25;13;22;24
90.0;8;29;14;19;37;24;13;22;24
96.0;5;31;13;19;39;21;13;23;26
102.0;5;30;15;19;40;23;11;23;24
108.0;6;29;15;16;43;23;13;22;23
114.0;6;32;15;17;42;23;13;22;20
120.0;6;34;16;17;43;22;13;19;20
126.0;6;32;16;18;43;23;15;18;19
132.0;7;30;16;18;43;22;15;19;20
138.0;7;33;18;20;46;20;14;17;15
144.0;6;33;20;21;46;21;12;18;13
150.0;6;32;19;20;47;20;14;19;13
156.0;5;30;18;22;49;21;13;19;13
162.0;2;33;20;19;50;22;14;17;13
168.0;3;32;17;19;51;26;12;17;13
174.0;3;32;19;20;51;26;12;16;11
180.0;3;34;18;20;51;26;12;16;10
186.0;4;33;18;21;52;22;13;18;9
192.0;4;34;19;20;52;21;12;19;9
198.0;5;35;18;20;54;21;11;16;10
204.0;5;36;16;21;54;19;11;17;11
210.0;4;34;13;21;56;19;12;18;13
216.0;4;37;13;19;57;17;11;19;13
222.0;7;38;15;16;56;17;8;21;12
228.0;6;38;16;16;56;19;7;21;11
234.0;8;36;15;16;57;18;7;21;12
240.0;9;35;17;17;56;17;7;22;10
246.0;10;36;18;16;56;16;6;22;10
252.0;11;34;17;15;56;18;6;21;12
258.0;11;35;16;15;61;15;5;19;13
264.0;13;35;17;14;61;13;9;16;12
270.0;13;34;15;15;61;15;10;14;13
276.0;8;32;15;16;65;17;11;14;12
282.0;6;29;15;15;68;19;9;16;13
288.0;7;27;14;16;69;20;11;16;10
294.0;7;26;17;14;69;22;10;16;9
300.0;7;27;16;13;70;21;12;15;9
306.0;6;26;16;16;70;22;11;12;11
312.0;9;25;15;17;69;23;10;10;12
318.0;9;24;14;15;70;23;11;13;11
324.0;9;22;12;13;72;24;9;17;12
330.0;10;22;9;14;72;23;11;19;10
336.0;11;22;8;15;70;23;12;19;10
342.0;8;24;9;18;69;21;11;21;9
348.0;7;23;11;17;68;22;12;20;10
354.0;8;23;11;16;68;22;13;19;10
360.0;8;21;10;18;69;21;14;19;10
366.0;8;20;11;20;68;21;13;19;10
372.0;8;20;10;19;71;20;11;21;10
378.0;8;18;10;21;73;20;12;20;8
384.0;9;17;7;23;75;20;10;20;9
390.0;10;18;8;21;75;19;9;19;11
396.0;12;19;7;19;74;21;9;18;11
402.0;14;16;8;17;74;21;11;19;10
408.0;13;15;7;17;74;21;10;21;12
414.0;12;14;10;16;77;21;9;20;11
420.0;11;15;10;13;79;21;10;20;11
426.0;9;16;9;13;80;22;11;19;11
432.0;9;15;8;13;81;22;12;19;11
438.0;9;15;8;11;81;22;12;19;13
444.0;9;15;8;12;81;21;12;19;13
450.0;7;15;9;13;80;21;13;21;11
456.0;7;17;10;13;79;20;11;21;12
462.0;8;17;9;13;83;20;8;21;11
468.0;8;18;10;12;82;19;8;22;11
474.0;9;16;9;12;82;20;10;22;10
480.0;9;15;10;12;80;21;12;21;10
486.0;8;15;9;13;81;21;12;22;9
492.0;9;15;9;13;81;23;12;21;7
498.0;11;16;8;13;79;23;11;21;8
504.0;10;17;8;13;79;22;11;21;9
510.0;8;18;8;13;79;21;12;21;10
516.0;8;17;9;14;79;20;11;22;10
522.0;8;18;8;13;79;19;12;22;11
528.0;8;17;7;13;82;19;13;23;8
534.0;8;18;7;12;82;20;12;23;8
540.0;9;16;7;12;82;19;12;24;9
546.0;9;16;6;14;81;20;13;23;8
552.0;9;15;6;14;81;20;12;24;9
558.0;9;16;6;14;81;22;12;22;8
564.0;12;15;6;12;82;20;11;23;9
570.0;10;15;8;11;82;20;11;24;9
576.0;11;15;9;10;81;21;9;25;9
582.0;12;15;8;9;79;21;10;25;11
588.0;11;17;11;9;76;21;8;27;10
594.0;10;18;11;11;77;20;8;27;8
600.0;12;18;9;9;79;18;10;27;8
606.0;13;19;9;9;78;17;9;28;8
612.0;12;18;9;9;79;17;9;29;8
618.0;13;17;9;9;78;17;9;28;10
624.0;13;18;8;10;77;19;8;29;8
630.0;15;22;6;10;77;19;8;25;8
636.0;13;19;11;10;76;19;11;25;6
642.0;12;20;9;10;77;18;12;24;8
648.0;12;19;9;11;77;18;13;23;8
654.0;11;19;9;10;78;19;12;24;8
660.0;9;21;9;13;77;19;8;25;9
666.0;6;22;6;15;77;18;12;23;11
672.0;8;25;6;17;76;19;8;20;11
678.0;7;26;6;18;75;19;10;19;10
684.0;7;25;6;17;77;20;7;20;11
690.0;6;26;8;19;75;19;7;18;12
696.0;6;26;8;17;73;20;8;21;11
702.0;5;26;9;17;73;20;8;22;10
708.0;8;26;10;18;72;18;8;21;9
714.0;8;26;10;18;74;19;7;20;8
720.0;7;24;10;17;73;20;9;20;10
726.0;6;23;11;18;73;18;10;22;9
732.0;6;23;13;20;73;18;9;19;9
738.0;8;24;11;21;74;15;11;18;8
744.0;12;25;10;19;74;13;8;21;8
750.0;14;23;10;20;74;13;8;19;9
756.0;12;23;9;21;75;12;9;20;9
762.0;13;24;9;20;75;12;9;20;8
768.0;13;23;6;20;74;13;10;22;9
774.0;12;24;6;20;74;14;9;21;10
780.0;10;25;8;21;73;13;9;20;11
786.0;11;23;9;21;72;14;10;20;10
792.0;13;23;10;21;71;12;11;20;9
798.0;11;22;11;24;70;11;12;21;8
804.0;10;21;10;24;70;13;12;21;9
810.0;9;22;10;23;71;12;11;24;8
816.0;8;21;10;21;71;12;13;24;10
822.0;7;21;11;21;72;13;13;24;8
828.0;5;19;9;22;73;14;14;25;9
834.0;6;18;8;21;73;14;15;26;9
840.0;6;19;7;21;76;11;15;26;9
846.0;5;19;11;21;77;10;13;27;7
852.0;5;21;12;19;75;10;10;30;8
858.0;5;18;13;18;76;12;9;31;8
864.0;5;18;13;19;75;14;9;31;6
870.0;7;20;14;20;72;14;9;28;6
876.0;8;18;14;19;74;14;10;28;5
882.0;9;16;15;19;74;15;11;25;6
888.0;9;16;16;18;73;17;11;23;7
894.0;7;16;16;18;72;18;14;22;7
900.0;9;17;16;20;73;18;12;19;6
906.0;9;16;16;21;73;20;11;18;6
912.0;8;18;16;21;74;17;11;18;7
918.0;6;17;15;23;74;18;12;17;8
924.0;7;16;14;23;75;19;12;17;7
930.0;8;17;16;22;75;18;11;16;7
936.0;8;16;18;22;75;18;11;14;8
942.0;8;16;18;22;75;19;10;14;8
948.0;9;18;16;23;76;18;9;15;6
954.0;10;19;14;23;76;18;7;17;6
960.0;8;21;14;24;76;17;6;17;7
966.0;10;20;12;25;76;16;5;18;8
972.0;9;17;12;24;78;15;6;20;9
978.0;8;17;12;23;77;16;7;22;8
984.0;9;17;12;23;77;18;6;20;8
990.0;10;17;10;23;77;19;7;20;7
996.0;10;16;10;21;79;17;8;21;8
1002.0;8;16;12;21;79;17;9;20;8
1008.0;12;14;10;23;79;16;11;18;7
1014.0;13;14;12;24;78;14;11;17;7
1020.0;15;14;11;23;79;13;10;18;7
1026.0;14;13;12;25;80;15;10;16;5
1032.0;15;13;14;26;81;13;8;14;6
1038.0;16;11;14;25;82;13;9;14;6
1044.0;16;11;14;27;81;13;9;15;4
1050.0;15;13;15;26;82;13;9;14;3
1056.0;10;16;15;28;83;11;10;14;3
1062.0;8;20;14;28;80;12;11;14;3
1068.0;8;20;15;27;81;12;11;13;3
1074.0;8;22;15;25;79;13;11;13;4
1080.0;9;20;17;24;79;11;10;14;6
1086.0;8;20;18;27;78;11;8;14;6
1092.0;8;22;14;27;79;11;10;14;5
1098.0;8;19;15;27;80;12;10;14;5
1104.0;8;21;12;27;81;12;8;15;6
1110.0;9;20;13;27;81;13;8;14;5
1116.0;10;19;15;25;81;12;9;14;5
1122.0;10;20;15;23;81;12;9;16;4
1128.0;10;19;17;22;82;12;9;15;4
1134.0;11;19;15;21;82;14;10;14;4
1140.0;13;19;14;20;82;14;10;14;4
1146.0;13;20;14;18;82;16;9;13;5
1152.0;13;19;12;19;82;17;7;12;9
1158.0;13;18;12;21;83;16;7;13;7
1164.0;14;17;12;22;82;16;7;12;8
1170.0;15;16;12;20;83;16;6;12;10
1176.0;13;17;11;20;81;17;7;12;12
1182.0;12;18;11;18;81;17;7;12;14
1188.0;13;16;11;17;81;16;9;14;13
1194.0;11;15;12;18;82;15;8;15;14
1200.0;12;16;11;17;81;17;7;15;14
1206.0;13;16;9;18;80;18;10;13;13
1212.0;14;16;9;18;78;18;11;13;13
1218.0;13;15;9;17;79;18;11;14;14
1224.0;16;16;7;16;80;17;11;14;13
1230.0;15;14;7;18;80;16;10;17;13
1236.0;15;14;7;16;79;18;11;17;13
1242.0;14;16;6;18;78;18;11;17;12
1248.0;14;16;4;18;80;18;12;16;12
1254.0;13;12;6;21;80;18;11;16;13
1260.0;12;14;7;21;81;18;9;16;12
1266.0;13;16;7;20;79;19;9;15;12
1272.0;11;16;7;18;81;21;9;15;12
1278.0;11;17;7;19;80;22;4;15;15
1284.0;11;15;7;19;80;22;5;17;14
1290.0;9;14;8;19;80;24;7;16;13
1296.0;6;15;10;20;82;25;7;15;10
1302.0;5;14;13;19;82;24;7;16;10
1308.0;4;15;12;19;79;27;7;18;9
1314.0;4;15;11;18;81;25;7;19;10
1320.0;4;15;10;22;82;26;6;16;9
1326.0;5;15;10;21;85;24;5;17;8
1332.0;4;14;10;20;88;24;5;17;8
1338.0;5;14;9;19;87;22;7;17;10
1344.0;6;13;9;19;87;22;7;16;11
1350.0;5;14;8;14;89;22;8;16;14
1356.0;5;13;7;13;90;26;10;13;13
1362.0;4;15;5;12;90;27;10;14;13
1368.0;4;15;7;12;90;28;8;15;11
1374.0;5;18;8;11;90;27;7;14;10
1380.0;7;18;8;9;90;29;7;13;9
1386.0;7;18;10;9;90;29;6;13;8
1392.0;8;19;9;9;89;29;5;13;9
1398.0;9;17;8;8;89;32;6;12;9
1404.0;9;18;7;9;89;30;5;12;11
1410.0;10;19;6;12;87;29;6;12;9
1416.0;10;20;8;13;87;27;5;13;7
1422.0;9;21;8;15;85;27;6;14;5
1428.0;10;20;8;16;82;27;9;14;4
1434.0;10;21;8;15;82;27;8;15;4
1440.0;11;19;7;15;83;26;9;16;4
1446.0;9;17;7;18;84;24;10;17;4
1452.0;8;17;7;16;83;23;11;19;6
1458.0;8;17;6;15;82;24;12;19;7
1464.0;5;19;6;16;82;24;12;17;9
1470.0;4;20;6;16;81;23;11;18;11
1476.0;5;21;6;16;80;22;12;16;12
1482.0;5;22;6;16;79;20;13;18;11
1488.0;5;23;8;15;78;22;13;16;10
1494.0;5;23;9;16;78;21;11;16;11
1500.0;5;23;9;16;79;19;9;18;12
1506.0;5;23;6;15;79;20;9;19;14
1512.0;4;23;6;16;78;19;10;21;13
1518.0;6;24;6;17;75;20;10;20;12
1524.0;5;24;6;15;77;21;9;19;14
1530.0;8;24;7;15;76;21;9;18;12
1536.0;8;25;8;19;75;18;10;18;9
1542.0;9;23;9;20;77;18;8;17;9
1548.0;9;24;10;20;77;17;7;17;9
1554.0;9;24;8;19;78;16;7;19;10
1560.0;6;23;7;21;78;17;7;22;9
1566.0;3;24;8;19;78;17;8;23;10
1572.0;2;24;10;20;78;17;7;22;10
1578.0;3;24;10;19;78;18;7;22;9
1584.0;5;24;10;18;76;20;5;24;8
1590.0;6;25;10;18;76;19;6;23;7
1596.0;6;24;10;19;76;18;7;23;7
1602.0;6;22;8;20;76;20;8;24;6
1608.0;8;20;7;21;77;19;9;23;6
1614.0;9;20;6;21;77;19;8;24;6
1620.0;8;18;6;21;80;19;7;24;7
1626.0;10;17;6;19;80;21;6;25;6
1632.0;9;18;8;18;80;20;6;25;6
1638.0;10;19;8;16;80;19;6;26;6
1644.0;12;18;7;18;80;17;6;26;6
1650.0;12;17;6;18;80;18;6;27;6
1656.0;12;17;6;20;81;18;6;24;6
1662.0;10;18;5;21;83;18;6;25;4
1668.0;8;20;5;19;84;18;8;24;4
1674.0;8;19;5;21;84;19;7;24;3
1680.0;8;19;6;23;84;16;7;24;3
1686.0;8;19;6;21;85;16;8;24;3
1692.0;9;17;5;21;86;17;10;22;3
1698.0;9;15;5;22;87;13;11;22;6
1704.0;9;15;6;22;85;13;12;22;6
1710.0;9;16;5;22;84;14;13;21;6
1716.0;10;19;7;23;81;13;11;21;5
1722.0;11;20;6;22;81;13;11;21;5
1728.0;11;20;7;22;80;13;10;21;6
1734.0;10;23;7;22;80;15;10;18;5
1740.0;11;24;6;20;78;17;11;18;5
1746.0;11;24;7;20;77;16;11;19;5
1752.0;11;26;8;20;77;15;7;21;5
1758.0;9;25;8;22;76;17;7;21;5
1764.0;10;25;9;20;75;16;8;20;7
1770.0;9;26;9;21;75;16;10;19;5
1776.0;11;25;7;21;75;17;9;18;7
1782.0;10;28;7;20;75;16;9;17;8
1788.0;9;27;8;18;73;18;10;18;9
1794.0;8;29;8;18;75;17;9;17;9
