#auto generated file!
12.0;38;56;45;52;54;54;46;55;50
18.0;41;54;46;51;55;56;45;54;48
24.0;42;57;45;48;59;55;44;49;51
30.0;38;57;41;46;62;58;44;53;51
36.0;40;59;41;50;64;53;42;56;45
42.0;35;62;42;52;67;50;41;57;44
48.0;32;60;37;53;72;55;41;61;39
54.0;36;58;36;55;74;54;43;56;38
60.0;36;54;32;57;77;57;46;53;38
66.0;35;51;36;57;77;57;45;53;39
72.0;39;49;33;59;78;54;43;53;42
78.0;40;47;35;62;81;53;40;51;41
84.0;36;46;29;70;87;52;34;53;43
90.0;40;46;26;68;86;54;32;55;43
96.0;40;46;27;64;92;56;32;53;40
102.0;38;45;31;61;98;53;32;53;39
108.0;35;43;30;63;101;51;36;55;36
114.0;33;42;31;62;103;48;36;58;37
120.0;30;41;35;60;101;48;38;58;39
126.0;28;40;38;62;104;49;33;59;37
132.0;30;42;39;66;104;46;31;57;35
138.0;32;42;42;64;103;45;31;59;32
144.0;34;43;44;61;104;48;27;60;29
150.0;35;46;45;58;105;47;29;57;28
156.0;33;47;40;55;111;48;30;58;28
162.0;31;47;37;52;113;50;31;60;29
168.0;32;48;38;50;114;51;30;58;29
174.0;31;50;37;48;115;51;33;58;27
180.0;29;50;33;51;117;48;36;58;28
186.0;28;50;32;54;120;45;35;58;28
192.0;27;53;28;52;122;44;36;55;33
198.0;26;52;26;51;124;47;37;56;31
204.0;26;51;28;53;125;46;36;54;31
210.0;28;50;28;54;123;47;36;53;31
216.0;28;50;28;53;125;47;36;53;30
222.0;32;51;29;52;125;49;34;52;26
228.0;34;52;29;53;126;47;28;53;28
234.0;33;56;28;51;127;43;30;54;28
240.0;32;57;29;48;132;43;29;55;25
246.0;33;60;26;49;132;44;27;53;26
252.0;32;60;22;52;133;46;25;58;22
258.0;29;58;23;52;133;48;27;56;24
264.0;26;59;24;52;133;49;26;53;28
270.0;26;57;23;50;135;47;27;54;31
276.0;26;57;28;52;135;45;27;51;29
282.0;23;58;30;48;135;45;27;52;32
288.0;21;58;26;48;138;45;26;54;34
294.0;23;58;25;48;139;46;24;55;32
300.0;21;56;22;50;142;46;23;57;33
306.0;19;55;22;53;142;49;22;56;32
312.0;16;56;22;52;143;53;24;55;29
318.0;15;57;20;52;147;52;25;52;30
324.0;15;57;19;53;146;50;29;50;31
330.0;15;58;21;55;146;44;28;50;33
336.0;15;55;24;54;148;41;32;52;29
342.0;18;55;21;58;144;42;33;51;28
348.0;17;57;22;57;143;41;34;52;27
354.0;17;56;20;54;144;44;34;55;26
360.0;16;59;20;56;143;46;32;54;24
366.0;21;57;17;58;143;46;33;51;24
372.0;20;55;18;61;144;45;33;49;25
378.0;23;53;17;56;143;50;37;47;24
384.0;26;54;18;55;143;50;30;48;26
390.0;28;56;17;50;146;47;31;49;26
396.0;29;57;17;51;149;46;29;47;25
402.0;29;57;20;50;148;45;31;46;24
408.0;30;56;20;48;147;44;32;49;24
414.0;29;57;21;45;147;44;32;51;24
420.0;25;57;20;49;150;42;29;53;25
426.0;19;56;21;49;151;45;32;53;24
432.0;22;54;21;51;151;46;26;56;23
438.0;20;54;22;50;152;49;24;55;24
444.0;19;52;23;49;156;49;22;56;24
450.0;18;51;26;48;158;50;19;56;24
456.0;22;51;23;44;157;50;24;54;25
462.0;24;44;24;44;156;52;24;53;29
468.0;22;46;21;44;157;51;27;54;28
474.0;21;44;22;46;153;53;28;53;30
480.0;23;45;20;46;156;50;24;56;30
486.0;25;44;17;43;157;55;20;61;28
492.0;23;42;16;41;159;54;22;65;28
498.0;20;44;14;44;158;55;23;64;28
504.0;18;42;13;51;160;57;20;63;26
510.0;16;43;12;52;163;55;19;63;27
516.0;17;41;11;53;167;56;18;62;25
522.0;18;43;11;52;164;54;19;62;27
528.0;18;40;11;51;162;57;17;66;28
534.0;21;38;11;52;162;55;18;65;28
540.0;25;39;11;51;161;54;18;64;27
546.0;27;39;12;59;162;50;17;60;24
552.0;25;39;14;59;165;44;22;60;22
558.0;28;39;15;59;163;41;25;59;21
564.0;28;35;16;63;167;39;23;58;21
570.0;30;34;18;62;170;38;23;55;20
576.0;28;36;15;58;170;37;25;57;24
582.0;29;34;16;55;172;41;22;57;24
588.0;24;36;15;53;172;43;22;59;26
594.0;22;37;14;57;170;44;23;57;26
600.0;24;38;17;56;170;46;20;54;25
606.0;25;39;15;57;169;43;21;55;26
612.0;28;39;16;56;169;45;19;54;24
618.0;32;41;12;50;170;46;22;54;23
624.0;31;41;13;49;171;46;17;56;26
630.0;27;38;14;49;171;48;21;54;28
636.0;24;37;18;51;170;48;22;57;23
642.0;27;37;18;48;174;49;22;55;20
648.0;29;35;20;48;171;51;23;54;19
654.0;32;39;23;45;172;49;19;52;19
660.0;31;38;19;44;176;46;21;53;22
666.0;27;44;22;43;178;44;20;50;22
672.0;28;44;18;46;183;47;19;48;17
678.0;27;47;22;44;185;47;18;44;16
684.0;27;44;21;44;183;47;19;48;17
690.0;27;41;22;47;182;46;20;47;18
696.0;22;41;25;50;182;46;21;43;20
702.0;24;40;24;51;183;48;20;41;19
708.0;22;47;24;50;184;46;17;38;22
714.0;18;47;28;52;183;45;17;39;21
720.0;19;48;26;46;185;46;23;36;21
726.0;22;54;26;44;184;46;21;35;18
732.0;22;54;25;45;186;48;21;32;17
738.0;22;54;23;42;186;48;24;34;17
744.0;22;58;21;38;191;44;24;35;17
750.0;20;55;21;40;191;45;22;38;18
756.0;21;52;20;40;193;46;23;38;17
762.0;20;50;21;41;192;49;24;37;16
768.0;19;49;19;41;188;51;24;40;19
774.0;22;50;18;40;189;51;23;38;19
780.0;21;46;20;42;191;49;23;37;21
786.0;22;48;20;38;192;49;22;38;21
792.0;20;50;22;36;192;48;22;38;22
798.0;18;51;21;35;194;47;22;37;25
804.0;20;50;19;37;194;49;22;35;24
810.0;20;49;21;37;192;52;18;35;26
816.0;25;46;21;38;192;53;18;33;24
822.0;27;47;22;36;192;48;21;33;24
828.0;27;48;22;34;193;52;20;32;22
834.0;27;45;25;35;193;49;19;32;25
840.0;29;44;29;36;192;48;21;28;23
846.0;28;45;27;37;192;48;23;31;19
852.0;29;44;27;37;189;53;20;30;21
858.0;29;45;26;36;188;52;21;31;22
864.0;29;51;25;33;187;51;26;27;21
870.0;29;50;23;35;189;51;26;29;18
876.0;29;53;22;38;187;48;25;30;18
882.0;31;52;18;37;189;49;23;32;19
888.0;29;52;17;36;192;50;22;34;18
894.0;27;51;19;37;193;53;20;34;16
900.0;22;54;20;38;194;48;22;33;19
906.0;22;53;19;37;193;50;22;33;21
912.0;22;53;23;39;194;51;19;31;18
918.0;20;50;21;45;194;54;18;30;18
924.0;19;50;20;45;193;55;22;32;14
930.0;22;52;19;41;192;55;22;29;18
936.0;24;52;18;38;196;54;19;30;19
942.0;22;49;20;38;198;52;19;34;18
948.0;20;47;19;38;198;51;20;35;22
954.0;24;47;16;38;196;55;21;32;21
960.0;23;47;14;40;193;56;18;35;24
966.0;24;47;17;40;194;56;18;34;20
972.0;22;48;16;39;194;59;19;33;20
978.0;22;47;15;38;197;57;15;35;24
984.0;23;47;11;38;197;56;18;34;26
990.0;22;43;15;40;195;55;17;38;25
996.0;22;43;18;38;196;53;18;38;24
1002.0;21;45;17;34;198;53;18;39;25
1008.0;17;44;18;38;194;54;22;39;24
1014.0;18;41;18;39;195;52;22;37;28
1020.0;19;40;20;39;196;52;22;36;26
1026.0;16;42;21;39;196;51;22;35;28
1032.0;16;39;23;39;197;52;21;33;30
1038.0;18;42;21;37;199;51;21;35;26
1044.0;18;45;24;35;196;49;22;34;27
1050.0;19;45;25;34;196;47;21;37;26
1056.0;21;48;22;34;196;46;21;37;25
1062.0;21;49;19;33;197;47;20;40;24
1068.0;20;49;18;33;199;49;21;38;23
1074.0;22;45;17;34;200;50;22;39;21
1080.0;21;44;19;36;199;50;23;39;19
1086.0;19;46;17;38;202;50;21;38;19
1092.0;23;49;18;37;203;48;20;34;18
1098.0;24;49;18;39;202;45;18;36;19
1104.0;24;49;18;39;203;46;16;36;19
1110.0;25;45;19;39;198;49;15;41;19
1116.0;30;39;18;39;200;48;16;41;19
1122.0;27;37;16;39;201;47;17;44;22
1128.0;26;39;18;39;202;46;16;42;22
1134.0;29;36;21;37;200;43;17;45;22
1140.0;31;36;22;39;202;42;17;43;18
1146.0;30;36;23;37;204;41;18;43;18
1152.0;27;35;22;37;204;45;18;44;18
1158.0;26;35;25;36;202;46;17;43;20
1164.0;27;36;25;35;203;43;18;42;21
1170.0;27;36;27;38;203;44;18;39;18
1176.0;28;41;23;40;201;43;19;37;18
1182.0;27;42;23;37;202;44;20;37;18
1188.0;28;39;24;40;202;40;14;44;19
1194.0;29;38;25;41;203;40;16;40;18
1200.0;26;36;25;41;202;43;17;44;16
1206.0;26;39;30;39;200;43;13;43;17
1212.0;27;40;27;35;202;48;11;43;17
1218.0;30;40;23;40;203;48;11;43;12
1224.0;30;42;24;42;204;44;11;42;11
1230.0;29;44;25;41;203;43;10;42;13
1236.0;27;44;24;43;206;43;10;40;13
1242.0;29;41;23;45;208;42;11;37;14
1248.0;27;39;23;44;210;43;12;40;12
1254.0;25;38;20;48;211;42;14;37;15
1260.0;26;39;17;50;209;42;15;37;15
1266.0;28;37;16;51;209;42;14;36;17
1272.0;29;37;18;51;209;39;14;37;16
1278.0;27;36;16;51;212;41;14;36;17
1284.0;26;38;16;47;215;40;15;38;15
1290.0;26;38;18;44;213;41;16;39;15
1296.0;23;37;20;47;213;42;17;37;14
1302.0;22;38;20;44;209;41;25;37;14
1308.0;22;35;21;44;206;45;28;34;15
1314.0;19;35;21;44;208;42;27;40;14
1320.0;19;33;19;46;207;44;28;40;14
1326.0;20;36;19;45;202;45;26;42;15
1332.0;22;38;18;42;205;44;23;42;16
1338.0;23;37;21;44;201;42;22;43;17
1344.0;22;38;19;44;198;41;23;45;20
1350.0;22;39;17;44;198;41;21;46;22
1356.0;21;43;18;41;194;43;22;47;21
1362.0;24;44;14;42;195;41;23;46;21
1368.0;22;46;14;41;195;45;24;44;19
1374.0;21;47;16;45;196;43;23;41;18
1380.0;21;46;13;48;199;42;28;36;17
1386.0;21;47;16;47;199;40;27;35;18
1392.0;21;46;14;46;204;42;24;35;18
1398.0;20;45;14;46;205;40;26;35;19
1404.0;19;45;17;44;207;40;27;32;19
1410.0;17;45;18;48;205;41;26;32;18
1416.0;16;45;18;50;202;41;27;31;20
1422.0;20;42;17;47;202;42;25;36;19
1428.0;18;45;20;45;204;39;25;38;16
1434.0;19;47;18;46;205;38;22;38;17
1440.0;22;48;20;41;207;39;21;38;14
1446.0;22;49;20;40;208;35;23;39;14
1452.0;18;50;22;40;205;37;21;45;12
1458.0;20;50;21;39;205;36;21;47;11
1464.0;18;49;25;38;206;34;21;47;12
1470.0;18;47;27;40;208;30;21;47;12
1476.0;17;49;27;35;209;30;22;47;14
1482.0;19;46;28;31;210;29;22;49;16
1488.0;20;47;26;32;205;31;25;49;15
1494.0;20;47;28;33;202;34;26;47;13
1500.0;20;47;27;34;202;36;25;46;13
1506.0;22;48;25;33;201;40;23;46;12
1512.0;20;44;25;36;200;39;24;48;14
1518.0;20;43;24;36;204;36;25;45;17
1524.0;18;45;21;39;202;36;25;47;17
1530.0;18;44;20;38;202;37;23;50;18
1536.0;19;40;20;39;201;37;25;50;19
1542.0;21;40;19;39;202;35;25;48;21
1548.0;21;40;18;39;203;36;23;50;20
1554.0;21;40;14;43;206;34;20;49;23
1560.0;20;40;17;43;203;34;19;50;24
1566.0;18;38;20;42;204;34;19;49;26
1572.0;20;38;20;41;204;38;17;49;23
1578.0;24;37;18;39;203;38;19;47;25
1584.0;23;36;20;43;202;37;19;48;22
1590.0;25;39;19;41;203;34;21;46;22
1596.0;25;40;18;41;205;36;20;46;19
1602.0;24;44;16;43;205;34;22;43;19
1608.0;23;43;15;45;206;31;22;46;19
1614.0;23;46;13;46;203;31;24;44;20
1620.0;20;46;14;44;204;36;23;43;20
1626.0;22;47;14;42;204;36;25;43;17
1632.0;21;48;12;43;205;37;25;44;15
1638.0;21;51;15;41;204;37;23;44;14
1644.0;20;53;15;40;204;35;23;46;14
1650.0;20;52;14;40;201;38;25;46;14
1656.0;21;51;14;40;202;36;23;50;13
1662.0;20;51;16;39;198;37;22;52;15
1668.0;21;50;16;39;197;35;23;52;17
1674.0;20;49;20;37;197;33;21;53;20
1680.0;18;48;20;40;195;33;20;56;20
1686.0;16;48;21;40;195;30;21;58;21
1692.0;15;48;18;36;196;31;23;60;23
1698.0;15;48;21;34;193;33;22;62;22
1704.0;19;51;20;32;192;33;21;60;22
1710.0;20;49;21;32;195;33;19;59;22
1716.0;20;50;20;33;198;32;17;58;22
1722.0;18;49;22;32;201;32;21;54;21
1728.0;17;46;26;33;199;33;22;51;23
1734.0;17;49;24;34;199;35;19;49;24
1740.0;17;44;21;35;201;36;19;52;25
1746.0;17;43;21;34;204;34;19;53;25
1752.0;17;47;18;39;205;31;18;50;25
1758.0;18;47;16;39;209;32;17;49;23
1764.0;19;47;16;40;208;33;18;45;24
1770.0;22;51;18;39;206;32;20;42;20
1776.0;24;49;17;39;206;34;17;46;18
1782.0;24;48;16;40;207;35;20;46;14
1788.0;25;49;18;39;207;35;19;43;15
1794.0;23;52;15;36;204;38;22;42;18
