#auto generated file!
12.0;22;18;28;23;31;24;26;25;23
18.0;19;17;29;21;37;24;29;24;20
24.0;17;17;32;22;39;23;26;24;20
30.0;16;18;33;19;41;24;22;26;21
36.0;14;18;29;23;43;25;23;26;19
42.0;16;19;28;24;41;24;23;25;20
48.0;18;18;24;24;43;23;24;24;22
54.0;17;19;19;26;42;23;27;27;20
60.0;15;21;19;26;43;20;29;26;21
66.0;19;19;19;28;43;18;29;26;19
72.0;18;19;18;29;44;19;31;25;17
78.0;15;25;20;27;43;19;30;25;16
84.0;14;21;22;29;45;22;28;24;15
90.0;14;20;24;29;45;22;27;24;15
96.0;15;18;26;29;46;23;26;23;14
102.0;15;18;27;29;46;25;25;21;14
108.0;16;18;26;29;46;26;25;19;15
114.0;16;19;22;30;47;28;23;20;15
120.0;14;21;20;32;48;29;18;23;15
126.0;15;23;22;29;48;28;18;21;16
132.0;19;20;19;29;47;29;19;20;18
138.0;19;20;16;30;47;29;18;20;21
144.0;18;21;14;29;48;28;19;21;22
150.0;19;20;13;26;51;28;19;24;20
156.0;19;20;12;24;52;29;19;26;19
162.0;17;23;12;24;52;27;19;25;21
168.0;18;23;13;22;52;27;19;26;20
174.0;17;23;11;22;52;29;18;29;19
180.0;18;23;11;26;52;28;18;27;17
186.0;17;23;11;26;53;27;17;29;17
192.0;16;24;12;26;52;25;17;28;20
198.0;17;23;10;25;57;24;18;26;20
204.0;18;24;11;26;58;22;17;26;18
210.0;19;25;12;24;60;19;17;27;17
216.0;16;26;14;23;61;19;17;26;18
222.0;15;27;14;23;61;21;16;26;17
228.0;17;29;12;22;61;20;16;26;17
234.0;16;30;13;21;62;20;14;27;17
240.0;13;33;14;22;66;19;10;26;17
246.0;13;35;15;21;66;19;10;25;16
252.0;14;35;14;22;66;19;10;26;14
258.0;15;37;15;18;65;20;10;27;13
264.0;15;35;16;19;65;21;9;28;12
270.0;12;34;14;18;66;23;10;28;15
276.0;12;36;12;18;65;22;12;29;14
282.0;13;33;14;16;64;23;14;29;14
288.0;12;33;16;18;64;24;14;28;11
294.0;10;34;14;21;67;22;13;27;12
300.0;13;35;14;19;67;22;15;25;10
306.0;13;34;14;20;66;21;15;24;13
312.0;15;33;12;21;66;21;17;23;12
318.0;15;33;13;21;66;21;17;23;11
324.0;14;31;12;19;66;23;17;26;12
330.0;14;28;14;19;66;22;18;26;13
336.0;15;28;11;19;67;23;16;27;14
342.0;14;26;11;18;72;22;14;29;14
348.0;15;25;12;18;73;22;12;30;13
354.0;15;25;11;17;74;22;11;30;15
360.0;18;25;9;19;73;21;10;28;17
366.0;18;25;10;21;73;21;8;29;15
372.0;21;22;11;20;74;22;7;29;14
378.0;21;25;8;21;75;22;6;30;12
384.0;21;27;10;23;74;20;7;26;12
390.0;21;28;10;23;73;19;7;27;12
396.0;16;30;10;24;73;22;6;27;12
402.0;16;31;9;23;72;24;5;26;14
408.0;16;28;10;20;76;24;4;28;14
414.0;16;28;11;21;74;22;5;29;14
420.0;15;28;12;22;74;23;6;27;13
426.0;15;27;12;23;74;22;5;28;14
432.0;13;27;13;25;74;22;4;27;15
438.0;13;27;11;26;75;21;4;26;17
444.0;13;29;13;24;72;17;6;30;16
450.0;12;30;11;23;72;19;9;29;15
456.0;11;29;10;21;74;19;12;29;15
462.0;13;29;12;23;74;17;11;28;13
468.0;13;29;11;21;77;18;9;29;13
474.0;13;28;12;21;78;20;8;27;13
480.0;14;28;10;21;80;19;11;26;11
486.0;14;29;13;16;81;17;11;27;12
492.0;13;29;14;17;81;17;11;27;11
498.0;10;27;15;19;82;20;10;26;11
504.0;9;26;14;19;82;23;11;27;9
510.0;10;24;12;21;83;24;10;27;9
516.0;13;23;10;20;83;27;9;27;8
522.0;10;25;10;21;82;29;8;27;8
528.0;12;28;10;21;80;28;4;29;8
534.0;11;27;10;23;78;25;8;31;7
540.0;10;28;12;22;80;24;8;29;7
546.0;11;27;10;24;81;24;9;26;8
552.0;11;27;11;24;81;24;10;24;8
558.0;12;25;9;26;81;23;11;24;9
564.0;10;27;9;26;80;23;12;26;7
570.0;10;27;9;24;82;24;11;25;8
576.0;9;27;9;24;84;23;10;25;9
582.0;8;27;11;23;85;23;10;24;9
588.0;9;26;12;24;86;25;8;23;7
594.0;7;26;12;27;87;25;6;22;8
600.0;7;26;12;25;86;24;7;24;9
606.0;8;26;10;24;87;26;7;25;7
612.0;10;26;8;24;87;25;6;25;9
618.0;7;26;10;24;89;26;5;24;9
624.0;7;25;9;24;88;28;8;23;8
630.0;6;25;11;24;89;28;6;20;11
636.0;7;24;11;23;90;27;6;20;12
642.0;8;25;10;20;93;26;6;19;13
648.0;10;25;13;20;91;26;6;18;11
654.0;8;23;15;19;95;27;6;17;10
660.0;7;20;14;22;94;27;9;18;9
666.0;5;17;16;22;94;29;9;18;10
672.0;5;18;14;22;94;28;8;19;12
678.0;9;18;16;21;95;23;6;20;12
684.0;8;17;18;20;93;23;9;20;12
690.0;9;18;15;21;92;24;9;20;12
696.0;9;18;15;20;94;20;11;20;13
702.0;9;19;13;20;92;24;11;20;12
708.0;10;20;11;19;94;25;9;18;14
714.0;12;21;10;17;94;25;10;17;14
720.0;13;21;11;17;92;23;12;17;14
726.0;13;21;13;18;91;20;12;18;14
732.0;12;20;12;18;93;19;13;20;13
738.0;11;19;12;17;92;19;14;22;14
744.0;12;20;14;15;93;19;14;20;13
750.0;11;21;15;16;92;20;13;20;12
756.0;12;20;14;17;91;20;14;21;11
762.0;12;20;13;17;92;19;14;24;9
768.0;12;21;12;17;91;18;15;23;11
774.0;8;20;16;19;92;19;16;19;11
780.0;9;22;14;15;94;19;17;18;12
786.0;8;20;15;16;94;20;17;18;12
792.0;9;21;14;17;93;21;18;16;11
798.0;9;20;18;20;92;21;16;14;10
804.0;10;19;17;20;90;23;15;13;13
810.0;9;19;18;20;90;22;16;13;13
816.0;10;18;17;19;94;21;15;14;12
822.0;10;18;16;18;97;21;14;15;11
828.0;10;18;15;18;96;22;15;17;9
834.0;14;17;12;18;96;22;16;17;8
840.0;14;17;12;19;97;22;14;17;8
846.0;14;17;15;19;94;21;15;18;7
852.0;13;17;13;17;96;22;14;17;11
858.0;13;16;15;17;98;19;12;17;13
864.0;15;16;18;16;98;16;12;16;13
870.0;14;19;18;17;98;15;13;16;10
876.0;14;20;17;18;99;16;12;16;8
882.0;13;21;18;17;98;18;12;16;7
888.0;11;22;18;15;97;18;13;16;10
894.0;10;22;19;14;97;18;13;14;13
900.0;9;21;21;14;98;17;12;14;14
906.0;11;21;16;14;99;18;12;16;13
912.0;11;20;16;14;99;21;12;16;11
918.0;9;21;14;16;100;21;14;14;11
924.0;11;20;16;14;100;22;11;15;11
930.0;11;20;15;15;100;23;12;15;9
936.0;12;19;14;15;100;23;12;16;9
942.0;12;19;11;16;101;24;11;17;9
948.0;12;18;12;14;102;25;11;17;9
954.0;13;17;11;16;103;23;12;15;10
960.0;13;18;12;14;103;26;9;15;10
966.0;13;18;11;14;104;26;10;15;9
972.0;11;20;13;13;106;24;11;15;7
978.0;11;20;12;13;105;24;12;16;7
984.0;10;20;13;13;106;23;12;17;6
990.0;11;21;12;12;106;21;13;16;8
996.0;10;21;14;13;106;21;10;16;9
1002.0;11;22;15;13;104;20;10;16;9
1008.0;12;22;17;14;103;20;8;15;9
1014.0;12;22;14;14;103;18;8;17;12
1020.0;9;24;15;14;103;20;8;18;9
1026.0;8;23;15;13;104;21;9;17;10
1032.0;8;22;14;14;104;21;10;17;10
1038.0;6;23;15;14;104;22;10;16;10
1044.0;9;23;14;13;103;21;8;17;12
1050.0;10;21;11;13;107;21;7;17;13
1056.0;12;21;11;14;107;20;6;16;13
1062.0;12;21;13;13;105;20;7;16;13
1068.0;9;24;14;14;105;19;6;16;13
1074.0;7;24;14;14;106;18;7;18;12
1080.0;6;25;14;16;105;19;8;15;12
1086.0;7;24;13;16;106;19;8;15;12
1092.0;7;22;12;15;108;20;8;17;11
1098.0;9;22;14;14;108;17;10;16;10
1104.0;9;20;14;16;107;17;9;17;11
1110.0;9;18;11;16;109;17;11;18;11
1116.0;9;18;9;15;110;17;11;21;10
1122.0;10;18;9;16;110;16;13;22;6
1128.0;10;18;8;16;111;17;12;22;6
1134.0;10;17;8;15;111;16;13;22;8
1140.0;9;18;11;16;111;15;11;22;7
1146.0;8;17;11;15;110;15;9;26;9
1152.0;9;18;11;15;111;16;8;25;7
1158.0;9;17;10;15;111;17;8;25;8
1164.0;8;17;10;17;110;17;11;21;9
1170.0;8;17;10;17;111;16;11;23;7
1176.0;5;19;9;17;111;15;10;25;9
1182.0;6;19;8;19;109;13;9;28;9
1188.0;6;21;6;20;110;13;7;30;7
1194.0;8;22;7;19;109;13;8;27;7
1200.0;9;24;7;19;110;13;7;25;6
1206.0;5;27;7;19;110;14;6;25;7
1212.0;4;28;6;18;109;14;9;24;8
1218.0;7;29;6;16;110;14;7;25;6
1224.0;7;28;6;16;111;12;8;22;10
1230.0;7;28;6;17;110;11;8;24;9
1236.0;7;29;7;15;108;11;7;26;10
1242.0;8;26;6;15;110;12;8;26;9
1248.0;10;25;8;15;109;12;7;26;8
1254.0;12;26;7;14;108;13;6;26;8
1260.0;12;27;10;12;108;11;5;28;7
1266.0;11;27;11;13;107;10;6;28;7
1272.0;10;27;10;14;105;10;6;28;10
1278.0;9;26;10;14;104;12;6;28;11
1284.0;9;25;11;13;105;15;5;28;9
1290.0;9;24;11;13;105;15;7;29;7
1296.0;8;24;11;13;105;14;8;30;7
1302.0;8;26;10;13;104;13;11;29;6
1308.0;10;24;8;13;105;16;11;26;7
1314.0;13;24;7;13;103;15;10;26;9
1320.0;12;25;7;15;101;15;10;26;9
1326.0;13;26;7;12;100;14;12;26;10
1332.0;13;26;8;9;99;12;15;27;11
1338.0;14;27;7;9;101;11;13;27;11
1344.0;13;27;7;10;99;11;14;28;11
1350.0;11;27;7;12;100;10;14;28;11
1356.0;10;28;7;12;99;11;16;26;11
1362.0;11;27;6;14;99;10;16;27;10
1368.0;13;27;7;13;99;10;14;28;9
1374.0;13;25;6;15;99;10;15;28;9
1380.0;14;25;8;15;100;12;13;25;8
1386.0;16;26;9;15;99;11;12;24;8
1392.0;15;26;9;16;101;10;12;25;6
1398.0;14;25;10;15;102;10;14;25;5
1404.0;13;26;10;15;103;10;11;24;8
1410.0;13;27;10;14;104;10;10;23;9
1416.0;14;23;11;14;104;11;10;25;8
1422.0;13;22;12;15;106;10;11;23;8
1428.0;14;22;10;17;105;13;10;22;7
1434.0;12;21;10;18;105;13;11;23;7
1440.0;13;24;8;17;103;12;12;23;8
1446.0;13;24;9;17;104;11;11;23;8
1452.0;11;24;10;16;106;10;11;25;7
1458.0;11;23;7;16;107;10;12;26;8
1464.0;10;19;7;16;107;12;12;29;8
1470.0;9;19;8;16;106;12;13;29;8
1476.0;9;20;8;15;105;13;13;29;8
1482.0;9;20;8;17;106;13;13;27;7
1488.0;8;18;8;18;105;17;13;26;7
1494.0;9;18;8;19;104;17;13;25;7
1500.0;9;17;9;19;102;19;12;27;6
1506.0;10;17;10;20;101;18;12;28;4
1512.0;10;17;9;17;102;18;13;29;5
1518.0;11;18;7;16;99;17;14;31;7
1524.0;11;18;8;16;99;17;15;29;7
1530.0;10;17;9;17;100;17;15;29;6
1536.0;9;19;11;17;99;17;13;29;6
1542.0;9;19;11;18;98;17;12;30;6
1548.0;11;18;8;18;99;17;13;30;6
1554.0;10;17;8;18;100;18;13;30;6
1560.0;11;19;9;17;100;17;16;26;5
1566.0;10;20;10;18;99;16;15;27;5
1572.0;10;17;9;18;99;16;14;30;7
1578.0;10;16;9;16;100;17;15;31;6
1584.0;12;16;8;16;101;16;16;30;5
1590.0;12;17;7;15;101;16;14;31;7
1596.0;14;17;7;15;101;17;14;29;6
1602.0;13;15;7;16;103;17;13;30;6
1608.0;13;14;7;17;104;19;13;28;5
1614.0;14;14;8;18;105;17;13;27;4
1620.0;14;13;9;19;103;18;11;29;4
1626.0;12;14;9;21;101;17;15;27;4
1632.0;12;15;11;20;101;16;15;24;6
1638.0;13;14;9;19;102;15;16;24;8
1644.0;14;15;9;19;102;16;15;21;9
1650.0;15;14;10;18;100;18;14;20;11
1656.0;13;17;10;16;100;19;13;20;12
1662.0;16;18;10;16;100;16;13;20;11
1668.0;15;19;10;17;100;16;12;20;11
1674.0;14;18;10;18;100;16;12;19;13
1680.0;15;18;10;18;98;17;13;18;13
1686.0;17;18;10;19;95;18;11;17;15
1692.0;15;18;11;19;95;18;15;16;13
1698.0;15;15;10;16;99;20;14;19;12
1704.0;15;15;10;13;99;23;15;18;12
1710.0;15;13;9;15;98;25;13;20;12
1716.0;15;15;9;15;97;24;12;22;11
1722.0;17;14;9;14;98;23;11;23;11
1728.0;16;16;9;14;98;25;9;22;11
1734.0;14;15;10;17;98;24;8;20;14
1740.0;17;15;10;20;97;23;6;19;13
1746.0;16;15;11;20;98;22;5;19;14
1752.0;14;15;12;17;100;22;5;20;15
1758.0;13;17;13;17;99;20;6;21;14
1764.0;11;19;11;15;99;20;6;22;17
1770.0;11;21;12;14;100;20;6;20;16
1776.0;9;19;11;16;101;22;7;21;14
1782.0;9;19;11;16;102;21;8;20;14
1788.0;9;22;12;17;99;20;9;17;15
1794.0;11;21;12;17;98;20;8;18;15
