#auto generated file!
12.0;36;41;39;61;31;48;37;40;47
18.0;38;41;40;62;34;45;34;41;45
24.0;38;44;37;61;35;43;32;45;45
30.0;33;47;38;65;37;42;32;45;41
36.0;35;43;38;67;37;44;35;43;38
42.0;36;42;43;66;39;43;33;46;32
48.0;34;41;38;68;45;43;34;49;28
54.0;37;43;37;65;47;42;33;51;25
60.0;33;48;36;63;50;39;34;53;24
66.0;33;49;37;59;50;39;34;53;26
72.0;34;47;40;58;55;38;31;51;26
78.0;35;46;40;57;56;45;26;52;23
84.0;34;46;37;62;59;45;24;51;22
90.0;26;48;39;60;60;43;22;56;26
96.0;28;45;38;57;62;44;20;56;30
102.0;31;46;40;55;64;40;23;56;25
108.0;29;46;39;59;65;41;22;55;24
114.0;31;42;39;59;67;38;24;56;24
120.0;32;42;35;60;66;40;22;58;25
126.0;29;41;33;61;68;42;22;59;25
132.0;33;43;28;57;72;41;22;59;25
138.0;30;44;27;53;75;41;24;61;25
144.0;27;46;28;51;77;43;21;61;26
150.0;28;51;27;51;77;45;19;61;21
156.0;25;46;28;50;82;46;21;60;22
162.0;25;45;29;50;83;46;22;58;22
168.0;22;45;31;51;84;46;21;59;21
174.0;23;46;29;48;84;46;20;61;23
180.0;21;46;28;48;86;49;21;59;22
186.0;23;43;30;49;93;47;16;56;23
192.0;22;40;31;47;96;48;18;54;24
198.0;21;38;32;46;99;46;20;53;25
204.0;21;37;35;44;100;45;23;50;25
210.0;20;37;31;45;100;46;25;51;25
216.0;19;37;29;45;105;45;25;50;25
222.0;19;39;29;46;108;47;24;46;22
228.0;21;40;30;47;109;48;22;42;21
234.0;21;43;31;44;113;46;22;38;22
240.0;23;42;32;41;114;43;23;40;22
246.0;28;42;26;41;115;39;24;44;21
252.0;26;45;24;40;117;41;22;44;21
258.0;23;44;25;40;121;41;22;41;23
264.0;25;44;23;40;123;41;22;39;23
270.0;26;46;22;39;121;40;25;40;21
276.0;24;46;19;35;123;42;27;44;20
282.0;25;45;22;33;124;45;26;40;20
288.0;26;46;20;33;125;45;24;39;22
294.0;28;46;22;37;127;42;23;37;18
300.0;28;42;22;38;128;44;23;36;19
306.0;28;41;21;39;131;42;21;35;22
312.0;27;45;19;38;132;42;20;36;21
318.0;29;44;20;39;132;41;19;36;20
324.0;27;46;20;44;133;38;16;37;19
330.0;26;49;18;45;136;32;16;40;18
336.0;25;48;19;44;137;30;17;39;21
342.0;28;46;19;44;136;29;19;40;19
348.0;29;48;18;44;138;29;18;36;20
354.0;28;47;17;46;135;31;17;39;20
360.0;25;46;19;46;136;30;16;40;22
366.0;24;45;19;45;135;32;17;40;23
372.0;25;40;22;47;135;30;16;44;21
378.0;26;43;19;44;138;29;14;42;25
384.0;25;45;20;45;141;28;13;39;24
390.0;26;44;20;45;142;28;13;39;23
396.0;23;47;19;46;144;27;16;36;22
402.0;24;48;20;47;146;27;15;35;18
408.0;27;47;20;46;145;24;15;39;17
414.0;28;49;19;43;144;23;16;39;19
420.0;26;50;19;43;143;23;16;39;21
426.0;23;47;19;41;141;26;16;43;24
432.0;23;45;18;43;141;28;17;41;24
438.0;24;46;18;42;140;27;16;42;25
444.0;23;45;18;42;139;30;16;43;24
450.0;22;45;23;42;141;29;15;39;24
456.0;26;46;21;39;143;31;15;38;21
462.0;24;45;22;39;143;32;16;39;20
468.0;24;45;22;35;145;32;18;39;20
474.0;26;43;19;33;142;34;22;41;20
480.0;24;41;22;35;142;36;20;40;20
486.0;22;38;21;38;144;38;17;39;23
492.0;21;41;22;38;144;37;16;37;24
498.0;20;38;23;41;145;37;18;35;23
504.0;22;34;23;41;144;34;22;37;23
510.0;20;31;23;45;144;35;23;39;20
516.0;19;30;24;46;145;31;21;44;20
522.0;20;30;24;43;144;31;23;44;21
528.0;20;32;24;44;145;29;25;41;20
534.0;19;34;25;46;145;29;24;39;19
540.0;19;31;23;46;146;27;27;40;21
546.0;19;34;22;47;144;26;23;39;26
552.0;17;37;20;46;145;27;24;36;28
558.0;16;37;20;45;146;27;24;38;27
564.0;17;36;21;45;148;25;23;41;24
570.0;18;37;22;44;146;26;21;41;25
576.0;19;39;25;41;144;27;21;41;23
582.0;19;41;21;41;145;28;20;40;25
588.0;18;41;21;40;147;29;21;39;24
594.0;19;40;23;38;147;33;18;38;24
600.0;17;37;21;40;151;31;21;38;24
606.0;17;33;24;41;151;31;21;39;23
612.0;16;35;23;39;152;33;20;39;23
618.0;16;34;21;38;155;33;20;39;24
624.0;20;35;22;39;156;29;18;35;26
630.0;22;35;20;36;157;33;17;34;26
636.0;23;35;20;36;157;33;17;31;28
642.0;23;33;19;40;157;32;15;34;27
648.0;24;33;20;37;159;31;16;33;27
654.0;25;33;20;36;158;31;17;34;26
660.0;26;31;22;35;157;32;18;33;26
666.0;24;31;22;32;157;30;20;37;27
672.0;23;31;22;29;158;29;22;37;29
678.0;20;31;19;26;159;33;24;39;29
684.0;20;34;15;25;162;33;23;37;31
690.0;19;34;14;24;166;32;23;38;30
696.0;19;34;15;24;164;34;23;40;27
702.0;19;32;12;26;163;34;24;43;27
708.0;19;27;11;28;165;35;23;47;25
714.0;18;25;11;27;168;35;25;46;25
720.0;17;25;16;28;167;35;21;45;26
726.0;13;26;15;32;166;35;21;51;21
732.0;16;26;15;34;165;33;20;53;18
738.0;15;27;14;32;166;32;21;53;20
744.0;15;28;16;30;167;29;20;55;20
750.0;14;27;16;28;168;31;21;55;20
756.0;14;29;13;28;168;30;21;58;19
762.0;16;29;12;28;167;33;21;57;17
768.0;15;28;12;27;168;32;20;60;18
774.0;14;27;14;27;168;31;23;57;19
780.0;16;28;14;29;171;31;20;57;14
786.0;16;29;15;30;172;30;20;54;14
792.0;16;35;14;29;172;33;20;48;13
798.0;16;37;14;30;172;34;20;45;12
804.0;16;36;14;30;174;36;22;42;10
810.0;18;36;15;29;173;36;21;42;10
816.0;18;35;16;29;174;36;23;40;9
822.0;19;34;18;29;175;37;22;38;8
828.0;19;34;17;27;177;38;21;39;8
834.0;19;34;18;26;177;37;21;40;8
840.0;17;35;20;25;179;37;18;41;8
846.0;17;35;20;25;178;34;18;43;10
852.0;19;38;18;26;175;35;17;43;9
858.0;18;35;19;27;176;33;17;44;11
864.0;16;35;18;28;180;33;18;44;8
870.0;15;35;15;33;181;33;14;43;11
876.0;16;37;12;35;181;33;14;41;11
882.0;17;38;12;33;179;33;14;42;12
888.0;15;36;12;32;181;32;17;43;12
894.0;15;37;11;32;181;31;16;45;12
900.0;15;38;11;35;178;32;13;44;14
906.0;14;35;11;35;180;29;14;45;17
912.0;13;35;12;36;180;31;10;45;18
918.0;13;37;12;36;179;30;10;46;17
924.0;13;39;14;36;177;30;7;45;19
930.0;17;40;15;33;174;31;10;43;17
936.0;18;41;15;31;174;34;9;38;20
942.0;15;40;15;32;174;33;11;39;21
948.0;14;42;14;35;172;32;12;40;19
954.0;14;41;13;37;171;33;12;39;20
960.0;13;40;15;33;170;34;16;39;20
966.0;12;43;13;34;170;33;16;37;22
972.0;12;43;12;32;172;33;16;36;24
978.0;13;42;12;29;172;36;17;36;23
984.0;12;42;13;27;173;37;18;35;23
990.0;13;41;12;26;171;36;18;38;25
996.0;12;41;14;27;174;36;15;39;22
1002.0;9;41;15;27;175;34;16;40;23
1008.0;9;43;15;29;174;35;14;39;22
1014.0;11;43;17;28;173;34;14;39;21
1020.0;13;44;14;25;173;35;14;41;21
1026.0;14;42;11;28;173;33;18;41;20
1032.0;13;41;11;30;173;34;18;41;19
1038.0;13;40;8;31;171;37;19;41;20
1044.0;12;42;6;33;170;38;18;41;20
1050.0;10;41;7;32;168;37;21;40;24
1056.0;13;37;7;31;167;36;23;42;24
1062.0;12;37;8;31;167;36;23;42;24
1068.0;13;37;7;31;164;37;21;45;25
1074.0;15;36;9;28;165;35;21;44;27
1080.0;17;33;9;28;164;38;20;44;27
1086.0;18;32;9;26;168;40;16;42;29
1092.0;16;34;10;27;167;38;18;42;28
1098.0;15;33;8;28;168;39;18;41;30
1104.0;17;34;7;26;168;42;18;40;28
1110.0;16;36;8;30;168;38;17;40;27
1116.0;15;35;8;30;170;40;20;38;24
1122.0;15;31;10;31;171;44;15;39;24
1128.0;12;34;12;32;169;44;13;40;24
1134.0;15;32;11;34;169;40;13;40;26
1140.0;18;31;7;36;171;38;13;41;25
1146.0;19;28;7;37;172;37;14;44;22
1152.0;18;31;8;37;174;37;14;41;20
1158.0;19;33;10;35;171;39;15;40;18
1164.0;19;31;12;33;173;41;12;38;21
1170.0;17;29;14;33;174;42;12;40;19
1176.0;17;28;18;31;176;44;12;34;20
1182.0;16;29;17;33;179;40;14;31;21
1188.0;17;29;17;34;177;40;14;30;22
1194.0;19;28;14;37;178;37;15;31;21
1200.0;20;27;13;36;176;35;17;35;21
1206.0;21;26;13;34;178;38;14;35;21
1212.0;19;25;14;38;175;39;14;36;20
1218.0;18;25;15;35;176;40;15;37;19
1224.0;18;25;16;35;175;38;16;38;19
1230.0;18;25;18;34;177;36;18;34;20
1236.0;15;24;14;34;178;39;18;35;23
1242.0;17;23;15;34;177;42;17;35;20
1248.0;16;25;15;34;175;40;21;35;19
1254.0;14;27;17;31;176;42;20;36;17
1260.0;17;26;17;33;171;43;17;40;16
1266.0;19;24;15;32;171;45;16;41;17
1272.0;18;25;14;35;170;44;18;39;17
1278.0;20;26;13;33;172;44;19;36;17
1284.0;17;26;13;31;171;45;18;42;17
1290.0;20;26;9;33;170;45;20;40;17
1296.0;21;29;9;32;167;46;19;39;18
1302.0;21;32;9;32;166;46;18;40;16
1308.0;18;35;10;32;167;51;19;34;14
1314.0;17;35;11;27;167;53;19;35;16
1320.0;20;34;11;27;164;53;22;36;13
1326.0;20;34;11;29;165;49;21;36;15
1332.0;22;33;11;32;166;51;21;32;12
1338.0;20;35;12;31;166;50;20;34;12
1344.0;20;35;10;30;166;46;20;37;16
1350.0;20;36;10;28;167;45;19;39;16
1356.0;21;33;9;30;168;44;22;39;14
1362.0;20;30;9;32;168;44;21;40;16
1368.0;21;27;10;33;166;44;22;42;15
1374.0;18;29;11;33;167;43;24;42;13
1380.0;19;29;11;33;167;43;22;43;13
1386.0;20;31;14;31;165;40;19;44;16
1392.0;14;30;17;33;167;41;16;43;19
1398.0;13;31;16;35;167;42;16;41;19
1404.0;12;31;19;36;167;40;15;41;19
1410.0;12;31;19;36;166;39;16;44;17
1416.0;11;31;19;35;167;38;12;46;21
1422.0;12;32;22;33;169;37;12;43;20
1428.0;11;35;16;34;170;40;12;39;23
1434.0;10;35;19;33;170;37;15;39;22
1440.0;8;36;21;31;172;41;11;40;20
1446.0;10;33;23;32;171;39;15;37;20
1452.0;11;28;25;36;170;39;17;37;17
1458.0;11;30;23;35;169;36;17;41;18
1464.0;13;32;26;34;170;33;17;41;14
1470.0;18;31;21;34;169;33;17;40;17
1476.0;18;30;20;38;170;30;15;39;20
1482.0;18;29;20;36;173;29;18;35;22
1488.0;20;30;19;33;173;29;19;35;22
1494.0;19;31;18;27;172;34;22;35;22
1500.0;21;32;17;29;177;35;17;31;21
1506.0;21;32;14;29;178;34;17;33;22
1512.0;18;29;15;32;180;33;16;35;22
1518.0;20;29;16;30;179;31;19;34;22
1524.0;19;29;19;32;178;30;16;38;19
1530.0;18;29;20;36;179;29;15;36;18
1536.0;18;30;17;36;179;31;15;36;18
1542.0;20;28;13;38;180;31;17;37;16
1548.0;18;30;14;39;183;30;17;35;14
1554.0;14;30;13;39;184;35;17;33;15
1560.0;13;32;12;34;185;34;20;36;14
1566.0;13;34;14;37;184;31;18;36;13
1572.0;15;31;18;39;181;30;20;34;12
1578.0;16;28;19;40;182;31;20;33;11
1584.0;15;31;21;38;179;34;19;32;11
1590.0;21;30;19;36;179;34;18;31;12
1596.0;20;30;16;39;179;34;18;31;13
1602.0;22;30;13;37;179;37;16;31;15
1608.0;21;30;11;36;181;38;17;32;14
1614.0;24;26;12;37;179;40;14;31;17
1620.0;22;25;14;38;178;40;11;32;20
1626.0;22;28;15;34;178;38;11;31;23
1632.0;16;31;18;32;180;38;11;29;25
1638.0;15;29;17;33;179;40;14;27;26
1644.0;16;29;20;34;177;39;13;28;24
1650.0;18;28;21;34;179;35;13;28;24
1656.0;18;28;18;38;179;38;13;25;23
1662.0;17;28;20;40;177;37;12;28;21
1668.0;17;26;19;41;175;39;14;28;21
1674.0;17;25;18;41;176;41;16;28;18
1680.0;16;25;17;40;179;43;16;29;15
1686.0;17;28;18;38;178;41;16;29;15
1692.0;15;29;18;40;177;39;17;31;14
1698.0;15;28;20;34;178;39;16;30;20
1704.0;17;26;22;32;179;38;17;26;23
1710.0;17;26;21;31;179;38;16;28;24
1716.0;18;27;19;30;184;36;10;29;27
1722.0;19;27;17;32;183;35;12;30;25
1728.0;19;27;17;33;182;34;14;31;23
1734.0;19;30;16;34;185;31;13;32;20
1740.0;19;31;17;35;186;29;12;31;20
1746.0;21;32;18;33;185;30;10;32;19
1752.0;20;30;20;33;186;28;11;31;21
1758.0;18;31;17;38;188;30;9;31;18
1764.0;13;33;18;34;192;32;8;33;17
1770.0;14;33;19;36;190;31;9;31;17
1776.0;13;35;19;35;190;29;11;31;17
1782.0;14;34;20;34;190;29;13;31;15
1788.0;15;34;21;34;189;28;12;32;15
1794.0;14;34;22;36;188;25;12;32;17
