#auto generated file!
12.0;44;45;45;39;46;52;26;46;47
18.0;43;46;45;36;44;55;30;45;46
24.0;41;44;45;32;50;57;33;48;40
30.0;43;45;45;32;49;57;33;47;39
36.0;40;45;46;35;52;58;29;53;32
42.0;39;45;46;37;56;56;29;52;30
48.0;38;43;46;38;61;60;29;51;24
54.0;37;44;44;35;65;58;28;51;28
60.0;34;49;40;35;66;58;30;52;26
66.0;33;46;37;38;69;56;30;54;27
72.0;34;47;35;38;71;53;30;56;26
78.0;30;46;37;38;73;54;27;58;27
84.0;28;44;37;41;77;53;28;54;28
90.0;30;41;36;39;82;52;30;55;25
96.0;31;45;33;41;81;50;29;56;24
102.0;27;48;35;41;84;49;27;54;25
108.0;28;46;34;41;88;48;28;51;26
114.0;26;45;33;41;89;48;30;53;25
120.0;26;45;31;38;92;51;30;52;25
126.0;25;44;27;35;95;51;35;52;26
132.0;25;43;28;35;99;52;33;50;25
138.0;27;46;25;35;97;55;32;51;22
144.0;28;47;23;35;96;49;29;55;28
150.0;26;50;27;34;97;52;24;51;29
156.0;27;48;25;39;98;52;22;51;28
162.0;28;46;25;39;100;51;20;51;30
168.0;32;43;25;39;100;51;21;49;30
174.0;32;44;25;36;103;48;23;48;31
180.0;33;44;27;39;104;46;23;48;26
186.0;33;42;29;40;105;44;20;48;29
192.0;29;47;31;39;107;43;22;44;28
198.0;29;47;31;36;110;41;22;45;29
204.0;28;44;32;36;112;44;24;47;23
210.0;31;44;32;36;112;43;25;46;21
216.0;28;46;33;34;114;44;24;47;20
222.0;26;43;33;29;117;46;26;49;21
228.0;28;43;28;31;120;48;23;47;22
234.0;30;44;31;30;120;42;24;50;19
240.0;30;41;30;28;119;44;24;54;20
246.0;30;40;29;32;120;46;23;50;20
252.0;30;42;30;33;119;48;20;49;19
258.0;28;40;29;37;121;49;21;47;18
264.0;24;38;31;38;123;54;20;42;20
270.0;28;35;28;39;125;52;18;44;21
276.0;27;36;25;39;128;52;21;43;19
282.0;28;35;23;41;128;53;22;41;19
288.0;27;36;22;42;129;53;19;39;23
294.0;27;39;27;39;129;51;18;39;21
300.0;28;38;22;40;133;49;20;39;21
306.0;30;36;21;39;133;48;21;41;21
312.0;26;35;22;41;138;46;19;40;23
318.0;24;34;21;40;141;47;19;41;23
324.0;23;33;20;42;140;50;16;41;25
330.0;24;30;21;43;142;50;14;41;25
336.0;21;30;22;45;142;53;13;40;24
342.0;20;30;22;43;142;56;16;39;22
348.0;20;31;19;41;144;57;18;37;23
354.0;19;33;19;38;145;58;19;37;22
360.0;20;32;18;38;145;62;20;37;18
366.0;20;31;21;39;144;60;21;34;20
372.0;18;33;20;39;143;61;22;35;19
378.0;19;34;22;39;142;59;20;36;19
384.0;20;36;20;38;142;57;20;37;20
390.0;19;40;20;38;141;54;21;34;23
396.0;19;43;22;35;138;54;25;33;21
402.0;21;42;26;37;138;51;24;31;20
408.0;21;42;29;39;137;50;21;32;19
414.0;21;41;28;39;136;49;21;32;23
420.0;22;43;27;37;135;48;22;33;23
426.0;21;44;26;37;137;48;24;32;21
432.0;23;43;27;36;139;46;23;30;23
438.0;23;45;26;38;139;49;21;31;18
444.0;22;45;27;39;139;48;19;32;19
450.0;23;44;27;36;142;51;18;30;19
456.0;23;45;27;36;143;49;19;31;17
462.0;21;44;26;36;143;51;20;31;18
468.0;21;44;27;39;143;48;20;29;19
474.0;24;46;25;37;147;46;16;29;20
480.0;21;46;24;37;149;46;17;30;20
486.0;21;45;24;37;150;47;15;30;21
492.0;22;47;22;38;150;43;18;29;21
498.0;22;48;22;38;146;42;20;30;22
504.0;20;48;22;42;143;41;20;31;23
510.0;21;47;22;43;139;41;19;33;25
516.0;21;48;24;38;139;41;19;36;24
522.0;21;46;22;38;140;42;19;39;23
528.0;23;48;22;37;141;36;19;39;25
534.0;20;46;21;37;143;34;20;41;28
540.0;22;47;21;38;142;33;21;39;27
546.0;21;44;24;39;139;32;21;40;30
552.0;25;42;21;36;139;35;22;42;28
558.0;23;42;20;35;142;33;20;44;31
564.0;23;40;20;42;144;36;18;42;25
570.0;20;39;23;46;147;31;18;42;24
576.0;23;39;25;44;145;31;18;42;23
582.0;21;38;24;43;146;35;19;41;23
588.0;21;42;26;38;144;37;21;40;21
594.0;22;41;26;37;146;38;23;36;21
600.0;19;43;26;39;149;37;20;36;21
606.0;18;43;25;41;151;37;21;35;19
612.0;18;45;18;42;151;40;24;37;15
618.0;19;44;20;41;149;43;21;37;16
624.0;19;40;19;43;147;45;23;37;17
630.0;20;43;16;41;152;45;20;39;14
636.0;19;41;16;39;154;44;23;40;14
642.0;17;42;13;39;157;46;21;39;16
648.0;19;42;14;40;153;46;21;40;15
654.0;19;43;14;38;152;45;22;42;15
660.0;18;41;14;40;153;45;19;40;20
666.0;18;40;18;39;152;45;20;39;19
672.0;19;38;17;38;154;47;21;37;19
678.0;19;39;19;39;155;47;18;37;17
684.0;21;40;18;39;157;46;14;37;18
690.0;20;38;18;42;157;44;16;35;20
696.0;19;38;23;39;157;45;14;35;20
702.0;20;37;23;42;155;44;16;36;17
708.0;20;40;24;44;153;42;13;38;16
714.0;19;40;25;44;154;43;14;37;14
720.0;19;36;24;44;154;44;13;38;18
726.0;17;36;23;47;155;42;15;36;19
732.0;15;36;25;47;155;41;13;39;19
738.0;18;35;23;51;155;39;12;36;21
744.0;18;35;22;51;155;41;11;38;19
750.0;21;34;22;51;155;42;9;38;18
756.0;21;30;21;55;156;42;11;37;17
762.0;17;31;20;55;155;45;13;36;18
768.0;16;34;19;54;156;47;14;33;17
774.0;17;36;20;55;155;47;13;33;14
780.0;17;38;18;53;156;47;12;34;15
786.0;17;38;17;53;156;48;13;33;15
792.0;18;39;19;54;151;47;14;33;15
798.0;22;40;19;49;152;49;13;31;15
804.0;21;39;21;49;153;49;13;31;14
810.0;20;41;20;48;154;52;11;33;11
816.0;21;39;19;45;156;50;12;34;14
822.0;21;37;18;45;157;49;11;32;20
828.0;21;37;19;42;157;51;13;33;17
834.0;23;34;18;43;156;54;13;33;16
840.0;22;34;17;47;155;51;11;36;17
846.0;25;36;16;44;156;52;10;34;17
852.0;26;37;15;43;158;49;11;33;18
858.0;27;38;17;40;160;49;10;32;17
864.0;26;39;15;41;160;49;10;31;19
870.0;26;35;16;40;160;50;13;32;18
876.0;24;35;15;40;163;50;13;33;17
882.0;21;38;17;40;164;51;14;28;17
888.0;23;38;18;42;163;47;14;29;16
894.0;23;35;16;43;168;47;15;28;15
900.0;24;33;15;40;170;49;15;29;15
906.0;24;32;15;40;170;49;15;28;17
912.0;23;34;14;37;172;43;15;31;21
918.0;23;34;13;34;176;43;16;31;20
924.0;22;38;11;35;177;42;15;30;20
930.0;21;39;13;37;173;41;15;33;18
936.0;21;35;13;36;173;41;15;36;20
942.0;21;37;14;38;173;37;15;35;20
948.0;19;35;14;38;170;37;17;37;23
954.0;15;38;16;37;167;38;16;38;25
960.0;16;37;16;36;168;41;16;36;24
966.0;17;38;17;35;170;40;16;35;22
972.0;18;38;17;35;171;40;16;36;19
978.0;18;41;18;37;169;38;16;34;19
984.0;17;41;15;37;168;37;17;36;22
990.0;19;40;16;34;167;39;15;36;24
996.0;19;39;16;31;167;38;16;37;27
1002.0;21;37;16;32;167;39;15;38;25
1008.0;18;35;16;35;170;39;14;37;26
1014.0;16;34;16;35;169;42;15;39;24
1020.0;18;31;16;32;172;44;14;42;21
1026.0;18;27;16;33;172;41;16;45;22
1032.0;18;28;19;34;169;39;19;45;19
1038.0;16;29;18;34;166;42;19;46;20
1044.0;16;28;18;35;166;40;20;46;21
1050.0;16;30;17;34;164;42;22;44;21
1056.0;16;31;19;35;162;43;21;43;20
1062.0;17;30;19;36;163;42;24;40;19
1068.0;16;28;21;37;163;41;23;43;18
1074.0;19;27;22;33;162;45;24;41;17
1080.0;16;27;23;32;166;42;26;42;16
1086.0;14;30;21;31;166;43;25;42;18
1092.0;14;30;24;32;165;44;23;41;17
1098.0;15;30;26;32;166;41;18;43;19
1104.0;13;31;29;33;164;43;16;42;19
1110.0;13;34;25;31;165;43;17;45;17
1116.0;15;33;25;31;163;43;18;47;15
1122.0;14;34;23;31;160;43;19;49;17
1128.0;16;34;20;33;161;43;18;47;18
1134.0;16;30;22;34;160;44;19;47;18
1140.0;12;30;20;38;162;43;18;47;20
1146.0;11;31;20;38;161;42;19;47;21
1152.0;8;33;18;39;160;44;20;48;20
1158.0;10;31;23;38;163;43;19;45;18
1164.0;13;26;23;42;163;43;17;44;19
1170.0;13;29;23;43;162;42;15;44;19
1176.0;12;29;21;40;159;47;18;44;20
1182.0;13;32;19;41;160;46;18;41;20
1188.0;18;30;18;37;158;48;21;40;20
1194.0;18;30;21;38;156;46;22;40;19
1200.0;19;32;22;36;155;45;24;40;17
1206.0;21;33;21;36;155;47;23;41;13
1212.0;21;35;23;38;153;45;21;42;12
1218.0;21;36;22;40;152;45;22;40;12
1224.0;21;37;18;41;149;47;23;42;12
1230.0;21;37;18;40;149;49;23;41;12
1236.0;20;35;22;40;150;45;23;43;12
1242.0;24;34;19;38;152;45;23;43;12
1248.0;23;34;20;37;153;45;22;43;13
1254.0;21;37;20;33;154;49;22;42;12
1260.0;19;37;17;34;155;48;25;43;12
1266.0;21;37;19;34;155;46;25;41;12
1272.0;20;37;21;32;156;45;26;41;12
1278.0;18;34;21;35;154;48;25;43;12
1284.0;22;33;18;34;157;46;23;46;11
1290.0;22;35;19;33;156;44;27;41;13
1296.0;23;35;18;30;156;44;26;44;14
1302.0;23;37;22;29;154;43;27;40;15
1308.0;21;37;26;31;153;45;25;39;13
1314.0;14;38;25;32;155;41;32;38;15
1320.0;14;41;24;31;153;42;28;41;16
1326.0;14;42;25;30;153;41;27;38;20
1332.0;15;43;22;30;151;44;29;37;19
1338.0;18;43;22;30;151;44;26;38;18
1344.0;19;42;22;31;152;43;28;36;17
1350.0;17;45;23;33;152;41;27;35;17
1356.0;17;45;19;36;151;42;26;32;22
1362.0;15;46;18;36;153;39;28;32;23
1368.0;18;46;16;36;155;39;26;32;22
1374.0;17;46;16;36;160;39;23;34;19
1380.0;18;46;14;36;160;39;24;33;20
1386.0;19;44;15;34;160;41;23;32;22
1392.0;19;43;15;34;160;43;22;31;23
1398.0;18;44;17;34;162;42;21;31;21
1404.0;19;44;16;32;163;40;23;27;26
1410.0;23;44;17;31;163;37;23;27;25
1416.0;22;44;17;28;167;36;23;28;25
1422.0;22;47;18;24;167;34;24;27;27
1428.0;25;46;18;24;168;33;22;27;27
1434.0;24;44;18;24;168;34;22;30;26
1440.0;26;42;17;25;166;35;21;32;26
1446.0;28;40;18;27;166;35;18;32;26
1452.0;29;38;18;27;168;36;19;31;24
1458.0;25;36;16;31;169;37;21;32;23
1464.0;24;34;17;32;171;37;21;32;22
1470.0;21;36;17;30;173;38;24;29;22
1476.0;17;35;19;31;172;41;25;28;22
1482.0;18;36;19;33;172;39;20;33;20
1488.0;19;35;19;33;171;38;21;34;20
1494.0;21;32;18;31;173;40;20;34;21
1500.0;20;32;20;33;173;41;19;33;19
1506.0;19;32;20;29;173;39;26;33;19
1512.0;22;34;20;28;174;35;23;35;19
1518.0;21;32;22;25;174;41;19;37;19
1524.0;22;30;23;26;171;39;17;41;21
1530.0;18;29;25;31;171;35;18;43;20
1536.0;21;28;27;31;171;34;19;43;16
1542.0;20;29;26;30;172;37;20;41;15
1548.0;16;32;25;30;172;37;20;40;18
1554.0;19;29;23;27;172;38;20;42;20
1560.0;21;28;25;28;169;39;19;41;20
1566.0;22;28;25;27;171;37;17;43;20
1572.0;21;28;23;31;172;33;20;43;19
1578.0;19;29;25;30;173;32;17;44;21
1584.0;20;30;23;28;173;35;18;41;22
1590.0;19;33;24;29;173;32;18;42;20
1596.0;19;35;24;29;173;33;19;39;19
1602.0;18;37;26;29;173;34;18;38;17
1608.0;19;38;23;29;174;34;18;38;17
1614.0;18;39;21;27;174;35;20;38;18
1620.0;18;43;19;25;173;35;20;37;20
1626.0;18;40;18;26;174;35;19;38;22
1632.0;17;35;17;27;176;37;19;38;24
1638.0;19;34;16;28;175;36;21;38;23
1644.0;20;38;16;30;176;37;17;36;20
1650.0;20;37;16;35;175;39;15;35;18
1656.0;20;37;16;31;174;39;15;37;21
1662.0;19;38;18;31;176;41;15;32;20
1668.0;21;38;19;30;176;39;15;32;20
1674.0;22;38;13;34;177;38;15;31;22
1680.0;21;40;13;32;176;40;15;32;21
1686.0;21;42;13;33;176;39;17;33;16
1692.0;23;41;14;33;176;36;15;34;18
1698.0;22;40;12;32;177;38;14;36;19
1704.0;22;43;13;34;175;34;12;38;19
1710.0;20;46;13;35;176;33;11;38;18
1716.0;20;45;15;31;177;30;9;41;22
1722.0;19;48;14;29;177;30;12;39;22
1728.0;18;46;12;29;178;28;17;38;24
1734.0;19;47;12;28;180;28;16;37;23
1740.0;18;48;12;30;181;28;17;36;20
1746.0;16;48;17;31;182;27;14;36;19
1752.0;18;46;15;31;183;27;15;35;20
1758.0;16;47;16;30;184;28;14;34;21
1764.0;17;44;17;29;186;29;15;32;21
1770.0;19;43;16;28;185;27;20;31;21
1776.0;22;40;14;31;186;28;19;30;20
1782.0;21;40;14;32;183;28;21;30;21
1788.0;18;40;15;34;183;29;18;30;23
1794.0;19;40;14;36;183;27;18;29;24
