#auto generated file!
12.0;32;29;29;27;38;25;38;34;28
18.0;33;27;30;27;40;26;35;36;26
24.0;36;28;30;28;41;24;34;35;24
30.0;36;30;34;29;43;25;29;32;22
36.0;35;33;27;33;42;29;26;33;22
42.0;35;31;24;34;42;30;28;32;24
48.0;31;31;21;35;45;32;25;35;25
54.0;33;29;20;32;46;34;26;35;25
60.0;32;26;19;31;48;36;26;36;26
66.0;31;25;20;31;50;35;26;35;27
72.0;28;28;19;31;52;34;23;35;30
78.0;27;29;20;30;52;35;23;35;29
84.0;29;28;19;30;54;33;23;35;29
90.0;27;25;20;35;58;31;26;32;26
96.0;26;26;23;34;57;33;22;33;26
102.0;26;26;24;35;60;32;21;31;25
108.0;22;28;27;33;61;33;18;33;25
114.0;21;27;26;31;65;36;17;32;25
120.0;19;31;26;31;67;35;18;29;24
126.0;19;32;28;32;69;37;18;25;20
132.0;18;31;28;36;69;34;18;26;20
138.0;20;31;26;36;68;34;20;24;21
144.0;21;30;25;40;68;36;20;21;19
150.0;20;30;24;37;72;36;21;22;18
156.0;18;30;23;39;72;36;20;21;21
162.0;15;33;24;38;71;34;20;23;22
168.0;13;34;23;38;71;33;20;25;23
174.0;14;36;23;37;71;30;18;30;21
180.0;14;37;23;36;71;30;19;29;21
186.0;10;39;24;36;72;31;20;27;21
192.0;8;38;21;39;75;32;18;28;21
198.0;8;41;18;38;75;32;19;29;20
204.0;11;39;18;39;73;33;20;29;18
210.0;14;39;17;38;74;34;18;29;17
216.0;14;37;17;38;74;34;18;30;18
222.0;12;34;17;40;75;34;18;31;19
228.0;12;35;17;40;74;32;19;32;19
234.0;12;33;14;40;75;33;22;31;20
240.0;12;33;16;41;78;31;19;30;20
246.0;11;33;14;41;82;32;18;30;19
252.0;11;33;17;39;81;32;20;30;17
258.0;12;32;17;42;83;31;20;28;15
264.0;15;29;17;40;85;30;17;31;16
270.0;18;29;17;38;86;30;16;31;15
276.0;18;27;18;38;87;31;17;29;15
282.0;17;29;15;37;87;30;18;30;17
288.0;18;32;13;36;88;30;16;30;17
294.0;17;30;17;31;92;30;18;29;16
300.0;15;30;17;33;93;29;19;30;14
306.0;14;31;15;34;94;32;20;29;11
312.0;13;31;14;37;97;33;18;27;10
318.0;13;33;13;36;99;33;17;27;9
324.0;14;31;15;34;100;33;17;28;8
330.0;14;31;13;33;99;33;16;34;7
336.0;17;31;13;33;98;32;16;33;7
342.0;16;27;14;33;98;30;15;38;9
348.0;18;27;15;32;98;25;17;39;9
354.0;18;25;14;32;99;27;19;36;10
360.0;21;26;16;36;100;22;17;33;9
366.0;19;26;17;38;100;19;15;36;10
372.0;20;26;17;38;100;17;16;36;10
378.0;19;26;18;35;103;17;13;39;10
384.0;17;27;17;36;101;17;12;40;13
390.0;16;26;18;36;98;19;13;39;15
396.0;15;24;17;36;98;18;15;41;16
402.0;13;23;19;37;98;19;15;41;15
408.0;12;19;21;36;98;24;15;41;14
414.0;12;18;21;37;101;23;17;39;12
420.0;13;20;20;35;102;24;14;39;13
426.0;14;18;20;35;103;25;12;39;14
432.0;13;18;16;35;106;27;12;38;15
438.0;13;16;13;35;106;31;13;37;16
444.0;13;18;12;34;106;32;12;37;16
450.0;13;19;14;32;108;28;13;37;16
456.0;10;20;14;31;108;28;14;37;18
462.0;10;22;13;32;109;27;13;37;17
468.0;11;23;12;32;110;27;13;38;14
474.0;13;23;12;28;113;27;11;38;15
480.0;14;24;14;24;114;28;11;38;13
486.0;15;23;13;23;114;29;10;37;16
492.0;15;23;12;25;113;28;11;37;16
498.0;15;23;11;22;115;30;9;37;18
504.0;14;23;9;24;115;29;11;38;17
510.0;15;22;8;25;113;30;11;37;19
516.0;14;23;6;25;115;28;12;36;21
522.0;12;24;7;24;117;29;12;37;18
528.0;12;24;8;23;117;30;12;37;17
534.0;10;24;7;23;118;29;14;38;17
540.0;10;26;8;23;117;30;13;36;17
546.0;9;28;9;23;118;32;12;32;17
552.0;8;30;9;22;117;33;12;31;18
558.0;11;33;8;22;119;32;11;30;14
564.0;12;32;8;24;117;30;11;32;14
570.0;14;33;8;25;117;31;10;28;14
576.0;12;34;7;26;117;30;12;29;13
582.0;10;33;6;28;117;30;11;31;14
588.0;8;30;9;30;117;31;9;31;15
594.0;6;29;7;31;114;32;11;33;17
600.0;5;28;8;31;114;31;10;36;17
606.0;7;28;8;29;117;31;11;33;16
612.0;7;28;11;29;119;30;9;31;16
618.0;7;31;12;28;117;31;8;30;16
624.0;7;30;14;27;119;30;9;29;15
630.0;8;29;13;29;116;34;7;30;14
636.0;8;28;12;28;118;34;8;31;13
642.0;8;27;13;28;118;34;10;30;12
648.0;7;27;14;27;118;32;12;31;12
654.0;7;28;12;26;119;31;12;31;14
660.0;5;29;17;25;120;30;11;31;12
666.0;5;27;18;26;120;30;11;31;12
672.0;6;26;17;25;120;30;13;32;11
678.0;6;24;20;27;119;30;12;33;9
684.0;5;26;20;29;118;29;13;32;8
690.0;6;25;20;30;118;29;13;31;8
696.0;7;23;19;29;120;27;12;33;10
702.0;8;24;18;27;121;24;14;34;10
708.0;8;25;19;27;119;25;14;32;11
714.0;8;24;20;26;117;24;17;34;10
720.0;5;25;20;27;117;26;14;36;10
726.0;7;24;19;27;119;26;11;40;7
732.0;6;25;17;27;119;25;13;37;11
738.0;7;26;17;27;118;23;11;39;12
744.0;7;24;19;25;118;24;11;40;12
750.0;7;23;18;25;117;26;15;41;8
756.0;8;25;14;24;120;26;14;40;9
762.0;10;25;16;25;120;24;14;37;9
768.0;9;25;19;26;119;25;12;36;9
774.0;8;26;19;25;120;24;12;36;10
780.0;9;27;18;22;120;25;12;37;10
786.0;8;28;14;23;122;26;13;37;9
792.0;8;31;12;25;122;24;13;38;7
798.0;10;32;13;25;122;22;12;37;7
804.0;10;33;13;25;123;22;11;36;7
810.0;11;34;13;24;122;22;12;34;8
816.0;14;34;12;25;123;22;11;33;6
822.0;15;36;11;24;123;21;13;30;7
828.0;18;35;11;24;122;20;14;30;6
834.0;18;36;13;24;122;19;11;31;6
840.0;18;37;14;24;123;18;11;28;7
846.0;16;37;13;25;122;22;10;27;8
852.0;12;37;11;25;123;26;11;27;8
858.0;13;38;8;24;126;24;9;29;9
864.0;14;37;6;25;127;23;8;30;10
870.0;13;36;6;25;127;25;6;33;9
876.0;10;34;6;26;129;27;7;31;10
882.0;10;33;7;24;129;32;7;27;11
888.0;9;34;6;26;130;31;8;25;11
894.0;9;35;5;26;129;33;7;24;12
900.0;11;32;5;26;129;33;8;25;11
906.0;13;31;7;25;129;33;9;23;10
912.0;15;29;9;24;129;33;10;22;9
918.0;18;29;7;25;126;33;12;22;8
924.0;15;24;7;28;125;32;15;23;11
930.0;15;25;8;27;125;33;15;22;10
936.0;13;26;9;25;123;33;16;24;11
942.0;15;27;9;25;122;33;16;23;10
948.0;14;24;10;28;121;33;17;24;9
954.0;14;27;11;31;118;30;18;22;9
960.0;13;27;12;31;119;27;17;22;12
966.0;13;26;13;31;119;28;17;20;13
972.0;15;26;12;32;119;27;16;20;13
978.0;15;25;12;33;118;27;15;21;14
984.0;13;25;15;33;117;27;15;20;15
990.0;10;26;20;30;118;26;14;22;14
996.0;11;25;19;31;118;25;13;25;13
1002.0;10;29;18;28;119;28;14;23;11
1008.0;10;29;17;29;118;28;12;24;13
1014.0;12;28;15;30;115;27;14;26;13
1020.0;12;28;15;28;116;28;17;25;11
1026.0;12;28;20;28;117;23;15;27;10
1032.0;13;28;19;30;117;21;16;27;9
1038.0;14;28;17;30;116;23;16;28;8
1044.0;13;28;17;29;116;26;15;29;7
1050.0;12;30;15;30;115;27;12;30;9
1056.0;12;29;16;28;114;28;14;30;9
1062.0;12;29;15;28;115;29;15;29;8
1068.0;12;32;15;28;116;25;14;29;9
1074.0;11;29;17;26;117;24;13;33;10
1080.0;11;32;15;24;118;24;13;32;11
1086.0;11;34;13;25;121;22;12;33;9
1092.0;11;35;13;24;120;22;11;35;9
1098.0;11;33;15;25;119;24;12;31;10
1104.0;11;33;15;25;116;24;13;32;11
1110.0;10;31;13;27;118;23;12;35;11
1116.0;8;31;12;28;120;22;12;37;10
1122.0;8;30;12;27;121;22;13;35;12
1128.0;6;31;13;26;120;23;13;36;12
1134.0;6;32;13;25;121;23;11;36;13
1140.0;5;32;13;25;124;23;11;33;14
1146.0;5;32;10;26;123;24;10;34;16
1152.0;4;33;9;27;121;24;10;35;17
1158.0;5;30;10;25;122;24;10;37;17
1164.0;5;30;10;27;124;25;10;34;15
1170.0;6;29;12;26;123;25;10;34;15
1176.0;6;28;14;28;120;26;10;31;17
1182.0;5;28;15;27;121;27;10;31;16
1188.0;6;30;15;26;120;27;9;33;14
1194.0;6;30;16;26;118;24;9;35;16
1200.0;8;28;16;25;117;25;9;35;17
1206.0;8;25;16;26;119;25;10;35;16
1212.0;7;26;15;27;119;23;11;35;17
1218.0;6;24;17;28;119;23;11;36;16
1224.0;9;22;20;28;120;22;10;34;15
1230.0;8;23;19;27;121;22;10;33;17
1236.0;7;25;18;27;118;24;10;31;20
1242.0;9;23;18;26;117;24;10;33;20
1248.0;9;22;16;29;117;22;12;33;20
1254.0;9;23;17;28;116;23;12;32;20
1260.0;12;22;17;28;117;23;14;28;19
1266.0;15;26;15;28;116;21;13;27;19
1272.0;15;28;16;26;111;23;14;28;19
1278.0;15;29;13;28;112;21;12;29;21
1284.0;15;29;11;28;110;21;14;29;23
1290.0;13;30;10;27;111;24;12;28;25
1296.0;17;32;10;28;111;20;14;27;21
1302.0;15;32;11;26;112;21;14;27;22
1308.0;15;32;12;24;116;20;13;28;20
1314.0;14;31;14;26;113;21;13;28;20
1320.0;13;30;14;27;115;20;14;27;20
1326.0;16;27;17;27;116;19;11;27;20
1332.0;17;26;16;27;116;20;13;25;20
1338.0;15;26;15;28;116;20;16;24;20
1344.0;13;28;15;29;115;21;15;25;19
1350.0;12;30;14;30;115;22;11;26;20
1356.0;13;29;14;31;114;24;13;23;19
1362.0;12;29;16;30;115;24;11;24;19
1368.0;12;27;17;30;117;24;10;25;18
1374.0;12;28;17;32;118;23;11;24;15
1380.0;10;27;17;32;117;23;12;24;18
1386.0;9;29;18;30;118;23;11;25;17
1392.0;9;28;15;32;119;26;9;25;17
1398.0;9;28;14;33;120;28;8;22;18
1404.0;8;31;13;33;117;27;11;22;18
1410.0;9;30;13;34;118;25;12;22;17
1416.0;10;32;13;31;117;23;13;24;17
1422.0;10;31;14;35;115;22;11;25;17
1428.0;11;29;14;32;115;25;11;25;18
1434.0;14;28;13;31;117;24;13;23;17
1440.0;14;29;13;32;117;25;12;21;17
1446.0;15;27;16;32;118;23;11;19;19
1452.0;15;24;16;33;118;21;13;21;19
1458.0;13;24;17;30;119;23;13;22;19
1464.0;12;23;17;31;119;24;13;21;20
1470.0;12;21;13;31;121;26;14;24;18
1476.0;11;22;12;32;123;25;15;24;16
1482.0;12;20;15;30;123;24;15;25;16
1488.0;15;21;13;30;124;24;16;23;14
1494.0;14;22;15;33;126;21;14;22;13
1500.0;16;18;14;32;127;24;12;23;14
1506.0;17;20;14;28;127;24;10;25;15
1512.0;16;20;13;30;126;23;10;27;15
1518.0;13;19;14;32;127;23;9;28;15
1524.0;13;20;14;33;128;23;10;27;12
1530.0;12;19;11;36;127;24;10;29;12
1536.0;10;19;10;37;125;24;10;31;14
1542.0;9;21;12;36;123;25;12;29;13
1548.0;9;21;11;36;120;26;13;30;14
1554.0;9;22;13;36;118;27;12;30;13
1560.0;12;22;11;35;119;26;11;32;12
1566.0;12;21;12;34;118;25;12;33;13
1572.0;13;23;12;35;117;24;11;31;14
1578.0;13;23;12;34;118;26;11;29;14
1584.0;12;23;15;31;120;25;12;28;14
1590.0;11;22;16;31;120;26;15;25;14
1596.0;12;20;15;28;121;27;15;27;15
1602.0;11;18;16;30;121;30;14;27;13
1608.0;11;17;18;27;120;28;15;29;15
1614.0;10;17;20;26;122;27;15;28;15
1620.0;9;21;16;26;120;27;14;31;16
1626.0;10;21;14;26;122;29;13;29;16
1632.0;10;21;14;30;120;27;14;26;18
1638.0;11;21;13;30;119;28;13;29;16
1644.0;9;24;13;30;120;28;11;29;16
1650.0;10;24;15;29;122;28;9;29;14
1656.0;10;23;14;29;123;28;10;30;13
1662.0;11;24;12;29;121;28;11;32;12
1668.0;11;22;13;28;123;28;11;30;14
1674.0;12;22;13;28;123;28;14;29;11
1680.0;15;24;13;28;121;27;14;28;10
1686.0;16;23;11;28;121;29;12;30;10
1692.0;15;22;10;31;119;29;12;31;11
1698.0;14;22;12;31;119;28;11;30;13
1704.0;16;21;13;31;121;28;10;29;11
1710.0;13;21;14;31;121;26;9;33;12
1716.0;17;23;12;26;123;27;6;33;13
1722.0;17;24;12;25;124;26;6;34;12
1728.0;17;25;14;25;125;26;6;33;9
1734.0;19;27;14;25;124;25;8;30;8
1740.0;18;27;16;25;123;24;7;31;9
1746.0;17;25;16;24;124;24;8;31;11
1752.0;18;25;15;26;122;22;10;31;11
1758.0;17;27;12;28;122;22;8;33;11
1764.0;13;27;13;29;122;23;10;33;10
1770.0;13;29;17;26;121;21;11;32;10
1776.0;15;30;15;26;121;20;11;31;11
1782.0;16;29;16;24;121;22;12;28;12
1788.0;14;27;21;21;120;21;13;30;13
1794.0;14;27;21;22;117;26;13;28;12
