#auto generated file!
12.0;49;51;51;53;64;57;57;42;46
18.0;45;49;52;50;66;59;54;47;48
24.0;45;53;48;48;68;57;51;51;49
30.0;45;53;48;48;73;57;50;51;45
36.0;46;54;44;48;75;57;48;53;45
42.0;49;58;44;48;77;57;50;50;37
48.0;42;58;42;50;80;58;47;58;35
54.0;41;58;40;52;83;58;46;57;35
60.0;34;60;37;53;84;61;49;56;36
66.0;33;62;38;50;86;63;48;55;35
72.0;38;64;35;52;89;62;44;55;31
78.0;34;62;35;51;91;65;43;57;32
84.0;37;59;33;51;94;63;43;57;33
90.0;36;60;37;50;96;63;40;56;32
96.0;31;60;37;53;101;63;38;56;31
102.0;35;58;36;53;102;61;36;58;31
108.0;33;57;34;55;106;63;33;58;31
114.0;32;52;34;55;107;60;34;61;35
120.0;33;54;35;54;107;60;37;58;32
126.0;35;58;32;50;109;59;35;60;32
132.0;41;56;32;47;109;61;35;56;33
138.0;47;55;28;50;112;54;32;56;36
144.0;45;54;26;51;112;53;31;61;37
150.0;46;51;25;51;115;52;31;62;37
156.0;42;52;23;53;120;50;31;63;36
162.0;38;55;27;52;121;53;32;62;30
168.0;35;54;25;52;124;56;31;60;33
174.0;33;50;24;53;127;56;34;60;33
180.0;35;50;20;50;128;59;35;61;32
186.0;33;50;22;53;131;57;36;59;29
192.0;32;50;25;53;134;58;32;59;27
198.0;33;52;23;52;136;60;28;60;26
204.0;34;49;25;52;137;58;28;62;25
210.0;33;46;27;51;136;60;30;60;27
216.0;36;48;26;49;139;61;28;59;24
222.0;36;49;24;49;140;62;28;57;25
228.0;34;53;26;45;141;60;30;54;27
234.0;32;53;23;46;145;58;32;53;28
240.0;30;48;25;46;148;59;30;53;31
246.0;30;45;24;48;153;58;26;55;31
252.0;32;43;25;46;154;59;27;58;26
258.0;38;41;25;49;154;58;27;54;24
264.0;35;39;25;44;158;59;29;57;24
270.0;35;38;26;46;158;59;29;56;23
276.0;36;39;22;51;159;62;23;58;20
282.0;33;39;21;52;161;59;24;61;20
288.0;32;38;22;52;159;58;22;64;23
294.0;30;40;20;51;159;63;23;64;20
300.0;30;39;16;51;158;64;26;63;23
306.0;27;41;16;50;157;68;28;61;22
312.0;25;42;14;52;161;67;30;57;22
318.0;23;42;16;52;166;65;24;60;22
324.0;22;42;14;51;166;63;27;60;25
330.0;23;43;15;48;166;63;27;59;26
336.0;23;42;14;50;171;64;24;56;26
342.0;25;42;13;48;171;62;26;55;28
348.0;30;43;15;46;174;58;24;51;29
354.0;25;41;17;46;172;59;26;54;30
360.0;25;41;16;47;173;56;26;56;30
366.0;24;38;18;44;177;52;29;54;34
372.0;24;37;16;43;177;51;31;54;37
378.0;25;38;20;45;177;51;31;46;37
384.0;19;41;20;42;175;55;30;52;36
390.0;22;37;20;42;179;56;29;53;32
396.0;21;36;25;44;180;52;28;52;32
402.0;26;37;25;47;184;48;25;47;31
408.0;28;39;29;48;181;42;24;47;32
414.0;28;39;27;46;181;46;22;47;34
420.0;27;42;26;46;182;45;23;47;32
426.0;29;40;28;46;182;45;22;47;31
432.0;30;41;27;46;182;43;22;47;32
438.0;29;41;27;47;181;45;24;46;30
444.0;25;44;25;46;184;44;24;47;31
450.0;25;47;29;45;183;44;21;47;29
456.0;21;50;29;47;185;43;22;47;26
462.0;22;49;30;47;184;45;21;49;23
468.0;24;45;29;50;188;42;20;47;25
474.0;24;45;30;50;191;41;20;48;21
480.0;24;45;30;50;195;42;20;46;18
486.0;24;45;32;50;195;40;17;48;19
492.0;22;46;33;50;197;39;16;48;19
498.0;23;44;33;50;196;36;17;49;22
504.0;20;43;33;48;197;35;22;49;23
510.0;21;42;30;46;200;35;22;49;25
516.0;23;43;28;43;198;36;24;49;26
522.0;24;44;25;43;198;38;22;51;25
528.0;24;46;24;43;199;37;24;49;24
534.0;23;46;22;42;197;42;22;50;26
540.0;21;47;21;42;198;43;23;52;23
546.0;25;47;21;46;197;41;21;54;18
552.0;26;44;24;48;198;42;22;50;16
558.0;30;45;22;46;195;46;23;48;15
564.0;28;44;23;48;199;43;23;45;17
570.0;28;46;20;47;200;41;24;45;19
576.0;28;47;17;45;199;45;23;47;19
582.0;27;49;17;45;196;43;23;51;19
588.0;23;49;21;43;199;44;23;50;18
594.0;20;50;23;41;198;45;21;51;21
600.0;21;50;28;39;200;47;18;49;18
606.0;19;51;28;42;200;50;16;47;17
612.0;20;55;30;42;200;48;15;44;16
618.0;23;51;30;44;199;48;15;42;18
624.0;24;53;31;41;197;50;14;44;16
630.0;29;52;31;41;198;46;14;41;18
636.0;28;57;29;42;197;46;14;42;15
642.0;29;54;32;42;194;46;16;44;13
648.0;29;56;30;42;195;45;14;46;13
654.0;29;57;28;42;196;43;17;48;10
660.0;31;55;25;42;198;43;18;47;11
666.0;30;52;24;43;202;41;17;45;16
672.0;31;52;25;39;200;41;20;44;18
678.0;28;51;24;39;201;42;26;41;18
684.0;27;52;20;40;196;45;25;44;21
690.0;28;50;20;39;195;47;23;44;24
696.0;29;48;19;37;198;47;21;47;24
702.0;25;48;18;40;200;48;21;47;23
708.0;25;49;16;42;202;45;22;49;20
714.0;24;47;16;44;204;45;23;47;20
720.0;24;47;17;44;207;43;24;44;20
726.0;26;49;19;44;207;42;23;44;16
732.0;24;51;21;44;209;42;22;41;16
738.0;21;52;19;48;207;41;22;43;17
744.0;19;52;20;48;209;41;20;42;19
750.0;19;51;17;49;209;42;21;44;18
756.0;18;51;18;47;210;40;23;45;18
762.0;19;48;17;46;210;40;26;45;19
768.0;20;49;17;47;209;37;29;45;17
774.0;19;48;18;46;208;40;26;48;17
780.0;20;47;18;49;213;40;23;43;17
786.0;23;46;17;48;210;40;26;44;16
792.0;20;44;18;50;213;39;26;44;16
798.0;21;42;17;51;214;38;23;49;15
804.0;19;41;18;52;214;36;27;49;14
810.0;19;45;18;51;213;34;28;49;13
816.0;21;45;16;50;212;34;31;49;12
822.0;23;44;18;48;213;34;31;47;12
828.0;23;47;16;48;213;35;29;45;14
834.0;20;49;16;48;214;37;30;43;13
840.0;19;47;19;50;215;39;30;40;11
846.0;18;42;21;54;216;37;31;36;15
852.0;20;40;20;50;219;39;31;36;15
858.0;22;40;17;49;219;40;31;34;18
864.0;21;40;21;53;216;40;29;32;18
870.0;21;43;21;55;214;39;29;33;15
876.0;21;42;21;53;215;39;27;36;16
882.0;18;38;21;53;217;44;26;38;15
888.0;20;38;22;52;214;44;28;39;13
894.0;17;37;23;53;215;46;26;38;15
900.0;16;36;25;53;217;44;25;38;16
906.0;17;35;24;51;216;44;27;39;17
912.0;16;35;24;51;219;42;28;39;16
918.0;15;39;21;51;217;46;26;38;17
924.0;12;43;19;51;216;48;22;41;18
930.0;15;44;19;47;215;48;22;40;20
936.0;13;41;19;49;221;49;21;38;19
942.0;15;43;19;48;222;48;21;38;16
948.0;17;41;20;47;219;47;22;38;19
954.0;17;41;17;48;218;50;26;39;14
960.0;17;42;16;46;220;51;24;36;18
966.0;17;42;16;44;219;49;24;39;20
972.0;19;41;16;43;219;50;23;40;19
978.0;14;43;16;42;221;49;24;40;21
984.0;14;44;19;43;221;45;22;42;20
990.0;15;44;17;41;221;46;21;47;18
996.0;15;41;16;44;219;43;22;48;22
1002.0;13;41;20;44;217;46;22;47;20
1008.0;13;42;20;45;221;44;25;43;17
1014.0;13;43;21;42;225;39;24;44;19
1020.0;16;43;21;42;225;39;22;43;19
1026.0;13;44;20;48;226;37;22;42;18
1032.0;13;47;18;47;228;33;25;39;20
1038.0;17;47;21;44;228;36;20;37;20
1044.0;17;48;22;46;227;35;20;36;19
1050.0;17;48;20;47;227;36;17;37;21
1056.0;16;50;24;49;225;31;13;38;24
1062.0;15;53;21;50;221;33;17;35;25
1068.0;16;51;21;50;221;32;16;37;26
1074.0;17;49;20;50;218;32;18;34;32
1080.0;18;49;19;49;218;30;19;32;36
1086.0;17;48;17;47;219;35;22;31;34
1092.0;19;44;17;48;217;39;23;29;34
1098.0;21;41;15;49;217;40;23;29;35
1104.0;20;39;15;49;216;41;23;32;35
1110.0;20;40;14;52;216;41;22;32;33
1116.0;21;40;14;50;216;42;21;33;33
1122.0;20;46;15;51;214;43;23;30;28
1128.0;19;45;18;51;214;42;22;30;29
1134.0;21;46;17;51;214;42;26;28;25
1140.0;19;44;19;52;215;38;31;31;21
1146.0;20;42;18;49;215;41;34;30;21
1152.0;23;43;17;49;217;41;33;27;20
1158.0;23;43;15;48;220;38;35;28;20
1164.0;20;44;12;49;222;38;35;31;19
1170.0;24;44;12;49;221;36;33;32;19
1176.0;23;42;11;50;222;37;36;31;18
1182.0;23;44;11;47;221;42;34;29;19
1188.0;24;45;12;47;221;43;31;28;19
1194.0;22;45;10;45;221;44;31;30;22
1200.0;23;42;10;45;222;41;32;32;23
1206.0;21;39;12;45;222;41;32;35;23
1212.0;19;42;12;44;222;42;33;34;22
1218.0;19;44;14;43;223;41;35;33;18
1224.0;19;41;16;41;222;42;36;35;18
1230.0;22;39;13;43;222;42;35;36;18
1236.0;25;38;13;40;220;42;36;36;20
1242.0;20;41;13;43;219;45;32;34;23
1248.0;19;35;16;44;219;49;31;38;19
1254.0;20;34;20;41;219;47;30;38;21
1260.0;25;34;20;39;219;46;27;40;20
1266.0;26;36;21;41;217;47;24;40;18
1272.0;23;36;24;39;216;51;24;39;18
1278.0;22;34;23;39;216;51;27;40;18
1284.0;22;32;26;39;215;53;25;40;18
1290.0;21;33;22;43;217;52;25;39;18
1296.0;16;39;25;43;217;52;22;39;17
1302.0;18;41;26;42;218;49;20;39;17
1308.0;20;41;25;46;217;46;20;40;15
1314.0;20;42;22;45;220;47;19;38;17
1320.0;20;43;21;45;220;47;20;39;15
1326.0;21;42;22;45;219;49;19;38;15
1332.0;19;42;24;47;218;52;17;37;14
1338.0;23;39;23;45;217;52;19;37;15
1344.0;24;43;21;47;215;49;19;37;15
1350.0;21;41;19;46;213;52;20;41;17
1356.0;24;44;14;45;213;50;22;42;16
1362.0;27;45;12;43;213;51;20;43;16
1368.0;24;45;12;42;216;51;19;44;17
1374.0;27;47;11;44;214;49;18;41;19
1380.0;26;46;13;41;216;49;20;41;18
1386.0;24;43;15;39;215;52;25;38;19
1392.0;23;41;15;37;215;51;25;42;21
1398.0;24;36;15;36;217;51;24;44;23
1404.0;24;37;15;36;214;52;24;45;23
1410.0;25;36;14;37;212;53;23;45;25
1416.0;28;34;15;36;209;53;19;47;29
1422.0;28;37;17;37;207;52;15;48;29
1428.0;25;38;18;36;207;54;19;45;28
1434.0;25;40;18;36;206;55;18;46;26
1440.0;25;40;17;38;206;55;19;47;23
1446.0;23;41;19;40;208;54;16;48;21
1452.0;22;38;23;38;206;57;17;49;20
1458.0;21;38;22;39;206;57;17;49;21
1464.0;22;39;21;41;208;54;18;47;20
1470.0;20;39;24;40;208;55;18;47;19
1476.0;19;40;22;41;210;53;18;46;21
1482.0;20;39;22;41;210;53;14;47;24
1488.0;21;35;20;44;207;54;14;49;26
1494.0;21;32;18;45;211;54;14;49;26
1500.0;21;31;16;45;214;54;14;51;24
1506.0;23;31;15;46;213;54;16;50;22
1512.0;23;31;17;47;212;49;17;52;22
1518.0;19;35;18;47;212;49;16;53;21
1524.0;22;36;15;44;210;46;20;55;22
1530.0;18;38;18;44;210;43;23;54;22
1536.0;23;39;20;43;207;42;22;53;21
1542.0;22;39;20;44;204;41;23;53;24
1548.0;24;39;18;41;205;43;23;51;26
1554.0;20;38;20;42;204;45;27;47;27
1560.0;19;40;20;40;203;47;33;43;25
1566.0;15;42;22;39;203;46;32;43;28
1572.0;14;39;22;43;203;48;31;43;27
1578.0;13;43;22;42;201;50;30;43;26
1584.0;15;40;20;46;200;50;30;44;25
1590.0;21;39;17;47;197;52;27;46;24
1596.0;23;39;16;46;195;53;30;45;23
1602.0;23;39;16;45;196;56;27;47;21
1608.0;24;41;16;47;195;53;24;47;23
1614.0;24;40;16;48;193;55;25;45;24
1620.0;24;41;18;51;194;57;23;40;22
1626.0;25;44;20;52;194;52;21;40;22
1632.0;23;43;22;52;195;54;18;43;20
1638.0;24;43;21;53;197;50;18;45;19
1644.0;27;42;19;51;199;52;18;43;19
1650.0;29;41;21;50;196;54;21;39;19
1656.0;29;44;21;47;195;54;23;37;20
1662.0;24;44;22;51;199;54;22;35;19
1668.0;31;40;17;49;200;56;22;35;20
1674.0;32;39;14;52;200;52;24;37;20
1680.0;31;39;15;52;202;47;27;37;20
1686.0;32;40;17;51;202;49;24;36;19
1692.0;31;40;15;50;204;48;23;38;21
1698.0;30;41;17;50;206;46;23;36;21
1704.0;31;39;22;50;203;46;22;38;19
1710.0;29;42;22;51;202;48;18;38;20
1716.0;28;43;20;52;204;50;17;38;18
1722.0;28;45;18;52;203;50;19;40;15
1728.0;27;47;19;50;202;48;20;41;16
1734.0;25;44;23;50;204;47;19;44;14
1740.0;28;45;23;47;205;44;15;46;17
1746.0;29;44;25;41;207;42;15;47;20
1752.0;27;45;26;42;207;40;15;49;19
1758.0;26;45;26;42;205;43;17;47;19
1764.0;31;43;26;41;204;39;18;49;19
1770.0;30;43;26;40;207;38;19;49;18
1776.0;31;45;22;40;207;39;18;50;18
1782.0;31;41;19;45;207;40;17;51;19
1788.0;31;41;20;42;207;40;18;50;21
1794.0;31;39;23;41;207;44;17;51;17
