#auto generated file!
12.0;15;11;9;10;8;10;10;11;16
18.0;15;11;11;11;10;10;8;10;14
24.0;13;11;10;12;10;10;9;10;15
30.0;10;11;10;14;13;11;10;11;10
36.0;10;11;9;15;14;11;10;10;10
42.0;11;11;7;14;14;12;11;10;10
48.0;10;11;6;14;14;11;13;10;11
54.0;11;11;4;15;15;12;12;10;10
60.0;11;11;4;15;16;10;13;10;10
66.0;12;11;5;14;17;11;12;9;9
72.0;15;9;4;14;17;12;11;8;10
78.0;15;9;5;15;17;11;10;8;10
84.0;14;9;6;16;17;11;9;8;10
90.0;14;9;7;16;17;11;7;9;10
96.0;15;9;7;16;17;11;7;9;9
102.0;15;10;7;16;17;11;7;9;8
108.0;14;10;6;17;16;12;7;11;7
114.0;14;11;5;19;16;9;9;11;6
120.0;13;10;6;20;16;10;9;9;7
126.0;13;10;7;21;16;9;9;8;7
132.0;11;10;9;21;17;9;7;9;7
138.0;12;8;9;20;18;10;9;9;5
144.0;12;8;8;19;18;10;8;10;7
150.0;13;8;8;19;18;10;7;10;7
156.0;12;9;8;18;20;10;8;9;6
162.0;12;11;9;18;21;10;8;7;4
168.0;12;10;9;14;21;10;8;10;6
174.0;14;10;9;13;21;10;7;10;6
180.0;15;10;9;13;21;10;6;10;6
186.0;16;10;10;13;23;9;5;10;4
192.0;14;9;10;14;23;9;6;9;6
198.0;12;10;11;15;22;10;5;10;5
204.0;11;10;8;14;22;11;6;11;7
210.0;10;9;8;14;22;11;8;10;8
216.0;8;10;8;17;22;10;8;11;6
222.0;8;11;8;16;24;9;9;10;5
228.0;8;11;10;16;24;9;7;10;5
234.0;6;11;9;16;27;9;7;9;6
240.0;5;10;8;17;27;10;6;10;7
246.0;5;11;8;16;28;10;5;11;6
252.0;3;11;8;15;28;10;7;11;7
258.0;4;11;8;15;29;9;6;11;7
264.0;5;12;6;14;31;9;5;12;6
270.0;5;13;6;13;29;11;4;12;7
276.0;5;12;6;13;30;11;4;13;6
282.0;6;10;7;12;30;11;4;13;7
288.0;7;11;7;12;30;10;4;12;7
294.0;7;11;7;12;32;9;4;12;6
300.0;7;11;7;13;32;10;4;11;5
306.0;6;11;7;14;33;10;4;11;4
312.0;6;10;7;15;34;10;3;10;5
318.0;7;10;5;14;35;11;2;10;6
324.0;6;9;5;16;34;10;3;11;6
330.0;6;9;5;16;34;12;3;11;4
336.0;6;11;5;14;35;11;3;11;4
342.0;6;10;5;14;36;10;4;11;4
348.0;5;10;7;14;36;10;3;11;4
354.0;6;10;6;12;37;9;4;12;4
360.0;6;10;6;12;37;9;4;12;4
366.0;6;10;5;12;37;9;4;12;5
372.0;6;9;5;12;38;10;3;12;5
378.0;5;8;4;11;37;10;4;13;8
384.0;5;9;3;10;37;11;5;12;8
390.0;5;10;3;10;37;11;3;11;10
396.0;2;10;3;10;39;11;4;10;11
402.0;1;12;4;7;39;11;4;11;11
408.0;2;15;4;4;37;13;5;12;8
414.0;2;15;5;4;37;14;4;12;7
420.0;2;14;4;8;37;14;5;11;5
426.0;1;15;3;6;36;14;7;12;6
432.0;2;15;3;6;35;15;7;11;6
438.0;3;14;3;6;35;14;8;10;7
444.0;4;13;3;8;35;12;7;11;7
450.0;5;12;4;7;35;12;7;11;7
456.0;7;11;5;7;35;12;7;10;6
462.0;5;11;7;6;36;11;7;10;7
468.0;5;11;7;6;36;11;7;10;7
474.0;5;10;7;8;37;11;5;10;7
480.0;5;10;7;7;37;12;5;10;7
486.0;6;11;6;8;35;13;5;9;7
492.0;6;11;6;9;35;14;4;8;7
498.0;6;10;6;9;34;14;5;9;7
504.0;7;11;6;9;34;13;5;9;6
510.0;8;10;6;10;34;13;4;10;5
516.0;9;9;6;9;36;13;4;11;3
522.0;8;9;5;10;37;13;4;11;3
528.0;7;9;6;10;35;13;5;10;5
534.0;6;10;6;9;34;12;6;11;6
540.0;6;10;6;9;33;12;5;12;7
546.0;6;7;8;9;33;12;5;13;7
552.0;7;7;9;10;33;11;6;10;7
558.0;7;7;10;10;33;11;6;10;6
564.0;7;8;4;9;33;13;7;13;6
570.0;6;7;4;8;34;14;7;14;6
576.0;6;8;3;8;34;14;6;13;8
582.0;6;8;5;7;33;15;5;14;7
588.0;7;8;6;7;31;13;7;13;8
594.0;6;6;7;7;32;13;8;13;8
600.0;6;6;7;7;33;12;8;14;7
606.0;6;6;6;7;34;12;9;14;6
612.0;6;7;4;8;35;13;8;13;6
618.0;5;8;5;7;36;12;7;14;6
624.0;4;7;7;7;35;10;7;16;7
630.0;4;7;6;6;37;11;6;16;7
636.0;4;8;6;7;38;12;3;15;7
642.0;5;9;7;5;38;12;3;15;6
648.0;6;8;7;6;37;12;3;14;7
654.0;5;8;6;6;38;11;5;14;7
660.0;5;8;4;7;38;11;6;13;8
666.0;3;8;4;9;39;11;7;12;7
672.0;3;8;3;9;39;12;6;12;8
678.0;3;8;4;9;39;12;6;12;7
684.0;4;10;4;8;37;12;5;12;8
690.0;5;10;4;8;37;11;5;11;9
696.0;5;11;4;8;37;10;6;12;7
702.0;6;11;5;7;37;10;6;12;6
708.0;2;13;5;8;37;11;6;12;6
714.0;2;11;5;7;38;12;7;12;6
720.0;2;11;5;7;38;11;7;12;7
726.0;3;11;4;6;38;11;7;13;7
732.0;3;11;4;6;38;12;6;13;7
738.0;3;11;5;5;37;11;7;15;6
744.0;3;12;3;5;38;12;6;15;6
750.0;3;12;4;5;38;11;6;15;6
756.0;3;10;4;5;40;12;7;15;4
762.0;2;9;5;5;40;12;6;16;5
768.0;2;9;5;7;40;10;5;17;5
774.0;2;9;5;8;40;9;5;16;6
780.0;3;9;4;7;42;9;5;16;5
786.0;5;7;3;7;42;10;6;16;4
792.0;6;7;3;7;42;10;6;15;4
798.0;7;7;2;7;42;10;6;15;4
804.0;7;6;2;7;43;9;7;14;5
810.0;7;9;2;7;43;9;5;13;5
816.0;8;9;3;7;43;10;4;12;4
822.0;6;9;3;7;42;11;4;13;5
828.0;5;10;2;7;43;11;5;13;4
834.0;5;11;3;6;43;11;4;12;5
840.0;5;10;4;6;44;9;4;13;5
846.0;6;9;4;6;44;9;4;13;5
852.0;6;10;5;5;43;9;3;13;6
858.0;5;9;5;7;43;7;5;12;7
864.0;5;10;5;7;42;6;5;12;8
870.0;6;10;4;6;42;6;6;12;8
876.0;6;11;3;6;41;6;6;13;8
882.0;6;12;3;6;42;6;5;13;7
888.0;5;12;3;6;42;5;5;13;9
894.0;7;12;3;7;42;6;3;15;5
900.0;6;11;4;7;43;7;2;15;5
906.0;6;11;4;7;43;7;2;14;6
912.0;6;11;4;7;43;7;2;14;6
918.0;6;11;5;7;42;8;2;13;6
924.0;5;13;5;6;41;9;0;13;8
930.0;6;12;6;5;41;9;0;13;8
936.0;5;11;5;5;43;10;0;13;8
942.0;5;11;5;5;43;11;1;11;8
948.0;5;12;6;6;43;9;1;10;8
954.0;4;11;7;7;43;9;1;10;8
960.0;5;11;6;8;42;9;1;10;8
966.0;4;12;6;8;42;8;3;10;7
972.0;5;12;6;9;42;8;3;11;4
978.0;4;13;7;9;42;7;3;11;4
984.0;4;12;8;10;44;7;3;8;4
990.0;4;13;7;10;44;7;3;7;5
996.0;3;12;9;10;44;6;3;8;5
1002.0;2;12;7;12;45;6;3;10;3
1008.0;2;11;6;12;44;6;3;11;5
1014.0;3;12;3;12;44;8;3;10;5
1020.0;3;12;2;12;43;8;3;11;6
1026.0;3;14;2;12;43;7;3;11;5
1032.0;5;11;2;13;43;6;4;11;5
1038.0;5;11;2;12;45;6;5;9;5
1044.0;5;11;2;12;45;5;5;10;5
1050.0;5;12;3;9;44;7;5;10;5
1056.0;4;12;5;9;43;7;5;10;5
1062.0;4;12;5;9;43;7;5;10;5
1068.0;4;12;5;10;42;7;5;10;5
1074.0;5;11;6;9;41;8;8;9;3
1080.0;5;11;5;10;40;8;8;10;3
1086.0;4;11;6;10;40;9;7;9;4
1092.0;5;11;7;10;39;10;7;7;4
1098.0;5;12;6;9;39;9;7;6;7
1104.0;4;12;7;9;40;9;6;7;6
1110.0;4;13;7;8;43;7;5;7;6
1116.0;4;12;6;9;43;7;6;7;6
1122.0;3;12;6;8;47;7;4;7;6
1128.0;1;12;6;8;48;7;3;8;7
1134.0;1;12;6;8;48;7;3;8;7
1140.0;0;11;6;9;48;7;4;8;7
1146.0;1;11;5;9;48;7;4;9;6
1152.0;3;9;5;9;49;7;3;9;6
1158.0;2;11;5;9;48;7;3;8;7
1164.0;2;11;5;9;48;7;3;8;7
1170.0;2;12;5;9;48;6;4;8;6
1176.0;1;11;5;7;48;6;5;9;8
1182.0;3;11;5;6;48;6;5;10;6
1188.0;3;11;5;5;48;7;5;10;6
1194.0;3;10;6;5;48;9;3;9;7
1200.0;3;11;6;5;47;9;3;9;7
1206.0;3;12;4;5;48;9;3;10;6
1212.0;1;12;5;5;49;9;3;10;6
1218.0;1;12;7;4;50;7;4;10;5
1224.0;1;12;7;5;50;7;4;9;5
1230.0;2;12;8;6;50;4;3;10;5
1236.0;3;11;8;7;48;4;4;11;4
1242.0;3;11;9;8;46;4;5;10;4
1248.0;3;10;8;8;46;4;5;12;4
1254.0;4;9;7;8;47;4;5;11;5
1260.0;5;9;7;9;45;4;5;12;4
1266.0;5;9;7;10;45;4;5;11;4
1272.0;4;11;8;9;45;3;6;10;4
1278.0;5;12;7;9;44;4;4;11;4
1284.0;5;12;7;9;43;4;3;12;5
1290.0;5;12;8;9;43;5;3;11;4
1296.0;4;10;9;10;43;6;3;11;4
1302.0;4;11;8;11;43;7;3;10;3
1308.0;4;11;9;11;41;7;4;10;3
1314.0;6;11;7;11;40;7;5;9;4
1320.0;8;9;5;14;40;5;8;7;4
1326.0;9;8;5;14;40;5;8;7;4
1332.0;8;9;5;13;40;6;9;7;3
1338.0;9;9;5;12;41;6;9;5;4
1344.0;9;8;5;12;41;7;8;6;4
1350.0;9;9;4;12;40;9;8;5;4
1356.0;7;9;3;13;42;9;7;6;4
1362.0;7;10;2;12;42;9;8;5;5
1368.0;8;10;3;11;42;9;8;5;4
1374.0;8;9;3;10;41;7;8;8;6
1380.0;9;9;3;10;43;7;5;9;5
1386.0;9;9;3;9;43;6;5;9;7
1392.0;7;10;2;8;44;8;5;10;6
1398.0;6;10;2;8;43;9;5;10;7
1404.0;6;11;3;8;44;9;5;7;7
1410.0;6;10;2;7;43;10;6;8;8
1416.0;6;10;1;8;42;10;7;6;10
1422.0;7;10;1;9;44;9;7;5;8
1428.0;5;10;1;9;45;8;9;6;7
1434.0;4;10;1;10;43;8;9;7;8
1440.0;4;8;2;11;44;7;8;7;9
1446.0;3;7;2;12;44;9;8;7;8
1452.0;3;7;3;13;43;8;6;7;10
1458.0;3;7;3;14;42;8;4;9;10
1464.0;5;6;4;14;42;8;4;8;9
1470.0;6;6;5;14;42;8;4;7;8
1476.0;6;5;6;14;41;7;3;8;10
1482.0;6;5;6;14;41;7;3;9;9
1488.0;6;5;5;15;39;8;2;10;10
1494.0;7;5;5;15;39;6;2;9;12
1500.0;7;5;4;14;39;7;2;10;12
1506.0;6;5;5;13;39;8;2;11;11
1512.0;5;5;5;13;40;8;3;11;10
1518.0;4;4;5;13;40;8;6;10;10
1524.0;4;4;5;15;40;7;6;11;8
1530.0;4;4;4;16;40;7;5;12;8
1536.0;4;6;4;14;40;8;5;13;6
1542.0;4;6;7;14;38;9;5;13;4
1548.0;4;7;6;12;39;9;5;13;5
1554.0;3;6;7;12;39;9;5;13;6
1560.0;5;6;6;12;40;8;5;13;5
1566.0;5;6;5;11;39;8;7;14;5
1572.0;6;6;4;13;39;8;7;12;5
1578.0;6;6;5;13;39;6;6;13;6
1584.0;7;7;5;11;42;6;4;12;6
1590.0;7;7;6;11;42;7;4;12;4
1596.0;5;8;7;11;42;7;5;11;4
1602.0;6;7;9;11;42;5;5;10;5
1608.0;5;7;8;12;42;5;6;11;4
1614.0;5;8;7;12;40;6;6;12;4
1620.0;5;8;6;13;40;5;6;12;5
1626.0;5;8;6;11;42;6;6;13;3
1632.0;4;8;6;11;44;6;5;13;3
1638.0;5;7;6;8;45;6;6;15;2
1644.0;5;9;6;8;44;5;5;16;2
1650.0;6;11;6;9;43;5;5;14;1
1656.0;5;11;6;9;43;6;5;14;1
1662.0;4;11;8;9;43;6;5;13;1
1668.0;3;10;8;8;42;6;9;13;1
1674.0;3;11;7;8;42;6;9;13;1
1680.0;4;11;7;8;44;5;7;13;1
1686.0;7;11;6;8;43;4;7;13;1
1692.0;6;11;5;10;43;4;7;11;3
1698.0;5;10;6;10;42;6;7;11;3
1704.0;5;9;6;8;42;6;8;13;3
1710.0;5;11;7;8;40;6;6;14;3
1716.0;5;9;7;7;40;8;6;15;3
1722.0;4;8;7;7;41;9;7;14;3
1728.0;3;9;7;9;40;10;5;14;3
1734.0;3;9;7;9;41;12;5;12;2
1740.0;4;10;6;9;40;12;5;11;3
1746.0;4;9;6;10;40;12;7;9;3
1752.0;5;10;7;11;40;11;4;9;3
1758.0;5;10;7;11;40;12;4;8;3
1764.0;5;10;5;11;40;13;5;8;3
1770.0;6;9;6;10;40;12;4;8;5
1776.0;6;9;5;9;39;12;4;8;8
1782.0;6;9;5;10;39;11;4;8;8
1788.0;7;9;6;10;40;9;4;8;7
1794.0;8;9;5;11;40;9;4;8;6
