#auto generated file!
12.0;18;27;26;23;30;23;19;18;26
18.0;17;29;24;24;32;24;16;19;25
24.0;16;31;23;23;33;26;12;21;25
30.0;17;32;17;24;33;27;15;21;24
36.0;19;32;16;21;33;27;16;23;23
42.0;16;34;17;21;33;23;16;27;23
48.0;14;32;20;20;33;26;17;25;23
54.0;12;32;22;21;35;25;15;26;22
60.0;12;31;20;19;37;26;18;27;20
66.0;12;30;22;19;40;27;18;25;17
72.0;13;31;19;19;40;28;17;25;18
78.0;14;31;20;16;40;29;20;24;16
84.0;16;35;21;15;41;27;20;20;15
90.0;15;31;24;16;43;26;19;18;18
96.0;16;31;20;17;44;25;20;20;17
102.0;16;29;19;17;45;28;17;22;17
108.0;16;25;21;19;45;28;15;24;17
114.0;18;24;21;18;46;27;14;24;18
120.0;17;26;17;19;47;28;16;23;17
126.0;18;23;20;20;51;24;16;21;17
132.0;19;24;19;22;51;21;15;22;17
138.0;20;25;20;20;53;18;16;24;14
144.0;19;28;15;20;53;20;15;25;15
150.0;22;24;17;21;52;20;14;26;14
156.0;20;23;18;21;54;19;14;26;15
162.0;18;23;18;21;57;18;14;27;14
168.0;18;21;20;22;58;18;14;27;12
174.0;17;23;18;21;57;20;14;27;13
180.0;15;25;16;23;57;21;14;26;13
186.0;15;25;16;25;58;22;13;24;12
192.0;15;24;14;25;58;23;13;24;14
198.0;17;23;15;27;58;24;13;20;13
204.0;15;23;15;26;61;22;14;21;13
210.0;15;24;14;27;62;21;15;20;12
216.0;15;22;15;29;63;21;17;17;11
222.0;14;23;16;26;63;24;16;17;11
228.0;16;23;15;24;65;23;16;17;11
234.0;15;20;16;24;65;21;15;20;14
240.0;16;20;17;22;64;21;15;21;14
246.0;15;22;14;21;66;19;18;24;11
252.0;15;24;12;23;67;17;17;24;11
258.0;15;25;12;19;69;18;18;25;9
264.0;14;25;10;18;70;19;18;27;9
270.0;14;26;10;18;67;20;19;26;10
276.0;12;24;12;18;66;21;19;27;11
282.0;13;26;13;18;68;20;17;25;10
288.0;14;24;14;17;70;22;15;26;8
294.0;15;25;13;14;71;21;17;23;11
300.0;14;23;10;13;74;22;18;26;10
306.0;14;24;12;14;74;21;18;24;9
312.0;12;23;11;15;74;22;17;26;10
318.0;10;25;9;16;75;22;19;25;9
324.0;10;26;9;16;75;21;17;25;11
330.0;12;27;9;14;74;19;18;25;12
336.0;11;26;9;15;76;20;17;23;13
342.0;11;26;10;14;75;20;18;24;12
348.0;13;24;10;15;75;20;15;24;14
354.0;13;24;9;16;75;19;14;26;14
360.0;14;24;10;15;76;21;12;25;13
366.0;14;25;9;16;76;20;9;26;15
372.0;12;23;10;15;80;21;11;24;14
378.0;12;24;10;15;78;21;13;22;15
384.0;12;24;10;15;78;22;11;24;14
390.0;10;26;12;13;77;23;12;24;13
396.0;9;28;10;15;77;22;11;24;14
402.0;11;27;11;15;78;22;12;22;12
408.0;9;24;13;16;79;20;13;23;13
414.0;6;25;10;18;79;22;13;22;15
420.0;7;25;12;19;77;25;11;19;15
426.0;7;24;9;21;77;26;12;20;14
432.0;8;25;10;22;77;24;13;18;13
438.0;8;25;10;21;79;23;14;18;12
444.0;7;25;11;22;79;21;13;18;14
450.0;9;25;11;23;78;22;10;18;14
456.0;7;24;12;24;79;23;10;18;13
462.0;8;24;12;24;78;22;10;19;13
468.0;9;24;11;24;79;23;9;20;11
474.0;8;24;11;25;81;23;7;22;9
480.0;7;26;11;25;79;24;6;22;10
486.0;7;24;13;25;81;22;6;24;8
492.0;6;22;15;22;81;21;7;26;10
498.0;5;23;17;23;79;20;6;26;11
504.0;7;24;17;21;80;20;5;25;11
510.0;7;25;17;21;81;19;5;24;11
516.0;6;26;14;24;83;18;5;23;11
522.0;7;25;13;23;84;17;6;23;12
528.0;6;26;9;23;83;19;7;25;12
534.0;7;27;9;21;83;19;9;24;11
540.0;5;27;9;23;84;18;9;25;10
546.0;5;28;7;24;84;21;8;22;11
552.0;5;27;9;25;83;21;8;21;11
558.0;6;27;10;24;85;19;7;22;10
564.0;11;25;10;23;83;20;7;20;11
570.0;9;26;10;23;84;18;9;19;12
576.0;9;27;10;24;83;17;8;20;12
582.0;9;27;11;23;84;17;8;20;11
588.0;9;27;10;24;85;17;6;21;11
594.0;10;26;11;23;85;18;6;21;10
600.0;8;29;11;23;82;19;10;19;9
606.0;7;28;10;25;81;22;10;19;8
612.0;7;29;11;24;82;21;8;20;8
618.0;8;28;11;23;84;20;10;19;7
624.0;8;28;13;20;83;21;10;19;8
630.0;9;25;14;21;83;20;10;19;9
636.0;10;25;14;20;83;19;11;19;9
642.0;9;26;12;22;83;21;9;18;10
648.0;9;26;13;23;83;20;8;18;10
654.0;11;27;14;20;83;19;7;18;11
660.0;9;25;12;22;81;21;10;20;10
666.0;10;26;11;19;80;21;11;22;10
672.0;13;26;11;19;80;23;7;24;7
678.0;12;24;12;20;80;22;7;26;7
684.0;10;23;11;21;82;23;7;25;8
690.0;10;24;12;21;83;23;7;24;6
696.0;10;25;12;21;83;22;8;24;5
702.0;8;25;12;22;84;22;8;24;5
708.0;12;24;13;20;83;21;7;24;6
714.0;13;21;11;22;85;20;9;23;6
720.0;10;20;12;23;86;21;9;22;7
726.0;11;19;12;23;88;21;8;22;6
732.0;11;19;12;22;89;22;10;21;4
738.0;11;22;10;23;87;19;12;21;5
744.0;11;22;9;20;86;20;14;22;6
750.0;12;24;11;20;86;17;13;21;6
756.0;13;25;11;19;85;17;13;21;6
762.0;14;23;11;21;85;16;14;21;5
768.0;15;22;10;20;83;18;15;22;5
774.0;14;21;11;21;84;18;15;23;3
780.0;15;20;9;21;84;18;15;23;5
786.0;14;20;10;20;86;18;14;22;6
792.0;13;19;8;21;84;20;14;20;11
798.0;13;20;7;21;87;19;13;20;10
804.0;12;20;7;22;86;20;14;21;8
810.0;12;18;9;20;85;22;12;23;9
816.0;10;18;10;19;86;23;13;23;8
822.0;9;19;11;19;87;22;12;23;8
828.0;9;19;12;21;86;23;10;21;9
834.0;7;19;11;21;86;24;11;22;9
840.0;9;20;11;21;86;22;12;21;8
846.0;9;18;11;22;84;25;12;21;8
852.0;9;17;13;22;83;25;11;21;9
858.0;9;17;12;20;86;27;9;22;8
864.0;13;17;10;19;83;28;8;23;9
870.0;14;18;10;18;85;28;8;22;7
876.0;14;18;9;19;85;24;13;22;6
882.0;15;19;8;20;84;23;13;22;6
888.0;13;19;8;17;84;24;14;22;9
894.0;13;18;8;18;84;24;14;22;9
900.0;14;19;7;18;83;26;13;22;8
906.0;14;18;8;17;82;25;14;23;9
912.0;12;19;6;19;82;27;14;21;10
918.0;15;17;7;20;84;24;13;20;10
924.0;13;18;8;20;83;23;13;21;11
930.0;10;22;9;20;85;21;11;21;11
936.0;10;21;8;22;84;22;11;21;11
942.0;10;21;8;22;81;24;12;19;13
948.0;9;20;7;22;81;26;13;19;13
954.0;10;19;6;21;83;27;11;19;14
960.0;13;19;9;24;81;21;8;20;15
966.0;15;21;11;22;80;20;8;16;17
972.0;16;21;13;20;80;21;8;16;15
978.0;14;19;12;20;84;20;8;17;16
984.0;14;19;11;19;84;21;7;17;18
990.0;15;17;14;20;84;20;5;20;15
996.0;14;15;14;21;84;22;5;20;15
1002.0;14;16;14;21;84;21;5;20;15
1008.0;15;15;16;19;83;23;7;19;13
1014.0;15;14;14;19;84;23;8;19;14
1020.0;14;14;14;19;84;26;7;19;13
1026.0;13;11;14;21;84;26;9;20;12
1032.0;14;14;14;21;84;26;8;19;10
1038.0;11;12;13;22;85;26;8;23;10
1044.0;12;12;12;22;85;26;8;24;9
1050.0;13;13;14;19;85;24;9;24;9
1056.0;12;15;13;19;86;23;9;25;8
1062.0;12;17;12;19;85;22;9;24;10
1068.0;10;17;13;18;87;23;10;25;7
1074.0;10;18;13;19;90;22;10;23;5
1080.0;9;20;12;21;90;22;11;20;5
1086.0;7;21;15;22;90;21;8;21;5
1092.0;6;22;15;24;90;19;8;20;6
1098.0;7;21;14;24;92;17;7;22;6
1104.0;7;21;14;24;92;19;7;21;5
1110.0;8;21;15;25;90;17;7;22;5
1116.0;9;19;15;28;90;17;8;20;4
1122.0;10;19;13;28;91;17;9;20;3
1128.0;10;21;14;26;92;16;9;19;3
1134.0;10;21;15;26;91;15;8;20;4
1140.0;12;21;14;25;90;15;9;19;5
1146.0;12;20;13;26;90;16;8;19;6
1152.0;12;21;13;25;90;15;7;18;9
1158.0;12;20;13;24;90;17;7;18;9
1164.0;11;20;16;24;89;18;6;18;8
1170.0;11;21;16;23;89;18;6;17;9
1176.0;10;21;16;23;90;18;6;16;10
1182.0;10;20;16;23;91;17;7;16;10
1188.0;11;19;17;23;90;17;7;15;11
1194.0;12;20;17;22;91;16;6;16;10
1200.0;11;23;18;21;90;17;6;15;9
1206.0;11;23;18;20;90;16;8;16;8
1212.0;12;22;18;20;88;15;10;17;8
1218.0;11;24;18;25;88;13;7;16;8
1224.0;12;24;17;23;88;15;6;17;8
1230.0;13;21;17;23;88;16;6;17;9
1236.0;16;20;15;23;88;15;7;17;9
1242.0;16;18;14;23;89;15;7;16;12
1248.0;13;20;15;22;89;14;7;18;12
1254.0;13;19;14;21;90;16;10;15;12
1260.0;13;19;13;21;90;18;10;16;10
1266.0;12;18;15;21;89;20;11;15;9
1272.0;10;18;14;21;89;19;12;16;11
1278.0;9;15;14;19;90;22;11;19;11
1284.0;8;16;13;19;91;23;10;20;10
1290.0;7;16;14;18;91;24;9;20;11
1296.0;6;18;15;18;90;24;9;21;9
1302.0;6;18;16;15;91;24;9;21;10
1308.0;6;18;15;16;91;24;8;21;11
1314.0;7;18;16;16;89;26;8;22;8
1320.0;9;17;15;16;89;26;6;23;9
1326.0;8;17;15;17;88;25;6;24;10
1332.0;8;17;15;17;89;24;7;25;8
1338.0;8;20;14;17;90;21;7;26;7
1344.0;8;21;14;18;90;21;8;23;7
1350.0;11;19;12;17;90;25;7;23;6
1356.0;9;19;10;19;91;25;8;23;6
1362.0;10;19;7;20;91;25;8;22;8
1368.0;10;19;6;21;92;25;7;22;8
1374.0;9;21;8;20;91;24;8;23;6
1380.0;10;22;6;21;90;23;9;24;5
1386.0;9;21;8;20;93;24;7;23;5
1392.0;10;19;9;20;91;24;9;23;5
1398.0;9;17;10;21;90;23;9;23;8
1404.0;9;17;10;23;89;23;8;24;7
1410.0;8;16;11;22;88;25;8;24;8
1416.0;8;16;10;20;92;23;7;25;9
1422.0;9;16;9;18;92;22;9;27;8
1428.0;5;16;10;22;93;20;9;28;7
1434.0;4;17;10;20;94;21;10;27;7
1440.0;5;18;10;20;93;21;8;26;9
1446.0;6;18;11;21;93;20;9;23;9
1452.0;6;20;12;22;94;18;9;23;6
1458.0;6;20;13;22;95;18;10;23;3
1464.0;6;21;12;21;97;20;10;20;3
1470.0;7;20;10;20;95;20;11;22;5
1476.0;8;21;10;22;93;21;10;20;5
1482.0;8;20;10;23;93;22;9;20;5
1488.0;6;23;7;25;95;21;7;21;5
1494.0;6;23;10;26;94;18;6;22;5
1500.0;6;23;9;25;94;18;8;23;4
1506.0;4;20;11;26;93;17;9;25;5
1512.0;3;23;12;23;94;16;12;23;4
1518.0;5;23;10;23;94;16;12;23;4
1524.0;5;24;10;23;94;16;13;21;4
1530.0;4;24;11;23;93;16;15;19;5
1536.0;5;25;11;22;93;16;15;18;5
1542.0;7;22;9;21;92;17;16;18;8
1548.0;12;22;6;21;92;13;16;20;8
1554.0;10;23;7;21;92;14;15;20;8
1560.0;11;24;10;19;92;13;15;18;8
1566.0;11;22;8;19;90;14;15;22;9
1572.0;11;24;8;18;86;14;17;21;11
1578.0;10;23;8;19;87;13;17;23;10
1584.0;10;21;6;20;88;14;17;23;11
1590.0;11;18;6;20;89;13;20;23;10
1596.0;14;18;7;20;89;12;17;21;12
1602.0;14;18;8;20;88;13;15;21;13
1608.0;13;19;6;22;86;14;14;23;13
1614.0;11;19;5;23;85;14;17;23;13
1620.0;13;19;3;22;85;16;18;23;11
1626.0;10;20;3;22;89;16;18;23;9
1632.0;9;20;3;22;91;17;15;23;10
1638.0;9;21;3;23;92;17;11;24;10
1644.0;8;21;4;22;93;15;14;23;10
1650.0;9;20;5;19;93;16;15;24;9
1656.0;8;19;6;20;92;17;15;23;10
1662.0;8;20;6;20;93;17;13;23;10
1668.0;8;20;8;21;92;17;12;23;9
1674.0;8;19;7;22;95;17;13;22;7
1680.0;8;20;6;21;95;18;13;22;7
1686.0;11;17;7;20;96;18;12;22;7
1692.0;12;18;6;20;97;19;12;20;6
1698.0;11;16;5;20;98;20;12;20;8
1704.0;12;16;4;20;101;21;9;19;8
1710.0;11;17;3;20;101;22;8;19;9
1716.0;12;14;4;20;98;23;9;19;11
1722.0;10;13;5;21;98;24;8;21;10
1728.0;8;15;4;22;98;24;8;22;9
1734.0;9;16;5;19;97;23;9;24;8
1740.0;8;17;8;20;98;22;9;22;6
1746.0;7;17;6;18;98;24;10;23;7
1752.0;10;18;3;19;99;23;9;23;6
1758.0;10;19;4;18;100;22;9;21;7
1764.0;10;19;4;17;102;22;9;20;7
1770.0;9;19;5;16;102;21;11;21;6
1776.0;10;21;5;16;103;19;9;22;5
1782.0;10;23;6;16;103;20;6;21;5
1788.0;9;24;6;15;103;20;6;21;6
1794.0;9;27;5;14;102;20;5;21;7
