#auto generated file!
12.0;63;51;62;46;62;42;54;61;59
18.0;64;56;59;45;64;43;48;63;58
24.0;68;55;56;47;66;42;49;64;53
30.0;66;55;52;47;65;44;50;68;53
36.0;65;56;51;47;69;44;46;65;57
42.0;60;57;49;51;71;43;45;67;57
48.0;57;56;51;52;75;48;45;63;53
54.0;53;58;49;51;79;53;42;68;47
60.0;49;58;48;53;85;55;38;68;46
66.0;51;59;51;53;86;56;35;68;41
72.0;47;56;51;61;88;57;35;66;39
78.0;48;57;42;60;90;60;37;68;38
84.0;52;60;38;59;91;57;40;68;35
90.0;51;64;37;57;95;60;38;66;32
96.0;49;62;38;54;98;60;39;69;31
102.0;53;62;38;52;99;62;36;68;30
108.0;54;63;35;56;101;61;30;69;31
114.0;45;64;36;59;106;56;34;69;31
120.0;45;64;39;60;108;58;31;64;31
126.0;45;61;37;60;111;60;31;63;32
132.0;42;60;39;60;113;59;31;67;29
138.0;36;59;41;59;115;59;32;66;33
144.0;39;60;36;59;117;56;31;69;33
150.0;39;57;38;60;119;58;30;67;32
156.0;39;57;36;62;125;57;30;60;34
162.0;40;60;29;58;127;57;31;63;35
168.0;43;58;31;56;133;55;30;63;31
174.0;41;59;35;56;134;55;26;63;31
180.0;39;60;33;61;136;56;25;59;31
186.0;39;61;31;61;139;52;26;57;34
192.0;38;63;31;63;141;51;24;58;31
198.0;39;64;32;60;143;55;23;55;29
204.0;33;61;30;58;150;56;26;57;29
210.0;34;62;31;56;151;55;23;57;31
216.0;33;63;27;53;155;56;24;60;29
222.0;29;64;29;51;156;56;27;59;29
228.0;25;63;29;50;160;55;29;60;29
234.0;26;61;30;53;159;53;31;59;28
240.0;25;64;33;52;161;51;27;60;27
246.0;19;65;32;51;166;52;26;60;29
252.0;23;63;31;51;166;52;25;63;26
258.0;20;64;31;48;170;51;27;64;25
264.0;20;65;30;48;168;52;27;66;24
270.0;25;67;29;51;168;50;29;62;19
276.0;24;66;30;46;172;49;32;59;22
282.0;22;66;33;50;173;49;26;59;22
288.0;20;68;34;52;173;49;25;55;24
294.0;23;63;34;54;177;46;24;53;26
300.0;25;63;32;55;182;43;22;54;24
306.0;23;63;33;55;183;42;22;53;26
312.0;25;62;35;56;182;41;22;50;27
318.0;22;63;34;50;183;45;25;51;27
324.0;21;62;36;50;184;44;22;51;30
330.0;22;61;34;50;183;47;24;49;30
336.0;24;60;36;49;184;49;24;46;28
342.0;22;57;36;47;186;47;26;50;29
348.0;22;55;39;43;185;48;28;50;30
354.0;24;57;38;45;186;46;25;50;29
360.0;27;52;33;48;189;46;27;51;27
366.0;26;53;29;46;187;48;27;54;30
372.0;26;53;29;47;187;48;27;54;29
378.0;26;53;30;50;182;47;27;53;32
384.0;26;53;28;49;183;51;26;51;33
390.0;23;55;27;51;180;54;27;47;36
396.0;25;52;21;53;184;52;28;49;36
402.0;23;54;22;51;184;50;27;52;37
408.0;24;53;24;54;184;50;23;54;34
414.0;25;57;21;57;184;49;22;52;33
420.0;26;54;21;57;190;50;19;56;27
426.0;26;51;23;60;187;50;22;55;26
432.0;27;51;26;57;187;49;26;54;23
438.0;27;50;26;57;188;50;28;49;25
444.0;23;46;24;55;194;50;30;54;24
450.0;22;47;25;53;194;49;30;56;24
456.0;21;50;25;50;191;49;31;58;25
462.0;23;51;25;48;190;49;30;59;25
468.0;23;51;28;51;188;47;28;60;24
474.0;25;52;26;52;188;49;30;53;25
480.0;27;53;25;53;187;47;26;54;28
486.0;27;50;24;53;190;46;30;53;27
492.0;29;50;22;50;193;47;31;51;27
498.0;26;50;21;51;194;48;32;50;28
504.0;24;51;21;50;194;49;33;48;30
510.0;24;53;20;48;196;46;34;49;30
516.0;25;52;22;46;197;47;33;50;28
522.0;26;52;21;42;200;49;28;51;31
528.0;24;50;18;46;199;50;28;55;30
534.0;28;49;17;44;197;54;25;52;34
540.0;28;48;18;44;199;52;25;53;33
546.0;27;48;18;45;198;50;24;57;33
552.0;29;47;18;44;200;52;23;58;29
558.0;28;45;15;45;203;52;22;60;30
564.0;26;44;17;47;207;49;23;60;27
570.0;27;47;15;46;207;46;24;60;28
576.0;29;49;22;47;201;45;21;56;30
582.0;30;50;20;46;203;44;23;53;31
588.0;32;53;20;45;204;43;21;51;31
594.0;26;56;21;46;204;44;18;50;35
600.0;31;56;18;47;203;43;18;49;35
606.0;28;58;16;43;208;41;21;46;39
612.0;29;57;21;40;207;40;21;47;38
618.0;27;56;25;40;207;42;22;46;35
624.0;25;55;24;44;207;41;22;48;34
630.0;27;53;25;45;206;43;22;46;33
636.0;27;56;24;44;206;45;23;45;30
642.0;26;55;26;44;210;43;23;43;30
648.0;27;54;27;42;211;40;23;45;31
654.0;30;56;25;41;210;43;20;44;31
660.0;27;54;24;42;211;44;21;47;30
666.0;31;51;22;45;213;42;22;44;30
672.0;26;50;23;45;215;49;22;43;27
678.0;24;48;24;48;214;46;26;43;27
684.0;24;53;24;49;212;44;23;41;30
690.0;25;52;25;50;213;42;23;40;30
696.0;25;48;28;52;217;42;20;39;29
702.0;24;50;27;53;218;42;21;38;27
708.0;25;51;27;52;220;40;22;37;26
714.0;22;56;26;54;222;41;20;34;25
720.0;24;55;24;53;221;42;19;38;24
726.0;21;51;25;54;222;44;18;39;26
732.0;24;52;25;50;223;45;18;38;25
738.0;21;54;24;52;224;40;19;40;26
744.0;21;52;22;53;225;40;18;42;27
750.0;20;54;18;51;223;45;19;44;26
756.0;18;53;22;54;223;42;20;44;24
762.0;18;53;24;54;224;40;16;45;26
768.0;19;50;23;53;224;39;16;47;29
774.0;18;52;23;57;224;37;17;45;27
780.0;18;53;20;54;224;38;19;45;29
786.0;15;54;19;55;225;38;19;44;31
792.0;16;55;20;53;220;38;22;45;31
798.0;16;54;22;54;221;39;24;43;27
804.0;16;56;24;53;219;40;24;44;24
810.0;15;59;26;52;217;41;23;43;24
816.0;14;58;30;51;219;39;20;45;24
822.0;17;57;26;52;218;41;21;47;21
828.0;20;55;24;51;218;43;22;43;24
834.0;21;52;22;52;218;43;23;47;22
840.0;21;53;22;49;217;44;21;51;22
846.0;19;52;21;53;217;44;20;52;22
852.0;16;51;23;53;216;45;20;54;22
858.0;16;52;23;51;211;44;23;56;24
864.0;16;52;24;49;212;43;21;57;26
870.0;18;53;24;47;214;40;20;58;26
876.0;17;55;22;44;216;42;21;57;26
882.0;18;54;23;44;214;41;23;55;28
888.0;15;54;24;43;213;45;24;53;29
894.0;17;56;22;43;213;47;23;54;25
900.0;19;61;19;44;214;46;21;52;24
906.0;25;55;19;45;214;48;19;53;22
912.0;22;56;21;46;214;51;18;51;21
918.0;22;55;24;45;214;52;18;51;19
924.0;21;58;28;45;211;49;19;49;20
930.0;25;55;27;47;208;46;20;52;20
936.0;23;55;27;47;207;47;20;51;23
942.0;20;60;26;46;211;45;19;53;20
948.0;19;56;25;45;212;42;22;56;23
954.0;20;54;23;45;214;42;22;58;22
960.0;19;54;25;42;214;40;24;60;22
966.0;20;51;30;44;215;41;22;56;21
972.0;19;53;32;40;218;41;23;54;20
978.0;21;53;30;40;217;41;23;52;23
984.0;26;55;27;38;217;43;22;49;23
990.0;26;55;27;40;214;47;21;49;21
996.0;25;52;26;39;215;48;24;52;19
1002.0;24;53;27;40;215;45;26;51;19
1008.0;23;56;26;39;214;47;27;50;18
1014.0;21;58;23;40;218;44;28;50;18
1020.0;26;57;23;39;215;45;28;49;18
1026.0;28;58;27;38;213;45;22;50;19
1032.0;25;58;26;34;212;48;25;48;24
1038.0;26;55;26;34;216;50;24;45;24
1044.0;26;55;28;34;219;50;21;43;24
1050.0;20;54;26;37;223;50;24;43;23
1056.0;24;52;26;39;221;47;25;42;24
1062.0;22;51;26;40;221;47;25;42;26
1068.0;22;46;32;37;224;44;24;44;27
1074.0;24;50;30;38;222;44;24;42;26
1080.0;23;53;33;39;222;44;22;41;23
1086.0;26;55;31;40;218;47;20;40;23
1092.0;28;52;34;37;219;47;21;41;21
1098.0;30;52;30;40;218;47;21;41;21
1104.0;32;51;31;36;218;46;21;44;21
1110.0;29;51;29;38;216;45;22;46;24
1116.0;28;57;25;39;219;45;19;43;25
1122.0;27;58;25;40;218;48;23;42;19
1128.0;29;57;24;36;221;48;22;45;18
1134.0;28;54;22;33;222;48;28;48;17
1140.0;31;50;22;34;225;45;30;48;15
1146.0;27;49;24;37;227;46;27;51;12
1152.0;26;50;26;38;229;44;27;47;13
1158.0;24;49;31;41;226;46;24;46;13
1164.0;26;47;33;40;224;47;24;46;13
1170.0;23;48;32;40;224;46;27;47;13
1176.0;22;49;31;40;222;49;29;45;13
1182.0;26;48;31;40;224;49;23;45;14
1188.0;28;47;28;39;226;50;22;47;13
1194.0;27;48;26;37;226;49;24;48;15
1200.0;30;43;26;39;229;49;21;47;16
1206.0;29;44;23;41;228;47;23;48;17
1212.0;30;46;24;42;226;48;24;43;17
1218.0;33;44;25;41;227;46;22;42;20
1224.0;30;44;23;46;227;46;22;40;22
1230.0;36;39;23;45;229;43;25;39;21
1236.0;35;37;24;47;229;43;26;37;22
1242.0;32;39;25;46;229;43;26;36;24
1248.0;33;39;23;48;229;42;28;34;24
1254.0;29;40;22;51;229;42;29;35;23
1260.0;27;40;22;51;228;44;29;37;22
1266.0;25;41;22;49;228;45;28;39;23
1272.0;24;42;22;49;229;46;25;38;25
1278.0;27;40;23;50;228;45;24;40;23
1284.0;29;37;21;50;229;45;25;42;22
1290.0;31;38;19;52;230;44;27;36;23
1296.0;32;36;19;54;228;44;27;39;21
1302.0;30;36;17;56;228;44;27;41;21
1308.0;29;35;18;56;227;47;27;40;21
1314.0;28;36;22;57;225;45;26;37;24
1320.0;25;35;25;55;230;44;24;36;26
1326.0;25;37;27;51;227;41;27;38;27
1332.0;25;35;27;47;229;42;30;38;27
1338.0;24;39;30;46;228;40;29;37;27
1344.0;25;40;29;46;228;42;29;35;26
1350.0;19;38;30;49;228;44;28;40;24
1356.0;18;39;28;49;227;44;26;42;27
1362.0;15;38;30;46;227;42;28;42;32
1368.0;15;38;31;48;227;41;26;43;31
1374.0;18;38;31;51;224;41;30;39;28
1380.0;18;39;32;51;226;44;24;38;28
1386.0;18;40;32;48;225;45;24;41;27
1392.0;20;37;28;46;224;44;27;45;29
1398.0;18;38;29;43;227;44;26;45;30
1404.0;17;37;27;40;228;46;25;47;33
1410.0;15;37;25;40;229;41;28;48;37
1416.0;22;35;25;42;230;36;30;47;33
1422.0;27;36;24;44;232;35;26;44;32
1428.0;29;38;22;44;229;36;24;47;31
1434.0;30;36;26;44;232;33;23;49;27
1440.0;33;35;20;46;233;33;24;48;28
1446.0;36;32;23;47;235;31;22;48;26
1452.0;35;32;25;49;233;31;23;49;23
1458.0;34;31;24;49;230;32;23;53;24
1464.0;29;35;22;46;232;32;22;54;28
1470.0;29;34;23;48;232;31;22;52;29
1476.0;27;35;21;46;232;33;22;54;30
1482.0;25;35;23;46;230;33;23;55;30
1488.0;22;36;26;49;228;34;25;53;27
1494.0;19;38;26;47;229;32;24;57;28
1500.0;20;37;27;49;227;31;23;57;29
1506.0;20;41;24;52;224;33;18;57;31
1512.0;20;39;24;52;225;32;20;56;32
1518.0;22;41;24;51;226;35;20;52;29
1524.0;23;43;21;52;227;39;18;51;26
1530.0;23;42;20;52;225;40;20;51;27
1536.0;18;41;18;51;231;41;22;52;26
1542.0;18;39;20;53;233;40;21;49;27
1548.0;18;35;18;55;231;41;24;48;30
1554.0;20;36;18;55;230;41;24;46;30
1560.0;24;36;20;55;227;40;24;46;28
1566.0;21;36;20;55;226;42;25;47;28
1572.0;19;37;22;56;226;44;24;45;27
1578.0;17;37;23;55;229;42;27;41;29
1584.0;20;34;26;51;229;40;30;41;29
1590.0;21;33;25;54;226;39;33;40;29
1596.0;23;32;27;58;224;37;31;39;29
1602.0;26;34;25;54;227;36;31;39;28
1608.0;29;37;25;52;224;34;31;39;29
1614.0;29;36;26;45;225;40;31;38;30
1620.0;33;36;24;44;226;40;30;41;26
1626.0;32;36;21;45;227;40;29;44;26
1632.0;33;34;21;44;230;40;29;40;29
1638.0;27;36;23;45;230;43;31;36;29
1644.0;29;40;23;44;231;44;28;37;24
1650.0;26;39;22;47;233;42;28;39;24
1656.0;26;40;24;45;236;41;23;41;24
1662.0;27;42;24;46;237;41;24;38;21
1668.0;24;43;25;46;234;42;23;41;22
1674.0;26;41;26;47;232;43;22;42;21
1680.0;27;41;24;46;229;45;23;45;20
1686.0;22;40;24;51;226;45;23;48;21
1692.0;20;37;26;51;227;45;23;49;22
1698.0;22;39;26;51;226;44;23;48;21
1704.0;20;41;23;53;227;40;25;49;22
1710.0;18;40;22;53;228;39;26;49;25
1716.0;18;37;19;55;227;42;25;49;28
1722.0;18;38;20;56;228;40;24;48;28
1728.0;18;37;20;55;226;41;28;45;30
1734.0;17;37;25;51;228;41;30;44;27
1740.0;15;35;21;55;231;41;30;45;27
1746.0;15;37;21;56;229;39;30;46;27
1752.0;18;37;23;55;226;37;28;46;30
1758.0;19;40;26;54;227;38;27;43;26
1764.0;16;38;29;52;229;38;27;46;25
1770.0;19;37;25;52;228;40;27;46;26
1776.0;20;36;27;51;230;37;25;47;27
1782.0;19;39;27;51;233;39;25;47;20
1788.0;19;38;25;52;234;39;25;47;21
1794.0;21;36;26;53;233;38;26;45;22
