#auto generated file!
12.0;37;49;39;27;50;55;45;42;46
18.0;35;49;37;27;51;57;40;47;47
24.0;32;50;37;29;53;57;39;49;44
30.0;32;53;35;32;53;60;35;50;40
36.0;31;51;36;34;55;59;36;50;38
42.0;29;50;36;35;58;56;37;53;36
48.0;25;51;37;36;62;55;34;54;36
54.0;27;51;36;35;66;53;35;57;30
60.0;25;49;34;36;68;55;34;58;31
66.0;28;52;29;36;70;50;32;60;33
72.0;30;52;30;37;72;46;30;61;32
78.0;31;50;31;43;73;48;27;57;30
84.0;30;45;31;47;75;47;28;54;33
90.0;29;48;30;49;74;44;26;56;34
96.0;29;45;30;51;77;44;27;54;33
102.0;26;46;30;52;82;45;23;54;32
108.0;27;42;30;53;83;43;25;54;33
114.0;28;39;28;54;84;42;26;58;31
120.0;30;37;28;52;84;43;27;58;31
126.0;30;37;32;52;83;44;27;56;29
132.0;27;37;35;51;85;43;29;54;29
138.0;32;38;35;52;86;40;23;54;30
144.0;31;38;33;52;89;41;23;55;28
150.0;35;36;30;51;93;42;22;52;29
156.0;35;34;28;54;96;41;25;50;27
162.0;33;34;30;52;96;41;26;52;26
168.0;28;33;32;59;96;42;26;49;25
174.0;26;36;33;55;96;42;26;51;25
180.0;25;41;31;56;98;37;24;50;28
186.0;26;42;30;52;100;34;25;51;30
192.0;28;42;31;52;101;33;23;50;30
198.0;25;40;30;53;104;38;23;48;29
204.0;22;40;29;52;109;39;24;49;26
210.0;20;42;29;49;108;39;25;50;28
216.0;22;40;30;50;109;38;26;49;26
222.0;20;42;28;49;108;40;27;49;27
228.0;20;44;30;47;107;43;26;45;28
234.0;20;45;34;48;112;41;21;44;25
240.0;20;50;36;50;109;40;19;43;23
246.0;20;50;34;48;110;39;23;44;22
252.0;23;47;33;46;112;42;23;42;22
258.0;24;46;38;44;113;42;19;41;23
264.0;24;46;36;42;111;43;20;42;26
270.0;26;47;34;41;112;41;17;46;26
276.0;26;50;35;43;111;39;17;44;25
282.0;24;48;38;42;113;36;21;45;23
288.0;24;47;38;43;114;35;22;45;22
294.0;23;50;36;42;114;38;18;46;23
300.0;23;48;37;45;114;36;19;44;24
306.0;22;50;35;43;113;37;21;44;25
312.0;27;50;34;46;112;37;21;42;21
318.0;29;51;30;46;114;34;22;47;17
324.0;28;50;29;48;113;34;20;48;20
330.0;28;50;29;50;116;31;19;50;17
336.0;26;51;30;52;119;34;15;50;13
342.0;26;49;31;50;120;35;16;51;12
348.0;26;47;28;49;123;35;20;50;12
354.0;27;47;25;50;122;38;18;51;12
360.0;23;44;26;51;120;40;19;54;13
366.0;25;42;21;51;118;41;20;55;17
372.0;26;43;22;50;118;40;23;50;18
378.0;28;42;23;48;120;42;21;49;17
384.0;28;43;26;49;120;39;18;48;19
390.0;24;43;26;50;118;43;17;47;22
396.0;21;42;25;50;118;45;18;49;22
402.0;21;41;24;53;117;46;19;48;21
408.0;23;40;25;54;115;45;18;49;21
414.0;21;38;27;51;119;45;21;48;20
420.0;22;38;29;50;121;44;22;45;19
426.0;24;38;27;49;126;43;24;41;18
432.0;24;36;22;49;127;43;24;45;20
438.0;22;36;21;53;128;42;24;45;19
444.0;20;34;25;52;129;40;25;43;22
450.0;19;37;25;51;130;39;25;41;23
456.0;22;37;23;50;130;39;23;40;26
462.0;22;37;21;47;131;43;24;38;27
468.0;22;37;19;46;135;43;24;40;24
474.0;23;35;18;48;136;44;23;39;24
480.0;23;38;21;48;134;43;18;39;26
486.0;20;39;21;45;132;46;17;41;29
492.0;20;39;22;47;131;44;17;44;26
498.0;18;40;26;44;130;40;16;47;29
504.0;18;41;24;47;129;39;19;47;26
510.0;17;40;22;46;133;39;21;45;27
516.0;19;38;23;49;136;40;15;44;26
522.0;15;39;25;50;136;41;16;46;22
528.0;16;37;26;48;137;41;18;48;19
534.0;16;35;21;50;141;41;19;48;19
540.0;15;37;19;48;143;43;19;47;19
546.0;17;40;17;47;146;39;20;47;17
552.0;17;37;19;48;149;38;19;48;15
558.0;18;40;19;46;150;37;20;44;16
564.0;16;41;18;44;151;37;23;44;16
570.0;12;42;19;42;150;40;25;43;17
576.0;13;41;17;44;151;42;27;39;16
582.0;12;41;19;42;150;42;28;40;16
588.0;16;38;22;40;150;41;28;37;18
594.0;15;40;24;37;154;42;26;37;15
600.0;19;38;22;36;157;43;24;36;15
606.0;21;39;21;36;155;46;21;35;16
612.0;21;38;22;33;155;47;21;36;17
618.0;22;37;22;34;154;50;22;35;14
624.0;24;37;24;35;151;51;18;34;16
630.0;24;36;25;34;148;53;18;34;18
636.0;26;35;27;30;151;52;21;32;16
642.0;26;30;28;30;153;49;23;36;15
648.0;29;31;29;32;151;51;20;32;15
654.0;30;33;27;33;148;52;17;33;17
660.0;31;31;27;33;152;48;15;34;19
666.0;29;33;24;38;153;46;14;33;20
672.0;27;34;23;38;155;45;14;35;19
678.0;24;34;25;38;155;46;15;33;20
684.0;22;37;25;37;155;48;16;35;15
690.0;20;35;25;35;158;47;19;36;15
696.0;20;35;24;35;159;44;21;35;17
702.0;21;32;24;35;161;45;20;35;17
708.0;22;35;26;34;161;42;18;36;16
714.0;19;36;23;37;162;42;20;35;16
720.0;19;38;22;37;161;42;18;37;16
726.0;19;38;20;38;163;45;18;34;15
732.0;19;40;17;39;162;46;16;32;19
738.0;22;41;16;39;158;47;18;31;18
744.0;20;40;18;36;162;43;16;33;22
750.0;23;39;18;37;160;43;15;33;22
756.0;20;36;19;37;163;41;18;33;23
762.0;25;33;20;36;163;42;17;32;22
768.0;26;34;19;35;165;42;20;32;17
774.0;24;36;19;34;171;43;17;31;15
780.0;27;34;18;33;169;41;17;31;20
786.0;28;34;17;33;171;38;17;32;20
792.0;29;33;17;33;170;37;17;34;20
798.0;26;36;16;33;170;36;19;34;20
804.0;23;35;13;32;171;37;19;32;28
810.0;25;36;15;33;171;37;18;29;26
816.0;27;36;17;32;170;34;18;31;25
822.0;26;35;18;36;169;34;18;30;24
828.0;26;33;18;35;171;35;20;29;23
834.0;26;32;18;34;172;35;18;30;25
840.0;25;31;19;35;171;37;18;30;24
846.0;25;31;19;34;169;38;16;33;25
852.0;28;28;19;34;166;39;17;34;25
858.0;26;25;21;36;168;39;15;33;27
864.0;23;23;26;37;167;42;14;35;23
870.0;22;24;27;33;168;45;14;36;21
876.0;19;24;30;33;171;41;13;38;21
882.0;22;24;28;35;171;39;12;38;21
888.0;21;22;24;41;170;39;13;37;23
894.0;19;21;26;42;171;36;15;39;21
900.0;21;21;25;42;171;38;13;36;23
906.0;23;22;27;43;166;36;16;33;24
912.0;22;24;24;42;166;36;16;34;26
918.0;23;29;25;40;165;33;17;32;26
924.0;24;29;26;38;165;34;18;34;22
930.0;22;30;24;36;166;37;19;36;20
936.0;23;31;21;35;165;35;22;37;21
942.0;22;31;24;34;166;35;19;38;21
948.0;23;32;28;35;165;34;17;39;17
954.0;20;31;29;35;165;40;16;39;15
960.0;21;32;25;37;165;39;16;39;16
966.0;19;34;24;38;166;38;16;40;15
972.0;17;35;22;36;167;39;15;40;19
978.0;15;38;18;35;169;40;18;40;17
984.0;15;37;19;36;170;37;21;40;15
990.0;16;38;19;36;172;38;18;41;12
996.0;17;37;21;36;171;40;17;40;11
1002.0;22;39;18;34;168;40;17;39;13
1008.0;23;40;17;30;168;42;17;39;14
1014.0;25;40;17;29;166;41;17;39;16
1020.0;24;41;16;27;165;44;17;39;17
1026.0;23;38;14;28;163;47;18;40;19
1032.0;21;40;16;31;164;51;16;37;14
1038.0;20;41;14;31;164;51;16;38;15
1044.0;20;39;14;33;164;52;14;39;15
1050.0;17;42;17;29;166;50;14;40;15
1056.0;17;43;19;28;164;48;15;40;16
1062.0;16;46;21;29;162;48;12;40;16
1068.0;19;47;18;30;163;42;12;43;16
1074.0;19;46;19;33;163;42;15;41;12
1080.0;22;45;18;31;164;43;16;40;11
1086.0;22;45;18;34;165;43;15;40;8
1092.0;19;43;18;34;166;43;16;40;11
1098.0;20;43;20;33;166;41;18;38;11
1104.0;18;43;20;37;166;41;19;37;9
1110.0;17;43;19;36;166;41;20;38;10
1116.0;18;43;16;32;168;44;21;38;10
1122.0;19;44;17;28;168;43;23;36;12
1128.0;18;45;17;29;170;43;21;35;12
1134.0;18;43;18;30;169;42;21;36;13
1140.0;15;42;18;32;172;43;20;35;13
1146.0;16;40;18;32;174;41;20;32;17
1152.0;18;41;16;31;174;42;19;31;18
1158.0;18;40;15;33;175;45;17;28;19
1164.0;18;42;15;33;175;44;17;26;20
1170.0;18;41;15;35;174;43;16;27;21
1176.0;18;39;15;31;172;46;17;30;22
1182.0;21;39;18;30;174;46;14;31;17
1188.0;20;42;18;27;172;45;15;30;21
1194.0;19;40;19;28;171;45;15;31;22
1200.0;19;39;23;28;171;44;13;29;24
1206.0;21;36;22;30;171;43;13;31;23
1212.0;21;37;19;31;173;41;16;30;22
1218.0;21;35;20;31;172;41;16;30;24
1224.0;20;34;19;32;175;42;13;29;26
1230.0;21;33;16;27;178;43;13;32;27
1236.0;23;35;18;27;177;44;11;31;24
1242.0;25;35;14;29;179;39;12;32;25
1248.0;25;38;14;29;179;43;10;30;22
1254.0;24;37;14;31;182;42;9;29;22
1260.0;22;38;13;32;182;40;10;30;23
1266.0;25;38;13;33;184;35;10;30;22
1272.0;24;38;14;33;182;35;13;29;22
1278.0;27;35;11;33;182;37;15;28;22
1284.0;27;37;10;32;184;36;15;28;21
1290.0;22;36;10;34;184;37;16;29;22
1296.0;23;36;12;33;186;35;15;28;22
1302.0;22;36;14;32;187;36;15;26;22
1308.0;23;38;16;29;188;33;14;28;21
1314.0;18;37;18;31;191;32;13;28;22
1320.0;16;38;15;33;191;32;14;33;18
1326.0;19;35;13;34;196;28;13;30;22
1332.0;17;35;11;34;197;31;13;31;21
1338.0;16;34;12;33;198;33;14;31;19
1344.0;12;35;12;35;200;30;13;35;18
1350.0;12;36;16;32;198;30;13;34;19
1356.0;12;36;15;34;199;29;15;32;18
1362.0;11;36;16;31;199;29;16;33;19
1368.0;10;38;18;34;195;30;11;35;19
1374.0;11;37;17;35;196;32;8;36;18
1380.0;12;39;17;36;198;29;11;32;16
1386.0;16;38;18;39;195;27;11;31;15
1392.0;15;36;19;38;194;27;15;30;16
1398.0;18;37;19;37;194;25;18;29;13
1404.0;17;36;19;37;196;23;17;29;16
1410.0;16;34;18;39;192;24;19;28;20
1416.0;17;35;13;39;192;24;21;28;21
1422.0;16;35;11;40;193;24;18;30;23
1428.0;17;36;10;37;190;23;17;33;27
1434.0;15;36;13;37;188;23;18;32;28
1440.0;17;37;11;36;189;23;19;32;26
1446.0;18;33;12;35;189;25;19;32;27
1452.0;18;36;12;35;188;25;19;33;24
1458.0;16;36;11;36;187;26;20;36;22
1464.0;12;37;14;38;187;25;18;36;23
1470.0;13;37;15;36;185;30;18;35;21
1476.0;14;39;15;34;182;31;19;35;21
1482.0;15;39;19;32;180;33;20;32;20
1488.0;17;38;21;31;183;32;20;31;17
1494.0;15;36;21;33;184;31;20;34;16
1500.0;15;36;20;33;182;30;23;33;18
1506.0;17;39;21;30;184;30;22;33;14
1512.0;16;39;21;33;185;27;21;35;13
1518.0;15;39;22;36;185;26;22;34;11
1524.0;18;38;24;33;186;26;21;32;12
1530.0;19;42;24;32;184;29;15;33;12
1536.0;19;40;24;33;186;29;14;33;12
1542.0;23;42;26;34;184;27;12;31;11
1548.0;21;43;24;33;182;26;15;30;16
1554.0;20;43;25;34;183;25;18;28;14
1560.0;18;42;21;35;183;28;20;28;15
1566.0;20;39;20;36;182;27;19;29;18
1572.0;19;38;23;39;183;27;15;29;17
1578.0;19;40;23;39;180;30;15;27;17
1584.0;22;38;25;37;179;28;19;26;16
1590.0;21;37;25;38;180;28;16;27;18
1596.0;19;35;23;41;182;28;18;25;19
1602.0;20;36;21;41;184;28;21;24;15
1608.0;18;37;17;41;184;30;20;26;17
1614.0;17;39;17;40;180;30;22;31;14
1620.0;17;36;18;38;180;30;25;32;14
1626.0;17;35;19;38;177;32;25;33;14
1632.0;17;37;17;35;180;33;24;34;13
1638.0;19;36;15;34;180;34;24;34;14
1644.0;21;33;14;38;179;32;23;34;16
1650.0;21;34;13;39;180;32;23;33;15
1656.0;22;35;10;39;180;31;21;35;17
1662.0;18;34;10;38;183;33;22;34;18
1668.0;17;36;12;39;179;31;22;34;20
1674.0;20;34;11;41;180;32;18;38;16
1680.0;22;35;12;39;179;32;17;37;17
1686.0;26;39;12;36;179;28;16;38;16
1692.0;25;40;12;34;178;31;15;37;18
1698.0;23;41;12;34;177;32;16;37;18
1704.0;23;42;10;35;177;35;16;35;17
1710.0;23;41;11;35;175;38;15;34;18
1716.0;22;40;13;35;173;36;19;34;18
1722.0;22;42;13;33;174;35;19;33;19
1728.0;20;44;15;34;171;36;19;33;18
1734.0;17;45;15;35;171;35;18;32;22
1740.0;15;42;19;36;172;37;16;33;20
1746.0;16;38;19;37;175;37;16;31;21
1752.0;16;37;16;39;177;34;20;30;21
1758.0;19;37;17;37;176;34;21;29;20
1764.0;21;38;14;36;174;36;21;29;21
1770.0;24;36;13;36;175;35;22;31;18
1776.0;25;37;14;40;174;35;18;30;17
1782.0;24;35;17;39;173;33;21;31;17
1788.0;22;35;16;38;176;31;22;31;19
1794.0;22;34;19;35;177;33;20;30;20
