#auto generated file!
12.0;30;31;42;34;33;26;36;35;33
18.0;28;32;41;38;34;27;34;33;33
24.0;23;32;44;39;35;29;31;34;33
30.0;24;30;43;37;37;31;31;32;35
36.0;26;31;42;36;39;32;31;35;28
42.0;26;32;42;34;39;34;31;33;29
48.0;29;30;38;37;39;36;31;33;27
54.0;24;33;36;36;40;39;31;34;27
60.0;24;31;37;35;42;41;29;35;26
66.0;28;31;35;36;42;39;31;34;24
72.0;29;31;36;36;45;37;31;32;23
78.0;27;32;35;36;48;35;32;31;24
84.0;26;34;37;36;52;36;27;27;25
90.0;27;33;31;36;54;36;29;29;25
96.0;30;32;29;38;54;35;27;30;25
102.0;26;37;27;37;57;38;24;29;25
108.0;23;36;26;38;57;35;27;32;26
114.0;22;36;23;37;58;38;27;32;27
120.0;22;34;22;35;62;40;26;33;26
126.0;25;33;21;33;64;41;26;34;23
132.0;24;33;19;35;66;39;25;34;25
138.0;24;32;20;34;67;42;24;36;21
144.0;25;35;21;35;67;41;23;36;17
150.0;25;34;22;35;69;41;23;37;14
156.0;24;34;22;35;69;44;21;38;13
162.0;23;33;22;35;70;43;20;37;17
168.0;20;29;22;37;70;43;23;38;18
174.0;19;26;22;36;72;43;22;40;20
180.0;20;23;25;34;72;44;21;39;22
186.0;16;23;25;37;72;46;21;41;19
192.0;16;25;27;37;72;47;19;39;18
198.0;17;25;25;35;74;43;20;42;19
204.0;20;25;21;35;75;43;20;43;18
210.0;22;25;20;36;75;40;19;43;20
216.0;19;26;24;39;78;36;15;44;19
222.0;16;30;25;42;78;34;16;42;17
228.0;16;27;27;42;80;34;16;41;17
234.0;15;30;25;42;84;34;16;39;15
240.0;15;29;21;44;86;35;16;39;15
246.0;16;28;21;43;87;35;16;40;14
252.0;14;29;20;41;88;36;15;43;14
258.0;16;27;17;43;90;36;13;43;15
264.0;16;27;17;46;88;37;12;42;15
270.0;16;24;21;48;87;36;12;42;14
276.0;11;23;21;49;87;34;15;45;15
282.0;13;23;22;45;88;34;15;44;16
288.0;13;24;21;46;89;35;13;42;17
294.0;15;26;20;44;90;33;11;43;18
300.0;15;22;23;46;90;33;12;40;19
306.0;16;23;22;47;90;33;10;39;20
312.0;15;23;20;48;91;34;10;40;19
318.0;11;23;22;47;89;35;12;38;23
324.0;11;24;21;44;93;32;11;41;23
330.0;13;23;22;44;92;33;13;40;20
336.0;11;24;22;43;96;29;14;43;18
342.0;13;24;22;42;98;28;15;41;17
348.0;12;25;22;44;100;28;15;37;17
354.0;14;23;23;42;100;28;14;37;19
360.0;14;23;21;42;102;28;14;36;20
366.0;15;24;23;40;100;29;15;36;18
372.0;13;25;23;39;104;28;16;34;18
378.0;12;23;21;39;104;29;17;36;19
384.0;15;20;20;36;105;30;17;38;19
390.0;17;18;20;37;103;31;18;37;19
396.0;18;22;22;38;102;30;15;36;17
402.0;19;22;19;39;103;32;14;35;17
408.0;18;21;20;41;108;31;14;34;13
414.0;16;22;19;42;105;30;18;36;12
420.0;13;23;19;45;107;29;18;34;12
426.0;12;23;18;44;107;31;18;34;13
432.0;14;24;18;46;107;30;15;35;11
438.0;14;24;18;45;106;33;17;35;8
444.0;14;24;16;43;105;34;18;34;12
450.0;13;22;19;43;104;35;17;35;12
456.0;11;21;16;40;105;39;21;37;10
462.0;13;20;19;41;104;37;21;34;11
468.0;12;19;21;38;105;37;23;34;11
474.0;11;22;21;42;103;34;21;34;12
480.0;11;22;20;41;104;31;20;37;14
486.0;11;21;21;40;107;30;18;37;15
492.0;11;20;22;40;106;30;19;36;16
498.0;13;20;20;41;105;28;21;36;16
504.0;14;22;18;41;104;30;20;34;17
510.0;15;22;15;42;104;28;19;37;18
516.0;13;20;16;44;106;27;18;36;20
522.0;14;22;18;40;106;28;19;33;20
528.0;15;22;17;38;109;29;20;33;17
534.0;17;22;19;37;109;30;19;32;15
540.0;18;23;17;35;110;31;19;32;15
546.0;19;21;16;36;110;28;19;35;16
552.0;18;19;18;36;112;31;17;34;15
558.0;14;21;16;38;115;29;18;33;16
564.0;15;21;16;36;114;32;18;32;16
570.0;16;21;18;36;115;29;17;31;17
576.0;15;22;15;34;116;30;18;33;17
582.0;15;23;15;32;118;31;16;35;15
588.0;15;22;14;32;122;31;15;33;16
594.0;12;24;15;32;125;33;15;29;15
600.0;11;22;17;33;125;32;19;29;12
606.0;10;20;18;33;124;33;20;29;13
612.0;11;21;18;34;125;35;16;27;13
618.0;9;22;19;34;127;36;13;30;10
624.0;9;21;18;35;126;36;15;29;11
630.0;10;21;20;32;127;34;14;29;13
636.0;12;21;17;34;128;35;14;27;12
642.0;11;21;17;35;129;36;15;25;11
648.0;13;21;18;32;127;37;14;26;12
654.0;12;21;19;30;130;37;13;25;13
660.0;12;21;16;30;129;38;17;24;13
666.0;13;24;16;28;129;36;16;26;12
672.0;11;27;14;29;126;38;14;29;12
678.0;10;27;14;30;125;43;14;25;12
684.0;9;27;13;30;127;40;14;27;13
690.0;9;28;8;29;126;44;15;25;16
696.0;9;27;13;30;127;42;13;24;15
702.0;7;29;15;29;129;41;11;24;15
708.0;7;27;15;27;132;42;11;24;15
714.0;10;24;16;28;132;41;10;24;15
720.0;9;25;15;27;130;43;13;23;15
726.0;8;22;14;27;132;42;15;24;16
732.0;8;23;13;26;132;41;13;25;19
738.0;10;24;14;25;133;38;11;25;20
744.0;9;25;14;25;133;38;12;25;19
750.0;10;28;14;26;131;36;12;25;18
756.0;10;28;14;26;132;35;12;24;19
762.0;10;29;13;27;135;34;11;22;19
768.0;7;33;12;27;135;33;12;20;21
774.0;7;34;12;27;135;33;12;19;21
780.0;10;34;12;27;136;29;15;19;18
786.0;14;34;12;27;137;26;14;17;19
792.0;14;35;11;26;140;25;14;16;19
798.0;15;34;11;23;142;26;13;18;18
804.0;12;35;10;23;141;26;15;20;18
810.0;10;34;13;26;139;24;15;20;19
816.0;8;34;11;27;141;25;15;20;19
822.0;11;35;9;28;140;24;15;19;19
828.0;12;35;9;26;141;23;15;20;19
834.0;14;37;8;26;140;21;15;20;19
840.0;13;32;9;28;136;24;16;22;20
846.0;15;31;11;29;136;23;16;21;18
852.0;15;30;9;27;137;28;15;22;17
858.0;13;35;9;27;136;29;16;20;15
864.0;13;37;10;28;136;29;17;19;11
870.0;12;38;10;29;136;27;16;21;11
876.0;10;35;12;26;137;25;17;22;16
882.0;10;34;12;26;137;27;17;21;16
888.0;10;33;12;26;138;26;18;21;16
894.0;9;35;11;27;135;23;22;22;16
900.0;10;32;14;26;135;23;21;23;16
906.0;10;30;12;25;138;21;22;25;17
912.0;14;28;12;26;138;20;21;25;16
918.0;13;29;12;25;140;20;22;24;15
924.0;9;28;11;25;140;24;24;24;15
930.0;11;25;12;28;140;24;23;23;14
936.0;10;26;13;26;139;25;23;24;14
942.0;9;29;15;30;139;25;19;23;11
948.0;11;29;14;30;141;21;20;23;11
954.0;11;28;14;30;142;22;21;21;11
960.0;13;28;14;29;141;22;23;20;10
966.0;14;28;15;30;144;20;21;19;9
972.0;14;28;15;27;145;23;23;19;6
978.0;13;29;14;25;144;27;20;18;10
984.0;12;29;12;25;144;27;19;20;12
990.0;14;29;13;24;146;25;18;20;11
996.0;16;27;11;24;147;25;18;20;12
1002.0;14;32;12;24;149;21;15;19;14
1008.0;13;33;10;24;151;19;16;17;17
1014.0;12;32;10;25;149;18;19;18;17
1020.0;11;30;10;24;148;19;19;22;17
1026.0;10;28;12;24;147;21;20;23;15
1032.0;10;30;13;25;149;20;16;23;14
1038.0;12;28;13;24;149;21;17;24;12
1044.0;12;26;14;25;149;21;14;26;13
1050.0;12;24;15;26;149;21;12;27;14
1056.0;14;25;16;24;149;21;10;28;13
1062.0;13;24;15;24;150;21;11;29;13
1068.0;13;23;16;22;148;21;11;34;12
1074.0;15;24;16;20;148;22;12;33;10
1080.0;16;26;17;18;149;23;10;33;8
1086.0;16;25;15;21;149;23;11;31;9
1092.0;15;27;13;22;147;23;11;33;9
1098.0;13;28;12;22;147;22;12;33;11
1104.0;13;29;12;19;148;21;16;32;10
1110.0;15;28;11;20;148;23;15;32;8
1116.0;15;29;11;21;152;21;14;29;8
1122.0;13;30;14;18;153;20;14;28;10
1128.0;12;30;16;18;153;19;14;27;11
1134.0;12;31;14;18;152;20;15;26;12
1140.0;9;31;15;19;151;19;16;25;15
1146.0;9;32;18;20;150;17;16;25;13
1152.0;10;31;14;20;151;18;17;27;12
1158.0;9;29;14;23;152;19;15;28;11
1164.0;7;28;16;23;150;20;16;27;13
1170.0;6;28;16;21;155;19;15;27;13
1176.0;5;28;15;21;155;19;15;29;13
1182.0;6;31;14;21;153;18;15;28;14
1188.0;8;31;16;22;153;17;14;26;13
1194.0;9;30;15;21;155;17;14;27;12
1200.0;8;30;14;22;155;19;12;28;12
1206.0;9;29;14;21;156;19;13;28;11
1212.0;10;29;14;19;155;20;14;29;10
1218.0;11;27;15;19;156;20;13;28;11
1224.0;12;26;16;17;154;21;13;30;11
1230.0;13;25;17;18;151;22;15;28;11
1236.0;11;25;18;21;149;24;11;27;14
1242.0;10;23;17;20;148;27;11;28;16
1248.0;9;25;17;23;148;26;11;27;14
1254.0;10;25;18;23;149;25;11;25;14
1260.0;8;25;19;24;148;25;12;28;11
1266.0;7;24;20;25;148;25;11;25;15
1272.0;9;24;16;25;148;27;11;25;15
1278.0;8;27;17;23;148;28;12;25;12
1284.0;8;27;18;24;149;24;12;25;13
1290.0;9;27;18;22;148;24;15;25;12
1296.0;11;28;15;22;148;26;13;26;11
1302.0;10;31;11;24;148;25;11;29;11
1308.0;9;31;12;22;147;23;13;30;13
1314.0;8;30;14;25;149;23;12;27;12
1320.0;8;29;16;25;149;23;10;27;13
1326.0;9;31;13;25;148;23;10;28;13
1332.0;8;32;14;24;149;22;11;26;14
1338.0;8;31;15;23;149;23;12;26;13
1344.0;7;30;15;26;147;26;15;22;12
1350.0;8;32;12;25;148;25;16;21;13
1356.0;5;30;13;27;146;27;16;24;12
1362.0;6;30;14;28;147;27;13;24;11
1368.0;9;27;13;29;145;26;11;26;14
1374.0;10;26;12;30;144;24;13;24;17
1380.0;11;28;18;28;140;26;13;23;13
1386.0;12;29;18;28;140;26;12;24;11
1392.0;14;31;19;28;139;24;10;23;12
1398.0;14;29;20;27;140;25;10;24;11
1404.0;13;29;21;28;139;24;10;23;13
1410.0;13;29;22;27;137;24;11;23;14
1416.0;12;31;21;30;139;23;8;23;13
1422.0;12;29;18;30;139;24;11;23;14
1428.0;13;28;19;30;138;23;10;24;15
1434.0;10;28;18;30;137;25;9;26;17
1440.0;9;27;16;30;138;24;11;26;19
1446.0;9;28;16;32;139;22;10;22;22
1452.0;7;29;16;33;139;22;9;22;23
1458.0;7;28;17;32;141;22;8;22;23
1464.0;7;27;19;31;142;24;8;22;20
1470.0;7;26;22;34;143;21;5;24;18
1476.0;7;29;21;33;144;19;4;25;18
1482.0;7;30;23;34;143;22;3;24;14
1488.0;7;32;24;34;144;20;3;22;14
1494.0;9;30;25;34;140;23;3;22;14
1500.0;8;34;24;34;141;24;4;22;9
1506.0;8;34;23;33;142;23;4;24;9
1512.0;8;35;22;32;142;24;4;23;10
1518.0;8;33;22;29;145;22;8;22;11
1524.0;9;32;23;33;147;20;8;18;10
1530.0;10;32;20;34;147;21;7;18;11
1536.0;10;30;19;31;148;20;10;22;10
1542.0;11;27;17;31;149;23;10;22;10
1548.0;12;28;16;28;151;25;10;22;8
1554.0;12;26;15;25;151;25;8;29;9
1560.0;12;25;16;24;151;25;9;30;8
1566.0;13;29;15;25;146;27;11;29;5
1572.0;14;31;16;23;146;27;11;29;3
1578.0;13;34;16;23;142;27;12;29;4
1584.0;14;34;14;23;143;29;12;28;3
1590.0;13;33;15;21;141;31;15;29;2
1596.0;13;31;15;21;141;33;17;26;3
1602.0;14;32;16;22;141;33;15;24;3
1608.0;10;35;16;21;141;35;15;23;4
1614.0;10;32;17;22;141;35;15;23;5
1620.0;12;32;16;25;140;34;12;23;6
1626.0;12;33;14;25;141;32;11;23;9
1632.0;12;33;15;26;141;31;11;21;10
1638.0;11;29;14;29;143;31;10;22;11
1644.0;11;29;15;28;141;34;10;23;9
1650.0;10;31;16;28;141;35;9;21;9
1656.0;11;31;16;27;138;36;8;24;9
1662.0;11;30;16;27;139;35;8;25;9
1668.0;11;28;16;27;139;34;10;27;8
1674.0;10;27;18;26;140;30;13;26;10
1680.0;12;26;16;27;139;31;13;26;10
1686.0;11;27;16;26;139;31;12;28;10
1692.0;12;26;14;27;141;31;10;28;11
1698.0;11;29;15;27;137;29;10;29;13
1704.0;8;28;15;27;139;31;10;29;13
1710.0;6;29;17;27;139;33;10;27;12
1716.0;8;29;16;28;140;33;12;21;13
1722.0;8;26;13;27;138;35;13;24;16
1728.0;8;26;14;29;137;34;12;25;15
1734.0;9;27;15;30;137;29;11;25;17
1740.0;8;25;15;29;138;29;13;24;19
1746.0;8;25;15;29;140;25;14;24;20
1752.0;11;26;15;29;138;26;14;23;18
1758.0;13;26;13;27;139;26;16;23;17
1764.0;12;23;11;28;141;29;19;22;15
1770.0;11;27;8;32;139;33;12;22;16
1776.0;13;27;6;31;141;30;16;19;17
1782.0;11;26;8;30;144;26;15;20;20
1788.0;14;25;10;32;143;27;14;19;16
1794.0;16;26;10;32;139;30;12;21;14
