#auto generated file!
12.0;45;59;49;50;50;43;46;57;51
18.0;44;61;43;48;54;48;43;57;52
24.0;44;61;42;47;56;46;44;57;53
30.0;38;62;45;45;61;48;49;53;49
36.0;37;64;41;45;67;48;48;56;44
42.0;41;64;39;47;70;49;45;56;39
48.0;40;68;38;47;72;50;42;57;36
54.0;39;69;38;46;72;51;40;58;37
60.0;42;68;40;46;74;50;39;56;35
66.0;40;69;39;45;77;52;38;59;31
72.0;36;70;43;48;77;54;33;56;33
78.0;34;69;40;52;80;56;30;58;31
84.0;34;69;41;52;81;53;32;59;29
90.0;36;65;41;52;85;50;32;57;32
96.0;37;66;42;50;86;51;32;57;29
102.0;35;63;45;52;88;53;30;57;27
108.0;34;62;46;52;87;54;29;59;27
114.0;34;61;45;53;88;58;27;60;24
120.0;35;64;39;52;91;58;29;57;25
126.0;32;63;39;50;93;59;28;59;27
132.0;31;62;41;50;94;58;28;55;31
138.0;29;65;39;49;98;56;31;54;29
144.0;29;66;37;49;101;54;34;54;26
150.0;28;67;36;48;104;53;36;54;24
156.0;25;65;36;49;105;54;35;55;26
162.0;23;67;33;49;107;52;35;59;25
168.0;24;67;32;50;108;52;36;56;25
174.0;24;67;30;52;111;52;35;55;24
180.0;23;66;32;55;113;51;31;57;22
186.0;21;67;36;56;115;51;29;56;19
192.0;19;64;38;60;115;47;30;56;21
198.0;18;64;39;62;118;45;26;56;22
204.0;18;64;38;62;117;44;29;52;26
210.0;16;62;38;65;119;43;28;56;23
216.0;17;57;39;69;120;40;29;54;25
222.0;21;57;36;69;119;39;29;53;27
228.0;23;56;33;69;121;44;27;49;28
234.0;23;58;31;64;122;49;26;50;27
240.0;27;59;28;58;124;49;29;50;26
246.0;28;60;26;59;126;47;28;51;25
252.0;31;62;22;55;127;44;27;52;30
258.0;31;60;22;54;129;44;28;49;33
264.0;30;55;23;50;133;47;31;50;31
270.0;30;52;21;49;135;49;30;52;32
276.0;27;50;20;50;138;48;32;54;31
282.0;27;52;22;50;136;48;31;49;35
288.0;28;54;24;48;138;45;29;49;35
294.0;33;58;23;49;137;43;24;48;35
300.0;33;56;22;48;139;42;24;49;37
306.0;33;51;25;46;139;44;24;53;35
312.0;36;53;25;47;140;44;22;53;30
318.0;35;53;23;45;144;46;24;50;30
324.0;34;55;22;44;145;46;24;51;29
330.0;34;55;22;40;146;50;21;51;31
336.0;32;58;20;38;147;56;20;50;29
342.0;34;59;20;40;144;57;23;47;26
348.0;39;63;21;39;141;58;21;44;24
354.0;37;60;22;38;142;59;22;45;25
360.0;34;62;23;38;144;55;20;51;23
366.0;37;63;24;38;142;54;21;50;21
372.0;30;61;24;41;144;51;24;51;24
378.0;32;58;26;39;144;46;28;51;26
384.0;31;57;24;42;145;48;29;47;27
390.0;28;55;21;45;146;49;32;48;26
396.0;29;56;18;45;148;48;29;50;27
402.0;24;56;19;45;148;48;30;50;30
408.0;27;57;20;43;149;45;27;50;32
414.0;28;59;17;42;150;47;30;47;30
420.0;27;59;15;44;150;45;30;49;31
426.0;27;60;15;44;151;46;29;48;30
432.0;29;55;17;44;154;46;26;49;30
438.0;29;56;16;43;157;44;26;49;30
444.0;35;55;12;42;158;42;25;54;27
450.0;34;54;13;44;160;41;24;51;29
456.0;32;53;14;47;161;38;23;54;28
462.0;30;53;14;45;166;37;24;55;26
468.0;33;51;18;42;165;39;23;53;26
474.0;30;49;19;45;165;38;24;53;27
480.0;28;48;20;43;163;39;23;53;33
486.0;31;45;22;41;165;40;24;51;31
492.0;30;49;21;41;164;40;27;47;31
498.0;29;49;22;42;162;37;28;47;34
504.0;28;49;24;40;164;35;30;48;32
510.0;24;48;26;43;162;36;27;48;36
516.0;23;48;27;40;159;38;34;50;31
522.0;24;45;24;38;158;44;36;51;30
528.0;23;46;26;38;161;43;35;51;27
534.0;25;42;27;41;165;40;32;52;26
540.0;27;39;28;40;165;40;33;55;23
546.0;27;40;26;37;169;39;37;56;19
552.0;27;39;24;39;171;41;36;54;19
558.0;30;38;24;38;172;40;35;52;21
564.0;29;40;22;39;173;40;36;53;18
570.0;27;40;25;42;174;39;34;49;20
576.0;29;41;24;37;175;38;35;50;21
582.0;30;41;26;39;178;40;30;45;21
588.0;25;45;26;39;178;40;29;44;24
594.0;23;44;27;41;179;37;28;46;25
600.0;23;44;28;41;180;37;27;46;24
606.0;21;47;26;40;179;38;30;44;25
612.0;19;49;24;39;186;37;30;43;23
618.0;20;46;22;36;187;38;30;45;26
624.0;20;44;22;36;187;41;28;48;24
630.0;18;45;20;36;191;42;29;46;23
636.0;20;44;23;35;191;42;26;44;25
642.0;19;44;21;40;193;44;24;46;19
648.0;21;39;23;40;199;41;23;44;20
654.0;22;40;20;40;202;37;25;43;21
660.0;24;39;20;43;199;41;28;40;16
666.0;27;45;21;41;198;41;25;37;15
672.0;25;46;20;38;200;45;25;38;13
678.0;27;44;21;36;200;46;27;35;14
684.0;24;43;21;35;201;43;28;38;17
690.0;21;44;19;37;201;43;27;39;19
696.0;19;46;21;36;201;43;27;37;20
702.0;20;42;25;37;202;40;26;36;22
708.0;22;45;22;36;202;41;25;37;20
714.0;19;45;22;37;201;44;27;37;18
720.0;20;41;23;41;201;44;24;37;19
726.0;20;40;19;39;201;44;26;39;22
732.0;18;38;19;43;204;44;27;38;19
738.0;16;38;18;45;205;48;21;39;20
744.0;19;38;17;46;206;51;19;38;16
750.0;18;37;18;46;209;51;17;39;15
756.0;20;35;18;45;210;53;16;40;13
762.0;18;41;18;42;209;52;18;38;14
768.0;18;42;17;40;209;53;19;37;15
774.0;18;39;21;40;209;51;21;37;14
780.0;16;39;22;40;212;51;19;37;14
786.0;19;41;20;40;216;50;15;36;13
792.0;21;36;15;43;218;49;17;37;14
798.0;25;34;14;43;214;47;19;38;16
804.0;25;34;17;42;214;46;18;40;14
810.0;29;35;20;43;210;47;15;38;13
816.0;27;40;21;42;211;43;17;36;13
822.0;28;38;21;40;212;44;22;33;12
828.0;23;40;22;42;214;43;20;31;15
834.0;25;40;22;41;210;43;20;31;18
840.0;24;34;20;40;216;46;21;33;16
846.0;25;32;22;40;218;46;21;30;16
852.0;27;31;21;40;220;44;19;30;18
858.0;28;32;22;40;219;45;18;30;16
864.0;26;33;22;41;222;40;18;30;18
870.0;25;31;22;42;224;41;16;32;17
876.0;26;33;21;40;227;37;14;33;19
882.0;27;33;18;39;226;39;14;36;18
888.0;29;35;16;42;225;34;13;38;18
894.0;30;35;16;39;224;34;13;38;21
900.0;29;37;15;39;226;32;12;38;22
906.0;29;39;15;38;223;32;13;36;25
912.0;26;39;16;39;223;30;14;36;27
918.0;25;37;17;40;222;32;13;37;27
924.0;25;41;14;41;223;30;14;37;25
930.0;27;40;14;40;220;31;15;38;25
936.0;25;42;16;39;221;30;15;38;24
942.0;26;40;15;41;220;33;17;35;23
948.0;27;39;17;37;218;32;19;36;25
954.0;28;41;17;34;221;30;17;38;24
960.0;26;45;15;32;220;31;19;39;23
966.0;28;46;14;33;216;30;20;39;24
972.0;28;44;16;31;216;27;20;41;27
978.0;30;43;15;33;214;27;24;38;26
984.0;27;47;14;37;213;27;22;38;25
990.0;26;47;14;36;216;28;21;40;22
996.0;24;47;14;37;218;28;19;39;24
1002.0;21;47;15;36;217;28;20;38;28
1008.0;22;49;15;34;219;29;19;37;26
1014.0;24;45;14;35;219;32;19;36;26
1020.0;25;47;15;35;218;32;19;36;23
1026.0;26;46;15;39;217;32;19;35;21
1032.0;24;46;17;39;220;31;20;33;20
1038.0;24;47;19;39;217;33;20;33;18
1044.0;24;48;20;39;214;35;20;34;16
1050.0;27;46;18;38;217;35;21;32;16
1056.0;26;46;17;39;217;35;20;32;18
1062.0;26;42;16;40;217;34;22;35;18
1068.0;23;42;18;41;217;33;21;36;19
1074.0;21;42;19;41;214;32;24;38;19
1080.0;19;44;18;37;216;35;23;38;20
1086.0;21;47;17;38;214;36;22;33;22
1092.0;20;52;20;36;212;36;18;34;22
1098.0;19;52;16;36;212;38;21;38;18
1104.0;18;51;16;34;213;39;23;40;16
1110.0;18;51;16;32;214;41;24;38;16
1116.0;15;52;18;29;215;40;24;40;17
1122.0;16;53;17;32;215;37;23;39;18
1128.0;18;53;16;31;213;37;22;40;20
1134.0;16;54;15;29;211;37;23;42;23
1140.0;14;51;16;31;211;37;24;42;24
1146.0;15;51;15;32;211;32;24;44;26
1152.0;13;53;15;34;211;32;22;45;25
1158.0;14;50;18;33;212;33;22;44;24
1164.0;16;50;17;32;211;33;19;45;27
1170.0;16;51;19;28;215;32;18;45;26
1176.0;15;53;22;27;212;33;19;43;26
1182.0;17;52;22;23;209;36;22;43;26
1188.0;15;52;21;20;211;39;23;43;26
1194.0;14;51;20;25;214;35;22;44;25
1200.0;19;48;18;28;212;35;20;43;27
1206.0;17;50;20;28;210;36;19;45;25
1212.0;18;49;21;30;210;34;18;47;23
1218.0;22;48;18;30;210;36;17;47;22
1224.0;22;47;18;28;210;36;19;49;21
1230.0;20;46;17;25;211;38;21;50;22
1236.0;18;43;16;26;212;38;20;53;24
1242.0;19;42;16;27;211;40;22;51;22
1248.0;18;41;16;27;211;42;21;50;24
1254.0;18;41;15;25;210;43;24;52;22
1260.0;17;43;19;25;210;43;25;46;22
1266.0;18;41;22;26;208;44;25;46;20
1272.0;21;41;24;27;204;42;26;47;18
1278.0;20;41;26;25;206;41;25;46;20
1284.0;17;40;26;23;208;40;29;45;22
1290.0;18;40;27;25;205;38;29;46;22
1296.0;15;45;28;25;203;38;30;46;20
1302.0;18;42;26;27;203;40;28;48;18
1308.0;20;42;26;31;206;38;25;46;16
1314.0;19;40;26;33;206;41;25;45;15
1320.0;19;39;28;33;206;42;26;44;13
1326.0;17;40;26;34;207;40;27;41;18
1332.0;17;41;25;35;205;39;24;40;24
1338.0;18;40;23;32;205;39;27;41;25
1344.0;18;40;23;31;204;41;28;44;21
1350.0;23;40;25;31;205;39;23;43;21
1356.0;21;42;27;26;204;43;24;42;21
1362.0;21;47;29;24;208;41;22;39;19
1368.0;20;46;28;25;209;40;18;40;24
1374.0;18;47;31;24;209;40;16;41;24
1380.0;22;46;28;25;210;39;14;39;27
1386.0;23;44;28;27;207;37;15;43;26
1392.0;27;44;27;26;205;39;13;44;25
1398.0;26;46;25;28;203;38;12;44;28
1404.0;22;48;25;26;203;42;12;47;25
1410.0;21;48;26;25;205;41;12;49;23
1416.0;21;51;25;29;200;40;11;49;24
1422.0;20;52;21;29;201;41;13;53;20
1428.0;26;53;19;28;200;40;14;55;15
1434.0;24;50;22;28;200;38;17;53;18
1440.0;27;48;26;30;198;41;17;49;14
1446.0;27;51;24;27;199;46;17;48;11
1452.0;26;52;15;29;200;47;19;48;14
1458.0;22;50;18;28;203;50;21;46;12
1464.0;26;47;18;31;203;45;24;48;8
1470.0;25;51;22;31;203;41;19;50;8
1476.0;24;51;24;33;203;39;18;46;12
1482.0;25;52;24;34;202;38;18;45;12
1488.0;27;50;22;33;203;36;18;48;13
1494.0;27;51;22;34;204;35;20;44;13
1500.0;22;53;25;36;203;35;19;43;14
1506.0;21;54;23;35;205;35;19;42;16
1512.0;21;55;20;36;204;36;21;39;18
1518.0;23;55;19;36;205;36;17;39;20
1524.0;22;53;21;33;205;39;17;38;22
1530.0;21;52;22;35;206;40;12;39;23
1536.0;20;54;24;36;207;41;12;38;18
1542.0;22;55;19;37;207;41;12;39;18
1548.0;22;50;19;38;207;43;13;39;19
1554.0;22;50;15;38;207;47;12;39;20
1560.0;21;51;15;39;205;48;12;38;21
1566.0;20;52;14;39;206;47;15;38;19
1572.0;22;47;15;41;207;44;12;39;23
1578.0;19;46;18;41;208;42;12;40;24
1584.0;19;44;18;43;209;41;16;38;22
1590.0;21;43;16;40;211;41;17;39;22
1596.0;22;42;18;40;212;39;17;39;21
1602.0;24;43;18;38;211;38;16;41;21
1608.0;22;43;17;33;208;45;17;41;24
1614.0;21;41;16;33;209;45;21;43;21
1620.0;23;41;15;31;210;46;22;42;20
1626.0;23;41;20;35;209;43;18;44;17
1632.0;23;35;19;34;214;44;19;42;20
1638.0;22;32;19;37;216;43;17;42;22
1644.0;21;32;22;36;218;44;17;38;22
1650.0;19;32;20;38;217;44;18;40;22
1656.0;17;35;20;41;216;43;17;43;18
1662.0;17;36;21;38;218;40;17;42;21
1668.0;16;35;20;39;219;41;15;42;23
1674.0;17;36;23;41;219;38;12;42;22
1680.0;17;37;23;39;213;43;12;42;24
1686.0;18;39;21;39;213;42;13;42;23
1692.0;18;39;20;39;213;41;14;43;23
1698.0;18;36;23;41;211;41;17;41;22
1704.0;17;37;21;41;208;42;20;41;23
1710.0;14;39;20;38;212;47;16;42;22
1716.0;15;39;22;38;210;45;14;42;25
1722.0;16;35;21;39;211;48;15;42;23
1728.0;15;36;18;40;210;47;17;43;24
1734.0;15;38;17;40;207;48;18;43;24
1740.0;16;38;19;37;205;52;18;41;24
1746.0;15;39;18;38;202;50;21;43;24
1752.0;14;41;19;38;202;49;21;42;24
1758.0;13;40;22;37;204;49;19;40;26
1764.0;16;40;23;36;200;50;19;38;28
1770.0;15;41;24;35;199;48;19;40;29
1776.0;17;41;22;33;198;49;19;43;28
1782.0;20;45;22;32;197;50;15;40;29
1788.0;22;40;20;34;199;48;17;38;32
1794.0;18;40;22;35;201;46;16;43;29
