#auto generated file!
12.0;33;49;66;70;60;61;42;55;64
18.0;31;51;62;66;65;62;39;62;62
24.0;36;50;56;68;69;62;39;61;59
30.0;34;49;56;66;73;62;41;63;56
36.0;36;53;56;66;76;58;36;62;57
42.0;40;54;48;69;77;56;35;64;57
48.0;40;53;44;70;83;58;31;65;56
54.0;40;56;46;70;83;55;34;64;52
60.0;43;58;43;72;86;52;31;62;53
66.0;41;54;39;71;88;55;35;67;50
72.0;40;54;40;69;92;57;31;65;52
78.0;41;60;34;67;96;57;30;64;51
84.0;40;60;36;69;94;59;28;65;49
90.0;42;58;33;68;101;55;29;63;51
96.0;41;61;33;71;105;48;31;62;48
102.0;37;61;35;70;107;51;36;58;45
108.0;36;63;36;71;113;48;34;58;41
114.0;39;60;33;69;116;49;35;59;40
120.0;33;62;31;68;118;50;39;61;38
126.0;37;61;30;67;123;49;33;64;36
132.0;39;55;33;69;129;47;31;66;31
138.0;41;53;32;69;129;45;33;68;30
144.0;38;55;32;72;130;46;29;67;31
150.0;34;58;31;72;130;47;29;67;32
156.0;33;60;31;67;132;49;28;66;34
162.0;35;59;31;68;136;50;27;61;33
168.0;35;61;31;67;134;51;25;63;33
174.0;33;63;28;66;136;50;28;62;34
180.0;29;65;27;67;136;48;29;62;37
186.0;29;64;28;66;136;47;29;63;38
192.0;26;62;29;68;137;49;30;63;36
198.0;25;63;27;69;136;51;32;64;33
204.0;26;63;25;68;138;52;34;61;33
210.0;27;59;25;69;142;55;30;56;37
216.0;27;59;26;68;145;56;31;53;35
222.0;27;59;26;69;145;55;31;54;34
228.0;27;59;28;70;146;54;29;53;34
234.0;28;59;24;65;153;56;29;52;34
240.0;31;61;29;64;152;56;26;49;32
246.0;29;63;27;64;152;57;25;50;33
252.0;34;61;27;64;151;52;27;51;33
258.0;31;63;26;63;148;55;25;57;32
264.0;33;66;24;62;148;56;22;57;32
270.0;30;68;24;64;146;55;22;55;36
276.0;28;65;29;66;147;54;21;54;36
282.0;26;62;28;63;151;53;26;52;39
288.0;27;63;26;62;153;56;26;51;36
294.0;28;62;25;65;154;49;26;53;38
300.0;30;62;26;64;156;45;26;52;39
306.0;32;56;26;65;159;46;25;52;39
312.0;29;58;28;65;158;52;24;50;36
318.0;30;60;30;62;159;52;27;48;32
324.0;35;58;29;64;161;48;25;48;32
330.0;37;58;30;63;161;45;28;48;30
336.0;39;55;32;64;161;47;27;46;29
342.0;37;56;29;65;162;46;27;48;30
348.0;39;55;30;66;164;43;30;46;27
354.0;40;55;31;65;166;42;27;47;27
360.0;43;54;31;66;167;43;27;42;27
366.0;36;55;34;68;172;42;30;41;22
372.0;32;55;34;68;177;42;31;40;21
378.0;33;52;36;65;179;41;30;44;20
384.0;34;51;36;65;178;44;28;43;21
390.0;33;50;34;66;178;43;26;45;25
396.0;33;49;32;67;176;45;29;45;24
402.0;33;54;33;64;176;43;26;45;26
408.0;29;54;36;60;181;44;24;47;25
414.0;29;51;31;62;183;44;28;47;25
420.0;27;54;26;61;183;46;26;49;28
426.0;31;48;25;61;183;45;28;51;28
432.0;29;50;25;63;184;43;29;49;28
438.0;27;49;26;66;183;41;27;52;29
444.0;25;54;27;61;184;40;28;55;26
450.0;29;57;25;59;185;42;26;52;25
456.0;28;58;25;59;190;41;25;53;21
462.0;24;56;21;64;191;45;27;54;18
468.0;23;57;23;61;193;43;26;55;19
474.0;19;59;25;60;191;44;28;52;22
480.0;20;58;28;58;192;43;28;51;22
486.0;19;58;30;60;192;42;30;48;21
492.0;20;60;30;60;189;43;29;49;20
498.0;20;58;29;58;193;48;29;46;19
504.0;21;60;28;58;193;48;25;47;20
510.0;26;61;25;53;194;50;25;47;19
516.0;27;58;25;56;194;50;23;47;20
522.0;30;58;26;57;192;51;23;47;16
528.0;32;59;30;56;193;51;21;45;13
534.0;33;54;33;55;191;52;24;43;15
540.0;33;49;34;53;193;51;27;45;15
546.0;31;50;32;51;195;47;29;50;15
552.0;29;50;32;51;198;48;29;49;14
558.0;31;50;30;50;198;47;31;50;13
564.0;27;49;32;48;199;49;29;51;16
570.0;30;49;30;51;199;44;28;50;19
576.0;29;50;31;51;197;46;28;50;18
582.0;30;48;27;50;198;45;30;52;20
588.0;31;50;25;53;198;45;25;54;19
594.0;30;54;22;54;198;44;23;55;20
600.0;32;54;23;53;196;44;24;53;21
606.0;33;49;24;57;196;41;28;54;18
612.0;34;46;24;57;198;37;29;55;20
618.0;33;44;23;57;196;39;28;58;22
624.0;30;47;24;58;197;39;28;57;20
630.0;26;52;23;57;197;41;27;54;23
636.0;28;47;25;56;199;41;27;52;25
642.0;29;48;23;54;198;43;27;53;25
648.0;27;50;20;55;200;43;26;55;24
654.0;26;46;20;55;200;46;26;56;25
660.0;29;45;19;56;199;46;27;53;26
666.0;29;47;20;55;200;44;25;53;27
672.0;25;45;20;54;204;44;24;58;26
678.0;26;45;20;55;203;45;23;58;25
684.0;24;44;20;55;205;44;22;59;27
690.0;21;48;16;56;204;42;25;57;31
696.0;21;48;16;56;205;45;26;53;30
702.0;21;49;17;52;208;47;24;53;29
708.0;18;50;19;52;207;48;22;53;31
714.0;22;51;19;53;203;48;21;51;32
720.0;23;50;17;53;200;46;26;52;33
726.0;26;47;17;51;196;49;29;53;32
732.0;26;47;17;54;195;45;31;53;32
738.0;27;48;14;56;193;51;27;52;32
744.0;26;45;14;56;195;51;26;55;32
750.0;25;44;14;55;197;53;27;54;31
756.0;23;46;13;54;194;56;30;54;30
762.0;26;43;12;59;191;59;29;50;31
768.0;22;44;15;58;192;58;27;52;32
774.0;23;49;13;52;191;64;27;50;31
780.0;21;50;18;52;190;66;28;46;29
786.0;23;51;16;52;190;67;27;46;28
792.0;24;51;16;50;190;67;28;44;30
798.0;24;53;16;48;189;66;30;43;31
804.0;29;51;17;50;193;67;28;41;24
810.0;29;51;17;47;193;70;27;43;23
816.0;31;50;19;48;195;68;27;43;19
822.0;30;52;24;47;193;70;24;41;19
828.0;27;51;21;48;197;69;23;42;22
834.0;26;49;22;51;201;70;20;42;19
840.0;25;50;22;54;200;69;17;41;22
846.0;25;45;25;55;197;69;18;42;24
852.0;26;46;25;58;200;66;17;41;21
858.0;22;49;21;55;203;66;20;42;22
864.0;22;49;27;54;204;67;19;39;19
870.0;22;53;24;55;203;63;20;41;19
876.0;23;49;23;53;203;65;21;43;20
882.0;21;49;23;55;205;65;18;43;21
888.0;21;47;23;50;210;65;22;42;20
894.0;18;46;25;52;212;56;23;45;23
900.0;16;46;25;55;210;60;20;47;21
906.0;17;45;22;57;210;62;19;49;19
912.0;16;46;22;57;210;60;22;47;20
918.0;19;43;21;55;210;60;29;47;16
924.0;19;46;22;53;211;56;27;49;17
930.0;18;49;22;52;211;55;29;47;17
936.0;17;49;24;51;210;56;31;46;16
942.0;15;47;23;50;213;56;30;49;17
948.0;13;47;24;49;217;57;28;46;19
954.0;14;45;23;52;215;57;29;45;20
960.0;16;47;19;54;216;56;28;42;22
966.0;16;51;19;50;219;58;27;39;21
972.0;15;53;21;49;220;56;27;38;21
978.0;19;48;25;50;215;59;26;38;20
984.0;19;51;25;48;219;55;27;39;17
990.0;18;50;23;52;222;55;27;37;16
996.0;18;51;21;53;223;53;28;37;16
1002.0;20;52;21;50;223;50;28;40;16
1008.0;20;51;22;45;223;54;29;39;17
1014.0;22;55;23;45;222;51;26;38;18
1020.0;20;54;22;45;224;53;26;39;17
1026.0;16;57;23;46;222;54;24;40;18
1032.0;15;59;18;49;224;53;22;40;20
1038.0;15;60;18;47;224;48;22;43;23
1044.0;17;60;17;48;226;48;23;42;19
1050.0;19;56;19;45;223;46;25;47;20
1056.0;18;58;18;46;222;48;23;49;18
1062.0;17;56;21;46;225;48;18;51;18
1068.0;17;51;24;43;223;49;17;56;20
1074.0;20;55;23;44;222;45;15;58;18
1080.0;19;56;22;42;224;46;14;58;19
1086.0;18;58;20;41;227;44;14;58;20
1092.0;18;58;21;41;228;43;14;56;21
1098.0;18;56;19;47;228;41;15;56;20
1104.0;17;52;20;47;230;45;16;54;19
1110.0;18;52;20;46;232;43;15;53;21
1116.0;22;55;18;44;231;42;15;54;19
1122.0;21;57;19;46;230;41;15;50;21
1128.0;22;58;18;46;231;39;18;49;19
1134.0;23;56;21;46;232;37;18;51;16
1140.0;24;53;20;48;231;40;17;51;16
1146.0;21;51;26;51;231;37;16;49;18
1152.0;20;52;27;52;226;36;17;48;22
1158.0;22;55;22;52;227;34;17;50;21
1164.0;19;54;22;53;228;33;18;50;23
1170.0;19;54;22;50;227;34;23;49;22
1176.0;18;53;22;49;227;37;22;51;21
1182.0;21;53;23;46;223;36;26;51;21
1188.0;18;49;29;46;223;37;25;54;19
1194.0;18;52;28;47;222;39;23;51;20
1200.0;19;53;26;47;223;40;23;47;22
1206.0;25;51;26;47;221;36;25;47;22
1212.0;25;50;28;44;218;39;25;50;21
1218.0;29;49;28;43;221;36;25;47;22
1224.0;30;47;29;43;222;37;24;46;22
1230.0;31;50;23;40;225;38;28;44;21
1236.0;28;50;22;40;224;39;30;49;18
1242.0;28;51;24;41;223;37;29;48;19
1248.0;31;49;23;39;223;36;28;49;22
1254.0;29;52;22;38;226;37;25;50;21
1260.0;29;50;21;40;225;39;26;47;23
1266.0;23;53;20;43;228;38;24;46;25
1272.0;26;53;18;46;227;39;21;42;28
1278.0;25;51;23;45;228;39;22;39;28
1284.0;28;52;23;48;228;37;20;37;27
1290.0;23;51;23;51;228;40;19;38;27
1296.0;23;51;23;46;228;40;20;39;30
1302.0;21;51;22;46;230;42;19;41;28
1308.0;25;48;20;47;228;45;17;45;25
1314.0;26;51;20;47;228;41;18;44;25
1320.0;28;45;21;47;230;46;16;44;23
1326.0;27;45;19;49;229;50;17;42;22
1332.0;26;42;23;47;230;49;17;43;23
1338.0;21;43;23;48;230;49;17;44;25
1344.0;25;42;25;48;228;46;18;44;24
1350.0;24;44;26;48;227;45;19;45;22
1356.0;24;43;25;52;224;46;19;48;19
1362.0;33;39;22;47;225;44;18;51;21
1368.0;27;42;22;47;227;47;16;51;21
1374.0;25;45;20;45;231;47;16;47;24
1380.0;25;46;18;46;229;46;20;48;22
1386.0;25;46;22;47;230;42;20;48;20
1392.0;22;44;22;48;232;43;20;50;19
1398.0;20;44;20;46;234;44;22;50;20
1404.0;20;43;20;47;233;44;24;50;19
1410.0;19;40;18;45;231;47;28;53;19
1416.0;19;41;20;42;232;48;28;53;17
1422.0;20;44;18;41;232;48;25;54;18
1428.0;21;44;17;42;235;42;24;57;18
1434.0;22;47;17;43;230;44;20;57;20
1440.0;22;48;15;40;236;42;19;54;24
1446.0;20;45;17;38;237;46;17;51;29
1452.0;22;45;17;37;237;45;17;53;27
1458.0;22;43;19;39;236;44;19;51;27
1464.0;24;40;17;40;238;45;17;53;26
1470.0;27;40;18;37;237;43;16;54;28
1476.0;23;41;20;35;235;47;15;56;28
1482.0;21;43;25;35;235;44;13;57;27
1488.0;21;42;23;38;233;43;15;60;25
1494.0;23;43;23;37;234;40;16;58;26
1500.0;25;45;21;36;234;40;13;58;28
1506.0;23;45;18;36;236;41;14;61;26
1512.0;23;45;18;34;237;41;15;61;26
1518.0;23;42;18;36;237;38;18;61;27
1524.0;20;42;19;35;236;40;20;61;27
1530.0;24;43;18;36;236;40;16;61;26
1536.0;25;43;20;37;234;40;19;56;26
1542.0;27;42;20;41;235;40;19;50;26
1548.0;29;41;19;43;232;39;20;50;27
1554.0;26;38;21;44;231;45;20;48;27
1560.0;27;39;19;43;229;47;17;48;31
1566.0;25;40;19;43;229;45;18;48;33
1572.0;26;43;17;41;229;45;16;47;36
1578.0;24;46;18;43;226;48;17;46;32
1584.0;25;43;16;45;228;49;16;46;32
1590.0;25;45;14;45;229;46;18;47;31
1596.0;27;46;13;43;231;45;16;50;29
1602.0;27;44;16;43;230;46;17;48;29
1608.0;24;44;17;43;231;49;18;45;29
1614.0;23;43;18;45;229;50;18;44;30
1620.0;23;44;18;44;227;50;24;41;29
1626.0;23;43;17;44;230;47;23;42;31
1632.0;24;43;19;45;231;44;23;41;30
1638.0;25;41;18;45;229;47;24;41;30
1644.0;23;41;21;46;232;46;22;42;27
1650.0;26;42;18;44;232;45;22;46;25
1656.0;26;36;17;45;235;46;22;51;22
1662.0;25;36;19;49;237;42;22;48;22
1668.0;28;40;17;45;239;45;19;47;20
1674.0;28;40;19;48;240;42;19;46;18
1680.0;28;40;21;48;239;41;19;47;17
1686.0;27;40;21;47;240;44;18;47;16
1692.0;26;39;20;47;239;43;21;47;18
1698.0;26;39;20;45;238;44;22;46;20
1704.0;25;41;21;44;236;44;24;46;19
1710.0;26;41;22;44;235;47;21;47;17
1716.0;24;38;25;44;235;48;20;47;19
1722.0;21;38;23;43;239;43;20;51;22
1728.0;21;36;23;42;242;43;22;51;20
1734.0;20;37;22;43;241;46;21;50;20
1740.0;23;38;22;43;243;45;23;48;15
1746.0;23;42;21;44;242;44;21;49;14
1752.0;22;42;24;44;242;42;19;50;15
1758.0;25;43;23;48;237;42;19;47;16
1764.0;26;43;23;44;238;42;22;45;17
1770.0;27;44;21;43;241;40;22;43;19
1776.0;26;47;20;41;243;42;19;43;19
1782.0;24;44;21;40;242;46;21;43;19
1788.0;23;46;21;39;243;47;19;41;21
1794.0;26;46;22;39;244;46;19;38;20
