#auto generated file!
12.0;17;9;11;8;5;11;8;18;13
18.0;17;10;11;9;5;13;7;16;12
24.0;18;11;9;9;5;13;8;14;13
30.0;18;13;8;9;5;12;7;15;13
36.0;18;14;8;7;6;12;7;14;14
42.0;14;14;9;7;7;14;8;15;12
48.0;14;15;8;7;7;14;7;16;12
54.0;13;14;9;8;8;12;7;17;12
60.0;13;13;9;9;9;13;7;17;10
66.0;13;13;7;9;9;14;8;16;11
72.0;11;14;11;9;9;14;6;15;11
78.0;10;13;10;10;10;14;6;17;10
84.0;8;13;11;10;11;15;6;16;10
90.0;8;13;9;10;13;15;7;16;9
96.0;7;12;9;12;14;14;7;15;10
102.0;9;12;10;12;16;11;7;14;9
108.0;8;11;10;12;16;13;7;16;7
114.0;8;9;10;12;16;14;8;16;7
120.0;8;9;10;13;16;15;8;15;6
126.0;7;10;10;12;16;15;8;15;7
132.0;6;10;7;12;16;16;8;17;8
138.0;9;10;6;10;17;17;8;16;7
144.0;9;12;7;10;17;16;7;15;7
150.0;8;13;7;10;19;14;9;14;6
156.0;8;14;7;10;18;13;8;15;7
162.0;9;14;7;11;18;12;9;14;6
168.0;9;14;7;12;19;13;8;13;5
174.0;9;15;8;10;20;12;10;12;4
180.0;8;15;9;8;20;12;12;12;4
186.0;8;15;9;8;21;14;10;11;4
192.0;7;14;9;8;21;14;11;12;4
198.0;7;14;8;6;21;17;10;13;4
204.0;8;12;8;6;22;16;7;17;4
210.0;6;11;9;5;23;17;7;17;5
216.0;6;12;10;6;22;17;6;16;5
222.0;6;12;10;6;22;16;5;17;6
228.0;6;12;10;7;22;15;7;15;6
234.0;4;13;10;7;22;17;5;15;7
240.0;5;13;9;8;21;17;6;15;6
246.0;5;15;8;8;23;17;6;13;5
252.0;4;15;8;7;23;19;5;14;5
258.0;4;15;7;8;23;18;5;14;6
264.0;5;18;6;7;23;16;5;14;6
270.0;5;19;8;7;23;14;5;14;5
276.0;6;18;5;7;23;16;3;14;8
282.0;7;18;4;7;23;17;3;14;7
288.0;7;18;4;7;23;19;3;14;5
294.0;6;15;4;5;23;22;3;16;6
300.0;5;15;4;6;23;22;3;16;6
306.0;5;12;2;7;22;22;3;17;10
312.0;5;14;2;7;22;21;3;17;9
318.0;5;13;2;7;22;22;4;16;9
324.0;5;13;1;7;22;22;4;18;8
330.0;5;14;1;7;21;21;6;17;8
336.0;5;13;2;7;20;20;8;16;9
342.0;5;13;3;8;20;19;7;16;9
348.0;5;12;3;8;20;19;7;17;9
354.0;3;12;4;8;20;19;8;17;9
360.0;3;12;4;9;20;20;7;16;9
366.0;3;12;3;9;20;20;8;16;9
372.0;3;12;1;9;22;20;8;16;9
378.0;3;12;3;9;22;19;7;16;9
384.0;4;13;5;9;22;18;6;16;7
390.0;5;13;6;10;24;15;5;16;6
396.0;5;14;6;10;25;14;5;16;5
402.0;3;18;6;10;26;13;4;16;4
408.0;2;17;7;10;26;14;4;16;4
414.0;2;18;7;10;27;14;3;16;3
420.0;2;17;7;10;27;14;3;18;2
426.0;2;17;6;7;27;14;5;19;3
432.0;2;16;5;8;26;14;6;18;5
438.0;2;16;5;7;26;13;6;20;5
444.0;2;16;5;6;28;13;5;20;5
450.0;1;15;6;6;29;13;6;20;4
456.0;1;14;6;8;29;12;7;19;4
462.0;3;12;8;9;30;10;6;17;5
468.0;3;10;7;9;29;10;8;19;5
474.0;3;12;5;11;28;11;9;18;3
480.0;2;11;6;11;29;9;9;18;5
486.0;2;11;6;12;29;9;9;18;4
492.0;4;10;6;11;29;8;10;18;4
498.0;4;9;6;10;30;8;12;18;3
504.0;5;11;4;11;31;7;9;18;4
510.0;7;12;4;9;31;8;9;16;4
516.0;7;11;7;9;31;7;9;16;3
522.0;7;11;8;7;32;7;9;15;4
528.0;7;12;7;8;32;6;8;16;4
534.0;7;12;7;8;32;7;7;15;5
540.0;7;12;6;9;33;8;7;12;6
546.0;8;11;6;11;32;7;7;11;7
552.0;8;10;6;12;31;7;8;11;7
558.0;8;9;5;13;31;7;7;12;8
564.0;8;8;5;15;31;6;6;14;7
570.0;7;7;5;14;32;7;7;15;6
576.0;11;7;4;14;31;8;6;14;5
582.0;12;6;3;13;32;8;8;14;4
588.0;10;6;3;12;32;8;10;14;5
594.0;10;6;3;12;34;8;9;13;5
600.0;9;6;3;12;34;8;8;14;6
606.0;9;6;3;13;34;8;7;14;6
612.0;9;6;4;13;35;7;7;13;6
618.0;8;7;4;12;36;6;6;14;7
624.0;8;7;5;12;36;6;6;12;8
630.0;7;7;5;13;35;6;8;10;9
636.0;9;6;4;13;35;6;8;11;8
642.0;8;7;5;13;35;6;8;11;7
648.0;8;7;6;13;35;7;7;10;7
654.0;7;8;5;14;35;8;6;10;7
660.0;7;8;4;13;39;7;6;9;7
666.0;8;8;5;11;39;8;5;9;7
672.0;7;6;4;13;39;8;5;11;7
678.0;7;6;4;13;40;8;6;11;5
684.0;6;6;4;13;39;10;5;13;4
690.0;6;6;4;13;39;11;4;13;4
696.0;6;7;4;14;39;11;3;11;5
702.0;6;6;4;14;39;10;3;12;6
708.0;6;6;5;14;38;11;3;13;4
714.0;5;6;6;14;37;13;4;11;4
720.0;6;8;6;13;37;12;3;11;4
726.0;6;9;8;11;36;10;4;11;5
732.0;6;9;8;11;38;10;2;10;6
738.0;6;9;9;10;39;9;2;10;6
744.0;4;9;11;9;40;9;1;11;6
750.0;4;7;12;9;40;10;1;12;5
756.0;4;7;10;9;39;11;3;12;5
762.0;3;8;10;9;39;12;4;11;4
768.0;3;8;10;9;40;11;4;11;4
774.0;4;7;9;9;40;10;5;11;5
780.0;5;7;8;10;39;10;4;10;7
786.0;6;7;7;10;40;10;4;7;9
792.0;5;8;7;10;39;11;4;6;10
798.0;3;8;7;9;40;10;6;7;10
804.0;3;9;8;9;40;10;7;8;6
810.0;4;8;9;9;39;10;7;8;6
816.0;4;7;8;8;39;10;7;11;6
822.0;6;6;6;9;39;9;7;11;7
828.0;6;7;6;7;39;9;7;12;7
834.0;5;7;5;7;40;10;7;12;7
840.0;4;7;5;8;41;11;7;11;6
846.0;4;7;4;8;41;11;7;11;7
852.0;5;7;4;8;42;10;6;10;8
858.0;5;7;5;8;42;9;6;9;9
864.0;5;7;5;7;42;10;5;9;10
870.0;5;7;6;5;43;9;6;10;9
876.0;4;6;6;5;46;8;6;10;9
882.0;4;6;6;5;47;8;6;10;8
888.0;4;6;6;4;48;8;6;10;8
894.0;4;6;6;3;48;9;5;10;9
900.0;3;6;5;3;49;10;5;10;9
906.0;4;6;3;3;51;12;3;10;8
912.0;5;5;3;3;52;12;5;8;7
918.0;5;5;4;3;51;12;6;8;6
924.0;7;5;3;5;50;12;4;7;7
930.0;7;6;2;7;49;11;4;8;6
936.0;6;7;3;7;49;11;3;8;6
942.0;7;6;4;6;49;11;4;6;7
948.0;6;5;2;7;48;14;5;7;6
954.0;5;6;2;8;49;13;5;7;5
960.0;5;6;2;8;49;13;6;5;6
966.0;5;5;2;9;48;12;8;5;6
972.0;4;5;3;7;48;12;9;6;6
978.0;4;5;3;6;49;12;9;6;6
984.0;3;6;2;6;49;13;10;5;6
990.0;4;7;3;5;49;12;10;5;5
996.0;2;6;4;5;50;13;10;5;5
1002.0;2;6;4;6;50;13;9;6;4
1008.0;2;6;4;6;49;13;9;7;4
1014.0;3;6;3;5;48;13;8;10;4
1020.0;3;6;4;6;45;12;9;11;4
1026.0;3;5;3;7;47;13;9;9;4
1032.0;3;6;3;7;46;14;9;8;4
1038.0;6;6;3;7;46;12;8;9;3
1044.0;7;7;3;7;45;12;6;10;3
1050.0;6;7;3;8;45;11;6;11;3
1056.0;4;6;4;10;45;11;6;11;3
1062.0;4;6;4;10;45;10;7;11;3
1068.0;4;6;4;11;44;10;7;11;3
1074.0;4;6;4;11;43;10;7;11;4
1080.0;3;5;5;10;43;12;7;12;3
1086.0;4;6;3;10;43;12;7;12;3
1092.0;4;6;2;10;43;14;6;12;3
1098.0;4;5;2;9;42;17;5;12;4
1104.0;4;5;2;10;43;15;4;12;5
1110.0;4;5;3;10;43;15;4;11;5
1116.0;2;5;3;11;43;15;5;11;5
1122.0;3;5;4;11;42;15;5;11;4
1128.0;3;7;4;10;42;15;4;10;5
1134.0;3;9;4;9;42;15;3;10;5
1140.0;4;8;5;10;42;15;3;8;5
1146.0;4;9;4;10;41;14;5;8;5
1152.0;4;9;4;11;42;11;6;8;5
1158.0;4;9;4;11;43;11;6;7;5
1164.0;3;9;4;12;45;10;6;7;4
1170.0;3;10;4;12;44;10;8;6;3
1176.0;4;11;3;12;45;9;7;6;3
1182.0;4;10;4;11;45;10;8;6;2
1188.0;3;10;3;12;46;10;7;6;3
1194.0;2;10;3;12;46;11;6;6;4
1200.0;3;9;4;11;47;10;4;7;5
1206.0;4;8;4;11;47;10;4;7;5
1212.0;4;10;3;10;47;9;4;8;5
1218.0;4;9;4;10;48;8;4;8;5
1224.0;3;9;4;11;49;8;3;8;5
1230.0;3;6;5;11;51;8;3;9;4
1236.0;3;6;5;9;51;9;4;9;4
1242.0;4;6;5;7;51;8;6;9;4
1248.0;5;6;6;7;52;8;4;10;2
1254.0;5;6;7;7;52;7;3;10;3
1260.0;5;8;8;7;50;7;3;8;4
1266.0;5;7;8;8;50;7;4;7;4
1272.0;4;8;7;9;49;6;4;9;4
1278.0;3;8;7;10;48;7;4;9;4
1284.0;4;9;3;14;46;8;5;8;3
1290.0;3;9;4;12;47;8;5;9;3
1296.0;3;10;3;13;48;6;3;10;4
1302.0;3;10;3;13;48;5;4;11;3
1308.0;3;11;2;12;47;6;4;11;4
1314.0;3;11;2;13;47;6;3;12;3
1320.0;3;10;3;14;46;5;2;13;4
1326.0;3;9;3;13;47;6;2;14;3
1332.0;2;8;3;13;48;6;3;14;3
1338.0;2;8;3;12;50;7;3;12;3
1344.0;2;8;3;12;50;6;3;12;4
1350.0;2;8;4;14;50;5;2;11;4
1356.0;2;9;4;13;51;4;2;11;4
1362.0;2;9;2;12;51;6;1;12;5
1368.0;1;9;3;12;50;6;1;13;5
1374.0;2;9;4;11;51;6;0;13;4
1380.0;2;7;3;11;51;7;0;13;6
1386.0;3;8;2;11;52;6;2;11;5
1392.0;5;8;2;9;52;6;3;10;5
1398.0;5;8;2;8;54;6;3;9;5
1404.0;5;9;2;7;53;6;5;8;5
1410.0;4;8;2;7;53;7;5;9;5
1416.0;4;7;3;6;53;8;5;9;5
1422.0;4;7;3;6;52;8;5;9;6
1428.0;3;7;4;5;51;8;5;10;7
1434.0;3;5;4;5;51;8;6;11;7
1440.0;3;5;4;5;51;10;5;12;5
1446.0;3;5;7;6;49;10;4;10;6
1452.0;4;5;7;6;49;10;3;10;6
1458.0;3;5;8;7;49;10;3;9;6
1464.0;4;5;8;7;48;10;3;8;7
1470.0;5;5;7;6;49;10;3;7;8
1476.0;5;6;6;6;51;9;3;7;7
1482.0;6;7;4;5;50;10;4;8;6
1488.0;5;7;5;6;50;10;4;7;6
1494.0;4;8;5;6;50;10;4;7;6
1500.0;4;8;5;5;51;11;4;6;6
1506.0;4;8;4;7;52;10;5;6;4
1512.0;3;10;3;8;53;8;5;6;4
1518.0;3;10;4;7;52;8;5;6;5
1524.0;3;10;4;10;52;7;5;5;4
1530.0;3;10;3;9;53;7;5;6;4
1536.0;3;8;2;11;52;8;4;8;4
1542.0;3;8;1;10;51;9;5;8;5
1548.0;3;8;1;9;51;9;5;8;6
1554.0;2;8;1;8;51;9;5;8;8
1560.0;2;7;1;8;53;10;5;7;7
1566.0;4;7;2;9;53;8;4;7;6
1572.0;3;8;2;9;54;8;3;6;7
1578.0;5;6;3;6;53;8;3;7;9
1584.0;6;5;3;4;53;9;4;7;9
1590.0;6;5;4;3;53;9;4;8;8
1596.0;6;5;4;3;53;9;4;8;8
1602.0;7;5;6;2;54;10;4;7;5
1608.0;8;5;6;2;54;9;4;7;5
1614.0;8;5;6;2;53;9;5;7;5
1620.0;7;5;4;1;54;10;4;8;7
1626.0;8;4;5;2;54;10;3;7;7
1632.0;10;4;5;2;53;10;3;6;7
1638.0;9;4;5;2;55;10;3;6;6
1644.0;9;4;6;2;54;9;4;6;6
1650.0;8;4;5;2;54;10;6;6;5
1656.0;9;5;3;1;54;10;7;8;3
1662.0;9;5;3;0;56;9;7;9;2
1668.0;7;5;3;1;57;9;6;10;2
1674.0;6;5;3;2;57;9;6;10;2
1680.0;6;5;3;2;56;8;5;11;4
1686.0;6;5;3;3;53;8;5;12;5
1692.0;5;5;4;3;53;8;5;12;5
1698.0;5;5;4;4;53;7;4;12;6
1704.0;5;6;4;4;54;7;4;9;7
1710.0;5;6;3;4;55;7;4;10;6
1716.0;5;6;3;5;55;8;2;10;6
1722.0;6;7;3;3;55;8;2;10;6
1728.0;6;7;5;4;54;6;2;11;5
1734.0;4;7;6;4;53;7;3;10;6
1740.0;4;7;4;5;55;6;3;10;6
1746.0;2;7;5;5;54;7;3;10;7
1752.0;2;7;5;5;53;8;3;10;7
1758.0;2;7;6;6;53;7;3;10;6
1764.0;3;7;7;6;53;7;3;11;3
1770.0;3;7;7;6;53;7;2;10;5
1776.0;3;8;7;6;53;7;2;10;4
1782.0;3;7;9;6;53;7;1;10;4
1788.0;3;6;9;7;54;6;1;9;5
1794.0;5;8;7;7;56;2;3;7;5
