#auto generated file!
12.0;43;31;42;49;48;34;43;45;35
18.0;39;30;43;49;48;37;44;45;35
24.0;39;31;42;47;51;39;42;44;35
30.0;36;34;42;45;51;39;46;45;32
36.0;35;35;39;48;52;40;44;46;31
42.0;33;37;38;44;56;40;42;48;32
48.0;31;41;37;43;59;40;40;49;30
54.0;30;41;40;40;61;40;35;51;32
60.0;31;45;40;40;64;40;32;47;31
66.0;30;44;41;39;66;41;33;50;26
72.0;29;43;43;38;68;40;35;48;26
78.0;27;41;42;37;72;42;35;50;24
84.0;31;42;40;38;73;42;35;48;21
90.0;32;41;41;40;74;42;32;45;23
96.0;32;42;37;40;75;44;30;45;25
102.0;31;43;32;42;79;45;30;46;22
108.0;29;44;32;40;82;48;29;46;20
114.0;28;47;27;44;87;47;27;44;19
120.0;30;46;25;43;87;46;27;44;22
126.0;30;44;24;45;86;49;23;48;21
132.0;32;47;23;43;88;50;21;46;20
138.0;31;46;22;43;88;50;22;48;20
144.0;29;47;22;42;91;55;22;45;17
150.0;26;48;20;42;94;55;21;44;20
156.0;26;48;18;42;94;55;24;43;20
162.0;25;48;19;42;94;57;24;42;19
168.0;26;48;19;42;92;60;24;42;17
174.0;25;47;20;42;95;54;26;43;18
180.0;25;43;20;45;95;53;26;43;20
186.0;24;46;18;43;97;55;28;42;17
192.0;24;46;18;42;97;56;27;43;17
198.0;21;48;21;42;96;56;26;42;18
204.0;24;50;16;39;98;60;23;41;19
210.0;22;49;17;39;98;61;26;40;18
216.0;21;50;17;40;96;61;25;42;18
222.0;20;50;16;42;97;62;24;39;20
228.0;22;50;16;41;100;55;27;40;19
234.0;21;50;17;43;102;52;23;39;23
240.0;24;49;15;42;103;52;22;38;25
246.0;24;47;17;41;104;51;22;38;26
252.0;20;48;16;47;104;51;23;37;24
258.0;22;47;18;46;104;51;20;40;22
264.0;27;50;18;46;103;48;22;37;19
270.0;28;48;19;44;100;49;26;34;22
276.0;26;44;17;46;102;49;29;37;20
282.0;25;45;16;40;105;47;28;40;24
288.0;24;40;20;40;106;48;28;40;24
294.0;26;44;20;36;107;45;29;41;22
300.0;24;45;19;35;109;47;30;39;22
306.0;24;45;18;34;111;46;28;41;23
312.0;23;46;19;34;112;47;26;38;25
318.0;22;47;22;35;115;44;25;37;23
324.0;23;46;22;37;116;40;26;37;23
330.0;24;44;22;38;116;43;27;37;19
336.0;27;43;22;38;116;43;25;37;19
342.0;25;46;22;41;117;45;22;38;14
348.0;26;44;17;42;120;43;17;43;18
354.0;29;43;16;43;119;42;16;43;19
360.0;24;44;18;42;120;42;17;45;18
366.0;27;42;19;41;122;35;19;43;22
372.0;26;48;19;43;122;35;17;41;19
378.0;25;48;17;43;124;33;18;41;21
384.0;23;47;15;42;125;36;18;40;24
390.0;18;49;19;46;124;38;15;41;20
396.0;21;51;18;46;123;38;18;39;16
402.0;20;54;17;47;122;35;20;39;16
408.0;19;54;18;49;123;32;21;35;19
414.0;17;51;19;51;126;32;19;36;19
420.0;16;47;21;51;127;34;22;33;19
426.0;17;46;21;49;127;37;20;33;20
432.0;17;44;23;50;128;37;20;31;20
438.0;17;43;25;51;127;36;21;30;20
444.0;16;45;26;48;129;35;21;29;21
450.0;17;42;27;45;128;34;24;28;25
456.0;12;42;28;45;127;38;26;31;21
462.0;13;42;26;44;125;39;25;32;24
468.0;15;39;27;46;125;37;25;32;24
474.0;19;39;26;44;125;37;22;35;23
480.0;15;40;25;48;127;35;22;35;23
486.0;15;40;23;48;128;38;21;34;23
492.0;16;42;23;46;129;36;19;35;24
498.0;17;43;24;47;129;33;20;38;19
504.0;16;47;23;45;129;32;21;39;18
510.0;17;48;21;43;131;33;18;41;18
516.0;17;47;21;44;133;33;18;42;15
522.0;18;46;22;44;134;31;15;48;12
528.0;17;43;21;45;132;34;15;50;13
534.0;16;41;23;43;133;35;18;49;12
540.0;17;41;22;46;133;32;17;48;14
546.0;17;43;22;45;133;33;16;46;15
552.0;16;45;21;44;135;34;15;47;13
558.0;16;43;22;41;135;33;20;47;13
564.0;16;43;23;42;135;32;21;44;14
570.0;22;40;24;43;134;32;20;42;13
576.0;22;41;26;41;133;31;22;42;12
582.0;20;40;24;41;134;36;24;38;13
588.0;16;40;21;42;136;37;27;36;15
594.0;17;39;19;39;138;34;29;36;19
600.0;19;41;19;40;139;35;23;31;23
606.0;21;42;18;39;140;35;20;34;21
612.0;20;41;18;40;142;33;23;30;23
618.0;20;42;18;38;141;34;23;32;22
624.0;20;42;19;39;142;33;20;33;22
630.0;20;44;20;37;143;32;20;33;21
636.0;22;44;18;37;144;32;22;32;19
642.0;21;47;20;38;141;31;21;31;20
648.0;22;49;19;34;144;33;17;30;22
654.0;22;50;20;33;146;33;15;31;20
660.0;24;47;20;35;146;34;13;30;21
666.0;23;50;19;35;145;31;17;30;20
672.0;24;51;20;34;146;29;14;32;20
678.0;22;46;21;34;150;29;15;33;20
684.0;24;42;20;34;153;28;15;34;20
690.0;21;42;21;34;152;30;13;36;21
696.0;19;46;19;33;153;32;15;35;18
702.0;20;45;19;32;153;31;16;37;17
708.0;22;47;18;29;154;32;16;35;17
714.0;23;47;19;28;155;31;18;32;17
720.0;24;47;19;28;152;28;20;32;20
726.0;25;45;19;28;152;30;19;30;22
732.0;23;43;19;27;154;31;21;27;25
738.0;25;42;17;26;156;28;22;28;26
744.0;22;43;18;27;160;31;19;31;19
750.0;23;44;18;27;160;31;19;32;16
756.0;21;43;19;26;160;29;18;35;19
762.0;19;42;20;27;162;29;17;36;18
768.0;19;39;21;27;162;30;19;36;17
774.0;19;39;21;26;161;29;21;36;18
780.0;19;38;15;29;160;32;21;38;18
786.0;18;38;17;30;158;35;22;36;16
792.0;16;40;15;33;154;37;21;35;19
798.0;16;39;16;30;154;37;23;36;19
804.0;14;40;15;31;156;36;24;34;20
810.0;13;41;14;34;154;36;25;32;21
816.0;12;40;15;33;155;37;25;32;21
822.0;13;41;15;30;158;35;24;30;24
828.0;13;40;16;30;159;37;24;28;23
834.0;17;38;11;33;160;39;25;26;21
840.0;17;35;15;35;162;35;25;26;20
846.0;17;34;14;35;163;36;25;27;19
852.0;19;34;13;36;164;37;24;25;18
858.0;21;32;13;39;164;39;18;26;18
864.0;22;29;14;41;166;36;18;24;20
870.0;26;29;14;39;163;34;20;25;20
876.0;26;27;14;39;164;33;19;27;21
882.0;24;27;15;37;163;34;21;29;20
888.0;22;25;16;36;164;36;21;32;18
894.0;21;25;15;38;167;40;17;28;19
900.0;21;26;11;37;165;41;21;28;20
906.0;22;27;13;39;166;39;18;27;19
912.0;20;28;14;38;165;38;20;27;20
918.0;18;27;15;34;164;42;20;29;21
924.0;15;23;17;35;168;41;20;29;22
930.0;15;24;19;33;166;41;21;29;22
936.0;15;22;21;30;167;41;22;32;20
942.0;17;24;23;28;167;38;20;34;19
948.0;17;23;23;25;166;40;22;31;23
954.0;14;26;24;26;170;40;22;29;19
960.0;15;25;24;23;171;41;23;28;20
966.0;15;23;21;21;176;41;21;30;22
972.0;16;23;22;21;173;40;21;31;23
978.0;12;25;24;27;171;36;20;33;22
984.0;13;26;24;27;173;33;22;29;23
990.0;13;29;26;27;170;30;20;29;26
996.0;14;28;24;27;168;33;22;29;25
1002.0;13;28;25;24;168;33;22;30;27
1008.0;12;28;27;21;169;33;24;29;27
1014.0;11;28;28;21;169;32;23;29;29
1020.0;10;29;30;21;168;32;21;31;28
1026.0;12;30;25;19;173;27;23;31;30
1032.0;14;30;26;22;173;25;24;29;27
1038.0;13;29;29;21;176;24;23;28;27
1044.0;14;29;28;20;177;24;24;27;27
1050.0;17;29;27;20;179;24;17;31;26
1056.0;17;28;24;23;181;24;17;31;25
1062.0;17;30;25;19;181;23;21;32;22
1068.0;16;29;25;24;182;21;18;32;23
1074.0;16;29;24;28;182;20;19;30;22
1080.0;18;29;21;28;182;18;20;31;23
1086.0;21;27;21;27;181;21;19;31;22
1092.0;21;26;21;31;180;21;20;30;20
1098.0;20;23;22;33;178;24;20;30;20
1104.0;20;25;21;33;178;26;20;29;18
1110.0;23;24;21;33;179;23;18;31;18
1116.0;23;23;21;35;177;25;19;29;18
1122.0;23;25;21;32;174;27;16;30;22
1128.0;22;29;20;32;176;28;14;26;23
1134.0;22;29;20;31;177;28;15;25;23
1140.0;19;31;22;29;178;30;13;27;21
1146.0;19;30;21;33;179;28;14;26;20
1152.0;19;32;15;35;176;28;19;25;21
1158.0;19;29;18;34;171;31;22;24;22
1164.0;19;31;20;34;171;32;21;23;19
1170.0;22;30;19;35;172;30;19;24;19
1176.0;20;29;23;37;172;28;18;26;17
1182.0;22;28;23;33;173;30;19;25;17
1188.0;21;29;23;32;174;32;16;25;18
1194.0;19;29;26;32;172;32;16;26;18
1200.0;20;27;29;29;174;28;20;26;17
1206.0;21;28;30;28;175;29;18;27;14
1212.0;22;28;28;29;173;31;18;26;15
1218.0;24;30;20;28;173;34;16;29;16
1224.0;25;31;20;26;171;32;19;29;17
1230.0;24;30;19;26;171;34;20;30;16
1236.0;23;30;18;28;169;36;19;30;17
1242.0;21;33;18;30;169;37;18;28;16
1248.0;23;34;17;29;168;37;18;28;16
1254.0;20;32;17;27;171;38;19;29;17
1260.0;20;34;15;25;174;37;21;28;16
1266.0;20;34;15;26;174;36;20;29;16
1272.0;22;34;13;27;176;36;16;31;15
1278.0;20;34;14;29;173;35;18;33;14
1284.0;19;34;15;28;173;35;18;33;15
1290.0;17;36;16;28;170;38;19;31;15
1296.0;15;35;18;27;173;37;19;31;15
1302.0;12;36;20;28;173;36;20;29;16
1308.0;12;36;17;29;174;35;20;31;16
1314.0;12;33;17;29;174;35;20;31;19
1320.0;18;32;16;27;173;34;19;31;20
1326.0;16;31;18;29;172;33;18;31;22
1332.0;15;34;18;29;170;33;17;31;23
1338.0;15;35;18;30;171;34;15;30;22
1344.0;16;35;21;32;173;33;11;29;20
1350.0;17;37;21;31;171;34;10;28;21
1356.0;13;33;22;31;172;39;12;29;19
1362.0;13;34;24;30;170;38;14;28;19
1368.0;13;36;22;31;169;38;13;29;19
1374.0;11;37;21;33;171;38;11;29;19
1380.0;10;39;19;33;172;36;8;32;21
1386.0;9;39;16;36;172;36;9;34;19
1392.0;11;38;18;36;173;33;10;33;18
1398.0;10;40;14;35;175;34;12;32;18
1404.0;13;39;16;33;174;32;14;32;17
1410.0;14;35;17;33;176;34;15;29;17
1416.0;16;32;16;35;179;34;13;28;17
1422.0;16;33;15;34;181;33;14;25;19
1428.0;16;34;15;33;183;33;10;27;19
1434.0;16;32;15;33;181;33;10;30;20
1440.0;16;30;15;33;180;36;12;32;16
1446.0;15;28;16;32;178;35;15;33;18
1452.0;16;25;19;32;177;37;14;33;17
1458.0;18;25;20;32;178;35;14;29;19
1464.0;17;24;19;36;177;35;15;27;20
1470.0;20;22;17;37;176;36;13;28;21
1476.0;19;23;19;37;176;35;13;28;20
1482.0;14;26;19;40;178;32;12;28;21
1488.0;16;23;18;43;179;31;12;27;21
1494.0;14;22;17;45;178;33;13;28;20
1500.0;17;22;16;45;175;34;10;27;24
1506.0;16;22;15;44;177;35;9;27;25
1512.0;17;24;18;43;175;33;11;27;22
1518.0;17;24;15;42;175;34;15;27;21
1524.0;19;24;17;41;176;34;14;25;20
1530.0;20;25;17;40;175;33;15;25;20
1536.0;20;27;16;39;175;31;14;26;22
1542.0;20;27;16;39;174;30;13;29;22
1548.0;19;27;16;39;174;27;13;34;21
1554.0;18;26;19;37;176;26;11;36;21
1560.0;18;27;19;36;176;26;11;37;20
1566.0;17;28;19;39;179;25;9;33;21
1572.0;16;25;18;39;179;27;10;35;21
1578.0;18;28;18;38;176;28;10;36;18
1584.0;19;31;18;35;175;27;10;39;16
1590.0;19;32;19;34;177;27;8;38;16
1596.0;17;31;18;33;177;30;9;41;14
1602.0;19;29;15;35;175;31;10;41;15
1608.0;22;30;14;35;178;29;10;36;16
1614.0;20;28;14;35;181;31;11;35;15
1620.0;19;29;13;31;181;31;12;36;18
1626.0;19;27;15;32;180;31;12;37;17
1632.0;15;28;17;35;182;30;10;35;18
1638.0;14;30;15;36;183;32;9;35;16
1644.0;14;30;14;35;183;30;11;37;16
1650.0;15;26;17;35;183;28;13;39;14
1656.0;14;26;18;34;183;31;11;40;13
1662.0;13;26;17;33;180;30;15;42;14
1668.0;16;26;15;33;181;29;13;41;16
1674.0;20;26;13;32;182;29;12;40;16
1680.0;18;27;14;32;181;30;12;38;18
1686.0;21;27;15;32;180;30;11;34;20
1692.0;19;30;18;34;179;31;9;34;16
1698.0;18;34;17;32;182;28;9;33;17
1704.0;17;33;18;30;183;30;8;34;17
1710.0;16;33;18;32;183;29;7;35;17
1716.0;18;31;20;31;180;32;7;33;18
1722.0;19;30;17;30;181;31;9;34;19
1728.0;15;30;20;30;179;31;11;35;19
1734.0;14;29;21;27;179;29;13;36;22
1740.0;16;29;21;29;177;28;12;38;20
1746.0;15;30;23;29;180;28;11;36;18
1752.0;16;30;23;30;179;30;13;35;14
1758.0;15;30;20;29;178;34;13;36;15
1764.0;17;31;20;28;176;33;12;36;17
1770.0;22;35;18;28;177;31;9;32;18
1776.0;23;31;19;32;177;32;9;31;16
1782.0;22;30;16;31;180;32;9;33;17
1788.0;18;30;17;31;182;32;9;34;17
1794.0;20;30;17;29;182;33;10;33;16
