#auto generated file!
12.0;38;35;31;26;36;41;31;33;29
18.0;38;34;29;30;37;42;29;35;26
24.0;39;34;26;30;40;43;28;36;24
30.0;38;37;25;30;42;43;29;37;19
36.0;34;35;26;32;44;39;30;41;19
42.0;33;37;25;35;47;37;29;40;17
48.0;36;36;27;32;51;37;27;37;17
54.0;35;35;27;34;53;37;24;37;18
60.0;27;36;25;33;58;35;27;38;21
66.0;26;39;22;30;60;39;27;35;22
72.0;24;37;24;31;61;36;28;36;23
78.0;22;37;23;33;63;35;31;35;21
84.0;21;38;22;30;63;35;33;39;19
90.0;17;40;20;29;65;40;29;39;21
96.0;17;41;19;31;67;41;27;38;19
102.0;14;41;19;31;66;39;31;41;18
108.0;17;38;19;30;66;38;28;44;20
114.0;20;37;18;24;70;37;27;46;21
120.0;22;35;17;25;71;36;26;46;22
126.0;21;35;17;24;73;35;26;46;23
132.0;22;36;17;25;72;35;25;43;25
138.0;21;35;19;27;74;34;25;41;24
144.0;20;35;19;24;75;35;25;41;26
150.0;18;36;19;26;74;36;24;40;27
156.0;22;37;17;26;74;35;23;38;28
162.0;22;37;17;26;77;36;23;35;27
168.0;23;38;14;27;78;36;26;34;24
174.0;22;37;15;29;77;35;24;34;27
180.0;21;37;16;30;76;37;22;34;27
186.0;19;37;17;29;76;40;19;36;27
192.0;16;37;18;31;77;41;17;35;28
198.0;15;34;23;31;78;41;17;35;26
204.0;16;36;18;35;76;41;16;36;26
210.0;14;33;17;36;77;44;17;36;26
216.0;16;36;12;38;78;44;18;36;22
222.0;19;34;11;39;80;42;17;35;23
228.0;21;35;9;40;79;41;16;35;24
234.0;24;38;8;39;80;38;11;38;24
240.0;28;39;8;39;79;37;11;38;21
246.0;27;40;11;41;80;35;12;38;16
252.0;24;40;13;41;83;32;12;40;15
258.0;25;39;13;40;84;31;13;39;16
264.0;26;35;18;37;86;33;14;38;13
270.0;22;33;18;37;85;37;14;41;13
276.0;22;32;18;37;86;40;14;40;11
282.0;22;34;15;40;90;38;13;36;12
288.0;21;34;16;40;90;35;12;35;17
294.0;22;35;12;40;88;32;12;36;23
300.0;25;39;13;39;88;31;11;34;20
306.0;25;37;13;35;88;34;11;36;21
312.0;22;39;12;37;87;33;11;36;23
318.0;23;40;10;36;90;35;8;39;19
324.0;23;40;9;38;91;35;9;39;16
330.0;22;40;9;35;93;35;11;39;16
336.0;21;40;9;35;94;37;11;38;15
342.0;20;39;8;35;94;36;11;41;16
348.0;20;39;10;31;93;36;11;43;17
354.0;21;37;11;32;93;34;13;40;19
360.0;19;37;11;32;95;32;15;41;18
366.0;19;38;11;28;99;30;15;43;17
372.0;18;37;14;25;98;31;15;42;20
378.0;18;38;12;25;100;33;17;39;18
384.0;16;38;14;25;102;32;15;38;20
390.0;20;38;13;25;101;30;13;38;22
396.0;23;37;11;26;103;31;12;36;21
402.0;25;36;11;26;103;33;14;33;19
408.0;29;36;12;25;104;32;14;31;17
414.0;29;30;15;24;103;33;15;31;20
420.0;27;31;14;27;103;34;13;32;19
426.0;25;32;17;25;105;36;12;32;16
432.0;22;32;17;23;107;34;12;35;18
438.0;24;31;15;23;107;35;14;33;18
444.0;24;32;15;24;106;34;14;36;15
450.0;22;32;14;26;106;34;17;36;13
456.0;22;32;15;27;106;33;18;34;13
462.0;20;32;15;27;106;30;17;37;16
468.0;22;28;23;25;107;28;15;38;14
474.0;20;28;21;25;108;27;15;40;16
480.0;18;28;22;25;108;26;17;39;17
486.0;18;26;20;27;110;25;18;38;18
492.0;20;26;17;29;111;23;17;38;19
498.0;17;28;20;30;108;23;13;39;22
504.0;16;29;19;30;109;22;16;40;19
510.0;14;28;19;33;108;22;18;41;17
516.0;14;29;19;31;107;21;20;42;17
522.0;13;31;19;34;107;22;17;41;16
528.0;12;32;19;33;110;21;17;39;17
534.0;13;32;19;35;109;23;17;37;15
540.0;15;31;19;35;110;20;17;35;18
546.0;15;31;19;34;109;21;19;34;18
552.0;16;31;17;35;109;20;17;33;22
558.0;14;30;18;37;107;20;19;34;21
564.0;13;31;17;39;106;22;19;33;20
570.0;15;29;18;39;107;24;18;31;19
576.0;14;29;18;36;107;28;17;32;19
582.0;14;28;19;35;107;27;16;34;20
588.0;14;31;16;37;106;29;18;29;20
594.0;13;29;15;37;108;29;15;29;25
600.0;13;30;17;36;108;30;16;26;24
606.0;15;28;15;35;107;32;18;27;23
612.0;13;27;17;36;105;32;22;27;21
618.0;16;27;16;37;103;34;22;28;17
624.0;16;23;16;34;103;36;27;29;16
630.0;14;21;15;38;103;36;26;29;18
636.0;15;23;18;35;102;38;19;30;20
642.0;15;22;18;35;100;37;23;30;20
648.0;15;21;17;32;101;37;22;33;22
654.0;13;22;20;30;101;38;21;33;22
660.0;15;20;20;30;102;38;21;33;21
666.0;15;21;16;29;101;40;20;35;23
672.0;16;22;12;30;102;38;19;36;25
678.0;14;22;17;30;102;38;22;34;21
684.0;13;23;15;28;102;37;26;34;22
690.0;10;26;14;28;105;38;26;33;20
696.0;11;27;11;27;104;37;29;33;21
702.0;13;25;11;30;101;35;28;37;20
708.0;13;21;10;29;101;36;27;41;22
714.0;15;24;13;27;99;36;28;40;18
720.0;15;29;12;29;98;33;26;39;19
726.0;14;32;11;29;99;34;26;37;18
732.0;16;35;13;28;99;34;26;33;16
738.0;16;39;15;31;100;31;23;32;13
744.0;15;39;18;32;102;30;21;31;12
750.0;14;39;19;34;102;29;20;30;13
756.0;13;42;21;36;101;28;15;32;12
762.0;12;43;19;33;103;28;14;36;12
768.0;12;42;19;33;106;28;14;34;12
774.0;12;40;19;34;106;28;14;32;15
780.0;12;39;18;35;106;31;15;29;15
786.0;11;36;16;36;106;35;17;30;13
792.0;10;38;15;35;110;34;16;32;10
798.0;10;39;15;37;112;30;16;32;9
804.0;10;36;15;34;115;28;18;35;9
810.0;11;36;13;34;118;28;18;32;10
816.0;10;35;14;34;116;27;21;34;9
822.0;13;36;14;32;112;28;21;31;13
828.0;13;36;15;30;111;29;22;31;13
834.0;16;35;15;27;113;32;20;29;13
840.0;16;34;14;28;112;32;20;33;11
846.0;17;34;13;28;112;32;19;32;13
852.0;18;32;13;29;112;33;18;33;12
858.0;16;31;17;27;113;31;18;36;11
864.0;14;30;22;26;113;31;19;36;9
870.0;15;28;21;29;115;32;17;33;10
876.0;13;29;19;33;116;30;18;33;9
882.0;15;28;18;32;115;32;16;34;10
888.0;19;27;17;28;114;38;14;33;10
894.0;19;26;16;30;114;36;15;35;9
900.0;17;26;16;30;115;35;13;38;10
906.0;15;27;15;30;116;35;13;39;10
912.0;16;26;14;33;118;33;12;39;9
918.0;15;24;15;32;118;36;12;39;9
924.0;14;24;16;33;121;37;11;36;8
930.0;15;23;15;30;121;34;14;39;9
936.0;12;23;15;30;121;34;14;42;9
942.0;12;25;17;29;122;34;12;41;8
948.0;12;27;14;30;122;33;13;44;5
954.0;10;27;14;34;120;33;12;42;8
960.0;10;26;15;32;120;33;11;43;10
966.0;9;25;16;34;121;34;9;42;10
972.0;10;28;16;29;119;36;11;43;8
978.0;12;29;12;28;119;35;14;42;9
984.0;15;27;10;29;120;34;14;41;10
990.0;13;29;8;29;120;33;13;43;12
996.0;14;29;9;28;120;34;14;41;11
1002.0;14;29;11;30;119;32;12;43;10
1008.0;13;30;11;29;120;31;12;43;11
1014.0;14;32;11;26;121;30;12;47;7
1020.0;13;33;11;26;122;29;9;45;12
1026.0;13;32;13;22;123;28;9;46;14
1032.0;12;32;15;25;123;30;9;43;11
1038.0;13;30;14;25;121;32;11;42;12
1044.0;11;29;12;25;123;35;12;40;13
1050.0;12;29;15;24;123;32;14;38;13
1056.0;11;27;12;24;123;35;13;40;15
1062.0;13;29;10;26;122;33;13;40;14
1068.0;12;28;15;23;123;32;11;41;15
1074.0;12;28;14;21;123;32;13;39;18
1080.0;12;28;15;23;124;28;11;42;17
1086.0;13;30;16;23;123;28;11;40;16
1092.0;13;29;18;25;122;27;10;40;16
1098.0;13;29;17;26;121;28;10;39;17
1104.0;12;31;17;24;121;27;12;38;18
1110.0;13;31;17;25;123;28;12;37;14
1116.0;13;32;17;23;123;28;11;36;17
1122.0;14;33;18;22;122;32;9;36;14
1128.0;14;34;16;21;121;34;10;36;14
1134.0;13;31;14;22;121;35;12;35;17
1140.0;14;33;11;24;121;36;11;34;16
1146.0;15;31;10;24;121;36;11;36;16
1152.0;16;32;10;25;119;34;13;36;15
1158.0;15;34;9;23;118;34;15;35;17
1164.0;15;32;7;26;119;34;17;34;16
1170.0;13;35;7;26;122;35;15;33;14
1176.0;14;34;8;27;123;34;14;33;13
1182.0;16;35;6;27;122;35;13;33;13
1188.0;17;34;6;26;122;35;15;32;13
1194.0;16;32;6;28;121;37;15;31;14
1200.0;16;33;7;27;120;38;12;33;14
1206.0;14;31;7;28;119;40;13;35;13
1212.0;15;32;6;26;121;38;14;36;12
1218.0;12;37;8;26;120;35;13;37;12
1224.0;11;34;9;26;120;34;15;37;14
1230.0;9;33;7;29;123;32;14;39;14
1236.0;7;33;6;33;122;32;13;40;14
1242.0;9;33;6;32;120;28;14;42;16
1248.0;11;33;6;32;117;28;14;42;17
1254.0;10;31;5;33;119;29;17;41;15
1260.0;13;32;6;34;119;30;17;38;11
1266.0;13;35;7;34;116;29;17;38;11
1272.0;14;34;9;33;116;28;16;36;14
1278.0;15;33;9;37;116;28;15;33;14
1284.0;14;31;4;36;120;26;15;37;17
1290.0;15;28;5;34;124;24;16;40;14
1296.0;11;31;5;34;127;23;17;37;15
1302.0;12;30;5;34;128;24;16;37;14
1308.0;13;27;6;33;127;25;17;37;15
1314.0;12;29;6;29;127;26;19;37;15
1320.0;11;27;7;29;126;28;18;40;14
1326.0;11;26;7;29;127;29;18;41;12
1332.0;11;27;6;27;129;28;18;41;13
1338.0;11;28;7;24;129;30;17;42;12
1344.0;12;24;7;26;129;33;13;42;14
1350.0;11;27;8;29;128;33;13;37;14
1356.0;10;26;12;30;126;33;15;33;15
1362.0;12;26;10;30;126;32;14;35;15
1368.0;13;26;11;27;128;33;15;35;12
1374.0;13;26;13;27;127;31;15;36;12
1380.0;15;26;14;29;125;30;16;33;12
1386.0;15;27;14;29;127;28;15;32;13
1392.0;20;26;14;30;126;25;15;36;8
1398.0;20;23;14;29;127;23;18;34;12
1404.0;18;26;14;31;128;24;12;34;13
1410.0;19;25;15;27;129;28;14;33;10
1416.0;19;25;16;26;129;28;13;35;9
1422.0;18;26;18;25;130;26;16;32;9
1428.0;21;28;19;24;132;22;17;31;6
1434.0;24;28;18;24;134;20;19;28;5
1440.0;22;30;19;24;134;19;18;29;5
1446.0;21;32;19;25;133;19;17;29;5
1452.0;19;28;20;26;133;20;19;31;4
1458.0;14;30;21;23;133;22;17;33;7
1464.0;13;32;21;25;132;23;16;32;6
1470.0;15;30;22;24;134;19;17;30;9
1476.0;11;28;22;25;135;21;16;31;11
1482.0;10;28;19;26;134;21;15;33;14
1488.0;8;31;20;25;137;19;16;30;14
1494.0;9;29;19;26;137;22;16;28;14
1500.0;11;31;18;24;137;23;16;28;12
1506.0;12;30;17;25;138;23;14;29;12
1512.0;11;30;18;25;137;24;14;30;11
1518.0;13;27;15;26;138;24;16;29;12
1524.0;13;27;19;26;136;26;16;27;10
1530.0;14;29;19;28;134;24;14;30;8
1536.0;14;30;18;29;131;25;17;29;7
1542.0;15;31;19;29;132;24;15;29;6
1548.0;15;32;19;27;131;26;13;29;8
1554.0;17;29;19;30;133;26;11;28;7
1560.0;15;28;18;32;137;24;10;29;7
1566.0;16;32;15;30;135;26;14;26;6
1572.0;18;32;18;28;135;26;13;24;6
1578.0;17;33;17;23;135;25;15;29;6
1584.0;16;32;17;23;136;25;16;29;6
1590.0;14;34;16;24;137;25;15;29;6
1596.0;16;35;15;24;136;23;15;29;7
1602.0;16;34;14;26;134;24;15;29;8
1608.0;15;35;12;25;133;27;15;28;10
1614.0;14;38;12;23;134;27;16;27;9
1620.0;13;38;11;26;134;27;16;27;8
1626.0;14;38;10;25;134;28;14;27;10
1632.0;13;37;10;25;134;28;15;28;10
1638.0;15;35;9;25;135;28;15;29;9
1644.0;14;35;6;24;137;30;14;31;9
1650.0;15;34;7;25;137;28;14;31;9
1656.0;15;33;7;25;136;29;14;32;9
1662.0;15;31;9;23;137;31;13;32;9
1668.0;15;32;8;25;138;30;11;32;9
1674.0;15;32;6;27;139;29;9;33;10
1680.0;13;30;6;29;138;31;10;34;9
1686.0;13;32;7;29;136;31;10;33;9
1692.0;14;32;7;31;132;29;12;34;9
1698.0;15;32;7;30;132;31;10;35;8
1704.0;15;32;7;29;133;29;12;35;8
1710.0;13;31;10;30;131;29;12;35;9
1716.0;16;31;9;27;130;30;14;34;9
1722.0;16;28;10;29;129;30;12;33;13
1728.0;15;28;11;30;128;27;12;34;15
1734.0;17;29;12;26;128;28;11;35;14
1740.0;17;29;13;28;128;25;13;33;14
1746.0;16;31;15;28;128;24;13;29;16
1752.0;13;30;16;28;129;26;13;28;17
1758.0;14;30;16;30;128;27;12;28;15
1764.0;15;28;14;31;132;30;11;27;12
1770.0;16;26;16;31;130;30;15;25;11
1776.0;15;27;15;31;130;29;17;24;12
1782.0;13;30;15;32;133;25;18;23;11
1788.0;15;32;14;31;134;26;15;24;9
1794.0;15;33;14;30;131;28;14;24;11
