#auto generated file!
12.0;27;33;37;44;25;34;27;36;37
18.0;26;35;36;45;26;36;24;36;36
24.0;25;37;32;45;27;39;24;38;33
30.0;25;36;31;45;28;38;24;39;34
36.0;23;39;29;44;31;39;21;40;34
42.0;23;43;26;46;32;40;19;40;31
48.0;21;37;25;47;32;43;20;41;34
54.0;23;38;24;46;36;42;21;40;30
60.0;25;38;21;46;41;42;22;41;24
66.0;26;39;20;43;45;44;21;41;21
72.0;29;33;24;42;46;43;24;36;23
78.0;31;33;22;40;48;42;24;36;24
84.0;32;34;17;45;49;46;21;34;22
90.0;30;37;18;44;51;41;23;35;21
96.0;30;34;17;43;50;41;26;36;23
102.0;27;40;17;43;50;41;27;34;21
108.0;30;38;17;41;49;41;26;35;23
114.0;23;35;18;43;52;44;25;36;24
120.0;22;36;17;42;55;44;25;37;22
126.0;21;36;17;42;58;41;25;41;19
132.0;22;37;18;38;59;41;23;45;17
138.0;21;36;17;35;61;40;22;49;19
144.0;24;39;17;31;61;40;24;45;19
150.0;21;42;20;32;63;39;23;43;17
156.0;19;44;21;32;63;40;21;41;19
162.0;19;39;23;34;63;40;21;41;20
168.0;16;39;21;33;64;41;22;41;23
174.0;19;36;22;32;68;40;21;38;24
180.0;17;38;23;31;69;41;20;38;23
186.0;17;36;22;34;77;39;19;36;20
192.0;17;35;23;34;77;39;20;36;19
198.0;17;36;21;35;79;39;22;34;17
204.0;17;36;21;37;79;39;21;35;15
210.0;18;36;19;40;82;37;20;35;13
216.0;18;38;19;39;83;36;18;35;14
222.0;20;35;19;38;85;37;18;34;14
228.0;23;36;18;42;83;35;18;31;14
234.0;24;37;19;41;84;33;18;31;13
240.0;26;38;17;41;81;34;19;31;13
246.0;28;37;16;39;83;35;20;32;10
252.0;26;37;18;38;88;35;18;31;9
258.0;24;35;19;38;89;37;18;28;12
264.0;25;33;17;40;88;37;18;29;13
270.0;26;34;16;40;90;34;18;30;12
276.0;25;35;16;39;91;33;19;28;14
282.0;24;37;16;38;92;33;21;28;11
288.0;23;36;15;37;93;33;21;27;15
294.0;19;36;14;36;94;36;19;30;16
300.0;18;36;15;37;95;34;19;30;16
306.0;15;35;15;37;94;33;22;32;17
312.0;12;35;12;38;95;34;23;32;19
318.0;12;34;10;36;98;33;25;33;19
324.0;12;34;11;38;98;35;25;29;18
330.0;10;34;10;36;98;34;26;32;20
336.0;11;32;8;35;99;35;25;36;19
342.0;11;33;11;35;101;34;23;35;17
348.0;13;29;14;35;100;38;25;28;18
354.0;12;28;13;35;101;39;26;29;17
360.0;12;28;13;32;101;41;27;29;17
366.0;13;29;13;33;99;43;26;30;14
372.0;14;30;12;31;101;41;29;29;13
378.0;16;32;12;32;101;39;29;27;12
384.0;16;33;10;30;102;39;29;30;11
390.0;15;37;9;31;102;36;26;33;11
396.0;13;36;8;30;103;38;26;35;11
402.0;13;36;9;29;104;37;27;35;10
408.0;16;33;13;27;109;32;21;37;12
414.0;17;32;13;27;109;32;20;37;13
420.0;19;29;17;26;108;31;19;37;14
426.0;16;30;17;28;109;30;19;39;12
432.0;16;28;19;27;110;31;15;40;14
438.0;14;29;20;27;109;31;18;39;13
444.0;16;28;21;26;109;33;18;37;12
450.0;17;28;20;28;110;32;18;36;11
456.0;18;29;19;29;111;32;17;34;11
462.0;20;30;18;29;112;32;16;34;9
468.0;21;31;17;27;113;33;16;32;10
474.0;20;31;17;27;113;34;16;31;11
480.0;21;32;18;25;112;32;17;33;10
486.0;23;33;15;24;111;33;17;33;11
492.0;22;34;15;23;112;33;17;34;10
498.0;21;33;16;23;111;33;15;35;13
504.0;21;33;15;24;115;35;14;31;12
510.0;20;34;17;22;115;35;16;29;12
516.0;20;33;14;20;118;33;17;29;16
522.0;20;35;13;20;120;33;17;28;14
528.0;19;35;13;22;120;32;16;27;16
534.0;18;34;12;22;121;33;16;30;14
540.0;18;33;14;22;121;31;17;28;16
546.0;18;34;13;20;120;31;17;30;17
552.0;17;36;13;19;119;28;16;32;20
558.0;15;36;15;20;119;30;15;31;19
564.0;15;36;16;18;123;34;13;30;15
570.0;16;37;14;19;122;34;16;30;12
576.0;16;37;14;19;123;35;15;28;13
582.0;17;38;15;18;123;35;15;27;12
588.0;16;37;14;17;122;33;16;30;15
594.0;15;40;16;18;118;31;17;32;13
600.0;11;38;15;23;118;29;19;33;14
606.0;10;37;16;23;118;28;20;34;14
612.0;12;33;16;24;121;28;19;34;13
618.0;13;32;16;22;120;30;20;33;14
624.0;14;33;15;24;119;28;21;34;12
630.0;13;32;15;24;121;29;20;33;13
636.0;16;28;15;26;120;29;18;33;15
642.0;19;28;16;23;118;29;17;34;16
648.0;19;25;13;26;118;31;16;35;17
654.0;19;26;12;30;117;32;15;32;17
660.0;18;26;10;30;117;32;13;34;20
666.0;15;26;9;31;121;30;14;35;19
672.0;15;27;9;30;122;31;15;32;19
678.0;15;27;11;29;123;30;16;32;17
684.0;14;29;11;29;120;28;18;32;19
690.0;17;29;10;33;118;26;17;32;18
696.0;19;30;10;33;117;27;16;31;17
702.0;20;27;10;33;116;28;17;29;20
708.0;20;26;12;33;114;27;18;28;22
714.0;21;27;12;32;115;26;17;28;22
720.0;18;26;10;33;114;26;20;29;24
726.0;16;28;9;34;114;26;18;29;26
732.0;15;29;14;31;113;27;17;31;23
738.0;17;29;16;29;113;27;18;29;22
744.0;15;32;17;28;114;28;18;27;21
750.0;16;34;14;29;115;27;17;30;18
756.0;16;36;13;28;112;28;20;31;16
762.0;15;38;14;31;111;28;19;31;13
768.0;15;38;13;29;112;30;18;30;15
774.0;15;35;12;31;114;28;20;29;16
780.0;15;37;12;31;115;27;17;30;16
786.0;13;38;12;30;114;33;14;33;13
792.0;12;35;12;34;112;34;13;34;14
798.0;14;35;12;32;113;33;12;36;13
804.0;14;34;12;32;111;33;15;37;12
810.0;13;33;13;34;112;32;15;37;11
816.0;12;34;15;33;114;33;13;35;11
822.0;14;36;14;32;114;32;14;34;10
828.0;14;36;12;34;114;33;15;34;8
834.0;14;37;13;35;114;32;15;32;8
840.0;13;38;13;34;116;32;14;32;8
846.0;15;40;12;31;117;30;14;32;9
852.0;16;39;12;34;117;27;15;31;9
858.0;17;35;13;35;117;27;15;30;11
864.0;17;33;13;33;117;27;16;31;13
870.0;17;35;15;30;118;26;16;30;13
876.0;17;36;16;30;116;28;15;28;14
882.0;19;36;16;29;116;28;13;27;16
888.0;18;36;19;29;113;29;11;27;18
894.0;14;37;21;30;116;30;12;24;16
900.0;12;34;20;31;118;30;13;22;20
906.0;11;34;20;30;121;25;14;23;22
912.0;9;36;20;26;122;27;15;24;21
918.0;9;36;21;26;123;28;12;24;21
924.0;7;33;21;26;123;31;12;26;21
930.0;7;30;22;26;125;31;10;28;21
936.0;7;31;20;25;125;31;11;28;22
942.0;7;30;21;26;124;32;10;29;21
948.0;9;31;19;25;124;34;11;32;15
954.0;12;31;19;24;124;37;10;31;12
960.0;12;32;17;24;125;38;9;30;13
966.0;13;32;17;24;125;36;11;30;12
972.0;13;33;15;25;126;36;12;28;12
978.0;11;34;16;26;128;36;13;25;11
984.0;12;32;18;24;128;35;13;27;11
990.0;12;36;17;24;127;35;12;26;11
996.0;14;35;16;24;130;33;10;27;11
1002.0;11;33;15;28;132;35;12;24;10
1008.0;11;30;15;28;134;36;13;24;9
1014.0;11;32;17;29;135;33;11;23;9
1020.0;10;32;16;29;133;32;13;25;10
1026.0;8;32;19;31;135;32;11;24;8
1032.0;8;33;19;29;136;33;10;24;8
1038.0;11;32;20;28;135;32;10;23;9
1044.0;11;33;20;28;133;33;11;23;8
1050.0;11;32;19;30;132;31;10;25;10
1056.0;6;31;19;28;138;30;10;24;14
1062.0;5;30;17;26;138;31;12;24;17
1068.0;6;29;17;27;138;30;13;23;17
1074.0;7;27;19;26;138;32;13;24;14
1080.0;7;25;19;28;139;30;15;24;13
1086.0;9;24;20;30;134;30;15;26;12
1092.0;9;24;16;31;135;33;15;27;10
1098.0;9;24;14;33;137;31;17;25;10
1104.0;9;27;16;31;138;28;15;28;8
1110.0;8;27;17;30;138;29;18;27;6
1116.0;8;27;15;32;140;30;18;26;4
1122.0;6;25;15;34;141;30;18;26;5
1128.0;6;24;15;35;140;32;15;26;7
1134.0;8;26;12;33;141;32;12;28;8
1140.0;8;28;13;33;140;33;12;26;7
1146.0;11;27;13;32;139;30;12;27;9
1152.0;12;28;13;31;138;29;12;26;11
1158.0;12;29;12;30;139;29;12;26;11
1164.0;11;32;10;28;138;30;12;27;12
1170.0;12;31;10;29;140;30;13;25;10
1176.0;16;30;9;29;140;28;12;23;13
1182.0;14;29;10;32;141;30;10;22;12
1188.0;14;27;13;29;142;27;11;25;12
1194.0;15;27;14;29;141;25;12;25;12
1200.0;15;27;13;35;140;25;11;23;11
1206.0;16;26;10;35;140;26;13;21;13
1212.0;13;25;13;38;142;27;10;23;9
1218.0;12;23;13;37;142;27;12;25;9
1224.0;12;24;14;37;140;27;12;25;9
1230.0;10;24;15;35;141;28;11;26;10
1236.0;8;23;14;36;141;27;12;28;11
1242.0;10;22;15;35;139;28;12;28;11
1248.0;10;22;13;35;141;27;10;31;11
1254.0;11;21;14;33;141;26;9;33;12
1260.0;15;21;15;29;139;26;11;32;12
1266.0;19;22;18;29;139;23;9;31;10
1272.0;19;22;16;26;140;25;9;32;11
1278.0;19;25;15;25;140;25;8;33;10
1284.0;15;24;13;29;142;25;9;32;11
1290.0;15;24;12;29;141;24;10;33;12
1296.0;14;20;14;30;141;25;11;31;14
1302.0;12;23;14;31;142;23;14;29;12
1308.0;12;24;11;29;142;24;17;30;11
1314.0;11;24;10;30;144;22;17;31;11
1320.0;12;26;11;28;147;23;14;29;10
1326.0;12;31;9;31;147;17;15;27;11
1332.0;11;30;9;30;148;18;14;27;13
1338.0;9;29;8;29;150;21;14;25;15
1344.0;9;29;8;29;150;20;15;26;14
1350.0;10;28;8;28;149;20;16;24;17
1356.0;11;28;6;27;149;22;17;23;17
1362.0;10;28;4;30;153;22;15;23;15
1368.0;10;25;6;29;154;19;15;22;20
1374.0;12;27;7;28;153;17;15;21;20
1380.0;10;28;8;29;152;18;14;22;19
1386.0;8;28;7;30;152;18;15;22;20
1392.0;8;30;7;27;154;17;16;21;20
1398.0;12;25;7;27;156;18;15;19;21
1404.0;9;26;9;26;155;19;15;20;21
1410.0;9;27;10;26;151;20;19;20;18
1416.0;9;25;12;25;150;22;18;21;18
1422.0;9;25;13;26;150;22;20;20;15
1428.0;8;27;12;26;150;21;19;20;17
1434.0;7;28;13;28;148;24;17;20;15
1440.0;7;28;13;27;148;25;18;19;15
1446.0;7;27;14;26;147;25;18;20;16
1452.0;5;27;13;29;146;25;19;20;16
1458.0;4;28;13;29;144;25;20;22;15
1464.0;7;30;12;27;141;25;21;22;15
1470.0;9;30;10;27;140;27;22;21;14
1476.0;10;30;10;27;140;29;20;20;14
1482.0;11;31;10;25;139;28;22;20;14
1488.0;11;30;8;28;140;27;20;20;16
1494.0;12;31;8;27;139;28;20;18;17
1500.0;11;31;10;28;137;28;19;19;17
1506.0;11;28;13;26;138;29;20;19;16
1512.0;10;28;11;28;138;28;21;19;17
1518.0;10;28;11;29;138;29;17;21;17
1524.0;10;28;10;31;135;29;17;22;18
1530.0;10;28;9;29;136;29;17;25;17
1536.0;9;30;9;28;136;29;17;25;17
1542.0;9;33;7;29;135;28;17;26;16
1548.0;10;35;10;29;135;28;16;23;14
1554.0;12;33;11;30;135;26;16;22;15
1560.0;14;32;11;30;134;26;16;24;13
1566.0;12;30;14;28;135;26;18;25;12
1572.0;11;32;16;25;138;26;16;24;12
1578.0;12;33;15;25;139;27;14;25;10
1584.0;10;32;13;25;138;30;13;27;12
1590.0;9;28;11;27;138;31;14;30;12
1596.0;10;27;11;26;140;29;12;32;13
1602.0;9;25;16;27;140;28;11;31;13
1608.0;12;26;14;26;142;28;9;32;11
1614.0;12;26;12;25;146;29;9;31;10
1620.0;13;26;12;24;144;30;8;31;12
1626.0;15;23;12;24;144;33;8;30;11
1632.0;15;21;11;23;143;35;6;32;14
1638.0;16;20;11;25;140;36;7;32;13
1644.0;18;18;11;24;141;36;6;29;17
1650.0;20;20;11;25;139;32;6;28;19
1656.0;20;25;11;24;138;30;5;27;20
1662.0;18;25;13;24;138;30;5;27;20
1668.0;21;26;13;26;136;28;8;25;17
1674.0;22;23;13;28;135;27;10;23;19
1680.0;23;26;11;27;135;27;10;22;19
1686.0;17;27;12;27;133;28;12;26;18
1692.0;14;30;10;28;133;29;12;26;18
1698.0;12;32;9;27;133;29;14;27;17
1704.0;13;30;11;27;135;29;13;23;19
1710.0;10;28;11;29;136;28;16;25;17
1716.0;8;26;12;32;136;30;17;25;14
1722.0;7;29;12;31;136;30;16;23;16
1728.0;8;27;14;33;136;31;14;22;15
1734.0;10;32;14;31;135;29;13;23;13
1740.0;10;31;15;32;137;31;10;23;11
1746.0;11;31;14;31;136;31;12;23;11
1752.0;11;30;13;30;135;31;16;24;10
1758.0;12;26;14;32;138;29;17;23;9
1764.0;12;24;14;32;140;32;15;22;9
1770.0;9;24;15;29;136;35;19;24;9
1776.0;9;26;14;28;138;33;18;24;10
1782.0;10;25;14;28;138;35;16;24;10
1788.0;8;28;16;28;137;33;14;26;10
1794.0;8;29;14;29;136;33;13;27;11
