#auto generated file!
12.0;13;22;23;22;18;19;16;26;21
18.0;12;22;24;21;18;19;18;26;20
24.0;12;19;23;20;20;20;17;29;20
30.0;11;20;22;21;22;19;15;30;20
36.0;13;21;22;22;22;20;15;30;15
42.0;13;24;22;21;24;17;14;30;15
48.0;14;25;22;21;25;16;14;30;13
54.0;16;25;19;23;24;16;13;29;15
60.0;16;25;19;22;25;16;12;30;15
66.0;14;25;20;23;25;15;11;31;16
72.0;16;28;20;22;26;17;12;27;12
78.0;10;27;18;25;28;16;11;34;11
84.0;10;26;17;22;29;17;13;34;12
90.0;10;26;15;21;31;19;14;34;10
96.0;10;25;10;24;34;17;16;34;10
102.0;9;25;9;25;34;16;16;37;9
108.0;8;26;9;24;35;16;18;35;9
114.0;9;28;10;26;36;14;14;34;9
120.0;9;27;11;23;36;15;15;34;10
126.0;11;25;11;21;39;14;14;35;10
132.0;11;24;11;21;39;14;13;33;14
138.0;11;23;14;18;39;14;15;32;14
144.0;13;20;14;17;40;13;17;34;12
150.0;15;19;12;17;41;13;17;33;13
156.0;16;16;12;19;43;15;16;33;10
162.0;17;16;11;19;42;13;16;34;12
168.0;16;18;10;20;42;12;14;35;13
174.0;15;18;9;19;42;14;14;37;12
180.0;15;17;11;19;44;13;10;37;14
186.0;20;14;12;18;44;12;10;35;15
192.0;15;16;10;17;45;12;12;37;16
198.0;14;15;9;17;48;14;14;37;12
204.0;13;13;10;19;49;16;11;36;13
210.0;11;16;9;20;50;17;10;35;12
216.0;11;14;9;21;53;16;10;33;13
222.0;10;13;11;22;53;18;11;31;11
228.0;10;13;13;21;53;17;11;30;12
234.0;9;13;13;23;52;16;11;33;10
240.0;12;12;13;26;51;14;11;32;9
246.0;14;12;14;23;51;14;11;32;9
252.0;15;11;15;24;51;13;12;30;9
258.0;14;11;16;23;53;13;14;29;7
264.0;14;12;15;22;54;11;13;32;7
270.0;17;13;12;22;54;8;14;31;9
276.0;17;12;13;22;52;7;16;32;9
282.0;15;14;11;21;54;8;15;31;11
288.0;12;14;12;20;55;9;16;30;12
294.0;12;15;12;20;56;10;16;29;10
300.0;12;14;14;20;58;11;10;31;10
306.0;11;12;12;22;59;11;11;31;11
312.0;12;13;11;21;59;11;11;31;11
318.0;13;13;8;21;59;10;12;32;12
324.0;11;14;9;21;61;10;12;31;11
330.0;10;15;9;22;60;14;11;30;9
336.0;9;16;6;21;60;17;15;28;8
342.0;12;16;7;22;61;14;13;28;7
348.0;12;16;6;23;61;14;15;27;6
354.0;13;14;5;22;61;14;15;27;9
360.0;11;14;8;24;64;14;12;26;7
366.0;9;14;10;23;63;15;13;27;6
372.0;9;13;10;25;63;14;11;29;6
378.0;10;13;10;27;64;13;8;28;7
384.0;11;11;11;26;64;15;7;27;8
390.0;9;11;10;29;63;13;7;30;8
396.0;10;13;8;30;63;13;8;28;7
402.0;10;11;6;29;65;14;9;26;10
408.0;10;10;9;29;64;11;11;25;11
414.0;10;9;9;29;65;11;10;27;10
420.0;10;11;7;29;66;12;9;27;9
426.0;10;13;7;27;66;13;8;28;8
432.0;11;15;6;27;68;11;8;27;7
438.0;9;14;4;24;67;16;9;28;9
444.0;10;16;6;26;67;15;9;23;8
450.0;10;16;7;25;67;15;11;21;8
456.0;10;16;7;24;68;16;11;21;7
462.0;10;15;7;25;68;17;11;22;5
468.0;12;14;8;24;68;17;10;21;6
474.0;11;13;7;26;67;18;9;20;9
480.0;10;13;8;27;68;17;9;21;7
486.0;10;12;9;26;69;17;10;20;7
492.0;11;12;11;24;67;17;11;20;7
498.0;10;14;12;25;65;18;10;20;6
504.0;13;15;14;24;64;20;8;17;5
510.0;15;15;14;21;65;18;8;18;6
516.0;15;14;15;22;65;17;7;19;6
522.0;14;15;14;22;65;13;10;20;7
528.0;13;18;13;21;65;12;8;22;8
534.0;13;17;14;19;66;13;9;21;8
540.0;11;17;13;18;67;13;10;21;10
546.0;11;17;11;22;65;13;10;19;12
552.0;12;15;10;22;66;14;10;18;13
558.0;12;13;10;21;66;15;9;18;16
564.0;12;12;11;22;68;15;10;17;13
570.0;11;13;13;20;68;16;10;18;11
576.0;10;12;12;22;69;16;10;16;13
582.0;9;12;13;22;69;17;10;16;12
588.0;10;12;11;22;69;16;10;18;12
594.0;9;12;12;22;68;17;10;20;10
600.0;10;14;5;21;70;18;11;21;10
606.0;6;16;6;20;73;21;8;19;11
612.0;6;16;6;19;72;19;10;21;11
618.0;7;16;6;18;73;20;9;22;9
624.0;7;17;5;18;74;21;9;21;8
630.0;7;17;5;19;73;22;9;20;8
636.0;7;17;5;19;74;22;8;20;8
642.0;6;16;5;18;76;21;9;19;10
648.0;7;16;6;17;75;22;7;19;11
654.0;7;17;5;17;76;20;8;19;11
660.0;6;16;7;17;77;19;7;19;12
666.0;5;17;8;17;77;17;6;20;13
672.0;4;17;10;16;78;15;5;21;14
678.0;4;18;10;13;78;14;4;23;16
684.0;4;18;9;15;78;16;5;22;13
690.0;5;18;9;13;79;17;5;20;14
696.0;6;16;8;15;78;14;8;20;15
702.0;8;18;9;17;75;14;7;19;13
708.0;9;20;10;17;73;14;7;17;13
714.0;8;21;8;17;74;14;7;19;12
720.0;7;22;8;16;75;14;6;18;14
726.0;8;21;8;16;75;15;4;18;15
732.0;9;21;7;16;75;14;5;18;15
738.0;10;20;9;15;74;15;4;18;15
744.0;12;19;9;14;75;14;3;19;15
750.0;10;19;10;14;75;13;1;21;17
756.0;8;19;9;14;77;14;2;21;16
762.0;8;19;6;13;77;15;5;21;16
768.0;8;18;7;14;77;17;5;19;15
774.0;7;17;5;14;77;18;9;18;15
780.0;7;16;5;13;74;19;10;19;17
786.0;6;16;6;14;75;19;10;18;16
792.0;8;15;7;13;75;16;10;19;17
798.0;9;16;6;11;78;17;9;19;15
804.0;7;16;8;11;79;17;8;19;15
810.0;8;16;10;10;77;16;8;19;16
816.0;7;17;10;11;77;17;8;19;14
822.0;6;15;11;13;77;13;10;21;14
828.0;5;16;9;14;78;12;12;23;11
834.0;5;16;7;14;77;14;12;25;10
840.0;7;16;7;13;77;15;14;22;9
846.0;8;20;7;13;75;16;12;21;8
852.0;9;20;5;14;76;14;14;21;7
858.0;7;19;8;13;77;15;16;20;5
864.0;7;19;8;13;77;14;17;19;6
870.0;8;18;7;13;78;16;14;20;6
876.0;8;18;8;14;77;16;14;20;5
882.0;7;17;11;15;76;17;12;21;4
888.0;8;18;10;14;76;18;12;19;5
894.0;8;18;11;14;76;17;13;18;5
900.0;8;18;11;14;76;16;13;19;5
906.0;7;20;11;15;77;17;11;18;4
912.0;5;19;10;18;79;18;11;16;4
918.0;7;18;10;18;79;16;10;16;6
924.0;9;16;10;18;78;16;10;15;8
930.0;9;17;10;18;78;14;10;15;9
936.0;9;17;9;16;79;15;10;15;10
942.0;11;17;8;16;77;15;12;15;9
948.0;9;15;11;18;76;16;14;14;7
954.0;9;17;9;16;77;15;15;13;9
960.0;9;17;10;15;77;16;15;12;9
966.0;10;18;11;14;77;14;13;14;9
972.0;10;18;12;14;77;12;14;15;8
978.0;12;17;11;16;76;12;14;14;8
984.0;11;16;12;15;76;12;16;14;8
990.0;10;15;15;17;75;13;15;14;6
996.0;10;15;13;16;76;14;13;15;8
1002.0;9;14;14;16;76;15;13;16;7
1008.0;10;13;14;17;75;15;13;16;7
1014.0;9;15;15;17;76;14;12;13;9
1020.0;9;15;14;16;76;16;12;13;9
1026.0;8;16;14;15;76;15;13;13;10
1032.0;8;15;15;13;78;17;12;13;9
1038.0;8;16;13;13;79;16;11;14;10
1044.0;8;14;14;14;79;15;12;15;9
1050.0;9;13;11;14;80;15;14;15;9
1056.0;10;14;9;15;81;15;12;14;10
1062.0;8;15;8;17;81;15;11;16;9
1068.0;8;16;11;16;79;13;10;16;11
1074.0;7;17;11;14;79;11;14;16;11
1080.0;8;16;10;14;78;11;15;19;9
1086.0;8;16;9;14;81;10;15;19;8
1092.0;7;17;11;15;81;10;14;18;7
1098.0;6;17;12;13;83;10;13;19;7
1104.0;5;16;10;16;84;10;14;20;5
1110.0;5;16;10;16;83;11;13;21;5
1116.0;7;14;11;15;84;11;13;22;3
1122.0;6;15;10;16;86;11;11;21;4
1128.0;6;14;13;14;86;12;13;18;4
1134.0;7;16;10;14;86;12;13;18;4
1140.0;7;18;10;16;82;12;11;17;7
1146.0;8;18;9;15;82;12;10;17;9
1152.0;6;17;10;18;84;11;8;17;9
1158.0;7;17;9;16;86;11;6;17;11
1164.0;6;17;12;18;83;12;4;17;11
1170.0;6;15;14;18;83;12;3;18;11
1176.0;5;14;13;17;83;13;4;18;13
1182.0;6;14;12;17;85;13;6;17;10
1188.0;7;12;13;18;85;15;6;17;7
1194.0;7;12;12;18;83;18;5;18;7
1200.0;10;12;8;17;84;17;5;18;9
1206.0;13;12;7;18;84;16;4;18;8
1212.0;11;13;8;20;83;14;5;18;8
1218.0;11;11;8;19;84;15;5;18;9
1224.0;11;12;10;18;84;14;5;17;9
1230.0;10;15;9;17;83;16;8;17;5
1236.0;9;14;9;17;84;19;8;15;5
1242.0;8;15;10;18;83;18;8;16;4
1248.0;8;15;10;18;84;17;6;17;5
1254.0;10;15;8;18;82;17;6;19;5
1260.0;9;14;8;19;81;19;7;19;4
1266.0;10;11;8;19;81;19;8;20;4
1272.0;9;11;9;20;81;20;8;19;3
1278.0;10;13;9;18;79;20;8;19;4
1284.0;10;13;9;21;78;20;7;17;5
1290.0;10;12;9;21;78;21;6;18;5
1296.0;9;11;8;22;77;22;6;18;7
1302.0;10;11;8;21;76;21;8;17;8
1308.0;10;12;8;22;77;20;10;13;8
1314.0;11;12;8;21;79;17;11;13;8
1320.0;11;12;8;20;81;18;10;14;6
1326.0;10;12;8;19;83;18;11;15;4
1332.0;10;12;10;19;83;17;11;14;4
1338.0;11;11;10;20;85;17;8;14;4
1344.0;9;10;9;20;87;17;9;15;4
1350.0;7;9;10;21;86;18;8;16;5
1356.0;6;10;11;19;83;19;9;17;6
1362.0;6;10;10;20;82;20;7;18;7
1368.0;6;12;8;18;81;21;9;18;7
1374.0;7;11;7;17;81;21;9;20;7
1380.0;7;11;7;17;81;21;9;20;7
1386.0;7;10;9;19;80;20;9;18;8
1392.0;8;10;10;21;79;17;10;17;8
1398.0;8;10;9;21;79;17;11;17;8
1404.0;8;10;9;21;79;17;10;16;10
1410.0;9;10;8;20;79;19;10;16;9
1416.0;10;10;9;19;80;19;7;17;9
1422.0;10;12;10;19;79;20;7;18;5
1428.0;9;13;9;19;83;19;6;18;4
1434.0;10;12;8;19;83;19;7;17;5
1440.0;9;13;9;20;81;19;8;17;4
1446.0;10;14;9;20;79;17;10;18;3
1452.0;9;17;9;19;78;18;10;17;3
1458.0;10;16;7;20;77;19;11;17;3
1464.0;10;16;8;20;77;16;13;17;3
1470.0;9;16;7;19;81;18;12;16;2
1476.0;10;17;8;20;80;17;10;16;2
1482.0;10;18;8;20;81;17;9;14;3
1488.0;10;20;10;19;80;18;7;13;3
1494.0;10;20;10;18;81;16;8;14;3
1500.0;9;17;12;17;81;17;11;12;4
1506.0;7;17;11;16;80;20;11;13;5
1512.0;7;18;11;14;81;19;11;12;7
1518.0;8;19;10;13;81;18;11;15;5
1524.0;8;22;9;13;83;17;8;15;5
1530.0;7;20;9;13;83;18;10;15;5
1536.0;7;18;11;13;83;16;10;16;6
1542.0;7;18;10;13;82;15;12;17;6
1548.0;7;17;9;15;82;13;11;22;4
1554.0;6;16;8;14;82;13;13;24;4
1560.0;5;15;7;15;83;13;16;23;3
1566.0;4;15;6;15;82;15;15;24;4
1572.0;3;14;7;16;81;15;17;22;5
1578.0;5;15;8;17;80;14;13;23;5
1584.0;4;17;9;15;81;14;12;23;5
1590.0;5;17;9;17;80;14;10;22;6
1596.0;5;19;15;14;78;12;10;20;7
1602.0;6;18;14;12;78;13;11;20;8
1608.0;6;19;14;12;77;13;10;20;9
1614.0;6;16;13;12;76;13;11;21;12
1620.0;6;18;13;12;74;16;10;20;11
1626.0;7;17;13;13;72;19;8;21;10
1632.0;7;19;14;14;71;16;9;21;9
1638.0;5;17;14;16;72;16;9;20;11
1644.0;5;17;15;16;73;17;7;18;12
1650.0;6;17;13;15;75;18;6;18;12
1656.0;6;17;14;16;77;18;5;17;10
1662.0;5;17;12;17;78;19;8;15;9
1668.0;5;19;11;18;77;19;8;15;8
1674.0;4;18;12;18;77;19;9;15;8
1680.0;5;20;12;17;77;18;8;15;8
1686.0;5;20;10;17;76;18;9;16;9
1692.0;4;21;8;17;76;19;9;16;10
1698.0;4;20;7;17;77;19;10;15;11
1704.0;6;18;10;15;76;19;11;14;11
1710.0;7;17;13;14;77;20;9;13;10
1716.0;6;16;15;14;76;20;9;13;11
1722.0;5;15;17;14;76;18;10;13;12
1728.0;5;16;17;15;76;18;8;14;11
1734.0;6;16;17;15;76;18;8;13;11
1740.0;5;16;16;14;76;20;8;15;10
1746.0;7;15;17;13;74;21;9;14;10
1752.0;7;16;15;16;73;19;10;14;10
1758.0;6;17;14;15;73;19;10;15;11
1764.0;6;17;14;15;74;19;10;13;12
1770.0;7;17;14;17;74;19;9;12;11
1776.0;6;17;14;15;74;20;10;13;11
1782.0;7;18;14;15;74;18;11;12;11
1788.0;9;19;13;15;75;18;10;12;9
1794.0;8;21;11;15;74;18;10;14;9
