#auto generated file!
12.0;45;29;39;41;48;40;50;43;45
18.0;39;32;44;42;50;40;46;43;44
24.0;39;31;44;43;54;42;43;46;38
30.0;40;31;41;42;59;45;36;47;39
36.0;40;30;40;45;59;47;36;46;37
42.0;40;30;38;46;65;47;33;45;36
48.0;40;33;34;49;68;48;29;43;36
54.0;38;32;36;51;73;46;27;42;35
60.0;39;30;38;51;75;45;26;43;33
66.0;36;28;38;51;77;45;24;48;33
72.0;31;28;36;53;82;43;22;50;35
78.0;29;29;32;52;85;43;24;53;33
84.0;29;31;30;51;86;43;25;54;31
90.0;28;32;28;49;88;44;26;54;31
96.0;26;34;31;49;89;42;26;56;27
102.0;24;36;33;44;90;40;28;57;28
108.0;25;36;29;44;92;40;31;56;27
114.0;24;37;28;47;93;40;29;56;26
120.0;22;39;27;42;93;44;31;57;25
126.0;25;37;30;42;92;44;32;56;22
132.0;26;38;28;38;96;47;34;54;19
138.0;27;38;26;38;95;45;32;55;24
144.0;22;37;29;40;98;42;30;55;27
150.0;23;38;25;41;98;42;32;55;26
156.0;21;35;25;42;99;45;33;57;23
162.0;21;33;28;42;101;43;34;54;24
168.0;22;31;28;41;101;47;31;53;26
174.0;20;31;27;38;103;49;34;53;25
180.0;20;32;30;38;103;46;34;52;25
186.0;21;29;32;40;106;46;33;46;27
192.0;18;32;30;42;106;46;32;47;27
198.0;17;36;29;44;104;49;31;46;24
204.0;15;36;31;46;107;46;28;47;24
210.0;15;37;29;43;110;47;26;49;24
216.0;14;38;30;45;108;47;25;49;24
222.0;16;40;25;43;110;47;25;50;24
228.0;15;40;24;44;110;47;26;52;22
234.0;15;38;24;39;111;48;26;57;22
240.0;14;38;27;37;114;49;23;58;20
246.0;13;40;29;37;116;47;22;56;20
252.0;15;38;28;37;117;46;24;58;17
258.0;16;36;30;35;118;42;24;58;21
264.0;14;37;29;33;122;41;24;60;20
270.0;17;34;26;33;122;43;29;56;20
276.0;18;31;25;36;122;44;29;55;20
282.0;17;31;24;34;126;45;28;59;16
288.0;17;31;23;36;124;46;29;57;17
294.0;15;33;25;36;125;43;29;57;17
300.0;16;35;18;36;128;43;29;57;18
306.0;17;38;17;38;129;44;26;54;17
312.0;17;37;18;37;132;40;24;56;19
318.0;21;36;22;38;129;40;21;54;19
324.0;24;37;24;36;128;41;22;48;20
330.0;22;37;25;39;131;38;21;46;21
336.0;20;37;24;39;133;39;23;45;20
342.0;19;38;24;37;137;41;25;41;18
348.0;18;38;25;40;138;40;24;39;18
354.0;17;35;23;43;138;40;24;40;20
360.0;18;35;21;41;139;40;24;41;21
366.0;20;33;21;41;138;42;24;43;18
372.0;21;36;17;40;140;39;29;38;20
378.0;19;38;19;42;139;38;25;37;23
384.0;18;37;20;45;141;36;23;38;22
390.0;16;35;22;46;140;35;21;41;24
396.0;14;37;21;45;139;32;23;45;24
402.0;20;40;17;46;137;31;21;46;22
408.0;20;41;17;42;140;30;20;49;21
414.0;21;41;18;41;139;31;21;50;18
420.0;25;38;18;43;142;30;20;48;16
426.0;21;35;20;42;146;31;21;46;18
432.0;22;35;21;45;149;28;19;43;18
438.0;24;32;21;51;151;28;16;44;13
444.0;19;33;19;53;152;30;18;44;12
450.0;19;33;20;53;150;31;19;43;12
456.0;20;33;18;54;150;34;19;41;11
462.0;21;31;15;49;153;37;20;40;14
468.0;22;33;13;51;154;37;17;38;15
474.0;27;33;13;50;155;36;15;37;14
480.0;25;33;13;54;154;33;16;36;16
486.0;25;35;13;53;156;33;15;33;17
492.0;23;35;15;50;158;34;15;32;18
498.0;22;37;18;48;155;31;17;34;18
504.0;19;39;15;49;156;30;19;34;19
510.0;18;36;18;47;154;31;19;34;23
516.0;12;31;22;45;157;31;20;36;26
522.0;15;32;26;43;156;28;19;36;25
528.0;17;31;25;44;159;26;21;35;22
534.0;18;35;26;40;157;24;24;36;20
540.0;19;37;20;38;163;24;26;36;17
546.0;20;36;21;37;163;24;28;34;17
552.0;18;35;22;39;162;26;29;34;15
558.0;16;36;24;37;163;27;27;34;16
564.0;17;38;18;37;166;30;25;35;14
570.0;17;41;19;35;162;33;24;35;14
576.0;17;42;17;38;159;35;23;36;13
582.0;18;41;15;39;162;36;22;34;13
588.0;21;42;14;37;162;36;23;33;12
594.0;17;41;14;38;163;37;21;37;12
600.0;19;40;12;35;162;38;22;39;13
606.0;18;41;15;35;162;38;19;41;11
612.0;17;42;17;35;160;39;19;41;10
618.0;17;38;23;35;157;37;21;39;13
624.0;18;34;21;35;162;37;22;37;14
630.0;18;37;20;37;161;36;22;34;15
636.0;19;36;17;36;161;39;24;33;15
642.0;19;35;16;37;164;41;24;31;13
648.0;18;32;17;37;165;44;22;33;12
654.0;16;34;16;38;160;45;22;35;14
660.0;17;35;14;40;160;46;24;31;13
666.0;18;32;13;40;159;46;25;33;14
672.0;17;33;12;40;162;47;23;33;13
678.0;18;32;14;36;159;47;23;35;16
684.0;19;32;14;37;160;47;24;31;16
690.0;19;35;17;37;160;44;23;31;14
696.0;18;36;18;35;157;47;22;32;15
702.0;16;35;19;36;156;48;25;33;12
708.0;18;34;17;36;156;48;25;35;11
714.0;17;35;19;31;159;47;25;36;11
720.0;18;38;17;31;158;47;23;36;12
726.0;18;35;17;31;159;48;23;37;12
732.0;22;35;17;30;159;45;22;37;13
738.0;22;36;16;29;158;44;22;41;12
744.0;21;33;18;31;161;44;22;39;11
750.0;22;33;17;31;159;45;18;38;17
756.0;25;33;18;30;160;44;17;37;16
762.0;24;30;19;30;161;45;18;36;17
768.0;20;29;19;32;161;44;21;37;17
774.0;20;28;19;32;161;43;22;38;17
780.0;17;27;20;35;161;44;23;35;18
786.0;20;27;18;38;163;40;25;32;17
792.0;18;27;18;38;162;39;28;34;16
798.0;15;29;19;38;161;39;26;39;14
804.0;16;30;22;35;161;36;25;40;15
810.0;14;31;19;40;160;36;22;45;13
816.0;14;31;17;41;163;36;24;42;12
822.0;16;31;16;41;162;36;25;40;13
828.0;20;29;17;45;164;32;25;37;11
834.0;20;28;16;41;166;39;22;37;11
840.0;21;28;20;38;164;38;23;35;13
846.0;20;29;21;38;163;36;21;33;19
852.0;19;26;20;37;165;39;19;37;18
858.0;21;26;19;36;162;41;21;35;19
864.0;20;28;18;36;163;46;18;31;20
870.0;19;27;19;39;165;45;16;28;22
876.0;19;27;19;37;167;45;16;29;21
882.0;19;30;18;37;165;47;16;29;19
888.0;19;29;19;36;166;48;14;29;20
894.0;20;27;20;35;168;49;15;27;19
900.0;19;26;21;37;169;48;17;23;20
906.0;18;30;19;38;170;46;15;27;17
912.0;18;30;20;38;169;47;11;27;20
918.0;18;32;19;38;170;46;10;27;20
924.0;19;30;19;38;170;47;11;27;19
930.0;18;33;19;37;170;46;13;27;17
936.0;17;35;15;37;170;46;14;28;18
942.0;16;32;16;37;170;46;15;29;19
948.0;18;31;17;32;170;48;16;29;19
954.0;18;31;17;33;172;48;16;27;18
960.0;19;35;17;34;171;48;15;25;16
966.0;19;36;18;34;169;48;13;26;17
972.0;19;37;17;37;168;47;15;22;18
978.0;20;38;16;38;164;45;17;22;20
984.0;26;36;16;34;166;44;17;22;19
990.0;24;37;18;33;163;43;18;23;21
996.0;22;35;19;33;165;45;19;23;19
1002.0;22;34;22;35;163;46;17;22;19
1008.0;22;31;20;35;164;50;15;23;20
1014.0;21;36;21;36;162;48;14;23;19
1020.0;23;37;22;33;163;46;14;24;18
1026.0;28;36;21;36;161;42;14;25;17
1032.0;26;36;21;37;163;40;15;25;17
1038.0;24;35;23;38;162;40;15;26;17
1044.0;25;33;24;40;160;37;16;28;17
1050.0;24;33;25;36;162;39;15;29;17
1056.0;26;32;25;39;160;38;12;31;17
1062.0;24;31;24;40;158;44;12;31;16
1068.0;23;28;24;41;159;46;12;31;16
1074.0;23;29;25;36;162;47;11;30;17
1080.0;20;30;26;36;161;44;10;35;18
1086.0;25;28;26;35;161;43;10;33;19
1092.0;22;31;25;35;159;42;13;34;19
1098.0;20;34;23;36;159;41;14;36;17
1104.0;20;32;24;34;160;39;15;38;18
1110.0;20;31;31;32;158;40;14;38;16
1116.0;17;32;28;33;162;42;11;39;16
1122.0;15;28;24;35;164;39;13;40;22
1128.0;14;27;28;35;162;41;10;42;21
1134.0;13;27;27;35;161;40;12;44;21
1140.0;13;29;28;35;162;36;17;42;18
1146.0;11;29;27;36;162;38;16;41;20
1152.0;12;28;25;35;163;40;16;39;22
1158.0;10;30;22;32;164;39;18;40;25
1164.0;9;31;20;34;161;40;20;40;25
1170.0;12;30;20;36;160;39;18;41;24
1176.0;13;32;20;35;160;38;19;36;27
1182.0;12;31;19;37;158;39;22;32;30
1188.0;12;32;20;37;157;41;22;31;28
1194.0;10;33;22;38;158;37;23;30;29
1200.0;9;34;21;39;156;37;26;31;27
1206.0;7;36;18;42;160;37;21;31;28
1212.0;8;36;19;37;160;37;22;31;30
1218.0;10;36;21;36;158;38;19;31;31
1224.0;13;39;20;33;159;37;19;31;29
1230.0;13;41;20;33;156;36;22;30;29
1236.0;13;43;22;31;156;36;24;30;25
1242.0;16;44;22;30;156;34;23;32;23
1248.0;18;40;21;33;155;32;29;29;23
1254.0;22;40;19;32;154;35;28;27;23
1260.0;23;41;18;32;156;31;25;32;22
1266.0;22;43;19;28;156;30;23;36;23
1272.0;24;44;18;27;156;32;20;38;21
1278.0;24;44;17;28;156;33;23;36;19
1284.0;24;47;17;28;155;32;19;38;20
1290.0;23;49;17;25;154;33;24;36;19
1296.0;23;49;16;23;154;34;24;38;19
1302.0;18;52;18;23;153;33;24;38;21
1308.0;19;45;20;23;152;38;25;38;20
1314.0;19;43;23;24;153;37;23;39;19
1320.0;20;41;20;25;157;38;22;37;20
1326.0;20;41;20;25;157;40;21;37;19
1332.0;18;42;24;20;158;42;21;35;20
1338.0;16;40;24;20;161;41;22;34;22
1344.0;15;41;26;21;161;41;24;30;21
1350.0;16;38;20;22;163;43;23;29;26
1356.0;17;35;22;22;163;41;22;30;28
1362.0;16;37;21;24;164;40;20;33;25
1368.0;17;40;23;23;164;39;19;31;24
1374.0;20;40;18;23;163;39;19;33;25
1380.0;22;39;19;21;164;37;20;30;28
1386.0;27;39;17;18;170;36;17;29;27
1392.0;28;41;14;18;168;34;20;29;28
1398.0;26;42;13;17;167;35;21;31;28
1404.0;25;42;11;20;164;35;23;31;29
1410.0;22;35;10;24;165;36;24;34;30
1416.0;23;36;12;20;168;36;21;35;29
1422.0;19;36;13;18;167;35;19;39;34
1428.0;19;35;11;21;166;35;19;40;34
1434.0;18;36;13;24;167;33;18;40;31
1440.0;16;34;15;25;170;29;21;41;29
1446.0;16;36;16;26;169;27;21;40;29
1452.0;18;38;13;25;168;29;23;40;26
1458.0;16;36;12;28;169;31;22;39;27
1464.0;15;35;11;31;169;32;22;39;26
1470.0;16;33;12;27;169;34;22;40;27
1476.0;17;30;12;26;168;35;24;40;28
1482.0;17;29;13;29;170;31;23;41;27
1488.0;17;29;10;30;172;37;21;41;23
1494.0;16;31;10;33;171;33;24;39;23
1500.0;15;31;12;35;171;34;21;38;23
1506.0;16;31;13;33;170;32;21;40;24
1512.0;14;32;15;32;169;30;22;42;24
1518.0;16;33;17;34;168;29;21;41;21
1524.0;17;33;19;34;168;26;17;41;25
1530.0;17;34;18;34;167;27;16;43;24
1536.0;18;37;18;31;170;28;17;40;21
1542.0;18;40;15;30;172;26;18;40;21
1548.0;18;38;17;29;172;29;19;40;18
1554.0;18;35;18;31;173;30;18;39;18
1560.0;19;39;18;30;171;32;17;39;15
1566.0;18;38;16;30;172;31;18;41;16
1572.0;17;34;17;30;171;36;16;43;16
1578.0;15;32;17;32;169;36;14;44;21
1584.0;15;31;18;32;170;35;13;44;22
1590.0;16;31;21;30;174;32;12;43;21
1596.0;16;28;20;28;174;33;12;44;25
1602.0;19;27;20;25;176;32;12;44;25
1608.0;17;26;21;26;175;34;11;43;27
1614.0;19;23;23;26;173;34;12;42;28
1620.0;16;24;20;25;176;37;14;41;27
1626.0;18;23;22;24;173;41;13;40;26
1632.0;16;23;22;25;173;40;14;41;26
1638.0;20;25;21;24;171;41;15;40;23
1644.0;22;26;20;24;175;37;14;40;22
1650.0;20;27;21;22;174;38;15;41;22
1656.0;22;30;20;22;173;39;17;40;17
1662.0;23;28;21;24;174;40;17;39;14
1668.0;21;28;21;28;174;38;15;40;15
1674.0;21;32;18;31;176;37;10;41;14
1680.0;22;33;18;28;173;37;14;41;14
1686.0;21;33;18;26;173;38;17;39;15
1692.0;18;34;18;26;172;38;17;40;17
1698.0;19;32;18;26;174;41;16;39;15
1704.0;18;33;16;26;176;42;15;39;15
1710.0;20;31;16;25;175;38;17;40;18
1716.0;19;32;14;27;174;37;16;41;20
1722.0;21;29;18;26;175;39;13;39;20
1728.0;23;30;20;25;174;36;15;37;20
1734.0;24;32;23;25;173;36;11;36;20
1740.0;27;34;26;24;169;35;12;34;19
1746.0;24;32;27;26;170;34;12;33;22
1752.0;21;34;27;28;171;32;12;33;22
1758.0;19;34;28;28;171;32;13;34;21
1764.0;20;36;27;27;167;33;13;36;21
1770.0;21;36;25;28;165;32;14;37;22
1776.0;24;34;26;30;163;30;15;38;20
1782.0;21;34;23;31;167;32;15;38;19
1788.0;22;35;20;34;164;34;14;40;17
1794.0;21;33;20;34;165;31;15;39;22
