#auto generated file!
12.0;45;39;46;52;40;49;33;41;55
18.0;44;39;46;51;45;50;34;40;51
24.0;44;40;44;52;48;49;35;41;47
30.0;41;45;41;52;50;51;37;40;43
36.0;41;44;40;55;50;53;37;38;42
42.0;42;46;39;54;51;50;40;39;39
48.0;43;45;39;59;49;50;38;39;38
54.0;43;45;38;56;51;49;42;39;37
60.0;42;47;34;53;55;48;42;43;36
66.0;40;47;32;54;58;45;41;43;40
72.0;38;48;28;56;60;47;41;42;40
78.0;32;50;28;56;64;46;39;43;42
84.0;31;48;32;53;70;45;38;41;42
90.0;33;46;37;54;70;43;43;39;35
96.0;32;44;38;54;73;44;39;41;35
102.0;30;41;34;57;75;42;40;40;41
108.0;30;40;31;60;80;47;36;39;37
114.0;27;38;34;57;86;50;35;38;35
120.0;31;41;30;55;89;49;33;39;33
126.0;31;44;32;62;89;44;31;36;31
132.0;30;50;27;58;93;45;30;38;29
138.0;33;50;27;54;93;47;30;39;27
144.0;27;52;26;54;95;50;26;40;30
150.0;25;49;27;53;97;50;28;41;30
156.0;31;47;25;49;97;53;30;41;27
162.0;32;47;27;47;97;54;29;42;25
168.0;37;45;25;44;97;53;28;43;28
174.0;41;44;26;44;101;53;28;39;24
180.0;39;48;26;44;102;52;23;40;26
186.0;42;49;22;44;103;53;23;41;23
192.0;39;50;21;42;104;54;24;42;24
198.0;36;49;24;40;106;52;25;43;25
204.0;34;50;22;43;109;54;24;39;25
210.0;33;51;21;43;113;53;23;40;23
216.0;29;53;20;43;114;55;24;43;19
222.0;28;54;20;43;113;56;25;43;18
228.0;31;50;24;41;117;54;24;42;17
234.0;32;51;23;43;119;49;22;41;20
240.0;31;50;24;43;122;51;21;42;16
246.0;27;46;25;44;125;49;25;43;16
252.0;27;44;27;44;127;48;26;39;18
258.0;28;43;23;43;130;46;28;39;20
264.0;26;41;20;40;131;47;29;40;26
270.0;25;43;18;39;132;47;27;43;26
276.0;29;42;18;39;134;45;26;44;23
282.0;30;40;18;36;137;45;29;43;22
288.0;30;42;18;38;136;44;27;45;20
294.0;31;42;20;36;138;45;24;45;19
300.0;30;41;22;36;138;44;26;45;18
306.0;30;41;19;35;139;47;27;42;20
312.0;30;38;23;37;137;49;27;41;18
318.0;25;39;26;36;139;49;27;42;17
324.0;24;39;22;37;138;54;25;44;17
330.0;23;40;17;38;140;53;21;47;21
336.0;22;38;19;41;140;52;22;48;18
342.0;21;35;20;41;140;50;24;46;23
348.0;23;35;19;40;140;50;24;47;22
354.0;23;35;20;44;139;47;22;44;26
360.0;22;34;22;44;140;46;20;45;27
366.0;21;32;23;43;144;42;25;43;27
372.0;22;33;19;43;144;41;27;41;30
378.0;19;34;21;42;145;39;29;42;29
384.0;20;35;20;41;144;41;28;43;28
390.0;26;36;22;41;146;39;25;40;25
396.0;21;37;24;39;147;40;26;41;25
402.0;22;38;25;35;149;40;27;39;25
408.0;22;38;26;35;150;42;24;41;22
414.0;22;41;27;34;150;43;24;40;19
420.0;26;42;23;37;149;44;21;42;16
426.0;25;42;20;36;151;42;20;43;21
432.0;25;43;17;35;154;41;19;44;22
438.0;23;45;17;34;153;41;20;44;23
444.0;22;47;18;34;153;40;18;44;24
450.0;24;49;18;36;153;37;19;43;21
456.0;23;46;18;32;154;42;20;45;20
462.0;20;47;16;35;155;43;21;46;17
468.0;17;50;14;34;157;40;21;47;20
474.0;17;50;16;34;158;42;18;48;17
480.0;18;51;16;35;157;44;18;42;19
486.0;17;52;15;37;155;46;19;42;17
492.0;20;52;16;34;152;46;20;41;19
498.0;19;54;20;34;150;46;18;42;17
504.0;17;53;19;32;150;48;18;40;23
510.0;16;53;20;31;152;47;19;41;21
516.0;18;53;20;35;148;46;22;36;22
522.0;18;52;21;36;145;47;24;35;22
528.0;18;51;24;33;146;45;24;35;24
534.0;18;51;22;36;146;46;25;34;22
540.0;18;50;25;33;148;46;23;35;22
546.0;20;51;25;34;148;42;20;36;24
552.0;18;50;25;33;147;47;19;36;25
558.0;15;51;26;35;147;47;18;37;24
564.0;16;49;26;35;149;47;16;37;25
570.0;17;49;28;38;147;47;16;35;23
576.0;20;48;25;42;142;48;18;34;23
582.0;19;45;25;43;146;45;19;36;22
588.0;20;42;27;40;145;46;19;37;24
594.0;21;45;28;38;145;45;18;37;23
600.0;20;44;28;38;144;49;19;37;21
606.0;22;45;26;37;144;50;17;37;22
612.0;21;47;27;37;147;47;17;34;23
618.0;23;47;24;38;147;50;18;31;22
624.0;23;49;29;37;147;45;16;33;21
630.0;20;49;30;39;150;42;16;32;22
636.0;17;47;30;40;153;40;17;32;24
642.0;22;49;27;37;150;41;17;35;22
648.0;20;49;25;38;150;42;18;38;20
654.0;20;50;24;39;150;42;18;36;21
660.0;24;48;22;39;151;45;14;34;23
666.0;23;49;21;39;153;41;17;34;23
672.0;18;47;24;39;153;45;16;36;22
678.0;16;44;24;40;157;46;18;36;19
684.0;16;43;22;41;157;47;17;36;21
690.0;16;44;21;42;155;46;17;36;23
696.0;17;42;21;41;155;43;19;37;25
702.0;15;41;21;43;158;42;16;37;27
708.0;15;37;20;48;158;41;19;37;25
714.0;13;40;21;48;161;41;18;39;19
720.0;15;41;24;48;161;36;17;40;18
726.0;14;42;22;48;164;32;18;42;18
732.0;13;42;25;46;165;31;20;39;19
738.0;15;42;25;45;165;28;18;41;21
744.0;14;46;21;46;165;28;18;43;19
750.0;15;45;22;46;164;27;17;44;20
756.0;13;47;20;46;167;29;16;45;17
762.0;13;46;19;44;168;28;14;48;20
768.0;13;43;20;44;168;27;15;49;21
774.0;15;43;20;43;165;28;15;49;22
780.0;14;44;20;44;167;26;17;46;22
786.0;15;43;22;43;167;25;17;45;23
792.0;16;40;21;45;169;23;20;42;24
798.0;14;40;22;44;171;26;20;39;24
804.0;15;39;21;46;169;26;17;43;24
810.0;16;41;21;48;168;28;17;37;24
816.0;21;39;20;48;168;28;18;35;23
822.0;21;39;22;48;167;30;19;35;19
828.0;19;41;24;45;168;31;19;35;18
834.0;17;37;26;44;172;31;20;35;18
840.0;19;34;22;43;171;32;20;39;20
846.0;19;34;20;42;174;33;18;39;21
852.0;19;36;25;40;172;31;20;37;20
858.0;19;37;27;40;170;34;20;36;17
864.0;18;34;25;40;173;36;20;38;16
870.0;18;31;24;41;172;40;20;38;16
876.0;20;31;24;40;174;39;18;39;15
882.0;20;28;26;43;174;38;18;38;15
888.0;15;34;27;44;174;38;18;36;14
894.0;21;31;24;43;176;40;12;35;18
900.0;19;29;19;42;181;41;14;36;19
906.0;22;30;21;40;175;41;14;36;21
912.0;21;30;20;42;179;39;14;35;20
918.0;18;30;19;43;178;40;16;36;20
924.0;22;33;17;44;178;35;17;36;18
930.0;23;33;19;43;180;34;15;36;17
936.0;24;32;18;48;176;33;17;36;16
942.0;22;32;21;46;174;31;17;38;19
948.0;20;31;20;44;174;30;18;40;23
954.0;18;32;22;45;172;32;19;39;21
960.0;20;29;22;45;169;32;21;39;23
966.0;18;27;23;46;169;32;24;38;23
972.0;17;28;24;46;170;32;25;36;22
978.0;17;30;26;43;170;31;24;38;21
984.0;19;28;26;44;173;32;23;37;18
990.0;17;28;26;45;170;37;22;38;17
996.0;17;31;26;44;168;34;23;40;17
1002.0;17;32;25;45;170;31;27;38;15
1008.0;22;34;20;47;167;29;29;39;13
1014.0;27;33;18;45;168;28;28;38;15
1020.0;27;32;13;44;170;27;29;41;17
1026.0;24;33;14;44;167;31;25;41;21
1032.0;22;36;16;48;169;30;22;38;19
1038.0;24;33;16;46;168;30;22;42;19
1044.0;22;32;17;47;167;31;22;42;20
1050.0;19;33;19;45;169;31;22;43;19
1056.0;17;32;21;45;169;35;19;43;19
1062.0;20;35;20;43;165;37;20;42;18
1068.0;20;34;21;44;167;35;21;40;18
1074.0;23;34;20;47;160;37;21;38;20
1080.0;22;34;20;48;159;38;22;39;18
1086.0;22;33;23;49;159;34;22;42;16
1092.0;20;31;28;47;161;32;24;43;14
1098.0;19;31;25;45;164;33;25;44;14
1104.0;21;29;25;46;164;32;22;46;15
1110.0;21;28;25;44;167;32;23;44;16
1116.0;21;26;29;41;166;35;24;44;14
1122.0;23;26;27;40;170;32;21;44;17
1128.0;25;25;26;36;174;31;20;46;17
1134.0;23;24;24;39;178;31;20;43;18
1140.0;23;26;26;38;177;31;21;42;16
1146.0;22;22;24;41;176;33;22;42;18
1152.0;21;24;22;41;174;35;21;43;19
1158.0;21;26;21;39;173;36;20;44;20
1164.0;22;30;18;40;176;35;19;40;20
1170.0;21;30;19;37;176;35;20;42;20
1176.0;21;31;18;39;177;36;17;41;20
1182.0;21;31;19;41;180;35;17;37;19
1188.0;22;31;18;41;181;34;18;37;18
1194.0;21;32;16;43;181;33;19;35;20
1200.0;19;34;17;46;176;35;21;33;19
1206.0;20;31;22;45;175;35;24;32;16
1212.0;20;34;23;43;174;32;25;35;14
1218.0;19;33;23;43;175;32;26;34;15
1224.0;23;28;22;44;177;31;22;36;17
1230.0;27;27;19;45;178;31;21;37;15
1236.0;26;25;20;44;177;34;22;38;14
1242.0;22;25;22;46;175;34;23;38;15
1248.0;17;24;24;48;176;34;23;40;14
1254.0;17;24;24;45;176;36;23;38;17
1260.0;18;24;24;43;177;35;24;38;17
1266.0;19;24;21;45;181;36;21;36;17
1272.0;21;28;19;45;179;37;20;32;19
1278.0;23;27;18;45;178;40;19;32;18
1284.0;25;29;15;44;178;42;14;35;18
1290.0;22;32;15;40;177;42;16;37;19
1296.0;20;32;15;39;177;42;22;36;17
1302.0;23;33;14;37;179;39;21;35;19
1308.0;25;30;17;37;180;40;20;34;17
1314.0;23;32;17;36;184;35;21;32;20
1320.0;26;31;16;37;183;38;21;34;14
1326.0;23;31;19;35;184;36;20;37;15
1332.0;25;33;13;36;188;33;23;37;12
1338.0;23;34;13;36;191;32;20;38;13
1344.0;20;36;15;35;189;35;19;38;13
1350.0;18;36;17;34;189;37;19;36;14
1356.0;16;37;15;34;190;36;18;39;15
1362.0;21;34;13;36;190;34;18;38;16
1368.0;21;36;14;37;189;34;17;35;17
1374.0;14;38;15;40;190;33;18;36;16
1380.0;13;40;14;38;193;30;20;35;17
1386.0;14;41;17;36;190;28;20;38;16
1392.0;14;42;18;36;191;29;19;35;16
1398.0;13;43;21;37;191;28;18;33;16
1404.0;14;41;22;37;190;27;18;34;17
1410.0;13;39;23;37;188;30;18;34;18
1416.0;14;39;20;40;188;27;20;32;20
1422.0;13;41;19;41;189;26;19;32;20
1428.0;14;37;18;42;191;25;16;34;23
1434.0;13;37;18;41;193;24;19;34;21
1440.0;15;34;15;43;193;25;18;36;21
1446.0;13;30;18;42;194;28;19;35;21
1452.0;12;30;20;40;195;28;20;36;19
1458.0;11;31;19;42;198;28;17;37;17
1464.0;12;36;18;40;195;31;17;36;15
1470.0;13;37;18;42;193;29;15;35;18
1476.0;14;35;22;39;194;30;14;37;15
1482.0;15;34;22;39;199;31;10;34;16
1488.0;16;37;20;39;200;29;11;32;16
1494.0;16;35;21;37;202;29;12;34;14
1500.0;14;36;20;37;202;31;15;31;14
1506.0;13;37;22;35;203;30;16;28;16
1512.0;12;35;20;38;204;30;16;29;16
1518.0;12;36;18;36;202;31;18;29;18
1524.0;10;34;18;34;203;33;20;28;20
1530.0;9;35;17;32;205;33;20;30;19
1536.0;14;32;16;35;205;33;18;30;17
1542.0;17;30;16;39;205;33;16;29;15
1548.0;17;32;17;37;205;34;14;29;15
1554.0;17;33;19;31;204;34;13;34;15
1560.0;21;32;15;31;203;34;14;36;14
1566.0;23;31;15;31;201;34;15;37;13
1572.0;28;30;14;30;199;35;14;37;13
1578.0;28;33;14;29;198;35;16;33;14
1584.0;28;34;15;28;196;36;16;33;14
1590.0;28;31;15;29;194;38;17;35;13
1596.0;25;32;15;32;191;39;15;36;15
1602.0;28;30;14;33;191;40;15;36;13
1608.0;29;31;15;34;187;41;15;35;13
1614.0;27;31;17;37;186;43;13;34;12
1620.0;27;31;16;38;185;45;12;33;13
1626.0;24;32;17;37;183;48;13;35;11
1632.0;22;33;18;38;184;45;13;35;12
1638.0;19;34;18;41;183;47;14;33;11
1644.0;20;35;15;39;184;46;16;34;11
1650.0;21;34;14;38;186;48;15;37;7
1656.0;19;33;18;41;186;49;14;32;8
1662.0;16;33;19;41;188;50;14;30;9
1668.0;15;35;18;42;189;44;17;34;6
1674.0;14;32;17;43;188;39;19;39;9
1680.0;14;32;12;44;187;38;22;39;12
1686.0;13;32;13;45;188;38;22;36;13
1692.0;13;33;11;45;188;37;23;37;13
1698.0;14;30;11;45;189;40;22;34;15
1704.0;11;33;12;42;194;40;21;33;14
1710.0;9;33;13;42;195;40;18;34;16
1716.0;10;34;13;42;195;40;16;33;17
1722.0;9;31;18;43;192;42;18;28;19
1728.0;9;32;14;41;194;41;19;30;20
1734.0;11;34;15;39;194;42;19;32;14
1740.0;10;36;14;39;195;44;20;31;11
1746.0;11;35;13;38;197;43;20;32;11
1752.0;10;33;11;38;196;44;22;32;14
1758.0;11;34;11;38;196;41;24;32;13
1764.0;10;34;10;41;198;41;20;31;15
1770.0;9;33;13;41;194;42;18;33;17
1776.0;10;33;14;38;193;42;19;32;19
1782.0;12;33;15;38;195;41;17;31;18
1788.0;14;35;15;34;198;41;17;30;16
1794.0;15;35;14;37;196;41;19;28;15
