#auto generated file!
12.0;15;15;10;11;9;18;19;10;13
18.0;13;16;9;13;9;18;16;12;14
24.0;13;18;10;15;9;18;14;11;12
30.0;15;18;9;16;9;17;14;11;11
36.0;15;19;8;16;10;17;13;11;11
42.0;14;19;8;18;11;17;12;10;11
48.0;13;19;7;18;11;18;13;9;12
54.0;13;20;7;19;11;19;12;9;10
60.0;12;19;7;18;12;21;13;7;11
66.0;12;18;9;16;14;23;12;8;8
72.0;12;16;8;17;15;24;12;10;6
78.0;12;16;7;17;16;23;13;10;6
84.0;12;15;5;17;15;22;15;12;7
90.0;13;13;4;17;16;21;16;14;6
96.0;14;12;5;16;16;19;16;14;8
102.0;14;11;6;15;16;21;16;14;7
108.0;12;10;7;15;16;22;14;15;9
114.0;11;8;10;16;17;19;14;15;10
120.0;12;8;9;15;17;19;13;16;11
126.0;12;7;9;14;19;18;13;17;11
132.0;11;6;9;15;19;19;12;19;10
138.0;9;7;8;14;20;20;13;19;10
144.0;8;7;8;14;20;19;13;21;10
150.0;9;8;9;14;20;21;12;20;7
156.0;8;8;8;14;20;22;13;20;7
162.0;9;7;9;12;22;22;12;19;8
168.0;10;6;7;10;22;22;14;19;10
174.0;8;6;8;10;22;23;15;18;10
180.0;8;7;7;13;22;23;13;17;10
186.0;8;9;9;12;23;24;11;15;9
192.0;7;10;9;10;24;24;10;16;10
198.0;6;12;9;10;22;22;12;16;11
204.0;4;12;9;11;23;21;11;16;13
210.0;4;12;9;10;24;21;13;14;13
216.0;3;14;9;10;24;21;13;14;12
222.0;3;14;9;11;24;21;12;13;13
228.0;4;14;7;14;24;22;8;15;12
234.0;4;16;8;13;24;20;7;16;12
240.0;6;14;7;14;24;19;7;18;11
246.0;6;12;7;15;25;19;7;19;10
252.0;8;12;7;15;25;20;7;17;9
258.0;8;11;7;17;23;20;6;17;11
264.0;10;11;7;17;23;20;6;17;9
270.0;10;11;7;16;23;18;6;18;11
276.0;8;12;6;17;25;17;7;18;10
282.0;8;13;5;16;26;18;6;19;9
288.0;8;13;5;16;26;16;6;21;9
294.0;7;11;5;16;26;18;7;22;8
300.0;7;11;6;16;27;17;4;23;9
306.0;7;12;6;18;27;15;5;23;7
312.0;6;13;6;18;27;14;5;23;8
318.0;5;17;6;17;28;13;5;22;7
324.0;5;17;6;17;28;10;7;22;8
330.0;4;17;6;18;29;9;8;21;8
336.0;5;16;8;18;29;8;8;20;8
342.0;5;16;5;20;28;8;8;20;10
348.0;4;16;5;19;29;8;9;20;10
354.0;4;13;6;19;30;8;10;20;10
360.0;5;11;9;18;32;9;12;16;8
366.0;5;11;9;18;32;11;11;14;9
372.0;4;10;8;18;37;11;12;12;8
378.0;3;11;9;18;37;13;11;11;7
384.0;4;10;11;18;37;14;8;10;8
390.0;6;9;13;19;36;14;6;10;7
396.0;5;10;13;19;38;14;6;9;6
402.0;5;11;12;17;39;15;5;10;6
408.0;4;11;13;16;39;15;6;10;6
414.0;6;11;11;17;37;16;5;11;6
420.0;5;9;11;17;38;16;5;13;6
426.0;5;11;11;16;38;17;3;12;7
432.0;6;9;12;15;38;16;6;12;6
438.0;9;11;9;14;38;17;6;11;5
444.0;9;11;9;13;38;18;6;11;5
450.0;8;10;9;12;38;19;6;11;7
456.0;9;9;11;12;38;17;5;12;7
462.0;11;9;10;11;37;17;5;12;8
468.0;10;10;8;11;38;18;4;13;8
474.0;10;11;6;11;39;17;5;13;8
480.0;10;12;6;11;39;16;5;14;7
486.0;10;11;6;9;39;16;7;15;7
492.0;9;11;8;10;39;14;7;14;8
498.0;10;12;6;11;39;13;7;14;8
504.0;9;11;4;10;42;15;7;14;8
510.0;8;12;4;12;41;13;6;14;10
516.0;6;12;5;13;40;13;8;15;8
522.0;6;11;6;12;40;11;9;17;8
528.0;5;11;6;11;42;11;8;18;8
534.0;5;13;7;9;40;11;9;18;8
540.0;5;14;7;11;39;11;9;18;6
546.0;5;17;7;11;39;9;8;19;5
552.0;6;18;6;12;40;9;8;17;4
558.0;5;21;4;12;39;10;8;17;4
564.0;4;19;3;13;39;11;11;17;3
570.0;5;19;3;13;39;10;10;18;3
576.0;6;17;3;12;37;11;11;19;4
582.0;6;19;4;11;37;11;10;17;5
588.0;7;19;3;12;37;11;9;16;6
594.0;6;18;4;12;38;11;10;15;6
600.0;7;16;4;12;38;11;11;14;7
606.0;7;14;5;12;38;11;10;14;9
612.0;8;14;4;11;38;12;10;14;9
618.0;7;14;3;11;38;12;10;15;10
624.0;7;14;4;11;39;11;10;15;9
630.0;6;13;5;11;40;12;11;14;8
636.0;5;12;5;12;41;11;10;15;9
642.0;5;11;5;12;41;11;11;16;8
648.0;5;12;5;12;40;12;11;14;9
654.0;4;13;5;11;39;13;13;13;9
660.0;3;12;6;12;38;13;13;13;10
666.0;2;13;7;12;39;12;13;12;10
672.0;2;13;8;11;41;11;12;13;9
678.0;2;15;7;11;42;10;11;12;10
684.0;3;12;10;9;44;11;12;11;8
690.0;3;12;10;9;44;10;12;12;8
696.0;5;12;8;9;43;9;13;13;8
702.0;5;11;7;9;43;10;12;16;7
708.0;7;11;5;10;44;10;11;15;7
714.0;8;9;7;10;44;10;11;14;7
720.0;9;10;7;10;44;9;11;13;7
726.0;8;11;7;10;44;9;10;13;8
732.0;6;12;8;10;45;8;10;13;8
738.0;7;12;8;10;46;9;8;13;7
744.0;7;11;9;9;48;11;6;12;7
750.0;6;12;8;9;48;10;8;12;7
756.0;6;12;8;9;48;10;7;13;7
762.0;6;12;6;10;48;12;6;13;7
768.0;6;13;5;11;48;10;8;14;5
774.0;6;13;6;12;46;10;8;13;6
780.0;7;12;6;12;46;10;8;13;6
786.0;7;13;6;12;45;10;8;13;6
792.0;7;13;5;11;45;11;8;14;6
798.0;9;12;7;9;47;11;5;14;6
804.0;8;12;9;9;49;12;4;14;3
810.0;6;11;9;10;51;11;4;15;3
816.0;5;11;10;10;51;11;3;15;4
822.0;4;12;10;9;51;11;3;15;5
828.0;4;11;10;8;51;10;6;16;4
834.0;4;13;10;8;51;10;6;14;4
840.0;4;12;9;10;52;8;6;14;5
846.0;4;13;9;8;52;8;7;14;5
852.0;4;12;10;9;52;8;7;13;5
858.0;4;13;10;12;53;5;6;12;5
864.0;5;13;8;16;53;4;4;12;5
870.0;6;13;8;16;53;3;4;10;7
876.0;5;12;9;16;53;3;4;10;8
882.0;4;11;9;18;53;3;4;10;8
888.0;3;12;6;18;54;2;6;13;6
894.0;2;13;7;18;54;3;6;12;5
900.0;4;14;7;17;57;2;4;12;3
906.0;3;13;8;15;56;2;7;12;4
912.0;5;15;7;15;55;2;3;13;5
918.0;6;14;5;16;55;3;4;13;4
924.0;5;15;4;16;54;3;4;15;4
930.0;4;15;5;16;54;4;3;14;5
936.0;4;15;5;16;54;4;3;13;6
942.0;4;14;6;17;54;4;3;13;5
948.0;5;15;8;17;54;3;4;10;4
954.0;5;15;8;18;55;3;4;8;4
960.0;5;14;8;18;55;4;4;7;5
966.0;4;14;9;18;55;4;3;8;5
972.0;4;13;9;18;55;4;4;8;5
978.0;3;14;9;18;55;4;3;10;4
984.0;4;14;7;18;55;5;4;9;4
990.0;6;12;7;18;54;4;4;10;5
996.0;6;10;7;18;55;4;4;11;5
1002.0;7;10;4;16;57;3;6;10;7
1008.0;7;11;4;15;56;5;5;10;7
1014.0;7;10;5;14;57;5;4;11;7
1020.0;6;10;5;15;56;4;6;13;5
1026.0;6;10;6;12;57;5;7;13;4
1032.0;6;9;7;12;56;5;7;14;4
1038.0;6;10;6;11;57;6;6;15;3
1044.0;6;10;4;11;57;7;6;16;3
1050.0;7;10;4;10;57;7;6;15;4
1056.0;8;9;4;12;57;7;4;15;4
1062.0;7;9;3;13;57;7;3;17;4
1068.0;7;8;4;15;55;7;3;17;4
1074.0;6;11;3;14;56;8;3;16;3
1080.0;7;11;2;14;55;8;4;16;3
1086.0;5;12;2;14;55;8;4;17;3
1092.0;5;12;3;15;53;8;4;17;3
1098.0;5;12;4;15;53;8;4;16;3
1104.0;5;13;4;15;53;8;4;15;3
1110.0;5;13;5;14;52;8;4;16;3
1116.0;5;12;4;14;51;9;5;17;3
1122.0;5;12;4;13;51;9;7;17;2
1128.0;3;12;3;12;55;9;6;18;2
1134.0;5;10;2;12;56;9;6;18;2
1140.0;6;11;2;11;55;10;7;17;1
1146.0;5;9;3;10;54;12;8;16;3
1152.0;5;9;3;10;54;12;9;15;3
1158.0;5;9;3;11;54;12;9;13;4
1164.0;4;9;3;12;54;11;10;13;4
1170.0;4;10;3;13;53;11;8;12;6
1176.0;3;10;4;13;53;11;10;11;5
1182.0;2;10;4;13;53;13;8;10;7
1188.0;2;9;4;13;52;14;7;11;8
1194.0;2;9;5;12;53;12;8;11;8
1200.0;2;10;5;12;52;10;9;11;9
1206.0;2;10;4;13;53;10;8;11;9
1212.0;2;7;3;13;54;11;10;12;8
1218.0;1;7;3;13;53;11;11;13;8
1224.0;3;7;4;13;54;10;9;14;6
1230.0;3;6;7;13;54;10;6;14;7
1236.0;4;7;7;13;54;10;5;14;6
1242.0;4;8;6;13;55;12;4;12;6
1248.0;4;7;7;12;55;13;4;11;7
1254.0;4;8;7;12;54;13;3;11;8
1260.0;4;8;7;11;55;14;2;11;8
1266.0;5;9;8;10;54;14;3;10;7
1272.0;4;11;7;9;54;14;4;9;8
1278.0;5;10;9;9;54;12;3;9;9
1284.0;5;8;10;10;54;10;3;10;10
1290.0;6;7;9;12;52;8;5;12;9
1296.0;6;7;7;14;53;8;5;12;8
1302.0;5;8;7;15;53;8;5;13;6
1308.0;5;9;5;15;53;8;5;14;6
1314.0;5;10;5;15;53;7;5;14;6
1320.0;5;10;5;15;54;7;6;13;5
1326.0;5;10;4;14;56;8;6;13;4
1332.0;6;10;4;15;55;8;5;12;5
1338.0;7;9;4;15;55;7;6;12;5
1344.0;6;8;4;14;54;7;7;13;7
1350.0;7;9;4;13;55;8;4;13;7
1356.0;7;10;2;16;54;8;3;12;8
1362.0;9;12;2;14;51;8;5;11;8
1368.0;7;11;4;15;51;7;5;11;9
1374.0;7;11;3;16;50;7;6;10;10
1380.0;6;10;3;17;50;6;8;10;10
1386.0;5;11;4;16;50;5;8;10;11
1392.0;5;11;4;16;52;5;8;9;10
1398.0;3;11;5;16;53;6;6;9;11
1404.0;3;11;6;16;53;6;6;10;9
1410.0;3;10;7;16;52;5;6;12;9
1416.0;3;9;8;16;52;5;6;12;9
1422.0;3;9;8;17;52;6;5;12;8
1428.0;3;8;10;15;52;6;4;13;9
1434.0;4;9;10;15;52;8;3;10;9
1440.0;3;9;10;14;52;9;3;11;9
1446.0;6;9;9;14;52;6;3;11;10
1452.0;7;10;8;13;51;6;3;10;12
1458.0;7;9;8;13;50;6;4;10;13
1464.0;7;8;8;13;50;7;4;9;14
1470.0;7;8;8;14;49;7;5;8;14
1476.0;7;9;7;13;49;8;5;9;13
1482.0;7;8;6;10;50;10;5;10;14
1488.0;6;10;5;11;51;11;5;9;12
1494.0;6;10;8;11;51;9;5;10;10
1500.0;5;11;6;11;51;9;5;11;11
1506.0;4;11;5;11;50;11;5;12;11
1512.0;3;11;4;10;51;12;5;12;12
1518.0;3;11;3;9;51;13;6;12;12
1524.0;4;12;2;9;50;15;6;12;10
1530.0;5;12;2;9;50;14;6;12;10
1536.0;5;13;3;9;48;15;5;12;10
1542.0;5;13;3;9;48;15;6;12;9
1548.0;5;12;3;9;49;15;4;12;11
1554.0;4;13;4;10;49;15;6;10;9
1560.0;4;13;4;9;47;16;7;11;9
1566.0;4;13;5;9;47;16;7;9;10
1572.0;4;13;5;8;48;15;7;10;10
1578.0;4;13;6;7;48;16;7;10;9
1584.0;5;13;6;7;49;15;6;10;9
1590.0;4;12;5;8;50;15;6;11;9
1596.0;3;14;7;9;51;14;6;9;7
1602.0;3;14;7;9;51;14;6;9;7
1608.0;3;12;8;9;51;15;6;9;7
1614.0;3;12;9;9;50;15;6;9;7
1620.0;3;12;8;11;49;15;6;9;7
1626.0;3;14;9;11;49;15;5;8;6
1632.0;3;12;11;10;47;17;6;8;6
1638.0;4;14;10;11;46;17;6;7;5
1644.0;6;13;9;10;48;15;7;7;5
1650.0;6;13;9;10;49;15;7;7;4
1656.0;8;13;9;9;49;14;7;6;5
1662.0;8;15;8;10;48;14;6;6;5
1668.0;7;15;7;10;49;14;6;6;6
1674.0;7;16;6;9;50;14;6;6;6
1680.0;6;17;5;10;51;15;4;6;6
1686.0;6;18;4;10;51;14;5;6;6
1692.0;7;18;3;10;51;12;5;7;7
1698.0;8;17;3;9;51;14;3;8;7
1704.0;8;17;3;9;52;14;4;7;6
1710.0;8;17;3;9;52;13;4;7;7
1716.0;8;17;3;9;52;13;4;7;7
1722.0;8;17;3;10;50;13;6;7;6
1728.0;9;16;3;11;49;13;5;6;8
1734.0;8;18;3;11;49;12;5;7;7
1740.0;7;15;3;11;49;13;6;8;8
1746.0;7;15;3;11;49;13;6;8;8
1752.0;5;16;4;12;49;12;7;7;8
1758.0;5;16;5;11;49;12;8;7;7
1764.0;5;16;4;10;49;14;8;7;7
1770.0;5;16;4;11;48;13;8;8;7
1776.0;4;18;4;10;47;14;7;9;7
1782.0;3;18;3;11;47;14;8;8;8
1788.0;2;18;3;10;46;16;7;8;10
1794.0;2;19;3;10;46;16;6;8;10
