#auto generated file!
12.0;18;22;42;22;25;31;28;19;23
18.0;18;20;40;25;26;31;26;21;23
24.0;18;22;38;26;26;30;25;23;22
30.0;17;22;32;28;28;31;23;24;25
36.0;18;24;29;31;27;32;22;23;24
42.0;17;23;28;29;29;33;26;21;24
48.0;14;24;29;29;30;34;24;23;23
54.0;15;25;28;28;32;35;22;23;22
60.0;14;24;28;29;33;36;18;22;26
66.0;15;24;26;30;35;34;16;24;26
72.0;13;24;25;31;37;34;18;25;23
78.0;12;23;23;30;38;35;21;27;21
84.0;11;23;24;30;39;33;20;27;23
90.0;12;24;20;31;39;35;21;26;22
96.0;14;24;19;32;41;35;19;25;21
102.0;14;23;19;30;42;38;19;24;21
108.0;14;24;20;31;45;36;15;23;22
114.0;16;27;21;31;46;34;11;21;23
120.0;18;28;22;31;48;31;11;20;21
126.0;17;28;21;32;49;31;9;21;22
132.0;20;29;22;33;51;30;9;18;18
138.0;22;28;20;34;51;28;11;17;19
144.0;17;33;21;32;52;26;12;21;16
150.0;11;34;20;35;53;26;14;23;14
156.0;14;34;21;33;53;27;13;22;13
162.0;13;32;19;33;58;25;15;22;13
168.0;15;30;17;31;59;25;13;26;14
174.0;14;34;17;27;62;22;13;27;14
180.0;15;34;17;29;61;22;13;27;12
186.0;12;34;19;27;61;21;11;32;13
192.0;16;32;17;27;63;21;11;30;13
198.0;15;31;22;27;63;21;8;29;14
204.0;11;33;23;30;63;22;8;28;12
210.0;10;32;17;32;65;24;10;28;12
216.0;9;34;16;30;66;25;9;29;12
222.0;6;35;13;30;68;24;9;31;14
228.0;8;32;13;28;71;24;9;30;15
234.0;10;29;14;27;70;21;13;31;15
240.0;10;31;13;30;69;19;13;31;14
246.0;10;33;12;29;70;18;11;32;15
252.0;10;35;11;29;72;18;9;33;13
258.0;9;36;10;27;74;17;10;33;14
264.0;8;35;9;28;76;18;10;33;13
270.0;9;33;9;29;76;19;11;33;11
276.0;10;34;10;28;77;18;12;32;9
282.0;11;35;11;26;79;17;13;30;8
288.0;8;34;14;28;79;17;12;30;8
294.0;7;34;15;28;78;16;14;30;8
300.0;6;34;15;27;78;16;16;30;8
306.0;6;30;14;30;78;16;17;31;8
312.0;6;29;16;29;78;16;17;30;9
318.0;7;29;19;29;76;16;17;29;8
324.0;8;30;18;27;76;19;16;27;9
330.0;9;32;17;27;76;18;14;28;9
336.0;11;33;17;26;76;18;14;26;9
342.0;14;35;16;24;75;18;12;27;9
348.0;17;35;14;22;75;19;14;26;8
354.0;17;32;14;22;75;22;13;27;8
360.0;16;31;16;22;77;25;11;26;6
366.0;16;32;17;22;78;24;11;23;7
372.0;16;33;15;24;79;23;10;23;7
378.0;17;33;11;27;77;20;10;21;14
384.0;17;32;11;27;76;19;13;22;13
390.0;17;32;13;27;76;18;14;22;11
396.0;16;32;13;26;78;17;14;23;11
402.0;16;31;14;23;79;16;14;24;13
408.0;15;30;15;21;77;17;17;24;14
414.0;15;32;13;19;78;19;16;23;15
420.0;15;30;16;21;80;16;16;24;12
426.0;19;31;16;21;80;15;14;22;12
432.0;21;32;13;23;78;16;12;24;11
438.0;20;32;13;22;80;17;12;24;10
444.0;21;34;11;23;81;15;12;22;11
450.0;20;34;11;24;80;18;11;22;10
456.0;19;34;12;24;78;21;10;22;10
462.0;19;32;12;24;78;20;11;22;12
468.0;19;34;11;24;81;20;9;20;12
474.0;21;33;8;26;81;20;10;20;11
480.0;20;35;7;26;80;21;10;19;12
486.0;21;32;8;25;80;24;9;21;10
492.0;20;31;12;23;82;23;9;22;8
498.0;19;28;12;24;84;22;11;23;7
504.0;19;28;13;24;85;23;8;23;7
510.0;19;27;13;25;87;23;9;21;6
516.0;18;24;13;26;87;23;11;21;7
522.0;19;24;16;25;87;21;10;21;7
528.0;19;24;17;25;86;22;10;21;6
534.0;20;23;16;24;88;21;11;22;5
540.0;20;25;15;24;90;22;9;20;5
546.0;22;24;13;24;89;20;10;20;8
552.0;20;24;15;23;87;22;8;22;9
558.0;18;25;14;24;86;24;10;19;10
564.0;20;27;15;24;85;25;8;17;9
570.0;19;27;14;24;85;26;10;16;9
576.0;16;27;16;25;83;24;11;19;9
582.0;16;25;15;25;85;24;12;14;14
588.0;14;26;14;24;87;23;12;16;14
594.0;14;27;12;24;88;23;11;16;15
600.0;14;27;13;24;87;23;12;16;14
606.0;11;27;15;23;89;22;13;17;13
612.0;10;27;12;23;89;24;12;17;16
618.0;9;28;11;23;87;28;12;18;14
624.0;11;27;11;25;87;28;12;17;12
630.0;9;29;12;26;86;27;13;17;11
636.0;7;29;10;24;88;27;14;20;11
642.0;7;26;13;24;89;27;15;18;11
648.0;7;28;12;24;89;28;13;19;10
654.0;9;27;13;24;87;27;13;20;10
660.0;7;29;12;25;87;27;11;22;10
666.0;6;30;11;24;88;28;11;21;11
672.0;6;31;9;25;85;29;11;23;11
678.0;8;32;9;25;85;29;10;23;9
684.0;6;32;11;26;86;29;8;22;10
690.0;7;32;13;26;85;28;6;22;11
696.0;7;29;16;28;85;24;5;24;12
702.0;6;31;15;27;85;23;6;24;13
708.0;9;29;14;29;84;23;4;27;11
714.0;9;30;16;28;86;23;3;24;11
720.0;8;28;17;27;88;24;5;23;10
726.0;9;29;16;26;88;24;4;24;10
732.0;9;29;17;26;87;22;4;24;12
738.0;10;28;15;28;84;22;4;25;14
744.0;11;29;13;26;85;22;4;26;14
750.0;11;29;13;24;85;22;4;24;18
756.0;9;28;13;23;88;21;7;22;19
762.0;9;28;13;21;89;24;7;21;18
768.0;10;30;12;19;90;26;6;19;18
774.0;11;31;9;18;89;26;8;21;17
780.0;13;29;8;19;89;26;10;21;15
786.0;13;28;9;21;89;27;7;22;14
792.0;12;27;7;20;91;31;7;23;12
798.0;10;27;9;21;91;31;6;23;12
804.0;12;27;10;21;91;27;7;23;12
810.0;11;25;11;21;91;27;8;25;11
816.0;10;28;11;21;91;25;7;27;10
822.0;9;29;10;21;93;23;7;29;9
828.0;12;30;9;20;91;22;8;29;9
834.0;12;30;9;20;90;21;9;29;10
840.0;12;30;9;20;90;22;8;29;10
846.0;10;29;10;20;90;24;8;30;9
852.0;13;30;10;19;89;25;8;28;8
858.0;15;28;12;18;88;24;11;27;7
864.0;14;30;9;19;87;24;11;29;7
870.0;14;31;7;19;86;25;11;28;9
876.0;13;30;8;20;86;25;11;27;10
882.0;15;27;9;20;85;24;12;28;10
888.0;16;25;10;20;84;24;12;26;13
894.0;15;24;11;19;88;22;12;27;12
900.0;13;25;11;20;89;21;14;26;11
906.0;15;24;11;21;89;21;13;24;12
912.0;16;24;11;20;92;20;15;22;10
918.0;15;25;10;21;93;21;14;22;9
924.0;11;26;12;21;93;19;12;26;10
930.0;11;26;11;21;94;23;12;25;7
936.0;12;25;12;18;93;22;13;27;8
942.0;12;27;13;18;90;22;9;29;10
948.0;14;27;13;18;89;20;8;30;11
954.0;13;26;12;18;92;20;7;31;11
960.0;14;25;15;16;93;18;6;31;12
966.0;15;24;17;17;91;17;5;31;13
972.0;19;22;16;16;91;18;6;30;12
978.0;18;22;16;16;94;15;7;30;12
984.0;15;25;15;15;93;17;7;28;15
990.0;15;25;13;18;92;17;6;29;15
996.0;10;27;11;20;93;18;6;30;15
1002.0;12;26;11;21;93;17;5;30;15
1008.0;12;27;11;20;93;17;7;30;13
1014.0;12;28;13;19;94;16;6;28;14
1020.0;10;27;13;19;94;17;8;28;14
1026.0;10;28;13;20;92;17;8;29;13
1032.0;10;27;12;17;92;21;9;30;12
1038.0;10;28;11;18;92;19;10;30;12
1044.0;12;27;10;19;91;19;10;30;12
1050.0;10;28;10;19;92;20;11;28;12
1056.0;9;28;9;19;95;18;11;28;13
1062.0;9;28;9;21;94;18;11;27;13
1068.0;10;28;8;18;95;21;12;24;14
1074.0;11;30;7;19;93;23;10;24;13
1080.0;11;29;7;18;94;23;10;25;13
1086.0;12;28;7;18;94;22;11;26;12
1092.0;12;29;9;19;90;23;9;25;14
1098.0;14;29;8;21;89;22;9;23;15
1104.0;14;27;9;21;90;23;10;23;13
1110.0;17;25;11;20;89;23;9;22;14
1116.0;19;23;10;20;90;24;9;22;13
1122.0;18;24;12;19;90;25;8;22;12
1128.0;17;24;13;20;89;23;9;23;12
1134.0;15;24;15;20;90;22;10;23;11
1140.0;14;25;16;18;92;19;9;26;11
1146.0;13;22;16;17;92;21;11;26;12
1152.0;14;23;13;17;92;20;12;24;15
1158.0;14;21;10;18;92;20;11;27;17
1164.0;13;18;11;19;91;22;13;26;17
1170.0;13;19;10;19;91;22;14;26;16
1176.0;14;19;10;21;90;21;15;24;16
1182.0;11;19;12;20;92;20;15;23;18
1188.0;9;20;13;19;91;20;14;24;20
1194.0;10;19;11;20;93;22;14;23;18
1200.0;9;19;12;21;92;23;12;24;18
1206.0;9;20;13;21;90;23;15;22;17
1212.0;10;19;14;19;90;23;13;23;19
1218.0;11;20;13;22;90;22;10;23;19
1224.0;11;22;12;22;91;22;10;23;17
1230.0;10;23;11;21;92;23;10;23;17
1236.0;9;27;10;21;92;23;9;22;17
1242.0;11;26;8;20;93;25;11;21;15
1248.0;10;27;7;19;96;24;9;24;14
1254.0;10;28;8;20;96;22;8;24;14
1260.0;10;26;8;20;96;23;8;24;15
1266.0;10;25;9;20;96;23;8;23;16
1272.0;9;23;9;21;96;21;12;25;14
1278.0;9;24;10;21;96;20;12;23;15
1284.0;11;23;9;20;96;20;14;22;15
1290.0;9;26;10;21;95;18;14;23;14
1296.0;13;25;11;19;93;18;14;22;15
1302.0;12;26;10;20;94;18;14;22;14
1308.0;13;26;8;22;93;19;13;22;14
1314.0;15;26;7;24;95;17;11;22;13
1320.0;11;25;6;28;97;18;10;23;12
1326.0;8;22;5;29;100;18;11;23;14
1332.0;7;23;8;29;102;16;12;24;9
1338.0;7;23;8;30;100;18;14;22;8
1344.0;9;22;8;30;100;20;13;21;7
1350.0;7;22;9;30;101;18;12;22;9
1356.0;8;21;12;29;103;16;11;22;8
1362.0;6;18;13;31;106;17;10;20;9
1368.0;9;16;12;30;106;18;10;20;9
1374.0;7;16;13;28;105;20;11;22;8
1380.0;8;16;12;26;102;24;12;21;9
1386.0;8;15;12;24;100;25;11;24;11
1392.0;8;17;13;22;100;24;10;26;10
1398.0;7;17;14;23;101;24;9;25;10
1404.0;7;15;14;23;102;26;11;23;9
1410.0;7;14;15;22;103;24;12;23;10
1416.0;8;14;15;22;103;23;13;23;9
1422.0;8;15;15;21;101;25;13;24;8
1428.0;8;15;16;21;101;27;11;24;7
1434.0;9;16;15;21;99;27;12;22;9
1440.0;8;19;15;20;99;27;12;22;8
1446.0;10;18;18;20;97;27;12;18;10
1452.0;12;17;17;21;98;26;10;22;7
1458.0;13;16;16;24;96;27;10;20;8
1464.0;11;14;16;22;96;31;12;21;7
1470.0;11;14;16;19;96;34;13;20;7
1476.0;10;16;15;20;94;34;13;21;7
1482.0;12;18;16;18;94;32;13;22;5
1488.0;11;17;16;18;98;31;9;24;6
1494.0;12;18;13;19;99;29;9;25;6
1500.0;10;20;12;19;99;29;12;24;5
1506.0;11;19;11;22;99;28;12;24;4
1512.0;10;19;8;23;98;27;14;26;5
1518.0;9;20;10;23;98;26;13;25;6
1524.0;6;21;11;24;99;26;10;25;8
1530.0;8;22;9;26;97;28;8;24;8
1536.0;9;19;10;28;97;26;7;25;9
1542.0;9;19;10;28;96;26;8;24;10
1548.0;9;21;9;26;94;27;12;24;8
1554.0;8;22;9;27;94;26;12;23;9
1560.0;9;22;9;27;94;26;11;23;9
1566.0;7;22;9;28;95;26;11;24;8
1572.0;9;26;6;26;92;26;13;23;9
1578.0;8;26;6;26;93;25;14;23;9
1584.0;9;27;8;26;91;24;13;24;8
1590.0;7;27;8;27;94;23;12;24;8
1596.0;7;29;9;26;94;23;12;20;10
1602.0;8;27;7;27;94;23;12;20;12
1608.0;8;28;8;29;93;22;10;20;12
1614.0;7;29;8;29;92;23;9;19;14
1620.0;8;29;9;30;89;22;11;18;14
1626.0;7;28;9;29;90;23;11;20;13
1632.0;8;28;9;29;89;23;8;22;14
1638.0;10;26;9;28;90;24;9;20;14
1644.0;10;26;9;29;91;25;7;18;15
1650.0;9;25;10;32;91;24;6;18;15
1656.0;9;23;9;30;91;25;9;18;16
1662.0;10;23;9;30;91;24;9;17;17
1668.0;9;23;9;27;94;25;8;18;17
1674.0;10;24;8;25;93;23;8;18;21
1680.0;10;25;5;23;94;25;10;18;20
1686.0;11;24;5;23;98;26;9;18;16
1692.0;12;24;6;23;98;25;10;18;14
1698.0;10;24;6;24;97;23;12;20;14
1704.0;10;23;8;24;94;21;13;19;18
1710.0;10;24;8;25;93;21;12;19;18
1716.0;10;25;8;28;95;18;12;17;17
1722.0;9;26;8;27;96;19;12;17;16
1728.0;11;25;8;26;97;20;11;16;16
1734.0;11;25;9;24;99;21;12;14;15
1740.0;14;24;9;24;98;22;10;14;15
1746.0;13;26;8;23;95;24;12;14;15
1752.0;12;25;9;21;95;25;11;16;16
1758.0;12;25;9;22;96;24;13;16;13
1764.0;11;24;9;22;96;25;12;16;15
1770.0;12;24;10;22;96;24;11;16;15
1776.0;11;25;6;23;97;25;10;17;16
1782.0;10;24;9;24;97;24;9;17;16
1788.0;8;26;8;23;99;22;11;18;15
1794.0;8;27;6;22;101;21;15;18;12
