#auto generated file!
12.0;15;19;17;17;19;19;21;18;15
18.0;14;20;17;17;20;18;18;19;17
24.0;14;20;18;21;20;18;14;19;16
30.0;15;22;15;21;21;19;12;17;18
36.0;13;21;13;22;23;19;13;18;18
42.0;14;21;11;21;24;20;15;18;16
48.0;14;20;10;23;25;19;15;19;15
54.0;13;20;10;22;26;18;14;24;13
60.0;13;21;9;21;27;18;14;24;13
66.0;11;20;9;22;28;17;14;26;13
72.0;10;21;9;22;28;17;14;25;14
78.0;14;21;6;21;28;18;13;27;12
84.0;13;21;9;21;26;17;13;27;13
90.0;11;23;8;20;27;17;14;29;11
96.0;11;23;8;20;27;17;15;29;10
102.0;11;23;10;20;28;15;14;28;11
108.0;10;22;8;21;29;16;14;27;13
114.0;8;21;9;19;31;15;15;28;14
120.0;9;20;8;17;33;16;13;29;15
126.0;8;18;6;19;34;17;13;27;18
132.0;7;18;7;19;35;17;12;27;18
138.0;6;17;8;18;36;17;12;29;17
144.0;6;17;7;19;36;15;13;29;18
150.0;6;17;8;18;37;16;13;28;17
156.0;7;16;10;17;38;15;12;27;18
162.0;7;16;13;13;39;17;12;25;18
168.0;6;16;13;14;39;18;13;25;16
174.0;6;17;11;16;39;17;13;25;16
180.0;8;16;13;16;40;15;8;28;16
186.0;10;15;14;15;42;14;6;29;15
192.0;9;14;11;17;42;18;7;27;15
198.0;7;13;12;20;45;17;6;27;13
204.0;8;15;14;18;45;17;6;25;12
210.0;8;14;11;18;47;17;9;25;11
216.0;8;16;9;16;50;15;8;26;12
222.0;10;16;8;14;51;17;8;24;12
228.0;10;16;9;16;50;17;9;22;11
234.0;10;16;12;16;47;16;8;23;12
240.0;9;17;10;16;48;17;8;24;11
246.0;9;16;11;16;48;17;9;23;11
252.0;9;15;12;17;49;17;9;22;10
258.0;8;15;10;17;50;18;10;21;11
264.0;10;13;8;16;52;21;8;19;13
270.0;9;14;8;15;51;21;10;20;12
276.0;8;13;9;15;51;21;12;21;10
282.0;8;13;10;14;54;21;13;21;6
288.0;9;13;10;13;54;21;12;22;6
294.0;10;12;8;14;56;19;11;22;8
300.0;10;13;8;15;56;20;10;20;8
306.0;12;14;9;14;54;18;9;22;8
312.0;12;15;9;15;54;18;8;21;8
318.0;12;15;9;14;54;20;7;22;7
324.0;12;16;10;13;52;20;9;21;7
330.0;13;14;10;14;53;19;6;22;9
336.0;12;13;11;15;54;18;6;22;9
342.0;11;14;11;17;55;19;8;19;6
348.0;9;14;12;16;56;19;9;19;6
354.0;8;15;13;17;55;19;10;18;5
360.0;10;15;11;19;56;20;7;17;5
366.0;10;17;8;19;57;20;8;18;3
372.0;11;17;6;20;57;20;8;18;3
378.0;12;16;6;18;57;19;7;19;6
384.0;12;16;6;19;58;19;7;19;4
390.0;10;16;5;20;60;19;7;19;4
396.0;11;16;6;20;59;18;7;18;5
402.0;9;17;6;20;58;16;9;19;6
408.0;11;17;8;19;59;15;7;18;6
414.0;11;17;10;18;60;15;6;17;6
420.0;10;14;8;18;59;18;9;17;7
426.0;6;17;8;18;60;20;8;17;6
432.0;6;17;7;17;59;20;9;17;8
438.0;6;17;7;18;58;19;10;17;8
444.0;6;16;5;19;58;20;10;18;8
450.0;7;16;5;19;60;20;10;17;6
456.0;9;16;5;17;59;20;10;18;6
462.0;11;16;5;18;58;19;9;17;7
468.0;10;14;4;18;60;21;9;17;7
474.0;9;13;4;21;60;20;8;17;8
480.0;9;13;6;21;60;19;8;18;6
486.0;11;13;8;22;60;18;6;17;5
492.0;13;14;5;21;60;19;6;16;6
498.0;13;12;7;20;61;17;8;17;5
504.0;13;12;7;21;62;16;7;17;5
510.0;12;11;10;21;63;13;7;16;7
516.0;11;12;10;22;64;13;6;16;6
522.0;10;13;12;21;64;13;5;16;6
528.0;10;13;12;19;63;12;8;17;6
534.0;11;15;14;17;64;11;6;17;5
540.0;11;16;14;19;63;10;6;16;5
546.0;11;16;13;19;62;11;7;16;5
552.0;10;16;13;17;62;14;4;17;7
558.0;7;13;13;17;63;18;5;16;8
564.0;8;16;11;15;64;19;5;15;7
570.0;8;16;13;15;65;19;5;14;5
576.0;6;17;12;15;64;19;5;17;5
582.0;6;17;12;14;64;18;5;18;6
588.0;5;20;11;15;64;17;5;19;4
594.0;4;18;11;17;66;17;4;20;3
600.0;5;17;11;16;66;17;4;21;3
606.0;5;18;11;16;65;16;4;22;3
612.0;6;17;10;16;65;17;3;22;4
618.0;5;18;9;16;65;16;4;23;4
624.0;5;18;10;17;65;12;6;22;5
630.0;4;20;7;19;63;14;7;21;5
636.0;5;20;5;21;61;15;7;18;8
642.0;7;18;6;22;61;14;6;20;6
648.0;7;18;6;20;60;15;7;20;7
654.0;7;19;4;20;60;16;5;22;7
660.0;8;19;4;20;60;14;7;22;6
666.0;9;18;5;18;62;16;4;21;7
672.0;7;19;5;19;62;17;3;20;8
678.0;8;17;4;15;61;20;6;21;8
684.0;8;18;3;16;60;18;5;23;9
690.0;9;19;3;16;60;19;4;23;7
696.0;6;21;4;14;64;18;5;22;6
702.0;6;20;5;14;64;18;5;22;6
708.0;6;21;6;14;64;17;5;22;5
714.0;5;20;7;14;63;17;5;23;6
720.0;5;19;7;14;63;18;3;24;7
726.0;4;20;6;13;65;18;3;24;7
732.0;3;21;7;12;65;20;3;22;7
738.0;3;22;6;13;66;19;3;21;7
744.0;4;21;6;13;66;21;4;19;6
750.0;4;20;6;14;66;21;5;19;5
756.0;1;20;6;16;69;21;1;18;8
762.0;1;21;6;16;69;20;2;17;8
768.0;1;21;5;18;69;19;2;17;8
774.0;1;21;4;18;69;19;4;17;7
780.0;1;22;3;17;69;19;4;17;8
786.0;3;20;2;18;71;16;5;18;7
792.0;3;20;3;19;70;15;6;16;8
798.0;6;19;3;17;69;15;6;16;9
804.0;5;20;3;16;69;15;7;16;9
810.0;4;20;3;16;68;13;8;18;10
816.0;4;21;5;16;67;12;7;18;10
822.0;3;20;6;16;66;13;6;19;11
828.0;2;21;6;17;66;10;6;19;13
834.0;2;21;6;16;67;11;6;18;13
840.0;1;21;7;16;67;11;6;19;12
846.0;1;21;8;16;67;9;6;20;12
852.0;1;21;9;15;68;10;5;19;12
858.0;1;20;9;13;68;9;8;19;13
864.0;1;21;9;13;68;9;7;19;13
870.0;3;19;9;12;66;12;8;19;12
876.0;3;20;10;12;64;13;8;18;12
882.0;2;19;8;12;65;13;9;19;13
888.0;2;20;8;12;65;13;10;18;12
894.0;2;19;8;12;65;14;10;18;12
900.0;3;18;9;11;64;13;10;20;12
906.0;5;19;8;12;65;13;8;18;12
912.0;5;21;8;13;65;11;7;18;12
918.0;5;20;9;13;64;10;8;18;13
924.0;6;21;11;15;66;8;6;17;10
930.0;7;20;9;16;68;9;6;17;8
936.0;7;21;9;15;69;8;5;18;8
942.0;8;21;9;14;68;9;3;18;10
948.0;11;23;8;15;66;7;3;17;10
954.0;10;23;9;14;66;7;3;19;9
960.0;10;23;10;15;65;7;2;20;8
966.0;11;22;11;15;66;7;3;18;7
972.0;11;22;10;16;69;8;4;14;6
978.0;9;20;11;18;70;8;4;14;6
984.0;8;21;12;17;70;8;4;13;7
990.0;7;23;11;16;70;9;4;13;7
996.0;5;22;12;19;70;9;5;12;6
1002.0;5;20;12;21;71;10;5;12;4
1008.0;6;19;11;21;69;11;4;13;6
1014.0;6;16;11;21;69;13;4;14;6
1020.0;7;15;10;21;68;13;4;17;5
1026.0;8;17;8;20;69;13;4;16;5
1032.0;7;17;7;21;67;14;6;17;4
1038.0;8;15;8;20;66;13;8;17;5
1044.0;7;15;8;17;66;13;9;19;6
1050.0;6;15;8;17;66;13;10;19;6
1056.0;6;15;9;16;65;14;10;19;6
1062.0;5;16;7;18;67;13;10;17;7
1068.0;6;16;8;19;65;13;10;16;7
1074.0;7;15;8;19;64;15;9;15;8
1080.0;8;16;7;18;65;15;8;15;8
1086.0;7;16;6;19;65;13;10;16;8
1092.0;7;18;5;21;66;14;8;15;6
1098.0;7;19;6;21;65;14;7;14;7
1104.0;6;19;5;21;64;13;11;15;6
1110.0;5;20;6;21;64;13;11;14;6
1116.0;6;19;6;19;63;14;12;14;7
1122.0;4;19;6;19;65;14;13;13;7
1128.0;3;20;5;20;66;15;12;12;7
1134.0;6;19;6;18;67;15;11;10;8
1140.0;7;18;5;18;68;16;11;9;8
1146.0;9;19;6;17;66;16;9;9;9
1152.0;11;18;6;15;65;17;9;10;9
1158.0;11;19;7;16;64;15;9;9;10
1164.0;10;20;8;16;62;15;10;9;10
1170.0;7;20;6;18;62;15;10;10;12
1176.0;5;23;7;18;61;15;10;10;11
1182.0;4;22;8;19;61;16;8;11;11
1188.0;5;20;7;19;62;20;7;10;10
1194.0;5;19;7;21;63;20;5;11;9
1200.0;5;18;6;21;64;21;6;11;8
1206.0;6;18;8;20;63;21;7;10;7
1212.0;3;19;9;21;62;21;7;11;7
1218.0;4;19;10;22;60;20;7;12;6
1224.0;5;19;10;20;60;21;6;13;6
1230.0;6;19;10;18;59;21;6;15;6
1236.0;6;19;10;18;58;21;6;15;7
1242.0;5;18;11;18;57;21;7;16;7
1248.0;6;19;12;17;57;21;5;17;6
1254.0;7;18;14;17;58;22;4;16;4
1260.0;8;17;11;18;58;21;4;18;5
1266.0;7;18;12;19;58;17;4;19;6
1272.0;7;18;13;19;58;16;4;19;6
1278.0;7;17;12;20;58;16;8;17;5
1284.0;8;17;12;19;58;15;7;19;5
1290.0;8;15;13;19;58;13;6;19;9
1296.0;7;16;12;20;59;12;7;20;7
1302.0;8;18;10;19;61;10;6;19;9
1308.0;8;20;11;20;59;9;5;20;8
1314.0;11;20;11;18;58;8;7;19;8
1320.0;9;20;12;17;60;8;7;19;8
1326.0;10;18;10;16;60;9;8;19;10
1332.0;8;18;9;18;58;11;8;19;11
1338.0;10;14;12;18;57;10;9;19;11
1344.0;9;17;11;17;57;10;9;21;9
1350.0;8;18;12;17;57;11;8;19;10
1356.0;8;17;12;16;59;12;9;19;8
1362.0;8;18;9;16;59;12;10;20;8
1368.0;7;21;7;16;60;14;8;18;9
1374.0;6;20;9;16;60;13;7;18;11
1380.0;6;21;10;17;60;12;6;18;10
1386.0;7;23;10;16;59;14;7;16;8
1392.0;5;22;10;17;61;13;7;18;7
1398.0;4;24;11;18;61;11;7;19;5
1404.0;5;22;12;18;60;10;7;20;6
1410.0;5;21;12;18;60;10;5;20;9
1416.0;6;19;12;20;62;7;6;22;6
1422.0;6;19;12;20;63;8;5;21;6
1428.0;5;19;13;19;63;9;7;19;6
1434.0;5;19;13;15;62;10;9;19;8
1440.0;5;21;13;15;61;13;7;18;7
1446.0;4;17;13;15;62;15;8;18;8
1452.0;4;18;9;16;62;15;9;17;10
1458.0;5;19;9;15;62;15;8;17;10
1464.0;5;19;8;12;63;17;9;18;9
1470.0;6;19;7;12;64;20;7;16;9
1476.0;7;18;8;12;64;19;7;16;9
1482.0;8;17;8;15;64;18;7;15;8
1488.0;5;17;9;17;63;18;6;17;8
1494.0;6;19;9;17;63;16;6;19;5
1500.0;6;19;11;17;63;16;5;18;5
1506.0;8;18;10;17;64;16;5;18;4
1512.0;7;16;12;16;66;14;5;20;4
1518.0;6;18;8;14;67;15;7;18;7
1524.0;6;20;8;14;67;15;7;16;7
1530.0;6;21;9;14;66;15;6;15;8
1536.0;5;21;8;14;66;16;6;15;9
1542.0;5;21;7;14;66;16;9;15;7
1548.0;5;21;7;15;66;17;9;14;6
1554.0;5;21;10;14;64;16;8;15;7
1560.0;7;21;10;15;64;13;10;14;6
1566.0;6;23;11;14;64;13;8;13;8
1572.0;7;23;10;15;63;15;7;10;10
1578.0;7;23;10;14;63;15;7;13;8
1584.0;5;23;8;14;63;17;8;14;8
1590.0;6;23;6;15;63;19;9;12;7
1596.0;6;24;8;16;63;17;8;11;7
1602.0;5;23;6;17;64;18;8;11;8
1608.0;6;22;5;18;62;17;8;13;9
1614.0;6;21;5;19;66;15;8;11;9
1620.0;6;20;6;20;67;14;9;10;8
1626.0;7;18;6;20;66;15;10;9;9
1632.0;5;16;8;19;66;15;12;9;10
1638.0;6;14;9;20;67;15;12;8;9
1644.0;6;15;9;20;69;15;13;7;6
1650.0;6;17;9;20;68;15;10;9;6
1656.0;5;17;8;21;67;17;10;9;6
1662.0;5;16;8;20;68;17;11;9;6
1668.0;5;16;8;20;69;16;10;8;8
1674.0;6;15;10;19;69;16;10;7;8
1680.0;4;14;11;17;71;15;11;9;8
1686.0;5;15;12;17;69;14;11;8;9
1692.0;6;16;13;15;70;15;9;8;8
1698.0;6;16;12;15;69;14;9;10;9
1704.0;8;15;10;15;71;14;8;11;8
1710.0;7;15;12;17;69;14;7;11;8
1716.0;7;16;11;17;68;13;8;12;8
1722.0;6;17;11;17;67;13;11;11;7
1728.0;6;17;10;18;68;13;11;11;6
1734.0;7;17;10;17;67;14;11;11;6
1740.0;7;19;9;16;66;15;11;11;6
1746.0;7;18;12;14;65;15;10;12;7
1752.0;7;17;12;14;66;18;10;11;5
1758.0;7;18;9;15;66;17;11;11;6
1764.0;10;18;8;16;66;16;10;12;4
1770.0;11;16;9;15;67;15;11;11;5
1776.0;8;16;9;14;69;15;11;13;5
1782.0;8;16;9;15;69;14;11;13;5
1788.0;7;16;10;14;67;14;12;12;8
1794.0;9;15;8;14;69;15;12;10;8
