#auto generated file!
12.0;29;34;26;19;27;42;17;38;38
18.0;27;34;26;16;30;44;18;38;37
24.0;29;34;27;19;32;43;13;39;34
30.0;27;36;26;20;33;45;13;41;29
36.0;24;37;26;21;34;47;12;43;26
42.0;21;39;26;22;37;45;15;42;23
48.0;22;38;22;21;40;44;14;44;25
54.0;23;38;19;22;44;43;13;45;23
60.0;23;38;18;20;47;42;13;46;23
66.0;22;40;17;16;49;46;11;46;23
72.0;22;39;19;17;50;45;12;42;24
78.0;25;38;17;17;51;43;12;43;24
84.0;22;42;15;18;51;45;13;42;22
90.0;18;42;12;20;55;49;15;39;20
96.0;18;40;11;20;56;47;16;41;21
102.0;19;42;12;23;55;47;15;39;18
108.0;19;45;13;25;54;41;16;37;20
114.0;24;45;15;24;55;40;13;34;20
120.0;22;41;17;29;58;37;13;32;21
126.0;21;41;17;27;57;36;14;35;22
132.0;22;41;15;27;59;36;14;33;23
138.0;25;45;12;26;59;38;14;33;18
144.0;25;46;11;25;60;37;14;33;19
150.0;25;44;11;24;62;36;15;34;19
156.0;22;44;11;21;64;39;16;32;21
162.0;21;42;12;21;65;41;15;31;22
168.0;17;40;12;19;68;38;20;34;22
174.0;17;41;13;19;67;38;18;34;23
180.0;16;42;14;17;68;37;18;37;21
186.0;18;38;11;18;70;40;18;35;22
192.0;18;36;11;19;71;43;15;34;23
198.0;16;37;12;19;71;44;14;35;22
204.0;17;38;11;20;72;43;15;32;22
210.0;16;37;10;21;73;44;16;31;22
216.0;15;39;10;22;71;45;14;32;22
222.0;19;38;12;20;72;42;15;33;19
228.0;17;38;12;20;74;44;14;33;18
234.0;12;39;14;21;76;48;12;32;16
240.0;12;36;15;24;74;48;11;34;16
246.0;13;36;16;24;74;48;8;33;18
252.0;15;32;17;26;75;48;7;32;18
258.0;15;33;17;29;72;47;7;30;20
264.0;15;32;17;31;73;49;8;26;19
270.0;13;32;17;32;73;51;10;28;14
276.0;15;32;19;30;74;48;10;28;14
282.0;15;31;20;30;75;48;6;27;18
288.0;16;34;17;31;74;47;8;27;16
294.0;16;33;18;33;75;44;8;25;18
300.0;19;30;18;34;78;42;9;23;17
306.0;16;30;18;34;80;41;11;23;17
312.0;19;28;17;34;85;39;9;19;20
318.0;19;27;15;35;88;36;10;20;20
324.0;17;27;15;34;90;33;15;20;19
330.0;13;28;15;35;92;31;17;21;18
336.0;16;27;17;33;92;31;16;19;19
342.0;16;27;17;32;92;32;15;20;19
348.0;16;27;14;28;96;36;16;20;17
354.0;15;26;13;28;97;37;18;20;16
360.0;13;26;13;29;98;37;18;20;16
366.0;12;25;14;30;97;36;18;21;17
372.0;13;24;15;30;98;36;17;22;15
378.0;15;24;11;30;96;36;18;23;17
384.0;17;27;12;30;97;34;18;21;14
390.0;18;26;12;32;96;34;16;23;13
396.0;19;25;8;31;97;35;16;25;14
402.0;19;26;8;25;99;35;16;25;17
408.0;19;25;7;24;99;37;18;27;14
414.0;18;27;7;26;99;34;18;27;14
420.0;18;30;8;26;99;31;17;29;12
426.0;17;27;10;25;100;31;17;29;14
432.0;18;25;9;26;102;30;15;29;16
438.0;20;26;8;24;101;31;17;26;17
444.0;20;24;8;24;101;30;17;30;16
450.0;19;26;11;24;102;28;15;32;13
456.0;14;25;15;26;102;27;15;34;12
462.0;15;26;16;26;102;27;12;35;11
468.0;16;28;16;26;102;27;12;32;11
474.0;16;28;13;27;102;26;12;33;13
480.0;16;28;13;25;101;26;11;34;16
486.0;18;30;14;24;99;28;10;33;14
492.0;19;29;12;24;98;28;14;31;15
498.0;17;30;13;24;98;26;14;31;17
504.0;19;28;13;23;96;28;11;29;23
510.0;17;28;14;23;95;25;12;31;25
516.0;15;28;14;23;95;30;13;28;24
522.0;15;27;14;21;98;31;11;27;26
528.0;16;25;14;21;99;30;12;27;26
534.0;16;24;16;21;101;27;13;29;23
540.0;14;24;19;22;100;26;13;28;24
546.0;15;26;19;21;98;26;15;26;24
552.0;18;29;19;21;98;25;17;24;19
558.0;15;27;20;24;103;24;15;25;17
564.0;13;28;20;23;102;25;18;24;17
570.0;13;27;22;20;102;26;18;25;17
576.0;12;27;20;20;104;27;16;27;17
582.0;14;28;18;22;102;27;16;27;16
588.0;16;26;19;20;103;27;14;26;19
594.0;14;28;17;25;103;28;11;27;17
600.0;14;26;18;27;103;30;10;25;17
606.0;11;29;16;26;101;31;14;24;18
612.0;9;28;16;27;102;29;14;28;17
618.0;10;28;17;27;102;29;13;27;17
624.0;14;25;14;27;102;28;14;28;18
630.0;18;23;14;26;102;28;12;30;17
636.0;17;28;14;26;103;27;11;27;17
642.0;17;27;12;27;104;27;12;27;17
648.0;17;29;12;27;104;27;12;25;17
654.0;16;29;14;29;103;26;11;26;16
660.0;19;27;16;28;104;24;13;25;14
666.0;19;28;14;27;106;24;12;26;14
672.0;19;27;15;26;108;22;13;26;14
678.0;19;24;14;26;109;20;16;26;16
684.0;20;23;13;27;110;21;14;25;17
690.0;19;24;14;25;107;23;17;25;16
696.0;19;21;12;24;107;24;17;27;19
702.0;21;20;11;25;107;24;17;28;17
708.0;21;21;12;26;105;23;18;27;17
714.0;19;22;12;29;105;23;17;26;17
720.0;17;22;14;32;105;24;17;22;17
726.0;19;20;13;33;105;25;20;21;14
732.0;20;20;13;32;106;26;18;21;14
738.0;17;21;15;33;106;29;15;20;14
744.0;13;20;16;32;106;31;15;22;15
750.0;12;21;14;31;104;33;15;24;16
756.0;13;18;15;31;105;36;16;23;13
762.0;12;19;15;31;104;35;15;28;11
768.0;10;19;15;33;104;36;13;28;12
774.0;10;21;15;33;104;35;12;29;11
780.0;11;21;13;32;106;34;12;31;10
786.0;9;25;12;31;107;32;13;31;10
792.0;9;26;11;31;108;32;13;30;10
798.0;6;26;12;30;110;30;14;31;11
804.0;6;26;11;31;113;30;14;29;10
810.0;7;29;9;29;113;30;13;29;11
816.0;8;28;13;28;113;29;13;27;11
822.0;10;29;13;28;114;29;11;26;10
828.0;10;26;15;27;117;27;10;28;10
834.0;8;25;17;27;118;30;8;28;9
840.0;4;25;18;29;117;28;7;30;12
846.0;7;25;19;27;119;27;6;28;12
852.0;11;26;17;26;119;27;6;26;12
858.0;8;28;17;26;119;27;8;27;10
864.0;6;29;15;28;121;27;8;25;11
870.0;5;28;12;27;121;30;9;25;13
876.0;3;27;12;24;123;31;9;26;15
882.0;4;28;11;22;120;30;14;25;16
888.0;5;28;10;23;119;29;11;25;20
894.0;6;31;9;21;120;29;13;23;18
900.0;8;28;8;22;119;29;13;23;20
906.0;7;29;8;21;120;29;13;25;18
912.0;5;28;8;22;121;28;15;24;19
918.0;6;28;6;23;120;29;13;25;20
924.0;8;28;5;23;120;31;13;22;20
930.0;9;29;6;23;120;31;13;21;18
936.0;8;27;9;25;117;29;16;22;17
942.0;8;27;13;23;120;28;14;22;15
948.0;9;27;15;22;120;28;14;21;14
954.0;8;30;16;22;121;25;13;20;15
960.0;10;26;16;23;120;25;12;21;17
966.0;10;25;16;22;121;25;11;24;16
972.0;11;25;13;21;120;26;13;24;17
978.0;10;23;13;22;120;26;18;23;15
984.0;8;22;14;23;119;27;18;23;16
990.0;9;24;15;23;117;28;18;22;14
996.0;8;24;19;24;116;26;18;21;14
1002.0;7;24;19;26;116;27;17;20;14
1008.0;7;22;19;27;118;27;19;18;13
1014.0;7;21;20;28;118;26;19;18;13
1020.0;7;22;21;27;120;26;18;17;12
1026.0;7;22;18;26;122;28;17;20;10
1032.0;7;19;19;26;124;28;15;21;11
1038.0;6;18;18;29;124;28;15;21;11
1044.0;10;17;18;29;121;27;16;22;10
1050.0;12;17;18;28;122;25;15;21;12
1056.0;11;17;17;30;119;25;16;21;14
1062.0;11;16;17;31;119;26;16;21;13
1068.0;9;17;18;31;119;28;16;20;12
1074.0;11;18;17;30;114;27;14;22;17
1080.0;9;19;17;30;116;26;13;23;17
1086.0;10;20;17;31;114;25;15;23;15
1092.0;10;21;17;33;114;24;16;22;13
1098.0;13;21;14;33;113;26;9;25;16
1104.0;12;23;14;33;112;25;8;27;16
1110.0;11;22;15;35;110;26;8;27;16
1116.0;10;19;16;32;112;28;11;28;14
1122.0;9;22;18;31;111;27;9;29;14
1128.0;8;21;17;31;113;27;11;29;13
1134.0;9;21;16;30;115;28;10;28;13
1140.0;10;21;16;32;115;29;7;27;13
1146.0;11;21;15;34;115;28;6;27;13
1152.0;9;22;16;32;115;28;12;24;12
1158.0;12;21;16;33;116;26;13;23;10
1164.0;13;23;15;31;119;26;11;23;9
1170.0;13;24;17;28;119;28;12;22;7
1176.0;14;25;17;29;118;27;12;21;7
1182.0;14;24;19;30;117;26;11;24;5
1188.0;12;24;20;27;115;29;14;23;6
1194.0;12;24;21;28;113;28;14;25;5
1200.0;9;25;21;28;114;26;15;26;6
1206.0;7;25;23;26;112;27;14;27;9
1212.0;9;23;22;26;114;26;12;27;11
1218.0;8;25;22;27;115;27;12;27;7
1224.0;9;24;19;26;116;27;11;30;8
1230.0;8;23;18;27;114;28;12;32;8
1236.0;8;23;18;26;115;28;10;32;10
1242.0;10;23;17;28;113;27;9;30;13
1248.0;11;25;16;27;112;26;9;31;13
1254.0;11;24;16;27;111;26;10;31;14
1260.0;11;24;17;28;111;27;11;30;11
1266.0;13;21;18;32;109;27;10;29;11
1272.0;14;21;15;29;113;28;11;28;11
1278.0;17;19;17;25;114;26;12;28;12
1284.0;18;19;16;24;114;22;12;29;16
1290.0;19;19;16;23;113;24;12;28;16
1296.0;17;19;17;26;113;24;11;29;14
1302.0;14;20;16;28;113;25;11;29;14
1308.0;13;20;14;28;116;27;10;27;15
1314.0;13;17;15;27;115;30;12;26;15
1320.0;13;15;17;27;115;29;13;27;14
1326.0;10;15;19;26;115;29;15;30;11
1332.0;11;17;18;26;113;29;14;30;12
1338.0;10;16;16;26;115;29;16;29;13
1344.0;7;16;17;28;115;28;16;29;14
1350.0;8;16;19;26;115;30;14;27;15
1356.0;12;14;20;25;112;30;13;28;16
1362.0;12;15;17;26;113;28;13;30;16
1368.0;14;17;19;26;113;24;13;31;13
1374.0;14;15;18;24;115;25;14;32;13
1380.0;15;15;17;25;113;23;15;33;14
1386.0;15;16;17;24;110;23;17;31;17
1392.0;13;17;14;25;113;24;20;29;15
1398.0;13;18;17;29;110;22;15;30;16
1404.0;12;16;19;30;108;24;19;26;16
1410.0;10;18;19;30;109;22;17;27;18
1416.0;11;19;17;33;107;23;17;26;17
1422.0;12;21;16;33;108;23;15;26;16
1428.0;14;21;17;29;109;26;14;25;15
1434.0;15;21;17;31;108;27;15;23;13
1440.0;14;22;17;30;109;28;16;22;12
1446.0;14;22;16;32;108;28;16;21;13
1452.0;15;23;19;33;108;26;14;20;12
1458.0;16;25;18;33;108;28;13;19;10
1464.0;17;28;17;28;107;29;14;20;10
1470.0;15;30;17;29;107;28;16;20;8
1476.0;11;29;16;32;108;27;16;23;8
1482.0;12;31;16;30;108;28;13;25;7
1488.0;12;31;16;29;108;28;13;26;7
1494.0;11;28;19;28;110;30;13;25;6
1500.0;11;29;18;28;109;30;13;26;6
1506.0;11;30;20;29;108;28;11;26;7
1512.0;11;29;22;27;107;32;11;24;7
1518.0;13;28;24;25;106;31;12;24;7
1524.0;14;29;27;24;104;31;12;24;5
1530.0;15;28;28;21;106;30;12;24;6
1536.0;15;29;26;21;107;28;12;25;7
1542.0;11;30;25;23;108;27;12;26;8
1548.0;12;30;23;23;108;29;13;26;6
1554.0;12;30;23;24;110;29;11;24;7
1560.0;10;30;24;24;111;28;12;25;6
1566.0;10;31;26;22;110;27;11;24;9
1572.0;10;34;23;25;109;26;10;24;9
1578.0;10;34;25;25;110;24;12;23;7
1584.0;12;33;26;23;110;26;11;21;8
1590.0;14;30;27;25;110;26;9;20;9
1596.0;16;30;23;25;110;26;11;20;9
1602.0;19;30;22;27;111;25;9;18;9
1608.0;15;31;22;27;111;24;11;18;11
1614.0;14;29;24;27;112;23;11;17;13
1620.0;17;27;22;28;112;23;11;18;12
1626.0;15;28;23;28;109;23;13;19;12
1632.0;16;26;20;29;112;25;15;16;11
1638.0;16;27;19;30;113;22;15;16;12
1644.0;16;28;20;29;113;20;16;18;10
1650.0;13;30;20;29;115;20;15;19;9
1656.0;15;28;20;29;115;19;14;19;11
1662.0;14;28;23;30;115;19;12;19;10
1668.0;15;29;23;30;114;20;12;19;8
1674.0;14;30;23;30;114;20;13;19;7
1680.0;15;30;22;30;116;17;14;18;8
1686.0;13;27;19;33;119;17;14;18;10
1692.0;8;27;20;37;121;16;13;19;9
1698.0;8;25;21;39;122;17;10;19;9
1704.0;9;25;19;40;124;17;9;18;9
1710.0;7;28;18;40;122;17;10;20;8
1716.0;9;28;18;40;121;17;8;21;8
1722.0;10;26;18;40;121;16;7;22;10
1728.0;10;24;14;37;123;17;8;25;12
1734.0;10;24;12;37;122;17;10;27;11
1740.0;10;24;11;36;121;19;10;27;12
1746.0;11;23;10;37;123;18;10;28;10
1752.0;10;25;11;33;122;18;10;29;12
1758.0;9;26;11;32;122;19;12;28;11
1764.0;8;29;11;32;123;16;13;27;11
1770.0;8;30;11;34;121;16;10;29;11
1776.0;7;29;11;35;123;16;9;29;11
1782.0;6;30;11;36;120;15;10;31;11
1788.0;6;28;12;35;122;15;10;29;13
1794.0;6;27;15;34;120;16;11;28;13
