#auto generated file!
12.0;51;34;48;46;38;56;51;37;49
18.0;44;33;47;47;41;55;50;40;53
24.0;42;40;44;47;45;53;47;40;52
30.0;37;44;48;46;47;50;46;41;51
36.0;35;44;49;46;46;54;46;42;48
42.0;31;44;45;49;48;57;44;44;48
48.0;32;44;41;49;52;58;42;47;45
54.0;30;39;42;48;53;56;43;50;49
60.0;30;40;39;47;59;57;42;49;47
66.0;31;39;44;46;61;58;38;50;43
72.0;27;41;42;47;62;57;38;49;47
78.0;22;42;39;48;69;61;33;46;50
84.0;22;43;37;50;73;58;30;48;49
90.0;22;43;40;49;78;53;30;45;50
96.0;20;41;38;51;80;54;30;46;50
102.0;20;41;36;53;82;53;33;44;48
108.0;22;44;32;51;83;54;33;43;48
114.0;23;45;29;51;85;55;35;45;42
120.0;18;45;27;52;86;58;36;46;42
126.0;18;45;30;54;87;60;35;44;37
132.0;20;45;31;55;90;55;34;41;39
138.0;19;46;30;55;89;55;32;42;42
144.0;19;47;29;55;91;53;30;45;41
150.0;19;49;28;57;90;52;31;44;40
156.0;20;45;25;57;96;56;30;41;40
162.0;21;44;22;59;98;56;29;41;40
168.0;22;46;21;61;96;59;28;41;36
174.0;20;46;20;62;96;59;29;43;35
180.0;21;45;22;62;97;62;27;41;33
186.0;23;41;22;56;99;65;30;41;33
192.0;23;46;23;55;98;66;29;39;31
198.0;20;45;23;53;98;70;27;42;32
204.0;21;42;21;52;97;72;30;44;31
210.0;20;44;25;49;99;71;30;43;29
216.0;23;46;26;46;101;64;30;43;31
222.0;24;46;24;47;103;60;31;45;30
228.0;24;44;28;43;105;60;30;46;30
234.0;27;45;27;46;105;58;29;45;28
240.0;24;46;27;44;108;57;31;44;29
246.0;21;45;28;45;109;54;32;45;31
252.0;24;42;24;47;110;51;33;47;32
258.0;22;43;24;47;108;52;35;45;34
264.0;23;43;23;45;112;51;32;46;35
270.0;27;49;22;41;112;51;30;45;33
276.0;26;51;23;38;115;51;30;45;31
282.0;25;49;22;41;115;54;32;43;29
288.0;26;48;24;41;115;52;31;43;30
294.0;27;49;25;42;114;57;30;41;25
300.0;27;48;26;42;114;57;30;40;26
306.0;22;46;23;43;114;59;32;44;27
312.0;21;46;25;43;114;59;31;45;26
318.0;23;49;25;42;113;57;31;46;24
324.0;22;50;23;40;115;56;28;49;27
330.0;22;53;21;38;116;57;26;47;30
336.0;22;53;18;42;116;55;25;49;30
342.0;25;53;18;42;115;53;23;49;32
348.0;27;52;16;43;117;54;22;48;31
354.0;28;54;15;44;114;54;21;50;30
360.0;28;54;14;46;114;57;20;45;32
366.0;28;54;15;43;116;57;22;46;29
372.0;25;53;17;43;117;53;23;49;30
378.0;27;49;18;44;118;54;24;46;30
384.0;24;45;22;44;118;55;27;46;29
390.0;21;46;23;44;116;51;28;50;31
396.0;21;45;23;46;120;48;28;48;31
402.0;22;43;22;44;123;47;28;50;31
408.0;20;42;22;47;124;50;26;52;27
414.0;24;40;22;45;123;51;28;50;27
420.0;24;38;21;45;124;51;30;50;27
426.0;24;35;23;45;126;53;25;52;27
432.0;23;39;20;46;129;51;22;52;28
438.0;23;41;19;45;126;50;24;53;29
444.0;26;40;20;42;128;49;22;55;28
450.0;26;40;20;40;131;50;22;54;27
456.0;29;36;22;39;133;50;22;52;27
462.0;26;37;24;40;136;47;22;51;27
468.0;23;39;22;39;137;48;23;52;27
474.0;23;39;22;40;141;47;20;53;25
480.0;22;38;23;40;141;49;19;52;26
486.0;24;39;24;40;140;48;19;50;26
492.0;23;41;19;41;143;49;18;50;26
498.0;25;43;19;39;144;49;19;48;24
504.0;23;44;19;36;147;51;16;46;28
510.0;24;41;20;40;145;49;17;48;26
516.0;23;43;18;42;145;49;17;48;25
522.0;22;41;20;45;149;45;16;48;24
528.0;19;39;20;45;153;44;16;47;27
534.0;20;39;20;41;154;42;18;49;27
540.0;21;41;21;43;152;40;17;49;26
546.0;20;36;23;43;153;40;20;46;29
552.0;20;37;25;43;151;39;17;47;31
558.0;15;38;26;44;152;38;15;49;33
564.0;17;41;23;43;149;39;17;48;33
570.0;13;45;24;40;151;38;19;46;34
576.0;15;43;25;37;150;40;20;45;35
582.0;16;43;23;37;149;40;22;45;35
588.0;17;40;23;39;153;38;20;44;36
594.0;18;37;22;42;156;35;22;44;34
600.0;19;38;22;40;156;32;23;45;35
606.0;19;40;18;41;155;33;22;47;35
612.0;18;39;20;42;158;31;22;45;35
618.0;18;39;19;45;159;30;23;45;32
624.0;18;37;23;37;163;32;24;47;29
630.0;18;36;21;38;166;32;22;48;29
636.0;18;38;20;39;166;29;23;48;29
642.0;19;39;21;40;166;33;19;47;26
648.0;17;34;22;46;168;34;20;41;28
654.0;16;37;22;45;169;32;19;43;27
660.0;13;37;22;44;173;32;22;42;25
666.0;16;37;23;45;174;32;19;40;24
672.0;16;37;21;49;174;32;19;41;21
678.0;14;40;22;48;173;32;22;41;18
684.0;14;41;23;45;171;33;23;44;16
690.0;13;43;21;45;170;36;22;43;17
696.0;12;43;21;48;168;37;20;41;20
702.0;14;46;20;49;164;38;19;42;18
708.0;14;46;21;47;164;39;22;41;16
714.0;16;46;19;45;162;39;25;42;16
720.0;15;47;20;42;162;43;24;43;14
726.0;13;47;18;42;161;45;27;41;16
732.0;12;44;19;46;163;43;28;40;15
738.0;12;40;20;48;166;41;25;40;18
744.0;11;41;19;48;166;41;22;40;22
750.0;12;42;20;48;165;40;23;40;20
756.0;14;41;21;51;162;37;24;40;20
762.0;15;38;21;50;161;40;22;43;20
768.0;16;36;22;50;162;40;21;45;18
774.0;16;39;18;52;164;38;19;47;17
780.0;16;42;15;52;165;43;16;44;17
786.0;16;42;12;53;164;42;16;44;21
792.0;19;43;12;55;162;42;16;44;17
798.0;17;42;16;53;163;42;17;45;15
804.0;19;41;12;56;165;41;15;44;17
810.0;19;37;16;54;165;43;15;45;16
816.0;18;36;16;53;165;40;19;46;17
822.0;17;37;15;53;164;39;22;46;17
828.0;16;35;13;53;162;41;23;45;22
834.0;12;40;15;53;160;37;23;48;22
840.0;12;39;17;54;159;36;22;48;23
846.0;14;38;17;57;158;38;19;46;23
852.0;16;37;16;60;161;36;17;45;22
858.0;19;36;15;62;162;35;17;45;19
864.0;20;34;16;57;162;37;20;42;22
870.0;20;35;16;55;163;40;22;40;19
876.0;21;36;15;52;165;40;22;39;20
882.0;21;37;17;51;163;43;19;37;22
888.0;23;39;14;50;164;45;22;33;20
894.0;23;40;19;48;164;47;19;30;20
900.0;22;37;18;48;164;49;23;27;22
906.0;23;38;14;52;160;48;26;27;22
912.0;21;36;17;50;160;48;28;29;21
918.0;21;38;18;45;160;50;27;30;21
924.0;20;36;17;47;159;50;27;31;23
930.0;20;35;18;44;160;52;27;32;22
936.0;19;36;25;41;160;50;24;34;21
942.0;21;36;23;40;161;49;24;35;21
948.0;20;32;22;41;165;56;22;33;19
954.0;19;33;26;43;164;52;22;33;18
960.0;18;35;27;42;167;49;19;32;21
966.0;22;34;25;42;167;50;19;32;19
972.0;21;33;24;45;167;50;19;31;20
978.0;21;34;23;45;169;46;22;29;21
984.0;26;33;21;42;167;47;23;29;22
990.0;23;34;22;39;166;47;22;32;25
996.0;22;35;22;38;167;49;20;33;24
1002.0;23;37;16;39;166;52;18;35;24
1008.0;21;36;17;39;168;50;17;37;25
1014.0;22;37;17;40;168;49;17;36;24
1020.0;26;37;13;38;166;51;20;36;23
1026.0;25;37;14;37;170;47;23;38;19
1032.0;25;38;14;37;171;49;22;38;16
1038.0;21;39;15;40;172;49;16;40;18
1044.0;21;38;17;39;173;48;17;39;18
1050.0;22;38;16;38;170;51;15;42;18
1056.0;22;39;15;39;171;47;15;43;19
1062.0;20;42;13;40;170;48;16;40;21
1068.0;17;43;16;37;171;50;16;38;22
1074.0;16;42;15;36;172;53;17;37;22
1080.0;17;42;17;34;170;53;18;37;22
1086.0;16;43;19;38;167;49;19;36;23
1092.0;18;43;16;40;166;50;18;35;24
1098.0;17;44;18;43;167;47;16;37;21
1104.0;16;42;17;44;169;50;16;35;21
1110.0;17;41;19;42;169;51;18;36;17
1116.0;19;41;19;41;167;52;17;36;18
1122.0;18;43;18;39;165;54;21;35;17
1128.0;20;43;17;39;164;53;20;36;18
1134.0;20;44;18;43;162;51;20;35;17
1140.0;23;45;19;42;159;50;21;33;18
1146.0;22;44;21;44;160;52;20;30;17
1152.0;21;47;21;46;160;53;19;27;16
1158.0;21;50;17;45;160;54;18;28;17
1164.0;24;51;19;43;161;50;17;28;17
1170.0;23;51;21;43;162;50;18;26;16
1176.0;23;51;21;42;163;47;17;27;19
1182.0;23;52;22;43;163;45;16;26;20
1188.0;23;51;22;41;163;45;18;27;20
1194.0;24;50;26;43;164;43;16;26;18
1200.0;22;47;25;43;166;46;16;28;17
1206.0;21;47;25;45;167;46;16;27;16
1212.0;19;43;30;38;171;49;16;28;16
1218.0;16;42;30;39;170;48;17;32;16
1224.0;15;40;30;39;174;50;18;30;14
1230.0;17;43;27;39;174;49;20;29;12
1236.0;19;50;24;42;173;48;14;28;12
1242.0;19;49;20;44;172;50;13;30;13
1248.0;17;47;18;46;172;52;13;30;15
1254.0;16;45;21;46;173;51;14;29;15
1260.0;17;43;20;46;172;54;16;26;16
1266.0;16;47;19;46;172;54;17;22;17
1272.0;13;48;18;45;174;55;18;22;17
1278.0;11;50;18;44;172;55;18;23;19
1284.0;11;47;18;47;173;50;21;29;14
1290.0;12;44;19;44;172;53;20;31;15
1296.0;13;46;18;46;172;49;20;29;17
1302.0;13;47;19;43;174;48;19;31;16
1308.0;11;47;18;46;171;46;21;33;17
1314.0;13;46;21;44;168;43;20;31;24
1320.0;13;45;19;45;169;45;21;31;22
1326.0;12;43;21;45;170;44;22;32;21
1332.0;13;46;19;49;176;40;18;29;20
1338.0;13;47;19;42;176;41;21;29;22
1344.0;16;47;15;42;176;42;21;31;20
1350.0;15;46;15;38;178;43;22;31;22
1356.0;16;46;13;39;177;44;23;29;23
1362.0;18;47;14;37;176;43;21;28;26
1368.0;17;46;16;36;178;42;19;32;24
1374.0;18;44;15;35;179;41;22;32;24
1380.0;19;45;15;33;182;39;20;33;24
1386.0;23;44;15;36;183;36;17;32;24
1392.0;23;45;15;37;179;36;20;33;22
1398.0;21;48;14;38;178;37;18;35;21
1404.0;20;50;17;39;178;36;16;34;20
1410.0;19;50;19;35;180;37;17;31;22
1416.0;19;43;17;36;181;39;22;31;22
1422.0;18;42;18;35;183;39;25;30;20
1428.0;17;39;19;36;186;38;26;32;17
1434.0;18;38;22;37;185;36;23;31;20
1440.0;16;39;20;36;186;38;22;31;22
1446.0;12;39;20;39;185;40;25;34;16
1452.0;9;38;16;39;188;39;25;38;18
1458.0;9;37;14;40;188;41;25;37;19
1464.0;9;38;12;42;189;37;23;39;21
1470.0;11;40;13;40;188;38;19;39;22
1476.0;13;39;14;39;188;39;19;37;22
1482.0;13;38;16;39;188;39;20;36;21
1488.0;16;39;16;41;186;40;16;32;24
1494.0;16;36;19;45;185;38;17;30;24
1500.0;18;36;18;43;188;38;16;29;24
1506.0;16;39;16;42;191;37;15;31;23
1512.0;16;39;14;44;192;37;16;28;24
1518.0;17;40;13;46;192;32;15;30;25
1524.0;18;41;12;44;191;32;17;32;23
1530.0;16;42;14;44;189;34;19;30;22
1536.0;17;41;15;46;190;31;18;30;22
1542.0;20;42;16;46;191;28;16;27;24
1548.0;22;41;16;46;190;30;15;29;21
1554.0;23;38;18;44;191;31;16;29;20
1560.0;22;41;18;42;192;32;17;29;17
1566.0;22;38;18;45;191;34;15;31;16
1572.0;21;35;17;43;194;32;16;30;22
1578.0;20;37;18;41;194;32;15;31;22
1584.0;17;34;17;40;197;35;16;30;24
1590.0;16;37;16;40;196;37;17;29;22
1596.0;16;37;17;38;196;36;20;29;21
1602.0;15;37;17;38;195;37;17;35;19
1608.0;14;36;17;37;194;39;17;34;22
1614.0;14;35;17;39;195;40;16;36;18
1620.0;12;39;18;39;196;38;15;35;18
1626.0;13;35;18;41;196;36;16;35;20
1632.0;12;35;16;41;197;35;16;35;23
1638.0;16;35;17;40;195;35;17;33;22
1644.0;13;37;16;37;196;39;18;31;23
1650.0;15;36;17;33;196;40;18;33;22
1656.0;16;38;17;32;191;42;20;32;22
1662.0;15;40;19;29;188;44;19;32;24
1668.0;16;42;18;30;189;44;20;31;20
1674.0;14;41;19;32;189;44;18;34;19
1680.0;12;41;18;32;191;44;19;32;21
1686.0;11;41;18;34;191;44;21;31;19
1692.0;14;42;17;37;192;44;17;30;17
1698.0;13;42;18;38;191;46;14;30;18
1704.0;14;39;18;37;192;44;17;31;18
1710.0;16;37;18;36;191;44;18;33;17
1716.0;16;33;18;35;192;44;17;37;18
1722.0;16;33;18;35;192;42;15;40;19
1728.0;15;32;18;37;194;39;15;39;21
1734.0;19;31;17;37;190;39;17;38;22
1740.0;18;32;19;37;190;39;16;36;23
1746.0;18;30;19;38;191;38;17;35;24
1752.0;19;30;17;37;193;35;19;36;24
1758.0;20;30;17;35;192;38;18;36;24
1764.0;18;29;19;34;195;37;19;37;22
1770.0;17;28;21;37;192;34;20;39;22
1776.0;16;26;24;38;192;32;22;37;23
1782.0;17;26;21;41;192;34;22;36;21
1788.0;15;27;21;39;192;36;21;39;20
1794.0;15;26;21;36;192;34;23;41;22
