#auto generated file!
12.0;49;42;49;46;50;43;46;47;38
18.0;44;41;47;48;54;44;45;48;39
24.0;41;43;46;46;56;45;42;54;37
30.0;44;46;42;46;58;46;42;54;32
36.0;40;45;38;47;60;49;40;59;32
42.0;39;49;36;46;62;49;38;62;29
48.0;39;49;38;46;64;48;34;62;30
54.0;36;47;37;46;65;48;35;63;33
60.0;35;51;39;43;67;49;37;56;33
66.0;31;51;38;43;69;50;41;57;30
72.0;31;52;36;43;73;51;38;59;27
78.0;28;51;36;45;76;51;36;61;26
84.0;23;56;35;44;78;53;32;62;27
90.0;22;58;35;44;84;49;30;58;30
96.0;25;60;33;46;85;48;28;55;30
102.0;25;63;34;44;89;48;25;55;27
108.0;25;62;31;45;88;49;25;54;31
114.0;23;66;28;48;88;49;25;54;29
120.0;21;66;26;49;90;53;23;53;29
126.0;19;65;28;48;89;54;23;52;32
132.0;22;62;30;50;90;55;21;50;30
138.0;25;61;27;51;88;53;26;51;28
144.0;27;57;28;51;89;51;32;53;22
150.0;32;51;27;56;91;50;31;52;20
156.0;33;52;26;57;91;49;27;53;22
162.0;34;53;25;57;93;51;24;52;21
168.0;34;55;23;59;92;49;21;51;26
174.0;34;56;23;57;92;49;20;54;25
180.0;30;56;24;58;96;49;19;54;24
186.0;27;57;25;59;97;48;19;52;26
192.0;25;58;23;58;97;50;18;54;27
198.0;26;58;27;51;97;51;18;54;28
204.0;29;56;26;47;101;51;20;51;29
210.0;29;59;24;47;102;52;19;51;27
216.0;27;61;24;47;101;54;18;51;27
222.0;30;59;23;46;102;51;21;49;29
228.0;28;58;22;48;105;50;24;48;27
234.0;27;57;22;51;104;47;27;51;24
240.0;30;57;23;49;103;45;29;50;24
246.0;29;58;22;53;104;43;27;50;24
252.0;31;59;24;51;107;40;28;45;25
258.0;30;58;25;49;106;42;28;43;29
264.0;33;60;23;49;105;40;26;43;31
270.0;35;59;23;45;105;43;26;44;30
276.0;36;55;21;47;110;45;25;41;30
282.0;39;52;17;49;115;48;23;39;28
288.0;40;53;17;47;116;45;27;43;22
294.0;40;53;15;50;118;43;26;41;24
300.0;39;53;18;51;120;43;23;39;24
306.0;36;54;19;53;123;40;23;41;21
312.0;36;56;18;52;124;40;22;39;23
318.0;30;56;19;51;124;42;25;40;23
324.0;30;56;23;51;123;40;24;41;22
330.0;32;59;20;50;122;42;23;42;20
336.0;32;60;22;50;124;38;24;39;21
342.0;32;59;21;50;125;41;21;39;22
348.0;29;59;20;51;127;42;23;39;20
354.0;27;60;22;51;127;40;22;43;18
360.0;27;60;24;52;126;39;23;40;19
366.0;25;61;25;52;124;41;25;40;17
372.0;29;65;22;52;123;41;24;36;18
378.0;29;62;25;53;125;39;22;39;16
384.0;29;60;23;48;128;39;23;43;17
390.0;28;61;23;47;131;37;25;44;14
396.0;30;61;23;49;128;40;24;42;13
402.0;26;64;24;51;131;36;23;42;13
408.0;26;64;24;51;132;37;21;42;13
414.0;29;64;23;43;133;37;22;46;13
420.0;29;60;26;45;134;37;22;44;13
426.0;29;59;22;46;137;38;23;44;12
432.0;29;57;21;44;138;39;22;46;14
438.0;29;55;21;49;139;38;22;42;15
444.0;27;55;20;48;139;39;24;43;15
450.0;28;52;21;42;145;40;25;43;14
456.0;28;54;19;43;148;37;24;45;12
462.0;23;53;20;44;149;37;23;49;12
468.0;22;55;21;43;150;38;20;50;11
474.0;23;57;23;43;152;37;15;48;12
480.0;22;59;23;43;150;36;15;47;15
486.0;21;57;24;41;150;37;15;48;17
492.0;19;55;25;42;151;39;17;44;18
498.0;20;57;23;39;154;40;16;43;18
504.0;20;57;22;38;153;41;16;43;20
510.0;21;53;22;38;157;39;15;42;23
516.0;21;50;21;38;161;42;15;39;23
522.0;21;47;19;32;164;45;16;42;24
528.0;23;50;20;33;163;42;16;43;20
534.0;22;47;21;34;165;41;20;44;16
540.0;29;43;22;32;165;38;19;45;17
546.0;27;42;25;37;165;37;15;45;17
552.0;25;43;21;37;165;36;20;46;17
558.0;24;42;21;43;162;34;21;45;18
564.0;25;42;21;39;163;34;23;44;19
570.0;24;42;24;37;160;35;25;41;22
576.0;26;41;20;38;163;36;24;40;22
582.0;26;37;18;35;167;36;21;43;27
588.0;24;35;21;35;167;34;20;43;31
594.0;21;35;20;34;165;40;18;47;30
600.0;19;35;20;30;166;38;23;49;30
606.0;20;35;19;29;167;39;24;48;29
612.0;19;34;24;33;168;37;24;43;28
618.0;19;34;22;35;169;37;23;42;29
624.0;19;32;21;37;170;39;21;43;28
630.0;20;33;21;36;169;40;23;42;26
636.0;19;34;22;36;168;41;24;44;22
642.0;17;35;21;38;169;42;23;42;23
648.0;19;37;22;37;168;42;23;41;21
654.0;21;35;23;40;167;41;20;42;21
660.0;24;35;21;40;169;40;20;42;19
666.0;25;35;18;39;170;40;20;42;21
672.0;23;36;17;40;168;41;21;44;20
678.0;23;33;16;45;166;39;18;47;23
684.0;23;29;16;48;168;41;13;48;24
690.0;21;30;18;48;165;41;14;49;24
696.0;21;31;17;50;164;40;14;48;25
702.0;20;29;17;51;163;41;16;46;27
708.0;22;30;16;50;165;40;16;47;24
714.0;26;27;14;51;164;40;18;45;25
720.0;25;26;16;50;163;43;18;44;25
726.0;29;28;18;55;163;41;16;40;20
732.0;29;28;18;55;164;39;16;41;20
738.0;27;30;20;57;161;37;12;41;25
744.0;26;30;22;57;161;35;14;41;24
750.0;25;32;19;55;164;35;16;40;24
756.0;23;35;20;52;163;38;15;40;24
762.0;23;34;21;50;164;38;14;43;23
768.0;23;33;22;51;166;37;14;44;20
774.0;25;32;19;48;165;38;15;45;23
780.0;27;32;20;47;167;36;14;43;24
786.0;30;30;18;44;169;40;16;42;21
792.0;26;31;19;43;169;40;17;45;20
798.0;29;31;17;41;171;40;15;45;21
804.0;26;32;17;40;172;39;16;47;21
810.0;25;31;21;36;173;38;17;46;23
816.0;25;34;23;35;177;40;17;38;21
822.0;23;35;22;34;177;42;17;39;21
828.0;25;30;23;33;180;41;17;37;24
834.0;26;27;23;31;182;40;20;37;24
840.0;26;27;23;31;182;39;22;37;23
846.0;26;30;20;31;184;40;20;35;24
852.0;26;33;20;28;187;39;20;34;23
858.0;24;35;20;28;188;40;21;34;20
864.0;24;38;17;30;188;37;21;34;21
870.0;24;39;16;30;189;35;21;35;21
876.0;24;40;17;31;189;32;21;36;20
882.0;23;42;16;31;190;32;20;35;21
888.0;23;42;16;36;191;29;17;33;23
894.0;24;41;15;37;192;28;15;34;24
900.0;25;45;13;33;195;29;14;34;22
906.0;26;43;13;32;196;31;13;34;22
912.0;27;41;14;32;196;30;12;38;20
918.0;25;39;15;33;195;30;13;39;21
924.0;24;37;15;32;195;30;13;43;21
930.0;24;39;19;31;192;29;13;43;20
936.0;23;40;20;34;186;29;14;44;20
942.0;24;43;21;35;183;28;15;42;19
948.0;22;39;19;38;184;30;16;42;20
954.0;26;38;19;40;181;30;18;37;21
960.0;23;36;22;38;179;33;22;36;21
966.0;26;40;20;39;178;26;20;36;25
972.0;24;42;21;39;178;25;22;38;21
978.0;23;42;22;39;177;25;24;37;21
984.0;25;41;22;39;176;24;20;39;24
990.0;28;39;21;39;175;25;20;41;22
996.0;29;41;22;37;173;22;20;43;23
1002.0;29;39;24;35;175;26;19;41;22
1008.0;29;37;27;36;175;26;18;42;20
1014.0;27;38;26;37;177;25;20;40;20
1020.0;23;36;24;40;177;27;22;41;20
1026.0;22;33;23;40;179;28;19;42;24
1032.0;23;30;22;41;178;28;20;43;25
1038.0;22;30;26;44;176;27;19;42;24
1044.0;21;32;23;41;179;29;19;41;25
1050.0;18;32;18;40;185;28;23;40;26
1056.0;16;31;19;40;185;27;22;43;27
1062.0;16;28;18;43;187;28;22;43;25
1068.0;16;27;15;44;186;29;23;43;27
1074.0;18;24;18;46;189;29;18;43;25
1080.0;19;24;20;42;191;29;18;45;22
1086.0;19;22;22;41;192;30;20;42;22
1092.0;15;23;21;42;194;30;21;41;23
1098.0;12;24;20;44;195;31;19;41;24
1104.0;12;26;18;42;194;33;17;45;23
1110.0;16;25;18;40;193;34;16;43;25
1116.0;14;26;19;43;190;34;16;44;24
1122.0;14;27;18;45;190;32;17;42;25
1128.0;16;30;17;44;189;31;18;44;21
1134.0;19;32;18;42;189;31;17;44;18
1140.0;19;33;18;39;189;31;23;43;15
1146.0;19;32;22;37;189;31;22;43;15
1152.0;17;32;25;37;189;29;25;42;14
1158.0;17;29;27;35;192;29;26;41;14
1164.0;15;29;28;31;193;33;26;43;12
1170.0;14;30;25;36;193;31;26;41;14
1176.0;16;29;27;36;192;29;25;39;17
1182.0;17;29;27;34;191;30;25;38;19
1188.0;19;32;22;33;190;31;24;39;20
1194.0;20;33;24;35;187;31;25;38;17
1200.0;18;35;22;37;187;30;24;39;18
1206.0;16;35;19;40;189;29;24;39;19
1212.0;14;35;20;41;190;32;24;37;17
1218.0;14;38;18;39;191;34;23;36;17
1224.0;18;38;17;38;189;34;23;35;18
1230.0;17;39;15;38;191;34;24;36;16
1236.0;18;40;15;38;185;34;26;36;18
1242.0;15;39;17;38;185;37;25;37;17
1248.0;12;37;18;39;187;37;26;38;16
1254.0;12;40;18;37;185;37;27;39;15
1260.0;14;42;15;37;186;36;25;39;16
1266.0;14;46;13;35;188;36;25;38;15
1272.0;16;46;13;35;189;34;24;36;17
1278.0;17;43;12;37;189;39;22;36;15
1284.0;17;45;11;38;189;39;23;33;15
1290.0;17;44;12;37;190;40;21;35;14
1296.0;17;43;15;38;189;41;17;35;15
1302.0;17;41;17;38;190;41;15;37;14
1308.0;22;35;20;39;190;40;15;36;13
1314.0;19;35;21;40;193;35;17;37;13
1320.0;14;38;23;40;191;38;15;37;14
1326.0;12;34;25;40;192;38;17;36;16
1332.0;13;33;20;41;194;36;16;36;21
1338.0;15;35;17;41;194;34;16;36;22
1344.0;15;34;20;37;196;35;18;34;21
1350.0;16;35;20;38;196;33;19;35;18
1356.0;14;36;20;37;193;36;18;36;20
1362.0;15;34;20;38;192;36;21;35;19
1368.0;13;34;19;38;197;35;21;35;18
1374.0;15;31;19;35;197;36;19;41;17
1380.0;16;31;20;33;197;36;20;39;18
1386.0;15;38;21;31;198;35;19;36;17
1392.0;17;42;18;32;193;37;17;36;18
1398.0;14;41;16;32;196;35;15;36;25
1404.0;18;43;16;34;196;36;14;33;20
1410.0;16;41;17;33;195;35;15;33;25
1416.0;15;43;16;34;193;35;15;36;23
1422.0;18;42;15;36;195;31;13;35;25
1428.0;21;42;14;37;194;33;14;32;23
1434.0;20;46;14;35;193;34;14;33;21
1440.0;21;44;15;37;191;34;12;35;21
1446.0;19;44;14;38;194;34;11;35;21
1452.0;14;45;15;39;195;32;13;35;22
1458.0;16;42;15;39;196;34;12;35;21
1464.0;17;38;15;37;198;34;14;34;23
1470.0;16;39;14;34;197;35;14;36;25
1476.0;15;37;13;35;198;36;15;36;25
1482.0;20;37;13;34;200;35;10;37;24
1488.0;21;37;14;34;198;37;11;34;24
1494.0;20;39;15;33;196;34;13;35;25
1500.0;25;39;15;33;194;32;14;36;22
1506.0;25;39;16;32;194;32;16;33;23
1512.0;24;38;17;31;194;33;18;30;25
1518.0;24;38;20;32;195;34;16;29;22
1524.0;27;37;17;31;195;33;16;30;24
1530.0;20;36;15;29;203;36;18;31;22
1536.0;18;39;15;30;200;35;16;33;24
1542.0;20;40;15;30;202;34;16;32;21
1548.0;16;37;14;32;203;38;16;31;23
1554.0;16;39;15;32;204;35;16;30;23
1560.0;16;38;15;33;202;39;15;30;22
1566.0;18;37;17;32;199;40;15;33;19
1572.0;20;35;15;31;202;40;14;34;19
1578.0;20;35;15;30;200;42;14;34;20
1584.0;19;33;16;29;204;43;14;33;19
1590.0;19;31;17;29;203;42;15;34;20
1596.0;21;32;15;31;202;37;15;36;21
1602.0;23;33;14;31;203;37;12;35;22
1608.0;25;30;14;31;203;35;12;34;26
1614.0;26;30;15;31;202;38;10;32;26
1620.0;25;30;13;29;202;39;12;31;29
1626.0;27;30;12;28;203;39;11;31;29
1632.0;29;35;13;23;200;38;14;30;28
1638.0;28;33;13;23;201;41;15;28;28
1644.0;27;36;10;25;199;43;15;27;28
1650.0;26;33;12;28;199;39;16;29;28
1656.0;28;32;11;27;198;37;21;31;25
1662.0;27;34;10;28;196;36;23;31;25
1668.0;30;33;9;29;197;35;23;30;24
1674.0;28;33;8;29;195;36;22;34;25
1680.0;24;31;7;30;193;38;27;36;24
1686.0;23;31;6;30;197;38;25;35;25
1692.0;25;31;6;30;198;36;24;37;23
1698.0;25;31;6;31;196;35;27;36;23
1704.0;26;31;7;30;195;35;26;36;24
1710.0;27;33;10;30;193;30;27;35;25
1716.0;26;30;8;31;193;31;31;35;25
1722.0;28;30;10;28;190;33;31;35;25
1728.0;27;30;12;31;190;33;29;34;24
1734.0;30;34;10;27;196;32;27;33;21
1740.0;30;33;11;24;196;36;26;33;21
1746.0;30;31;12;24;196;37;27;32;21
1752.0;27;34;12;24;197;38;25;33;20
1758.0;26;33;14;30;197;37;23;32;18
1764.0;26;36;15;29;196;36;22;29;21
1770.0;27;33;17;31;195;38;19;32;18
1776.0;24;35;17;33;196;39;18;30;18
1782.0;23;34;19;34;195;41;15;31;18
1788.0;22;33;17;37;195;39;19;28;20
1794.0;23;34;22;34;193;40;18;28;18
