#auto generated file!
12.0;31;28;23;36;40;34;34;33;31
18.0;26;28;22;39;42;37;30;34;32
24.0;24;30;25;34;44;34;30;37;32
30.0;22;29;24;36;46;35;32;36;30
36.0;21;27;23;35;47;37;33;35;32
42.0;21;28;23;36;48;35;32;36;31
48.0;21;27;22;38;49;34;30;39;30
54.0;23;24;25;34;52;36;30;34;32
60.0;24;24;27;33;53;35;28;35;31
66.0;25;24;24;33;56;34;27;36;31
72.0;23;24;23;35;56;36;29;35;29
78.0;22;23;23;36;55;37;28;35;31
84.0;21;26;20;34;56;36;30;37;30
90.0;19;28;21;34;58;36;31;33;30
96.0;23;29;20;35;58;38;25;34;28
102.0;23;30;17;36;59;39;23;36;27
108.0;22;30;17;36;60;38;22;37;28
114.0;21;29;18;34;62;37;24;35;30
120.0;23;31;13;33;66;37;22;35;30
126.0;22;32;13;33;67;37;22;35;29
132.0;24;30;12;31;69;40;22;36;26
138.0;23;30;11;31;70;40;24;34;27
144.0;23;30;13;34;72;39;24;31;24
150.0;22;28;11;35;77;41;21;32;23
156.0;24;30;11;39;77;40;17;31;21
162.0;22;30;14;41;77;41;15;31;19
168.0;18;34;14;42;76;42;13;32;19
174.0;20;35;12;42;75;43;13;30;20
180.0;17;35;12;40;77;43;14;32;20
186.0;18;35;11;38;78;42;16;34;18
192.0;17;35;10;39;78;42;17;34;18
198.0;18;31;9;41;80;42;18;33;18
204.0;16;31;11;41;83;40;20;32;16
210.0;15;31;14;41;83;38;17;33;18
216.0;15;31;17;41;84;38;16;32;16
222.0;17;30;17;42;84;37;17;30;16
228.0;16;30;17;42;87;37;16;28;17
234.0;14;29;19;39;87;36;19;30;17
240.0;14;30;20;39;86;36;18;31;16
246.0;15;33;20;37;86;35;17;33;14
252.0;14;31;23;38;87;37;15;33;12
258.0;14;32;21;36;90;37;14;34;12
264.0;13;32;20;38;88;38;14;35;12
270.0;13;34;21;33;87;34;17;38;13
276.0;13;35;18;35;91;32;15;38;13
282.0;16;33;16;36;92;31;14;36;16
288.0;19;32;17;35;94;31;14;33;15
294.0;20;34;16;36;94;29;13;33;15
300.0;16;35;16;36;96;28;14;34;15
306.0;13;33;16;36;97;33;16;33;13
312.0;11;35;16;38;98;33;18;27;14
318.0;10;34;15;37;97;35;17;27;18
324.0;10;34;16;38;95;33;19;27;18
330.0;10;33;16;39;96;31;18;29;18
336.0;12;33;16;37;97;29;19;30;17
342.0;12;28;14;37;100;30;19;32;18
348.0;13;25;17;39;101;27;18;32;18
354.0;11;25;22;39;103;26;17;32;15
360.0;11;22;22;39;104;29;15;34;14
366.0;12;22;20;38;103;28;15;35;17
372.0;11;23;20;39;103;28;15;34;17
378.0;12;23;23;37;103;30;11;33;18
384.0;12;25;22;34;105;31;10;33;18
390.0;13;24;19;32;105;27;14;35;21
396.0;15;22;17;28;105;29;17;37;20
402.0;14;22;17;27;104;30;17;37;22
408.0;12;20;15;31;105;34;17;35;21
414.0;12;17;17;32;104;35;17;34;22
420.0;15;17;16;30;107;34;17;30;24
426.0;19;16;16;30;108;33;16;29;23
432.0;19;16;16;27;109;32;17;29;25
438.0;17;16;16;28;112;32;16;28;25
444.0;16;18;16;30;112;32;13;30;23
450.0;15;21;17;28;111;31;13;33;21
456.0;15;21;20;28;113;28;12;33;20
462.0;15;20;24;26;114;28;11;32;20
468.0;15;23;20;26;116;28;14;32;16
474.0;15;23;18;27;119;28;15;32;13
480.0;15;24;17;29;118;27;17;32;11
486.0;19;27;17;26;118;21;22;29;11
492.0;19;27;18;28;117;22;20;27;12
498.0;19;27;16;30;119;23;17;27;12
504.0;18;28;17;31;119;21;18;26;12
510.0;20;28;20;28;120;19;16;25;14
516.0;18;26;21;27;120;20;17;25;16
522.0;19;26;18;26;122;19;16;27;17
528.0;17;28;17;27;121;20;15;27;18
534.0;17;28;17;27;122;20;16;27;16
540.0;16;29;14;27;123;21;17;26;17
546.0;15;29;15;27;121;21;20;26;16
552.0;15;28;14;28;120;22;20;28;15
558.0;16;29;14;28;121;21;18;28;15
564.0;16;27;13;24;125;20;19;30;16
570.0;15;30;12;25;126;21;17;31;13
576.0;14;27;12;26;128;21;16;33;13
582.0;12;26;12;27;131;20;17;29;16
588.0;12;26;14;29;131;19;17;27;15
594.0;13;27;15;29;130;19;16;27;14
600.0;14;26;15;30;130;21;16;26;12
606.0;12;26;16;29;132;23;15;27;10
612.0;11;25;14;29;132;23;15;28;13
618.0;12;26;16;28;129;23;13;27;16
624.0;13;26;14;28;132;23;11;27;16
630.0;13;26;14;29;132;21;10;29;16
636.0;13;27;11;28;132;20;13;29;17
642.0;12;27;11;28;132;21;13;28;18
648.0;14;29;12;27;131;21;10;25;21
654.0;15;29;12;29;131;21;11;24;18
660.0;13;28;13;28;133;22;11;25;17
666.0;12;27;15;27;134;22;14;23;16
672.0;13;26;16;25;133;23;15;23;16
678.0;13;28;16;25;133;23;15;23;14
684.0;12;28;17;26;134;23;13;24;13
690.0;14;30;17;26;133;23;13;22;12
696.0;15;30;18;28;132;20;13;23;11
702.0;15;28;17;29;134;22;13;21;11
708.0;13;30;16;29;133;21;14;21;13
714.0;12;32;17;29;134;18;12;20;16
720.0;11;31;18;29;134;18;12;24;13
726.0;10;30;15;29;136;21;11;24;14
732.0;13;30;15;29;134;21;10;25;13
738.0;12;31;19;28;134;20;8;27;11
744.0;12;29;18;28;135;21;7;28;12
750.0;11;30;18;28;133;22;8;28;12
756.0;12;31;15;28;131;22;10;26;15
762.0;11;34;14;28;130;22;10;27;14
768.0;12;33;14;27;129;24;12;26;13
774.0;9;33;12;28;130;26;12;25;15
780.0;12;34;10;27;128;27;12;25;15
786.0;12;32;13;29;128;27;10;25;14
792.0;10;33;14;28;127;29;11;24;14
798.0;12;33;16;28;128;28;10;24;11
804.0;13;31;14;28;130;28;12;24;10
810.0;13;34;14;27;132;27;10;24;9
816.0;16;35;14;26;133;23;10;23;10
822.0;18;34;14;26;131;23;12;21;11
828.0;21;32;15;22;132;23;12;21;12
834.0;19;32;18;24;130;20;12;22;13
840.0;18;31;17;26;132;19;12;23;12
846.0;17;28;18;25;132;20;11;24;15
852.0;15;26;17;22;136;21;13;25;15
858.0;16;26;18;20;134;21;13;27;15
864.0;15;26;19;21;135;21;10;27;16
870.0;16;25;16;22;136;22;10;29;14
876.0;17;23;15;22;137;24;10;28;14
882.0;18;24;10;20;134;27;16;27;14
888.0;17;22;10;22;133;27;16;28;15
894.0;18;22;10;21;131;26;19;27;16
900.0;18;26;12;21;129;25;17;27;15
906.0;16;25;11;21;127;28;16;30;16
912.0;14;26;10;22;126;29;16;27;20
918.0;14;27;8;22;127;31;15;27;19
924.0;14;27;8;22;128;31;15;26;19
930.0;17;29;7;21;128;30;15;26;17
936.0;18;27;8;22;129;29;15;25;17
942.0;16;29;9;22;130;28;14;25;17
948.0;17;27;10;24;132;26;15;24;15
954.0;14;27;10;27;131;25;16;25;15
960.0;14;27;11;26;132;24;18;24;14
966.0;14;25;12;28;132;23;18;26;12
972.0;12;25;12;29;130;24;18;26;14
978.0;10;27;14;30;131;21;17;24;16
984.0;10;26;14;28;129;20;24;23;16
990.0;12;24;12;29;128;21;25;24;15
996.0;15;23;11;30;127;25;21;24;14
1002.0;15;22;10;32;127;25;20;25;14
1008.0;12;24;10;35;131;23;19;24;12
1014.0;11;25;9;35;130;26;19;24;11
1020.0;13;24;9;33;132;25;18;25;11
1026.0;15;25;10;34;132;23;15;24;12
1032.0;14;25;11;33;132;22;16;24;13
1038.0;17;25;9;30;130;23;15;24;17
1044.0;15;26;9;30;133;24;17;21;15
1050.0;14;27;9;30;134;25;15;20;16
1056.0;12;27;8;30;138;24;15;19;17
1062.0;9;28;12;28;140;25;13;17;18
1068.0;10;28;11;26;139;27;14;18;17
1074.0;8;28;14;25;138;29;15;19;14
1080.0;7;27;13;24;139;28;16;19;17
1086.0;8;25;15;25;137;27;16;19;18
1092.0;10;26;14;25;134;28;15;21;17
1098.0;9;26;13;23;135;28;17;22;17
1104.0;10;25;14;21;135;31;15;23;16
1110.0;12;25;15;21;135;32;9;25;16
1116.0;12;25;17;22;135;30;9;24;16
1122.0;12;27;16;21;136;31;9;22;16
1128.0;13;25;16;22;135;32;10;22;15
1134.0;13;24;18;23;133;30;9;24;16
1140.0;16;24;17;25;131;28;8;26;15
1146.0;15;24;16;27;128;27;10;28;15
1152.0;15;23;13;28;131;31;10;26;13
1158.0;14;26;15;28;130;29;9;26;13
1164.0;15;27;13;26;130;30;8;26;15
1170.0;15;26;13;25;132;28;9;27;15
1176.0;15;27;13;26;128;25;12;28;16
1182.0;15;25;14;26;132;24;11;26;17
1188.0;16;23;15;26;134;26;11;23;16
1194.0;14;25;14;28;128;27;12;26;16
1200.0;16;23;16;29;129;26;12;24;15
1206.0;16;23;16;27;131;26;11;25;15
1212.0;14;22;14;27;132;27;14;25;15
1218.0;13;21;11;28;134;27;13;27;16
1224.0;11;19;12;29;134;27;14;28;16
1230.0;12;20;12;28;136;26;12;28;16
1236.0;10;19;15;28;134;29;12;26;17
1242.0;11;21;16;27;134;31;12;24;14
1248.0;10;24;15;27;132;30;12;26;14
1254.0;9;24;16;28;130;28;13;27;15
1260.0;8;24;17;25;129;28;13;27;19
1266.0;7;24;14;26;130;28;15;27;19
1272.0;5;23;12;25;132;25;19;29;20
1278.0;6;23;11;23;134;25;20;27;21
1284.0;6;23;12;23;136;28;19;27;16
1290.0;7;23;13;23;136;27;18;27;16
1296.0;7;23;14;23;136;26;18;27;16
1302.0;10;20;15;23;136;24;22;25;15
1308.0;9;19;13;28;138;24;21;25;13
1314.0;9;20;8;29;138;28;18;27;13
1320.0;10;21;8;29;137;27;19;27;12
1326.0;9;21;8;30;138;29;20;26;9
1332.0;9;22;9;30;140;28;19;26;7
1338.0;10;21;8;30;139;28;19;27;8
1344.0;10;19;9;32;137;30;15;26;12
1350.0;11;19;9;32;135;28;15;27;14
1356.0;9;19;8;35;133;28;17;28;13
1362.0;9;21;8;33;133;26;18;29;13
1368.0;9;22;8;34;134;25;17;28;13
1374.0;9;25;9;31;133;24;18;30;11
1380.0;12;24;9;29;133;24;16;28;15
1386.0;15;25;9;27;133;23;15;25;18
1392.0;14;27;10;27;134;22;12;25;19
1398.0;15;28;10;29;133;21;12;23;19
1404.0;16;27;12;32;134;17;14;22;16
1410.0;14;30;11;31;133;18;14;23;16
1416.0;16;32;10;30;133;19;10;22;18
1422.0;14;33;10;29;131;24;11;23;15
1428.0;16;32;9;31;131;26;11;23;11
1434.0;15;31;8;30;129;26;14;25;12
1440.0;13;32;7;28;129;25;13;28;15
1446.0;12;30;8;28;131;24;14;28;15
1452.0;10;28;10;30;133;20;13;28;18
1458.0;14;27;10;28;133;22;15;26;15
1464.0;15;32;10;27;133;18;14;29;12
1470.0;18;34;11;27;129;18;13;27;13
1476.0;20;33;13;21;130;19;13;28;13
1482.0;20;34;15;20;130;19;12;28;12
1488.0;16;36;16;18;131;19;13;30;11
1494.0;16;35;16;18;130;22;11;32;10
1500.0;13;34;18;19;132;22;10;31;11
1506.0;12;32;20;20;130;22;9;31;14
1512.0;12;34;19;21;131;22;6;31;14
1518.0;10;32;17;22;134;25;6;30;14
1524.0;8;32;19;24;134;26;5;29;13
1530.0;8;28;18;27;135;23;9;30;12
1536.0;9;28;20;29;133;21;11;28;11
1542.0;9;28;21;27;133;21;12;28;11
1548.0;12;29;19;23;133;20;13;29;12
1554.0;12;30;18;22;134;20;13;29;12
1560.0;13;30;20;22;133;19;14;28;11
1566.0;12;28;20;23;133;18;14;29;13
1572.0;15;28;16;24;132;19;13;26;17
1578.0;13;30;14;24;133;19;11;27;19
1584.0;14;31;13;22;134;22;13;26;15
1590.0;15;29;15;24;133;23;12;24;15
1596.0;15;29;18;25;131;22;9;24;17
1602.0;13;28;18;29;128;23;10;24;17
1608.0;12;29;16;30;126;23;10;22;22
1614.0;11;30;17;31;126;22;9;23;21
1620.0;11;30;15;31;127;22;8;25;21
1626.0;12;34;13;32;128;21;8;25;17
1632.0;10;35;14;32;128;22;8;26;15
1638.0;11;34;14;33;126;23;9;24;16
1644.0;10;35;13;32;127;24;9;24;16
1650.0;10;35;14;33;125;26;7;24;16
1656.0;11;36;14;30;125;27;6;24;17
1662.0;10;37;13;31;125;25;6;27;16
1668.0;12;36;11;29;125;27;9;28;13
1674.0;11;34;14;28;125;27;9;28;14
1680.0;11;31;15;28;128;29;8;27;13
1686.0;12;31;14;29;128;26;7;28;15
1692.0;11;29;15;29;128;26;8;30;14
1698.0;13;28;15;31;129;24;7;31;12
1704.0;15;27;14;31;131;24;9;28;11
1710.0;13;28;11;30;132;26;10;31;9
1716.0;13;27;12;30;133;27;10;31;7
1722.0;11;26;14;29;134;28;11;30;7
1728.0;12;23;15;27;135;32;11;27;8
1734.0;11;24;16;28;135;31;10;27;8
1740.0;10;22;15;28;137;32;11;27;8
1746.0;12;21;15;29;134;32;9;29;9
1752.0;16;19;14;30;134;30;8;30;9
1758.0;17;17;16;29;133;29;9;30;10
1764.0;15;18;17;28;132;29;10;30;11
1770.0;15;20;17;28;133;29;7;32;9
1776.0;16;24;17;27;134;27;7;30;8
1782.0;16;24;16;28;134;28;6;30;8
1788.0;17;22;16;30;136;27;4;31;7
1794.0;15;21;15;30;136;28;6;30;9
