#auto generated file!
12.0;52;46;41;39;51;54;49;60;58
18.0;48;45;41;42;56;58;50;60;50
24.0;49;43;39;45;59;57;49;56;53
30.0;50;43;37;42;60;59;47;57;55
36.0;45;45;40;42;63;59;43;60;53
42.0;49;43;38;41;66;57;40;62;54
48.0;51;43;38;45;63;57;36;64;53
54.0;47;45;35;43;65;63;37;63;52
60.0;48;49;32;45;68;59;34;61;54
66.0;44;50;32;49;69;59;35;61;51
72.0;44;50;27;50;73;64;34;60;48
78.0;41;54;26;49;77;64;34;57;48
84.0;45;52;26;48;87;63;28;56;45
90.0;45;55;26;52;87;57;29;57;42
96.0;44;55;28;51;88;58;27;57;42
102.0;37;57;30;52;91;58;25;56;44
108.0;35;59;29;53;92;58;24;58;42
114.0;36;61;30;51;95;56;23;59;39
120.0;33;63;34;50;97;57;25;57;34
126.0;30;61;34;50;97;56;27;61;34
132.0;27;62;35;52;100;55;26;62;31
138.0;26;63;33;53;101;54;28;63;29
144.0;27;56;33;55;106;51;29;63;30
150.0;25;59;32;51;106;54;31;60;32
156.0;28;63;30;51;107;53;31;56;31
162.0;29;60;30;52;106;53;28;60;32
168.0;28;59;28;51;109;52;32;57;34
174.0;27;55;26;53;110;53;34;57;35
180.0;28;55;26;52;109;50;38;55;37
186.0;27;53;30;52;109;47;36;54;42
192.0;27;52;29;53;110;50;36;52;41
198.0;23;51;30;56;111;53;33;54;39
204.0;23;55;26;54;110;51;31;59;41
210.0;27;53;27;53;112;50;32;58;38
216.0;25;56;29;52;116;46;32;59;35
222.0;28;56;26;51;113;52;32;56;36
228.0;30;56;22;52;118;54;27;57;34
234.0;26;59;22;53;119;51;32;54;34
240.0;31;58;21;54;119;50;30;53;34
246.0;31;56;20;51;124;49;28;56;35
252.0;28;54;21;50;129;52;28;54;34
258.0;27;55;20;52;130;53;28;54;31
264.0;22;56;20;56;134;52;28;51;31
270.0;22;53;21;56;137;52;28;50;31
276.0;19;54;20;58;138;53;23;55;30
282.0;20;55;20;56;139;52;22;58;28
288.0;19;54;20;58;141;55;23;54;26
294.0;21;57;25;58;141;47;24;53;24
300.0;20;58;22;57;139;48;29;54;23
306.0;20;58;23;57;142;48;28;51;23
312.0;20;62;26;56;143;44;28;51;20
318.0;19;62;24;56;140;46;31;52;20
324.0;16;63;25;56;140;45;32;53;20
330.0;17;59;22;55;149;44;33;53;18
336.0;11;62;23;56;148;44;33;55;18
342.0;11;63;25;57;145;46;32;52;19
348.0;13;61;22;54;147;49;34;49;21
354.0;14;59;18;55;149;51;32;50;22
360.0;12;62;17;53;148;52;33;50;23
366.0;18;63;19;51;149;53;28;49;20
372.0;20;66;18;53;149;53;23;48;20
378.0;23;63;21;53;146;55;22;48;19
384.0;21;60;25;52;145;57;21;49;20
390.0;25;58;25;51;145;57;22;47;20
396.0;29;55;24;51;147;55;23;47;19
402.0;28;56;26;50;150;52;25;46;17
408.0;26;56;27;53;151;52;23;45;17
414.0;26;56;25;55;153;56;23;40;16
420.0;29;53;24;57;156;57;20;41;13
426.0;26;50;26;59;157;54;19;43;16
432.0;26;49;27;60;160;52;18;42;16
438.0;25;49;29;62;161;49;19;41;15
444.0;27;48;28;60;164;46;20;43;14
450.0;28;47;28;59;165;45;18;46;14
456.0;30;49;27;57;166;44;15;46;16
462.0;28;50;27;53;167;44;19;42;20
468.0;26;48;27;53;166;43;22;43;22
474.0;28;45;26;55;169;45;22;40;20
480.0;24;47;26;52;170;49;26;37;19
486.0;24;47;27;52;174;46;25;35;20
492.0;25;46;28;49;173;44;29;37;19
498.0;25;46;28;48;173;45;24;36;25
504.0;22;45;29;49;174;44;23;41;23
510.0;21;45;31;48;176;41;22;42;24
516.0;24;47;31;45;174;40;23;43;23
522.0;20;48;31;45;179;42;21;43;21
528.0;25;48;31;41;180;43;25;40;17
534.0;25;52;30;40;181;42;24;41;15
540.0;21;51;31;41;180;41;27;43;15
546.0;25;47;31;40;179;44;24;43;17
552.0;26;50;31;40;181;42;21;42;17
558.0;30;47;29;38;178;46;23;42;17
564.0;31;43;29;37;177;49;21;45;18
570.0;33;43;26;35;176;48;22;44;23
576.0;34;40;29;34;177;49;21;44;22
582.0;32;40;28;38;178;48;21;44;21
588.0;31;40;27;37;179;45;24;46;21
594.0;32;40;25;38;178;49;22;45;21
600.0;30;45;24;36;180;50;22;44;19
606.0;34;41;22;32;180;53;24;47;17
612.0;33;43;21;33;177;50;26;48;19
618.0;24;46;23;31;178;50;25;52;21
624.0;22;45;27;31;180;50;24;51;20
630.0;22;47;29;33;179;46;24;51;19
636.0;23;45;31;31;178;43;28;50;21
642.0;18;43;27;32;176;48;29;52;25
648.0;20;43;23;34;178;50;27;51;24
654.0;23;40;25;34;178;51;27;50;22
660.0;24;37;24;34;177;54;25;51;24
666.0;26;39;22;31;181;50;25;50;26
672.0;30;34;22;31;181;49;24;53;26
678.0;29;37;24;32;178;48;24;52;26
684.0;29;38;23;33;179;46;25;51;26
690.0;27;40;23;31;181;47;25;54;22
696.0;27;38;22;28;183;47;25;56;24
702.0;25;37;20;32;180;50;26;56;24
708.0;26;40;20;34;179;47;26;55;23
714.0;28;39;17;37;179;45;26;56;23
720.0;27;37;15;40;178;46;28;57;22
726.0;26;37;17;40;178;48;27;56;21
732.0;25;38;18;39;174;49;27;57;23
738.0;25;35;17;45;174;45;28;60;21
744.0;23;38;14;44;176;46;26;61;22
750.0;24;39;15;44;178;48;23;58;21
756.0;22;39;14;46;179;49;24;57;20
762.0;21;43;15;44;178;49;24;56;20
768.0;18;43;17;42;177;52;25;54;22
774.0;19;44;15;42;179;53;25;51;22
780.0;18;47;15;40;184;51;24;49;22
786.0;18;52;15;42;185;47;24;48;19
792.0;21;51;15;42;185;48;23;49;16
798.0;19;49;14;41;186;53;23;48;17
804.0;17;49;15;43;184;54;24;48;16
810.0;15;49;17;44;184;51;25;48;17
816.0;18;49;17;43;181;52;25;47;18
822.0;19;45;19;45;178;52;25;48;19
828.0;19;44;19;47;178;52;28;46;17
834.0;22;46;21;47;178;52;24;44;16
840.0;21;47;18;46;178;50;27;45;18
846.0;19;47;17;48;182;47;30;41;19
852.0;19;44;16;49;184;45;29;45;19
858.0;20;44;15;49;184;46;28;46;18
864.0;20;45;15;49;183;42;27;48;21
870.0;22;43;18;51;183;42;25;47;19
876.0;21;42;18;53;183;43;22;47;21
882.0;20;39;20;53;184;44;23;47;20
888.0;19;39;28;51;183;43;21;45;21
894.0;20;37;26;47;185;47;23;44;21
900.0;22;39;22;48;184;46;23;46;20
906.0;17;40;22;46;183;51;22;44;25
912.0;18;37;20;46;185;53;24;44;23
918.0;18;38;21;48;185;52;24;43;21
924.0;17;39;20;51;185;53;23;43;19
930.0;18;41;24;54;182;50;22;46;13
936.0;18;39;25;55;181;51;19;49;13
942.0;22;39;26;53;181;53;18;45;13
948.0;23;40;23;53;181;53;20;43;14
954.0;23;43;26;51;180;52;16;45;14
960.0;24;44;26;53;182;52;12;43;14
966.0;25;43;26;55;183;51;14;42;11
972.0;27;45;27;53;186;50;13;42;7
978.0;26;46;27;51;185;52;14;42;7
984.0;23;46;26;50;186;53;16;41;9
990.0;22;45;27;48;189;53;14;40;12
996.0;20;43;26;51;188;50;17;39;16
1002.0;19;43;22;52;187;49;17;45;16
1008.0;16;44;20;56;189;49;14;46;16
1014.0;15;45;19;52;191;51;15;44;18
1020.0;15;46;20;50;190;52;14;43;20
1026.0;16;45;22;49;190;50;15;41;22
1032.0;16;47;22;46;188;50;15;43;23
1038.0;17;48;23;41;191;55;14;38;23
1044.0;16;45;24;40;192;54;16;38;25
1050.0;20;43;23;41;193;53;14;36;27
1056.0;20;42;24;41;191;50;19;37;26
1062.0;19;42;24;40;192;54;18;37;24
1068.0;19;40;26;40;192;52;17;40;24
1074.0;19;38;28;41;187;53;20;41;23
1080.0;22;37;27;42;187;51;21;41;22
1086.0;22;40;26;42;187;51;21;39;22
1092.0;23;40;26;45;185;52;18;39;22
1098.0;25;38;24;44;185;51;17;43;23
1104.0;23;40;22;42;185;54;21;42;21
1110.0;21;40;21;43;187;53;22;42;21
1116.0;22;41;23;44;184;54;21;42;19
1122.0;15;44;23;42;186;52;27;44;17
1128.0;15;47;20;41;186;52;25;45;19
1134.0;14;45;24;37;189;55;24;43;19
1140.0;13;48;22;36;190;57;20;46;18
1146.0;15;44;21;38;192;59;18;46;17
1152.0;18;50;16;37;189;57;21;45;17
1158.0;16;52;14;39;191;53;23;42;20
1164.0;16;49;16;36;191;56;19;46;21
1170.0;17;50;15;34;193;61;18;42;20
1176.0;20;48;15;32;197;59;16;43;20
1182.0;21;49;14;34;196;54;18;44;20
1188.0;25;48;14;36;197;54;17;42;17
1194.0;21;52;16;35;201;51;17;41;16
1200.0;19;51;17;37;200;49;18;40;19
1206.0;19;53;18;36;200;47;16;40;21
1212.0;20;50;18;37;201;47;17;39;21
1218.0;16;52;19;35;202;49;17;41;19
1224.0;17;55;18;35;203;47;16;40;19
1230.0;19;57;16;33;202;44;17;41;21
1236.0;19;60;14;34;200;43;16;45;19
1242.0;20;59;15;36;201;43;13;44;19
1248.0;17;57;16;39;200;44;14;41;22
1254.0;15;56;20;40;196;43;16;41;23
1260.0;16;57;22;43;194;41;15;40;22
1266.0;17;55;22;44;193;42;13;42;22
1272.0;15;54;30;46;190;40;11;42;22
1278.0;14;52;29;48;191;40;13;40;23
1284.0;18;53;28;51;192;39;12;35;22
1290.0;18;54;26;52;191;40;12;36;21
1296.0;19;54;29;51;188;43;12;35;19
1302.0;21;53;28;49;187;44;12;35;21
1308.0;21;52;27;47;192;44;13;32;22
1314.0;21;50;26;46;193;43;14;34;23
1320.0;23;53;23;45;193;41;13;36;23
1326.0;18;52;23;47;193;40;16;36;25
1332.0;17;51;22;48;195;38;14;35;30
1338.0;15;54;20;48;195;41;16;32;29
1344.0;15;53;18;49;197;41;16;35;26
1350.0;14;50;18;47;200;43;17;35;26
1356.0;15;48;21;45;200;41;19;35;26
1362.0;18;48;19;45;200;37;19;38;26
1368.0;18;51;18;48;201;35;20;37;22
1374.0;18;49;18;46;200;31;24;40;24
1380.0;17;51;16;47;199;30;23;42;25
1386.0;17;47;15;45;202;34;24;45;21
1392.0;18;52;12;43;199;36;22;44;24
1398.0;18;52;13;42;199;36;21;44;25
1404.0;16;49;14;40;201;39;24;43;24
1410.0;13;46;15;41;205;35;30;40;25
1416.0;12;46;16;39;207;34;30;41;25
1422.0;14;46;18;38;206;37;28;41;22
1428.0;16;47;16;37;205;37;29;39;24
1434.0;18;41;16;38;206;38;30;40;23
1440.0;16;44;17;38;204;39;26;41;25
1446.0;13;45;18;37;204;41;29;37;26
1452.0;12;42;18;37;208;43;26;39;25
1458.0;11;40;20;39;209;40;26;38;27
1464.0;8;40;23;41;207;42;25;34;30
1470.0;8;40;25;42;210;42;23;33;27
1476.0;13;39;24;41;210;42;21;33;27
1482.0;13;41;25;41;206;42;22;34;26
1488.0;14;40;25;39;206;41;22;35;28
1494.0;19;42;24;40;205;41;20;34;25
1500.0;17;44;22;40;206;41;24;34;22
1506.0;18;42;24;38;210;41;24;34;19
1512.0;19;41;20;38;210;43;24;35;20
1518.0;17;41;20;40;212;41;21;36;22
1524.0;15;39;20;39;214;42;20;38;23
1530.0;18;41;19;38;212;43;17;39;23
1536.0;20;47;18;38;211;41;17;38;20
1542.0;19;45;16;40;214;42;18;38;18
1548.0;17;42;16;43;215;44;18;36;19
1554.0;22;42;17;39;215;44;18;33;20
1560.0;21;42;16;43;216;46;14;33;19
1566.0;21;43;16;43;217;48;14;30;18
1572.0;18;42;19;43;214;50;14;29;21
1578.0;18;39;18;42;213;53;15;31;21
1584.0;17;37;19;43;215;54;15;30;20
1590.0;19;35;17;44;210;56;18;29;22
1596.0;18;34;18;47;210;53;21;28;21
1602.0;18;36;18;47;210;53;23;26;19
1608.0;20;36;18;48;207;54;22;26;19
1614.0;19;36;21;48;206;53;24;25;18
1620.0;18;38;17;48;206;53;23;28;19
1626.0;18;38;21;51;206;47;24;27;18
1632.0;16;37;21;52;206;45;24;28;21
1638.0;16;35;20;53;208;48;24;27;19
1644.0;15;35;21;54;208;44;23;32;18
1650.0;17;39;21;51;208;45;19;33;17
1656.0;17;39;22;50;207;48;16;32;19
1662.0;14;40;21;51;208;47;19;32;18
1668.0;15;42;23;49;203;47;17;35;19
1674.0;17;40;22;48;202;48;19;35;19
1680.0;20;38;20;51;202;46;18;34;21
1686.0;24;36;21;50;201;43;19;32;24
1692.0;22;36;25;51;201;39;18;37;21
1698.0;20;35;25;50;204;39;20;35;22
1704.0;21;36;24;46;204;40;21;36;22
1710.0;23;39;22;47;201;37;26;35;20
1716.0;20;35;26;46;200;36;25;39;23
1722.0;19;34;27;46;202;38;25;39;20
1728.0;20;33;26;45;205;35;25;41;20
1734.0;21;31;26;47;203;36;26;40;20
1740.0;18;32;30;42;204;34;30;40;20
1746.0;17;31;30;46;201;33;26;42;24
1752.0;16;29;30;48;206;36;25;40;20
1758.0;14;28;27;48;207;40;24;40;22
1764.0;17;27;27;47;204;41;21;41;25
1770.0;16;29;28;49;203;41;21;40;23
1776.0;16;30;21;49;203;43;20;44;24
1782.0;16;31;16;53;204;44;19;45;22
1788.0;17;36;15;52;204;42;18;44;22
1794.0;19;36;15;51;201;42;19;43;24
