#auto generated file!
12.0;27;30;26;25;32;25;19;25;21
18.0;25;32;25;27;35;24;19;24;19
24.0;26;34;23;27;35;24;19;22;20
30.0;21;35;23;27;36;25;21;23;19
36.0;18;36;24;25;39;25;21;25;17
42.0;16;37;22;26;40;25;20;26;18
48.0;13;38;20;26;44;26;20;28;15
54.0;13;37;20;25;45;25;22;27;16
60.0;13;35;19;26;47;24;19;28;19
66.0;11;38;19;27;48;26;17;25;19
72.0;10;37;17;28;50;26;17;26;19
78.0;10;37;15;27;50;27;20;25;19
84.0;11;40;11;28;51;29;18;25;17
90.0;14;38;9;28;51;31;20;23;16
96.0;16;39;9;27;52;29;19;24;15
102.0;17;39;6;27;54;29;19;27;12
108.0;16;38;7;23;57;29;21;28;11
114.0;15;36;7;23;57;29;20;30;13
120.0;17;34;6;25;59;28;21;28;12
126.0;18;34;7;27;58;26;19;28;13
132.0;19;31;8;27;60;26;17;29;13
138.0;20;31;10;26;62;26;17;29;9
144.0;21;33;9;25;64;27;16;26;9
150.0;21;33;12;22;64;27;14;26;11
156.0;23;35;12;22;62;25;13;28;10
162.0;24;33;11;24;61;27;15;26;9
168.0;22;34;11;23;62;28;15;24;11
174.0;19;35;13;21;65;27;15;22;13
180.0;19;35;13;21;67;27;13;22;13
186.0;21;33;11;23;65;27;13;23;14
192.0;20;36;8;21;66;29;12;25;13
198.0;19;39;6;24;67;29;12;22;12
204.0;20;35;9;23;66;29;12;23;13
210.0;18;34;12;24;71;27;8;23;13
216.0;16;35;11;24;72;25;9;21;17
222.0;17;37;10;22;73;24;8;22;17
228.0;19;34;10;21;74;25;7;24;16
234.0;20;32;10;22;74;25;8;24;15
240.0;21;32;10;23;75;23;7;24;15
246.0;21;29;10;22;78;23;8;24;15
252.0;17;30;10;20;80;24;8;25;16
258.0;17;29;10;18;83;24;10;22;17
264.0;16;31;12;18;82;23;10;22;16
270.0;17;30;12;18;82;23;10;22;16
276.0;15;28;11;17;83;23;11;24;18
282.0;16;26;10;17;84;23;10;26;18
288.0;15;25;10;19;87;24;10;24;16
294.0;13;27;12;18;87;23;8;25;17
300.0;13;21;12;19;87;25;10;25;18
306.0;14;22;12;21;86;25;10;22;18
312.0;13;22;13;21;87;23;9;25;17
318.0;13;21;11;22;88;23;10;24;18
324.0;12;25;12;21;92;22;8;24;14
330.0;13;24;12;21;93;24;8;24;11
336.0;14;24;11;24;94;24;9;23;7
342.0;12;23;9;22;95;26;10;26;7
348.0;12;22;10;24;95;23;10;27;7
354.0;14;21;9;26;95;22;11;28;4
360.0;15;23;8;26;95;22;10;27;4
366.0;13;23;12;26;94;22;10;27;3
372.0;13;22;10;25;97;23;8;29;3
378.0;13;21;10;24;99;24;8;26;5
384.0;15;20;8;23;101;21;9;25;8
390.0;14;22;7;22;103;22;8;22;10
396.0;12;23;7;22;104;25;8;20;9
402.0;9;23;9;21;103;24;10;21;10
408.0;12;21;9;22;105;23;9;20;9
414.0;10;20;9;23;108;23;8;20;9
420.0;11;21;10;22;108;21;8;21;8
426.0;9;21;10;22;109;19;11;19;10
432.0;12;19;10;24;108;18;9;21;9
438.0;8;22;12;25;107;16;6;23;11
444.0;6;22;14;24;108;17;5;21;13
450.0;5;22;16;23;107;17;7;20;13
456.0;6;21;17;24;107;17;7;19;12
462.0;7;22;17;21;107;17;8;18;13
468.0;7;21;16;21;107;19;7;19;13
474.0;7;23;14;21;107;19;8;19;12
480.0;7;24;13;20;108;21;7;19;11
486.0;7;24;12;21;108;20;9;19;10
492.0;8;22;12;21;109;20;9;21;8
498.0;7;20;12;23;111;20;9;21;7
504.0;7;16;13;24;109;21;10;20;10
510.0;9;17;13;25;107;21;9;20;9
516.0;10;18;13;23;108;21;8;19;10
522.0;10;17;13;22;108;20;9;20;11
528.0;7;17;13;21;108;23;8;21;12
534.0;10;16;11;21;107;21;8;22;14
540.0;8;16;10;22;107;22;10;19;16
546.0;8;16;11;22;109;21;11;17;15
552.0;8;15;12;23;108;21;8;17;18
558.0;7;17;9;24;108;23;7;17;18
564.0;7;17;9;28;107;21;8;18;15
570.0;9;16;10;27;106;19;9;21;13
576.0;8;16;9;28;107;19;10;20;13
582.0;10;17;12;23;107;21;11;18;11
588.0;9;19;12;24;104;22;10;17;13
594.0;8;19;9;24;107;22;11;18;12
600.0;8;20;11;25;108;18;9;21;10
606.0;8;18;10;27;107;17;9;22;12
612.0;9;18;6;28;108;17;9;22;13
618.0;9;19;7;28;106;17;10;22;12
624.0;9;19;7;27;106;16;13;20;13
630.0;11;17;8;26;108;16;15;19;10
636.0;13;17;9;28;108;18;13;17;7
642.0;13;19;9;28;108;18;10;17;8
648.0;11;19;10;28;109;18;9;17;9
654.0;13;22;9;27;109;18;8;16;8
660.0;12;19;10;25;110;18;10;17;9
666.0;11;19;8;24;113;19;8;18;10
672.0;12;20;7;23;113;20;8;18;9
678.0;10;19;9;24;114;18;8;20;8
684.0;10;20;8;25;114;17;8;19;9
690.0;12;20;7;26;114;15;6;20;10
696.0;13;20;8;27;112;14;5;21;10
702.0;12;21;10;28;112;16;6;19;6
708.0;11;21;12;26;110;16;8;20;6
714.0;12;20;14;25;111;14;8;20;6
720.0;10;20;13;27;107;15;8;21;9
726.0;9;20;12;28;109;14;8;22;8
732.0;9;20;15;27;108;13;9;20;9
738.0;7;21;14;29;107;14;8;21;9
744.0;7;24;13;26;105;15;10;21;9
750.0;9;25;13;24;108;14;9;20;8
756.0;9;24;10;23;110;15;10;19;10
762.0;10;23;12;22;112;15;10;19;7
768.0;11;23;11;22;113;14;10;18;8
774.0;10;19;11;20;114;14;13;20;9
780.0;9;23;10;20;114;15;13;17;9
786.0;10;24;10;20;114;15;13;16;8
792.0;10;24;11;17;115;15;14;16;8
798.0;9;22;9;20;116;15;14;17;8
804.0;8;23;11;18;115;16;14;15;10
810.0;9;24;11;19;113;17;14;15;8
816.0;8;23;11;18;113;19;15;16;7
822.0;8;23;10;20;113;18;12;17;9
828.0;8;22;9;21;114;18;12;17;9
834.0;9;22;8;22;114;17;12;18;8
840.0;10;20;9;20;112;19;14;18;8
846.0;9;20;9;21;110;22;14;18;7
852.0;9;21;9;22;109;22;12;19;7
858.0;7;21;9;22;110;23;12;18;8
864.0;7;22;9;21;110;21;12;20;8
870.0;10;22;9;20;109;22;14;17;7
876.0;9;21;11;21;106;24;13;18;7
882.0;9;20;11;22;108;22;13;17;8
888.0;9;19;12;23;108;21;12;18;8
894.0;9;20;11;25;108;20;12;17;8
900.0;8;22;11;26;107;20;12;16;8
906.0;8;21;9;25;108;20;13;19;7
912.0;7;24;8;26;107;19;13;19;7
918.0;7;23;6;27;106;19;15;19;8
924.0;6;22;6;26;106;20;15;22;7
930.0;8;22;7;25;107;20;14;21;6
936.0;7;22;10;26;107;20;12;20;6
942.0;7;21;9;26;106;21;13;20;7
948.0;6;20;10;26;105;21;13;21;8
954.0;5;20;12;26;105;21;13;19;9
960.0;4;19;12;26;106;22;11;21;9
966.0;4;20;13;26;104;23;11;20;9
972.0;4;19;11;27;107;24;10;18;10
978.0;4;20;11;26;107;23;9;20;10
984.0;5;18;12;26;111;25;8;17;8
990.0;6;18;12;27;111;23;10;17;6
996.0;5;21;11;26;112;21;9;19;6
1002.0;8;21;10;28;113;19;9;18;4
1008.0;9;20;11;28;112;19;8;17;6
1014.0;10;18;10;29;112;18;7;20;6
1020.0;10;19;8;28;113;20;10;18;4
1026.0;10;20;10;26;111;19;9;19;6
1032.0;8;20;10;25;112;22;9;18;6
1038.0;10;18;13;25;113;21;8;17;5
1044.0;11;17;12;25;114;21;8;18;4
1050.0;9;18;12;25;114;24;8;16;4
1056.0;9;16;11;27;114;23;8;17;5
1062.0;8;17;11;26;113;25;7;17;6
1068.0;7;17;9;24;113;27;7;18;8
1074.0;8;18;10;24;111;27;6;20;6
1080.0;8;20;11;25;110;24;6;20;6
1086.0;8;22;11;26;108;24;7;19;5
1092.0;9;23;11;27;109;22;5;19;5
1098.0;7;23;13;27;109;22;4;20;5
1104.0;6;21;14;26;111;22;6;21;3
1110.0;8;21;16;27;111;21;4;20;2
1116.0;7;21;17;25;112;20;6;20;2
1122.0;7;20;16;23;113;22;6;20;3
1128.0;8;17;17;23;113;23;5;20;4
1134.0;7;16;16;23;111;22;8;23;4
1140.0;8;15;18;24;111;21;9;20;4
1146.0;9;16;13;24;110;22;9;23;4
1152.0;10;15;11;24;109;23;9;23;6
1158.0;12;14;9;24;109;25;8;23;6
1164.0;11;14;7;25;111;24;9;24;5
1170.0;11;12;5;27;111;24;10;24;6
1176.0;10;14;6;25;112;24;10;22;7
1182.0;11;13;5;27;114;25;8;22;5
1188.0;11;15;4;28;113;24;6;22;7
1194.0;11;16;4;28;112;24;7;21;7
1200.0;8;17;4;28;111;25;9;19;9
1206.0;6;15;5;27;111;26;11;19;10
1212.0;5;15;7;26;112;26;11;17;11
1218.0;7;14;5;25;113;25;13;17;11
1224.0;9;17;6;20;112;25;11;19;11
1230.0;9;17;6;19;110;28;10;22;9
1236.0;8;16;7;18;109;28;10;23;11
1242.0;7;17;8;17;109;26;11;24;11
1248.0;7;17;9;17;109;25;11;24;11
1254.0;6;16;9;20;109;25;11;23;11
1260.0;5;15;9;22;109;25;13;20;12
1266.0;6;16;10;21;110;21;14;20;12
1272.0;8;17;11;22;110;19;13;22;8
1278.0;10;17;10;23;112;21;10;20;7
1284.0;11;18;11;22;112;22;9;19;6
1290.0;13;17;11;24;111;23;7;19;5
1296.0;13;17;10;21;112;23;7;20;7
1302.0;13;16;9;21;110;21;9;22;9
1308.0;13;16;10;16;109;21;10;25;10
1314.0;13;15;11;17;110;20;10;24;10
1320.0;14;16;11;17;107;20;11;23;11
1326.0;13;16;11;16;109;21;8;24;12
1332.0;11;17;9;17;109;21;9;24;13
1338.0;12;17;9;18;108;19;10;27;10
1344.0;12;17;8;18;108;18;11;28;10
1350.0;11;16;9;20;106;18;11;28;11
1356.0;12;17;10;19;105;16;11;29;11
1362.0;12;18;9;18;102;18;11;30;12
1368.0;12;20;10;16;101;16;12;28;15
1374.0;11;19;12;15;101;16;13;28;15
1380.0;13;20;11;14;101;15;13;28;15
1386.0;12;23;9;14;102;14;12;28;16
1392.0;12;24;8;15;101;15;8;31;16
1398.0;11;24;7;15;101;15;10;31;16
1404.0;9;25;7;15;103;16;10;30;15
1410.0;8;23;8;16;104;15;10;31;15
1416.0;7;21;8;18;107;15;8;31;15
1422.0;6;20;9;18;107;15;8;33;14
1428.0;7;21;8;17;107;15;9;32;14
1434.0;8;24;9;17;107;16;8;31;10
1440.0;4;24;8;16;110;17;7;33;11
1446.0;5;25;8;15;112;18;7;30;10
1452.0;5;25;7;15;112;18;9;28;11
1458.0;7;23;7;16;111;17;12;25;12
1464.0;9;22;6;18;113;16;11;23;12
1470.0;10;17;7;21;114;14;9;27;11
1476.0;9;15;8;20;115;15;7;28;13
1482.0;7;15;9;17;117;17;9;27;12
1488.0;7;15;9;18;117;18;7;28;11
1494.0;7;14;8;18;118;19;11;26;9
1500.0;8;15;7;19;117;21;10;24;9
1506.0;10;14;7;18;118;20;9;26;8
1512.0;10;12;7;19;119;21;10;25;7
1518.0;11;12;8;19;121;20;9;22;8
1524.0;12;11;8;21;120;21;9;21;7
1530.0;11;12;8;21;118;21;10;22;7
1536.0;11;13;9;23;115;21;9;23;6
1542.0;10;13;8;23;114;21;11;23;7
1548.0;10;13;7;21;116;21;10;23;9
1554.0;10;12;7;21;117;21;11;25;6
1560.0;11;14;9;20;114;21;11;24;6
1566.0;13;14;10;19;115;21;10;21;7
1572.0;9;15;12;18;114;25;9;20;8
1578.0;9;16;13;19;111;26;9;19;8
1584.0;10;15;11;18;113;27;9;19;8
1590.0;9;16;12;17;111;29;8;20;8
1596.0;10;13;11;17;112;32;8;19;8
1602.0;11;13;10;16;110;32;9;18;11
1608.0;11;13;11;15;111;30;11;18;10
1614.0;11;13;9;18;107;29;12;19;12
1620.0;10;13;9;16;108;29;13;18;14
1626.0;9;13;9;19;111;30;12;18;9
1632.0;9;13;10;20;112;29;12;17;8
1638.0;10;13;9;22;112;31;10;16;7
1644.0;10;13;9;20;114;31;10;16;7
1650.0;10;14;11;19;114;28;10;18;6
1656.0;9;15;10;19;114;31;9;17;6
1662.0;7;15;9;20;115;30;11;17;6
1668.0;7;15;12;22;114;29;10;16;5
1674.0;6;15;12;23;115;28;8;17;6
1680.0;6;16;13;23;115;26;8;17;6
1686.0;5;17;10;21;115;28;12;17;5
1692.0;4;16;13;20;115;25;9;21;7
1698.0;5;15;11;19;115;23;10;21;11
1704.0;6;15;10;17;117;23;11;21;10
1710.0;5;15;10;18;116;24;11;21;10
1716.0;6;15;10;17;116;24;12;19;11
1722.0;5;17;9;15;118;24;11;20;11
1728.0;5;15;9;16;119;23;9;18;16
1734.0;6;14;9;15;116;26;10;17;17
1740.0;6;14;10;17;116;24;9;17;17
1746.0;6;14;11;16;117;23;9;18;16
1752.0;5;15;11;15;115;24;9;21;15
1758.0;6;18;10;15;113;25;11;20;12
1764.0;6;18;8;16;113;25;10;20;14
1770.0;6;17;8;17;110;24;11;23;14
1776.0;8;18;8;17;108;23;10;23;15
1782.0;8;17;9;18;107;24;9;24;14
1788.0;8;19;11;17;105;20;10;26;14
1794.0;8;20;11;19;106;19;10;25;12
