#auto generated file!
12.0;55;57;43;52;51;40;57;45;50
18.0;56;58;37;53;52;45;54;47;48
24.0;53;61;41;52;54;43;49;47;50
30.0;50;53;35;54;61;46;47;52;52
36.0;46;47;36;52;68;44;46;57;54
42.0;44;43;41;56;76;45;37;58;50
48.0;41;45;40;55;77;47;32;60;53
54.0;34;44;39;54;78;51;32;65;53
60.0;33;42;40;54;82;52;31;63;53
66.0;33;44;40;53;84;52;33;62;49
72.0;34;44;41;54;86;51;29;65;46
78.0;33;42;41;55;89;54;26;63;47
84.0;37;43;42;52;87;56;28;61;44
90.0;36;41;43;51;93;54;30;63;39
96.0;36;40;45;49;97;52;34;61;36
102.0;32;39;40;49;99;55;33;67;36
108.0;31;39;41;42;104;55;33;67;38
114.0;33;39;40;42;108;56;32;67;33
120.0;34;40;37;42;112;51;34;67;33
126.0;38;40;34;36;113;52;36;67;34
132.0;35;40;34;37;118;53;33;68;32
138.0;31;42;35;41;118;56;30;67;30
144.0;35;42;35;41;121;58;28;61;29
150.0;32;44;36;42;120;56;31;62;27
156.0;30;48;36;42;124;54;29;60;27
162.0;33;48;39;41;124;51;24;63;27
168.0;30;51;39;45;124;49;22;62;28
174.0;29;47;39;47;128;52;22;60;26
180.0;30;45;37;49;130;52;21;61;25
186.0;32;42;37;49;128;54;19;63;26
192.0;31;41;36;50;133;51;19;62;27
198.0;32;39;36;47;136;54;20;58;28
204.0;32;42;35;48;137;51;17;59;29
210.0;33;40;34;50;138;48;20;58;29
216.0;31;40;33;56;140;45;19;60;26
222.0;30;40;30;55;141;47;20;60;27
228.0;32;39;27;57;141;50;19;60;25
234.0;29;38;26;57;143;51;17;59;30
240.0;25;39;28;57;145;49;17;60;30
246.0;26;40;26;54;148;51;18;59;28
252.0;28;41;29;54;150;49;19;55;25
258.0;25;41;31;51;149;48;20;57;28
264.0;30;39;30;52;149;47;22;54;27
270.0;28;37;28;52;151;46;24;53;31
276.0;27;40;32;51;149;47;23;52;29
282.0;25;38;33;48;148;51;21;53;33
288.0;22;37;32;47;148;47;27;55;35
294.0;18;38;29;48;148;54;27;56;32
300.0;18;40;30;45;147;54;28;57;31
306.0;20;44;29;45;146;54;29;54;29
312.0;25;45;28;47;148;52;27;55;23
318.0;22;45;32;48;147;53;23;57;23
324.0;24;51;29;48;144;50;22;55;27
330.0;22;50;30;51;145;48;23;54;27
336.0;22;50;31;49;142;50;23;56;27
342.0;20;52;30;51;139;51;21;57;29
348.0;19;49;32;51;141;51;20;57;30
354.0;19;48;34;53;144;48;20;54;30
360.0;24;49;33;54;144;48;18;49;31
366.0;21;48;31;53;148;52;22;48;27
372.0;25;47;31;54;147;54;21;49;22
378.0;24;45;32;56;151;53;23;46;20
384.0;21;44;35;55;152;53;22;46;22
390.0;21;45;36;52;155;52;23;46;20
396.0;25;42;33;52;155;52;25;43;23
402.0;26;44;30;53;155;54;25;45;18
408.0;24;46;30;54;156;53;22;47;18
414.0;20;44;28;53;160;48;24;50;23
420.0;18;43;27;53;164;51;24;44;26
426.0;18;43;25;52;166;51;23;46;26
432.0;16;44;26;50;165;50;22;49;28
438.0;17;43;26;50;163;47;21;50;33
444.0;17;45;26;49;161;47;22;50;33
450.0;21;42;26;48;160;48;22;51;32
456.0;18;44;23;45;162;51;23;52;32
462.0;18;41;23;50;165;52;22;50;29
468.0;20;45;24;53;162;51;24;45;26
474.0;22;46;23;54;164;49;21;45;26
480.0;25;46;21;55;162;52;20;40;29
486.0;27;46;20;52;167;54;20;40;24
492.0;24;48;20;52;170;51;18;42;25
498.0;25;49;16;53;164;52;21;44;26
504.0;23;48;17;52;164;53;22;45;26
510.0;21;50;18;50;165;55;20;44;27
516.0;21;50;22;46;166;55;19;43;28
522.0;23;52;22;45;166;53;18;45;26
528.0;22;49;21;45;167;54;21;45;26
534.0;24;50;24;43;166;51;21;49;22
540.0;26;52;25;44;165;51;19;49;19
546.0;26;51;22;43;166;52;20;51;19
552.0;24;50;26;39;168;53;19;51;20
558.0;24;50;27;38;169;52;19;52;19
564.0;22;50;27;40;170;50;22;52;17
570.0;22;52;25;37;173;51;21;52;17
576.0;22;55;27;36;172;52;21;47;18
582.0;22;52;28;36;173;53;22;46;18
588.0;21;53;31;31;172;53;23;48;18
594.0;21;59;31;32;171;51;20;47;18
600.0;20;57;31;34;171;50;19;49;19
606.0;20;54;31;30;173;50;20;49;23
612.0;19;57;29;30;172;49;22;49;23
618.0;20;57;30;29;172;48;22;49;23
624.0;20;55;31;26;173;49;20;53;23
630.0;19;53;30;26;174;48;20;55;25
636.0;21;55;29;22;175;47;17;55;29
642.0;22;53;31;23;174;46;18;55;28
648.0;22;50;29;22;177;46;17;54;33
654.0;21;48;28;23;180;45;17;53;35
660.0;20;50;30;24;178;44;19;53;32
666.0;23;45;31;30;177;41;21;50;32
672.0;22;48;31;32;175;40;22;51;29
678.0;19;48;33;27;179;39;25;50;30
684.0;21;45;31;28;181;40;23;49;32
690.0;21;46;24;30;180;41;24;52;32
696.0;21;49;21;31;181;44;25;50;28
702.0;22;55;22;34;182;41;27;43;24
708.0;21;54;20;35;184;42;26;45;23
714.0;21;50;18;37;183;42;27;49;23
720.0;23;51;17;35;183;43;26;50;22
726.0;16;50;19;36;183;44;25;53;24
732.0;16;51;19;35;183;45;25;53;23
738.0;19;50;16;34;183;42;27;55;24
744.0;20;49;13;35;182;44;26;57;24
750.0;21;47;14;34;180;47;25;57;25
756.0;20;48;15;35;182;46;25;55;24
762.0;19;47;17;38;181;49;24;52;23
768.0;18;43;22;38;181;50;27;47;24
774.0;21;43;21;40;181;49;26;47;22
780.0;22;42;18;40;183;50;27;46;22
786.0;22;41;18;37;187;52;26;44;23
792.0;22;42;16;37;186;49;27;47;24
798.0;23;40;16;37;185;48;27;49;25
804.0;23;39;13;36;186;51;30;50;22
810.0;25;40;16;35;186;52;31;45;20
816.0;23;42;19;35;188;50;27;44;22
822.0;19;44;22;32;187;52;27;45;22
828.0;18;43;23;32;189;55;27;44;19
834.0;19;41;25;31;192;55;22;46;19
840.0;14;42;26;31;190;56;26;46;19
846.0;16;45;23;27;192;58;23;48;18
852.0;16;42;22;28;195;58;23;48;18
858.0;17;40;24;29;193;57;22;49;19
864.0;15;40;27;27;194;57;21;49;20
870.0;15;40;29;28;192;55;20;50;21
876.0;15;41;27;28;190;55;19;52;23
882.0;17;43;28;30;189;53;20;50;20
888.0;20;45;28;30;186;50;21;52;18
894.0;19;47;24;31;184;52;23;52;18
900.0;19;48;26;31;185;50;23;51;17
906.0;21;48;26;33;180;50;20;53;19
912.0;17;46;27;36;180;49;20;53;22
918.0;20;46;28;37;181;48;20;50;20
924.0;18;47;26;37;182;48;21;51;20
930.0;18;47;25;38;183;47;23;51;18
936.0;18;48;26;38;183;45;26;49;17
942.0;19;48;26;36;182;46;27;52;14
948.0;20;50;23;36;184;42;28;52;15
954.0;20;48;23;34;182;41;29;56;17
960.0;17;48;25;36;183;38;32;54;17
966.0;16;48;24;34;184;39;31;57;17
972.0;18;47;23;33;186;37;33;57;16
978.0;19;46;24;33;185;37;29;59;18
984.0;22;45;22;33;185;41;27;60;15
990.0;25;46;21;33;185;42;25;59;14
996.0;24;46;19;33;184;46;25;60;13
1002.0;24;46;22;33;184;45;22;59;15
1008.0;26;41;24;32;184;46;23;58;16
1014.0;27;43;24;32;184;46;26;52;16
1020.0;28;45;22;33;183;45;23;52;19
1026.0;26;40;21;37;185;47;22;52;20
1032.0;23;38;20;39;188;46;21;54;21
1038.0;22;37;22;38;189;47;21;53;21
1044.0;19;40;22;39;191;45;21;54;19
1050.0;19;41;20;40;192;45;17;56;20
1056.0;20;41;21;39;190;44;18;56;21
1062.0;20;41;23;39;193;42;17;56;19
1068.0;21;38;26;37;190;45;21;52;20
1074.0;20;40;24;39;192;45;22;47;21
1080.0;20;40;24;42;191;46;19;48;20
1086.0;19;41;22;41;191;47;20;45;24
1092.0;17;44;20;40;197;47;17;45;23
1098.0;15;43;20;42;200;45;16;46;23
1104.0;18;43;17;43;199;45;17;47;21
1110.0;19;42;18;40;201;45;15;48;22
1116.0;18;45;20;42;196;45;12;48;24
1122.0;19;46;21;40;198;45;13;47;21
1128.0;22;45;20;36;198;48;15;47;19
1134.0;24;45;20;38;199;45;13;49;17
1140.0;22;47;20;34;198;41;18;50;20
1146.0;21;50;21;32;197;42;16;49;22
1152.0;19;50;22;32;197;45;16;46;23
1158.0;21;49;22;31;195;47;17;42;26
1164.0;24;49;21;31;193;48;16;41;27
1170.0;24;47;22;29;191;48;14;45;30
1176.0;25;46;22;29;190;50;17;42;29
1182.0;24;46;24;28;191;51;15;43;28
1188.0;21;47;21;29;190;51;16;43;32
1194.0;20;49;20;30;192;52;16;38;33
1200.0;21;45;19;31;194;53;15;40;32
1206.0;17;46;19;33;194;51;18;41;31
1212.0;18;45;19;35;192;56;19;38;28
1218.0;19;44;19;33;192;56;19;40;28
1224.0;18;42;20;33;196;54;22;37;28
1230.0;22;45;20;32;195;53;21;39;23
1236.0;20;45;23;35;195;55;20;37;20
1242.0;20;47;21;35;194;53;18;37;25
1248.0;18;51;23;35;191;50;17;38;27
1254.0;20;53;23;36;189;48;14;41;26
1260.0;25;53;24;37;185;46;14;41;25
1266.0;24;55;25;39;185;46;15;37;24
1272.0;24;55;28;37;185;40;15;39;27
1278.0;25;56;27;38;185;38;16;34;31
1284.0;27;52;28;39;186;42;14;33;29
1290.0;23;49;25;42;188;44;14;31;34
1296.0;22;49;26;42;190;40;16;32;33
1302.0;19;47;25;44;192;40;19;32;32
1308.0;23;48;20;43;194;38;20;32;32
1314.0;23;48;21;45;193;39;25;31;25
1320.0;26;45;20;47;191;38;25;33;25
1326.0;26;45;18;45;193;40;26;32;25
1332.0;26;43;16;44;195;40;25;33;28
1338.0;27;42;20;42;194;42;25;32;26
1344.0;25;43;16;44;196;47;24;32;23
1350.0;25;40;18;40;200;49;22;32;24
1356.0;24;41;16;41;200;51;20;34;23
1362.0;27;42;16;38;202;49;21;33;22
1368.0;27;42;16;39;198;53;20;34;21
1374.0;25;45;17;40;199;52;17;36;19
1380.0;23;43;18;39;201;52;20;35;19
1386.0;23;45;18;41;202;49;21;34;17
1392.0;22;44;18;40;201;51;20;34;20
1398.0;23;44;19;36;197;49;23;36;23
1404.0;22;44;18;40;196;50;19;39;22
1410.0;22;39;19;41;197;54;20;40;18
1416.0;24;37;19;44;195;54;19;40;18
1422.0;22;36;18;45;194;55;21;40;19
1428.0;21;37;17;45;190;53;24;45;18
1434.0;21;40;18;47;186;55;20;48;15
1440.0;22;40;15;45;186;57;22;48;15
1446.0;25;44;14;46;180;53;24;47;17
1452.0;23;43;17;44;179;53;26;48;17
1458.0;24;42;18;46;179;52;21;50;18
1464.0;23;40;16;44;180;55;23;50;19
1470.0;20;41;18;44;184;50;23;50;20
1476.0;20;43;20;42;185;49;21;50;20
1482.0;22;43;18;41;186;50;22;49;19
1488.0;21;43;19;41;184;54;20;49;19
1494.0;25;40;19;43;181;52;19;50;21
1500.0;24;40;20;45;182;50;20;46;23
1506.0;21;41;21;47;183;50;20;45;22
1512.0;20;42;17;45;182;51;23;47;23
1518.0;19;42;18;43;184;52;21;48;23
1524.0;17;41;22;41;186;51;20;48;24
1530.0;19;44;24;39;183;49;19;48;25
1536.0;19;44;20;39;184;50;20;50;24
1542.0;19;41;18;41;186;49;19;54;23
1548.0;19;41;17;41;184;47;22;55;24
1554.0;22;43;16;43;185;44;22;53;22
1560.0;21;41;16;43;186;48;22;51;22
1566.0;20;37;19;43;186;48;22;53;22
1572.0;23;38;20;38;185;44;23;54;25
1578.0;25;39;19;40;187;42;22;50;26
1584.0;25;36;20;43;186;44;21;49;26
1590.0;25;36;21;44;188;43;19;47;27
1596.0;24;34;22;44;189;44;18;46;29
1602.0;23;35;24;43;190;44;18;47;26
1608.0;23;36;24;41;192;42;20;47;25
1614.0;21;34;25;42;187;45;24;45;27
1620.0;19;40;23;42;186;44;26;45;25
1626.0;17;38;23;41;188;46;27;46;24
1632.0;17;37;21;40;190;51;25;46;23
1638.0;16;37;18;41;192;49;28;45;24
1644.0;16;36;23;38;191;50;28;43;25
1650.0;17;37;24;36;189;50;26;46;25
1656.0;13;37;20;39;188;48;28;45;32
1662.0;13;36;21;40;186;49;27;48;30
1668.0;17;36;19;41;185;50;26;47;29
1674.0;16;36;22;43;182;51;25;45;30
1680.0;15;37;22;44;183;51;23;45;30
1686.0;14;37;21;44;182;51;25;46;30
1692.0;16;36;21;45;181;43;26;48;34
1698.0;19;32;21;42;182;43;26;51;34
1704.0;19;34;24;42;185;43;23;48;32
1710.0;15;35;21;42;190;43;26;48;30
1716.0;16;35;22;39;194;42;25;49;28
1722.0;17;36;18;40;195;43;26;51;24
1728.0;17;35;20;41;192;41;26;51;27
1734.0;19;36;19;40;189;41;27;53;26
1740.0;21;36;19;43;185;41;25;52;28
1746.0;22;40;19;42;183;42;25;50;27
1752.0;23;38;21;42;182;41;29;47;27
1758.0;22;39;24;41;182;38;33;45;26
1764.0;24;40;23;42;180;39;34;46;22
1770.0;20;43;23;44;180;38;33;45;24
1776.0;21;37;29;43;182;39;32;46;21
1782.0;21;36;24;44;183;41;35;43;23
1788.0;20;39;25;40;182;45;33;44;22
1794.0;19;39;27;43;185;47;31;40;19
