#auto generated file!
12.0;55;58;40;49;61;48;46;48;55
18.0;53;60;43;50;63;49;42;49;51
24.0;52;60;41;49;65;51;43;50;49
30.0;51;56;41;47;68;53;45;53;46
36.0;47;58;36;46;75;55;41;58;44
42.0;44;61;35;51;78;55;39;59;38
48.0;40;66;32;51;79;55;39;59;39
54.0;38;67;31;57;81;52;35;58;41
60.0;33;69;28;57;86;51;35;59;42
66.0;32;72;23;55;88;52;34;60;44
72.0;29;72;23;54;91;54;33;62;42
78.0;28;74;23;55;94;51;31;63;41
84.0;26;73;23;53;93;56;30;65;41
90.0;26;73;26;53;93;57;28;68;36
96.0;24;69;27;51;98;58;26;66;41
102.0;25;68;27;53;100;59;22;66;40
108.0;25;68;28;57;100;57;23;63;39
114.0;25;66;33;58;103;56;21;60;38
120.0;22;63;34;60;106;58;20;58;39
126.0;22;65;31;58;105;57;21;61;40
132.0;25;61;30;60;107;56;24;59;38
138.0;25;64;27;61;107;56;24;57;39
144.0;25;61;26;57;111;57;25;60;38
150.0;25;60;26;59;112;57;25;63;33
156.0;23;63;30;56;114;59;24;62;29
162.0;24;63;26;56;118;60;27;58;28
168.0;27;66;27;57;121;53;26;58;25
174.0;26;65;25;58;122;54;28;60;22
180.0;25;68;25;58;124;53;26;58;23
186.0;26;64;27;55;127;54;26;58;23
192.0;29;64;26;55;127;51;24;60;24
198.0;35;64;24;51;129;51;25;60;21
204.0;35;64;22;52;129;47;29;60;22
210.0;33;62;25;49;130;48;29;59;25
216.0;29;62;25;51;133;50;28;56;26
222.0;27;64;27;50;137;48;29;56;22
228.0;23;66;29;53;135;49;26;55;24
234.0;23;65;28;56;136;46;26;55;25
240.0;24;60;26;54;138;51;24;56;27
246.0;26;60;29;51;137;52;24;55;26
252.0;24;62;31;52;141;48;24;53;25
258.0;23;62;30;52;141;47;23;55;27
264.0;23;59;29;51;144;49;26;53;26
270.0;25;58;27;54;147;44;28;53;24
276.0;29;61;23;55;149;47;25;52;19
282.0;26;60;22;56;152;44;29;52;19
288.0;26;60;22;54;150;43;32;53;20
294.0;26;57;23;54;152;47;31;52;18
300.0;25;57;26;55;151;45;28;52;21
306.0;26;56;26;55;150;44;25;55;23
312.0;23;53;31;50;152;48;26;54;23
318.0;21;52;30;53;154;45;27;53;25
324.0;22;54;28;50;153;47;27;57;22
330.0;21;55;29;49;154;46;27;59;20
336.0;21;52;32;48;153;48;28;60;18
342.0;23;47;30;46;156;43;32;60;23
348.0;23;43;26;52;159;45;32;57;23
354.0;21;44;28;50;160;47;32;56;22
360.0;24;44;26;49;160;47;33;59;18
366.0;26;44;24;47;160;48;36;55;20
372.0;27;42;22;46;159;53;35;56;20
378.0;24;39;23;47;160;54;36;55;22
384.0;24;39;23;50;160;54;33;53;24
390.0;21;36;26;51;161;57;30;51;27
396.0;20;37;24;49;165;58;28;51;28
402.0;19;36;24;46;168;59;31;49;28
408.0;24;34;24;47;171;60;27;47;26
414.0;23;36;26;46;173;58;23;49;26
420.0;25;37;24;45;174;58;24;46;27
426.0;29;37;22;45;175;60;22;43;27
432.0;27;36;23;46;174;58;21;47;28
438.0;28;39;24;44;173;55;21;48;28
444.0;28;41;22;45;174;57;25;47;21
450.0;28;38;23;50;178;50;27;44;22
456.0;27;37;19;51;180;52;26;45;23
462.0;28;35;15;51;184;52;28;44;23
468.0;27;37;17;47;186;51;27;45;23
474.0;30;38;17;49;184;49;28;42;23
480.0;31;38;17;49;184;47;29;45;20
486.0;31;39;16;47;186;45;32;44;20
492.0;29;40;18;47;187;46;29;43;21
498.0;27;40;17;48;190;51;25;44;18
504.0;23;44;18;46;191;52;26;43;17
510.0;25;43;20;46;191;48;25;43;19
516.0;27;42;19;45;191;47;25;44;20
522.0;22;42;20;43;192;49;26;44;22
528.0;21;43;18;40;192;51;26;46;23
534.0;19;43;19;42;191;51;23;48;24
540.0;19;43;18;39;191;50;25;50;25
546.0;19;41;19;42;191;49;22;49;28
552.0;20;40;21;43;188;49;21;49;29
558.0;17;41;20;46;190;46;21;51;28
564.0;17;41;23;45;194;44;20;51;25
570.0;16;42;19;46;196;45;18;51;27
576.0;17;40;19;47;196;49;20;48;24
582.0;20;39;20;46;197;50;21;46;21
588.0;23;40;20;44;196;50;19;45;23
594.0;25;40;20;45;196;49;18;46;21
600.0;26;42;19;48;193;48;19;42;23
606.0;29;38;20;49;195;45;19;43;22
612.0;27;39;20;48;195;44;17;45;25
618.0;25;38;23;49;192;42;18;48;25
624.0;28;42;21;49;195;38;20;47;20
630.0;30;42;21;49;193;37;20;46;22
636.0;31;42;18;47;195;39;19;47;22
642.0;30;39;13;47;194;43;19;48;27
648.0;30;41;13;44;194;42;18;49;29
654.0;32;40;14;45;193;43;21;47;25
660.0;30;39;13;47;193;44;23;49;22
666.0;33;40;14;47;193;42;21;47;23
672.0;28;37;17;48;195;44;22;46;23
678.0;26;38;18;46;193;45;24;48;22
684.0;24;37;22;48;193;45;24;47;20
690.0;25;39;21;50;193;42;26;45;19
696.0;25;40;21;52;191;43;24;45;19
702.0;28;43;18;51;192;42;24;44;18
708.0;29;43;18;52;191;42;22;44;19
714.0;30;44;16;52;192;40;23;45;18
720.0;31;47;15;52;192;39;25;45;14
726.0;29;45;17;55;190;39;25;45;15
732.0;30;45;17;53;190;38;24;45;18
738.0;25;46;16;50;192;41;25;47;18
744.0;21;44;17;47;193;42;27;52;17
750.0;22;40;13;43;195;46;31;53;17
756.0;20;42;13;43;196;47;29;50;20
762.0;19;41;11;47;197;47;30;52;16
768.0;17;46;12;46;197;47;28;49;18
774.0;14;44;14;48;200;46;25;48;21
780.0;13;42;15;44;202;44;27;48;25
786.0;15;43;16;42;204;48;22;47;23
792.0;19;41;18;41;203;48;22;46;22
798.0;21;40;17;40;203;49;21;46;23
804.0;22;40;17;42;201;43;24;46;25
810.0;20;41;17;42;204;43;24;46;23
816.0;21;43;17;44;201;43;23;44;24
822.0;20;39;14;47;201;43;26;45;25
828.0;21;41;16;46;201;43;24;43;25
834.0;20;42;18;46;205;40;22;43;24
840.0;21;40;17;44;206;41;23;44;24
846.0;21;38;16;46;205;40;27;42;25
852.0;20;36;17;44;206;40;28;42;27
858.0;16;34;18;49;207;39;32;39;26
864.0;16;33;19;49;205;40;33;42;23
870.0;14;33;20;50;205;42;32;41;23
876.0;15;32;18;50;207;44;33;40;21
882.0;17;30;20;52;206;42;31;42;20
888.0;19;29;21;51;205;42;32;42;19
894.0;19;30;19;52;205;42;29;39;25
900.0;20;30;20;50;203;43;28;41;25
906.0;18;30;24;49;200;42;29;41;27
912.0;18;32;26;45;205;41;28;39;26
918.0;19;33;25;42;206;40;28;42;25
924.0;21;34;24;43;207;39;29;40;23
930.0;18;34;21;42;208;42;29;41;25
936.0;15;37;20;41;211;42;26;43;25
942.0;12;38;19;43;214;41;25;42;26
948.0;15;39;18;43;209;41;27;42;26
954.0;15;38;20;42;209;38;27;46;25
960.0;14;37;22;41;207;38;26;48;27
966.0;13;37;24;44;206;37;25;46;28
972.0;13;38;23;44;205;36;28;45;28
978.0;16;36;22;44;205;38;29;45;25
984.0;16;36;22;44;205;39;28;45;25
990.0;18;37;25;40;202;38;27;50;23
996.0;24;38;24;39;203;37;24;47;24
1002.0;27;38;27;33;203;40;23;44;25
1008.0;26;37;27;33;204;43;22;43;25
1014.0;28;38;24;35;203;45;18;42;27
1020.0;22;38;25;34;201;47;21;43;29
1026.0;20;35;25;33;203;51;21;43;29
1032.0;18;34;24;34;205;51;21;45;28
1038.0;21;31;26;35;205;52;20;45;25
1044.0;22;26;24;34;210;51;22;46;25
1050.0;23;29;24;39;207;52;23;43;20
1056.0;24;30;21;43;209;51;22;39;21
1062.0;26;28;18;46;206;50;25;40;21
1068.0;24;28;21;42;204;51;27;43;20
1074.0;25;25;19;41;204;52;26;45;23
1080.0;24;26;20;41;204;51;25;45;24
1086.0;24;30;21;39;204;49;24;49;20
1092.0;23;32;23;37;201;48;24;49;23
1098.0;24;33;25;39;199;48;22;49;21
1104.0;22;34;29;42;202;46;19;48;18
1110.0;24;34;25;40;205;45;22;49;16
1116.0;26;33;25;39;202;48;21;52;14
1122.0;26;32;23;44;200;51;19;51;14
1128.0;26;33;20;42;202;50;23;49;15
1134.0;23;34;22;40;203;54;23;47;14
1140.0;25;33;26;36;208;56;20;44;12
1146.0;24;35;23;38;209;58;18;43;12
1152.0;24;36;21;38;209;56;21;41;14
1158.0;22;36;20;41;211;55;21;40;14
1164.0;23;35;19;42;205;55;24;42;15
1170.0;24;35;14;47;202;56;23;44;15
1176.0;23;35;19;50;198;57;21;44;13
1182.0;18;34;23;51;197;57;25;42;13
1188.0;16;33;23;51;198;58;22;44;15
1194.0;19;35;20;48;195;56;22;48;17
1200.0;19;36;18;49;196;54;27;43;18
1206.0;19;37;17;45;199;53;28;42;20
1212.0;14;37;20;47;197;56;26;42;21
1218.0;15;40;17;50;195;51;25;44;23
1224.0;16;42;16;49;199;52;25;42;19
1230.0;16;38;17;49;200;57;25;39;19
1236.0;17;37;18;50;197;57;25;39;20
1242.0;16;35;17;49;196;60;24;41;22
1248.0;15;32;18;50;197;59;24;43;22
1254.0;14;36;22;43;198;56;22;46;23
1260.0;16;37;20;45;196;55;23;47;21
1266.0;17;35;21;45;197;56;21;45;23
1272.0;19;35;18;45;196;58;22;46;21
1278.0;20;34;17;46;197;60;22;45;19
1284.0;19;33;19;46;197;58;20;49;19
1290.0;20;36;20;42;198;57;16;50;21
1296.0;20;38;19;42;198;59;16;50;18
1302.0;19;38;19;39;199;58;16;52;20
1308.0;20;37;17;39;202;57;16;54;18
1314.0;21;35;17;38;203;59;17;52;18
1320.0;21;35;20;38;205;56;17;50;18
1326.0;21;35;21;34;207;53;18;52;19
1332.0;21;35;22;35;206;52;18;54;17
1338.0;20;35;23;37;203;50;18;55;19
1344.0;20;34;23;38;208;48;14;55;20
1350.0;21;36;23;35;209;48;17;52;19
1356.0;20;35;25;36;211;48;14;52;19
1362.0;21;35;27;36;210;46;14;50;21
1368.0;23;37;28;37;208;42;15;49;21
1374.0;20;40;28;35;207;44;18;46;22
1380.0;19;41;30;34;209;41;18;44;24
1386.0;16;43;27;37;208;40;17;46;26
1392.0;18;42;24;37;206;41;19;45;28
1398.0;16;42;23;40;209;41;20;40;29
1404.0;14;43;21;40;214;41;18;42;27
1410.0;14;41;21;41;214;43;19;41;26
1416.0;15;42;22;42;215;41;16;43;24
1422.0;12;44;24;40;213;44;14;44;25
1428.0;15;42;23;42;215;44;14;43;22
1434.0;18;42;22;43;214;47;14;39;21
1440.0;19;38;24;45;211;50;15;36;22
1446.0;20;37;22;48;210;48;18;35;22
1452.0;22;40;25;48;208;46;16;34;21
1458.0;25;42;26;49;208;43;15;36;16
1464.0;25;45;27;49;207;35;18;35;19
1470.0;24;43;29;49;209;35;16;36;19
1476.0;24;40;28;48;208;36;18;39;19
1482.0;26;40;24;44;206;34;21;42;23
1488.0;24;43;23;47;204;31;19;42;27
1494.0;22;43;24;43;207;32;22;42;25
1500.0;21;46;22;40;207;32;19;46;27
1506.0;21;44;19;40;211;32;20;45;28
1512.0;19;41;19;39;213;31;25;43;30
1518.0;17;40;19;44;212;33;24;42;29
1524.0;20;37;18;44;212;35;24;42;28
1530.0;17;40;15;46;209;36;27;42;28
1536.0;18;41;16;42;207;36;27;44;29
1542.0;17;42;16;40;208;34;30;42;31
1548.0;18;42;17;40;207;36;27;44;29
1554.0;20;43;17;38;208;36;26;43;29
1560.0;18;40;18;38;210;36;25;47;28
1566.0;20;40;19;38;208;34;27;46;28
1572.0;17;38;19;37;205;37;32;49;26
1578.0;14;40;20;34;205;37;34;50;26
1584.0;16;39;17;33;207;40;33;47;28
1590.0;20;39;13;31;207;41;36;46;27
1596.0;20;40;12;33;206;42;35;46;26
1602.0;20;35;15;38;206;40;31;49;26
1608.0;21;33;15;39;203;39;32;49;29
1614.0;22;33;16;44;200;39;29;47;30
1620.0;20;33;18;43;198;42;30;45;31
1626.0;21;36;18;45;197;42;27;46;28
1632.0;20;37;20;42;197;44;23;50;27
1638.0;19;40;23;41;197;41;22;49;28
1644.0;20;40;22;42;198;40;23;48;27
1650.0;21;40;23;42;198;42;20;48;26
1656.0;15;42;23;38;199;42;20;52;29
1662.0;16;43;23;36;197;45;20;49;31
1668.0;16;41;25;38;200;42;20;49;29
1674.0;20;41;27;38;200;36;23;50;25
1680.0;18;38;27;43;201;38;27;45;23
1686.0;20;33;32;44;196;37;26;47;25
1692.0;17;33;31;45;197;39;22;50;26
1698.0;16;32;31;44;196;41;20;55;25
1704.0;19;32;29;43;195;41;21;54;26
1710.0;18;31;34;43;195;38;21;52;28
1716.0;14;30;36;43;194;36;26;55;26
1722.0;16;29;33;43;195;39;23;57;25
1728.0;17;31;28;41;196;42;26;54;25
1734.0;16;31;26;45;198;44;30;51;19
1740.0;17;33;21;44;201;45;28;52;19
1746.0;18;34;23;42;201;45;27;51;19
1752.0;14;33;23;44;207;41;27;52;19
1758.0;15;33;20;46;207;42;26;50;21
1764.0;14;33;20;50;207;43;29;43;21
1770.0;13;36;21;50;205;41;30;43;21
1776.0;11;33;23;51;207;43;31;43;18
1782.0;14;32;23;49;207;39;30;45;21
1788.0;14;32;23;46;208;40;32;42;23
1794.0;14;32;19;49;208;42;30;42;24
