#auto generated file!
12.0;28;25;33;32;30;28;25;21;28
18.0;25;27;31;34;34;30;22;21;26
24.0;23;27;26;34;34;32;19;27;28
30.0;22;29;22;32;35;34;19;29;28
36.0;23;29;20;34;36;35;18;26;29
42.0;25;29;18;32;37;34;19;27;29
48.0;26;29;18;32;41;31;18;27;28
54.0;26;31;17;32;42;30;19;28;25
60.0;25;28;18;34;43;29;21;28;24
66.0;25;30;20;32;43;31;21;28;20
72.0;24;32;19;32;45;30;20;27;21
78.0;23;33;21;33;47;29;20;27;17
84.0;22;35;21;32;47;29;23;25;16
90.0;21;34;21;29;50;30;22;25;18
96.0;19;33;21;32;52;30;18;27;18
102.0;18;33;20;33;51;32;18;27;18
108.0;17;31;20;33;55;32;19;25;18
114.0;15;32;18;34;56;31;19;24;21
120.0;16;32;19;34;56;29;19;25;20
126.0;15;31;19;38;56;31;16;27;17
132.0;15;30;19;38;56;33;15;26;18
138.0;15;34;12;38;57;36;17;24;17
144.0;13;36;11;38;59;35;17;25;16
150.0;14;35;12;36;60;35;13;26;19
156.0;14;39;11;34;63;36;13;25;15
162.0;16;37;11;30;64;38;14;25;15
168.0;16;37;11;31;67;36;15;22;15
174.0;15;38;11;32;67;39;15;20;13
180.0;16;38;11;30;67;40;12;23;13
186.0;15;38;9;31;67;43;10;23;14
192.0;14;39;8;31;67;43;10;25;13
198.0;11;36;11;32;68;42;9;25;16
204.0;11;34;13;30;69;39;10;25;19
210.0;11;32;11;30;69;39;12;25;21
216.0;12;30;12;31;73;37;10;25;20
222.0;12;31;12;30;73;36;12;27;17
228.0;12;32;10;31;75;35;13;26;16
234.0;12;30;10;34;73;36;15;26;14
240.0;13;30;10;32;72;36;15;28;14
246.0;14;30;11;32;72;35;15;27;14
252.0;15;33;8;33;72;34;15;27;13
258.0;16;33;10;29;71;36;11;29;15
264.0;17;28;10;27;70;37;12;32;17
270.0;16;31;9;29;69;35;14;30;17
276.0;17;32;9;31;66;35;16;30;14
282.0;19;31;8;28;67;34;17;32;14
288.0;19;31;10;29;66;33;18;32;12
294.0;17;33;10;31;65;29;21;32;12
300.0;16;31;11;31;67;30;19;31;14
306.0;14;31;10;31;68;32;20;30;14
312.0;12;31;11;27;69;31;24;31;14
318.0;16;32;12;27;68;31;21;31;12
324.0;14;33;11;26;69;31;21;31;14
330.0;15;30;11;28;69;30;21;32;14
336.0;15;30;11;27;69;27;21;35;15
342.0;14;29;9;27;70;29;24;34;14
348.0;15;29;9;30;70;27;22;33;15
354.0;19;32;9;28;70;27;23;30;12
360.0;20;32;10;26;70;25;25;30;12
366.0;17;33;10;27;71;25;27;27;13
372.0;16;34;10;27;73;26;23;29;12
378.0;14;33;11;28;72;28;24;29;11
384.0;15;32;11;29;73;27;22;29;12
390.0;15;31;12;29;75;28;19;28;13
396.0;17;32;14;28;80;30;13;25;11
402.0;18;28;14;25;81;32;13;26;13
408.0;14;28;15;26;84;32;12;26;13
414.0;13;27;15;27;85;34;12;23;14
420.0;13;30;14;25;86;35;12;23;12
426.0;13;28;14;25;86;35;14;23;12
432.0;13;29;14;25;83;36;13;24;13
438.0;16;29;12;25;83;34;14;23;14
444.0;13;32;13;24;85;32;14;23;14
450.0;14;30;15;23;85;32;15;24;12
456.0;15;30;12;23;87;32;15;23;13
462.0;16;31;11;22;87;33;14;24;12
468.0;17;31;11;21;89;35;15;20;11
474.0;16;30;10;22;89;37;13;23;10
480.0;17;28;10;21;91;36;14;23;10
486.0;19;26;9;22;93;35;13;22;11
492.0;17;24;10;24;92;38;13;21;11
498.0;18;22;12;21;94;39;11;23;10
504.0;18;21;11;23;95;38;9;23;12
510.0;17;20;11;22;94;39;10;23;14
516.0;18;20;14;22;93;38;9;22;14
522.0;16;23;13;23;92;37;11;22;13
528.0;15;23;12;21;93;36;15;22;13
534.0;15;23;10;21;93;36;15;24;13
540.0;15;25;9;22;93;35;16;23;12
546.0;17;26;10;20;93;34;15;24;11
552.0;14;27;13;19;95;32;12;24;14
558.0;15;23;12;19;97;31;13;26;14
564.0;12;26;11;18;97;31;14;26;15
570.0;13;26;10;23;98;31;13;23;13
576.0;12;28;10;25;96;31;13;24;11
582.0;11;28;8;31;97;31;13;22;9
588.0;10;27;9;30;97;30;16;23;8
594.0;9;28;10;30;97;28;17;20;11
600.0;9;28;10;29;94;27;19;23;11
606.0;9;26;10;29;97;26;20;23;10
612.0;11;27;10;28;98;27;19;22;8
618.0;11;27;10;28;99;27;17;24;7
624.0;10;30;10;28;100;26;16;22;8
630.0;10;31;9;25;100;27;16;24;8
636.0;9;31;11;27;101;28;14;23;6
642.0;11;30;11;25;103;29;13;21;7
648.0;13;31;9;22;103;27;15;23;7
654.0;13;31;9;22;101;25;17;23;9
660.0;11;33;8;21;101;24;17;23;12
666.0;12;32;8;22;101;24;17;22;12
672.0;13;34;7;21;101;25;16;22;11
678.0;14;37;9;21;102;23;14;19;11
684.0;17;36;8;17;100;23;17;22;10
690.0;18;34;7;18;99;24;18;22;10
696.0;16;32;8;18;101;24;20;21;10
702.0;14;31;6;21;101;24;19;22;12
708.0;13;31;8;19;103;24;19;21;12
714.0;13;30;8;19;104;23;17;21;15
720.0;12;31;8;20;106;22;15;22;14
726.0;12;31;9;21;106;23;15;21;12
732.0;13;32;10;21;107;23;14;18;12
738.0;11;35;10;22;103;24;14;18;13
744.0;7;39;11;20;103;26;13;18;13
750.0;7;37;12;20;103;25;13;19;14
756.0;8;36;13;19;103;26;13;18;14
762.0;7;35;12;21;103;27;11;20;14
768.0;8;35;13;21;104;24;10;20;15
774.0;9;35;14;22;104;24;9;20;13
780.0;8;35;13;22;106;25;10;20;11
786.0;8;36;13;24;107;24;7;19;12
792.0;8;36;10;23;110;26;6;21;10
798.0;9;36;10;22;109;27;6;21;10
804.0;11;36;11;22;107;27;5;21;10
810.0;11;37;11;22;108;26;6;21;8
816.0;12;35;9;22;110;25;7;23;7
822.0;11;34;14;21;109;25;8;21;7
828.0;12;33;15;21;109;26;7;22;5
834.0;12;31;13;22;110;25;7;22;8
840.0;12;32;12;23;112;25;6;19;9
846.0;13;29;12;22;114;25;7;20;8
852.0;12;29;13;22;113;25;8;21;7
858.0;13;27;13;22;116;24;8;20;7
864.0;14;27;12;23;115;25;8;20;6
870.0;14;28;12;22;116;24;9;20;5
876.0;13;26;13;22;116;23;11;20;6
882.0;12;24;12;21;116;22;13;23;7
888.0;11;24;12;22;118;21;13;23;6
894.0;11;23;13;22;120;22;13;21;5
900.0;11;22;14;21;120;21;14;22;5
906.0;8;20;14;23;123;18;14;23;7
912.0;7;21;15;23;122;20;14;21;7
918.0;8;23;13;22;122;21;14;23;4
924.0;9;24;14;21;122;17;12;24;7
930.0;8;25;13;23;120;19;11;24;7
936.0;6;23;17;24;117;18;14;24;7
942.0;8;24;17;25;118;18;14;20;6
948.0;8;23;18;27;118;16;12;22;6
954.0;9;22;15;24;117;19;12;23;9
960.0;10;22;14;22;120;19;12;22;9
966.0;10;26;13;21;119;16;11;24;10
972.0;10;28;12;20;119;15;11;24;11
978.0;9;29;11;20;119;15;11;28;8
984.0;8;31;8;21;118;17;11;25;11
990.0;9;29;10;19;117;20;12;24;10
996.0;8;28;8;18;120;19;14;26;9
1002.0;8;25;8;18;120;21;14;26;10
1008.0;8;26;8;19;119;22;14;24;10
1014.0;7;28;10;20;119;21;14;23;8
1020.0;7;28;12;20;119;22;11;22;9
1026.0;8;27;13;20;118;23;11;20;10
1032.0;8;26;14;18;118;24;11;20;11
1038.0;7;27;12;19;118;23;11;20;13
1044.0;8;26;12;22;116;24;12;17;13
1050.0;9;24;11;23;115;25;11;18;14
1056.0;9;26;10;22;116;23;14;17;13
1062.0;9;26;9;24;116;23;15;16;12
1068.0;9;27;9;24;117;22;12;17;13
1074.0;10;28;8;24;115;22;12;17;14
1080.0;10;27;9;25;114;21;12;18;14
1086.0;9;28;11;26;113;22;12;18;11
1092.0;12;27;12;26;113;24;9;18;9
1098.0;12;25;12;28;114;20;9;19;11
1104.0;13;24;10;27;117;20;10;18;11
1110.0;10;23;9;27;120;21;10;19;11
1116.0;9;23;8;30;119;21;9;19;12
1122.0;11;20;9;30;118;22;8;19;13
1128.0;11;19;8;29;119;21;9;19;15
1134.0;10;19;8;27;119;19;9;21;18
1140.0;9;20;8;27;120;19;9;21;17
1146.0;9;21;9;27;122;17;10;21;14
1152.0;8;19;8;29;121;18;9;23;15
1158.0;8;20;6;31;120;19;9;24;13
1164.0;7;20;7;30;120;19;10;22;15
1170.0;7;21;5;35;120;18;9;20;15
1176.0;7;22;5;34;118;18;9;21;16
1182.0;7;24;5;32;117;19;10;22;14
1188.0;6;23;5;32;116;18;13;22;15
1194.0;7;27;7;30;114;16;13;22;14
1200.0;7;26;7;31;113;18;11;23;14
1206.0;6;24;7;34;113;19;10;22;15
1212.0;5;22;8;33;112;22;8;25;15
1218.0;6;22;9;32;111;21;9;23;17
1224.0;8;21;9;30;109;21;11;24;17
1230.0;8;20;9;30;108;22;13;24;16
1236.0;7;20;10;30;109;20;15;25;14
1242.0;6;19;12;29;108;22;14;25;15
1248.0;8;18;11;32;110;23;11;25;12
1254.0;8;19;10;31;110;23;12;23;14
1260.0;9;22;10;28;112;21;11;25;12
1266.0;9;22;11;28;117;19;11;20;13
1272.0;10;23;11;26;119;18;10;22;11
1278.0;8;23;12;24;118;20;11;23;11
1284.0;9;22;11;24;119;21;12;19;13
1290.0;11;22;12;23;120;20;11;20;11
1296.0;11;19;10;20;123;22;12;21;12
1302.0;10;21;11;20;122;21;12;22;11
1308.0;9;19;11;23;121;22;12;23;10
1314.0;10;20;9;23;120;22;13;21;12
1320.0;10;19;9;23;118;23;12;22;14
1326.0;10;19;12;24;117;20;12;21;15
1332.0;11;19;11;22;120;18;12;21;16
1338.0;10;20;10;21;121;23;11;19;15
1344.0;9;19;9;22;123;25;9;21;13
1350.0;8;19;9;24;124;27;7;17;15
1356.0;8;19;9;24;124;26;8;17;15
1362.0;10;21;8;21;122;26;10;18;14
1368.0;10;21;12;24;119;24;9;18;13
1374.0;12;20;10;23;121;23;10;20;11
1380.0;10;21;10;24;121;24;9;20;11
1386.0;11;20;11;25;121;25;9;18;10
1392.0;10;19;10;27;120;23;12;17;12
1398.0;10;19;12;27;119;23;11;17;12
1404.0;9;18;12;28;119;26;12;15;11
1410.0;9;19;12;29;119;27;11;15;9
1416.0;7;23;12;30;119;26;9;15;9
1422.0;6;23;13;30;120;27;9;15;7
1428.0;8;22;13;31;119;27;8;15;7
1434.0;8;21;14;28;119;28;7;16;9
1440.0;8;19;13;31;119;29;7;18;6
1446.0;9;19;12;31;119;27;8;18;7
1452.0;7;19;11;32;120;28;10;16;7
1458.0;9;19;10;30;122;28;9;16;7
1464.0;9;20;11;30;121;27;8;16;8
1470.0;10;20;11;30;121;27;8;16;7
1476.0;8;19;12;32;120;25;8;16;10
1482.0;9;21;12;31;119;22;9;16;11
1488.0;13;20;12;30;119;22;10;15;9
1494.0;13;19;12;27;122;22;10;15;10
1500.0;12;19;12;29;122;21;9;16;10
1506.0;12;19;11;27;121;22;9;18;11
1512.0;11;22;8;29;119;23;8;19;11
1518.0;10;22;10;28;120;24;6;19;11
1524.0;11;23;10;26;116;22;7;24;11
1530.0;12;24;8;27;117;22;7;23;10
1536.0;12;25;8;28;116;20;5;24;12
1542.0;11;26;7;30;115;22;4;23;12
1548.0;11;23;10;31;114;21;5;21;14
1554.0;11;22;11;31;113;22;5;21;14
1560.0;11;26;11;31;115;22;3;19;12
1566.0;11;28;10;30;114;20;4;20;13
1572.0;11;27;9;30;114;20;3;23;13
1578.0;11;26;10;29;114;20;3;23;14
1584.0;9;26;10;31;114;20;3;23;14
1590.0;10;24;9;32;113;20;5;23;14
1596.0;12;24;9;32;111;20;6;21;15
1602.0;11;23;9;31;113;22;7;20;14
1608.0;9;24;8;31;112;21;8;24;13
1614.0;11;22;9;32;110;21;9;23;13
1620.0;10;24;9;31;112;18;11;21;14
1626.0;10;24;8;29;112;19;14;19;15
1632.0;12;21;10;29;111;20;12;20;15
1638.0;13;22;10;30;110;19;13;19;14
1644.0;12;24;10;30;109;18;15;18;14
1650.0;11;24;11;31;108;19;15;19;12
1656.0;11;24;11;32;107;15;15;20;15
1662.0;12;26;12;31;106;16;13;20;14
1668.0;12;25;14;32;106;15;14;19;13
1674.0;11;23;16;33;110;14;9;19;15
1680.0;12;21;16;36;110;13;8;20;14
1686.0;12;20;17;36;109;14;8;19;15
1692.0;12;21;17;34;108;15;8;19;16
1698.0;14;24;15;31;108;14;8;20;16
1704.0;12;25;16;30;108;16;7;21;15
1710.0;14;28;14;30;107;15;7;22;13
1716.0;13;30;12;29;109;14;6;23;14
1722.0;14;31;13;26;112;14;8;21;11
1728.0;14;31;13;23;114;13;10;21;11
1734.0;14;32;11;25;113;15;10;19;11
1740.0;14;31;8;27;113;15;9;21;12
1746.0;15;31;8;28;112;15;11;19;11
1752.0;14;34;6;28;113;16;12;17;10
1758.0;15;33;7;27;112;16;11;18;11
1764.0;13;34;6;26;114;17;11;19;10
1770.0;15;34;7;25;115;16;9;19;10
1776.0;14;31;7;28;115;16;8;19;12
1782.0;12;32;7;30;116;13;10;19;11
1788.0;12;32;7;30;116;14;9;21;9
1794.0;11;31;7;31;117;14;10;21;8
