#auto generated file!
12.0;20;28;26;23;31;17;24;20;21
18.0;20;28;24;23;31;19;23;20;22
24.0;21;26;24;24;32;20;22;19;22
30.0;21;27;24;26;34;19;16;21;22
36.0;21;27;25;26;36;19;14;19;23
42.0;16;26;23;27;38;22;16;21;21
48.0;17;26;23;25;40;22;18;21;18
54.0;18;22;19;27;44;24;18;23;15
60.0;17;25;18;26;44;24;16;26;14
66.0;16;27;18;26;47;25;16;23;12
72.0;16;26;19;28;49;24;15;21;12
78.0;14;25;22;30;48;24;14;22;11
84.0;16;26;20;28;51;22;14;23;10
90.0;16;25;23;28;50;22;11;24;11
96.0;15;25;26;26;53;22;10;23;10
102.0;17;26;25;28;52;20;10;22;10
108.0;15;25;25;29;53;21;10;23;9
114.0;14;26;18;31;53;21;10;23;14
120.0;13;26;19;28;53;22;10;25;14
126.0;12;27;18;29;53;23;8;26;14
132.0;11;27;18;25;53;24;9;27;16
138.0;13;24;16;28;53;22;9;27;18
144.0;12;24;17;26;54;23;9;28;17
150.0;11;24;15;24;54;26;10;27;19
156.0;11;23;16;25;56;30;8;25;16
162.0;11;23;15;23;57;30;9;25;17
168.0;12;23;12;23;60;28;11;25;16
174.0;9;22;12;22;63;28;12;25;17
180.0;9;23;10;22;64;29;12;26;15
186.0;10;24;10;22;65;29;12;26;12
192.0;9;25;12;25;63;28;12;24;12
198.0;8;24;14;24;63;29;11;24;13
204.0;8;25;13;25;65;28;11;24;11
210.0;9;24;12;23;64;31;12;25;10
216.0;9;24;11;24;64;30;12;24;12
222.0;12;24;11;23;66;27;12;24;11
228.0;12;22;10;24;65;27;12;26;12
234.0;9;22;9;23;65;28;15;27;12
240.0;8;21;11;23;65;28;16;27;11
246.0;11;20;12;22;65;28;14;26;12
252.0;12;21;11;19;67;28;16;25;11
258.0;15;18;12;22;68;27;14;24;10
264.0;14;17;12;24;68;26;14;27;8
270.0;14;18;11;24;70;25;13;26;9
276.0;14;17;9;25;73;24;12;27;9
282.0;12;17;7;25;73;23;13;30;10
288.0;12;16;6;25;73;26;14;28;10
294.0;15;16;6;24;74;24;11;29;11
300.0;12;16;6;25;74;25;12;28;12
306.0;14;18;6;23;72;24;13;27;13
312.0;15;19;6;23;73;24;12;26;12
318.0;14;18;7;23;75;24;12;25;12
324.0;12;18;9;24;76;21;13;25;12
330.0;12;18;8;25;75;23;14;25;10
336.0;12;18;6;26;74;26;12;24;12
342.0;13;16;6;23;75;28;14;24;11
348.0;13;14;8;23;78;29;15;19;11
354.0;15;14;9;22;80;28;14;18;10
360.0;14;14;8;20;82;27;19;16;10
366.0;12;17;7;20;79;27;19;18;11
372.0;13;15;6;21;80;26;19;18;12
378.0;14;15;8;17;81;24;18;21;12
384.0;13;15;9;19;84;24;15;19;12
390.0;11;15;10;20;83;23;15;19;14
396.0;11;15;10;21;83;23;15;20;12
402.0;9;16;10;22;83;22;14;21;13
408.0;8;15;10;24;80;25;14;21;13
414.0;8;16;9;24;78;26;15;22;12
420.0;8;17;9;22;79;25;14;23;13
426.0;6;17;10;21;80;24;14;23;15
432.0;7;17;10;22;80;24;13;22;15
438.0;9;18;9;22;81;22;13;21;15
444.0;10;17;7;21;81;23;16;20;15
450.0;12;17;7;20;81;26;16;17;14
456.0;11;17;10;19;82;25;17;17;12
462.0;9;19;10;20;85;23;14;19;11
468.0;9;18;11;21;86;24;14;16;11
474.0;8;18;15;19;84;24;13;16;13
480.0;8;18;17;18;84;24;12;14;15
486.0;8;18;14;18;86;26;8;15;17
492.0;9;17;15;18;87;24;7;16;17
498.0;10;18;15;17;87;23;8;15;17
504.0;10;17;14;18;87;23;8;14;19
510.0;10;18;12;18;89;21;10;15;17
516.0;11;18;11;19;88;22;10;14;17
522.0;12;18;12;18;88;23;11;14;14
528.0;12;20;12;18;88;22;10;15;13
534.0;12;22;11;18;88;27;7;14;11
540.0;12;21;11;17;87;28;7;15;12
546.0;12;20;12;17;88;27;8;14;12
552.0;10;21;11;16;90;28;8;15;11
558.0;12;21;9;16;92;30;7;15;8
564.0;10;20;10;17;93;33;8;10;9
570.0;10;19;13;17;95;29;8;10;9
576.0;10;19;12;18;94;29;8;10;10
582.0;10;18;13;20;94;28;8;10;9
588.0;9;21;12;19;93;30;9;11;6
594.0;8;21;12;19;93;29;10;13;5
600.0;10;19;13;21;92;26;9;14;6
606.0;9;21;12;21;95;25;9;13;5
612.0;9;20;12;21;95;27;7;13;6
618.0;10;20;12;22;93;27;9;12;5
624.0;9;21;10;23;93;26;11;11;6
630.0;8;22;11;23;91;28;10;9;8
636.0;8;21;12;20;92;29;9;11;8
642.0;8;23;10;19;92;28;11;12;7
648.0;8;23;9;20;94;28;9;12;7
654.0;8;23;9;22;93;27;10;12;6
660.0;9;23;9;23;95;27;9;13;2
666.0;10;22;9;23;93;29;8;13;3
672.0;9;21;10;22;94;30;7;13;4
678.0;8;22;10;21;93;29;8;13;6
684.0;9;24;9;18;93;29;6;15;7
690.0;7;24;10;17;92;29;7;15;9
696.0;10;23;10;17;92;28;7;16;7
702.0;11;20;11;17;91;27;9;16;8
708.0;11;23;9;19;89;24;10;16;9
714.0;11;22;10;17;90;27;12;14;7
720.0;12;24;10;15;88;27;12;14;8
726.0;9;24;11;16;86;30;12;16;6
732.0;10;24;12;16;86;30;10;17;5
738.0;9;27;11;17;86;28;10;17;5
744.0;9;29;9;17;85;27;8;18;8
750.0;10;29;8;17;85;27;9;17;8
756.0;12;28;7;18;86;28;7;16;8
762.0;11;29;9;17;84;29;8;16;7
768.0;13;30;7;16;85;28;8;15;8
774.0;13;29;7;16;86;27;9;14;9
780.0;13;27;7;18;86;25;10;14;10
786.0;14;27;7;18;86;25;10;13;10
792.0;13;26;8;20;91;23;8;13;8
798.0;14;28;9;18;89;21;9;15;7
804.0;15;27;8;18;90;21;9;14;8
810.0;14;28;9;18;92;20;7;13;9
816.0;14;29;9;16;92;19;7;14;10
822.0;11;30;11;14;92;17;8;16;11
828.0;11;28;11;13;91;18;7;18;13
834.0;10;27;10;17;91;20;7;17;11
840.0;11;25;9;18;91;19;8;16;13
846.0;10;27;7;19;92;18;9;16;12
852.0;11;27;8;20;91;17;8;16;12
858.0;12;27;8;19;92;17;8;16;11
864.0;12;28;10;18;91;18;7;15;11
870.0;13;28;9;16;90;21;9;15;9
876.0;14;25;11;16;91;19;9;18;7
882.0;11;25;11;15;93;19;9;20;7
888.0;10;26;11;17;92;20;8;20;6
894.0;11;26;10;16;93;20;10;18;6
900.0;11;26;10;16;96;19;10;17;5
906.0;12;26;9;17;94;20;11;17;4
912.0;12;25;10;17;94;21;11;16;4
918.0;12;27;9;17;98;20;8;15;4
924.0;12;26;9;17;98;20;9;15;4
930.0;12;26;9;18;96;19;10;15;5
936.0;12;26;8;18;94;19;13;14;6
942.0;11;22;8;20;93;21;13;15;7
948.0;11;22;9;20;91;20;15;15;7
954.0;10;22;8;19;92;22;16;15;6
960.0;10;23;9;20;91;19;15;16;7
966.0;12;23;10;18;92;17;13;18;7
972.0;13;22;10;19;91;18;13;17;7
978.0;12;23;10;19;91;18;13;17;7
984.0;13;25;11;20;90;17;12;13;9
990.0;12;28;13;19;90;14;11;15;8
996.0;11;28;13;17;88;15;13;15;10
1002.0;12;29;11;16;91;15;9;17;10
1008.0;13;29;10;15;89;16;11;17;10
1014.0;12;29;9;16;89;17;9;17;12
1020.0;11;30;9;17;90;17;9;17;10
1026.0;13;29;8;19;91;16;7;17;10
1032.0;12;31;7;20;91;14;9;16;10
1038.0;12;33;6;20;88;14;9;17;11
1044.0;12;28;6;19;89;14;10;18;14
1050.0;10;26;7;18;88;15;12;19;15
1056.0;11;28;7;17;87;16;11;19;14
1062.0;12;28;6;18;88;15;9;20;14
1068.0;12;27;5;19;88;15;10;19;15
1074.0;10;26;7;18;90;15;12;19;13
1080.0;9;27;6;17;90;17;12;22;10
1086.0;9;24;5;15;92;19;16;22;8
1092.0;7;25;6;15;92;19;16;22;8
1098.0;4;24;9;16;92;20;15;22;8
1104.0;3;25;9;15;93;20;15;22;8
1110.0;3;25;9;16;94;19;16;21;7
1116.0;3;25;11;16;94;18;17;21;5
1122.0;3;26;11;16;93;17;15;23;6
1128.0;3;25;11;18;91;19;16;21;6
1134.0;2;25;8;17;91;19;16;24;8
1140.0;2;26;8;16;92;20;14;24;8
1146.0;2;25;8;16;93;19;15;24;8
1152.0;3;23;9;15;93;19;14;24;10
1158.0;5;23;9;15;94;18;12;24;10
1164.0;7;22;10;18;93;18;11;21;10
1170.0;8;20;14;18;93;17;10;21;9
1176.0;10;19;14;17;92;20;9;20;9
1182.0;11;19;13;17;91;20;9;20;10
1188.0;11;20;13;19;91;22;7;19;8
1194.0;10;20;12;20;92;22;6;20;8
1200.0;12;21;10;20;94;18;6;22;7
1206.0;11;19;10;20;93;16;9;24;8
1212.0;10;20;9;21;93;17;7;25;8
1218.0;9;18;9;22;95;18;7;25;7
1224.0;10;18;10;20;97;15;8;24;8
1230.0;12;17;9;19;97;15;9;24;8
1236.0;13;16;10;18;97;15;9;24;8
1242.0;13;17;10;18;98;12;7;25;10
1248.0;15;19;11;17;98;12;6;24;8
1254.0;14;20;11;15;99;12;7;24;8
1260.0;13;21;12;15;96;12;10;24;7
1266.0;12;22;13;17;98;9;10;21;8
1272.0;13;20;10;15;99;11;13;21;8
1278.0;13;22;10;14;100;12;11;21;7
1284.0;13;23;11;15;98;14;11;19;6
1290.0;14;23;10;15;97;14;12;19;6
1296.0;13;23;8;15;97;15;13;20;6
1302.0;13;21;10;17;97;16;11;19;6
1308.0;10;20;11;19;97;15;11;20;7
1314.0;9;23;10;17;95;16;11;21;8
1320.0;8;24;8;17;95;15;14;21;8
1326.0;7;27;7;17;93;17;13;20;9
1332.0;9;27;7;17;93;17;13;19;8
1338.0;11;27;7;18;93;18;11;17;8
1344.0;11;26;7;16;94;17;12;17;10
1350.0;11;25;8;15;97;15;12;16;11
1356.0;12;25;9;14;98;15;11;16;10
1362.0;14;24;9;13;98;17;10;15;10
1368.0;12;24;9;10;101;19;11;16;8
1374.0;14;24;9;9;100;20;10;17;7
1380.0;13;24;6;10;101;19;11;19;7
1386.0;13;24;6;10;100;20;12;20;5
1392.0;13;23;4;13;100;19;11;22;5
1398.0;11;23;5;14;99;19;11;23;5
1404.0;12;23;6;13;98;18;12;22;6
1410.0;11;23;5;14;97;19;14;21;6
1416.0;11;20;6;18;92;18;16;23;6
1422.0;10;19;7;18;93;17;15;25;6
1428.0;12;18;6;17;93;14;16;26;8
1434.0;15;19;5;15;94;13;16;25;8
1440.0;15;21;5;16;93;12;17;23;8
1446.0;18;21;4;15;93;10;16;24;9
1452.0;16;21;6;14;95;9;15;24;10
1458.0;14;20;6;16;95;9;16;24;10
1464.0;16;19;6;16;93;10;16;24;10
1470.0;18;19;6;16;93;9;15;25;9
1476.0;17;18;8;16;93;9;15;24;10
1482.0;18;18;9;16;93;10;13;23;10
1488.0;20;19;8;15;92;9;12;24;11
1494.0;18;20;7;15;91;11;13;24;11
1500.0;16;18;5;14;92;13;16;25;11
1506.0;15;18;5;17;92;12;16;22;13
1512.0;15;19;6;18;90;14;14;22;12
1518.0;14;19;6;17;91;16;13;22;12
1524.0;13;19;8;17;92;16;11;22;12
1530.0;16;17;8;17;92;15;13;20;12
1536.0;15;14;10;16;92;16;15;20;12
1542.0;12;15;10;18;91;16;15;19;14
1548.0;14;15;12;18;88;17;13;18;15
1554.0;13;17;10;18;88;16;13;22;13
1560.0;13;18;10;19;87;17;11;22;13
1566.0;13;16;12;19;87;19;11;19;14
1572.0;14;17;10;18;87;20;11;19;14
1578.0;12;17;10;20;89;21;11;15;15
1584.0;10;17;11;21;89;24;10;16;12
1590.0;11;16;10;21;89;25;10;16;12
1596.0;9;21;10;23;88;24;11;15;9
1602.0;9;20;9;21;89;25;11;16;10
1608.0;9;19;12;22;89;23;11;16;9
1614.0;9;17;12;22;91;23;11;17;8
1620.0;8;19;11;21;91;23;12;16;9
1626.0;7;19;14;19;90;24;13;16;8
1632.0;9;18;13;20;91;23;12;16;8
1638.0;10;13;13;19;93;26;14;13;9
1644.0;9;13;13;17;94;28;13;14;9
1650.0;10;13;12;18;94;31;12;12;8
1656.0;10;12;13;18;92;30;14;12;9
1662.0;10;13;13;16;92;31;12;12;11
1668.0;8;18;12;18;93;30;8;13;10
1674.0;5;18;10;22;92;30;10;14;9
1680.0;5;20;11;23;92;28;11;13;7
1686.0;5;20;10;24;94;27;12;12;6
1692.0;5;19;8;26;93;26;12;13;8
1698.0;4;18;10;25;97;25;10;13;8
1704.0;6;18;11;24;95;24;11;12;9
1710.0;6;16;12;23;96;24;10;11;12
1716.0;6;16;11;23;97;24;9;10;14
1722.0;7;18;10;21;98;23;9;10;14
1728.0;7;19;9;21;98;25;5;11;15
1734.0;7;20;7;20;98;24;7;10;17
1740.0;8;18;7;19;97;26;7;10;18
1746.0;9;21;8;19;97;24;8;9;15
1752.0;9;21;10;19;97;23;7;10;14
1758.0;6;22;12;18;94;24;7;12;15
1764.0;6;23;12;20;92;24;8;12;13
1770.0;9;23;12;20;92;22;7;13;12
1776.0;7;23;12;20;92;21;9;13;13
1782.0;9;23;13;22;91;21;8;12;11
1788.0;8;23;11;23;89;22;9;14;11
1794.0;7;21;12;25;90;21;7;15;12
