#auto generated file!
12.0;11;21;23;19;26;32;22;24;22
18.0;11;21;23;22;27;31;19;24;22
24.0;10;21;24;23;26;32;20;23;21
30.0;10;25;23;23;30;31;21;22;15
36.0;13;26;21;26;31;29;21;21;12
42.0;13;27;18;26;32;28;23;20;13
48.0;17;23;16;30;33;30;24;18;9
54.0;17;25;15;30;35;29;23;17;9
60.0;16;25;13;27;40;28;25;19;7
66.0;16;26;17;23;38;28;25;19;8
72.0;14;27;17;21;40;29;24;19;9
78.0;14;28;16;21;42;28;23;19;9
84.0;15;29;15;22;42;28;23;19;7
90.0;14;28;15;21;42;28;23;21;8
96.0;12;29;15;21;42;30;23;20;8
102.0;12;30;15;25;44;28;19;19;8
108.0;12;30;17;22;45;26;18;19;11
114.0;13;30;16;22;45;24;18;19;13
120.0;15;27;16;21;47;24;17;18;15
126.0;13;27;17;22;47;23;17;18;16
132.0;15;29;15;25;48;20;14;18;16
138.0;14;31;15;25;48;18;14;18;17
144.0;14;27;14;26;48;20;16;17;18
150.0;12;25;19;28;47;22;15;17;15
156.0;14;24;21;29;47;21;15;15;14
162.0;15;25;15;33;47;20;15;16;14
168.0;14;26;16;33;46;19;15;17;14
174.0;15;26;16;32;46;19;15;17;14
180.0;17;24;16;31;49;20;16;13;14
186.0;14;24;13;30;52;22;16;12;17
192.0;12;24;16;27;53;21;15;13;19
198.0;14;25;15;25;53;19;15;13;21
204.0;14;25;14;25;56;16;15;13;22
210.0;12;27;15;25;57;16;15;13;20
216.0;13;27;15;24;56;16;15;14;20
222.0;11;25;15;22;58;17;16;16;20
228.0;12;23;16;21;59;18;16;16;19
234.0;10;24;15;21;60;18;17;16;19
240.0;10;27;18;23;59;17;15;14;17
246.0;9;26;16;23;61;17;18;15;15
252.0;8;28;16;22;62;19;16;18;11
258.0;9;30;15;23;60;19;14;18;12
264.0;9;30;14;24;58;19;15;18;13
270.0;8;30;11;22;58;23;14;19;15
276.0;8;29;11;22;58;23;14;21;14
282.0;9;28;10;21;59;23;14;22;14
288.0;11;26;10;17;59;25;13;22;17
294.0;12;25;10;15;60;24;13;24;17
300.0;13;23;13;14;60;26;13;22;16
306.0;15;24;13;14;59;26;13;23;13
312.0;14;25;14;14;61;23;14;22;13
318.0;14;26;14;16;61;22;13;23;11
324.0;13;26;16;15;59;21;14;24;12
330.0;13;26;15;16;60;20;14;24;12
336.0;13;27;14;16;62;20;13;22;13
342.0;13;26;15;16;61;20;14;21;14
348.0;11;26;15;18;61;21;16;21;11
354.0;10;27;16;20;60;20;15;21;11
360.0;11;27;16;18;60;20;17;20;11
366.0;12;25;18;18;62;21;14;22;8
372.0;12;26;17;21;62;20;12;22;8
378.0;12;24;17;22;61;21;11;23;9
384.0;11;25;15;22;62;20;12;23;10
390.0;11;25;12;23;62;21;14;22;10
396.0;12;24;15;22;63;20;13;22;9
402.0;14;24;15;23;62;20;13;20;9
408.0;14;25;16;24;62;20;14;18;7
414.0;15;26;14;25;66;20;11;17;6
420.0;16;27;13;22;66;22;11;18;5
426.0;17;29;14;22;65;20;10;19;4
432.0;17;31;14;21;65;19;9;21;3
438.0;15;29;15;21;64;23;9;20;4
444.0;15;29;15;22;64;23;10;19;3
450.0;15;30;16;20;65;23;9;19;3
456.0;16;30;16;20;65;23;8;19;3
462.0;16;29;16;22;63;23;9;17;5
468.0;17;29;12;21;63;23;9;21;5
474.0;19;29;9;21;64;20;9;21;8
480.0;21;27;9;22;65;21;8;18;9
486.0;21;27;6;26;67;20;10;17;6
492.0;20;25;7;26;68;21;8;19;6
498.0;18;28;9;25;68;21;7;19;5
504.0;17;27;10;24;69;23;7;19;4
510.0;16;27;9;25;70;25;6;18;4
516.0;15;29;7;24;71;25;6;18;5
522.0;15;29;6;24;72;26;6;17;5
528.0;13;28;7;23;73;25;7;19;5
534.0;14;27;9;22;73;24;7;19;5
540.0;16;24;9;24;75;22;5;19;6
546.0;14;24;9;23;76;20;6;21;7
552.0;15;24;8;22;78;19;6;21;7
558.0;15;25;9;22;79;17;7;20;6
564.0;16;28;10;20;79;14;6;20;7
570.0;18;28;9;19;78;16;6;19;7
576.0;19;27;10;18;79;17;6;17;7
582.0;15;27;14;16;80;18;7;15;8
588.0;17;26;13;15;80;17;6;18;8
594.0;16;26;13;14;79;19;7;17;9
600.0;17;27;13;16;74;19;8;17;9
606.0;17;26;12;15;75;19;6;21;9
612.0;16;25;12;15;75;20;4;20;13
618.0;16;25;13;14;76;21;4;19;12
624.0;16;22;13;15;77;22;5;19;11
630.0;15;24;11;15;78;22;7;17;11
636.0;14;21;11;16;79;21;8;17;13
642.0;12;20;11;17;79;23;9;14;15
648.0;12;19;10;16;80;22;10;17;14
654.0;10;20;12;15;79;22;11;16;15
660.0;12;18;12;14;79;22;11;16;16
666.0;11;18;12;16;82;22;9;15;15
672.0;11;19;11;18;83;22;8;15;13
678.0;11;15;11;18;84;22;7;18;14
684.0;10;15;9;19;84;23;7;18;15
690.0;10;16;8;19;84;22;6;19;16
696.0;8;16;9;20;81;24;8;18;16
702.0;9;17;10;18;83;22;7;18;16
708.0;9;17;10;19;84;21;8;17;15
714.0;9;16;10;19;85;21;8;17;15
720.0;9;16;9;19;85;23;7;15;17
726.0;9;16;11;17;87;22;7;16;15
732.0;9;17;12;16;87;21;8;17;13
738.0;8;17;10;17;88;17;10;19;14
744.0;8;17;10;17;88;17;10;19;14
750.0;11;20;10;15;88;15;9;18;14
756.0;13;19;7;17;90;13;11;17;13
762.0;13;19;7;20;89;9;13;16;14
768.0;14;18;9;20;89;10;12;15;13
774.0;10;18;10;19;91;11;12;16;13
780.0;12;18;9;18;90;14;12;17;10
786.0;13;17;9;18;90;13;14;17;9
792.0;11;20;10;15;89;13;14;19;9
798.0;9;20;9;15;89;16;14;19;9
804.0;9;21;10;17;90;15;12;16;10
810.0;9;20;8;17;89;17;13;16;11
816.0;9;21;9;18;88;17;13;15;10
822.0;9;21;9;17;86;18;13;14;13
828.0;9;20;9;16;90;17;14;15;10
834.0;9;20;9;18;90;17;12;15;10
840.0;8;18;13;18;89;17;11;15;11
846.0;10;16;14;18;89;18;10;15;10
852.0;10;17;14;16;89;19;9;15;11
858.0;10;17;13;16;87;18;11;16;12
864.0;10;18;13;14;85;20;13;16;11
870.0;10;19;11;14;87;20;13;16;10
876.0;8;20;10;14;88;22;14;16;8
882.0;7;22;10;16;87;22;14;15;7
888.0;8;19;7;17;88;22;14;16;9
894.0;8;19;7;16;89;22;13;17;9
900.0;9;21;9;15;89;20;12;18;7
906.0;8;20;10;14;91;20;12;18;7
912.0;8;21;10;14;93;19;11;18;6
918.0;8;20;8;14;93;20;11;19;7
924.0;6;21;8;12;92;22;10;21;8
930.0;8;21;6;13;93;23;8;21;7
936.0;9;20;6;12;92;22;10;22;7
942.0;10;23;6;13;92;20;9;21;6
948.0;9;23;7;14;90;20;8;21;8
954.0;9;23;8;17;87;19;7;22;8
960.0;9;22;10;17;88;19;5;21;9
966.0;10;20;11;18;86;18;5;22;10
972.0;12;21;12;18;84;19;5;22;7
978.0;11;21;12;19;84;19;5;22;7
984.0;10;19;10;19;85;21;4;23;9
990.0;11;19;10;21;85;18;5;21;10
996.0;9;19;12;24;84;18;6;19;9
1002.0;9;18;11;24;85;19;7;18;9
1008.0;10;17;12;24;85;18;7;17;10
1014.0;10;15;11;24;85;19;8;19;9
1020.0;10;15;11;24;84;19;8;20;9
1026.0;10;16;10;25;85;20;8;18;8
1032.0;7;18;9;26;84;17;9;20;10
1038.0;9;15;10;25;84;19;9;19;10
1044.0;9;13;12;26;86;20;5;19;10
1050.0;10;14;12;23;86;20;6;20;9
1056.0;11;14;15;23;84;19;7;19;8
1062.0;12;15;14;22;85;18;7;19;8
1068.0;13;15;12;22;85;17;6;21;9
1074.0;13;17;12;22;85;18;7;19;7
1080.0;14;17;11;21;85;17;9;19;7
1086.0;15;17;11;19;86;16;10;18;8
1092.0;14;15;10;19;88;19;12;18;5
1098.0;17;16;9;17;89;16;12;18;6
1104.0;18;18;9;16;88;18;10;17;6
1110.0;17;20;10;16;87;18;7;17;8
1116.0;19;19;11;14;88;17;8;15;9
1122.0;17;20;13;11;89;17;9;15;9
1128.0;16;22;12;11;88;17;9;16;9
1134.0;15;26;10;10;88;17;8;16;10
1140.0;17;25;9;10;88;16;9;15;11
1146.0;15;23;8;11;87;17;12;15;12
1152.0;13;25;7;13;89;16;12;14;11
1158.0;12;27;7;13;88;15;11;14;13
1164.0;12;26;10;13;87;17;12;13;10
1170.0;12;26;10;13;88;16;13;13;9
1176.0;10;26;13;12;89;17;13;12;8
1182.0;10;25;12;11;88;18;14;13;9
1188.0;10;24;11;12;85;21;14;14;9
1194.0;11;24;12;11;86;20;13;13;10
1200.0;12;25;16;10;83;21;11;13;9
1206.0;12;24;16;10;85;21;12;13;7
1212.0;14;21;17;7;86;21;12;13;9
1218.0;14;20;17;7;87;20;10;14;11
1224.0;14;21;17;8;89;19;8;14;10
1230.0;15;22;15;8;89;17;9;14;11
1236.0;14;23;16;9;88;17;10;13;10
1242.0;14;23;15;7;89;18;10;14;10
1248.0;14;21;13;9;89;20;9;14;11
1254.0;13;17;14;10;90;19;10;17;10
1260.0;13;18;16;10;89;17;10;18;9
1266.0;13;19;17;11;94;15;8;15;8
1272.0;12;18;16;12;94;15;9;15;9
1278.0;14;16;16;11;94;14;8;17;10
1284.0;13;16;15;12;93;16;6;17;12
1290.0;11;19;15;10;94;18;4;17;12
1296.0;11;18;15;10;94;18;4;18;12
1302.0;11;18;14;13;92;20;5;17;10
1308.0;13;18;14;13;91;19;7;16;9
1314.0;14;18;12;12;94;20;6;15;9
1320.0;15;19;12;12;96;18;6;14;8
1326.0;15;19;11;14;95;18;6;14;8
1332.0;16;20;11;13;96;16;5;14;9
1338.0;16;22;10;14;94;15;5;15;9
1344.0;16;20;8;14;97;15;4;17;9
1350.0;14;20;7;16;98;15;4;17;9
1356.0;13;17;6;15;99;17;5;19;9
1362.0;13;17;6;14;100;18;4;19;9
1368.0;13;18;6;14;101;17;4;18;9
1374.0;12;17;6;15;100;18;4;18;10
1380.0;12;18;6;16;99;16;4;19;10
1386.0;12;16;6;17;99;15;7;19;9
1392.0;13;17;6;16;99;14;6;19;10
1398.0;12;17;5;17;101;16;5;19;8
1404.0;11;18;4;17;102;17;5;19;7
1410.0;10;19;4;16;102;16;5;19;9
1416.0;7;21;4;18;99;16;7;19;9
1422.0;8;21;8;17;98;14;7;19;8
1428.0;8;19;8;17;99;14;7;20;8
1434.0;7;17;9;17;98;14;8;20;10
1440.0;6;18;9;17;102;17;6;17;8
1446.0;6;16;9;19;103;17;6;16;8
1452.0;8;15;8;18;103;18;6;16;8
1458.0;7;15;6;19;102;18;7;18;8
1464.0;7;15;7;19;104;18;5;18;7
1470.0;5;17;7;22;102;18;6;16;7
1476.0;6;16;8;19;103;18;6;16;8
1482.0;9;15;8;18;102;20;5;17;6
1488.0;7;15;8;17;102;21;5;17;8
1494.0;5;15;9;21;99;19;6;18;8
1500.0;6;16;11;18;99;19;7;18;6
1506.0;6;17;12;19;96;20;7;17;6
1512.0;5;18;12;18;96;21;8;17;5
1518.0;7;17;12;19;95;21;9;14;6
1524.0;7;17;11;18;94;22;10;15;6
1530.0;8;17;11;21;93;20;10;13;7
1536.0;9;17;12;22;94;21;7;13;5
1542.0;9;20;12;22;91;22;8;11;5
1548.0;10;17;13;20;90;23;9;12;6
1554.0;9;17;12;19;93;25;8;11;6
1560.0;8;19;13;18;89;25;9;11;8
1566.0;8;19;13;20;88;23;9;12;8
1572.0;8;20;13;20;87;22;8;14;8
1578.0;8;19;11;20;87;22;8;16;9
1584.0;9;19;9;21;86;22;9;17;8
1590.0;9;19;10;19;85;23;11;16;8
1596.0;8;20;9;20;84;24;12;15;8
1602.0;8;19;15;18;86;24;11;12;7
1608.0;12;20;14;18;85;22;11;12;6
1614.0;11;21;13;19;84;24;11;12;5
1620.0;12;17;14;21;81;25;13;13;4
1626.0;12;17;12;19;82;24;15;14;5
1632.0;10;17;10;21;84;25;15;13;5
1638.0;9;17;9;20;85;25;14;16;5
1644.0;10;16;10;20;84;24;17;14;5
1650.0;11;17;8;20;85;24;15;14;6
1656.0;13;16;8;20;84;24;14;14;7
1662.0;13;17;10;16;84;24;15;14;7
1668.0;13;17;9;16;85;24;14;14;8
1674.0;12;18;10;14;85;24;13;16;8
1680.0;12;16;10;14;88;23;12;18;7
1686.0;13;16;11;14;90;22;11;17;6
1692.0;16;14;9;15;93;22;9;15;7
1698.0;14;15;10;13;95;23;9;13;8
1704.0;13;15;9;13;96;23;10;13;8
1710.0;13;15;9;12;97;23;11;15;5
1716.0;12;17;8;11;96;24;11;14;7
1722.0;10;16;7;12;96;23;13;16;7
1728.0;8;15;8;13;97;24;14;15;6
1734.0;8;14;9;14;98;23;13;16;5
1740.0;6;15;9;16;98;24;11;18;3
1746.0;7;16;8;18;95;19;10;21;6
1752.0;8;17;8;20;91;18;11;22;5
1758.0;9;16;8;20;91;15;10;24;7
1764.0;9;15;9;18;92;17;11;20;9
1770.0;9;15;8;18;91;17;11;21;10
1776.0;9;14;8;19;91;18;11;20;10
1782.0;7;15;9;18;91;19;12;20;9
1788.0;8;15;10;16;92;19;12;20;8
1794.0;6;12;10;17;93;18;13;20;11
