#auto generated file!
12.0;45;53;46;57;45;46;48;46;44
18.0;44;58;42;57;47;53;45;46;38
24.0;45;63;40;53;49;52;44;49;35
30.0;41;69;38;54;51;52;46;48;31
36.0;40;67;36;57;54;50;44;49;33
42.0;45;65;35;60;53;51;42;47;32
48.0;44;62;35;60;58;52;41;48;30
54.0;43;66;32;58;62;52;38;47;32
60.0;35;67;37;55;68;54;37;46;31
66.0;31;65;36;59;69;51;35;49;35
72.0;30;69;32;58;72;54;33;50;32
78.0;31;70;30;57;74;56;32;46;34
84.0;32;69;29;57;76;56;34;48;29
90.0;31;69;29;56;81;54;31;49;30
96.0;31;70;30;54;84;54;29;50;28
102.0;34;70;33;50;86;55;28;51;23
108.0;35;72;33;47;87;54;26;52;24
114.0;37;71;30;47;88;52;29;53;23
120.0;37;69;28;49;92;53;29;50;23
126.0;34;71;31;48;91;52;26;52;25
132.0;31;71;32;48;94;53;24;52;25
138.0;30;65;31;51;96;55;24;53;25
144.0;30;62;31;52;100;53;22;53;27
150.0;26;63;33;48;101;51;28;50;30
156.0;24;60;34;48;105;50;28;49;32
162.0;21;63;35;47;107;50;27;48;32
168.0;21;66;36;47;110;47;27;47;29
174.0;20;67;34;48;114;45;27;50;25
180.0;21;66;33;45;116;47;24;52;26
186.0;19;63;33;48;115;49;26;52;25
192.0;19;60;34;49;116;52;26;50;24
198.0;19;58;30;51;119;52;26;51;24
204.0;19;62;30;49;119;49;29;50;23
210.0;20;61;29;48;125;49;26;52;20
216.0;19;59;28;47;131;50;28;50;18
222.0;22;54;27;49;129;50;32;47;20
228.0;21;56;26;49;128;52;34;45;19
234.0;22;52;27;49;128;53;38;47;14
240.0;21;52;27;50;132;54;35;44;15
246.0;22;50;24;49;130;55;33;48;19
252.0;23;50;25;48;131;50;34;48;21
258.0;25;50;21;50;131;51;32;48;22
264.0;23;48;23;51;134;47;35;47;22
270.0;22;48;21;50;135;48;35;46;25
276.0;23;49;21;50;134;49;35;44;25
282.0;20;50;21;53;136;46;34;45;25
288.0;20;51;23;50;139;45;35;45;22
294.0;19;55;23;47;142;45;32;44;23
300.0;20;59;23;45;141;43;31;45;23
306.0;18;59;23;45;143;43;31;44;24
312.0;14;59;26;46;142;41;30;45;27
318.0;12;60;26;44;143;39;30;48;28
324.0;13;60;26;44;144;38;32;46;27
330.0;16;64;26;38;146;38;32;46;24
336.0;15;64;26;41;147;38;30;48;21
342.0;14;60;25;40;149;39;32;49;22
348.0;13;60;22;43;154;38;31;47;22
354.0;13;60;24;42;154;38;30;49;20
360.0;16;60;26;41;153;39;27;45;23
366.0;21;61;26;41;148;42;22;46;23
372.0;21;58;24;42;150;44;23;46;22
378.0;20;56;24;39;150;47;23;46;25
384.0;21;55;22;40;150;49;23;47;23
390.0;20;55;20;41;152;48;21;49;24
396.0;20;54;20;41;148;52;23;49;23
402.0;19;54;20;41;150;51;21;50;24
408.0;16;56;23;34;152;53;23;52;21
414.0;17;56;22;34;151;49;26;53;22
420.0;19;56;24;33;152;49;24;51;22
426.0;22;53;21;35;154;51;23;49;22
432.0;25;51;20;33;153;51;25;50;22
438.0;26;50;20;36;152;52;25;47;22
444.0;23;50;17;39;152;51;28;47;23
450.0;23;50;18;39;151;50;28;47;24
456.0;24;48;19;39;149;53;28;48;22
462.0;25;49;16;37;153;55;25;46;24
468.0;27;45;18;38;153;55;24;50;20
474.0;25;45;17;40;156;55;28;47;17
480.0;23;48;17;43;157;51;25;49;17
486.0;20;49;19;44;156;51;23;47;21
492.0;19;54;13;46;160;48;24;47;19
498.0;17;57;14;45;161;49;24;43;20
504.0;16;55;18;47;160;46;25;43;20
510.0;16;50;22;46;163;50;25;40;18
516.0;13;50;22;46;164;49;24;41;21
522.0;12;52;21;45;163;47;24;46;20
528.0;12;50;22;47;163;48;23;43;22
534.0;13;49;23;45;164;49;26;39;22
540.0;13;48;22;45;165;48;26;40;23
546.0;12;50;18;44;164;54;23;41;24
552.0;11;48;21;43;164;53;22;43;25
558.0;11;51;21;42;165;51;22;46;21
564.0;12;47;21;41;167;51;22;47;22
570.0;14;47;22;40;168;53;23;46;17
576.0;13;46;23;38;168;53;24;46;19
582.0;14;43;20;38;169;51;25;50;20
588.0;13;45;23;38;168;49;23;52;19
594.0;17;45;25;38;167;48;21;53;16
600.0;17;48;25;38;168;46;19;51;18
606.0;18;45;26;37;171;47;19;47;20
612.0;16;46;30;35;171;45;17;48;22
618.0;16;47;27;33;171;43;20;49;24
624.0;16;48;27;31;171;44;22;46;25
630.0;17;46;28;34;177;41;19;46;22
636.0;20;44;30;35;178;41;16;45;21
642.0;19;46;30;34;180;39;19;43;20
648.0;19;47;28;36;182;38;17;47;16
654.0;22;51;25;35;183;37;20;47;10
660.0;20;47;23;35;189;37;20;48;11
666.0;18;47;23;37;188;38;22;46;11
672.0;20;47;28;34;188;35;23;46;9
678.0;20;48;28;35;190;36;19;47;7
684.0;22;47;27;34;189;37;18;47;9
690.0;21;46;29;34;189;33;20;45;13
696.0;19;45;30;32;188;33;22;48;13
702.0;21;45;25;33;191;32;20;48;15
708.0;22;44;24;33;190;36;21;47;13
714.0;25;45;25;32;192;36;21;45;9
720.0;23;46;25;31;193;36;23;42;11
726.0;24;46;19;34;197;33;21;45;11
732.0;24;46;17;33;198;34;20;46;12
738.0;22;46;18;30;205;35;17;47;10
744.0;23;43;21;31;203;34;18;48;9
750.0;19;43;23;31;202;33;19;50;10
756.0;23;41;18;30;205;32;19;50;12
762.0;22;40;19;27;204;35;19;51;13
768.0;19;42;21;26;204;37;19;50;12
774.0;20;42;20;26;204;37;19;48;14
780.0;18;48;19;28;203;36;19;47;12
786.0;19;45;19;28;203;37;19;47;13
792.0;20;47;19;27;202;38;19;47;11
798.0;20;47;20;26;204;38;16;46;13
804.0;21;46;20;24;203;40;18;47;11
810.0;20;46;21;23;201;41;19;48;11
816.0;20;45;21;25;204;39;15;50;11
822.0;22;44;19;25;203;38;15;50;14
828.0;18;45;19;26;206;37;13;50;16
834.0;21;46;19;26;206;37;14;46;15
840.0;21;46;21;29;206;37;14;42;14
846.0;19;47;21;34;200;39;15;42;13
852.0;22;45;20;36;202;37;15;41;12
858.0;24;45;19;35;199;35;17;44;12
864.0;21;44;20;34;202;38;15;41;15
870.0;21;41;20;35;209;35;13;40;16
876.0;21;41;22;35;207;33;14;39;18
882.0;18;42;24;34;205;36;12;40;19
888.0;22;41;23;31;206;35;13;39;20
894.0;21;38;21;33;204;36;16;39;22
900.0;18;37;24;33;204;37;15;39;23
906.0;17;38;23;34;203;37;15;39;24
912.0;16;38;23;32;205;37;14;39;26
918.0;18;35;24;33;203;40;13;39;25
924.0;18;36;24;31;204;38;13;37;29
930.0;18;38;25;32;201;41;13;36;26
936.0;17;36;25;31;200;43;14;37;27
942.0;19;39;25;32;198;43;16;37;21
948.0;15;39;27;32;198;42;16;37;24
954.0;17;38;24;34;197;41;18;35;26
960.0;19;39;22;35;197;40;20;33;25
966.0;20;42;24;33;196;40;19;33;23
972.0;24;41;22;34;194;41;16;36;22
978.0;24;42;22;32;193;40;17;37;23
984.0;24;41;21;30;192;39;18;41;24
990.0;25;39;21;31;191;40;11;46;26
996.0;27;38;17;33;194;37;13;46;25
1002.0;33;41;17;34;193;35;11;44;22
1008.0;33;40;17;35;193;34;12;45;21
1014.0;34;38;15;32;195;34;12;46;24
1020.0;31;40;18;35;193;35;13;43;22
1026.0;29;41;14;32;192;36;17;44;25
1032.0;30;40;17;30;196;32;17;43;25
1038.0;29;40;21;28;196;31;17;45;23
1044.0;24;41;22;29;197;32;16;45;24
1050.0;22;42;23;28;198;34;14;47;22
1056.0;24;43;21;29;198;36;15;43;21
1062.0;27;44;21;31;197;36;13;43;18
1068.0;24;46;23;31;198;35;12;42;19
1074.0;19;47;22;32;201;38;12;42;17
1080.0;18;46;23;33;201;37;13;42;17
1086.0;16;50;26;32;200;37;13;41;15
1092.0;15;49;26;32;200;39;13;42;14
1098.0;17;49;27;29;200;40;13;43;12
1104.0;16;45;28;28;204;39;13;46;11
1110.0;16;45;25;30;204;37;14;46;13
1116.0;15;44;23;34;205;38;14;44;13
1122.0;15;44;22;35;206;36;13;46;13
1128.0;15;45;22;34;206;37;15;44;12
1134.0;16;46;24;35;206;37;15;40;11
1140.0;19;47;22;38;201;36;15;39;13
1146.0;18;49;21;37;202;36;14;39;14
1152.0;19;48;21;36;197;36;16;41;16
1158.0;19;44;21;34;198;37;18;44;15
1164.0;18;46;22;34;195;36;18;46;15
1170.0;19;45;24;32;196;38;18;43;15
1176.0;23;44;23;30;196;38;18;41;17
1182.0;18;44;24;28;199;36;19;44;18
1188.0;18;44;24;25;202;40;19;41;17
1194.0;17;45;25;25;203;40;21;40;14
1200.0;16;44;24;25;204;40;24;39;14
1206.0;14;43;27;25;204;41;23;40;13
1212.0;17;42;23;25;199;41;28;40;15
1218.0;17;40;24;28;199;40;25;42;15
1224.0;14;40;23;29;200;45;23;42;14
1230.0;16;38;24;31;196;48;23;41;13
1236.0;14;40;25;30;197;50;20;41;13
1242.0;15;39;25;32;198;52;17;41;11
1248.0;15;38;26;33;198;53;20;36;11
1254.0;16;38;26;35;199;51;18;34;13
1260.0;16;35;25;37;198;49;20;33;17
1266.0;17;33;23;39;200;46;21;34;17
1272.0;19;31;22;41;200;48;18;32;19
1278.0;21;32;20;42;197;46;18;34;20
1284.0;23;33;21;41;199;45;19;31;18
1290.0;18;34;24;40;199;43;24;33;15
1296.0;17;37;24;40;196;42;26;32;16
1302.0;23;37;24;35;196;44;25;33;13
1308.0;24;39;23;34;197;42;25;34;12
1314.0;25;38;19;35;202;41;24;33;13
1320.0;24;35;23;36;200;40;22;31;19
1326.0;20;34;24;36;200;42;25;31;18
1332.0;22;38;25;34;200;44;21;30;16
1338.0;22;36;25;37;199;42;20;31;18
1344.0;20;36;22;40;196;42;20;34;20
1350.0;20;37;21;40;196;42;22;34;18
1356.0;19;40;17;42;193;42;22;37;18
1362.0;22;39;22;41;192;39;18;38;19
1368.0;25;36;21;39;195;41;17;40;16
1374.0;22;38;22;39;196;42;18;37;16
1380.0;20;40;20;38;197;42;21;36;16
1386.0;19;38;23;39;200;41;20;35;15
1392.0;19;39;21;40;198;43;20;36;14
1398.0;18;40;20;38;197;43;21;37;16
1404.0;19;40;17;38;200;39;21;38;18
1410.0;19;41;16;39;201;38;23;36;17
1416.0;20;39;13;38;201;38;25;39;17
1422.0;21;36;13;37;204;36;25;38;20
1428.0;19;36;14;38;203;35;27;38;20
1434.0;18;38;15;36;206;34;26;39;18
1440.0;20;37;14;36;205;34;28;38;18
1446.0;18;39;16;37;202;36;25;38;19
1452.0;16;43;14;37;202;36;23;40;19
1458.0;16;39;16;37;203;38;22;41;18
1464.0;17;39;18;37;200;37;23;40;19
1470.0;17;41;17;36;201;39;24;38;17
1476.0;18;42;18;35;201;40;23;38;15
1482.0;19;41;20;34;200;42;21;41;12
1488.0;18;43;20;35;200;42;20;39;13
1494.0;15;45;17;34;199;44;18;40;18
1500.0;15;45;17;35;198;47;19;38;16
1506.0;19;41;15;37;199;47;20;38;14
1512.0;19;44;16;38;200;44;19;37;13
1518.0;17;45;17;36;200;48;18;36;13
1524.0;16;43;21;35;197;49;21;35;13
1530.0;19;44;20;33;196;47;22;36;13
1536.0;21;43;18;34;193;49;20;39;13
1542.0;21;44;19;32;196;48;19;39;12
1548.0;21;41;20;33;198;49;19;38;11
1554.0;19;39;21;34;199;50;20;38;10
1560.0;20;39;19;34;197;48;24;40;9
1566.0;19;35;19;34;200;49;21;41;12
1572.0;21;34;23;33;201;44;22;40;12
1578.0;20;34;21;35;199;44;25;39;13
1584.0;18;36;21;37;198;44;24;38;14
1590.0;18;35;19;34;197;44;27;39;17
1596.0;19;37;18;33;200;44;25;40;14
1602.0;19;39;15;33;202;45;25;39;13
1608.0;21;41;14;33;204;45;24;38;10
1614.0;22;43;13;32;203;45;20;40;12
1620.0;18;45;12;36;203;42;21;41;12
1626.0;17;44;10;37;204;42;24;40;12
1632.0;18;43;11;39;204;42;19;41;13
1638.0;18;42;14;38;204;38;19;44;13
1644.0;21;42;14;37;207;34;17;44;14
1650.0;21;37;14;38;210;34;16;45;15
1656.0;23;38;14;35;209;34;17;43;17
1662.0;23;38;12;35;210;37;15;43;17
1668.0;24;38;13;34;207;39;13;43;19
1674.0;26;36;11;33;208;37;15;42;22
1680.0;23;36;13;33;213;36;15;42;19
1686.0;21;41;12;35;214;36;13;40;18
1692.0;22;39;12;37;213;35;14;38;20
1698.0;22;39;12;36;211;35;15;38;22
1704.0;22;39;11;37;211;32;19;38;21
1710.0;22;42;11;37;210;30;19;39;20
1716.0;22;45;9;35;210;29;22;38;20
1722.0;19;46;10;33;210;30;23;40;19
1728.0;19;47;9;30;207;31;22;45;20
1734.0;19;48;8;29;207;31;25;43;20
1740.0;19;45;8;30;209;35;25;41;18
1746.0;16;43;8;30;209;36;26;41;21
1752.0;17;39;7;29;213;36;27;42;20
1758.0;16;41;6;27;211;33;31;42;23
1764.0;16;45;9;29;211;32;28;37;23
1770.0;16;48;10;30;210;34;28;35;19
1776.0;18;51;9;28;209;34;27;35;19
1782.0;19;48;11;29;209;35;28;32;19
1788.0;18;50;12;29;207;38;26;32;18
1794.0;18;50;12;29;206;38;22;34;21
