#auto generated file!
12.0;45;52;40;47;54;51;33;42;36
18.0;41;50;41;45;57;50;34;46;36
24.0;39;51;35;45;61;52;35;47;35
30.0;39;54;33;49;60;54;37;43;31
36.0;39;56;31;48;63;53;35;40;35
42.0;34;57;34;47;65;53;33;41;36
48.0;35;57;31;54;67;47;32;42;35
54.0;34;56;30;54;69;48;32;42;35
60.0;32;53;31;52;70;51;34;42;35
66.0;35;49;33;50;72;51;34;39;37
72.0;34;51;36;48;73;48;37;39;34
78.0;33;52;34;49;75;44;39;42;32
84.0;37;50;36;48;72;44;37;46;30
90.0;33;48;38;50;71;43;37;48;32
96.0;29;48;35;51;72;47;34;51;33
102.0;30;45;35;51;75;48;32;52;32
108.0;28;46;36;48;78;47;32;54;31
114.0;29;45;33;48;79;47;31;55;33
120.0;28;48;30;47;81;50;31;54;31
126.0;27;46;31;46;82;51;27;57;33
132.0;31;49;27;46;83;48;25;55;36
138.0;33;48;28;46;84;49;25;53;34
144.0;28;45;27;49;85;52;25;53;36
150.0;26;41;28;51;89;51;26;55;33
156.0;24;38;27;55;90;53;26;55;32
162.0;25;40;25;52;92;54;28;52;32
168.0;26;40;25;53;93;50;27;50;36
174.0;29;43;25;55;97;46;24;48;33
180.0;29;48;26;54;99;47;19;46;32
186.0;31;48;26;54;100;46;19;44;32
192.0;29;46;28;51;102;46;19;43;36
198.0;28;46;29;55;101;46;21;44;30
204.0;29;44;28;58;103;44;22;44;28
210.0;31;42;28;60;106;42;21;45;25
216.0;29;46;30;57;108;39;21;42;28
222.0;27;49;29;59;107;38;23;42;26
228.0;28;53;29;61;109;37;18;41;24
234.0;32;53;28;56;109;37;22;40;23
240.0;31;57;26;55;113;36;15;43;24
246.0;30;53;28;55;116;35;15;43;25
252.0;31;58;26;54;115;33;15;42;26
258.0;28;59;28;55;116;31;17;41;25
264.0;24;59;25;54;121;37;18;40;22
270.0;23;55;26;53;122;41;18;41;21
276.0;21;57;23;56;123;44;20;39;17
282.0;24;58;19;54;124;42;21;43;15
288.0;24;57;18;57;123;38;22;43;18
294.0;25;55;17;57;125;38;19;45;19
300.0;23;55;17;53;128;38;20;46;20
306.0;26;55;18;53;128;35;21;47;17
312.0;29;49;17;54;126;37;21;48;19
318.0;26;49;13;54;128;38;24;46;22
324.0;25;46;13;60;129;38;24;45;20
330.0;21;46;12;60;130;40;25;45;21
336.0;18;47;14;62;130;40;25;43;21
342.0;19;51;14;59;131;39;23;44;20
348.0;15;53;16;59;135;38;19;41;24
354.0;13;54;17;57;135;39;18;44;23
360.0;15;55;21;52;136;36;18;46;21
366.0;17;51;19;48;136;39;23;47;20
372.0;16;53;20;47;136;37;22;51;18
378.0;16;54;20;47;137;36;22;49;19
384.0;19;55;18;47;136;37;22;48;18
390.0;18;56;18;48;137;37;23;46;17
396.0;17;56;19;48;138;37;20;45;20
402.0;18;55;22;48;137;35;20;46;19
408.0;22;57;22;48;138;30;15;47;21
414.0;20;53;17;46;137;37;18;49;23
420.0;19;50;19;47;138;36;18;50;23
426.0;19;48;19;46;140;37;19;47;25
432.0;18;45;20;45;143;38;18;48;25
438.0;18;46;23;47;139;38;18;49;22
444.0;18;45;20;50;140;39;17;48;23
450.0;18;45;20;46;139;41;18;48;25
456.0;14;44;21;45;143;42;22;47;22
462.0;15;44;19;48;143;41;21;48;21
468.0;14;45;20;51;143;42;19;47;19
474.0;13;44;19;55;141;46;20;46;16
480.0;14;41;18;56;141;49;21;43;17
486.0;14;43;19;53;138;49;22;43;19
492.0;14;42;20;53;137;49;22;43;20
498.0;18;42;23;53;140;47;16;44;17
504.0;18;42;22;53;139;46;20;43;17
510.0;16;42;19;56;140;43;20;46;18
516.0;16;41;18;57;144;44;21;44;15
522.0;16;40;20;53;143;44;22;45;17
528.0;16;40;20;50;142;45;22;46;19
534.0;19;41;20;51;139;47;22;42;19
540.0;22;39;19;49;142;46;22;40;21
546.0;21;41;20;45;144;49;24;36;20
552.0;24;42;19;42;144;43;29;34;23
558.0;23;42;16;45;145;40;33;32;24
564.0;19;41;16;45;144;39;32;35;29
570.0;20;42;15;46;145;40;29;34;29
576.0;22;43;15;43;149;41;29;33;25
582.0;21;43;22;40;150;39;24;37;24
588.0;18;40;25;39;151;44;24;36;23
594.0;16;37;28;39;152;44;23;38;23
600.0;15;37;28;37;153;44;24;39;23
606.0;16;34;27;37;155;46;18;42;25
612.0;17;30;28;37;158;49;16;41;24
618.0;18;31;27;40;156;46;16;42;24
624.0;17;33;29;40;156;47;15;39;24
630.0;18;30;28;40;155;49;16;39;25
636.0;18;31;22;40;157;49;17;40;26
642.0;15;33;21;43;156;51;17;41;23
648.0;18;35;20;39;157;52;13;43;23
654.0;18;33;19;41;159;52;14;40;24
660.0;21;31;21;42;158;51;13;38;25
666.0;20;32;17;45;159;48;14;38;27
672.0;23;34;17;43;160;45;13;38;27
678.0;25;36;13;44;162;42;14;39;25
684.0;26;36;12;41;161;42;15;38;29
690.0;29;37;14;41;159;41;16;37;26
696.0;26;37;14;43;160;42;18;35;25
702.0;25;35;14;40;162;44;18;37;25
708.0;23;35;15;38;161;44;21;36;27
714.0;24;35;15;38;161;45;22;36;24
720.0;24;35;17;38;161;46;17;38;24
726.0;21;36;19;38;163;42;17;37;27
732.0;19;38;22;41;163;37;16;37;27
738.0;19;39;25;37;164;37;17;37;25
744.0;16;37;25;36;167;39;16;40;24
750.0;15;38;26;38;168;38;14;40;23
756.0;15;39;26;45;165;39;13;39;19
762.0;18;39;25;43;163;41;15;37;19
768.0;23;37;22;43;162;42;14;38;19
774.0;20;38;22;46;161;43;14;35;21
780.0;19;39;24;45;160;41;13;36;23
786.0;17;39;27;46;160;41;12;37;21
792.0;21;38;29;45;158;39;13;36;21
798.0;23;37;25;47;160;38;13;35;22
804.0;24;35;24;49;160;36;17;33;22
810.0;22;39;22;48;159;38;16;32;24
816.0;20;40;22;45;157;41;20;31;24
822.0;19;40;22;42;157;44;20;33;23
828.0;17;40;22;45;160;39;23;32;22
834.0;17;39;21;46;161;39;24;30;23
840.0;21;40;19;46;159;38;24;32;21
846.0;16;38;21;45;160;38;26;34;22
852.0;13;42;21;46;159;39;26;31;23
858.0;16;45;19;47;156;40;23;32;22
864.0;16;45;20;45;156;39;23;33;23
870.0;12;46;19;46;155;38;24;34;26
876.0;10;46;17;45;156;40;28;34;24
882.0;8;47;18;46;158;40;28;34;21
888.0;7;47;20;45;158;38;30;34;21
894.0;11;46;18;47;155;36;32;35;20
900.0;12;45;20;44;154;33;34;35;23
906.0;15;45;21;41;154;31;36;33;24
912.0;14;44;24;39;158;32;36;34;19
918.0;15;44;24;37;159;32;37;33;19
924.0;17;43;24;33;158;34;35;36;20
930.0;15;45;21;35;161;34;32;36;21
936.0;13;45;21;32;161;34;29;41;24
942.0;13;49;21;32;164;32;24;41;24
948.0;15;48;21;31;167;32;25;39;22
954.0;15;47;23;35;162;31;27;38;22
960.0;16;47;19;38;158;30;32;39;21
966.0;16;46;22;37;160;27;31;40;21
972.0;17;46;23;38;161;24;29;40;22
978.0;18;46;21;40;161;24;29;44;17
984.0;16;44;19;41;162;25;30;46;17
990.0;16;43;24;42;159;26;31;45;14
996.0;15;42;26;44;160;23;29;46;15
1002.0;15;41;26;42;163;23;26;49;15
1008.0;15;38;27;39;165;25;26;48;17
1014.0;14;40;24;42;165;26;25;50;14
1020.0;17;40;22;40;165;25;25;51;15
1026.0;18;37;22;40;167;24;26;49;17
1032.0;20;36;22;43;168;26;22;48;15
1038.0;17;41;20;44;167;28;22;45;16
1044.0;17;42;21;44;167;31;19;43;16
1050.0;17;42;20;48;167;33;16;44;13
1056.0;19;42;21;44;169;31;17;43;14
1062.0;20;44;22;42;170;30;17;41;14
1068.0;21;46;16;44;170;29;16;43;15
1074.0;21;39;15;44;170;29;19;45;18
1080.0;21;34;13;45;171;29;19;45;23
1086.0;20;35;13;43;168;33;19;46;23
1092.0;19;37;14;41;170;34;16;45;24
1098.0;19;37;14;41;170;35;17;44;23
1104.0;19;34;15;45;171;33;15;42;26
1110.0;18;29;15;45;170;34;20;41;28
1116.0;18;30;14;46;173;34;19;41;25
1122.0;22;31;14;42;173;37;17;40;24
1128.0;21;33;14;40;176;39;14;40;23
1134.0;22;38;15;39;173;36;15;41;21
1140.0;19;36;13;37;175;37;19;41;23
1146.0;16;35;15;41;173;37;19;42;22
1152.0;16;35;14;40;174;40;19;43;19
1158.0;17;36;13;40;174;41;19;42;18
1164.0;17;35;12;41;173;42;22;42;16
1170.0;18;34;10;39;175;41;21;44;18
1176.0;19;32;8;42;174;42;21;46;16
1182.0;22;31;7;41;173;44;22;47;13
1188.0;22;27;7;42;176;42;26;46;12
1194.0;19;26;7;41;178;40;33;44;12
1200.0;17;24;9;40;180;46;28;44;12
1206.0;19;25;10;38;179;45;27;44;13
1212.0;16;25;15;36;178;45;26;45;14
1218.0;16;20;18;32;179;42;30;48;15
1224.0;17;22;19;31;175;44;27;49;16
1230.0;15;24;19;29;177;46;27;51;12
1236.0;18;25;17;32;177;46;27;46;12
1242.0;17;25;20;31;179;42;26;48;12
1248.0;16;27;19;31;177;44;28;45;13
1254.0;15;22;20;31;178;48;30;43;13
1260.0;16;24;22;32;179;46;28;41;12
1266.0;15;24;24;35;180;45;26;39;12
1272.0;17;25;25;34;179;45;25;37;13
1278.0;20;24;24;31;181;41;25;40;14
1284.0;20;24;25;30;178;41;26;37;19
1290.0;21;24;29;30;176;37;28;34;21
1296.0;20;28;26;28;178;36;30;33;21
1302.0;17;28;27;28;176;42;26;34;22
1308.0;21;27;24;29;175;43;27;34;20
1314.0;24;28;24;29;175;43;20;37;20
1320.0;26;25;22;30;176;42;21;38;20
1326.0;23;26;22;32;176;41;22;39;19
1332.0;26;24;18;32;180;43;22;38;17
1338.0;24;25;20;31;181;42;24;37;16
1344.0;23;27;20;32;179;44;22;35;18
1350.0;22;26;20;36;178;46;18;35;19
1356.0;17;28;18;38;178;47;21;33;20
1362.0;16;28;16;39;181;46;22;31;21
1368.0;17;28;17;38;179;46;19;32;24
1374.0;18;28;14;35;179;47;19;32;28
1380.0;22;30;16;32;175;46;15;32;32
1386.0;20;29;12;31;176;49;13;36;34
1392.0;22;34;11;32;173;48;13;36;31
1398.0;24;35;10;33;173;48;15;35;27
1404.0;24;34;9;35;171;51;16;37;23
1410.0;25;32;11;35;174;48;15;36;24
1416.0;22;33;17;37;171;46;14;36;24
1422.0;24;31;17;39;172;46;15;34;22
1428.0;22;29;16;41;171;45;22;34;20
1434.0;24;29;17;43;168;41;23;33;22
1440.0;24;30;15;43;169;44;23;32;20
1446.0;26;28;16;41;169;46;20;35;19
1452.0;25;26;16;42;171;48;17;35;20
1458.0;25;27;18;43;169;47;18;35;18
1464.0;23;28;18;47;172;45;16;33;18
1470.0;25;29;18;46;170;46;16;34;16
1476.0;25;31;17;46;172;46;13;33;17
1482.0;23;31;19;45;171;49;12;33;17
1488.0;25;33;20;45;169;49;12;31;16
1494.0;29;31;19;44;170;49;13;29;16
1500.0;30;29;20;44;168;48;15;29;17
1506.0;30;30;18;44;169;48;14;29;18
1512.0;28;29;20;45;167;44;17;31;19
1518.0;27;31;19;47;167;44;21;29;15
1524.0;29;32;19;43;170;44;19;30;14
1530.0;30;35;19;45;166;44;16;32;13
1536.0;28;35;21;43;172;44;16;32;9
1542.0;24;39;19;43;175;45;15;30;10
1548.0;24;38;21;41;177;44;15;31;9
1554.0;24;34;21;37;177;45;18;34;10
1560.0;22;36;21;35;177;46;20;34;9
1566.0;18;36;23;35;177;45;22;35;9
1572.0;19;37;23;32;178;43;24;34;10
1578.0;20;39;21;32;178;44;23;33;10
1584.0;19;40;18;35;177;47;21;33;10
1590.0;18;43;18;36;176;44;19;32;14
1596.0;21;43;16;36;174;46;19;33;12
1602.0;21;41;17;38;175;44;20;33;11
1608.0;23;40;20;40;168;42;24;31;12
1614.0;21;39;21;41;169;40;23;34;12
1620.0;20;42;21;40;166;43;25;31;12
1626.0;19;43;22;40;165;46;20;32;13
1632.0;19;42;21;44;165;45;20;30;14
1638.0;23;37;22;43;164;44;22;31;14
1644.0;23;35;22;42;164;40;23;34;17
1650.0;23;30;22;42;165;36;28;36;18
1656.0;19;33;25;42;164;35;24;41;17
1662.0;19;36;21;43;164;36;23;41;17
1668.0;20;36;22;44;167;33;23;38;17
1674.0;20;36;24;43;169;34;22;37;15
1680.0;18;36;23;44;169;36;20;39;15
1686.0;16;34;23;44;169;37;20;41;16
1692.0;15;31;22;46;168;37;20;47;14
1698.0;15;31;23;44;171;34;21;46;15
1704.0;16;32;23;44;170;32;20;48;15
1710.0;16;35;22;42;169;31;20;50;15
1716.0;20;36;20;38;169;34;21;48;14
1722.0;19;34;23;41;166;38;21;47;11
1728.0;17;35;25;43;163;39;21;45;12
1734.0;14;34;25;43;165;38;23;44;14
1740.0;15;32;26;43;162;37;22;46;17
1746.0;16;32;27;43;162;36;24;43;17
1752.0;16;33;28;43;161;38;22;42;17
1758.0;14;34;27;42;162;38;20;43;20
1764.0;17;35;24;44;161;38;22;42;17
1770.0;18;36;25;45;159;39;23;39;16
1776.0;22;39;25;42;157;38;22;38;17
1782.0;21;40;27;40;158;37;23;37;17
1788.0;20;40;25;38;160;36;24;40;17
1794.0;20;37;22;39;162;38;24;39;19
