#auto generated file!
12.0;25;37;27;23;22;21;27;22;26
18.0;23;37;25;25;23;21;26;23;27
24.0;24;40;22;25;24;20;24;26;25
30.0;22;42;22;24;27;20;22;27;24
36.0;22;41;25;24;27;23;19;26;23
42.0;22;39;22;24;29;23;17;28;26
48.0;21;40;21;26;32;24;13;29;24
54.0;17;43;21;23;35;23;12;28;28
60.0;16;42;19;25;36;22;11;31;28
66.0;18;42;20;23;36;22;11;33;25
72.0;18;43;17;24;37;22;11;34;24
78.0;17;41;18;25;39;21;9;36;24
84.0;18;39;19;26;39;19;10;36;24
90.0;19;37;19;25;40;21;11;37;21
96.0;20;32;20;23;43;20;11;40;21
102.0;17;31;20;24;46;20;11;40;21
108.0;17;31;19;25;48;21;10;39;20
114.0;16;30;19;23;49;22;14;39;18
120.0;14;30;20;23;51;21;16;38;17
126.0;18;27;21;23;52;22;13;37;17
132.0;20;28;18;24;52;21;13;37;17
138.0;21;29;14;21;53;23;16;35;18
144.0;19;30;14;22;55;20;17;34;19
150.0;19;29;14;22;56;20;16;36;18
156.0;18;30;13;20;55;22;18;35;19
162.0;19;32;14;20;57;20;16;35;17
168.0;20;30;13;21;58;21;13;37;17
174.0;17;33;12;20;59;23;13;35;18
180.0;17;34;13;21;61;22;12;33;17
186.0;17;35;12;22;65;21;12;31;15
192.0;15;32;13;22;66;23;14;29;16
198.0;17;30;15;23;66;23;11;30;15
204.0;14;30;17;24;67;21;14;29;14
210.0;14;29;18;23;67;22;14;29;14
216.0;12;30;16;25;67;20;14;31;15
222.0;13;32;15;23;68;19;14;31;15
228.0;13;33;15;20;69;18;14;35;13
234.0;13;31;16;22;70;17;15;34;12
240.0;12;31;17;22;70;20;14;33;11
246.0;10;31;18;22;71;22;14;32;10
252.0;12;28;19;26;71;22;14;28;10
258.0;13;25;23;25;70;25;14;26;9
264.0;15;24;20;26;71;25;13;26;10
270.0;16;23;20;28;68;24;13;26;12
276.0;17;22;16;32;70;23;12;26;12
282.0;16;24;15;33;70;21;13;27;11
288.0;17;23;16;33;70;20;12;28;11
294.0;17;25;13;32;72;19;12;28;12
300.0;16;27;13;30;73;18;13;27;13
306.0;16;28;10;28;73;18;14;30;13
312.0;16;31;10;27;73;18;14;30;11
318.0;13;28;12;28;73;19;13;32;12
324.0;13;29;10;28;73;20;14;33;10
330.0;14;30;9;30;73;19;13;31;11
336.0;14;29;9;29;74;19;13;32;11
342.0;14;28;10;30;74;18;13;33;10
348.0;13;28;11;28;73;19;13;34;11
354.0;15;28;9;28;74;18;15;34;9
360.0;12;28;7;30;75;16;16;35;11
366.0;12;25;7;28;76;19;17;33;13
372.0;11;23;8;29;75;20;19;32;13
378.0;8;25;9;26;77;20;21;32;12
384.0;9;25;9;24;79;21;18;30;15
390.0;9;25;9;22;79;22;18;29;17
396.0;8;27;9;20;82;23;18;25;18
402.0;8;26;9;22;83;22;17;25;18
408.0;10;25;9;21;84;21;17;25;18
414.0;9;24;11;21;83;22;16;25;19
420.0;10;25;11;20;88;23;13;23;17
426.0;8;25;11;21;86;23;13;27;16
432.0;8;26;12;21;85;22;13;27;16
438.0;10;26;10;21;86;21;13;29;14
444.0;10;26;10;20;88;22;12;28;14
450.0;12;27;10;21;89;19;11;28;13
456.0;13;27;11;20;89;20;10;28;12
462.0;13;26;12;20;88;21;10;27;13
468.0;12;27;13;19;90;20;10;25;14
474.0;10;26;14;20;89;20;11;25;15
480.0;9;26;16;20;89;20;10;26;14
486.0;9;26;18;19;89;21;10;26;12
492.0;8;30;17;17;90;23;9;24;12
498.0;8;30;14;19;92;24;8;23;12
504.0;9;31;13;19;90;24;6;25;13
510.0;11;31;13;20;90;25;3;23;14
516.0;12;30;13;19;89;25;5;23;14
522.0;12;30;14;18;90;26;3;23;14
528.0;11;29;13;19;90;25;4;24;15
534.0;11;32;13;19;89;25;4;24;13
540.0;11;31;14;19;89;27;4;20;15
546.0;11;32;11;18;90;29;5;21;13
552.0;11;29;11;18;91;27;7;25;11
558.0;10;30;12;17;90;28;7;25;11
564.0;11;29;10;16;89;32;6;26;11
570.0;9;29;11;17;89;34;5;26;10
576.0;10;28;11;15;88;35;6;26;11
582.0;11;27;11;16;88;37;6;24;10
588.0;10;25;12;17;89;33;8;25;11
594.0;10;24;13;16;89;35;9;26;8
600.0;11;23;13;17;89;35;10;25;7
606.0;12;23;13;18;89;33;10;24;8
612.0;11;24;12;18;91;33;10;22;9
618.0;8;25;12;20;93;32;9;22;9
624.0;10;24;9;20;94;29;12;22;10
630.0;10;24;9;19;96;32;12;21;7
636.0;10;21;12;21;94;34;12;20;6
642.0;10;21;11;21;94;36;11;19;7
648.0;10;21;9;24;94;35;9;20;8
654.0;11;20;6;24;96;35;9;22;7
660.0;10;20;7;21;99;36;8;21;8
666.0;8;22;5;23;98;36;9;19;10
672.0;9;20;5;24;98;35;7;22;10
678.0;9;20;4;22;99;35;8;23;10
684.0;9;20;5;20;99;35;9;23;10
690.0;10;19;4;21;101;36;8;23;8
696.0;11;18;4;22;101;37;8;23;6
702.0;10;17;6;23;100;36;9;21;8
708.0;10;16;7;22;100;36;9;21;9
714.0;10;16;9;23;102;33;8;20;9
720.0;11;15;9;23;102;33;9;20;8
726.0;10;14;8;23;100;33;11;23;8
732.0;10;13;8;23;100;33;12;21;10
738.0;9;13;9;24;100;33;11;21;10
744.0;11;13;9;25;101;32;11;20;8
750.0;9;16;7;26;102;30;12;19;9
756.0;8;18;7;24;103;32;11;18;9
762.0;7;17;7;24;104;30;11;20;10
768.0;7;17;8;25;104;26;14;19;10
774.0;9;14;12;23;105;26;13;18;10
780.0;11;14;11;24;107;22;13;20;8
786.0;13;15;10;21;108;23;12;20;8
792.0;13;16;8;21;108;23;13;21;7
798.0;12;17;8;21;107;23;13;21;8
804.0;12;16;9;23;108;21;12;22;7
810.0;11;17;9;23;109;24;8;22;7
816.0;11;18;10;21;109;23;8;22;8
822.0;11;17;12;20;109;22;8;23;8
828.0;11;19;11;17;111;22;8;23;8
834.0;12;18;10;17;113;21;9;22;8
840.0;11;16;10;18;114;21;10;22;8
846.0;14;17;10;18;113;20;10;20;8
852.0;14;17;10;15;112;20;11;21;10
858.0;13;17;11;14;112;20;11;21;11
864.0;11;14;11;13;115;19;12;21;14
870.0;10;13;14;14;112;20;11;24;12
876.0;8;14;13;15;113;19;12;23;13
882.0;7;15;13;16;113;20;12;22;12
888.0;7;12;14;17;113;21;11;22;13
894.0;8;13;13;17;110;21;10;22;16
900.0;7;15;13;17;111;23;10;20;14
906.0;6;12;13;17;108;23;11;24;16
912.0;6;12;12;17;110;23;11;24;15
918.0;8;14;12;17;109;23;10;21;16
924.0;10;14;12;18;108;25;8;19;16
930.0;10;14;11;18;110;25;7;21;14
936.0;8;15;10;19;110;24;9;22;13
942.0;9;16;9;18;110;25;8;22;13
948.0;9;16;9;17;110;26;8;22;13
954.0;9;15;7;18;109;26;10;20;16
960.0;10;15;8;18;109;24;12;20;14
966.0;10;17;7;16;106;25;16;20;13
972.0;9;16;9;17;104;24;18;20;13
978.0;11;18;6;16;105;26;14;19;15
984.0;13;17;6;17;104;26;13;20;14
990.0;13;19;6;17;102;26;12;19;16
996.0;13;19;8;17;101;27;13;16;16
1002.0;11;19;8;16;102;26;15;17;16
1008.0;11;18;9;15;103;26;15;18;15
1014.0;14;18;8;17;103;25;14;19;12
1020.0;15;19;8;16;101;27;14;20;10
1026.0;14;19;7;15;102;27;13;20;13
1032.0;14;18;7;16;102;27;12;20;14
1038.0;14;18;7;15;101;28;11;20;16
1044.0;12;20;6;16;102;26;12;21;15
1050.0;13;19;5;17;102;27;13;20;14
1056.0;13;18;5;19;101;27;14;20;13
1062.0;13;19;6;19;98;28;15;19;13
1068.0;12;21;5;18;98;29;17;20;10
1074.0;10;25;6;17;96;29;16;22;9
1080.0;10;24;5;16;96;30;16;23;10
1086.0;10;25;6;15;95;30;15;24;10
1092.0;11;27;6;13;95;28;16;24;10
1098.0;11;28;8;15;94;28;13;25;8
1104.0;11;30;10;15;94;27;10;26;7
1110.0;12;31;9;17;91;26;9;28;7
1116.0;12;31;9;18;90;22;11;30;7
1122.0;12;31;9;20;90;22;11;28;7
1128.0;14;31;7;19;91;22;11;28;7
1134.0;13;30;8;19;96;19;11;28;6
1140.0;13;30;10;20;96;18;9;28;6
1146.0;15;29;10;21;95;18;10;24;8
1152.0;13;28;10;23;96;18;10;23;9
1158.0;14;28;8;24;95;16;11;23;11
1164.0;14;26;9;25;95;17;11;23;10
1170.0;15;28;7;24;95;16;12;23;10
1176.0;15;28;7;23;94;17;13;23;10
1182.0;14;27;7;23;94;19;12;24;10
1188.0;12;27;7;23;95;19;12;25;10
1194.0;13;26;7;24;95;20;11;23;11
1200.0;12;25;6;20;96;22;13;24;12
1206.0;10;25;6;21;96;22;12;26;12
1212.0;9;25;8;21;98;22;11;25;11
1218.0;8;25;7;20;99;22;10;25;14
1224.0;8;25;7;18;98;23;11;25;15
1230.0;9;24;8;18;100;22;10;26;13
1236.0;11;23;7;20;99;21;8;27;14
1242.0;11;25;10;17;99;20;8;25;15
1248.0;11;24;11;18;99;19;9;25;14
1254.0;11;25;10;18;97;21;10;24;14
1260.0;9;24;8;19;96;21;12;27;14
1266.0;9;24;10;21;93;22;12;27;12
1272.0;9;23;11;20;94;24;13;25;11
1278.0;10;25;11;18;93;23;14;25;11
1284.0;8;25;12;17;93;22;14;25;14
1290.0;8;22;14;18;93;21;16;24;14
1296.0;6;22;13;18;95;20;18;25;13
1302.0;6;22;12;20;96;20;15;24;15
1308.0;10;25;10;18;94;20;16;23;14
1314.0;12;27;7;17;93;19;15;24;16
1320.0;12;26;7;17;93;19;17;22;17
1326.0;8;28;6;18;94;19;18;22;17
1332.0;10;25;7;21;95;19;15;23;15
1338.0;10;26;7;20;95;19;15;22;16
1344.0;10;24;9;22;94;16;17;22;16
1350.0;11;20;12;22;94;16;17;20;18
1356.0;13;20;13;22;94;15;17;19;17
1362.0;12;21;14;19;95;17;21;16;15
1368.0;13;22;12;21;94;18;20;17;13
1374.0;13;22;10;21;94;18;20;17;15
1380.0;14;23;8;21;92;17;21;20;14
1386.0;15;23;10;22;90;18;18;20;14
1392.0;15;22;10;21;90;20;18;20;14
1398.0;18;23;10;19;91;21;17;18;13
1404.0;18;23;11;17;90;19;16;20;16
1410.0;19;25;10;17;90;22;13;20;14
1416.0;19;26;7;18;88;21;15;22;14
1422.0;19;27;7;17;90;19;13;24;14
1428.0;16;27;7;16;92;18;14;24;16
1434.0;16;26;6;16;93;19;16;23;15
1440.0;18;27;5;19;94;16;13;24;14
1446.0;20;27;6;20;94;17;15;19;12
1452.0;17;27;5;21;94;17;15;21;13
1458.0;17;26;7;19;96;18;14;21;12
1464.0;18;26;7;19;97;15;13;25;10
1470.0;14;28;7;20;97;15;13;26;10
1476.0;14;29;8;19;94;17;13;25;11
1482.0;14;29;8;21;94;18;12;23;11
1488.0;13;27;8;24;93;16;14;24;11
1494.0;15;27;7;26;89;15;13;28;10
1500.0;16;26;8;25;89;16;14;26;10
1506.0;15;27;9;23;90;18;12;26;10
1512.0;13;30;10;21;90;18;12;26;10
1518.0;14;28;11;19;89;18;13;27;11
1524.0;14;28;9;18;90;19;14;27;11
1530.0;13;27;8;19;88;20;16;27;12
1536.0;15;28;8;18;88;19;14;28;12
1542.0;16;24;9;19;89;17;15;26;15
1548.0;14;27;10;19;89;16;13;25;17
1554.0;14;30;13;19;87;16;10;23;18
1560.0;14;29;13;20;89;17;10;23;15
1566.0;12;30;14;19;88;19;10;23;15
1572.0;12;30;16;20;86;22;8;22;14
1578.0;11;28;16;19;86;23;11;21;15
1584.0;12;28;15;18;86;23;12;21;15
1590.0;14;27;15;17;87;23;12;21;14
1596.0;15;25;17;18;88;25;10;21;11
1602.0;12;27;18;17;88;25;10;20;13
1608.0;14;27;16;16;88;25;9;21;14
1614.0;15;25;17;17;88;25;10;19;14
1620.0;11;25;18;19;88;25;11;20;13
1626.0;11;24;19;21;89;24;13;18;11
1632.0;14;25;16;18;88;22;15;19;13
1638.0;14;25;16;19;88;23;14;19;12
1644.0;14;26;14;18;89;23;15;19;12
1650.0;13;24;13;17;92;23;17;19;12
1656.0;12;25;12;17;94;24;15;21;10
1662.0;12;27;10;14;95;24;16;20;12
1668.0;12;27;15;13;93;23;14;18;15
1674.0;13;26;15;14;95;21;13;20;13
1680.0;13;26;16;13;94;25;12;18;13
1686.0;11;26;16;15;94;26;13;17;12
1692.0;12;25;15;16;95;26;12;17;12
1698.0;15;23;16;15;98;24;12;18;9
1704.0;14;23;15;15;99;22;15;17;10
1710.0;15;23;15;16;98;21;16;17;9
1716.0;15;24;14;18;96;22;13;16;12
1722.0;16;22;15;17;96;23;14;16;11
1728.0;15;21;17;17;96;24;12;18;10
1734.0;14;21;17;17;95;24;13;18;11
1740.0;13;24;17;15;96;23;13;18;11
1746.0;13;20;17;14;97;23;14;20;12
1752.0;11;20;16;17;98;21;13;19;15
1758.0;13;20;15;20;98;20;11;18;15
1764.0;13;20;12;22;102;20;10;15;16
1770.0;13;20;13;20;103;18;11;15;17
1776.0;14;19;14;19;104;18;9;17;16
1782.0;14;19;14;18;105;17;12;16;15
1788.0;15;17;13;17;104;20;13;17;14
1794.0;15;15;12;19;105;23;11;17;13
