#auto generated file!
12.0;59;45;41;53;55;48;42;52;55
18.0;55;49;35;55;58;44;43;57;54
24.0;50;50;39;56;60;45;40;58;52
30.0;46;51;40;55;63;43;39;61;52
36.0;44;53;37;54;66;42;45;60;49
42.0;43;53;34;55;71;40;46;60;48
48.0;37;55;36;60;74;40;41;59;48
54.0;34;58;35;60;76;42;43;56;46
60.0;36;57;35;61;78;41;39;59;44
66.0;34;58;34;66;79;40;37;62;40
72.0;30;60;33;68;81;45;40;57;36
78.0;28;61;33;68;82;43;41;56;38
84.0;23;66;32;63;83;44;41;61;37
90.0;23;68;30;62;84;45;39;63;36
96.0;25;72;29;60;83;46;35;64;36
102.0;24;73;24;60;83;49;37;63;37
108.0;29;73;24;56;83;49;38;64;34
114.0;29;67;23;61;87;48;38;62;35
120.0;32;67;19;62;87;47;37;58;41
126.0;31;68;22;62;89;46;37;56;39
132.0;27;64;19;66;96;46;38;57;37
138.0;25;64;19;67;96;49;38;56;36
144.0;25;61;14;68;100;54;37;56;35
150.0;25;59;15;69;101;56;34;56;35
156.0;20;60;19;65;104;57;34;54;37
162.0;18;60;20;64;108;56;32;59;33
168.0;26;59;19;62;113;52;31;57;31
174.0;25;61;25;63;113;52;29;54;28
180.0;25;68;27;64;116;45;28;51;26
186.0;26;70;27;64;117;47;25;50;24
192.0;25;69;27;64;120;46;23;52;24
198.0;29;62;26;63;126;43;21;52;28
204.0;34;61;25;60;131;42;21;50;26
210.0;33;60;21;59;133;39;25;50;30
216.0;30;58;23;64;139;35;26;45;30
222.0;27;55;24;63;140;38;28;46;29
228.0;25;57;23;62;144;38;29;44;28
234.0;25;55;23;60;146;40;30;45;26
240.0;21;52;21;62;147;41;31;47;28
246.0;22;56;21;61;150;40;27;48;25
252.0;23;50;23;59;160;39;23;49;24
258.0;22;50;25;58;161;41;23;45;25
264.0;23;47;23;60;160;42;24;44;27
270.0;26;44;26;61;157;39;28;45;24
276.0;25;42;27;58;160;45;27;42;24
282.0;23;39;30;59;164;44;28;45;18
288.0;25;39;30;60;164;44;24;47;17
294.0;22;37;35;59;165;42;26;45;19
300.0;21;40;35;57;165;43;26;45;18
306.0;22;37;35;55;169;42;29;44;17
312.0;21;38;37;55;168;42;28;43;18
318.0;24;38;32;54;166;47;28;43;18
324.0;27;38;26;55;168;49;28;42;17
330.0;26;40;23;55;165;46;31;47;17
336.0;28;38;23;54;167;43;34;50;13
342.0;27;37;27;53;166;45;33;51;11
348.0;27;36;24;56;165;47;33;48;14
354.0;26;36;24;56;166;46;30;49;17
360.0;24;36;23;54;165;47;33;52;16
366.0;24;35;25;56;166;47;32;51;14
372.0;26;34;25;57;163;47;32;50;16
378.0;27;33;32;57;163;45;26;51;16
384.0;25;35;34;58;161;45;25;51;16
390.0;25;35;33;59;162;45;24;50;17
396.0;28;38;27;59;162;43;23;51;19
402.0;30;36;25;55;165;40;23;51;25
408.0;30;37;24;56;164;41;24;48;26
414.0;35;34;24;54;169;38;26;45;25
420.0;33;36;24;55;167;38;28;42;27
426.0;31;32;27;57;166;38;25;44;30
432.0;32;30;25;55;172;42;20;44;30
438.0;33;33;25;56;170;39;21;47;26
444.0;34;34;26;60;170;38;17;46;25
450.0;35;35;25;58;169;38;16;50;24
456.0;34;37;24;55;171;39;17;47;26
462.0;34;38;23;52;169;41;20;50;23
468.0;36;40;23;53;170;40;16;49;23
474.0;37;39;24;52;169;38;16;50;25
480.0;36;38;21;56;169;37;18;48;27
486.0;33;40;19;60;168;35;20;50;25
492.0;33;40;21;58;168;34;22;50;24
498.0;33;38;22;56;171;36;21;49;24
504.0;34;39;24;55;171;37;21;48;21
510.0;29;38;24;58;170;39;18;48;26
516.0;29;38;25;58;169;36;20;49;26
522.0;26;37;28;55;170;35;19;53;27
528.0;25;41;25;55;172;35;18;52;27
534.0;24;36;23;51;173;40;21;50;32
540.0;22;38;20;52;174;37;21;51;35
546.0;22;39;19;50;180;40;21;49;30
552.0;24;42;18;52;179;36;23;46;30
558.0;24;40;16;54;179;36;23;47;31
564.0;24;37;14;58;181;35;24;48;29
570.0;22;35;14;59;183;37;26;47;27
576.0;20;36;14;60;183;39;23;50;25
582.0;18;39;15;61;185;37;24;48;23
588.0;16;43;13;64;185;37;23;46;23
594.0;16;41;13;64;187;37;24;46;22
600.0;16;36;15;65;186;39;24;47;22
606.0;16;35;17;62;187;36;25;49;23
612.0;19;34;19;60;188;33;23;50;24
618.0;20;32;18;61;188;35;24;49;23
624.0;20;32;19;63;192;33;22;46;23
630.0;19;32;20;64;193;35;19;47;21
636.0;19;33;19;60;192;36;22;47;22
642.0;20;33;23;57;191;39;20;45;22
648.0;21;34;22;57;189;39;20;47;21
654.0;21;39;24;54;189;37;20;47;19
660.0;20;40;26;53;190;33;22;48;18
666.0;21;38;25;54;190;33;23;48;18
672.0;21;41;25;55;189;33;21;45;20
678.0;22;47;27;54;189;32;18;41;20
684.0;21;47;26;51;189;33;22;43;18
690.0;21;49;24;51;192;34;21;40;18
696.0;23;47;28;50;193;31;20;39;19
702.0;25;44;27;51;194;32;18;38;21
708.0;24;45;27;51;194;33;18;38;20
714.0;24;46;27;50;199;33;15;38;18
720.0;22;44;25;53;200;36;15;39;16
726.0;22;44;22;53;201;39;15;37;17
732.0;22;42;19;52;203;39;14;40;19
738.0;21;44;20;52;200;40;13;41;19
744.0;22;50;18;49;198;41;11;42;19
750.0;18;53;20;50;196;42;10;42;19
756.0;17;53;20;51;194;40;13;40;22
762.0;19;47;23;51;193;37;14;43;23
768.0;15;49;22;50;193;37;19;42;23
774.0;16;47;23;49;189;37;21;42;26
780.0;19;47;20;49;192;38;21;40;24
786.0;19;47;22;49;192;36;20;41;24
792.0;19;48;21;50;192;36;18;42;24
798.0;20;50;21;47;191;38;17;41;25
804.0;22;47;23;46;188;39;19;40;26
810.0;24;45;24;47;190;39;18;38;25
816.0;27;44;21;50;190;37;17;40;24
822.0;26;48;20;52;190;40;16;40;18
828.0;28;47;19;51;188;42;17;40;18
834.0;30;47;19;50;191;41;16;38;18
840.0;29;46;20;49;194;38;16;37;21
846.0;29;45;18;47;195;36;19;41;20
852.0;29;44;19;48;192;34;21;41;22
858.0;30;43;14;48;192;36;23;40;24
864.0;30;43;14;47;193;34;24;40;25
870.0;30;45;15;44;195;33;27;41;20
876.0;30;45;16;44;198;32;28;38;19
882.0;30;44;17;45;197;35;27;36;19
888.0;29;43;18;45;198;34;30;37;16
894.0;29;44;20;45;194;33;31;37;17
900.0;27;46;25;49;194;33;29;35;12
906.0;27;46;23;47;197;32;28;34;16
912.0;28;47;24;45;197;33;25;37;14
918.0;27;47;24;46;196;34;25;38;13
924.0;24;45;24;49;196;34;27;37;14
930.0;24;43;24;49;197;35;27;36;15
936.0;24;44;20;52;196;36;29;35;14
942.0;26;43;22;52;196;34;29;34;14
948.0;24;45;27;54;193;31;26;34;16
954.0;22;48;26;52;196;30;23;35;18
960.0;23;47;23;51;197;31;23;35;20
966.0;21;47;24;54;198;30;23;36;17
972.0;20;47;22;52;196;32;24;40;17
978.0;18;49;22;56;191;31;24;39;20
984.0;21;49;19;52;194;30;26;42;17
990.0;21;45;18;51;194;31;24;47;19
996.0;24;43;20;54;194;30;22;46;17
1002.0;22;43;20;52;193;38;20;46;16
1008.0;24;42;21;50;196;34;20;48;15
1014.0;25;40;21;49;198;36;18;47;16
1020.0;25;38;20;44;199;37;20;49;18
1026.0;25;37;21;42;199;35;20;51;20
1032.0;22;38;19;42;202;35;20;50;22
1038.0;22;36;19;41;203;34;22;48;25
1044.0;19;42;19;39;202;36;23;46;24
1050.0;18;41;20;40;203;36;23;47;22
1056.0;20;42;24;36;205;34;23;46;20
1062.0;19;42;24;36;204;38;23;44;20
1068.0;18;42;25;36;205;37;22;47;18
1074.0;18;40;26;35;205;38;22;46;20
1080.0;18;40;23;37;203;42;21;47;19
1086.0;19;40;21;38;204;42;21;46;19
1092.0;21;40;20;38;201;40;23;48;19
1098.0;20;39;18;41;203;40;23;47;19
1104.0;19;38;15;45;206;41;23;46;17
1110.0;15;36;19;45;204;41;25;47;18
1116.0;17;36;18;50;202;40;24;48;15
1122.0;18;37;18;50;201;38;23;50;15
1128.0;17;33;19;52;199;41;23;50;16
1134.0;21;35;20;47;198;39;28;47;15
1140.0;20;33;21;48;196;39;28;48;17
1146.0;20;35;21;45;196;40;27;49;17
1152.0;19;33;22;47;195;41;26;50;17
1158.0;22;35;21;47;195;41;27;46;16
1164.0;21;36;22;45;195;39;27;44;21
1170.0;23;37;25;42;195;37;29;41;21
1176.0;24;40;20;40;195;38;28;43;22
1182.0;22;41;22;42;195;36;27;43;22
1188.0;24;43;21;39;196;36;25;45;21
1194.0;27;41;22;36;196;38;29;41;20
1200.0;29;42;23;36;195;37;28;42;18
1206.0;28;42;20;37;199;37;27;41;19
1212.0;28;41;20;38;203;36;24;42;18
1218.0;27;38;20;41;202;39;24;42;17
1224.0;26;37;23;42;202;38;24;41;17
1230.0;25;37;24;38;203;40;23;40;20
1236.0;24;38;20;39;207;42;20;42;18
1242.0;24;38;20;38;209;39;20;43;19
1248.0;19;39;18;38;210;40;25;45;16
1254.0;20;37;16;37;212;42;23;45;18
1260.0;21;34;14;38;211;42;26;41;23
1266.0;21;34;12;38;211;42;24;43;25
1272.0;22;35;13;39;208;42;25;44;22
1278.0;24;36;13;38;208;42;27;41;21
1284.0;21;35;12;36;208;42;31;40;25
1290.0;19;39;13;36;209;41;27;41;25
1296.0;17;43;13;35;210;40;25;41;26
1302.0;19;40;15;37;207;40;27;40;25
1308.0;18;39;17;37;204;42;28;41;24
1314.0;15;40;16;34;200;45;31;43;26
1320.0;15;42;16;32;198;46;29;46;26
1326.0;15;43;17;35;197;44;27;46;26
1332.0;17;41;15;39;196;45;26;45;26
1338.0;17;41;15;41;197;46;21;44;28
1344.0;16;43;15;40;196;46;21;47;26
1350.0;12;42;17;38;200;46;22;45;28
1356.0;12;43;17;35;201;47;24;45;26
1362.0;12;45;19;36;203;45;24;42;24
1368.0;16;44;19;37;201;45;22;44;22
1374.0;16;45;17;38;202;47;24;42;19
1380.0;13;46;17;39;204;44;25;43;19
1386.0;14;44;15;39;206;45;24;44;19
1392.0;14;44;19;35;208;44;24;42;20
1398.0;12;46;19;35;205;44;24;42;23
1404.0;12;47;21;35;205;46;26;38;20
1410.0;15;42;19;33;207;44;30;38;22
1416.0;18;43;19;34;205;43;28;41;19
1422.0;16;46;20;33;204;43;30;39;19
1428.0;13;48;20;33;204;45;29;37;21
1434.0;14;50;18;31;204;47;30;35;21
1440.0;18;49;20;30;204;44;27;34;24
1446.0;17;48;18;29;203;45;28;34;28
1452.0;18;48;18;26;207;45;29;31;28
1458.0;18;49;18;28;211;43;26;30;27
1464.0;19;50;20;31;206;45;23;32;24
1470.0;23;50;18;30;206;45;22;32;24
1476.0;22;48;17;29;206;49;23;34;22
1482.0;21;47;13;30;206;50;23;39;21
1488.0;23;47;14;28;205;50;21;41;21
1494.0;24;47;16;26;205;50;20;41;21
1500.0;25;45;16;25;204;51;23;43;18
1506.0;28;44;16;26;204;48;25;44;15
1512.0;29;46;16;26;205;45;24;44;15
1518.0;27;46;16;28;204;45;24;44;16
1524.0;23;46;18;29;205;45;20;48;16
1530.0;24;45;19;26;205;47;17;47;20
1536.0;24;45;18;25;206;47;16;47;22
1542.0;25;43;19;24;207;46;15;48;23
1548.0;27;44;16;24;209;43;14;48;25
1554.0;28;46;14;28;211;40;12;45;26
1560.0;32;47;13;26;211;39;13;46;23
1566.0;32;45;13;26;209;41;12;47;25
1572.0;32;48;16;24;205;38;14;49;24
1578.0;28;50;16;28;203;37;15;49;24
1584.0;26;49;18;29;201;35;15;51;26
1590.0;23;49;20;29;201;35;15;51;27
1596.0;25;47;21;28;197;36;16;51;29
1602.0;23;48;16;28;201;35;21;48;30
1608.0;23;50;16;29;199;36;22;46;29
1614.0;22;48;18;29;201;35;22;45;30
1620.0;21;47;18;29;202;35;25;45;28
1626.0;21;42;18;30;206;37;26;46;24
1632.0;16;43;20;33;205;37;29;45;22
1638.0;17;44;18;31;205;39;27;47;22
1644.0;19;45;23;30;202;38;23;47;23
1650.0;21;46;22;31;201;39;21;47;22
1656.0;22;47;22;33;199;39;19;47;22
1662.0;23;48;22;34;200;39;19;45;20
1668.0;22;48;19;36;199;38;22;46;20
1674.0;24;46;19;38;201;37;23;44;18
1680.0;24;45;20;36;203;40;22;43;17
1686.0;26;48;19;37;199;41;21;43;16
1692.0;25;46;20;39;202;39;24;39;16
1698.0;24;48;20;37;202;37;23;43;16
1704.0;23;46;20;36;199;40;23;46;17
1710.0;24;45;19;36;199;42;24;46;15
1716.0;22;45;17;35;201;43;23;45;19
1722.0;21;46;16;38;202;44;23;39;21
1728.0;15;44;19;39;204;47;22;42;18
1734.0;19;44;18;40;202;46;24;40;17
1740.0;18;44;20;44;199;43;22;42;18
1746.0;17;46;20;40;201;43;22;42;19
1752.0;18;44;18;39;202;41;25;44;19
1758.0;19;43;21;35;201;40;27;45;19
1764.0;18;40;23;34;201;40;28;46;20
1770.0;17;42;22;36;199;40;32;44;18
1776.0;18;44;20;36;200;41;31;42;18
1782.0;19;42;20;37;199;44;30;43;16
1788.0;15;43;23;36;202;43;25;44;19
1794.0;16;42;26;33;199;44;23;46;21
