#auto generated file!
12.0;36;31;26;19;23;30;21;33;21
18.0;34;30;28;20;26;30;21;31;20
24.0;34;29;28;25;27;29;18;30;20
30.0;36;28;27;24;29;29;19;30;18
36.0;32;29;26;22;29;31;20;32;19
42.0;36;27;25;23;30;28;21;30;20
48.0;33;28;24;23;31;29;20;32;20
54.0;32;28;23;22;34;29;20;34;18
60.0;30;27;22;22;37;30;20;34;18
66.0;28;27;19;24;38;33;18;38;15
72.0;24;30;20;24;41;31;18;39;13
78.0;23;29;20;24;42;33;20;37;12
84.0;23;29;19;24;42;33;19;39;12
90.0;24;27;19;22;44;33;19;37;15
96.0;22;29;17;25;44;34;17;38;14
102.0;21;29;17;27;43;36;16;38;13
108.0;20;30;16;29;43;35;15;38;14
114.0;21;28;17;29;45;35;13;39;13
120.0;21;28;15;29;45;35;13;40;14
126.0;19;29;16;28;48;32;14;41;13
132.0;21;27;17;28;47;33;14;40;13
138.0;23;32;14;26;47;31;16;37;14
144.0;23;31;14;26;47;30;17;40;12
150.0;21;31;19;27;48;25;17;39;13
156.0;21;33;19;26;52;27;15;37;10
162.0;21;32;19;26;54;27;15;37;9
168.0;22;30;17;24;55;30;15;36;11
174.0;20;31;18;22;57;31;17;34;10
180.0;21;29;19;24;57;32;14;34;10
186.0;20;31;20;24;56;32;12;33;12
192.0;22;31;19;23;55;30;13;32;15
198.0;21;28;17;25;58;30;12;32;17
204.0;21;30;17;23;58;28;13;31;19
210.0;23;30;19;24;60;24;14;29;17
216.0;25;27;20;25;60;21;16;30;16
222.0;30;28;19;26;57;21;15;29;15
228.0;29;29;16;24;60;20;15;32;15
234.0;27;29;14;25;60;21;16;31;17
240.0;27;26;15;26;63;22;16;28;17
246.0;27;26;16;25;63;22;16;26;19
252.0;25;27;15;28;61;22;14;29;19
258.0;23;29;14;28;62;20;16;28;20
264.0;22;28;15;27;66;20;16;28;18
270.0;21;28;16;26;67;21;16;27;18
276.0;20;27;16;26;69;21;15;30;16
282.0;20;29;15;26;67;20;15;31;17
288.0;19;30;13;27;67;19;14;32;19
294.0;16;32;10;28;66;22;15;30;21
300.0;13;30;12;28;65;25;15;30;22
306.0;13;29;11;30;65;25;14;30;23
312.0;11;33;7;29;67;26;13;32;22
318.0;11;34;9;31;66;25;12;33;19
324.0;9;35;9;30;65;26;13;36;17
330.0;10;33;9;29;67;27;15;34;16
336.0;12;31;11;31;70;28;13;30;14
342.0;13;32;9;27;72;29;13;32;13
348.0;14;31;10;26;72;30;13;31;13
354.0;14;32;7;26;75;30;11;31;14
360.0;13;31;5;26;78;28;14;30;15
366.0;14;29;6;26;77;28;14;31;15
372.0;14;28;8;28;78;28;15;28;13
378.0;13;29;13;27;74;28;13;30;13
384.0;14;26;16;24;74;30;10;31;15
390.0;11;30;14;25;74;29;12;33;12
396.0;8;31;15;24;72;31;14;33;12
402.0;8;31;15;25;72;30;16;32;11
408.0;8;29;15;24;72;30;17;32;13
414.0;8;30;13;25;73;31;15;30;15
420.0;7;31;13;25;74;33;14;29;14
426.0;9;33;14;22;76;33;13;30;10
432.0;9;35;15;23;77;31;12;29;9
438.0;11;34;14;23;78;29;12;29;10
444.0;13;33;14;20;78;30;10;28;14
450.0;14;34;15;16;78;33;6;29;15
456.0;13;36;13;18;77;31;8;29;15
462.0;14;35;12;17;77;34;7;29;15
468.0;14;31;11;19;76;36;9;30;14
474.0;18;31;10;19;76;34;9;29;14
480.0;20;27;11;21;76;34;6;29;16
486.0;17;29;11;22;76;35;8;28;14
492.0;17;30;10;23;76;35;7;26;16
498.0;13;30;11;23;77;36;7;27;16
504.0;13;30;12;22;80;36;5;27;15
510.0;18;29;16;21;78;35;5;25;13
516.0;19;30;16;21;78;34;5;25;12
522.0;19;32;13;22;76;32;4;28;14
528.0;15;34;13;22;73;35;4;28;16
534.0;15;33;12;21;74;37;5;28;15
540.0;15;33;13;21;74;34;7;27;16
546.0;13;32;15;21;75;34;6;27;17
552.0;13;31;16;21;76;32;6;27;18
558.0;13;32;15;21;75;32;7;26;19
564.0;12;30;14;20;78;33;7;27;19
570.0;12;29;14;19;80;33;8;25;20
576.0;12;27;12;20;82;35;9;24;19
582.0;11;30;15;20;80;36;9;21;18
588.0;7;32;14;18;81;38;11;22;17
594.0;5;31;13;21;83;38;9;22;18
600.0;6;33;16;21;80;37;10;21;16
606.0;5;31;15;22;81;36;12;21;17
612.0;6;29;14;22;83;36;11;22;17
618.0;7;30;15;19;82;35;13;23;16
624.0;9;30;14;18;82;34;13;23;17
630.0;12;30;14;19;82;35;12;20;16
636.0;8;30;17;17;85;37;12;19;15
642.0;12;29;16;17;85;34;14;17;16
648.0;14;29;13;20;84;32;11;19;18
654.0;15;28;10;19;84;33;11;22;18
660.0;17;27;13;21;84;30;13;21;14
666.0;18;26;12;25;83;29;9;21;17
672.0;19;26;11;29;82;28;9;20;16
678.0;20;26;11;27;82;26;10;21;17
684.0;17;26;10;27;84;27;13;22;14
690.0;17;26;9;28;85;27;11;23;14
696.0;16;25;9;28;87;25;12;24;14
702.0;15;24;8;28;89;24;13;24;15
708.0;12;25;9;32;89;23;12;21;17
714.0;14;25;5;32;89;22;13;23;17
720.0;15;24;6;30;90;22;14;25;14
726.0;14;24;8;29;89;22;14;25;15
732.0;16;23;8;28;90;23;14;25;13
738.0;14;25;7;28;93;23;12;25;13
744.0;12;25;9;25;94;22;14;25;14
750.0;14;23;8;28;94;22;14;24;13
756.0;15;21;11;28;92;23;15;23;12
762.0;12;21;11;30;92;23;15;24;12
768.0;12;20;12;27;94;23;18;25;9
774.0;10;20;13;25;94;24;19;24;11
780.0;10;19;11;24;98;25;20;22;11
786.0;10;20;13;26;98;28;19;20;6
792.0;10;20;12;27;96;29;19;21;6
798.0;9;17;11;27;96;30;19;22;9
804.0;8;18;13;26;96;28;22;21;8
810.0;8;19;14;25;96;29;19;23;7
816.0;7;23;14;24;95;28;19;24;6
822.0;6;22;13;24;96;26;19;25;9
828.0;6;22;11;22;97;24;21;26;11
834.0;7;22;12;21;99;24;17;25;13
840.0;8;21;10;19;98;25;17;28;14
846.0;7;20;10;18;99;26;16;29;15
852.0;9;21;9;19;97;26;17;26;16
858.0;9;21;9;20;97;25;16;27;16
864.0;9;21;11;17;98;24;14;29;17
870.0;9;23;10;17;99;25;12;27;18
876.0;12;24;9;17;102;23;12;26;15
882.0;12;22;7;16;103;25;11;27;17
888.0;13;20;9;18;104;24;12;25;15
894.0;12;23;8;17;105;21;14;26;14
900.0;10;21;8;17;106;21;14;28;15
906.0;10;20;8;17;105;22;13;30;15
912.0;10;20;8;17;104;24;13;30;14
918.0;11;20;9;19;104;26;11;28;12
924.0;12;20;10;17;104;26;10;31;10
930.0;12;22;12;17;105;24;10;28;10
936.0;11;19;11;18;103;26;12;28;12
942.0;10;19;13;18;104;27;13;27;9
948.0;11;21;14;16;106;25;14;25;8
954.0;12;21;13;17;105;26;13;25;8
960.0;12;23;11;16;106;25;15;25;7
966.0;10;21;11;18;107;25;13;25;10
972.0;12;21;11;20;106;26;11;24;9
978.0;10;23;11;21;106;25;12;24;8
984.0;10;23;12;21;106;24;13;23;8
990.0;8;21;11;21;106;25;16;23;9
996.0;7;20;10;20;107;26;17;24;9
1002.0;6;21;8;22;107;27;15;25;9
1008.0;8;20;10;21;106;27;13;25;10
1014.0;9;19;10;21;106;27;12;27;9
1020.0;9;20;9;21;105;29;11;26;10
1026.0;8;20;10;20;108;28;12;25;9
1032.0;9;23;10;19;107;26;11;24;11
1038.0;9;23;11;19;106;26;10;25;11
1044.0;9;21;9;19;106;27;11;26;12
1050.0;11;21;7;22;104;28;10;24;13
1056.0;10;20;8;21;105;28;10;27;11
1062.0;14;18;8;21;106;26;11;26;10
1068.0;13;20;8;22;106;27;9;25;10
1074.0;13;21;8;21;106;28;7;26;10
1080.0;13;21;8;21;107;28;8;25;9
1086.0;12;20;7;19;108;30;10;26;8
1092.0;11;17;6;20;110;31;11;26;8
1098.0;12;17;6;22;108;32;11;26;6
1104.0;12;16;7;24;106;31;11;26;7
1110.0;17;14;5;24;106;31;12;24;7
1116.0;14;16;7;26;109;28;11;21;8
1122.0;16;15;7;23;109;28;9;22;11
1128.0;16;15;6;24;109;30;10;19;11
1134.0;15;16;6;27;109;30;12;16;9
1140.0;16;16;7;26;109;29;11;16;10
1146.0;17;18;7;26;108;29;10;16;9
1152.0;17;18;7;26;110;29;10;17;6
1158.0;17;18;8;23;110;29;9;19;7
1164.0;15;18;9;23;110;28;8;20;9
1170.0;13;21;8;24;109;28;7;21;9
1176.0;12;21;8;23;110;29;7;23;7
1182.0;12;19;9;23;110;30;8;22;7
1188.0;12;19;8;23;111;30;8;22;7
1194.0;9;19;8;22;110;31;9;25;7
1200.0;11;21;7;25;108;28;10;23;7
1206.0;11;23;8;24;107;30;8;22;7
1212.0;11;20;11;24;108;30;8;21;7
1218.0;8;21;11;24;108;29;10;20;9
1224.0;7;20;9;26;110;29;9;20;10
1230.0;6;17;9;27;111;28;11;21;10
1236.0;4;19;9;26;111;25;13;21;12
1242.0;5;19;9;26;112;24;13;19;13
1248.0;7;19;10;26;110;24;13;19;12
1254.0;7;19;10;25;112;24;12;20;11
1260.0;5;21;13;23;109;24;14;19;12
1266.0;6;23;13;21;109;25;12;18;13
1272.0;6;23;13;22;108;23;12;19;14
1278.0;4;22;11;22;112;24;11;19;15
1284.0;3;22;11;21;112;27;10;18;16
1290.0;5;20;10;22;113;27;10;18;15
1296.0;6;20;10;20;111;29;12;19;13
1302.0;8;18;13;17;111;28;13;17;15
1308.0;10;17;14;19;110;29;12;16;13
1314.0;10;15;16;20;111;28;12;16;12
1320.0;10;16;15;19;112;29;11;15;13
1326.0;10;15;14;19;113;28;12;15;14
1332.0;9;15;13;18;114;26;13;18;14
1338.0;12;16;13;18;112;24;12;18;15
1344.0;10;17;18;16;112;22;13;18;14
1350.0;12;16;17;15;110;22;14;20;14
1356.0;14;15;16;15;110;22;13;21;14
1362.0;12;16;16;18;110;21;12;20;15
1368.0;12;16;17;19;109;19;13;19;16
1374.0;14;18;13;18;111;19;13;20;14
1380.0;12;17;15;19;109;19;14;21;14
1386.0;12;17;15;19;109;20;13;21;14
1392.0;12;17;14;19;108;21;12;21;16
1398.0;12;18;13;18;109;22;13;19;16
1404.0;15;18;13;19;108;22;12;18;15
1410.0;15;17;13;18;107;21;12;20;17
1416.0;12;18;12;16;109;22;12;23;16
1422.0;11;18;10;19;110;22;12;22;16
1428.0;8;17;15;17;112;23;12;22;14
1434.0;9;16;15;17;109;25;13;23;13
1440.0;11;17;14;15;110;24;13;23;13
1446.0;11;17;15;14;108;24;14;24;13
1452.0;11;16;14;17;107;24;13;25;13
1458.0;11;16;15;18;108;24;11;25;12
1464.0;11;16;11;21;111;23;14;23;10
1470.0;12;16;11;20;111;22;13;24;11
1476.0;11;15;11;18;111;21;14;26;13
1482.0;10;15;11;19;109;21;15;25;15
1488.0;10;15;11;20;108;23;13;23;17
1494.0;9;16;10;19;110;22;12;24;18
1500.0;11;15;10;22;112;20;11;22;17
1506.0;12;16;11;19;111;18;12;25;16
1512.0;11;19;12;17;110;18;13;25;15
1518.0;12;17;14;16;114;19;11;22;15
1524.0;10;17;13;17;116;19;10;23;15
1530.0;8;17;11;16;119;19;12;24;14
1536.0;9;14;11;17;117;20;14;24;14
1542.0;10;15;11;16;117;21;12;24;14
1548.0;10;14;13;14;115;22;13;25;14
1554.0;12;12;13;16;115;22;13;24;13
1560.0;12;12;12;15;114;24;12;24;15
1566.0;10;12;12;16;115;25;13;23;14
1572.0;10;12;10;17;115;25;14;23;14
1578.0;12;15;10;18;114;22;14;23;12
1584.0;12;16;15;18;112;22;15;20;10
1590.0;11;16;13;21;112;22;14;20;11
1596.0;9;18;14;20;112;24;13;21;9
1602.0;11;17;13;17;113;26;13;23;7
1608.0;11;17;13;20;112;26;14;22;5
1614.0;12;16;12;19;111;28;13;24;5
1620.0;12;16;12;19;112;27;13;24;5
1626.0;13;16;12;18;113;27;13;22;6
1632.0;13;17;10;19;112;28;9;24;8
1638.0;12;18;11;20;112;29;9;21;8
1644.0;13;17;11;20;113;29;9;20;8
1650.0;10;18;12;18;113;30;10;19;10
1656.0;12;18;11;17;115;28;12;18;9
1662.0;10;19;12;19;117;27;12;16;8
1668.0;11;22;11;19;115;24;12;17;9
1674.0;9;22;12;19;117;25;10;18;8
1680.0;9;24;11;19;118;25;8;19;7
1686.0;10;24;11;20;117;25;7;19;7
1692.0;10;23;13;18;117;24;7;21;7
1698.0;10;23;14;20;116;23;8;19;7
1704.0;11;24;14;18;116;23;8;19;7
1710.0;13;24;14;17;117;21;8;18;8
1716.0;12;22;14;18;118;19;10;19;8
1722.0;11;21;15;20;117;20;10;19;7
1728.0;10;19;17;20;117;21;8;21;7
1734.0;9;19;15;23;116;20;8;21;9
1740.0;10;19;13;24;117;20;9;18;10
1746.0;10;20;14;23;119;20;7;19;8
1752.0;8;19;13;24;120;20;9;20;7
1758.0;8;17;11;24;122;19;9;23;7
1764.0;8;19;15;21;123;16;8;23;7
1770.0;8;20;13;21;124;16;8;22;8
1776.0;8;22;13;18;125;16;10;21;7
1782.0;11;21;12;19;125;16;8;21;7
1788.0;9;21;12;20;125;17;7;22;7
1794.0;10;21;10;19;126;17;6;22;9
