#auto generated file!
12.0;64;55;50;53;48;49;52;51;38
18.0;58;56;51;53;51;49;55;51;36
24.0;55;56;49;50;55;50;56;55;34
30.0;52;60;47;49;55;52;51;58;36
36.0;52;57;47;49;60;48;48;64;35
42.0;51;56;46;49;66;52;46;62;32
48.0;48;59;48;48;67;49;45;64;32
54.0;50;57;50;46;67;54;39;68;29
60.0;49;55;52;50;71;56;34;65;28
66.0;46;53;48;55;71;55;36;66;30
72.0;46;54;44;57;78;55;32;63;31
78.0;48;58;40;57;83;56;28;59;31
84.0;45;61;36;61;84;54;28;62;29
90.0;39;62;39;58;87;57;28;63;27
96.0;36;65;41;53;89;58;32;60;26
102.0;37;65;41;52;92;59;30;59;25
108.0;34;67;41;51;95;59;30;57;26
114.0;40;63;38;52;94;60;30;56;27
120.0;36;59;37;55;96;65;31;54;27
126.0;33;60;33;56;97;65;33;56;27
132.0;31;62;29;60;104;61;31;56;26
138.0;34;62;28;58;104;57;32;58;27
144.0;33;64;25;56;105;58;29;62;28
150.0;33;61;30;53;106;54;32;61;30
156.0;34;61;32;53;108;54;32;59;27
162.0;34;59;33;50;110;55;36;59;24
168.0;35;62;31;48;116;55;32;59;22
174.0;34;63;31;47;114;55;35;60;21
180.0;35;61;30;45;117;54;33;59;26
186.0;32;64;27;47;119;55;35;57;24
192.0;31;62;26;47;123;54;38;55;24
198.0;31;62;23;47;122;59;34;60;22
204.0;31;59;26;48;125;54;34;59;24
210.0;28;61;27;45;129;56;32;57;25
216.0;24;62;29;46;132;59;31;55;22
222.0;25;61;29;45;132;58;30;58;22
228.0;22;62;29;46;133;61;28;56;23
234.0;19;64;28;44;135;60;32;55;23
240.0;20;63;24;46;136;59;35;55;22
246.0;21;63;23;48;135;58;31;59;22
252.0;24;64;21;47;138;55;32;58;21
258.0;21;63;18;45;139;58;35;57;24
264.0;23;64;21;43;138;59;37;52;23
270.0;20;63;24;47;139;59;38;50;20
276.0;23;65;26;45;136;56;39;50;20
282.0;25;62;28;43;136;54;40;54;18
288.0;23;63;28;45;137;56;40;51;17
294.0;24;61;30;44;137;55;39;51;19
300.0;28;62;29;40;137;55;38;51;20
306.0;27;63;30;42;138;55;33;51;21
312.0;25;64;29;44;139;54;33;49;23
318.0;26;64;35;46;138;50;32;47;22
324.0;28;63;31;50;138;49;32;46;23
330.0;30;59;31;49;140;47;31;51;22
336.0;27;58;29;49;142;51;30;51;23
342.0;24;60;27;50;147;52;28;50;22
348.0;25;60;25;50;146;51;26;53;24
354.0;26;63;22;46;146;50;29;54;24
360.0;23;63;26;50;145;48;26;54;25
366.0;21;59;26;52;143;46;28;59;26
372.0;22;60;25;55;144;42;28;59;25
378.0;24;60;25;55;145;41;26;60;24
384.0;25;61;23;51;147;41;26;60;26
390.0;25;61;21;51;147;40;24;58;33
396.0;21;58;23;51;149;39;27;61;31
402.0;22;58;23;51;146;42;28;61;29
408.0;19;61;24;51;148;41;26;59;31
414.0;17;58;24;53;152;39;23;64;30
420.0;19;58;23;53;152;41;22;64;28
426.0;17;57;27;50;156;41;21;64;27
432.0;19;56;27;48;159;40;24;62;25
438.0;20;50;27;47;160;44;24;65;23
444.0;21;50;28;48;157;49;24;61;22
450.0;21;49;23;49;160;51;26;59;22
456.0;23;45;25;47;163;56;25;57;19
462.0;21;47;25;48;163;59;24;53;20
468.0;25;47;21;48;165;58;23;52;21
474.0;23;45;23;45;165;58;25;53;23
480.0;25;46;21;46;165;59;24;54;20
486.0;28;46;20;44;167;60;20;55;20
492.0;28;45;17;45;167;61;20;59;18
498.0;28;48;15;44;167;60;22;58;18
504.0;30;46;17;44;166;57;22;60;18
510.0;29;47;20;46;165;57;23;57;16
516.0;28;46;23;49;163;55;24;56;16
522.0;30;45;27;45;164;55;24;53;17
528.0;31;44;31;44;163;56;21;56;14
534.0;32;45;27;43;166;57;18;56;16
540.0;31;45;28;42;168;59;19;51;17
546.0;27;45;27;40;168;60;21;51;21
552.0;28;48;24;38;170;59;17;52;24
558.0;25;45;25;40;171;59;17;54;24
564.0;24;44;25;40;174;57;19;53;24
570.0;23;45;24;37;175;57;19;54;26
576.0;27;44;24;37;173;58;18;53;26
582.0;28;45;21;38;174;55;17;56;26
588.0;29;47;21;37;175;54;16;56;25
594.0;30;46;20;35;178;56;16;54;25
600.0;30;46;23;33;179;54;15;55;25
606.0;29;53;20;33;179;53;14;52;27
612.0;25;50;20;33;178;56;19;52;27
618.0;25;48;23;33;179;58;18;52;24
624.0;21;52;21;33;180;53;17;54;29
630.0;19;52;21;33;182;53;14;54;32
636.0;18;54;18;33;184;50;17;52;34
642.0;17;52;21;32;187;50;15;50;36
648.0;18;52;21;35;188;50;13;48;35
654.0;18;51;22;36;187;49;15;47;35
660.0;19;50;19;34;188;50;16;48;36
666.0;19;49;19;36;188;54;15;51;29
672.0;21;51;20;39;189;51;14;49;26
678.0;22;53;23;40;188;51;13;45;25
684.0;22;55;23;37;187;49;16;46;25
690.0;26;54;20;36;184;49;19;46;26
696.0;25;54;19;32;184;50;17;51;28
702.0;23;52;17;33;186;52;19;51;27
708.0;22;48;18;32;187;48;23;54;28
714.0;21;48;21;32;188;51;24;51;24
720.0;20;48;18;32;192;48;26;48;28
726.0;22;52;21;30;185;50;28;47;25
732.0;23;50;22;28;185;51;27;47;27
738.0;26;47;23;27;188;51;25;46;27
744.0;23;50;24;29;191;48;24;45;26
750.0;23;51;24;31;184;47;26;47;27
756.0;23;48;25;33;187;46;24;47;27
762.0;24;45;26;32;185;49;23;48;28
768.0;22;43;23;34;184;51;27;48;28
774.0;22;42;23;33;184;51;28;49;28
780.0;23;44;26;31;182;49;28;48;29
786.0;25;43;25;29;182;50;30;47;29
792.0;21;40;23;35;186;49;28;49;29
798.0;20;38;22;37;186;49;29;47;32
804.0;17;40;22;37;187;52;30;44;31
810.0;14;39;24;41;187;50;31;43;31
816.0;16;41;23;40;185;50;31;44;30
822.0;19;41;21;39;185;49;32;43;31
828.0;17;41;25;38;188;49;33;39;30
834.0;19;43;28;41;186;50;26;38;29
840.0;21;41;26;40;187;51;23;40;31
846.0;27;38;27;39;188;48;21;38;34
852.0;26;37;29;38;186;52;21;35;36
858.0;24;34;32;38;187;51;20;36;38
864.0;25;33;30;37;188;53;21;34;39
870.0;27;35;31;42;186;48;19;34;38
876.0;26;34;31;41;186;52;18;36;36
882.0;26;35;30;40;185;50;19;39;36
888.0;26;36;35;39;182;48;17;42;35
894.0;25;39;32;38;183;51;16;42;34
900.0;25;40;30;40;186;54;15;39;31
906.0;29;38;31;43;182;51;16;39;31
912.0;27;36;30;43;185;50;19;39;31
918.0;26;38;30;42;184;49;16;41;34
924.0;25;38;28;39;186;48;15;43;38
930.0;28;37;29;41;186;46;16;42;35
936.0;27;38;28;43;185;44;19;43;33
942.0;25;37;28;39;188;50;21;39;33
948.0;19;41;28;43;189;51;19;36;34
954.0;18;44;30;44;189;47;19;39;30
960.0;18;47;28;43;194;47;18;35;30
966.0;19;47;26;44;192;49;20;36;27
972.0;20;47;28;43;192;51;19;34;26
978.0;18;48;28;42;194;50;21;33;26
984.0;17;48;27;41;193;47;23;38;26
990.0;17;48;25;44;193;44;23;43;23
996.0;18;55;23;44;194;40;23;42;21
1002.0;19;57;23;45;195;39;20;40;22
1008.0;22;55;20;43;196;38;23;44;19
1014.0;25;50;21;43;195;36;25;43;22
1020.0;23;51;21;41;195;40;24;42;23
1026.0;23;48;20;46;195;40;25;40;23
1032.0;22;46;21;45;194;41;25;42;24
1038.0;22;48;20;44;196;41;24;43;22
1044.0;25;49;18;46;192;40;24;43;23
1050.0;22;52;17;46;195;40;22;42;24
1056.0;21;49;18;45;194;42;23;46;22
1062.0;16;48;20;46;196;41;22;46;25
1068.0;15;49;22;49;194;44;25;43;19
1074.0;14;49;24;48;194;46;21;45;19
1080.0;16;51;20;50;196;47;17;45;18
1086.0;21;50;22;52;198;46;16;41;14
1092.0;23;52;21;46;201;46;19;36;16
1098.0;24;53;20;46;202;44;17;34;20
1104.0;20;54;22;46;201;44;20;34;19
1110.0;16;55;22;45;203;48;18;34;19
1116.0;17;56;21;46;203;46;17;34;20
1122.0;18;58;22;42;202;46;19;33;20
1128.0;19;54;23;39;204;44;21;35;21
1134.0;25;53;23;38;202;44;20;31;24
1140.0;25;53;23;36;203;40;24;33;23
1146.0;23;55;22;36;204;41;21;35;23
1152.0;20;58;23;33;203;42;21;35;25
1158.0;18;59;22;34;199;43;22;38;25
1164.0;20;56;22;36;199;45;21;37;24
1170.0;21;56;21;35;198;43;24;37;25
1176.0;20;56;19;34;198;44;26;38;25
1182.0;22;55;20;34;197;45;25;38;24
1188.0;25;54;19;34;201;46;23;37;21
1194.0;24;51;20;36;202;47;21;35;24
1200.0;22;55;18;35;201;47;20;37;25
1206.0;20;53;20;34;203;45;23;38;24
1212.0;21;54;21;37;201;42;25;39;20
1218.0;23;49;23;35;200;43;28;38;21
1224.0;23;50;20;35;201;44;27;37;23
1230.0;23;50;20;37;201;39;32;35;23
1236.0;20;47;20;39;202;42;32;35;23
1242.0;18;48;18;39;201;41;29;39;27
1248.0;17;48;17;37;201;41;31;42;26
1254.0;17;46;20;36;203;40;33;42;23
1260.0;17;45;19;35;204;42;32;43;23
1266.0;17;45;18;34;205;44;30;44;23
1272.0;14;48;17;36;206;46;31;43;19
1278.0;13;44;20;37;207;46;31;45;17
1284.0;12;42;17;40;210;50;28;44;17
1290.0;15;43;17;38;207;48;27;44;21
1296.0;13;44;18;39;206;51;25;43;21
1302.0;11;47;20;34;206;49;26;43;24
1308.0;13;46;18;34;206;50;28;44;21
1314.0;18;45;16;36;210;50;21;45;19
1320.0;16;43;20;35;208;52;23;46;17
1326.0;17;42;17;35;205;54;23;49;18
1332.0;16;38;19;37;207;56;23;46;18
1338.0;17;37;22;37;206;55;20;47;19
1344.0;19;35;22;36;205;55;23;46;19
1350.0;18;37;19;39;206;52;23;46;20
1356.0;19;38;18;39;205;52;25;46;18
1362.0;22;38;18;40;203;52;22;44;21
1368.0;21;41;19;43;205;52;20;43;16
1374.0;19;39;22;45;206;57;17;41;14
1380.0;18;40;22;45;206;58;18;41;12
1386.0;20;40;24;47;206;55;16;43;9
1392.0;16;41;20;47;206;58;19;43;10
1398.0;15;38;23;47;205;59;19;42;12
1404.0;14;40;22;45;206;55;19;42;17
1410.0;15;42;23;47;202;55;14;45;17
1416.0;15;41;26;45;202;54;15;44;18
1422.0;17;40;26;44;201;55;13;43;21
1428.0;18;39;26;45;200;55;14;43;20
1434.0;19;43;24;46;200;55;10;43;20
1440.0;20;40;22;45;201;55;10;46;21
1446.0;20;42;24;47;199;54;9;45;20
1452.0;21;39;27;46;197;56;12;40;22
1458.0;22;39;28;44;196;60;13;39;19
1464.0;21;41;26;47;196;60;12;37;20
1470.0;23;44;25;49;195;55;15;36;18
1476.0;23;44;24;47;192;56;16;40;18
1482.0;24;46;18;50;187;56;17;41;21
1488.0;26;50;19;46;187;55;19;39;19
1494.0;25;51;19;44;186;55;22;41;17
1500.0;26;49;16;47;188;56;23;39;16
1506.0;26;52;17;46;187;55;23;39;15
1512.0;26;53;15;42;191;54;25;37;17
1518.0;25;50;17;41;193;55;24;36;19
1524.0;26;49;19;43;194;55;22;36;16
1530.0;25;50;22;42;193;52;19;40;17
1536.0;25;50;22;42;195;48;19;40;19
1542.0;24;49;21;45;195;46;23;40;17
1548.0;22;50;23;39;195;46;26;41;18
1554.0;23;50;20;39;196;48;25;42;17
1560.0;23;51;19;39;195;47;25;44;17
1566.0;23;53;22;39;194;47;21;45;16
1572.0;27;51;25;41;192;48;17;44;15
1578.0;27;56;22;40;191;47;19;42;16
1584.0;25;55;21;36;189;52;19;46;17
1590.0;26;55;22;34;192;47;22;45;17
1596.0;24;58;22;34;192;47;19;43;21
1602.0;25;58;23;36;192;47;18;43;18
1608.0;24;57;21;36;191;49;17;46;19
1614.0;25;56;23;34;191;50;17;44;20
1620.0;27;52;23;38;189;49;16;44;22
1626.0;24;55;24;40;190;47;16;40;24
1632.0;22;51;26;40;189;48;18;40;26
1638.0;26;49;26;41;185;46;21;40;26
1644.0;26;48;29;42;184;44;19;41;27
1650.0;25;47;29;39;187;44;19;43;27
1656.0;21;49;30;39;186;43;21;44;27
1662.0;23;49;30;37;185;44;20;44;28
1668.0;22;48;31;39;186;43;20;41;30
1674.0;18;50;30;40;184;45;19;42;32
1680.0;18;47;32;37;186;44;18;45;33
1686.0;14;48;26;39;189;47;18;46;33
1692.0;18;49;25;38;187;50;12;48;33
1698.0;15;46;26;39;188;50;13;49;34
1704.0;15;47;28;39;189;49;14;49;30
1710.0;14;43;28;41;190;50;18;49;27
1716.0;17;45;26;38;193;52;19;48;22
1722.0;17;45;23;39;195;52;22;46;21
1728.0;17;43;23;40;196;53;21;44;23
1734.0;17;43;24;42;196;54;19;41;24
1740.0;21;42;25;42;195;51;18;42;24
1746.0;23;44;26;41;196;52;19;37;22
1752.0;19;43;25;46;196;49;16;43;23
1758.0;18;40;24;44;197;50;17;44;26
1764.0;19;39;25;42;197;50;16;47;25
1770.0;19;43;25;39;193;52;14;49;26
1776.0;20;40;23;38;195;55;13;49;27
1782.0;19;42;23;39;191;56;14;48;28
1788.0;19;43;23;39;190;53;14;47;32
1794.0;21;43;24;37;189;55;14;45;32
