#auto generated file!
12.0;23;19;18;14;30;15;17;12;22
18.0;21;17;17;14;32;17;16;14;22
24.0;22;14;19;14;33;17;15;15;21
30.0;24;16;15;14;35;17;16;14;19
36.0;25;17;16;13;37;15;13;14;20
42.0;24;15;15;15;37;15;14;13;22
48.0;26;16;13;14;35;16;15;13;22
54.0;24;17;11;13;36;17;14;15;23
60.0;22;16;10;13;37;22;12;16;22
66.0;21;17;10;15;35;22;12;16;22
72.0;17;18;10;18;35;23;12;16;21
78.0;13;17;11;19;36;24;13;15;22
84.0;13;19;12;19;36;22;12;15;22
90.0;15;20;11;18;36;19;12;16;23
96.0;13;21;11;19;37;21;13;16;19
102.0;11;21;10;19;38;23;14;17;17
108.0;12;21;9;18;38;25;14;16;17
114.0;9;22;9;18;39;23;12;19;19
120.0;8;22;11;19;40;21;9;21;19
126.0;8;20;12;20;42;18;9;21;20
132.0;7;20;12;20;45;18;9;21;18
138.0;6;18;14;20;43;17;8;25;19
144.0;7;18;14;19;43;19;7;23;20
150.0;9;18;12;18;44;16;9;24;20
156.0;8;15;12;18;47;16;7;27;20
162.0;8;15;13;16;49;17;7;25;20
168.0;7;15;13;16;49;18;8;25;19
174.0;7;17;13;17;48;17;9;25;17
180.0;6;19;13;17;48;19;9;25;14
186.0;8;19;13;17;47;18;9;25;14
192.0;6;19;13;17;48;19;8;26;14
198.0;8;20;10;17;49;19;7;25;15
204.0;6;19;11;19;50;19;8;24;14
210.0;9;20;12;18;50;20;7;21;13
216.0;10;20;13;19;50;19;8;20;11
222.0;10;19;11;20;49;20;8;21;12
228.0;11;22;11;19;49;18;7;21;12
234.0;12;22;10;19;51;20;5;19;12
240.0;10;21;11;21;52;20;6;17;12
246.0;9;20;14;21;52;19;6;18;11
252.0;9;17;13;21;52;20;9;18;11
258.0;11;18;12;21;51;20;9;17;11
264.0;13;20;12;16;50;20;9;18;12
270.0;12;20;10;16;52;21;11;18;10
276.0;11;19;10;15;52;23;10;19;11
282.0;10;20;10;17;53;23;10;17;10
288.0;11;19;10;17;53;23;11;16;10
294.0;8;20;8;18;56;24;12;15;9
300.0;9;19;7;17;58;24;13;14;9
306.0;10;17;7;18;57;27;13;14;7
312.0;10;16;8;21;58;26;10;14;7
318.0;11;17;8;20;57;27;10;12;8
324.0;11;16;8;20;57;29;10;11;8
330.0;8;18;6;20;57;31;9;12;9
336.0;7;19;6;21;57;31;9;13;7
342.0;8;19;6;20;58;30;10;13;6
348.0;7;19;6;21;59;27;10;15;6
354.0;5;19;6;21;58;28;10;15;8
360.0;5;16;6;22;59;28;11;14;9
366.0;5;16;5;23;59;28;11;13;10
372.0;3;17;5;22;60;28;13;13;9
378.0;4;17;5;21;61;28;11;14;9
384.0;6;19;5;20;61;27;9;14;9
390.0;5;20;5;21;62;26;9;14;8
396.0;6;21;5;19;61;28;8;15;7
402.0;5;22;6;19;61;27;7;15;8
408.0;5;24;6;19;61;26;6;16;7
414.0;6;23;9;19;63;24;5;15;6
420.0;7;22;7;18;63;25;5;17;6
426.0;6;23;8;17;62;27;7;15;5
432.0;9;22;8;15;63;26;7;15;5
438.0;11;23;9;14;62;26;7;12;6
444.0;10;23;8;14;62;26;9;12;6
450.0;11;23;6;13;64;26;10;12;5
456.0;10;23;5;11;63;28;11;12;7
462.0;13;22;5;8;63;29;11;14;5
468.0;14;23;4;8;63;27;12;13;6
474.0;15;22;3;10;64;24;13;14;5
480.0;14;22;5;10;64;25;11;15;4
486.0;12;22;5;10;65;26;10;15;5
492.0;13;22;6;9;65;26;9;15;5
498.0;11;21;5;11;68;28;7;14;5
504.0;10;21;5;12;68;28;6;13;7
510.0;9;22;6;12;68;28;5;13;7
516.0;10;20;8;13;69;26;7;11;6
522.0;7;20;7;13;73;27;7;10;6
528.0;7;19;6;14;75;27;8;8;6
534.0;6;19;6;13;74;28;11;7;6
540.0;9;17;5;13;74;27;11;6;8
546.0;8;16;6;12;72;29;10;9;8
552.0;8;16;7;14;73;28;10;8;6
558.0;8;16;7;14;72;27;10;8;8
564.0;8;16;6;16;72;29;8;7;8
570.0;7;15;5;15;72;31;8;7;10
576.0;7;14;5;14;74;29;8;7;12
582.0;6;14;3;15;76;28;6;9;13
588.0;6;14;3;15;76;30;4;8;14
594.0;8;13;3;14;75;31;4;8;14
600.0;7;13;6;14;75;26;5;11;13
606.0;9;13;5;17;74;27;4;10;11
612.0;10;13;6;16;74;27;5;10;9
618.0;11;14;5;17;73;27;6;9;8
624.0;11;15;6;17;74;26;6;10;5
630.0;10;15;8;16;73;26;6;11;5
636.0;12;14;8;13;77;25;5;11;5
642.0;11;13;9;12;77;26;7;10;5
648.0;12;12;7;12;78;26;9;9;5
654.0;12;11;7;14;75;26;10;10;5
660.0;14;12;8;13;75;24;9;10;5
666.0;13;13;7;17;72;24;8;10;6
672.0;11;13;8;17;72;24;8;11;6
678.0;12;12;8;17;76;23;9;8;5
684.0;10;12;6;14;77;23;9;14;5
690.0;8;9;7;15;78;24;8;14;7
696.0;10;9;8;13;75;24;9;15;7
702.0;11;10;5;14;75;23;10;14;8
708.0;10;9;5;15;77;24;8;14;8
714.0;11;9;7;16;73;22;8;16;8
720.0;13;9;7;17;72;22;8;15;7
726.0;12;9;6;20;70;22;8;14;9
732.0;11;10;6;19;69;21;9;15;10
738.0;11;10;7;18;68;23;10;15;8
744.0;10;10;8;18;67;24;9;15;9
750.0;11;10;9;17;67;23;9;15;9
756.0;10;11;10;17;67;21;10;15;9
762.0;11;9;8;17;69;23;10;15;8
768.0;11;7;8;16;69;21;12;16;10
774.0;10;8;9;17;69;19;13;16;9
780.0;9;9;9;19;69;19;14;13;9
786.0;9;8;7;17;72;19;14;13;11
792.0;9;10;7;14;74;19;13;12;12
798.0;9;12;6;13;76;19;12;11;12
804.0;9;13;7;16;75;17;10;10;13
810.0;9;12;8;15;76;15;10;11;14
816.0;10;11;9;15;77;14;9;12;13
822.0;10;11;12;15;76;14;9;11;12
828.0;11;10;13;15;76;16;10;10;9
834.0;11;12;12;15;75;15;10;9;11
840.0;9;12;10;17;75;16;12;8;11
846.0;8;12;9;20;76;15;10;8;12
852.0;9;11;11;18;76;15;8;9;13
858.0;7;13;9;19;77;16;8;8;13
864.0;4;14;9;20;77;17;9;9;11
870.0;4;13;9;20;77;17;10;9;11
876.0;5;15;7;21;75;18;9;9;11
882.0;6;16;7;20;76;17;8;9;11
888.0;6;16;8;19;76;18;7;9;11
894.0;8;17;7;18;76;19;5;9;11
900.0;6;18;5;19;78;19;5;9;11
906.0;6;20;4;20;75;20;5;10;10
912.0;6;19;4;20;77;21;4;8;11
918.0;6;20;3;20;77;20;6;8;10
924.0;6;18;4;22;77;18;8;8;9
930.0;7;17;5;22;76;19;7;8;9
936.0;9;16;6;21;78;18;6;9;7
942.0;8;15;5;21;81;20;6;8;6
948.0;8;16;5;19;82;20;6;9;5
954.0;8;17;5;19;83;18;6;10;4
960.0;9;18;4;20;81;18;6;10;4
966.0;8;18;4;18;80;19;7;11;5
972.0;6;19;5;18;81;17;6;13;5
978.0;6;19;6;17;80;18;7;12;5
984.0;5;19;8;16;79;18;6;13;6
990.0;4;19;9;17;79;16;5;16;5
996.0;4;19;7;19;79;16;6;13;7
1002.0;6;20;7;16;76;16;8;13;8
1008.0;7;20;8;17;74;15;6;15;8
1014.0;5;19;9;16;75;16;7;15;8
1020.0;6;18;9;17;74;17;8;15;6
1026.0;7;17;9;19;75;16;6;17;4
1032.0;7;17;11;17;75;17;7;15;4
1038.0;5;21;11;16;74;14;7;18;4
1044.0;6;22;11;15;74;12;8;17;5
1050.0;7;22;11;14;73;12;8;18;5
1056.0;6;21;11;12;73;13;9;19;6
1062.0;6;21;12;12;73;13;9;18;6
1068.0;6;20;13;13;74;13;9;16;6
1074.0;6;19;12;13;76;14;9;16;5
1080.0;6;17;11;15;77;13;9;17;5
1086.0;7;15;11;15;77;14;9;16;6
1092.0;7;15;11;14;78;16;7;15;7
1098.0;8;15;10;14;79;16;7;14;7
1104.0;8;16;10;13;79;16;7;14;7
1110.0;9;15;8;13;80;16;9;13;7
1116.0;9;15;7;13;79;17;9;13;8
1122.0;9;15;7;14;79;18;8;13;7
1128.0;10;15;7;13;78;19;7;13;8
1134.0;11;16;7;14;78;17;6;13;8
1140.0;11;15;8;12;78;15;8;14;9
1146.0;9;15;6;10;81;16;9;16;8
1152.0;9;13;6;9;82;16;10;16;9
1158.0;7;12;8;9;83;15;11;17;8
1164.0;7;12;8;9;80;17;9;19;9
1170.0;10;13;7;11;79;17;8;17;8
1176.0;9;13;9;9;78;16;8;19;9
1182.0;9;12;10;9;80;16;5;18;11
1188.0;10;14;9;10;81;16;5;15;10
1194.0;10;13;10;10;80;17;5;15;10
1200.0;8;13;9;11;81;16;4;17;11
1206.0;8;14;10;11;80;16;5;16;10
1212.0;7;13;10;12;80;17;6;15;10
1218.0;8;14;10;12;82;15;6;14;9
1224.0;7;14;10;12;81;15;8;14;9
1230.0;7;15;10;12;81;14;9;13;9
1236.0;7;15;8;12;81;14;10;13;10
1242.0;7;17;8;10;82;15;10;13;8
1248.0;7;15;9;10;85;16;9;12;7
1254.0;5;15;9;10;86;17;9;12;7
1260.0;4;15;9;10;87;17;8;13;7
1266.0;3;15;7;9;88;18;8;15;7
1272.0;3;14;7;10;87;20;8;14;7
1278.0;5;14;5;10;87;21;8;13;7
1284.0;4;17;6;9;84;21;6;15;8
1290.0;5;17;9;8;84;20;4;15;8
1296.0;5;16;10;8;84;21;3;15;8
1302.0;5;16;9;8;85;21;4;15;7
1308.0;8;16;9;8;84;20;3;15;7
1314.0;8;15;9;8;83;21;4;16;6
1320.0;7;14;10;11;83;19;2;16;8
1326.0;6;16;11;11;80;20;2;17;7
1332.0;7;15;11;11;79;20;3;17;7
1338.0;5;13;11;13;81;19;3;17;8
1344.0;4;14;10;13;83;19;3;17;7
1350.0;5;11;11;12;85;21;3;17;5
1356.0;6;11;10;12;84;21;3;17;6
1362.0;5;12;10;13;85;20;3;17;5
1368.0;4;11;10;13;85;15;6;18;8
1374.0;3;11;9;14;85;16;6;17;9
1380.0;4;11;9;12;85;14;6;19;10
1386.0;4;11;10;12;82;15;8;17;11
1392.0;4;12;7;12;84;15;9;16;11
1398.0;4;12;5;11;84;15;11;16;12
1404.0;4;11;4;11;83;16;12;17;12
1410.0;2;11;3;12;83;17;14;15;13
1416.0;3;11;3;11;83;16;13;17;13
1422.0;3;11;2;11;85;17;12;16;13
1428.0;3;11;2;12;84;17;11;17;13
1434.0;3;11;2;11;84;18;12;16;13
1440.0;1;11;2;11;83;19;13;15;15
1446.0;4;9;0;10;84;20;14;16;13
1452.0;5;10;1;10;82;20;14;15;13
1458.0;6;12;2;10;82;19;13;15;11
1464.0;5;11;3;10;83;18;12;15;13
1470.0;6;10;2;10;83;18;12;17;12
1476.0;5;8;5;10;84;19;13;16;10
1482.0;7;8;5;10;86;20;9;16;9
1488.0;5;9;6;10;85;22;7;16;10
1494.0;5;11;4;9;87;21;8;17;8
1500.0;5;11;7;10;85;22;8;15;7
1506.0;6;11;5;10;85;22;9;16;6
1512.0;7;12;6;9;86;21;6;17;6
1518.0;7;12;6;9;88;20;5;15;8
1524.0;8;13;6;10;87;21;4;15;6
1530.0;7;14;7;12;84;20;3;16;7
1536.0;6;12;7;12;84;22;4;17;6
1542.0;5;12;7;11;85;22;4;17;7
1548.0;5;11;9;9;86;20;4;18;8
1554.0;7;10;8;11;85;19;5;17;8
1560.0;7;10;7;12;86;19;5;16;8
1566.0;6;10;8;12;87;19;7;15;6
1572.0;6;11;9;13;87;19;6;15;4
1578.0;6;10;9;12;86;21;8;14;4
1584.0;5;10;9;12;84;22;8;14;6
1590.0;5;10;9;12;83;21;9;14;7
1596.0;5;10;7;15;80;20;11;14;8
1602.0;6;9;7;15;81;20;9;14;9
1608.0;7;8;8;14;81;19;9;12;12
1614.0;6;8;9;14;82;19;9;12;11
1620.0;6;9;9;13;82;21;9;13;8
1626.0;7;10;9;12;81;20;10;12;9
1632.0;6;10;10;12;81;19;10;11;11
1638.0;8;10;10;12;79;20;10;11;10
1644.0;9;10;10;12;77;20;10;11;11
1650.0;10;11;9;11;77;19;10;11;12
1656.0;10;10;9;12;78;19;10;9;13
1662.0;9;11;8;12;79;18;12;9;12
1668.0;9;11;9;14;80;19;9;8;11
1674.0;9;14;9;16;80;16;6;7;13
1680.0;9;15;9;16;79;15;6;7;14
1686.0;10;16;6;16;78;15;6;9;14
1692.0;12;16;6;16;80;14;4;9;13
1698.0;11;19;6;17;80;11;5;9;12
1704.0;10;19;7;17;81;13;7;9;7
1710.0;11;18;7;16;82;12;6;11;7
1716.0;11;17;6;16;83;12;7;11;7
1722.0;10;17;6;17;84;10;7;11;8
1728.0;9;17;8;18;82;10;7;11;8
1734.0;10;17;9;18;80;11;5;13;7
1740.0;10;17;7;19;78;12;5;14;8
1746.0;8;17;6;20;79;12;6;13;9
1752.0;8;18;6;19;80;12;5;13;9
1758.0;9;20;7;18;81;12;4;12;7
1764.0;9;21;7;18;80;12;4;12;7
1770.0;9;21;6;19;80;12;4;13;6
1776.0;8;20;5;19;79;15;5;12;7
1782.0;9;19;4;18;79;14;5;15;7
1788.0;9;17;4;17;79;14;4;18;8
1794.0;8;16;4;16;79;16;4;18;9
