#auto generated file!
12.0;31;45;42;42;38;37;25;35;35
18.0;35;47;35;42;39;38;26;37;31
24.0;32;45;36;42;42;38;23;39;33
30.0;31;43;36;43;46;39;20;38;34
36.0;31;46;31;41;49;40;25;38;29
42.0;30;48;30;40;52;41;27;35;27
48.0;32;43;30;42;54;45;28;31;25
54.0;33;41;30;45;54;42;30;33;22
60.0;31;39;25;46;59;43;29;36;22
66.0;31;39;23;47;61;40;28;37;24
72.0;27;41;23;47;62;42;29;36;23
78.0;26;43;24;50;61;39;28;35;24
84.0;27;43;21;48;64;39;30;33;25
90.0;27;43;22;46;65;40;32;31;24
96.0;25;43;22;50;67;39;31;29;24
102.0;25;45;22;51;67;38;28;28;26
108.0;25;45;23;51;69;42;25;27;23
114.0;25;45;23;47;70;39;26;28;27
120.0;23;48;21;46;69;39;26;31;27
126.0;20;52;20;47;72;40;23;33;23
132.0;19;50;22;51;73;40;20;33;22
138.0;18;48;21;51;76;42;22;34;18
144.0;20;49;19;52;77;43;20;33;17
150.0;17;49;21;48;76;44;20;34;21
156.0;17;49;19;48;79;44;20;36;18
162.0;16;44;18;49;81;50;19;35;18
168.0;17;42;17;48;85;46;16;40;19
174.0;21;36;18;50;89;38;17;44;17
180.0;20;34;16;48;89;42;19;43;19
186.0;22;36;15;46;91;39;17;43;21
192.0;24;37;15;42;92;42;16;41;21
198.0;23;41;19;41;91;39;17;42;17
204.0;19;40;18;45;92;37;17;44;18
210.0;18;39;21;43;94;37;18;43;17
216.0;16;39;20;44;94;35;19;42;21
222.0;16;41;20;42;93;36;20;39;23
228.0;16;42;21;40;93;37;22;39;20
234.0;14;41;24;40;94;37;22;41;17
240.0;13;42;25;40;93;36;23;40;18
246.0;18;39;28;40;92;34;22;41;16
252.0;18;38;28;41;94;35;19;38;19
258.0;19;39;27;42;93;33;19;38;20
264.0;18;40;25;42;91;36;19;39;20
270.0;18;39;25;44;91;38;18;39;18
276.0;19;42;26;43;92;42;14;37;15
282.0;20;42;27;39;94;41;14;36;17
288.0;21;41;27;39;94;38;14;38;18
294.0;20;44;26;41;93;38;14;36;18
300.0;16;42;26;38;95;38;19;36;20
306.0;16;40;26;36;94;43;16;36;23
312.0;17;38;28;36;94;43;16;33;25
318.0;16;37;26;37;95;43;16;36;24
324.0;18;36;25;33;94;46;20;34;24
330.0;15;33;23;32;94;51;20;35;27
336.0;16;35;19;36;95;48;17;36;28
342.0;14;39;17;37;93;47;18;38;27
348.0;14;36;21;34;97;46;18;39;25
354.0;13;36;21;34;98;45;18;41;24
360.0;15;39;20;34;99;40;19;41;23
366.0;14;39;21;34;99;43;15;43;22
372.0;13;41;19;33;99;45;14;45;21
378.0;14;43;16;33;101;44;14;45;20
384.0;15;43;16;32;100;43;15;47;19
390.0;16;39;19;34;100;43;15;44;20
396.0;15;39;18;32;100;44;15;45;22
402.0;16;41;17;31;104;46;14;43;18
408.0;19;42;15;33;105;49;11;41;15
414.0;17;41;15;35;104;48;14;41;15
420.0;16;43;15;33;106;45;15;41;16
426.0;14;46;17;33;107;44;15;41;13
432.0;16;47;15;34;106;45;16;41;10
438.0;15;47;15;35;107;45;15;41;10
444.0;14;45;13;38;110;40;18;40;12
450.0;16;44;14;37;110;39;17;39;14
456.0;16;45;14;38;110;40;16;38;13
462.0;16;45;13;39;112;40;16;36;13
468.0;18;47;16;38;114;36;15;33;13
474.0;17;45;17;39;115;35;16;32;14
480.0;16;44;19;40;118;34;14;32;13
486.0;21;45;20;37;117;33;13;32;12
492.0;22;46;20;37;116;32;13;32;12
498.0;22;43;20;35;119;33;12;33;13
504.0;25;44;18;35;123;31;12;30;12
510.0;30;42;17;34;122;32;11;30;12
516.0;28;40;15;33;123;33;12;30;16
522.0;28;37;16;34;124;35;13;31;12
528.0;25;36;16;37;129;32;11;31;13
534.0;25;36;15;36;129;33;13;28;15
540.0;27;35;15;35;128;33;14;27;16
546.0;24;34;15;33;125;35;15;33;16
552.0;20;34;19;33;124;34;13;35;18
558.0;22;35;16;33;125;32;15;34;18
564.0;24;36;13;34;123;29;15;36;20
570.0;23;36;12;34;121;30;17;35;22
576.0;23;38;12;32;121;29;17;32;26
582.0;24;37;13;34;124;28;17;32;21
588.0;23;37;11;30;127;30;17;33;22
594.0;23;38;12;30;125;30;18;35;19
600.0;21;38;13;33;125;31;18;33;18
606.0;19;38;16;30;127;34;18;33;15
612.0;19;36;17;30;127;33;19;35;14
618.0;17;35;17;28;127;32;21;36;17
624.0;15;33;16;29;126;31;23;36;21
630.0;15;33;15;32;128;31;20;36;20
636.0;15;29;15;32;131;32;20;34;22
642.0;16;26;17;31;134;30;19;36;21
648.0;17;27;18;32;137;29;15;36;19
654.0;14;30;22;32;136;26;15;38;17
660.0;15;33;19;30;134;28;16;37;18
666.0;16;33;19;29;134;29;18;36;16
672.0;16;34;20;30;134;30;18;35;13
678.0;17;34;18;32;137;26;17;37;12
684.0;16;32;18;33;138;25;17;37;14
690.0;17;30;18;32;138;28;16;36;15
696.0;16;32;15;34;141;27;15;35;15
702.0;18;31;13;30;145;26;16;35;16
708.0;17;30;14;31;145;24;19;33;17
714.0;15;29;14;30;146;22;18;37;19
720.0;18;30;14;29;144;24;15;35;21
726.0;14;29;14;30;145;24;15;35;24
732.0;13;31;14;27;145;23;17;35;25
738.0;13;33;14;27;146;24;16;33;24
744.0;14;34;12;29;147;24;15;34;21
750.0;14;32;12;27;146;27;20;35;17
756.0;14;31;13;28;145;27;19;34;19
762.0;13;33;14;28;146;27;18;34;17
768.0;14;32;16;26;144;26;20;34;18
774.0;13;34;13;25;145;27;20;34;19
780.0;14;32;14;26;143;28;21;35;17
786.0;14;30;13;26;146;28;22;34;17
792.0;14;33;12;27;147;30;19;31;17
798.0;14;32;14;30;147;30;18;28;17
804.0;15;32;15;30;146;33;19;27;13
810.0;15;31;15;30;147;34;19;28;11
816.0;15;29;16;33;149;34;16;27;11
822.0;17;29;17;34;151;31;14;27;10
828.0;15;27;18;31;151;32;16;26;14
834.0;15;27;17;32;151;33;16;25;14
840.0;14;26;15;31;152;32;16;27;17
846.0;14;28;15;31;153;31;14;26;18
852.0;14;28;13;33;155;28;14;25;20
858.0;16;28;12;33;155;28;12;29;17
864.0;18;27;10;35;158;28;10;29;15
870.0;17;29;10;34;157;24;12;30;17
876.0;17;28;9;33;159;25;10;32;17
882.0;15;25;13;33;159;25;10;36;14
888.0;15;26;16;32;158;23;9;39;12
894.0;16;26;15;32;156;24;9;40;12
900.0;15;28;14;31;157;24;8;41;12
906.0;16;29;14;32;156;25;9;38;11
912.0;13;29;15;32;157;23;9;40;12
918.0;15;29;16;33;156;23;9;38;11
924.0;17;29;16;32;156;20;9;40;11
930.0;16;30;13;33;157;23;9;37;12
936.0;16;30;12;32;156;23;11;37;13
942.0;14;32;12;33;155;22;10;38;14
948.0;12;32;13;32;154;24;11;38;14
954.0;9;32;16;30;152;27;12;39;13
960.0;12;31;15;31;151;27;11;40;12
966.0;14;31;15;28;153;30;12;37;10
972.0;13;30;16;30;152;31;11;37;10
978.0;13;28;17;31;151;31;10;37;12
984.0;13;28;16;31;153;32;10;35;12
990.0;12;28;16;33;157;32;10;34;8
996.0;9;28;18;32;153;34;12;35;9
1002.0;9;28;19;30;154;34;11;36;9
1008.0;9;27;19;29;156;33;13;33;11
1014.0;9;30;16;28;155;37;13;33;9
1020.0;10;30;20;28;154;36;13;31;8
1026.0;11;29;17;27;156;36;13;31;10
1032.0;9;28;16;26;156;39;15;32;9
1038.0;11;26;16;26;154;40;16;30;11
1044.0;10;25;15;28;153;42;14;30;13
1050.0;9;24;16;27;153;42;14;29;16
1056.0;9;24;17;25;153;40;16;28;18
1062.0;8;26;17;29;150;38;15;28;19
1068.0;8;26;20;29;152;36;13;29;17
1074.0;9;28;22;28;150;35;12;27;19
1080.0;8;30;23;28;150;34;12;29;16
1086.0;9;29;21;28;150;34;13;30;16
1092.0;8;28;19;28;152;36;15;28;16
1098.0;9;30;18;30;151;34;16;27;15
1104.0;8;28;19;34;148;35;15;28;15
1110.0;9;29;16;32;149;37;16;28;14
1116.0;10;29;14;31;150;37;14;28;17
1122.0;11;29;13;32;151;37;11;28;18
1128.0;13;28;15;31;147;38;14;27;17
1134.0;12;28;15;31;146;36;14;28;20
1140.0;11;26;14;33;146;35;12;29;24
1146.0;13;26;16;32;145;34;15;27;22
1152.0;12;26;17;36;142;34;14;28;21
1158.0;13;27;16;33;143;35;15;27;21
1164.0;13;29;15;31;143;31;19;26;23
1170.0;10;31;14;32;143;32;21;25;22
1176.0;11;34;14;27;145;33;23;21;22
1182.0;11;37;14;26;145;32;20;24;21
1188.0;14;35;13;25;146;34;18;26;19
1194.0;14;36;15;26;146;39;12;23;19
1200.0;14;37;14;27;146;40;13;23;16
1206.0;13;37;18;28;147;40;13;20;14
1212.0;14;39;15;27;145;41;13;19;17
1218.0;9;42;14;27;145;42;12;21;18
1224.0;10;42;13;27;146;39;15;21;17
1230.0;10;41;15;29;145;36;15;22;17
1236.0;9;44;14;27;145;35;16;24;16
1242.0;9;43;14;29;144;37;12;26;16
1248.0;9;43;14;30;144;37;12;25;16
1254.0;8;44;13;31;146;34;13;24;17
1260.0;7;42;12;32;146;33;14;24;20
1266.0;7;43;13;37;143;31;13;23;20
1272.0;9;41;11;36;147;30;14;24;18
1278.0;9;43;9;36;146;29;15;25;18
1284.0;11;42;10;37;147;26;15;24;18
1290.0;12;42;9;37;147;26;15;23;19
1296.0;12;41;9;37;148;27;16;24;16
1302.0;12;40;9;35;150;25;17;25;17
1308.0;11;42;9;35;151;25;15;24;18
1314.0;13;41;9;34;150;27;17;25;14
1320.0;14;39;9;36;148;27;18;26;13
1326.0;13;39;11;35;147;27;17;27;14
1332.0;14;38;11;33;146;30;20;26;12
1338.0;14;37;12;32;148;28;20;26;13
1344.0;14;37;11;32;150;26;20;26;14
1350.0;11;36;11;30;151;25;21;26;19
1356.0;11;37;13;33;148;26;21;24;17
1362.0;10;39;13;32;150;28;20;22;16
1368.0;10;36;13;33;151;30;20;22;15
1374.0;11;35;13;32;151;33;20;20;15
1380.0;10;37;14;33;152;30;19;22;13
1386.0;12;39;14;31;150;27;19;25;13
1392.0;14;39;15;28;150;29;19;24;12
1398.0;15;40;16;27;150;29;16;26;11
1404.0;13;38;14;28;150;30;16;26;15
1410.0;12;38;13;29;151;30;17;23;17
1416.0;12;35;15;29;152;32;16;24;15
1422.0;14;35;14;29;152;31;15;25;15
1428.0;15;34;14;30;151;30;15;26;15
1434.0;18;35;15;27;151;30;16;24;14
1440.0;14;36;14;31;151;30;16;22;16
1446.0;15;37;11;32;153;31;16;22;13
1452.0;12;37;14;32;156;29;16;24;10
1458.0;13;35;16;31;159;30;14;23;9
1464.0;13;36;13;31;158;31;18;22;8
1470.0;13;36;13;32;156;30;20;22;8
1476.0;13;36;12;33;157;32;21;20;6
1482.0;13;36;10;35;160;32;19;19;6
1488.0;14;34;9;38;160;32;16;20;7
1494.0;15;34;12;33;159;31;13;22;11
1500.0;16;32;13;34;160;33;7;22;13
1506.0;15;31;14;34;159;33;8;21;15
1512.0;16;30;13;33;160;34;10;20;14
1518.0;15;30;12;34;160;34;9;21;15
1524.0;12;32;12;35;159;33;13;19;15
1530.0;12;30;13;35;162;32;12;20;14
1536.0;13;31;13;35;160;33;11;22;12
1542.0;13;30;14;35;160;35;12;20;11
1548.0;13;26;12;36;163;35;12;23;10
1554.0;14;25;14;35;163;34;11;24;10
1560.0;14;25;15;33;163;33;12;24;11
1566.0;12;25;15;32;163;35;14;25;9
1572.0;12;26;16;31;163;35;15;23;9
1578.0;12;26;13;31;163;36;15;25;9
1584.0;12;26;13;31;163;36;14;24;11
1590.0;17;26;15;28;157;39;16;20;12
1596.0;17;24;14;28;156;40;18;21;12
1602.0;17;23;16;28;154;40;15;24;13
1608.0;14;25;19;27;154;39;17;24;11
1614.0;11;27;16;27;154;39;17;26;13
1620.0;13;25;17;27;154;36;16;28;14
1626.0;12;25;16;27;152;36;18;29;15
1632.0;11;25;16;27;153;37;18;28;15
1638.0;12;26;16;26;153;37;15;30;15
1644.0;13;25;15;27;152;38;16;30;14
1650.0;14;26;14;28;154;35;16;28;15
1656.0;15;26;12;26;154;37;17;27;16
1662.0;18;26;11;25;153;34;18;28;17
1668.0;20;26;11;26;153;31;19;27;17
1674.0;19;27;10;26;153;32;18;27;18
1680.0;16;26;10;26;156;33;19;26;18
1686.0;16;23;11;26;156;35;19;26;18
1692.0;15;24;10;28;156;35;19;26;17
1698.0;13;23;10;29;157;35;20;28;15
1704.0;12;21;10;28;158;33;23;30;15
1710.0;11;17;15;28;156;33;25;31;14
1716.0;10;19;14;30;156;33;25;28;15
1722.0;9;20;16;30;156;31;24;29;15
1728.0;8;21;15;30;157;30;24;29;16
1734.0;7;20;15;32;157;29;24;30;16
1740.0;8;23;16;34;158;26;23;29;13
1746.0;9;24;17;35;160;26;18;28;13
1752.0;10;23;20;37;160;25;15;27;13
1758.0;10;24;19;38;162;26;11;27;13
1764.0;10;26;18;35;162;30;10;26;13
1770.0;10;25;19;32;163;29;8;29;15
1776.0;8;24;18;33;165;30;9;28;15
1782.0;12;25;18;36;162;28;13;26;10
1788.0;11;23;22;36;163;27;12;25;11
1794.0;9;23;23;36;160;27;13;25;14
