#auto generated file!
12.0;17;8;11;13;15;15;12;15;14
18.0;17;8;11;12;16;14;11;18;13
24.0;15;12;10;15;16;14;11;16;11
30.0;17;14;9;14;17;14;12;14;9
36.0;16;16;11;13;18;14;13;13;6
42.0;15;16;10;13;20;13;14;13;6
48.0;15;16;9;12;20;13;15;12;8
54.0;13;15;10;12;22;16;14;11;7
60.0;12;17;10;11;24;18;11;11;6
66.0;15;15;11;11;22;18;11;11;6
72.0;13;16;11;11;22;19;11;12;5
78.0;12;16;11;11;23;20;10;12;5
84.0;11;16;9;12;25;20;9;13;5
90.0;9;15;7;12;26;21;11;13;6
96.0;9;14;5;12;26;22;11;14;7
102.0;8;14;6;11;25;22;11;15;8
108.0;6;16;6;13;25;22;9;14;9
114.0;7;17;7;12;25;19;11;15;7
120.0;7;16;7;12;25;20;11;15;7
126.0;6;15;8;11;25;19;10;18;8
132.0;6;17;9;12;25;18;8;17;8
138.0;8;15;8;15;25;17;7;16;9
144.0;7;15;9;14;25;19;6;16;9
150.0;8;14;10;17;25;18;5;16;7
156.0;9;13;11;17;25;16;7;15;7
162.0;10;12;12;18;27;15;6;15;5
168.0;11;11;12;17;28;15;6;14;6
174.0;11;8;12;18;29;14;5;14;9
180.0;10;8;12;18;30;13;7;13;9
186.0;9;9;12;18;29;14;6;14;9
192.0;9;9;12;17;28;14;7;15;9
198.0;10;13;10;16;28;14;5;14;10
204.0;9;11;9;15;28;13;9;14;12
210.0;10;12;8;15;30;12;8;15;10
216.0;10;11;9;14;31;12;8;15;10
222.0;9;11;9;14;31;14;8;15;9
228.0;10;13;8;14;31;13;8;15;8
234.0;9;15;9;14;30;13;8;14;8
240.0;8;15;10;13;30;12;5;17;10
246.0;11;14;9;14;31;12;5;15;9
252.0;12;13;9;14;32;12;5;15;8
258.0;14;12;9;14;32;11;4;15;9
264.0;12;14;10;13;32;11;5;14;9
270.0;11;15;10;13;33;10;5;14;9
276.0;11;16;10;13;34;9;5;12;10
282.0;8;16;10;13;36;9;6;13;9
288.0;9;16;10;13;36;9;5;12;10
294.0;9;16;10;13;37;9;5;12;9
300.0;9;15;10;14;37;9;5;12;9
306.0;7;15;11;12;36;12;5;13;9
312.0;7;15;8;12;37;12;5;13;11
318.0;6;13;8;12;38;11;5;14;13
324.0;4;14;9;14;37;11;5;15;11
330.0;5;13;10;13;37;10;6;15;11
336.0;4;14;9;11;37;9;9;15;12
342.0;4;14;8;14;39;8;9;15;9
348.0;5;16;8;14;39;7;7;14;10
354.0;7;16;9;12;38;7;6;15;10
360.0;8;15;7;12;38;8;6;16;10
366.0;9;16;6;12;38;8;6;15;10
372.0;9;15;5;12;39;8;5;15;12
378.0;8;14;6;12;39;10;5;14;12
384.0;8;14;6;11;40;10;5;14;12
390.0;7;13;5;11;40;11;6;16;11
396.0;8;14;4;10;42;11;6;15;10
402.0;9;14;4;11;42;11;6;13;10
408.0;10;14;4;11;42;11;5;13;10
414.0;10;16;5;11;44;12;3;11;8
420.0;9;16;7;11;44;12;3;10;8
426.0;9;16;7;11;44;12;3;10;8
432.0;8;14;7;11;44;13;4;10;9
438.0;8;14;7;12;44;12;5;9;9
444.0;9;12;7;13;43;12;5;10;9
450.0;9;12;8;13;43;11;5;11;8
456.0;9;11;9;14;44;11;4;10;8
462.0;7;12;8;15;44;11;4;10;9
468.0;5;12;9;12;45;12;4;11;10
474.0;5;12;8;13;45;11;6;11;9
480.0;6;12;8;12;46;10;7;11;8
486.0;6;11;8;11;45;11;7;13;8
492.0;6;11;8;12;44;11;8;13;7
498.0;7;11;8;12;44;11;8;13;6
504.0;6;14;9;12;44;13;5;11;6
510.0;6;14;10;14;44;11;5;10;6
516.0;5;15;10;14;44;10;5;10;7
522.0;3;15;8;15;44;10;8;11;6
528.0;4;17;7;16;44;10;7;10;5
534.0;5;18;8;16;43;10;7;9;4
540.0;4;17;8;15;43;10;7;9;7
546.0;5;19;8;13;44;9;6;9;7
552.0;5;20;7;11;45;9;5;10;8
558.0;4;19;9;10;46;10;4;10;8
564.0;5;20;9;10;46;9;4;10;7
570.0;5;19;10;11;46;8;5;10;6
576.0;5;19;8;13;46;9;5;9;6
582.0;5;18;7;13;46;9;6;10;6
588.0;4;18;7;13;46;9;7;10;6
594.0;3;18;7;12;47;9;7;10;7
600.0;3;18;7;13;47;11;4;11;6
606.0;3;19;7;11;48;10;4;10;8
612.0;3;17;6;11;48;11;5;11;8
618.0;3;17;5;10;48;10;6;13;8
624.0;5;17;5;10;49;9;5;12;8
630.0;6;15;6;10;49;9;4;13;8
636.0;7;17;6;8;49;8;3;13;9
642.0;6;18;6;7;47;10;4;13;9
648.0;6;19;5;6;47;12;4;13;8
654.0;5;20;6;6;48;12;3;12;8
660.0;5;19;6;7;50;13;3;11;6
666.0;4;21;5;7;51;13;3;10;6
672.0;3;21;5;7;51;13;3;12;5
678.0;3;18;6;6;51;14;4;14;4
684.0;4;20;5;6;51;13;5;14;2
690.0;3;20;5;6;51;13;6;15;1
696.0;2;19;4;8;52;12;7;14;2
702.0;2;17;4;8;54;12;6;13;4
708.0;1;17;4;9;52;12;7;13;5
714.0;2;17;3;10;53;12;6;12;5
720.0;1;16;3;12;55;11;5;12;5
726.0;2;15;1;12;56;12;4;13;5
732.0;1;16;1;12;55;14;4;13;4
738.0;2;15;2;11;56;14;3;13;4
744.0;2;15;2;11;57;14;3;12;4
750.0;2;14;2;11;58;14;3;12;4
756.0;1;12;3;11;57;15;4;12;5
762.0;3;13;2;11;56;15;3;12;5
768.0;4;12;3;11;55;13;4;12;6
774.0;4;13;3;11;54;15;4;11;5
780.0;4;11;3;11;55;15;4;11;6
786.0;3;11;5;10;56;15;4;10;6
792.0;4;12;5;9;53;15;5;10;7
798.0;5;11;6;8;53;16;4;10;7
804.0;5;11;6;8;54;14;3;10;9
810.0;7;11;6;9;53;13;4;12;5
816.0;6;11;6;9;52;14;3;14;5
822.0;5;13;6;10;52;13;2;13;6
828.0;5;13;6;10;52;12;3;13;6
834.0;5;13;6;10;53;11;2;14;6
840.0;5;14;4;11;53;11;2;14;6
846.0;5;15;4;11;52;10;3;14;6
852.0;4;15;4;11;52;13;2;13;6
858.0;4;13;4;12;53;14;3;10;7
864.0;6;12;3;12;53;15;2;10;7
870.0;5;12;3;12;53;15;2;11;7
876.0;5;12;2;13;52;15;2;11;8
882.0;5;12;2;11;52;14;3;14;7
888.0;5;12;3;10;51;13;5;15;6
894.0;5;12;3;10;51;12;6;15;6
900.0;7;13;4;11;49;12;5;13;6
906.0;8;13;4;11;50;12;4;12;6
912.0;9;12;4;11;50;12;4;12;6
918.0;9;12;3;11;50;12;5;12;6
924.0;8;12;4;11;50;12;5;12;6
930.0;8;11;4;11;50;14;5;11;6
936.0;7;10;6;10;51;14;5;11;6
942.0;8;10;5;12;50;14;4;11;6
948.0;8;11;5;12;49;13;5;11;6
954.0;9;12;4;12;47;13;6;12;5
960.0;8;13;6;12;45;13;5;12;6
966.0;9;13;7;12;45;12;5;12;5
972.0;8;14;5;15;45;12;5;10;6
978.0;9;13;4;15;45;11;7;10;6
984.0;9;12;3;13;46;10;8;13;6
990.0;7;12;3;13;47;10;7;13;8
996.0;6;12;2;14;45;10;8;14;9
1002.0;5;12;3;14;45;10;8;15;8
1008.0;5;12;4;17;45;8;8;14;7
1014.0;4;12;5;17;43;8;8;15;8
1020.0;5;12;5;18;43;7;9;13;8
1026.0;5;11;3;18;45;9;8;13;8
1032.0;7;11;4;17;45;6;7;16;7
1038.0;7;11;4;18;45;5;8;17;5
1044.0;6;11;4;18;43;5;10;18;5
1050.0;5;11;5;19;44;6;9;16;5
1056.0;6;11;4;19;44;7;10;15;4
1062.0;5;11;4;18;45;7;10;14;6
1068.0;5;10;5;18;46;6;9;13;8
1074.0;4;10;9;17;45;5;9;12;9
1080.0;5;11;8;18;44;6;7;12;9
1086.0;6;11;6;18;45;7;5;13;9
1092.0;5;11;5;18;46;7;5;14;9
1098.0;6;11;3;17;46;6;6;15;10
1104.0;6;10;3;17;47;6;6;14;11
1110.0;3;10;4;15;48;6;6;16;12
1116.0;4;8;4;16;47;6;6;16;13
1122.0;4;8;4;16;46;7;7;17;11
1128.0;4;9;4;16;46;6;6;17;12
1134.0;6;9;5;15;46;7;7;14;11
1140.0;7;9;5;16;46;7;7;14;9
1146.0;7;8;5;16;46;7;7;15;9
1152.0;7;6;5;17;46;8;7;14;10
1158.0;7;6;5;17;47;9;6;14;9
1164.0;6;7;5;18;48;8;6;14;8
1170.0;6;7;4;20;47;8;5;15;8
1176.0;7;7;5;20;48;8;4;13;8
1182.0;8;7;5;18;49;9;4;13;7
1188.0;8;7;5;18;49;7;5;14;7
1194.0;8;8;5;18;49;8;5;12;7
1200.0;9;8;6;17;49;8;5;12;6
1206.0;9;8;4;15;50;8;7;13;6
1212.0;9;10;4;14;51;7;7;13;5
1218.0;11;8;4;14;49;6;8;16;4
1224.0;9;8;4;13;50;8;9;16;3
1230.0;9;10;3;13;50;9;9;14;3
1236.0;8;10;3;13;50;8;10;14;4
1242.0;4;10;3;14;51;8;10;14;6
1248.0;4;12;1;15;50;8;11;14;5
1254.0;3;12;1;15;51;9;12;13;4
1260.0;3;12;1;16;51;10;11;13;3
1266.0;3;12;2;16;51;9;12;13;2
1272.0;6;10;3;16;54;10;10;11;0
1278.0;6;10;3;16;54;10;10;11;0
1284.0;6;12;2;15;52;10;10;11;2
1290.0;6;10;3;15;53;12;10;10;1
1296.0;6;11;4;15;53;10;10;9;2
1302.0;8;10;4;16;52;8;8;12;2
1308.0;6;10;6;15;52;8;9;12;2
1314.0;4;10;7;17;52;8;7;12;3
1320.0;5;10;6;17;52;8;7;12;3
1326.0;4;10;7;15;52;8;8;12;4
1332.0;4;11;7;14;53;9;7;11;4
1338.0;4;11;7;15;53;8;5;12;5
1344.0;6;10;7;15;52;9;4;12;5
1350.0;6;9;6;14;52;10;5;13;5
1356.0;5;8;7;15;50;12;5;13;5
1362.0;6;8;7;15;49;12;5;13;5
1368.0;6;8;5;15;49;12;6;15;4
1374.0;6;8;4;15;50;12;6;15;4
1380.0;7;8;5;15;51;11;6;13;4
1386.0;4;8;7;16;50;11;8;12;4
1392.0;5;7;7;16;50;13;8;12;2
1398.0;7;6;7;16;48;13;9;12;2
1404.0;5;6;9;14;46;13;10;13;4
1410.0;5;9;11;12;46;12;8;14;3
1416.0;7;9;11;13;44;12;7;14;3
1422.0;7;9;12;16;45;10;7;10;4
1428.0;9;7;12;14;47;10;7;9;5
1434.0;9;7;11;14;47;11;6;9;6
1440.0;9;8;11;12;47;11;6;9;7
1446.0;9;9;10;13;47;11;5;9;7
1452.0;10;9;10;10;47;12;6;9;7
1458.0;10;10;11;10;46;10;6;9;8
1464.0;10;11;11;8;45;11;5;11;8
1470.0;9;11;10;9;46;11;5;11;8
1476.0;8;9;11;10;48;11;7;9;7
1482.0;8;10;10;10;47;10;7;10;8
1488.0;9;8;12;10;47;8;8;11;7
1494.0;10;5;12;10;46;8;10;11;8
1500.0;9;5;12;11;46;9;6;13;9
1506.0;8;4;10;10;46;11;7;14;10
1512.0;6;4;8;10;47;11;8;17;9
1518.0;7;5;9;11;46;10;8;17;7
1524.0;7;5;7;11;46;10;9;17;8
1530.0;8;5;6;12;46;10;9;16;8
1536.0;11;6;5;13;46;8;10;15;6
1542.0;12;7;5;13;46;9;7;15;6
1548.0;10;7;4;13;46;10;7;17;6
1554.0;11;7;4;15;45;8;6;17;7
1560.0;11;9;3;16;45;8;4;17;7
1566.0;11;8;4;15;45;9;3;17;8
1572.0;12;10;4;13;44;9;4;16;8
1578.0;11;10;3;15;44;9;4;15;9
1584.0;11;10;3;16;44;9;5;15;7
1590.0;10;11;4;17;44;9;4;14;7
1596.0;11;9;4;16;44;12;4;14;6
1602.0;9;8;5;16;45;12;5;13;7
1608.0;7;8;5;15;47;12;5;14;7
1614.0;6;8;6;16;46;13;5;14;6
1620.0;5;8;6;15;46;13;6;12;9
1626.0;5;8;7;15;45;13;6;12;9
1632.0;5;9;4;16;45;13;7;13;8
1638.0;5;9;8;14;45;15;8;11;5
1644.0;6;9;8;13;42;15;9;11;7
1650.0;5;8;7;14;43;15;9;11;8
1656.0;6;7;8;14;45;13;9;10;8
1662.0;6;8;7;15;45;12;9;10;8
1668.0;7;7;8;16;45;13;8;10;6
1674.0;6;7;8;16;45;12;8;9;9
1680.0;6;9;7;15;45;12;9;8;9
1686.0;6;12;6;15;45;11;9;8;8
1692.0;5;11;10;14;45;11;7;10;7
1698.0;5;11;9;14;45;10;8;11;7
1704.0;7;12;7;13;45;10;8;12;6
1710.0;6;12;8;14;45;10;8;11;6
1716.0;7;13;8;15;44;9;7;12;5
1722.0;8;13;8;13;45;9;7;13;4
1728.0;8;13;8;14;44;10;7;12;4
1734.0;7;12;8;13;46;9;6;13;6
1740.0;7;11;8;12;46;12;3;14;7
1746.0;7;12;8;11;45;12;4;14;7
1752.0;8;12;7;11;44;12;5;14;7
1758.0;6;13;6;11;44;11;6;15;8
1764.0;5;12;6;10;45;10;9;15;8
1770.0;6;10;6;10;45;11;8;14;10
1776.0;7;11;5;11;47;11;7;12;9
1782.0;7;11;5;10;47;11;8;12;9
1788.0;6;12;4;9;48;12;9;11;9
1794.0;6;13;4;8;48;12;8;12;9
