#auto generated file!
12.0;62;44;53;60;49;42;59;61;50
18.0;65;44;52;61;52;41;58;61;46
24.0;62;47;52;57;53;45;60;57;47
30.0;57;50;50;59;57;50;59;54;44
36.0;60;51;51;57;63;47;52;58;41
42.0;62;52;41;55;65;49;51;65;40
48.0;60;51;45;56;71;48;43;66;40
54.0;53;55;40;53;77;58;43;61;40
60.0;54;51;38;53;79;61;41;65;38
66.0;47;56;42;52;84;60;41;62;36
72.0;48;55;43;53;86;63;34;65;33
78.0;46;54;44;53;90;61;33;67;32
84.0;48;54;43;54;93;59;33;63;33
90.0;46;54;42;52;99;59;34;62;32
96.0;42;55;40;54;103;60;40;59;27
102.0;41;52;35;54;106;58;43;62;29
108.0;39;53;39;54;106;56;41;58;34
114.0;36;54;35;58;112;60;38;53;34
120.0;35;54;35;54;113;59;41;57;32
126.0;38;54;35;55;115;56;39;57;31
132.0;36;55;35;52;119;56;36;64;27
138.0;39;52;35;51;123;59;29;65;27
144.0;34;53;36;51;123;58;32;64;29
150.0;27;58;34;49;124;57;33;66;32
156.0;26;58;30;49;124;57;32;68;36
162.0;28;57;28;49;128;55;33;67;35
168.0;28;57;28;50;135;52;29;67;34
174.0;29;59;26;51;134;52;29;68;32
180.0;31;56;29;54;133;49;30;63;35
186.0;32;57;29;52;137;46;31;63;33
192.0;34;53;30;50;141;48;31;60;33
198.0;32;48;32;52;142;49;30;60;35
204.0;31;49;33;51;143;50;28;59;36
210.0;31;47;30;53;144;52;27;59;37
216.0;32;46;32;49;148;52;28;57;36
222.0;36;43;36;45;147;51;27;60;35
228.0;31;43;38;45;146;52;29;61;35
234.0;29;45;36;43;147;54;32;60;34
240.0;27;45;32;46;149;56;28;62;35
246.0;25;46;37;47;150;55;30;59;31
252.0;24;46;35;46;148;60;31;59;31
258.0;26;48;37;46;146;58;30;58;31
264.0;29;49;36;45;147;57;31;58;28
270.0;28;51;35;48;150;55;29;58;26
276.0;29;52;36;45;149;57;29;59;24
282.0;28;57;31;48;149;57;26;59;25
288.0;29;60;26;48;151;58;26;58;24
294.0;30;60;24;48;152;59;29;55;23
300.0;29;60;27;51;150;59;29;53;22
306.0;29;56;28;49;152;59;33;50;24
312.0;25;58;27;51;154;60;31;50;24
318.0;24;59;26;52;154;59;36;48;22
324.0;23;55;32;53;155;60;34;47;21
330.0;22;56;32;52;154;60;33;47;24
336.0;23;55;37;49;156;59;30;47;24
342.0;24;56;35;53;156;58;26;48;24
348.0;21;60;36;55;158;56;26;50;18
354.0;21;54;34;56;161;59;25;49;21
360.0;20;56;34;56;159;53;26;55;21
366.0;20;54;32;57;160;56;26;55;20
372.0;22;53;32;57;161;55;25;53;22
378.0;21;55;31;59;162;54;24;50;24
384.0;18;59;33;58;162;54;20;52;24
390.0;18;58;37;57;162;51;21;56;20
396.0;17;59;37;56;161;49;25;54;22
402.0;15;61;38;51;165;50;23;54;23
408.0;17;60;40;54;166;51;20;52;20
414.0;14;58;41;51;170;50;21;55;20
420.0;16;60;40;53;171;50;19;52;19
426.0;15;62;40;56;173;48;17;51;18
432.0;16;62;39;58;172;49;15;51;18
438.0;16;63;37;58;169;47;17;51;22
444.0;18;64;35;61;167;49;20;46;20
450.0;18;64;31;58;170;48;24;48;19
456.0;19;63;34;56;174;47;21;50;16
462.0;23;64;33;54;171;50;20;48;17
468.0;24;62;33;56;168;51;21;49;16
474.0;27;60;29;55;171;51;23;49;15
480.0;27;59;31;57;170;50;21;48;17
486.0;25;61;32;56;171;48;21;50;16
492.0;26;60;32;55;171;54;19;49;14
498.0;27;58;35;54;168;53;21;51;13
504.0;28;56;34;52;170;51;23;52;14
510.0;31;55;30;51;171;50;25;52;15
516.0;31;55;30;49;172;51;26;51;15
522.0;31;54;25;52;173;52;28;50;15
528.0;32;50;28;47;171;54;27;53;18
534.0;29;47;30;48;168;55;27;56;20
540.0;31;49;33;50;167;52;23;55;20
546.0;33;48;31;50;167;52;23;55;21
552.0;34;50;29;50;165;55;19;58;20
558.0;34;52;30;50;162;55;21;55;21
564.0;36;52;28;47;162;56;25;55;19
570.0;35;53;31;47;158;54;29;53;20
576.0;33;54;35;45;155;56;29;54;19
582.0;29;58;38;44;156;56;29;53;17
588.0;29;58;36;46;156;55;26;55;19
594.0;29;57;38;47;153;52;27;55;22
600.0;26;61;37;45;156;53;27;53;22
606.0;24;60;34;48;156;56;26;56;20
612.0;22;62;29;48;158;53;26;55;27
618.0;22;60;29;46;158;52;27;56;30
624.0;22;61;29;51;160;50;27;53;27
630.0;22;59;30;49;160;51;30;52;27
636.0;21;59;28;47;164;52;29;54;26
642.0;21;59;30;45;161;53;29;56;26
648.0;23;62;31;46;164;52;25;54;23
654.0;25;63;32;46;163;54;24;50;23
660.0;27;61;31;45;166;54;22;49;25
666.0;26;57;32;47;164;54;26;52;22
672.0;20;56;35;44;166;56;29;52;22
678.0;23;57;31;45;170;52;27;53;22
684.0;25;54;33;47;169;49;26;52;25
690.0;23;52;32;45;171;54;27;52;24
696.0;21;48;32;47;172;52;31;49;28
702.0;21;49;32;48;174;50;29;51;26
708.0;22;45;31;52;175;49;30;51;25
714.0;22;44;29;53;178;46;29;51;28
720.0;23;45;31;49;176;49;29;50;28
726.0;25;43;32;47;177;48;31;48;29
732.0;27;42;30;48;176;47;33;48;29
738.0;28;41;29;47;178;49;29;48;31
744.0;24;41;30;47;177;49;30;49;33
750.0;24;43;32;44;175;54;29;47;32
756.0;27;42;32;42;173;54;28;48;34
762.0;28;41;29;43;176;50;30;49;34
768.0;29;43;28;43;174;54;26;51;32
774.0;28;47;30;42;176;52;23;51;31
780.0;26;48;27;45;174;55;24;51;30
786.0;26;44;30;48;179;52;23;49;29
792.0;23;45;28;47;175;54;25;51;32
798.0;19;47;26;53;177;50;27;50;31
804.0;17;45;25;55;179;52;25;52;30
810.0;20;50;25;52;178;53;22;51;29
816.0;23;51;27;52;177;51;22;52;25
822.0;24;50;28;53;179;55;23;48;20
828.0;24;48;25;54;179;57;27;46;20
834.0;24;49;27;55;180;52;26;45;22
840.0;21;50;26;53;182;51;23;51;23
846.0;18;47;27;51;185;54;19;52;27
852.0;19;46;25;52;184;55;20;54;25
858.0;19;47;24;53;185;54;22;53;23
864.0;16;48;24;53;187;51;23;53;25
870.0;16;47;25;53;185;50;24;55;25
876.0;18;47;25;56;187;45;25;53;24
882.0;15;47;25;56;188;48;26;52;23
888.0;14;45;26;55;191;45;26;51;27
894.0;17;42;32;54;192;41;25;50;27
900.0;20;43;33;49;193;42;26;51;23
906.0;24;43;30;50;190;44;27;52;20
912.0;22;43;31;51;188;43;26;54;22
918.0;21;42;28;51;189;46;25;54;24
924.0;17;42;27;55;191;45;27;54;22
930.0;18;42;26;57;193;41;26;54;23
936.0;21;44;25;55;195;40;24;54;22
942.0;21;43;25;53;196;41;25;56;20
948.0;21;44;24;55;196;39;23;57;21
954.0;26;40;23;52;198;42;24;55;20
960.0;26;39;23;56;196;41;24;54;21
966.0;24;39;20;57;197;42;23;53;25
972.0;20;40;20;58;196;41;27;53;25
978.0;21;41;18;60;195;39;28;54;24
984.0;22;38;17;64;198;35;27;53;26
990.0;20;40;15;65;199;36;28;51;26
996.0;27;39;13;67;197;38;27;51;21
1002.0;26;38;13;67;199;38;25;52;22
1008.0;24;37;15;62;202;40;26;50;24
1014.0;26;38;15;62;201;41;26;47;24
1020.0;24;39;18;62;201;42;25;45;24
1026.0;27;39;18;60;200;45;25;43;23
1032.0;27;43;19;58;197;45;25;44;22
1038.0;25;47;23;61;195;43;24;42;20
1044.0;27;47;24;57;195;42;24;43;21
1050.0;27;50;24;52;197;44;22;40;24
1056.0;22;50;26;53;196;43;25;39;26
1062.0;22;50;26;50;197;42;25;43;25
1068.0;25;51;26;48;196;41;25;43;25
1074.0;23;56;24;50;198;38;23;41;27
1080.0;25;52;28;50;198;38;22;40;27
1086.0;27;51;27;51;198;37;23;40;26
1092.0;28;52;26;53;197;34;21;43;26
1098.0;31;53;27;51;196;38;20;42;22
1104.0;27;52;27;51;197;38;23;40;25
1110.0;28;52;28;48;198;38;22;41;25
1116.0;29;53;27;47;197;36;24;39;28
1122.0;23;52;28;50;202;36;24;40;25
1128.0;25;56;28;51;204;34;20;37;25
1134.0;24;54;31;51;203;35;20;37;25
1140.0;23;54;33;50;203;33;20;36;28
1146.0;27;52;30;47;204;32;22;37;29
1152.0;29;55;27;45;206;31;20;39;28
1158.0;30;55;24;44;205;31;21;39;31
1164.0;26;51;27;43;209;31;23;39;31
1170.0;29;50;26;43;210;31;26;36;29
1176.0;26;48;31;43;206;32;27;39;28
1182.0;23;47;29;44;206;38;23;39;31
1188.0;23;46;31;42;207;43;24;37;27
1194.0;27;48;26;44;206;40;26;36;27
1200.0;26;48;21;45;208;44;27;37;24
1206.0;23;49;22;44;211;43;26;39;23
1212.0;20;46;23;45;209;43;27;43;24
1218.0;21;40;22;45;212;43;28;45;24
1224.0;20;41;26;44;208;43;27;47;24
1230.0;22;43;24;42;209;42;29;47;22
1236.0;23;48;22;41;203;43;28;52;20
1242.0;24;46;20;40;203;46;27;54;20
1248.0;25;41;22;44;204;46;30;52;16
1254.0;24;42;22;44;205;47;32;49;15
1260.0;23;44;23;44;203;47;30;51;15
1266.0;20;44;24;42;207;46;31;51;15
1272.0;18;44;22;37;205;52;31;56;15
1278.0;18;45;22;39;206;53;30;54;13
1284.0;20;47;19;38;205;51;32;54;14
1290.0;24;46;18;41;203;50;29;53;16
1296.0;24;48;19;41;203;48;30;53;14
1302.0;23;47;25;37;201;51;29;54;13
1308.0;21;45;26;35;203;51;30;56;13
1314.0;24;44;22;38;204;48;29;62;9
1320.0;27;39;21;40;205;47;30;64;7
1326.0;26;37;20;42;207;48;30;63;7
1332.0;27;40;21;40;206;48;29;61;8
1338.0;26;38;22;40;206;47;25;67;9
1344.0;26;36;22;44;202;48;26;65;11
1350.0;25;33;22;48;202;48;24;65;13
1356.0;28;38;17;52;202;46;23;61;13
1362.0;27;37;18;51;203;47;20;62;15
1368.0;27;36;18;49;202;47;20;64;17
1374.0;26;34;22;48;203;48;20;64;15
1380.0;26;35;21;48;205;46;19;64;16
1386.0;27;35;23;48;206;43;18;62;18
1392.0;21;40;21;48;206;39;19;67;19
1398.0;22;38;21;49;205;39;20;69;17
1404.0;23;43;21;46;205;37;20;71;14
1410.0;21;41;22;46;204;39;17;75;15
1416.0;21;41;22;46;205;40;17;74;14
1422.0;20;46;25;45;203;38;16;74;13
1428.0;22;47;22;43;203;39;16;74;14
1434.0;22;50;22;40;204;38;16;73;15
1440.0;20;51;22;40;203;39;17;70;18
1446.0;22;47;27;38;202;38;17;70;19
1452.0;24;47;26;43;202;39;17;63;19
1458.0;23;51;25;44;204;37;17;60;19
1464.0;26;49;24;40;206;37;17;58;23
1470.0;25;49;23;39;206;38;20;59;21
1476.0;25;49;20;38;208;40;19;59;22
1482.0;24;51;19;35;206;42;22;60;21
1488.0;23;51;18;33;209;41;24;61;20
1494.0;24;51;18;33;211;40;23;60;20
1500.0;23;52;18;34;211;38;23;60;21
1506.0;23;53;17;34;208;41;25;59;20
1512.0;24;53;18;36;212;39;21;56;21
1518.0;22;57;20;32;212;38;18;59;22
1524.0;25;53;19;34;212;36;18;58;25
1530.0;26;57;19;34;208;35;17;61;23
1536.0;26;57;19;34;207;35;20;61;21
1542.0;28;61;18;33;208;35;17;60;20
1548.0;28;60;22;36;209;33;12;58;22
1554.0;27;60;22;38;211;29;17;52;24
1560.0;23;58;20;40;213;32;22;52;20
1566.0;21;53;22;42;217;31;21;52;21
1572.0;21;54;22;40;217;29;23;52;22
1578.0;22;57;18;40;218;31;23;53;18
1584.0;22;55;18;40;217;29;28;53;18
1590.0;28;57;16;38;215;30;25;52;19
1596.0;28;56;15;37;213;30;25;52;24
1602.0;21;55;16;38;211;34;26;54;25
1608.0;20;52;14;37;213;37;27;55;25
1614.0;21;49;16;37;215;37;28;53;24
1620.0;23;45;18;38;215;37;28;54;22
1626.0;24;45;17;36;216;39;27;54;22
1632.0;23;47;18;34;220;37;24;56;21
1638.0;26;47;20;34;220;38;25;54;16
1644.0;24;48;20;35;224;36;20;59;14
1650.0;22;48;19;37;225;36;21;58;14
1656.0;18;48;18;38;225;35;25;58;15
1662.0;23;51;19;36;221;32;25;58;15
1668.0;23;51;18;36;221;33;27;55;16
1674.0;25;50;17;35;221;35;28;54;15
1680.0;24;45;21;33;220;37;31;55;14
1686.0;27;45;20;33;219;38;30;52;16
1692.0;27;45;21;37;215;37;28;55;15
1698.0;27;45;21;40;217;38;26;52;14
1704.0;26;44;26;40;213;39;29;47;16
1710.0;28;43;29;41;213;40;27;45;14
1716.0;28;42;31;39;214;42;26;45;13
1722.0;29;41;28;40;214;39;26;47;16
1728.0;27;42;33;37;215;40;21;50;15
1734.0;27;40;32;36;218;42;17;51;17
1740.0;27;39;29;41;215;43;19;51;16
1746.0;29;38;27;38;213;43;23;51;18
1752.0;30;37;27;38;214;41;24;48;21
1758.0;32;32;25;39;215;38;28;47;24
1764.0;35;32;22;37;214;40;30;44;26
1770.0;34;34;23;41;212;36;29;44;27
1776.0;40;34;25;40;212;34;27;44;24
1782.0;39;33;25;38;211;38;22;50;24
1788.0;39;34;27;39;211;36;20;49;25
1794.0;35;32;28;36;213;35;23;49;29
