#auto generated file!
12.0;13;15;10;13;13;4;11;13;18
18.0;12;15;10;14;14;6;11;13;15
24.0;14;13;9;16;14;8;10;14;12
30.0;12;14;6;17;14;8;11;16;12
36.0;13;12;5;17;16;9;11;17;10
42.0;12;11;6;15;18;11;8;16;13
48.0;12;9;7;13;19;12;8;18;12
54.0;9;11;8;13;20;12;8;18;11
60.0;10;12;8;13;21;10;7;20;9
66.0;10;11;10;13;21;10;7;19;9
72.0;10;9;9;14;22;10;7;20;9
78.0;9;9;8;15;24;11;7;21;6
84.0;9;11;8;14;24;13;7;18;6
90.0;8;10;9;14;24;14;7;17;7
96.0;7;10;9;14;25;13;9;18;5
102.0;7;11;9;14;24;14;7;17;7
108.0;7;11;9;15;23;12;8;17;8
114.0;7;12;8;14;25;13;8;16;7
120.0;5;12;9;14;25;15;8;16;6
126.0;5;13;9;14;25;15;7;16;6
132.0;5;13;9;13;26;14;8;17;5
138.0;6;10;12;12;26;16;8;16;4
144.0;6;11;15;11;25;14;9;15;4
150.0;5;11;14;9;26;16;9;16;4
156.0;7;12;13;10;27;14;9;15;3
162.0;8;12;10;10;29;15;8;16;2
168.0;7;13;11;10;32;12;7;17;1
174.0;8;13;8;10;33;11;7;17;3
180.0;6;13;7;11;33;11;5;20;4
186.0;6;14;6;12;34;11;4;19;4
192.0;7;15;5;14;33;11;4;18;3
198.0;7;16;8;12;33;10;5;16;3
204.0;8;14;10;10;35;10;4;16;3
210.0;7;13;7;10;36;10;5;18;4
216.0;6;12;7;10;38;10;6;17;4
222.0;5;12;7;11;38;10;5;18;4
228.0;5;10;8;11;40;11;4;18;3
234.0;5;10;7;12;39;9;7;18;3
240.0;5;10;5;11;39;9;7;20;4
246.0;5;10;8;12;37;9;8;19;2
252.0;8;10;8;11;37;8;8;18;2
258.0;7;11;8;13;37;8;6;18;2
264.0;10;10;7;11;37;9;6;18;2
270.0;9;9;6;10;39;9;8;17;3
276.0;9;9;7;11;39;8;7;17;3
282.0;10;9;7;12;39;8;6;15;4
288.0;8;9;9;12;39;8;7;16;2
294.0;7;9;8;13;38;8;7;18;2
300.0;5;9;9;14;38;8;6;19;2
306.0;4;8;9;15;38;8;5;20;3
312.0;4;7;9;15;38;8;6;21;2
318.0;4;6;9;17;38;7;8;18;3
324.0;5;6;10;14;34;10;8;19;4
330.0;3;9;10;14;34;9;9;18;4
336.0;3;10;8;15;34;10;8;18;4
342.0;3;9;7;15;35;11;10;16;4
348.0;3;9;6;14;36;10;10;16;6
354.0;4;9;5;13;37;10;9;18;5
360.0;6;9;5;13;38;10;9;16;4
366.0;7;7;6;13;38;10;8;16;5
372.0;7;7;5;12;39;11;8;16;5
378.0;5;7;6;13;38;11;8;16;6
384.0;4;7;7;13;38;11;10;14;6
390.0;4;8;8;12;37;11;10;14;6
396.0;5;8;9;13;36;11;10;12;6
402.0;7;6;8;13;36;11;11;12;6
408.0;6;7;8;12;37;12;13;10;5
414.0;5;7;9;13;37;12;11;10;6
420.0;2;7;8;16;38;12;11;10;6
426.0;3;6;7;17;37;13;10;10;7
432.0;4;5;6;13;37;12;10;10;13
438.0;2;6;6;14;37;10;11;12;12
444.0;2;5;6;12;38;10;13;12;12
450.0;2;6;6;11;38;11;13;13;10
456.0;3;7;6;12;38;10;13;12;9
462.0;3;8;7;11;38;10;14;11;8
468.0;4;7;7;10;38;10;15;10;9
474.0;5;9;6;11;36;10;14;10;9
480.0;5;8;6;11;35;11;14;11;9
486.0;5;8;6;11;36;12;12;10;10
492.0;4;9;5;11;36;10;13;12;10
498.0;3;11;5;12;35;11;12;13;8
504.0;3;10;6;11;34;12;13;13;8
510.0;4;9;6;11;33;12;14;13;8
516.0;3;9;7;11;34;12;13;13;8
522.0;4;9;8;11;33;10;14;14;7
528.0;4;9;8;11;33;10;14;14;7
534.0;4;9;8;10;33;11;12;16;7
540.0;4;11;7;9;36;12;12;15;4
546.0;5;11;6;9;37;12;9;16;5
552.0;4;12;6;9;38;11;10;14;6
558.0;4;12;6;9;39;11;10;13;6
564.0;4;12;7;9;39;10;10;13;6
570.0;4;12;8;9;38;10;10;13;6
576.0;6;12;8;9;38;10;10;11;6
582.0;6;12;7;11;38;12;10;10;4
588.0;5;11;7;14;38;10;11;10;4
594.0;5;10;7;16;38;10;10;10;4
600.0;5;9;7;17;39;11;6;12;4
606.0;5;8;7;17;38;11;6;13;5
612.0;5;7;10;15;39;12;7;11;4
618.0;3;7;10;16;39;13;6;11;5
624.0;2;9;7;16;39;14;6;11;6
630.0;2;8;9;13;40;14;6;12;6
636.0;2;7;8;11;42;15;6;12;7
642.0;2;7;7;10;44;15;5;13;7
648.0;4;6;7;9;45;14;4;13;8
654.0;4;8;7;9;44;13;4;12;9
660.0;5;9;7;7;44;11;7;12;8
666.0;6;10;6;6;45;11;7;12;7
672.0;7;9;6;6;45;11;8;11;7
678.0;7;9;6;7;46;11;7;11;6
684.0;7;10;6;7;45;11;6;13;5
690.0;7;9;6;8;45;12;6;12;5
696.0;6;7;7;7;45;11;7;15;5
702.0;5;8;7;8;44;10;6;16;6
708.0;5;9;7;9;44;9;6;16;5
714.0;6;9;6;9;44;8;7;17;4
720.0;6;9;5;9;43;8;8;16;6
726.0;6;10;5;9;43;7;8;16;6
732.0;5;11;6;9;44;8;6;16;5
738.0;5;10;7;9;44;7;6;17;5
744.0;6;10;6;10;44;7;6;16;5
750.0;6;9;6;11;44;7;6;16;5
756.0;7;9;7;10;43;6;6;16;6
762.0;7;9;6;11;43;7;4;18;5
768.0;7;9;6;12;44;5;4;17;6
774.0;7;8;7;11;45;5;6;16;5
780.0;7;8;6;11;46;5;5;16;6
786.0;5;9;6;11;46;5;7;15;6
792.0;7;10;6;9;45;5;9;14;5
798.0;6;11;6;8;45;7;7;14;6
804.0;6;11;6;7;46;7;6;15;6
810.0;6;12;7;8;46;5;4;16;6
816.0;7;10;6;7;47;5;3;19;6
822.0;7;9;5;6;48;5;6;19;5
828.0;8;9;5;6;49;6;4;18;5
834.0;8;10;3;9;49;7;3;17;4
840.0;9;10;3;8;49;7;2;16;6
846.0;12;8;4;5;49;8;0;16;8
852.0;9;11;2;6;50;7;2;15;8
858.0;9;11;3;6;50;7;1;16;7
864.0;8;11;4;5;51;6;1;17;7
870.0;9;12;4;5;51;7;2;14;6
876.0;8;13;6;7;49;7;2;14;4
882.0;7;12;7;8;49;7;2;14;4
888.0;6;11;4;8;48;9;3;15;6
894.0;6;11;4;7;48;9;3;15;7
900.0;6;12;4;8;48;8;2;15;7
906.0;6;13;3;8;49;8;2;15;6
912.0;6;12;3;7;51;9;2;14;6
918.0;8;12;3;6;50;9;3;12;7
924.0;7;14;5;6;50;8;2;12;6
930.0;5;15;4;6;51;9;2;12;6
936.0;5;14;4;7;50;10;3;11;6
942.0;6;13;5;7;49;10;3;12;5
948.0;7;13;6;6;48;11;3;12;4
954.0;7;13;6;6;49;12;3;9;5
960.0;8;13;6;6;49;10;2;11;5
966.0;8;13;6;6;49;10;3;10;5
972.0;6;13;7;6;48;11;4;10;5
978.0;6;12;6;5;46;14;6;10;5
984.0;6;12;6;5;47;14;4;11;5
990.0;6;11;6;6;47;13;4;11;6
996.0;6;11;6;6;48;13;4;11;5
1002.0;6;12;8;7;50;11;3;10;3
1008.0;7;12;7;7;49;12;3;10;3
1014.0;7;13;6;7;50;11;4;9;3
1020.0;5;13;6;8;50;10;5;10;3
1026.0;4;12;4;9;50;10;7;12;2
1032.0;4;12;4;10;51;10;6;11;2
1038.0;4;12;5;9;50;11;5;12;2
1044.0;4;13;5;10;49;10;5;12;2
1050.0;4;12;5;9;49;10;4;13;4
1056.0;5;12;6;9;49;8;5;12;4
1062.0;5;12;5;9;49;8;6;11;5
1068.0;5;12;5;8;50;8;6;11;5
1074.0;5;11;6;8;50;8;6;11;5
1080.0;5;11;6;9;51;5;8;11;4
1086.0;6;12;5;10;48;6;8;11;4
1092.0;5;14;5;10;46;8;8;10;4
1098.0;5;15;5;8;48;8;8;10;3
1104.0;5;14;6;9;48;8;6;11;3
1110.0;5;14;7;9;47;8;6;11;3
1116.0;6;14;5;9;47;9;6;11;3
1122.0;6;14;5;7;48;10;6;11;3
1128.0;5;16;5;7;47;12;5;11;2
1134.0;5;15;5;7;46;12;6;10;4
1140.0;6;14;5;7;46;12;6;10;4
1146.0;5;13;5;7;48;12;6;10;4
1152.0;7;13;6;7;50;9;5;9;4
1158.0;5;13;5;7;50;9;5;11;5
1164.0;5;13;5;7;51;9;4;11;5
1170.0;5;14;8;6;49;8;4;11;5
1176.0;4;12;8;7;48;8;6;12;5
1182.0;6;12;6;7;47;8;7;12;5
1188.0;4;12;7;7;48;8;8;11;5
1194.0;4;10;6;7;48;9;7;12;7
1200.0;3;11;6;7;49;9;5;13;7
1206.0;3;10;7;8;49;9;4;13;7
1212.0;3;9;6;9;48;11;5;11;8
1218.0;3;9;5;9;48;11;5;12;8
1224.0;3;8;7;9;48;10;5;12;8
1230.0;3;8;8;9;48;9;5;12;8
1236.0;4;8;7;10;47;9;5;13;7
1242.0;5;9;7;12;45;9;5;12;6
1248.0;5;9;6;13;45;9;5;13;5
1254.0;5;10;6;11;46;9;6;12;5
1260.0;5;10;6;11;45;9;6;12;6
1266.0;4;11;5;12;44;10;6;13;5
1272.0;5;12;3;11;43;11;6;14;5
1278.0;6;12;3;11;42;12;6;13;5
1284.0;5;11;2;12;42;12;6;15;5
1290.0;4;11;3;11;43;11;8;14;5
1296.0;4;11;2;11;44;11;7;14;6
1302.0;4;11;4;13;43;11;7;12;5
1308.0;4;10;3;14;43;11;7;12;6
1314.0;5;10;3;14;43;11;8;12;4
1320.0;4;12;5;14;43;10;7;11;4
1326.0;5;9;6;13;45;10;6;10;6
1332.0;3;10;6;15;45;9;6;10;6
1338.0;3;9;6;14;46;11;5;11;5
1344.0;4;9;5;13;46;12;5;10;6
1350.0;5;9;4;13;47;11;4;11;6
1356.0;3;8;4;14;47;11;6;10;7
1362.0;4;10;4;14;47;10;7;10;4
1368.0;5;8;5;14;48;10;6;11;3
1374.0;5;8;4;14;48;11;6;11;3
1380.0;4;8;5;13;48;11;6;12;3
1386.0;2;9;3;13;50;11;7;12;3
1392.0;2;9;4;13;49;11;7;12;3
1398.0;2;9;4;12;51;10;7;11;4
1404.0;2;10;6;11;50;10;7;10;4
1410.0;2;11;6;10;51;9;7;10;4
1416.0;2;12;6;10;51;8;6;11;4
1422.0;2;12;7;10;51;8;6;11;3
1428.0;2;12;6;11;53;8;5;10;3
1434.0;3;11;6;9;54;8;5;10;4
1440.0;4;11;6;9;54;8;4;11;3
1446.0;4;11;5;9;54;7;4;11;5
1452.0;5;10;4;9;53;9;4;11;5
1458.0;5;9;4;9;54;10;4;10;5
1464.0;5;8;3;9;55;10;4;12;4
1470.0;5;9;1;8;56;10;5;12;4
1476.0;6;9;1;8;55;10;6;10;5
1482.0;5;9;1;8;54;11;6;11;5
1488.0;4;9;1;9;53;11;7;11;5
1494.0;5;9;2;9;53;11;6;11;4
1500.0;5;7;2;8;54;11;7;11;5
1506.0;4;7;3;9;54;12;7;10;4
1512.0;2;7;3;9;52;13;7;11;6
1518.0;2;8;2;7;52;13;7;12;7
1524.0;2;9;2;7;51;14;6;11;8
1530.0;2;9;3;7;51;15;4;12;7
1536.0;2;8;3;7;52;15;4;11;8
1542.0;2;7;5;7;53;15;4;10;7
1548.0;2;6;6;8;53;15;4;10;6
1554.0;2;7;6;8;55;16;2;8;6
1560.0;2;8;7;7;56;15;1;8;6
1566.0;2;8;7;7;56;15;1;8;6
1572.0;6;8;6;7;54;14;0;8;7
1578.0;7;8;5;6;55;13;2;8;6
1584.0;5;8;4;7;55;14;2;9;6
1590.0;4;9;4;5;55;15;2;10;6
1596.0;4;9;3;4;57;17;1;9;6
1602.0;4;8;2;5;58;16;2;9;6
1608.0;5;8;3;5;58;15;2;8;6
1614.0;5;8;4;5;58;14;2;7;7
1620.0;3;8;4;6;57;14;2;7;9
1626.0;4;6;4;6;56;14;3;9;8
1632.0;4;6;2;6;56;15;4;9;8
1638.0;4;6;2;5;57;16;4;10;6
1644.0;4;5;2;5;56;15;5;11;7
1650.0;4;6;2;5;56;14;5;11;7
1656.0;4;6;2;5;56;14;6;11;6
1662.0;4;6;2;5;58;12;7;11;5
1668.0;6;6;4;4;58;11;6;10;5
1674.0;5;6;4;4;59;11;6;10;5
1680.0;6;6;4;4;58;10;6;10;6
1686.0;6;6;4;5;59;9;5;10;6
1692.0;6;6;4;4;60;8;6;11;5
1698.0;8;7;5;5;60;8;5;11;1
1704.0;8;7;4;4;62;8;5;11;1
1710.0;9;8;3;5;62;8;4;10;1
1716.0;9;8;3;4;63;7;5;9;2
1722.0;9;8;3;4;65;6;4;9;2
1728.0;8;10;1;4;67;5;4;9;2
1734.0;8;10;1;4;67;5;4;9;2
1740.0;7;11;1;4;66;5;4;9;3
1746.0;7;11;1;5;66;5;4;8;3
1752.0;9;11;1;7;66;4;1;8;3
1758.0;9;11;1;7;67;4;1;7;3
1764.0;8;12;2;6;67;5;1;6;3
1770.0;7;12;2;5;68;5;2;7;2
1776.0;8;12;2;5;68;5;2;7;1
1782.0;8;11;3;4;67;5;2;7;3
1788.0;8;10;3;4;68;5;2;7;3
1794.0;7;12;3;4;67;5;2;7;3
