#auto generated file!
12.0;47;59;57;49;54;50;56;61;57
18.0;45;58;63;51;59;52;48;59;55
24.0;44;60;61;53;62;52;49;61;48
30.0;43;58;61;55;67;52;46;61;47
36.0;42;58;54;53;73;52;49;61;48
42.0;40;63;49;59;78;51;44;61;45
48.0;39;61;51;54;78;55;45;64;43
54.0;34;63;50;53;84;55;40;66;45
60.0;38;64;46;47;88;56;40;67;44
66.0;35;64;45;52;90;55;37;66;46
72.0;39;69;42;52;92;52;37;66;41
78.0;36;68;44;52;95;53;36;66;40
84.0;35;67;42;51;98;54;36;65;42
90.0;34;68;41;52;103;54;37;59;42
96.0;31;68;37;55;103;56;38;60;42
102.0;34;69;39;57;104;51;32;60;44
108.0;36;68;35;57;107;51;32;60;44
114.0;38;64;34;58;108;52;33;57;46
120.0;37;66;35;57;113;51;32;56;43
126.0;31;66;40;58;117;50;34;55;39
132.0;32;64;41;60;118;47;33;56;39
138.0;34;65;43;55;119;48;37;55;34
144.0;32;63;43;56;121;51;33;58;33
150.0;31;65;37;57;123;53;31;59;34
156.0;30;66;40;56;126;52;32;55;33
162.0;31;66;33;53;127;49;36;60;35
168.0;30;71;30;52;126;52;33;60;36
174.0;30;75;32;45;128;53;33;59;35
180.0;29;74;28;47;127;57;33;57;38
186.0;28;71;31;46;131;57;32;56;38
192.0;26;73;31;44;130;61;29;60;36
198.0;26;70;31;42;132;64;27;62;36
204.0;25;65;31;45;137;69;25;62;31
210.0;22;66;28;44;141;67;28;65;29
216.0;26;66;28;44;140;63;29;67;27
222.0;26;68;30;47;141;65;27;62;24
228.0;27;72;30;47;142;62;26;60;24
234.0;27;71;33;45;143;60;24;61;26
240.0;26;72;31;42;145;63;27;58;26
246.0;29;71;30;42;143;58;30;60;27
252.0;30;70;29;43;147;59;28;57;27
258.0;31;66;28;41;147;60;31;56;30
264.0;29;64;26;43;151;61;34;55;27
270.0;25;66;27;42;153;59;31;59;28
276.0;22;62;26;42;159;58;33;61;27
282.0;23;61;27;40;160;59;32;62;26
288.0;24;61;29;41;164;55;31;64;21
294.0;23;59;28;38;165;56;32;68;21
300.0;25;57;28;37;165;55;32;66;25
306.0;23;54;28;38;167;57;33;66;24
312.0;25;56;26;37;170;57;33;65;21
318.0;25;58;28;34;172;55;32;63;23
324.0;25;59;28;38;174;52;29;64;21
330.0;21;59;28;38;176;50;31;64;23
336.0;21;59;28;38;181;50;30;61;22
342.0;22;59;28;37;182;46;30;63;23
348.0;20;58;29;37;184;47;32;65;18
354.0;21;60;28;37;183;44;34;66;17
360.0;22;58;27;38;189;42;36;63;15
366.0;26;60;28;37;187;42;35;60;15
372.0;28;61;31;38;188;38;32;58;16
378.0;32;57;33;41;184;40;34;54;15
384.0;32;56;34;42;182;44;30;55;15
390.0;32;55;33;44;185;43;30;53;15
396.0;33;52;32;53;184;42;28;53;13
402.0;31;51;34;54;185;42;27;52;14
408.0;31;54;32;53;184;42;26;55;13
414.0;29;54;32;53;184;40;29;58;11
420.0;28;54;27;52;188;42;29;59;11
426.0;25;56;27;54;191;39;28;55;15
432.0;24;58;27;52;194;38;28;53;16
438.0;21;57;32;54;193;36;25;53;19
444.0;21;55;33;54;193;36;24;55;19
450.0;18;56;36;55;191;35;24;56;19
456.0;20;59;35;56;191;33;24;52;20
462.0;21;56;36;54;192;34;24;51;22
468.0;22;55;37;56;189;38;24;49;20
474.0;22;55;35;56;189;36;25;51;21
480.0;20;53;38;58;188;40;24;48;21
486.0;21;52;36;61;191;43;23;46;17
492.0;26;49;35;57;193;44;23;46;17
498.0;25;46;33;61;195;42;21;50;17
504.0;27;46;28;60;199;43;20;49;18
510.0;27;42;30;62;201;43;23;45;17
516.0;30;43;27;61;202;44;25;44;14
522.0;28;45;27;62;203;42;24;46;13
528.0;29;43;28;61;207;42;20;46;14
534.0;30;39;30;61;206;41;22;46;15
540.0;30;42;30;58;210;38;24;44;14
546.0;27;39;28;57;209;34;27;48;21
552.0;26;36;24;57;208;38;28;51;22
558.0;23;41;27;52;206;38;29;51;23
564.0;23;42;28;51;203;38;29;53;23
570.0;24;42;27;49;202;37;29;57;23
576.0;22;43;26;51;204;39;24;57;24
582.0;22;45;23;49;207;40;25;57;22
588.0;23;43;19;49;209;42;27;56;22
594.0;21;43;20;49;210;40;28;57;22
600.0;16;44;20;49;213;40;28;54;26
606.0;16;45;22;52;212;37;26;55;25
612.0;16;46;24;52;212;38;23;54;25
618.0;17;48;26;52;207;39;21;54;26
624.0;14;48;27;55;206;37;20;53;30
630.0;15;48;26;54;204;36;19;59;29
636.0;15;47;27;49;207;38;21;57;29
642.0;14;50;27;53;208;39;17;55;27
648.0;15;46;28;53;205;40;18;57;28
654.0;16;47;25;55;204;41;17;55;30
660.0;20;46;24;55;208;39;19;52;27
666.0;20;49;22;52;210;41;18;51;27
672.0;22;48;28;48;212;39;18;48;27
678.0;21;47;26;51;213;41;17;47;27
684.0;18;45;25;52;214;42;19;48;27
690.0;16;44;27;51;213;39;22;52;26
696.0;18;47;25;50;210;39;20;53;28
702.0;18;50;22;51;210;40;21;52;26
708.0;20;45;26;50;210;39;20;54;26
714.0;22;40;26;47;212;40;22;53;28
720.0;23;39;25;44;216;41;19;55;28
726.0;22;39;29;44;218;38;18;55;27
732.0;24;39;28;45;219;39;16;55;25
738.0;23;39;27;45;213;40;18;58;27
744.0;22;37;27;45;214;40;18;57;30
750.0;24;40;33;43;212;38;21;49;30
756.0;24;42;30;50;214;38;21;43;28
762.0;25;42;26;52;214;38;22;42;29
768.0;28;42;25;51;214;37;22;43;28
774.0;27;43;24;51;213;38;20;46;28
780.0;25;43;24;51;217;35;19;50;26
786.0;23;47;23;50;218;33;20;49;27
792.0;22;48;20;50;218;34;19;48;31
798.0;25;51;19;52;218;35;18;43;29
804.0;22;50;19;53;215;34;20;46;31
810.0;22;53;18;48;214;37;21;48;29
816.0;21;57;16;45;212;36;24;49;30
822.0;21;54;17;46;210;37;24;49;32
828.0;23;51;19;43;214;37;23;49;31
834.0;22;52;19;42;214;37;23;50;31
840.0;24;52;18;39;214;36;26;48;33
846.0;26;53;19;40;213;33;27;46;33
852.0;26;53;18;37;218;34;24;47;33
858.0;26;55;17;38;224;33;22;47;28
864.0;25;55;17;36;227;33;22;48;27
870.0;26;57;19;38;229;30;20;48;23
876.0;27;55;20;42;225;33;21;50;17
882.0;26;54;24;43;220;33;21;52;17
888.0;32;51;24;42;219;33;18;53;18
894.0;27;51;20;40;223;33;21;55;20
900.0;27;50;18;42;222;35;21;53;22
906.0;29;51;20;42;223;35;19;51;20
912.0;26;52;20;44;222;34;20;52;20
918.0;27;53;20;46;222;33;17;52;20
924.0;25;54;18;48;220;33;16;55;21
930.0;24;55;21;47;217;33;18;55;20
936.0;21;54;20;46;216;35;20;56;22
942.0;23;56;22;41;216;36;21;54;21
948.0;23;58;22;42;213;39;20;53;20
954.0;26;57;19;42;213;40;22;52;19
960.0;24;55;18;44;218;37;22;52;20
966.0;27;49;19;45;219;38;24;50;19
972.0;27;45;21;45;221;39;23;48;21
978.0;30;41;19;46;221;40;23;48;22
984.0;27;41;19;47;221;40;24;46;25
990.0;30;38;18;43;225;36;24;51;25
996.0;33;38;18;41;222;40;23;50;25
1002.0;31;40;17;42;226;41;18;55;20
1008.0;32;38;17;42;225;39;22;55;20
1014.0;30;38;19;39;227;39;24;53;21
1020.0;30;38;19;39;227;40;22;54;21
1026.0;32;38;19;42;225;39;22;53;20
1032.0;35;36;17;42;226;40;23;50;21
1038.0;33;33;19;43;228;42;19;52;21
1044.0;32;34;19;43;227;45;18;52;20
1050.0;30;34;19;43;228;47;18;52;19
1056.0;27;35;18;41;230;46;22;53;18
1062.0;23;38;18;43;232;46;19;53;18
1068.0;21;37;18;45;230;47;20;50;22
1074.0;20;35;18;46;231;45;20;52;23
1080.0;18;36;19;47;230;46;18;51;25
1086.0;16;36;21;44;233;45;18;51;26
1092.0;16;38;22;46;232;47;21;43;25
1098.0;17;40;25;45;236;44;16;44;23
1104.0;17;39;23;43;238;45;14;45;26
1110.0;20;41;22;42;236;46;14;45;24
1116.0;20;44;24;38;236;46;14;44;24
1122.0;21;46;23;41;236;44;14;43;22
1128.0;19;46;21;39;238;44;17;46;20
1134.0;17;45;20;42;239;43;19;47;18
1140.0;18;40;20;43;240;44;19;47;19
1146.0;20;39;20;43;241;43;22;45;17
1152.0;21;37;20;45;240;44;22;44;17
1158.0;21;40;20;43;242;42;24;42;16
1164.0;21;38;20;47;241;43;21;40;19
1170.0;20;38;20;47;243;46;20;39;17
1176.0;20;40;18;45;244;43;21;41;18
1182.0;19;42;19;45;242;44;17;44;18
1188.0;18;43;19;48;239;44;22;42;15
1194.0;14;42;22;44;238;48;23;44;15
1200.0;12;40;24;46;239;47;25;42;15
1206.0;17;41;23;45;236;47;24;43;14
1212.0;12;42;25;45;235;46;27;42;16
1218.0;13;41;26;43;237;42;28;42;18
1224.0;17;38;26;43;233;43;27;44;19
1230.0;16;39;26;41;233;45;26;45;19
1236.0;15;39;25;38;234;49;25;46;19
1242.0;14;39;26;38;235;50;24;46;18
1248.0;14;40;27;40;235;49;21;44;20
1254.0;14;37;26;40;238;49;22;45;19
1260.0;16;39;26;39;236;51;20;43;20
1266.0;21;39;26;38;236;49;17;43;21
1272.0;20;39;26;38;238;46;19;42;22
1278.0;19;46;26;38;236;48;17;41;19
1284.0;19;47;24;38;236;47;18;43;18
1290.0;21;48;23;39;233;48;17;43;18
1296.0;22;45;25;41;233;47;13;42;22
1302.0;21;44;23;42;229;47;15;43;26
1308.0;21;48;23;41;227;51;16;42;21
1314.0;21;47;24;41;226;50;17;41;23
1320.0;20;43;24;41;226;51;17;44;24
1326.0;19;43;24;42;225;52;17;44;24
1332.0;18;42;25;40;228;50;19;44;24
1338.0;21;42;25;37;228;52;17;45;23
1344.0;23;39;22;42;230;52;15;45;22
1350.0;25;41;22;39;230;47;19;42;25
1356.0;27;39;22;39;231;45;18;43;26
1362.0;30;42;24;37;228;44;18;40;27
1368.0;27;41;27;38;231;45;18;37;26
1374.0;24;43;25;40;233;44;22;35;24
1380.0;26;44;24;41;233;45;21;31;25
1386.0;22;47;26;45;228;43;20;33;26
1392.0;23;47;23;42;233;42;20;33;27
1398.0;24;47;21;41;232;41;25;33;26
1404.0;24;43;22;39;229;42;26;35;30
1410.0;23;40;22;40;229;40;24;37;35
1416.0;22;41;23;38;229;39;23;37;38
1422.0;20;43;22;36;229;37;25;39;39
1428.0;19;42;24;35;230;39;22;40;39
1434.0;19;47;29;34;230;37;23;36;35
1440.0;19;45;28;35;229;38;23;35;38
1446.0;20;47;25;33;230;38;25;36;36
1452.0;20;51;24;31;230;39;24;37;34
1458.0;24;50;22;33;231;35;26;39;30
1464.0;21;51;23;34;230;35;26;39;31
1470.0;21;51;22;37;228;38;24;39;30
1476.0;19;51;21;38;228;39;26;38;30
1482.0;23;50;23;37;224;36;28;37;32
1488.0;24;46;25;38;226;36;30;37;28
1494.0;19;49;25;38;227;37;28;40;27
1500.0;20;52;21;39;225;39;30;39;25
1506.0;23;50;21;38;225;42;28;40;23
1512.0;20;51;19;38;224;43;32;37;26
1518.0;19;51;19;38;221;47;32;36;27
1524.0;19;51;17;35;226;47;31;36;28
1530.0;18;53;19;37;227;44;27;35;30
1536.0;20;51;20;38;227;44;26;32;32
1542.0;21;51;23;36;225;44;25;32;33
1548.0;22;53;19;37;225;40;27;32;35
1554.0;22;54;18;36;230;41;26;30;33
1560.0;22;54;18;39;228;41;29;29;30
1566.0;23;52;16;39;229;42;30;29;30
1572.0;24;51;18;38;230;42;30;29;28
1578.0;23;49;21;35;233;43;28;29;29
1584.0;22;52;21;32;231;41;32;29;30
1590.0;22;48;18;31;232;43;34;32;30
1596.0;23;46;20;31;234;41;33;32;30
1602.0;26;48;20;30;234;42;28;33;29
1608.0;24;45;23;30;239;42;27;30;30
1614.0;24;45;26;33;239;44;20;30;29
1620.0;26;45;23;33;239;44;25;28;27
1626.0;24;46;23;35;238;47;23;28;26
1632.0;23;47;22;36;237;49;24;29;23
1638.0;20;47;22;37;236;48;24;35;21
1644.0;18;45;22;37;240;45;26;38;19
1650.0;18;47;22;35;240;49;22;39;18
1656.0;17;46;20;38;240;48;21;43;17
1662.0;15;45;21;39;242;48;22;43;15
1668.0;15;48;19;40;239;47;24;43;15
1674.0;13;47;18;42;238;48;25;44;15
1680.0;13;47;16;41;242;47;22;45;17
1686.0;14;47;18;40;243;43;22;46;17
1692.0;14;43;17;45;240;45;21;47;18
1698.0;15;43;21;44;240;43;24;45;15
1704.0;15;44;22;43;238;46;24;44;14
1710.0;16;46;19;42;236;48;25;46;12
1716.0;18;45;19;42;237;48;22;47;12
1722.0;18;43;21;39;237;48;24;48;12
1728.0;17;42;18;41;242;49;20;48;13
1734.0;16;43;21;39;242;51;19;46;13
1740.0;19;38;20;36;245;51;18;48;15
1746.0;17;39;17;36;246;48;19;48;20
1752.0;17;40;16;37;244;50;21;46;19
1758.0;18;42;15;37;245;46;23;45;19
1764.0;17;47;16;36;241;47;21;46;19
1770.0;16;47;20;37;240;48;20;46;16
1776.0;15;49;20;38;238;50;19;45;16
1782.0;15;47;23;39;238;49;19;44;16
1788.0;14;48;23;40;240;48;16;43;18
1794.0;12;51;20;42;238;52;16;40;19
