#auto generated file!
12.0;47;56;47;68;54;62;45;55;66
18.0;47;60;49;66;58;61;43;54;62
24.0;46;61;42;65;66;63;43;53;61
30.0;48;59;45;64;72;61;42;52;57
36.0;44;59;43;61;75;61;39;58;60
42.0;42;59;41;58;78;59;40;58;65
48.0;38;60;40;56;81;61;42;58;64
54.0;36;61;38;58;86;62;42;58;59
60.0;35;62;37;57;92;64;42;58;53
66.0;29;66;35;56;95;64;43;62;50
72.0;32;66;34;57;99;62;42;57;51
78.0;29;69;37;60;101;64;35;57;48
84.0;31;69;36;57;100;64;37;56;50
90.0;29;67;39;57;103;66;35;56;48
96.0;28;63;40;55;103;65;36;61;49
102.0;25;62;43;50;107;68;33;66;46
108.0;27;60;43;53;109;65;32;69;42
114.0;26;60;43;54;109;65;35;69;39
120.0;26;61;43;54;110;65;38;68;35
126.0;28;59;41;53;113;67;40;70;29
132.0;30;54;39;54;115;69;38;69;32
138.0;33;53;38;55;116;69;40;66;30
144.0;30;55;36;56;119;70;38;63;33
150.0;33;56;34;54;121;68;38;62;34
156.0;32;56;36;53;125;67;36;62;33
162.0;32;54;37;55;125;65;35;62;35
168.0;27;55;39;56;126;67;32;63;35
174.0;25;60;38;57;123;65;33;66;33
180.0;24;60;41;56;123;64;41;59;32
186.0;24;60;45;57;125;61;40;60;28
192.0;24;59;42;58;129;58;43;60;27
198.0;24;56;40;56;130;59;43;60;32
204.0;25;56;39;55;132;63;44;56;30
210.0;24;62;39;52;136;60;42;54;31
216.0;30;60;34;53;141;56;43;52;31
222.0;32;60;35;54;141;53;40;54;31
228.0;33;63;31;50;141;59;36;55;32
234.0;29;62;34;52;144;56;36;57;30
240.0;34;63;32;55;146;53;36;57;24
246.0;34;65;30;58;148;51;36;56;22
252.0;31;67;29;62;149;52;34;53;23
258.0;31;67;28;62;151;54;34;51;22
264.0;28;69;27;63;151;56;30;55;21
270.0;27;68;32;62;153;57;29;52;20
276.0;26;66;34;63;155;57;28;53;18
282.0;25;68;30;62;157;59;27;54;18
288.0;25;64;31;61;159;56;28;55;21
294.0;25;66;31;59;161;54;27;55;22
300.0;25;64;33;57;162;53;29;55;22
306.0;22;66;31;55;163;52;29;56;26
312.0;21;67;33;51;165;50;31;57;25
318.0;23;65;32;45;165;49;35;59;27
324.0;26;67;33;40;165;50;33;58;28
330.0;28;65;33;42;168;49;30;57;28
336.0;29;63;33;45;169;45;30;56;30
342.0;28;61;33;45;171;49;30;52;31
348.0;24;59;35;42;175;49;34;51;31
354.0;24;56;37;44;176;50;34;52;27
360.0;25;57;37;41;176;49;35;51;29
366.0;24;59;36;45;178;50;34;46;28
372.0;24;59;34;44;182;51;29;47;30
378.0;23;60;28;48;183;52;25;49;32
384.0;25;59;27;49;185;52;21;51;31
390.0;27;54;30;47;185;57;20;49;31
396.0;25;56;28;45;184;57;19;51;35
402.0;24;57;31;45;184;55;17;53;34
408.0;26;58;29;46;183;56;19;51;32
414.0;26;59;30;44;184;51;21;56;29
420.0;28;61;31;42;188;47;21;54;28
426.0;29;60;31;43;186;50;19;55;27
432.0;31;59;26;43;188;49;18;55;31
438.0;33;58;26;40;187;53;18;56;29
444.0;34;55;27;40;185;55;19;55;30
450.0;34;49;24;43;185;57;21;56;31
456.0;34;49;22;44;187;57;22;53;32
462.0;33;47;22;46;184;57;23;53;35
468.0;31;49;24;45;185;55;24;53;34
474.0;27;49;22;46;186;57;24;53;36
480.0;24;51;21;44;188;57;23;50;42
486.0;22;51;21;44;191;58;23;50;40
492.0;24;53;18;44;193;57;21;54;36
498.0;23;51;21;47;194;56;23;53;32
504.0;25;49;21;47;195;55;23;55;30
510.0;25;50;22;47;196;53;25;50;32
516.0;26;51;24;47;196;52;23;50;31
522.0;30;50;24;49;196;52;19;49;31
528.0;31;52;23;51;198;49;19;48;29
534.0;32;48;22;49;202;51;19;48;29
540.0;32;46;25;51;203;49;18;47;29
546.0;34;49;24;51;204;47;19;47;25
552.0;34;48;23;50;203;50;18;49;25
558.0;34;49;27;48;202;50;16;50;24
564.0;40;48;26;48;202;47;16;50;23
570.0;35;51;24;52;202;49;15;52;20
576.0;32;49;21;53;204;49;19;53;20
582.0;34;45;21;53;204;49;20;54;20
588.0;32;48;24;51;201;50;21;52;21
594.0;29;45;26;51;203;52;22;53;19
600.0;28;44;27;55;203;46;21;58;18
606.0;35;42;26;54;204;41;21;58;19
612.0;34;43;23;54;207;39;23;57;20
618.0;35;44;22;57;204;40;24;56;18
624.0;32;46;21;59;201;42;25;57;17
630.0;32;45;21;61;202;42;24;55;18
636.0;29;49;20;65;202;43;22;50;20
642.0;32;50;17;65;199;43;23;52;19
648.0;31;51;18;65;200;43;22;49;21
654.0;28;52;22;64;200;39;23;50;22
660.0;23;51;22;64;201;42;25;52;20
666.0;27;50;21;64;200;41;26;52;19
672.0;26;49;21;64;200;42;26;52;20
678.0;28;51;22;62;200;39;22;54;22
684.0;25;51;22;67;197;40;26;51;21
690.0;23;51;24;68;199;40;24;49;22
696.0;25;52;24;68;197;42;23;49;20
702.0;24;51;23;71;199;43;22;45;22
708.0;21;51;25;66;201;41;23;48;24
714.0;19;48;26;67;202;42;20;50;26
720.0;18;51;29;64;206;39;21;48;24
726.0;18;50;28;65;203;40;24;49;23
732.0;19;50;27;70;204;39;23;46;22
738.0;20;53;25;72;205;36;22;44;23
744.0;21;55;24;71;206;38;23;42;20
750.0;23;52;23;68;207;40;23;41;23
756.0;25;48;23;65;208;45;21;45;20
762.0;23;50;22;64;209;48;20;46;18
768.0;22;48;22;67;206;49;19;49;18
774.0;18;49;18;67;207;53;23;46;19
780.0;21;48;18;62;206;54;23;49;19
786.0;22;47;22;62;206;53;21;47;20
792.0;22;47;21;60;207;52;21;49;21
798.0;24;47;20;54;210;54;18;53;20
804.0;21;48;21;56;212;53;16;52;21
810.0;24;45;19;55;212;55;19;52;19
816.0;26;42;17;53;211;60;19;51;21
822.0;25;43;18;48;211;59;20;52;24
828.0;25;44;20;47;210;58;21;49;26
834.0;23;45;19;44;214;61;20;48;26
840.0;25;47;17;42;214;60;20;45;30
846.0;25;48;16;46;212;64;19;43;27
852.0;24;50;18;40;213;63;23;44;25
858.0;25;50;19;39;212;61;26;42;26
864.0;24;53;19;39;211;58;27;43;26
870.0;22;52;17;39;213;57;28;46;26
876.0;22;52;16;41;214;56;28;46;25
882.0;25;50;18;45;214;52;24;51;21
888.0;24;53;19;44;217;52;25;46;20
894.0;25;54;24;43;217;49;22;43;23
900.0;25;53;24;46;218;46;22;42;24
906.0;29;53;23;47;219;41;20;43;25
912.0;24;53;26;48;219;42;23;42;23
918.0;22;53;28;45;222;44;21;41;24
924.0;22;51;27;46;221;44;21;41;27
930.0;21;51;31;44;224;41;22;44;22
936.0;23;52;31;43;221;43;23;45;19
942.0;23;49;34;40;223;42;24;45;20
948.0;23;48;34;42;223;44;25;42;19
954.0;22;47;38;39;226;47;19;45;17
960.0;21;49;38;43;221;45;20;46;17
966.0;25;52;36;42;218;43;19;49;16
972.0;23;53;34;37;216;42;21;55;19
978.0;23;56;35;34;212;45;21;57;17
984.0;23;53;34;31;211;48;28;56;16
990.0;21;54;37;31;208;51;27;52;19
996.0;20;53;35;31;206;52;29;54;20
1002.0;19;52;33;31;206;55;28;57;19
1008.0;20;54;31;30;207;53;33;56;16
1014.0;22;54;32;30;207;51;31;54;19
1020.0;21;53;30;37;209;48;31;52;19
1026.0;21;56;27;37;212;47;32;51;17
1032.0;18;57;25;37;212;47;29;54;21
1038.0;21;59;28;33;212;42;28;55;22
1044.0;23;56;30;33;217;39;23;54;25
1050.0;22;54;32;34;213;39;24;59;23
1056.0;20;54;26;39;214;38;25;61;23
1062.0;18;53;26;41;213;41;26;62;20
1068.0;18;52;26;42;212;42;27;61;20
1074.0;16;54;26;39;210;39;29;65;22
1080.0;15;52;26;37;214;39;28;65;24
1086.0;16;48;26;39;213;39;28;66;25
1092.0;16;48;25;39;213;39;28;66;26
1098.0;15;47;26;40;212;40;29;64;27
1104.0;19;42;27;40;212;42;26;67;25
1110.0;21;42;25;39;211;41;29;68;24
1116.0;23;45;25;40;213;42;26;65;21
1122.0;28;43;23;40;213;39;29;61;24
1128.0;30;45;23;45;211;35;28;57;26
1134.0;28;47;24;46;212;33;30;55;25
1140.0;26;45;25;47;214;35;26;59;23
1146.0;22;44;25;51;214;36;27;58;23
1152.0;24;46;24;49;214;38;27;57;21
1158.0;24;45;28;45;214;38;30;57;19
1164.0;26;48;25;44;211;42;29;56;19
1170.0;26;50;26;41;211;43;29;56;18
1176.0;25;53;26;41;213;41;25;55;21
1182.0;25;52;26;41;215;43;26;53;19
1188.0;25;50;25;40;216;44;25;58;17
1194.0;31;52;24;38;216;40;24;57;18
1200.0;26;53;25;37;214;41;25;57;22
1206.0;27;51;25;38;215;37;25;56;26
1212.0;28;50;25;37;214;37;28;55;26
1218.0;29;48;24;38;214;37;27;57;26
1224.0;29;49;27;38;213;38;27;55;24
1230.0;27;50;24;33;216;39;30;57;24
1236.0;22;52;24;33;214;39;33;56;27
1242.0;19;51;26;37;215;38;31;54;29
1248.0;17;52;30;35;215;38;30;51;32
1254.0;16;50;28;38;214;42;30;48;34
1260.0;15;52;27;37;213;44;32;45;35
1266.0;17;50;29;39;212;47;29;43;34
1272.0;15;50;34;41;212;47;31;42;28
1278.0;18;47;35;41;211;52;28;40;28
1284.0;18;47;33;44;212;53;23;43;27
1290.0;17;47;35;43;216;52;25;42;23
1296.0;19;49;32;41;215;54;27;43;20
1302.0;19;51;32;42;215;57;22;43;19
1308.0;21;50;33;43;218;55;20;42;18
1314.0;23;51;34;42;218;53;21;42;16
1320.0;20;48;33;42;220;52;23;46;16
1326.0;20;49;29;44;220;50;25;46;17
1332.0;21;49;26;43;223;50;26;47;15
1338.0;21;50;23;43;224;52;21;49;17
1344.0;26;48;22;46;225;51;17;48;17
1350.0;27;45;24;40;223;54;21;49;17
1356.0;29;46;18;38;223;57;22;51;16
1362.0;29;45;17;38;224;55;22;51;19
1368.0;30;46;13;37;225;55;21;52;21
1374.0;26;50;14;38;226;53;21;53;19
1380.0;25;51;16;39;227;54;24;50;14
1386.0;24;52;21;38;225;54;24;49;13
1392.0;21;55;25;36;225;52;24;50;12
1398.0;23;56;22;36;225;49;23;52;14
1404.0;25;57;22;37;222;50;23;49;15
1410.0;25;57;20;37;223;49;25;49;15
1416.0;28;54;18;40;223;48;18;54;17
1422.0;29;50;18;41;226;49;15;56;16
1428.0;27;51;17;39;228;48;16;58;16
1434.0;27;51;16;41;231;47;17;54;16
1440.0;26;51;16;44;231;49;13;51;19
1446.0;26;51;16;43;234;49;15;49;17
1452.0;26;52;13;41;233;52;15;49;19
1458.0;24;52;11;41;236;52;16;49;19
1464.0;24;50;12;44;235;50;15;48;22
1470.0;22;47;12;46;240;51;15;47;20
1476.0;22;47;16;50;239;47;13;46;20
1482.0;20;47;15;51;238;47;12;47;23
1488.0;19;48;16;50;239;47;11;48;22
1494.0;18;51;14;50;239;48;11;47;22
1500.0;21;51;12;50;238;47;11;50;20
1506.0;20;54;13;51;240;47;11;48;16
1512.0;25;52;13;52;237;47;13;49;12
1518.0;21;55;18;48;241;49;13;45;10
1524.0;21;56;18;49;242;45;15;44;10
1530.0;19;53;18;46;245;45;17;47;10
1536.0;19;52;18;48;243;43;19;47;11
1542.0;19;51;20;45;246;42;19;43;15
1548.0;21;49;21;41;245;41;18;46;18
1554.0;20;49;21;44;244;43;17;44;18
1560.0;18;51;18;45;247;42;14;47;18
1566.0;18;52;16;47;246;38;19;43;21
1572.0;19;49;18;49;244;36;21;46;18
1578.0;18;45;19;52;240;37;21;47;21
1584.0;16;46;20;50;241;41;19;50;17
1590.0;15;46;22;48;241;41;18;51;18
1596.0;15;45;22;45;244;44;16;51;18
1602.0;12;41;23;43;244;44;17;56;20
1608.0;12;43;24;45;245;41;17;53;20
1614.0;14;41;24;47;249;41;17;52;15
1620.0;15;43;22;45;251;39;19;50;16
1626.0;12;41;25;43;252;39;19;53;16
1632.0;14;40;22;47;253;41;17;50;16
1638.0;16;39;24;46;253;40;14;50;18
1644.0;16;38;25;46;251;40;16;49;19
1650.0;15;37;22;46;251;39;16;51;23
1656.0;18;36;24;44;249;41;17;50;21
1662.0;19;36;25;41;247;43;19;48;22
1668.0;18;37;23;43;242;46;19;49;23
1674.0;17;33;23;44;243;45;20;53;22
1680.0;17;30;27;42;241;46;21;56;20
1686.0;17;30;26;43;236;48;23;57;20
1692.0;18;32;28;42;236;48;23;50;23
1698.0;19;31;27;41;236;51;22;52;21
1704.0;18;33;28;40;238;49;22;50;22
1710.0;16;30;28;42;237;50;23;53;21
1716.0;18;28;26;40;237;52;24;52;23
1722.0;19;25;30;39;236;51;23;50;27
1728.0;18;23;30;41;239;51;25;47;26
1734.0;16;23;32;42;240;49;26;46;26
1740.0;17;22;29;44;237;50;27;47;27
1746.0;17;22;26;40;236;56;29;47;27
1752.0;18;24;27;40;236;54;28;46;27
1758.0;18;23;26;38;238;51;27;47;32
1764.0;17;28;22;40;238;51;25;48;31
1770.0;19;29;24;37;239;52;24;45;31
1776.0;19;29;26;35;238;52;25;42;34
1782.0;21;32;24;36;239;50;23;43;32
1788.0;17;32;24;41;239;50;23;43;31
1794.0;15;35;24;40;242;51;23;41;29
