#auto generated file!
12.0;17;21;22;19;22;23;33;16;17
18.0;15;20;19;24;23;24;32;18;15
24.0;13;21;17;26;25;26;29;19;14
30.0;13;21;16;26;28;25;28;19;14
36.0;13;22;17;24;29;25;25;20;15
42.0;14;23;15;19;31;26;23;23;16
48.0;13;20;13;19;34;28;22;25;16
54.0;11;21;13;18;36;29;20;27;15
60.0;12;20;12;19;36;30;20;26;15
66.0;12;21;13;18;35;30;20;26;15
72.0;12;21;12;19;36;30;19;27;14
78.0;12;21;14;20;36;30;17;27;13
84.0;9;20;16;21;37;30;16;28;13
90.0;8;18;18;21;37;29;15;30;14
96.0;7;17;17;21;37;29;15;32;15
102.0;8;17;16;22;40;29;15;30;13
108.0;7;19;19;22;39;28;13;28;15
114.0;8;19;18;23;39;28;13;25;17
120.0;8;19;18;23;40;26;14;24;18
126.0;9;20;13;25;40;25;14;25;19
132.0;7;19;16;25;41;26;15;23;18
138.0;8;19;14;24;41;27;15;23;19
144.0;9;18;14;23;42;28;15;22;19
150.0;10;18;12;24;44;29;14;22;17
156.0;9;18;13;24;44;31;13;24;14
162.0;9;19;12;25;44;32;11;25;13
168.0;10;19;12;26;45;31;11;24;12
174.0;10;19;9;23;46;31;12;25;15
180.0;11;18;8;23;47;34;12;25;12
186.0;9;18;8;24;47;34;13;24;13
192.0;10;17;8;26;48;33;12;22;14
198.0;9;17;11;29;48;30;13;20;13
204.0;10;17;14;28;49;29;12;19;12
210.0;11;17;13;27;49;30;12;19;12
216.0;12;17;12;30;50;28;12;18;11
222.0;15;16;11;31;48;30;9;18;12
228.0;16;18;12;29;49;29;7;18;12
234.0;14;20;12;30;50;26;6;20;12
240.0;12;20;13;28;54;28;8;17;10
246.0;11;19;14;27;54;28;8;18;11
252.0;11;16;16;29;54;28;7;18;11
258.0;12;15;17;28;53;26;9;19;11
264.0;11;17;14;30;53;24;8;19;14
270.0;10;17;11;31;56;23;10;17;15
276.0;11;17;10;32;57;22;10;18;13
282.0;12;18;10;30;57;24;10;18;11
288.0;13;18;8;30;58;25;10;19;9
294.0;12;17;9;29;61;24;9;19;10
300.0;13;15;10;30;61;25;10;16;10
306.0;13;17;9;30;61;24;10;16;10
312.0;12;17;7;31;61;26;9;18;9
318.0;11;17;8;30;61;26;9;19;9
324.0;12;17;8;28;61;25;8;21;10
330.0;12;16;8;28;62;26;7;20;11
336.0;12;17;10;26;61;25;11;19;9
342.0;11;17;10;24;64;26;10;20;8
348.0;11;20;9;25;63;27;10;17;8
354.0;13;23;6;24;63;26;10;16;9
360.0;13;23;9;22;64;24;9;18;8
366.0;12;26;9;23;64;23;9;15;9
372.0;12;27;10;21;64;21;9;16;10
378.0;11;28;11;21;63;21;8;16;11
384.0;11;28;11;20;64;21;8;18;9
390.0;9;30;9;20;67;20;8;18;9
396.0;11;31;11;19;66;21;8;14;9
402.0;9;34;10;18;67;20;8;16;8
408.0;8;36;10;17;67;21;8;16;7
414.0;10;33;10;17;68;20;9;15;8
420.0;9;32;10;19;67;19;9;15;10
426.0;11;32;5;18;69;20;9;16;10
432.0;11;29;6;20;70;18;9;16;11
438.0;9;27;7;23;70;18;8;16;12
444.0;9;29;6;23;70;18;7;17;11
450.0;8;28;8;20;72;17;8;18;11
456.0;8;27;8;20;73;18;8;16;12
462.0;8;24;9;20;73;19;10;15;12
468.0;8;25;10;19;72;18;10;15;13
474.0;10;24;12;18;70;17;9;17;13
480.0;9;22;12;19;69;19;9;20;11
486.0;11;19;14;19;69;20;9;19;10
492.0;12;19;14;17;71;21;9;19;8
498.0;11;18;14;18;72;20;8;19;10
504.0;11;18;13;19;73;19;8;18;11
510.0;10;21;17;20;73;16;7;15;11
516.0;9;21;16;22;72;16;7;16;11
522.0;10;21;16;21;74;16;7;16;9
528.0;9;19;18;23;74;15;6;18;8
534.0;10;17;18;23;74;14;7;18;9
540.0;10;17;16;25;74;14;6;18;10
546.0;10;17;15;28;75;12;6;16;11
552.0;11;18;13;27;75;13;6;16;11
558.0;10;18;13;28;77;12;6;16;10
564.0;8;16;15;28;77;12;6;17;11
570.0;9;16;14;27;76;13;7;17;11
576.0;8;17;15;27;78;14;6;16;9
582.0;7;16;15;26;78;15;10;15;8
588.0;7;13;15;26;79;16;11;15;8
594.0;8;10;16;28;77;16;14;15;6
600.0;6;10;16;27;76;17;16;16;6
606.0;5;12;16;25;78;18;16;15;5
612.0;7;12;14;22;78;20;17;15;5
618.0;7;13;14;20;80;22;15;15;4
624.0;8;13;14;17;80;22;17;17;2
630.0;10;14;11;17;81;22;17;16;2
636.0;10;13;12;18;83;23;15;14;2
642.0;9;13;13;18;83;24;13;14;3
648.0;9;13;11;19;84;26;12;14;2
654.0;9;12;11;18;85;26;13;14;2
660.0;11;12;11;17;87;23;10;15;4
666.0;11;12;11;14;86;23;11;17;5
672.0;14;11;9;14;85;25;12;17;3
678.0;15;12;6;16;84;26;12;16;3
684.0;13;12;6;17;85;25;12;16;4
690.0;13;11;7;20;84;24;11;17;3
696.0;14;10;6;24;84;22;10;16;4
702.0;12;9;7;24;85;22;10;17;4
708.0;13;7;6;24;84;23;11;18;4
714.0;13;7;7;24;84;22;9;19;5
720.0;11;7;9;24;85;20;10;19;5
726.0;9;7;11;21;85;20;10;20;7
732.0;10;8;10;20;84;19;10;22;7
738.0;13;8;11;18;85;19;9;20;7
744.0;14;8;9;17;84;20;11;20;7
750.0;13;8;10;19;82;24;11;18;5
756.0;12;9;9;21;82;24;11;17;5
762.0;12;7;8;23;82;24;12;18;4
768.0;12;7;7;23;82;23;14;17;5
774.0;13;9;8;22;84;24;11;14;5
780.0;13;11;7;22;82;23;9;16;7
786.0;12;12;8;24;81;23;8;15;7
792.0;12;11;8;26;83;22;7;15;6
798.0;12;9;8;25;83;24;7;15;7
804.0;13;9;8;26;84;20;9;15;6
810.0;9;7;8;28;85;22;9;16;6
816.0;8;7;9;27;85;22;9;16;7
822.0;8;7;9;28;86;21;9;17;5
828.0;6;7;8;29;87;21;9;17;6
834.0;7;6;9;28;88;21;9;16;6
840.0;7;7;9;25;89;22;9;17;5
846.0;7;8;8;26;92;21;8;14;6
852.0;6;10;8;26;92;20;7;14;7
858.0;5;12;7;25;96;18;4;15;8
864.0;4;14;8;25;94;18;3;16;8
870.0;3;13;7;26;95;17;4;18;7
876.0;3;16;7;26;94;17;4;17;6
882.0;3;15;6;27;96;16;5;15;7
888.0;2;16;6;26;96;16;4;15;9
894.0;3;17;6;25;94;17;4;15;9
900.0;4;17;6;23;96;17;4;14;9
906.0;7;19;5;21;93;16;5;16;8
912.0;6;20;5;22;91;16;6;16;8
918.0;8;18;5;21;91;16;8;15;8
924.0;8;16;6;21;90;17;7;16;9
930.0;7;17;7;20;89;17;8;17;8
936.0;7;16;4;21;89;17;10;18;8
942.0;7;15;5;22;90;19;9;16;7
948.0;7;16;7;23;88;18;9;15;7
954.0;7;19;7;23;86;19;8;13;8
960.0;8;20;8;21;87;18;8;13;7
966.0;8;18;7;20;88;17;10;14;8
972.0;8;18;8;20;87;17;10;13;9
978.0;8;18;6;21;86;18;9;14;10
984.0;8;18;5;21;85;19;9;14;11
990.0;8;17;6;22;84;20;11;12;10
996.0;7;16;7;22;84;19;12;13;10
1002.0;7;17;6;22;85;19;12;12;10
1008.0;6;17;7;22;86;20;12;12;8
1014.0;5;15;7;25;88;19;13;12;6
1020.0;5;14;10;24;88;18;11;15;5
1026.0;6;13;10;22;91;18;10;14;6
1032.0;6;13;9;26;88;18;10;14;6
1038.0;6;13;8;27;90;16;7;16;7
1044.0;6;11;9;25;90;18;7;16;8
1050.0;5;9;9;26;90;17;10;17;7
1056.0;9;9;9;23;88;19;10;16;7
1062.0;7;10;9;23;86;20;11;17;7
1068.0;8;10;9;23;83;21;11;18;7
1074.0;7;9;8;26;83;19;11;18;9
1080.0;5;9;9;26;82;21;11;19;8
1086.0;5;9;7;25;84;21;13;19;7
1092.0;5;10;8;19;85;21;15;21;6
1098.0;8;10;7;19;88;20;13;19;6
1104.0;11;10;6;18;87;21;12;20;5
1110.0;12;8;5;18;87;20;12;21;7
1116.0;11;7;6;19;87;19;13;20;8
1122.0;11;7;8;20;85;18;13;20;8
1128.0;11;6;11;19;86;18;13;18;8
1134.0;11;6;10;18;87;18;13;18;9
1140.0;11;7;8;17;87;18;12;20;10
1146.0;11;6;7;17;90;14;12;22;11
1152.0;11;6;7;18;89;15;11;22;11
1158.0;10;5;8;19;89;14;12;22;11
1164.0;12;5;9;17;88;12;15;21;11
1170.0;10;8;9;17;91;10;15;20;10
1176.0;10;8;10;16;90;10;14;22;10
1182.0;11;7;10;17;90;11;12;22;10
1188.0;13;7;11;16;90;14;10;20;9
1194.0;14;8;12;15;92;14;10;18;7
1200.0;14;10;11;16;90;13;11;16;9
1206.0;14;10;10;15;90;13;11;17;10
1212.0;12;11;10;17;90;12;11;17;10
1218.0;8;10;9;16;92;13;14;18;10
1224.0;8;12;12;15;90;13;13;18;9
1230.0;9;11;12;13;91;14;14;18;8
1236.0;8;11;12;12;92;17;12;17;9
1242.0;9;11;11;13;92;16;11;18;9
1248.0;10;11;10;13;91;16;11;17;11
1254.0;10;12;9;15;90;14;10;18;12
1260.0;9;12;8;16;90;15;11;17;12
1266.0;9;12;9;17;90;13;12;17;11
1272.0;8;11;9;17;91;15;11;18;10
1278.0;8;11;9;16;92;16;12;17;9
1284.0;10;10;9;16;92;16;10;17;10
1290.0;10;12;8;16;91;16;10;17;10
1296.0;9;13;8;17;92;14;11;17;9
1302.0;8;14;10;16;91;16;9;19;7
1308.0;8;16;7;15;91;17;10;20;6
1314.0;8;17;7;14;91;15;11;21;6
1320.0;6;17;8;16;89;14;13;19;8
1326.0;6;17;8;15;88;15;13;20;8
1332.0;9;18;7;18;84;15;12;19;8
1338.0;9;19;7;19;85;15;12;17;7
1344.0;8;19;6;17;84;17;13;16;10
1350.0;9;18;3;18;85;21;12;16;8
1356.0;9;17;3;18;85;22;12;16;8
1362.0;8;18;6;15;85;20;13;17;8
1368.0;10;17;8;16;85;21;10;16;7
1374.0;11;16;9;17;84;21;10;16;6
1380.0;10;16;11;16;85;21;11;16;4
1386.0;10;17;12;16;83;20;10;16;6
1392.0;10;18;10;19;82;20;8;17;6
1398.0;11;17;9;20;83;20;8;14;8
1404.0;12;16;8;21;82;19;8;16;8
1410.0;12;17;8;21;83;19;6;15;9
1416.0;10;17;12;17;84;21;6;15;8
1422.0;9;19;13;17;85;21;5;16;5
1428.0;10;18;12;16;86;22;6;14;6
1434.0;8;17;13;17;88;20;7;14;6
1440.0;11;17;12;16;88;18;7;14;7
1446.0;8;17;14;16;87;19;7;13;9
1452.0;8;17;16;16;87;19;6;13;8
1458.0;9;18;17;17;84;19;5;13;8
1464.0;10;20;16;14;84;19;4;15;8
1470.0;10;20;16;14;85;18;4;16;7
1476.0;9;21;14;14;86;17;6;15;8
1482.0;11;19;13;16;86;14;8;15;8
1488.0;13;20;11;13;89;14;9;13;8
1494.0;14;20;10;15;89;14;10;13;5
1500.0;13;18;13;16;88;14;10;14;4
1506.0;14;16;11;17;88;13;11;16;4
1512.0;12;17;9;18;89;14;10;16;5
1518.0;11;18;8;18;89;14;12;16;4
1524.0;12;18;7;18;88;16;12;15;4
1530.0;11;18;7;18;89;16;11;16;4
1536.0;12;17;7;17;89;16;11;16;5
1542.0;11;17;7;18;90;16;9;16;6
1548.0;11;19;6;17;91;15;9;16;6
1554.0;9;20;8;17;92;14;8;16;6
1560.0;10;20;8;18;91;16;8;14;5
1566.0;10;19;9;16;91;16;8;15;6
1572.0;8;19;11;15;92;16;9;14;6
1578.0;9;19;9;15;92;16;10;14;6
1584.0;7;18;9;15;92;17;10;16;6
1590.0;9;18;8;14;93;17;9;16;6
1596.0;7;20;7;14;93;15;10;17;7
1602.0;9;18;9;15;94;14;9;17;5
1608.0;9;17;10;15;94;13;10;17;5
1614.0;11;17;8;14;94;14;11;17;4
1620.0;10;19;7;14;97;14;10;17;2
1626.0;13;18;8;13;93;14;10;18;3
1632.0;12;18;8;12;93;14;13;17;3
1638.0;12;18;7;13;94;14;13;17;2
1644.0;11;18;7;13;93;15;13;18;2
1650.0;10;18;8;12;95;14;11;19;3
1656.0;9;19;8;12;95;13;10;20;4
1662.0;9;19;9;12;95;13;8;21;4
1668.0;8;20;7;13;95;14;8;21;4
1674.0;8;21;7;14;93;13;6;24;4
1680.0;8;19;7;15;94;12;6;24;5
1686.0;8;19;7;14;95;15;4;24;4
1692.0;7;16;9;14;94;17;5;24;4
1698.0;6;17;9;15;96;16;5;22;4
1704.0;6;18;9;16;92;16;6;22;5
1710.0;6;19;7;15;92;17;6;21;7
1716.0;6;18;7;14;92;17;6;23;7
1722.0;5;19;6;14;89;18;8;23;8
1728.0;4;20;10;14;89;19;7;20;7
1734.0;4;20;10;14;89;20;7;20;6
1740.0;4;20;10;14;90;20;7;20;5
1746.0;4;23;9;16;87;18;7;20;6
1752.0;4;23;9;16;87;19;7;20;5
1758.0;4;23;8;16;87;19;8;19;6
1764.0;5;24;8;15;85;20;9;20;4
1770.0;5;24;9;16;85;19;9;19;4
1776.0;5;22;8;17;83;19;7;21;8
1782.0;7;21;7;17;83;18;8;20;9
1788.0;7;22;7;18;82;18;8;19;9
1794.0;8;24;7;18;82;18;7;18;8
