#auto generated file!
12.0;22;37;33;35;36;39;35;34;29
18.0;22;34;30;33;40;42;31;34;34
24.0;22;36;29;32;42;44;29;34;32
30.0;23;40;30;30;44;43;26;34;30
36.0;20;43;30;28;45;46;26;34;28
42.0;21;43;31;30;49;47;24;31;24
48.0;20;39;29;33;51;46;27;29;26
54.0;20;35;25;31;55;46;28;35;25
60.0;20;36;27;29;59;46;22;38;23
66.0;18;34;28;29;63;44;24;36;24
72.0;16;33;26;28;64;45;22;39;27
78.0;18;30;27;27;67;48;23;36;24
84.0;18;29;27;26;71;45;25;36;23
90.0;20;28;23;27;72;47;27;33;23
96.0;18;30;20;26;73;48;30;34;21
102.0;17;29;24;25;76;48;28;35;18
108.0;14;29;24;27;78;48;25;35;20
114.0;15;26;23;28;78;48;24;39;19
120.0;13;30;22;26;79;46;24;38;22
126.0;17;27;18;26;81;43;24;40;24
132.0;18;28;20;26;79;45;24;38;22
138.0;18;28;23;25;80;45;24;35;22
144.0;19;30;25;25;78;44;24;34;21
150.0;18;29;25;30;79;44;25;31;19
156.0;20;28;22;30;80;44;26;33;17
162.0;24;28;23;27;81;45;21;33;18
168.0;26;29;25;27;81;43;19;31;19
174.0;23;32;27;26;83;40;19;30;20
180.0;22;33;29;24;85;39;18;31;19
186.0;20;34;28;25;86;39;18;31;19
192.0;19;34;28;22;86;38;21;31;21
198.0;21;32;27;23;86;36;20;33;22
204.0;18;32;30;23;88;34;20;34;21
210.0;18;32;31;24;87;35;18;37;18
216.0;17;31;34;23;89;35;17;36;18
222.0;16;34;29;24;90;35;17;35;20
228.0;14;34;27;27;91;35;18;34;20
234.0;15;35;22;28;92;37;20;32;19
240.0;14;36;22;28;92;38;21;32;17
246.0;15;36;24;28;92;39;19;29;18
252.0;14;38;20;30;95;37;19;30;17
258.0;14;33;20;29;98;38;17;32;19
264.0;16;33;18;33;97;34;17;33;19
270.0;16;31;19;33;99;33;17;31;21
276.0;16;31;21;31;99;32;16;32;22
282.0;17;28;20;29;101;31;18;34;22
288.0;13;28;19;27;102;35;16;35;25
294.0;15;27;18;29;102;33;13;38;25
300.0;16;27;18;31;101;31;14;38;24
306.0;15;27;22;31;100;31;15;37;22
312.0;13;28;23;31;102;32;16;36;19
318.0;14;27;20;33;102;32;17;37;18
324.0;15;29;19;34;105;29;14;38;17
330.0;16;29;21;32;105;28;15;37;17
336.0;13;29;18;32;108;28;16;36;20
342.0;13;27;21;33;106;30;18;34;18
348.0;15;23;18;33;106;32;21;33;19
354.0;15;24;19;34;106;30;21;32;19
360.0;16;27;17;33;108;30;19;31;19
366.0;15;26;15;31;107;32;22;32;20
372.0;15;28;13;29;110;31;22;31;21
378.0;15;29;15;29;109;30;23;30;20
384.0;14;29;16;29;110;32;21;31;18
390.0;12;31;14;29;111;32;23;30;18
396.0;13;28;14;31;112;32;21;29;20
402.0;12;30;13;32;113;34;19;28;19
408.0;15;27;17;32;115;33;17;25;19
414.0;16;26;15;34;117;30;17;27;18
420.0;16;27;12;32;120;30;21;25;17
426.0;16;27;10;33;120;28;23;23;20
432.0;15;28;8;30;120;31;23;21;24
438.0;13;29;8;31;121;31;23;21;23
444.0;13;30;8;32;120;33;20;23;21
450.0;16;30;7;31;122;34;19;21;20
456.0;18;30;8;29;123;32;20;21;19
462.0;19;29;6;29;123;30;21;22;21
468.0;18;31;6;30;122;27;20;24;22
474.0;15;31;8;29;124;24;18;30;21
480.0;15;31;9;31;124;22;19;29;20
486.0;16;32;7;30;124;21;20;31;19
492.0;18;32;6;31;127;19;19;29;19
498.0;15;32;8;26;128;18;23;31;19
504.0;16;30;9;25;129;17;23;33;18
510.0;16;33;10;25;128;16;19;35;18
516.0;15;32;10;26;128;16;21;34;18
522.0;14;31;11;28;126;15;23;34;18
528.0;16;30;13;27;130;16;20;32;16
534.0;15;32;11;27;132;15;19;33;16
540.0;16;30;8;28;130;16;16;37;19
546.0;16;33;7;26;130;16;17;37;18
552.0;15;33;9;28;127;18;17;35;18
558.0;16;33;10;27;129;20;15;33;17
564.0;18;33;9;27;131;18;16;34;14
570.0;15;35;10;26;132;19;14;36;13
576.0;15;34;11;26;136;17;15;35;11
582.0;14;41;10;23;134;14;14;37;13
588.0;15;40;11;22;136;14;11;38;13
594.0;16;41;12;24;135;14;10;38;10
600.0;17;37;11;25;133;14;10;40;13
606.0;16;37;11;26;133;16;10;39;12
612.0;16;35;9;26;133;16;12;41;12
618.0;16;35;9;27;135;15;12;39;12
624.0;13;37;8;25;133;16;15;38;15
630.0;11;40;10;23;134;18;16;36;12
636.0;11;35;10;26;135;18;18;37;10
642.0;11;39;12;26;133;17;18;36;8
648.0;13;38;12;24;130;19;18;37;9
654.0;13;36;16;24;129;21;15;38;8
660.0;13;36;17;26;130;18;13;38;9
666.0;14;35;17;23;132;17;14;38;10
672.0;16;34;17;22;134;15;16;38;8
678.0;17;34;15;25;133;15;15;39;7
684.0;16;35;13;25;132;16;14;40;9
690.0;15;35;13;22;131;17;17;41;9
696.0;15;35;17;19;130;14;19;40;11
702.0;15;35;14;20;129;16;21;40;10
708.0;14;36;11;19;130;20;21;40;9
714.0;13;36;11;22;130;21;22;38;7
720.0;14;35;12;20;133;20;22;37;7
726.0;14;35;11;22;132;20;20;38;8
732.0;16;35;10;21;133;21;19;36;9
738.0;15;34;10;22;134;20;20;35;10
744.0;14;35;12;21;133;21;21;32;11
750.0;13;34;12;23;132;22;19;34;11
756.0;12;34;14;21;130;24;17;35;13
762.0;15;34;13;22;131;22;18;33;12
768.0;15;33;12;22;133;21;17;34;13
774.0;15;32;11;22;136;21;15;36;12
780.0;15;33;12;22;137;20;14;36;11
786.0;11;33;13;23;138;20;13;38;11
792.0;10;29;15;25;137;21;13;37;13
798.0;10;29;15;26;135;22;12;38;13
804.0;9;30;12;25;137;22;11;38;16
810.0;10;26;12;23;138;24;12;37;18
816.0;7;24;13;22;140;24;13;39;18
822.0;7;25;12;25;140;23;14;34;20
828.0;11;25;11;24;139;24;16;32;18
834.0;13;26;11;23;139;24;15;31;18
840.0;12;22;11;24;138;25;18;31;19
846.0;13;22;11;23;137;26;19;33;16
852.0;14;20;10;24;138;25;20;33;16
858.0;12;23;10;25;139;24;18;33;16
864.0;14;23;9;26;141;22;19;32;14
870.0;15;21;10;25;142;21;19;31;16
876.0;14;20;12;24;142;24;17;30;17
882.0;11;20;12;24;141;24;18;29;21
888.0;9;22;11;23;142;24;20;27;22
894.0;9;22;11;21;139;27;21;29;21
900.0;9;22;11;23;140;27;20;30;18
906.0;10;24;11;22;138;28;21;30;16
912.0;11;23;11;22;141;28;19;29;16
918.0;12;21;13;23;140;28;18;31;14
924.0;10;18;14;25;143;27;17;30;16
930.0;11;20;15;23;142;24;19;31;15
936.0;11;19;14;24;143;24;18;32;15
942.0;12;18;15;25;143;27;18;31;11
948.0;12;16;17;26;143;28;18;30;10
954.0;12;17;17;26;142;29;18;27;12
960.0;14;16;17;28;142;29;16;26;12
966.0;14;20;17;29;137;29;17;25;12
972.0;15;21;16;27;134;29;16;25;17
978.0;15;21;16;28;135;30;16;25;14
984.0;17;23;16;28;136;30;13;26;11
990.0;15;23;16;27;137;30;13;27;12
996.0;17;23;14;25;137;28;14;27;15
1002.0;18;22;13;26;136;26;16;28;15
1008.0;16;21;13;26;133;28;17;28;18
1014.0;13;20;14;26;134;30;17;30;16
1020.0;13;21;13;28;135;31;14;29;16
1026.0;15;21;14;28;134;32;13;28;15
1032.0;14;20;12;28;133;33;14;31;15
1038.0;14;21;14;27;133;31;16;31;13
1044.0;12;20;15;27;133;33;15;30;15
1050.0;11;22;14;27;135;32;14;30;15
1056.0;10;23;14;28;135;34;13;29;14
1062.0;13;23;15;30;133;35;12;28;11
1068.0;10;23;19;29;134;34;12;29;10
1074.0;9;27;16;29;132;34;11;30;12
1080.0;11;27;16;28;130;32;12;31;13
1086.0;10;27;17;29;128;34;10;30;15
1092.0;11;25;15;32;128;32;11;31;15
1098.0;11;25;15;33;128;28;14;32;14
1104.0;11;23;14;32;129;29;15;32;15
1110.0;12;22;13;32;128;30;15;32;16
1116.0;15;22;10;33;128;30;17;30;15
1122.0;13;22;10;33;128;31;15;29;19
1128.0;12;21;13;32;126;33;16;27;20
1134.0;15;22;13;31;126;32;16;27;18
1140.0;12;22;11;34;127;33;17;26;18
1146.0;11;23;11;33;126;35;14;29;18
1152.0;11;23;11;36;126;37;14;26;16
1158.0;12;25;11;35;127;36;13;27;14
1164.0;15;27;11;35;125;37;14;25;11
1170.0;16;27;11;35;124;35;15;28;9
1176.0;17;26;11;37;126;34;15;26;8
1182.0;13;24;11;36;129;35;15;27;10
1188.0;13;24;10;40;129;34;13;27;10
1194.0;14;23;12;38;129;36;12;27;9
1200.0;12;23;12;37;131;33;13;28;11
1206.0;11;22;13;36;133;33;14;27;11
1212.0;7;20;15;38;134;34;15;26;11
1218.0;8;21;16;38;132;34;14;24;13
1224.0;7;22;14;37;132;36;15;24;13
1230.0;7;22;16;35;132;38;11;25;14
1236.0;6;21;16;30;135;40;11;23;18
1242.0;6;20;18;30;133;39;14;26;14
1248.0;6;20;20;29;131;36;16;28;14
1254.0;7;20;19;28;131;37;13;30;15
1260.0;9;21;18;29;129;37;14;28;15
1266.0;10;21;14;33;130;35;14;28;15
1272.0;9;20;14;34;130;33;15;31;14
1278.0;9;19;13;32;131;33;16;31;16
1284.0;11;21;13;31;130;32;17;28;17
1290.0;10;22;12;30;131;31;18;29;17
1296.0;10;23;12;30;132;30;15;33;15
1302.0;11;24;12;28;133;30;11;34;17
1308.0;9;24;14;30;134;29;10;32;18
1314.0;10;25;14;31;133;29;10;31;17
1320.0;11;26;13;29;134;30;10;31;16
1326.0;11;28;14;26;136;30;10;30;15
1332.0;13;25;13;28;139;28;10;31;13
1338.0;12;25;14;27;141;29;10;29;13
1344.0;11;24;13;25;139;30;12;32;14
1350.0;11;23;14;27;138;26;11;34;16
1356.0;12;23;14;26;137;26;12;34;16
1362.0;12;24;15;24;139;26;12;32;16
1368.0;11;23;18;26;138;25;10;32;17
1374.0;13;23;17;25;138;24;11;31;18
1380.0;14;25;16;27;138;22;11;30;17
1386.0;15;24;15;27;139;23;13;29;15
1392.0;15;23;17;26;138;23;13;28;17
1398.0;16;22;18;26;137;22;15;27;17
1404.0;17;21;17;27;139;24;15;26;14
1410.0;17;22;14;25;137;23;16;28;18
1416.0;18;27;15;23;133;24;13;29;18
1422.0;20;27;19;22;130;26;13;27;16
1428.0;16;27;17;24;132;26;14;27;17
1434.0;16;29;13;23;134;27;12;28;18
1440.0;16;31;11;25;131;27;12;28;19
1446.0;15;34;14;25;129;31;13;26;13
1452.0;14;31;16;25;130;32;11;27;14
1458.0;15;29;15;26;129;33;12;29;12
1464.0;17;27;17;26;130;29;13;29;12
1470.0;19;27;15;25;128;29;16;27;14
1476.0;20;28;18;27;126;24;16;29;12
1482.0;20;28;21;27;127;24;12;29;12
1488.0;22;30;21;27;125;23;13;28;11
1494.0;18;29;22;29;125;24;14;28;11
1500.0;17;28;28;28;122;26;13;27;11
1506.0;18;27;29;27;122;26;13;27;11
1512.0;17;24;27;29;125;29;11;28;10
1518.0;16;23;30;31;124;27;11;26;12
1524.0;16;24;32;31;125;27;10;24;11
1530.0;16;25;29;30;124;27;13;24;12
1536.0;17;29;26;29;124;24;14;23;14
1542.0;13;30;26;27;124;25;14;27;14
1548.0;16;31;24;27;125;23;14;27;13
1554.0;14;32;25;29;126;20;15;27;12
1560.0;16;31;25;29;126;20;15;25;13
1566.0;14;31;23;28;126;23;17;24;14
1572.0;14;28;23;30;126;19;19;24;17
1578.0;15;28;21;28;127;21;18;23;19
1584.0;12;31;22;30;126;20;17;24;18
1590.0;14;30;22;31;125;21;14;24;19
1596.0;15;28;22;30;123;22;15;26;19
1602.0;13;27;22;29;124;22;15;26;22
1608.0;16;27;21;27;125;19;16;26;23
1614.0;13;27;21;26;127;22;16;25;23
1620.0;13;26;23;29;129;21;11;27;21
1626.0;13;26;25;29;128;19;11;28;21
1632.0;16;25;21;31;131;19;8;29;20
1638.0;16;23;22;30;131;19;10;28;21
1644.0;18;23;18;31;131;20;9;32;18
1650.0;18;22;19;30;132;19;9;33;18
1656.0;20;21;14;31;130;20;9;34;21
1662.0;13;22;16;33;131;23;9;31;22
1668.0;12;21;17;35;132;22;10;31;20
1674.0;11;20;18;35;134;22;11;30;19
1680.0;15;20;18;33;134;23;10;29;18
1686.0;14;19;18;35;134;25;11;27;17
1692.0;14;21;17;32;136;25;13;27;15
1698.0;14;21;18;32;138;24;14;25;14
1704.0;14;22;19;28;140;23;12;26;16
1710.0;14;20;19;28;138;27;9;28;17
1716.0;16;22;21;29;137;25;10;23;17
1722.0;16;23;21;28;139;24;11;20;18
1728.0;18;24;21;24;138;25;11;22;17
1734.0;18;24;19;25;139;22;11;25;17
1740.0;20;20;21;22;139;23;12;25;18
1746.0;19;21;19;24;140;24;12;24;17
1752.0;16;21;23;24;140;24;8;25;19
1758.0;15;20;20;25;140;24;9;28;19
1764.0;15;21;22;24;139;22;8;29;20
1770.0;16;21;22;24;137;25;9;28;18
1776.0;13;20;24;24;137;25;10;31;16
1782.0;15;21;24;25;136;26;9;31;13
1788.0;17;20;21;26;137;25;9;30;15
1794.0;17;19;22;25;135;25;11;31;15
