#auto generated file!
12.0;11;7;19;11;20;15;8;17;12
18.0;11;9;16;11;20;17;7;17;12
24.0;10;10;16;11;20;14;10;17;12
30.0;11;11;15;12;20;13;10;18;10
36.0;11;11;13;15;22;13;9;18;8
42.0;11;12;14;15;22;12;8;17;9
48.0;11;12;12;14;23;13;8;17;10
54.0;11;12;13;14;23;13;7;17;10
60.0;12;13;11;13;23;14;4;18;12
66.0;10;13;12;13;25;14;5;18;10
72.0;11;12;11;12;25;14;8;17;10
78.0;9;11;13;14;25;14;10;16;8
84.0;8;10;10;15;25;17;9;17;9
90.0;7;9;12;16;26;17;9;16;8
96.0;6;9;11;18;26;17;9;17;7
102.0;5;9;8;17;27;17;11;19;7
108.0;7;9;10;17;26;18;11;16;6
114.0;7;10;10;16;28;15;11;17;6
120.0;7;9;8;18;30;15;11;16;6
126.0;8;10;8;19;29;16;10;14;6
132.0;8;10;6;19;29;19;10;13;6
138.0;7;10;6;19;30;18;11;12;7
144.0;6;10;6;20;30;18;12;10;8
150.0;4;13;5;21;34;18;10;9;6
156.0;5;11;5;19;35;19;11;9;6
162.0;5;10;5;18;37;18;13;8;6
168.0;6;10;6;18;37;17;14;8;4
174.0;6;10;7;18;37;16;14;8;4
180.0;6;10;7;18;37;17;12;8;5
186.0;4;11;7;18;38;17;12;9;4
192.0;4;12;7;19;37;17;11;8;5
198.0;4;12;7;15;39;19;11;8;5
204.0;4;12;8;15;40;17;11;7;6
210.0;4;12;8;15;39;18;11;6;7
216.0;4;13;8;14;38;19;11;6;7
222.0;3;13;9;14;40;19;10;6;6
228.0;5;12;8;15;41;20;7;6;6
234.0;6;14;4;16;41;21;6;6;6
240.0;6;13;7;14;41;20;7;6;6
246.0;6;13;7;13;42;19;8;6;6
252.0;7;10;7;13;42;19;11;5;6
258.0;7;10;5;12;42;19;12;6;7
264.0;6;12;5;13;43;17;11;6;7
270.0;7;12;4;12;41;16;12;7;9
276.0;7;12;4;13;41;16;12;7;8
282.0;8;13;4;11;42;18;9;8;7
288.0;9;13;4;10;42;17;9;9;7
294.0;10;12;4;10;41;16;9;8;10
300.0;10;11;4;11;41;15;9;9;10
306.0;9;13;4;12;41;14;8;10;9
312.0;12;14;4;10;42;13;7;11;7
318.0;12;12;6;9;42;13;8;11;7
324.0;12;12;7;10;42;12;8;10;7
330.0;12;13;7;10;42;12;8;10;6
336.0;13;12;7;10;42;12;8;10;6
342.0;11;13;8;11;43;12;7;10;5
348.0;10;12;7;12;43;14;8;9;5
354.0;8;12;6;12;44;14;8;10;6
360.0;9;11;5;12;45;13;7;12;6
366.0;7;12;4;12;45;14;9;12;5
372.0;5;13;4;12;45;15;9;12;5
378.0;7;13;3;13;46;15;7;11;5
384.0;4;13;3;14;47;14;6;12;7
390.0;3;12;3;14;48;14;6;13;7
396.0;3;10;4;14;50;12;6;14;7
402.0;4;9;4;16;49;12;6;14;6
408.0;5;8;5;16;51;12;7;11;5
414.0;5;10;3;18;51;11;6;11;5
420.0;3;9;5;20;50;10;5;13;5
426.0;4;10;5;20;48;8;7;13;5
432.0;4;10;5;18;53;8;5;12;5
438.0;5;10;5;16;54;6;5;13;6
444.0;5;9;5;17;52;9;2;14;7
450.0;5;8;5;18;52;9;2;14;7
456.0;5;9;5;17;52;8;3;15;6
462.0;5;8;5;16;51;10;3;15;7
468.0;5;6;5;16;50;11;2;18;7
474.0;5;5;5;16;51;11;2;18;7
480.0;5;6;4;16;50;12;2;18;7
486.0;5;6;4;16;50;12;2;18;7
492.0;5;6;2;16;51;13;2;17;8
498.0;4;4;2;18;52;14;2;16;8
504.0;5;5;2;17;51;15;3;13;9
510.0;5;6;2;17;51;15;3;13;8
516.0;5;5;2;17;52;15;3;14;7
522.0;5;4;2;17;52;15;5;14;6
528.0;5;5;3;17;53;15;5;14;3
534.0;4;6;3;15;53;16;3;15;5
540.0;3;6;3;14;53;15;3;16;7
546.0;3;6;4;14;53;14;3;17;6
552.0;1;7;4;14;54;13;4;16;7
558.0;1;7;3;13;54;12;7;16;7
564.0;0;8;3;13;54;12;6;17;7
570.0;2;8;5;12;54;11;7;16;5
576.0;1;8;5;13;55;12;6;15;5
582.0;2;8;7;11;55;13;5;15;4
588.0;2;11;8;11;53;12;5;14;4
594.0;5;11;7;11;52;12;4;15;3
600.0;5;12;10;12;52;9;3;15;2
606.0;5;12;10;12;53;8;3;14;3
612.0;5;12;9;11;53;8;3;15;4
618.0;4;13;8;10;53;9;3;14;6
624.0;3;12;7;9;55;9;4;14;7
630.0;4;12;7;8;55;8;4;15;7
636.0;4;12;8;8;56;9;3;12;8
642.0;4;12;8;8;55;10;4;12;7
648.0;4;13;8;8;56;8;4;12;7
654.0;5;12;7;9;57;8;4;11;7
660.0;5;14;8;8;57;8;2;11;7
666.0;5;12;5;9;57;9;4;12;7
672.0;5;12;5;8;56;9;5;13;7
678.0;5;12;5;8;56;9;5;14;6
684.0;5;13;4;8;55;9;5;15;6
690.0;4;13;4;8;55;9;6;15;6
696.0;5;13;3;6;57;11;4;14;7
702.0;5;13;2;5;57;12;5;15;6
708.0;4;14;2;8;57;11;4;15;5
714.0;5;15;2;9;57;10;4;14;4
720.0;4;14;4;8;56;9;5;15;5
726.0;3;16;4;8;55;10;5;15;4
732.0;2;16;4;7;55;9;7;16;4
738.0;2;15;5;6;54;9;7;17;5
744.0;4;15;6;5;52;8;7;18;5
750.0;4;15;6;5;53;7;7;18;5
756.0;4;13;5;8;53;6;7;19;5
762.0;4;13;5;8;53;6;7;19;5
768.0;5;12;5;8;54;7;7;18;4
774.0;4;12;3;7;54;9;7;19;5
780.0;5;10;2;8;55;10;7;18;5
786.0;5;10;3;7;55;9;9;17;5
792.0;5;11;5;8;55;8;8;15;5
798.0;5;11;5;9;54;9;7;14;6
804.0;5;10;5;8;54;9;5;16;8
810.0;4;10;4;8;56;8;4;16;10
816.0;4;11;4;10;57;8;4;15;7
822.0;5;11;4;10;57;8;5;14;6
828.0;6;9;4;10;57;9;6;14;5
834.0;4;10;4;10;55;9;9;14;5
840.0;3;11;5;10;54;10;9;12;6
846.0;4;11;5;10;54;10;9;12;5
852.0;4;13;3;10;55;9;8;13;5
858.0;5;14;3;9;56;9;6;13;5
864.0;5;14;4;8;55;9;7;13;5
870.0;5;15;4;8;54;10;6;13;5
876.0;4;14;6;10;53;10;6;11;6
882.0;5;13;8;10;52;10;4;11;7
888.0;6;11;8;10;51;10;5;12;7
894.0;4;12;9;9;50;11;5;12;8
900.0;4;11;9;9;51;10;5;13;8
906.0;4;11;7;10;50;11;6;13;8
912.0;4;11;8;10;49;11;6;13;8
918.0;3;12;7;10;48;10;7;14;9
924.0;2;12;9;10;48;9;8;15;7
930.0;3;15;8;10;47;10;7;15;5
936.0;2;15;9;10;47;10;6;14;7
942.0;3;16;9;10;49;9;5;13;6
948.0;5;16;7;8;48;10;6;14;6
954.0;4;16;6;10;49;10;6;13;6
960.0;7;15;6;8;49;10;5;13;7
966.0;7;15;7;8;48;10;4;13;8
972.0;8;14;8;6;49;10;5;13;7
978.0;9;13;8;6;49;9;7;11;8
984.0;9;14;7;5;50;9;8;12;6
990.0;8;15;8;4;50;10;8;11;6
996.0;9;14;6;3;52;12;9;10;5
1002.0;10;14;5;4;52;11;9;10;5
1008.0;9;15;4;4;52;12;10;9;5
1014.0;8;15;4;4;52;11;12;9;5
1020.0;6;17;5;5;51;12;11;8;5
1026.0;6;17;6;7;50;13;9;8;4
1032.0;5;15;7;8;52;13;8;8;4
1038.0;5;13;7;10;52;13;8;9;3
1044.0;5;14;7;8;52;13;9;9;3
1050.0;4;14;7;7;52;13;10;10;3
1056.0;4;13;8;7;52;12;9;10;5
1062.0;4;14;8;7;52;12;9;9;5
1068.0;5;14;7;8;52;11;9;9;5
1074.0;5;14;7;8;53;11;9;9;4
1080.0;4;14;6;10;53;10;9;9;5
1086.0;4;15;6;10;53;10;8;9;5
1092.0;5;16;5;10;52;10;7;10;5
1098.0;6;15;5;10;52;10;7;10;5
1104.0;7;14;5;11;51;10;7;11;4
1110.0;6;15;6;12;51;9;6;11;4
1116.0;5;15;5;12;50;9;6;13;5
1122.0;5;14;7;10;50;9;7;13;5
1128.0;5;13;6;11;51;9;7;11;7
1134.0;5;13;6;13;49;11;6;10;7
1140.0;4;12;6;14;49;12;6;10;7
1146.0;5;13;6;12;48;13;5;11;7
1152.0;6;12;5;13;48;14;4;11;7
1158.0;6;13;5;13;49;14;4;11;5
1164.0;7;12;5;13;49;15;3;11;5
1170.0;7;13;4;13;49;16;4;10;4
1176.0;8;11;5;13;51;15;3;10;4
1182.0;8;10;4;13;52;15;3;11;4
1188.0;7;10;4;13;51;15;3;13;4
1194.0;5;12;4;13;52;15;2;15;2
1200.0;4;12;5;13;53;14;2;15;2
1206.0;4;11;6;13;54;11;2;16;3
1212.0;5;11;4;13;54;11;2;17;3
1218.0;6;11;4;13;54;10;2;16;4
1224.0;7;10;3;12;56;11;3;14;4
1230.0;5;10;3;12;57;13;2;14;4
1236.0;4;10;3;11;58;14;2;14;4
1242.0;3;11;3;11;59;13;2;14;4
1248.0;3;11;3;11;58;13;3;14;4
1254.0;3;11;3;11;58;13;3;14;4
1260.0;4;11;3;14;55;11;5;12;5
1266.0;4;12;4;13;56;10;5;11;5
1272.0;4;11;4;13;55;10;5;12;6
1278.0;5;9;3;14;56;10;6;11;6
1284.0;5;9;3;14;57;10;6;10;6
1290.0;5;9;4;14;57;10;4;11;6
1296.0;4;10;5;15;54;9;4;12;7
1302.0;6;9;6;14;55;9;4;10;7
1308.0;6;9;6;13;55;9;5;10;7
1314.0;6;9;3;14;56;12;4;11;5
1320.0;5;8;3;14;56;12;4;13;5
1326.0;5;8;2;14;56;11;5;13;6
1332.0;4;11;2;13;56;11;4;13;6
1338.0;4;14;3;13;55;11;2;12;6
1344.0;4;16;3;13;54;10;1;13;6
1350.0;4;17;2;13;54;10;1;12;7
1356.0;2;15;2;16;54;10;2;11;8
1362.0;2;14;1;17;54;10;2;12;8
1368.0;2;15;1;15;52;13;3;12;7
1374.0;2;13;2;15;52;13;3;13;7
1380.0;2;13;2;16;52;14;4;12;5
1386.0;3;15;2;16;51;13;5;12;3
1392.0;3;13;2;16;52;13;5;13;3
1398.0;6;14;1;16;49;12;3;16;3
1404.0;7;15;0;14;49;12;4;16;3
1410.0;6;15;0;13;49;11;5;17;4
1416.0;6;16;0;13;48;11;5;17;4
1422.0;7;16;0;13;48;12;4;16;4
1428.0;6;17;1;14;47;10;5;15;5
1434.0;5;18;2;13;47;10;5;15;5
1440.0;4;18;3;11;48;10;6;15;5
1446.0;5;16;2;11;48;12;6;14;6
1452.0;5;13;3;12;47;13;6;14;7
1458.0;5;13;3;10;49;14;7;12;7
1464.0;5;13;2;12;48;15;8;12;5
1470.0;4;13;4;11;48;15;8;12;5
1476.0;5;12;3;10;47;15;10;13;5
1482.0;5;13;3;9;47;15;10;13;5
1488.0;6;12;4;8;47;14;10;14;5
1494.0;7;12;4;7;47;14;8;15;6
1500.0;8;12;5;5;47;14;8;15;6
1506.0;7;13;6;5;47;15;9;14;4
1512.0;8;12;4;5;46;17;10;14;4
1518.0;8;13;4;5;45;17;7;16;5
1524.0;8;13;5;6;45;16;7;15;5
1530.0;7;14;6;6;45;15;7;15;5
1536.0;9;14;7;6;43;15;7;14;5
1542.0;9;13;7;7;44;15;8;13;4
1548.0;9;13;6;9;44;17;6;13;3
1554.0;8;12;7;9;44;17;8;12;3
1560.0;10;10;7;7;44;15;9;15;3
1566.0;9;11;8;6;44;14;9;16;3
1572.0;9;11;7;7;44;14;9;16;3
1578.0;8;11;7;6;45;14;10;16;3
1584.0;8;11;7;7;46;13;9;16;3
1590.0;8;12;7;9;45;15;7;14;3
1596.0;8;13;6;9;45;15;7;14;3
1602.0;8;12;8;9;45;15;7;12;4
1608.0;7;13;8;9;46;15;7;12;3
1614.0;6;14;8;9;47;16;8;10;2
1620.0;4;15;8;9;47;16;8;11;2
1626.0;4;15;7;9;48;17;6;10;4
1632.0;5;16;5;11;47;17;3;11;5
1638.0;5;15;6;13;47;15;3;12;4
1644.0;6;17;4;13;46;14;5;11;4
1650.0;7;17;3;12;46;15;5;10;5
1656.0;4;20;2;12;47;15;3;11;6
1662.0;4;19;2;12;47;15;3;12;6
1668.0;5;19;3;14;47;12;3;11;6
1674.0;5;18;4;14;48;12;3;10;6
1680.0;4;19;3;14;48;14;3;9;6
1686.0;5;19;3;14;48;14;3;8;6
1692.0;5;18;4;13;48;13;4;8;7
1698.0;5;19;4;14;48;14;3;6;7
1704.0;5;19;3;14;49;14;4;7;5
1710.0;6;18;4;14;48;13;3;9;5
1716.0;7;18;5;13;49;13;3;8;4
1722.0;5;17;4;11;51;14;3;10;5
1728.0;4;17;4;11;52;15;3;9;5
1734.0;6;17;5;10;52;15;2;9;4
1740.0;6;17;5;9;53;15;2;9;4
1746.0;6;17;5;9;52;17;2;8;4
1752.0;5;16;5;10;53;16;2;8;5
1758.0;6;16;4;10;52;17;2;9;4
1764.0;7;16;4;9;53;16;2;9;4
1770.0;8;17;3;11;52;14;2;9;4
1776.0;8;16;3;10;53;12;3;10;5
1782.0;8;15;3;9;55;10;4;11;5
1788.0;9;14;3;10;55;9;4;12;4
1794.0;8;14;3;10;54;9;4;13;5
