#auto generated file!
12.0;41;38;41;37;50;52;36;37;38
18.0;40;37;44;35;50;54;33;38;39
24.0;40;37;38;34;53;56;32;41;39
30.0;39;36;35;35;54;58;31;43;39
36.0;39;38;34;38;55;57;27;43;39
42.0;33;42;35;41;56;55;25;45;38
48.0;35;43;28;43;62;57;21;46;35
54.0;36;43;26;45;64;58;21;45;32
60.0;35;46;24;45;63;56;22;45;34
66.0;37;48;21;42;68;51;23;47;33
72.0;38;48;23;43;70;51;20;46;31
78.0;30;51;26;44;71;49;22;46;31
84.0;24;49;26;45;73;48;23;50;32
90.0;21;55;21;51;76;46;21;51;28
96.0;25;49;24;47;80;48;20;50;27
102.0;25;47;25;46;82;51;18;50;26
108.0;24;49;23;46;84;49;17;49;29
114.0;24;49;21;46;85;48;19;50;28
120.0;25;46;20;47;88;45;21;50;28
126.0;23;48;21;43;86;46;23;48;32
132.0;24;49;22;43;90;44;23;45;30
138.0;21;49;25;41;93;45;22;44;30
144.0;20;49;23;43;93;48;19;45;30
150.0;19;52;24;41;95;46;15;48;30
156.0;20;49;23;44;95;44;17;47;31
162.0;23;48;20;45;96;46;19;48;25
168.0;25;47;23;44;96;45;20;47;23
174.0;24;48;24;43;98;44;18;49;22
180.0;23;51;29;44;96;43;16;49;19
186.0;19;49;32;45;97;43;13;53;19
192.0;17;49;30;45;99;44;14;52;20
198.0;18;50;27;43;101;45;13;52;21
204.0;16;48;25;42;102;45;17;50;25
210.0;16;47;24;44;102;44;16;52;25
216.0;17;49;23;47;103;45;14;48;24
222.0;16;47;24;48;103;43;13;48;28
228.0;16;49;25;48;100;44;12;48;28
234.0;15;51;28;47;99;44;10;49;27
240.0;16;48;28;47;100;46;11;49;25
246.0;18;49;24;46;100;44;11;50;28
252.0;17;47;25;44;104;41;16;48;28
258.0;18;44;26;44;104;41;18;48;27
264.0;22;44;23;47;106;36;19;48;25
270.0;21;44;24;47;105;39;17;50;23
276.0;22;41;29;46;105;39;16;51;21
282.0;23;41;28;46;104;42;17;46;23
288.0;19;42;27;44;107;47;19;43;22
294.0;17;40;29;45;108;48;19;44;20
300.0;17;38;31;45;112;44;19;44;20
306.0;16;37;30;46;113;43;20;44;21
312.0;17;37;27;48;113;44;20;44;20
318.0;16;36;25;51;115;45;18;47;17
324.0;17;33;26;49;115;44;22;47;17
330.0;16;33;27;49;114;43;24;47;17
336.0;20;33;26;46;116;43;21;47;18
342.0;20;35;24;42;118;43;23;51;14
348.0;19;36;19;40;120;43;27;52;14
354.0;18;37;18;41;121;40;24;54;17
360.0;19;35;19;42;124;41;23;52;15
366.0;16;33;18;40;126;43;23;53;18
372.0;15;33;19;38;128;42;20;53;22
378.0;17;35;19;38;128;41;19;52;21
384.0;16;36;18;39;129;42;20;48;22
390.0;15;39;18;40;131;42;17;47;21
396.0;15;43;17;35;132;43;17;46;22
402.0;13;44;19;34;134;39;19;45;23
408.0;14;47;19;29;135;41;18;43;24
414.0;18;44;15;30;137;43;18;43;22
420.0;18;44;17;33;137;40;18;42;21
426.0;21;44;18;33;138;40;14;42;20
432.0;20;41;18;36;138;42;13;41;21
438.0;22;41;16;40;138;40;13;41;19
444.0;24;42;16;38;137;36;12;46;19
450.0;23;40;17;36;140;37;15;43;19
456.0;24;39;16;36;140;37;15;43;20
462.0;23;40;14;37;140;40;14;42;20
468.0;20;42;17;38;138;37;14;42;22
474.0;17;44;17;37;141;38;16;40;20
480.0;15;45;16;40;142;37;13;40;22
486.0;14;47;17;39;141;36;11;41;24
492.0;12;46;15;41;141;37;12;42;24
498.0;14;45;14;41;141;35;14;41;25
504.0;15;45;11;44;141;36;15;39;24
510.0;15;43;11;46;138;38;16;34;29
516.0;15;47;10;45;140;39;15;34;25
522.0;15;49;12;41;142;37;16;35;23
528.0;13;48;13;41;144;37;17;35;22
534.0;11;47;15;40;145;37;18;34;23
540.0;10;45;13;41;145;41;18;37;20
546.0;11;46;15;40;141;43;17;34;23
552.0;12;47;15;40;140;45;15;34;22
558.0;12;48;15;40;141;45;15;33;21
564.0;14;47;15;42;142;42;16;33;19
570.0;16;42;18;41;146;42;15;32;18
576.0;14;43;20;40;147;41;17;31;17
582.0;15;44;19;41;146;40;17;32;16
588.0;16;44;17;38;147;41;15;34;18
594.0;16;41;16;40;146;41;17;36;17
600.0;20;40;19;40;143;40;15;38;15
606.0;19;38;18;42;143;43;13;38;16
612.0;22;38;17;44;140;45;12;37;15
618.0;23;38;18;47;139;42;13;37;13
624.0;21;37;20;48;136;43;13;37;15
630.0;22;37;17;47;136;45;13;38;15
636.0;21;37;17;45;136;45;13;39;17
642.0;21;40;18;43;136;45;12;38;17
648.0;22;40;17;41;138;44;13;38;17
654.0;19;41;15;37;138;46;14;38;22
660.0;18;40;16;37;138;47;16;39;19
666.0;16;38;18;39;139;48;19;37;16
672.0;18;40;18;37;138;46;18;38;17
678.0;18;40;18;37;138;45;19;39;16
684.0;15;39;17;39;138;45;19;41;17
690.0;16;41;13;38;139;46;20;39;18
696.0;19;37;15;37;140;46;17;37;22
702.0;18;39;17;38;141;45;16;36;20
708.0;16;39;21;37;142;42;16;35;22
714.0;13;39;20;37;147;42;17;32;23
720.0;12;38;20;39;144;46;19;30;22
726.0;10;40;19;37;146;45;21;29;23
732.0;11;41;16;38;148;45;21;29;21
738.0;10;43;18;36;147;46;18;33;19
744.0;8;44;19;39;148;43;19;33;17
750.0;9;46;15;38;148;43;17;33;21
756.0;10;46;16;38;145;43;19;34;19
762.0;11;46;15;38;148;42;16;36;18
768.0;11;47;15;36;148;42;15;38;18
774.0;12;45;16;36;150;39;16;36;20
780.0;11;43;19;36;152;39;17;36;17
786.0;12;43;18;35;152;37;19;35;19
792.0;11;46;17;34;154;35;19;36;18
798.0;12;48;17;37;152;33;19;34;18
804.0;13;48;15;38;150;34;19;35;18
810.0;12;49;14;41;151;34;19;33;17
816.0;12;47;15;38;151;36;20;33;18
822.0;13;49;12;37;151;38;21;34;15
828.0;11;47;14;38;151;38;23;32;16
834.0;10;44;16;41;150;37;21;35;16
840.0;13;44;14;40;148;38;23;33;17
846.0;16;45;15;42;147;38;19;31;17
852.0;15;44;16;43;145;37;21;30;19
858.0;14;48;17;42;145;37;19;27;21
864.0;14;48;15;44;147;38;18;27;19
870.0;12;47;19;45;145;37;18;28;19
876.0;12;43;18;44;148;40;17;27;21
882.0;14;40;21;43;152;42;14;26;18
888.0;12;39;24;41;152;42;14;31;15
894.0;14;39;22;41;154;43;11;31;15
900.0;16;36;23;38;155;46;10;31;15
906.0;13;38;22;38;156;44;11;32;16
912.0;14;37;19;38;158;42;13;33;16
918.0;16;39;20;37;157;41;12;34;14
924.0;14;37;19;37;157;39;13;37;17
930.0;17;36;19;35;157;39;14;38;15
936.0;18;35;22;40;158;37;12;35;13
942.0;17;33;23;40;155;38;13;37;14
948.0;19;33;21;41;156;38;13;37;12
954.0;20;34;22;38;157;37;14;38;10
960.0;19;32;21;39;158;38;14;37;12
966.0;21;32;19;40;157;40;16;34;11
972.0;22;31;19;37;158;39;15;38;11
978.0;21;30;20;34;160;39;15;40;11
984.0;22;29;19;40;160;39;14;38;9
990.0;21;32;21;40;160;37;15;35;9
996.0;22;35;19;35;161;37;16;36;9
1002.0;23;36;19;33;159;38;16;37;9
1008.0;20;36;19;35;159;39;16;37;9
1014.0;20;34;17;34;159;42;17;36;11
1020.0;21;31;15;37;158;42;16;39;11
1026.0;23;31;14;34;160;41;18;37;12
1032.0;22;31;14;34;160;41;17;38;13
1038.0;20;29;15;34;158;43;14;40;17
1044.0;19;28;15;36;161;41;12;42;16
1050.0;20;27;18;33;161;39;13;43;16
1056.0;18;30;15;35;159;38;14;42;19
1062.0;17;30;18;34;156;38;15;42;20
1068.0;15;34;17;34;157;39;15;41;18
1074.0;14;36;14;37;156;38;17;42;16
1080.0;15;37;13;36;154;37;19;41;18
1086.0;13;35;12;37;154;37;21;43;18
1092.0;12;34;16;37;153;37;20;45;16
1098.0;9;34;17;39;152;38;16;44;21
1104.0;11;35;16;40;155;35;15;42;21
1110.0;14;37;16;41;152;36;15;39;20
1116.0;13;36;17;42;152;34;16;39;21
1122.0;14;36;19;40;155;35;17;35;19
1128.0;14;36;20;40;156;35;17;34;18
1134.0;12;37;20;39;158;33;19;34;18
1140.0;12;37;23;34;159;33;17;33;22
1146.0;12;38;22;35;160;31;18;36;18
1152.0;14;38;23;33;160;29;16;39;18
1158.0;12;40;21;35;161;31;14;40;16
1164.0;15;41;21;31;161;31;17;40;13
1170.0;17;45;21;31;161;31;19;34;11
1176.0;15;44;21;33;163;31;20;33;10
1182.0;14;43;20;34;164;32;19;33;11
1188.0;12;39;19;35;165;31;21;36;12
1194.0;11;42;19;34;161;32;21;37;13
1200.0;12;43;22;35;160;29;20;36;13
1206.0;9;44;24;36;161;28;18;35;15
1212.0;11;44;22;36;160;29;17;35;16
1218.0;12;41;20;32;161;31;17;38;18
1224.0;14;38;19;31;162;34;17;40;15
1230.0;15;39;18;31;163;31;17;38;18
1236.0;16;38;19;33;162;33;18;36;15
1242.0;13;39;20;34;162;35;19;36;12
1248.0;12;40;19;34;164;35;20;36;10
1254.0;13;39;19;35;164;35;18;34;13
1260.0;13;41;19;35;163;32;18;35;14
1266.0;11;38;18;37;164;33;18;36;15
1272.0;12;38;20;34;165;33;17;34;17
1278.0;12;38;21;34;166;33;17;33;16
1284.0;15;37;19;33;168;35;18;31;14
1290.0;14;36;19;33;168;34;19;32;15
1296.0;15;36;20;33;167;31;20;35;13
1302.0;13;38;20;32;169;32;20;35;11
1308.0;15;36;22;32;169;32;20;35;9
1314.0;14;34;21;34;169;32;22;34;10
1320.0;13;31;19;35;168;34;25;35;10
1326.0;14;30;13;36;170;33;26;38;10
1332.0;15;31;15;37;169;32;25;37;9
1338.0;15;32;15;37;169;32;22;38;10
1344.0;13;31;19;35;167;30;24;40;11
1350.0;13;32;21;35;167;28;22;41;11
1356.0;13;32;21;34;165;28;23;42;12
1362.0;14;31;18;32;165;29;26;44;11
1368.0;14;35;16;30;166;30;22;46;11
1374.0;15;32;17;29;165;33;23;48;8
1380.0;16;32;17;30;165;32;21;48;9
1386.0;20;34;17;29;160;33;20;47;10
1392.0;23;32;19;27;163;33;18;44;11
1398.0;24;31;20;26;165;33;18;42;11
1404.0;25;31;21;27;163;33;17;41;12
1410.0;27;31;21;25;162;35;16;39;14
1416.0;32;33;21;25;160;34;16;37;12
1422.0;27;35;24;24;162;33;17;36;12
1428.0;29;37;25;22;164;33;12;35;13
1434.0;29;34;26;22;164;35;13;35;12
1440.0;25;38;28;23;163;35;11;35;12
1446.0;24;39;27;26;162;34;11;35;12
1452.0;22;40;25;27;162;37;11;33;13
1458.0;24;38;24;27;162;35;16;31;13
1464.0;25;37;18;28;161;36;21;32;12
1470.0;22;37;20;29;163;37;16;33;13
1476.0;20;36;23;29;162;38;16;34;12
1482.0;19;35;25;30;161;37;15;34;14
1488.0;18;36;25;28;161;38;15;35;14
1494.0;17;35;27;29;161;38;16;33;14
1500.0;16;34;28;29;162;40;16;32;13
1506.0;13;34;27;33;161;38;19;30;15
1512.0;12;33;27;36;162;37;18;31;14
1518.0;13;32;27;40;163;34;18;30;13
1524.0;12;33;27;39;158;34;19;32;16
1530.0;12;33;26;37;156;34;20;34;18
1536.0;13;31;24;36;155;34;21;35;21
1542.0;11;30;24;37;155;36;23;35;19
1548.0;11;31;23;39;155;34;22;35;20
1554.0;12;31;24;39;158;29;22;35;20
1560.0;13;30;24;38;157;31;23;34;20
1566.0;12;29;24;39;158;30;22;37;19
1572.0;11;31;25;37;159;30;20;38;19
1578.0;13;31;22;35;160;31;21;38;19
1584.0;14;29;22;34;160;31;19;40;21
1590.0;15;28;21;33;162;32;17;39;23
1596.0;17;28;20;33;159;33;17;40;23
1602.0;17;27;22;30;160;33;16;40;25
1608.0;17;30;23;31;157;34;15;41;22
1614.0;17;29;23;31;156;36;17;40;21
1620.0;14;31;24;32;153;39;17;41;19
1626.0;16;31;22;35;147;39;17;44;19
1632.0;16;32;21;35;146;37;19;45;19
1638.0;17;33;23;31;148;35;20;43;20
1644.0;18;33;24;29;146;36;20;43;21
1650.0;19;30;24;29;148;38;19;43;20
1656.0;21;30;22;31;143;36;22;45;20
1662.0;22;30;21;29;145;35;23;46;19
1668.0;24;30;19;27;145;37;22;48;18
1674.0;27;32;19;26;147;37;19;45;18
1680.0;27;32;18;28;146;37;19;47;16
1686.0;28;30;18;29;147;39;20;43;16
1692.0;28;30;18;29;147;39;19;44;16
1698.0;23;30;16;33;148;38;20;43;19
1704.0;22;30;17;31;148;39;18;44;21
1710.0;22;32;18;32;148;37;17;43;21
1716.0;23;29;19;38;147;35;15;43;21
1722.0;22;31;19;38;146;38;14;42;20
1728.0;21;30;19;38;149;37;16;42;18
1734.0;18;33;21;39;146;31;14;46;22
1740.0;17;31;18;40;146;30;13;53;22
1746.0;17;32;17;42;146;28;15;51;22
1752.0;18;32;18;41;147;25;16;48;25
1758.0;19;33;18;39;148;26;16;48;23
1764.0;17;32;18;42;151;24;14;50;22
1770.0;16;30;17;45;150;26;14;51;21
1776.0;14;30;18;40;152;26;17;52;21
1782.0;14;29;18;39;150;30;20;51;19
1788.0;14;29;19;33;150;29;23;50;23
1794.0;16;28;18;32;149;28;25;51;23
