#auto generated file!
12.0;19;21;28;19;29;27;25;23;19
18.0;20;21;22;22;31;23;26;23;22
24.0;22;19;20;21;33;24;24;23;24
30.0;24;19;22;18;35;22;23;21;26
36.0;24;18;21;20;36;24;21;21;25
42.0;20;19;19;22;37;25;22;22;24
48.0;22;18;19;23;38;24;21;22;23
54.0;20;18;18;24;42;22;20;22;24
60.0;19;20;16;23;43;23;19;23;24
66.0;18;19;14;25;45;23;18;23;25
72.0;17;17;13;26;48;23;19;24;23
78.0;16;16;13;26;48;24;20;25;22
84.0;17;15;12;29;48;24;17;25;23
90.0;15;15;12;29;50;26;17;27;19
96.0;14;15;12;26;52;27;22;25;17
102.0;15;15;14;23;53;26;21;27;16
108.0;15;11;13;24;54;26;21;30;16
114.0;16;13;12;24;55;26;21;30;13
120.0;15;13;12;25;56;26;20;30;13
126.0;10;16;12;25;57;26;19;30;15
132.0;6;17;11;26;57;26;24;28;15
138.0;9;14;12;27;57;25;22;29;15
144.0;9;15;12;28;56;25;20;31;14
150.0;10;14;15;29;55;25;19;32;11
156.0;9;14;15;29;56;24;20;30;13
162.0;9;13;17;24;60;23;19;33;12
168.0;11;13;15;22;63;23;17;34;12
174.0;11;12;14;24;64;24;16;34;11
180.0;10;10;15;25;65;26;15;32;12
186.0;9;10;13;29;65;26;14;30;14
192.0;11;11;13;30;67;21;14;30;13
198.0;9;13;13;30;68;21;13;31;12
204.0;8;12;15;30;69;21;13;30;12
210.0;8;14;14;30;71;21;10;31;11
216.0;10;16;13;30;72;19;10;31;9
222.0;11;13;13;30;73;18;10;32;10
228.0;12;16;15;29;74;17;8;29;10
234.0;14;17;15;29;75;17;5;29;9
240.0;14;18;16;27;75;16;5;27;12
246.0;14;20;16;27;75;15;4;27;12
252.0;16;19;14;25;76;14;4;28;14
258.0;15;23;13;25;76;14;3;27;14
264.0;15;26;13;23;77;12;7;27;10
270.0;10;26;16;24;74;14;7;30;9
276.0;13;26;18;20;76;13;6;28;10
282.0;10;24;15;20;79;13;6;30;13
288.0;10;23;13;21;78;14;8;30;13
294.0;8;23;11;21;78;15;9;31;14
300.0;9;24;13;20;78;13;7;32;14
306.0;11;25;11;19;78;15;6;31;14
312.0;13;24;14;19;77;13;8;29;13
318.0;13;22;15;18;77;14;11;26;14
324.0;12;22;16;18;76;14;12;25;15
330.0;12;24;14;19;77;14;12;23;15
336.0;11;26;14;20;77;14;10;22;16
342.0;9;27;15;21;77;14;9;23;15
348.0;9;26;13;20;80;15;10;23;14
354.0;11;24;13;19;79;16;10;23;15
360.0;12;27;12;20;81;17;11;19;11
366.0;12;28;11;20;80;15;12;20;12
372.0;10;26;11;20;84;15;12;20;12
378.0;10;23;10;21;85;16;11;22;12
384.0;9;21;9;23;85;17;10;22;14
390.0;9;22;9;23;83;17;12;22;13
396.0;7;24;9;24;84;17;12;22;11
402.0;7;24;10;24;85;17;11;21;11
408.0;7;27;9;23;86;18;9;20;11
414.0;6;28;8;22;87;18;9;19;13
420.0;6;28;10;21;85;18;9;20;13
426.0;6;28;10;20;86;18;10;20;12
432.0;6;27;9;21;83;19;12;21;12
438.0;7;26;9;20;84;20;11;21;12
444.0;8;26;11;19;83;20;10;21;12
450.0;8;27;9;19;84;20;8;22;13
456.0;10;26;9;19;82;21;8;22;13
462.0;10;24;10;20;83;20;9;23;11
468.0;9;23;13;19;80;21;10;24;11
474.0;11;21;14;18;80;23;11;24;8
480.0;10;21;16;18;80;23;11;24;7
486.0;8;20;15;21;81;23;9;24;9
492.0;6;21;14;21;82;23;9;23;11
498.0;7;23;13;21;83;22;9;23;9
504.0;6;22;14;19;84;22;10;23;10
510.0;7;24;10;19;87;20;11;22;10
516.0;6;25;11;19;86;21;10;22;10
522.0;5;23;10;19;87;23;11;20;12
528.0;5;23;10;18;86;23;11;22;12
534.0;6;21;10;16;86;23;12;22;14
540.0;6;21;10;16;86;25;11;23;12
546.0;6;21;8;15;87;24;11;22;16
552.0;5;19;7;16;90;25;10;21;17
558.0;6;19;4;17;92;24;12;21;15
564.0;7;20;3;17;94;22;13;21;13
570.0;7;19;3;17;95;23;12;21;13
576.0;8;23;4;16;95;20;12;22;10
582.0;8;20;4;18;94;20;11;24;11
588.0;6;21;7;17;95;18;10;25;11
594.0;7;20;7;18;95;20;9;23;11
600.0;7;21;6;18;95;22;10;23;8
606.0;6;21;5;17;95;22;11;24;9
612.0;9;20;6;17;94;21;10;23;10
618.0;9;20;5;17;94;21;13;22;9
624.0;7;18;5;18;94;21;14;23;10
630.0;8;18;6;21;93;17;13;25;9
636.0;9;18;9;19;92;16;13;25;9
642.0;10;19;9;19;92;16;13;25;7
648.0;10;17;10;20;93;16;12;24;8
654.0;12;17;9;20;92;16;11;22;11
660.0;14;16;9;21;95;14;10;21;10
666.0;13;17;9;21;92;15;13;21;9
672.0;12;16;9;20;95;16;14;20;8
678.0;14;17;9;18;94;17;12;21;8
684.0;15;17;9;18;93;15;9;25;9
690.0;15;18;10;18;94;13;7;26;9
696.0;14;18;11;18;94;14;8;24;9
702.0;14;18;13;17;94;15;7;24;8
708.0;14;18;12;15;95;15;7;23;11
714.0;13;17;12;16;94;16;7;24;11
720.0;11;18;12;16;97;18;8;21;9
726.0;11;17;10;17;96;19;8;22;10
732.0;10;17;12;18;97;17;8;21;10
738.0;11;17;13;17;98;17;8;21;8
744.0;11;17;13;17;100;15;9;20;8
750.0;10;18;11;19;100;15;9;22;6
756.0;13;18;10;17;101;16;7;22;6
762.0;12;16;11;18;102;15;6;22;8
768.0;12;16;9;18;103;15;8;22;7
774.0;14;15;7;18;103;14;8;23;8
780.0;16;15;7;17;101;14;9;23;8
786.0;14;17;5;16;102;14;11;22;9
792.0;13;14;6;18;104;15;11;21;8
798.0;14;15;4;18;104;15;13;19;8
804.0;11;15;5;19;105;15;16;17;7
810.0;11;15;5;19;104;15;17;17;7
816.0;11;15;6;20;103;14;16;17;8
822.0;11;18;6;18;103;14;15;17;8
828.0;11;18;6;19;103;13;14;18;8
834.0;11;19;5;20;104;12;13;18;8
840.0;10;18;5;20;105;12;11;20;9
846.0;9;20;4;20;103;13;12;19;10
852.0;11;23;6;18;103;12;9;20;8
858.0;13;23;6;16;102;12;10;20;8
864.0;15;22;6;16;101;14;9;18;9
870.0;13;21;6;18;99;13;11;20;9
876.0;13;20;5;19;99;13;10;19;12
882.0;13;19;7;21;98;12;8;18;14
888.0;15;16;7;20;99;10;8;23;12
894.0;15;16;8;19;100;11;8;22;11
900.0;14;18;6;23;100;10;7;22;10
906.0;14;18;5;25;100;11;7;22;8
912.0;16;15;5;26;99;11;8;23;7
918.0;15;15;5;27;99;9;11;22;7
924.0;16;16;6;26;101;9;7;22;7
930.0;17;16;7;25;100;8;7;22;8
936.0;16;15;8;25;101;8;6;22;9
942.0;19;14;7;24;99;9;8;24;6
948.0;18;15;7;23;101;9;7;24;6
954.0;18;16;6;24;101;9;7;23;6
960.0;17;15;7;24;101;9;10;23;4
966.0;17;16;6;23;98;10;12;24;4
972.0;16;18;7;24;98;9;11;24;3
978.0;13;20;8;23;97;9;11;25;4
984.0;10;21;8;23;97;9;11;25;6
990.0;10;21;7;22;97;12;10;25;6
996.0;10;19;7;22;97;13;10;25;7
1002.0;10;19;7;20;96;13;12;25;8
1008.0;10;19;7;18;98;14;13;23;8
1014.0;10;20;7;19;98;14;11;24;7
1020.0;10;20;5;19;98;13;10;26;9
1026.0;11;24;4;20;98;13;8;22;10
1032.0;8;26;6;18;97;14;11;20;10
1038.0;7;26;8;17;98;15;11;17;11
1044.0;7;27;8;16;97;15;10;19;11
1050.0;6;26;9;16;99;16;9;17;12
1056.0;4;26;9;19;98;16;9;17;12
1062.0;5;24;9;19;97;17;8;19;12
1068.0;5;24;7;19;96;15;11;18;15
1074.0;6;25;7;20;95;14;9;19;15
1080.0;7;26;8;20;95;13;8;20;13
1086.0;8;27;9;18;93;14;10;19;12
1092.0;8;25;9;19;92;17;8;18;14
1098.0;6;24;9;20;92;17;7;19;16
1104.0;9;24;10;20;91;16;6;20;14
1110.0;9;22;11;20;93;16;7;19;13
1116.0;10;24;11;19;92;14;8;18;14
1122.0;10;25;10;21;91;13;8;18;14
1128.0;9;26;9;19;92;14;9;16;16
1134.0;10;28;10;18;92;14;7;15;16
1140.0;10;28;10;19;94;13;7;15;14
1146.0;10;25;12;19;94;14;8;17;11
1152.0;6;24;10;18;96;19;9;18;10
1158.0;5;22;11;18;97;19;9;19;10
1164.0;6;21;9;21;97;18;9;19;10
1170.0;8;21;8;21;97;18;10;18;9
1176.0;9;21;9;20;100;18;8;18;7
1182.0;8;20;9;18;101;20;10;16;8
1188.0;8;21;8;20;101;19;10;15;8
1194.0;6;20;10;18;102;20;12;13;9
1200.0;7;19;10;18;103;20;11;13;9
1206.0;7;19;8;19;105;20;11;12;9
1212.0;7;20;8;16;105;23;10;14;7
1218.0;7;20;9;16;105;24;7;15;7
1224.0;8;20;6;15;107;24;7;16;7
1230.0;8;19;5;16;108;22;7;18;7
1236.0;8;18;4;17;107;20;9;20;7
1242.0;8;20;4;17;108;19;7;20;7
1248.0;7;20;4;17;108;20;9;19;6
1254.0;7;20;7;16;108;20;8;18;6
1260.0;7;19;6;14;112;19;8;17;8
1266.0;6;19;7;13;111;20;9;16;9
1272.0;10;20;8;15;106;19;8;15;9
1278.0;9;19;8;13;107;20;9;16;9
1284.0;8;19;8;12;106;22;9;16;10
1290.0;8;19;6;12;108;22;9;15;11
1296.0;10;19;5;12;107;20;10;16;11
1302.0;8;19;6;12;107;20;8;17;13
1308.0;8;18;7;13;106;19;8;17;14
1314.0;9;20;7;14;106;20;9;15;10
1320.0;9;21;8;14;106;19;8;15;10
1326.0;9;22;8;12;105;18;11;15;10
1332.0;8;23;9;11;105;18;12;15;9
1338.0;9;20;9;13;104;17;15;16;7
1344.0;9;21;11;14;100;17;14;17;7
1350.0;9;21;11;14;102;16;14;16;7
1356.0;9;21;12;15;102;17;11;15;8
1362.0;11;19;12;15;101;19;11;15;7
1368.0;11;20;13;14;102;18;9;14;9
1374.0;12;21;13;14;103;16;8;13;10
1380.0;12;22;15;14;102;16;7;14;8
1386.0;14;19;16;14;101;17;7;15;7
1392.0;15;18;17;14;102;18;7;14;5
1398.0;14;20;16;14;102;17;8;14;5
1404.0;16;20;16;12;101;19;7;13;6
1410.0;16;20;16;13;99;21;6;11;8
1416.0;16;19;14;13;101;23;4;11;9
1422.0;14;18;12;13;100;25;5;14;9
1428.0;11;20;12;13;100;25;5;13;11
1434.0;12;19;13;14;101;24;6;11;10
1440.0;12;20;13;13;100;23;5;13;11
1446.0;11;21;12;12;102;23;4;14;11
1452.0;11;20;12;11;101;21;5;15;14
1458.0;11;19;13;10;101;23;8;15;10
1464.0;10;21;12;11;102;22;7;16;9
1470.0;10;21;13;12;101;22;6;16;9
1476.0;9;21;14;13;99;21;5;17;11
1482.0;12;19;15;14;98;20;5;16;11
1488.0;11;18;13;14;99;22;8;16;9
1494.0;12;16;13;14;100;21;10;16;8
1500.0;11;19;13;16;100;19;6;19;7
1506.0;10;16;12;18;103;17;9;19;6
1512.0;10;16;14;17;99;17;10;19;8
1518.0;13;13;15;15;100;18;11;19;6
1524.0;14;12;14;16;101;19;8;21;5
1530.0;16;13;13;17;101;16;7;23;4
1536.0;14;14;14;17;101;16;6;22;6
1542.0;13;15;14;16;100;17;6;23;6
1548.0;13;15;15;16;98;16;9;23;5
1554.0;13;18;14;16;97;16;9;24;3
1560.0;11;18;12;18;99;17;8;23;4
1566.0;12;17;11;18;99;16;7;23;7
1572.0;12;16;13;18;98;18;5;23;7
1578.0;12;17;12;20;97;17;6;22;7
1584.0;11;18;12;21;95;15;7;22;9
1590.0;10;17;11;22;95;15;7;25;8
1596.0;10;15;12;19;95;15;9;26;9
1602.0;9;12;10;23;95;18;10;25;8
1608.0;6;12;8;23;97;19;12;26;7
1614.0;5;13;10;22;98;18;12;26;6
1620.0;5;12;11;25;98;17;11;25;6
1626.0;4;14;7;26;99;16;10;27;7
1632.0;5;16;7;24;100;16;10;26;6
1638.0;5;15;6;25;101;15;11;25;7
1644.0;5;14;7;24;102;15;10;26;7
1650.0;5;15;4;24;102;17;8;25;10
1656.0;4;15;4;25;101;17;9;26;9
1662.0;4;14;4;23;102;15;9;26;13
1668.0;4;14;4;22;102;15;11;26;12
1674.0;4;14;4;23;100;15;12;26;12
1680.0;5;16;5;23;100;14;10;25;12
1686.0;5;16;6;23;100;13;11;25;11
1692.0;4;15;7;24;97;14;13;26;10
1698.0;4;15;8;24;97;14;12;25;11
1704.0;4;14;6;23;98;16;13;25;11
1710.0;3;16;6;25;96;16;14;24;10
1716.0;4;16;9;22;96;14;14;24;11
1722.0;5;17;10;21;96;14;12;23;12
1728.0;5;18;11;19;95;14;13;25;10
1734.0;5;19;11;18;94;16;15;24;8
1740.0;4;19;10;18;95;16;16;23;9
1746.0;5;19;9;17;96;16;17;24;7
1752.0;5;17;8;17;98;14;20;26;5
1758.0;7;20;9;17;96;14;18;25;4
1764.0;6;19;10;19;96;14;16;26;4
1770.0;5;19;9;21;93;16;16;26;5
1776.0;6;19;10;19;94;14;15;27;6
1782.0;8;21;9;19;95;14;12;25;7
1788.0;8;21;9;19;95;12;16;22;8
1794.0;8;22;7;19;97;12;15;21;9
