#auto generated file!
12.0;16;19;11;22;19;18;22;17;16
18.0;19;19;12;23;19;22;16;16;14
24.0;17;18;14;23;19;20;16;18;15
30.0;15;15;14;27;22;21;13;17;16
36.0;15;15;14;26;24;20;13;17;16
42.0;16;17;14;26;25;18;13;17;14
48.0;14;16;14;26;26;21;13;16;14
54.0;15;15;13;24;26;22;14;16;15
60.0;14;17;15;23;26;21;12;15;17
66.0;12;20;16;23;25;20;14;14;16
72.0;13;19;17;20;25;21;13;17;15
78.0;12;20;17;20;26;21;14;16;14
84.0;13;18;18;20;28;20;13;15;15
90.0;13;20;16;19;30;23;10;15;14
96.0;13;21;16;17;32;24;10;14;13
102.0;14;21;16;17;34;23;9;13;13
108.0;12;22;16;18;33;23;9;16;11
114.0;10;21;19;19;34;21;9;17;10
120.0;11;23;18;19;36;20;6;16;11
126.0;11;25;16;18;34;20;9;15;12
132.0;8;26;16;19;35;21;11;15;9
138.0;8;28;17;17;36;19;11;13;11
144.0;8;27;17;17;38;19;10;13;11
150.0;10;27;17;15;39;17;10;15;10
156.0;9;26;15;14;38;22;9;18;9
162.0;9;25;14;14;40;22;8;18;10
168.0;10;24;14;14;41;23;5;20;9
174.0;11;25;15;13;42;22;4;20;8
180.0;11;24;14;13;44;20;6;20;8
186.0;10;22;12;16;44;21;6;21;8
192.0;13;22;11;16;44;22;6;22;4
198.0;13;22;9;16;45;21;5;24;5
204.0;12;20;11;17;45;21;5;23;6
210.0;12;21;10;17;45;22;6;23;4
216.0;12;20;10;18;44;23;7;22;4
222.0;11;20;10;18;46;23;7;21;4
228.0;12;17;10;18;47;23;7;21;5
234.0;12;16;8;17;49;24;7;21;6
240.0;13;14;9;18;51;21;7;20;7
246.0;13;14;9;19;50;23;8;20;4
252.0;11;16;9;19;50;21;8;21;5
258.0;11;17;7;17;52;19;9;20;8
264.0;12;18;7;16;52;19;8;20;8
270.0;11;19;6;16;53;18;8;20;9
276.0;9;21;6;16;53;18;8;19;10
282.0;8;22;6;14;54;18;12;16;10
288.0;9;23;7;15;54;17;10;15;10
294.0;10;22;6;15;55;19;9;16;8
300.0;10;20;6;16;55;18;10;17;8
306.0;10;20;5;14;56;19;11;17;8
312.0;12;19;5;14;57;20;11;15;7
318.0;13;18;5;13;57;19;10;15;10
324.0;11;18;6;14;60;18;8;16;9
330.0;12;17;8;14;58;18;10;16;7
336.0;11;17;7;14;57;19;11;15;9
342.0;12;16;7;15;59;18;10;14;9
348.0;9;18;7;16;58;19;9;13;11
354.0;6;15;10;16;60;18;10;14;11
360.0;7;16;10;16;60;17;9;13;12
366.0;8;16;10;16;60;15;10;12;13
372.0;7;17;10;15;62;15;10;12;12
378.0;7;17;9;15;64;17;10;11;10
384.0;8;19;11;15;63;16;8;12;8
390.0;8;20;11;15;63;15;8;12;8
396.0;7;21;12;16;63;15;9;9;8
402.0;7;19;12;17;65;15;9;8;8
408.0;7;18;14;20;66;14;7;8;6
414.0;7;19;13;19;67;14;5;11;5
420.0;8;18;10;20;66;14;6;10;8
426.0;9;19;9;19;66;13;8;9;8
432.0;9;18;8;19;67;12;8;12;7
438.0;9;18;9;16;67;13;9;12;7
444.0;10;17;11;17;67;13;7;11;7
450.0;8;17;10;18;68;14;7;10;8
456.0;9;15;8;20;69;14;7;10;8
462.0;9;16;10;18;69;13;8;10;7
468.0;6;18;12;18;68;12;10;11;5
474.0;7;16;11;16;67;15;9;13;6
480.0;8;17;11;15;68;13;10;12;6
486.0;8;18;13;15;68;13;9;10;6
492.0;7;18;11;14;68;16;9;12;5
498.0;6;19;10;12;68;18;9;12;6
504.0;9;20;8;12;67;19;8;11;6
510.0;8;20;8;12;67;21;9;10;5
516.0;9;20;10;12;68;21;6;10;4
522.0;8;19;9;12;69;24;5;10;4
528.0;7;18;10;11;71;22;6;10;5
534.0;9;18;10;13;70;22;4;10;4
540.0;8;18;10;14;70;23;4;10;3
546.0;8;19;10;14;68;23;5;10;3
552.0;7;18;10;16;68;23;5;10;3
558.0;10;17;9;15;68;22;8;9;2
564.0;11;17;8;14;68;20;8;9;5
570.0;11;18;7;13;70;19;7;10;5
576.0;11;20;7;12;70;20;5;10;5
582.0;11;21;6;11;69;18;9;10;5
588.0;11;21;6;11;68;19;9;10;5
594.0;11;20;6;11;67;20;9;10;6
600.0;11;20;6;12;66;20;9;9;7
606.0;11;19;6;10;67;21;11;9;6
612.0;11;20;5;10;67;20;10;10;7
618.0;10;20;5;11;67;20;9;10;8
624.0;8;19;8;10;68;19;9;10;9
630.0;7;16;9;12;69;20;9;10;8
636.0;5;15;10;15;69;21;9;9;7
642.0;4;16;10;15;68;21;8;11;7
648.0;4;15;11;16;68;20;9;9;8
654.0;3;17;10;16;68;21;8;8;9
660.0;0;21;7;17;66;22;7;9;11
666.0;0;21;8;16;67;22;6;9;11
672.0;1;22;8;15;65;21;7;10;11
678.0;1;22;9;15;65;21;7;11;9
684.0;1;20;8;16;65;20;7;13;10
690.0;1;20;8;17;66;21;7;11;9
696.0;1;20;7;18;67;21;7;11;8
702.0;1;19;6;17;65;22;8;12;10
708.0;1;19;6;17;65;22;7;13;10
714.0;2;20;7;15;66;19;7;14;10
720.0;2;20;6;13;68;18;8;14;11
726.0;2;20;7;13;69;17;9;14;9
732.0;4;20;9;13;69;14;9;13;9
738.0;4;21;8;13;69;13;7;13;12
744.0;8;20;7;13;68;14;8;11;11
750.0;8;21;7;13;68;14;9;11;9
756.0;8;22;6;14;70;14;8;10;8
762.0;8;20;5;15;69;13;11;9;10
768.0;8;21;6;14;68;15;10;9;9
774.0;9;20;5;14;69;15;11;8;9
780.0;7;22;5;13;69;15;11;7;11
786.0;6;23;5;12;70;15;11;8;10
792.0;6;22;5;11;71;17;9;7;12
798.0;8;24;4;11;71;18;7;8;9
804.0;10;23;4;10;71;19;7;8;8
810.0;9;22;4;10;72;18;7;10;8
816.0;9;22;4;9;73;18;8;11;6
822.0;8;21;4;9;74;18;8;11;7
828.0;9;20;5;10;72;18;7;12;7
834.0;10;20;6;10;71;18;7;12;6
840.0;10;21;6;10;71;17;8;11;6
846.0;11;23;6;9;72;18;7;10;4
852.0;11;25;3;8;72;19;9;10;3
858.0;9;24;3;9;73;22;8;8;4
864.0;10;24;4;10;70;22;9;8;3
870.0;10;23;6;10;71;22;7;8;3
876.0;10;23;6;11;73;20;6;9;2
882.0;10;21;7;13;75;20;4;8;2
888.0;9;21;7;14;74;21;3;8;3
894.0;9;23;5;17;75;19;2;7;3
900.0;10;23;5;15;76;20;3;6;2
906.0;9;24;3;14;75;19;4;7;5
912.0;9;25;3;15;76;16;4;7;5
918.0;7;25;6;13;77;15;4;9;4
924.0;7;20;4;14;79;15;5;10;6
930.0;6;19;3;13;80;15;5;11;8
936.0;6;18;4;11;79;15;6;13;8
942.0;7;18;7;12;79;13;6;12;6
948.0;7;18;7;13;78;14;6;12;5
954.0;7;17;6;13;80;16;5;12;4
960.0;8;17;4;13;80;16;5;13;4
966.0;8;16;5;14;80;16;5;13;3
972.0;8;16;5;14;79;17;5;13;3
978.0;7;15;6;15;78;17;6;12;4
984.0;6;14;6;14;79;17;7;12;5
990.0;6;15;7;14;79;16;7;12;4
996.0;8;16;6;15;80;15;5;11;4
1002.0;7;17;7;15;79;13;7;11;4
1008.0;8;18;6;14;79;12;9;11;3
1014.0;9;15;9;14;79;12;9;11;2
1020.0;9;15;8;13;79;11;11;11;3
1026.0;8;14;9;12;81;11;12;11;2
1032.0;8;13;9;11;82;11;11;12;3
1038.0;8;12;8;10;82;14;12;12;2
1044.0;8;13;11;10;81;13;10;12;2
1050.0;9;14;10;9;80;13;7;15;3
1056.0;7;14;10;9;78;15;6;15;6
1062.0;6;15;9;10;80;16;5;14;5
1068.0;7;15;9;10;82;19;4;11;3
1074.0;8;15;11;10;82;18;3;12;1
1080.0;9;16;9;11;80;17;3;12;3
1086.0;9;14;8;11;81;17;3;13;4
1092.0;7;16;7;12;80;17;3;14;4
1098.0;6;17;8;12;82;15;4;13;3
1104.0;5;15;7;14;83;15;6;12;3
1110.0;6;15;8;14;83;14;6;10;4
1116.0;4;15;8;14;84;13;8;10;4
1122.0;5;13;10;13;83;13;9;10;4
1128.0;5;13;9;13;85;12;9;10;4
1134.0;5;12;7;15;85;15;9;8;4
1140.0;5;11;7;13;85;16;11;8;4
1146.0;5;12;7;13;85;16;9;9;4
1152.0;5;12;7;11;85;16;8;10;6
1158.0;4;11;7;13;83;16;9;12;5
1164.0;5;10;6;12;81;17;10;14;5
1170.0;6;10;7;12;80;15;11;14;5
1176.0;6;10;10;12;77;15;10;14;6
1182.0;6;9;9;12;77;16;11;14;6
1188.0;6;8;8;13;78;17;9;15;6
1194.0;7;10;7;12;77;17;10;14;6
1200.0;7;9;6;11;76;21;10;14;6
1206.0;7;10;6;12;76;20;10;13;6
1212.0;6;11;6;13;74;17;12;14;7
1218.0;6;10;5;14;75;18;11;15;6
1224.0;9;11;5;14;74;16;10;16;5
1230.0;10;9;5;14;76;15;9;18;4
1236.0;8;9;5;13;77;15;10;18;5
1242.0;7;10;5;13;77;15;10;18;5
1248.0;7;13;5;15;76;14;8;19;3
1254.0;7;12;5;16;76;14;7;19;4
1260.0;8;12;6;14;76;15;5;21;3
1266.0;9;12;5;13;74;16;4;23;4
1272.0;9;12;4;13;75;17;3;22;5
1278.0;8;14;4;13;73;19;3;21;5
1284.0;10;13;3;13;71;19;2;24;5
1290.0;9;13;3;13;71;19;2;25;5
1296.0;9;14;3;11;71;20;2;26;4
1302.0;10;12;3;11;70;19;2;27;6
1308.0;9;10;6;11;71;16;4;29;4
1314.0;11;8;7;11;69;18;5;27;4
1320.0;11;8;7;11;70;17;4;27;5
1326.0;9;10;6;12;70;17;4;26;6
1332.0;9;9;5;12;70;18;5;26;6
1338.0;12;11;6;11;68;16;5;24;7
1344.0;12;13;7;10;67;17;5;23;6
1350.0;10;13;6;12;67;18;5;22;7
1356.0;10;13;5;13;67;20;2;23;7
1362.0;9;14;6;14;67;17;4;23;6
1368.0;11;13;6;15;67;15;2;24;7
1374.0;12;13;6;17;67;12;4;22;7
1380.0;13;14;9;16;64;12;4;21;7
1386.0;16;15;7;14;63;12;4;20;9
1392.0;15;15;6;14;63;13;5;19;10
1398.0;14;13;5;14;63;15;5;21;10
1404.0;14;12;6;15;64;14;5;22;8
1410.0;11;12;7;14;66;15;6;22;7
1416.0;9;11;9;15;67;15;5;23;6
1422.0;8;12;9;16;66;15;7;20;7
1428.0;8;12;10;16;67;14;7;19;7
1434.0;8;13;10;16;68;12;6;20;7
1440.0;5;14;10;16;68;13;7;19;8
1446.0;3;14;8;17;68;15;6;20;9
1452.0;2;14;7;16;70;17;6;20;8
1458.0;2;14;7;16;70;17;6;20;8
1464.0;2;13;8;15;70;17;6;21;8
1470.0;4;15;6;14;70;18;6;21;6
1476.0;4;14;5;15;70;16;6;23;7
1482.0;6;15;5;16;69;15;5;22;7
1488.0;5;14;6;14;68;17;8;21;7
1494.0;6;15;5;13;68;15;8;22;8
1500.0;6;15;6;13;68;14;9;20;9
1506.0;8;14;6;13;69;14;7;20;9
1512.0;8;13;5;13;70;15;7;20;9
1518.0;8;13;5;13;71;14;8;19;9
1524.0;8;14;5;13;71;14;8;19;8
1530.0;8;14;6;13;71;14;8;18;8
1536.0;9;18;4;14;71;13;6;18;7
1542.0;7;20;4;13;73;12;4;18;9
1548.0;8;20;5;14;71;10;3;20;9
1554.0;6;19;5;14;73;11;3;20;9
1560.0;7;21;4;11;74;13;2;21;7
1566.0;7;20;4;9;74;14;4;21;7
1572.0;8;20;4;8;74;15;3;21;7
1578.0;8;21;4;8;74;14;4;20;7
1584.0;9;19;5;7;75;15;3;20;7
1590.0;11;19;6;8;74;14;2;19;7
1596.0;12;18;4;9;72;13;6;17;9
1602.0;12;17;4;9;70;14;7;18;9
1608.0;13;18;2;8;71;14;8;19;7
1614.0;13;19;2;8;70;16;9;17;6
1620.0;13;19;2;8;70;16;10;18;4
1626.0;11;21;2;9;70;15;10;17;5
1632.0;10;21;2;10;71;14;12;16;4
1638.0;10;20;4;10;69;15;12;16;4
1644.0;11;21;4;9;70;15;10;16;4
1650.0;9;22;5;9;70;15;10;17;3
1656.0;6;21;5;10;70;15;10;17;6
1662.0;10;19;5;11;70;13;9;17;6
1668.0;9;19;6;11;70;13;10;17;5
1674.0;9;20;7;11;70;13;9;17;4
1680.0;9;19;9;11;70;14;6;17;5
1686.0;9;21;9;9;71;14;6;17;4
1692.0;8;21;9;10;70;12;6;19;5
1698.0;9;19;6;10;71;12;10;21;2
1704.0;11;18;5;9;71;12;11;20;3
1710.0;11;17;9;9;72;10;8;21;3
1716.0;10;17;8;8;74;11;8;21;3
1722.0;10;16;8;9;74;11;8;20;4
1728.0;9;18;7;10;73;12;9;18;4
1734.0;8;18;8;9;72;11;9;18;7
1740.0;11;17;8;10;72;11;9;17;5
1746.0;10;16;9;11;72;11;8;16;7
1752.0;9;17;9;10;75;12;6;15;7
1758.0;8;19;10;12;72;13;5;15;6
1764.0;8;20;11;12;72;12;5;15;5
1770.0;8;20;9;12;72;14;6;14;5
1776.0;8;20;9;11;73;13;6;14;6
1782.0;8;19;9;11;74;13;7;13;6
1788.0;9;17;6;10;75;13;8;15;7
1794.0;8;19;4;10;76;12;10;15;6
