#auto generated file!
12.0;49;56;50;53;58;68;53;55;58
18.0;47;55;49;54;62;73;50;57;53
24.0;49;54;45;55;66;76;46;57;52
30.0;45;51;44;58;70;78;44;58;52
36.0;41;53;44;60;73;75;44;57;53
42.0;39;51;45;60;74;79;43;57;52
48.0;41;54;41;65;78;75;44;54;48
54.0;42;51;40;66;80;79;42;53;47
60.0;40;51;40;63;82;78;42;54;50
66.0;39;52;42;57;86;80;40;56;48
72.0;45;55;37;54;87;80;40;55;47
78.0;42;55;37;55;90;80;39;60;42
84.0;42;54;39;51;91;82;36;63;42
90.0;38;58;37;54;93;83;38;59;40
96.0;34;62;38;52;95;85;37;60;37
102.0;34;62;37;51;97;85;34;60;40
108.0;32;64;37;51;99;83;33;63;38
114.0;34;67;35;57;101;79;33;61;33
120.0;39;63;37;54;102;81;31;61;32
126.0;39;64;34;57;105;79;30;61;31
132.0;37;61;31;60;110;75;34;63;29
138.0;39;59;27;66;113;77;31;61;27
144.0;39;56;25;68;114;77;32;64;25
150.0;34;58;29;68;115;73;31;62;30
156.0;33;54;30;71;115;75;32;63;27
162.0;28;53;28;72;119;76;31;66;27
168.0;24;56;27;70;124;76;33;67;23
174.0;27;54;27;65;126;78;30;68;25
180.0;26;51;31;66;126;75;28;68;29
186.0;29;50;32;63;126;77;26;65;32
192.0;32;51;35;65;127;73;26;60;31
198.0;27;52;36;68;126;72;27;60;32
204.0;30;52;32;67;125;71;29;63;31
210.0;33;51;28;68;125;71;25;68;31
216.0;32;50;29;66;129;71;28;67;28
222.0;32;48;34;64;134;70;30;62;26
228.0;36;49;36;64;135;64;30;61;25
234.0;38;51;36;63;134;60;30;64;24
240.0;35;51;33;69;136;61;32;59;24
246.0;36;52;32;71;136;62;28;59;24
252.0;35;53;28;72;139;60;30;59;24
258.0;35;50;28;76;141;59;29;61;21
264.0;37;49;26;76;141;60;31;60;20
270.0;34;48;28;77;140;62;33;58;20
276.0;31;46;28;73;141;64;34;62;21
282.0;32;42;27;73;143;63;36;60;24
288.0;32;39;29;67;144;67;38;59;25
294.0;29;42;34;67;141;68;35;60;24
300.0;27;43;34;67;140;66;38;59;26
306.0;28;46;31;68;143;66;36;58;24
312.0;27;49;30;66;142;65;37;57;27
318.0;27;50;31;68;140;67;34;56;27
324.0;29;50;28;73;140;67;30;58;25
330.0;25;52;29;70;140;65;31;60;28
336.0;23;56;29;68;141;64;31;58;30
342.0;25;53;27;69;143;65;32;59;27
348.0;24;53;27;73;142;66;32;57;26
354.0;28;52;25;71;141;66;32;60;25
360.0;25;50;24;72;143;68;30;61;27
366.0;26;48;27;70;146;68;28;60;27
372.0;29;46;27;70;148;67;29;59;25
378.0;32;44;27;64;151;64;31;58;29
384.0;29;44;30;64;151;67;30;55;30
390.0;30;43;24;66;155;68;27;56;31
396.0;30;45;29;61;158;64;27;55;31
402.0;28;47;36;57;161;62;25;55;29
408.0;29;47;37;55;167;61;25;51;28
414.0;32;44;37;54;167;67;23;50;26
420.0;33;41;34;52;168;66;26;54;26
426.0;29;45;31;55;169;57;28;58;28
432.0;27;46;29;54;172;59;29;58;26
438.0;24;50;26;54;173;59;29;58;27
444.0;28;50;25;50;174;59;30;59;25
450.0;28;51;21;49;175;57;36;59;24
456.0;24;52;23;49;177;58;35;57;25
462.0;24;53;24;48;176;59;34;54;28
468.0;25;56;23;43;178;59;37;51;28
474.0;26;61;23;38;178;59;38;49;28
480.0;27;62;26;37;180;58;38;48;24
486.0;25;64;26;40;180;58;37;49;21
492.0;27;59;28;39;184;63;31;46;23
498.0;26;59;27;36;187;62;34;46;23
504.0;29;58;26;36;184;64;31;47;25
510.0;31;61;28;33;184;61;29;44;29
516.0;31;64;25;34;183;60;31;43;29
522.0;29;60;27;36;184;63;29;44;28
528.0;26;60;28;42;185;58;30;45;26
534.0;28;60;24;41;188;57;31;49;22
540.0;27;58;24;37;190;56;33;50;25
546.0;24;56;23;33;190;60;35;54;25
552.0;22;54;24;32;190;60;38;54;26
558.0;20;55;27;29;188;60;40;55;26
564.0;20;56;25;29;189;64;38;53;26
570.0;18;55;26;29;187;65;42;54;24
576.0;17;53;27;29;190;63;43;54;24
582.0;19;51;28;31;190;62;38;54;27
588.0;18;50;25;34;196;63;36;52;26
594.0;18;52;30;33;196;62;34;49;26
600.0;18;56;26;36;194;61;34;50;25
606.0;20;54;23;37;195;62;35;50;24
612.0;22;53;23;40;195;63;35;49;20
618.0;23;55;24;38;194;63;35;47;21
624.0;23;58;23;37;196;60;36;45;22
630.0;23;59;27;36;196;55;34;47;23
636.0;26;54;26;35;197;58;34;49;21
642.0;24;57;26;31;199;63;30;47;23
648.0;20;55;27;32;199;64;29;52;22
654.0;22;52;26;35;199;65;30;48;23
660.0;23;52;24;38;199;63;32;48;21
666.0;24;49;24;38;199;62;32;48;24
672.0;25;47;23;39;201;61;36;45;23
678.0;27;51;19;39;204;59;34;45;22
684.0;29;50;22;37;205;56;34;47;20
690.0;30;50;27;40;201;52;32;52;16
696.0;28;51;28;40;201;51;32;52;17
702.0;29;53;29;42;199;51;30;51;16
708.0;26;53;29;41;202;53;30;52;14
714.0;24;53;29;44;198;54;32;50;16
720.0;22;53;31;45;203;53;30;50;13
726.0;26;50;27;46;204;52;29;49;17
732.0;25;50;28;47;206;50;28;47;19
738.0;31;50;26;46;210;49;26;46;16
744.0;31;49;24;44;212;49;25;46;20
750.0;32;50;23;41;213;48;25;44;24
756.0;30;53;21;42;213;47;26;45;23
762.0;31;49;24;42;212;45;28;45;24
768.0;29;45;22;42;214;44;31;47;26
774.0;28;48;23;41;217;44;27;47;25
780.0;30;48;22;37;215;47;29;45;27
786.0;28;48;24;38;218;43;26;49;26
792.0;33;49;24;37;218;42;29;44;24
798.0;35;51;26;36;216;42;26;44;24
804.0;35;52;26;34;219;42;24;46;22
810.0;32;52;25;34;222;42;23;47;23
816.0;29;56;24;34;223;44;25;44;21
822.0;27;57;21;33;229;44;23;45;21
828.0;27;56;19;33;231;49;22;45;18
834.0;27;54;19;32;232;51;22;47;16
840.0;25;52;19;31;233;50;25;49;16
846.0;25;50;19;31;236;50;25;50;14
852.0;20;51;17;33;233;53;27;52;14
858.0;20;49;15;32;237;52;28;52;15
864.0;21;46;18;33;236;50;30;52;14
870.0;20;47;15;30;239;51;31;52;15
876.0;24;45;18;29;239;52;32;49;12
882.0;21;40;22;29;238;58;30;49;13
888.0;21;41;19;29;237;60;27;54;12
894.0;23;42;19;27;235;61;25;54;14
900.0;25;42;23;27;237;56;27;51;12
906.0;22;40;22;29;240;54;25;54;14
912.0;22;40;21;31;238;55;25;51;17
918.0;25;39;19;32;241;53;23;53;15
924.0;22;39;22;32;241;53;22;52;17
930.0;19;41;22;32;241;53;27;49;16
936.0;16;38;22;31;243;56;26;50;18
942.0;17;37;21;29;245;54;25;53;19
948.0;17;38;18;31;248;53;24;52;19
954.0;19;36;17;32;251;55;23;50;17
960.0;16;34;20;33;251;54;24;52;16
966.0;18;32;21;33;249;55;22;50;20
972.0;21;33;24;34;247;55;22;47;17
978.0;24;32;27;34;246;57;17;47;16
984.0;27;33;27;37;244;53;14;49;16
990.0;27;31;24;38;246;52;14;48;20
996.0;25;35;21;40;249;47;15;49;19
1002.0;27;36;19;39;249;44;15;51;20
1008.0;26;36;18;38;250;45;16;51;20
1014.0;25;40;16;38;248;46;18;49;20
1020.0;27;42;15;36;248;45;19;48;20
1026.0;26;43;14;35;250;45;17;48;22
1032.0;25;44;15;36;252;43;17;47;21
1038.0;25;45;16;35;251;42;18;46;22
1044.0;24;45;20;33;250;44;17;43;24
1050.0;21;46;22;33;251;47;18;41;21
1056.0;23;46;19;32;249;47;20;41;23
1062.0;19;44;18;34;250;48;24;39;24
1068.0;20;44;18;35;250;48;21;39;25
1074.0;19;47;17;35;250;50;21;39;22
1080.0;19;49;18;34;252;50;18;40;20
1086.0;23;44;17;35;251;49;19;42;20
1092.0;20;43;19;37;249;49;24;37;22
1098.0;21;41;19;37;246;51;23;36;26
1104.0;22;39;16;39;247;52;23;36;26
1110.0;19;40;17;39;245;51;23;39;27
1116.0;23;39;18;39;246;48;23;40;24
1122.0;29;40;23;30;246;48;24;37;23
1128.0;32;40;24;31;243;46;23;39;22
1134.0;30;42;23;34;241;46;23;39;22
1140.0;26;43;25;31;241;47;23;40;24
1146.0;28;45;22;30;243;49;22;40;21
1152.0;26;45;20;31;247;51;21;40;19
1158.0;27;45;17;30;249;53;19;38;22
1164.0;25;48;21;30;243;54;21;36;22
1170.0;21;47;25;30;241;54;22;37;23
1176.0;23;47;22;32;239;54;22;38;23
1182.0;24;48;21;36;234;56;20;38;23
1188.0;24;47;20;35;233;57;21;39;24
1194.0;23;44;20;34;234;53;25;41;26
1200.0;23;41;21;34;237;55;24;37;28
1206.0;21;41;20;35;236;56;27;39;25
1212.0;22;42;21;36;236;55;26;36;26
1218.0;23;40;24;39;233;56;23;36;26
1224.0;23;39;24;41;234;52;21;38;28
1230.0;23;39;25;41;236;52;20;35;29
1236.0;23;39;25;43;236;52;20;36;26
1242.0;24;43;27;41;235;51;16;37;26
1248.0;21;46;30;41;236;47;15;39;25
1254.0;20;46;33;40;234;47;15;43;22
1260.0;20;42;30;43;232;48;18;43;24
1266.0;19;46;30;42;233;47;19;42;22
1272.0;17;44;31;46;233;44;21;42;22
1278.0;18;40;33;47;234;46;21;42;19
1284.0;18;40;32;50;233;48;19;42;18
1290.0;19;43;27;51;234;50;22;40;14
1296.0;20;45;25;49;232;51;21;41;16
1302.0;23;45;25;48;233;52;19;38;17
1308.0;24;47;24;49;232;47;21;39;17
1314.0;27;45;24;47;229;48;21;41;18
1320.0;25;47;27;43;230;48;20;41;19
1326.0;26;45;26;43;228;48;20;42;22
1332.0;24;46;24;42;230;50;20;43;21
1338.0;23;46;24;44;229;47;21;44;22
1344.0;24;43;22;41;229;52;21;46;22
1350.0;24;42;21;43;229;48;23;48;22
1356.0;24;45;18;42;228;45;24;51;23
1362.0;23;44;17;43;230;45;24;51;23
1368.0;24;43;17;45;232;46;22;48;23
1374.0;25;44;18;46;231;43;18;51;24
1380.0;23;44;19;40;232;44;20;54;24
1386.0;24;41;20;40;233;45;20;53;24
1392.0;20;41;24;40;234;45;20;53;23
1398.0;23;40;23;38;232;45;23;51;25
1404.0;21;45;20;38;228;48;23;48;29
1410.0;20;47;20;37;230;46;25;50;25
1416.0;21;44;19;36;231;47;26;50;26
1422.0;22;48;18;35;227;47;26;52;25
1428.0;22;49;19;37;226;47;25;51;24
1434.0;21;50;19;37;231;44;26;51;21
1440.0;24;49;19;37;232;45;25;48;21
1446.0;27;48;20;38;231;43;26;46;21
1452.0;25;46;20;39;232;47;24;48;19
1458.0;22;46;25;40;233;50;23;46;15
1464.0;24;44;25;42;234;50;22;45;14
1470.0;23;45;23;40;231;51;24;47;16
1476.0;21;42;23;42;232;49;22;51;18
1482.0;21;42;23;43;232;50;18;53;18
1488.0;21;42;22;44;233;47;18;53;20
1494.0;23;44;23;42;229;44;19;51;25
1500.0;23;40;26;45;225;44;20;51;26
1506.0;23;39;25;45;227;46;21;50;24
1512.0;21;39;21;46;229;46;26;52;20
1518.0;23;42;20;45;227;49;23;53;18
1524.0;21;43;23;45;226;48;23;55;16
1530.0;23;43;25;46;221;47;23;54;18
1536.0;19;42;26;47;221;47;26;54;18
1542.0;21;43;23;46;221;44;26;57;19
1548.0;19;47;23;44;220;48;22;59;18
1554.0;24;46;24;47;213;48;21;62;15
1560.0;23;49;21;47;213;51;21;61;14
1566.0;22;50;21;50;209;51;24;59;14
1572.0;20;48;23;49;209;53;26;56;16
1578.0;20;50;24;49;208;50;27;56;16
1584.0;18;52;21;47;209;47;28;57;21
1590.0;19;56;19;49;212;45;27;53;20
1596.0;18;55;17;48;215;46;28;53;20
1602.0;18;51;19;50;215;41;28;56;22
1608.0;20;50;20;48;212;42;29;53;26
1614.0;18;52;20;49;213;41;26;55;26
1620.0;20;50;22;52;209;42;23;53;29
1626.0;20;49;23;56;208;40;22;53;29
1632.0;20;51;24;56;207;40;22;51;29
1638.0;19;52;23;56;205;40;19;53;33
1644.0;20;56;23;55;204;44;16;50;32
1650.0;21;57;24;55;204;46;16;48;29
1656.0;22;53;24;55;207;46;18;49;26
1662.0;22;55;23;54;207;47;22;47;23
1668.0;21;54;21;56;207;44;22;48;27
1674.0;24;52;26;54;205;44;23;48;24
1680.0;25;50;26;55;208;48;19;46;23
1686.0;24;47;26;54;210;48;22;48;21
1692.0;25;50;21;52;207;52;21;50;22
1698.0;25;49;19;53;209;53;18;48;26
1704.0;24;48;17;56;210;53;20;46;26
1710.0;25;51;19;54;209;50;20;47;25
1716.0;23;52;17;55;207;48;23;49;26
1722.0;21;49;18;57;210;49;21;47;28
1728.0;22;49;16;58;210;47;23;47;28
1734.0;25;47;18;62;212;45;21;45;25
1740.0;24;47;18;61;211;49;18;46;26
1746.0;22;46;19;60;213;52;19;47;22
1752.0;22;45;15;63;214;51;20;48;22
1758.0;23;40;20;59;217;51;21;47;22
1764.0;25;39;18;59;218;54;21;46;20
1770.0;25;43;19;56;215;52;21;43;26
1776.0;25;46;14;53;215;51;25;46;25
1782.0;29;43;12;54;218;52;23;46;23
1788.0;28;44;13;52;219;51;24;48;21
1794.0;27;45;12;51;220;50;25;48;22
