#auto generated file!
12.0;52;53;54;60;47;57;39;54;64
18.0;51;56;58;57;47;60;34;56;61
24.0;47;54;59;57;54;60;37;56;56
30.0;43;59;52;59;54;61;37;56;59
36.0;43;57;50;61;58;59;37;54;61
42.0;46;57;47;62;63;59;37;55;54
48.0;44;60;44;62;67;63;36;53;51
54.0;40;62;43;61;74;62;38;51;49
60.0;41;59;44;69;73;60;36;49;49
66.0;40;57;44;71;76;66;39;44;43
72.0;37;63;41;73;77;64;39;43;43
78.0;40;62;38;74;80;63;39;43;41
84.0;38;63;33;75;84;65;42;43;37
90.0;39;61;34;74;87;66;38;44;37
96.0;39;60;35;70;89;64;42;43;38
102.0;39;63;35;69;90;63;40;50;31
108.0;35;61;38;69;92;63;38;48;36
114.0;32;57;35;67;96;65;40;50;38
120.0;31;59;34;67;97;62;40;52;38
126.0;30;60;32;64;98;62;41;54;39
132.0;32;63;28;64;107;59;33;55;39
138.0;30;64;27;61;111;59;41;54;33
144.0;29;64;33;58;113;59;40;49;35
150.0;26;62;33;63;113;62;38;48;35
156.0;23;63;35;62;117;64;35;49;32
162.0;25;61;35;64;118;63;33;51;30
168.0;24;61;34;66;123;62;30;48;32
174.0;28;57;35;67;125;63;31;45;29
180.0;29;53;32;65;128;64;31;47;31
186.0;34;50;32;63;130;62;31;48;30
192.0;33;48;32;60;132;61;33;50;31
198.0;32;48;31;62;133;62;26;50;36
204.0;32;49;32;61;134;64;23;49;36
210.0;35;48;32;58;132;64;22;48;41
216.0;33;50;27;55;136;61;24;52;42
222.0;36;49;28;52;135;63;25;52;40
228.0;37;47;24;51;140;62;25;54;40
234.0;34;46;25;52;144;59;21;58;41
240.0;36;47;25;50;145;58;23;58;38
246.0;35;49;24;54;144;56;24;58;36
252.0;37;53;25;49;144;56;26;54;36
258.0;32;54;23;51;145;58;27;55;35
264.0;31;52;25;49;147;61;27;55;33
270.0;32;50;26;46;151;59;28;56;32
276.0;29;52;25;47;150;61;29;56;31
282.0;31;53;25;46;152;61;26;55;31
288.0;33;56;22;41;157;60;27;52;32
294.0;30;55;22;44;158;59;29;50;33
300.0;28;55;21;47;156;59;32;48;34
306.0;30;54;21;50;157;59;30;46;33
312.0;32;53;24;51;160;57;27;45;31
318.0;27;54;24;54;161;55;26;44;35
324.0;26;51;21;57;166;56;22;45;36
330.0;25;52;17;58;167;57;24;44;36
336.0;25;53;17;61;167;57;22;40;38
342.0;21;53;18;63;168;61;19;41;36
348.0;23;53;15;61;167;59;20;42;40
354.0;20;55;18;61;165;60;23;40;38
360.0;19;54;21;58;165;61;21;40;41
366.0;21;54;21;59;166;59;20;40;40
372.0;23;56;19;58;164;61;18;43;38
378.0;28;51;23;56;164;63;17;39;39
384.0;25;50;21;53;169;59;19;42;42
390.0;24;47;22;55;169;59;18;42;44
396.0;23;50;23;54;171;59;20;41;39
402.0;24;50;25;56;168;56;21;42;38
408.0;27;50;26;54;167;56;23;42;35
414.0;26;49;24;56;168;56;25;40;36
420.0;22;51;24;60;169;54;24;42;34
426.0;21;55;22;59;172;54;25;42;30
432.0;23;56;22;58;173;51;23;44;30
438.0;24;56;23;58;174;49;23;45;28
444.0;25;56;20;57;174;52;20;46;30
450.0;22;58;18;57;176;54;21;46;28
456.0;23;58;22;55;178;55;19;42;28
462.0;20;59;22;54;177;57;19;41;31
468.0;20;57;22;51;176;57;22;43;32
474.0;21;55;21;51;176;54;20;48;34
480.0;23;52;22;51;175;56;19;48;34
486.0;21;54;25;51;172;55;18;48;36
492.0;21;53;24;52;172;54;21;48;35
498.0;18;54;24;54;170;52;24;50;34
504.0;18;54;24;57;168;49;26;52;32
510.0;21;49;23;56;169;55;26;53;28
516.0;22;48;20;55;170;54;26;55;30
522.0;21;51;19;53;169;58;28;53;28
528.0;23;48;20;55;168;58;27;51;30
534.0;25;50;21;53;168;58;27;49;29
540.0;24;52;21;51;171;59;27;49;26
546.0;23;58;21;50;167;62;26;46;27
552.0;23;60;21;47;167;65;28;44;25
558.0;22;58;23;51;166;69;30;41;20
564.0;19;59;22;52;169;68;29;40;22
570.0;18;57;22;51;169;68;30;41;24
576.0;18;52;23;52;168;70;29;43;25
582.0;20;47;25;55;167;70;29;41;26
588.0;21;47;22;57;168;67;29;43;26
594.0;23;47;22;56;171;69;29;43;20
600.0;23;50;26;58;172;68;22;43;18
606.0;21;49;23;59;172;69;22;45;20
612.0;24;50;24;54;175;69;23;44;17
618.0;23;52;23;54;174;68;23;46;17
624.0;24;51;22;57;175;68;20;47;16
630.0;22;50;25;55;175;69;23;47;14
636.0;25;47;21;57;177;69;22;46;16
642.0;26;47;23;53;183;71;19;43;15
648.0;28;46;25;55;183;68;20;39;16
654.0;22;50;26;57;182;65;24;40;14
660.0;23;49;25;57;180;64;25;45;12
666.0;24;46;30;53;180;63;24;47;13
672.0;24;45;31;53;178;61;26;46;16
678.0;23;43;30;50;178;65;25;46;20
684.0;26;39;31;50;176;69;25;44;20
690.0;28;39;28;53;177;68;24;45;18
696.0;25;40;27;56;176;69;23;43;21
702.0;23;41;26;57;179;70;19;43;22
708.0;24;39;26;60;180;64;21;43;23
714.0;23;37;26;63;183;62;19;45;22
720.0;22;35;27;62;187;61;19;46;21
726.0;23;37;26;63;191;58;17;44;21
732.0;22;35;28;64;194;57;18;42;20
738.0;20;36;26;63;198;59;16;42;20
744.0;25;36;24;64;196;61;15;41;18
750.0;24;35;24;63;198;59;18;42;17
756.0;24;39;24;62;198;61;18;38;16
762.0;24;39;24;64;196;62;17;38;16
768.0;23;39;25;63;196;64;16;36;18
774.0;18;43;25;61;195;65;18;36;19
780.0;19;43;24;56;198;63;19;38;20
786.0;19;46;21;58;195;62;17;43;19
792.0;23;47;20;58;189;62;20;41;20
798.0;22;46;25;52;188;66;23;40;18
804.0;22;48;23;51;187;66;24;41;18
810.0;21;50;25;52;190;62;24;38;18
816.0;21;51;26;46;193;62;24;37;20
822.0;22;51;22;49;194;62;22;38;20
828.0;22;51;24;48;192;61;22;39;21
834.0;25;52;21;42;193;61;25;40;21
840.0;24;53;22;43;189;62;26;40;21
846.0;23;52;19;42;191;60;29;40;24
852.0;23;50;24;38;189;58;31;37;30
858.0;23;49;25;39;188;59;31;38;28
864.0;23;49;24;37;193;58;31;41;24
870.0;22;48;25;39;192;59;31;39;25
876.0;21;46;27;40;192;56;30;43;25
882.0;23;46;22;41;194;54;28;46;26
888.0;24;44;23;39;194;57;24;46;29
894.0;26;40;23;40;195;56;25;46;29
900.0;28;39;23;45;194;51;29;45;26
906.0;28;40;24;48;195;48;26;44;27
912.0;28;41;25;47;197;49;26;43;24
918.0;27;41;26;47;198;48;26;44;23
924.0;23;38;30;47;198;51;28;40;25
930.0;24;41;32;48;198;47;26;41;23
936.0;21;43;28;46;201;44;27;45;25
942.0;23;42;28;50;200;43;25;46;23
948.0;22;44;27;51;202;39;27;48;20
954.0;23;46;29;50;204;37;28;47;16
960.0;25;49;31;49;204;34;27;44;17
966.0;26;46;33;52;203;35;27;39;19
972.0;24;46;33;53;204;33;27;40;20
978.0;25;42;36;53;207;33;26;38;20
984.0;25;42;37;49;208;32;27;40;20
990.0;28;41;36;50;206;33;28;38;20
996.0;31;42;33;51;208;30;27;39;19
1002.0;29;38;30;50;207;32;29;46;19
1008.0;28;35;30;52;208;29;31;46;21
1014.0;27;35;31;52;207;33;27;45;23
1020.0;26;36;36;48;205;34;27;46;22
1026.0;24;38;35;45;205;40;28;43;22
1032.0;19;38;38;46;205;39;29;44;22
1038.0;21;39;34;46;204;41;28;45;22
1044.0;19;40;35;44;206;39;28;45;24
1050.0;20;38;33;48;207;40;28;43;23
1056.0;19;40;33;51;206;41;24;42;24
1062.0;19;39;27;50;213;41;25;43;23
1068.0;18;38;28;50;210;43;28;43;22
1074.0;18;39;26;49;211;44;26;42;25
1080.0;18;35;29;48;208;49;27;44;22
1086.0;20;32;27;51;203;51;25;46;25
1092.0;19;33;25;49;205;49;26;49;25
1098.0;21;32;25;51;206;48;23;51;23
1104.0;19;31;28;51;205;50;22;50;24
1110.0;21;30;28;50;208;50;22;49;22
1116.0;23;34;29;47;204;48;22;49;24
1122.0;22;36;32;45;205;47;18;50;25
1128.0;24;36;30;43;205;46;16;53;27
1134.0;23;37;28;42;204;47;17;54;28
1140.0;25;36;26;41;204;48;16;55;29
1146.0;28;37;23;42;204;49;16;54;27
1152.0;28;39;26;43;203;48;17;52;24
1158.0;27;40;23;43;203;48;17;51;28
1164.0;26;41;23;42;204;49;16;49;30
1170.0;26;40;21;38;204;48;20;55;28
1176.0;26;40;26;36;202;46;20;58;26
1182.0;25;37;25;36;205;45;21;58;28
1188.0;29;37;22;34;201;50;23;58;26
1194.0;25;36;23;36;201;50;23;58;28
1200.0;22;33;24;36;202;46;25;62;30
1206.0;24;36;27;34;198;47;25;60;29
1212.0;26;37;25;36;199;45;26;57;29
1218.0;27;39;24;37;199;46;24;55;29
1224.0;27;40;23;37;199;44;24;56;30
1230.0;28;41;22;40;197;46;23;56;27
1236.0;29;42;24;39;194;45;25;56;26
1242.0;31;43;26;37;190;45;25;55;28
1248.0;28;44;26;37;191;46;26;57;25
1254.0;26;42;26;39;192;46;26;57;26
1260.0;23;45;27;41;192;43;26;55;28
1266.0;23;44;28;41;192;42;26;56;28
1272.0;23;49;28;42;191;43;26;52;26
1278.0;30;45;29;40;192;45;25;48;26
1284.0;23;48;29;43;192;44;26;49;26
1290.0;25;53;29;41;193;45;24;50;20
1296.0;26;49;28;45;194;50;23;48;17
1302.0;27;46;27;48;192;47;25;49;19
1308.0;30;45;25;48;196;45;24;49;18
1314.0;29;48;25;47;195;47;26;48;15
1320.0;27;47;25;46;197;48;27;49;14
1326.0;24;46;24;47;198;49;26;52;14
1332.0;24;46;23;45;202;46;27;50;17
1338.0;24;50;23;42;200;49;28;47;17
1344.0;21;54;22;40;197;49;29;46;22
1350.0;21;57;24;37;199;48;29;43;22
1356.0;21;57;24;42;198;48;30;43;17
1362.0;22;57;21;38;201;47;30;45;19
1368.0;21;60;20;37;200;46;33;45;18
1374.0;25;61;18;36;198;46;34;46;16
1380.0;26;61;21;34;197;50;32;42;17
1386.0;24;59;24;31;199;54;31;41;17
1392.0;24;60;25;31;200;52;29;40;19
1398.0;27;59;25;33;202;54;25;38;17
1404.0;28;61;25;32;205;52;22;37;18
1410.0;27;62;23;32;205;53;22;37;19
1416.0;28;62;22;32;205;51;21;38;21
1422.0;28;59;24;32;202;50;29;36;20
1428.0;26;57;26;35;202;48;32;36;18
1434.0;28;57;26;35;198;47;32;40;17
1440.0;30;58;21;36;201;45;30;43;16
1446.0;28;57;22;39;204;50;26;39;15
1452.0;28;55;24;39;206;49;24;39;16
1458.0;28;56;22;37;206;48;28;39;16
1464.0;25;59;22;38;207;48;25;40;16
1470.0;25;57;23;34;208;48;24;44;17
1476.0;24;61;24;34;208;48;24;42;15
1482.0;22;60;25;33;208;48;22;44;18
1488.0;22;56;24;34;210;46;24;45;19
1494.0;24;58;23;31;210;47;24;43;20
1500.0;27;58;16;35;206;49;24;44;21
1506.0;21;57;18;35;208;49;24;46;22
1512.0;23;56;21;38;208;48;22;43;21
1518.0;22;60;22;38;208;46;23;39;22
1524.0;24;59;20;43;209;45;21;37;22
1530.0;24;61;19;38;210;42;25;37;24
1536.0;26;62;18;36;211;40;24;38;25
1542.0;23;60;19;39;209;42;26;36;26
1548.0;21;58;19;38;211;45;26;36;26
1554.0;22;55;21;38;210;45;26;36;27
1560.0;23;50;23;40;210;48;25;37;24
1566.0;22;50;21;38;208;49;28;39;25
1572.0;22;52;22;37;208;48;28;40;23
1578.0;22;52;21;39;208;46;31;40;21
1584.0;22;51;20;42;208;46;29;41;21
1590.0;27;48;20;42;207;46;30;40;20
1596.0;26;47;19;38;208;49;32;39;22
1602.0;22;48;20;39;206;51;31;39;24
1608.0;21;46;24;39;205;51;33;38;23
1614.0;21;46;26;39;206;47;33;40;22
1620.0;22;46;28;40;207;44;32;40;21
1626.0;23;43;27;40;208;46;30;43;20
1632.0;25;42;28;40;209;46;29;42;19
1638.0;24;43;24;41;213;45;29;43;18
1644.0;23;43;24;41;212;47;32;43;15
1650.0;24;44;24;43;210;47;31;41;16
1656.0;24;48;25;44;208;46;30;40;15
1662.0;26;48;23;41;210;47;28;41;16
1668.0;20;48;22;38;207;49;31;45;20
1674.0;19;48;21;37;208;51;29;45;22
1680.0;19;51;18;38;207;50;26;47;24
1686.0;17;56;20;37;204;48;28;48;22
1692.0;15;55;22;38;206;47;29;49;19
1698.0;15;55;25;38;208;46;27;45;21
1704.0;14;55;24;38;209;47;26;45;22
1710.0;14;53;24;34;214;47;26;45;23
1716.0;15;51;27;35;211;47;29;44;21
1722.0;17;49;28;36;210;46;28;46;20
1728.0;18;50;28;40;209;44;22;49;20
1734.0;16;51;27;41;207;44;24;47;23
1740.0;18;50;26;42;206;43;25;46;24
1746.0;17;52;28;43;204;44;20;47;25
1752.0;15;51;26;47;204;45;20;49;23
1758.0;15;51;24;48;205;47;17;50;23
1764.0;17;55;21;47;207;46;20;45;22
1770.0;18;56;21;46;211;44;18;47;19
1776.0;18;56;21;46;215;42;18;47;17
1782.0;18;56;25;48;214;41;17;45;16
1788.0;18;55;24;49;212;45;15;46;16
1794.0;18;54;29;49;211;43;14;47;15
