#auto generated file!
12.0;35;39;43;45;55;35;35;33;40
18.0;37;38;40;46;57;33;34;35;40
24.0;34;37;39;46;59;36;33;35;41
30.0;33;37;41;49;59;36;32;34;39
36.0;33;35;36;51;64;33;32;33;43
42.0;28;39;35;52;68;32;33;35;38
48.0;26;38;36;50;71;34;33;35;37
54.0;26;38;36;54;72;35;30;37;32
60.0;28;37;33;56;75;35;27;36;33
66.0;25;38;33;56;76;38;21;39;34
72.0;26;36;31;57;76;39;18;43;34
78.0;26;39;26;57;79;39;18;46;30
84.0;26;37;25;61;83;38;16;43;31
90.0;28;37;28;66;82;37;14;41;27
96.0;31;35;30;64;83;37;11;42;27
102.0;34;32;28;63;86;35;11;41;30
108.0;30;32;27;63;87;35;14;44;28
114.0;29;31;30;63;86;34;15;46;26
120.0;28;29;28;64;90;36;14;46;25
126.0;26;29;27;66;94;33;15;46;24
132.0;27;30;23;67;94;32;18;46;23
138.0;24;27;23;64;98;34;21;48;21
144.0;21;33;27;60;99;30;23;49;18
150.0;27;33;27;57;100;30;22;48;16
156.0;26;34;26;57;101;31;20;48;17
162.0;25;34;24;59;102;33;19;46;18
168.0;24;35;25;56;103;36;18;47;16
174.0;23;37;25;54;99;38;19;45;20
180.0;23;42;22;50;98;42;19;43;21
186.0;22;41;22;51;98;43;21;40;22
192.0;20;41;22;50;99;46;20;41;21
198.0;24;42;23;48;99;46;20;39;19
204.0;24;44;24;47;99;46;18;39;19
210.0;26;43;21;50;100;44;18;40;18
216.0;23;44;21;51;102;44;21;37;17
222.0;28;42;19;49;102;46;20;38;16
228.0;30;42;17;49;104;46;21;39;12
234.0;30;43;18;49;105;43;20;38;14
240.0;29;44;19;47;107;40;19;40;15
246.0;30;43;20;50;108;40;15;38;16
252.0;27;43;22;52;107;37;17;37;18
258.0;27;42;24;50;106;40;16;35;20
264.0;28;44;25;48;107;38;16;32;22
270.0;27;43;28;49;106;38;14;33;22
276.0;23;42;24;51;106;39;16;37;22
282.0;23;42;25;50;106;41;14;37;22
288.0;26;42;25;47;106;40;15;35;24
294.0;28;41;21;49;108;42;16;34;21
300.0;26;40;20;50;108;42;17;32;25
306.0;25;43;19;50;108;44;16;29;26
312.0;29;41;21;48;110;44;15;28;24
318.0;29;41;23;48;109;42;17;30;21
324.0;26;42;22;48;112;42;17;30;21
330.0;23;42;23;45;114;44;18;30;21
336.0;22;42;21;44;115;42;22;32;20
342.0;21;43;21;39;118;42;20;34;22
348.0;21;46;20;39;118;39;17;37;23
354.0;20;45;19;39;118;41;17;37;24
360.0;19;47;19;39;119;39;17;36;25
366.0;19;47;19;39;121;34;19;35;27
372.0;18;45;20;40;123;37;18;34;25
378.0;18;43;22;41;127;36;17;35;21
384.0;19;44;24;36;129;40;16;35;17
390.0;19;41;24;36;133;41;18;33;15
396.0;19;39;20;36;136;40;18;36;16
402.0;21;38;19;35;138;39;17;36;17
408.0;22;36;20;35;137;38;19;40;13
414.0;25;35;21;33;138;38;18;41;11
420.0;20;37;20;35;139;34;19;40;16
426.0;20;37;21;37;138;31;19;40;17
432.0;16;36;21;37;138;36;16;40;20
438.0;19;34;23;36;134;36;15;39;24
444.0;21;35;22;34;132;38;17;40;21
450.0;20;37;23;31;134;36;16;40;23
456.0;19;37;23;32;133;38;16;39;23
462.0;18;36;23;33;133;37;17;39;24
468.0;20;35;22;31;133;38;16;41;24
474.0;20;33;20;33;131;38;18;40;27
480.0;24;33;21;33;129;37;17;41;25
486.0;25;33;19;33;134;39;16;40;21
492.0;28;32;19;35;136;35;16;40;19
498.0;27;30;17;33;136;37;19;41;20
504.0;26;32;16;33;137;33;21;41;21
510.0;27;32;16;32;138;35;20;41;19
516.0;28;31;16;29;139;37;17;43;20
522.0;28;29;16;32;139;37;16;41;22
528.0;31;30;14;34;139;37;15;37;23
534.0;28;32;15;34;139;35;15;39;23
540.0;26;35;14;36;140;32;16;38;23
546.0;27;36;14;38;137;32;17;39;20
552.0;25;36;13;37;137;35;17;40;20
558.0;23;35;12;40;138;34;17;41;20
564.0;25;31;13;41;140;34;16;41;19
570.0;27;27;14;43;140;34;16;41;18
576.0;26;28;16;42;141;33;17;40;17
582.0;26;28;14;38;143;36;19;38;18
588.0;25;29;17;39;143;33;17;37;20
594.0;27;30;16;39;142;34;14;37;21
600.0;26;30;18;39;142;36;14;36;19
606.0;27;32;18;36;142;35;13;34;23
612.0;24;31;16;38;143;36;15;33;24
618.0;23;32;16;37;146;35;16;32;23
624.0;25;34;17;39;143;37;14;29;22
630.0;23;33;18;40;143;39;12;29;23
636.0;23;33;18;38;146;40;12;30;20
642.0;22;30;21;35;148;39;13;29;23
648.0;26;28;22;31;150;40;12;28;23
654.0;27;30;19;31;149;40;10;29;25
660.0;26;31;18;34;152;36;11;31;21
666.0;32;31;18;33;150;36;12;27;21
672.0;30;33;18;32;151;34;15;27;20
678.0;31;33;23;30;150;32;12;29;20
684.0;34;34;21;26;149;32;14;31;19
690.0;32;35;19;27;151;32;13;31;20
696.0;28;36;19;27;152;31;15;33;19
702.0;29;33;19;28;151;31;18;32;19
708.0;29;35;18;28;150;30;20;31;19
714.0;31;36;17;25;150;31;19;33;18
720.0;28;39;15;25;148;31;17;35;22
726.0;30;36;16;27;151;32;15;32;21
732.0;30;35;16;26;151;33;15;34;20
738.0;25;34;17;28;151;35;14;33;23
744.0;24;35;17;29;150;35;14;32;24
750.0;24;36;16;28;153;33;13;32;25
756.0;25;38;16;27;153;35;13;32;21
762.0;24;33;15;27;155;39;12;35;20
768.0;22;32;15;29;157;38;14;36;17
774.0;22;34;14;28;157;39;13;35;18
780.0;21;34;14;26;156;41;16;34;18
786.0;19;33;14;29;152;41;18;34;20
792.0;19;35;14;30;153;40;17;32;20
798.0;17;35;14;31;151;39;17;36;20
804.0;13;35;14;34;155;39;14;35;21
810.0;12;34;16;33;157;40;14;36;18
816.0;14;32;17;33;156;42;12;36;18
822.0;14;33;16;33;155;40;14;35;20
828.0;13;35;16;35;157;38;14;35;17
834.0;13;34;18;35;157;38;13;37;15
840.0;14;34;16;32;158;38;14;39;15
846.0;16;32;14;34;158;37;13;42;14
852.0;14;31;15;31;159;36;15;44;15
858.0;14;27;14;34;157;39;16;40;19
864.0;11;28;16;35;159;37;16;41;17
870.0;12;29;18;34;156;37;18;41;15
876.0;11;29;17;35;155;39;19;41;14
882.0;11;28;18;36;156;38;16;41;16
888.0;12;28;19;37;154;42;16;40;12
894.0;14;26;20;39;154;41;15;38;13
900.0;13;27;22;39;153;38;15;41;12
906.0;11;28;22;37;155;38;17;40;12
912.0;15;27;21;37;154;39;15;40;12
918.0;16;27;19;42;152;40;16;37;11
924.0;15;28;18;39;153;40;17;38;12
930.0;14;29;21;36;154;41;18;35;12
936.0;17;29;20;36;155;40;17;33;13
942.0;18;29;18;34;156;41;19;31;14
948.0;16;30;16;34;156;43;20;32;13
954.0;15;28;14;35;158;43;20;34;13
960.0;14;25;12;31;160;44;22;36;16
966.0;18;24;14;34;157;43;24;32;14
972.0;17;23;14;35;155;43;23;34;16
978.0;15;22;15;35;156;42;21;37;17
984.0;16;27;14;34;155;40;20;37;17
990.0;18;29;12;35;156;42;18;36;14
996.0;18;29;12;35;159;40;19;37;11
1002.0;17;31;13;36;158;39;18;37;11
1008.0;17;34;12;32;159;37;18;40;11
1014.0;16;36;12;32;160;35;19;40;10
1020.0;17;34;13;31;162;33;20;39;11
1026.0;19;34;13;32;162;31;19;39;11
1032.0;18;33;11;32;161;31;23;40;11
1038.0;19;32;11;31;163;33;23;37;11
1044.0;18;32;11;33;163;35;20;39;9
1050.0;20;31;10;34;162;36;21;37;9
1056.0;20;32;11;31;161;35;24;35;11
1062.0;21;34;13;32;158;36;20;34;12
1068.0;22;32;10;33;158;38;21;34;12
1074.0;22;32;14;32;158;36;21;33;12
1080.0;20;33;15;35;154;33;22;35;13
1086.0;22;31;15;37;152;32;23;34;14
1092.0;23;31;15;37;154;31;24;33;12
1098.0;21;29;18;38;154;32;24;32;12
1104.0;19;30;17;38;152;33;23;34;14
1110.0;19;30;18;39;151;32;20;34;17
1116.0;21;28;15;38;152;32;22;35;17
1122.0;21;30;15;38;153;32;20;34;17
1128.0;18;32;16;40;153;31;19;35;16
1134.0;17;32;16;39;152;31;20;34;19
1140.0;18;31;19;41;152;31;20;31;17
1146.0;19;31;15;41;151;33;22;30;18
1152.0;18;30;16;41;149;35;22;28;21
1158.0;22;29;15;45;149;32;19;30;19
1164.0;21;28;13;44;152;30;20;34;18
1170.0;18;32;16;42;151;32;19;32;18
1176.0;15;30;17;40;153;33;20;33;19
1182.0;15;30;18;36;154;34;21;32;20
1188.0;13;30;18;36;153;37;22;32;19
1194.0;13;32;20;33;154;33;24;35;16
1200.0;13;34;21;32;156;32;22;33;17
1206.0;12;33;21;31;158;32;22;32;19
1212.0;11;32;21;33;158;34;21;31;19
1218.0;13;33;24;33;155;35;18;30;19
1224.0;12;36;20;33;155;33;22;30;19
1230.0;11;39;21;31;156;34;23;25;20
1236.0;11;35;17;32;159;33;24;27;22
1242.0;10;38;17;33;159;30;24;27;22
1248.0;10;39;17;32;159;32;23;26;22
1254.0;10;41;18;33;159;31;19;29;20
1260.0;11;37;21;31;160;32;17;31;20
1266.0;11;37;21;30;163;34;15;31;18
1272.0;14;35;22;30;161;33;15;34;16
1278.0;12;34;22;29;162;36;15;34;16
1284.0;10;32;21;29;162;42;13;33;18
1290.0;11;30;19;29;161;41;13;37;19
1296.0;10;29;18;32;161;44;12;38;16
1302.0;9;30;19;33;163;44;12;34;16
1308.0;10;26;22;36;159;43;12;36;16
1314.0;10;28;21;36;160;39;12;37;17
1320.0;8;31;23;34;160;38;15;36;15
1326.0;8;30;21;33;161;41;14;36;16
1332.0;10;30;21;31;164;40;14;35;15
1338.0;11;29;20;30;163;41;14;37;15
1344.0;11;32;19;31;163;42;15;34;13
1350.0;11;30;20;32;161;42;15;34;15
1356.0;12;29;21;32;161;42;15;33;15
1362.0;13;29;19;35;162;44;11;33;14
1368.0;13;27;19;36;165;44;10;30;16
1374.0;12;27;19;35;166;44;12;31;14
1380.0;15;28;20;35;166;40;9;32;15
1386.0;17;25;21;30;167;39;11;34;16
1392.0;17;26;22;30;166;35;14;33;17
1398.0;19;30;21;27;165;33;14;34;17
1404.0;16;30;20;30;166;35;12;35;16
1410.0;15;30;20;28;167;37;11;34;18
1416.0;17;30;18;29;166;39;10;35;16
1422.0;18;29;17;31;167;37;10;36;15
1428.0;19;27;17;27;167;40;9;34;20
1434.0;19;30;13;29;169;37;8;33;22
1440.0;17;33;12;32;168;35;8;33;22
1446.0;16;33;10;35;166;35;8;32;25
1452.0;15;36;7;38;166;34;9;32;23
1458.0;15;35;8;40;166;34;12;29;21
1464.0;15;38;6;38;165;35;11;29;23
1470.0;13;37;8;38;167;36;9;30;22
1476.0;14;36;9;37;169;34;10;28;23
1482.0;15;36;11;35;169;34;10;30;20
1488.0;12;40;13;36;166;32;10;31;20
1494.0;13;39;16;36;167;30;9;32;18
1500.0;14;38;15;38;165;28;8;33;21
1506.0;12;39;15;39;164;28;6;34;23
1512.0;11;38;18;36;166;26;8;34;23
1518.0;14;32;15;36;170;25;9;34;25
1524.0;15;30;17;35;171;26;7;36;23
1530.0;17;31;17;38;170;28;7;33;19
1536.0;20;31;17;36;173;27;7;32;17
1542.0;21;28;17;38;172;27;6;34;17
1548.0;19;28;14;38;172;26;6;38;19
1554.0;17;30;13;38;171;27;9;37;18
1560.0;18;30;14;33;171;29;9;38;18
1566.0;19;31;19;32;171;29;8;37;14
1572.0;18;31;17;29;174;27;12;37;15
1578.0;19;28;15;31;176;27;14;35;15
1584.0;17;29;14;32;176;29;16;34;13
1590.0;16;32;13;31;176;28;17;36;11
1596.0;17;31;10;32;177;28;18;36;11
1602.0;16;28;13;33;176;30;15;35;14
1608.0;17;29;12;33;176;31;13;35;14
1614.0;17;30;13;33;177;31;11;33;15
1620.0;15;28;14;31;177;37;12;32;14
1626.0;15;28;15;28;179;35;13;30;17
1632.0;16;28;14;29;178;36;14;27;18
1638.0;16;30;12;28;177;35;15;28;19
1644.0;16;29;14;32;176;32;15;28;18
1650.0;15;32;15;34;174;34;10;27;19
1656.0;14;31;17;35;172;32;12;30;17
1662.0;17;31;18;34;170;30;12;31;17
1668.0;17;30;19;32;168;33;11;32;18
1674.0;17;33;19;32;167;34;12;31;15
1680.0;20;34;17;32;167;36;13;28;13
1686.0;22;33;18;32;164;37;16;24;14
1692.0;21;32;18;29;163;37;18;27;15
1698.0;24;31;12;35;159;37;20;26;16
1704.0;22;33;15;35;158;36;19;27;15
1710.0;22;36;13;38;156;35;16;29;15
1716.0;23;38;15;38;152;35;15;29;15
1722.0;21;37;14;39;155;36;14;31;13
1728.0;20;36;12;41;155;37;15;32;12
1734.0;22;38;12;41;155;35;15;30;12
1740.0;21;37;11;45;156;35;14;32;9
1746.0;18;37;13;45;157;36;12;32;10
1752.0;17;34;11;46;159;35;11;33;14
1758.0;19;30;12;44;158;36;13;34;14
1764.0;17;32;11;49;158;35;13;32;13
1770.0;17;33;14;46;159;35;12;31;13
1776.0;18;33;15;43;162;32;12;33;12
1782.0;17;31;19;42;162;35;11;32;11
1788.0;20;30;19;42;160;34;11;34;10
1794.0;18;33;22;42;163;31;10;31;10
