#auto generated file!
12.0;18;18;27;24;28;22;18;34;31
18.0;17;19;28;25;30;25;17;34;25
24.0;15;21;25;25;31;27;19;37;20
30.0;15;20;24;27;31;26;18;40;19
36.0;12;20;23;27;34;27;17;43;17
42.0;12;19;23;28;36;24;19;43;16
48.0;10;17;23;27;36;26;20;44;17
54.0;11;16;22;26;38;26;21;42;18
60.0;10;18;22;28;38;28;19;39;18
66.0;10;22;21;28;42;28;14;38;17
72.0;11;23;18;30;43;27;13;38;17
78.0;11;22;21;29;45;26;12;36;18
84.0;10;24;21;30;44;25;12;37;17
90.0;10;25;22;27;47;22;12;40;15
96.0;11;24;19;26;49;21;14;40;16
102.0;13;23;19;27;48;22;12;40;16
108.0;13;25;17;26;48;23;12;42;14
114.0;12;22;18;27;50;26;14;38;13
120.0;16;21;16;28;50;25;15;40;9
126.0;17;23;18;26;49;23;14;41;9
132.0;17;23;18;24;49;23;14;41;11
138.0;16;24;18;23;52;21;16;39;11
144.0;15;23;18;27;53;19;15;39;11
150.0;15;23;19;25;54;21;13;38;12
156.0;17;21;19;25;55;20;14;38;11
162.0;18;22;21;22;56;17;13;39;12
168.0;21;22;18;24;56;17;14;38;10
174.0;20;20;16;25;58;16;14;37;14
180.0;17;19;14;27;61;17;14;36;15
186.0;15;19;16;27;61;18;13;35;16
192.0;14;20;16;29;60;18;13;34;16
198.0;13;19;18;31;61;22;10;31;15
204.0;14;18;19;26;62;20;12;30;19
210.0;15;18;18;26;65;18;12;29;19
216.0;17;19;15;24;64;20;14;29;18
222.0;17;21;13;24;66;20;15;27;17
228.0;18;20;14;24;65;19;16;26;18
234.0;20;19;12;26;66;19;15;25;18
240.0;17;19;11;27;66;20;17;27;16
246.0;17;18;13;25;66;23;16;28;14
252.0;19;21;11;26;67;22;14;27;13
258.0;18;22;11;26;68;21;14;27;13
264.0;17;20;11;24;69;22;15;29;13
270.0;14;22;14;24;68;21;16;28;13
276.0;15;22;14;25;67;22;17;28;10
282.0;15;21;13;26;70;21;16;28;10
288.0;16;21;12;27;71;18;17;26;12
294.0;17;21;13;26;72;21;17;22;11
300.0;17;21;12;26;72;22;19;20;11
306.0;15;22;9;28;74;19;18;21;14
312.0;14;24;12;28;73;20;16;19;14
318.0;13;24;11;28;74;20;16;21;13
324.0;14;26;10;29;75;17;16;21;12
330.0;16;25;10;29;75;17;16;20;12
336.0;17;25;9;27;79;14;17;19;13
342.0;17;26;8;27;77;15;17;19;14
348.0;16;27;10;25;80;14;14;20;14
354.0;18;28;7;23;80;16;14;19;15
360.0;15;25;8;26;80;15;14;21;16
366.0;15;26;9;24;79;14;13;22;18
372.0;15;26;9;23;80;13;14;22;18
378.0;16;26;9;21;80;13;16;23;16
384.0;14;28;10;19;83;14;16;20;16
390.0;13;29;11;20;85;14;13;20;15
396.0;13;27;12;19;85;15;11;19;19
402.0;14;28;12;20;82;16;13;16;19
408.0;12;29;12;21;83;18;12;16;17
414.0;12;26;10;24;82;19;12;19;16
420.0;11;25;9;25;83;21;12;20;14
426.0;13;24;10;23;82;21;12;20;15
432.0;12;23;11;22;81;21;14;20;16
438.0;14;22;12;24;82;22;11;19;14
444.0;13;22;13;21;83;23;10;20;15
450.0;13;22;12;22;84;23;9;21;14
456.0;12;20;10;23;84;22;13;22;14
462.0;11;19;12;20;88;24;11;20;15
468.0;11;18;12;20;88;23;13;20;15
474.0;11;18;12;20;89;23;15;18;14
480.0;9;24;12;20;88;25;12;16;14
486.0;9;24;11;22;93;25;10;15;11
492.0;8;24;11;23;90;25;10;17;12
498.0;7;24;10;23;92;25;10;17;12
504.0;6;25;10;24;91;26;6;17;15
510.0;7;26;9;24;88;27;5;18;16
516.0;7;23;8;25;88;27;6;19;17
522.0;8;24;7;24;89;24;7;19;18
528.0;7;25;9;25;90;23;7;19;15
534.0;8;25;9;23;92;24;8;18;13
540.0;7;26;10;22;90;24;10;18;13
546.0;8;27;10;22;92;24;10;19;8
552.0;7;25;10;23;91;25;11;19;9
558.0;10;23;10;22;92;26;9;19;9
564.0;10;21;12;18;94;26;10;20;9
570.0;9;22;10;19;96;25;9;21;9
576.0;10;22;12;19;95;23;8;21;10
582.0;9;22;8;20;94;23;10;23;11
588.0;9;24;6;20;97;19;10;23;12
594.0;9;25;7;20;99;17;10;22;11
600.0;10;24;7;20;100;18;9;21;11
606.0;11;24;7;23;100;18;9;21;7
612.0;11;24;8;23;100;18;8;19;9
618.0;12;26;8;21;99;18;9;18;9
624.0;12;24;8;20;100;18;11;18;9
630.0;10;23;9;23;99;18;11;17;10
636.0;8;25;10;24;101;16;10;18;8
642.0;7;21;9;24;103;19;8;19;10
648.0;8;22;10;21;102;17;8;21;11
654.0;8;23;11;20;104;16;9;21;8
660.0;10;23;7;21;102;16;11;21;9
666.0;10;23;6;21;102;17;9;23;9
672.0;9;24;6;20;103;16;9;24;9
678.0;10;23;8;17;102;16;10;25;9
684.0;9;23;7;17;103;16;11;24;10
690.0;6;21;8;17;104;18;11;23;12
696.0;7;21;7;16;104;18;11;24;12
702.0;5;21;8;16;106;16;10;25;13
708.0;5;20;10;16;104;16;10;24;15
714.0;6;19;9;16;103;20;11;23;13
720.0;8;19;9;16;103;20;11;22;12
726.0;8;19;9;17;105;20;10;21;11
732.0;8;18;8;18;105;18;12;24;9
738.0;10;19;6;18;106;17;12;23;9
744.0;10;19;7;20;107;18;10;22;7
750.0;10;18;7;17;108;24;10;19;7
756.0;10;18;7;15;109;26;9;21;5
762.0;8;17;8;16;110;27;11;18;5
768.0;9;18;8;16;107;25;11;18;8
774.0;8;18;8;16;105;24;11;20;10
780.0;8;19;9;16;105;22;10;21;10
786.0;6;22;9;17;103;23;12;20;8
792.0;6;23;9;18;101;21;14;20;8
798.0;7;23;8;15;105;19;15;20;8
804.0;8;24;8;16;104;19;15;19;7
810.0;6;23;7;14;106;20;14;21;9
816.0;6;25;8;17;103;21;13;20;7
822.0;7;23;9;18;103;20;14;21;5
828.0;5;25;10;17;102;20;13;21;7
834.0;8;24;11;17;101;20;10;20;9
840.0;10;26;10;18;98;19;10;20;9
846.0;12;25;9;20;99;18;11;19;7
852.0;12;26;7;20;101;17;13;17;7
858.0;7;28;8;18;102;16;14;16;11
864.0;8;28;7;16;103;15;17;15;11
870.0;10;31;7;15;101;15;16;16;9
876.0;9;29;7;15;105;12;15;17;11
882.0;10;27;7;14;105;15;13;16;13
888.0;9;28;8;14;107;17;12;15;10
894.0;9;28;6;12;106;17;13;17;12
900.0;12;28;5;10;106;16;13;18;12
906.0;12;25;6;11;104;15;13;21;13
912.0;13;25;5;11;105;15;13;21;12
918.0;14;24;6;9;104;17;15;20;11
924.0;10;23;7;8;104;17;14;22;15
930.0;10;22;7;10;106;18;12;21;14
936.0;13;23;7;10;105;17;9;23;13
942.0;13;22;7;9;105;19;10;22;13
948.0;13;21;8;9;103;21;11;21;13
954.0;13;21;8;11;103;20;10;21;13
960.0;14;21;10;11;100;19;10;20;15
966.0;15;23;10;11;99;20;10;18;14
972.0;12;23;11;10;96;21;13;20;14
978.0;12;23;10;9;99;22;11;21;13
984.0;10;25;9;10;101;23;11;20;11
990.0;10;24;9;9;102;22;10;21;13
996.0;10;24;7;11;101;23;9;23;12
1002.0;10;23;8;11;99;23;9;26;11
1008.0;9;23;7;10;99;23;10;27;12
1014.0;7;23;6;9;101;22;11;29;12
1020.0;9;23;6;9;100;22;11;30;10
1026.0;10;22;6;9;101;23;9;29;11
1032.0;8;25;8;11;102;21;6;27;12
1038.0;7;24;8;11;101;23;6;28;12
1044.0;8;23;7;8;100;24;9;28;13
1050.0;11;23;7;8;100;23;8;28;12
1056.0;11;22;6;8;102;25;9;26;11
1062.0;10;21;6;11;104;25;7;25;11
1068.0;8;20;6;14;104;24;9;22;13
1074.0;9;18;6;14;106;23;9;21;14
1080.0;11;18;8;16;105;21;7;21;13
1086.0;13;19;9;15;105;23;4;21;11
1092.0;13;19;10;15;104;20;4;21;14
1098.0;14;19;10;16;104;20;2;22;13
1104.0;14;22;8;17;104;19;3;21;12
1110.0;15;22;8;16;104;17;3;22;13
1116.0;14;23;7;17;103;17;4;21;14
1122.0;13;24;6;15;105;19;5;19;14
1128.0;13;25;5;14;106;21;6;19;11
1134.0;11;25;5;15;106;22;7;17;12
1140.0;13;25;5;15;106;21;9;15;11
1146.0;12;25;4;16;105;22;11;15;10
1152.0;12;25;4;16;106;22;12;13;10
1158.0;12;27;4;17;104;24;11;13;8
1164.0;12;26;6;16;103;23;11;15;8
1170.0;11;24;6;15;105;24;12;15;8
1176.0;10;24;6;15;105;25;12;15;8
1182.0;13;23;7;15;105;25;11;12;9
1188.0;12;24;9;15;103;24;12;11;10
1194.0;13;22;11;14;103;21;14;12;10
1200.0;13;21;11;14;104;20;15;12;10
1206.0;12;24;10;15;102;19;16;14;8
1212.0;9;25;11;16;101;19;15;15;9
1218.0;9;26;11;16;101;19;14;15;9
1224.0;10;24;10;18;99;19;16;16;8
1230.0;9;24;10;18;102;18;15;17;7
1236.0;9;21;9;22;103;18;16;17;5
1242.0;9;20;8;24;102;18;16;18;5
1248.0;10;20;8;22;102;16;16;19;7
1254.0;12;20;9;22;103;17;11;19;7
1260.0;12;19;9;25;102;17;10;19;7
1266.0;12;20;8;24;100;18;9;21;8
1272.0;12;18;11;22;100;17;10;21;9
1278.0;13;18;8;21;99;17;11;22;11
1284.0;16;18;9;20;99;15;10;22;11
1290.0;17;20;8;19;98;14;11;23;10
1296.0;18;20;9;20;97;13;12;21;10
1302.0;18;18;9;21;95;11;13;24;11
1308.0;20;18;9;20;95;11;13;22;12
1314.0;20;17;9;20;95;13;13;21;12
1320.0;22;17;9;19;91;16;13;22;11
1326.0;20;16;10;20;92;18;13;20;11
1332.0;18;16;13;20;93;17;10;21;12
1338.0;17;16;13;22;94;17;9;21;11
1344.0;14;15;15;22;94;16;9;23;12
1350.0;14;16;18;20;94;15;8;24;11
1356.0;14;16;17;18;94;14;8;25;14
1362.0;12;16;16;18;90;18;9;25;16
1368.0;12;15;14;19;89;19;11;24;17
1374.0;13;14;12;21;91;19;11;23;16
1380.0;11;16;12;20;89;20;11;25;16
1386.0;13;17;10;19;88;19;9;26;19
1392.0;14;16;10;21;88;19;8;26;18
1398.0;17;15;10;21;90;19;7;25;16
1404.0;16;16;9;25;88;19;8;26;13
1410.0;18;18;10;24;87;19;6;25;13
1416.0;18;18;8;25;88;19;7;25;12
1422.0;17;17;10;25;87;21;7;26;10
1428.0;14;18;11;24;88;22;9;25;9
1434.0;15;18;11;23;87;23;8;24;11
1440.0;18;18;9;25;85;22;10;25;8
1446.0;17;20;8;23;84;23;10;28;7
1452.0;18;21;7;22;84;22;11;28;7
1458.0;15;20;8;24;85;22;12;27;7
1464.0;15;22;6;25;85;20;11;29;7
1470.0;18;22;7;25;85;18;11;26;8
1476.0;15;23;8;24;82;22;12;26;8
1482.0;14;23;8;24;82;22;14;27;6
1488.0;13;21;8;27;82;21;15;26;7
1494.0;15;22;7;25;82;20;14;28;7
1500.0;15;22;7;25;81;19;15;29;7
1506.0;17;21;7;24;82;19;14;29;7
1512.0;14;23;8;26;81;18;10;31;9
1518.0;12;23;9;26;81;19;10;31;9
1524.0;12;22;7;28;80;20;7;34;10
1530.0;13;22;5;27;81;22;9;34;7
1536.0;12;21;8;29;82;22;8;32;6
1542.0;12;22;7;30;84;22;7;31;5
1548.0;10;24;9;27;84;20;8;32;6
1554.0;9;25;11;24;84;20;10;31;6
1560.0;8;26;9;26;83;21;10;30;7
1566.0;10;25;9;26;83;22;7;29;9
1572.0;9;25;10;26;84;22;6;28;10
1578.0;9;25;10;27;84;21;5;28;11
1584.0;8;26;10;26;86;21;4;28;11
1590.0;8;26;11;20;86;23;4;31;11
1596.0;7;26;13;20;87;23;4;32;8
1602.0;8;26;14;18;88;23;6;28;9
1608.0;7;26;13;18;88;24;5;28;11
1614.0;5;26;10;20;88;25;5;30;11
1620.0;7;26;13;17;89;24;4;30;10
1626.0;8;27;13;17;89;23;4;30;9
1632.0;8;25;12;20;88;23;4;30;10
1638.0;8;26;12;20;89;23;3;30;9
1644.0;9;27;14;20;89;20;4;27;10
1650.0;9;28;16;19;88;21;2;26;11
1656.0;9;28;16;19;88;21;2;24;13
1662.0;10;28;14;21;89;20;3;24;11
1668.0;10;28;15;20;89;18;3;26;11
1674.0;10;27;12;22;91;21;2;23;12
1680.0;10;27;12;22;91;20;1;24;13
1686.0;13;23;10;22;89;24;1;25;13
1692.0;12;22;11;22;90;23;3;25;12
1698.0;11;21;9;21;91;22;4;28;13
1704.0;9;22;8;22;89;23;5;29;13
1710.0;9;20;8;21;90;20;7;31;14
1716.0;11;20;9;20;87;20;9;30;14
1722.0;13;19;9;23;87;20;9;28;12
1728.0;13;17;10;23;88;22;8;29;10
1734.0;12;17;10;22;87;22;7;33;10
1740.0;11;22;8;21;87;20;10;31;10
1746.0;10;21;8;20;89;22;10;30;10
1752.0;10;19;10;19;89;21;10;30;12
1758.0;10;19;10;19;92;23;8;30;9
1764.0;10;19;10;20;89;25;9;30;8
1770.0;10;21;10;20;89;24;9;29;8
1776.0;9;19;11;19;90;23;12;28;9
1782.0;9;20;10;19;92;21;13;28;8
1788.0;10;21;11;18;92;20;13;28;7
1794.0;10;23;13;16;92;22;12;26;6
