#auto generated file!
12.0;45;34;27;26;33;28;22;25;40
18.0;44;34;29;27;34;32;20;24;36
24.0;39;37;26;24;40;31;23;26;34
30.0;40;37;26;23;43;32;23;23;33
36.0;40;40;21;24;45;32;19;24;35
42.0;35;41;23;25;46;31;24;22;33
48.0;29;42;25;28;45;33;24;22;32
54.0;23;45;28;26;47;32;24;22;33
60.0;19;45;31;25;48;31;26;20;35
66.0;19;43;30;24;54;30;28;21;31
72.0;17;43;32;23;56;27;27;24;31
78.0;17;41;35;23;57;28;26;25;28
84.0;17;38;34;27;58;32;24;26;24
90.0;18;40;34;27;59;30;22;26;24
96.0;18;39;34;28;60;24;25;26;26
102.0;18;38;32;30;62;26;22;27;25
108.0;17;35;28;31;66;27;22;28;26
114.0;20;34;29;27;67;29;21;28;25
120.0;21;33;28;29;70;27;21;29;22
126.0;22;33;27;29;69;27;20;30;23
132.0;22;33;26;28;71;29;18;30;23
138.0;22;34;24;28;73;27;18;30;24
144.0;20;34;26;29;75;25;17;30;24
150.0;17;35;25;31;78;25;18;28;23
156.0;18;33;26;32;77;24;22;25;23
162.0;20;31;24;33;77;26;24;21;24
168.0;21;31;21;31;79;25;24;22;26
174.0;21;33;22;30;82;25;24;21;22
180.0;22;34;19;28;86;27;23;22;19
186.0;24;32;16;31;87;26;21;25;18
192.0;23;32;16;29;88;31;19;26;16
198.0;22;31;16;29;88;30;18;27;19
204.0;20;28;13;31;87;29;20;33;19
210.0;21;27;12;31;87;27;22;33;20
216.0;22;28;12;29;88;27;19;34;21
222.0;25;29;13;32;89;25;19;30;18
228.0;25;28;16;32;90;25;16;29;19
234.0;24;26;15;32;91;27;15;30;20
240.0;21;27;15;33;94;26;14;28;22
246.0;17;27;18;32;94;25;17;29;21
252.0;17;30;18;35;94;21;17;27;21
258.0;17;32;18;37;92;20;15;28;21
264.0;17;32;19;36;92;21;16;27;20
270.0;22;31;17;36;96;17;15;25;21
276.0;21;31;19;35;99;16;15;25;19
282.0;20;27;20;35;100;19;16;25;18
288.0;20;26;18;36;98;19;18;27;18
294.0;19;29;16;37;99;18;19;23;20
300.0;18;31;17;37;99;20;18;21;19
306.0;16;31;16;36;100;19;18;26;18
312.0;17;29;13;34;101;22;18;27;19
318.0;15;29;15;38;98;22;16;28;19
324.0;17;31;16;40;99;18;15;27;17
330.0;16;30;14;42;98;17;18;26;19
336.0;17;31;16;46;99;16;15;25;15
342.0;17;30;16;42;100;16;16;24;19
348.0;19;28;17;41;101;16;15;25;18
354.0;16;28;20;44;103;19;12;23;15
360.0;14;28;21;42;104;20;12;22;17
366.0;12;30;23;41;106;18;11;22;17
372.0;11;31;25;41;105;17;11;22;17
378.0;12;29;21;41;107;16;11;24;19
384.0;12;27;19;39;106;17;14;27;19
390.0;16;26;19;37;103;19;13;27;20
396.0;15;25;19;37;102;22;14;26;20
402.0;14;23;19;35;104;26;14;25;20
408.0;13;26;17;37;106;29;10;23;19
414.0;15;22;18;33;109;29;12;21;21
420.0;15;19;20;35;110;29;12;20;20
426.0;13;21;19;37;112;29;10;19;20
432.0;13;22;21;34;112;29;10;20;19
438.0;13;21;20;34;113;32;12;20;15
444.0;12;21;20;33;113;32;12;23;14
450.0;11;25;18;32;114;32;10;23;15
456.0;12;25;16;32;112;33;14;24;12
462.0;12;25;14;34;112;33;15;22;13
468.0;13;26;14;35;114;30;15;21;12
474.0;15;26;13;41;112;30;13;19;11
480.0;15;26;15;37;111;31;15;19;11
486.0;12;29;15;36;113;33;15;19;8
492.0;13;29;17;36;113;30;12;20;10
498.0;12;31;17;30;112;31;13;21;13
504.0;11;32;18;31;112;30;12;19;15
510.0;15;30;17;31;114;30;10;17;16
516.0;17;28;17;32;113;30;13;16;14
522.0;19;29;16;31;115;30;12;15;13
528.0;17;30;14;29;116;32;11;17;14
534.0;17;29;16;28;113;32;16;16;13
540.0;17;28;18;28;114;29;16;17;13
546.0;19;27;19;28;115;28;16;15;13
552.0;20;25;16;28;113;30;15;18;15
558.0;24;25;15;28;111;30;16;17;14
564.0;22;22;18;27;110;30;17;17;17
570.0;22;22;16;28;109;29;18;17;19
576.0;22;24;16;31;108;27;17;17;18
582.0;18;24;17;34;108;27;15;18;19
588.0;12;24;18;35;108;28;18;19;18
594.0;15;22;16;34;112;26;17;20;18
600.0;13;25;14;34;112;26;18;21;17
606.0;13;27;15;33;111;26;17;22;16
612.0;15;28;15;31;110;26;15;24;16
618.0;13;26;14;33;110;26;16;27;15
624.0;14;28;13;32;112;22;17;28;14
630.0;14;31;12;31;110;21;19;27;15
636.0;14;30;13;31;109;22;20;28;13
642.0;16;30;12;29;108;22;17;31;15
648.0;16;29;12;29;107;23;17;32;15
654.0;16;29;12;29;108;22;16;31;17
660.0;18;29;9;31;107;24;14;30;18
666.0;18;30;7;33;107;25;16;30;14
672.0;18;27;7;34;106;23;20;31;14
678.0;18;28;6;35;106;22;19;31;15
684.0;19;27;8;33;106;20;21;32;14
690.0;17;26;7;34;106;19;23;33;15
696.0;16;27;7;32;107;21;24;31;15
702.0;15;26;8;31;112;23;21;31;13
708.0;17;27;10;29;111;23;19;30;14
714.0;16;22;11;28;113;25;21;29;15
720.0;16;21;11;28;114;25;19;29;17
726.0;16;23;11;27;114;27;20;28;14
732.0;16;24;13;25;114;30;19;26;13
738.0;18;23;14;26;113;28;20;25;13
744.0;18;22;12;23;115;31;20;25;14
750.0;14;22;14;21;121;30;18;26;14
756.0;15;22;12;20;122;32;15;27;15
762.0;15;24;13;20;120;31;15;26;16
768.0;16;24;13;19;122;30;16;27;13
774.0;17;24;13;20;119;32;14;28;13
780.0;19;21;14;21;118;32;15;27;13
786.0;18;21;16;22;118;31;13;28;13
792.0;16;21;15;23;118;31;14;29;13
798.0;17;21;14;24;116;32;14;28;14
804.0;18;20;14;24;117;32;13;27;15
810.0;18;21;12;23;117;30;14;31;14
816.0;19;20;11;26;116;30;11;31;16
822.0;18;21;12;24;117;29;12;31;16
828.0;17;22;10;26;118;29;12;30;16
834.0;16;22;12;28;118;26;12;31;15
840.0;16;22;12;27;118;27;13;29;16
846.0;14;24;13;28;117;26;12;27;19
852.0;13;23;12;30;117;25;13;28;19
858.0;13;23;13;30;117;23;12;30;19
864.0;13;22;13;30;119;22;13;30;18
870.0;13;22;11;32;119;22;14;29;18
876.0;13;21;14;30;119;21;15;28;19
882.0;13;22;14;31;120;22;15;28;15
888.0;14;21;11;32;120;24;16;27;15
894.0;13;20;12;31;120;25;18;26;15
900.0;11;19;13;30;119;29;21;24;14
906.0;12;19;13;29;118;30;19;26;14
912.0;12;19;11;29;123;30;19;24;13
918.0;12;20;11;28;121;30;20;24;14
924.0;13;20;13;27;120;30;20;24;13
930.0;13;19;13;26;124;31;19;22;13
936.0;11;18;16;27;125;33;17;22;11
942.0;11;18;15;26;125;29;19;26;11
948.0;12;19;17;25;125;27;19;24;12
954.0;14;19;17;25;123;28;16;27;11
960.0;18;20;17;24;123;27;14;27;10
966.0;17;20;18;27;123;28;14;25;8
972.0;20;20;16;26;123;29;12;25;9
978.0;18;21;15;28;123;29;10;24;12
984.0;17;23;16;27;120;29;8;24;16
990.0;15;24;17;26;121;29;8;24;16
996.0;16;25;16;27;119;30;7;24;16
1002.0;16;25;13;28;120;30;9;24;15
1008.0;19;24;12;27;121;29;9;25;14
1014.0;21;24;14;28;122;28;7;22;14
1020.0;20;22;13;29;121;30;7;24;14
1026.0;19;19;14;32;120;31;7;26;12
1032.0;17;19;13;33;120;34;9;24;11
1038.0;16;19;9;34;122;33;12;23;12
1044.0;16;17;10;33;121;33;13;22;15
1050.0;17;16;13;30;119;36;15;18;16
1056.0;15;17;13;29;119;36;17;18;16
1062.0;13;17;12;29;124;36;16;17;16
1068.0;13;15;13;30;122;35;17;18;17
1074.0;10;18;11;30;122;37;18;18;16
1080.0;9;19;12;31;124;37;15;17;16
1086.0;8;21;10;28;126;40;12;18;17
1092.0;9;22;9;31;124;38;11;19;17
1098.0;7;23;7;31;125;37;12;21;17
1104.0;8;24;6;32;124;36;13;20;17
1110.0;9;24;10;33;124;34;11;20;15
1116.0;7;24;8;33;123;32;14;20;19
1122.0;9;24;6;33;121;33;16;20;18
1128.0;9;25;4;30;122;36;16;21;17
1134.0;9;23;6;28;123;37;16;19;19
1140.0;9;23;5;29;123;35;18;20;18
1146.0;7;25;6;31;119;35;20;19;18
1152.0;6;25;6;32;122;34;22;19;14
1158.0;7;26;6;33;119;35;24;20;10
1164.0;8;25;11;33;115;37;21;19;11
1170.0;7;25;10;34;116;37;19;21;11
1176.0;9;23;13;34;117;34;18;21;11
1182.0;10;24;13;34;117;33;17;24;8
1188.0;12;22;12;34;116;34;17;26;7
1194.0;14;22;11;36;116;32;14;26;9
1200.0;15;20;11;35;116;34;13;27;9
1206.0;15;21;14;36;114;31;12;29;8
1212.0;13;23;16;35;113;32;11;29;8
1218.0;12;21;13;35;115;30;13;30;11
1224.0;15;22;12;35;117;29;12;29;9
1230.0;17;20;14;35;116;30;11;30;7
1236.0;16;23;14;32;118;29;10;29;9
1242.0;17;21;15;28;119;28;13;30;9
1248.0;17;21;16;27;120;26;14;27;12
1254.0;17;17;15;27;122;26;15;27;14
1260.0;11;17;13;27;126;27;17;27;15
1266.0;12;19;12;27;127;27;16;27;13
1272.0;13;19;12;26;127;27;13;28;15
1278.0;12;18;14;28;127;28;11;28;14
1284.0;13;17;14;28;125;28;12;28;15
1290.0;12;18;13;30;127;26;12;27;15
1296.0;11;17;12;29;128;27;13;28;15
1302.0;13;16;12;26;127;29;13;28;16
1308.0;14;16;12;27;124;32;10;26;19
1314.0;15;16;11;26;124;31;10;27;20
1320.0;14;16;13;29;124;30;11;27;16
1326.0;11;18;14;30;124;30;8;26;19
1332.0;11;18;16;27;125;28;9;26;20
1338.0;10;18;15;27;125;27;12;24;22
1344.0;11;18;15;24;126;26;11;27;22
1350.0;11;19;13;23;127;26;13;28;20
1356.0;11;19;12;21;127;25;12;32;21
1362.0;14;17;13;21;125;26;13;31;20
1368.0;14;17;16;20;125;25;14;31;18
1374.0;15;18;16;21;128;26;13;28;15
1380.0;15;19;17;19;128;28;11;28;15
1386.0;14;22;13;21;126;28;12;28;16
1392.0;12;21;16;18;126;30;14;31;12
1398.0;14;22;14;18;127;30;12;31;12
1404.0;15;21;13;22;127;30;10;32;10
1410.0;13;20;18;21;128;30;10;30;10
1416.0;13;20;14;20;129;31;10;31;12
1422.0;13;20;10;19;128;32;12;32;14
1428.0;13;21;9;20;128;32;11;32;14
1434.0;13;22;6;22;130;30;11;30;16
1440.0;14;20;6;23;130;28;12;31;16
1446.0;10;20;6;24;130;26;16;30;18
1452.0;10;22;6;25;127;26;16;30;18
1458.0;9;22;5;25;127;27;14;31;20
1464.0;11;21;5;23;128;28;14;30;20
1470.0;11;21;8;25;125;25;15;31;19
1476.0;11;19;11;24;123;24;17;32;19
1482.0;10;20;11;25;121;23;18;34;18
1488.0;12;22;11;22;121;24;19;33;16
1494.0;12;23;11;23;122;26;19;31;13
1500.0;14;24;10;22;123;27;16;32;12
1506.0;9;25;12;25;124;28;14;32;11
1512.0;10;25;11;24;126;27;14;31;12
1518.0;10;25;11;23;127;26;14;30;14
1524.0;11;20;10;27;127;27;14;30;14
1530.0;11;22;10;23;128;29;14;31;12
1536.0;12;21;11;25;128;29;13;28;13
1542.0;12;23;11;25;127;28;14;28;12
1548.0;9;21;12;27;130;29;14;25;13
1554.0;10;20;14;27;127;28;16;27;11
1560.0;10;21;14;28;127;27;17;25;11
1566.0;11;22;13;26;127;29;14;27;11
1572.0;12;22;13;28;126;28;13;27;11
1578.0;13;26;15;27;124;26;12;27;10
1584.0;12;28;14;29;123;26;11;26;11
1590.0;13;26;15;28;121;25;13;27;12
1596.0;13;27;16;27;121;25;14;26;11
1602.0;11;29;14;27;120;24;15;27;13
1608.0;14;28;14;27;121;25;15;26;10
1614.0;15;28;13;28;119;26;14;26;11
1620.0;16;27;14;28;117;24;14;29;11
1626.0;17;26;12;28;117;26;14;28;12
1632.0;19;24;13;28;118;26;13;27;12
1638.0;19;26;11;24;115;31;13;30;11
1644.0;19;25;11;23;113;31;16;29;13
1650.0;19;26;10;23;113;29;17;27;16
1656.0;18;24;12;23;115;30;18;26;14
1662.0;16;23;15;23;115;33;16;25;14
1668.0;18;24;17;19;115;33;16;25;13
1674.0;18;25;19;22;112;33;16;24;11
1680.0;14;30;17;22;113;29;18;25;12
1686.0;13;32;19;21;112;33;15;23;12
1692.0;14;30;20;20;111;33;17;23;12
1698.0;14;31;16;20;113;34;16;24;12
1704.0;14;30;18;21;114;32;16;23;12
1710.0;14;29;19;22;112;32;14;25;13
1716.0;13;29;18;24;111;33;15;23;14
1722.0;14;28;18;24;113;32;15;22;14
1728.0;14;30;19;21;114;32;16;21;13
1734.0;16;29;18;24;111;34;15;22;11
1740.0;14;26;16;26;113;36;15;23;11
1746.0;12;25;16;26;115;36;16;23;11
1752.0;9;25;17;25;112;40;20;22;10
1758.0;10;26;16;24;111;42;18;23;10
1764.0;12;28;15;25;110;41;17;22;10
1770.0;13;32;16;24;111;39;15;21;9
1776.0;13;33;15;22;112;40;13;23;9
1782.0;12;29;14;22;116;39;14;25;9
1788.0;11;30;17;23;114;39;11;25;10
1794.0;11;28;17;21;115;43;13;24;8
