#auto generated file!
12.0;33;17;32;28;31;27;26;33;23
18.0;31;16;31;30;32;26;25;35;24
24.0;30;15;35;30;33;27;24;33;23
30.0;28;19;32;27;38;26;25;34;21
36.0;28;19;27;27;38;30;26;33;22
42.0;27;21;24;27;38;35;25;33;20
48.0;27;23;24;27;39;34;23;33;20
54.0;26;26;26;25;38;32;24;33;20
60.0;26;26;26;24;40;36;22;31;19
66.0;24;29;25;26;40;35;20;30;21
72.0;23;31;23;26;41;37;22;27;20
78.0;25;34;23;26;42;37;20;27;16
84.0;25;36;21;28;42;36;19;27;16
90.0;23;35;20;31;43;36;17;28;17
96.0;22;33;21;29;47;37;18;27;16
102.0;23;33;20;30;50;38;18;26;12
108.0;23;36;19;30;49;38;16;26;13
114.0;20;36;17;30;51;39;17;25;15
120.0;20;38;17;31;51;38;14;25;16
126.0;20;38;17;31;52;40;13;26;13
132.0;20;37;18;33;53;37;13;26;13
138.0;18;38;20;32;55;34;14;28;11
144.0;18;36;19;33;57;35;9;31;12
150.0;17;38;19;32;58;35;9;30;12
156.0;17;36;23;32;58;36;8;28;12
162.0;14;37;24;31;59;35;10;29;11
168.0;17;36;21;33;59;36;7;29;12
174.0;17;37;20;33;60;36;7;30;10
180.0;15;33;23;32;61;37;8;29;12
186.0;14;30;23;35;64;35;6;31;12
192.0;15;29;21;37;64;37;7;29;11
198.0;16;29;19;37;67;35;7;28;12
204.0;15;31;17;37;68;34;6;31;11
210.0;17;29;17;38;68;35;5;28;13
216.0;16;30;16;41;69;35;4;27;12
222.0;17;29;14;39;70;36;4;27;14
228.0;17;28;13;43;73;34;5;24;13
234.0;20;30;13;41;72;32;3;25;14
240.0;23;30;10;40;74;30;7;25;11
246.0;26;29;5;36;75;28;9;28;14
252.0;23;25;6;39;76;32;10;28;11
258.0;21;24;6;39;74;30;12;30;14
264.0;21;25;6;37;74;31;12;29;15
270.0;20;24;7;37;74;32;13;28;15
276.0;17;24;7;37;75;32;16;26;16
282.0;15;26;9;35;77;33;15;24;16
288.0;13;29;11;37;75;32;17;24;12
294.0;13;29;10;37;79;31;14;26;11
300.0;14;27;10;38;79;28;13;26;15
306.0;14;25;14;37;82;28;10;25;15
312.0;13;25;14;39;80;28;10;26;15
318.0;13;22;13;40;83;28;10;25;16
324.0;15;21;14;39;82;26;11;29;13
330.0;17;20;13;39;78;26;11;31;15
336.0;15;19;15;36;79;27;12;31;16
342.0;12;22;15;31;81;26;14;33;16
348.0;15;22;12;31;83;27;15;32;13
354.0;16;21;13;29;86;26;16;32;11
360.0;16;20;17;28;83;25;17;33;11
366.0;16;21;17;24;85;28;18;32;9
372.0;15;22;17;23;84;28;21;32;8
378.0;15;22;15;21;89;26;21;31;10
384.0;16;22;13;22;90;27;20;30;10
390.0;16;21;11;25;91;23;20;30;13
396.0;14;22;11;23;91;24;19;34;12
402.0;11;22;10;28;92;24;18;34;11
408.0;12;19;11;27;90;26;19;35;11
414.0;14;19;14;26;90;24;20;34;9
420.0;14;19;14;27;91;25;19;34;7
426.0;13;19;12;26;91;25;19;37;8
432.0;13;21;12;26;92;23;18;37;8
438.0;15;18;14;26;91;23;19;36;8
444.0;14;16;14;24;92;24;18;37;11
450.0;15;15;16;24;92;24;16;36;12
456.0;13;16;18;25;92;24;15;35;12
462.0;12;17;16;21;92;24;17;36;15
468.0;11;16;18;24;92;24;14;36;15
474.0;14;15;17;24;96;22;15;33;14
480.0;14;16;16;26;95;22;14;33;14
486.0;16;17;14;26;97;26;10;31;13
492.0;14;17;18;27;91;28;11;30;14
498.0;14;16;22;26;93;28;9;30;12
504.0;20;16;18;26;93;25;10;32;10
510.0;21;16;19;26;93;23;10;31;11
516.0;18;16;22;28;90;24;11;31;10
522.0;15;17;21;28;92;23;11;32;11
528.0;16;19;20;28;92;22;11;31;11
534.0;17;20;19;29;92;23;10;30;10
540.0;15;20;19;25;92;24;15;29;11
546.0;14;20;18;25;95;25;14;27;12
552.0;16;21;17;25;94;25;14;25;13
558.0;17;19;18;26;96;23;14;25;12
564.0;18;21;17;24;95;25;14;24;12
570.0;18;20;18;25;94;24;14;25;12
576.0;20;20;18;25;91;24;13;26;13
582.0;22;20;17;24;92;20;13;27;15
588.0;21;19;16;25;96;20;14;25;14
594.0;20;19;13;27;96;21;14;27;13
600.0;18;19;13;29;96;22;13;27;13
606.0;20;19;13;30;93;22;12;28;13
612.0;21;19;14;27;93;23;11;29;13
618.0;20;19;12;28;94;23;10;30;14
624.0;21;20;10;26;94;24;10;29;16
630.0;20;18;13;23;93;26;10;28;19
636.0;19;18;12;22;95;24;11;29;20
642.0;20;18;13;20;93;22;14;32;18
648.0;23;18;11;20;94;21;16;30;17
654.0;22;18;11;23;92;24;15;30;15
660.0;23;17;14;22;91;22;16;31;14
666.0;23;16;14;22;92;25;12;31;15
672.0;21;17;17;20;92;27;11;30;15
678.0;21;18;14;21;93;29;9;31;14
684.0;19;19;13;22;94;28;11;31;13
690.0;21;19;15;22;93;27;11;28;14
696.0;17;19;14;25;94;28;12;28;13
702.0;15;18;14;26;95;28;11;28;15
708.0;13;17;16;27;96;29;11;26;15
714.0;12;20;14;27;96;30;10;26;15
720.0;9;20;13;29;95;29;10;28;17
726.0;9;22;10;31;96;30;10;27;15
732.0;10;23;11;31;97;30;9;23;16
738.0;8;22;14;31;99;28;9;23;16
744.0;9;20;15;31;99;27;8;23;18
750.0;10;21;13;31;98;30;8;21;18
756.0;8;21;15;32;99;28;8;21;18
762.0;7;19;16;31;101;27;11;22;16
768.0;6;20;17;32;102;28;12;20;13
774.0;6;21;17;32;105;29;11;20;9
780.0;5;21;17;30;104;33;11;19;10
786.0;4;21;14;32;104;33;11;19;12
792.0;3;23;15;31;105;32;9;20;12
798.0;3;23;13;32;103;33;9;21;13
804.0;4;23;14;32;104;32;9;21;11
810.0;5;24;15;31;106;29;10;21;9
816.0;5;25;14;27;110;29;9;21;10
822.0;6;22;14;29;112;28;10;20;9
828.0;8;23;12;28;112;27;12;20;8
834.0;8;21;13;30;112;25;12;19;10
840.0;7;23;10;33;114;22;13;19;9
846.0;5;24;14;33;115;21;11;20;7
852.0;5;21;16;33;118;21;10;21;5
858.0;6;20;15;35;116;22;9;21;6
864.0;5;18;15;35;118;21;9;22;7
870.0;5;19;15;34;118;22;9;20;8
876.0;6;19;16;33;117;22;8;20;9
882.0;8;18;17;31;116;20;11;19;10
888.0;8;18;16;33;118;21;10;18;8
894.0;9;19;16;32;116;21;10;18;9
900.0;7;19;16;33;117;22;9;19;8
906.0;7;18;16;33;118;23;8;20;7
912.0;8;18;17;34;116;22;8;21;6
918.0;8;20;16;33;117;23;8;20;5
924.0;7;20;20;33;117;22;8;19;4
930.0;6;20;21;33;116;21;9;20;4
936.0;6;21;19;31;116;22;9;21;5
942.0;5;21;18;30;119;26;8;19;4
948.0;7;20;19;26;118;27;11;17;5
954.0;9;20;18;22;120;27;10;17;7
960.0;9;20;17;24;120;25;10;17;8
966.0;11;21;16;24;120;25;8;17;8
972.0;11;23;16;21;122;24;10;14;9
978.0;12;20;16;18;122;25;12;16;9
984.0;15;19;15;20;122;24;10;16;9
990.0;13;20;16;20;120;24;12;16;9
996.0;13;23;12;19;120;23;11;19;10
1002.0;14;23;10;17;122;23;11;19;11
1008.0;14;23;10;17;122;23;11;19;11
1014.0;12;23;11;16;123;25;11;19;10
1020.0;12;24;8;16;124;26;9;21;10
1026.0;11;24;7;16;124;26;10;23;9
1032.0;11;23;6;18;123;26;10;24;9
1038.0;11;22;8;17;121;25;11;25;10
1044.0;13;23;9;16;121;24;12;23;9
1050.0;12;23;11;15;119;23;13;24;10
1056.0;12;22;13;13;119;23;13;26;9
1062.0;13;22;13;13;119;23;13;25;9
1068.0;15;23;12;15;119;23;10;24;9
1074.0;14;21;14;13;121;25;9;25;8
1080.0;17;19;16;15;118;23;8;26;8
1086.0;17;18;17;17;121;20;7;26;7
1092.0;16;16;17;17;122;18;8;28;8
1098.0;15;13;19;17;121;18;9;29;9
1104.0;14;15;16;17;122;19;9;30;8
1110.0;12;15;16;18;120;20;9;31;9
1116.0;14;14;16;18;120;20;8;32;8
1122.0;14;13;16;18;119;18;11;32;9
1128.0;12;13;16;18;119;18;13;31;10
1134.0;14;12;15;18;120;18;12;30;11
1140.0;12;12;14;19;120;19;14;29;11
1146.0;11;12;14;19;119;22;12;31;10
1152.0;13;13;13;17;118;23;11;33;9
1158.0;12;13;13;18;117;22;11;35;9
1164.0;11;17;12;17;117;23;11;32;10
1170.0;11;17;12;17;116;23;14;31;9
1176.0;12;16;10;17;116;24;14;31;10
1182.0;12;14;11;19;114;26;16;31;7
1188.0;16;18;10;20;113;25;16;27;5
1194.0;13;19;13;22;110;25;15;28;5
1200.0;11;20;14;24;110;25;14;27;5
1206.0;12;19;14;23;109;25;12;28;8
1212.0;7;18;16;24;110;24;16;28;7
1218.0;8;19;15;25;107;24;15;29;8
1224.0;8;19;14;26;107;25;16;30;5
1230.0;7;19;13;26;106;24;17;30;8
1236.0;8;19;13;26;105;25;16;28;10
1242.0;9;18;15;25;105;25;19;24;10
1248.0;7;17;15;24;102;32;17;25;11
1254.0;9;20;13;23;101;32;17;25;10
1260.0;8;22;14;23;100;33;16;25;9
1266.0;8;21;13;23;101;33;14;26;11
1272.0;7;23;12;21;100;35;14;27;11
1278.0;7;23;12;22;102;36;14;25;9
1284.0;8;23;13;22;102;37;14;23;8
1290.0;11;24;12;23;102;34;12;22;10
1296.0;12;26;11;22;101;31;13;22;12
1302.0;14;27;12;19;101;28;14;23;12
1308.0;15;29;10;19;102;29;12;24;10
1314.0;15;26;10;21;103;28;13;25;9
1320.0;11;26;11;23;103;29;13;25;9
1326.0;10;27;10;22;104;29;13;26;9
1332.0;10;26;11;20;105;29;13;26;10
1338.0;10;26;13;20;106;28;13;23;11
1344.0;15;24;12;23;105;27;11;23;10
1350.0;15;24;12;22;105;26;12;24;10
1356.0;16;24;11;20;106;26;11;26;10
1362.0;15;24;10;22;107;26;11;27;8
1368.0;13;24;10;23;105;27;12;27;9
1374.0;15;25;8;21;105;29;12;27;8
1380.0;15;24;8;21;106;29;13;27;7
1386.0;16;22;8;21;103;28;16;30;6
1392.0;15;23;9;20;103;27;17;29;7
1398.0;17;24;10;18;103;29;15;27;7
1404.0;17;24;10;17;104;26;19;27;6
1410.0;18;25;8;15;105;24;18;29;8
1416.0;15;25;6;17;104;28;17;26;12
1422.0;16;25;4;19;105;26;16;26;13
1428.0;16;26;6;20;105;28;16;23;10
1434.0;17;27;6;20;105;28;13;26;8
1440.0;17;26;6;20;106;29;13;25;8
1446.0;18;24;6;19;107;28;13;27;8
1452.0;18;25;5;18;106;27;12;29;10
1458.0;16;25;6;19;103;29;12;28;12
1464.0;15;25;8;21;102;28;13;28;10
1470.0;14;25;9;20;102;28;14;29;9
1476.0;16;24;9;21;101;26;14;30;9
1482.0;16;23;8;20;101;27;16;30;9
1488.0;13;22;8;21;100;28;16;33;9
1494.0;13;20;9;22;98;29;18;32;9
1500.0;11;22;9;21;97;30;19;33;8
1506.0;11;21;9;22;96;30;19;34;8
1512.0;12;20;10;22;97;27;20;34;8
1518.0;13;21;12;25;98;26;18;32;5
1524.0;12;22;13;25;97;25;17;31;8
1530.0;9;25;15;21;98;27;17;30;8
1536.0;9;23;14;20;98;27;16;32;11
1542.0;10;25;14;20;98;27;12;32;12
1548.0;12;24;14;21;99;24;11;32;13
1554.0;11;26;15;22;99;23;9;33;12
1560.0;12;25;15;21;99;23;11;31;13
1566.0;14;25;15;20;99;22;11;31;13
1572.0;13;26;15;20;101;23;10;29;13
1578.0;14;26;15;17;99;26;10;30;13
1584.0;12;26;17;18;98;25;9;32;13
1590.0;13;28;14;15;98;25;12;31;14
1596.0;14;27;13;17;98;26;13;30;12
1602.0;12;29;11;16;99;26;16;30;11
1608.0;12;27;10;20;98;27;14;30;12
1614.0;9;28;11;23;97;26;13;30;13
1620.0;10;28;11;23;95;26;13;31;13
1626.0;12;28;12;22;98;24;12;30;12
1632.0;11;27;13;23;100;22;12;31;11
1638.0;11;28;13;23;101;22;10;31;11
1644.0;10;27;12;23;102;23;10;33;10
1650.0;10;27;13;22;103;24;11;30;10
1656.0;11;26;13;23;101;24;12;30;10
1662.0;10;25;14;21;100;25;12;33;10
1668.0;10;25;13;21;102;23;15;31;10
1674.0;10;26;15;21;104;23;14;28;9
1680.0;10;26;14;20;106;23;16;26;9
1686.0;10;26;16;21;104;22;14;26;11
1692.0;12;27;14;20;104;22;12;28;11
1698.0;11;27;15;22;104;21;13;26;11
1704.0;13;28;16;22;102;20;12;26;11
1710.0;15;27;13;21;102;22;13;26;11
1716.0;14;28;10;22;104;21;11;30;10
1722.0;13;28;11;22;106;21;10;27;12
1728.0;16;30;10;21;103;21;8;28;13
1734.0;15;29;11;22;102;20;9;29;13
1740.0;13;30;12;24;100;20;10;29;12
1746.0;12;32;14;21;100;21;9;29;12
1752.0;13;32;14;20;100;20;9;31;11
1758.0;13;32;14;21;100;20;10;30;10
1764.0;14;30;14;20;99;21;10;34;8
1770.0;14;28;16;21;100;19;10;34;8
1776.0;12;29;16;21;101;23;10;32;6
1782.0;12;30;14;21;101;23;9;33;7
1788.0;12;31;13;21;101;21;9;33;9
1794.0;13;31;9;20;101;22;11;33;10
