#auto generated file!
12.0;46;56;60;49;42;48;44;57;58
18.0;47;56;61;49;49;50;39;56;53
24.0;47;55;62;51;51;52;38;52;52
30.0;47;59;58;50;58;55;33;51;49
36.0;46;67;56;51;59;48;37;52;44
42.0;48;67;51;54;62;51;35;51;41
48.0;48;66;51;56;63;50;33;53;40
54.0;45;64;54;54;69;48;30;57;39
60.0;46;65;47;53;70;50;31;59;39
66.0;47;63;45;54;76;49;29;62;35
72.0;46;60;43;59;77;49;28;63;35
78.0;43;58;42;54;82;46;35;61;39
84.0;44;59;42;58;87;44;29;63;34
90.0;41;59;37;60;89;47;30;64;33
96.0;37;57;33;56;95;50;28;66;38
102.0;36;56;32;58;98;50;26;66;38
108.0;37;58;32;55;97;53;26;65;37
114.0;33;61;34;54;101;51;25;65;36
120.0;33;61;33;50;105;52;25;67;34
126.0;32;58;33;50;108;55;27;65;32
132.0;31;61;30;53;107;54;28;66;30
138.0;28;65;27;50;108;59;27;64;32
144.0;30;66;25;50;108;60;29;61;31
150.0;31;65;27;53;107;58;34;58;27
156.0;28;64;33;48;112;59;32;63;21
162.0;27;66;27;47;118;59;31;63;22
168.0;28;63;28;43;121;57;35;60;25
174.0;27;59;31;41;124;60;37;60;21
180.0;26;59;29;40;125;62;36;60;23
186.0;31;56;28;43;129;61;33;57;22
192.0;26;57;29;43;132;59;33;62;19
198.0;25;60;26;42;135;56;33;63;20
204.0;22;58;28;43;136;56;34;60;23
210.0;25;59;29;37;135;55;35;61;24
216.0;26;60;30;37;133;58;32;61;23
222.0;26;57;33;36;134;57;32;61;24
228.0;23;53;35;38;135;58;32;63;23
234.0;23;50;30;39;138;57;33;64;26
240.0;17;46;33;40;144;57;31;67;25
246.0;17;46;34;40;148;57;28;67;23
252.0;20;45;32;40;145;57;26;69;26
258.0;23;43;31;43;148;56;27;64;25
264.0;23;42;35;41;147;57;27;64;24
270.0;25;45;34;43;150;54;25;64;20
276.0;20;45;34;44;152;56;22;67;20
282.0;21;44;32;44;155;53;24;67;20
288.0;21;42;35;45;154;54;23;67;19
294.0;20;39;37;47;153;56;28;63;17
300.0;24;40;36;45;155;55;25;65;15
306.0;25;37;32;46;156;53;23;66;22
312.0;24;38;30;46;157;56;22;62;25
318.0;27;36;30;45;160;52;20;64;26
324.0;26;33;29;47;161;55;21;66;22
330.0;27;34;30;44;159;56;25;65;20
336.0;26;38;28;44;159;54;25;63;23
342.0;26;39;26;45;158;52;24;66;24
348.0;26;40;28;45;162;49;19;65;26
354.0;28;41;26;46;164;49;23;60;23
360.0;24;41;27;45;165;48;24;62;24
366.0;22;38;30;48;166;51;22;57;26
372.0;23;37;25;52;169;49;26;58;21
378.0;22;40;25;48;173;46;22;60;24
384.0;23;42;24;48;173;43;22;59;26
390.0;18;44;24;47;172;44;25;61;25
396.0;18;45;23;47;173;45;24;60;25
402.0;21;46;21;50;174;44;22;62;20
408.0;23;45;20;47;180;43;26;58;18
414.0;26;44;19;47;180;44;24;57;19
420.0;25;43;16;47;181;44;26;56;22
426.0;24;45;15;49;182;42;29;57;17
432.0;20;45;16;48;184;47;27;55;18
438.0;20;44;15;48;181;49;28;55;20
444.0;19;45;19;46;181;44;29;56;21
450.0;21;42;19;48;182;43;30;54;21
456.0;22;40;18;48;186;42;32;50;22
462.0;23;39;16;48;186;42;32;52;22
468.0;26;40;16;50;189;37;31;48;23
474.0;27;41;16;52;191;34;32;45;22
480.0;27;42;18;54;192;32;32;42;21
486.0;26;41;19;54;192;33;34;40;21
492.0;28;42;19;55;192;31;35;38;20
498.0;29;41;19;55;193;32;32;38;21
504.0;25;39;24;54;193;32;31;40;22
510.0;25;38;22;52;194;38;31;38;22
516.0;22;38;22;55;190;38;31;37;27
522.0;20;37;24;55;188;43;29;40;24
528.0;20;39;24;50;191;45;27;40;24
534.0;20;40;26;50;192;45;24;41;22
540.0;21;40;29;48;190;48;22;37;25
546.0;23;38;26;54;189;51;20;39;20
552.0;18;40;27;51;190;54;22;40;18
558.0;17;40;28;54;189;50;20;39;23
564.0;20;43;29;54;185;50;21;37;21
570.0;18;40;26;54;185;53;25;37;22
576.0;14;42;30;53;186;49;27;36;23
582.0;16;43;27;52;186;50;26;35;25
588.0;19;45;25;54;188;49;23;34;23
594.0;18;43;24;56;191;49;24;34;21
600.0;15;45;29;54;190;50;24;32;21
606.0;17;49;28;51;190;50;23;33;19
612.0;19;49;28;49;189;49;23;33;21
618.0;20;47;30;50;191;46;22;31;23
624.0;20;48;28;49;192;46;22;33;22
630.0;21;49;25;47;195;46;22;36;19
636.0;22;49;25;46;195;47;23;33;20
642.0;24;49;24;45;194;47;20;32;25
648.0;23;47;24;42;195;49;22;34;24
654.0;22;47;25;41;196;48;25;35;21
660.0;20;46;26;44;198;51;23;35;17
666.0;21;49;25;45;196;47;25;37;15
672.0;21;46;26;44;196;48;24;37;18
678.0;21;48;23;43;197;50;22;36;20
684.0;20;46;24;44;197;49;23;36;21
690.0;18;46;22;45;197;48;27;32;25
696.0;19;48;21;46;195;47;25;33;26
702.0;22;48;22;47;192;45;24;38;22
708.0;22;47;17;46;189;50;26;38;25
714.0;20;44;21;46;188;51;26;36;28
720.0;23;48;19;48;189;49;23;34;27
726.0;21;45;17;49;192;48;23;35;30
732.0;21;47;20;47;191;45;25;34;30
738.0;18;49;18;49;192;48;24;32;30
744.0;18;51;19;49;194;46;24;30;29
750.0;17;52;15;50;196;44;26;32;28
756.0;21;49;16;52;197;43;24;30;28
762.0;22;49;12;51;199;42;24;30;31
768.0;19;48;13;52;195;44;26;33;30
774.0;18;50;16;50;197;42;27;31;29
780.0;19;47;15;49;197;45;26;32;30
786.0;20;49;12;47;197;47;26;33;29
792.0;23;51;13;46;196;43;26;35;27
798.0;19;52;12;49;197;43;28;36;24
804.0;20;51;12;49;201;42;28;36;21
810.0;21;50;12;48;200;42;30;38;19
816.0;20;46;18;52;200;41;29;36;18
822.0;21;45;20;50;201;39;28;35;21
828.0;20;45;21;47;198;43;25;35;26
834.0;20;45;20;45;198;47;24;33;28
840.0;19;44;22;48;195;45;22;35;30
846.0;21;46;19;47;198;46;19;37;27
852.0;22;48;17;46;193;46;22;35;31
858.0;22;48;19;40;195;47;26;34;29
864.0;24;50;17;39;192;50;27;32;29
870.0;23;51;17;39;194;50;24;32;30
876.0;21;51;16;40;194;51;23;35;29
882.0;22;52;17;43;191;46;23;40;26
888.0;24;53;17;41;192;47;21;41;24
894.0;20;52;20;41;193;47;23;42;22
900.0;22;53;20;38;191;44;24;44;24
906.0;24;52;22;38;190;43;23;42;26
912.0;21;54;21;35;190;43;24;46;26
918.0;20;55;22;39;191;45;25;43;20
924.0;21;53;21;40;191;43;28;43;20
930.0;20;55;21;40;189;38;27;46;24
936.0;20;53;20;42;191;38;24;48;24
942.0;19;51;18;45;193;37;23;48;26
948.0;19;50;16;44;198;36;24;48;25
954.0;21;53;15;46;198;35;22;46;24
960.0;15;55;14;47;197;35;25;47;25
966.0;13;53;15;49;197;36;24;48;25
972.0;16;53;19;47;197;33;24;45;26
978.0;16;52;20;48;195;34;23;47;25
984.0;15;53;19;49;195;34;24;45;26
990.0;15;50;16;53;200;37;20;46;23
996.0;16;49;16;53;199;37;17;48;25
1002.0;17;49;15;53;201;36;17;50;22
1008.0;15;53;13;53;201;37;16;53;19
1014.0;18;51;15;51;200;38;17;52;18
1020.0;15;49;16;51;200;37;18;55;19
1026.0;13;45;15;56;201;37;18;55;20
1032.0;15;47;14;52;200;38;19;54;21
1038.0;18;48;12;54;202;38;18;55;15
1044.0;18;50;12;51;201;41;15;58;14
1050.0;16;49;12;51;208;39;16;56;13
1056.0;14;51;16;50;208;38;15;55;13
1062.0;12;48;19;51;210;36;16;53;15
1068.0;11;49;19;49;212;40;16;50;14
1074.0;12;52;16;50;211;39;15;49;16
1080.0;15;50;17;48;212;41;14;47;16
1086.0;16;50;14;49;213;40;12;49;17
1092.0;16;50;14;49;216;38;12;49;16
1098.0;17;51;13;45;216;39;13;50;16
1104.0;18;49;16;41;216;41;11;49;19
1110.0;17;49;16;39;219;40;12;49;19
1116.0;19;45;16;35;221;39;18;49;18
1122.0;17;45;16;36;220;40;18;50;18
1128.0;16;44;15;41;220;37;19;49;19
1134.0;18;44;13;38;217;39;19;51;21
1140.0;17;43;13;41;216;37;18;52;23
1146.0;20;40;15;42;219;36;17;51;20
1152.0;23;38;15;40;218;34;19;54;19
1158.0;25;37;17;42;215;35;20;52;17
1164.0;25;36;14;42;215;35;20;52;21
1170.0;22;35;15;43;215;35;18;52;25
1176.0;19;37;16;46;214;32;20;53;23
1182.0;21;36;14;47;211;33;19;56;23
1188.0;22;35;12;49;206;32;21;58;25
1194.0;19;39;12;49;206;31;22;58;24
1200.0;19;38;14;49;207;32;18;59;24
1206.0;17;36;15;51;207;35;19;57;23
1212.0;17;37;16;51;209;35;19;57;19
1218.0;17;38;15;52;208;35;23;53;19
1224.0;16;39;16;53;207;36;24;53;16
1230.0;15;42;17;56;209;37;22;48;14
1236.0;18;41;17;56;209;33;21;52;13
1242.0;16;42;17;55;207;35;19;53;16
1248.0;17;42;19;57;206;35;14;52;18
1254.0;17;43;19;52;209;35;15;52;18
1260.0;13;43;20;52;211;36;14;49;22
1266.0;15;43;17;51;210;37;19;47;21
1272.0;15;43;19;49;210;37;20;50;17
1278.0;16;43;20;47;209;35;24;49;17
1284.0;16;45;17;49;209;33;26;48;17
1290.0;19;43;17;52;203;36;23;50;17
1296.0;15;45;16;53;202;41;19;53;16
1302.0;12;44;16;51;203;43;21;53;17
1308.0;12;48;18;48;202;43;17;55;17
1314.0;9;47;19;50;203;41;19;55;17
1320.0;11;47;21;46;203;40;19;53;20
1326.0;11;43;22;45;205;39;20;52;23
1332.0;12;44;20;46;202;40;23;52;21
1338.0;13;42;19;47;201;41;23;52;22
1344.0;16;40;17;48;202;42;23;50;22
1350.0;16;39;17;47;196;44;22;54;25
1356.0;15;39;17;45;194;48;22;56;24
1362.0;14;38;18;45;192;47;23;59;24
1368.0;18;37;16;44;195;45;21;58;26
1374.0;19;34;17;44;192;49;20;57;28
1380.0;18;37;16;42;191;50;23;58;25
1386.0;21;38;14;40;192;49;21;60;25
1392.0;23;40;16;37;192;47;20;62;23
1398.0;25;41;19;35;191;46;21;62;20
1404.0;27;39;18;35;193;47;21;59;21
1410.0;30;37;20;32;193;44;21;61;22
1416.0;29;37;21;34;194;43;21;61;20
1422.0;29;39;23;34;197;42;21;59;16
1428.0;26;41;22;37;199;42;19;59;15
1434.0;25;43;23;38;200;41;18;57;15
1440.0;25;44;24;40;199;39;19;54;16
1446.0;23;41;28;40;201;41;16;51;19
1452.0;28;39;28;37;200;40;19;51;18
1458.0;29;37;27;39;204;38;19;50;17
1464.0;28;38;26;38;205;38;18;49;20
1470.0;28;39;27;39;203;36;17;51;20
1476.0;28;39;26;39;204;35;19;50;20
1482.0;30;39;24;41;203;34;19;47;23
1488.0;30;41;23;42;202;35;18;45;24
1494.0;30;42;23;40;205;35;18;43;24
1500.0;30;40;27;38;204;35;19;44;23
1506.0;30;43;29;40;204;32;15;43;24
1512.0;27;44;27;39;201;37;17;43;25
1518.0;25;44;30;41;198;38;16;43;25
1524.0;24;42;29;43;195;36;19;45;27
1530.0;18;42;27;45;197;38;18;45;30
1536.0;18;42;27;45;200;40;17;47;24
1542.0;16;44;22;44;204;38;16;47;29
1548.0;18;42;22;45;200;37;19;48;29
1554.0;17;39;22;45;203;36;20;52;26
1560.0;16;40;20;44;203;38;20;50;29
1566.0;14;41;18;48;203;40;19;50;27
1572.0;13;42;18;48;201;38;21;51;28
1578.0;11;44;19;47;198;39;22;51;29
1584.0;13;46;19;44;197;42;19;51;29
1590.0;14;48;23;47;198;37;20;51;22
1596.0;13;47;23;49;196;38;20;52;22
1602.0;15;46;20;49;199;37;19;52;23
1608.0;17;46;22;46;201;36;19;51;22
1614.0;18;42;22;46;199;37;23;49;24
1620.0;19;45;22;42;200;39;26;45;22
1626.0;18;42;22;42;199;41;27;46;23
1632.0;18;42;26;45;199;40;29;41;20
1638.0;18;45;25;43;199;41;28;43;18
1644.0;23;44;24;45;199;39;26;45;15
1650.0;23;44;26;45;199;40;24;46;13
1656.0;23;42;24;45;200;39;22;50;15
1662.0;17;45;27;47;199;42;21;49;13
1668.0;15;47;26;46;201;41;22;48;14
1674.0;13;48;24;43;207;38;24;47;16
1680.0;15;47;20;41;207;38;25;50;17
1686.0;13;48;20;41;206;36;24;53;19
1692.0;14;50;18;41;207;34;23;55;18
1698.0;14;49;20;41;205;37;26;49;19
1704.0;15;46;19;43;203;40;22;52;20
1710.0;14;46;20;43;203;40;17;51;26
1716.0;15;47;23;41;202;41;18;49;24
1722.0;14;49;23;39;202;43;17;48;25
1728.0;20;49;17;40;202;40;18;48;26
1734.0;14;54;19;40;203;38;18;47;27
1740.0;17;53;18;41;202;40;20;45;24
1746.0;18;53;19;41;203;41;18;45;22
1752.0;20;55;19;39;202;42;18;44;21
1758.0;19;54;18;41;203;45;17;42;21
1764.0;16;54;20;41;202;45;19;43;20
1770.0;14;53;22;39;204;47;20;40;21
1776.0;13;54;21;38;205;48;21;36;24
1782.0;14;53;19;40;205;47;19;34;29
1788.0;13;49;22;40;209;46;17;36;28
1794.0;14;50;21;37;209;47;19;36;27
