#auto generated file!
12.0;41;54;66;42;51;44;36;39;57
18.0;42;56;60;45;54;43;35;39;56
24.0;42;58;58;44;58;42;35;40;53
30.0;43;56;54;43;58;46;33;45;52
36.0;40;56;53;44;60;50;36;45;46
42.0;39;58;52;47;63;55;32;46;38
48.0;37;53;48;50;67;55;30;51;39
54.0;37;49;49;49;70;57;29;51;39
60.0;36;50;50;50;74;58;29;49;34
66.0;36;51;44;53;75;59;29;48;35
72.0;32;51;41;55;78;62;26;49;36
78.0;34;50;38;51;83;66;27;48;33
84.0;33;47;35;53;86;64;27;49;36
90.0;31;47;33;54;90;64;27;49;35
96.0;28;54;29;53;89;62;32;50;33
102.0;29;51;27;48;93;71;31;51;29
108.0;32;53;28;46;92;72;30;49;28
114.0;32;52;28;43;95;71;30;49;30
120.0;31;52;28;45;97;71;30;47;29
126.0;32;51;29;45;96;75;27;46;29
132.0;29;51;29;47;97;78;25;46;28
138.0;30;50;29;47;100;76;22;44;32
144.0;29;53;30;48;102;68;22;45;33
150.0;28;58;31;46;102;65;22;45;33
156.0;24;53;32;50;106;68;22;45;30
162.0;26;52;30;51;106;65;27;42;31
168.0;22;48;30;55;109;61;30;46;29
174.0;24;47;31;57;110;60;29;44;28
180.0;26;48;30;55;111;60;29;45;26
186.0;25;50;29;52;114;57;27;49;27
192.0;23;49;28;51;116;56;28;49;30
198.0;27;49;28;52;118;54;29;46;27
204.0;29;49;27;50;115;56;25;49;30
210.0;29;51;28;51;113;57;24;46;31
216.0;30;54;25;50;119;56;24;46;26
222.0;28;55;23;46;120;56;23;48;31
228.0;29;51;20;48;123;55;27;45;32
234.0;29;51;21;47;126;54;27;46;29
240.0;25;47;22;49;129;53;26;49;30
246.0;28;49;23;48;130;51;23;48;30
252.0;28;50;22;44;131;54;25;46;30
258.0;31;46;22;41;135;53;24;45;33
264.0;34;42;23;42;138;50;21;47;33
270.0;32;39;24;41;142;48;25;47;32
276.0;32;38;23;45;143;48;23;48;30
282.0;31;37;25;44;143;49;22;48;31
288.0;28;37;26;45;145;48;22;48;31
294.0;28;39;26;44;146;50;20;46;31
300.0;21;41;26;45;146;52;19;46;34
306.0;18;40;24;46;149;50;17;47;39
312.0;17;39;27;45;150;50;17;48;37
318.0;18;40;28;45;150;53;16;47;33
324.0;19;41;27;43;153;51;19;45;32
330.0;17;42;27;44;154;50;19;45;32
336.0;16;43;25;46;158;52;18;43;29
342.0;20;39;26;45;161;50;16;42;31
348.0;21;36;29;53;160;49;13;41;28
354.0;18;38;28;54;159;51;13;42;27
360.0;20;38;32;55;159;48;13;42;23
366.0;22;43;33;54;159;45;13;40;21
372.0;20;42;35;51;159;44;13;41;25
378.0;19;44;34;50;157;43;14;43;26
384.0;21;41;32;49;156;49;14;42;26
390.0;21;41;30;49;162;49;14;41;23
396.0;25;40;30;49;163;44;13;43;23
402.0;22;41;34;49;162;43;14;45;20
408.0;23;43;33;48;164;43;11;44;21
414.0;22;44;31;49;161;42;14;44;23
420.0;21;44;31;49;162;41;16;43;23
426.0;22;41;35;48;161;39;17;44;23
432.0;22;42;36;47;162;39;20;40;22
438.0;19;42;39;45;162;40;20;40;23
444.0;16;43;39;43;166;38;22;38;25
450.0;16;42;39;43;171;36;21;38;24
456.0;18;45;34;45;171;36;18;37;26
462.0;21;49;33;48;173;37;13;35;21
468.0;20;48;32;51;175;36;10;39;19
474.0;23;53;29;48;174;35;10;43;15
480.0;25;54;26;48;172;35;10;45;15
486.0;25;51;25;47;171;33;14;49;15
492.0;24;50;22;48;171;31;15;53;16
498.0;22;50;24;47;170;32;15;53;17
504.0;19;50;26;49;174;33;12;51;16
510.0;17;50;25;49;175;36;13;50;15
516.0;17;51;24;48;176;37;13;50;14
522.0;16;50;21;48;176;39;13;49;18
528.0;18;52;20;46;176;39;13;50;16
534.0;19;51;21;43;176;43;13;50;14
540.0;18;47;22;43;176;43;13;52;16
546.0;24;45;22;41;174;44;13;53;14
552.0;23;43;20;43;177;44;13;54;13
558.0;21;44;22;42;176;45;12;53;15
564.0;21;40;23;40;175;46;15;56;14
570.0;21;39;21;39;177;43;18;54;18
576.0;25;40;19;35;177;47;17;50;20
582.0;25;38;21;36;174;44;19;50;23
588.0;27;38;20;36;174;43;22;47;23
594.0;24;40;19;38;176;44;21;44;24
600.0;25;39;19;37;178;42;21;48;21
606.0;21;40;15;40;178;41;24;49;22
612.0;23;41;18;40;173;43;23;48;21
618.0;21;41;21;45;176;40;21;46;19
624.0;19;43;17;46;177;40;21;48;19
630.0;17;40;18;47;179;39;23;48;19
636.0;18;41;20;47;179;37;24;47;17
642.0;19;38;21;47;180;36;25;46;18
648.0;16;39;21;46;183;37;27;43;18
654.0;17;38;20;43;186;35;28;45;18
660.0;19;37;23;44;185;34;25;43;20
666.0;19;37;22;46;186;34;24;44;18
672.0;22;39;20;45;188;34;22;41;19
678.0;22;37;22;46;185;38;19;40;21
684.0;19;38;23;43;186;40;20;40;21
690.0;18;37;24;47;184;45;18;36;21
696.0;18;33;21;49;184;43;21;36;25
702.0;19;34;22;49;183;46;20;33;24
708.0;19;34;20;50;185;45;21;33;23
714.0;17;36;23;51;183;42;20;34;24
720.0;18;36;20;52;186;40;20;32;26
726.0;23;35;21;49;187;36;22;33;24
732.0;21;35;19;50;187;36;25;35;22
738.0;19;39;24;45;185;37;23;34;24
744.0;15;42;24;46;187;37;23;31;25
750.0;18;42;26;46;187;38;21;29;23
756.0;19;42;24;45;188;35;24;31;22
762.0;19;45;21;47;187;35;24;29;23
768.0;21;46;20;44;187;33;21;32;26
774.0;16;45;21;46;187;32;26;32;25
780.0;15;46;21;47;183;33;26;34;25
786.0;15;46;21;47;180;35;25;36;25
792.0;14;48;21;48;180;36;25;35;23
798.0;11;46;28;48;181;38;25;33;20
804.0;11;49;23;48;183;39;24;33;20
810.0;11;47;23;47;180;37;30;35;20
816.0;10;47;21;46;183;39;31;37;16
822.0;9;49;18;47;185;39;28;41;14
828.0;12;50;18;45;182;40;27;41;15
834.0;12;50;15;46;180;43;27;42;15
840.0;11;52;15;47;178;44;27;40;16
846.0;12;51;17;46;181;42;26;41;14
852.0;10;48;16;48;184;39;29;42;14
858.0;11;46;15;47;185;41;29;42;14
864.0;14;42;14;49;185;42;27;41;16
870.0;17;42;12;50;188;42;23;40;16
876.0;16;42;12;46;189;44;22;44;15
882.0;18;40;16;40;190;45;24;41;16
888.0;16;40;16;40;192;45;24;41;16
894.0;16;42;16;34;193;45;22;43;19
900.0;16;40;20;34;195;44;25;40;16
906.0;16;42;16;38;195;45;24;37;17
912.0;18;41;16;39;198;41;27;34;16
918.0;18;40;15;39;197;40;28;36;17
924.0;15;41;12;39;196;41;33;36;17
930.0;17;38;16;40;200;37;29;38;15
936.0;19;38;16;38;202;39;28;38;12
942.0;18;38;14;41;198;39;30;38;14
948.0;18;42;14;41;197;39;31;36;12
954.0;17;45;16;42;196;41;27;35;11
960.0;16;47;13;39;197;41;30;35;12
966.0;13;47;16;36;200;38;32;37;11
972.0;14;45;17;34;200;39;32;36;13
978.0;16;43;16;34;201;38;32;36;14
984.0;17;43;15;33;203;38;31;34;16
990.0;17;43;15;32;202;37;30;35;19
996.0;16;44;19;30;199;35;31;36;20
1002.0;15;46;20;29;198;36;29;37;20
1008.0;13;47;20;32;197;37;28;35;21
1014.0;17;45;20;33;198;37;26;35;19
1020.0;17;45;19;32;196;36;26;37;22
1026.0;17;44;21;30;196;36;23;41;22
1032.0;18;44;21;31;194;36;25;40;21
1038.0;19;45;21;32;193;36;24;40;20
1044.0;19;45;22;34;193;34;26;39;18
1050.0;19;44;25;32;189;33;27;42;19
1056.0;24;44;20;32;190;37;26;40;17
1062.0;25;41;24;33;192;33;24;40;18
1068.0;25;41;23;34;192;35;23;40;17
1074.0;24;41;24;38;192;33;23;41;14
1080.0;23;41;23;36;196;33;19;42;17
1086.0;23;40;25;36;195;33;22;43;13
1092.0;24;41;21;39;195;32;20;45;13
1098.0;25;41;23;37;193;34;21;43;13
1104.0;23;41;22;36;196;34;21;43;14
1110.0;27;39;19;35;191;34;27;44;14
1116.0;23;43;20;34;192;32;28;41;17
1122.0;21;45;17;38;193;32;30;35;19
1128.0;20;44;19;37;194;32;29;38;17
1134.0;20;46;18;36;194;34;27;39;16
1140.0;22;46;16;37;195;36;22;41;15
1146.0;21;44;15;39;195;37;22;42;15
1152.0;22;47;15;39;195;37;19;42;14
1158.0;21;51;14;38;195;37;20;41;13
1164.0;18;52;19;38;192;40;20;39;12
1170.0;19;51;17;40;191;42;20;38;12
1176.0;19;48;18;40;194;42;17;40;12
1182.0;16;47;17;40;196;42;15;43;14
1188.0;19;49;16;37;194;42;16;40;17
1194.0;20;50;14;36;192;41;19;40;18
1200.0;20;52;12;35;188;41;22;40;20
1206.0;16;54;13;32;190;41;22;37;25
1212.0;16;54;15;30;191;45;19;34;26
1218.0;17;52;15;26;190;44;21;40;25
1224.0;14;53;15;26;193;42;23;39;25
1230.0;14;55;14;28;192;40;20;39;28
1236.0;15;55;14;29;194;40;19;38;26
1242.0;16;51;14;33;195;38;19;39;25
1248.0;16;50;15;32;195;37;19;38;28
1254.0;17;46;14;34;193;40;17;37;32
1260.0;18;44;12;36;193;42;15;38;32
1266.0;15;44;15;37;193;43;15;39;29
1272.0;18;43;16;39;192;41;15;38;28
1278.0;20;41;17;40;192;40;16;38;26
1284.0;22;40;17;42;192;39;15;38;25
1290.0;23;40;16;42;190;42;19;38;20
1296.0;16;44;16;42;188;41;23;39;21
1302.0;17;43;16;40;189;42;24;39;20
1308.0;17;42;16;40;189;38;25;42;21
1314.0;21;41;15;41;190;34;24;42;22
1320.0;21;42;16;41;188;34;24;41;23
1326.0;17;40;18;40;191;32;21;47;24
1332.0;16;41;17;40;194;31;21;47;23
1338.0;17;43;21;41;194;28;22;44;20
1344.0;16;43;21;45;192;30;19;44;20
1350.0;19;44;21;45;190;28;18;44;21
1356.0;18;44;23;45;190;28;19;44;19
1362.0;19;45;21;42;187;30;16;49;21
1368.0;20;45;21;38;187;32;18;47;22
1374.0;22;47;21;35;186;31;19;49;20
1380.0;24;49;20;37;182;29;20;48;21
1386.0;24;50;19;36;182;30;20;48;21
1392.0;22;52;21;36;183;31;20;46;19
1398.0;21;51;23;38;188;29;18;44;18
1404.0;21;49;22;41;188;33;14;46;16
1410.0;21;45;24;42;185;37;16;44;16
1416.0;22;50;19;46;186;36;16;40;15
1422.0;21;51;17;46;185;34;19;42;15
1428.0;21;52;16;46;185;34;20;41;15
1434.0;23;51;17;46;184;34;21;39;15
1440.0;21;49;20;44;184;33;22;39;18
1446.0;19;52;21;40;183;35;20;38;22
1452.0;17;53;22;39;186;36;18;37;22
1458.0;15;57;21;38;185;39;18;38;19
1464.0;17;56;26;38;182;38;17;38;18
1470.0;17;56;24;36;184;37;19;37;20
1476.0;16;53;24;36;187;38;19;37;20
1482.0;17;55;23;33;185;36;18;37;26
1488.0;15;54;26;31;188;37;17;37;25
1494.0;17;51;25;31;191;37;18;37;23
1500.0;17;53;24;32;188;39;19;38;20
1506.0;18;52;24;32;188;39;19;40;18
1512.0;20;51;23;35;186;37;21;39;18
1518.0;17;54;21;36;187;40;19;39;17
1524.0;19;57;19;33;186;40;18;39;19
1530.0;18;56;19;34;185;38;17;41;22
1536.0;15;56;22;34;186;39;17;42;19
1542.0;17;59;22;33;182;39;16;42;20
1548.0;18;60;22;31;181;40;16;41;21
1554.0;20;59;22;33;179;44;16;40;17
1560.0;18;55;22;35;176;43;17;42;22
1566.0;19;51;21;35;181;41;17;43;22
1572.0;17;52;24;36;182;44;14;44;17
1578.0;22;52;22;38;179;44;14;44;15
1584.0;20;52;25;37;178;45;13;47;13
1590.0;19;49;21;38;178;46;15;48;16
1596.0;17;51;21;38;178;45;16;49;15
1602.0;16;50;23;39;179;43;20;45;15
1608.0;16;50;22;38;178;42;20;45;19
1614.0;20;51;18;39;179;42;20;46;15
1620.0;20;52;19;38;177;40;22;44;18
1626.0;19;52;21;40;178;39;20;46;15
1632.0;19;52;22;38;175;39;21;48;16
1638.0;18;51;23;40;176;37;22;48;15
1644.0;19;51;24;40;178;38;18;47;15
1650.0;18;51;24;41;178;40;20;43;15
1656.0;18;50;22;42;181;40;21;40;16
1662.0;20;48;22;44;183;39;19;39;16
1668.0;20;48;22;45;179;39;19;40;18
1674.0;21;46;23;45;178;39;18;41;19
1680.0;21;45;22;46;177;40;20;39;20
1686.0;20;42;24;50;177;38;19;38;22
1692.0;19;44;23;46;178;40;18;38;24
1698.0;20;44;19;49;179;41;17;41;20
1704.0;21;44;14;48;181;41;15;47;19
1710.0;20;45;16;48;182;38;15;47;19
1716.0;18;46;13;48;184;37;19;45;20
1722.0;18;49;13;47;184;36;20;42;21
1728.0;17;50;15;47;184;38;20;38;21
1734.0;15;53;17;47;184;36;19;39;20
1740.0;15;54;16;46;187;36;22;38;16
1746.0;18;50;17;45;188;37;20;39;16
1752.0;16;55;16;44;188;36;17;40;18
1758.0;18;56;18;43;189;32;17;39;18
1764.0;18;54;17;46;190;34;18;35;18
1770.0;19;54;17;44;189;34;17;38;18
1776.0;21;54;16;48;188;33;16;38;16
1782.0;20;53;17;46;189;32;16;37;20
1788.0;18;52;20;46;190;31;18;39;16
1794.0;17;53;14;46;188;32;23;40;17
