#auto generated file!
12.0;21;22;35;27;25;26;23;31;20
18.0;20;22;36;29;29;24;24;28;18
24.0;19;23;36;26;29;25;26;27;19
30.0;19;25;35;27;29;27;23;27;18
36.0;17;26;33;29;29;28;22;27;19
42.0;14;25;35;27;32;26;23;28;20
48.0;14;23;36;25;33;27;23;30;19
54.0;12;25;36;26;33;29;24;29;16
60.0;15;24;35;27;36;28;23;30;12
66.0;16;25;35;25;35;28;22;30;14
72.0;15;25;32;25;37;29;23;29;15
78.0;16;27;28;23;38;28;24;29;17
84.0;16;27;27;23;43;27;24;27;16
90.0;15;27;27;24;45;26;24;28;14
96.0;14;30;27;24;45;23;22;31;14
102.0;14;28;29;23;46;21;23;31;15
108.0;14;28;22;25;48;24;25;30;14
114.0;15;28;22;25;50;26;24;27;13
120.0;12;31;21;25;50;28;23;26;14
126.0;11;28;21;26;51;30;23;25;15
132.0;12;27;22;23;50;28;27;24;17
138.0;12;26;23;22;53;28;26;24;16
144.0;14;28;22;21;53;28;26;25;13
150.0;13;29;23;16;54;29;24;27;15
156.0;11;31;22;16;55;29;23;27;16
162.0;10;31;23;18;55;28;23;26;16
168.0;7;31;23;20;55;31;18;26;19
174.0;9;31;21;20;58;29;17;27;18
180.0;10;30;22;18;59;29;15;28;19
186.0;11;30;22;19;61;29;14;27;17
192.0;11;29;21;19;62;29;16;27;16
198.0;13;29;21;19;64;30;17;25;12
204.0;12;29;19;21;63;34;18;23;11
210.0;12;29;18;21;64;35;17;22;12
216.0;12;29;19;19;66;33;14;26;12
222.0;13;28;17;19;68;32;15;27;11
228.0;15;28;19;18;67;32;14;27;10
234.0;16;27;21;17;67;31;16;25;10
240.0;18;27;20;16;68;33;16;23;9
246.0;18;26;21;23;67;31;13;21;10
252.0;17;27;18;21;69;31;13;24;10
258.0;18;27;17;21;70;27;13;26;11
264.0;18;27;15;24;70;25;13;25;13
270.0;20;26;15;24;73;23;14;22;13
276.0;21;27;14;23;73;19;15;25;13
282.0;20;28;12;24;72;18;17;27;12
288.0;20;30;9;24;75;16;17;26;13
294.0;19;31;12;20;75;16;17;27;13
300.0;18;32;13;23;76;15;16;24;13
306.0;17;29;15;25;75;16;18;22;13
312.0;15;27;15;26;76;14;17;25;15
318.0;12;28;14;28;76;13;18;25;16
324.0;11;29;14;28;76;14;18;24;16
330.0;13;29;12;28;76;14;18;24;16
336.0;14;29;10;29;79;14;18;23;14
342.0;14;29;9;28;81;16;17;24;12
348.0;17;29;7;29;82;17;15;21;13
354.0;17;29;7;27;83;17;16;21;13
360.0;14;29;7;23;83;20;17;24;13
366.0;14;30;8;23;82;22;15;25;11
372.0;13;30;6;23;84;26;13;23;12
378.0;14;31;7;23;84;26;13;20;12
384.0;13;31;9;21;83;26;13;21;13
390.0;11;29;8;21;88;25;12;23;13
396.0;13;28;8;21;89;25;11;23;12
402.0;9;29;10;22;87;23;13;24;13
408.0;7;32;10;22;89;22;12;24;12
414.0;8;28;10;21;90;23;13;25;12
420.0;7;30;6;22;92;24;13;24;12
426.0;7;31;6;21;94;25;13;23;10
432.0;8;29;8;21;95;23;11;23;12
438.0;8;25;9;21;95;23;11;24;14
444.0;8;26;9;21;94;24;10;23;15
450.0;9;27;9;21;94;24;10;22;14
456.0;7;30;9;20;93;24;11;20;16
462.0;9;31;8;19;92;24;11;20;16
468.0;9;32;5;18;92;27;12;20;15
474.0;9;32;8;17;91;26;12;20;15
480.0;12;33;8;16;89;24;12;22;14
486.0;12;33;7;17;89;23;12;24;13
492.0;11;32;7;18;90;19;13;27;13
498.0;10;34;8;17;90;17;14;27;13
504.0;10;34;8;16;90;17;15;26;14
510.0;11;30;8;17;90;19;14;27;14
516.0;15;28;9;18;86;21;14;27;12
522.0;15;27;8;19;88;23;11;28;11
528.0;17;28;9;19;91;22;9;25;10
534.0;17;27;10;19;91;22;8;25;11
540.0;19;26;10;19;91;23;10;21;11
546.0;18;27;8;19;91;22;10;20;15
552.0;15;27;7;21;91;22;10;20;17
558.0;15;26;7;20;90;22;12;21;17
564.0;13;31;8;18;91;20;10;22;17
570.0;13;31;10;17;89;22;9;22;17
576.0;15;30;9;19;89;21;8;23;16
582.0;15;29;11;17;91;23;8;24;12
588.0;15;28;12;17;91;22;7;26;12
594.0;14;30;9;18;90;24;7;25;13
600.0;13;33;7;18;93;22;8;25;11
606.0;10;33;9;17;92;21;9;27;12
612.0;11;32;8;19;92;19;10;28;11
618.0;12;28;9;18;93;18;11;30;11
624.0;15;27;10;18;93;19;10;29;9
630.0;16;23;12;18;95;17;10;26;13
636.0;18;22;9;18;94;19;12;25;13
642.0;17;24;10;18;94;17;11;25;14
648.0;17;23;9;18;94;19;10;27;13
654.0;15;24;7;18;94;19;12;26;15
660.0;14;25;6;16;95;19;9;27;19
666.0;13;25;7;18;95;21;10;24;17
672.0;12;25;8;17;96;23;11;23;15
678.0;12;26;7;18;97;22;11;24;13
684.0;10;24;8;18;98;21;11;26;14
690.0;8;23;9;18;96;21;14;26;15
696.0;9;21;10;17;95;23;13;28;14
702.0;9;21;11;16;94;22;13;31;13
708.0;10;20;10;17;94;20;13;31;15
714.0;10;22;13;18;92;20;12;30;13
720.0;10;21;12;17;90;21;12;34;13
726.0;10;21;10;16;94;22;11;34;12
732.0;13;21;8;16;96;22;11;32;11
738.0;14;19;10;16;96;22;10;31;12
744.0;17;18;9;15;95;22;13;30;11
750.0;16;19;9;12;96;25;14;30;9
756.0;15;20;9;14;98;22;13;30;9
762.0;15;19;8;14;98;24;16;27;9
768.0;13;17;9;15;98;23;17;28;10
774.0;13;16;8;17;97;22;18;28;11
780.0;10;16;8;17;100;20;20;28;11
786.0;10;16;6;18;101;21;18;29;11
792.0;7;15;6;19;102;22;20;29;10
798.0;7;17;6;20;103;23;18;26;10
804.0;9;17;8;19;102;24;17;23;11
810.0;11;15;8;18;105;23;16;23;11
816.0;9;15;8;16;105;24;18;24;11
822.0;11;17;9;15;104;25;16;23;10
828.0;13;17;11;13;105;22;15;23;11
834.0;13;18;10;14;105;23;16;20;11
840.0;13;18;6;16;107;24;14;20;12
846.0;14;18;5;16;106;26;12;22;11
852.0;13;18;7;16;107;24;13;23;9
858.0;12;18;6;15;106;26;13;23;11
864.0;14;19;7;16;105;26;11;24;8
870.0;13;20;9;14;105;27;10;24;8
876.0;11;21;9;13;104;30;12;21;9
882.0;9;23;9;13;103;30;11;23;9
888.0;7;25;9;15;106;30;11;20;7
894.0;8;26;9;13;105;33;13;16;7
900.0;8;24;8;15;104;36;12;16;7
906.0;8;22;9;15;101;38;12;16;9
912.0;9;22;10;15;102;36;11;16;9
918.0;10;21;10;15;104;35;11;15;9
924.0;10;21;11;17;104;33;11;14;9
930.0;11;20;11;19;103;34;12;14;6
936.0;12;23;12;17;104;33;12;13;4
942.0;12;22;14;16;105;31;11;12;7
948.0;11;21;16;19;104;31;10;12;6
954.0;10;20;13;22;106;30;10;12;7
960.0;10;17;13;23;109;28;10;12;8
966.0;10;17;14;20;108;27;11;15;8
972.0;10;19;14;19;105;26;12;15;10
978.0;9;20;13;19;107;26;12;13;11
984.0;9;19;13;18;106;27;12;12;14
990.0;9;18;13;20;106;26;12;13;13
996.0;9;16;13;19;104;25;13;17;14
1002.0;10;18;11;17;106;24;10;18;16
1008.0;10;21;14;16;104;25;8;15;17
1014.0;10;23;12;18;103;23;8;15;18
1020.0;10;22;12;20;103;25;6;16;16
1026.0;8;24;12;20;105;22;5;18;16
1032.0;6;21;14;20;105;22;6;19;17
1038.0;5;23;14;19;108;22;5;21;13
1044.0;4;21;16;20;111;20;4;20;14
1050.0;4;19;15;21;110;23;6;20;12
1056.0;4;18;15;21;108;25;6;20;13
1062.0;4;18;16;22;110;24;7;19;10
1068.0;5;20;18;21;109;23;5;18;11
1074.0;2;23;16;21;111;26;4;16;11
1080.0;2;25;16;20;107;26;7;17;10
1086.0;2;25;15;23;107;27;5;17;9
1092.0;2;24;15;22;109;27;5;18;8
1098.0;3;22;15;22;111;25;5;18;9
1104.0;6;21;17;21;109;25;7;16;8
1110.0;8;19;14;21;110;24;11;16;7
1116.0;6;22;12;20;111;24;10;15;10
1122.0;8;22;13;18;111;25;9;16;8
1128.0;9;21;12;18;112;24;8;16;10
1134.0;9;19;13;19;110;26;9;15;10
1140.0;10;21;12;18;109;25;8;14;13
1146.0;9;21;12;18;108;25;10;14;13
1152.0;7;23;11;19;107;25;12;14;12
1158.0;6;26;11;20;106;23;11;15;12
1164.0;7;26;11;19;106;25;11;15;10
1170.0;8;23;8;19;105;26;11;21;9
1176.0;8;22;7;20;104;26;13;21;9
1182.0;8;20;7;20;106;23;16;19;11
1188.0;9;20;6;22;106;23;15;19;10
1194.0;9;21;7;21;105;24;13;21;9
1200.0;9;20;5;20;107;24;13;22;10
1206.0;10;19;6;18;108;25;14;22;8
1212.0;10;20;6;17;108;28;14;20;7
1218.0;10;20;6;18;108;28;12;22;6
1224.0;9;21;7;18;108;26;12;20;9
1230.0;9;20;5;20;109;26;11;20;10
1236.0;9;20;6;19;107;28;10;20;11
1242.0;9;22;6;18;109;30;6;22;8
1248.0;9;23;5;18;109;29;4;24;9
1254.0;9;22;5;18;109;28;4;25;10
1260.0;9;22;6;19;110;27;4;23;10
1266.0;12;23;8;18;108;24;4;22;11
1272.0;13;23;7;17;108;25;3;21;13
1278.0;10;24;7;18;105;27;5;20;14
1284.0;12;22;6;17;108;28;7;16;14
1290.0;13;24;6;16;108;28;8;13;14
1296.0;12;23;6;16;110;29;9;14;11
1302.0;9;25;7;15;110;30;9;13;12
1308.0;10;23;9;17;109;29;8;13;12
1314.0;10;21;6;19;114;30;8;15;7
1320.0;7;20;7;21;115;29;10;14;7
1326.0;8;21;6;20;117;29;9;15;5
1332.0;9;21;5;20;116;27;7;17;8
1338.0;8;21;6;20;115;26;6;19;9
1344.0;9;20;9;17;115;26;7;19;8
1350.0;9;20;7;17;116;26;8;19;8
1356.0;8;19;7;17;114;26;10;19;10
1362.0;10;20;8;16;114;26;8;21;7
1368.0;9;21;6;13;115;27;9;23;7
1374.0;10;22;5;13;116;25;7;24;8
1380.0;7;23;6;16;115;24;7;25;7
1386.0;8;23;6;14;113;25;7;25;9
1392.0;9;23;6;15;112;23;8;25;9
1398.0;6;21;6;16;113;27;8;24;9
1404.0;6;19;6;16;115;27;9;23;9
1410.0;6;21;8;17;113;27;9;22;7
1416.0;9;20;10;17;111;23;11;21;8
1422.0;10;19;11;16;113;23;9;20;9
1428.0;10;19;10;16;111;24;9;23;8
1434.0;8;20;8;16;111;24;11;24;8
1440.0;9;21;7;18;111;22;9;24;9
1446.0;12;21;7;16;111;21;9;24;9
1452.0;13;21;6;16;115;23;7;22;7
1458.0;13;19;5;14;116;25;7;23;8
1464.0;13;18;5;15;116;25;6;22;10
1470.0;13;17;4;16;116;26;7;22;9
1476.0;12;17;6;15;114;26;8;23;9
1482.0;12;17;6;15;113;26;10;24;7
1488.0;11;17;6;15;113;27;12;22;7
1494.0;13;16;7;18;112;27;9;22;6
1500.0;12;15;11;16;112;27;7;22;8
1506.0;12;12;12;15;111;27;8;23;10
1512.0;14;15;13;15;109;24;7;23;10
1518.0;14;17;12;14;109;23;8;23;10
1524.0;14;17;12;14;112;23;8;22;8
1530.0;15;16;12;17;112;19;8;23;8
1536.0;13;17;12;18;110;20;8;24;8
1542.0;13;18;12;20;107;21;8;22;9
1548.0;13;18;11;19;109;21;7;22;10
1554.0;14;19;12;19;109;21;7;18;11
1560.0;14;20;12;17;108;21;8;18;12
1566.0;15;19;12;19;106;21;7;18;13
1572.0;14;19;11;21;107;19;7;18;14
1578.0;16;20;10;21;106;17;7;18;15
1584.0;16;18;10;22;108;16;8;17;15
1590.0;18;16;11;22;110;14;7;16;16
1596.0;18;14;13;22;109;14;7;15;18
1602.0;17;13;16;21;109;14;8;15;17
1608.0;17;13;16;22;108;14;6;16;18
1614.0;16;14;17;23;108;13;8;16;15
1620.0;16;15;14;23;107;13;10;17;15
1626.0;13;14;11;23;107;22;10;16;14
1632.0;14;13;11;22;107;22;10;16;15
1638.0;11;12;13;22;106;24;10;17;15
1644.0;14;11;14;22;102;23;10;18;16
1650.0;12;11;14;20;104;24;12;18;15
1656.0;12;12;14;20;102;25;12;16;17
1662.0;13;12;13;24;99;25;13;14;17
1668.0;12;14;12;23;97;26;12;17;17
1674.0;12;11;13;23;96;27;12;17;19
1680.0;11;12;14;24;95;30;10;17;17
1686.0;11;13;15;24;95;30;10;16;16
1692.0;13;13;14;23;97;30;9;16;15
1698.0;10;13;16;23;98;30;10;16;14
1704.0;11;14;17;24;96;32;10;14;12
1710.0;10;18;16;26;96;30;9;14;11
1716.0;10;17;16;26;95;29;11;15;11
1722.0;9;18;15;26;96;28;11;16;11
1728.0;9;17;16;25;96;30;10;16;11
1734.0;8;17;14;26;97;29;10;18;11
1740.0;8;17;14;25;95;29;10;21;11
1746.0;8;17;14;24;94;29;10;21;13
1752.0;7;19;15;23;94;27;10;23;12
1758.0;8;20;14;22;96;27;9;22;12
1764.0;12;19;13;21;96;27;11;21;10
1770.0;14;20;12;20;97;26;9;21;11
1776.0;15;18;10;18;98;25;11;23;12
1782.0;13;20;9;18;100;25;10;23;12
1788.0;13;19;9;21;101;24;9;23;11
1794.0;13;20;9;22;102;22;9;21;12
