#auto generated file!
12.0;42;54;38;47;55;40;48;42;44
18.0;42;54;38;45;58;44;45;45;39
24.0;38;59;34;45;59;44;42;48;41
30.0;37;56;36;48;65;46;38;47;37
36.0;37;57;38;50;67;44;34;44;39
42.0;38;58;37;50;69;43;36;44;35
48.0;36;59;36;51;71;45;31;43;38
54.0;41;58;36;52;73;42;30;41;37
60.0;38;61;37;52;75;44;26;40;37
66.0;38;55;42;56;78;44;22;42;33
72.0;37;53;42;53;80;43;24;46;32
78.0;42;55;38;46;84;41;24;46;34
84.0;40;52;41;48;82;42;25;46;34
90.0;42;53;41;42;86;43;23;47;33
96.0;39;55;46;44;87;44;20;45;30
102.0;36;51;42;46;88;48;18;51;30
108.0;34;54;38;47;88;49;20;53;27
114.0;30;53;39;47;90;50;21;52;28
120.0;28;52;35;45;91;50;25;55;29
126.0;34;51;35;45;92;52;23;52;26
132.0;33;49;34;46;96;51;21;51;29
138.0;38;48;33;43;96;50;21;54;27
144.0;37;45;34;45;98;47;21;56;27
150.0;35;45;31;48;98;46;25;56;26
156.0;34;48;34;48;97;47;23;56;23
162.0;34;47;33;50;96;51;24;52;23
168.0;29;49;34;52;98;51;25;51;21
174.0;25;50;33;53;100;54;25;50;20
180.0;22;50;33;54;98;56;28;49;20
186.0;21;49;33;55;98;56;30;50;18
192.0;23;50;30;58;99;55;29;48;18
198.0;22;50;32;58;99;55;28;48;18
204.0;24;46;32;57;103;53;30;46;19
210.0;25;45;33;54;105;50;32;49;17
216.0;27;45;30;57;106;50;34;44;17
222.0;27;46;27;56;113;48;30;43;20
228.0;31;43;28;54;114;46;26;45;23
234.0;28;41;27;55;116;45;29;45;24
240.0;31;41;30;53;117;44;28;45;21
246.0;29;41;33;50;115;41;29;47;25
252.0;24;43;32;47;119;42;26;50;27
258.0;22;44;34;48;119;44;25;48;26
264.0;23;43;31;50;119;41;28;48;27
270.0;22;43;31;46;119;44;31;45;29
276.0;22;41;31;46;122;45;29;48;26
282.0;18;40;29;48;126;46;26;49;28
288.0;21;39;29;44;124;48;27;49;29
294.0;20;40;28;42;127;49;31;46;27
300.0;17;39;30;42;132;49;32;44;25
306.0;21;41;29;44;133;46;30;43;23
312.0;23;41;30;45;133;45;30;40;23
318.0;23;45;26;41;130;46;35;40;24
324.0;23;44;26;40;132;44;33;42;26
330.0;25;42;27;43;133;44;27;44;25
336.0;28;45;23;39;132;47;27;44;25
342.0;30;45;24;33;133;45;26;45;29
348.0;29;44;25;34;132;47;25;43;31
354.0;27;46;29;32;134;47;26;41;28
360.0;28;41;29;36;136;47;26;40;27
366.0;28;43;30;38;138;47;25;36;25
372.0;27;45;27;39;136;46;25;37;28
378.0;26;46;25;39;138;47;25;37;27
384.0;27;47;23;41;136;45;26;37;28
390.0;28;48;21;40;138;45;24;37;29
396.0;28;49;21;39;138;45;24;38;28
402.0;27;50;23;33;137;45;25;41;29
408.0;30;51;25;31;140;40;22;41;30
414.0;32;50;25;32;140;41;21;41;28
420.0;31;49;24;30;145;41;22;42;26
426.0;30;49;23;30;145;38;21;47;27
432.0;31;49;25;30;142;43;21;44;25
438.0;31;47;26;31;141;44;21;45;24
444.0;28;47;27;30;144;47;22;43;22
450.0;26;46;23;30;146;49;24;44;22
456.0;22;45;24;30;145;52;28;42;22
462.0;18;46;23;29;149;50;30;43;22
468.0;20;45;21;30;149;47;31;42;25
474.0;21;45;21;30;150;47;29;42;25
480.0;19;46;21;31;152;43;30;41;27
486.0;19;46;20;34;156;40;31;39;25
492.0;20;46;21;37;156;39;31;36;24
498.0;17;44;23;37;156;40;30;39;24
504.0;16;45;22;36;160;40;30;37;24
510.0;18;43;25;36;158;39;29;38;24
516.0;19;44;22;35;159;42;26;38;25
522.0;19;44;20;41;164;43;19;38;22
528.0;19;44;18;43;164;42;19;39;22
534.0;19;40;17;42;166;41;18;41;26
540.0;20;42;18;45;167;39;15;39;25
546.0;18;45;16;46;169;38;16;41;21
552.0;17;46;18;43;172;39;17;40;18
558.0;17;47;18;40;170;37;19;41;21
564.0;17;46;14;41;170;39;21;39;23
570.0;17;47;13;43;170;39;19;38;24
576.0;17;45;15;43;171;38;19;38;24
582.0;14;47;14;44;174;38;21;36;22
588.0;14;48;14;42;172;40;21;34;25
594.0;15;48;14;42;173;38;20;35;25
600.0;17;47;18;43;173;34;19;34;25
606.0;15;50;19;42;174;31;20;35;24
612.0;13;51;17;42;173;33;21;36;24
618.0;15;49;16;43;174;33;19;34;27
624.0;14;49;19;43;176;29;16;36;28
630.0;15;52;22;44;172;32;12;35;26
636.0;16;46;23;45;175;34;13;32;26
642.0;15;45;23;46;174;35;15;29;28
648.0;16;44;21;42;175;38;17;29;28
654.0;16;43;22;40;173;38;16;32;30
660.0;15;43;23;41;173;37;12;36;30
666.0;17;43;21;42;174;33;14;38;28
672.0;16;44;23;42;173;34;10;40;28
678.0;17;44;21;45;177;34;12;38;22
684.0;17;44;20;44;176;34;14;39;22
690.0;16;47;20;43;173;34;14;42;21
696.0;16;45;19;45;175;33;14;43;20
702.0;16;45;19;44;174;34;12;46;20
708.0;17;43;20;42;177;34;15;42;20
714.0;18;42;19;41;179;36;19;39;17
720.0;18;41;18;42;178;35;17;43;18
726.0;16;41;18;41;182;34;16;44;18
732.0;18;39;17;43;181;33;19;43;17
738.0;17;38;18;42;181;30;22;44;18
744.0;15;35;21;44;181;31;20;43;20
750.0;14;35;19;44;185;30;19;43;21
756.0;15;36;17;47;181;28;19;45;22
762.0;17;36;18;46;179;27;21;44;22
768.0;20;34;16;47;178;25;20;43;27
774.0;22;33;15;45;179;28;20;43;25
780.0;18;36;17;45;180;27;20;43;24
786.0;16;36;21;48;177;31;20;41;20
792.0;16;34;20;50;178;31;22;39;20
798.0;14;30;20;51;182;33;22;38;20
804.0;14;34;19;49;182;33;24;39;16
810.0;14;32;24;50;182;32;23;37;16
816.0;17;35;25;45;183;31;24;35;15
822.0;16;34;25;44;186;32;20;37;16
828.0;15;34;26;43;185;32;20;38;17
834.0;16;33;27;46;185;32;18;37;16
840.0;17;35;26;47;185;31;17;36;16
846.0;16;38;23;45;184;31;20;38;15
852.0;15;36;23;44;185;33;22;36;16
858.0;10;35;23;40;190;34;23;40;15
864.0;9;36;21;38;188;37;25;39;17
870.0;10;32;21;40;189;35;24;41;18
876.0;12;30;20;38;187;37;25;42;19
882.0;16;30;17;39;184;38;24;43;19
888.0;13;29;18;39;186;37;27;41;20
894.0;15;28;19;39;188;39;25;40;17
900.0;14;30;18;40;186;40;22;41;19
906.0;12;32;21;38;187;41;21;36;22
912.0;15;31;22;42;182;41;20;37;20
918.0;15;31;19;43;181;41;21;39;20
924.0;15;30;14;44;185;44;21;38;19
930.0;14;28;16;45;186;45;19;38;19
936.0;13;32;16;44;185;42;19;37;22
942.0;15;36;17;41;182;41;18;36;24
948.0;17;36;19;44;180;42;15;34;23
954.0;18;33;21;45;182;41;17;31;22
960.0;19;33;21;48;182;40;14;32;21
966.0;20;33;19;44;181;43;14;33;23
972.0;17;32;20;44;181;45;14;35;22
978.0;17;33;17;43;178;43;16;38;25
984.0;20;32;16;41;177;45;18;36;25
990.0;20;31;16;38;178;44;17;39;27
996.0;20;33;17;39;179;40;21;38;23
1002.0;16;33;18;38;177;40;22;40;26
1008.0;19;32;18;36;179;42;21;38;25
1014.0;21;31;18;36;178;40;21;38;27
1020.0;24;32;16;37;176;43;20;37;25
1026.0;26;32;17;38;177;42;17;36;25
1032.0;24;30;16;39;178;45;17;35;26
1038.0;22;30;15;42;177;46;19;34;25
1044.0;21;29;18;44;176;45;19;35;23
1050.0;20;30;18;43;173;47;19;35;25
1056.0;22;32;20;42;172;46;16;33;27
1062.0;23;27;20;44;173;45;16;32;30
1068.0;26;25;20;41;172;45;19;34;28
1074.0;25;26;18;40;176;46;19;35;25
1080.0;27;23;17;38;175;47;22;38;23
1086.0;26;23;17;38;172;50;21;38;25
1092.0;28;23;17;36;174;48;23;36;25
1098.0;28;23;17;36;174;51;23;37;21
1104.0;29;28;13;41;177;49;21;34;18
1110.0;31;31;14;38;176;47;20;36;17
1116.0;30;33;13;40;178;51;21;32;12
1122.0;29;33;14;45;178;48;20;31;12
1128.0;27;33;17;42;179;48;20;32;12
1134.0;24;31;19;42;180;48;19;34;13
1140.0;23;32;20;43;178;49;16;35;14
1146.0;21;31;18;44;175;50;17;37;17
1152.0;23;30;17;43;176;51;19;37;14
1158.0;19;32;19;44;176;52;20;34;14
1164.0;16;32;17;45;176;51;21;35;17
1170.0;16;32;16;46;178;51;20;32;19
1176.0;17;34;19;46;178;48;18;31;19
1182.0;17;35;17;46;178;48;20;30;19
1188.0;17;35;19;46;178;50;18;29;18
1194.0;14;37;19;45;179;49;15;32;20
1200.0;17;39;16;43;177;47;17;32;22
1206.0;19;39;13;42;179;46;20;31;21
1212.0;17;42;15;41;179;47;19;30;20
1218.0;17;41;15;40;181;48;17;31;20
1224.0;16;39;16;42;179;47;22;30;19
1230.0;17;37;17;41;181;46;22;30;19
1236.0;18;37;13;38;179;47;28;30;20
1242.0;17;38;13;38;179;46;26;30;23
1248.0;17;40;15;36;181;45;25;30;21
1254.0;15;43;16;35;183;47;21;31;19
1260.0;20;39;15;36;179;48;22;33;18
1266.0;18;37;15;36;181;44;21;35;23
1272.0;16;39;17;36;178;44;19;36;25
1278.0;18;37;17;39;175;43;18;41;22
1284.0;17;36;19;38;179;40;19;42;20
1290.0;17;35;19;40;178;43;20;42;16
1296.0;17;35;15;40;180;40;24;41;18
1302.0;16;33;21;38;180;41;24;39;18
1308.0;18;33;20;39;180;38;25;38;19
1314.0;17;34;21;40;181;33;24;38;22
1320.0;16;33;22;37;181;36;25;38;22
1326.0;15;32;22;38;182;36;23;40;22
1332.0;15;33;24;37;184;34;20;41;22
1338.0;15;34;23;38;183;34;21;40;22
1344.0;12;34;17;37;186;38;22;43;21
1350.0;12;33;17;38;186;37;21;44;22
1356.0;11;36;17;39;188;38;21;41;19
1362.0;11;38;16;43;186;37;20;41;18
1368.0;11;39;17;43;186;37;19;39;19
1374.0;11;35;19;45;189;35;18;38;20
1380.0;12;34;19;45;190;36;19;34;21
1386.0;10;36;18;45;189;38;22;32;20
1392.0;11;36;17;43;190;37;24;33;19
1398.0;12;38;16;44;192;36;23;34;15
1404.0;15;40;16;38;191;36;23;37;14
1410.0;15;43;17;37;191;33;22;39;13
1416.0;17;45;18;37;190;30;19;41;13
1422.0;19;44;16;35;186;32;23;40;15
1428.0;22;38;16;37;184;30;26;44;13
1434.0;24;34;16;39;182;31;27;47;10
1440.0;22;35;17;40;182;31;25;47;11
1446.0;22;37;18;42;181;30;21;45;14
1452.0;22;38;17;41;179;29;17;47;20
1458.0;21;39;18;40;176;29;17;50;20
1464.0;21;42;16;42;174;30;14;50;21
1470.0;20;43;14;44;172;32;15;50;20
1476.0;21;45;18;41;172;30;14;49;20
1482.0;23;40;17;43;174;31;14;49;19
1488.0;23;40;17;43;173;31;14;50;19
1494.0;24;40;19;45;173;34;14;44;17
1500.0;22;38;17;46;176;36;15;44;16
1506.0;21;39;15;48;177;32;17;42;19
1512.0;19;39;14;48;178;33;17;42;20
1518.0;19;37;15;45;181;33;19;43;18
1524.0;21;37;13;45;181;34;18;43;18
1530.0;17;38;16;46;182;35;18;44;14
1536.0;15;38;18;44;185;37;15;44;14
1542.0;16;36;17;43;186;39;14;44;15
1548.0;17;37;17;43;185;39;15;43;14
1554.0;17;37;17;43;184;38;17;44;13
1560.0;16;39;18;43;184;40;16;44;10
1566.0;16;36;21;43;184;41;16;42;11
1572.0;16;39;21;42;183;39;17;39;14
1578.0;14;40;21;41;185;39;18;36;16
1584.0;15;40;22;40;183;36;20;39;15
1590.0;17;40;20;40;185;39;15;40;14
1596.0;17;38;20;40;186;39;14;41;15
1602.0;15;42;18;42;188;40;12;40;13
1608.0;13;43;19;42;186;38;14;40;15
1614.0;16;43;17;40;186;40;16;39;13
1620.0;14;46;16;41;187;37;18;37;14
1626.0;13;47;18;38;189;37;17;39;12
1632.0;14;46;21;36;190;36;16;38;13
1638.0;16;44;23;37;187;35;19;37;12
1644.0;14;44;22;37;191;34;20;36;12
1650.0;16;44;21;39;191;35;18;33;13
1656.0;17;42;23;39;188;33;18;35;15
1662.0;19;42;23;40;188;32;16;36;14
1668.0;18;45;25;38;188;33;15;34;14
1674.0;21;44;22;39;189;34;13;33;15
1680.0;22;43;20;36;191;35;13;35;15
1686.0;21;44;21;37;190;37;13;35;12
1692.0;26;45;21;36;190;36;12;35;9
1698.0;22;48;24;36;188;36;14;33;9
1704.0;22;48;26;33;189;35;16;32;9
1710.0;22;52;26;32;191;33;15;33;6
1716.0;24;48;28;33;188;33;15;34;7
1722.0;22;47;26;32;188;37;15;34;9
1728.0;21;44;26;31;184;40;17;39;8
1734.0;21;48;24;33;186;39;16;37;6
1740.0;18;50;25;35;186;38;15;36;7
1746.0;19;54;23;34;188;36;14;35;7
1752.0;22;50;25;32;189;35;13;35;9
1758.0;18;52;24;30;189;38;15;35;9
1764.0;18;51;23;32;189;35;16;38;8
1770.0;18;50;20;33;189;38;16;37;9
1776.0;18;48;19;35;187;38;17;40;8
1782.0;22;49;19;34;186;34;16;40;10
1788.0;23;47;17;36;186;35;18;38;10
1794.0;23;45;18;38;188;33;16;38;11
