#auto generated file!
12.0;18;19;18;16;12;11;19;20;17
18.0;22;14;16;15;14;14;18;22;15
24.0;19;15;15;15;16;16;17;22;15
30.0;18;16;14;17;17;14;18;22;14
36.0;18;19;13;16;17;16;18;22;11
42.0;18;20;13;16;17;17;16;23;10
48.0;16;18;13;16;17;19;17;25;9
54.0;15;23;9;15;19;19;16;24;10
60.0;14;21;8;19;19;19;18;25;7
66.0;13;20;9;18;19;18;15;28;10
72.0;13;20;9;18;21;16;14;27;12
78.0;15;21;7;22;23;17;10;24;11
84.0;15;20;6;20;25;17;9;25;13
90.0;13;22;5;18;27;17;10;25;13
96.0;14;23;5;18;25;16;10;27;12
102.0;15;23;5;17;25;14;13;25;13
108.0;15;22;5;17;25;13;14;26;13
114.0;13;22;6;16;25;16;13;25;14
120.0;13;21;6;17;25;17;13;26;12
126.0;15;22;6;16;25;15;12;27;12
132.0;15;21;6;16;25;15;13;26;13
138.0;15;22;7;15;25;15;14;26;11
144.0;14;22;7;15;26;17;12;25;12
150.0;14;21;8;17;26;17;11;26;10
156.0;15;22;9;15;26;18;9;25;11
162.0;15;22;11;14;26;16;9;25;12
168.0;13;22;12;15;26;16;9;25;12
174.0;11;21;12;14;29;15;10;26;12
180.0;12;19;11;14;30;15;11;26;12
186.0;12;20;10;13;30;14;10;26;15
192.0;10;20;9;13;31;16;8;27;16
198.0;11;20;10;14;30;16;8;25;16
204.0;10;19;10;13;29;17;8;29;15
210.0;11;21;11;13;29;16;9;26;14
216.0;12;20;9;11;32;17;9;24;16
222.0;12;20;8;11;33;16;11;23;16
228.0;12;18;8;10;35;17;12;22;16
234.0;11;18;6;10;35;17;12;23;18
240.0;12;18;8;10;35;16;12;23;16
246.0;11;18;9;11;37;16;12;21;15
252.0;12;19;7;13;37;16;10;21;15
258.0;13;19;6;11;37;17;10;21;16
264.0;14;18;5;12;37;17;9;21;17
270.0;14;18;5;13;38;17;9;20;16
276.0;14;18;5;13;39;17;9;19;16
282.0;14;17;6;13;39;17;8;20;16
288.0;16;18;6;13;38;17;6;20;16
294.0;14;18;6;13;39;17;9;19;15
300.0;14;16;7;13;40;16;9;21;14
306.0;15;16;6;15;39;16;8;22;13
312.0;13;17;6;17;40;16;7;21;13
318.0;13;17;5;18;39;15;7;22;14
324.0;17;15;4;18;40;15;7;22;12
330.0;19;15;5;16;40;15;9;22;9
336.0;19;14;6;19;39;15;7;21;10
342.0;19;14;6;18;41;16;9;18;9
348.0;17;14;7;20;41;17;10;17;7
354.0;15;16;6;19;41;18;11;15;9
360.0;17;18;5;20;41;15;12;15;7
366.0;15;17;5;20;40;16;14;16;7
372.0;12;18;7;19;41;20;11;17;5
378.0;13;20;7;19;41;18;11;15;6
384.0;12;21;6;19;41;19;9;17;6
390.0;12;21;7;16;42;17;9;18;8
396.0;12;21;7;15;42;17;9;18;9
402.0;13;21;7;16;43;15;8;19;8
408.0;14;21;9;17;43;15;9;17;5
414.0;14;22;9;15;43;15;9;16;7
420.0;12;23;10;13;44;15;10;15;8
426.0;12;24;11;10;45;15;11;15;7
432.0;11;24;11;11;44;16;11;15;7
438.0;11;27;8;10;44;17;12;14;7
444.0;13;27;9;10;44;16;11;13;7
450.0;9;27;9;10;44;15;12;14;10
456.0;10;24;8;9;46;16;12;15;10
462.0;9;23;6;10;45;18;13;17;9
468.0;9;20;6;11;47;18;13;15;11
474.0;7;20;8;11;47;16;15;16;10
480.0;7;18;9;11;47;14;14;20;10
486.0;10;18;8;10;46;15;14;20;9
492.0;10;17;8;10;46;16;14;20;9
498.0;9;18;10;10;46;17;12;20;8
504.0;8;14;11;12;46;17;13;20;9
510.0;7;13;12;11;48;18;14;19;8
516.0;5;17;10;12;49;18;12;20;7
522.0;4;13;10;13;51;19;11;20;9
528.0;5;13;13;12;52;17;11;20;7
534.0;3;14;13;13;53;19;12;20;3
540.0;3;15;14;13;51;20;11;20;3
546.0;3;14;15;15;50;19;12;18;4
552.0;3;14;16;14;51;20;11;17;4
558.0;3;16;13;14;53;22;8;18;3
564.0;4;17;13;14;51;20;10;18;3
570.0;4;20;11;15;51;19;10;17;3
576.0;5;18;11;18;52;16;11;17;2
582.0;7;18;11;16;51;17;12;15;3
588.0;9;17;10;16;51;17;12;14;4
594.0;7;16;11;15;52;18;12;14;5
600.0;8;16;11;14;52;18;13;12;6
606.0;9;14;13;14;52;17;11;12;8
612.0;10;14;12;14;55;16;13;10;6
618.0;12;15;11;15;54;17;9;9;8
624.0;13;13;9;16;55;16;7;12;9
630.0;15;13;9;15;56;16;7;11;8
636.0;18;13;9;16;56;15;6;11;6
642.0;18;14;10;15;56;15;6;11;5
648.0;17;13;10;15;56;16;6;11;6
654.0;17;13;10;15;56;18;5;12;4
660.0;17;12;11;16;56;17;5;12;4
666.0;15;12;11;16;56;18;5;13;4
672.0;13;14;11;16;57;19;5;11;4
678.0;13;15;11;16;56;17;7;11;4
684.0;13;14;9;16;58;17;9;11;3
690.0;13;14;9;16;59;17;8;11;3
696.0;10;16;11;17;59;17;7;11;2
702.0;12;16;10;17;59;15;8;11;2
708.0;8;17;11;16;60;17;6;13;2
714.0;9;15;11;16;60;17;7;14;1
720.0;10;15;10;16;60;17;6;14;2
726.0;8;15;10;16;60;17;8;13;3
732.0;6;15;7;15;60;16;9;14;8
738.0;6;14;7;14;62;16;9;12;10
744.0;6;15;7;14;62;16;7;12;11
750.0;6;15;6;15;62;16;7;11;12
756.0;6;15;5;15;62;17;7;11;12
762.0;5;15;5;15;63;17;6;13;11
768.0;5;14;6;14;67;16;6;12;10
774.0;5;14;7;13;66;16;7;12;10
780.0;4;14;6;16;66;15;7;12;10
786.0;4;13;6;15;65;16;8;12;11
792.0;7;13;5;15;65;14;9;11;11
798.0;9;12;6;15;65;16;7;11;9
804.0;10;12;7;15;64;16;7;10;9
810.0;7;15;7;16;65;17;7;9;7
816.0;5;14;7;14;66;21;7;9;7
822.0;5;13;5;17;66;21;8;9;6
828.0;6;12;5;14;66;21;7;11;8
834.0;7;11;6;14;67;23;6;10;6
840.0;7;13;7;12;65;24;7;10;5
846.0;8;15;6;11;63;24;6;11;6
852.0;8;14;6;11;63;24;6;12;6
858.0;8;13;5;9;65;24;8;11;7
864.0;8;13;4;9;65;23;9;11;8
870.0;8;14;4;9;65;24;8;12;6
876.0;9;14;3;7;65;26;9;10;7
882.0;7;15;2;8;65;27;9;9;8
888.0;5;16;2;8;64;27;9;10;9
894.0;5;17;5;8;65;24;9;7;10
900.0;5;17;5;8;67;23;9;6;10
906.0;5;17;4;9;64;25;9;7;10
912.0;5;16;5;8;64;24;11;8;9
918.0;6;15;6;9;65;24;11;7;7
924.0;5;15;6;11;62;24;13;6;8
930.0;6;15;6;11;63;25;12;5;7
936.0;8;13;7;11;63;26;8;8;6
942.0;7;13;7;11;61;28;8;8;7
948.0;8;12;7;12;63;24;9;9;6
954.0;6;12;7;12;65;24;8;10;6
960.0;6;12;9;12;65;23;7;10;6
966.0;7;13;8;13;66;22;4;10;7
972.0;5;13;7;12;67;22;7;11;6
978.0;5;13;9;11;65;21;10;10;6
984.0;4;13;10;11;64;22;9;11;6
990.0;4;15;9;11;66;22;6;10;7
996.0;6;15;7;13;66;21;6;10;6
1002.0;6;14;9;13;66;20;7;9;6
1008.0;7;15;9;13;67;20;7;8;4
1014.0;6;14;9;13;69;19;10;7;3
1020.0;8;14;9;14;66;19;11;8;1
1026.0;9;13;9;15;66;20;11;6;1
1032.0;9;13;9;15;66;20;10;6;2
1038.0;10;14;9;14;66;20;7;7;3
1044.0;9;12;9;14;66;21;9;7;3
1050.0;7;11;10;13;67;21;9;7;5
1056.0;8;11;9;13;66;20;9;7;7
1062.0;7;10;7;14;69;20;8;9;6
1068.0;8;10;6;12;69;21;7;11;6
1074.0;6;11;5;11;70;22;9;10;6
1080.0;8;12;6;10;69;20;11;8;6
1086.0;9;12;6;11;69;17;10;9;7
1092.0;9;12;7;10;69;15;11;10;7
1098.0;9;12;8;10;68;15;11;10;7
1104.0;9;13;6;9;68;13;12;12;8
1110.0;7;13;6;9;69;14;14;11;7
1116.0;8;13;4;10;68;15;13;12;7
1122.0;9;12;5;9;65;19;12;13;6
1128.0;7;14;6;9;65;18;12;13;6
1134.0;8;14;5;10;65;17;12;12;7
1140.0;7;13;3;12;68;18;10;12;7
1146.0;7;13;4;12;67;16;11;13;7
1152.0;7;13;4;12;66;16;11;14;7
1158.0;7;13;4;11;67;19;12;12;5
1164.0;8;13;5;11;70;18;9;11;5
1170.0;8;12;4;12;69;19;9;13;4
1176.0;8;12;4;12;69;19;10;12;4
1182.0;8;12;6;13;68;18;10;13;2
1188.0;6;12;7;12;69;18;10;14;2
1194.0;6;13;5;11;70;19;9;14;3
1200.0;5;14;3;12;70;19;7;16;4
1206.0;6;14;2;13;70;19;8;15;3
1212.0;7;15;3;11;70;18;8;15;3
1218.0;7;17;3;12;70;16;8;14;3
1224.0;7;16;3;12;71;15;9;14;3
1230.0;6;15;5;12;70;17;10;13;2
1236.0;7;15;4;13;70;14;8;15;4
1242.0;7;14;5;12;69;14;9;15;5
1248.0;7;12;5;12;68;14;9;15;8
1254.0;5;14;4;13;67;13;9;17;8
1260.0;5;12;4;14;68;12;8;19;8
1266.0;4;11;3;13;67;12;8;23;9
1272.0;3;11;4;13;67;13;7;23;9
1278.0;4;11;4;12;67;15;6;22;9
1284.0;3;11;5;14;68;15;4;22;8
1290.0;3;11;6;13;72;16;3;21;5
1296.0;5;11;7;10;70;16;4;21;6
1302.0;4;11;6;13;71;15;4;21;5
1308.0;4;11;5;13;72;15;4;20;6
1314.0;6;11;6;14;72;12;3;20;6
1320.0;6;11;6;13;72;12;3;20;7
1326.0;5;11;6;16;71;11;3;21;6
1332.0;4;12;6;19;71;12;4;18;4
1338.0;3;12;7;20;70;11;4;18;5
1344.0;3;13;4;20;69;14;3;19;5
1350.0;4;12;3;21;69;13;5;20;3
1356.0;5;12;1;20;70;13;5;20;4
1362.0;5;10;2;19;70;12;5;22;5
1368.0;4;10;3;19;71;11;6;21;5
1374.0;7;10;4;19;70;11;5;20;4
1380.0;7;10;3;19;71;11;5;20;4
1386.0;9;10;3;19;68;10;5;21;5
1392.0;7;10;3;18;68;11;6;21;6
1398.0;5;10;3;19;68;11;6;20;8
1404.0;4;10;5;19;70;11;5;18;8
1410.0;5;9;5;19;70;10;4;20;8
1416.0;5;8;6;20;70;9;5;19;8
1422.0;4;10;7;20;69;9;6;19;6
1428.0;4;10;7;21;67;9;7;17;8
1434.0;4;7;5;21;68;10;8;19;8
1440.0;3;8;5;21;68;10;7;20;8
1446.0;3;8;4;21;68;10;8;20;8
1452.0;3;9;3;21;70;10;8;16;10
1458.0;4;8;2;21;68;11;10;15;11
1464.0;4;8;3;20;68;12;10;16;9
1470.0;4;9;3;20;67;12;10;17;8
1476.0;4;9;6;20;66;11;8;16;10
1482.0;3;9;6;21;65;11;8;18;9
1488.0;4;11;6;19;64;12;7;18;9
1494.0;5;11;4;18;64;12;7;19;10
1500.0;6;10;4;18;64;11;8;19;10
1506.0;6;11;4;18;64;11;7;19;10
1512.0;7;11;3;18;63;11;7;20;10
1518.0;7;11;4;15;64;10;7;21;11
1524.0;7;11;5;16;64;10;7;18;12
1530.0;7;12;5;16;62;13;7;17;11
1536.0;6;12;6;15;62;15;6;16;12
1542.0;7;11;5;15;63;16;6;17;10
1548.0;6;11;5;15;63;15;10;16;9
1554.0;8;11;6;12;63;15;10;16;9
1560.0;7;12;6;11;63;15;9;17;10
1566.0;6;13;6;11;63;14;9;17;11
1572.0;7;14;7;9;63;14;8;18;10
1578.0;9;14;7;11;62;14;5;17;11
1584.0;8;13;9;12;63;14;4;17;10
1590.0;6;14;9;12;63;15;4;17;10
1596.0;7;13;7;13;63;15;3;18;11
1602.0;7;12;9;15;63;15;2;17;10
1608.0;7;12;8;15;64;16;2;17;9
1614.0;6;13;9;16;64;17;2;16;7
1620.0;6;13;8;15;64;16;2;15;11
1626.0;4;14;8;16;64;16;1;17;10
1632.0;5;13;7;16;65;17;1;15;11
1638.0;6;11;6;17;66;17;1;17;9
1644.0;5;12;6;17;66;16;2;18;8
1650.0;5;11;7;18;65;17;2;18;7
1656.0;4;11;6;18;64;18;3;19;7
1662.0;6;11;4;19;62;18;4;19;7
1668.0;7;12;4;19;61;16;5;20;6
1674.0;7;13;6;18;61;17;5;18;5
1680.0;10;12;6;17;60;16;5;18;6
1686.0;9;13;5;17;61;16;5;18;6
1692.0;8;13;5;17;60;17;5;18;7
1698.0;7;13;5;17;60;17;5;18;8
1704.0;7;13;4;17;59;18;5;18;9
1710.0;6;15;2;16;61;20;5;18;7
1716.0;7;16;3;17;61;18;6;16;6
1722.0;7;16;5;16;61;18;7;14;6
1728.0;5;18;4;17;60;19;9;12;6
1734.0;5;19;4;15;60;19;10;12;6
1740.0;5;18;4;16;61;19;10;11;6
1746.0;3;18;5;16;61;19;12;8;8
1752.0;3;18;7;15;61;19;12;8;7
1758.0;5;17;7;14;61;19;13;7;7
1764.0;4;18;7;14;61;19;11;9;7
1770.0;6;18;8;15;62;17;10;8;6
1776.0;5;19;10;13;60;16;11;8;8
1782.0;7;19;8;12;60;17;12;8;7
1788.0;8;20;7;11;58;18;11;10;7
1794.0;6;21;8;12;58;16;12;10;7
