#auto generated file!
12.0;37;54;54;49;37;30;47;45;37
18.0;37;54;55;48;40;30;45;46;35
24.0;37;54;51;49;49;32;40;46;32
30.0;36;50;50;48;51;37;41;43;34
36.0;40;51;46;51;52;39;39;42;30
42.0;37;52;48;50;52;41;40;38;32
48.0;33;52;46;57;53;40;36;43;30
54.0;33;51;43;58;55;41;36;42;31
60.0;33;51;43;58;55;44;34;42;30
66.0;33;51;43;56;54;48;35;41;29
72.0;28;53;41;55;57;48;37;45;26
78.0;28;55;40;52;59;47;35;47;27
84.0;28;57;38;50;59;47;37;48;26
90.0;26;53;39;52;62;46;37;50;25
96.0;26;52;41;51;63;47;36;50;24
102.0;23;51;39;54;65;46;33;50;29
108.0;24;54;39;53;67;46;29;51;27
114.0;22;55;37;51;72;48;27;49;29
120.0;22;55;36;53;74;42;29;50;29
126.0;22;52;35;55;75;41;27;52;31
132.0;26;51;33;56;78;39;27;49;31
138.0;23;54;33;53;78;40;27;53;29
144.0;21;52;36;51;81;40;25;52;32
150.0;23;54;37;53;83;37;21;48;34
156.0;23;52;33;52;87;40;24;47;32
162.0;20;51;29;52;92;44;24;48;30
168.0;20;49;28;54;92;42;26;48;31
174.0;19;48;28;58;94;39;25;48;31
180.0;19;49;27;57;95;40;29;46;28
186.0;18;48;32;56;95;37;30;48;26
192.0;21;47;32;55;97;36;29;50;23
198.0;23;46;30;56;99;37;31;47;21
204.0;21;45;27;57;99;39;33;46;23
210.0;23;43;26;56;99;43;34;43;23
216.0;23;43;26;54;99;42;36;43;24
222.0;24;43;25;53;101;42;32;44;26
228.0;24;41;23;53;100;40;32;45;32
234.0;28;42;24;51;102;39;30;42;32
240.0;25;41;24;52;100;43;31;43;31
246.0;28;43;24;53;97;42;32;44;27
252.0;26;45;25;51;99;44;27;46;27
258.0;29;43;28;50;98;40;27;48;27
264.0;27;42;27;53;99;46;23;48;25
270.0;27;47;27;52;102;45;20;45;25
276.0;29;44;26;53;106;49;15;45;23
282.0;29;43;24;56;108;49;12;46;23
288.0;27;40;25;57;112;48;12;47;22
294.0;29;41;24;56;113;48;13;43;23
300.0;27;38;21;59;114;47;11;44;29
306.0;27;38;20;60;116;47;10;44;28
312.0;22;35;22;60;119;49;11;46;26
318.0;24;34;24;60;122;47;14;42;23
324.0;21;37;24;60;122;44;15;43;24
330.0;20;38;25;58;122;41;19;43;24
336.0;17;38;26;53;124;46;17;46;23
342.0;18;40;21;52;126;45;22;45;21
348.0;23;40;18;51;124;45;22;43;24
354.0;24;40;19;49;125;43;23;40;27
360.0;26;38;18;51;126;46;20;37;28
366.0;24;36;18;50;129;48;23;37;25
372.0;27;33;18;50;126;47;26;37;26
378.0;25;33;18;53;127;45;22;39;28
384.0;25;34;17;52;130;45;23;35;29
390.0;20;36;18;52;130;45;28;35;26
396.0;22;34;18;54;128;46;28;34;26
402.0;17;35;18;55;129;47;29;34;26
408.0;16;35;17;56;127;47;24;39;29
414.0;15;36;16;55;127;54;23;38;26
420.0;17;38;14;55;128;48;27;38;25
426.0;20;36;15;51;127;45;27;40;29
432.0;20;35;16;50;126;47;29;40;27
438.0;24;35;17;48;124;49;28;37;28
444.0;29;29;18;47;126;50;29;37;25
450.0;31;27;22;47;125;46;28;38;26
456.0;28;25;19;46;132;46;28;37;29
462.0;26;27;21;48;132;42;28;38;28
468.0;24;27;21;52;133;41;29;38;25
474.0;24;27;21;51;134;39;31;37;26
480.0;26;25;22;50;135;38;33;36;25
486.0;27;25;22;47;136;38;33;37;25
492.0;29;27;20;46;136;37;31;38;26
498.0;29;28;19;47;140;36;28;39;24
504.0;26;29;21;46;138;35;27;46;22
510.0;23;30;24;51;138;33;27;42;22
516.0;20;31;28;48;139;33;26;42;23
522.0;22;25;27;46;143;40;21;43;23
528.0;25;25;26;43;144;38;23;43;23
534.0;25;30;24;44;141;39;22;43;22
540.0;24;33;26;45;139;36;22;45;20
546.0;23;34;28;46;141;33;21;43;21
552.0;20;34;24;49;142;33;24;38;26
558.0;21;35;22;50;140;33;25;39;25
564.0;20;36;21;50;139;35;21;39;29
570.0;20;35;21;53;139;34;18;38;32
576.0;21;35;21;49;140;37;16;38;33
582.0;23;38;20;48;143;36;15;38;29
588.0;23;36;17;49;142;36;16;43;28
594.0;18;36;17;52;144;37;16;42;28
600.0;16;33;18;53;146;39;16;44;25
606.0;14;32;22;51;145;37;18;44;27
612.0;16;34;19;50;145;39;17;43;27
618.0;15;32;20;51;142;40;17;45;28
624.0;14;33;20;54;144;41;16;44;24
630.0;16;33;19;49;146;42;17;44;24
636.0;15;35;19;51;145;42;16;45;22
642.0;17;32;17;52;147;41;17;44;23
648.0;19;32;18;53;148;40;14;43;23
654.0;21;28;18;53;149;40;16;42;23
660.0;19;28;19;51;150;39;17;44;23
666.0;19;31;19;52;151;38;17;42;21
672.0;18;31;19;49;153;37;19;42;22
678.0;19;32;18;46;158;35;19;41;22
684.0;21;33;20;46;158;34;16;42;20
690.0;22;32;24;45;157;33;15;42;20
696.0;21;32;25;46;156;32;15;41;22
702.0;18;31;27;47;155;31;16;43;22
708.0;19;30;26;48;156;31;17;42;21
714.0;21;33;26;47;158;30;17;40;18
720.0;18;31;25;48;158;31;17;42;20
726.0;19;28;25;49;161;29;16;41;22
732.0;21;30;26;49;160;28;15;41;20
738.0;22;31;23;49;161;29;17;38;20
744.0;21;32;20;47;164;31;16;36;23
750.0;19;33;18;45;165;32;21;35;22
756.0;21;33;17;43;166;30;19;37;24
762.0;20;35;16;43;165;28;20;39;24
768.0;20;34;16;43;164;29;22;38;24
774.0;20;34;17;38;166;33;22;38;22
780.0;18;32;18;37;168;32;22;38;25
786.0;18;33;19;39;172;29;20;37;23
792.0;18;30;20;40;171;32;17;39;23
798.0;21;32;20;40;173;27;14;39;24
804.0;24;32;21;39;171;27;13;38;25
810.0;25;33;18;41;173;25;18;34;23
816.0;21;32;20;42;174;27;20;34;20
822.0;22;31;16;42;173;31;21;33;21
828.0;21;35;12;45;172;31;20;33;21
834.0;21;36;12;46;172;30;20;33;20
840.0;22;32;13;46;171;31;21;34;20
846.0;21;33;16;45;174;28;20;33;20
852.0;21;33;17;41;172;29;19;34;24
858.0;21;33;16;40;174;27;20;36;23
864.0;21;31;18;38;174;31;18;34;25
870.0;19;32;18;39;174;31;17;33;27
876.0;17;34;15;36;175;32;18;35;28
882.0;15;36;15;36;175;34;21;34;24
888.0;14;37;16;34;179;37;17;33;23
894.0;16;40;14;31;176;40;19;31;23
900.0;17;41;14;29;175;40;16;34;24
906.0;16;41;13;29;174;43;18;35;21
912.0;14;41;10;31;174;45;18;36;21
918.0;17;43;8;32;172;44;19;34;21
924.0;19;42;8;31;173;44;18;34;21
930.0;18;42;12;30;169;45;18;34;22
936.0;19;43;13;29;167;45;18;34;22
942.0;17;47;11;29;168;46;16;36;20
948.0;17;46;13;31;163;50;16;35;19
954.0;18;45;12;31;163;51;14;35;21
960.0;17;45;13;30;164;49;16;36;20
966.0;16;45;15;31;163;50;15;35;20
972.0;14;45;15;33;161;46;16;35;25
978.0;16;45;15;32;162;45;17;33;25
984.0;15;46;15;36;162;45;16;32;23
990.0;17;44;16;34;161;46;19;32;21
996.0;18;43;15;34;161;46;19;33;21
1002.0;20;43;17;35;161;44;20;31;19
1008.0;20;43;16;35;159;45;21;32;19
1014.0;23;42;16;33;163;44;17;34;18
1020.0;22;43;18;30;164;42;18;35;18
1026.0;20;45;15;28;163;42;19;37;21
1032.0;21;46;15;27;167;40;17;37;20
1038.0;23;43;18;23;168;44;15;36;20
1044.0;24;41;16;23;170;44;16;34;22
1050.0;24;43;14;25;167;44;16;35;22
1056.0;27;45;12;27;166;41;16;35;21
1062.0;26;44;13;26;167;39;18;36;21
1068.0;23;46;15;28;167;38;21;34;18
1074.0;23;46;14;29;166;34;21;33;24
1080.0;21;51;15;28;162;35;21;35;22
1086.0;22;51;17;24;163;34;21;35;23
1092.0;17;52;16;24;163;37;24;34;23
1098.0;19;53;15;27;162;33;24;33;24
1104.0;19;50;16;26;165;33;22;35;24
1110.0;17;52;14;25;164;37;20;38;23
1116.0;18;50;14;26;165;41;20;34;22
1122.0;20;50;14;23;167;41;20;36;19
1128.0;18;52;17;24;167;40;18;36;18
1134.0;23;51;20;21;167;40;18;34;16
1140.0;19;52;21;21;167;40;18;35;17
1146.0;22;52;20;20;165;39;21;36;15
1152.0;20;51;20;21;170;36;21;34;17
1158.0;23;51;22;21;168;34;19;36;16
1164.0;23;52;22;22;167;35;19;39;11
1170.0;25;49;22;24;161;38;18;40;13
1176.0;24;48;25;24;165;39;16;39;10
1182.0;23;46;22;27;163;39;16;41;13
1188.0;24;45;21;27;160;38;17;43;15
1194.0;24;44;22;26;161;35;20;42;16
1200.0;25;42;23;24;161;35;19;39;22
1206.0;23;43;21;25;164;34;18;36;26
1212.0;23;42;20;29;164;31;17;36;28
1218.0;21;43;21;30;161;32;17;39;26
1224.0;22;40;21;30;163;36;13;42;23
1230.0;23;43;19;32;161;35;14;43;20
1236.0;25;43;15;32;164;34;12;42;23
1242.0;24;43;19;31;165;31;10;43;24
1248.0;25;41;21;32;165;32;10;44;20
1254.0;31;42;19;27;165;34;12;42;18
1260.0;31;45;16;27;164;32;12;42;21
1266.0;28;45;17;27;163;33;14;42;21
1272.0;27;47;14;30;159;32;15;43;23
1278.0;24;47;14;32;160;34;17;42;20
1284.0;24;47;17;30;158;34;17;44;19
1290.0;25;45;15;33;159;32;19;41;21
1296.0;25;44;17;31;156;32;21;43;21
1302.0;23;45;19;30;156;32;22;43;20
1308.0;22;46;20;28;157;33;24;41;19
1314.0;23;49;22;26;156;32;25;38;19
1320.0;24;53;24;24;155;29;22;42;17
1326.0;23;52;22;25;153;34;21;43;17
1332.0;23;49;20;27;154;36;18;46;17
1338.0;24;52;18;27;153;40;15;45;16
1344.0;22;52;20;28;152;39;15;47;15
1350.0;23;52;19;29;155;38;17;43;14
1356.0;23;51;19;27;160;39;19;40;12
1362.0;26;47;19;33;159;36;17;43;10
1368.0;27;46;18;32;161;36;19;40;11
1374.0;28;44;17;30;161;36;21;40;13
1380.0;28;45;18;31;160;38;17;40;13
1386.0;30;45;16;34;162;36;15;38;14
1392.0;29;46;20;33;161;32;15;41;13
1398.0;29;43;17;34;163;36;13;42;13
1404.0;27;42;15;36;165;36;14;42;13
1410.0;29;40;13;36;162;38;18;42;12
1416.0;24;40;13;37;164;41;18;41;12
1422.0;20;40;15;37;164;42;19;40;13
1428.0;19;40;17;35;166;43;19;37;14
1434.0;19;42;17;35;162;43;17;38;17
1440.0;20;42;19;33;163;43;19;35;16
1446.0;21;44;19;32;163;43;21;34;13
1452.0;19;45;19;33;164;44;21;31;14
1458.0;20;46;20;32;167;41;22;30;12
1464.0;18;44;19;32;168;42;23;32;12
1470.0;16;42;21;35;173;41;22;28;12
1476.0;15;41;20;36;177;41;19;29;12
1482.0;13;44;19;35;177;42;18;31;11
1488.0;12;41;20;34;175;43;20;33;12
1494.0;13;38;20;33;176;40;19;34;17
1500.0;16;37;21;32;177;40;18;34;15
1506.0;15;36;23;32;176;39;19;35;15
1512.0;15;37;24;31;178;40;18;33;14
1518.0;16;35;22;29;182;40;16;36;14
1524.0;15;37;22;32;183;34;17;35;15
1530.0;14;38;23;33;183;35;18;33;13
1536.0;14;41;17;31;182;37;20;33;15
1542.0;12;41;15;32;181;39;21;31;18
1548.0;13;39;18;32;184;38;21;28;17
1554.0;16;40;15;31;186;36;21;27;18
1560.0;15;43;16;31;186;35;22;25;17
1566.0;14;47;16;30;184;34;20;26;19
1572.0;15;46;16;30;184;35;19;26;19
1578.0;14;44;17;30;185;32;19;32;17
1584.0;12;41;19;31;184;32;20;33;18
1590.0;10;42;19;32;187;32;19;32;17
1596.0;11;41;20;32;185;33;19;30;19
1602.0;11;40;20;33;183;34;18;32;19
1608.0;14;40;18;36;182;32;17;32;19
1614.0;14;37;20;38;179;29;18;31;24
1620.0;14;40;19;40;181;27;16;31;22
1626.0;12;39;23;40;178;27;15;32;24
1632.0;12;37;22;42;180;26;15;33;23
1638.0;12;36;24;41;180;26;15;34;22
1644.0;11;36;25;40;182;27;13;32;24
1650.0;13;36;24;39;180;29;13;34;22
1656.0;14;35;21;36;180;26;15;36;27
1662.0;16;36;19;36;180;24;18;37;24
1668.0;15;38;19;34;182;26;18;37;21
1674.0;17;37;21;33;183;23;19;35;22
1680.0;16;38;19;31;184;24;19;35;24
1686.0;19;38;21;30;182;22;18;35;25
1692.0;18;40;20;29;182;22;21;34;24
1698.0;16;39;18;31;183;25;21;32;25
1704.0;20;35;16;32;183;26;22;29;27
1710.0;23;40;17;31;180;26;19;28;26
1716.0;20;40;17;36;179;28;16;32;22
1722.0;19;38;20;34;180;28;18;34;19
1728.0;16;44;21;32;178;30;19;34;16
1734.0;18;47;23;34;174;31;19;35;9
1740.0;18;49;22;31;172;33;21;35;9
1746.0;17;49;23;33;170;33;19;35;11
1752.0;15;47;23;34;172;32;22;34;11
1758.0;18;44;24;32;174;32;21;35;10
1764.0;15;44;23;36;175;30;22;36;9
1770.0;13;37;24;38;174;32;21;38;13
1776.0;12;39;25;36;175;32;17;39;15
1782.0;12;40;25;35;176;35;16;38;13
1788.0;10;40;21;35;176;38;14;42;14
1794.0;10;41;22;34;175;38;13;43;14
