#auto generated file!
12.0;43;46;52;36;44;41;38;57;53
18.0;42;50;51;40;47;39;36;56;49
24.0;44;46;50;42;49;39;33;58;49
30.0;42;52;52;43;52;38;35;55;41
36.0;45;50;49;43;59;40;33;53;38
42.0;45;53;45;44;64;42;30;54;33
48.0;44;50;44;45;67;44;31;52;33
54.0;45;52;42;46;67;46;29;53;30
60.0;44;50;46;49;68;43;26;53;31
66.0;44;52;46;50;73;40;29;51;25
72.0;43;49;44;53;76;39;28;51;27
78.0;36;48;45;52;75;41;27;54;32
84.0;33;49;45;52;82;39;25;57;28
90.0;32;47;42;53;86;40;23;55;32
96.0;33;47;40;53;85;41;25;55;31
102.0;32;45;38;50;90;42;25;54;34
108.0;33;46;37;48;90;43;22;58;33
114.0;33;49;39;49;91;43;22;51;33
120.0;31;49;37;51;93;45;20;52;32
126.0;27;48;38;52;96;46;21;53;29
132.0;28;50;38;51;98;44;22;51;28
138.0;27;50;41;48;101;43;21;49;30
144.0;24;54;41;46;103;43;20;50;29
150.0;25;56;37;45;106;42;20;50;29
156.0;26;52;39;45;107;42;22;47;30
162.0;25;51;38;44;109;40;25;47;31
168.0;26;53;35;42;111;41;26;47;29
174.0;29;51;31;43;114;42;24;50;26
180.0;27;47;28;43;118;43;23;51;30
186.0;29;51;28;36;118;46;21;50;31
192.0;31;47;32;36;119;47;23;49;26
198.0;26;48;32;35;124;47;23;47;28
204.0;24;47;34;35;125;49;21;44;31
210.0;21;47;34;35;129;49;20;44;31
216.0;19;51;32;36;128;47;21;45;31
222.0;18;50;33;39;127;46;19;47;31
228.0;17;49;34;36;127;50;18;49;30
234.0;21;49;31;34;128;49;19;51;28
240.0;21;50;34;34;125;49;17;53;27
246.0;27;50;30;32;123;52;17;52;27
252.0;28;51;29;31;124;51;21;52;23
258.0;24;52;29;33;126;47;22;51;26
264.0;28;46;26;37;130;44;23;49;27
270.0;26;41;23;37;131;49;27;49;27
276.0;29;37;22;37;132;49;27;51;26
282.0;29;39;19;36;132;50;28;52;25
288.0;29;38;17;37;133;51;28;52;25
294.0;28;36;18;35;136;50;29;52;26
300.0;32;34;21;37;134;48;26;51;27
306.0;33;33;23;37;134;47;27;50;26
312.0;31;36;25;37;135;47;25;50;24
318.0;32;35;21;39;137;48;25;49;24
324.0;28;37;21;40;138;50;24;49;23
330.0;28;39;21;39;140;49;21;49;24
336.0;24;42;21;40;141;46;24;47;25
342.0;25;40;21;40;142;46;26;47;23
348.0;25;39;21;42;142;46;25;49;21
354.0;24;38;21;41;146;46;23;51;20
360.0;25;36;19;44;148;47;26;51;14
366.0;26;39;18;43;150;46;29;44;15
372.0;24;40;18;43;150;46;29;46;14
378.0;24;39;19;42;151;49;27;44;15
384.0;23;40;22;39;152;49;25;44;16
390.0;22;39;24;42;151;47;27;44;14
396.0;23;37;21;44;151;46;23;47;18
402.0;21;37;22;45;151;47;23;48;16
408.0;19;36;24;47;150;46;21;52;15
414.0;15;36;21;49;149;49;24;51;16
420.0;14;37;23;49;150;49;20;49;19
426.0;19;37;25;50;149;50;17;46;17
432.0;21;37;25;47;150;49;15;47;19
438.0;27;36;23;45;151;51;15;45;17
444.0;25;37;25;40;152;52;16;46;17
450.0;24;35;28;42;154;50;18;45;14
456.0;27;34;27;45;148;46;21;48;14
462.0;28;33;23;46;151;42;22;50;15
468.0;29;31;22;46;150;45;22;47;18
474.0;30;30;23;43;151;42;26;44;21
480.0;29;31;23;44;153;42;25;42;21
486.0;31;35;23;45;152;37;27;41;19
492.0;31;35;24;45;151;37;28;40;19
498.0;32;36;19;47;151;37;28;41;19
504.0;33;37;20;47;153;37;27;39;17
510.0;27;40;21;46;155;39;27;38;17
516.0;23;39;23;46;155;38;29;39;18
522.0;23;43;19;46;157;37;25;41;19
528.0;23;43;20;46;158;36;25;42;17
534.0;21;43;20;44;160;36;26;43;17
540.0;20;43;19;43;161;40;27;40;17
546.0;21;44;20;46;161;41;26;36;15
552.0;18;44;21;47;163;42;28;33;14
558.0;17;46;22;49;163;40;27;31;15
564.0;18;48;25;47;162;39;25;28;18
570.0;19;48;27;46;164;39;24;28;15
576.0;23;45;26;47;162;39;25;26;17
582.0;24;45;26;48;163;35;25;26;18
588.0;25;43;26;49;165;36;21;24;21
594.0;29;41;25;50;163;35;21;25;21
600.0;33;41;23;47;164;34;23;27;18
606.0;32;40;21;45;167;34;23;27;21
612.0;28;42;23;45;171;32;24;27;18
618.0;28;41;22;42;172;32;25;29;19
624.0;28;39;23;47;171;30;24;29;19
630.0;29;40;23;46;172;29;23;28;20
636.0;29;38;23;46;173;29;21;29;22
642.0;29;37;22;44;174;28;23;31;22
648.0;30;37;22;42;175;29;24;30;21
654.0;28;37;23;42;176;28;24;32;20
660.0;25;37;24;42;181;28;23;35;15
666.0;26;35;22;42;184;27;23;36;15
672.0;24;37;24;44;183;27;23;35;13
678.0;24;34;26;45;185;28;21;36;11
684.0;22;34;29;45;185;27;20;38;10
690.0;20;32;29;44;188;26;21;39;11
696.0;19;34;27;46;188;28;21;37;10
702.0;16;34;27;46;188;29;21;39;10
708.0;16;34;25;45;188;30;19;39;14
714.0;16;33;25;45;187;31;21;39;13
720.0;14;34;21;44;184;36;22;39;16
726.0;14;36;21;43;185;37;21;38;15
732.0;16;37;19;45;183;38;21;36;15
738.0;17;36;21;43;186;36;19;35;17
744.0;17;38;19;40;186;36;19;37;18
750.0;18;38;19;38;187;36;19;38;17
756.0;21;39;18;40;183;34;19;38;18
762.0;18;38;22;39;186;33;20;37;17
768.0;22;37;25;37;183;37;19;35;15
774.0;23;38;22;37;189;32;18;37;14
780.0;24;37;22;38;188;32;20;39;10
786.0;22;36;19;35;189;35;20;40;14
792.0;22;35;18;34;187;33;21;42;18
798.0;22;37;18;34;187;33;19;42;18
804.0;18;37;19;34;186;36;18;45;17
810.0;16;39;21;33;186;34;18;42;21
816.0;13;40;19;37;185;35;15;43;23
822.0;13;42;17;36;185;34;15;44;24
828.0;13;44;14;35;187;31;20;43;23
834.0;12;48;14;36;186;31;19;42;22
840.0;12;45;18;37;184;32;20;41;21
846.0;14;45;14;35;182;34;20;44;22
852.0;15;44;14;38;181;34;19;42;23
858.0;18;43;15;37;180;38;19;40;20
864.0;19;41;16;36;180;38;17;41;22
870.0;19;41;17;34;184;38;18;35;24
876.0;14;40;19;33;185;40;18;37;24
882.0;13;42;17;36;184;37;17;36;28
888.0;15;39;19;41;182;39;16;32;27
894.0;15;35;22;42;184;42;15;30;25
900.0;14;34;21;41;184;43;18;30;25
906.0;14;35;22;42;183;40;19;31;24
912.0;14;38;17;43;180;40;21;30;27
918.0;16;38;14;38;182;43;20;30;29
924.0;16;39;17;36;179;41;20;32;30
930.0;17;40;14;34;180;41;23;33;28
936.0;18;41;14;33;181;42;21;34;26
942.0;18;42;15;32;181;43;21;32;26
948.0;16;41;19;30;180;41;24;33;26
954.0;15;38;19;28;185;41;25;34;25
960.0;12;38;17;28;188;39;25;37;26
966.0;15;39;17;28;187;40;24;36;24
972.0;12;44;21;28;187;39;22;34;23
978.0;16;44;18;26;189;41;20;33;23
984.0;17;42;17;26;191;40;22;34;21
990.0;17;41;11;29;192;38;23;38;21
996.0;17;40;10;27;192;39;22;41;22
1002.0;14;42;13;28;194;39;19;39;22
1008.0;15;43;12;31;193;39;18;37;22
1014.0;15;43;13;33;190;40;16;37;23
1020.0;16;40;14;35;191;41;16;37;20
1026.0;9;41;17;39;190;38;19;36;21
1032.0;12;40;18;37;192;39;21;33;18
1038.0;15;40;18;37;193;39;20;31;17
1044.0;14;39;19;41;191;39;20;30;17
1050.0;14;45;15;38;192;42;20;28;16
1056.0;14;46;17;39;189;43;20;28;14
1062.0;17;48;16;39;188;43;17;27;15
1068.0;15;48;17;37;188;44;16;27;18
1074.0;14;50;12;37;189;45;15;26;22
1080.0;14;49;11;38;190;44;14;27;23
1086.0;15;46;11;34;192;48;17;27;20
1092.0;17;46;14;35;191;45;17;25;20
1098.0;16;42;13;38;191;45;19;25;21
1104.0;17;43;15;40;189;42;17;26;21
1110.0;19;41;16;45;189;42;15;27;16
1116.0;18;42;14;45;190;41;16;27;17
1122.0;17;43;13;43;189;43;15;29;18
1128.0;19;43;14;43;189;42;14;27;19
1134.0;17;43;15;44;189;41;14;26;21
1140.0;20;43;14;46;187;42;15;27;16
1146.0;18;43;15;47;187;41;14;25;20
1152.0;16;43;15;47;187;39;17;25;21
1158.0;13;41;16;46;186;39;21;23;25
1164.0;15;41;13;42;188;40;20;24;27
1170.0;15;42;12;39;188;43;21;25;25
1176.0;16;41;14;41;188;41;19;26;24
1182.0;12;41;20;38;188;42;16;28;25
1188.0;13;42;20;35;189;45;15;28;23
1194.0;12;41;20;37;186;45;18;28;23
1200.0;10;39;20;34;185;47;17;32;26
1206.0;13;38;20;31;187;44;17;35;25
1212.0;11;39;19;33;188;46;18;30;26
1218.0;12;37;16;36;188;47;18;31;25
1224.0;13;36;14;38;187;50;19;30;23
1230.0;12;33;15;35;189;48;20;34;24
1236.0;14;35;12;34;185;51;19;36;24
1242.0;15;34;11;35;184;51;20;33;27
1248.0;13;34;10;36;184;52;20;30;31
1254.0;11;33;11;34;182;57;22;30;30
1260.0;9;34;10;35;181;56;24;32;29
1266.0;9;35;11;34;180;56;20;40;25
1272.0;11;38;12;35;177;53;22;40;22
1278.0;11;35;14;35;177;51;23;43;21
1284.0;10;30;14;35;181;48;23;43;26
1290.0;10;29;17;32;183;44;25;44;26
1296.0;10;32;15;30;185;42;25;46;25
1302.0;15;34;14;30;184;45;23;43;22
1308.0;14;32;14;30;187;43;25;41;24
1314.0;16;34;17;29;188;40;23;39;24
1320.0;19;33;16;32;186;39;21;40;24
1326.0;20;33;14;33;186;40;17;41;26
1332.0;19;30;19;32;187;40;17;42;24
1338.0;21;33;19;31;185;37;18;43;23
1344.0;24;32;17;33;183;37;16;45;23
1350.0;24;34;15;30;185;41;18;43;20
1356.0;26;31;15;32;188;39;17;44;18
1362.0;21;31;16;33;188;39;17;47;18
1368.0;22;31;15;30;185;41;18;48;20
1374.0;24;30;14;29;186;41;16;48;22
1380.0;26;32;14;28;187;42;17;45;19
1386.0;26;32;12;27;187;41;20;46;19
1392.0;28;35;16;26;184;36;22;44;19
1398.0;29;36;15;26;184;35;21;44;20
1404.0;29;37;14;26;183;37;17;48;19
1410.0;28;35;15;28;184;37;18;45;20
1416.0;29;34;15;29;181;38;18;45;21
1422.0;30;35;13;27;182;38;20;45;20
1428.0;31;33;12;28;183;38;18;47;20
1434.0;29;34;11;28;184;38;20;47;19
1440.0;30;33;13;26;183;37;21;47;20
1446.0;28;32;11;27;182;38;22;48;22
1452.0;29;34;13;24;185;40;20;45;20
1458.0;27;34;15;28;183;39;18;43;23
1464.0;23;35;16;27;186;39;18;44;22
1470.0;24;31;16;27;186;39;18;47;22
1476.0;23;32;16;27;185;42;16;49;20
1482.0;24;30;15;25;187;42;18;50;19
1488.0;23;29;13;27;188;43;18;49;20
1494.0;22;29;13;30;191;39;18;43;25
1500.0;23;31;14;28;192;42;19;37;24
1506.0;24;32;18;31;190;39;20;35;21
1512.0;23;35;17;30;191;38;20;36;20
1518.0;24;36;18;29;192;39;15;37;20
1524.0;22;38;18;31;196;38;13;32;22
1530.0;22;41;19;30;194;35;13;33;23
1536.0;20;36;26;28;193;36;17;31;23
1542.0;19;36;28;27;196;33;16;33;22
1548.0;18;34;28;27;195;36;16;35;21
1554.0;17;36;28;26;195;36;19;34;19
1560.0;17;37;30;26;195;39;14;35;17
1566.0;19;40;29;29;194;38;11;33;17
1572.0;21;39;30;26;196;39;11;33;15
1578.0;21;38;31;26;196;37;13;32;16
1584.0;20;35;29;27;199;38;15;31;16
1590.0;15;37;30;27;201;37;15;30;18
1596.0;18;36;31;27;199;39;15;26;19
1602.0;17;36;31;26;200;41;16;24;19
1608.0;18;34;35;23;202;37;15;24;22
1614.0;18;36;35;27;201;34;14;25;20
1620.0;17;36;32;30;203;34;14;25;19
1626.0;20;35;30;31;202;34;16;25;17
1632.0;21;36;29;34;198;35;17;23;17
1638.0;22;34;29;36;197;34;16;23;19
1644.0;22;37;25;36;196;34;16;25;19
1650.0;21;35;22;36;198;37;18;29;14
1656.0;18;36;20;37;200;39;17;30;13
1662.0;18;38;21;33;200;38;19;29;14
1668.0;18;38;22;36;197;40;17;27;15
1674.0;17;38;20;38;198;38;17;29;15
1680.0;16;37;22;41;198;41;11;29;15
1686.0;15;34;26;39;198;40;13;30;15
1692.0;16;33;23;35;197;41;18;29;18
1698.0;13;34;24;35;200;39;17;31;17
1704.0;16;35;20;38;200;36;19;31;15
1710.0;16;35;20;36;201;36;18;33;15
1716.0;17;34;22;35;203;38;17;28;16
1722.0;18;35;25;35;202;37;15;28;15
1728.0;14;36;24;34;202;39;17;28;16
1734.0;14;34;23;34;203;38;18;29;17
1740.0;13;33;23;36;201;39;18;29;18
1746.0;14;35;21;35;200;40;19;28;18
1752.0;14;37;21;34;200;43;16;26;19
1758.0;14;34;21;33;199;40;19;29;21
1764.0;16;33;19;32;202;45;19;27;17
1770.0;16;34;19;31;203;44;19;26;18
1776.0;16;34;18;31;203;41;23;26;18
1782.0;15;36;19;29;206;37;21;29;18
1788.0;14;36;20;27;208;37;18;31;19
1794.0;15;36;23;28;203;37;18;32;18
