#auto generated file!
12.0;21;17;11;22;17;16;19;22;15
18.0;20;19;13;21;19;15;17;21;15
24.0;18;18;11;23;21;16;19;18;16
30.0;17;19;13;21;21;15;18;20;16
36.0;18;22;13;21;21;15;16;21;13
42.0;14;24;10;23;23;16;17;21;12
48.0;13;23;8;25;27;15;15;22;12
54.0;14;23;10;21;27;15;15;22;13
60.0;13;23;13;19;28;16;13;23;12
66.0;14;22;14;19;28;15;16;22;10
72.0;14;20;16;19;28;17;13;19;14
78.0;13;18;16;21;28;15;14;22;13
84.0;13;19;14;23;28;16;13;23;11
90.0;9;19;14;26;28;14;15;25;10
96.0;7;22;12;26;29;11;17;27;9
102.0;9;22;14;25;29;13;14;26;8
108.0;9;22;13;26;30;14;12;26;8
114.0;10;23;13;25;32;14;10;24;9
120.0;11;21;11;25;32;15;12;24;9
126.0;11;19;11;25;32;17;12;23;10
132.0;13;19;9;23;34;19;12;21;10
138.0;15;18;8;22;33;19;13;22;10
144.0;13;19;10;23;33;17;13;23;9
150.0;14;20;9;23;33;18;12;22;9
156.0;13;18;9;24;32;17;13;23;11
162.0;13;18;9;27;33;18;10;22;10
168.0;14;18;8;28;32;18;10;24;8
174.0;15;17;8;26;32;17;13;25;7
180.0;14;17;7;24;31;17;15;25;10
186.0;15;17;5;25;32;18;13;25;10
192.0;14;15;6;26;34;19;13;24;9
198.0;11;16;4;27;34;19;16;24;9
204.0;11;16;4;28;35;20;15;22;9
210.0;9;16;6;27;36;19;15;23;9
216.0;10;17;5;26;37;20;11;24;10
222.0;10;19;7;24;39;19;11;22;9
228.0;10;19;7;26;39;19;10;23;7
234.0;9;20;6;25;39;23;11;23;4
240.0;8;19;4;24;42;22;11;23;7
246.0;9;19;5;22;42;23;12;22;6
252.0;11;17;7;20;41;22;11;24;7
258.0;10;18;5;20;42;22;12;23;8
264.0;11;17;6;21;42;21;11;22;9
270.0;10;16;5;20;44;22;10;23;10
276.0;12;15;4;19;44;21;9;25;11
282.0;11;17;3;18;44;20;11;25;11
288.0;10;17;3;18;45;20;12;25;10
294.0;11;17;5;18;47;20;11;22;9
300.0;11;15;6;18;47;20;12;22;9
306.0;11;13;6;20;46;22;12;22;8
312.0;11;14;5;19;45;20;13;25;8
318.0;13;15;3;19;47;20;11;23;9
324.0;14;16;4;18;47;19;12;22;8
330.0;12;17;6;15;49;19;13;21;8
336.0;11;17;7;15;49;20;12;22;7
342.0;11;17;7;15;50;21;12;22;5
348.0;11;17;6;14;51;20;12;24;5
354.0;11;14;8;14;50;20;12;24;7
360.0;11;14;9;14;48;22;12;23;7
366.0;13;13;8;15;49;22;13;21;6
372.0;12;12;7;14;51;24;14;21;5
378.0;13;12;6;12;48;27;15;21;6
384.0;12;11;7;12;48;28;14;21;7
390.0;11;10;8;12;48;27;16;21;7
396.0;12;10;9;12;50;24;13;22;8
402.0;11;10;11;12;50;25;12;23;6
408.0;9;12;9;14;51;24;12;23;6
414.0;8;12;9;16;50;24;12;22;7
420.0;9;13;8;17;48;27;12;21;5
426.0;8;13;11;16;48;27;13;19;5
432.0;7;12;13;16;50;25;13;19;5
438.0;7;11;13;16;50;27;13;18;5
444.0;7;11;11;16;50;28;13;18;6
450.0;7;12;11;15;51;30;12;17;5
456.0;8;15;6;14;51;30;13;18;5
462.0;8;17;7;14;51;27;14;18;4
468.0;7;17;9;15;52;26;12;19;3
474.0;8;18;9;15;51;25;12;19;3
480.0;10;17;8;14;53;25;10;19;4
486.0;7;17;8;17;52;22;12;20;5
492.0;6;18;6;17;52;22;13;20;6
498.0;6;19;5;17;53;22;12;20;6
504.0;4;18;6;19;51;21;11;23;7
510.0;3;16;7;19;51;24;11;22;7
516.0;3;18;5;17;53;26;9;22;7
522.0;4;20;5;17;53;23;9;23;6
528.0;4;20;7;18;53;22;9;22;5
534.0;5;20;8;17;52;22;9;21;6
540.0;6;19;11;18;50;21;9;20;6
546.0;6;21;12;15;49;21;9;21;6
552.0;9;19;10;16;50;21;10;19;6
558.0;9;20;11;15;50;20;9;19;7
564.0;10;19;12;14;49;20;9;18;9
570.0;9;18;11;16;51;20;8;19;8
576.0;8;19;11;17;49;20;8;20;8
582.0;8;19;12;16;49;19;9;20;8
588.0;6;18;14;15;50;18;7;21;11
594.0;8;18;13;15;49;17;9;22;9
600.0;9;17;13;14;49;16;10;23;9
606.0;9;16;13;12;53;15;12;21;9
612.0;11;16;12;12;53;16;10;20;10
618.0;10;15;12;13;54;17;10;19;10
624.0;9;15;8;14;55;17;10;18;14
630.0;9;18;8;11;55;15;11;16;17
636.0;8;18;9;11;56;14;12;16;16
642.0;7;18;12;11;57;14;10;16;15
648.0;8;18;9;11;57;16;10;17;14
654.0;9;20;10;12;58;15;9;14;13
660.0;11;20;11;11;57;14;8;14;14
666.0;11;19;12;11;58;12;8;16;13
672.0;12;20;11;12;58;12;7;17;11
678.0;14;20;11;12;59;12;7;16;9
684.0;13;21;9;11;57;12;8;18;11
690.0;16;19;8;10;57;11;8;18;13
696.0;16;19;8;11;58;11;8;20;9
702.0;15;20;9;11;58;10;7;21;9
708.0;16;21;10;10;58;9;6;20;10
714.0;16;19;9;10;59;11;5;21;10
720.0;14;17;11;11;59;11;8;20;9
726.0;13;17;11;12;59;11;7;21;9
732.0;12;18;9;11;60;11;7;22;10
738.0;12;20;7;12;56;12;8;23;10
744.0;14;17;7;13;53;10;9;27;10
750.0;15;16;7;16;54;10;9;25;8
756.0;13;16;5;17;56;11;12;25;5
762.0;10;17;5;17;57;11;12;26;5
768.0;9;16;5;16;59;11;12;27;5
774.0;9;16;6;16;59;13;11;26;4
780.0;8;17;7;17;60;11;12;25;3
786.0;8;17;8;18;60;10;10;25;4
792.0;8;18;8;18;60;10;10;24;4
798.0;8;18;6;19;59;10;10;25;5
804.0;8;17;8;19;58;11;9;24;6
810.0;8;16;7;17;60;12;10;23;7
816.0;7;16;7;17;62;13;9;22;7
822.0;7;15;8;13;62;14;10;23;8
828.0;9;16;8;12;61;15;11;22;6
834.0;10;16;8;12;61;15;11;21;6
840.0;7;16;8;13;61;16;10;21;8
846.0;7;16;8;13;61;18;10;20;7
852.0;6;16;6;12;61;19;11;20;9
858.0;5;16;6;11;63;18;11;20;10
864.0;5;15;5;12;64;18;10;20;11
870.0;6;14;4;12;64;20;9;21;10
876.0;5;14;4;12;66;19;9;22;9
882.0;6;14;3;12;67;19;11;21;7
888.0;6;15;3;11;68;18;9;20;10
894.0;7;15;3;12;68;18;9;19;9
900.0;6;15;3;13;67;19;8;19;10
906.0;5;15;3;15;66;18;9;19;10
912.0;5;13;2;16;66;19;8;21;10
918.0;5;14;4;18;65;18;7;19;10
924.0;4;15;3;18;65;19;8;19;9
930.0;2;17;4;16;65;19;8;18;11
936.0;2;18;3;14;67;16;12;18;10
942.0;4;17;4;14;68;14;11;18;10
948.0;4;17;4;13;68;14;12;18;10
954.0;5;16;6;13;67;16;12;18;7
960.0;5;16;4;15;67;15;14;18;6
966.0;6;16;6;16;66;17;12;17;4
972.0;7;14;9;15;68;19;8;17;3
978.0;8;14;9;13;67;18;9;19;3
984.0;8;14;10;12;66;18;10;18;4
990.0;6;14;10;12;66;16;12;19;5
996.0;6;16;10;11;67;16;11;17;6
1002.0;8;16;11;10;67;15;12;17;4
1008.0;7;17;10;9;67;16;12;18;4
1014.0;6;16;8;11;66;17;14;18;4
1020.0;6;17;6;13;66;16;15;17;4
1026.0;6;17;6;12;68;16;12;16;7
1032.0;5;17;6;12;68;17;12;17;6
1038.0;5;18;6;14;69;16;11;17;4
1044.0;6;20;7;14;68;14;12;15;4
1050.0;6;21;8;14;68;13;8;19;3
1056.0;6;24;7;15;68;13;6;17;4
1062.0;6;22;6;15;67;15;7;17;5
1068.0;6;21;8;13;68;10;8;18;8
1074.0;5;21;10;13;68;9;8;18;8
1080.0;5;21;10;13;69;10;8;16;8
1086.0;5;19;10;13;68;10;9;16;10
1092.0;4;18;10;13;69;11;10;16;9
1098.0;4;19;11;14;70;10;8;17;7
1104.0;4;21;10;15;72;8;7;15;8
1110.0;5;22;8;14;72;8;7;16;8
1116.0;5;21;9;14;72;8;8;14;9
1122.0;5;18;10;14;70;9;8;16;10
1128.0;7;19;11;14;70;9;7;15;8
1134.0;7;20;10;14;70;9;7;16;7
1140.0;5;18;9;14;71;9;7;18;9
1146.0;5;19;8;15;71;10;6;18;8
1152.0;4;18;8;14;73;10;8;17;8
1158.0;4;18;9;13;72;10;10;16;8
1164.0;5;16;9;11;73;9;11;16;10
1170.0;6;16;8;11;74;9;11;15;10
1176.0;8;16;5;12;75;8;9;17;10
1182.0;7;15;5;14;75;10;8;17;9
1188.0;7;15;5;13;75;10;8;18;9
1194.0;7;16;5;12;75;10;7;18;10
1200.0;7;16;4;15;75;12;5;17;9
1206.0;7;16;4;15;75;13;6;16;8
1212.0;7;19;3;15;76;12;4;15;9
1218.0;6;18;6;14;76;12;5;16;7
1224.0;4;19;6;14;78;13;5;15;6
1230.0;4;18;5;14;78;15;5;15;6
1236.0;5;17;4;13;77;17;6;14;7
1242.0;5;16;3;13;78;17;7;14;7
1248.0;6;16;5;12;78;17;7;12;7
1254.0;5;16;5;13;77;17;8;12;7
1260.0;3;12;5;13;76;19;10;13;9
1266.0;5;10;5;14;77;18;10;13;8
1272.0;7;10;4;15;77;19;9;13;6
1278.0;8;11;4;16;75;18;9;14;5
1284.0;7;11;4;19;76;18;6;15;4
1290.0;9;13;3;18;76;19;5;14;3
1296.0;8;13;1;18;75;22;6;13;4
1302.0;8;14;2;17;72;23;7;12;5
1308.0;7;14;5;16;71;23;6;13;5
1314.0;5;16;5;15;72;23;7;13;4
1320.0;4;15;4;15;73;22;10;12;5
1326.0;2;16;6;17;73;21;7;14;4
1332.0;3;16;5;18;74;19;8;14;3
1338.0;3;15;3;19;74;18;9;15;4
1344.0;4;16;4;18;75;16;8;15;4
1350.0;4;16;4;18;75;16;8;15;4
1356.0;6;18;3;17;76;16;8;13;3
1362.0;5;19;4;16;75;16;9;12;4
1368.0;3;18;6;16;75;15;10;13;4
1374.0;5;18;6;15;74;14;11;13;4
1380.0;5;18;5;14;74;15;9;15;5
1386.0;5;18;4;15;72;14;11;17;4
1392.0;5;18;4;14;72;13;12;17;5
1398.0;6;18;4;13;72;12;11;17;7
1404.0;6;18;5;12;74;12;11;16;6
1410.0;7;19;6;11;74;12;8;15;8
1416.0;9;18;6;9;75;10;7;17;9
1422.0;9;16;7;7;75;10;9;18;9
1428.0;12;16;6;7;75;11;9;18;6
1434.0;11;14;7;9;75;10;11;17;6
1440.0;11;14;8;10;76;10;10;16;5
1446.0;11;14;6;8;77;11;11;17;5
1452.0;11;12;4;10;77;12;10;18;6
1458.0;9;14;4;10;77;13;11;17;5
1464.0;11;15;4;10;77;12;11;15;5
1470.0;10;14;3;10;80;12;10;15;6
1476.0;11;14;4;10;80;10;9;16;6
1482.0;13;14;3;12;77;10;9;16;6
1488.0;13;13;4;12;76;11;9;16;6
1494.0;13;14;4;10;75;12;10;15;7
1500.0;15;14;4;11;76;11;11;12;6
1506.0;13;13;5;10;76;11;13;13;6
1512.0;12;14;6;11;75;11;13;13;5
1518.0;12;15;6;11;76;11;11;13;5
1524.0;13;16;4;11;74;11;12;14;5
1530.0;11;17;4;12;74;11;12;13;6
1536.0;10;16;3;12;76;12;11;13;7
1542.0;9;16;3;13;78;11;11;14;5
1548.0;9;17;4;14;80;11;8;13;4
1554.0;7;17;4;14;78;12;9;14;5
1560.0;7;18;4;14;77;14;8;15;3
1566.0;7;18;4;14;73;15;8;16;5
1572.0;9;17;5;15;72;13;8;16;5
1578.0;8;17;7;16;72;14;6;15;5
1584.0;8;15;6;16;74;15;7;15;4
1590.0;9;15;5;15;72;16;8;15;5
1596.0;9;15;4;14;72;17;7;16;6
1602.0;7;12;5;14;72;17;7;18;8
1608.0;7;11;5;11;75;16;9;17;9
1614.0;7;9;5;12;76;16;9;19;7
1620.0;5;9;4;15;75;15;7;23;7
1626.0;6;9;4;15;74;17;7;21;7
1632.0;6;9;4;17;73;15;6;23;7
1638.0;4;10;5;17;73;14;5;24;8
1644.0;4;9;5;17;74;15;5;24;7
1650.0;5;8;5;17;73;17;5;24;6
1656.0;7;9;4;17;73;17;5;23;5
1662.0;7;9;4;16;75;17;5;23;4
1668.0;6;11;4;15;75;17;7;21;4
1674.0;7;11;3;15;75;17;7;20;5
1680.0;6;11;4;16;74;19;7;18;5
1686.0;6;11;6;15;75;19;5;18;5
1692.0;8;12;6;17;76;18;4;15;4
1698.0;9;11;6;18;76;17;4;15;4
1704.0;9;12;5;16;75;17;5;16;5
1710.0;11;13;5;12;76;16;7;17;3
1716.0;11;12;4;11;78;15;7;19;3
1722.0;9;13;4;12;77;15;7;19;4
1728.0;8;15;5;12;77;15;7;19;2
1734.0;8;14;6;12;76;16;6;18;4
1740.0;10;14;7;12;73;15;7;18;4
1746.0;11;13;8;11;72;16;7;18;4
1752.0;10;14;9;12;72;16;5;18;4
1758.0;11;12;7;12;72;16;6;19;5
1764.0;8;12;7;12;72;17;7;19;6
1770.0;8;12;7;11;74;17;6;19;6
1776.0;7;12;7;11;73;17;7;20;6
1782.0;11;11;6;11;72;15;6;20;8
1788.0;11;13;6;10;72;14;7;20;7
1794.0;12;13;6;12;70;13;7;20;7
