#auto generated file!
12.0;34;39;44;47;49;46;53;31;47
18.0;33;39;42;45;53;49;47;31;51
24.0;32;44;39;47;56;52;38;36;46
30.0;33;50;33;46;57;52;37;37;45
36.0;35;50;28;46;60;52;35;37;47
42.0;34;51;28;48;64;52;36;35;42
48.0;35;53;27;48;66;48;34;35;44
54.0;32;47;30;50;70;51;31;38;41
60.0;27;47;32;49;72;55;29;39;40
66.0;27;47;33;50;72;57;30;38;36
72.0;27;48;32;53;73;59;31;37;30
78.0;28;46;32;55;76;58;28;36;31
84.0;28;47;30;55;77;57;27;38;31
90.0;28;50;30;52;79;59;27;38;27
96.0;31;53;29;47;79;58;29;40;24
102.0;35;52;27;48;79;59;27;38;25
108.0;34;51;25;48;81;55;30;41;25
114.0;35;49;26;47;82;54;31;41;25
120.0;35;47;26;49;85;56;28;39;25
126.0;31;46;30;49;85;56;26;41;26
132.0;33;42;27;53;88;55;27;41;24
138.0;32;39;27;53;91;54;28;46;20
144.0;33;39;30;50;94;52;28;45;19
150.0;28;37;30;50;96;55;31;42;21
156.0;26;39;33;50;98;55;26;41;22
162.0;25;41;31;49;102;55;24;40;23
168.0;23;40;30;50;104;54;24;41;24
174.0;21;40;30;52;103;53;22;41;28
180.0;19;40;31;54;104;52;19;42;29
186.0;20;39;29;56;106;52;21;43;24
192.0;20;41;29;54;106;53;19;43;25
198.0;22;40;26;54;106;52;24;42;24
204.0;23;39;27;50;108;52;23;44;24
210.0;20;39;29;48;111;53;24;43;23
216.0;19;36;29;49;115;54;23;44;21
222.0;17;36;29;51;117;52;22;46;20
228.0;15;33;26;55;120;51;25;47;18
234.0;17;33;25;54;120;53;26;44;18
240.0;17;33;25;53;123;52;27;42;18
246.0;16;31;24;54;127;51;26;43;18
252.0;18;32;25;50;125;51;31;44;14
258.0;19;32;25;49;125;52;32;47;9
264.0;18;33;22;52;128;51;28;45;13
270.0;20;35;23;50;127;52;24;45;14
276.0;21;37;23;48;131;51;22;43;14
282.0;20;36;24;49;130;50;25;43;13
288.0;19;39;26;50;134;46;20;42;14
294.0;20;39;26;54;133;46;20;39;13
300.0;18;36;24;53;134;50;24;37;14
306.0;16;36;25;51;134;50;25;38;15
312.0;16;39;26;52;136;48;21;37;15
318.0;16;37;27;47;139;48;22;40;14
324.0;18;37;25;49;141;47;20;38;15
330.0;21;37;24;46;142;46;21;37;16
336.0;20;37;26;46;147;47;18;34;15
342.0;16;40;24;49;145;47;18;36;15
348.0;16;40;24;48;146;44;19;37;16
354.0;14;39;21;47;148;46;19;36;20
360.0;14;38;22;49;149;44;20;36;18
366.0;18;34;20;50;151;44;22;34;17
372.0;18;33;19;50;153;46;21;32;18
378.0;20;34;17;49;156;45;21;31;17
384.0;19;37;16;47;156;46;20;32;17
390.0;23;36;17;45;158;42;19;32;18
396.0;21;32;20;44;161;45;20;32;15
402.0;18;34;19;41;161;44;20;33;20
408.0;18;34;21;42;162;41;18;33;21
414.0;17;33;23;39;161;44;17;34;22
420.0;16;34;18;41;161;45;16;37;22
426.0;16;35;19;43;162;44;16;36;19
432.0;17;33;19;44;162;43;17;37;18
438.0;18;36;20;42;160;44;16;37;17
444.0;18;36;20;45;158;43;17;38;15
450.0;20;38;20;46;159;40;15;36;16
456.0;19;39;21;46;158;39;17;35;16
462.0;20;39;20;43;158;38;18;36;18
468.0;23;38;16;43;157;38;16;37;22
474.0;20;39;14;46;159;41;14;37;20
480.0;16;38;17;45;160;38;21;34;21
486.0;17;40;18;45;161;39;19;32;19
492.0;16;41;17;47;166;38;19;31;15
498.0;18;45;14;46;167;36;16;33;15
504.0;18;46;13;46;168;36;15;32;16
510.0;18;45;15;43;167;39;17;33;13
516.0;18;44;18;41;167;38;19;33;12
522.0;19;46;21;40;163;37;22;31;11
528.0;16;44;27;41;160;35;24;31;12
534.0;16;42;28;42;160;34;25;32;11
540.0;14;39;26;50;164;35;23;28;11
546.0;17;42;25;51;165;33;20;26;11
552.0;18;38;28;47;167;35;21;26;10
558.0;18;39;28;46;166;36;21;26;10
564.0;20;39;27;45;167;37;18;28;9
570.0;23;40;26;39;170;37;17;27;11
576.0;24;39;26;41;171;37;14;27;11
582.0;20;41;27;38;168;39;14;30;13
588.0;19;42;28;35;171;38;16;27;14
594.0;17;40;30;36;168;39;18;29;13
600.0;14;41;26;35;169;38;19;32;16
606.0;14;42;28;37;168;35;20;30;16
612.0;15;43;27;34;169;35;21;28;18
618.0;13;44;26;34;171;34;21;28;19
624.0;15;44;23;31;174;34;21;29;19
630.0;15;44;20;31;173;35;20;31;21
636.0;13;43;21;36;173;31;21;33;19
642.0;12;44;19;38;177;31;20;34;15
648.0;12;41;22;39;175;32;22;32;15
654.0;13;39;23;41;175;31;22;31;15
660.0;14;41;20;40;177;29;21;30;18
666.0;12;44;18;44;175;26;21;32;18
672.0;12;43;21;42;175;30;17;32;18
678.0;14;41;23;37;176;33;13;29;24
684.0;13;43;21;39;176;32;10;32;24
690.0;16;43;21;35;174;31;11;35;24
696.0;14;47;20;37;172;31;11;37;21
702.0;15;47;19;36;169;33;9;38;24
708.0;16;45;18;37;169;32;11;40;22
714.0;14;44;18;37;173;32;9;40;23
720.0;15;43;22;36;173;30;10;39;22
726.0;19;41;21;33;172;31;15;38;20
732.0;19;40;20;36;174;34;12;37;18
738.0;20;39;21;38;174;35;11;35;17
744.0;22;38;23;35;173;33;14;34;18
750.0;24;39;23;35;174;32;13;34;16
756.0;21;37;22;34;174;32;16;35;19
762.0;22;36;20;34;177;32;15;36;18
768.0;24;34;21;31;177;29;16;37;21
774.0;18;36;17;38;176;35;14;37;19
780.0;16;40;18;37;178;36;16;36;13
786.0;16;38;21;37;178;37;15;35;13
792.0;16;38;25;36;179;34;12;34;16
798.0;15;36;25;37;178;36;12;36;15
804.0;18;36;26;37;175;35;12;35;16
810.0;17;36;23;39;178;34;13;35;15
816.0;19;33;19;38;180;34;15;36;16
822.0;17;35;16;39;179;36;14;36;18
828.0;20;36;15;38;179;37;15;33;17
834.0;19;35;14;42;179;37;13;35;16
840.0;16;39;13;43;177;39;11;36;16
846.0;20;37;15;42;175;37;12;37;15
852.0;22;38;16;43;175;34;10;36;16
858.0;19;36;18;42;174;37;11;39;14
864.0;16;36;20;39;172;37;12;40;18
870.0;15;36;19;39;171;37;13;41;19
876.0;18;33;17;40;169;36;16;41;20
882.0;18;32;19;38;169;39;16;40;19
888.0;13;33;21;39;167;41;13;42;21
894.0;12;34;17;39;170;42;12;43;21
900.0;11;34;16;38;175;42;13;41;20
906.0;14;34;16;37;175;41;12;41;20
912.0;14;34;15;38;176;40;11;44;18
918.0;12;33;15;36;179;38;12;46;19
924.0;11;34;13;38;180;36;10;48;20
930.0;12;34;14;37;181;36;9;45;22
936.0;12;40;15;36;180;35;8;46;18
942.0;11;39;16;34;179;39;7;47;18
948.0;12;39;17;34;181;37;9;43;18
954.0;14;40;20;32;180;34;8;45;17
960.0;17;40;20;31;178;33;9;44;18
966.0;17;39;22;32;176;33;11;44;16
972.0;18;40;20;33;176;33;12;40;18
978.0;14;42;22;32;179;32;12;38;19
984.0;13;45;22;33;178;32;14;36;17
990.0;12;44;23;34;177;34;11;34;21
996.0;12;42;22;35;177;34;12;36;20
1002.0;14;45;22;36;173;36;10;35;19
1008.0;15;42;23;32;172;37;12;37;20
1014.0;14;40;21;33;172;37;13;38;22
1020.0;13;43;21;33;172;37;12;37;22
1026.0;11;46;20;36;170;38;11;36;22
1032.0;8;49;19;39;169;39;10;36;21
1038.0;6;49;21;42;169;36;12;35;20
1044.0;6;47;19;44;171;36;12;35;20
1050.0;8;45;20;43;170;36;14;35;19
1056.0;8;46;20;43;169;35;17;35;17
1062.0;11;47;20;43;167;35;17;32;18
1068.0;11;45;19;41;165;38;19;34;18
1074.0;10;43;17;37;166;38;24;37;18
1080.0;13;43;17;34;164;37;24;38;20
1086.0;12;43;18;35;165;37;22;38;20
1092.0;11;47;19;35;163;38;20;38;19
1098.0;14;45;19;33;163;42;17;37;20
1104.0;15;47;21;31;161;40;19;36;20
1110.0;14;45;19;35;162;37;20;38;20
1116.0;15;46;18;36;160;36;18;41;20
1122.0;13;47;20;36;161;38;18;37;20
1128.0;12;48;21;31;163;43;14;38;20
1134.0;16;50;21;34;161;42;12;34;20
1140.0;16;48;21;34;160;44;11;34;22
1146.0;18;47;20;33;160;45;12;34;21
1152.0;20;45;18;34;160;45;14;36;18
1158.0;24;42;20;32;161;45;13;33;20
1164.0;24;42;20;35;160;44;16;33;16
1170.0;24;41;17;31;161;44;19;36;17
1176.0;24;40;19;28;163;42;21;36;17
1182.0;23;38;16;29;166;42;23;37;16
1188.0;25;40;11;31;167;43;20;38;15
1194.0;23;39;13;32;165;42;19;39;18
1200.0;22;39;10;38;166;39;18;41;17
1206.0;20;40;11;39;165;41;17;40;17
1212.0;20;39;15;39;164;40;14;41;18
1218.0;21;38;16;40;165;38;15;41;16
1224.0;19;40;17;44;164;38;16;34;18
1230.0;19;39;16;42;163;42;20;32;17
1236.0;17;41;15;40;162;42;22;33;18
1242.0;20;40;16;39;163;38;21;34;19
1248.0;19;40;20;37;160;40;19;33;22
1254.0;20;38;20;36;160;41;19;33;23
1260.0;16;40;23;35;161;44;19;31;21
1266.0;13;39;21;35;163;46;19;29;25
1272.0;14;39;22;35;162;45;19;29;25
1278.0;15;39;23;31;164;42;24;31;21
1284.0;14;39;24;32;163;43;24;30;21
1290.0;14;39;25;32;163;44;22;32;19
1296.0;12;38;27;32;163;43;23;34;18
1302.0;13;39;28;34;164;40;20;33;19
1308.0;13;40;25;33;167;39;21;34;18
1314.0;16;38;23;33;168;41;19;33;19
1320.0;14;36;27;32;165;42;18;34;22
1326.0;17;36;27;30;166;45;18;33;18
1332.0;18;37;26;29;168;46;19;30;17
1338.0;16;37;24;29;169;45;21;32;17
1344.0;16;39;23;29;168;44;19;33;19
1350.0;17;40;21;28;171;45;20;31;17
1356.0;17;41;20;30;171;43;21;29;18
1362.0;15;39;21;34;171;44;21;29;16
1368.0;16;38;21;35;170;46;20;27;17
1374.0;18;38;20;37;170;41;18;31;17
1380.0;19;38;20;36;173;43;14;30;17
1386.0;18;39;23;34;172;45;14;28;17
1392.0;19;42;22;33;171;43;12;29;19
1398.0;20;41;25;32;173;40;11;28;20
1404.0;17;45;24;32;171;41;10;29;21
1410.0;15;49;24;33;167;40;12;29;21
1416.0;14;50;23;34;167;39;11;29;23
1422.0;14;51;23;35;163;39;12;31;22
1428.0;12;51;22;36;167;40;11;29;22
1434.0;16;49;21;35;166;40;14;28;21
1440.0;15;52;23;33;165;41;12;25;24
1446.0;17;54;22;31;165;39;11;27;24
1452.0;17;54;22;33;165;39;11;27;22
1458.0;18;52;24;34;165;39;12;23;23
1464.0;19;53;24;35;163;40;12;23;21
1470.0;19;51;23;36;161;40;14;24;22
1476.0;18;51;21;40;158;41;18;24;19
1482.0;18;47;21;41;160;46;16;21;20
1488.0;20;45;21;41;164;46;14;21;18
1494.0;22;47;21;42;163;45;14;20;16
1500.0;23;49;20;45;163;43;15;19;13
1506.0;23;48;19;45;164;44;16;19;12
1512.0;23;46;18;45;165;45;11;22;15
1518.0;23;46;17;45;165;45;11;25;13
1524.0;23;47;20;42;164;45;11;24;14
1530.0;28;47;21;38;164;40;16;22;14
1536.0;27;45;21;38;168;37;17;21;16
1542.0;27;40;20;42;166;39;18;22;16
1548.0;26;38;23;42;166;37;17;24;17
1554.0;26;38;20;38;168;40;18;24;18
1560.0;25;41;19;37;173;39;14;26;16
1566.0;25;39;18;37;174;39;14;27;17
1572.0;23;37;21;41;175;42;10;25;16
1578.0;23;39;23;40;173;41;12;25;14
1584.0;23;38;23;42;172;44;11;22;15
1590.0;28;38;20;41;170;46;8;24;15
1596.0;25;39;17;43;170;45;9;27;15
1602.0;26;39;20;40;173;41;10;29;12
1608.0;26;37;18;42;170;44;14;26;13
1614.0;22;37;20;45;170;42;16;26;12
1620.0;23;38;18;45;170;43;15;27;11
1626.0;23;38;17;44;171;45;14;25;13
1632.0;23;34;17;49;172;42;15;26;12
1638.0;23;33;16;50;173;42;15;26;12
1644.0;26;31;16;50;172;41;15;27;12
1650.0;22;33;17;49;173;39;18;27;12
1656.0;22;33;15;49;172;40;20;24;15
1662.0;21;33;15;49;172;42;21;24;13
1668.0;21;35;16;51;170;39;20;24;14
1674.0;22;34;13;50;169;41;20;28;13
1680.0;22;33;13;51;168;39;20;33;11
1686.0;22;31;9;52;169;42;19;35;11
1692.0;26;29;8;49;167;48;20;34;9
1698.0;25;27;8;50;170;46;20;34;10
1704.0;24;26;10;49;170;45;20;37;9
1710.0;25;27;13;47;169;46;20;36;7
1716.0;23;24;14;45;169;44;23;39;9
1722.0;23;24;13;45;171;46;23;37;8
1728.0;24;25;14;45;171;45;25;35;6
1734.0;26;25;16;45;170;46;22;33;7
1740.0;26;24;18;46;172;48;19;31;6
1746.0;27;24;17;45;174;47;18;31;7
1752.0;27;25;16;41;176;47;17;30;11
1758.0;27;25;16;39;179;48;17;28;11
1764.0;23;24;16;38;179;49;17;31;13
1770.0;22;23;16;39;178;49;16;34;13
1776.0;22;24;15;38;178;50;15;36;12
1782.0;18;26;14;38;179;47;16;38;14
1788.0;19;31;15;37;179;46;16;35;12
1794.0;16;28;16;37;180;44;16;38;15
