#auto generated file!
12.0;42;28;24;35;36;32;33;38;22
18.0;37;27;27;36;39;36;28;40;20
24.0;34;27;28;36;39;33;28;41;24
30.0;35;29;29;35;39;32;28;40;23
36.0;37;28;27;35;39;35;25;42;22
42.0;35;29;22;35;42;38;25;42;22
48.0;33;32;20;36;41;43;21;42;22
54.0;32;34;19;34;42;44;21;43;21
60.0;32;34;20;34;43;42;21;43;21
66.0;28;35;21;32;50;42;21;40;21
72.0;27;37;22;28;52;43;21;41;19
78.0;26;39;23;29;55;41;20;38;19
84.0;21;39;25;31;55;39;22;38;20
90.0;22;39;25;30;56;40;20;38;20
96.0;25;41;23;29;57;38;19;38;20
102.0;27;39;25;30;58;37;18;37;19
108.0;29;35;27;29;57;38;18;39;18
114.0;28;29;30;31;57;37;20;41;17
120.0;27;32;28;31;57;38;21;40;16
126.0;26;30;28;32;58;38;21;41;16
132.0;23;29;27;31;61;42;21;42;14
138.0;22;31;26;31;62;41;20;44;13
144.0;22;35;25;32;62;39;22;41;12
150.0;19;36;22;32;65;38;25;40;13
156.0;16;35;21;34;65;40;27;40;12
162.0;15;35;16;36;67;40;26;42;13
168.0;16;37;14;36;67;36;27;41;16
174.0;17;37;13;32;70;36;28;41;16
180.0;15;39;13;34;71;36;25;40;17
186.0;16;37;15;34;72;38;24;40;14
192.0;15;38;16;34;72;38;24;39;14
198.0;11;38;16;33;74;40;25;40;13
204.0;12;40;16;31;76;39;22;41;13
210.0;12;40;16;32;75;39;21;43;12
216.0;13;42;15;32;77;36;16;44;15
222.0;14;43;17;32;76;36;14;44;14
228.0;13;44;16;33;77;36;13;44;14
234.0;13;42;14;32;79;37;15;45;13
240.0;11;44;13;33;81;38;14;44;12
246.0;14;43;14;32;79;37;13;45;13
252.0;13;42;14;32;78;38;14;43;16
258.0;10;45;12;35;79;36;13;44;16
264.0;10;45;12;33;80;38;14;41;17
270.0;12;44;14;32;81;37;16;38;16
276.0;15;44;16;31;80;34;12;40;18
282.0;16;39;19;30;79;34;13;42;18
288.0;14;39;17;29;81;33;12;43;22
294.0;14;40;16;30;82;32;16;41;19
300.0;16;38;15;29;86;33;17;39;17
306.0;14;40;13;31;86;35;14;38;19
312.0;16;38;13;30;86;35;13;39;20
318.0;14;39;16;30;87;30;14;41;19
324.0;13;42;17;32;88;29;12;39;18
330.0;11;39;15;36;92;27;14;38;18
336.0;12;38;15;37;89;30;13;36;20
342.0;12;36;11;37;90;32;13;38;21
348.0;14;36;12;39;91;30;11;36;21
354.0;13;38;13;41;92;30;12;32;19
360.0;13;36;14;41;91;31;16;31;17
366.0;17;36;14;38;91;31;17;30;16
372.0;15;36;12;38;92;29;18;31;19
378.0;14;36;15;38;93;28;19;28;19
384.0;13;35;15;36;94;31;19;27;20
390.0;12;33;15;41;93;30;19;27;20
396.0;12;32;16;36;94;32;20;27;21
402.0;12;32;16;38;93;33;16;29;21
408.0;11;32;16;41;94;33;15;28;20
414.0;9;30;14;38;100;35;14;29;21
420.0;9;28;17;38;98;35;15;27;23
426.0;9;29;17;39;99;36;15;26;20
432.0;10;28;14;40;102;38;16;25;17
438.0;9;27;14;41;102;36;18;26;17
444.0;9;26;12;41;102;37;19;27;17
450.0;9;26;12;39;102;39;20;27;16
456.0;11;24;14;38;101;39;20;28;15
462.0;13;25;12;35;99;40;21;28;17
468.0;13;27;15;37;98;38;18;26;18
474.0;13;28;14;35;99;37;17;28;19
480.0;15;24;15;37;101;35;15;28;20
486.0;15;25;16;36;100;34;14;28;22
492.0;16;25;15;38;101;33;16;26;20
498.0;17;25;15;37;100;33;16;27;20
504.0;17;29;14;35;100;34;14;28;19
510.0;17;30;13;34;101;34;14;27;20
516.0;16;32;13;32;102;33;13;32;17
522.0;16;32;12;31;104;33;15;32;15
528.0;17;32;13;30;105;35;13;28;17
534.0;17;36;12;26;107;38;12;28;14
540.0;17;37;11;26;107;34;15;29;14
546.0;15;34;12;26;108;35;18;29;13
552.0;16;30;13;24;107;36;18;30;16
558.0;17;29;13;27;105;35;17;32;15
564.0;18;30;13;27;109;33;14;30;16
570.0;18;31;11;29;111;32;14;27;17
576.0;15;32;10;31;110;32;15;27;18
582.0;13;37;10;31;110;31;14;27;17
588.0;12;36;11;32;111;31;12;29;16
594.0;13;37;11;29;113;30;14;29;14
600.0;12;38;10;30;112;32;14;27;15
606.0;10;40;10;31;110;28;15;30;16
612.0;10;37;11;29;111;30;16;30;16
618.0;10;38;11;29;112;32;13;29;16
624.0;11;38;10;30;114;29;14;28;16
630.0;10;35;11;31;113;29;16;29;16
636.0;10;37;10;30;113;30;15;29;16
642.0;10;36;12;28;112;31;15;29;17
648.0;10;38;12;29;114;29;14;29;15
654.0;9;37;11;33;115;29;13;30;13
660.0;9;34;14;35;116;27;13;28;14
666.0;9;34;14;36;116;26;12;30;13
672.0;7;33;15;38;116;26;11;32;12
678.0;9;31;15;39;116;25;12;31;12
684.0;9;31;15;37;117;23;11;35;12
690.0;11;28;16;33;117;24;11;39;11
696.0;10;30;15;31;116;24;14;37;13
702.0;8;31;18;30;116;28;11;36;12
708.0;7;30;19;28;116;31;10;34;15
714.0;8;29;18;30;116;32;11;33;13
720.0;8;26;18;30;119;32;12;33;12
726.0;10;23;18;28;120;31;14;33;13
732.0;10;23;18;28;122;33;10;32;14
738.0;10;23;19;27;122;33;9;33;14
744.0;11;23;19;26;122;32;9;34;14
750.0;12;23;20;27;123;32;7;35;11
756.0;10;25;18;27;123;31;9;35;12
762.0;11;26;19;29;124;28;10;32;11
768.0;11;27;18;29;125;27;9;32;12
774.0;11;26;21;28;125;28;9;29;13
780.0;11;27;22;26;125;24;10;30;15
786.0;10;28;22;28;124;25;10;27;16
792.0;9;26;23;31;123;26;10;25;17
798.0;11;28;22;30;124;25;11;23;16
804.0;9;28;20;31;125;28;11;25;13
810.0;9;27;18;32;126;29;11;25;13
816.0;9;27;18;32;125;27;13;27;12
822.0;7;29;15;34;122;27;16;28;12
828.0;8;28;15;32;125;27;14;28;13
834.0;11;26;19;34;125;26;13;26;10
840.0;10;24;20;36;124;27;14;24;11
846.0;11;26;18;34;126;27;15;24;9
852.0;12;29;18;34;125;27;14;23;8
858.0;11;30;16;35;126;26;15;23;8
864.0;11;27;14;33;127;29;14;23;12
870.0;13;27;12;34;126;30;13;23;12
876.0;12;25;12;35;129;30;11;24;12
882.0;12;28;11;36;129;26;10;25;13
888.0;11;28;10;37;129;26;10;25;14
894.0;12;29;9;38;127;26;10;25;14
900.0;11;29;8;40;129;25;11;24;13
906.0;11;30;7;41;130;25;12;22;12
912.0;11;29;7;42;130;24;12;23;12
918.0;12;30;7;42;129;24;12;23;11
924.0;10;30;9;44;130;25;10;21;11
930.0;11;34;9;39;129;26;9;23;10
936.0;12;32;9;35;132;26;8;24;12
942.0;13;32;10;36;130;25;10;24;10
948.0;12;30;10;36;129;27;10;25;11
954.0;11;30;10;38;128;29;11;24;9
960.0;9;32;10;38;128;28;11;25;9
966.0;8;34;10;37;128;28;11;25;9
972.0;9;34;12;33;129;28;11;23;11
978.0;12;33;10;33;128;25;12;24;13
984.0;16;32;12;30;129;24;13;22;12
990.0;16;32;16;33;130;20;12;22;9
996.0;15;32;18;33;129;19;12;24;8
1002.0;16;28;16;33;128;18;14;26;11
1008.0;15;31;13;32;125;19;17;26;12
1014.0;14;31;15;32;127;18;14;28;11
1020.0;14;29;15;33;127;19;13;27;13
1026.0;18;30;13;32;131;19;9;26;12
1032.0;19;33;13;32;131;20;7;25;10
1038.0;19;34;14;32;131;20;7;24;9
1044.0;18;33;15;33;132;19;8;22;10
1050.0;20;32;16;33;130;20;8;22;9
1056.0;21;32;17;34;129;19;8;22;8
1062.0;20;31;19;35;129;20;8;21;7
1068.0;20;31;18;34;128;20;10;21;8
1074.0;20;31;18;36;128;20;10;20;7
1080.0;23;31;14;36;125;21;9;22;9
1086.0;23;30;13;39;126;20;12;18;9
1092.0;23;30;12;36;125;22;12;19;11
1098.0;21;31;10;37;126;22;12;20;11
1104.0;18;31;11;39;127;21;12;19;12
1110.0;19;29;13;36;130;21;9;20;13
1116.0;17;28;14;38;131;22;8;18;14
1122.0;16;28;16;39;131;20;8;20;12
1128.0;16;28;18;38;136;17;7;18;12
1134.0;15;27;15;39;136;19;7;19;13
1140.0;13;28;14;35;137;19;9;22;13
1146.0;12;29;14;36;138;19;6;22;14
1152.0;12;26;15;37;141;20;7;19;13
1158.0;13;25;15;36;141;21;7;19;13
1164.0;13;24;17;38;141;20;8;18;11
1170.0;13;23;19;36;143;20;8;19;9
1176.0;13;22;19;37;141;19;10;20;9
1182.0;15;22;15;38;140;19;11;20;10
1188.0;16;25;13;39;141;18;10;18;10
1194.0;9;26;13;41;141;18;12;20;10
1200.0;5;27;11;42;144;17;14;19;11
1206.0;6;28;10;43;142;16;12;21;12
1212.0;5;28;9;42;143;20;11;21;11
1218.0;5;31;9;39;142;20;11;22;11
1224.0;6;30;9;37;144;19;11;23;11
1230.0;5;29;11;34;144;19;12;20;16
1236.0;6;28;10;38;143;19;12;20;14
1242.0;8;27;12;37;142;16;13;21;14
1248.0;8;27;14;36;141;16;13;25;10
1254.0;8;25;14;36;140;14;14;27;12
1260.0;9;25;15;36;140;15;13;26;11
1266.0;9;26;15;35;141;16;10;27;11
1272.0;8;27;15;36;139;17;11;26;11
1278.0;10;26;13;37;138;17;11;26;12
1284.0;11;26;15;36;138;15;14;23;12
1290.0;9;29;14;38;137;16;12;23;12
1296.0;11;25;15;39;137;15;13;22;13
1302.0;14;23;15;35;136;15;13;23;16
1308.0;14;24;17;35;137;14;12;22;15
1314.0;16;24;16;35;135;14;11;23;16
1320.0;13;24;18;35;135;14;10;23;18
1326.0;11;24;18;32;137;18;11;24;15
1332.0;11;26;19;28;136;19;12;25;14
1338.0;10;24;19;28;136;21;11;27;14
1344.0;10;25;18;28;138;21;11;25;14
1350.0;12;26;18;29;137;20;12;25;11
1356.0;9;24;17;31;137;21;15;25;11
1362.0;8;24;17;32;137;20;16;26;10
1368.0;6;26;18;32;138;20;15;24;11
1374.0;6;25;18;31;136;22;14;24;14
1380.0;6;26;22;31;136;19;12;23;15
1386.0;9;26;21;30;133;17;12;22;20
1392.0;8;26;19;29;134;19;11;24;20
1398.0;8;28;20;28;136;20;10;23;17
1404.0;9;29;19;26;135;21;13;23;15
1410.0;10;28;20;27;135;21;15;21;13
1416.0;12;28;18;29;136;18;16;20;13
1422.0;11;28;15;29;137;17;17;23;13
1428.0;11;26;15;30;139;18;17;22;12
1434.0;12;26;17;27;137;19;16;24;12
1440.0;16;27;16;26;132;21;16;24;12
1446.0;16;27;15;26;132;22;15;25;12
1452.0;17;27;14;27;130;23;15;23;14
1458.0;15;28;14;27;129;24;15;25;13
1464.0;19;26;9;26;130;27;14;26;13
1470.0;20;26;10;27;128;26;17;22;14
1476.0;22;27;10;25;128;27;15;23;13
1482.0;19;25;9;25;131;27;16;25;13
1488.0;19;23;12;27;130;29;16;23;11
1494.0;16;25;13;28;127;29;17;22;13
1500.0;15;26;14;28;128;30;14;22;13
1506.0;17;25;14;27;129;30;14;22;12
1512.0;15;24;16;31;127;29;13;21;14
1518.0;13;25;14;31;128;30;14;20;15
1524.0;14;24;16;32;126;32;13;19;14
1530.0;13;24;13;34;128;29;15;21;13
1536.0;13;26;13;33;128;30;14;19;14
1542.0;14;26;14;30;128;31;13;21;13
1548.0;15;25;15;28;129;32;12;20;14
1554.0;13;25;13;29;130;34;11;20;15
1560.0;16;24;11;32;132;33;10;18;14
1566.0;17;24;12;33;133;34;8;17;12
1572.0;18;24;8;34;134;33;8;18;13
1578.0;19;23;8;34;134;35;8;19;10
1584.0;16;26;7;36;133;37;8;17;10
1590.0;14;24;9;34;134;38;10;16;11
1596.0;16;23;9;32;133;37;11;15;14
1602.0;19;23;10;33;133;35;9;16;12
1608.0;18;21;9;34;132;38;9;17;12
1614.0;17;23;9;34;133;36;7;19;12
1620.0;17;23;8;32;135;35;8;21;11
1626.0;19;21;8;31;134;36;9;21;11
1632.0;19;21;9;31;135;35;8;21;11
1638.0;13;21;10;31;137;35;8;23;12
1644.0;13;24;10;31;138;33;7;21;13
1650.0;13;23;11;29;138;33;9;20;14
1656.0;12;26;10;27;138;32;8;22;15
1662.0;13;24;11;25;140;33;8;22;14
1668.0;14;23;9;26;139;33;9;24;13
1674.0;15;21;9;23;138;34;11;25;14
1680.0;14;21;9;22;139;34;13;25;13
1686.0;15;19;9;24;138;33;13;25;14
1692.0;14;21;10;23;137;32;14;25;14
1698.0;15;22;12;22;135;34;12;26;12
1704.0;15;21;13;23;134;35;12;24;13
1710.0;14;22;10;24;134;38;9;25;14
1716.0;16;22;12;26;133;36;11;24;10
1722.0;17;20;12;24;132;38;12;23;12
1728.0;15;19;12;28;133;35;12;23;13
1734.0;16;19;15;30;132;34;12;20;12
1740.0;18;17;14;30;133;35;10;21;12
1746.0;17;18;13;29;134;38;9;21;11
1752.0;15;16;15;30;134;37;8;21;14
1758.0;18;20;13;29;132;37;7;20;14
1764.0;19;20;9;29;131;38;9;21;14
1770.0;17;22;9;28;132;35;13;22;12
1776.0;21;22;9;30;131;33;11;23;10
1782.0;22;22;10;31;131;32;10;21;11
1788.0;23;24;10;31;130;29;9;22;12
1794.0;23;21;11;33;130;28;9;23;12
