#auto generated file!
12.0;17;23;20;21;29;20;16;18;16
18.0;14;24;20;23;30;23;16;17;13
24.0;10;23;21;20;29;24;18;20;15
30.0;9;24;21;21;30;23;19;21;12
36.0;10;23;21;22;28;24;19;21;12
42.0;12;22;19;21;30;25;17;21;13
48.0;11;22;17;20;31;25;17;23;14
54.0;9;23;18;21;31;22;16;25;15
60.0;7;25;19;17;34;22;16;25;15
66.0;6;25;21;19;33;23;13;24;16
72.0;8;26;18;16;35;22;14;25;16
78.0;7;27;15;17;36;23;15;24;16
84.0;8;28;15;16;37;24;13;26;13
90.0;9;27;14;15;37;27;13;25;13
96.0;9;27;14;17;37;25;13;24;14
102.0;9;29;14;18;38;24;11;23;14
108.0;9;28;15;19;38;23;10;22;16
114.0;10;29;14;20;38;23;11;21;14
120.0;11;27;13;20;40;23;10;21;15
126.0;11;28;12;18;40;22;11;22;16
132.0;12;27;12;17;40;25;9;23;15
138.0;12;27;11;21;41;26;7;21;14
144.0;11;26;12;21;42;25;8;20;15
150.0;13;25;11;23;42;23;10;21;12
156.0;12;24;11;24;42;22;8;24;13
162.0;13;24;12;25;41;22;9;20;14
168.0;15;25;11;26;39;20;11;20;13
174.0;16;23;10;25;37;23;9;21;16
180.0;14;21;11;28;37;24;9;23;13
186.0;15;19;12;27;36;26;9;23;13
192.0;14;21;10;25;37;27;10;23;13
198.0;15;20;11;24;40;27;8;24;11
204.0;15;19;11;23;40;28;8;26;10
210.0;14;21;11;26;40;25;7;26;10
216.0;12;21;11;26;39;25;9;27;10
222.0;11;20;10;26;41;25;8;27;12
228.0;11;19;10;26;42;24;8;26;14
234.0;11;18;11;25;45;25;8;25;12
240.0;11;16;13;25;47;27;5;27;9
246.0;11;17;13;25;48;27;4;26;9
252.0;11;15;14;25;49;26;5;25;10
258.0;12;15;13;25;50;26;5;25;9
264.0;13;14;11;26;50;28;7;23;8
270.0;15;14;8;27;51;27;7;25;6
276.0;15;13;8;27;51;28;7;24;7
282.0;15;12;9;28;53;28;7;22;6
288.0;14;11;12;27;54;25;6;22;9
294.0;14;12;12;24;56;23;9;20;10
300.0;13;12;12;23;59;23;9;19;10
306.0;12;11;12;24;59;23;10;18;11
312.0;12;10;11;25;60;22;10;16;14
318.0;13;11;11;25;58;22;9;17;14
324.0;10;12;10;26;60;23;9;17;13
330.0;10;12;10;27;59;24;8;17;13
336.0;10;12;12;28;59;23;7;17;12
342.0;9;11;11;28;60;22;10;17;12
348.0;8;11;12;29;61;18;14;17;10
354.0;6;12;14;30;61;18;14;15;10
360.0;5;11;14;31;63;17;15;12;12
366.0;4;12;12;31;64;17;15;12;13
372.0;4;12;10;32;64;18;14;13;13
378.0;5;11;9;32;64;19;14;13;13
384.0;5;10;11;32;63;20;15;12;12
390.0;8;9;8;31;63;20;16;14;11
396.0;8;10;9;30;64;19;15;13;12
402.0;8;10;8;32;64;18;14;14;12
408.0;7;12;10;30;64;18;13;15;11
414.0;9;13;7;30;65;17;13;14;12
420.0;9;13;7;28;64;18;13;16;12
426.0;8;11;8;28;63;19;10;16;17
432.0;8;11;8;28;63;19;11;16;16
438.0;7;12;7;27;64;16;14;18;15
444.0;7;13;6;28;64;18;12;18;14
450.0;8;12;6;28;64;17;10;20;15
456.0;6;11;8;28;64;18;9;22;14
462.0;7;11;9;23;64;19;9;22;16
468.0;7;13;9;23;64;17;9;21;17
474.0;8;12;9;23;64;18;10;19;17
480.0;8;13;9;22;64;18;11;18;17
486.0;6;15;8;23;64;20;11;17;16
492.0;7;19;7;21;64;19;10;18;15
498.0;8;15;7;22;64;21;10;18;15
504.0;9;13;7;22;64;21;10;17;17
510.0;11;13;7;23;64;21;10;16;15
516.0;13;13;4;23;65;22;9;17;14
522.0;13;13;4;24;66;22;9;17;12
528.0;15;12;4;22;66;22;9;17;13
534.0;15;15;5;20;68;21;9;18;9
540.0;14;14;5;22;68;23;7;19;8
546.0;13;14;6;20;69;23;7;18;10
552.0;15;14;7;20;68;21;6;19;10
558.0;14;15;7;20;69;21;6;20;8
564.0;14;17;8;22;66;21;6;18;8
570.0;14;16;9;23;67;20;5;17;9
576.0;14;16;9;22;67;19;7;17;9
582.0;14;15;9;22;64;18;7;18;13
588.0;14;16;9;20;65;18;9;18;11
594.0;14;18;12;20;65;15;9;18;9
600.0;11;18;14;21;66;15;9;17;9
606.0;12;17;13;22;67;15;10;16;8
612.0;10;19;12;26;67;15;7;15;9
618.0;9;19;13;26;67;14;6;17;9
624.0;10;16;15;27;66;14;8;16;8
630.0;10;17;13;29;65;13;7;16;10
636.0;11;18;10;28;65;16;7;15;10
642.0;10;16;13;29;61;17;9;15;10
648.0;11;16;14;28;63;16;8;15;9
654.0;11;13;15;28;64;16;7;17;9
660.0;9;13;13;27;65;18;8;18;9
666.0;12;13;11;28;65;19;7;16;9
672.0;13;13;10;28;65;19;7;16;9
678.0;12;16;10;28;66;17;7;16;8
684.0;13;16;9;27;66;16;7;17;9
690.0;12;15;10;29;66;15;8;17;8
696.0;12;15;10;28;66;15;8;17;9
702.0;12;16;9;26;68;15;7;19;8
708.0;13;17;10;26;67;15;6;17;9
714.0;11;18;10;25;67;16;6;17;10
720.0;11;17;10;25;69;17;5;15;11
726.0;13;16;8;25;70;17;5;15;11
732.0;14;16;10;25;69;16;5;14;11
738.0;11;16;12;21;69;16;5;17;13
744.0;9;17;10;21;71;15;5;18;14
750.0;9;18;7;21;74;15;8;16;12
756.0;7;18;9;21;74;15;6;18;12
762.0;8;17;9;20;72;17;8;18;11
768.0;9;18;8;22;71;19;8;15;10
774.0;10;16;8;22;73;17;9;15;10
780.0;8;16;8;22;73;19;9;13;12
786.0;9;19;7;19;71;20;12;14;9
792.0;8;19;8;19;71;19;14;14;8
798.0;7;21;7;21;71;18;12;14;9
804.0;6;20;6;21;71;18;13;15;10
810.0;7;19;7;20;73;17;13;14;10
816.0;8;20;6;22;71;17;12;12;12
822.0;10;19;5;21;71;17;12;13;12
828.0;10;17;5;20;72;18;13;15;10
834.0;10;18;4;21;71;16;12;18;10
840.0;12;19;3;21;72;16;12;16;9
846.0;12;18;5;21;72;16;10;16;10
852.0;11;16;6;21;75;17;9;15;10
858.0;11;14;8;21;77;17;9;14;9
864.0;9;13;6;22;78;16;11;16;9
870.0;9;15;5;23;77;16;9;14;12
876.0;8;14;7;21;77;16;11;14;12
882.0;8;15;6;21;78;18;9;16;9
888.0;8;14;5;21;81;18;10;14;9
894.0;9;13;4;21;82;19;11;13;8
900.0;8;16;4;22;81;19;9;13;8
906.0;7;16;6;21;80;20;11;12;7
912.0;6;16;7;22;78;20;12;12;7
918.0;5;13;7;23;79;20;13;13;7
924.0;8;12;7;19;80;20;14;13;7
930.0;8;11;8;19;81;17;15;13;8
936.0;8;11;8;21;81;14;16;13;8
942.0;10;10;5;21;81;16;16;13;8
948.0;11;11;4;21;81;16;16;13;7
954.0;11;11;5;22;80;15;16;13;7
960.0;8;10;6;22;82;16;15;12;9
966.0;12;8;6;21;82;16;16;14;5
972.0;13;10;4;22;82;17;12;16;4
978.0;13;10;4;24;81;18;10;17;3
984.0;13;11;5;26;81;18;7;16;3
990.0;13;11;5;26;81;18;7;16;3
996.0;13;12;4;26;80;20;7;15;3
1002.0;11;14;4;27;78;19;8;14;5
1008.0;12;15;3;27;78;19;7;13;6
1014.0;12;15;3;28;77;17;10;13;5
1020.0;13;17;2;28;76;17;9;12;6
1026.0;14;17;3;26;77;16;9;12;6
1032.0;11;18;4;26;77;16;10;11;7
1038.0;11;16;5;26;78;16;9;11;8
1044.0;12;16;5;28;80;16;8;9;6
1050.0;11;15;4;27;82;16;9;9;7
1056.0;10;16;5;26;81;16;9;9;8
1062.0;8;16;7;25;81;16;9;8;10
1068.0;9;16;7;25;80;17;7;9;10
1074.0;9;14;8;23;80;20;8;10;8
1080.0;9;14;10;23;81;19;8;10;6
1086.0;10;14;8;21;82;22;9;9;5
1092.0;10;13;7;22;80;23;9;10;6
1098.0;11;12;9;20;79;26;8;8;7
1104.0;9;12;9;21;78;25;7;9;10
1110.0;8;13;9;21;79;23;8;10;9
1116.0;7;12;9;21;80;23;8;12;8
1122.0;7;12;11;22;79;22;8;13;6
1128.0;8;12;11;22;79;22;8;12;6
1134.0;7;13;13;19;81;22;7;13;5
1140.0;9;13;14;17;82;22;7;11;5
1146.0;8;16;14;16;81;20;9;11;5
1152.0;8;16;14;17;81;19;7;11;7
1158.0;8;17;12;17;82;18;7;11;8
1164.0;7;18;12;16;82;19;6;11;9
1170.0;5;20;14;14;82;19;9;8;9
1176.0;5;19;14;12;84;20;10;7;9
1182.0;7;19;14;10;84;21;11;6;8
1188.0;6;19;15;9;84;21;11;6;9
1194.0;6;21;12;11;84;20;10;8;8
1200.0;6;22;11;12;82;20;10;10;7
1206.0;6;21;10;12;84;19;10;10;8
1212.0;6;21;9;11;84;20;10;10;9
1218.0;4;21;9;12;85;19;10;11;9
1224.0;4;19;10;14;84;19;10;11;9
1230.0;5;18;10;14;85;18;10;10;10
1236.0;6;15;10;15;84;20;10;10;10
1242.0;8;16;9;16;84;17;10;10;10
1248.0;10;15;11;16;82;16;9;11;10
1254.0;11;16;9;20;81;15;10;10;8
1260.0;10;18;10;18;81;16;9;9;9
1266.0;9;18;10;18;81;16;9;9;10
1272.0;9;17;10;19;80;16;9;8;12
1278.0;8;16;10;19;78;19;9;8;13
1284.0;8;17;9;17;78;19;10;8;14
1290.0;8;17;9;17;78;18;7;9;17
1296.0;8;17;9;16;79;18;7;10;16
1302.0;8;18;7;18;80;19;5;9;16
1308.0;7;18;8;18;79;19;6;9;16
1314.0;7;17;9;18;79;20;7;10;13
1320.0;7;20;8;18;77;21;8;10;11
1326.0;7;21;5;19;78;21;8;11;10
1332.0;7;23;5;18;79;21;6;11;10
1338.0;7;23;4;18;79;21;6;11;11
1344.0;6;25;5;18;77;21;6;11;11
1350.0;8;25;5;17;78;20;5;10;12
1356.0;6;25;5;16;80;19;4;10;15
1362.0;6;26;4;15;80;19;4;11;15
1368.0;5;24;4;16;81;21;5;10;14
1374.0;6;22;2;16;83;22;3;11;15
1380.0;5;23;2;17;81;23;3;11;15
1386.0;6;24;2;16;81;25;3;10;13
1392.0;6;24;4;15;80;23;5;9;14
1398.0;7;25;2;15;79;24;7;9;12
1404.0;7;26;4;14;77;25;7;8;12
1410.0;7;25;6;16;76;24;7;8;11
1416.0;10;25;6;16;75;23;6;7;12
1422.0;9;25;6;16;75;23;6;8;12
1428.0;9;26;6;17;74;23;5;9;11
1434.0;8;26;6;17;74;23;5;9;12
1440.0;8;24;7;17;73;23;5;12;11
1446.0;9;25;7;17;72;25;5;11;9
1452.0;9;24;6;16;70;28;5;13;9
1458.0;10;22;6;18;70;28;4;14;8
1464.0;10;21;8;19;71;29;3;14;5
1470.0;11;21;6;21;70;28;3;14;6
1476.0;10;21;6;21;69;28;3;14;8
1482.0;11;21;8;21;69;24;2;15;9
1488.0;11;22;5;23;70;24;3;15;7
1494.0;10;21;4;24;70;24;3;16;8
1500.0;8;22;4;24;70;23;3;18;8
1506.0;8;22;4;24;68;23;3;20;8
1512.0;8;21;6;22;68;22;4;21;8
1518.0;10;19;6;21;69;22;4;21;8
1524.0;11;19;4;20;70;21;5;22;8
1530.0;12;18;4;21;70;20;4;23;8
1536.0;13;17;7;20;70;19;5;20;9
1542.0;13;17;8;21;70;18;5;20;8
1548.0;11;18;8;20;71;17;7;19;9
1554.0;10;21;8;20;70;16;10;19;6
1560.0;12;19;7;22;70;13;10;19;8
1566.0;12;18;8;23;70;11;9;20;9
1572.0;10;18;9;23;69;11;11;20;9
1578.0;12;18;8;23;71;15;9;18;6
1584.0;11;17;8;22;72;16;10;18;6
1590.0;10;16;8;23;72;15;11;19;6
1596.0;9;16;8;22;73;17;9;19;7
1602.0;10;13;9;21;77;15;10;18;7
1608.0;11;15;8;23;76;15;9;18;5
1614.0;10;15;8;22;77;15;10;18;5
1620.0;10;15;8;22;78;17;7;18;5
1626.0;11;15;7;24;75;17;7;19;5
1632.0;10;15;6;24;75;18;8;19;5
1638.0;11;16;7;23;75;20;6;19;3
1644.0;11;15;8;21;76;20;7;18;4
1650.0;10;15;7;22;76;19;7;18;6
1656.0;9;16;7;24;76;19;7;16;6
1662.0;9;18;7;23;77;18;5;16;7
1668.0;9;17;7;24;79;17;3;18;6
1674.0;8;17;7;24;80;18;3;17;6
1680.0;10;15;9;27;80;17;2;15;5
1686.0;10;15;8;27;82;17;2;15;4
1692.0;10;15;7;29;83;18;1;13;4
1698.0;9;18;7;28;83;19;1;11;4
1704.0;9;17;7;26;81;23;1;13;3
1710.0;9;19;8;24;81;22;0;14;3
1716.0;10;20;9;22;79;21;1;14;4
1722.0;9;19;11;23;78;21;2;13;4
1728.0;8;19;13;21;78;21;1;13;6
1734.0;7;19;12;21;78;22;2;13;6
1740.0;7;19;9;20;78;22;4;13;8
1746.0;9;18;10;19;77;20;5;14;8
1752.0;10;18;11;18;77;22;5;13;6
1758.0;8;16;11;17;78;23;5;14;8
1764.0;7;15;12;17;78;23;4;16;8
1770.0;7;15;12;17;77;25;4;16;7
1776.0;6;16;11;15;78;25;2;19;8
1782.0;6;15;7;15;80;27;3;19;8
1788.0;5;14;7;14;80;27;6;19;8
1794.0;5;14;8;15;79;25;7;20;7
