#auto generated file!
12.0;17;24;29;21;17;25;17;17;23
18.0;16;23;28;20;18;25;17;17;26
24.0;19;23;24;20;18;24;18;19;25
30.0;19;23;25;20;20;26;17;18;22
36.0;17;23;23;21;22;28;17;18;21
42.0;16;22;21;22;20;30;18;20;21
48.0;15;22;17;22;21;31;17;21;24
54.0;13;22;14;22;24;31;16;22;26
60.0;14;22;18;21;26;30;14;22;23
66.0;13;21;19;20;26;31;17;22;21
72.0;12;23;18;18;25;31;21;19;23
78.0;14;23;18;18;24;30;23;17;23
84.0;13;21;17;17;27;31;25;17;22
90.0;13;21;16;17;28;29;25;18;23
96.0;10;22;16;21;28;30;20;20;23
102.0;10;22;15;22;29;30;19;22;21
108.0;11;24;15;21;29;29;18;22;21
114.0;13;25;15;22;30;30;15;22;18
120.0;14;22;16;24;33;30;13;21;17
126.0;12;22;16;27;35;30;11;22;15
132.0;13;21;16;27;39;29;10;20;15
138.0;13;21;15;25;40;28;11;22;15
144.0;12;21;12;24;41;27;14;24;15
150.0;15;19;15;23;42;25;13;25;13
156.0;15;20;16;23;41;24;13;24;14
162.0;13;20;19;24;40;25;14;22;13
168.0;12;20;18;23;40;24;15;22;16
174.0;12;19;17;24;41;25;13;20;19
180.0;11;21;17;26;41;23;11;22;18
186.0;11;22;18;26;44;23;8;21;17
192.0;10;23;16;25;46;21;11;22;16
198.0;10;21;16;26;45;22;10;24;16
204.0;11;23;16;25;45;22;10;23;15
210.0;12;22;15;23;45;23;11;25;14
216.0;13;21;18;24;48;23;9;21;13
222.0;13;23;19;23;46;23;10;19;14
228.0;13;25;15;24;48;24;9;22;10
234.0;13;24;14;24;51;25;9;21;9
240.0;13;24;16;23;51;24;9;20;10
246.0;12;24;15;24;52;23;10;20;10
252.0;12;23;14;23;54;24;10;20;10
258.0;11;23;13;22;56;25;9;20;11
264.0;11;21;14;21;57;25;9;20;12
270.0;11;20;13;22;56;25;10;22;11
276.0;12;20;12;22;56;26;10;21;11
282.0;10;20;12;22;57;25;11;23;10
288.0;9;18;11;23;58;24;12;23;12
294.0;8;18;11;22;60;24;12;24;11
300.0;9;19;12;22;60;22;13;26;7
306.0;9;19;11;21;60;22;13;27;8
312.0;9;19;12;21;60;23;12;27;7
318.0;8;20;11;24;60;25;11;24;7
324.0;8;21;10;26;61;26;10;20;8
330.0;10;23;10;23;60;24;9;22;9
336.0;8;23;11;21;59;24;10;23;11
342.0;10;23;8;22;57;23;11;23;13
348.0;8;23;8;21;57;24;13;24;12
354.0;8;23;9;21;58;22;15;23;11
360.0;9;21;9;23;59;22;15;22;10
366.0;10;21;9;22;62;20;12;22;12
372.0;8;21;10;21;62;21;11;22;14
378.0;10;23;9;21;61;20;10;22;14
384.0;9;24;9;20;61;22;10;20;15
390.0;9;26;9;19;60;22;10;22;13
396.0;9;25;7;19;61;22;13;21;13
402.0;8;26;6;20;59;24;11;22;14
408.0;8;24;7;22;59;23;13;21;13
414.0;9;24;7;20;59;21;12;23;15
420.0;10;25;7;20;59;22;10;24;13
426.0;9;25;8;20;58;24;11;21;14
432.0;8;25;11;19;59;22;11;22;13
438.0;10;24;12;16;62;23;7;22;14
444.0;9;24;11;16;63;24;7;23;13
450.0;8;26;9;16;62;25;9;23;12
456.0;7;24;9;17;62;25;10;25;11
462.0;7;23;7;18;61;25;11;26;12
468.0;11;19;8;18;61;25;9;27;12
474.0;9;21;7;18;63;24;9;25;14
480.0;8;22;9;18;65;22;7;25;14
486.0;8;23;10;19;65;21;7;24;13
492.0;7;22;10;21;66;22;7;24;11
498.0;8;21;9;22;67;20;8;24;11
504.0;8;19;8;23;66;24;10;22;10
510.0;9;21;6;22;66;25;9;22;10
516.0;8;21;4;23;69;24;10;22;9
522.0;9;20;5;22;69;24;9;22;10
528.0;10;19;6;21;70;24;9;22;9
534.0;10;18;5;21;70;24;9;24;9
540.0;9;17;7;22;70;23;8;24;10
546.0;8;18;6;23;69;25;9;22;10
552.0;7;18;7;20;70;25;9;21;13
558.0;7;17;8;19;71;26;8;22;12
564.0;8;17;9;20;70;25;8;22;11
570.0;8;18;7;22;70;24;7;23;11
576.0;8;16;8;21;70;23;10;22;12
582.0;7;16;9;19;70;21;11;23;14
588.0;9;15;10;18;70;21;11;23;13
594.0;8;15;9;17;70;22;12;25;12
600.0;5;14;8;18;72;21;16;24;12
606.0;7;16;8;19;70;20;15;23;12
612.0;8;16;9;21;70;21;14;22;9
618.0;9;15;9;19;71;20;14;22;11
624.0;9;16;9;20;73;19;11;20;13
630.0;9;16;8;21;72;22;12;20;10
636.0;8;18;8;20;72;22;13;19;10
642.0;7;18;7;21;72;23;13;19;10
648.0;8;16;7;21;72;24;13;19;10
654.0;8;17;8;20;76;25;10;17;9
660.0;10;17;9;20;75;24;11;17;7
666.0;10;18;9;20;73;25;12;17;6
672.0;10;18;8;20;74;24;13;18;5
678.0;10;21;9;21;73;24;10;17;5
684.0;10;20;10;22;73;22;11;17;5
690.0;9;20;12;20;74;21;14;14;6
696.0;8;23;9;18;74;21;15;16;6
702.0;8;22;11;18;73;22;14;14;8
708.0;6;23;10;19;72;21;14;14;11
714.0;6;24;8;19;71;21;14;15;12
720.0;6;23;9;20;71;20;15;15;11
726.0;6;22;10;21;71;20;13;18;9
732.0;5;22;11;20;75;21;12;16;8
738.0;6;22;11;20;75;21;11;16;8
744.0;8;22;8;19;77;21;11;16;8
750.0;8;21;10;19;77;20;11;17;7
756.0;8;19;11;20;78;17;11;17;9
762.0;8;20;9;22;80;17;12;14;8
768.0;6;21;8;24;80;18;10;16;7
774.0;6;21;10;23;79;20;9;15;7
780.0;7;24;8;21;80;19;9;13;9
786.0;8;21;7;23;84;20;7;13;7
792.0;10;22;6;23;83;20;7;13;6
798.0;12;17;7;25;82;16;10;14;7
804.0;12;16;7;23;82;19;9;15;7
810.0;13;16;6;23;83;18;8;16;7
816.0;10;16;6;23;86;17;8;16;8
822.0;9;14;7;22;87;18;8;16;9
828.0;8;13;9;22;87;19;6;16;10
834.0;9;13;8;23;85;16;9;17;10
840.0;9;13;7;24;85;17;9;16;10
846.0;8;14;7;23;86;17;9;16;10
852.0;9;15;5;23;87;17;9;16;9
858.0;9;16;6;23;88;17;10;15;6
864.0;7;15;7;25;90;17;9;15;5
870.0;8;15;7;25;91;18;8;14;4
876.0;6;16;8;24;89;19;7;16;5
882.0;6;15;9;21;88;21;9;16;5
888.0;6;15;9;20;87;22;9;16;6
894.0;5;17;7;19;89;21;10;16;6
900.0;5;16;7;20;89;21;9;17;6
906.0;5;17;9;18;90;20;8;18;5
912.0;4;17;11;17;89;22;8;16;6
918.0;4;17;11;18;87;21;8;18;6
924.0;4;17;11;18;86;21;8;18;7
930.0;5;16;13;17;86;21;7;17;8
936.0;6;17;12;17;84;22;6;15;11
942.0;6;16;12;18;85;21;7;15;10
948.0;7;15;14;16;84;21;7;16;10
954.0;3;16;14;16;85;23;7;17;9
960.0;4;17;15;14;85;22;6;17;10
966.0;4;16;15;14;84;24;5;17;11
972.0;4;17;14;17;84;20;6;17;11
978.0;3;17;14;16;85;20;7;15;13
984.0;4;18;14;16;83;22;6;18;9
990.0;4;17;14;15;83;21;8;18;10
996.0;4;17;13;15;83;22;9;17;10
1002.0;4;18;13;17;84;21;9;17;7
1008.0;5;18;11;18;85;20;9;18;6
1014.0;7;15;13;15;87;22;9;17;5
1020.0;7;14;13;15;86;24;8;18;5
1026.0;7;14;14;14;86;25;6;19;5
1032.0;6;14;15;13;86;25;8;18;5
1038.0;3;13;17;13;84;24;10;21;5
1044.0;5;14;17;10;84;24;9;20;7
1050.0;5;18;16;10;82;25;7;20;7
1056.0;4;16;15;13;82;25;8;21;6
1062.0;5;15;17;14;81;25;7;19;7
1068.0;6;17;17;13;81;25;6;17;8
1074.0;6;19;17;12;82;25;6;17;6
1080.0;7;18;16;12;84;25;6;17;5
1086.0;6;17;14;12;84;25;6;19;7
1092.0;6;16;15;14;86;26;6;17;4
1098.0;9;14;14;16;85;24;7;16;5
1104.0;11;12;12;17;86;25;7;15;5
1110.0;11;13;10;18;89;24;5;14;6
1116.0;12;13;7;18;88;26;3;17;6
1122.0;13;13;9;16;88;24;2;18;7
1128.0;13;12;7;18;88;24;5;18;5
1134.0;13;12;6;18;87;22;6;20;6
1140.0;15;13;7;18;87;22;6;18;4
1146.0;12;12;7;19;90;22;5;19;4
1152.0;12;11;6;20;92;21;5;19;4
1158.0;11;11;10;19;92;22;3;18;4
1164.0;9;14;9;19;93;21;3;18;4
1170.0;9;13;10;19;95;21;3;16;4
1176.0;9;14;11;18;94;19;6;14;5
1182.0;8;13;13;18;93;20;7;16;2
1188.0;7;12;13;15;93;20;8;18;4
1194.0;8;13;12;15;91;22;8;17;4
1200.0;6;15;12;16;92;21;8;16;4
1206.0;7;12;9;17;91;24;10;16;4
1212.0;8;10;12;17;90;25;10;14;4
1218.0;7;10;13;17;89;25;11;14;4
1224.0;8;11;11;19;89;25;10;12;5
1230.0;10;12;12;17;89;25;10;10;5
1236.0;7;11;11;15;92;25;10;11;8
1242.0;7;12;12;16;93;23;8;11;8
1248.0;8;16;11;17;93;20;6;11;8
1254.0;8;16;9;16;93;21;6;12;9
1260.0;8;16;9;17;92;21;7;11;9
1266.0;9;14;10;16;93;20;7;12;9
1272.0;9;13;10;17;91;22;9;12;7
1278.0;10;14;9;17;91;23;7;11;8
1284.0;9;15;8;18;90;21;8;13;8
1290.0;12;17;6;19;89;18;6;15;8
1296.0;11;19;7;20;87;17;7;14;8
1302.0;11;19;9;19;85;17;6;14;10
1308.0;13;20;10;17;84;18;7;11;10
1314.0;14;18;11;15;86;18;10;11;7
1320.0;17;20;10;14;86;17;8;11;7
1326.0;14;22;10;13;86;17;8;11;9
1332.0;12;23;8;14;85;16;10;11;11
1338.0;12;23;12;13;86;16;10;10;8
1344.0;14;24;11;14;84;15;10;10;8
1350.0;13;25;11;13;84;16;10;11;7
1356.0;13;26;11;13;83;16;9;12;7
1362.0;13;26;10;14;82;16;10;12;7
1368.0;10;24;11;14;83;17;9;12;10
1374.0;11;24;11;13;84;16;9;11;11
1380.0;11;23;11;14;84;16;8;12;11
1386.0;8;22;11;14;87;17;8;14;9
1392.0;7;22;10;14;88;18;7;13;11
1398.0;8;22;11;13;87;17;8;13;11
1404.0;8;23;9;13;88;17;8;13;11
1410.0;9;24;9;15;89;14;6;12;12
1416.0;7;28;8;15;88;14;6;12;12
1422.0;8;27;6;15;88;13;7;12;14
1428.0;8;25;6;14;89;14;7;11;16
1434.0;5;27;6;15;88;14;7;12;16
1440.0;7;29;6;15;87;13;6;13;14
1446.0;5;28;9;16;86;12;8;13;13
1452.0;6;26;8;15;83;14;12;14;12
1458.0;6;28;8;17;82;15;9;14;11
1464.0;7;28;8;17;82;15;10;14;9
1470.0;9;28;9;17;84;14;7;14;8
1476.0;9;28;8;16;84;14;7;16;8
1482.0;9;27;8;15;84;16;9;14;8
1488.0;7;27;9;13;84;17;8;14;11
1494.0;8;27;9;13;83;18;8;14;10
1500.0;7;26;8;14;83;18;8;15;11
1506.0;6;26;9;17;82;16;7;16;11
1512.0;8;25;9;16;83;15;7;15;12
1518.0;10;25;8;16;85;12;8;15;11
1524.0;9;25;8;16;83;15;7;16;11
1530.0;11;25;8;15;82;13;7;16;13
1536.0;12;25;7;14;81;14;9;16;12
1542.0;12;25;7;13;80;15;10;16;12
1548.0;12;25;5;12;81;15;10;18;12
1554.0;9;25;4;12;80;16;11;21;12
1560.0;9;24;5;13;80;15;12;19;13
1566.0;9;25;4;13;80;15;13;19;12
1572.0;10;28;3;10;77;17;14;20;11
1578.0;8;28;3;10;79;18;14;20;10
1584.0;10;29;2;11;80;19;13;16;10
1590.0;9;27;6;10;83;17;11;15;12
1596.0;10;24;8;11;83;18;11;13;12
1602.0;10;22;8;11;82;18;11;14;14
1608.0;10;22;7;13;82;20;10;12;14
1614.0;12;23;8;14;83;20;9;10;11
1620.0;10;21;7;18;84;18;11;12;9
1626.0;9;21;7;22;80;20;11;13;7
1632.0;7;21;10;22;80;22;11;10;7
1638.0;7;21;10;22;80;23;12;8;7
1644.0;6;24;9;20;81;24;11;9;6
1650.0;5;23;11;20;81;25;10;9;6
1656.0;5;22;9;21;83;24;10;10;6
1662.0;6;23;8;20;84;27;7;9;6
1668.0;6;23;9;20;83;26;7;11;5
1674.0;4;23;11;21;85;22;8;11;5
1680.0;6;22;10;20;85;22;9;11;5
1686.0;6;21;11;20;85;23;9;11;4
1692.0;5;20;11;20;86;24;9;11;4
1698.0;6;19;9;22;85;23;8;14;4
1704.0;5;17;9;23;87;23;8;13;5
1710.0;2;17;9;24;87;23;10;13;5
1716.0;2;18;10;24;86;23;9;13;5
1722.0;3;18;10;23;86;24;9;14;3
1728.0;5;18;10;24;85;21;9;14;4
1734.0;7;17;9;27;84;21;7;13;5
1740.0;7;17;9;27;84;20;8;13;5
1746.0;6;17;8;25;84;19;9;15;7
1752.0;5;17;7;25;84;21;9;16;6
1758.0;5;16;8;27;82;20;9;15;8
1764.0;2;16;8;28;81;22;10;15;8
1770.0;4;16;7;26;81;23;11;15;7
1776.0;6;15;8;25;80;23;12;14;7
1782.0;4;13;9;24;82;23;11;15;9
1788.0;4;14;10;23;81;23;11;15;9
1794.0;4;14;9;22;80;23;11;17;10
