#auto generated file!
12.0;48;42;39;45;49;43;42;43;39
18.0;47;41;38;48;54;43;39;42;38
24.0;45;42;38;45;57;43;39;42;39
30.0;44;44;35;46;60;42;40;39;40
36.0;41;45;33;46;65;42;39;42;37
42.0;42;43;32;45;68;43;42;40;35
48.0;41;44;31;46;70;46;38;40;34
54.0;39;46;28;49;71;44;39;44;30
60.0;39;45;29;48;71;46;38;44;30
66.0;32;43;29;49;74;46;40;44;33
72.0;32;44;29;51;77;45;35;44;33
78.0;31;44;30;47;78;48;32;47;33
84.0;30;49;31;43;81;43;30;50;33
90.0;26;47;30;44;83;42;32;54;32
96.0;24;48;29;46;83;41;35;52;32
102.0;22;45;26;46;86;46;38;52;29
108.0;24;46;24;48;88;46;35;52;27
114.0;27;46;23;45;90;46;29;55;29
120.0;27;47;26;41;91;45;31;53;29
126.0;23;51;26;42;93;45;32;52;26
132.0;23;52;25;42;94;46;28;52;28
138.0;23;52;27;44;97;45;26;46;30
144.0;23;55;28;43;96;45;26;44;30
150.0;24;58;24;44;98;46;27;42;27
156.0;22;60;25;45;98;44;27;42;27
162.0;25;61;24;43;100;45;26;38;28
168.0;23;60;22;44;104;46;24;37;30
174.0;22;58;24;42;104;47;26;38;29
180.0;23;56;21;42;107;47;26;40;28
186.0;23;54;21;42;108;47;24;41;30
192.0;24;52;24;43;111;48;24;42;22
198.0;24;52;25;42;112;47;23;41;24
204.0;28;53;27;40;114;44;21;38;25
210.0;26;54;26;40;115;44;19;41;25
216.0;26;54;23;40;115;44;21;43;24
222.0;24;56;25;36;117;45;17;46;24
228.0;25;60;23;37;114;43;14;45;29
234.0;26;59;23;37;116;43;14;41;31
240.0;24;58;25;37;116;41;16;43;30
246.0;25;58;22;38;116;41;17;45;28
252.0;26;56;19;32;120;46;20;47;24
258.0;27;60;20;32;122;41;20;43;25
264.0;26;59;17;33;124;40;23;43;25
270.0;27;59;19;32;126;39;20;43;25
276.0;24;58;21;31;129;42;18;44;23
282.0;24;56;20;33;134;42;19;42;20
288.0;23;53;20;32;137;40;22;41;22
294.0;25;48;18;30;137;42;23;43;24
300.0;25;49;19;32;135;41;22;42;25
306.0;25;50;17;33;135;44;22;42;22
312.0;25;51;19;33;136;44;22;41;19
318.0;23;50;18;32;138;44;24;39;22
324.0;23;49;18;34;137;43;24;38;24
330.0;19;46;19;37;135;43;26;39;26
336.0;17;46;20;38;139;43;24;38;25
342.0;14;50;19;42;141;43;22;36;23
348.0;14;49;22;42;142;44;21;34;22
354.0;12;48;23;43;142;45;22;33;22
360.0;14;48;21;45;146;45;17;34;20
366.0;17;48;17;45;151;42;18;33;19
372.0;16;48;15;47;152;42;17;36;17
378.0;17;48;14;49;151;40;15;39;17
384.0;17;46;16;50;154;40;16;37;14
390.0;16;45;15;51;152;41;15;38;17
396.0;17;45;14;50;152;40;16;38;18
402.0;15;45;17;52;154;41;17;33;16
408.0;15;45;21;49;154;40;16;32;18
414.0;14;44;20;48;156;41;18;31;18
420.0;14;47;19;47;157;42;18;32;14
426.0;13;44;16;49;160;43;21;32;12
432.0;13;43;14;49;160;43;20;35;13
438.0;15;41;15;50;160;42;18;34;15
444.0;14;39;17;51;163;42;16;33;15
450.0;15;40;16;51;161;41;18;31;17
456.0;16;41;16;51;159;44;18;31;14
462.0;16;43;20;48;159;43;17;31;13
468.0;16;44;19;50;161;42;17;27;14
474.0;19;41;19;48;161;45;20;24;13
480.0;20;41;21;47;161;43;21;23;13
486.0;20;43;24;42;160;42;22;22;15
492.0;19;43;24;42;162;38;24;23;15
498.0;20;43;17;43;164;38;25;22;18
504.0;19;46;17;43;165;37;24;22;17
510.0;19;45;14;44;164;39;22;27;16
516.0;19;44;14;43;166;41;22;26;15
522.0;18;44;16;42;167;40;19;29;15
528.0;18;42;15;42;167;40;19;32;15
534.0;21;42;17;37;163;41;19;33;17
540.0;17;39;17;37;164;44;19;35;18
546.0;21;36;18;36;163;44;18;38;16
552.0;22;34;16;39;162;41;20;39;17
558.0;21;37;14;41;162;44;18;38;15
564.0;20;37;16;41;161;44;16;39;16
570.0;20;37;17;37;163;45;17;37;17
576.0;19;37;19;35;162;44;17;39;18
582.0;21;36;19;36;159;48;15;37;19
588.0;20;36;20;39;156;47;16;41;15
594.0;23;36;23;35;154;45;19;40;15
600.0;21;36;25;36;154;46;20;37;15
606.0;19;38;24;36;155;42;21;38;17
612.0;18;41;24;37;155;41;22;36;16
618.0;16;45;24;35;157;38;22;37;16
624.0;13;45;22;36;160;41;21;36;16
630.0;16;45;21;36;158;42;19;36;17
636.0;16;44;21;37;159;43;19;35;16
642.0;18;44;19;35;158;42;22;35;17
648.0;17;43;18;35;161;43;22;35;16
654.0;12;42;24;34;161;44;21;34;18
660.0;18;42;23;36;159;45;20;30;17
666.0;18;48;21;37;162;45;17;29;13
672.0;14;48;24;36;162;45;17;29;15
678.0;16;50;21;34;161;43;16;32;17
684.0;15;46;22;32;162;43;20;33;17
690.0;16;46;22;33;159;42;22;34;16
696.0;15;49;20;34;157;42;22;37;14
702.0;14;48;21;32;154;42;25;37;17
708.0;13;49;16;31;157;41;24;39;20
714.0;11;46;15;32;161;43;24;39;19
720.0;11;46;15;30;162;44;23;38;21
726.0;13;44;17;30;161;42;22;40;21
732.0;14;41;18;31;159;42;24;40;21
738.0;15;37;21;31;164;45;20;40;17
744.0;13;37;21;28;166;45;19;41;20
750.0;12;38;23;27;165;46;17;42;20
756.0;14;37;20;25;165;48;21;42;18
762.0;15;36;20;26;166;51;19;42;15
768.0;17;36;20;26;166;47;17;45;16
774.0;19;34;24;26;160;48;18;45;16
780.0;18;34;22;24;161;52;18;43;18
786.0;23;35;23;24;159;54;15;41;16
792.0;25;31;22;26;159;53;17;42;15
798.0;21;30;24;28;161;53;15;42;16
804.0;20;32;27;28;161;48;15;42;17
810.0;20;32;25;29;160;48;16;43;17
816.0;23;32;24;32;158;48;14;42;17
822.0;23;34;21;33;158;43;13;42;23
828.0;22;33;21;34;157;44;15;44;20
834.0;19;32;19;37;159;45;15;46;18
840.0;21;29;19;37;159;42;17;46;20
846.0;20;30;18;38;162;39;16;47;20
852.0;19;31;19;39;164;42;15;43;18
858.0;18;30;17;39;165;41;20;44;16
864.0;18;30;20;39;165;40;19;42;17
870.0;20;30;18;36;165;40;19;42;20
876.0;19;32;17;39;166;40;16;43;18
882.0;18;31;15;41;168;41;17;41;18
888.0;16;31;16;39;169;41;22;40;16
894.0;15;32;15;41;171;39;22;39;16
900.0;13;32;18;44;169;38;21;40;15
906.0;11;32;18;45;168;36;23;43;14
912.0;13;31;17;45;168;34;26;42;14
918.0;14;33;16;41;169;33;26;43;15
924.0;15;35;18;37;169;32;25;42;17
930.0;16;37;16;36;171;33;21;42;18
936.0;16;38;16;35;169;33;22;39;22
942.0;14;36;20;36;171;30;23;37;23
948.0;14;33;21;37;172;33;25;36;19
954.0;12;35;20;38;171;33;23;35;23
960.0;14;40;18;39;167;32;24;35;21
966.0;17;38;18;38;168;33;23;37;18
972.0;17;38;18;40;171;32;21;38;15
978.0;17;35;21;37;174;31;21;38;16
984.0;17;34;24;36;175;32;20;39;13
990.0;17;32;23;37;176;31;21;40;13
996.0;18;32;23;36;176;36;19;36;14
1002.0;15;34;20;33;176;44;17;36;15
1008.0;14;34;22;35;173;45;17;36;14
1014.0;13;34;23;34;173;45;18;37;13
1020.0;12;34;21;37;175;47;14;36;14
1026.0;12;34;22;38;173;46;15;35;15
1032.0;12;33;21;41;173;42;17;36;15
1038.0;14;32;24;39;173;39;18;37;14
1044.0;13;36;21;37;174;40;20;35;14
1050.0;16;33;18;40;173;40;20;36;14
1056.0;15;32;17;40;175;39;20;39;13
1062.0;14;33;17;41;172;35;23;41;14
1068.0;12;34;16;41;172;34;23;40;18
1074.0;14;34;15;42;172;34;23;38;18
1080.0;12;34;18;40;172;37;23;37;17
1086.0;14;34;19;40;172;37;21;38;15
1092.0;15;36;18;39;172;34;24;38;14
1098.0;16;37;18;38;172;33;20;38;18
1104.0;19;35;16;39;175;32;20;37;17
1110.0;19;34;18;40;176;30;19;38;16
1116.0;20;34;17;36;176;33;21;38;15
1122.0;18;35;14;38;175;34;20;39;17
1128.0;19;36;16;36;176;34;21;37;15
1134.0;13;38;17;36;177;36;21;39;13
1140.0;14;39;17;36;174;35;21;39;15
1146.0;19;38;16;37;172;34;21;39;14
1152.0;18;36;17;33;177;34;19;40;16
1158.0;20;35;16;32;176;34;18;41;18
1164.0;16;36;15;36;175;30;19;45;18
1170.0;17;37;16;36;174;28;18;44;20
1176.0;16;38;17;35;173;30;20;41;20
1182.0;17;36;13;34;173;32;21;44;20
1188.0;19;37;13;30;173;33;23;41;21
1194.0;18;35;14;30;174;34;25;39;21
1200.0;18;35;15;33;175;35;24;33;22
1206.0;18;33;15;35;174;36;25;32;22
1212.0;17;36;14;37;174;34;23;33;22
1218.0;17;40;14;38;175;36;18;34;18
1224.0;16;37;14;39;177;36;17;36;18
1230.0;18;36;17;38;179;35;15;36;16
1236.0;20;37;16;38;181;34;13;35;16
1242.0;21;40;15;35;182;34;13;34;16
1248.0;21;41;13;35;183;30;14;37;16
1254.0;18;41;14;38;184;32;15;34;14
1260.0;17;41;14;39;187;30;16;33;13
1266.0;14;43;14;38;187;30;16;34;14
1272.0;15;43;15;37;186;31;14;35;14
1278.0;16;43;17;37;184;31;14;35;13
1284.0;17;43;17;36;184;31;13;35;14
1290.0;16;43;17;36;183;34;15;34;12
1296.0;15;44;20;38;180;31;15;34;13
1302.0;18;43;19;35;180;32;15;34;14
1308.0;19;41;20;35;180;30;14;36;15
1314.0;19;39;19;34;182;32;13;36;16
1320.0;18;38;18;36;186;30;16;34;14
1326.0;14;38;18;38;185;31;15;37;14
1332.0;14;37;14;40;185;33;12;43;12
1338.0;17;38;14;39;185;30;14;41;12
1344.0;15;37;18;39;181;30;17;39;14
1350.0;14;36;20;37;183;26;18;42;14
1356.0;16;36;19;36;182;29;16;40;16
1362.0;13;38;23;35;182;28;17;41;13
1368.0;13;38;23;37;180;27;14;44;14
1374.0;14;39;21;36;180;25;15;45;15
1380.0;15;41;21;35;179;27;14;43;15
1386.0;15;43;19;35;181;24;17;43;13
1392.0;18;44;18;34;181;24;17;40;14
1398.0;20;43;18;32;181;25;19;39;13
1404.0;20;43;13;28;182;28;21;41;14
1410.0;19;41;13;28;180;29;22;43;15
1416.0;17;39;13;33;183;27;23;42;13
1422.0;14;42;10;35;184;27;23;40;15
1428.0;14;41;9;37;181;28;25;39;16
1434.0;13;41;10;34;181;29;25;38;19
1440.0;11;39;10;35;180;30;26;38;21
1446.0;14;38;12;32;180;30;24;39;21
1452.0;17;41;10;33;182;28;24;36;19
1458.0;15;42;9;32;183;27;24;38;20
1464.0;15;45;10;31;184;28;23;34;20
1470.0;14;43;13;33;186;28;25;31;17
1476.0;11;43;11;35;186;31;26;30;17
1482.0;13;43;10;35;183;32;24;31;19
1488.0;13;42;12;36;184;34;19;28;22
1494.0;13;44;11;34;185;34;19;25;25
1500.0;14;39;13;35;185;38;21;22;23
1506.0;16;40;10;34;184;41;21;22;22
1512.0;15;40;12;33;187;38;21;22;22
1518.0;20;35;14;30;188;38;22;23;20
1524.0;24;34;13;30;183;42;18;24;22
1530.0;21;34;14;29;180;44;20;26;22
1536.0;20;35;14;27;181;45;20;26;22
1542.0;18;33;17;28;181;45;18;30;20
1548.0;21;34;14;29;180;46;18;29;19
1554.0;20;34;13;30;182;45;18;28;20
1560.0;20;34;11;33;181;45;18;28;20
1566.0;23;33;13;33;182;43;16;28;19
1572.0;21;33;12;33;181;43;18;27;22
1578.0;19;34;13;35;181;42;18;28;20
1584.0;16;31;14;38;185;41;18;28;19
1590.0;16;31;15;38;185;40;20;28;17
1596.0;14;31;15;39;186;42;18;30;15
1602.0;12;32;14;41;183;43;18;32;15
1608.0;14;33;12;42;183;42;18;33;13
1614.0;14;33;13;41;185;40;19;32;13
1620.0;17;33;12;41;186;37;19;31;14
1626.0;17;34;9;43;185;35;20;32;15
1632.0;16;35;9;40;188;37;19;31;15
1638.0;15;34;9;38;189;36;20;31;18
1644.0;14;36;11;38;186;35;19;31;20
1650.0;16;34;11;39;185;36;16;32;21
1656.0;15;37;12;39;181;37;17;33;19
1662.0;14;38;11;37;182;37;20;31;20
1668.0;14;36;13;34;182;40;20;31;20
1674.0;12;35;16;33;182;40;20;32;20
1680.0;10;34;18;31;183;41;20;30;23
1686.0;10;33;20;31;184;39;20;32;21
1692.0;10;32;21;33;182;41;20;32;19
1698.0;12;31;18;34;182;39;21;33;20
1704.0;9;33;21;33;182;38;22;32;20
1710.0;9;35;19;34;180;38;24;31;20
1716.0;11;35;18;34;180;36;24;33;19
1722.0;12;37;18;34;181;36;20;34;18
1728.0;12;38;21;33;180;40;19;31;16
1734.0;14;37;21;34;180;38;20;29;17
1740.0;16;39;21;33;180;38;19;29;15
1746.0;14;41;21;35;179;36;18;30;16
1752.0;14;41;21;33;180;37;16;30;18
1758.0;13;38;23;34;180;37;17;30;18
1764.0;14;36;20;35;183;37;15;30;20
1770.0;15;35;21;36;178;39;18;30;18
1776.0;16;35;21;35;177;40;17;31;18
1782.0;18;33;17;36;179;40;16;35;16
1788.0;17;35;19;34;176;43;18;33;15
1794.0;16;35;22;33;177;40;16;37;14
