#auto generated file!
12.0;25;28;23;34;29;32;14;26;29
18.0;24;30;21;34;29;31;15;28;28
24.0;25;31;18;34;32;32;16;28;24
30.0;20;31;18;35;33;34;19;30;20
36.0;23;31;15;35;37;31;17;32;19
42.0;23;28;15;35;40;31;18;32;18
48.0;22;30;16;32;41;35;16;31;17
54.0;22;30;15;33;41;37;15;32;15
60.0;20;30;15;33;43;37;13;32;17
66.0;23;30;13;29;45;36;14;31;19
72.0;22;32;12;32;45;35;12;31;19
78.0;24;32;16;32;45;33;12;29;17
84.0;22;32;17;31;47;31;11;29;20
90.0;23;34;16;32;46;29;11;32;17
96.0;22;31;15;32;46;28;14;33;19
102.0;20;32;13;34;44;30;15;34;18
108.0;17;28;15;35;45;32;14;36;18
114.0;18;26;14;34;45;34;14;36;19
120.0;19;26;15;33;44;34;15;37;17
126.0;22;26;15;33;45;33;13;36;17
132.0;24;26;17;34;46;32;13;31;17
138.0;24;25;16;33;49;36;13;28;16
144.0;19;28;17;33;50;37;14;26;16
150.0;19;30;16;33;52;35;15;26;14
156.0;17;27;17;32;51;38;15;27;16
162.0;17;28;15;31;52;37;16;26;18
168.0;18;28;13;31;54;38;15;27;16
174.0;19;28;12;31;57;38;14;27;14
180.0;21;25;14;29;56;39;13;28;15
186.0;22;24;14;29;58;39;13;27;14
192.0;20;23;18;30;56;36;15;25;17
198.0;19;25;18;30;57;34;15;25;17
204.0;18;25;19;30;58;34;13;28;15
210.0;17;27;18;35;58;33;13;24;15
216.0;15;31;19;32;59;32;14;24;14
222.0;15;30;20;31;62;30;15;24;13
228.0;11;30;19;31;63;30;17;26;13
234.0;14;29;17;29;66;27;17;30;11
240.0;14;28;18;30;67;25;17;31;10
246.0;12;25;16;33;68;27;16;30;13
252.0;12;26;16;32;70;25;16;28;15
258.0;13;26;17;31;69;26;18;27;13
264.0;15;25;17;31;69;28;17;26;12
270.0;17;25;16;30;69;32;15;26;10
276.0;17;24;16;32;72;31;14;26;8
282.0;17;25;15;35;72;28;13;27;8
288.0;14;24;17;35;73;28;13;26;10
294.0;13;24;19;36;73;29;12;25;9
300.0;13;24;17;34;73;29;17;24;9
306.0;13;24;19;31;72;28;19;24;10
312.0;15;21;15;30;73;27;20;24;15
318.0;15;19;17;30;76;26;19;25;13
324.0;16;18;17;30;79;25;20;24;11
330.0;18;18;15;31;81;26;18;23;10
336.0;20;17;18;32;81;22;19;20;11
342.0;20;18;19;33;81;23;16;20;10
348.0;22;18;19;32;80;22;17;21;9
354.0;22;18;18;30;79;24;18;21;10
360.0;23;17;16;33;80;22;19;20;10
366.0;25;18;15;33;80;20;19;18;12
372.0;25;18;18;34;81;23;14;18;9
378.0;25;17;16;33;82;24;12;20;11
384.0;25;17;17;35;82;26;10;20;8
390.0;25;17;17;36;82;28;10;17;8
396.0;22;15;17;40;82;28;8;18;10
402.0;23;15;16;34;82;29;8;21;12
408.0;22;16;16;38;83;26;9;19;11
414.0;18;17;15;38;84;25;12;21;10
420.0;17;18;12;39;84;24;13;23;10
426.0;15;18;13;36;83;26;14;26;9
432.0;16;19;13;34;84;26;14;26;8
438.0;17;19;13;33;84;27;12;25;10
444.0;16;19;14;32;85;27;12;25;10
450.0;18;17;13;29;86;28;12;27;10
456.0;17;17;14;28;87;26;13;25;13
462.0;15;17;14;30;85;27;15;24;13
468.0;17;16;13;32;85;28;15;23;11
474.0;16;17;13;30;86;28;15;23;12
480.0;17;19;13;28;86;28;13;23;13
486.0;16;21;14;27;87;27;11;24;13
492.0;16;21;14;27;87;26;10;25;14
498.0;15;21;14;27;87;26;11;24;15
504.0;14;21;15;28;87;26;11;23;15
510.0;13;20;16;28;88;26;10;23;16
516.0;12;21;15;29;89;27;10;25;12
522.0;11;23;14;25;90;26;10;27;14
528.0;12;24;14;26;89;30;10;24;11
534.0;12;24;14;25;90;29;9;25;12
540.0;14;23;14;28;91;27;7;24;12
546.0;11;23;14;28;90;27;8;24;15
552.0;11;25;16;27;89;29;7;24;12
558.0;13;26;16;28;86;29;8;23;11
564.0;13;25;15;32;87;28;9;23;8
570.0;16;24;14;32;86;27;10;22;9
576.0;16;25;15;33;86;27;7;22;9
582.0;14;27;15;32;86;27;7;24;8
588.0;14;26;18;31;84;27;6;25;9
594.0;16;25;14;30;83;29;7;27;9
600.0;17;24;16;31;83;27;7;26;9
606.0;15;24;14;33;83;27;9;25;10
612.0;16;24;10;34;83;26;8;26;13
618.0;14;22;11;33;85;28;7;26;14
624.0;14;22;8;34;86;27;5;26;18
630.0;12;22;9;30;89;26;9;26;17
636.0;11;22;9;32;89;27;9;25;16
642.0;11;21;9;30;91;29;9;24;16
648.0;11;19;10;28;92;31;7;26;16
654.0;14;20;11;27;89;31;7;26;15
660.0;14;21;10;27;85;32;7;27;17
666.0;14;20;12;29;85;33;7;24;16
672.0;15;21;12;28;85;33;9;23;14
678.0;17;21;10;27;85;33;12;23;12
684.0;18;21;12;29;87;33;11;19;10
690.0;17;21;12;28;91;33;11;19;8
696.0;17;20;12;28;91;36;10;19;7
702.0;16;21;11;30;92;35;8;20;7
708.0;15;20;11;31;93;37;8;19;6
714.0;14;19;10;31;93;36;10;20;7
720.0;12;19;7;32;96;35;9;21;9
726.0;13;20;8;30;99;34;8;21;7
732.0;13;22;9;31;99;33;7;20;6
738.0;11;22;9;31;99;31;9;21;7
744.0;12;25;10;31;97;30;9;21;5
750.0;9;25;9;31;99;30;8;23;6
756.0;8;26;10;30;99;29;9;23;6
762.0;9;25;10;30;100;29;8;22;7
768.0;9;26;10;31;101;27;7;20;9
774.0;8;25;12;32;99;26;8;21;9
780.0;8;25;12;32;99;24;11;20;9
786.0;8;23;13;34;100;23;13;18;8
792.0;9;25;11;35;99;21;15;17;8
798.0;9;25;11;33;99;22;15;18;8
804.0;9;23;11;34;99;22;14;21;7
810.0;9;24;9;36;100;24;12;20;6
816.0;10;25;9;36;98;23;11;23;5
822.0;9;22;8;37;98;23;12;25;6
828.0;12;22;7;34;98;23;15;25;4
834.0;13;22;6;33;97;24;16;24;5
840.0;14;19;9;34;97;24;14;23;6
846.0;12;20;12;33;94;26;16;19;8
852.0;14;20;15;31;93;28;16;17;6
858.0;13;21;15;32;93;31;12;17;6
864.0;12;20;14;32;92;29;14;18;9
870.0;14;18;15;31;94;25;13;18;12
876.0;12;18;15;31;95;25;16;17;11
882.0;11;20;14;34;93;27;14;17;10
888.0;10;21;13;33;93;27;17;18;8
894.0;10;19;15;33;93;27;15;19;9
900.0;12;18;16;33;90;29;14;19;9
906.0;11;17;16;35;91;29;13;19;9
912.0;12;18;15;36;90;27;13;18;11
918.0;11;20;12;37;90;28;13;19;10
924.0;11;19;11;35;91;29;12;24;8
930.0;11;22;11;34;90;30;13;21;8
936.0;16;20;12;34;90;26;14;21;7
942.0;17;21;8;33;88;28;16;20;9
948.0;15;21;9;30;87;27;19;20;12
954.0;14;22;9;31;88;27;18;20;11
960.0;12;22;11;33;88;28;15;21;10
966.0;10;22;13;34;86;30;15;21;9
972.0;8;23;10;32;85;32;15;24;11
978.0;7;24;11;30;85;32;15;23;13
984.0;8;24;9;32;84;32;13;23;15
990.0;7;22;9;34;86;33;14;22;13
996.0;9;20;9;34;84;37;14;22;11
1002.0;8;20;11;31;85;34;14;25;12
1008.0;9;22;10;30;84;32;14;25;14
1014.0;8;25;12;29;86;27;15;24;14
1020.0;9;24;12;30;86;24;17;25;13
1026.0;9;25;12;31;87;23;16;26;11
1032.0;10;25;13;29;88;24;15;28;8
1038.0;10;24;16;28;87;24;17;28;6
1044.0;10;24;16;28;90;22;17;28;5
1050.0;11;25;16;27;90;22;18;26;5
1056.0;9;28;16;26;91;24;15;25;6
1062.0;13;26;16;27;89;25;14;23;7
1068.0;12;28;14;27;92;24;15;21;7
1074.0;13;26;15;27;93;24;15;21;6
1080.0;12;25;16;29;92;26;13;22;5
1086.0;12;23;17;29;92;26;12;22;7
1092.0;11;22;16;28;93;26;12;25;7
1098.0;11;22;16;29;92;26;13;23;8
1104.0;11;21;18;27;93;24;12;24;10
1110.0;12;20;20;29;93;26;10;23;7
1116.0;12;21;17;29;94;27;7;26;7
1122.0;15;22;16;28;93;26;7;24;9
1128.0;12;23;19;25;94;27;8;23;9
1134.0;13;21;21;26;93;30;6;22;8
1140.0;13;20;23;25;92;31;6;22;8
1146.0;12;19;25;23;92;30;5;23;11
1152.0;10;20;22;23;97;28;7;22;11
1158.0;9;20;22;21;96;29;6;25;12
1164.0;9;21;21;19;96;28;9;25;12
1170.0;9;19;19;20;101;27;8;26;11
1176.0;8;20;16;20;102;29;7;28;10
1182.0;8;21;17;19;102;28;6;26;13
1188.0;7;22;17;19;105;28;6;26;10
1194.0;5;23;16;18;106;29;7;24;12
1200.0;5;21;17;19;108;27;8;24;11
1206.0;7;21;17;19;109;27;9;22;9
1212.0;7;22;16;19;110;24;12;21;9
1218.0;7;21;17;18;109;25;14;20;9
1224.0;9;22;17;17;109;24;14;19;9
1230.0;9;23;17;18;108;25;14;18;8
1236.0;9;22;14;20;108;25;15;18;9
1242.0;10;23;16;22;107;23;13;19;7
1248.0;12;24;16;21;108;22;13;18;6
1254.0;15;23;12;21;108;23;15;15;8
1260.0;15;23;11;22;106;24;16;15;8
1266.0;14;25;10;22;105;24;15;19;6
1272.0;15;26;10;22;103;22;14;20;8
1278.0;15;28;10;23;100;18;18;20;8
1284.0;15;29;10;24;100;16;14;22;10
1290.0;15;31;11;23;97;15;15;22;11
1296.0;13;31;10;24;99;16;13;21;13
1302.0;13;31;10;25;99;17;13;21;11
1308.0;14;31;9;25;100;16;13;19;13
1314.0;14;30;10;25;101;16;11;21;12
1320.0;15;29;11;22;101;18;12;21;11
1326.0;15;28;10;24;103;16;13;21;10
1332.0;14;28;8;24;104;16;13;22;11
1338.0;14;27;9;23;103;18;13;23;10
1344.0;13;28;10;24;102;19;14;21;9
1350.0;11;28;11;24;102;19;12;21;12
1356.0;11;26;14;22;100;21;11;22;13
1362.0;11;24;17;22;99;23;8;21;15
1368.0;11;23;13;28;98;22;9;22;14
1374.0;11;23;15;28;98;19;8;22;16
1380.0;11;25;11;27;100;21;9;21;15
1386.0;12;24;6;28;98;22;12;22;16
1392.0;11;25;6;29;102;20;9;23;15
1398.0;10;22;7;28;103;21;10;24;15
1404.0;8;22;7;31;101;22;10;25;14
1410.0;7;22;7;28;100;25;11;27;13
1416.0;10;22;6;27;96;24;10;30;15
1422.0;7;21;5;29;97;24;11;31;15
1428.0;7;19;8;29;97;25;12;31;12
1434.0;8;23;6;27;97;26;9;33;11
1440.0;7;23;7;28;96;24;13;31;11
1446.0;8;22;8;28;96;21;13;33;11
1452.0;8;17;10;26;100;20;13;33;13
1458.0;9;17;10;24;100;21;14;31;14
1464.0;8;18;10;25;101;21;10;33;14
1470.0;8;17;9;26;101;24;10;32;13
1476.0;9;17;10;27;101;25;10;26;15
1482.0;9;16;10;25;103;24;10;29;14
1488.0;9;17;10;25;102;24;10;28;15
1494.0;9;18;13;24;100;25;8;27;16
1500.0;12;21;11;27;98;25;6;29;11
1506.0;11;20;11;26;99;27;7;30;9
1512.0;9;22;13;26;97;25;7;30;11
1518.0;11;25;10;24;94;24;9;31;12
1524.0;11;25;9;23;95;25;9;31;12
1530.0;11;25;8;24;96;25;7;34;10
1536.0;8;25;11;25;100;24;8;31;8
1542.0;8;24;13;25;99;23;9;31;8
1548.0;8;24;11;26;100;24;9;29;9
1554.0;9;24;10;25;99;23;10;30;10
1560.0;10;25;12;23;100;21;10;28;11
1566.0;11;24;14;20;100;21;10;29;11
1572.0;11;23;13;20;100;19;11;30;13
1578.0;11;21;12;20;99;20;12;31;14
1584.0;11;21;14;20;99;20;12;31;12
1590.0;11;20;14;20;99;21;13;30;12
1596.0;13;20;15;18;99;21;15;27;12
1602.0;12;21;15;19;99;20;12;27;15
1608.0;12;19;13;20;99;23;12;26;16
1614.0;12;20;12;20;100;22;11;26;17
1620.0;12;21;13;19;101;21;9;25;19
1626.0;14;22;13;19;101;22;9;24;16
1632.0;13;20;10;20;104;23;11;24;15
1638.0;13;22;9;24;103;22;10;23;14
1644.0;12;19;9;25;102;22;11;25;15
1650.0;11;21;9;25;102;20;10;27;15
1656.0;13;22;10;27;99;20;9;25;15
1662.0;11;23;8;30;99;22;9;22;16
1668.0;11;22;8;31;98;21;11;22;16
1674.0;11;20;10;31;99;23;9;21;16
1680.0;10;20;9;34;100;24;4;25;14
1686.0;10;20;10;36;102;23;4;23;12
1692.0;10;18;9;33;103;24;5;24;14
1698.0;10;18;10;32;105;19;8;26;12
1704.0;12;16;9;33;105;19;7;25;14
1710.0;12;17;9;32;103;21;7;25;14
1716.0;11;17;12;30;103;20;8;25;14
1722.0;10;19;11;29;103;18;9;25;16
1728.0;11;19;11;29;106;20;8;22;14
1734.0;10;19;10;30;106;21;10;21;13
1740.0;11;21;12;30;105;20;8;20;13
1746.0;11;20;12;30;106;19;8;22;12
1752.0;10;20;13;29;105;21;9;23;10
1758.0;10;20;13;29;102;20;9;25;12
1764.0;11;21;14;29;104;22;7;22;10
1770.0;11;22;14;28;104;22;8;21;10
1776.0;12;22;12;28;103;22;8;23;10
1782.0;9;23;10;27;105;23;9;23;11
1788.0;10;22;9;28;105;23;8;26;9
1794.0;11;23;8;27;105;22;7;28;9
