#auto generated file!
12.0;38;33;30;32;38;34;35;34;46
18.0;37;33;28;32;41;37;30;34;48
24.0;36;31;29;33;43;37;29;34;48
30.0;36;31;26;33;45;37;30;33;49
36.0;33;33;24;35;49;38;29;34;45
42.0;31;36;22;34;50;40;26;35;46
48.0;27;34;24;36;51;42;26;39;41
54.0;27;33;23;34;52;43;24;43;41
60.0;27;33;25;35;54;42;24;40;40
66.0;25;30;28;33;56;41;26;42;39
72.0;23;28;29;35;60;43;24;40;38
78.0;22;26;26;37;65;44;25;39;36
84.0;26;27;24;37;66;43;21;40;36
90.0;26;28;21;36;70;45;21;38;35
96.0;25;26;25;37;72;44;20;38;33
102.0;25;26;26;39;71;47;20;38;28
108.0;26;25;25;36;74;48;18;41;27
114.0;29;26;22;36;72;51;18;40;26
120.0;31;25;25;35;74;48;17;41;24
126.0;31;27;25;35;77;46;17;37;25
132.0;28;33;24;36;79;44;20;35;21
138.0;27;35;21;37;79;44;22;35;20
144.0;27;36;21;39;81;43;24;32;17
150.0;26;36;22;37;81;45;23;32;18
156.0;22;34;20;37;82;47;23;35;20
162.0;23;31;23;34;82;46;25;36;20
168.0;25;34;23;34;83;45;25;32;19
174.0;24;32;24;34;86;42;26;36;16
180.0;25;31;25;34;86;43;23;36;17
186.0;23;29;25;37;86;45;21;36;18
192.0;22;30;27;38;86;43;20;33;21
198.0;20;29;26;39;89;44;20;32;21
204.0;19;30;24;40;91;43;20;33;20
210.0;16;30;26;43;94;39;20;32;20
216.0;14;32;26;42;96;40;19;34;17
222.0;17;32;26;40;100;38;19;30;18
228.0;19;34;22;36;101;37;22;30;19
234.0;18;34;22;38;102;34;19;30;23
240.0;18;30;22;39;102;38;17;31;23
246.0;22;28;21;40;102;35;17;31;24
252.0;23;27;22;39;101;37;17;32;22
258.0;21;28;20;38;105;38;17;31;22
264.0;20;30;20;38;106;36;17;32;21
270.0;20;31;17;39;104;36;18;35;20
276.0;22;32;15;35;106;37;16;35;22
282.0;20;32;16;41;105;38;14;33;21
288.0;19;32;16;38;104;41;15;34;21
294.0;18;34;13;37;109;38;16;36;19
300.0;16;30;14;39;115;37;16;35;18
306.0;15;29;15;36;115;37;14;40;19
312.0;13;30;16;38;117;34;14;41;17
318.0;14;29;17;37;118;31;14;41;19
324.0;11;29;13;36;118;33;16;42;22
330.0;11;29;13;37;119;32;13;42;24
336.0;13;27;12;39;120;31;14;42;22
342.0;14;26;15;39;121;29;13;41;22
348.0;14;29;16;35;120;29;14;42;21
354.0;17;29;19;35;117;26;14;41;22
360.0;17;26;20;33;117;24;16;39;28
366.0;17;28;19;34;117;23;17;40;25
372.0;16;29;19;35;120;24;19;35;23
378.0;19;25;19;35;123;25;19;35;20
384.0;19;27;21;34;120;30;17;35;17
390.0;20;29;23;31;122;29;18;33;15
396.0;19;28;24;31;122;29;17;35;15
402.0;16;29;26;31;122;27;18;34;17
408.0;19;30;26;31;125;26;18;32;13
414.0;20;31;28;33;125;24;16;31;12
420.0;16;33;26;32;126;25;15;33;14
426.0;17;33;24;31;130;28;14;31;12
432.0;15;34;21;28;134;31;13;32;12
438.0;13;36;18;30;133;33;11;33;13
444.0;15;36;18;28;134;34;11;32;12
450.0;15;36;13;28;133;35;15;34;11
456.0;17;36;16;28;132;31;15;34;11
462.0;17;35;16;30;132;33;14;33;10
468.0;16;34;16;29;129;35;15;36;10
474.0;15;32;14;31;130;36;12;38;12
480.0;14;30;14;32;130;35;12;39;14
486.0;14;30;17;32;131;33;12;36;15
492.0;13;31;18;30;131;33;15;35;14
498.0;12;29;17;29;133;32;13;39;16
504.0;13;29;17;29;134;32;11;39;16
510.0;11;27;16;31;135;33;13;38;16
516.0;11;25;17;31;136;33;12;39;16
522.0;10;23;16;31;138;34;10;40;18
528.0;10;25;15;29;136;37;11;41;16
534.0;9;27;15;28;136;38;13;39;15
540.0;10;23;17;29;138;36;13;38;16
546.0;16;23;17;26;139;36;12;36;15
552.0;17;22;15;27;141;40;13;35;10
558.0;16;21;12;28;143;41;11;36;12
564.0;15;24;13;28;145;38;10;34;13
570.0;16;23;15;28;143;38;7;36;14
576.0;15;26;15;30;140;35;6;37;16
582.0;15;27;16;29;142;32;6;38;15
588.0;15;27;15;30;141;32;6;40;14
594.0;12;27;15;29;142;32;6;42;15
600.0;12;28;15;30;142;31;9;36;17
606.0;9;29;16;29;142;32;9;35;19
612.0;9;27;16;29;142;32;9;37;19
618.0;8;29;17;29;145;29;8;38;17
624.0;8;28;19;27;146;31;7;34;20
630.0;7;28;18;27;147;32;7;33;21
636.0;11;29;15;26;145;34;8;32;20
642.0;12;28;15;25;144;35;8;31;22
648.0;14;31;14;23;146;34;8;31;19
654.0;14;29;15;23;147;34;9;30;19
660.0;17;29;16;21;149;34;10;27;17
666.0;19;28;17;21;149;35;11;23;17
672.0;20;28;20;19;151;31;11;24;16
678.0;22;25;17;21;151;32;13;23;16
684.0;20;27;19;23;151;31;13;23;13
690.0;18;26;20;25;149;32;13;25;12
696.0;20;21;18;24;152;34;12;25;14
702.0;17;22;20;24;151;34;11;26;15
708.0;19;22;21;24;151;34;12;23;14
714.0;23;21;19;25;150;34;11;23;14
720.0;21;22;17;26;149;34;11;25;15
726.0;21;23;17;26;147;32;12;25;17
732.0;21;22;18;26;151;32;14;21;15
738.0;20;24;16;26;151;33;12;21;17
744.0;22;24;15;25;153;31;12;22;16
750.0;21;24;14;25;153;31;14;21;17
756.0;20;24;16;25;153;32;14;21;15
762.0;20;24;18;25;152;30;15;21;15
768.0;19;27;22;25;151;28;14;21;13
774.0;19;30;20;26;150;29;16;20;10
780.0;16;30;20;30;150;27;18;20;9
786.0;17;31;19;29;152;26;18;20;8
792.0;18;33;17;28;153;26;18;20;7
798.0;16;33;18;29;154;25;17;22;6
804.0;17;32;21;29;151;22;16;24;8
810.0;16;34;19;28;152;23;17;24;7
816.0;14;31;19;30;153;24;21;23;5
822.0;15;29;21;28;154;27;19;22;5
828.0;13;30;18;29;156;28;20;23;3
834.0;15;30;18;28;159;27;15;23;5
840.0;15;32;17;27;158;25;15;25;6
846.0;11;28;17;28;157;27;18;28;6
852.0;13;32;16;27;153;29;18;27;5
858.0;11;32;19;27;151;30;17;27;6
864.0;11;35;18;28;145;29;17;29;8
870.0;12;33;16;29;145;28;18;29;10
876.0;12;35;15;30;145;27;16;29;11
882.0;12;35;15;29;145;27;16;31;10
888.0;11;36;13;30;143;29;16;31;11
894.0;12;37;13;31;141;27;17;31;11
900.0;14;38;12;28;143;26;16;32;11
906.0;12;35;11;28;146;27;17;31;13
912.0;13;37;12;27;146;27;16;29;13
918.0;11;35;13;30;146;30;13;29;13
924.0;9;36;15;32;143;30;12;28;15
930.0;10;34;14;35;146;31;12;24;14
936.0;8;33;14;34;148;33;11;24;15
942.0;10;33;14;34;148;31;10;24;16
948.0;7;33;12;35;150;31;14;21;17
954.0;7;35;14;33;150;30;14;21;16
960.0;8;38;13;33;149;26;14;23;16
966.0;11;36;14;33;151;23;15;23;14
972.0;12;40;12;33;148;24;13;24;14
978.0;11;39;11;32;148;27;13;24;15
984.0;11;40;11;30;146;25;14;26;17
990.0;9;38;9;29;145;26;15;28;21
996.0;11;40;9;31;144;25;11;28;21
1002.0;10;38;13;31;142;26;13;28;19
1008.0;13;37;10;32;139;30;9;30;20
1014.0;11;37;12;32;141;28;9;31;19
1020.0;11;37;14;32;139;27;13;31;16
1026.0;9;36;15;34;138;24;15;30;19
1032.0;8;36;17;36;139;24;14;31;15
1038.0;8;37;16;36;140;23;12;30;18
1044.0;8;35;15;36;143;26;11;30;16
1050.0;12;38;15;37;143;28;6;28;13
1056.0;11;38;19;36;142;27;8;27;12
1062.0;10;37;20;36;144;24;9;27;13
1068.0;8;37;21;35;144;24;8;27;16
1074.0;10;39;16;36;144;24;9;28;14
1080.0;8;39;19;33;145;24;10;30;12
1086.0;8;39;20;33;144;22;11;33;10
1092.0;8;37;21;32;145;22;12;34;9
1098.0;8;37;21;33;144;22;11;35;9
1104.0;9;37;23;35;143;22;9;35;7
1110.0;10;35;19;34;144;22;9;37;10
1116.0;12;34;18;33;144;22;9;37;11
1122.0;12;31;19;31;146;24;11;35;11
1128.0;12;30;20;33;143;23;11;34;14
1134.0;16;29;20;30;142;23;11;34;15
1140.0;14;31;20;30;142;25;10;35;13
1146.0;12;29;18;30;141;27;13;36;14
1152.0;11;26;16;31;142;28;14;36;16
1158.0;12;27;16;32;145;24;12;37;15
1164.0;9;28;16;30;147;24;14;38;14
1170.0;11;29;14;28;147;25;14;37;15
1176.0;10;33;12;26;150;23;14;36;16
1182.0;10;33;16;28;149;22;11;37;14
1188.0;9;34;17;28;148;23;10;38;13
1194.0;10;35;16;29;147;23;11;37;12
1200.0;10;36;12;28;150;22;11;40;11
1206.0;11;34;13;29;149;22;13;40;9
1212.0;11;33;13;32;150;22;11;40;8
1218.0;12;33;12;33;150;21;10;41;8
1224.0;12;30;13;31;151;22;10;41;10
1230.0;11;31;14;33;151;19;9;41;11
1236.0;8;30;14;34;155;19;10;39;11
1242.0;6;29;16;36;154;19;10;39;11
1248.0;7;29;20;34;154;21;10;35;10
1254.0;7;29;21;32;156;20;9;34;12
1260.0;5;30;21;34;152;20;11;35;12
1266.0;5;31;18;34;152;20;11;37;12
1272.0;6;29;17;34;153;19;13;37;12
1278.0;9;29;17;32;153;18;12;35;15
1284.0;11;30;12;34;154;19;12;33;15
1290.0;8;31;9;34;156;20;12;32;18
1296.0;10;31;8;34;157;22;10;34;14
1302.0;9;31;8;33;155;23;12;34;15
1308.0;10;30;10;32;158;20;13;34;13
1314.0;12;30;8;32;158;18;13;36;13
1320.0;9;32;9;31;156;17;14;37;15
1326.0;11;30;9;33;158;16;13;35;15
1332.0;11;28;9;31;159;15;14;37;16
1338.0;11;30;7;33;158;15;13;35;18
1344.0;12;32;5;33;161;14;15;32;16
1350.0;14;32;7;32;158;15;15;31;16
1356.0;18;29;8;29;159;17;16;31;13
1362.0;17;30;7;31;159;16;15;30;15
1368.0;19;28;7;29;157;16;17;30;17
1374.0;19;25;10;27;158;18;20;30;13
1380.0;21;27;9;28;153;17;19;31;15
1386.0;18;29;11;29;154;16;19;32;12
1392.0;17;30;11;28;154;19;17;34;10
1398.0;17;30;12;31;151;18;17;34;10
1404.0;19;30;12;34;151;18;16;32;8
1410.0;20;29;12;33;149;17;16;36;8
1416.0;18;28;13;31;146;20;20;36;8
1422.0;17;29;13;32;146;20;17;36;10
1428.0;16;29;16;31;145;21;15;39;8
1434.0;20;26;15;33;145;21;14;39;7
1440.0;21;28;14;33;145;20;13;37;9
1446.0;24;28;13;34;144;21;14;35;7
1452.0;20;27;15;34;144;22;15;34;9
1458.0;20;28;14;33;142;23;17;34;9
1464.0;18;29;12;36;141;23;15;36;10
1470.0;17;30;12;38;141;22;15;34;11
1476.0;18;31;11;33;140;20;21;36;10
1482.0;14;32;12;33;143;20;20;37;9
1488.0;17;29;13;34;144;21;17;35;10
1494.0;15;26;11;35;146;22;19;35;11
1500.0;15;25;10;35;146;22;21;35;11
1506.0;14;27;11;34;145;22;18;35;14
1512.0;14;26;11;36;145;23;12;36;17
1518.0;13;27;11;39;142;21;13;37;17
1524.0;13;28;9;37;143;21;16;39;14
1530.0;15;26;11;38;141;23;17;38;11
1536.0;12;27;13;37;140;23;18;38;12
1542.0;13;28;14;39;139;23;17;35;12
1548.0;12;28;15;36;137;24;19;35;14
1554.0;11;28;14;38;139;24;16;35;15
1560.0;11;27;15;37;140;25;14;36;15
1566.0;11;28;16;38;138;26;13;35;15
1572.0;12;26;17;34;141;24;16;34;16
1578.0;13;28;17;31;144;24;13;34;16
1584.0;12;28;17;28;144;24;14;36;17
1590.0;11;27;18;28;146;25;14;36;15
1596.0;10;26;17;29;147;24;15;38;14
1602.0;10;28;15;29;145;25;15;35;18
1608.0;12;24;16;31;146;23;17;35;16
1614.0;12;27;18;32;143;23;16;34;15
1620.0;15;25;17;32;144;25;17;31;14
1626.0;14;30;18;32;144;24;16;31;11
1632.0;14;31;18;29;146;25;14;32;11
1638.0;13;29;20;28;147;24;16;32;11
1644.0;14;25;20;28;148;25;20;31;9
1650.0;13;25;15;26;151;26;21;33;10
1656.0;12;28;16;28;151;23;22;28;12
1662.0;12;28;14;27;151;23;21;29;15
1668.0;12;29;15;26;155;23;18;27;15
1674.0;12;30;13;26;156;25;17;26;15
1680.0;13;29;14;26;155;23;19;25;16
1686.0;12;31;14;24;159;20;18;26;16
1692.0;14;31;13;25;158;14;17;30;18
1698.0;14;30;13;24;162;13;14;33;17
1704.0;14;30;11;24;161;14;14;34;18
1710.0;15;29;11;22;162;15;15;33;18
1716.0;16;32;11;22;162;13;15;32;17
1722.0;15;34;10;25;164;13;14;31;14
1728.0;17;34;9;23;165;14;15;30;13
1734.0;18;32;12;25;164;16;12;28;13
1740.0;16;32;11;26;164;16;13;29;13
1746.0;16;32;12;27;164;16;12;30;11
1752.0;14;32;15;29;165;18;9;27;11
1758.0;17;33;14;27;165;16;10;27;11
1764.0;16;30;15;27;166;20;8;25;13
1770.0;16;27;14;26;170;22;7;24;14
1776.0;17;27;16;25;165;22;7;26;15
1782.0;14;26;16;27;166;22;7;29;13
1788.0;13;26;17;26;167;21;9;28;13
1794.0;14;23;19;26;166;23;9;26;14
