#auto generated file!
12.0;46;46;50;38;52;40;47;38;43
18.0;44;42;50;39;53;38;49;43;42
24.0;39;41;51;41;54;40;49;43;42
30.0;37;44;52;40;58;40;42;45;42
36.0;38;41;51;39;62;44;43;44;38
42.0;36;41;48;39;64;46;43;46;37
48.0;38;42;42;37;67;49;39;44;42
54.0;36;43;43;37;71;50;37;44;39
60.0;32;45;44;38;72;50;34;48;37
66.0;31;46;45;40;72;49;32;48;37
72.0;32;49;44;39;74;50;30;46;36
78.0;32;50;43;36;77;50;33;46;33
84.0;34;49;35;37;83;56;30;46;30
90.0;34;47;37;38;86;50;31;46;31
96.0;33;45;36;38;89;55;30;45;29
102.0;36;44;34;37;95;53;28;46;27
108.0;34;47;29;36;96;54;29;45;30
114.0;34;47;29;35;98;56;28;44;29
120.0;36;46;29;35;97;55;27;45;30
126.0;40;44;29;37;97;55;27;43;28
132.0;40;42;29;37;100;55;27;43;27
138.0;36;42;29;37;101;56;27;42;30
144.0;37;44;28;35;106;53;25;43;29
150.0;39;45;24;35;112;53;24;43;25
156.0;38;45;23;36;111;54;24;42;27
162.0;36;45;20;37;111;57;26;44;24
168.0;36;44;22;31;112;54;29;48;24
174.0;38;45;25;30;111;54;25;48;24
180.0;35;43;25;31;116;56;25;49;20
186.0;34;43;23;30;118;58;28;47;19
192.0;32;45;22;29;117;59;26;50;20
198.0;30;41;24;31;116;60;25;49;24
204.0;30;41;24;32;115;60;23;53;22
210.0;28;43;26;35;116;58;21;54;19
216.0;26;43;27;35;118;58;23;52;18
222.0;25;38;30;36;117;60;25;52;17
228.0;25;40;31;33;121;60;23;52;15
234.0;23;39;32;33;122;60;22;54;15
240.0;21;41;32;35;124;54;23;55;15
246.0;20;44;32;39;124;53;20;54;14
252.0;19;43;30;42;127;53;18;51;17
258.0;19;44;27;42;127;53;20;49;19
264.0;21;42;25;42;128;52;21;51;18
270.0;21;42;22;41;129;52;19;52;22
276.0;23;43;22;40;130;47;21;52;22
282.0;21;42;20;41;134;47;21;52;22
288.0;23;41;20;42;134;47;22;48;23
294.0;24;42;18;42;133;49;18;48;26
300.0;24;41;20;43;132;52;18;47;23
306.0;27;40;19;40;130;53;17;49;25
312.0;26;41;23;40;127;51;21;47;24
318.0;28;41;24;36;130;52;19;47;23
324.0;27;43;25;33;130;53;22;45;22
330.0;28;44;27;33;129;50;21;46;22
336.0;29;42;28;33;131;50;20;47;20
342.0;29;42;29;36;129;50;20;44;21
348.0;26;44;27;37;132;51;19;40;24
354.0;26;42;26;34;136;50;18;42;26
360.0;23;44;28;34;137;50;20;40;24
366.0;24;43;30;34;137;52;18;40;22
372.0;24;42;32;37;134;51;19;40;21
378.0;24;40;32;38;134;49;19;41;23
384.0;22;43;34;42;136;51;13;38;21
390.0;20;44;27;43;138;52;9;43;24
396.0;24;45;26;41;137;51;9;42;25
402.0;26;43;27;40;136;50;13;42;23
408.0;25;41;25;40;139;49;16;40;25
414.0;24;41;26;40;139;48;19;40;23
420.0;21;43;24;41;136;48;21;44;22
426.0;20;43;24;44;135;49;20;42;23
432.0;21;45;25;42;131;49;22;44;21
438.0;21;44;24;42;132;46;23;45;23
444.0;23;46;23;44;133;44;20;43;24
450.0;21;43;22;42;133;45;22;45;27
456.0;21;42;25;41;132;43;20;47;29
462.0;20;42;25;42;135;42;22;45;27
468.0;19;44;26;40;137;36;26;48;24
474.0;24;45;25;38;138;39;26;45;20
480.0;25;42;26;40;140;40;23;44;20
486.0;27;42;24;39;142;41;24;42;19
492.0;23;44;21;42;143;41;21;44;21
498.0;24;43;21;45;144;39;21;46;17
504.0;28;43;21;43;144;38;20;45;18
510.0;28;44;20;39;145;38;23;46;17
516.0;26;43;17;41;147;41;22;46;17
522.0;25;44;15;39;148;41;21;50;17
528.0;24;47;16;41;147;39;22;46;18
534.0;23;42;21;44;146;40;22;45;17
540.0;23;43;22;45;146;39;23;43;16
546.0;26;45;24;46;146;38;20;40;15
552.0;28;45;25;48;140;41;18;39;16
558.0;27;45;27;45;141;41;17;41;16
564.0;23;45;25;47;141;41;22;41;15
570.0;21;43;35;48;142;38;22;37;14
576.0;19;45;32;49;143;41;23;35;13
582.0;14;46;35;50;144;40;23;35;13
588.0;14;49;33;48;144;41;21;34;16
594.0;16;48;30;47;143;41;22;36;17
600.0;17;45;31;47;143;42;22;36;17
606.0;17;45;29;51;146;42;18;33;19
612.0;15;46;30;50;146;42;19;33;19
618.0;16;43;28;51;146;42;17;38;19
624.0;17;43;29;47;146;40;20;38;20
630.0;18;44;27;50;142;38;22;40;19
636.0;19;45;26;48;143;37;24;40;18
642.0;20;44;26;48;147;37;24;38;16
648.0;17;47;26;50;150;36;21;38;15
654.0;16;45;28;51;150;36;20;40;14
660.0;14;48;25;49;150;39;22;39;14
666.0;15;45;19;50;152;42;21;42;14
672.0;17;46;17;53;153;44;16;37;17
678.0;18;47;19;54;150;42;14;37;19
684.0;18;48;19;58;148;42;12;37;18
690.0;17;48;22;56;149;44;10;36;18
696.0;15;48;20;53;150;46;13;37;18
702.0;14;46;17;56;149;43;16;39;20
708.0;13;47;17;59;151;41;16;37;19
714.0;14;42;17;58;150;42;17;39;21
720.0;15;42;20;56;150;38;16;39;24
726.0;17;39;20;55;149;38;17;38;27
732.0;16;38;21;51;151;39;18;39;27
738.0;20;36;22;48;148;40;20;42;24
744.0;18;38;21;50;150;38;23;40;22
750.0;19;39;21;51;150;39;23;37;21
756.0;22;38;19;53;153;39;23;34;19
762.0;23;38;18;52;151;41;26;33;18
768.0;21;36;16;53;147;45;28;37;17
774.0;17;34;18;50;147;45;30;40;19
780.0;20;31;19;48;147;46;31;38;20
786.0;20;34;21;49;147;41;29;40;19
792.0;21;33;21;50;147;39;29;42;18
798.0;21;29;23;48;146;39;29;46;19
804.0;21;29;25;47;148;38;30;45;17
810.0;17;28;26;46;151;40;28;45;19
816.0;18;25;26;46;151;42;28;45;19
822.0;22;25;21;45;152;42;27;44;22
828.0;24;24;18;48;151;44;27;41;23
834.0;23;27;20;48;152;46;25;39;20
840.0;24;28;17;48;154;45;24;39;21
846.0;22;27;16;50;152;47;22;42;22
852.0;22;28;17;51;153;47;24;38;20
858.0;21;32;16;52;150;51;23;37;18
864.0;22;34;17;52;150;49;20;38;18
870.0;21;35;18;50;151;50;18;36;21
876.0;27;35;18;51;148;50;17;34;20
882.0;24;37;18;52;150;44;20;35;20
888.0;22;38;19;50;154;44;16;36;21
894.0;22;41;19;48;155;44;18;35;18
900.0;21;41;21;47;154;46;19;35;16
906.0;20;40;25;49;154;47;18;35;12
912.0;21;42;23;48;155;43;19;35;14
918.0;19;41;20;51;157;43;21;34;14
924.0;20;41;23;47;157;43;18;36;15
930.0;21;41;20;46;162;46;15;34;15
936.0;20;39;21;46;163;45;18;33;15
942.0;16;42;21;43;163;46;15;35;19
948.0;17;44;19;43;159;46;15;37;20
954.0;17;46;18;44;162;46;14;37;16
960.0;16;47;16;46;163;46;12;37;17
966.0;18;44;16;46;161;39;13;42;21
972.0;18;42;17;44;161;40;14;43;21
978.0;20;46;18;44;162;33;12;43;22
984.0;18;48;18;43;160;35;13;42;23
990.0;21;45;17;42;159;37;13;43;23
996.0;18;43;20;43;159;38;15;40;24
1002.0;25;43;16;43;160;37;12;40;24
1008.0;23;44;19;41;161;38;11;43;20
1014.0;23;45;17;43;158;39;12;43;20
1020.0;24;44;13;44;157;40;12;44;22
1026.0;24;43;15;43;157;41;12;43;22
1032.0;25;44;16;41;157;38;13;43;23
1038.0;28;44;20;40;159;33;13;42;21
1044.0;24;46;19;41;159;32;15;44;20
1050.0;28;46;17;40;160;35;14;42;18
1056.0;29;44;17;38;161;32;12;46;21
1062.0;28;43;18;38;162;31;14;45;21
1068.0;28;43;20;40;161;31;13;44;20
1074.0;33;42;20;41;161;31;14;43;15
1080.0;33;41;20;39;161;33;17;42;14
1086.0;31;43;17;39;163;33;16;43;15
1092.0;30;44;17;39;165;31;15;46;13
1098.0;32;41;19;37;166;31;15;45;14
1104.0;30;45;18;37;169;32;11;44;14
1110.0;29;45;21;38;168;28;17;40;14
1116.0;28;45;18;36;168;29;18;43;15
1122.0;23;42;18;36;170;30;19;44;18
1128.0;26;41;17;36;167;31;21;46;15
1134.0;22;41;22;36;166;30;21;46;16
1140.0;22;37;27;37;164;31;18;45;19
1146.0;20;37;26;38;163;35;16;47;18
1152.0;21;35;24;39;163;37;17;45;19
1158.0;19;37;24;37;163;37;19;47;17
1164.0;21;39;19;38;166;39;16;45;17
1170.0;22;40;16;35;170;35;20;45;17
1176.0;23;37;18;39;168;36;18;43;18
1182.0;25;36;18;39;171;36;17;39;19
1188.0;24;34;21;38;171;36;16;42;18
1194.0;24;32;21;36;171;34;19;42;21
1200.0;28;35;20;35;171;32;20;40;19
1206.0;25;36;21;35;170;31;21;42;19
1212.0;26;35;23;35;172;29;21;42;17
1218.0;26;37;23;35;172;30;19;42;16
1224.0;27;38;23;36;168;30;19;43;16
1230.0;29;36;24;36;166;29;19;44;17
1236.0;30;33;24;33;171;27;23;42;17
1242.0;31;34;24;31;168;28;24;42;18
1248.0;30;33;24;34;168;28;25;41;17
1254.0;29;37;23;34;167;28;22;42;18
1260.0;29;34;22;35;165;31;21;45;18
1266.0;30;32;24;32;169;31;20;42;20
1272.0;30;33;22;33;167;34;16;41;24
1278.0;26;34;25;32;171;31;16;43;22
1284.0;23;36;24;34;172;33;16;39;23
1290.0;24;36;23;35;173;31;17;38;23
1296.0;22;36;23;37;170;32;17;38;25
1302.0;20;32;25;38;170;33;17;40;25
1308.0;21;32;26;40;170;31;20;39;21
1314.0;23;33;24;40;170;30;20;40;20
1320.0;22;35;22;42;172;30;22;36;19
1326.0;21;32;22;44;177;30;21;37;16
1332.0;20;33;24;46;176;30;20;36;15
1338.0;22;33;24;42;177;30;21;36;15
1344.0;21;34;24;44;176;32;19;36;14
1350.0;21;35;26;41;176;30;21;36;14
1356.0;17;35;22;41;177;29;26;36;17
1362.0;17;35;24;41;181;28;21;36;17
1368.0;18;34;22;40;182;28;21;35;20
1374.0;18;36;20;38;185;28;22;35;18
1380.0;19;35;19;38;184;26;27;33;19
1386.0;18;34;18;40;182;26;30;32;20
1392.0;17;35;18;41;181;29;32;31;16
1398.0;17;36;15;42;178;35;29;32;16
1404.0;19;33;15;39;181;37;30;28;18
1410.0;18;34;15;41;181;37;28;28;18
1416.0;19;33;16;42;182;40;24;28;16
1422.0;18;34;17;43;182;38;24;28;16
1428.0;18;33;17;42;180;41;19;33;17
1434.0;18;36;17;40;177;42;20;33;17
1440.0;16;38;16;39;177;43;20;33;18
1446.0;17;38;15;41;175;43;20;33;18
1452.0;22;35;14;39;175;42;19;34;20
1458.0;21;36;16;38;176;41;19;32;21
1464.0;21;37;14;40;174;43;18;32;21
1470.0;22;38;13;40;175;41;17;29;25
1476.0;20;41;10;40;175;40;21;29;24
1482.0;20;39;10;43;178;43;20;27;20
1488.0;19;37;10;41;180;43;22;26;22
1494.0;21;41;10;43;181;39;19;26;20
1500.0;21;40;11;44;180;38;19;26;21
1506.0;24;41;12;45;175;40;18;25;20
1512.0;21;38;11;48;177;40;21;27;17
1518.0;22;39;8;48;176;39;20;31;17
1524.0;23;39;7;49;177;39;19;31;16
1530.0;20;38;11;45;180;39;18;32;17
1536.0;22;42;10;43;182;37;18;32;14
1542.0;21;38;11;42;182;39;19;34;14
1548.0;25;39;13;44;181;40;17;29;12
1554.0;29;35;15;44;182;38;18;27;12
1560.0;26;39;13;42;183;36;19;31;11
1566.0;25;39;14;42;180;35;20;32;13
1572.0;24;36;21;42;181;34;19;31;12
1578.0;22;37;20;42;185;31;17;32;14
1584.0;23;40;21;43;185;30;12;33;13
1590.0;25;38;19;42;187;29;12;32;16
1596.0;23;40;21;40;189;27;12;31;17
1602.0;21;40;21;40;189;28;15;31;15
1608.0;21;40;21;40;188;30;16;30;14
1614.0;23;40;18;43;188;31;14;30;13
1620.0;23;37;17;40;188;32;16;32;15
1626.0;23;36;15;40;188;32;16;35;15
1632.0;21;38;17;40;187;31;15;35;16
1638.0;20;36;16;39;188;35;15;36;15
1644.0;18;33;21;39;190;38;15;32;14
1650.0;18;35;22;38;190;36;18;32;11
1656.0;16;36;21;38;190;34;21;32;12
1662.0;16;35;18;38;191;36;20;32;14
1668.0;16;36;18;38;191;37;16;34;14
1674.0;15;37;13;38;193;35;17;35;17
1680.0;14;42;11;37;192;38;18;31;17
1686.0;15;40;11;39;193;39;18;29;16
1692.0;13;40;9;41;193;37;19;31;17
1698.0;15;42;9;40;191;38;19;30;16
1704.0;13;49;10;39;188;40;16;28;17
1710.0;13;47;10;39;189;39;19;29;15
1716.0;13;46;11;38;187;39;20;30;16
1722.0;14;45;13;37;184;41;21;31;14
1728.0;12;45;16;34;182;38;23;34;16
1734.0;10;46;17;39;179;40;20;34;15
1740.0;10;48;18;37;179;41;18;36;13
1746.0;9;50;18;34;179;42;15;39;14
1752.0;11;48;17;33;179;39;16;38;19
1758.0;15;47;17;33;183;35;16;35;19
1764.0;15;48;15;35;180;35;19;34;19
1770.0;13;48;15;33;180;37;19;34;21
1776.0;13;46;18;33;182;35;22;32;19
1782.0;15;46;19;35;180;34;21;31;19
1788.0;14;47;18;33;183;36;21;32;16
1794.0;14;46;16;36;184;35;23;29;17
