#auto generated file!
12.0;21;22;19;27;25;18;21;15;12
18.0;21;24;17;27;26;19;20;15;11
24.0;20;26;16;28;26;20;19;15;10
30.0;19;26;15;28;29;20;16;17;10
36.0;17;22;14;31;31;20;15;19;11
42.0;15;21;12;33;32;20;15;20;12
48.0;14;22;12;35;32;19;16;20;10
54.0;16;23;10;34;34;21;14;19;9
60.0;17;26;10;31;34;20;13;19;10
66.0;17;27;9;29;35;23;12;20;8
72.0;16;24;11;28;39;22;12;19;9
78.0;15;25;11;30;38;20;13;21;7
84.0;18;24;11;28;38;17;14;23;7
90.0;19;23;12;28;39;17;12;22;8
96.0;17;22;11;27;40;16;13;26;8
102.0;16;23;10;27;40;17;13;27;7
108.0;15;23;8;28;39;16;15;27;9
114.0;15;20;10;28;38;16;15;29;9
120.0;15;20;8;30;39;19;12;29;8
126.0;16;20;7;31;39;19;12;28;8
132.0;15;16;7;33;39;19;12;29;10
138.0;13;17;8;31;40;18;10;31;12
144.0;13;18;8;29;41;16;11;32;12
150.0;12;17;11;30;41;16;9;32;12
156.0;12;18;11;28;41;16;9;31;14
162.0;11;17;12;30;41;16;9;31;13
168.0;10;21;13;29;41;15;8;29;14
174.0;8;23;14;29;41;17;9;23;16
180.0;10;24;13;29;41;17;10;23;13
186.0;10;25;13;30;42;16;10;24;10
192.0;13;25;11;29;44;16;9;23;10
198.0;9;25;15;30;45;16;6;25;9
204.0;9;23;15;30;46;18;6;23;10
210.0;10;23;16;30;45;19;8;22;7
216.0;11;24;16;29;45;19;6;23;7
222.0;10;25;15;31;44;18;6;25;6
228.0;8;26;18;29;45;15;5;27;7
234.0;8;27;16;28;46;16;4;27;8
240.0;8;27;13;27;47;18;5;25;10
246.0;7;27;14;25;47;17;7;25;11
252.0;9;28;14;24;47;16;7;25;10
258.0;10;26;12;23;47;16;8;28;10
264.0;10;26;12;23;45;17;8;29;10
270.0;10;26;12;23;46;17;7;28;11
276.0;8;28;8;22;47;19;8;28;12
282.0;8;29;12;21;49;17;8;27;9
288.0;7;29;11;21;49;17;11;26;9
294.0;7;28;9;21;50;18;13;26;8
300.0;7;30;9;20;50;18;12;24;10
306.0;8;31;10;19;48;15;13;26;10
312.0;9;30;10;20;48;13;14;25;11
318.0;8;29;10;20;48;13;14;27;11
324.0;8;29;10;17;49;13;16;27;11
330.0;9;31;8;18;49;14;14;26;11
336.0;9;29;10;15;50;14;15;27;11
342.0;6;28;11;16;53;15;16;26;9
348.0;6;30;8;17;52;14;16;28;9
354.0;6;27;10;17;54;13;14;30;9
360.0;6;25;10;17;56;12;13;29;12
366.0;5;27;10;18;58;11;12;26;13
372.0;5;27;10;20;57;11;11;26;13
378.0;5;25;8;22;57;12;13;24;14
384.0;4;25;7;24;57;14;14;25;10
390.0;5;24;7;24;57;18;13;23;9
396.0;8;26;7;23;59;15;12;22;8
402.0;8;26;8;23;60;16;12;19;8
408.0;8;26;10;23;60;14;12;22;5
414.0;8;27;12;20;60;13;13;22;5
420.0;8;27;12;21;59;13;13;21;6
426.0;7;29;12;21;59;13;10;22;7
432.0;7;29;11;20;61;15;10;20;7
438.0;6;28;11;18;61;16;11;23;6
444.0;6;29;11;19;61;15;11;23;5
450.0;6;29;9;20;62;14;12;23;5
456.0;7;27;10;20;60;15;12;24;5
462.0;8;26;11;20;63;16;11;21;4
468.0;7;25;12;20;60;17;13;22;4
474.0;6;23;13;19;62;18;11;23;5
480.0;6;24;13;20;62;16;11;22;6
486.0;5;24;11;20;61;15;16;21;7
492.0;5;24;9;18;62;18;13;21;10
498.0;6;20;10;17;62;18;13;23;11
504.0;9;20;10;17;61;16;13;23;11
510.0;9;20;10;15;62;18;13;23;10
516.0;7;21;10;16;60;20;11;24;11
522.0;7;22;10;15;63;19;12;21;11
528.0;7;23;8;16;63;19;11;21;12
534.0;8;22;11;16;62;18;12;20;11
540.0;7;22;11;15;64;22;10;19;10
546.0;8;21;9;14;64;24;10;19;11
552.0;9;21;10;12;67;20;10;19;12
558.0;9;22;10;14;67;18;10;19;11
564.0;8;22;10;16;66;20;9;19;10
570.0;10;24;10;15;67;18;8;19;9
576.0;9;24;10;14;67;19;9;18;10
582.0;8;25;9;16;66;17;11;18;10
588.0;10;23;9;17;67;19;8;15;12
594.0;10;23;7;18;66;21;8;16;11
600.0;13;25;6;18;65;20;6;17;10
606.0;13;24;6;19;66;20;6;20;6
612.0;12;25;5;19;67;20;7;20;5
618.0;9;28;6;18;68;21;6;19;5
624.0;9;26;7;17;70;21;6;19;5
630.0;9;25;7;15;70;22;8;18;6
636.0;10;25;8;16;71;21;7;16;6
642.0;6;23;10;16;74;22;6;17;6
648.0;7;20;9;17;73;21;9;16;8
654.0;9;18;8;17;75;22;10;15;6
660.0;8;16;7;19;75;24;10;14;7
666.0;8;15;6;18;75;26;12;11;9
672.0;11;13;6;18;74;25;14;10;9
678.0;10;13;8;17;75;26;13;10;8
684.0;11;14;8;17;74;26;13;10;7
690.0;9;16;9;17;73;24;16;10;6
696.0;10;16;10;17;71;22;15;12;7
702.0;13;16;10;15;71;22;13;11;9
708.0;12;17;12;17;71;19;12;11;9
714.0;12;16;13;18;71;19;9;14;8
720.0;12;14;12;17;71;19;9;15;11
726.0;15;14;11;15;70;18;9;14;14
732.0;12;13;12;17;68;20;12;13;13
738.0;11;11;15;17;68;18;12;14;14
744.0;11;9;15;17;68;19;14;13;14
750.0;12;14;14;19;67;19;9;12;14
756.0;15;14;13;20;68;17;8;11;14
762.0;16;12;14;20;69;16;7;13;13
768.0;15;14;15;17;69;17;7;14;12
774.0;14;14;13;18;70;17;7;14;13
780.0;11;14;13;20;72;19;6;14;11
786.0;11;17;13;20;71;20;4;15;9
792.0;9;20;9;19;70;23;4;16;10
798.0;9;21;8;17;71;24;4;16;10
804.0;9;21;8;16;70;24;4;18;10
810.0;9;18;6;17;70;25;4;19;12
816.0;10;19;6;18;70;22;7;16;12
822.0;11;19;6;18;70;20;7;19;10
828.0;11;21;5;18;71;20;7;16;11
834.0;12;23;6;16;71;20;6;16;10
840.0;12;21;4;16;71;17;9;17;13
846.0;12;20;5;15;72;17;8;17;14
852.0;11;19;6;14;70;22;7;17;14
858.0;11;19;6;14;70;24;6;18;12
864.0;11;19;6;14;69;25;6;18;12
870.0;11;20;5;16;69;23;5;19;12
876.0;9;20;7;15;70;24;5;18;12
882.0;10;20;7;15;71;23;4;18;12
888.0;11;20;8;15;71;22;4;18;11
894.0;11;22;8;15;72;21;3;17;11
900.0;10;19;8;14;74;20;4;19;12
906.0;9;19;10;16;71;20;4;18;13
912.0;8;18;9;15;71;21;4;20;14
918.0;8;19;10;15;71;20;6;18;13
924.0;8;20;11;14;71;19;5;19;13
930.0;9;19;11;15;71;18;3;20;14
936.0;11;17;11;15;72;18;6;18;12
942.0;11;17;11;16;72;17;6;19;11
948.0;12;17;10;16;73;16;5;20;11
954.0;12;18;9;15;72;16;6;21;11
960.0;12;20;9;17;71;15;8;19;9
966.0;9;19;11;18;74;14;8;18;9
972.0;8;17;14;19;73;13;9;18;9
978.0;7;14;11;20;76;13;11;18;10
984.0;6;14;11;19;75;13;10;19;13
990.0;6;15;11;19;76;13;10;17;13
996.0;8;16;10;19;81;11;10;15;10
1002.0;9;15;11;18;82;9;10;16;10
1008.0;8;15;12;18;83;8;9;16;11
1014.0;8;14;12;21;82;8;9;15;11
1020.0;8;15;11;21;82;8;8;14;13
1026.0;6;16;14;19;83;5;11;15;11
1032.0;4;18;12;20;83;6;11;15;11
1038.0;3;21;12;19;83;8;9;14;11
1044.0;4;20;12;18;83;8;10;13;12
1050.0;4;20;11;17;83;10;9;13;13
1056.0;6;21;10;17;80;11;9;13;13
1062.0;6;22;13;17;80;12;9;10;11
1068.0;9;19;11;17;82;12;8;11;11
1074.0;10;19;11;18;81;12;5;12;12
1080.0;10;19;13;17;78;13;5;13;12
1086.0;11;19;12;18;76;15;5;14;10
1092.0;10;19;12;17;75;17;4;17;9
1098.0;14;18;12;16;76;17;1;18;8
1104.0;13;18;12;16;75;16;1;18;11
1110.0;14;18;11;18;75;16;2;18;8
1116.0;14;16;11;20;76;15;2;18;8
1122.0;13;15;10;20;75;13;5;18;11
1128.0;12;15;9;20;77;13;6;17;11
1134.0;11;14;10;20;76;14;6;16;13
1140.0;9;15;13;19;74;15;6;15;14
1146.0;10;14;13;20;73;16;8;15;11
1152.0;8;13;12;22;73;16;10;16;10
1158.0;9;11;11;21;74;16;11;18;9
1164.0;8;13;12;22;72;16;9;16;12
1170.0;5;13;13;22;73;18;9;16;11
1176.0;5;13;13;22;74;18;8;16;11
1182.0;7;13;11;23;73;18;7;14;14
1188.0;7;13;10;23;76;18;8;14;11
1194.0;7;15;10;22;77;18;7;13;11
1200.0;8;15;11;21;75;18;8;14;10
1206.0;10;14;11;20;73;18;8;13;13
1212.0;10;14;12;18;73;19;8;13;13
1218.0;8;15;12;18;73;23;6;13;12
1224.0;10;15;11;14;75;23;6;14;12
1230.0;10;15;11;14;76;24;4;14;12
1236.0;10;17;11;14;76;21;4;15;12
1242.0;8;17;12;14;77;17;5;17;13
1248.0;10;17;10;17;76;17;5;18;10
1254.0;9;17;10;16;78;16;5;18;11
1260.0;9;18;11;16;77;16;5;19;9
1266.0;11;17;9;14;76;17;8;18;10
1272.0;9;15;10;15;75;17;9;19;11
1278.0;7;15;9;17;75;18;8;18;13
1284.0;6;15;9;17;75;18;7;19;14
1290.0;6;12;9;18;76;20;7;17;15
1296.0;8;12;6;18;75;22;6;17;16
1302.0;8;10;8;17;76;22;6;19;14
1308.0;8;13;7;15;74;19;8;19;17
1314.0;7;12;6;15;74;20;9;21;16
1320.0;9;12;4;14;75;22;10;20;14
1326.0;9;10;3;16;78;22;10;21;11
1332.0;10;8;4;15;79;21;10;22;11
1338.0;9;8;5;16;78;21;10;22;11
1344.0;8;10;5;16;77;21;9;24;10
1350.0;8;11;5;17;78;21;9;23;8
1356.0;8;11;5;18;78;19;9;24;8
1362.0;7;8;5;20;79;20;8;24;9
1368.0;7;8;6;18;80;20;9;23;9
1374.0;6;8;6;18;78;21;10;23;10
1380.0;7;6;6;18;78;19;13;23;10
1386.0;8;7;5;18;78;20;12;23;9
1392.0;11;8;5;17;78;20;11;22;8
1398.0;11;7;6;17;79;18;13;21;8
1404.0;10;7;6;18;80;18;12;20;9
1410.0;11;7;9;17;78;18;10;19;11
1416.0;12;8;9;18;77;17;9;18;12
1422.0;11;10;9;18;78;16;7;19;12
1428.0;11;10;7;18;79;15;8;17;15
1434.0;11;10;8;19;78;14;8;16;16
1440.0;9;11;10;19;80;14;7;16;14
1446.0;12;12;9;17;80;14;5;16;15
1452.0;11;13;7;17;81;15;5;16;15
1458.0;12;15;8;18;80;17;5;14;11
1464.0;10;15;8;17;80;17;7;15;11
1470.0;9;14;11;16;81;17;7;15;10
1476.0;9;14;10;16;79;15;10;17;10
1482.0;6;14;9;15;79;15;13;17;12
1488.0;6;15;7;15;79;17;11;18;12
1494.0;6;15;8;15;79;17;9;18;13
1500.0;5;14;11;16;79;17;9;18;11
1506.0;4;15;11;16;79;15;11;18;11
1512.0;3;15;13;15;77;16;13;18;10
1518.0;4;13;13;16;77;15;12;19;11
1524.0;5;13;11;16;74;15;12;21;13
1530.0;5;16;10;16;74;15;12;19;13
1536.0;5;17;11;15;74;14;11;19;14
1542.0;5;17;13;15;73;13;13;19;12
1548.0;6;19;13;15;73;12;11;18;13
1554.0;7;20;13;14;73;10;12;19;12
1560.0;8;18;14;17;70;8;13;20;12
1566.0;8;17;12;18;71;8;13;20;13
1572.0;9;18;10;19;71;11;13;18;11
1578.0;8;17;11;19;72;14;13;18;8
1584.0;7;16;10;20;72;15;13;19;8
1590.0;7;16;11;18;73;15;14;19;7
1596.0;8;14;10;19;73;15;13;21;7
1602.0;7;14;10;19;74;13;15;20;8
1608.0;9;14;9;18;73;14;13;22;8
1614.0;9;14;7;18;73;16;14;20;9
1620.0;9;16;8;17;73;16;14;19;8
1626.0;9;15;8;17;74;18;13;17;9
1632.0;7;15;7;19;74;17;14;17;10
1638.0;8;15;6;18;74;17;15;17;10
1644.0;9;15;7;19;73;18;14;18;7
1650.0;9;16;6;19;74;19;13;19;5
1656.0;9;16;6;21;73;19;11;20;5
1662.0;9;15;6;20;75;19;12;17;7
1668.0;9;15;6;20;76;18;12;18;6
1674.0;7;17;6;21;73;21;11;17;7
1680.0;7;18;5;23;71;21;11;17;7
1686.0;8;17;5;21;71;21;11;20;6
1692.0;7;18;5;24;71;19;11;20;5
1698.0;7;16;4;23;70;20;13;20;7
1704.0;7;15;6;24;69;20;12;20;7
1710.0;8;15;7;22;69;20;10;23;6
1716.0;8;17;7;23;68;19;10;21;7
1722.0;10;16;7;23;67;19;9;21;8
1728.0;12;16;7;22;67;19;6;23;8
1734.0;9;15;8;23;67;18;6;22;12
1740.0;9;18;9;22;66;19;6;21;10
1746.0;7;20;8;22;66;20;5;20;12
1752.0;8;21;8;21;65;17;6;22;12
1758.0;8;19;9;21;65;18;8;21;11
1764.0;6;20;9;21;67;19;8;21;9
1770.0;6;21;9;20;68;19;7;21;9
1776.0;8;20;9;19;69;19;4;23;9
1782.0;7;22;9;18;70;19;4;22;9
1788.0;6;22;11;17;71;18;4;22;9
1794.0;5;22;13;15;72;17;3;24;9
