#auto generated file!
12.0;45;42;42;32;47;44;36;39;53
18.0;43;43;39;34;48;42;41;38;52
24.0;42;47;40;34;48;43;39;38;49
30.0;44;46;42;35;50;45;40;35;43
36.0;41;47;39;34;53;46;41;34;45
42.0;40;48;37;33;54;47;43;35;43
48.0;37;48;37;33;57;46;42;35;45
54.0;36;50;37;33;58;46;44;36;40
60.0;36;49;36;34;63;48;41;36;37
66.0;35;52;36;35;65;44;38;38;37
72.0;39;50;32;35;71;47;40;37;29
78.0;38;52;32;36;73;47;38;37;27
84.0;34;56;37;37;73;46;35;38;24
90.0;33;50;36;37;75;46;34;41;28
96.0;36;52;36;35;76;45;32;38;30
102.0;34;52;35;37;81;47;28;38;28
108.0;33;52;36;37;82;47;25;41;27
114.0;34;52;31;41;85;48;25;38;26
120.0;30;53;30;42;86;47;27;37;28
126.0;31;54;28;41;87;47;24;42;26
132.0;32;58;26;41;87;47;21;43;25
138.0;34;55;22;46;85;47;24;44;23
144.0;32;58;24;43;89;46;20;43;25
150.0;29;58;25;46;90;46;20;42;24
156.0;30;52;25;44;93;50;22;43;21
162.0;31;48;26;48;93;50;20;40;24
168.0;32;47;26;49;94;48;18;41;25
174.0;32;47;28;45;95;48;19;41;25
180.0;29;43;31;46;95;48;22;43;23
186.0;30;43;34;44;96;45;25;43;20
192.0;27;40;33;46;95;47;26;45;21
198.0;29;44;34;48;95;44;22;44;20
204.0;30;45;33;50;93;40;25;45;19
210.0;31;47;25;49;94;42;23;48;21
216.0;30;45;24;47;98;43;23;50;20
222.0;30;48;22;48;97;43;20;51;21
228.0;31;46;23;49;96;43;18;52;22
234.0;30;44;22;50;97;44;18;53;22
240.0;31;42;22;51;98;44;20;51;21
246.0;31;38;19;50;101;42;27;49;23
252.0;29;37;17;45;105;43;31;50;23
258.0;28;37;15;46;107;44;27;52;24
264.0;26;37;13;46;106;44;27;52;29
270.0;26;39;13;47;107;43;27;49;29
276.0;24;41;14;45;106;46;25;47;32
282.0;21;42;15;46;106;46;26;47;31
288.0;22;42;14;46;105;44;27;46;34
294.0;22;41;17;46;105;43;27;49;30
300.0;21;42;21;46;106;43;23;44;34
306.0;20;39;20;47;107;44;23;45;35
312.0;21;39;18;46;109;47;22;43;35
318.0;20;41;18;45;111;47;22;42;34
324.0;19;42;19;45;110;47;22;41;35
330.0;21;39;21;45;113;42;21;45;33
336.0;22;37;21;44;113;44;22;45;32
342.0;19;40;23;43;116;41;21;43;34
348.0;17;42;23;41;116;42;23;44;32
354.0;14;42;23;41;116;46;23;42;33
360.0;15;40;20;46;116;43;24;42;34
366.0;14;41;21;46;119;46;21;39;33
372.0;14;41;19;46;123;46;21;40;30
378.0;14;41;20;47;121;46;21;41;29
384.0;13;41;23;51;121;43;20;45;23
390.0;14;41;25;52;118;42;18;44;26
396.0;15;42;26;49;118;40;20;45;25
402.0;15;42;28;47;121;39;21;44;23
408.0;18;40;24;46;123;40;21;45;23
414.0;14;39;25;50;123;36;25;45;23
420.0;15;42;21;49;121;38;27;43;24
426.0;16;39;23;49;120;41;25;45;22
432.0;16;40;22;48;119;45;22;46;22
438.0;15;44;24;46;119;46;18;48;20
444.0;18;42;21;45;118;49;18;47;22
450.0;20;42;19;48;119;46;18;44;24
456.0;20;41;16;48;122;47;18;43;25
462.0;21;41;16;45;125;44;20;41;27
468.0;22;40;18;45;123;43;22;41;26
474.0;22;37;17;49;124;44;23;40;24
480.0;21;41;17;48;128;41;24;38;22
486.0;26;41;16;45;126;40;23;40;23
492.0;27;39;16;45;128;39;20;41;25
498.0;25;38;16;48;129;41;18;41;24
504.0;26;40;17;44;131;39;19;39;25
510.0;22;40;19;47;129;41;19;40;23
516.0;23;42;17;46;130;40;18;40;24
522.0;22;42;17;45;130;35;21;41;27
528.0;25;43;18;46;130;33;18;40;27
534.0;24;44;17;45;133;33;18;38;28
540.0;19;45;14;46;134;36;16;42;28
546.0;19;45;14;43;136;36;17;41;29
552.0;17;43;14;44;136;38;19;41;28
558.0;16;37;17;46;138;37;18;43;28
564.0;20;34;14;47;141;40;20;39;25
570.0;18;34;15;48;137;43;19;40;26
576.0;17;35;15;50;137;43;20;39;24
582.0;19;39;14;46;139;41;19;38;25
588.0;19;38;16;50;137;41;18;36;25
594.0;19;39;16;50;140;44;15;31;26
600.0;21;39;17;46;140;43;16;28;30
606.0;24;38;16;44;141;41;16;28;32
612.0;25;39;16;44;143;39;15;31;28
618.0;26;40;11;49;142;37;16;29;30
624.0;27;40;12;48;140;36;18;28;31
630.0;26;41;13;47;143;38;17;29;26
636.0;24;43;14;42;145;38;17;28;29
642.0;22;42;15;43;145;41;17;28;27
648.0;21;39;14;44;144;43;20;28;27
654.0;21;38;14;44;145;47;21;25;25
660.0;23;35;13;41;149;50;20;23;26
666.0;20;34;13;40;148;53;20;26;26
672.0;18;34;14;40;147;51;18;30;28
678.0;19;34;15;41;148;49;15;30;29
684.0;18;32;19;43;147;49;14;31;27
690.0;17;31;22;43;145;52;15;30;25
696.0;18;34;24;43;146;53;14;26;22
702.0;20;35;24;40;146;51;16;23;25
708.0;21;38;23;40;145;48;17;24;24
714.0;23;37;22;40;148;48;16;23;23
720.0;19;39;22;42;148;48;15;25;22
726.0;17;38;23;41;149;49;19;24;20
732.0;15;38;22;39;152;48;19;26;21
738.0;12;37;24;39;151;46;22;28;21
744.0;15;40;25;36;150;46;23;25;20
750.0;16;39;23;32;151;45;27;25;22
756.0;15;40;26;32;152;44;25;26;20
762.0;16;37;28;33;156;41;26;23;20
768.0;14;35;30;34;154;42;26;26;19
774.0;14;33;33;33;154;41;24;29;19
780.0;16;33;34;33;155;38;22;29;20
786.0;19;31;28;35;154;38;24;31;20
792.0;17;33;29;34;153;35;24;36;19
798.0;20;28;27;36;156;35;24;36;18
804.0;23;29;27;33;156;38;21;36;17
810.0;19;30;24;32;159;41;25;33;17
816.0;18;29;23;31;160;41;24;33;21
822.0;14;28;22;30;162;38;27;36;23
828.0;12;29;23;30;164;41;24;34;23
834.0;17;30;22;26;165;42;24;33;21
840.0;16;31;21;26;165;39;24;33;25
846.0;17;33;19;29;166;38;23;33;22
852.0;15;34;18;29;168;36;23;33;24
858.0;17;34;17;31;164;35;24;34;24
864.0;17;33;22;29;162;37;22;34;24
870.0;16;33;21;28;162;39;20;37;24
876.0;18;31;20;28;161;39;17;41;25
882.0;18;35;21;26;159;41;19;37;24
888.0;19;38;20;24;157;41;20;34;27
894.0;21;36;22;25;157;41;19;36;23
900.0;21;40;21;25;157;40;18;37;21
906.0;20;41;22;26;154;41;18;39;19
912.0;19;42;24;26;153;41;16;38;21
918.0;15;43;25;27;155;43;15;36;21
924.0;14;40;27;27;158;42;17;36;19
930.0;13;38;25;30;158;43;16;36;21
936.0;14;38;19;30;159;45;19;36;20
942.0;15;39;20;31;158;45;20;35;17
948.0;13;41;18;31;157;42;21;36;21
954.0;15;40;21;31;155;38;23;35;22
960.0;18;42;19;28;157;39;24;32;21
966.0;18;45;20;28;157;40;21;30;21
972.0;19;46;21;29;155;42;17;31;20
978.0;19;48;18;29;154;41;17;32;22
984.0;19;46;18;30;154;45;18;33;17
990.0;17;44;17;32;154;46;17;35;18
996.0;18;44;17;31;156;46;17;33;18
1002.0;18;44;17;32;157;42;19;34;17
1008.0;15;44;18;32;159;40;19;32;21
1014.0;13;44;19;33;161;41;18;32;19
1020.0;16;44;23;35;156;39;17;30;20
1026.0;17;48;24;34;156;40;15;26;20
1032.0;19;49;22;35;153;40;15;25;22
1038.0;22;50;23;34;152;40;14;24;21
1044.0;22;49;22;34;151;39;18;25;20
1050.0;20;51;19;34;152;33;21;26;24
1056.0;19;51;21;33;152;32;25;27;20
1062.0;20;52;20;30;151;34;21;27;25
1068.0;18;48;20;32;150;36;22;27;27
1074.0;18;45;20;35;150;38;22;28;24
1080.0;14;46;20;35;152;39;18;31;25
1086.0;16;46;17;39;153;38;15;31;25
1092.0;20;46;19;40;153;36;15;29;22
1098.0;18;45;19;41;153;36;15;29;24
1104.0;17;43;17;44;156;36;15;29;23
1110.0;17;46;19;42;155;37;14;30;20
1116.0;16;49;18;44;155;37;13;30;18
1122.0;13;48;19;44;157;36;14;30;19
1128.0;15;46;21;48;153;35;12;32;18
1134.0;14;45;19;48;156;36;15;30;17
1140.0;14;42;19;48;156;34;18;30;19
1146.0;16;43;19;46;153;36;18;31;18
1152.0;15;41;21;45;156;37;17;31;17
1158.0;16;41;20;43;158;36;17;32;17
1164.0;14;43;22;42;157;36;18;34;14
1170.0;17;44;22;44;153;36;19;33;12
1176.0;18;46;20;40;156;33;18;36;13
1182.0;23;43;24;43;154;32;16;33;12
1188.0;25;45;22;44;156;34;9;32;13
1194.0;25;43;21;43;157;33;11;32;15
1200.0;23;42;19;45;155;37;10;33;16
1206.0;23;40;22;42;155;37;10;32;19
1212.0;24;37;22;43;155;37;12;32;18
1218.0;24;38;22;43;156;37;14;30;16
1224.0;23;37;18;39;161;41;14;31;16
1230.0;24;37;18;37;161;41;15;31;16
1236.0;30;36;18;36;157;42;14;33;14
1242.0;28;36;18;33;157;40;15;36;17
1248.0;31;36;18;28;157;38;17;36;19
1254.0;28;40;18;27;156;38;18;35;20
1260.0;28;39;21;28;155;41;17;36;15
1266.0;28;39;22;29;156;38;18;34;16
1272.0;26;40;21;26;155;38;17;37;20
1278.0;24;41;19;25;157;35;16;40;23
1284.0;22;40;20;25;158;35;17;37;26
1290.0;23;37;20;26;158;36;18;37;25
1296.0;24;38;22;27;159;32;17;39;22
1302.0;22;39;25;28;161;32;17;36;20
1308.0;21;37;24;23;164;35;18;38;20
1314.0;21;39;23;22;166;38;17;35;19
1320.0;19;40;22;24;168;36;18;35;18
1326.0;20;37;23;28;173;32;16;35;16
1332.0;19;34;21;29;173;33;17;36;18
1338.0;18;33;22;29;175;33;17;37;16
1344.0;16;31;22;29;174;35;15;37;21
1350.0;15;30;24;29;174;35;17;36;20
1356.0;13;31;19;29;176;37;16;39;20
1362.0;14;30;18;32;177;35;14;40;20
1368.0;15;27;19;32;178;35;14;37;23
1374.0;17;27;19;33;181;34;12;36;21
1380.0;16;27;21;32;178;32;13;40;21
1386.0;18;24;22;32;176;34;13;40;21
1392.0;19;24;21;31;175;34;13;40;23
1398.0;16;24;21;31;173;36;14;40;25
1404.0;17;22;21;30;176;37;15;36;26
1410.0;17;24;23;29;176;34;14;38;25
1416.0;16;23;24;29;176;35;19;36;22
1422.0;15;23;22;34;177;33;17;35;24
1428.0;13;24;23;36;176;33;18;34;23
1434.0;16;21;25;34;176;37;19;31;21
1440.0;16;22;23;32;173;40;21;30;23
1446.0;18;21;25;30;170;40;19;33;24
1452.0;17;21;23;32;170;43;18;32;24
1458.0;20;18;22;36;171;42;17;32;22
1464.0;20;19;19;34;173;42;18;31;24
1470.0;19;20;17;36;173;43;19;29;24
1476.0;20;22;17;34;172;42;19;31;23
1482.0;18;24;18;33;171;41;17;31;27
1488.0;17;25;16;31;169;43;18;31;30
1494.0;17;23;16;31;167;44;18;34;30
1500.0;19;25;17;33;159;44;20;33;30
1506.0;18;24;19;35;156;45;18;32;33
1512.0;20;28;15;38;155;48;15;31;30
1518.0;22;29;13;36;156;47;16;32;29
1524.0;19;33;12;34;159;45;16;31;31
1530.0;21;34;10;35;159;44;19;32;26
1536.0;21;32;9;33;159;46;22;31;27
1542.0;22;34;10;34;157;45;22;31;25
1548.0;23;30;12;33;157;46;22;32;25
1554.0;22;27;16;36;159;43;20;32;25
1560.0;23;24;16;35;162;44;17;33;26
1566.0;21;25;17;35;159;47;19;34;23
1572.0;19;25;17;36;159;48;20;34;22
1578.0;18;27;17;34;161;47;21;34;21
1584.0;16;27;15;36;163;47;22;32;22
1590.0;12;28;16;39;162;48;21;33;21
1596.0;12;29;15;39;164;46;20;36;19
1602.0;13;31;15;40;158;48;22;36;17
1608.0;14;32;13;40;160;45;21;36;19
1614.0;13;32;14;39;163;48;19;34;18
1620.0;13;37;14;41;161;45;17;33;19
1626.0;15;39;9;43;162;40;19;35;18
1632.0;15;38;8;44;163;41;17;36;18
1638.0;15;36;9;44;164;40;19;35;18
1644.0;16;35;10;46;161;41;18;36;17
1650.0;17;35;9;45;163;41;18;34;18
1656.0;16;33;10;47;164;39;18;36;17
1662.0;17;32;11;47;162;40;17;34;20
1668.0;15;31;11;48;164;41;17;35;18
1674.0;15;30;12;47;164;41;16;35;20
1680.0;16;33;10;41;163;41;16;36;24
1686.0;17;32;12;41;161;41;16;36;24
1692.0;18;31;14;41;162;40;14;36;24
1698.0;17;28;15;42;163;41;14;36;24
1704.0;14;28;17;45;163;40;14;36;23
1710.0;14;30;17;45;165;38;14;37;20
1716.0;17;31;14;49;162;36;15;39;17
1722.0;19;29;13;50;162;33;16;38;20
1728.0;19;30;14;49;163;31;15;36;23
1734.0;19;28;13;47;164;32;17;35;25
1740.0;19;29;11;48;162;32;17;37;25
1746.0;19;27;15;46;161;35;18;35;24
1752.0;21;25;13;45;163;36;19;36;22
1758.0;20;26;15;44;165;36;19;34;21
1764.0;20;28;16;41;164;38;18;33;22
1770.0;17;32;14;43;164;40;14;31;25
1776.0;21;31;17;42;163;36;13;31;26
1782.0;21;33;18;41;163;40;13;28;23
1788.0;17;32;21;42;163;41;14;28;22
1794.0;19;32;22;42;163;39;13;29;21
