#auto generated file!
12.0;50;53;48;32;51;47;62;62;45
18.0;48;52;46;37;55;52;56;61;43
24.0;45;55;43;36;57;56;52;64;42
30.0;45;55;40;38;60;60;49;65;38
36.0;45;56;41;41;63;58;48;63;35
42.0;47;54;39;41;65;59;49;63;33
48.0;44;55;37;45;66;58;45;67;33
54.0;40;53;41;45;70;60;46;62;33
60.0;40;54;39;47;73;60;46;64;27
66.0;39;52;36;49;75;57;52;62;28
72.0;43;56;34;51;77;55;43;63;28
78.0;39;54;33;53;79;59;43;60;30
84.0;35;56;31;55;81;59;43;60;30
90.0;31;53;31;55;85;59;40;64;32
96.0;29;52;34;52;85;58;41;68;31
102.0;32;54;36;55;87;54;38;63;31
108.0;34;53;38;57;87;54;35;62;30
114.0;33;57;37;58;87;54;35;58;31
120.0;31;57;35;56;88;56;34;58;35
126.0;30;58;37;54;89;53;33;60;36
132.0;29;59;35;51;93;54;33;61;35
138.0;25;59;36;51;94;54;37;65;29
144.0;30;59;37;49;96;53;33;65;28
150.0;29;58;36;48;98;50;36;67;28
156.0;27;57;36;48;100;53;34;69;26
162.0;28;54;40;48;100;52;31;70;27
168.0;27;53;39;43;102;51;31;70;34
174.0;24;49;40;42;107;52;31;70;35
180.0;27;48;38;42;106;57;29;71;32
186.0;27;54;35;44;107;56;23;72;32
192.0;26;54;35;43;109;57;23;77;26
198.0;28;56;33;44;109;58;25;72;25
204.0;27;55;33;44;110;56;25;73;27
210.0;25;54;32;44;112;55;26;76;26
216.0;27;54;30;45;113;58;25;74;24
222.0;28;53;29;43;115;60;28;74;20
228.0;28;51;30;41;118;64;28;72;18
234.0;26;46;33;43;122;64;29;67;20
240.0;25;44;37;44;127;59;27;65;22
246.0;27;43;36;43;127;53;28;67;26
252.0;25;45;36;48;128;53;31;61;23
258.0;29;41;37;46;128;55;32;60;22
264.0;29;42;36;48;129;54;32;59;21
270.0;29;41;33;51;129;53;32;59;23
276.0;26;44;33;49;132;55;30;59;22
282.0;27;41;33;49;130;61;29;60;20
288.0;26;43;32;50;132;61;30;57;19
294.0;24;46;30;49;136;60;28;57;20
300.0;23;51;31;48;137;59;26;57;18
306.0;24;53;30;52;140;54;25;56;16
312.0;24;52;29;53;143;55;25;54;15
318.0;23;51;29;52;146;54;24;55;16
324.0;24;53;28;53;146;50;23;54;19
330.0;22;52;31;54;146;51;23;51;20
336.0;23;54;31;52;147;49;23;52;19
342.0;21;55;31;51;146;53;26;49;18
348.0;21;55;31;48;148;53;23;48;23
354.0;21;55;28;48;151;54;21;50;22
360.0;22;55;30;48;148;58;20;49;20
366.0;20;56;27;50;146;51;25;51;24
372.0;20;53;24;54;149;54;24;49;23
378.0;21;53;24;52;149;51;28;48;24
384.0;23;52;24;49;153;52;28;48;21
390.0;23;50;22;52;154;53;28;48;20
396.0;23;48;26;51;155;47;30;49;21
402.0;21;44;27;49;155;51;29;51;23
408.0;25;44;28;51;155;46;25;54;22
414.0;26;44;28;48;156;47;27;52;22
420.0;27;44;29;45;155;50;24;50;26
426.0;29;45;27;43;158;50;25;48;25
432.0;28;47;25;49;158;46;26;47;24
438.0;23;48;26;49;159;49;25;50;21
444.0;23;46;26;51;164;49;25;49;17
450.0;21;47;27;50;169;48;22;49;17
456.0;25;45;27;50;170;43;20;51;19
462.0;22;42;26;51;169;48;18;53;21
468.0;22;41;27;47;168;50;19;50;26
474.0;25;41;30;47;170;47;21;47;22
480.0;27;40;35;45;167;47;19;49;21
486.0;30;41;32;45;168;49;21;44;20
492.0;28;41;32;45;170;54;19;42;19
498.0;29;44;29;46;172;54;15;41;20
504.0;29;44;30;47;175;51;14;39;21
510.0;30;44;31;47;179;51;12;38;18
516.0;28;45;23;48;184;50;15;38;19
522.0;27;47;19;50;187;49;20;36;15
528.0;24;48;20;48;187;47;22;39;15
534.0;23;50;20;47;186;43;24;39;18
540.0;22;50;20;48;187;41;24;41;17
546.0;22;54;21;47;187;37;26;39;17
552.0;23;51;23;46;190;36;26;37;18
558.0;25;54;23;48;189;35;21;34;21
564.0;22;53;22;48;190;36;22;36;21
570.0;22;53;23;47;187;36;23;37;22
576.0;20;51;25;44;187;36;24;38;25
582.0;20;46;26;46;187;36;25;36;28
588.0;21;44;27;46;189;37;24;37;25
594.0;22;40;27;47;187;37;24;39;27
600.0;22;43;27;46;188;38;22;38;26
606.0;20;42;25;45;192;36;27;37;26
612.0;23;43;25;48;192;35;27;34;23
618.0;25;41;25;50;193;35;24;34;23
624.0;28;42;25;51;191;38;21;32;22
630.0;28;36;24;54;192;39;21;34;22
636.0;26;37;23;55;192;40;21;34;22
642.0;26;38;22;55;193;38;19;39;20
648.0;25;35;22;52;194;38;20;43;21
654.0;24;39;19;52;195;39;19;41;22
660.0;22;38;20;51;197;41;18;39;24
666.0;20;37;22;49;197;44;19;39;23
672.0;21;37;21;48;196;44;19;43;21
678.0;19;36;22;48;196;45;21;43;20
684.0;20;37;21;47;198;47;20;44;16
690.0;20;39;21;46;198;47;20;44;15
696.0;18;37;21;46;201;46;22;43;16
702.0;17;39;23;42;202;46;26;40;15
708.0;20;38;21;44;202;48;25;36;16
714.0;20;38;23;46;200;46;25;36;16
720.0;21;37;22;45;199;49;24;36;17
726.0;24;37;21;46;198;44;24;36;20
732.0;23;36;18;48;199;44;26;33;23
738.0;21;35;21;47;197;45;28;35;21
744.0;21;33;21;46;200;45;27;35;22
750.0;19;32;23;47;198;46;28;35;22
756.0;19;33;22;45;200;42;29;36;24
762.0;18;33;19;46;201;40;29;38;26
768.0;17;35;18;45;200;40;29;40;26
774.0;16;33;18;42;201;42;30;41;27
780.0;15;37;16;43;200;43;30;41;25
786.0;16;39;16;43;198;42;29;42;25
792.0;16;39;17;44;196;44;29;40;25
798.0;18;37;21;42;195;42;30;37;28
804.0;22;34;22;44;196;40;28;39;25
810.0;21;38;22;42;195;41;28;39;24
816.0;23;37;22;44;196;41;29;38;20
822.0;25;37;19;43;200;38;28;41;19
828.0;24;39;21;42;204;37;27;40;16
834.0;26;39;21;41;205;36;26;42;14
840.0;28;38;19;40;205;37;26;39;18
846.0;26;37;21;39;203;39;23;42;20
852.0;28;36;21;41;203;36;22;42;21
858.0;28;37;21;39;201;34;25;43;22
864.0;25;36;21;39;205;36;26;42;20
870.0;21;39;20;39;209;37;28;38;19
876.0;20;42;24;38;209;36;26;34;21
882.0;19;40;22;39;211;37;26;32;24
888.0;22;38;22;41;211;34;23;34;25
894.0;20;39;25;40;214;34;18;36;24
900.0;20;42;24;39;215;33;17;34;26
906.0;17;40;23;39;216;36;18;36;25
912.0;19;40;22;39;217;36;17;36;24
918.0;22;38;26;38;214;39;16;33;24
924.0;20;36;27;39;214;43;17;34;20
930.0;20;40;25;41;216;43;14;32;19
936.0;18;42;26;41;218;39;13;37;16
942.0;21;43;23;41;215;36;16;37;18
948.0;20;45;21;42;213;36;15;37;21
954.0;18;43;25;40;215;37;16;38;18
960.0;20;42;21;39;216;38;16;39;19
966.0;20;42;23;38;218;37;14;39;19
972.0;23;43;22;37;220;39;13;36;17
978.0;26;43;22;34;220;39;11;36;19
984.0;25;41;22;31;221;40;14;36;20
990.0;25;44;22;32;218;40;14;35;20
996.0;23;46;22;36;216;42;15;34;16
1002.0;22;46;20;38;217;44;16;31;16
1008.0;20;48;18;40;217;42;18;33;14
1014.0;17;46;19;38;216;42;18;33;21
1020.0;18;48;18;38;213;42;20;34;19
1026.0;17;48;19;35;217;40;23;31;20
1032.0;15;47;20;35;217;37;25;33;21
1038.0;17;48;19;34;220;38;25;31;18
1044.0;18;50;19;31;219;38;26;32;17
1050.0;20;49;20;32;217;40;27;29;16
1056.0;20;49;19;32;218;38;31;28;15
1062.0;21;46;20;29;220;39;31;29;15
1068.0;20;46;23;29;222;38;30;29;13
1074.0;19;45;23;32;218;37;31;30;15
1080.0;21;45;23;36;218;38;25;30;14
1086.0;22;44;24;34;217;39;25;29;16
1092.0;20;41;22;32;219;39;29;32;16
1098.0;18;43;20;32;217;41;29;35;15
1104.0;17;45;17;33;219;41;27;36;15
1110.0;20;44;20;34;217;37;25;38;15
1116.0;21;48;16;32;218;39;23;38;15
1122.0;21;47;15;33;216;38;26;39;15
1128.0;21;49;16;33;217;38;25;36;15
1134.0;20;50;13;33;218;37;28;38;13
1140.0;20;50;14;34;215;40;26;41;10
1146.0;24;51;15;35;213;38;22;42;10
1152.0;22;53;15;33;210;40;23;43;11
1158.0;22;52;13;33;208;42;21;46;13
1164.0;22;50;13;33;208;43;21;43;17
1170.0;23;48;14;36;208;42;21;41;17
1176.0;23;47;15;36;208;44;19;39;19
1182.0;22;43;17;34;210;45;21;39;19
1188.0;19;39;15;39;207;43;28;41;19
1194.0;20;38;13;37;209;43;26;42;22
1200.0;22;36;14;37;212;43;25;40;21
1206.0;27;33;13;37;208;45;29;37;21
1212.0;26;33;16;35;208;46;31;37;18
1218.0;23;35;15;33;212;46;29;39;18
1224.0;24;35;16;35;212;46;27;36;19
1230.0;26;35;17;38;210;43;26;33;22
1236.0;28;34;16;34;208;42;29;34;25
1242.0;30;33;18;31;208;41;30;34;25
1248.0;30;35;18;33;206;43;28;30;27
1254.0;30;37;18;35;209;41;28;29;23
1260.0;30;37;15;37;205;42;32;30;22
1266.0;29;39;17;38;204;39;35;29;20
1272.0;35;42;17;38;203;39;32;27;17
1278.0;32;44;21;38;203;39;31;27;15
1284.0;32;46;22;39;203;35;33;25;15
1290.0;27;45;19;41;203;36;36;24;19
1296.0;27;43;20;42;204;40;31;24;19
1302.0;27;43;19;45;205;42;27;22;20
1308.0;25;45;20;41;205;43;25;23;23
1314.0;25;47;20;41;206;41;25;24;21
1320.0;25;47;20;41;208;39;23;28;19
1326.0;23;46;21;42;209;36;23;31;19
1332.0;19;49;24;39;212;33;23;32;19
1338.0;18;49;26;40;209;32;25;34;17
1344.0;17;48;25;41;208;34;24;35;18
1350.0;19;46;19;44;208;31;30;36;17
1356.0;17;47;19;44;209;33;31;34;16
1362.0;16;48;20;44;206;35;30;33;18
1368.0;13;49;19;44;203;39;30;34;19
1374.0;16;51;18;47;201;39;27;32;19
1380.0;17;51;20;44;202;40;26;32;18
1386.0;17;51;18;44;207;38;25;33;17
1392.0;19;52;18;44;203;37;27;31;19
1398.0;24;54;18;43;202;39;26;27;17
1404.0;25;51;20;41;203;37;27;30;16
1410.0;26;52;24;40;201;38;26;30;13
1416.0;27;51;21;41;198;38;29;31;14
1422.0;23;50;21;42;197;39;29;34;15
1428.0;23;49;20;42;193;43;27;35;18
1434.0;23;48;22;42;193;44;27;35;16
1440.0;21;49;21;42;193;46;25;38;15
1446.0;23;42;23;42;195;45;26;41;13
1452.0;24;45;21;44;192;43;26;38;17
1458.0;25;46;22;41;191;43;24;39;19
1464.0;22;46;24;37;191;45;24;40;21
1470.0;16;44;23;40;193;40;29;43;22
1476.0;15;45;24;43;192;39;26;45;21
1482.0;15;43;26;47;193;38;25;46;17
1488.0;13;43;27;46;193;40;25;46;17
1494.0;14;48;30;45;192;39;21;47;14
1500.0;14;48;30;44;192;39;19;48;16
1506.0;19;45;31;42;195;37;13;50;18
1512.0;18;43;28;42;197;34;16;54;18
1518.0;18;42;28;42;197;33;17;56;17
1524.0;20;43;30;41;192;34;18;54;18
1530.0;20;42;27;42;192;36;17;53;21
1536.0;23;41;25;43;190;38;17;54;19
1542.0;23;35;28;41;190;38;19;53;23
1548.0;24;35;29;40;187;37;18;56;24
1554.0;21;32;29;43;187;39;20;54;25
1560.0;18;33;27;39;189;42;23;53;26
1566.0;22;35;23;41;189;41;24;50;25
1572.0;20;33;25;37;190;42;23;51;29
1578.0;16;34;26;39;191;44;21;53;26
1584.0;11;37;21;40;195;45;18;54;29
1590.0;10;37;17;40;196;43;19;58;30
1596.0;13;38;14;43;194;43;18;54;33
1602.0;13;39;13;41;195;45;18;54;32
1608.0;13;40;14;41;194;48;17;52;31
1614.0;14;37;16;41;195;47;16;52;32
1620.0;16;35;16;42;196;48;14;49;34
1626.0;15;35;17;44;197;53;10;49;30
1632.0;16;34;15;44;201;52;13;47;28
1638.0;18;35;17;44;198;51;15;46;26
1644.0;19;35;19;40;199;50;17;46;25
1650.0;21;35;17;39;200;49;19;45;25
1656.0;22;33;16;41;197;50;21;43;27
1662.0;21;32;16;39;198;53;22;43;26
1668.0;21;32;16;42;196;52;21;42;28
1674.0;19;37;16;38;196;51;24;40;29
1680.0;19;36;16;38;198;51;26;37;29
1686.0;19;36;20;40;198;48;25;38;26
1692.0;18;34;22;37;203;47;27;37;25
1698.0;17;35;22;38;202;47;27;37;25
1704.0;16;36;20;41;205;46;26;35;25
1710.0;19;37;21;40;202;45;26;36;24
1716.0;20;36;23;41;204;45;26;32;23
1722.0;19;40;25;41;205;42;25;33;20
1728.0;23;37;28;41;204;41;25;31;20
1734.0;23;36;28;40;204;36;27;32;24
1740.0;25;37;27;38;204;36;26;34;23
1746.0;26;39;26;37;200;35;27;36;24
1752.0;24;39;25;33;204;38;26;38;23
1758.0;24;40;23;35;205;38;25;42;18
1764.0;23;41;24;35;205;39;23;42;18
1770.0;22;42;24;34;202;40;25;42;19
1776.0;24;42;25;35;200;39;24;42;19
1782.0;25;43;21;37;199;40;23;41;21
1788.0;24;46;17;36;200;37;24;43;23
1794.0;24;44;18;38;197;37;24;43;25
