#auto generated file!
12.0;8;13;8;7;13;13;14;14;10
18.0;8;15;8;8;15;13;13;13;7
24.0;7;16;10;8;15;13;12;13;6
30.0;7;17;10;11;15;14;9;12;5
36.0;9;17;9;12;16;12;9;11;5
42.0;11;17;6;12;16;12;10;10;6
48.0;11;15;6;13;18;13;6;10;8
54.0;10;15;4;14;19;14;6;10;8
60.0;12;14;4;13;18;12;7;12;8
66.0;13;15;4;12;19;12;6;12;7
72.0;13;15;3;10;20;13;5;13;8
78.0;13;14;2;10;21;13;4;15;8
84.0;13;14;3;10;22;13;4;14;7
90.0;13;13;2;11;22;14;4;14;7
96.0;13;13;2;11;23;14;4;15;5
102.0;13;12;3;10;24;15;3;15;5
108.0;13;14;3;10;24;15;3;15;3
114.0;11;14;3;11;24;15;5;14;3
120.0;12;15;2;9;22;16;5;16;3
126.0;10;15;3;9;22;16;6;16;3
132.0;10;15;2;9;23;17;6;15;3
138.0;8;17;2;10;23;17;6;13;4
144.0;5;14;2;12;25;18;6;14;4
150.0;6;15;2;14;24;16;6;12;5
156.0;8;16;3;14;22;15;6;10;6
162.0;10;15;3;14;23;16;4;10;5
168.0;11;15;2;12;23;15;3;12;7
174.0;9;16;3;11;23;16;3;11;8
180.0;9;16;3;13;23;15;2;11;8
186.0;9;17;4;12;22;14;3;12;7
192.0;9;18;5;12;22;13;3;13;5
198.0;10;18;4;13;24;11;3;11;6
204.0;11;18;4;14;24;9;3;11;6
210.0;9;17;4;14;25;8;4;11;8
216.0;8;18;5;14;25;6;3;12;9
222.0;9;18;4;14;26;5;3;13;8
228.0;8;17;4;15;27;6;3;12;8
234.0;8;16;4;15;27;6;3;12;9
240.0;7;16;5;15;27;8;3;10;9
246.0;6;19;7;14;26;7;2;11;8
252.0;6;16;8;14;26;8;2;12;8
258.0;6;17;6;13;26;9;2;13;8
264.0;5;16;7;15;26;10;2;11;8
270.0;4;16;7;16;26;10;4;10;7
276.0;5;16;10;15;26;11;4;8;5
282.0;5;16;9;15;26;12;3;8;6
288.0;5;16;11;14;26;11;6;5;6
294.0;5;15;11;14;26;10;7;6;6
300.0;6;14;11;13;26;9;8;6;7
306.0;7;13;11;14;28;5;8;6;8
312.0;7;13;12;12;30;6;8;6;6
318.0;8;12;12;12;30;6;8;6;6
324.0;9;12;10;12;31;6;8;6;6
330.0;9;13;9;12;31;7;7;6;6
336.0;8;14;11;13;31;7;5;5;6
342.0;10;12;11;13;30;8;6;5;5
348.0;9;12;12;10;31;10;4;5;7
354.0;9;13;10;10;31;11;3;6;7
360.0;7;14;9;10;32;12;3;5;8
366.0;8;14;8;10;33;10;4;6;7
372.0;8;13;9;9;32;8;4;8;9
378.0;8;12;10;9;32;9;4;8;8
384.0;11;12;9;9;32;9;3;8;7
390.0;11;10;10;9;32;9;3;9;7
396.0;9;10;11;9;33;9;3;9;7
402.0;10;11;11;6;33;10;3;8;8
408.0;10;11;9;7;34;11;2;8;8
414.0;11;10;9;7;34;11;2;8;8
420.0;10;10;8;7;34;10;3;10;8
426.0;8;10;10;7;33;12;2;9;9
432.0;10;10;8;7;33;12;2;9;9
438.0;10;10;8;8;33;11;3;9;8
444.0;11;10;7;11;32;10;3;9;7
450.0;10;9;6;9;32;10;4;10;10
456.0;9;10;7;9;32;10;3;11;9
462.0;8;11;6;9;31;10;6;11;8
468.0;6;11;6;9;32;9;8;11;8
474.0;6;11;5;10;33;8;7;13;7
480.0;6;11;5;9;34;9;8;12;6
486.0;6;12;5;9;34;10;6;12;6
492.0;6;13;5;9;34;11;5;12;5
498.0;8;13;5;8;34;11;4;13;4
504.0;6;13;7;8;34;11;4;14;3
510.0;4;12;6;8;34;13;6;15;2
516.0;3;13;6;8;33;13;6;17;1
522.0;3;13;7;9;34;12;6;15;1
528.0;4;14;6;9;33;12;6;15;1
534.0;6;13;5;13;33;12;5;13;0
540.0;6;14;5;12;33;12;5;12;1
546.0;6;15;5;12;33;12;4;11;2
552.0;7;14;5;10;34;11;5;12;2
558.0;7;14;5;10;34;11;5;12;2
564.0;7;14;6;9;34;11;3;15;1
570.0;5;14;7;7;34;11;5;13;4
576.0;8;15;6;6;34;11;4;13;3
582.0;8;14;6;8;35;10;3;12;4
588.0;9;14;6;9;33;11;4;11;3
594.0;9;14;6;9;34;11;5;9;3
600.0;8;13;7;9;34;12;5;9;3
606.0;8;13;6;9;34;12;5;10;3
612.0;9;12;6;9;35;12;4;10;3
618.0;9;11;5;9;35;12;4;12;3
624.0;9;11;5;9;35;12;4;12;3
630.0;7;11;6;8;35;13;5;12;3
636.0;9;8;6;7;37;13;5;10;5
642.0;9;8;5;8;37;13;5;9;6
648.0;8;8;7;9;37;12;5;10;4
654.0;8;8;7;10;35;12;6;10;4
660.0;10;7;7;10;35;10;7;10;4
666.0;8;7;7;10;35;9;8;12;4
672.0;9;8;6;10;35;9;7;12;4
678.0;8;8;6;10;35;10;7;12;4
684.0;9;8;6;9;37;10;6;11;4
690.0;11;8;6;7;37;10;6;11;4
696.0;11;8;6;7;37;10;6;11;4
702.0;8;9;7;8;36;10;6;12;4
708.0;8;9;6;8;36;10;5;13;5
714.0;8;8;6;8;37;9;4;14;6
720.0;8;8;6;9;36;9;3;14;7
726.0;10;9;6;10;36;8;1;14;6
732.0;10;8;5;10;37;8;2;13;7
738.0;10;9;2;12;37;6;3;13;8
744.0;9;10;2;12;35;8;3;15;6
750.0;7;8;2;15;35;8;3;16;6
756.0;9;7;4;14;35;9;3;13;6
762.0;9;7;4;13;35;9;4;13;6
768.0;6;7;5;14;36;8;4;13;7
774.0;5;8;2;16;38;7;4;12;8
780.0;5;8;1;16;38;7;4;13;8
786.0;5;8;2;16;39;5;3;13;9
792.0;6;9;2;16;39;4;4;11;9
798.0;5;9;1;17;39;5;3;12;9
804.0;6;8;1;15;40;5;4;13;8
810.0;6;8;1;17;40;4;5;11;8
816.0;4;8;2;16;40;6;6;10;8
822.0;5;9;2;16;41;6;5;8;8
828.0;5;9;1;16;41;6;6;8;8
834.0;5;9;1;15;42;6;6;8;8
840.0;4;9;1;15;41;8;6;8;8
846.0;4;9;1;15;41;8;6;8;8
852.0;5;9;0;15;41;8;6;8;8
858.0;4;9;1;16;42;7;5;8;8
864.0;6;7;1;14;43;8;5;8;8
870.0;5;7;0;14;45;8;5;8;8
876.0;6;7;2;14;45;8;4;8;6
882.0;7;8;2;14;45;8;3;9;4
888.0;6;9;2;14;46;7;3;10;3
894.0;5;10;1;14;47;8;2;10;3
900.0;5;9;2;13;47;8;1;11;4
906.0;5;11;0;14;46;8;1;11;4
912.0;5;11;1;14;46;8;1;10;4
918.0;6;11;2;14;46;7;1;10;3
924.0;5;11;3;15;46;7;1;10;2
930.0;5;11;5;14;48;6;0;9;2
936.0;6;11;5;14;48;5;0;9;2
942.0;7;12;6;9;50;5;0;10;1
948.0;7;12;7;9;51;5;0;9;0
954.0;6;11;8;8;51;5;1;9;1
960.0;6;9;8;11;49;5;2;9;1
966.0;6;8;7;11;49;5;3;10;1
972.0;6;7;7;11;48;6;3;10;2
978.0;7;6;8;11;47;7;2;9;3
984.0;8;5;9;11;46;6;3;10;2
990.0;7;6;9;10;46;6;3;10;3
996.0;7;6;9;10;46;6;4;9;3
1002.0;10;5;7;10;46;7;4;8;3
1008.0;10;5;7;9;46;7;4;8;4
1014.0;7;5;6;12;46;8;4;8;4
1020.0;8;5;6;12;45;8;3;8;5
1026.0;7;5;4;11;46;8;6;8;5
1032.0;7;5;4;10;46;8;6;9;5
1038.0;7;4;5;10;45;8;8;9;4
1044.0;7;4;6;7;46;8;8;10;4
1050.0;8;3;6;8;46;9;7;9;4
1056.0;7;3;5;9;46;10;7;9;4
1062.0;7;3;6;9;46;9;7;9;4
1068.0;7;4;7;9;45;8;8;10;2
1074.0;6;4;8;9;47;8;7;10;1
1080.0;6;4;8;9;47;7;8;10;1
1086.0;7;3;6;10;47;8;8;10;1
1092.0;7;3;4;11;48;9;7;10;1
1098.0;7;2;6;10;48;9;6;10;2
1104.0;7;3;5;10;48;9;7;9;2
1110.0;7;2;6;10;48;8;8;8;3
1116.0;7;3;6;12;48;8;6;7;3
1122.0;6;3;7;11;48;8;6;7;4
1128.0;6;3;8;12;47;8;6;6;4
1134.0;6;4;9;12;47;8;4;6;4
1140.0;5;4;8;14;47;7;4;8;3
1146.0;5;4;8;13;47;6;3;11;3
1152.0;4;4;10;11;45;7;3;13;3
1158.0;3;4;9;10;45;7;4;14;4
1164.0;3;5;9;10;46;8;2;13;4
1170.0;2;5;9;10;47;9;2;12;4
1176.0;2;5;6;10;49;10;2;12;4
1182.0;2;6;5;11;49;10;2;11;4
1188.0;4;6;4;9;49;10;2;9;7
1194.0;3;6;3;9;51;11;2;9;6
1200.0;3;6;4;8;50;11;2;10;6
1206.0;4;7;4;10;49;9;1;10;6
1212.0;3;8;6;11;51;8;1;8;4
1218.0;3;8;6;13;51;7;1;7;4
1224.0;3;7;7;13;51;8;1;6;4
1230.0;4;7;7;13;50;8;3;5;3
1236.0;4;5;9;12;50;8;4;5;3
1242.0;5;6;7;11;49;8;6;5;3
1248.0;5;5;7;11;49;9;5;5;4
1254.0;6;4;6;10;50;9;5;5;5
1260.0;4;4;4;10;50;10;7;6;5
1266.0;4;4;4;10;50;10;7;6;5
1272.0;4;5;4;9;49;9;9;6;5
1278.0;3;5;4;11;48;8;9;7;5
1284.0;4;6;4;11;47;9;8;8;3
1290.0;5;6;3;9;47;9;7;9;5
1296.0;6;6;3;8;48;9;7;8;5
1302.0;5;6;2;8;49;9;8;8;5
1308.0;6;6;2;7;49;9;6;8;7
1314.0;5;6;3;7;50;8;6;7;8
1320.0;7;5;3;6;50;8;7;7;7
1326.0;8;5;2;6;50;8;7;7;7
1332.0;8;7;2;7;49;7;5;8;7
1338.0;8;6;2;7;51;7;5;10;4
1344.0;7;7;2;8;51;7;5;10;3
1350.0;6;7;3;9;51;7;4;10;3
1356.0;4;8;4;8;53;6;4;10;3
1362.0;4;8;5;7;53;6;4;10;3
1368.0;4;8;4;7;55;5;4;10;3
1374.0;4;8;4;7;54;6;4;11;2
1380.0;4;8;4;6;54;6;4;12;2
1386.0;4;7;4;6;53;6;5;12;3
1392.0;4;7;5;7;53;6;4;11;3
1398.0;4;7;4;7;53;6;5;11;3
1404.0;4;7;4;7;53;6;4;12;3
1410.0;4;7;4;8;53;7;4;10;3
1416.0;5;7;6;8;52;7;3;10;2
1422.0;6;7;8;7;50;7;3;9;3
1428.0;6;9;8;7;50;7;3;7;3
1434.0;5;10;7;5;52;7;4;7;3
1440.0;4;11;7;4;52;7;3;8;4
1446.0;5;11;7;4;52;8;4;7;2
1452.0;6;11;6;6;51;7;5;6;2
1458.0;4;12;5;6;51;9;4;6;3
1464.0;3;12;5;8;49;9;4;7;3
1470.0;3;12;5;6;50;9;5;7;3
1476.0;3;10;7;6;51;10;5;6;2
1482.0;4;10;7;5;51;11;6;4;2
1488.0;5;9;6;6;49;12;6;5;2
1494.0;5;8;7;6;48;12;6;5;3
1500.0;5;8;6;5;48;13;8;4;3
1506.0;5;7;8;6;46;13;8;4;3
1512.0;5;6;7;5;49;11;9;4;4
1518.0;4;5;6;7;48;11;9;5;5
1524.0;4;7;5;7;47;10;8;6;6
1530.0;4;6;5;7;47;11;8;6;6
1536.0;4;6;5;7;47;11;9;6;5
1542.0;5;4;4;7;47;13;9;6;5
1548.0;5;4;3;7;47;14;9;6;5
1554.0;5;4;2;7;48;15;8;6;5
1560.0;5;4;3;8;49;15;5;6;5
1566.0;5;4;3;9;48;14;6;6;5
1572.0;4;5;3;9;48;14;5;6;6
1578.0;5;5;2;10;47;15;6;6;4
1584.0;5;5;2;9;47;15;6;7;4
1590.0;6;5;2;9;48;13;6;7;4
1596.0;5;5;3;10;46;13;5;8;5
1602.0;5;5;5;9;46;14;6;7;3
1608.0;5;5;5;8;47;13;6;7;4
1614.0;5;4;5;8;47;12;6;8;5
1620.0;5;4;5;8;47;12;6;8;5
1626.0;5;3;5;8;47;12;6;9;5
1632.0;4;3;5;8;47;13;6;9;5
1638.0;4;3;4;9;47;12;8;8;5
1644.0;4;3;4;9;47;12;8;8;5
1650.0;4;3;4;9;47;12;7;8;6
1656.0;4;3;4;10;48;12;5;8;6
1662.0;4;3;4;10;48;12;5;8;6
1668.0;3;2;4;10;48;13;5;8;7
1674.0;3;2;4;10;49;14;5;7;6
1680.0;4;2;5;11;47;13;5;7;6
1686.0;4;2;5;10;47;13;8;5;6
1692.0;5;2;5;10;47;13;8;5;5
1698.0;5;2;5;10;47;13;8;5;5
1704.0;5;2;6;9;47;13;8;5;5
1710.0;5;2;5;10;45;14;8;5;6
1716.0;5;2;5;10;45;14;8;5;6
1722.0;4;2;7;10;46;14;8;4;5
1728.0;5;3;6;11;46;13;7;4;5
1734.0;5;3;5;12;45;13;7;5;5
1740.0;4;3;4;12;46;10;10;7;4
1746.0;4;3;4;13;45;10;10;7;4
1752.0;4;5;3;13;45;9;10;6;5
1758.0;4;5;3;13;46;10;8;6;5
1764.0;3;6;4;14;45;11;6;6;5
1770.0;1;6;6;14;43;11;6;8;5
1776.0;1;7;7;13;42;12;6;8;4
1782.0;1;8;8;12;41;12;4;9;5
1788.0;2;8;8;12;41;11;3;10;5
1794.0;3;8;8;10;42;11;3;11;4
