#auto generated file!
12.0;13;13;19;12;26;20;14;15;18
18.0;12;15;18;13;27;19;13;16;17
24.0;10;15;20;15;25;19;13;16;17
30.0;10;18;18;14;26;19;13;15;17
36.0;12;16;17;16;27;19;13;14;16
42.0;11;16;15;17;29;18;13;14;17
48.0;11;15;16;17;30;18;11;15;17
54.0;12;15;15;21;30;17;12;14;14
60.0;12;15;12;21;32;19;12;15;12
66.0;11;15;14;23;31;18;11;15;12
72.0;10;17;14;21;33;19;10;15;11
78.0;12;18;13;21;33;18;9;16;10
84.0;12;18;12;22;33;18;10;15;10
90.0;10;19;13;22;34;16;11;15;10
96.0;11;18;10;23;34;17;13;16;8
102.0;11;18;10;25;35;17;12;15;7
108.0;12;18;9;24;35;16;12;16;8
114.0;13;19;6;22;34;18;13;17;8
120.0;15;20;8;21;33;15;10;20;8
126.0;14;18;9;22;35;14;9;20;9
132.0;12;17;11;22;35;13;10;20;10
138.0;10;18;12;21;35;16;10;19;9
144.0;11;19;12;20;36;15;9;20;8
150.0;10;20;12;21;36;15;11;19;6
156.0;11;20;11;20;38;15;9;19;7
162.0;10;19;11;21;39;14;9;21;6
168.0;9;21;12;21;38;14;10;18;7
174.0;8;20;12;20;38;15;12;18;7
180.0;7;20;12;20;39;14;12;19;7
186.0;6;20;12;19;39;14;12;21;7
192.0;8;17;10;20;41;14;13;20;7
198.0;6;17;10;22;43;12;12;20;8
204.0;7;18;10;21;44;13;11;19;7
210.0;6;18;9;22;44;14;10;18;9
216.0;7;17;9;22;43;15;11;18;8
222.0;7;18;10;21;42;15;11;20;6
228.0;7;19;10;22;42;15;9;20;6
234.0;5;18;11;22;42;15;9;21;7
240.0;3;18;11;21;41;16;9;22;9
246.0;5;19;13;20;41;16;6;21;9
252.0;6;21;10;19;41;15;6;21;11
258.0;11;22;11;19;37;14;7;20;9
264.0;9;22;9;19;38;14;10;20;9
270.0;9;23;10;20;38;13;8;20;9
276.0;11;23;8;19;38;16;7;20;8
282.0;9;21;8;18;42;16;8;21;7
288.0;9;21;9;16;42;15;8;21;9
294.0;11;19;8;15;41;17;6;23;10
300.0;11;18;8;16;42;17;6;23;9
306.0;11;17;8;16;42;17;6;23;10
312.0;11;17;9;16;42;17;6;24;8
318.0;9;17;9;18;40;17;6;27;7
324.0;11;17;6;18;42;15;6;27;8
330.0;10;18;6;17;42;14;7;27;9
336.0;11;18;7;16;41;12;7;30;8
342.0;10;18;8;16;41;12;8;28;9
348.0;11;17;7;17;40;13;9;26;10
354.0;10;17;8;17;40;13;10;25;10
360.0;8;17;9;16;44;12;9;24;11
366.0;9;14;11;16;45;13;10;23;9
372.0;7;14;9;17;46;14;10;23;10
378.0;6;15;9;16;46;15;11;23;9
384.0;4;17;8;15;47;16;10;23;10
390.0;3;18;10;14;45;16;10;22;12
396.0;4;17;10;13;46;16;10;21;13
402.0;5;18;10;14;44;16;11;21;11
408.0;4;16;9;16;44;16;13;20;12
414.0;6;15;8;16;44;16;12;20;13
420.0;6;17;9;17;45;17;12;18;9
426.0;5;16;10;17;44;18;13;17;10
432.0;5;15;9;15;45;18;15;17;11
438.0;5;15;11;14;47;18;13;15;12
444.0;6;15;11;15;46;19;11;15;12
450.0;6;16;11;15;45;20;10;17;10
456.0;6;12;12;16;45;23;10;19;7
462.0;7;12;12;15;46;22;10;21;5
468.0;6;12;12;13;47;24;10;21;5
474.0;6;12;12;14;48;24;10;17;7
480.0;8;12;14;14;49;21;10;16;6
486.0;7;12;14;16;46;22;11;16;6
492.0;7;11;14;16;46;22;11;16;7
498.0;4;12;14;16;46;22;10;17;9
504.0;3;13;11;17;48;22;10;18;8
510.0;3;17;11;15;47;22;8;17;10
516.0;2;17;12;17;47;21;9;16;9
522.0;3;17;12;18;47;20;9;16;8
528.0;3;17;13;18;46;21;10;15;7
534.0;2;17;12;18;46;22;10;13;10
540.0;4;17;10;17;47;21;9;13;12
546.0;4;16;11;17;47;22;10;11;12
552.0;6;14;10;17;46;22;14;11;10
558.0;4;15;10;19;46;24;12;11;9
564.0;5;15;10;19;46;23;12;11;9
570.0;5;14;9;22;48;20;10;13;9
576.0;6;14;8;21;48;21;10;12;10
582.0;5;14;7;22;49;22;11;12;8
588.0;6;14;7;21;50;23;10;12;7
594.0;6;13;7;22;50;23;10;12;7
600.0;5;14;9;21;51;20;9;13;8
606.0;6;14;9;20;48;20;11;15;7
612.0;5;14;10;21;47;20;12;14;7
618.0;6;14;10;20;48;19;12;13;8
624.0;6;15;11;20;48;18;10;13;9
630.0;6;16;10;19;49;19;10;12;9
636.0;4;15;9;18;51;18;12;12;11
642.0;2;14;7;17;54;19;12;15;10
648.0;1;14;7;16;55;21;12;15;9
654.0;1;14;7;15;58;20;12;14;9
660.0;1;13;5;18;59;20;11;14;9
666.0;3;13;5;18;57;20;12;13;9
672.0;3;14;5;18;55;21;11;14;9
678.0;5;15;6;18;54;21;9;14;8
684.0;4;15;7;16;54;21;10;14;9
690.0;4;12;9;15;57;21;10;13;9
696.0;5;12;7;15;58;22;10;14;7
702.0;4;13;7;16;58;22;8;16;6
708.0;5;12;7;14;59;22;9;14;8
714.0;3;12;7;13;59;24;9;15;8
720.0;3;13;6;15;60;21;9;15;8
726.0;4;13;7;14;60;21;10;14;7
732.0;4;11;6;13;60;21;11;14;10
738.0;6;10;7;12;60;22;11;12;10
744.0;6;10;6;13;60;22;10;13;10
750.0;8;9;5;14;61;19;12;12;10
756.0;7;8;6;14;62;18;13;12;10
762.0;6;8;6;13;64;18;11;13;11
768.0;6;7;7;13;65;18;10;13;11
774.0;5;8;6;12;66;19;9;13;12
780.0;5;9;5;12;67;18;9;13;12
786.0;6;9;5;14;64;17;9;15;11
792.0;7;11;6;13;64;14;9;15;11
798.0;5;11;8;13;64;15;8;15;11
804.0;4;11;8;13;65;15;8;15;11
810.0;4;11;8;13;65;12;9;16;12
816.0;4;11;10;12;65;12;9;16;11
822.0;5;12;8;12;66;12;9;17;9
828.0;6;11;8;11;65;14;8;17;10
834.0;7;11;11;11;64;13;10;15;8
840.0;9;10;11;11;65;12;9;14;9
846.0;9;11;9;11;67;12;9;14;8
852.0;10;13;9;9;68;13;9;14;5
858.0;10;13;8;9;69;13;6;15;7
864.0;11;12;9;10;69;13;5;15;6
870.0;11;12;8;9;71;13;5;15;6
876.0;12;12;7;9;71;13;6;14;6
882.0;10;11;7;10;71;12;6;16;7
888.0;9;12;7;10;71;12;7;16;6
894.0;10;12;7;8;71;12;8;17;5
900.0;10;14;7;9;70;13;6;16;5
906.0;11;13;5;9;73;14;6;15;4
912.0;10;11;6;12;73;13;8;15;2
918.0;9;13;6;11;72;13;9;14;3
924.0;10;12;5;13;72;12;11;12;3
930.0;10;12;6;13;71;12;11;12;3
936.0;11;12;7;12;70;12;10;12;4
942.0;9;13;6;12;70;13;10;13;4
948.0;8;14;6;12;72;13;8;13;4
954.0;6;15;6;12;72;14;7;13;5
960.0;5;17;6;10;73;14;7;13;5
966.0;5;17;4;11;74;15;6;13;5
972.0;5;17;3;10;73;17;6;12;7
978.0;5;17;3;11;74;16;7;11;6
984.0;7;15;3;7;73;17;7;12;9
990.0;7;15;3;7;73;16;7;13;9
996.0;6;16;3;8;70;16;7;15;9
1002.0;7;16;4;9;70;16;7;13;8
1008.0;7;17;3;10;69;16;8;13;7
1014.0;4;18;3;9;71;17;8;12;8
1020.0;4;18;3;9;71;18;10;11;6
1026.0;7;17;2;10;69;18;9;11;7
1032.0;6;16;2;11;68;19;8;13;7
1038.0;6;15;2;13;68;20;6;12;8
1044.0;6;13;3;12;69;21;6;14;6
1050.0;6;13;4;14;69;19;6;14;5
1056.0;5;12;4;15;69;18;7;15;5
1062.0;6;13;4;13;69;20;7;13;5
1068.0;7;14;4;12;69;20;6;13;5
1074.0;11;16;5;9;65;19;6;14;5
1080.0;13;14;5;8;65;18;6;15;6
1086.0;14;14;4;9;65;17;7;14;6
1092.0;13;13;4;9;64;18;8;14;7
1098.0;10;13;4;10;65;18;9;13;8
1104.0;8;13;3;10;64;18;10;14;10
1110.0;7;14;3;11;64;17;9;16;9
1116.0;7;14;4;9;63;16;10;19;8
1122.0;6;15;4;8;63;16;10;17;11
1128.0;6;15;3;9;63;16;13;16;9
1134.0;5;14;5;9;63;15;13;16;10
1140.0;5;16;6;10;62;14;12;17;8
1146.0;8;14;5;11;62;14;11;16;9
1152.0;7;13;5;11;62;15;11;16;10
1158.0;8;13;4;11;62;15;10;17;10
1164.0;8;14;5;10;62;14;13;13;11
1170.0;9;14;5;10;62;13;13;11;13
1176.0;8;16;5;10;62;13;10;12;14
1182.0;7;17;6;11;62;11;10;13;13
1188.0;7;19;6;10;65;11;8;14;10
1194.0;5;20;7;10;67;11;7;13;10
1200.0;6;22;7;9;66;10;8;13;9
1206.0;5;25;6;9;67;11;7;12;8
1212.0;5;25;7;8;65;13;6;13;8
1218.0;4;25;4;9;66;14;5;13;10
1224.0;4;24;3;9;67;16;4;13;10
1230.0;5;21;4;10;66;17;4;13;10
1236.0;5;20;4;11;66;17;5;13;9
1242.0;5;19;3;11;66;17;8;14;7
1248.0;7;17;4;11;66;17;8;14;6
1254.0;7;17;6;12;66;15;7;14;6
1260.0;7;15;6;11;67;16;8;13;7
1266.0;7;15;7;10;65;16;9;14;7
1272.0;6;15;7;12;66;16;9;12;7
1278.0;6;14;7;12;68;17;7;12;7
1284.0;7;14;7;10;67;17;8;12;8
1290.0;7;15;6;10;65;17;7;13;10
1296.0;9;14;7;11;65;16;9;13;6
1302.0;9;13;8;11;65;16;10;14;4
1308.0;8;14;8;11;66;16;9;13;5
1314.0;7;14;7;11;66;16;9;13;7
1320.0;7;13;5;11;66;16;11;14;7
1326.0;6;12;7;10;67;15;11;15;7
1332.0;6;12;7;11;66;15;11;15;7
1338.0;6;13;5;11;65;17;9;15;9
1344.0;6;14;4;11;65;17;9;15;9
1350.0;7;13;5;12;65;16;7;15;10
1356.0;6;12;5;11;65;19;7;15;10
1362.0;7;12;6;12;65;19;7;15;7
1368.0;6;12;6;13;66;17;7;15;8
1374.0;6;14;6;14;66;16;8;13;7
1380.0;6;15;5;14;65;16;7;14;8
1386.0;6;16;3;13;65;16;8;13;10
1392.0;5;14;1;13;63;18;7;17;12
1398.0;5;14;1;12;63;18;7;17;13
1404.0;5;12;2;11;64;16;7;20;13
1410.0;6;12;2;12;64;15;7;21;11
1416.0;7;12;4;11;61;16;5;20;14
1422.0;7;12;4;11;59;18;3;21;15
1428.0;7;14;4;11;58;18;3;20;15
1434.0;7;15;6;10;59;17;4;19;13
1440.0;8;11;6;11;59;17;5;21;12
1446.0;8;12;6;11;60;17;7;19;10
1452.0;7;12;7;11;59;16;8;19;11
1458.0;8;12;7;12;60;14;8;17;12
1464.0;8;12;8;13;59;14;7;17;12
1470.0;8;12;9;13;59;14;7;16;12
1476.0;8;12;11;12;59;14;8;14;12
1482.0;6;9;11;12;60;16;7;15;14
1488.0;5;8;11;12;60;19;7;14;14
1494.0;6;8;11;12;60;20;7;14;12
1500.0;5;7;11;12;59;23;7;15;11
1506.0;4;7;10;15;60;21;7;14;12
1512.0;6;7;8;13;61;20;8;15;12
1518.0;6;7;7;12;62;20;7;16;13
1524.0;6;7;8;12;62;20;7;16;12
1530.0;6;7;8;13;63;20;6;15;12
1536.0;8;7;9;13;62;21;8;14;8
1542.0;8;8;9;13;63;20;8;13;8
1548.0;6;9;9;13;63;20;9;13;8
1554.0;7;11;10;13;63;19;7;12;8
1560.0;9;11;8;13;62;20;7;14;6
1566.0;10;11;9;12;62;20;7;13;6
1572.0;10;10;10;13;61;22;5;13;6
1578.0;9;10;10;14;62;21;6;14;4
1584.0;8;10;9;13;63;23;6;14;4
1590.0;9;11;7;11;63;25;6;14;4
1596.0;8;11;7;12;63;26;6;13;4
1602.0;7;10;9;12;63;25;6;14;4
1608.0;8;9;9;13;63;24;7;11;6
1614.0;8;9;9;13;63;24;7;11;6
1620.0;8;10;10;13;62;24;6;11;6
1626.0;8;11;10;13;64;22;6;10;6
1632.0;6;10;9;10;65;24;8;12;6
1638.0;6;9;9;11;65;21;8;13;8
1644.0;7;9;10;14;65;21;7;13;4
1650.0;7;9;10;12;64;22;8;13;5
1656.0;7;9;12;13;62;21;6;15;5
1662.0;7;8;13;14;62;20;6;14;6
1668.0;5;9;14;14;62;20;6;15;5
1674.0;4;10;13;15;61;19;7;15;6
1680.0;3;10;12;17;61;18;8;16;5
1686.0;4;10;13;15;61;18;9;16;4
1692.0;4;9;15;17;62;16;9;15;3
1698.0;5;9;14;18;61;15;9;16;3
1704.0;5;8;13;17;62;15;9;18;3
1710.0;7;7;13;18;61;14;8;18;4
1716.0;7;6;13;17;60;16;8;17;6
1722.0;6;6;12;16;60;16;9;20;5
1728.0;4;7;12;14;59;18;8;21;7
1734.0;5;6;13;11;59;19;8;21;8
1740.0;5;7;10;13;59;18;7;24;7
1746.0;6;7;10;11;60;18;9;23;6
1752.0;6;8;9;14;61;18;6;23;5
1758.0;6;8;9;14;64;17;7;19;6
1764.0;9;9;7;14;63;16;6;20;6
1770.0;8;8;6;13;64;18;7;21;5
1776.0;8;9;4;12;63;19;7;23;5
1782.0;8;8;5;15;63;18;7;22;4
1788.0;7;7;6;15;63;19;7;23;3
1794.0;8;5;5;14;63;20;7;24;4
