#auto generated file!
12.0;52;63;49;58;48;55;45;52;58
18.0;49;62;47;56;52;54;46;56;58
24.0;42;61;48;59;59;56;42;54;59
30.0;42;60;46;59;60;57;40;55;61
36.0;40;55;48;61;67;58;36;53;62
42.0;31;57;47;59;71;62;35;54;64
48.0;29;56;50;57;71;63;35;59;60
54.0;30;57;46;58;75;60;34;63;57
60.0;28;60;45;60;75;59;35;63;55
66.0;33;60;45;61;75;55;33;59;59
72.0;33;64;42;59;79;57;35;55;56
78.0;36;65;37;59;80;61;37;56;49
84.0;36;66;38;59;84;63;35;56;43
90.0;37;65;34;63;88;63;33;56;41
96.0;38;63;35;62;96;60;31;54;41
102.0;38;64;33;62;99;58;30;57;39
108.0;38;65;31;64;98;57;31;56;40
114.0;36;68;31;66;99;58;26;57;39
120.0;35;71;29;66;100;61;25;57;36
126.0;36;73;28;68;101;56;29;56;33
132.0;35;72;30;65;102;55;31;57;33
138.0;34;74;29;66;102;55;31;56;33
144.0;34;74;26;68;103;57;32;53;33
150.0;30;76;27;68;106;60;26;56;31
156.0;31;74;30;63;107;62;26;55;32
162.0;30;68;29;63;107;64;25;57;37
168.0;28;69;31;62;109;62;24;59;36
174.0;28;68;34;64;109;62;19;58;38
180.0;26;66;36;65;109;61;20;56;41
186.0;29;68;37;66;110;55;19;54;42
192.0;27;69;38;64;115;52;20;57;38
198.0;27;68;42;66;116;52;20;57;32
204.0;28;67;39;68;122;49;17;61;29
210.0;32;67;38;69;121;48;22;59;24
216.0;30;65;38;65;124;51;22;58;27
222.0;33;60;35;66;126;54;23;56;27
228.0;34;61;37;68;127;49;22;55;27
234.0;32;61;38;67;129;50;23;52;28
240.0;32;61;36;64;129;52;22;54;30
246.0;33;62;34;63;131;48;25;53;31
252.0;33;64;31;63;133;51;22;52;31
258.0;29;60;29;66;135;51;25;54;31
264.0;29;60;27;66;135;50;25;57;31
270.0;29;61;25;61;138;53;23;60;30
276.0;27;64;25;62;138;55;23;60;26
282.0;28;61;25;61;141;50;25;61;28
288.0;26;66;26;62;142;49;24;56;29
294.0;20;62;27;62;147;52;25;57;28
300.0;20;64;28;63;146;51;26;56;26
306.0;20;60;33;59;147;51;30;58;22
312.0;19;63;32;60;149;50;29;55;23
318.0;22;64;33;60;146;48;28;55;24
324.0;20;65;32;59;145;48;29;58;24
330.0;21;63;31;63;146;46;29;55;26
336.0;21;62;31;65;148;43;31;54;25
342.0;21;60;27;65;154;48;28;52;25
348.0;19;66;23;62;153;51;25;53;28
354.0;21;67;24;58;152;49;26;53;30
360.0;20;69;23;55;154;48;28;56;27
366.0;20;73;20;53;158;44;32;54;26
372.0;20;68;21;53;160;42;31;55;30
378.0;22;67;20;55;161;41;29;55;30
384.0;24;68;22;55;160;40;26;55;30
390.0;22;65;21;56;163;40;27;58;28
396.0;19;66;18;53;171;39;32;57;25
402.0;19;63;17;53;171;40;32;55;30
408.0;19;62;22;53;172;39;33;54;26
414.0;19;64;21;55;176;43;32;49;21
420.0;20;65;19;54;178;45;31;49;19
426.0;21;64;18;56;178;49;29;46;19
432.0;21;61;17;56;181;46;26;52;20
438.0;24;59;17;57;178;46;27;52;20
444.0;22;58;19;57;175;43;29;56;21
450.0;23;61;18;57;175;44;27;53;22
456.0;25;63;19;56;174;45;26;51;21
462.0;26;59;21;57;175;46;27;50;19
468.0;27;58;23;60;174;46;25;49;18
474.0;26;55;24;61;174;47;22;50;21
480.0;24;55;21;62;177;49;21;50;21
486.0;24;55;20;63;173;50;21;48;26
492.0;24;56;18;62;170;52;24;46;28
498.0;24;55;17;62;170;51;25;49;27
504.0;27;54;19;61;171;46;23;45;34
510.0;27;51;21;58;176;45;23;49;30
516.0;25;54;22;58;179;41;20;48;33
522.0;25;54;22;56;178;44;22;45;34
528.0;27;54;21;54;179;42;24;47;32
534.0;27;53;23;55;179;45;24;48;26
540.0;31;52;25;53;180;42;23;48;26
546.0;30;53;27;53;180;41;21;48;27
552.0;27;55;24;49;179;42;23;51;30
558.0;27;58;23;52;178;40;22;51;29
564.0;30;56;22;52;179;42;22;51;26
570.0;31;59;19;54;178;40;22;51;26
576.0;29;58;21;54;181;39;23;49;26
582.0;28;58;20;60;178;40;24;48;24
588.0;23;58;21;61;178;40;26;49;24
594.0;23;61;22;60;179;41;22;46;26
600.0;26;60;25;60;176;44;18;48;23
606.0;25;62;28;59;176;42;15;49;24
612.0;24;60;27;56;179;46;15;50;23
618.0;23;59;30;58;178;43;14;50;25
624.0;24;59;30;58;177;42;16;50;24
630.0;25;63;28;54;176;42;19;49;24
636.0;27;61;30;53;176;38;17;53;25
642.0;26;58;29;55;177;42;16;56;21
648.0;28;60;30;53;175;41;16;55;22
654.0;26;61;32;49;179;41;15;56;21
660.0;25;56;33;47;179;42;16;59;23
666.0;26;57;34;45;177;41;17;59;24
672.0;23;59;32;45;177;43;18;61;22
678.0;23;63;29;43;179;43;18;60;22
684.0;22;59;29;45;183;42;20;58;22
690.0;25;59;23;44;183;44;21;57;24
696.0;26;57;25;44;181;50;21;54;22
702.0;26;57;24;43;182;49;24;52;23
708.0;23;56;28;45;179;49;25;52;23
714.0;24;58;30;44;181;49;24;53;17
720.0;25;53;29;43;182;51;25;51;21
726.0;25;52;32;42;185;47;25;52;20
732.0;26;53;30;38;189;46;25;53;20
738.0;26;54;31;42;189;46;25;48;19
744.0;27;54;32;44;187;43;26;49;18
750.0;30;53;29;47;188;43;25;49;16
756.0;26;53;30;48;187;45;25;51;15
762.0;25;53;31;49;187;45;24;52;14
768.0;25;51;31;53;184;43;24;51;18
774.0;26;50;29;50;182;42;26;51;24
780.0;26;50;28;49;184;42;26;52;23
786.0;27;50;27;52;183;43;24;52;22
792.0;28;47;28;51;180;43;23;55;25
798.0;31;50;25;51;183;44;20;52;24
804.0;32;45;27;54;185;45;18;48;26
810.0;28;46;27;53;187;46;19;46;28
816.0;28;45;24;52;189;45;22;45;30
822.0;26;42;25;54;188;47;23;43;32
828.0;25;42;24;51;189;50;24;45;30
834.0;27;42;22;51;191;49;23;46;29
840.0;29;41;25;43;197;49;20;48;28
846.0;26;40;27;43;200;49;25;47;23
852.0;26;43;23;41;199;47;28;48;25
858.0;27;44;21;41;201;48;28;45;25
864.0;25;45;21;41;200;53;24;45;26
870.0;25;45;19;44;200;50;26;46;25
876.0;22;45;18;46;203;50;25;44;27
882.0;23;46;18;48;202;52;24;42;25
888.0;25;47;16;51;204;48;24;40;25
894.0;29;46;16;49;199;50;23;42;26
900.0;30;44;19;47;198;50;25;39;28
906.0;29;45;19;47;200;49;20;42;29
912.0;27;48;19;44;201;49;20;44;28
918.0;28;47;20;46;200;52;19;44;24
924.0;27;43;22;46;199;54;20;47;22
930.0;26;45;21;47;202;50;22;46;21
936.0;26;44;24;49;201;47;23;46;20
942.0;24;49;23;49;203;47;22;44;19
948.0;26;46;24;47;205;48;20;44;20
954.0;27;47;24;45;206;48;17;43;23
960.0;26;48;23;44;207;48;16;46;22
966.0;22;51;23;42;206;47;17;44;28
972.0;22;52;23;39;206;47;18;43;30
978.0;27;52;20;40;207;49;19;40;26
984.0;26;51;19;41;209;49;19;40;26
990.0;24;52;17;41;212;47;20;41;26
996.0;23;51;21;39;214;44;21;42;25
1002.0;23;48;22;40;213;44;21;42;27
1008.0;23;43;23;41;216;46;23;41;24
1014.0;27;42;24;41;219;43;21;38;25
1020.0;29;42;25;36;219;43;25;36;25
1026.0;26;43;25;38;218;42;30;36;22
1032.0;24;41;25;39;221;45;30;33;22
1038.0;24;39;26;39;223;41;34;34;20
1044.0;24;36;27;40;223;43;35;34;18
1050.0;20;40;27;38;226;43;31;39;16
1056.0;21;41;26;37;226;42;30;40;17
1062.0;25;40;27;38;225;42;26;41;16
1068.0;25;41;26;37;227;42;26;40;16
1074.0;26;41;28;38;226;42;25;38;16
1080.0;27;46;25;38;224;40;24;41;15
1086.0;26;48;26;37;225;38;22;42;16
1092.0;26;48;24;40;227;39;22;38;16
1098.0;26;49;23;41;226;37;24;39;15
1104.0;23;48;23;43;227;35;26;40;15
1110.0;22;50;24;43;227;37;23;40;14
1116.0;22;48;26;45;226;39;21;41;12
1122.0;21;49;25;41;230;41;19;41;13
1128.0;22;49;25;41;230;41;16;41;15
1134.0;22;47;25;40;227;45;16;42;16
1140.0;20;44;28;40;225;50;17;39;17
1146.0;18;43;28;38;227;51;17;41;17
1152.0;18;46;24;37;227;51;20;41;16
1158.0;21;45;23;38;226;51;20;41;15
1164.0;19;43;26;40;225;49;20;41;17
1170.0;17;43;23;42;226;54;20;42;13
1176.0;14;47;20;41;227;57;17;41;16
1182.0;14;49;18;44;229;52;16;41;17
1188.0;15;48;19;43;225;51;19;43;17
1194.0;13;46;21;43;226;51;19;42;19
1200.0;13;44;20;47;224;49;20;43;20
1206.0;16;39;17;50;227;48;20;42;21
1212.0;17;39;16;47;228;52;20;41;20
1218.0;16;39;17;46;224;52;22;42;22
1224.0;15;38;18;45;226;55;20;41;22
1230.0;18;41;15;44;228;54;18;40;22
1236.0;17;38;14;44;229;56;19;39;24
1242.0;15;39;13;45;227;56;24;37;24
1248.0;17;36;15;42;225;57;29;40;19
1254.0;17;36;13;40;230;56;28;44;16
1260.0;18;36;12;38;232;56;28;44;16
1266.0;16;38;15;38;230;57;27;41;18
1272.0;19;35;15;36;233;54;29;39;20
1278.0;21;35;15;38;231;53;27;42;18
1284.0;20;32;16;40;232;56;27;39;18
1290.0;21;31;17;44;233;51;27;37;19
1296.0;24;29;19;43;232;47;28;36;22
1302.0;24;31;19;43;238;48;24;31;22
1308.0;23;37;20;43;236;48;23;28;22
1314.0;22;38;18;44;237;47;22;32;20
1320.0;21;38;20;44;237;50;20;33;17
1326.0;23;38;24;44;235;45;21;33;17
1332.0;25;37;24;44;235;46;20;33;16
1338.0;23;36;24;46;236;48;17;31;19
1344.0;23;39;24;43;238;47;19;29;18
1350.0;25;39;21;44;241;48;17;29;16
1356.0;24;39;18;43;240;49;20;35;12
1362.0;21;36;18;43;241;52;20;37;12
1368.0;21;33;20;43;244;56;18;35;10
1374.0;22;32;20;39;244;57;18;35;13
1380.0;18;33;20;41;245;56;18;37;12
1386.0;17;35;20;42;245;56;18;34;13
1392.0;19;31;22;39;245;57;19;34;14
1398.0;19;29;21;40;244;55;22;36;14
1404.0;14;30;27;39;244;54;21;38;13
1410.0;14;30;28;35;250;50;21;38;14
1416.0;13;30;28;37;249;49;21;42;11
1422.0;15;30;26;34;249;49;22;41;14
1428.0;17;30;26;33;249;49;23;41;12
1434.0;18;31;24;34;249;52;21;39;12
1440.0;20;30;22;34;251;50;18;42;13
1446.0;19;30;22;33;252;52;20;40;12
1452.0;17;25;23;34;253;54;20;42;12
1458.0;17;25;26;32;251;58;16;40;15
1464.0;18;22;27;34;249;58;15;40;17
1470.0;19;24;24;34;248;59;16;38;18
1476.0;26;25;20;31;245;58;14;41;20
1482.0;25;27;21;32;246;57;19;36;17
1488.0;23;26;23;34;247;56;18;35;18
1494.0;25;25;22;35;245;55;18;41;14
1500.0;24;27;25;36;243;53;17;37;18
1506.0;23;26;27;36;242;50;17;39;20
1512.0;25;24;24;34;244;49;20;40;20
1518.0;28;26;25;32;242;49;20;36;22
1524.0;28;23;24;30;246;48;22;36;23
1530.0;26;24;23;29;248;48;22;39;21
1536.0;22;27;23;30;250;48;24;37;19
1542.0;24;27;24;26;252;48;22;36;21
1548.0;25;27;23;27;252;52;20;36;18
1554.0;23;27;22;29;253;49;20;40;17
1560.0;23;28;22;29;251;48;20;43;16
1566.0;23;28;21;32;248;52;20;41;15
1572.0;24;32;23;32;243;50;16;41;19
1578.0;24;33;24;34;241;51;16;39;18
1584.0;24;31;27;34;238;44;21;42;19
1590.0;26;31;24;36;240;41;20;40;22
1596.0;29;31;25;37;236;37;20;43;22
1602.0;32;30;23;39;238;35;20;42;21
1608.0;32;29;22;41;238;36;17;42;23
1614.0;31;29;23;46;236;38;14;42;21
1620.0;29;29;26;48;234;38;13;41;22
1626.0;26;33;31;48;233;36;11;43;19
1632.0;27;30;30;51;231;35;13;44;19
1638.0;29;31;26;48;230;36;15;46;19
1644.0;30;30;29;45;233;35;13;45;20
1650.0;34;34;29;46;232;33;14;44;14
1656.0;33;33;28;48;234;32;13;44;15
1662.0;31;33;30;48;237;33;15;40;13
1668.0;30;34;28;47;234;36;14;41;16
1674.0;28;34;27;48;232;39;14;41;17
1680.0;28;39;24;46;232;39;15;42;15
1686.0;28;39;26;44;231;41;13;44;14
1692.0;24;38;27;42;232;40;14;45;18
1698.0;21;42;29;43;230;39;13;43;20
1704.0;20;41;26;45;228;43;15;40;22
1710.0;18;38;24;46;231;41;16;43;23
1716.0;18;39;19;46;230;44;14;44;26
1722.0;18;36;18;45;233;45;13;48;24
1728.0;22;36;17;43;231;46;14;50;21
1734.0;23;38;17;46;229;44;16;47;20
1740.0;23;36;17;48;229;46;14;45;22
1746.0;23;41;14;48;228;44;15;44;23
1752.0;24;42;15;47;225;48;16;40;23
1758.0;20;39;15;49;226;48;18;43;22
1764.0;19;39;16;49;229;46;19;40;23
1770.0;21;37;19;48;229;49;15;41;21
1776.0;20;34;19;49;230;51;14;42;21
1782.0;23;32;19;48;230;52;14;41;21
1788.0;22;33;20;46;229;54;16;39;21
1794.0;22;33;20;48;233;52;14;38;20
