#auto generated file!
12.0;22;27;30;34;24;34;29;31;29
18.0;19;26;27;37;26;37;28;32;28
24.0;22;25;22;38;27;38;28;35;25
30.0;24;24;23;37;30;38;29;33;22
36.0;23;25;25;37;32;37;29;35;17
42.0;23;25;26;36;31;37;26;36;20
48.0;24;26;25;34;34;38;26;35;18
54.0;25;30;24;30;36;35;25;37;18
60.0;21;34;22;33;36;36;23;39;16
66.0;20;31;24;33;36;36;21;42;17
72.0;21;28;25;35;37;36;23;41;14
78.0;17;32;25;33;41;34;22;42;14
84.0;18;31;27;32;42;34;20;41;15
90.0;20;29;25;33;46;32;21;40;14
96.0;18;29;26;34;46;34;19;40;14
102.0;18;32;23;33;47;34;19;40;14
108.0;16;33;22;33;48;31;17;42;18
114.0;17;32;19;31;47;32;21;44;17
120.0;17;33;18;31;48;32;20;46;15
126.0;17;34;17;31;50;30;20;44;17
132.0;18;30;16;32;52;33;17;46;16
138.0;17;30;15;34;55;30;18;45;16
144.0;14;34;15;33;53;30;21;43;17
150.0;14;32;16;32;55;28;23;41;19
156.0;14;31;15;32;56;28;22;43;19
162.0;13;30;15;33;58;29;22;41;19
168.0;12;32;14;34;60;29;20;39;20
174.0;15;30;15;33;59;28;22;39;19
180.0;12;31;15;37;62;30;21;35;17
186.0;15;32;15;35;64;27;19;34;19
192.0;16;31;16;33;66;27;18;34;19
198.0;18;29;16;34;66;28;20;33;16
204.0;18;29;16;36;67;26;20;32;16
210.0;15;28;14;34;69;26;22;33;19
216.0;16;27;17;36;70;24;23;31;16
222.0;15;28;15;34;72;25;25;29;17
228.0;14;26;18;34;72;26;22;31;17
234.0;13;27;21;34;73;26;17;29;20
240.0;15;28;19;35;73;24;17;29;20
246.0;16;29;19;35;73;25;18;27;18
252.0;17;28;18;36;73;26;19;28;15
258.0;17;28;20;34;73;28;17;29;14
264.0;17;26;21;37;74;28;15;31;11
270.0;16;27;22;37;75;29;15;27;12
276.0;16;28;22;35;76;29;14;25;15
282.0;15;29;23;35;77;26;15;26;14
288.0;13;29;21;33;79;26;18;27;14
294.0;13;28;21;34;77;29;16;27;15
300.0;12;29;21;34;76;28;17;27;16
306.0;16;33;19;30;77;28;18;25;14
312.0;17;33;19;29;78;26;17;25;16
318.0;20;31;16;30;78;28;17;23;17
324.0;19;30;17;30;79;26;19;24;16
330.0;20;32;16;26;80;26;19;23;18
336.0;20;32;16;26;81;27;19;22;17
342.0;20;31;17;24;82;26;20;22;18
348.0;19;30;17;25;85;26;19;21;18
354.0;19;30;16;26;86;26;17;23;17
360.0;20;31;15;27;86;25;16;23;17
366.0;21;29;14;27;87;24;16;24;18
372.0;18;27;14;30;88;25;17;26;15
378.0;17;30;13;29;88;24;18;26;15
384.0;17;31;13;29;88;23;20;26;13
390.0;16;32;14;28;89;21;19;27;14
396.0;14;32;14;31;93;19;18;24;15
402.0;15;31;14;29;93;20;20;24;14
408.0;17;31;13;26;94;20;20;25;14
414.0;17;29;13;24;94;22;16;28;17
420.0;16;29;15;25;92;23;15;27;18
426.0;16;30;15;23;93;27;14;24;18
432.0;16;31;16;22;92;29;14;24;16
438.0;16;29;19;24;93;26;15;24;14
444.0;14;28;23;23;94;25;17;21;15
450.0;17;23;21;22;95;26;17;23;16
456.0;18;28;21;18;94;26;19;20;16
462.0;18;27;25;19;94;26;14;20;17
468.0;15;29;25;21;92;30;13;21;14
474.0;15;33;23;23;92;27;11;22;14
480.0;14;30;25;26;92;28;10;20;15
486.0;16;29;24;25;94;25;12;23;12
492.0;13;31;26;22;96;25;11;24;12
498.0;14;27;22;26;97;27;11;24;12
504.0;15;25;23;24;98;29;11;23;12
510.0;15;23;24;25;99;28;11;25;10
516.0;17;23;23;24;100;27;11;24;11
522.0;16;22;19;27;98;28;13;27;10
528.0;17;21;17;28;97;27;13;25;15
534.0;17;22;15;31;97;28;11;26;13
540.0;18;24;16;28;96;29;10;27;12
546.0;16;25;16;27;99;30;8;28;11
552.0;16;25;13;26;100;28;8;30;14
558.0;17;26;13;24;103;26;7;28;16
564.0;15;26;13;23;104;26;9;28;16
570.0;13;27;14;24;106;25;9;29;13
576.0;12;28;15;25;104;26;8;29;13
582.0;13;28;14;26;104;27;7;29;12
588.0;13;28;10;28;104;28;7;27;15
594.0;13;28;11;29;104;27;9;26;13
600.0;12;31;10;26;103;28;10;27;13
606.0;13;30;11;25;104;29;9;27;12
612.0;13;30;11;26;103;28;9;28;12
618.0;10;28;12;26;104;30;7;29;14
624.0;9;28;12;27;105;30;7;28;14
630.0;9;29;10;27;104;31;7;29;14
636.0;9;29;11;26;104;30;9;28;14
642.0;10;28;13;26;104;27;10;28;14
648.0;8;28;14;25;105;24;12;31;13
654.0;10;28;12;25;104;24;13;31;13
660.0;9;27;12;26;106;23;14;31;12
666.0;9;27;13;29;105;20;14;30;13
672.0;8;27;14;29;104;22;14;30;12
678.0;9;28;12;29;106;22;18;26;10
684.0;10;28;11;26;108;20;18;28;11
690.0;9;27;12;28;107;21;17;28;11
696.0;9;26;12;28;108;22;17;28;10
702.0;8;30;14;24;109;21;18;27;9
708.0;7;31;13;23;110;22;16;27;11
714.0;7;33;13;23;109;23;15;24;13
720.0;6;34;13;23;108;24;16;24;12
726.0;6;36;11;22;109;23;20;22;11
732.0;5;37;13;22;111;22;19;21;10
738.0;5;39;9;21;108;25;19;22;12
744.0;7;39;10;21;108;24;15;25;11
750.0;9;37;12;23;110;23;13;23;10
756.0;10;36;12;22;111;25;12;24;8
762.0;10;36;12;19;114;26;13;24;6
768.0;10;37;12;18;115;26;15;23;4
774.0;10;38;13;19;114;26;13;22;5
780.0;11;39;12;19;116;27;7;23;6
786.0;12;39;12;18;116;26;7;22;8
792.0;12;39;11;23;114;26;7;21;7
798.0;12;36;11;23;115;27;8;21;7
804.0;11;33;12;23;115;26;12;19;9
810.0;11;33;10;26;113;27;13;19;8
816.0;12;31;10;27;113;27;13;18;9
822.0;12;30;9;26;115;27;12;21;8
828.0;12;30;8;26;115;26;11;22;10
834.0;12;29;9;24;117;26;10;22;11
840.0;12;30;8;21;119;24;11;24;11
846.0;13;31;8;23;119;25;10;23;8
852.0;12;30;9;24;118;27;10;23;7
858.0;13;31;10;24;116;26;10;22;8
864.0;14;32;10;23;117;23;8;25;8
870.0;15;31;11;23;116;24;9;25;6
876.0;14;30;12;24;116;24;10;24;6
882.0;16;28;12;24;116;23;12;22;7
888.0;14;30;13;22;116;23;12;23;7
894.0;15;31;15;20;116;22;12;24;5
900.0;15;31;14;21;115;23;12;24;5
906.0;15;30;14;20;115;23;14;24;5
912.0;16;30;15;19;115;24;11;24;6
918.0;16;31;15;19;114;24;14;22;5
924.0;16;30;16;18;114;24;14;25;3
930.0;15;30;18;19;112;25;13;25;3
936.0;14;29;18;20;112;24;15;24;4
942.0;16;28;15;24;109;24;15;24;5
948.0;16;29;13;25;108;25;16;21;7
954.0;13;27;12;27;112;26;16;19;8
960.0;12;24;11;26;113;26;19;22;7
966.0;11;24;10;24;117;26;17;23;8
972.0;10;23;8;25;118;27;16;24;9
978.0;12;25;8;22;121;23;16;24;9
984.0;11;25;10;20;122;22;17;23;10
990.0;13;28;11;21;121;20;13;23;10
996.0;13;28;12;21;120;22;13;20;11
1002.0;12;24;11;23;122;21;15;21;11
1008.0;11;26;12;20;123;21;13;22;12
1014.0;12;24;14;21;122;22;10;23;12
1020.0;11;24;11;23;122;25;10;22;12
1026.0;11;23;13;24;123;25;8;23;10
1032.0;10;25;12;26;123;26;7;22;9
1038.0;11;24;12;25;123;27;8;20;10
1044.0;11;24;13;22;123;28;10;19;10
1050.0;10;25;12;20;122;30;11;20;10
1056.0;10;26;9;21;120;34;12;20;8
1062.0;10;25;11;20;117;34;13;21;9
1068.0;11;24;9;22;121;33;13;17;10
1074.0;9;25;10;22;121;32;12;19;10
1080.0;10;26;10;21;120;30;13;19;11
1086.0;10;27;10;21;119;31;11;20;11
1092.0;10;27;10;23;117;30;12;21;10
1098.0;9;28;10;19;116;32;14;21;11
1104.0;8;30;10;18;113;33;13;22;13
1110.0;7;31;11;17;112;33;13;23;13
1116.0;8;30;13;17;113;33;11;20;15
1122.0;9;28;12;18;112;34;12;20;15
1128.0;9;28;11;19;111;33;13;20;16
1134.0;9;27;11;18;112;32;14;20;17
1140.0;11;29;12;21;108;31;11;21;16
1146.0;12;27;14;21;105;32;13;20;16
1152.0;11;28;13;21;106;32;12;20;17
1158.0;12;26;12;21;108;31;15;17;18
1164.0;11;26;14;20;111;29;14;18;17
1170.0;10;25;12;21;112;29;14;17;20
1176.0;9;22;13;22;114;29;13;18;20
1182.0;10;24;13;22;116;25;13;18;19
1188.0;11;23;14;21;117;25;14;16;19
1194.0;12;24;16;19;117;26;13;16;17
1200.0;16;23;15;16;119;27;11;15;18
1206.0;15;25;15;17;120;27;11;14;16
1212.0;19;21;14;20;119;26;12;14;15
1218.0;19;20;14;21;119;27;12;13;15
1224.0;20;20;14;20;119;25;12;15;15
1230.0;18;22;14;17;117;27;13;15;17
1236.0;19;22;14;18;115;25;12;16;19
1242.0;16;23;16;16;114;29;13;16;17
1248.0;15;24;16;16;113;30;13;17;16
1254.0;11;24;15;21;114;32;13;17;13
1260.0;15;24;14;23;111;31;13;17;12
1266.0;16;23;13;22;110;32;15;19;10
1272.0;15;22;12;23;109;32;15;21;11
1278.0;16;22;12;26;107;29;14;23;11
1284.0;16;23;12;27;105;31;15;23;8
1290.0;16;24;10;27;104;32;13;24;10
1296.0;14;23;10;31;105;31;11;26;9
1302.0;15;23;10;35;104;30;8;26;9
1308.0;15;21;8;32;105;30;9;26;14
1314.0;14;23;10;27;106;31;10;25;14
1320.0;12;24;11;27;105;31;9;27;14
1326.0;11;24;10;27;109;28;10;26;15
1332.0;11;25;10;26;110;28;10;26;14
1338.0;8;27;9;24;111;26;10;31;14
1344.0;9;27;10;25;112;24;9;31;13
1350.0;10;29;9;23;110;23;9;33;14
1356.0;11;30;11;22;109;22;9;31;15
1362.0;11;30;12;22;109;22;9;30;15
1368.0;10;29;12;24;107;22;10;29;17
1374.0;10;29;10;25;106;23;10;29;18
1380.0;10;30;9;25;106;24;10;28;18
1386.0;11;32;10;21;107;23;11;28;17
1392.0;12;32;7;22;106;23;11;29;18
1398.0;12;31;8;21;108;25;10;29;16
1404.0;15;29;10;20;107;24;9;28;18
1410.0;13;29;9;20;105;26;11;29;18
1416.0;14;27;12;20;106;26;11;30;14
1422.0;13;25;13;23;106;25;12;28;15
1428.0;12;27;15;23;106;23;11;28;15
1434.0;11;25;15;25;108;21;12;29;14
1440.0;11;25;13;26;109;23;12;29;12
1446.0;11;24;13;25;110;26;11;27;13
1452.0;8;22;17;23;111;24;15;25;15
1458.0;7;20;15;23;112;25;16;26;16
1464.0;9;20;16;23;110;26;14;26;16
1470.0;12;19;15;24;109;25;15;24;17
1476.0;10;19;15;25;108;27;14;23;19
1482.0;9;19;14;25;111;28;11;22;21
1488.0;9;19;14;26;112;27;11;22;20
1494.0;9;19;14;24;114;31;11;22;16
1500.0;8;19;13;24;114;31;10;25;16
1506.0;8;21;14;23;112;33;10;24;15
1512.0;8;21;14;22;115;32;10;22;16
1518.0;9;22;11;23;113;32;10;24;16
1524.0;9;22;11;22;116;32;9;24;15
1530.0;9;26;9;21;115;31;9;25;15
1536.0;8;26;7;23;115;31;10;24;16
1542.0;9;25;8;22;115;30;10;25;16
1548.0;9;24;8;20;118;30;11;23;17
1554.0;7;23;8;23;118;30;11;23;17
1560.0;8;22;8;24;118;29;11;22;18
1566.0;9;22;9;22;118;29;10;23;18
1572.0;9;23;10;23;119;31;10;21;14
1578.0;6;25;11;23;119;31;10;21;14
1584.0;4;25;10;22;120;32;10;20;17
1590.0;4;26;11;23;118;32;11;20;15
1596.0;4;27;9;23;117;32;10;21;17
1602.0;5;28;9;23;118;32;8;22;15
1608.0;5;29;10;21;117;33;8;23;14
1614.0;5;31;8;21;119;32;9;22;13
1620.0;5;31;8;22;117;32;9;22;14
1626.0;7;31;8;22;117;32;10;20;13
1632.0;7;31;9;23;115;32;9;21;13
1638.0;7;26;14;24;112;31;12;20;14
1644.0;7;25;13;24;114;29;15;20;13
1650.0;7;25;12;25;112;31;15;21;12
1656.0;10;25;11;25;113;31;11;20;14
1662.0;13;27;11;27;112;27;9;20;14
1668.0;15;26;11;24;112;24;9;22;17
1674.0;14;27;10;27;113;24;7;24;14
1680.0;17;27;12;28;114;20;8;23;11
1686.0;15;27;10;30;114;19;7;22;16
1692.0;14;28;8;31;116;17;7;24;15
1698.0;15;27;8;32;113;18;7;23;17
1704.0;13;29;9;30;116;18;7;24;14
1710.0;14;27;11;28;119;17;8;23;13
1716.0;13;27;10;26;119;19;9;22;15
1722.0;14;25;10;24;117;19;12;25;14
1728.0;14;27;8;23;119;21;12;23;13
1734.0;14;27;9;23;118;21;12;24;12
1740.0;16;29;8;22;117;21;12;24;11
1746.0;15;28;8;22;119;21;13;24;10
1752.0;13;27;10;20;121;23;15;22;9
1758.0;12;29;10;21;121;25;12;20;10
1764.0;12;27;14;21;121;24;10;20;11
1770.0;10;28;14;22;123;22;9;20;12
1776.0;12;26;12;23;125;23;5;21;13
1782.0;10;25;12;23;127;21;6;24;12
1788.0;9;26;11;21;127;24;6;22;14
1794.0;8;25;10;21;128;24;8;22;14
