#auto generated file!
12.0;43;50;40;40;38;30;28;38;33
18.0;35;48;40;39;43;28;31;43;33
24.0;31;47;40;41;46;28;32;44;31
30.0;28;49;36;41;50;29;34;44;29
36.0;30;54;32;37;54;27;34;44;28
42.0;28;54;29;37;58;29;35;41;29
48.0;25;54;29;37;63;32;30;41;29
54.0;24;55;26;38;64;32;30;44;27
60.0;24;53;29;38;65;30;33;43;25
66.0;24;54;24;40;66;30;33;44;25
72.0;24;53;25;36;68;29;32;45;28
78.0;26;54;22;32;71;32;30;42;31
84.0;24;50;22;30;72;37;30;44;31
90.0;24;50;23;30;75;34;29;42;33
96.0;25;47;21;33;77;36;27;40;34
102.0;23;49;23;32;77;38;24;40;34
108.0;24;49;23;33;78;36;24;41;32
114.0;22;49;24;34;82;36;24;40;29
120.0;21;47;26;35;81;37;26;40;27
126.0;20;48;28;36;81;37;25;39;26
132.0;22;50;30;37;82;37;23;37;22
138.0;21;49;31;38;84;38;25;36;18
144.0;18;49;29;40;87;41;25;33;18
150.0;16;44;28;42;89;42;25;34;20
156.0;15;42;27;41;91;44;24;37;19
162.0;19;42;27;42;93;44;22;35;16
168.0;14;40;27;43;96;46;21;36;17
174.0;14;41;29;37;97;45;19;41;17
180.0;15;45;28;35;99;46;18;38;16
186.0;21;43;27;35;98;45;17;39;15
192.0;19;41;29;37;95;46;18;38;17
198.0;19;41;28;37;94;44;18;42;17
204.0;19;41;25;37;96;43;19;44;16
210.0;17;41;22;41;102;41;16;42;18
216.0;17;44;22;45;101;42;14;38;17
222.0;18;44;23;44;102;40;13;37;19
228.0;19;40;25;44;105;39;14;35;19
234.0;21;40;25;43;102;36;18;35;20
240.0;19;40;24;41;103;39;19;33;22
246.0;21;40;23;40;107;40;18;32;19
252.0;19;40;25;39;108;37;19;35;18
258.0;22;42;22;39;109;36;17;35;18
264.0;21;44;20;41;110;38;14;34;18
270.0;21;41;20;45;111;36;15;34;17
276.0;21;39;23;42;112;34;17;35;17
282.0;19;38;24;43;112;34;21;33;16
288.0;17;40;26;42;114;35;16;32;18
294.0;16;42;26;42;116;35;16;30;17
300.0;16;40;27;43;117;34;16;30;17
306.0;15;44;25;43;116;34;15;31;17
312.0;15;42;25;43;117;36;13;32;17
318.0;15;42;26;42;117;39;12;30;17
324.0;15;44;25;41;119;37;12;31;16
330.0;15;42;26;41;119;37;11;31;18
336.0;14;42;22;40;121;35;13;33;20
342.0;14;42;17;44;123;33;13;35;19
348.0;14;44;19;42;122;32;13;33;21
354.0;17;44;18;39;122;34;11;33;22
360.0;17;45;19;36;123;33;13;33;21
366.0;17;43;21;37;122;34;13;35;18
372.0;16;44;20;39;122;36;12;32;19
378.0;16;40;17;39;124;38;13;33;20
384.0;17;40;21;35;125;38;13;33;18
390.0;19;37;23;35;124;36;14;33;19
396.0;22;35;25;36;122;39;10;33;18
402.0;18;36;23;39;121;41;10;33;19
408.0;17;37;24;39;120;40;8;34;21
414.0;16;40;24;39;118;39;10;34;20
420.0;16;39;23;38;120;36;13;36;19
426.0;16;39;22;36;121;39;12;34;21
432.0;14;39;24;34;122;37;12;36;22
438.0;14;37;24;37;120;36;12;36;24
444.0;14;38;23;39;121;39;13;33;20
450.0;14;38;24;35;120;39;13;34;23
456.0;14;38;22;34;117;41;15;32;27
462.0;15;36;21;35;116;42;17;32;26
468.0;20;38;18;35;116;44;18;29;22
474.0;21;37;15;35;118;43;19;30;22
480.0;23;34;17;35;119;44;18;30;20
486.0;21;34;13;37;123;44;21;31;16
492.0;22;34;14;36;119;43;23;34;15
498.0;25;32;15;35;122;42;18;36;15
504.0;22;31;17;35;117;40;22;41;15
510.0;21;32;18;34;118;37;20;43;17
516.0;19;38;21;37;118;37;18;36;16
522.0;16;41;17;40;119;37;15;37;18
528.0;15;39;15;36;119;37;18;41;20
534.0;14;37;13;36;121;36;20;42;21
540.0;14;35;14;34;120;39;18;43;23
546.0;16;35;12;34;120;39;15;45;24
552.0;19;36;12;35;122;37;15;40;24
558.0;17;35;11;34;124;39;15;40;25
564.0;19;35;11;31;125;40;17;40;22
570.0;18;36;10;28;126;38;20;45;19
576.0;19;37;12;30;128;35;23;40;16
582.0;21;38;12;29;126;35;24;40;15
588.0;19;39;12;32;127;31;20;41;19
594.0;18;38;13;32;126;33;18;42;20
600.0;18;39;13;32;127;32;18;43;18
606.0;22;36;12;31;124;33;18;44;20
612.0;24;36;14;31;122;34;16;46;17
618.0;22;34;16;31;126;34;13;46;18
624.0;20;34;15;32;126;34;16;44;19
630.0;20;34;16;35;129;33;15;40;18
636.0;21;33;17;35;132;34;12;39;17
642.0;19;33;18;33;132;34;16;36;19
648.0;19;32;18;34;130;34;16;38;19
654.0;21;32;16;32;132;35;17;38;17
660.0;20;31;14;32;135;36;18;39;15
666.0;19;29;15;31;134;37;18;39;18
672.0;19;28;12;30;137;35;20;40;19
678.0;18;25;12;31;138;36;22;39;19
684.0;15;27;15;29;137;36;19;43;19
690.0;12;26;15;31;133;39;22;43;19
696.0;12;30;15;32;132;38;22;44;15
702.0;15;28;13;31;133;39;24;42;15
708.0;16;29;13;28;132;41;23;44;14
714.0;14;30;14;31;132;38;23;42;16
720.0;12;30;15;30;132;39;22;45;15
726.0;12;30;12;29;132;39;21;49;16
732.0;12;31;13;32;130;43;17;45;17
738.0;12;31;16;32;131;42;16;45;15
744.0;12;30;16;30;133;42;15;47;15
750.0;11;31;16;31;135;40;16;47;13
756.0;12;30;18;33;135;38;17;43;14
762.0;12;32;18;31;135;39;17;42;14
768.0;13;29;17;34;135;39;17;41;15
774.0;14;28;17;32;133;40;19;41;16
780.0;14;30;17;32;135;39;18;40;15
786.0;17;33;15;33;132;41;18;39;12
792.0;16;33;16;35;133;39;17;39;12
798.0;17;35;17;33;133;38;13;42;12
804.0;18;34;18;29;133;40;13;40;15
810.0;17;34;17;34;131;39;13;39;16
816.0;17;36;15;34;131;36;13;40;18
822.0;17;36;16;33;132;38;11;39;18
828.0;18;34;18;33;134;40;9;38;16
834.0;21;35;17;35;134;39;9;35;15
840.0;20;35;17;34;134;38;10;35;17
846.0;17;34;22;36;127;39;11;37;17
852.0;12;35;20;37;126;41;17;34;18
858.0;14;32;23;38;125;42;16;34;16
864.0;12;30;24;38;126;43;15;35;17
870.0;13;27;25;38;126;43;16;35;17
876.0;15;27;24;40;126;43;16;36;13
882.0;12;29;21;35;128;46;20;36;13
888.0;12;33;18;36;129;45;20;33;14
894.0;15;35;13;37;127;44;20;37;12
900.0;17;33;13;36;127;46;20;35;13
906.0;18;35;15;35;129;45;13;37;13
912.0;18;33;14;32;132;48;13;36;14
918.0;16;32;14;33;135;49;13;33;15
924.0;16;30;13;34;138;47;11;34;17
930.0;17;33;10;35;137;46;13;33;16
936.0;18;31;13;35;137;43;14;35;14
942.0;20;26;14;39;134;40;15;36;16
948.0;16;29;11;45;134;41;14;36;14
954.0;16;28;14;48;131;39;12;40;12
960.0;15;30;13;46;131;39;15;40;11
966.0;14;30;14;44;134;42;13;38;11
972.0;16;33;13;43;132;40;14;38;11
978.0;15;34;13;43;132;39;14;39;11
984.0;13;37;14;41;131;37;13;42;12
990.0;15;37;14;37;131;34;17;43;12
996.0;17;39;15;33;131;34;17;42;12
1002.0;17;37;16;33;132;33;18;39;15
1008.0;17;33;17;31;133;34;22;39;14
1014.0;17;33;18;32;133;32;23;37;15
1020.0;20;32;19;35;131;31;21;38;13
1026.0;20;31;20;36;132;29;23;37;12
1032.0;20;31;20;36;132;30;20;37;14
1038.0;17;31;21;39;134;31;18;36;13
1044.0;16;30;21;39;137;29;18;36;14
1050.0;18;33;18;39;138;30;18;35;11
1056.0;16;34;18;39;141;30;17;33;12
1062.0;15;32;15;40;144;31;19;32;12
1068.0;17;30;13;41;145;32;19;31;12
1074.0;14;31;13;39;148;32;19;30;14
1080.0;15;33;11;36;149;32;23;28;13
1086.0;13;31;13;36;150;33;23;27;14
1092.0;13;30;13;37;148;32;24;28;15
1098.0;15;29;14;37;149;28;21;30;17
1104.0;16;31;14;35;150;29;19;29;17
1110.0;14;30;13;37;153;29;16;31;17
1116.0;14;31;11;36;153;29;17;31;18
1122.0;13;34;11;32;156;29;16;32;17
1128.0;13;31;12;34;156;30;18;28;18
1134.0;12;32;11;37;156;30;18;27;17
1140.0;12;32;12;37;158;30;16;26;17
1146.0;15;35;11;36;155;30;15;25;18
1152.0;14;33;12;33;154;34;15;26;19
1158.0;12;32;14;34;155;34;14;26;19
1164.0;12;32;12;35;156;31;12;28;22
1170.0;11;32;10;35;160;32;12;26;22
1176.0;11;30;13;34;159;32;12;26;23
1182.0;13;28;12;31;166;33;6;27;24
1188.0;11;28;12;32;168;31;7;29;22
1194.0;13;28;12;31;169;29;7;29;22
1200.0;14;31;11;30;168;28;9;31;18
1206.0;16;31;11;29;170;27;11;28;17
1212.0;16;30;10;31;173;27;11;27;15
1218.0;16;28;11;28;175;29;12;26;15
1224.0;14;30;11;29;177;28;10;29;12
1230.0;16;30;12;30;174;28;10;29;11
1236.0;17;31;13;29;173;31;9;25;12
1242.0;16;28;15;30;167;34;11;27;12
1248.0;17;29;16;31;168;33;8;25;13
1254.0;18;28;14;30;171;33;7;25;14
1260.0;16;30;15;26;169;32;8;27;17
1266.0;12;33;16;27;172;31;9;25;15
1272.0;13;33;14;28;172;28;11;25;16
1278.0;12;31;14;29;172;28;12;25;17
1284.0;12;29;14;29;171;31;11;24;19
1290.0;12;26;17;29;171;32;8;28;17
1296.0;10;25;17;29;172;32;9;29;17
1302.0;10;24;19;30;171;34;10;27;15
1308.0;11;22;17;31;170;35;12;27;15
1314.0;13;25;14;28;167;37;15;28;13
1320.0;13;28;15;24;168;38;14;28;12
1326.0;12;31;17;23;166;37;15;28;11
1332.0;13;30;18;22;168;36;13;28;12
1338.0;13;31;17;24;164;37;14;27;13
1344.0;14;31;17;22;166;37;13;27;13
1350.0;14;28;16;22;166;41;12;28;13
1356.0;14;29;17;23;165;38;12;27;15
1362.0;13;28;16;23;169;37;11;29;14
1368.0;15;28;13;26;167;36;13;28;14
1374.0;13;26;14;26;168;36;14;28;15
1380.0;14;27;15;24;165;37;14;31;13
1386.0;15;29;14;24;165;35;14;31;13
1392.0;14;29;12;22;164;33;17;33;16
1398.0;14;31;13;20;166;34;17;34;11
1404.0;17;28;15;21;166;33;16;33;11
1410.0;18;29;12;22;166;33;17;33;10
1416.0;19;31;11;22;167;35;16;33;6
1422.0;19;36;11;21;164;37;14;31;7
1428.0;20;38;12;22;161;34;13;31;9
1434.0;18;38;11;23;164;31;13;31;11
1440.0;16;37;10;23;163;33;13;31;14
1446.0;16;36;10;24;164;37;14;29;10
1452.0;20;35;10;23;163;36;15;28;10
1458.0;20;33;12;25;164;34;16;24;12
1464.0;19;29;12;26;163;36;18;24;13
1470.0;19;28;11;28;163;35;20;24;12
1476.0;23;25;12;29;162;33;20;23;13
1482.0;21;27;12;31;163;33;19;24;10
1488.0;20;28;12;29;164;34;17;24;12
1494.0;20;28;11;32;165;34;15;23;12
1500.0;21;30;12;31;162;35;16;21;12
1506.0;20;25;14;31;161;37;17;24;11
1512.0;21;24;14;31;159;36;19;25;11
1518.0;21;23;14;31;158;37;19;25;12
1524.0;21;25;14;29;157;35;21;27;11
1530.0;20;27;10;30;153;32;23;31;14
1536.0;20;26;11;31;154;33;22;29;14
1542.0;19;28;11;28;156;32;22;30;14
1548.0;20;28;12;29;158;32;20;30;11
1554.0;20;25;14;29;156;32;20;30;14
1560.0;20;26;11;30;151;37;18;31;16
1566.0;19;27;10;30;151;39;18;34;12
1572.0;15;27;8;30;152;40;18;34;16
1578.0;15;26;10;30;151;39;17;35;17
1584.0;15;29;11;31;151;34;17;33;19
1590.0;13;26;13;34;148;35;20;30;21
1596.0;13;27;11;34;149;33;21;32;20
1602.0;16;27;13;33;149;33;20;31;18
1608.0;17;25;14;34;150;35;22;31;12
1614.0;18;27;15;33;151;36;19;30;11
1620.0;18;26;17;31;155;36;18;29;10
1626.0;19;22;16;30;157;34;19;31;12
1632.0;21;23;15;31;158;34;17;27;14
1638.0;23;23;16;30;154;35;16;29;14
1644.0;24;24;15;31;150;39;16;27;14
1650.0;26;25;16;30;149;38;16;28;12
1656.0;25;25;17;29;153;38;14;28;11
1662.0;25;25;19;31;152;35;14;28;11
1668.0;24;26;17;33;154;33;14;27;12
1674.0;24;29;16;35;152;34;13;24;13
1680.0;22;29;15;34;151;32;16;25;16
1686.0;19;27;16;36;154;34;17;22;15
1692.0;19;29;16;37;154;34;14;22;15
1698.0;18;31;17;36;153;35;14;21;15
1704.0;19;34;17;33;155;34;17;18;13
1710.0;18;35;13;35;157;35;12;20;15
1716.0;19;35;11;36;157;33;11;20;18
1722.0;19;35;11;36;157;36;9;20;17
1728.0;19;33;11;34;161;35;9;21;17
1734.0;18;32;11;33;161;35;11;21;18
1740.0;19;33;10;32;159;36;12;20;19
1746.0;18;33;12;33;158;37;11;24;14
1752.0;16;32;15;32;159;36;11;24;15
1758.0;15;34;14;33;158;39;13;21;13
1764.0;15;35;15;33;157;38;13;20;14
1770.0;12;37;12;32;159;34;15;22;17
1776.0;11;35;14;30;162;35;15;21;17
1782.0;12;33;9;30;164;32;18;21;21
1788.0;11;34;9;30;162;32;18;21;23
1794.0;10;30;10;33;163;33;16;21;24
