#auto generated file!
12.0;25;23;31;24;29;29;28;37;24
18.0;22;28;33;25;32;28;27;33;22
24.0;20;26;28;27;36;26;30;31;26
30.0;20;27;28;27;34;27;31;33;23
36.0;17;29;27;31;36;26;29;33;22
42.0;18;30;27;29;38;24;29;34;21
48.0;18;30;24;28;39;23;30;37;21
54.0;15;30;22;30;41;24;30;37;21
60.0;13;29;20;38;43;22;30;36;19
66.0;11;29;22;37;42;24;30;35;20
72.0;10;25;22;33;46;29;28;36;21
78.0;12;27;21;32;49;29;25;36;19
84.0;11;30;20;31;50;28;27;36;17
90.0;10;31;21;32;47;31;25;34;19
96.0;10;29;20;33;51;31;23;31;22
102.0;10;28;19;31;51;31;23;31;26
108.0;12;26;19;32;50;31;23;33;24
114.0;13;28;22;28;49;31;21;33;25
120.0;16;26;22;26;51;30;21;34;24
126.0;15;26;21;26;54;30;20;35;23
132.0;15;25;23;25;56;30;17;37;22
138.0;16;27;22;27;57;31;14;36;20
144.0;14;25;21;30;59;30;15;34;22
150.0;15;25;22;32;63;29;11;36;17
156.0;15;25;18;32;66;29;11;34;20
162.0;15;25;15;34;67;29;12;34;19
168.0;17;25;14;32;67;27;11;35;22
174.0;17;25;16;30;65;28;12;33;24
180.0;14;23;16;30;68;30;12;33;24
186.0;14;25;14;31;68;31;13;32;22
192.0;15;23;17;27;69;32;14;33;20
198.0;15;22;19;28;72;28;16;31;19
204.0;16;22;17;28;75;27;16;31;18
210.0;17;19;19;26;79;27;15;30;18
216.0;17;20;20;27;78;26;13;30;19
222.0;18;19;18;28;81;24;14;29;19
228.0;18;22;18;27;81;21;14;31;18
234.0;19;21;19;27;82;22;14;30;16
240.0;18;21;16;27;84;21;16;31;16
246.0;19;22;14;28;86;22;13;32;14
252.0;17;22;14;28;88;20;14;32;15
258.0;15;24;13;27;90;20;14;32;15
264.0;17;23;12;27;90;21;16;29;15
270.0;17;23;12;29;88;21;15;33;12
276.0;16;22;16;31;88;18;15;31;13
282.0;17;21;15;33;90;20;12;29;13
288.0;15;24;13;33;91;20;12;29;13
294.0;16;24;12;31;91;19;14;29;14
300.0;16;23;12;29;92;18;14;31;15
306.0;14;24;12;26;93;20;15;30;16
312.0;13;19;12;26;95;21;17;32;15
318.0;13;20;11;28;96;21;17;30;14
324.0;11;20;9;30;97;23;16;28;16
330.0;10;23;9;32;96;23;16;26;15
336.0;10;23;9;30;96;23;17;27;15
342.0;11;24;8;29;95;25;15;27;16
348.0;12;26;10;27;95;24;13;28;15
354.0;12;27;10;26;96;23;15;26;15
360.0;10;27;12;27;97;23;15;22;17
366.0;7;30;11;28;98;22;17;20;17
372.0;7;30;10;29;97;24;15;20;18
378.0;7;30;10;31;96;21;17;20;18
384.0;8;28;10;32;95;24;18;19;16
390.0;8;28;12;32;94;24;18;19;15
396.0;12;28;11;31;93;25;16;20;14
402.0;13;26;12;32;94;26;17;18;12
408.0;13;25;12;31;93;27;18;18;13
414.0;10;25;15;29;94;28;18;17;14
420.0;12;26;13;30;95;26;19;16;13
426.0;9;27;13;30;96;26;18;17;14
432.0;10;25;14;30;98;27;15;18;13
438.0;12;23;13;28;102;27;16;17;12
444.0;9;25;14;26;104;26;17;17;12
450.0;6;27;13;25;104;27;19;19;10
456.0;6;25;13;22;105;27;19;20;13
462.0;7;26;11;21;104;29;18;22;12
468.0;7;26;13;21;104;29;16;22;12
474.0;8;25;13;21;104;29;17;21;12
480.0;7;26;9;21;106;31;14;22;14
486.0;8;23;9;24;105;28;15;24;14
492.0;6;22;9;25;107;28;13;26;14
498.0;6;20;10;25;108;28;11;28;14
504.0;5;22;11;25;108;25;12;29;13
510.0;7;24;11;24;105;27;13;26;13
516.0;9;25;10;23;106;26;14;26;11
522.0;9;26;16;22;103;26;13;24;11
528.0;12;24;17;21;104;23;14;23;12
534.0;13;24;16;21;103;24;14;22;13
540.0;12;22;15;22;103;20;15;25;16
546.0;14;25;12;23;104;18;14;27;13
552.0;15;25;11;22;106;18;12;29;12
558.0;16;26;13;22;105;18;10;29;11
564.0;16;27;12;22;105;19;10;28;11
570.0;16;27;13;23;107;19;10;23;12
576.0;16;26;15;24;105;19;10;22;13
582.0;15;27;15;23;107;18;10;22;13
588.0;13;26;17;23;108;18;8;24;13
594.0;14;26;16;20;107;18;7;27;15
600.0;12;25;16;22;108;17;8;27;15
606.0;13;25;13;22;111;17;9;26;14
612.0;12;26;15;21;108;19;9;27;13
618.0;10;25;17;21;107;21;9;27;13
624.0;12;26;14;22;108;22;8;25;13
630.0;12;26;15;23;107;20;10;25;12
636.0;12;26;14;23;107;20;9;27;12
642.0;14;26;15;23;109;19;6;25;13
648.0;13;26;13;23;108;21;6;28;12
654.0;15;23;15;23;108;22;6;28;10
660.0;15;23;16;23;107;20;6;29;11
666.0;15;24;18;24;105;21;5;27;11
672.0;14;26;17;24;107;22;5;26;9
678.0;12;30;13;23;107;24;4;27;10
684.0;12;28;14;23;108;25;3;28;9
690.0;10;27;13;21;109;25;7;30;8
696.0;11;27;11;22;108;27;8;26;10
702.0;8;27;11;23;110;28;8;26;9
708.0;9;25;11;23;108;31;9;28;6
714.0;8;25;14;22;106;31;9;27;8
720.0;11;23;15;21;104;31;9;25;11
726.0;10;24;12;21;104;31;9;29;10
732.0;10;25;12;21;104;32;9;29;8
738.0;10;27;10;20;104;32;9;28;10
744.0;12;22;10;21;105;32;13;26;9
750.0;12;19;10;21;106;34;12;28;8
756.0;11;22;9;22;106;35;12;25;8
762.0;11;21;10;22;103;37;13;26;7
768.0;11;21;11;21;101;37;15;23;10
774.0;11;18;11;21;104;36;15;24;10
780.0;11;19;12;18;105;35;16;23;11
786.0;11;19;13;19;104;32;17;22;13
792.0;13;19;13;18;105;30;19;22;11
798.0;11;19;13;19;104;30;17;25;12
804.0;13;18;12;17;105;29;18;27;11
810.0;13;18;11;16;106;31;17;27;11
816.0;10;21;11;15;105;31;17;28;12
822.0;10;20;11;13;103;30;20;30;13
828.0;12;21;10;12;104;32;17;29;13
834.0;12;25;10;13;103;30;16;29;12
840.0;14;26;9;13;101;30;15;30;12
846.0;12;22;9;15;101;32;16;30;13
852.0;8;23;9;19;100;32;17;30;12
858.0;9;26;8;19;99;32;16;30;11
864.0;10;20;8;19;104;34;17;29;9
870.0;10;23;8;19;104;33;17;26;10
876.0;9;24;8;19;104;31;18;28;9
882.0;9;25;8;19;104;31;15;30;9
888.0;9;25;8;16;104;32;16;30;10
894.0;9;24;11;18;103;31;15;30;9
900.0;7;25;12;19;100;30;16;31;10
906.0;9;25;12;18;101;28;17;30;10
912.0;9;23;15;18;101;27;20;27;10
918.0;10;23;15;19;101;27;22;26;7
924.0;11;21;14;19;102;26;22;27;8
930.0;12;20;13;19;100;29;25;24;8
936.0;15;18;13;18;104;27;25;23;7
942.0;14;19;12;20;105;26;22;24;8
948.0;14;19;13;22;103;28;18;23;10
954.0;14;19;12;22;103;29;16;23;12
960.0;12;20;10;24;102;31;17;21;13
966.0;12;20;9;25;103;29;17;22;13
972.0;13;21;10;23;103;29;16;23;12
978.0;11;20;11;24;101;30;17;23;13
984.0;13;21;10;25;107;28;14;21;11
990.0;14;22;9;27;107;26;13;21;11
996.0;14;21;10;28;108;24;12;21;12
1002.0;13;20;11;28;107;27;12;21;11
1008.0;15;21;14;27;104;26;13;20;10
1014.0;12;22;14;29;105;25;14;20;9
1020.0;12;21;15;32;105;25;13;18;9
1026.0;12;21;10;29;103;25;14;26;10
1032.0;12;22;10;28;105;25;12;25;11
1038.0;11;21;8;30;106;26;14;24;10
1044.0;11;20;8;31;107;25;14;22;12
1050.0;9;21;10;32;107;25;11;23;12
1056.0;10;20;9;32;105;28;12;22;12
1062.0;8;19;8;32;107;26;13;23;14
1068.0;10;19;6;32;111;25;12;23;12
1074.0;7;20;6;33;111;24;12;26;11
1080.0;8;22;6;31;112;24;9;27;11
1086.0;8;21;8;28;113;25;9;28;10
1092.0;9;21;8;24;115;23;9;31;10
1098.0;9;20;8;22;114;23;10;34;10
1104.0;9;21;8;23;110;24;9;36;10
1110.0;10;22;6;23;110;24;10;35;10
1116.0;12;20;10;20;107;24;9;37;11
1122.0;11;19;12;19;109;24;7;37;12
1128.0;13;19;11;20;106;25;8;38;10
1134.0;14;19;8;21;107;25;8;38;10
1140.0;13;21;7;23;107;24;6;38;11
1146.0;15;19;8;24;106;26;6;36;10
1152.0;13;18;10;24;107;24;8;33;13
1158.0;13;20;9;22;107;25;9;32;13
1164.0;16;21;10;22;105;22;11;31;12
1170.0;15;20;11;21;105;25;11;29;13
1176.0;15;17;12;19;105;28;10;30;14
1182.0;16;17;10;18;108;30;9;28;14
1188.0;15;19;9;19;107;30;9;28;14
1194.0;18;20;8;19;107;30;10;26;12
1200.0;18;18;10;17;107;29;11;30;10
1206.0;17;21;10;17;109;24;10;30;12
1212.0;15;22;10;17;108;26;10;30;12
1218.0;13;25;11;20;108;25;10;26;12
1224.0;11;25;11;22;110;23;11;24;13
1230.0;8;25;9;23;112;22;12;26;13
1236.0;10;26;9;22;113;22;11;24;13
1242.0;10;27;9;21;111;25;10;25;12
1248.0;11;27;8;21;111;28;9;24;11
1254.0;11;28;8;21;109;28;10;24;11
1260.0;13;26;8;22;109;29;9;23;11
1266.0;14;25;9;22;109;28;8;24;11
1272.0;12;24;8;24;108;29;10;24;11
1278.0;15;22;7;26;107;27;10;27;9
1284.0;14;23;6;27;106;28;9;26;11
1290.0;13;21;6;24;108;27;12;27;12
1296.0;12;20;9;24;110;27;11;26;11
1302.0;11;22;9;27;109;26;12;24;10
1308.0;11;22;8;28;108;26;13;25;9
1314.0;12;22;10;27;108;23;13;26;9
1320.0;12;21;9;25;112;18;16;27;10
1326.0;11;20;8;22;111;21;19;29;9
1332.0;11;21;8;21;111;22;16;30;10
1338.0;11;20;8;22;113;22;14;31;9
1344.0;13;20;10;19;113;21;13;31;10
1350.0;11;20;8;22;113;20;12;30;14
1356.0;12;20;8;18;113;20;12;33;14
1362.0;14;21;10;19;111;21;10;31;13
1368.0;11;20;10;18;112;19;12;34;14
1374.0;9;19;11;18;111;21;13;36;12
1380.0;8;23;12;18;110;21;11;33;14
1386.0;9;22;11;18;110;22;13;31;14
1392.0;8;23;12;20;114;19;10;31;13
1398.0;7;23;11;19;115;19;7;34;15
1404.0;8;24;11;21;115;20;7;33;11
1410.0;8;23;12;21;115;18;8;34;11
1416.0;10;21;10;22;116;16;8;33;14
1422.0;10;23;10;23;116;15;8;32;13
1428.0;13;22;11;23;116;15;8;30;12
1434.0;14;22;9;26;117;14;7;29;12
1440.0;15;21;9;23;117;15;10;28;12
1446.0;15;21;9;19;119;16;11;27;13
1452.0;15;21;9;19;121;14;11;27;13
1458.0;17;21;11;17;121;14;11;25;13
1464.0;14;22;11;18;120;14;9;29;13
1470.0;15;20;12;18;118;14;9;29;15
1476.0;14;21;12;17;117;15;12;29;13
1482.0;13;21;9;18;120;16;13;28;12
1488.0;11;22;9;20;117;16;14;28;13
1494.0;10;22;9;21;116;18;15;28;11
1500.0;13;21;6;18;117;20;17;29;9
1506.0;12;22;8;17;117;21;17;27;9
1512.0;14;19;9;17;117;19;19;27;9
1518.0;15;18;10;17;116;19;18;27;10
1524.0;16;20;12;16;116;19;16;26;9
1530.0;14;20;10;17;113;21;20;26;9
1536.0;16;19;12;17;113;20;18;26;9
1542.0;14;19;15;18;117;17;15;27;8
1548.0;12;20;13;18;120;15;15;27;10
1554.0;12;20;13;18;120;16;12;28;11
1560.0;9;22;11;18;118;19;11;28;14
1566.0;8;22;14;18;119;18;11;27;13
1572.0;9;22;15;19;119;19;10;26;11
1578.0;10;21;14;21;118;20;14;25;7
1584.0;8;21;13;22;118;23;13;26;6
1590.0;10;23;11;23;117;23;9;28;6
1596.0;11;24;9;21;117;24;10;27;7
1602.0;13;21;10;19;119;27;10;25;6
1608.0;12;18;10;23;121;26;10;24;6
1614.0;11;17;10;23;121;27;11;25;5
1620.0;12;17;11;24;119;26;11;25;5
1626.0;11;19;11;22;117;25;12;25;8
1632.0;10;18;12;21;118;25;11;27;8
1638.0;11;19;11;23;119;26;11;24;6
1644.0;9;21;12;22;119;25;10;26;6
1650.0;8;19;16;22;118;24;11;25;7
1656.0;7;17;15;23;120;24;11;24;9
1662.0;5;18;14;21;120;25;13;24;10
1668.0;5;19;12;22;121;27;11;24;9
1674.0;8;18;11;22;121;28;10;22;10
1680.0;8;19;12;20;123;28;8;21;11
1686.0;7;19;12;21;123;28;9;20;11
1692.0;8;20;14;21;121;26;12;18;10
1698.0;9;21;12;20;121;26;13;17;11
1704.0;9;20;9;20;123;28;12;19;10
1710.0;10;18;10;21;123;29;11;19;9
1716.0;11;17;8;21;122;30;13;19;9
1722.0;11;16;8;22;122;30;15;18;8
1728.0;12;16;7;22;121;31;14;20;7
1734.0;12;17;6;21;119;31;14;21;9
1740.0;12;18;4;22;119;30;13;22;10
1746.0;13;17;6;19;120;30;13;22;10
1752.0;12;16;8;19;121;29;14;21;10
1758.0;13;14;8;19;122;30;13;20;11
1764.0;13;14;8;17;123;30;14;19;12
1770.0;12;12;8;17;125;31;15;18;12
1776.0;12;12;8;16;130;30;13;18;11
1782.0;14;15;8;16;129;29;11;17;11
1788.0;14;14;9;17;128;30;10;16;12
1794.0;12;14;8;18;127;31;10;18;12
