#auto generated file!
12.0;34;29;27;25;26;28;27;26;28
18.0;35;29;29;25;26;25;25;27;29
24.0;32;31;30;27;26;26;21;28;29
30.0;34;32;30;26;27;29;18;25;29
36.0;30;31;28;30;30;28;17;25;31
42.0;29;31;30;28;32;27;19;23;31
48.0;27;32;30;28;32;31;16;25;29
54.0;25;31;26;27;34;32;17;27;31
60.0;24;36;21;27;37;33;18;29;25
66.0;23;35;22;28;38;33;19;30;22
72.0;22;34;24;28;40;34;20;29;19
78.0;21;33;26;29;41;34;17;26;23
84.0;20;33;22;30;42;35;19;26;23
90.0;20;34;23;31;42;36;16;25;23
96.0;19;34;22;30;44;35;16;23;27
102.0;19;34;21;28;45;36;17;24;26
108.0;21;32;21;30;45;35;15;25;26
114.0;21;32;21;31;46;34;16;25;24
120.0;20;30;22;31;48;36;13;24;26
126.0;21;34;22;31;50;36;10;22;24
132.0;19;32;22;31;53;39;12;21;21
138.0;19;30;20;35;53;38;12;22;21
144.0;20;30;18;37;54;36;14;24;17
150.0;18;32;19;34;55;36;13;25;18
156.0;15;34;18;36;56;35;13;25;18
162.0;16;33;18;35;57;36;15;23;17
168.0;16;35;19;32;61;33;14;23;17
174.0;15;39;18;32;59;34;14;24;15
180.0;17;36;16;31;60;33;16;24;17
186.0;18;33;19;31;60;33;17;22;17
192.0;17;31;20;31;63;31;16;24;17
198.0;18;31;23;25;67;31;13;25;17
204.0;19;31;19;27;68;29;14;27;16
210.0;17;29;21;31;71;24;16;26;15
216.0;14;30;19;33;73;24;17;27;13
222.0;14;32;21;35;75;21;13;26;13
228.0;12;32;20;36;75;22;11;27;15
234.0;10;32;19;36;77;21;11;29;15
240.0;10;33;19;37;77;21;10;29;14
246.0;11;35;17;35;81;23;6;28;14
252.0;12;32;18;33;81;22;8;29;15
258.0;13;28;20;36;81;23;7;27;15
264.0;8;28;20;37;85;25;9;24;14
270.0;8;28;20;34;87;23;12;23;15
276.0;8;26;16;33;90;22;14;27;14
282.0;6;23;14;34;89;24;17;28;15
288.0;5;22;12;34;88;27;17;27;18
294.0;6;23;15;34;90;29;13;25;15
300.0;4;22;16;36;91;27;14;24;16
306.0;6;21;19;33;90;27;14;26;14
312.0;8;25;19;33;87;26;13;24;15
318.0;9;27;17;31;87;27;14;23;15
324.0;9;25;18;30;90;27;14;22;15
330.0;12;25;17;31;89;26;13;22;15
336.0;10;24;17;32;89;27;16;21;14
342.0;10;23;17;31;88;28;18;22;13
348.0;10;25;18;30;87;29;17;23;11
354.0;8;24;18;30;89;28;18;25;10
360.0;10;27;17;27;90;28;19;26;6
366.0;9;28;16;27;90;29;18;26;7
372.0;11;30;17;26;89;29;17;26;5
378.0;12;29;18;26;91;28;15;26;5
384.0;12;31;17;26;90;27;15;27;5
390.0;11;32;19;26;91;26;13;27;5
396.0;12;30;18;28;91;24;10;28;9
402.0;15;30;17;25;93;23;10;28;9
408.0;19;29;15;26;93;22;11;26;9
414.0;18;26;17;25;91;25;12;27;9
420.0;22;23;17;25;91;23;12;27;10
426.0;17;23;18;28;92;24;13;25;10
432.0;17;23;18;28;93;22;12;25;12
438.0;15;24;18;26;95;21;14;24;13
444.0;14;23;17;26;95;23;16;24;12
450.0;15;22;15;23;95;26;18;25;11
456.0;15;23;14;22;94;27;19;24;12
462.0;16;24;15;20;94;27;17;26;11
468.0;16;24;14;21;96;29;16;25;9
474.0;16;24;15;20;95;26;17;27;10
480.0;19;23;15;20;96;27;17;25;8
486.0;21;21;14;21;98;26;17;24;8
492.0;20;21;14;21;102;25;17;23;7
498.0;18;23;11;20;108;25;17;21;7
504.0;20;20;13;20;107;26;17;21;6
510.0;18;20;13;20;107;27;14;24;7
516.0;20;20;11;20;105;26;15;25;8
522.0;21;20;10;20;105;23;16;28;7
528.0;20;21;9;20;105;22;15;30;8
534.0;19;21;8;22;105;21;14;32;8
540.0;17;22;7;23;102;23;14;35;7
546.0;15;22;6;23;104;24;13;35;8
552.0;15;25;6;24;104;24;13;31;8
558.0;15;24;7;25;104;23;13;30;9
564.0;16;25;7;22;107;22;14;29;8
570.0;13;25;8;22;107;22;17;28;8
576.0;15;25;7;21;109;20;17;26;10
582.0;16;26;7;20;108;20;20;24;9
588.0;14;25;6;21;108;20;21;25;10
594.0;15;23;7;23;108;19;21;24;10
600.0;17;24;7;21;107;19;20;24;11
606.0;13;25;4;20;112;19;19;26;12
612.0;16;27;5;18;112;19;17;24;12
618.0;15;28;5;20;112;20;16;24;10
624.0;11;26;8;19;112;23;17;25;9
630.0;11;27;8;19;112;21;17;26;9
636.0;11;27;9;18;110;23;18;26;8
642.0;10;29;7;16;112;23;18;28;7
648.0;12;25;7;16;112;25;16;28;9
654.0;10;24;9;16;112;22;15;32;10
660.0;12;23;9;16;111;23;14;33;9
666.0;10;22;9;16;111;22;17;31;12
672.0;11;23;9;18;109;21;17;31;11
678.0;12;23;11;20;109;22;15;30;8
684.0;14;21;10;20;109;23;14;30;9
690.0;13;24;9;23;112;22;12;27;8
696.0;13;23;10;25;111;21;11;26;10
702.0;12;21;11;25;112;22;10;26;11
708.0;10;17;12;25;114;22;11;27;12
714.0;10;15;11;26;113;21;13;27;14
720.0;9;17;16;24;110;22;14;27;11
726.0;11;15;13;22;111;21;17;28;12
732.0;12;16;14;21;112;21;14;28;12
738.0;12;17;15;19;110;19;19;27;12
744.0;13;18;14;18;109;20;18;27;13
750.0;10;18;14;19;111;21;17;26;14
756.0;10;15;16;21;114;18;16;26;14
762.0;11;15;14;24;114;18;16;27;11
768.0;13;15;13;25;114;18;14;28;10
774.0;13;15;14;25;114;17;14;29;9
780.0;13;17;16;24;113;17;13;28;9
786.0;13;16;13;24;113;19;11;27;14
792.0;16;18;12;25;111;20;12;23;13
798.0;15;17;10;25;111;20;13;25;14
804.0;15;18;11;25;115;18;12;23;13
810.0;14;17;11;26;116;18;15;22;11
816.0;13;19;12;25;117;19;13;21;11
822.0;13;20;10;27;118;18;11;19;14
828.0;14;21;12;27;121;17;11;17;10
834.0;12;21;11;26;122;19;11;20;8
840.0;11;22;10;26;122;20;13;20;6
846.0;12;21;13;26;120;23;13;18;4
852.0;12;21;14;25;121;24;11;19;3
858.0;10;21;15;25;123;25;11;17;3
864.0;10;21;14;25;122;24;12;19;3
870.0;11;22;15;23;120;25;12;18;4
876.0;11;20;15;24;119;26;12;18;5
882.0;11;21;17;23;120;25;12;15;6
888.0;14;20;14;25;116;26;13;15;7
894.0;14;20;12;30;114;24;13;15;8
900.0;13;22;11;29;114;23;14;16;8
906.0;12;22;11;30;114;26;13;15;7
912.0;12;20;11;34;114;27;10;14;8
918.0;12;21;9;33;114;27;10;16;8
924.0;11;22;10;33;112;29;10;15;8
930.0;9;23;10;30;113;28;11;16;10
936.0;10;22;10;29;111;29;10;18;11
942.0;11;20;10;27;114;28;10;18;12
948.0;8;21;10;29;112;30;10;18;12
954.0;7;22;9;32;111;29;10;18;12
960.0;7;22;10;30;112;29;10;20;10
966.0;8;23;9;33;112;27;11;19;8
972.0;9;23;11;33;112;25;10;19;8
978.0;9;24;9;32;110;28;11;20;7
984.0;8;23;11;31;111;27;13;17;9
990.0;8;23;12;32;110;28;13;16;8
996.0;9;22;12;30;111;28;12;17;9
1002.0;9;22;13;32;108;27;11;20;8
1008.0;10;21;10;33;108;27;11;21;9
1014.0;9;24;9;32;109;28;11;22;6
1020.0;10;21;10;31;109;28;10;23;8
1026.0;12;20;10;30;108;27;10;22;11
1032.0;10;20;9;30;108;26;13;23;11
1038.0;9;19;8;29;109;27;14;22;13
1044.0;9;17;8;27;110;26;15;22;16
1050.0;10;17;10;23;110;26;14;22;18
1056.0;12;18;10;21;110;26;15;22;16
1062.0;12;18;11;23;109;24;12;25;16
1068.0;12;18;10;24;108;25;11;24;18
1074.0;12;17;7;28;110;26;9;23;18
1080.0;12;17;8;28;109;25;10;22;19
1086.0;10;18;10;29;108;25;10;21;19
1092.0;11;20;11;29;109;27;5;18;20
1098.0;11;20;13;31;108;25;6;18;18
1104.0;13;18;12;30;109;26;8;17;17
1110.0;11;18;11;30;109;28;9;15;19
1116.0;13;20;10;31;108;28;9;15;16
1122.0;13;19;10;30;108;29;8;17;16
1128.0;13;21;10;29;107;28;8;19;15
1134.0;14;20;10;29;107;26;10;19;15
1140.0;9;22;9;30;108;27;10;18;17
1146.0;7;25;9;29;107;26;12;17;18
1152.0;6;25;9;30;107;27;13;19;14
1158.0;6;25;10;31;107;28;10;20;13
1164.0;6;27;10;29;107;27;11;20;13
1170.0;5;27;10;30;108;27;10;21;12
1176.0;6;27;9;26;109;28;9;23;13
1182.0;6;25;7;28;112;27;9;22;14
1188.0;5;25;8;29;113;25;8;22;15
1194.0;4;25;8;29;114;25;9;22;14
1200.0;6;24;9;29;113;26;11;19;13
1206.0;6;23;10;28;115;27;11;19;11
1212.0;5;22;13;25;116;25;12;19;13
1218.0;7;24;12;23;114;26;12;20;12
1224.0;10;26;11;22;112;27;11;19;12
1230.0;12;26;12;23;110;23;13;21;10
1236.0;12;26;11;22;112;22;13;21;11
1242.0;12;27;14;21;113;20;13;21;9
1248.0;12;26;16;22;111;20;15;20;8
1254.0;13;30;15;20;112;20;14;20;6
1260.0;13;29;16;18;111;22;14;21;6
1266.0;13;31;15;19;110;21;12;22;7
1272.0;14;29;14;23;110;19;12;21;8
1278.0;13;29;12;23;112;18;13;21;9
1284.0;13;29;13;20;109;19;13;24;10
1290.0;17;28;17;18;108;19;10;24;9
1296.0;18;28;17;17;108;19;10;24;9
1302.0;16;27;18;17;107;19;11;25;10
1308.0;16;28;16;18;108;19;9;26;10
1314.0;18;28;16;17;106;20;11;26;8
1320.0;19;27;16;17;106;20;12;27;6
1326.0;18;30;14;17;105;20;12;27;7
1332.0;17;30;11;19;105;20;11;27;10
1338.0;15;30;10;19;105;20;14;26;11
1344.0;15;28;11;19;104;20;14;27;12
1350.0;15;26;11;22;102;19;15;27;13
1356.0;14;26;8;22;101;18;18;28;15
1362.0;11;27;10;22;102;19;16;27;16
1368.0;11;23;11;20;103;21;16;29;16
1374.0;9;22;9;22;104;23;16;31;14
1380.0;7;24;8;24;106;22;11;31;17
1386.0;6;27;10;24;106;20;9;32;16
1392.0;6;28;9;22;107;21;10;30;17
1398.0;7;28;10;23;110;21;10;27;14
1404.0;7;29;10;23;111;22;10;25;13
1410.0;6;30;10;22;112;21;9;25;15
1416.0;5;29;9;24;111;21;9;26;16
1422.0;6;31;9;23;113;20;10;24;14
1428.0;2;30;9;24;113;21;13;23;15
1434.0;3;30;10;24;112;21;14;23;13
1440.0;4;30;10;23;114;19;12;26;12
1446.0;6;29;10;22;114;19;11;27;12
1452.0;8;30;10;21;113;18;10;26;14
1458.0;9;29;10;22;113;17;10;26;14
1464.0;8;30;8;22;113;17;11;27;14
1470.0;9;31;9;21;114;17;10;26;13
1476.0;8;32;9;21;114;17;11;23;15
1482.0;8;29;9;23;115;20;10;21;15
1488.0;8;29;12;23;114;19;11;21;13
1494.0;7;29;11;25;114;20;12;21;11
1500.0;7;27;12;25;113;20;12;22;12
1506.0;6;26;10;25;114;22;12;21;14
1512.0;6;24;11;25;113;21;12;23;15
1518.0;10;25;10;23;113;19;13;24;13
1524.0;10;25;11;22;113;23;12;24;10
1530.0;9;29;9;20;112;23;13;24;11
1536.0;11;27;11;21;114;21;13;22;10
1542.0;11;26;9;22;115;23;12;22;10
1548.0;10;26;10;21;115;21;12;24;11
1554.0;10;25;11;22;114;23;11;22;12
1560.0;10;25;12;21;115;23;8;22;14
1566.0;11;25;12;22;116;23;6;22;13
1572.0;13;21;14;19;117;21;8;23;14
1578.0;11;25;14;20;116;20;6;23;15
1584.0;13;24;15;17;116;21;7;22;15
1590.0;14;25;14;18;117;21;5;21;15
1596.0;14;23;12;19;117;22;6;20;17
1602.0;13;24;14;20;117;21;6;19;16
1608.0;14;23;13;20;116;24;6;17;17
1614.0;12;25;12;22;114;25;7;18;15
1620.0;12;24;13;23;113;26;7;18;14
1626.0;13;23;13;22;113;24;10;18;14
1632.0;12;24;16;17;114;22;11;22;12
1638.0;13;25;15;17;112;22;13;20;13
1644.0;14;25;14;18;112;22;12;21;12
1650.0;12;21;15;19;110;22;10;27;14
1656.0;12;21;16;21;109;22;11;27;11
1662.0;12;21;15;20;112;21;8;28;13
1668.0;14;21;14;20;113;20;7;28;13
1674.0;16;20;14;18;113;22;7;26;14
1680.0;16;21;16;17;112;23;6;24;15
1686.0;16;19;17;17;113;23;5;23;17
1692.0;16;18;17;17;114;24;4;22;18
1698.0;16;16;16;17;116;23;5;24;17
1704.0;18;16;16;16;117;22;7;24;14
1710.0;19;17;15;19;116;19;6;25;14
1716.0;18;19;16;16;118;21;7;22;13
1722.0;17;17;17;18;117;25;9;22;8
1728.0;17;19;17;16;116;25;10;21;9
1734.0;16;21;17;16;117;24;9;22;8
1740.0;17;23;16;17;117;24;10;21;5
1746.0;15;26;16;17;116;23;9;21;7
1752.0;16;26;17;18;115;24;7;20;7
1758.0;17;25;16;18;114;25;7;20;8
1764.0;17;25;15;18;113;27;5;20;10
1770.0;21;26;15;17;113;23;5;20;10
1776.0;20;30;13;19;110;21;6;20;11
1782.0;18;31;13;19;109;21;6;21;12
1788.0;20;32;13;17;109;21;7;21;10
1794.0;20;33;13;16;107;22;7;22;10
