#auto generated file!
12.0;32;44;45;40;42;41;39;37;40
18.0;31;45;43;40;44;43;37;36;41
24.0;35;46;37;40;51;43;35;33;40
30.0;35;44;37;44;54;48;30;34;34
36.0;38;45;33;47;53;44;33;33;34
42.0;37;44;32;50;54;43;36;33;31
48.0;38;44;33;51;56;41;36;29;32
54.0;40;44;31;50;57;42;33;33;30
60.0;39;47;35;50;57;40;29;34;29
66.0;36;45;33;46;62;42;30;32;34
72.0;39;44;33;43;62;43;28;36;32
78.0;38;40;29;45;67;46;25;35;35
84.0;39;37;29;46;70;45;23;36;35
90.0;37;37;27;46;76;48;19;38;32
96.0;32;41;30;44;77;49;18;38;31
102.0;32;44;27;40;79;49;20;39;30
108.0;31;45;23;38;82;51;22;39;29
114.0;26;46;25;38;85;51;24;41;24
120.0;27;45;22;41;85;50;24;43;23
126.0;24;44;27;41;87;51;21;42;23
132.0;24;43;23;43;87;56;22;39;23
138.0;24;47;25;43;91;56;18;37;19
144.0;20;47;24;43;90;58;20;36;22
150.0;20;44;22;45;95;56;21;34;23
156.0;21;43;21;47;96;57;21;30;24
162.0;21;43;18;52;97;51;24;29;25
168.0;23;40;15;53;99;55;23;30;22
174.0;23;40;16;50;101;55;25;30;20
180.0;23;42;16;49;102;54;23;30;21
186.0;21;41;16;49;104;58;22;27;22
192.0;19;40;21;49;104;56;22;27;22
198.0;21;39;21;46;105;58;23;27;20
204.0;22;38;23;44;105;56;20;29;23
210.0;22;39;25;42;106;54;17;32;23
216.0;24;40;26;40;104;51;18;35;22
222.0;24;39;27;42;104;49;16;38;21
228.0;24;35;27;43;105;50;15;38;23
234.0;26;36;22;40;108;49;14;39;26
240.0;26;39;19;42;108;49;15;38;24
246.0;25;43;16;38;112;47;14;38;27
252.0;27;43;15;37;115;45;13;39;26
258.0;28;41;15;35;117;48;13;36;27
264.0;30;39;13;34;119;47;15;35;28
270.0;29;38;15;33;123;46;16;32;28
276.0;29;39;14;31;124;46;16;32;29
282.0;28;44;12;32;124;44;17;36;23
288.0;28;43;12;32;126;44;18;34;23
294.0;29;45;11;32;127;45;16;32;23
300.0;31;46;11;31;127;42;14;35;23
306.0;32;45;11;31;127;42;16;34;22
312.0;33;43;9;32;128;44;16;34;21
318.0;32;43;9;32;131;44;16;34;19
324.0;29;41;9;34;131;45;17;34;20
330.0;25;39;10;33;131;46;17;39;20
336.0;24;37;10;34;131;45;19;39;21
342.0;23;35;14;38;130;42;19;40;19
348.0;25;33;15;38;130;42;16;39;22
354.0;26;32;18;35;132;42;18;39;18
360.0;25;32;18;35;133;43;21;39;14
366.0;23;32;14;36;134;45;20;39;17
372.0;22;35;13;37;134;45;20;36;18
378.0;23;33;12;38;135;46;21;35;17
384.0;25;33;9;40;136;50;19;30;18
390.0;21;32;11;39;137;48;22;30;20
396.0;19;31;14;40;138;48;21;30;19
402.0;17;32;14;39;139;48;22;31;18
408.0;16;36;15;36;141;48;18;30;20
414.0;14;36;15;37;142;48;18;29;21
420.0;18;35;15;37;143;46;16;30;20
426.0;19;31;17;37;145;48;15;29;19
432.0;19;28;16;38;143;49;19;29;19
438.0;21;26;14;40;144;50;20;28;17
444.0;19;27;12;40;147;48;20;28;19
450.0;18;28;13;40;146;49;21;28;17
456.0;16;28;14;41;146;46;20;30;19
462.0;14;29;14;42;143;50;19;29;20
468.0;16;29;15;43;143;45;19;28;22
474.0;13;28;15;45;143;46;20;30;20
480.0;11;27;18;45;145;44;20;27;23
486.0;13;27;17;44;146;44;18;24;27
492.0;12;27;20;43;146;45;17;25;25
498.0;12;26;18;44;148;43;19;29;21
504.0;9;28;17;41;149;42;23;30;21
510.0;11;28;18;42;150;40;24;28;19
516.0;12;28;19;42;150;39;24;28;18
522.0;16;29;18;43;151;40;22;28;13
528.0;17;26;18;40;151;40;22;29;17
534.0;17;25;17;41;150;39;26;29;16
540.0;19;25;15;41;151;40;25;30;14
546.0;18;26;13;39;151;41;24;31;17
552.0;17;26;13;40;152;42;21;30;19
558.0;19;28;13;39;152;41;19;31;18
564.0;16;30;13;39;156;41;18;32;15
570.0;19;28;13;42;154;38;19;34;13
576.0;19;27;15;43;153;39;18;32;14
582.0;22;28;17;39;152;36;18;32;16
588.0;19;28;17;41;153;37;18;31;16
594.0;20;30;17;40;154;35;19;31;14
600.0;20;32;17;39;155;34;17;31;15
606.0;20;36;15;40;157;33;16;28;15
612.0;18;35;15;38;158;36;16;29;15
618.0;17;34;16;39;158;35;19;30;12
624.0;16;32;15;36;161;35;22;27;16
630.0;15;32;16;36;164;36;20;26;15
636.0;14;31;19;36;161;37;19;28;15
642.0;16;30;18;37;161;35;21;24;18
648.0;16;29;19;36;159;36;19;26;20
654.0;15;30;20;37;160;34;17;29;18
660.0;17;33;17;37;160;31;19;30;16
666.0;19;32;16;38;159;30;20;30;16
672.0;17;34;18;37;158;28;21;30;17
678.0;14;38;19;33;157;32;20;31;16
684.0;15;36;17;34;155;35;21;32;15
690.0;14;36;18;32;157;32;22;35;14
696.0;14;39;18;31;157;30;20;37;14
702.0;15;36;16;29;159;30;22;36;17
708.0;15;33;16;29;159;31;23;35;19
714.0;13;35;17;28;160;31;28;31;17
720.0;14;35;18;28;160;29;30;30;16
726.0;16;35;18;31;159;30;28;29;14
732.0;18;34;18;32;159;28;28;30;13
738.0;20;31;17;32;159;28;27;33;13
744.0;18;33;19;33;161;30;25;30;11
750.0;18;32;19;30;163;32;22;31;13
756.0;16;33;20;27;166;34;22;29;13
762.0;17;31;21;26;170;34;21;27;13
768.0;15;32;23;23;171;34;23;28;11
774.0;16;32;23;21;171;35;24;27;11
780.0;15;32;25;19;170;34;24;28;13
786.0;17;28;24;21;168;34;26;27;15
792.0;17;29;23;22;170;32;26;26;15
798.0;17;30;26;22;170;32;26;24;13
804.0;17;28;25;23;170;32;26;25;14
810.0;18;27;25;22;169;35;27;25;12
816.0;21;27;25;22;170;30;28;25;12
822.0;20;30;22;22;172;32;25;27;10
828.0;22;30;19;23;172;30;27;28;9
834.0;24;27;17;21;172;33;28;28;10
840.0;22;26;19;25;170;33;28;27;10
846.0;21;26;15;25;172;34;26;30;11
852.0;22;26;14;23;171;34;26;33;11
858.0;25;26;11;24;171;32;25;33;13
864.0;23;28;12;24;171;32;24;32;14
870.0;22;28;12;26;170;32;23;31;16
876.0;18;29;10;26;171;34;22;30;20
882.0;17;29;12;26;168;35;22;30;21
888.0;17;32;12;27;167;31;21;31;22
894.0;17;35;11;26;167;32;22;28;22
900.0;16;33;12;26;165;32;22;29;25
906.0;16;32;13;25;166;32;22;30;24
912.0;18;32;14;23;167;31;23;27;25
918.0;16;32;14;26;169;32;20;27;24
924.0;14;31;15;27;170;31;18;26;28
930.0;15;29;15;26;169;32;17;28;29
936.0;12;29;15;30;171;32;17;26;28
942.0;11;28;15;32;171;34;16;27;26
948.0;13;29;15;31;171;33;16;27;25
954.0;12;27;15;33;171;33;16;27;26
960.0;11;26;15;33;172;33;17;27;26
966.0;10;26;17;33;172;31;16;28;27
972.0;10;26;19;33;171;31;13;29;28
978.0;10;27;21;31;173;32;15;27;24
984.0;10;23;19;31;172;32;17;26;30
990.0;10;22;20;36;173;30;17;26;26
996.0;11;22;18;36;173;30;17;29;24
1002.0;12;20;21;38;175;31;15;28;20
1008.0;13;21;20;36;174;33;15;28;20
1014.0;14;18;19;35;173;32;18;31;20
1020.0;15;18;21;35;172;32;19;31;17
1026.0;16;19;23;33;171;33;17;31;17
1032.0;16;20;23;34;170;34;15;30;18
1038.0;17;21;25;30;170;35;12;29;21
1044.0;15;21;26;31;171;35;10;29;22
1050.0;16;23;27;31;165;36;10;29;23
1056.0;17;24;25;32;165;34;11;31;21
1062.0;17;24;24;33;165;34;12;31;20
1068.0;13;27;22;34;163;31;15;36;19
1074.0;16;27;22;36;162;30;14;36;17
1080.0;16;26;21;38;161;31;13;37;17
1086.0;17;24;19;38;161;32;13;36;20
1092.0;17;24;19;39;162;28;12;39;20
1098.0;13;24;21;38;163;29;11;41;20
1104.0;13;26;24;34;166;28;8;41;20
1110.0;12;26;23;33;167;26;8;43;22
1116.0;12;27;22;33;167;25;8;45;21
1122.0;12;27;21;34;167;24;9;45;21
1128.0;12;30;19;33;167;25;8;45;21
1134.0;14;31;17;33;170;28;6;44;17
1140.0;16;28;18;31;171;26;7;47;16
1146.0;16;24;17;31;171;32;6;45;18
1152.0;14;25;14;29;172;30;12;46;18
1158.0;11;25;12;31;173;31;12;46;19
1164.0;13;21;13;33;171;31;13;45;20
1170.0;14;23;13;33;170;32;12;43;20
1176.0;14;25;13;32;171;33;15;39;18
1182.0;14;25;12;32;170;33;16;41;17
1188.0;15;26;13;33;169;31;17;41;15
1194.0;14;25;11;33;171;32;15;44;15
1200.0;12;26;11;32;170;37;15;43;14
1206.0;11;25;14;30;170;36;15;45;14
1212.0;12;24;14;28;169;36;16;48;13
1218.0;11;23;16;26;173;37;16;45;13
1224.0;10;23;17;29;173;37;13;47;11
1230.0;12;20;13;30;176;37;12;48;12
1236.0;14;21;11;31;174;39;12;47;11
1242.0;15;21;10;33;173;38;12;46;12
1248.0;16;22;7;31;173;39;12;48;12
1254.0;15;23;7;31;170;38;12;50;14
1260.0;15;23;5;29;172;37;16;48;15
1266.0;18;26;4;30;168;37;14;46;17
1272.0;15;26;7;29;168;39;14;43;19
1278.0;15;25;7;31;166;35;15;44;22
1284.0;19;26;8;31;163;35;14;42;22
1290.0;18;29;9;28;165;33;16;41;21
1296.0;19;28;11;28;165;33;15;41;20
1302.0;21;28;12;28;164;33;14;41;19
1308.0;21;30;11;28;166;32;13;40;19
1314.0;22;31;14;27;164;33;14;36;19
1320.0;23;29;11;27;165;36;15;36;18
1326.0;22;29;11;26;166;38;15;34;19
1332.0;24;28;13;25;166;39;13;36;16
1338.0;25;27;14;26;160;41;14;39;14
1344.0;26;27;16;25;159;42;12;38;15
1350.0;23;27;17;28;160;41;13;39;12
1356.0;21;28;18;30;159;41;15;36;12
1362.0;21;29;19;29;158;41;18;33;12
1368.0;20;28;16;27;156;39;24;35;15
1374.0;18;29;18;27;154;39;22;35;18
1380.0;17;27;17;28;154;39;27;33;18
1386.0;19;28;17;29;156;39;25;30;17
1392.0;17;27;17;28;159;39;27;30;16
1398.0;16;27;18;29;159;40;24;31;16
1404.0;17;27;18;31;160;39;22;28;18
1410.0;18;29;20;31;159;40;19;26;18
1416.0;19;30;18;34;160;39;19;26;15
1422.0;16;30;17;35;162;42;20;24;14
1428.0;17;32;15;34;159;41;24;26;12
1434.0;16;30;17;34;159;41;25;24;14
1440.0;15;27;16;34;160;41;26;25;16
1446.0;15;27;17;32;161;42;25;25;16
1452.0;14;27;17;32;158;45;25;25;17
1458.0;15;29;17;36;155;46;24;23;15
1464.0;14;32;16;37;155;43;22;25;16
1470.0;15;31;18;36;153;42;22;26;17
1476.0;18;30;15;35;154;41;22;28;17
1482.0;16;33;14;37;154;41;23;27;15
1488.0;17;33;15;38;154;38;23;28;14
1494.0;17;34;13;36;151;39;25;31;14
1500.0;16;37;14;33;150;39;24;31;16
1506.0;15;37;19;32;148;40;22;32;15
1512.0;16;34;20;32;147;42;21;33;15
1518.0;17;35;20;33;146;42;19;34;14
1524.0;19;34;20;37;148;40;19;30;13
1530.0;21;33;20;36;146;41;18;32;13
1536.0;21;35;21;36;143;42;19;31;12
1542.0;19;33;21;38;141;45;19;29;15
1548.0;19;33;19;39;140;45;19;30;16
1554.0;18;34;22;37;142;41;21;31;14
1560.0;21;38;22;36;141;37;22;28;15
1566.0;24;39;20;35;141;33;22;32;14
1572.0;23;39;20;33;142;32;24;33;14
1578.0;22;39;18;36;140;32;22;34;17
1584.0;20;37;19;37;140;31;21;36;19
1590.0;19;36;18;38;139;33;22;35;20
1596.0;19;40;20;37;138;34;18;37;17
1602.0;20;40;18;39;140;37;13;36;17
1608.0;21;38;17;38;138;36;17;37;18
1614.0;28;36;19;37;137;36;13;38;16
1620.0;29;37;17;35;141;37;12;37;15
1626.0;28;37;14;34;142;39;10;37;19
1632.0;29;38;13;31;141;41;8;37;22
1638.0;26;39;14;29;141;40;10;41;20
1644.0;25;39;16;29;141;39;11;40;20
1650.0;24;37;16;31;145;37;11;37;22
1656.0;24;35;15;31;145;36;10;39;25
1662.0;24;37;15;33;143;35;9;40;24
1668.0;22;35;14;34;143;33;12;42;25
1674.0;21;34;14;37;145;32;12;39;26
1680.0;20;34;16;37;148;33;11;35;26
1686.0;20;35;13;35;148;34;12;37;26
1692.0;21;37;13;34;149;35;13;33;25
1698.0;22;36;12;36;149;34;14;34;23
1704.0;19;36;11;38;152;35;14;32;23
1710.0;18;35;9;38;154;38;16;32;20
1716.0;17;38;10;38;153;37;14;33;20
1722.0;13;38;11;37;155;39;13;34;20
1728.0;13;37;10;36;156;39;13;36;20
1734.0;14;36;12;37;157;39;8;37;20
1740.0;15;35;12;37;159;38;5;38;21
1746.0;14;34;11;37;162;37;8;40;17
1752.0;16;31;9;35;163;38;9;42;17
1758.0;17;32;10;33;164;37;10;39;18
1764.0;18;31;9;33;165;36;11;37;20
1770.0;17;31;10;35;165;35;9;36;22
1776.0;15;29;11;37;164;35;11;36;22
1782.0;15;29;11;36;163;34;13;35;24
1788.0;17;29;11;32;162;32;15;35;27
1794.0;18;31;9;32;161;28;18;38;25
