#auto generated file!
12.0;31;22;19;26;19;20;24;18;21
18.0;30;21;22;24;21;20;24;18;20
24.0;28;20;20;24;25;21;24;19;19
30.0;27;22;19;24;25;19;24;21;19
36.0;23;23;16;28;26;21;23;23;17
42.0;23;23;17;27;28;21;20;24;17
48.0;23;22;19;27;28;22;19;23;17
54.0;22;25;18;24;31;24;17;24;15
60.0;21;27;17;25;32;23;16;27;12
66.0;20;27;17;25;33;22;15;29;12
72.0;18;26;15;26;37;23;14;27;14
78.0;18;26;16;24;39;24;14;24;15
84.0;18;24;16;26;40;22;14;25;15
90.0;20;26;15;24;40;22;13;25;15
96.0;19;27;14;24;42;21;12;25;16
102.0;18;27;14;25;44;21;12;23;16
108.0;18;28;13;26;45;20;13;24;13
114.0;18;25;15;27;45;21;15;21;13
120.0;16;25;15;27;44;23;14;22;14
126.0;13;25;14;26;48;24;14;21;15
132.0;14;23;15;26;49;24;11;22;16
138.0;11;24;15;27;51;24;12;21;15
144.0;12;24;11;30;55;21;13;21;13
150.0;11;29;9;27;55;19;13;23;14
156.0;8;29;12;27;59;19;12;22;12
162.0;8;29;9;24;61;19;14;22;14
168.0;9;29;8;24;62;21;14;20;13
174.0;10;27;8;24;62;22;12;22;13
180.0;12;25;7;21;63;21;13;22;16
186.0;11;26;8;20;63;22;12;21;17
192.0;11;26;7;24;60;23;12;21;16
198.0;10;28;7;27;59;23;11;18;17
204.0;11;29;6;26;62;22;10;19;15
210.0;10;29;6;27;63;22;10;19;14
216.0;9;27;7;28;65;19;9;21;15
222.0;8;26;6;28;67;19;11;21;14
228.0;8;28;6;25;68;18;10;21;16
234.0;9;27;6;24;67;20;11;20;16
240.0;10;28;5;24;66;20;11;22;14
246.0;11;28;6;24;63;21;10;22;15
252.0;12;27;7;23;64;23;9;22;13
258.0;11;26;8;24;66;22;8;20;15
264.0;12;28;7;25;69;19;5;18;17
270.0;13;27;10;23;70;19;6;17;15
276.0;12;26;11;21;69;22;8;17;14
282.0;12;26;10;19;69;22;8;18;16
288.0;12;26;9;19;70;23;9;17;15
294.0;12;29;8;19;70;23;9;18;12
300.0;11;26;7;22;69;23;9;20;13
306.0;12;25;8;23;68;22;8;23;11
312.0;14;24;7;23;70;22;8;22;10
318.0;12;25;9;23;69;21;8;21;12
324.0;10;25;10;21;71;22;7;20;14
330.0;13;23;11;20;71;20;8;20;14
336.0;11;23;12;20;73;19;10;18;14
342.0;10;21;13;21;72;19;9;19;16
348.0;10;21;12;21;73;19;10;19;15
354.0;8;22;12;20;74;20;11;17;16
360.0;7;21;12;23;76;20;10;16;15
366.0;8;24;11;23;77;20;8;15;14
372.0;11;24;10;23;77;20;7;18;10
378.0;13;25;10;24;75;19;7;16;11
384.0;13;26;12;21;75;20;6;16;11
390.0;13;22;12;22;76;20;6;18;11
396.0;14;22;11;20;77;19;7;19;11
402.0;16;22;10;19;78;19;6;19;11
408.0;18;24;10;19;77;19;4;15;14
414.0;18;25;11;18;76;16;5;16;15
420.0;18;24;11;17;78;14;4;19;15
426.0;16;24;12;18;77;14;3;20;16
432.0;16;23;11;16;77;14;3;22;18
438.0;16;23;11;14;79;14;3;23;17
444.0;16;21;10;16;77;14;8;22;16
450.0;16;20;11;16;78;15;8;21;15
456.0;13;20;13;18;78;15;9;21;13
462.0;14;21;13;19;76;14;9;20;14
468.0;14;23;12;20;76;17;9;16;13
474.0;15;22;13;19;76;18;9;16;12
480.0;17;21;13;18;77;17;10;16;11
486.0;16;22;13;19;78;15;10;15;12
492.0;16;23;13;16;78;16;13;14;11
498.0;15;21;13;16;80;18;11;14;12
504.0;16;20;13;16;82;14;11;16;12
510.0;17;21;11;15;84;13;11;17;11
516.0;18;22;13;15;83;13;9;16;11
522.0;19;24;13;16;83;13;8;17;7
528.0;21;27;13;14;83;12;7;16;7
534.0;20;26;11;15;85;12;7;16;8
540.0;19;25;11;16;85;13;8;16;7
546.0;19;24;11;18;86;13;6;15;8
552.0;16;24;11;18;87;13;6;17;8
558.0;15;23;10;20;86;13;8;17;8
564.0;14;20;11;21;85;12;10;18;9
570.0;14;18;11;22;83;13;14;16;9
576.0;14;17;12;24;80;12;14;16;11
582.0;14;18;11;23;80;12;14;16;12
588.0;15;18;9;23;80;14;14;16;11
594.0;13;18;9;21;79;16;16;17;11
600.0;12;17;10;20;81;15;15;20;10
606.0;12;17;13;20;82;12;15;22;7
612.0;15;16;13;19;81;13;15;20;8
618.0;16;18;12;19;83;13;15;17;7
624.0;13;19;11;20;83;13;17;15;9
630.0;14;18;11;21;80;11;18;17;10
636.0;11;19;13;19;81;12;18;18;9
642.0;9;19;14;19;82;14;16;18;9
648.0;11;17;13;18;84;15;17;19;6
654.0;10;18;14;17;82;15;16;21;7
660.0;9;19;17;16;82;14;16;21;6
666.0;8;19;20;15;83;15;14;21;5
672.0;8;18;18;16;83;14;17;21;5
678.0;8;18;20;17;82;14;17;20;4
684.0;9;20;17;19;81;17;12;20;5
690.0;10;21;19;16;80;16;12;21;5
696.0;11;20;20;18;79;16;13;18;5
702.0;12;20;18;19;78;15;14;18;6
708.0;11;19;15;23;78;14;13;20;7
714.0;8;18;16;25;79;14;12;21;7
720.0;9;17;16;23;82;14;12;22;5
726.0;8;17;17;23;83;15;11;22;4
732.0;8;17;14;23;84;14;12;23;5
738.0;7;19;15;23;84;13;12;21;6
744.0;6;19;16;23;85;17;9;19;6
750.0;6;22;16;22;86;17;8;17;6
756.0;6;21;17;23;86;17;7;17;6
762.0;8;19;17;23;86;16;8;16;7
768.0;9;18;16;23;85;17;9;15;8
774.0;7;17;16;22;85;19;7;18;9
780.0;7;17;14;23;87;20;7;16;9
786.0;7;17;13;22;87;21;7;17;9
792.0;8;15;13;20;87;21;8;19;9
798.0;10;13;12;19;88;19;8;21;10
804.0;10;13;11;18;89;20;8;21;10
810.0;9;12;11;18;88;21;8;21;12
816.0;10;11;9;19;87;22;8;23;11
822.0;11;13;11;17;86;23;8;22;9
828.0;12;14;10;17;86;22;7;24;8
834.0;10;15;13;18;86;21;5;25;7
840.0;10;15;18;17;85;19;4;25;7
846.0;8;15;18;19;84;20;5;23;8
852.0;11;14;16;19;84;21;6;22;7
858.0;12;15;14;19;84;20;5;23;8
864.0;11;17;13;18;84;21;5;22;9
870.0;11;16;12;18;85;21;4;22;11
876.0;11;15;12;16;87;21;5;22;11
882.0;10;15;11;18;87;22;5;20;12
888.0;8;13;13;22;88;21;5;19;11
894.0;6;13;12;23;89;22;6;20;9
900.0;7;15;12;20;87;23;7;21;8
906.0;6;17;13;20;86;23;7;20;8
912.0;8;15;11;20;85;24;8;20;9
918.0;9;13;11;21;87;22;8;19;10
924.0;9;13;11;23;87;21;8;18;10
930.0;7;15;10;24;87;20;8;20;9
936.0;6;15;9;25;89;17;8;21;10
942.0;9;15;9;24;89;16;8;22;8
948.0;9;18;9;21;89;16;10;20;8
954.0;8;20;10;21;90;16;8;19;8
960.0;9;18;11;21;89;16;7;19;10
966.0;9;18;11;21;87;17;9;18;10
972.0;8;20;10;22;88;17;9;16;10
978.0;10;20;10;19;88;18;7;17;11
984.0;10;19;10;20;86;18;7;19;11
990.0;8;19;11;19;88;18;8;18;11
996.0;9;19;12;19;87;17;6;18;13
1002.0;10;21;9;20;86;17;7;17;13
1008.0;9;21;7;22;87;17;9;16;12
1014.0;8;20;7;21;88;16;11;16;13
1020.0;8;20;8;20;89;18;10;15;12
1026.0;9;21;8;19;85;19;12;15;12
1032.0;9;24;8;16;86;19;13;16;9
1038.0;9;23;8;17;88;19;11;16;9
1044.0;9;23;8;16;87;19;11;18;9
1050.0;9;24;11;16;87;19;10;17;7
1056.0;9;22;11;16;88;19;10;17;8
1062.0;9;22;11;16;88;19;11;18;6
1068.0;11;22;10;15;87;19;12;18;6
1074.0;12;21;8;14;87;21;12;18;7
1080.0;11;22;8;16;88;18;12;17;8
1086.0;11;20;8;19;87;17;13;19;6
1092.0;11;19;9;19;87;19;13;17;6
1098.0;12;18;9;20;88;19;9;17;8
1104.0;12;16;10;19;88;18;9;18;10
1110.0;13;16;9;17;89;19;9;17;11
1116.0;11;14;9;17;90;20;8;18;13
1122.0;11;15;9;17;91;19;7;20;11
1128.0;12;15;9;18;93;18;7;18;10
1134.0;13;15;8;18;92;17;6;21;10
1140.0;11;16;8;18;91;16;6;21;13
1146.0;10;15;9;17;91;17;6;24;11
1152.0;9;14;9;17;92;17;5;24;13
1158.0;8;15;10;15;92;18;5;22;15
1164.0;7;13;11;15;94;16;6;23;15
1170.0;7;12;11;15;95;16;6;23;15
1176.0;8;13;9;15;95;16;7;25;12
1182.0;7;16;9;17;97;17;4;23;10
1188.0;5;18;7;18;97;17;4;22;12
1194.0;6;14;8;20;98;18;4;21;11
1200.0;7;14;7;20;99;17;4;21;11
1206.0;6;15;8;20;99;17;4;21;10
1212.0;5;16;8;20;98;18;3;20;12
1218.0;6;17;8;19;97;15;3;23;12
1224.0;6;16;7;21;97;16;2;23;12
1230.0;6;17;7;21;97;15;4;22;11
1236.0;3;17;8;23;97;15;5;19;13
1242.0;4;17;8;23;99;14;6;19;10
1248.0;6;17;7;24;98;16;5;17;10
1254.0;7;18;7;21;98;16;6;16;11
1260.0;5;18;8;22;99;16;8;14;10
1266.0;5;20;7;21;99;19;8;13;8
1272.0;6;20;4;23;99;19;5;15;9
1278.0;7;20;4;23;99;19;5;14;9
1284.0;7;17;4;22;99;19;7;15;10
1290.0;7;16;5;22;98;19;6;15;12
1296.0;6;16;7;22;98;18;7;16;10
1302.0;7;16;8;22;96;19;7;17;8
1308.0;6;17;7;23;95;19;7;18;8
1314.0;7;16;8;23;95;19;6;18;8
1320.0;5;15;10;23;94;20;5;19;9
1326.0;7;16;9;23;93;20;4;18;10
1332.0;8;16;10;24;94;19;3;18;8
1338.0;7;16;8;22;95;19;4;17;12
1344.0;7;17;8;20;95;21;4;17;11
1350.0;7;17;9;19;92;22;4;19;11
1356.0;5;17;7;20;94;24;6;17;10
1362.0;3;17;7;20;95;21;8;19;10
1368.0;7;19;7;18;96;21;7;19;6
1374.0;7;19;9;17;96;21;7;18;6
1380.0;7;21;8;17;98;20;6;18;5
1386.0;7;19;10;16;96;21;7;19;5
1392.0;7;22;9;14;95;20;8;20;5
1398.0;6;25;9;15;95;19;6;21;4
1404.0;5;24;11;14;95;19;4;23;5
1410.0;5;24;10;14;95;20;4;20;8
1416.0;4;24;10;15;94;20;5;20;8
1422.0;3;25;10;15;95;18;5;20;9
1428.0;4;27;9;14;98;18;5;18;7
1434.0;4;27;8;13;99;18;5;19;7
1440.0;3;26;9;12;99;18;7;19;7
1446.0;4;27;11;10;96;18;6;20;8
1452.0;5;27;9;10;98;19;6;17;9
1458.0;7;25;9;10;101;19;6;16;7
1464.0;8;23;9;11;99;21;7;16;6
1470.0;10;23;7;11;98;20;7;17;7
1476.0;10;22;7;12;96;20;9;17;7
1482.0;8;21;9;12;94;21;8;20;7
1488.0;8;21;9;12;94;23;7;19;7
1494.0;9;23;10;12;89;22;9;19;7
1500.0;9;23;10;13;89;22;9;18;7
1506.0;7;24;9;13;90;22;13;16;6
1512.0;8;23;9;15;89;22;12;16;6
1518.0;8;23;10;14;90;21;12;16;6
1524.0;6;22;10;14;90;20;16;15;7
1530.0;8;21;8;15;90;20;17;15;6
1536.0;9;21;7;13;91;22;17;14;6
1542.0;7;21;7;14;91;22;17;14;7
1548.0;7;21;8;15;91;20;15;14;9
1554.0;8;21;10;16;87;20;14;13;11
1560.0;10;22;10;17;86;19;14;12;10
1566.0;8;21;12;15;85;19;16;16;8
1572.0;9;23;12;16;87;21;13;12;7
1578.0;7;23;12;17;87;22;14;13;5
1584.0;8;23;12;16;87;20;14;15;5
1590.0;7;23;12;15;87;21;15;16;4
1596.0;5;23;11;14;88;22;16;17;4
1602.0;5;21;10;15;90;21;14;18;6
1608.0;5;21;9;15;91;21;14;17;7
1614.0;6;24;7;15;91;23;13;16;5
1620.0;5;23;9;16;90;24;11;15;7
1626.0;5;23;9;16;88;23;13;17;6
1632.0;4;23;10;15;88;25;12;16;7
1638.0;6;24;9;13;88;25;11;17;7
1644.0;5;24;12;14;89;22;11;17;6
1650.0;4;24;12;15;89;21;10;18;7
1656.0;5;25;10;14;87;21;12;18;8
1662.0;7;22;10;13;87;20;12;20;9
1668.0;10;20;10;14;86;21;11;19;9
1674.0;11;22;9;16;86;20;9;19;8
1680.0;11;21;11;16;86;21;9;18;7
1686.0;12;21;10;16;86;21;9;18;7
1692.0;11;20;13;14;89;21;7;18;7
1698.0;12;21;12;15;88;21;6;16;9
1704.0;12;20;12;16;89;22;6;15;8
1710.0;14;21;13;17;87;21;8;12;7
1716.0;13;22;14;15;89;20;10;12;5
1722.0;12;25;12;15;90;20;10;12;4
1728.0;11;25;13;14;89;21;9;12;6
1734.0;10;25;14;13;89;20;12;11;6
1740.0;10;27;12;13;90;19;11;12;6
1746.0;12;24;11;13;90;20;11;12;7
1752.0;12;24;11;12;92;19;10;12;8
1758.0;13;25;11;13;92;19;9;12;6
1764.0;14;25;12;12;91;18;10;12;6
1770.0;14;25;10;13;91;18;9;12;8
1776.0;15;27;10;13;89;18;7;13;8
1782.0;13;29;10;10;90;16;5;14;13
1788.0;11;30;10;10;90;15;5;17;12
1794.0;9;32;12;11;89;13;6;17;11
