#auto generated file!
12.0;30;28;24;29;24;27;41;31;36
18.0;25;28;24;30;26;28;41;34;34
24.0;23;29;22;30;29;29;39;36;33
30.0;20;28;26;30;30;31;39;35;31
36.0;19;28;26;29;31;31;38;35;33
42.0;16;25;26;29;35;34;38;34;33
48.0;20;26;25;32;37;34;35;35;26
54.0;21;25;25;33;38;36;35;35;22
60.0;21;25;22;31;39;39;36;36;21
66.0;21;23;21;29;41;40;37;35;23
72.0;18;19;21;30;43;42;38;35;24
78.0;17;19;22;29;46;42;37;35;23
84.0;15;20;24;26;47;46;35;39;18
90.0;14;22;25;25;47;45;39;37;16
96.0;14;23;24;28;50;44;38;35;14
102.0;15;24;22;29;52;43;35;34;16
108.0;17;22;21;26;55;42;35;36;16
114.0;16;22;21;27;57;44;30;35;18
120.0;16;22;22;29;60;44;30;30;17
126.0;16;23;19;29;59;40;32;33;19
132.0;15;24;18;28;65;39;28;35;18
138.0;14;23;18;31;68;38;25;33;20
144.0;15;23;17;31;68;37;24;34;21
150.0;15;23;17;31;70;40;22;33;19
156.0;19;23;14;29;72;40;21;32;20
162.0;22;23;14;27;74;40;20;33;17
168.0;21;23;14;29;76;39;18;36;14
174.0;23;20;15;29;75;41;19;33;15
180.0;22;18;16;27;79;42;15;33;18
186.0;25;24;16;28;79;39;11;32;16
192.0;25;24;17;29;80;41;9;31;14
198.0;22;28;14;31;82;38;10;31;14
204.0;21;28;13;32;82;37;9;34;14
210.0;22;28;11;31;85;38;9;32;14
216.0;17;28;12;31;88;36;9;35;14
222.0;18;27;12;29;91;35;6;37;15
228.0;16;29;12;29;91;34;7;36;16
234.0;17;29;10;27;93;34;7;38;15
240.0;16;29;13;27;92;32;9;36;16
246.0;17;29;11;27;93;31;10;33;19
252.0;17;27;11;26;94;31;16;29;19
258.0;14;27;10;26;95;34;18;30;16
264.0;14;28;9;26;95;34;17;32;15
270.0;14;27;8;28;95;34;17;30;17
276.0;14;24;11;25;98;34;14;31;19
282.0;16;25;7;26;98;34;16;31;17
288.0;15;23;11;27;99;33;16;30;16
294.0;18;24;14;25;99;33;12;31;14
300.0;18;24;14;26;97;35;14;29;13
306.0;18;23;13;24;99;33;17;29;14
312.0;17;24;14;24;99;31;17;29;15
318.0;13;27;12;23;102;33;17;28;15
324.0;12;27;12;21;103;35;17;28;15
330.0;14;29;13;20;105;33;16;27;13
336.0;13;30;13;20;108;32;13;28;13
342.0;13;30;15;19;108;31;12;27;15
348.0;13;28;14;18;110;34;12;26;15
354.0;16;26;15;18;109;32;13;25;16
360.0;16;26;16;17;109;31;15;27;13
366.0;17;24;15;15;111;30;14;29;15
372.0;17;23;16;15;113;30;14;28;14
378.0;17;25;14;17;113;27;16;28;13
384.0;16;28;14;18;113;27;15;27;12
390.0;14;28;14;17;111;27;15;32;12
396.0;14;26;14;17;112;26;15;34;12
402.0;16;26;16;17;112;25;15;32;11
408.0;16;25;16;19;111;25;16;31;11
414.0;19;24;16;18;112;28;14;29;10
420.0;17;27;17;19;114;26;13;28;9
426.0;17;28;17;19;113;27;14;27;8
432.0;17;28;16;21;113;27;13;27;8
438.0;17;30;19;19;114;26;13;26;6
444.0;17;31;16;20;118;26;12;24;6
450.0;14;33;14;23;118;25;12;24;7
456.0;16;33;15;21;115;23;15;28;4
462.0;16;31;13;21;118;24;15;27;5
468.0;14;29;15;24;116;23;16;28;5
474.0;14;30;16;23;119;21;14;27;6
480.0;15;30;15;22;121;21;13;28;5
486.0;13;30;14;23;120;23;14;28;5
492.0;12;31;14;24;120;23;13;27;6
498.0;12;30;14;27;120;24;11;27;5
504.0;9;29;14;30;118;23;13;27;7
510.0;10;32;15;28;115;25;12;29;4
516.0;12;32;13;26;115;25;13;30;4
522.0;14;31;12;28;118;25;14;26;2
528.0;16;31;13;26;116;25;16;27;0
534.0;18;29;13;26;116;25;17;25;1
540.0;18;28;11;25;116;25;19;25;3
546.0;18;28;11;27;114;25;19;24;4
552.0;17;27;11;29;116;24;17;24;5
558.0;16;26;10;27;117;23;20;24;7
564.0;17;25;11;26;117;26;19;24;5
570.0;15;26;9;26;117;26;20;26;5
576.0;16;24;7;28;119;29;17;25;5
582.0;15;24;7;27;119;28;17;28;5
588.0;15;26;5;23;122;25;19;28;7
594.0;12;25;8;21;125;26;18;24;11
600.0;12;24;8;23;124;26;19;24;10
606.0;13;23;9;23;122;26;19;25;10
612.0;14;25;10;22;122;25;18;25;9
618.0;15;25;10;22;122;24;16;27;9
624.0;16;23;11;22;120;24;14;28;12
630.0;20;21;11;25;119;23;11;28;12
636.0;20;20;12;24;119;21;10;32;12
642.0;18;20;13;23;117;20;11;35;13
648.0;18;19;14;22;116;19;12;35;15
654.0;17;18;14;23;117;20;12;34;15
660.0;17;22;10;23;116;23;14;33;12
666.0;15;20;9;22;117;25;17;33;12
672.0;15;19;9;24;120;24;15;34;10
678.0;13;18;11;23;120;24;18;32;11
684.0;11;19;11;22;119;26;20;32;10
690.0;11;20;13;21;120;25;19;30;11
696.0;12;19;13;21;123;25;15;30;12
702.0;11;20;11;22;123;24;16;31;12
708.0;11;22;9;22;122;23;18;32;11
714.0;12;25;9;19;118;25;20;33;9
720.0;12;26;13;21;112;24;20;33;9
726.0;14;25;12;21;114;23;21;33;7
732.0;12;24;12;24;118;24;20;30;6
738.0;11;25;10;24;122;24;20;30;4
744.0;11;26;12;23;124;24;18;29;3
750.0;11;26;14;23;122;23;19;28;4
756.0;10;26;15;23;122;23;17;30;4
762.0;10;25;12;24;124;23;18;29;5
768.0;8;23;11;24;125;24;20;29;6
774.0;10;19;12;23;125;23;20;30;8
780.0;12;21;11;23;123;25;20;28;7
786.0;9;22;11;26;122;23;20;28;9
792.0;8;22;12;25;122;24;19;28;10
798.0;10;22;13;24;121;22;19;28;11
804.0;12;26;12;22;120;24;17;25;12
810.0;12;23;11;23;122;25;18;25;11
816.0;13;22;11;25;121;26;16;25;11
822.0;14;21;13;27;121;23;14;24;13
828.0;16;20;15;27;121;23;15;23;10
834.0;13;18;15;26;123;22;18;24;11
840.0;9;18;14;30;124;26;18;22;9
846.0;9;17;15;31;124;25;17;23;9
852.0;10;18;12;34;121;26;18;22;9
858.0;11;17;13;34;123;26;17;21;8
864.0;10;18;12;32;123;26;16;23;10
870.0;9;18;13;31;123;25;16;25;10
876.0;9;19;12;30;123;24;19;25;9
882.0;9;18;11;29;123;23;20;26;11
888.0;12;18;11;30;125;25;17;22;10
894.0;12;20;10;29;126;26;17;20;10
900.0;11;19;11;28;126;26;18;21;10
906.0;11;18;11;30;125;26;19;20;10
912.0;11;19;12;29;123;25;21;20;10
918.0;9;18;12;29;122;26;21;21;12
924.0;9;18;15;29;119;28;20;21;11
930.0;10;21;14;28;118;29;19;20;11
936.0;10;27;12;29;117;28;20;17;10
942.0;8;26;11;29;118;29;22;17;10
948.0;9;25;12;29;118;29;21;19;8
954.0;10;24;10;31;119;27;20;19;10
960.0;10;23;12;31;118;27;18;21;10
966.0;11;24;14;29;117;27;17;20;11
972.0;10;24;16;29;116;29;15;20;11
978.0;10;23;16;28;118;29;14;21;11
984.0;13;19;19;28;117;29;16;20;9
990.0;11;21;18;28;118;30;16;19;9
996.0;9;21;20;30;115;30;16;20;9
1002.0;9;21;22;32;115;28;16;18;9
1008.0;7;22;20;33;118;28;16;18;8
1014.0;6;22;17;35;117;29;13;23;8
1020.0;8;26;16;32;119;28;11;23;7
1026.0;8;28;18;32;117;29;8;21;9
1032.0;9;28;18;32;116;28;7;22;10
1038.0;10;29;19;33;116;26;9;20;8
1044.0;9;32;18;32;115;26;8;20;10
1050.0;10;30;21;29;117;25;8;22;8
1056.0;10;29;19;27;117;26;10;23;9
1062.0;10;28;19;27;117;27;12;22;8
1068.0;10;28;14;27;118;27;12;23;11
1074.0;8;27;14;26;119;26;14;25;11
1080.0;9;28;14;20;121;25;17;24;12
1086.0;10;27;13;20;123;25;15;25;12
1092.0;8;25;13;20;125;28;11;28;12
1098.0;8;25;15;19;126;29;10;27;11
1104.0;9;25;14;17;127;27;11;27;13
1110.0;11;22;14;16;127;28;12;27;13
1116.0;11;23;13;14;128;29;13;28;11
1122.0;12;23;12;14;127;29;15;27;11
1128.0;11;24;15;15;129;26;16;25;9
1134.0;12;24;15;15;130;25;15;25;9
1140.0;11;24;11;16;132;26;16;24;10
1146.0;13;28;10;17;130;23;13;25;11
1152.0;14;26;10;18;131;23;13;24;11
1158.0;16;26;8;18;132;23;13;24;10
1164.0;19;25;8;17;133;24;12;22;10
1170.0;16;25;12;18;131;23;12;22;11
1176.0;18;25;11;19;129;22;12;21;13
1182.0;20;23;11;17;131;22;13;20;13
1188.0;19;25;11;18;130;21;12;22;12
1194.0;17;27;10;19;128;23;13;20;13
1200.0;18;25;11;19;130;23;14;17;13
1206.0;16;25;13;19;132;22;15;16;12
1212.0;17;26;10;20;130;24;15;17;11
1218.0;18;26;9;21;128;22;16;18;12
1224.0;17;26;10;24;124;21;17;18;13
1230.0;18;27;9;26;123;22;17;18;10
1236.0;19;29;7;29;123;21;15;18;9
1242.0;19;32;8;30;123;19;12;18;9
1248.0;18;33;7;27;124;20;11;19;11
1254.0;17;33;6;27;123;20;12;19;13
1260.0;18;33;6;28;122;18;13;19;13
1266.0;16;33;9;29;116;20;12;21;14
1272.0;15;35;7;30;117;22;10;20;14
1278.0;16;35;7;32;117;19;11;22;11
1284.0;15;35;8;33;117;18;11;23;10
1290.0;15;32;8;31;121;18;12;24;9
1296.0;16;33;8;31;120;16;12;25;9
1302.0;17;35;9;29;120;15;12;25;8
1308.0;17;32;12;30;120;15;12;24;8
1314.0;16;37;10;31;118;14;13;24;7
1320.0;16;38;8;31;119;15;12;24;7
1326.0;17;32;8;31;121;17;13;20;11
1332.0;19;29;9;30;123;17;12;20;11
1338.0;21;31;8;30;121;17;10;22;10
1344.0;18;29;9;31;119;19;12;24;9
1350.0;18;29;10;30;120;18;12;26;7
1356.0;15;28;12;32;119;20;11;25;8
1362.0;17;26;12;29;116;22;11;28;9
1368.0;17;25;15;30;114;22;11;27;9
1374.0;15;25;18;30;115;22;9;25;11
1380.0;15;25;18;30;117;23;8;21;13
1386.0;14;24;18;30;118;20;9;20;17
1392.0;11;24;17;31;115;22;10;23;17
1398.0;13;24;17;29;115;22;10;24;16
1404.0;13;21;14;34;116;23;10;22;17
1410.0;10;22;15;31;115;25;10;23;19
1416.0;11;22;16;29;117;26;10;22;17
1422.0;12;20;19;28;117;26;11;21;16
1428.0;14;20;17;24;119;25;13;24;14
1434.0;15;21;15;23;121;25;11;25;14
1440.0;15;20;12;25;122;26;12;25;13
1446.0;14;18;13;28;119;26;14;24;14
1452.0;14;19;12;30;119;26;14;23;13
1458.0;12;19;8;29;120;26;16;23;17
1464.0;11;18;9;27;121;27;15;24;18
1470.0;10;19;12;26;120;27;13;24;19
1476.0;10;21;11;27;118;27;14;24;18
1482.0;11;21;10;28;119;27;12;25;17
1488.0;13;20;11;28;120;27;12;23;16
1494.0;12;20;10;28;121;26;11;25;17
1500.0;13;19;10;27;118;29;11;28;15
1506.0;12;21;13;27;118;25;8;32;14
1512.0;12;20;12;27;119;23;7;34;16
1518.0;13;20;10;25;120;23;7;36;16
1524.0;11;20;11;22;122;23;6;38;17
1530.0;11;22;11;22;120;24;7;36;17
1536.0;11;23;10;19;120;25;8;36;18
1542.0;11;22;12;20;119;25;6;36;19
1548.0;12;24;11;17;120;26;6;36;18
1554.0;12;22;13;16;120;27;7;37;16
1560.0;12;20;15;17;117;27;8;38;16
1566.0;12;20;15;18;115;30;8;39;13
1572.0;11;21;16;20;116;29;7;36;14
1578.0;12;22;16;19;117;28;8;34;14
1584.0;13;20;17;19;118;25;9;33;16
1590.0;13;20;15;20;119;26;10;33;14
1596.0;13;24;14;20;119;25;9;31;15
1602.0;12;25;16;19;119;26;9;31;13
1608.0;9;24;15;22;120;27;6;31;16
1614.0;7;24;11;23;121;29;6;32;17
1620.0;8;21;15;22;120;29;6;32;17
1626.0;8;20;15;23;119;30;6;31;18
1632.0;10;19;15;22;119;31;6;30;18
1638.0;11;18;16;22;116;31;8;31;17
1644.0;16;17;12;22;115;30;10;30;18
1650.0;13;18;14;24;117;30;10;28;16
1656.0;14;17;14;24;117;28;11;28;17
1662.0;14;16;16;24;118;29;10;28;15
1668.0;13;17;16;20;117;28;12;30;17
1674.0;14;18;15;20;118;28;14;29;14
1680.0;12;20;14;22;116;30;15;26;15
1686.0;11;19;17;21;116;27;14;26;19
1692.0;11;21;16;20;117;28;13;24;20
1698.0;10;21;17;22;115;28;13;24;20
1704.0;10;21;15;22;114;29;13;25;21
1710.0;13;20;18;21;111;27;13;26;21
1716.0;12;20;21;19;111;27;13;25;22
1722.0;14;21;22;21;114;26;12;22;18
1728.0;15;22;20;22;114;27;14;20;16
1734.0;15;23;17;22;114;28;16;19;16
1740.0;15;25;17;25;114;28;13;17;16
1746.0;16;24;14;28;115;27;16;17;13
1752.0;14;23;14;29;115;25;17;17;16
1758.0;14;25;17;30;112;21;19;15;17
1764.0;14;25;16;29;113;22;18;15;18
1770.0;12;24;17;28;113;22;20;18;16
1776.0;11;22;16;27;114;24;18;19;19
1782.0;14;21;18;26;114;22;18;18;19
1788.0;12;23;17;25;118;22;16;19;18
1794.0;13;22;17;25;119;22;15;20;17
