#auto generated file!
12.0;23;29;18;20;28;26;20;27;19
18.0;21;27;19;21;32;25;18;28;19
24.0;21;27;19;22;32;24;17;29;19
30.0;19;28;19;22;33;24;19;27;19
36.0;21;30;18;22;35;22;15;29;18
42.0;20;28;21;22;35;21;15;28;20
48.0;24;29;22;19;34;21;15;29;17
54.0;21;30;21;19;36;19;19;28;17
60.0;20;31;19;21;39;18;17;29;16
66.0;20;34;16;22;39;17;16;30;16
72.0;17;36;17;21;40;18;16;29;16
78.0;15;36;18;21;41;16;17;30;16
84.0;12;38;16;20;42;17;19;31;15
90.0;10;34;20;19;47;17;16;30;17
96.0;11;30;20;19;47;18;17;29;19
102.0;14;28;18;18;47;21;19;27;18
108.0;14;28;16;20;48;21;19;28;16
114.0;11;28;17;19;51;20;20;29;15
120.0;14;28;18;20;52;19;19;27;13
126.0;15;27;19;20;51;17;20;27;14
132.0;14;28;22;19;52;18;17;26;14
138.0;14;28;24;20;53;18;16;27;10
144.0;12;28;25;20;53;18;16;27;11
150.0;13;27;22;19;56;18;18;26;11
156.0;13;27;23;18;57;16;17;27;12
162.0;12;29;21;18;58;17;17;27;11
168.0;10;31;22;16;60;18;16;27;10
174.0;9;31;24;16;60;18;16;27;9
180.0;8;29;26;16;60;21;17;23;10
186.0;9;28;25;15;61;20;18;24;10
192.0;10;28;24;16;61;21;17;23;10
198.0;10;29;23;16;61;21;16;24;10
204.0;8;27;21;16;61;24;17;25;11
210.0;8;27;19;17;62;22;19;25;11
216.0;8;27;19;15;63;23;20;26;9
222.0;9;27;15;16;67;23;16;27;10
228.0;9;26;13;17;69;21;16;27;12
234.0;6;24;13;18;72;20;18;26;13
240.0;6;22;15;16;73;21;18;25;14
246.0;7;23;15;16;73;21;18;23;14
252.0;8;21;15;14;74;22;19;24;13
258.0;7;18;21;13;76;24;16;22;13
264.0;8;16;23;13;76;24;15;22;13
270.0;8;18;21;12;77;24;13;24;13
276.0;9;18;19;15;77;25;10;22;15
282.0;9;17;19;16;78;24;11;21;15
288.0;8;15;18;17;78;26;13;22;13
294.0;11;14;16;17;78;26;15;22;11
300.0;10;14;15;17;76;25;15;23;15
306.0;11;14;15;18;75;25;15;23;14
312.0;11;14;13;18;76;26;14;23;15
318.0;12;13;15;18;74;26;13;25;14
324.0;11;15;15;15;75;24;12;27;16
330.0;10;14;14;16;73;26;12;29;16
336.0;8;14;18;16;73;27;11;30;13
342.0;8;14;18;16;73;26;12;32;11
348.0;8;16;15;16;76;28;11;30;10
354.0;8;17;15;14;77;27;10;29;13
360.0;8;14;18;14;78;26;11;29;12
366.0;7;17;16;14;80;27;9;29;11
372.0;10;18;14;12;82;27;9;27;11
378.0;11;20;16;13;81;25;8;27;9
384.0;12;21;15;12;81;25;8;26;10
390.0;12;21;15;12;81;25;8;25;11
396.0;12;22;15;12;83;24;6;25;11
402.0;12;23;14;13;82;24;5;25;12
408.0;11;24;15;14;82;25;3;24;12
414.0;10;24;14;16;83;23;4;26;10
420.0;11;26;13;17;83;22;4;24;10
426.0;11;25;12;16;83;22;5;26;10
432.0;10;25;11;16;82;21;7;26;12
438.0;10;25;11;16;84;20;6;25;13
444.0;8;20;13;17;83;20;7;27;15
450.0;7;21;13;18;83;19;7;28;14
456.0;9;21;14;19;81;18;7;28;13
462.0;9;22;15;18;78;17;11;28;12
468.0;10;21;16;18;77;19;11;26;12
474.0;10;21;14;19;79;19;12;25;11
480.0;10;23;14;20;77;18;12;24;12
486.0;9;23;11;19;77;19;13;24;15
492.0;9;26;9;20;78;19;12;22;15
498.0;10;26;9;20;76;21;12;23;13
504.0;10;26;10;19;75;20;12;25;13
510.0;9;26;12;18;74;21;10;27;13
516.0;8;27;14;20;73;21;8;26;13
522.0;7;25;13;20;74;23;11;24;13
528.0;7;26;13;19;74;23;11;24;13
534.0;8;25;14;18;77;24;11;20;13
540.0;8;23;14;17;76;25;13;20;14
546.0;10;22;15;15;76;25;12;20;15
552.0;8;22;17;14;76;27;12;20;14
558.0;8;19;16;15;76;26;13;22;15
564.0;7;19;15;15;77;26;14;22;15
570.0;8;19;15;14;77;24;15;22;16
576.0;8;20;15;15;77;24;15;20;16
582.0;8;21;12;15;75;24;17;20;18
588.0;11;20;11;15;75;24;16;19;19
594.0;11;21;11;16;77;23;16;19;16
600.0;12;22;11;19;78;21;14;18;15
606.0;15;19;13;21;76;19;14;19;14
612.0;12;21;12;21;76;19;14;22;13
618.0;13;21;12;20;75;19;13;22;15
624.0;12;21;12;20;75;20;14;21;15
630.0;11;23;13;21;78;19;10;21;14
636.0;9;23;13;21;78;20;8;26;12
642.0;10;21;13;19;80;21;7;26;13
648.0;10;20;14;18;82;22;7;26;11
654.0;10;19;15;19;82;21;9;26;9
660.0;9;19;12;20;82;21;9;28;10
666.0;9;20;10;21;82;20;11;27;10
672.0;9;21;8;23;81;19;10;28;11
678.0;8;19;8;24;82;18;10;29;12
684.0;7;20;6;26;81;19;9;27;15
690.0;6;19;6;26;82;20;10;27;14
696.0;6;17;8;27;83;21;10;24;14
702.0;6;19;9;26;82;20;10;23;15
708.0;6;22;9;24;81;18;10;24;16
714.0;9;20;7;24;82;18;11;26;13
720.0;9;20;7;24;79;21;10;27;13
726.0;8;19;8;23;79;22;11;27;13
732.0;8;19;7;24;79;24;11;27;11
738.0;7;18;8;24;79;25;11;27;11
744.0;9;15;8;25;79;24;10;27;13
750.0;12;16;8;25;80;19;10;28;12
756.0;11;14;11;25;80;21;8;29;11
762.0;10;16;10;26;80;20;10;28;10
768.0;10;14;12;27;79;19;8;30;11
774.0;8;16;15;26;80;17;10;24;14
780.0;8;16;15;29;76;19;9;24;14
786.0;9;15;17;26;76;18;8;25;16
792.0;10;15;17;28;75;19;5;25;16
798.0;10;18;14;29;77;18;4;23;17
804.0;11;18;15;29;78;17;4;21;17
810.0;11;19;16;26;81;15;5;20;17
816.0;11;20;17;26;81;14;5;20;16
822.0;10;20;17;27;81;18;6;17;14
828.0;11;19;19;26;81;18;6;16;14
834.0;14;19;18;25;82;18;7;15;12
840.0;13;20;17;27;82;19;8;13;11
846.0;12;21;19;26;80;20;7;14;11
852.0;12;21;15;29;80;22;7;15;9
858.0;12;21;15;27;80;22;10;15;8
864.0;12;22;15;27;81;22;8;15;8
870.0;12;23;14;25;82;22;10;14;8
876.0;13;22;12;26;81;20;12;13;11
882.0;13;20;11;24;84;21;12;15;10
888.0;11;17;12;23;84;23;13;16;11
894.0;11;17;12;22;85;25;10;17;11
900.0;11;16;14;21;87;25;11;14;11
906.0;11;17;14;20;87;24;11;13;13
912.0;11;15;14;20;88;23;12;13;14
918.0;12;16;13;22;88;24;12;12;11
924.0;13;18;13;22;87;26;13;9;9
930.0;11;21;12;25;86;23;12;12;8
936.0;7;19;11;24;89;24;15;12;9
942.0;6;19;12;22;90;26;14;11;10
948.0;6;16;14;23;89;26;16;10;10
954.0;7;16;13;22;88;27;15;13;9
960.0;9;17;13;22;87;25;13;14;10
966.0;9;18;14;22;86;24;11;15;11
972.0;9;18;14;21;86;24;10;15;13
978.0;8;19;12;20;88;25;7;14;17
984.0;8;16;14;20;88;25;6;15;18
990.0;9;15;14;20;90;24;8;13;17
996.0;10;15;11;21;91;26;8;13;15
1002.0;10;16;11;20;91;28;8;12;14
1008.0;9;17;10;20;90;31;8;14;11
1014.0;8;18;9;20;90;31;8;15;11
1020.0;7;18;9;21;91;31;8;14;11
1026.0;8;20;9;21;90;30;5;16;11
1032.0;9;21;7;20;92;29;7;14;11
1038.0;8;21;8;23;91;28;7;14;10
1044.0;8;21;6;22;92;28;6;16;11
1050.0;8;20;5;20;91;27;8;18;13
1056.0;8;19;8;20;89;28;9;16;13
1062.0;8;19;9;24;89;25;8;17;11
1068.0;7;19;9;24;90;24;8;18;11
1074.0;6;21;9;25;89;24;10;17;9
1080.0;7;21;9;24;89;24;9;18;9
1086.0;7;20;10;22;89;24;9;19;10
1092.0;8;21;10;21;89;26;8;20;7
1098.0;8;21;9;21;89;26;9;20;7
1104.0;10;21;7;20;91;26;9;18;8
1110.0;10;21;7;19;90;26;11;17;9
1116.0;9;20;7;19;90;26;11;18;10
1122.0;9;21;8;18;88;25;10;22;9
1128.0;9;21;8;16;89;24;10;23;10
1134.0;10;19;8;15;90;24;11;22;11
1140.0;9;17;8;15;92;24;13;21;11
1146.0;10;17;10;16;91;27;11;17;11
1152.0;10;17;10;16;91;27;11;16;12
1158.0;7;17;10;17;92;27;12;14;14
1164.0;10;16;11;18;91;27;11;13;13
1170.0;9;18;12;21;91;25;11;12;11
1176.0;10;18;12;19;91;25;10;12;13
1182.0;7;19;12;17;94;25;10;11;15
1188.0;6;18;13;18;94;24;11;11;15
1194.0;9;17;12;18;94;24;10;11;15
1200.0;9;16;13;18;93;22;11;11;17
1206.0;9;17;15;16;92;22;12;10;17
1212.0;10;20;14;16;92;20;12;9;17
1218.0;11;19;12;17;94;19;11;8;19
1224.0;11;18;14;16;95;20;12;8;16
1230.0;13;20;14;16;93;19;11;8;16
1236.0;13;20;14;16;94;18;12;9;14
1242.0;14;23;13;16;94;19;9;8;14
1248.0;15;24;9;19;92;19;10;10;12
1254.0;15;28;7;19;93;19;12;8;9
1260.0;15;28;8;16;93;20;12;9;9
1266.0;15;26;8;16;93;20;14;9;9
1272.0;17;25;8;15;91;20;13;11;10
1278.0;17;25;9;13;90;21;14;12;9
1284.0;17;24;9;12;91;23;14;11;9
1290.0;17;23;9;13;92;22;13;11;10
1296.0;16;22;8;12;93;22;14;14;9
1302.0;16;22;9;13;93;22;11;15;9
1308.0;14;21;9;15;94;23;10;16;8
1314.0;14;22;10;15;93;20;10;17;9
1320.0;13;22;10;15;92;21;12;16;9
1326.0;12;25;10;15;90;19;12;18;9
1332.0;11;24;10;13;91;21;12;19;9
1338.0;12;23;9;14;92;23;10;18;9
1344.0;11;23;11;15;91;22;9;18;10
1350.0;11;22;11;15;91;23;8;18;11
1356.0;12;22;8;15;91;27;8;19;8
1362.0;11;22;7;16;93;27;9;17;8
1368.0;10;21;6;15;93;27;10;19;9
1374.0;10;20;7;14;95;26;9;19;10
1380.0;10;20;8;14;95;27;8;18;10
1386.0;8;20;9;13;93;27;12;18;10
1392.0;10;18;10;14;94;23;10;19;12
1398.0;7;18;12;14;94;24;10;20;11
1404.0;8;17;11;13;95;25;10;20;11
1410.0;8;17;9;14;97;26;8;20;11
1416.0;7;17;10;13;96;26;7;22;12
1422.0;7;19;11;13;94;28;6;22;10
1428.0;6;19;11;10;95;29;8;21;11
1434.0;5;19;9;14;98;28;7;21;9
1440.0;6;18;9;15;98;26;7;22;9
1446.0;11;18;11;16;98;23;5;20;8
1452.0;11;18;13;16;97;21;7;20;7
1458.0;10;18;12;15;99;22;8;19;7
1464.0;12;18;11;14;101;21;9;17;7
1470.0;8;21;10;14;100;23;9;18;7
1476.0;9;21;9;15;100;22;8;20;6
1482.0;10;20;8;14;100;22;9;22;5
1488.0;11;19;9;14;102;21;9;22;3
1494.0;11;21;8;15;102;20;8;21;4
1500.0;11;19;9;15;103;22;6;21;4
1506.0;10;19;10;17;103;21;6;21;3
1512.0;11;19;8;14;102;23;6;23;4
1518.0;13;21;7;13;102;22;6;21;5
1524.0;15;20;7;14;102;22;6;20;4
1530.0;10;18;9;14;102;21;6;20;10
1536.0;10;17;8;18;105;19;6;19;8
1542.0;11;18;8;18;106;18;5;19;7
1548.0;11;18;9;17;106;18;5;19;7
1554.0;11;17;9;20;104;18;5;19;7
1560.0;11;17;7;20;107;17;6;18;7
1566.0;10;19;8;19;106;19;6;16;7
1572.0;10;19;8;18;106;18;7;16;8
1578.0;10;21;9;17;105;18;6;16;8
1584.0;10;21;9;17;103;17;7;17;9
1590.0;9;21;11;18;104;17;6;18;6
1596.0;7;20;13;18;105;17;7;17;6
1602.0;8;21;12;16;104;20;7;16;6
1608.0;8;20;11;15;106;20;7;16;7
1614.0;6;20;10;17;108;19;8;14;8
1620.0;4;21;8;20;106;19;9;14;9
1626.0;6;20;10;21;105;19;10;13;6
1632.0;8;19;9;21;105;18;9;14;7
1638.0;8;20;8;20;106;19;9;14;6
1644.0;8;20;9;20;107;18;8;13;7
1650.0;7;18;8;21;108;19;7;14;8
1656.0;6;18;9;20;107;19;8;16;7
1662.0;5;20;9;19;105;18;8;16;10
1668.0;5;21;7;19;104;20;9;14;11
1674.0;6;19;9;17;105;20;8;14;12
1680.0;8;17;9;17;106;21;8;13;11
1686.0;8;17;8;16;106;21;9;14;11
1692.0;8;15;8;15;108;22;10;14;10
1698.0;7;15;9;15;108;20;12;17;7
1704.0;6;17;8;14;110;21;11;16;7
1710.0;7;18;9;13;109;22;10;13;9
1716.0;8;16;11;14;111;22;9;13;6
1722.0;8;15;12;13;112;23;8;13;6
1728.0;8;15;11;14;114;20;8;14;6
1734.0;8;15;10;15;113;21;8;14;6
1740.0;9;14;9;15;112;22;10;15;4
1746.0;6;14;8;15;111;23;10;18;5
1752.0;5;13;9;17;111;22;11;16;6
1758.0;6;13;8;18;111;23;13;13;5
1764.0;9;12;9;18;108;21;13;14;6
1770.0;11;11;7;18;109;22;13;15;4
1776.0;12;11;6;19;111;22;11;13;5
1782.0;12;12;6;19;110;23;11;13;4
1788.0;12;13;6;17;110;23;12;14;3
1794.0;12;13;6;16;113;23;11;13;3
