#auto generated file!
12.0;52;41;48;62;62;56;44;54;51
18.0;49;45;46;63;65;56;45;54;47
24.0;49;48;47;61;68;54;46;51;46
30.0;52;52;45;62;69;53;42;50;45
36.0;51;54;47;62;69;55;40;50;42
42.0;51;57;44;61;73;54;37;52;41
48.0;54;60;41;61;72;54;39;52;37
54.0;49;60;41;63;76;52;38;53;38
60.0;47;58;41;63;79;51;39;55;37
66.0;43;58;41;62;81;52;37;52;44
72.0;42;54;40;64;89;52;32;53;44
78.0;41;52;39;61;89;50;36;54;48
84.0;40;54;35;63;90;49;37;56;46
90.0;41;55;37;63;90;47;37;56;44
96.0;40;55;36;59;90;46;42;58;44
102.0;36;54;39;62;96;44;40;57;42
108.0;34;53;38;65;99;47;33;60;41
114.0;29;55;39;64;101;50;33;61;38
120.0;29;52;42;64;103;51;30;64;35
126.0;29;54;42;64;102;53;28;65;33
132.0;30;55;43;63;106;54;23;65;31
138.0;27;53;42;59;108;56;25;67;33
144.0;27;51;41;57;108;59;24;67;36
150.0;29;49;41;56;110;59;24;64;38
156.0;27;49;41;53;113;59;21;67;40
162.0;31;49;39;52;117;63;18;64;37
168.0;30;49;41;48;119;60;19;67;37
174.0;29;47;43;48;118;60;19;68;38
180.0;31;50;40;48;121;60;20;66;34
186.0;32;50;37;46;125;58;24;68;30
192.0;32;48;36;48;126;58;23;72;27
198.0;27;46;37;50;129;58;24;76;23
204.0;26;46;33;51;134;54;29;75;22
210.0;27;45;34;49;132;56;29;74;24
216.0;29;40;33;54;133;53;31;74;23
222.0;27;39;32;57;132;56;30;69;28
228.0;29;44;30;55;135;55;28;66;28
234.0;29;42;29;58;134;56;29;62;31
240.0;29;45;28;63;133;53;28;61;30
246.0;29;47;27;64;137;54;24;62;26
252.0;30;51;25;65;141;53;26;57;22
258.0;29;54;22;64;141;54;28;56;22
264.0;30;53;23;61;144;54;27;56;22
270.0;30;56;21;62;144;54;23;55;25
276.0;29;52;21;60;145;53;24;60;26
282.0;30;51;24;60;145;57;22;58;23
288.0;31;48;24;57;148;57;23;59;23
294.0;29;47;24;53;150;54;27;63;23
300.0;31;48;26;53;151;55;26;60;20
306.0;31;48;22;53;150;56;25;61;24
312.0;34;46;25;48;154;55;28;60;20
318.0;34;44;24;53;155;55;25;62;18
324.0;33;44;21;52;162;51;24;63;20
330.0;33;43;19;52;164;50;24;63;22
336.0;35;48;21;51;162;50;23;56;24
342.0;37;49;26;51;161;49;21;51;25
348.0;36;52;24;53;163;46;20;48;28
354.0;32;51;27;54;164;47;19;50;26
360.0;33;51;26;52;167;53;18;44;26
366.0;28;53;28;53;166;50;21;45;26
372.0;30;53;27;60;164;52;18;43;23
378.0;27;53;28;62;166;52;18;42;22
384.0;23;53;31;62;167;50;17;42;25
390.0;22;51;28;59;171;51;18;43;27
396.0;25;49;27;58;171;52;19;43;26
402.0;24;48;26;58;170;55;22;42;25
408.0;22;49;26;59;173;51;24;41;25
414.0;21;50;25;59;174;51;21;45;24
420.0;20;47;26;57;176;51;22;46;25
426.0;21;48;26;61;175;49;24;44;22
432.0;22;50;23;56;177;53;24;43;22
438.0;24;54;23;58;177;53;22;38;21
444.0;21;56;25;57;181;52;21;39;18
450.0;19;60;23;57;181;49;22;41;18
456.0;17;62;22;55;182;44;22;44;22
462.0;16;61;22;56;185;43;19;45;23
468.0;15;60;23;55;188;42;20;46;21
474.0;14;61;26;54;189;42;19;43;22
480.0;17;66;26;56;188;42;17;41;17
486.0;19;64;27;56;186;42;17;42;17
492.0;18;62;27;57;186;44;17;43;16
498.0;22;61;24;56;186;45;15;44;17
504.0;21;61;23;55;186;44;16;46;18
510.0;20;58;26;54;188;46;16;45;17
516.0;18;57;24;56;189;46;16;46;18
522.0;20;55;24;57;190;45;14;46;19
528.0;19;55;26;57;191;41;16;46;19
534.0;22;55;26;57;191;42;14;44;19
540.0;26;52;27;54;190;43;17;43;18
546.0;27;53;22;51;192;44;19;44;18
552.0;26;52;27;50;192;44;19;42;18
558.0;28;52;26;50;194;43;16;43;18
564.0;28;50;25;49;192;45;17;46;18
570.0;26;50;27;50;190;45;20;45;17
576.0;22;50;25;50;193;45;20;47;18
582.0;22;46;29;46;194;45;19;47;22
588.0;24;46;29;43;195;48;17;44;24
594.0;23;47;28;44;194;46;20;45;23
600.0;20;49;27;43;196;48;19;42;26
606.0;21;49;25;43;194;49;21;40;28
612.0;18;49;27;43;199;46;22;38;28
618.0;18;51;24;44;202;48;19;36;28
624.0;17;48;24;45;204;52;19;36;25
630.0;19;48;24;44;203;48;20;37;27
636.0;18;48;21;45;203;51;21;39;24
642.0;16;47;23;43;205;50;18;40;28
648.0;18;49;23;43;201;49;17;40;30
654.0;21;47;24;40;205;48;15;42;28
660.0;21;48;24;38;204;45;19;42;29
666.0;24;47;21;35;205;44;22;43;29
672.0;15;50;21;33;208;46;24;46;27
678.0;17;50;22;32;209;45;22;46;27
684.0;15;48;21;33;209;48;24;49;23
690.0;16;47;25;34;207;50;19;47;25
696.0;18;46;20;33;208;52;18;47;28
702.0;19;45;19;35;210;50;20;46;26
708.0;20;45;20;35;212;48;17;47;26
714.0;18;42;21;35;211;47;15;51;30
720.0;20;40;20;34;212;48;15;51;30
726.0;21;42;16;34;213;48;17;51;28
732.0;21;41;15;34;215;47;16;54;27
738.0;21;39;16;37;214;48;16;55;24
744.0;24;39;14;37;212;49;18;53;24
750.0;26;40;14;40;211;48;19;51;21
756.0;27;39;13;41;211;49;18;49;23
762.0;26;40;13;42;210;50;17;49;23
768.0;24;40;17;41;211;50;18;46;23
774.0;23;37;18;39;209;54;19;49;22
780.0;21;39;21;40;210;52;17;52;18
786.0;19;41;22;39;216;48;17;49;19
792.0;23;42;21;40;215;45;17;49;18
798.0;25;44;19;39;217;45;17;47;17
804.0;22;45;19;38;216;49;16;48;17
810.0;23;49;21;38;213;44;17;47;18
816.0;23;46;23;38;214;47;16;47;16
822.0;24;45;23;39;214;47;14;50;14
828.0;26;43;24;41;214;46;14;48;14
834.0;27;41;23;40;214;46;18;46;15
840.0;26;43;21;40;215;46;19;45;15
846.0;25;43;22;41;214;45;17;47;16
852.0;22;44;23;43;211;47;19;42;19
858.0;20;45;25;43;210;45;21;44;17
864.0;19;48;25;46;210;44;16;45;17
870.0;17;48;23;45;210;43;18;44;22
876.0;16;50;23;43;208;39;23;43;25
882.0;16;51;25;44;209;38;20;45;22
888.0;17;50;23;44;208;40;17;49;22
894.0;17;48;23;43;209;42;20;49;19
900.0;16;48;24;43;209;45;20;48;17
906.0;19;47;24;43;204;49;20;45;19
912.0;20;46;23;41;205;49;17;47;22
918.0;21;46;24;40;207;46;18;48;20
924.0;22;45;20;38;209;48;20;48;20
930.0;23;44;18;38;207;47;22;48;23
936.0;20;45;20;38;204;48;22;49;24
942.0;20;46;22;39;203;47;20;48;25
948.0;21;46;24;40;202;42;22;48;25
954.0;20;43;24;44;201;42;22;48;26
960.0;18;44;25;47;199;40;22;50;25
966.0;20;43;26;45;198;42;22;49;25
972.0;22;42;25;43;196;44;21;51;26
978.0;24;39;22;43;198;44;22;53;25
984.0;25;39;20;40;202;44;21;54;25
990.0;21;38;21;45;202;45;21;51;26
996.0;19;38;21;44;204;48;19;50;27
1002.0;17;39;26;44;201;49;19;46;29
1008.0;17;37;28;44;204;45;21;46;28
1014.0;18;40;29;46;204;48;17;44;24
1020.0;16;38;25;47;207;53;17;44;23
1026.0;21;38;23;48;203;51;17;44;25
1032.0;18;41;24;50;201;48;19;44;25
1038.0;17;42;26;45;202;47;21;46;24
1044.0;15;40;25;45;204;50;21;46;24
1050.0;19;40;24;46;206;49;15;47;24
1056.0;20;41;23;46;203;55;13;46;23
1062.0;17;46;21;46;205;50;15;45;25
1068.0;19;45;19;46;207;45;19;46;24
1074.0;20;42;20;47;208;46;18;48;21
1080.0;20;45;18;49;208;44;18;47;21
1086.0;17;46;16;51;209;47;16;47;21
1092.0;20;48;17;48;208;47;17;46;19
1098.0;19;49;19;47;208;44;21;44;19
1104.0;21;48;19;47;209;42;21;46;17
1110.0;19;47;17;48;210;42;23;45;19
1116.0;18;44;15;53;209;44;24;44;19
1122.0;24;41;19;51;204;41;27;43;20
1128.0;25;42;21;51;203;40;26;42;20
1134.0;26;42;26;51;203;40;24;39;19
1140.0;25;40;23;51;203;42;24;43;19
1146.0;23;37;21;53;202;43;25;44;22
1152.0;26;35;19;54;203;45;24;45;19
1158.0;25;38;19;54;206;43;23;42;20
1164.0;23;36;20;55;209;43;25;39;20
1170.0;25;39;19;51;210;42;23;40;21
1176.0;24;39;22;48;207;40;22;44;24
1182.0;25;36;20;47;210;37;24;48;23
1188.0;24;37;20;47;211;39;22;48;22
1194.0;22;39;17;46;213;40;23;51;19
1200.0;21;36;19;44;215;38;27;50;20
1206.0;20;34;22;46;214;40;26;49;19
1212.0;19;36;22;47;214;43;21;51;17
1218.0;19;40;22;49;213;44;19;50;14
1224.0;19;40;23;49;212;44;17;52;14
1230.0;23;39;23;48;213;40;22;50;12
1236.0;20;37;21;49;215;38;27;52;11
1242.0;18;39;19;49;212;38;29;49;17
1248.0;22;38;17;46;214;42;29;45;17
1254.0;20;37;17;47;214;43;30;47;15
1260.0;16;40;17;49;213;41;31;47;16
1266.0;18;40;19;45;215;40;31;47;15
1272.0;17;42;19;44;216;40;28;49;15
1278.0;16;39;21;43;215;41;28;48;19
1284.0;20;40;22;40;213;43;26;48;18
1290.0;19;38;23;41;214;43;24;45;23
1296.0;20;40;22;41;216;43;23;41;24
1302.0;18;40;23;42;213;43;25;43;23
1308.0;17;39;28;45;213;43;25;41;19
1314.0;19;41;29;43;211;44;23;41;19
1320.0;18;41;26;43;213;43;24;43;19
1326.0;18;42;24;39;217;45;20;42;23
1332.0;22;42;23;41;217;44;18;41;22
1338.0;26;42;24;41;217;42;19;39;20
1344.0;24;43;23;40;217;44;19;40;20
1350.0;24;45;22;38;218;43;16;40;24
1356.0;24;50;23;35;215;42;16;40;25
1362.0;24;52;22;34;214;38;16;43;27
1368.0;19;51;22;33;214;40;20;46;25
1374.0;15;52;24;32;214;43;18;48;24
1380.0;18;51;22;34;213;40;19;47;26
1386.0;18;53;20;35;213;40;18;49;24
1392.0;18;55;21;33;214;41;16;50;22
1398.0;18;54;22;31;212;45;14;52;22
1404.0;14;54;24;32;212;48;13;50;23
1410.0;15;53;23;35;210;48;13;49;24
1416.0;11;58;20;35;211;49;17;45;24
1422.0;11;55;19;35;212;52;18;46;22
1428.0;13;56;18;35;210;52;21;46;19
1434.0;16;53;17;37;210;51;19;45;22
1440.0;17;51;22;38;211;48;21;44;18
1446.0;19;49;23;39;211;47;20;45;17
1452.0;19;48;27;41;211;45;17;44;18
1458.0;17;47;27;40;214;45;15;46;19
1464.0;19;47;28;37;213;42;15;45;24
1470.0;20;49;27;36;211;45;16;46;20
1476.0;20;47;30;32;213;46;16;48;18
1482.0;22;47;30;35;213;44;17;44;18
1488.0;24;49;28;34;218;39;21;41;16
1494.0;24;49;31;34;219;39;20;40;14
1500.0;27;45;35;35;220;41;17;37;13
1506.0;28;44;31;34;220;43;17;38;15
1512.0;26;43;31;34;223;41;20;36;16
1518.0;26;45;30;34;222;42;19;36;16
1524.0;29;47;27;32;221;43;17;36;18
1530.0;28;48;25;33;220;43;19;34;20
1536.0;27;49;25;35;220;43;19;36;16
1542.0;29;48;24;38;217;42;19;37;16
1548.0;29;46;22;40;217;40;23;37;16
1554.0;27;46;23;41;217;41;24;36;15
1560.0;27;45;22;44;215;41;24;39;13
1566.0;27;43;23;44;215;41;23;38;16
1572.0;29;46;24;42;209;45;26;34;15
1578.0;28;45;23;43;211;46;28;31;15
1584.0;27;44;25;44;212;43;27;30;18
1590.0;27;44;27;41;209;47;25;33;17
1596.0;27;47;25;41;210;48;24;31;17
1602.0;27;49;23;43;207;52;23;31;15
1608.0;23;53;23;43;208;51;25;31;13
1614.0;25;53;22;43;204;52;26;30;15
1620.0;29;49;22;43;203;53;26;30;15
1626.0;27;47;24;48;207;48;25;29;15
1632.0;28;45;24;47;208;46;26;28;18
1638.0;28;43;23;46;206;48;29;27;20
1644.0;22;44;20;45;208;49;29;30;23
1650.0;21;48;18;43;209;51;27;31;22
1656.0;21;51;15;45;207;46;27;32;26
1662.0;20;54;15;45;207;45;25;34;25
1668.0;22;56;15;41;208;44;25;34;25
1674.0;24;54;12;43;206;50;23;35;23
1680.0;23;54;13;42;205;47;25;39;22
1686.0;26;55;14;41;205;45;26;39;19
1692.0;25;53;14;43;207;41;26;42;19
1698.0;25;55;13;43;209;40;26;40;19
1704.0;25;52;14;45;204;42;24;41;23
1710.0;22;50;17;45;211;41;21;37;26
1716.0;20;48;17;45;212;45;19;39;25
1722.0;23;46;16;47;211;46;21;39;21
1728.0;24;41;16;49;212;46;24;39;19
1734.0;21;44;18;51;208;47;25;39;17
1740.0;18;45;20;51;208;47;26;40;15
1746.0;16;46;22;52;209;46;22;43;14
1752.0;17;49;20;54;211;44;19;43;13
1758.0;16;51;19;52;212;43;21;44;12
1764.0;18;50;19;51;212;44;19;47;10
1770.0;17;48;19;55;210;44;20;47;10
1776.0;18;44;20;58;206;41;24;46;13
1782.0;15;44;20;60;204;42;23;47;15
1788.0;14;45;21;59;203;43;21;48;16
1794.0;14;48;22;58;204;43;21;47;13
