#auto generated file!
12.0;5;11;14;21;8;9;5;17;10
18.0;4;13;13;21;11;8;5;16;9
24.0;4;13;13;19;11;8;6;16;10
30.0;4;14;14;17;12;9;6;15;9
36.0;4;14;12;16;13;9;7;15;10
42.0;6;14;12;13;14;10;7;15;9
48.0;7;13;13;15;14;9;6;13;10
54.0;7;13;13;15;14;9;5;14;10
60.0;6;12;13;12;15;11;7;15;9
66.0;6;12;12;12;17;11;7;15;8
72.0;7;12;12;11;18;13;6;14;7
78.0;7;12;12;11;18;13;7;14;6
84.0;6;13;8;12;18;13;8;15;7
90.0;6;12;9;13;19;12;6;15;8
96.0;6;12;9;13;18;12;6;15;9
102.0;5;13;10;12;19;13;6;14;8
108.0;3;13;10;14;20;14;5;13;8
114.0;4;13;11;13;20;14;5;12;8
120.0;5;11;9;16;22;12;6;13;6
126.0;5;11;8;17;22;12;6;13;6
132.0;6;14;6;17;23;12;5;12;5
138.0;5;14;5;18;23;13;4;14;4
144.0;5;14;6;17;24;11;4;15;4
150.0;5;16;6;16;24;10;5;14;4
156.0;4;15;5;16;25;10;6;15;4
162.0;4;14;4;15;27;11;6;14;5
168.0;4;14;4;14;28;11;6;13;6
174.0;3;12;3;17;28;11;6;15;5
180.0;3;12;2;17;29;12;5;14;6
186.0;3;11;2;17;29;10;4;17;7
192.0;5;9;3;18;28;10;6;14;7
198.0;4;8;3;20;27;10;6;15;7
204.0;3;8;2;19;30;10;6;15;7
210.0;4;8;3;17;30;11;6;14;7
216.0;6;8;4;16;30;12;6;12;6
222.0;5;7;4;15;32;12;6;13;6
228.0;5;7;4;16;32;11;5;14;6
234.0;4;8;3;16;33;11;5;14;6
240.0;3;9;4;15;34;10;4;15;6
246.0;3;9;4;16;33;11;4;14;6
252.0;5;9;4;14;33;10;5;14;6
258.0;5;8;4;14;34;11;5;13;6
264.0;4;8;5;12;34;11;6;14;6
270.0;6;7;4;12;35;10;5;14;7
276.0;6;7;4;12;35;10;4;14;8
282.0;6;7;4;14;35;11;4;12;7
288.0;4;7;3;14;35;12;6;12;7
294.0;4;8;2;13;37;12;5;13;6
300.0;4;8;2;13;36;12;6;13;6
306.0;4;8;2;13;36;12;6;13;6
312.0;4;9;3;14;37;11;6;10;6
318.0;4;10;3;14;35;12;5;11;6
324.0;5;10;3;13;37;11;5;11;5
330.0;5;8;4;14;37;10;5;11;6
336.0;6;8;3;14;37;10;5;11;6
342.0;7;8;3;14;37;10;5;10;6
348.0;7;9;4;13;36;12;5;9;5
354.0;8;9;4;12;36;12;5;8;6
360.0;9;11;2;11;35;14;5;7;6
366.0;11;11;3;10;35;14;4;7;5
372.0;9;11;4;9;37;14;4;7;5
378.0;9;11;4;9;37;14;4;8;4
384.0;8;12;3;9;37;15;4;8;4
390.0;8;12;5;9;35;14;3;9;5
396.0;8;13;5;10;36;12;5;8;3
402.0;9;11;6;10;36;12;6;7;3
408.0;8;11;6;10;36;12;6;8;3
414.0;7;13;5;11;36;11;6;8;3
420.0;8;13;6;11;36;9;5;9;3
426.0;6;13;7;12;36;9;6;8;3
432.0;7;14;6;11;35;9;8;7;3
438.0;8;13;4;13;35;7;7;9;4
444.0;9;13;5;13;34;8;7;8;3
450.0;8;12;5;13;35;10;7;7;3
456.0;8;13;4;13;33;12;6;7;4
462.0;7;14;4;13;33;11;7;7;4
468.0;7;15;4;12;33;11;7;7;4
474.0;6;14;4;12;34;12;7;7;4
480.0;6;13;4;13;34;12;6;7;5
486.0;3;14;6;12;34;13;6;7;5
492.0;2;13;6;12;34;13;10;6;4
498.0;3;12;6;11;35;12;9;7;5
504.0;4;13;4;11;36;13;9;8;2
510.0;5;13;4;12;36;13;10;6;1
516.0;8;12;3;12;37;14;10;4;0
522.0;8;11;3;12;37;15;10;4;0
528.0;9;11;3;12;37;15;9;4;0
534.0;7;10;6;13;36;14;10;4;0
540.0;7;10;5;13;35;14;11;4;1
546.0;7;10;5;13;35;13;9;5;3
552.0;7;10;6;12;35;12;7;7;4
558.0;7;11;8;11;35;9;7;8;4
564.0;8;11;7;11;35;10;7;7;4
570.0;5;11;7;11;36;10;9;7;4
576.0;6;11;4;12;38;10;8;7;4
582.0;6;12;4;10;38;11;6;8;5
588.0;6;12;4;12;38;11;5;7;5
594.0;6;12;4;15;39;6;5;8;5
600.0;5;14;3;15;38;6;6;9;4
606.0;6;13;3;14;38;6;7;10;3
612.0;6;11;3;13;39;6;9;10;3
618.0;7;11;2;13;38;6;9;10;4
624.0;7;10;2;13;36;5;11;12;4
630.0;7;10;2;13;37;5;10;13;3
636.0;6;9;2;15;38;5;10;13;2
642.0;6;11;4;14;38;5;9;11;2
648.0;7;10;5;14;38;5;9;11;1
654.0;6;12;4;15;37;5;7;12;2
660.0;6;13;4;15;38;6;5;11;2
666.0;5;13;4;15;38;6;7;10;2
672.0;3;14;4;15;39;7;6;10;2
678.0;3;15;4;14;41;7;5;10;1
684.0;2;15;4;14;42;7;4;11;1
690.0;3;16;4;13;41;7;4;11;1
696.0;5;15;3;13;41;7;4;11;1
702.0;5;15;3;13;42;7;5;10;0
708.0;4;13;3;14;42;6;6;12;0
714.0;4;15;3;13;42;5;4;13;1
720.0;4;16;3;12;41;7;4;12;1
726.0;3;15;4;13;41;7;3;13;1
732.0;3;13;4;13;42;7;5;13;0
738.0;2;14;4;13;42;7;5;13;0
744.0;4;13;3;12;42;7;6;13;0
750.0;5;13;2;12;44;8;4;12;0
756.0;6;12;2;12;43;8;4;13;0
762.0;6;11;2;12;43;9;4;13;0
768.0;7;11;2;12;43;10;3;11;1
774.0;5;10;3;12;41;12;3;12;2
780.0;6;10;4;10;41;13;3;12;1
786.0;6;9;4;9;43;13;4;11;1
792.0;6;8;3;8;43;16;5;10;1
798.0;6;8;3;8;43;16;5;10;1
804.0;7;10;2;7;43;14;6;10;1
810.0;8;10;2;8;41;14;6;9;2
816.0;7;9;3;7;41;14;6;11;2
822.0;9;9;5;6;40;13;5;10;3
828.0;9;9;4;6;41;12;5;11;3
834.0;9;7;6;7;40;11;5;11;4
840.0;9;7;6;6;40;10;6;12;4
846.0;11;7;6;6;40;9;4;13;4
852.0;10;8;7;6;39;9;3;13;5
858.0;8;7;7;7;39;10;3;13;6
864.0;5;8;7;7;40;9;3;15;6
870.0;6;9;6;7;40;9;3;15;5
876.0;5;7;7;7;41;10;3;16;4
882.0;6;7;7;8;41;10;2;15;4
888.0;5;7;8;8;41;10;2;14;5
894.0;4;7;8;8;39;10;2;15;7
900.0;4;7;8;7;41;10;2;15;6
906.0;5;7;7;6;41;11;2;16;5
912.0;5;7;8;5;43;11;2;16;3
918.0;5;7;8;4;43;11;2;17;3
924.0;6;7;7;8;42;11;2;15;2
930.0;6;7;4;8;43;12;2;16;2
936.0;6;8;4;8;43;12;2;15;2
942.0;6;7;4;8;43;13;3;14;2
948.0;7;7;3;8;45;11;3;14;2
954.0;7;6;2;10;45;11;4;13;2
960.0;7;5;3;10;45;11;4;13;2
966.0;6;6;5;9;45;9;5;12;3
972.0;7;6;6;9;44;8;5;12;3
978.0;6;6;8;8;44;10;4;12;2
984.0;6;5;7;8;43;10;4;14;3
990.0;6;5;6;7;43;11;3;16;3
996.0;6;5;7;8;42;11;2;16;3
1002.0;4;5;7;8;42;12;3;16;3
1008.0;5;4;6;8;42;11;3;17;4
1014.0;4;4;6;10;40;11;4;17;4
1020.0;4;5;6;10;39;11;4;18;3
1026.0;4;6;6;10;40;9;4;16;5
1032.0;3;7;6;9;41;9;4;16;5
1038.0;3;8;6;10;40;10;4;15;4
1044.0;4;9;6;9;39;9;4;14;6
1050.0;4;9;6;7;41;10;5;14;4
1056.0;5;11;6;8;42;7;5;13;3
1062.0;5;11;6;9;44;7;5;12;1
1068.0;5;12;5;9;44;7;4;12;2
1074.0;5;13;5;9;43;6;5;11;3
1080.0;5;15;4;9;41;6;4;12;4
1086.0;6;15;4;9;40;6;4;12;4
1092.0;7;15;4;9;40;6;4;11;4
1098.0;7;16;4;9;40;6;4;11;3
1104.0;9;15;5;8;39;4;5;11;4
1110.0;8;15;5;8;39;5;5;10;5
1116.0;5;16;6;7;41;5;4;10;6
1122.0;5;16;4;9;42;5;4;10;5
1128.0;5;16;4;9;42;5;4;10;5
1134.0;6;16;2;10;42;5;3;11;5
1140.0;5;15;2;8;43;6;4;12;5
1146.0;4;16;3;7;43;6;5;11;5
1152.0;4;16;3;7;42;6;4;13;5
1158.0;3;14;4;6;43;6;5;13;6
1164.0;3;11;5;6;44;7;5;13;6
1170.0;3;10;5;8;45;9;4;10;6
1176.0;3;10;5;9;45;9;4;9;6
1182.0;5;8;5;9;45;9;3;10;6
1188.0;5;10;5;8;45;9;3;11;4
1194.0;4;10;5;9;45;9;3;10;5
1200.0;4;10;4;11;45;9;4;9;4
1206.0;5;11;3;11;46;9;4;7;4
1212.0;5;10;3;14;46;8;3;8;3
1218.0;3;11;4;14;46;7;3;9;3
1224.0;3;12;4;14;46;6;2;9;4
1230.0;3;11;3;13;46;6;2;8;8
1236.0;4;12;3;14;45;4;1;8;9
1242.0;5;11;4;14;44;6;0;8;8
1248.0;5;12;5;14;44;5;1;7;7
1254.0;6;14;4;14;43;5;1;6;7
1260.0;7;15;3;12;43;6;1;5;8
1266.0;7;15;4;12;43;6;1;5;7
1272.0;6;16;5;14;43;3;1;5;7
1278.0;6;16;5;14;43;3;2;5;6
1284.0;5;14;5;14;46;3;3;5;5
1290.0;5;14;4;15;46;3;2;5;6
1296.0;5;14;4;16;46;3;2;4;6
1302.0;6;13;5;15;46;3;2;5;5
1308.0;6;12;5;16;46;3;2;5;5
1314.0;6;13;5;13;46;3;4;5;5
1320.0;6;15;4;12;46;3;4;5;5
1326.0;8;13;5;12;47;2;4;4;5
1332.0;7;11;6;11;47;3;5;4;6
1338.0;5;11;7;11;46;3;5;5;7
1344.0;5;11;9;10;45;1;6;7;6
1350.0;5;11;7;10;46;2;7;7;5
1356.0;4;11;6;10;46;2;7;7;7
1362.0;4;10;6;8;46;3;8;9;6
1368.0;3;11;6;8;46;3;9;9;5
1374.0;4;11;5;9;46;3;8;9;5
1380.0;5;10;5;8;46;3;8;11;4
1386.0;4;10;6;9;45;3;9;11;3
1392.0;3;9;8;10;47;4;7;10;2
1398.0;3;9;6;10;47;4;9;10;2
1404.0;2;9;7;10;47;3;8;12;2
1410.0;2;9;6;10;47;4;8;12;2
1416.0;1;11;5;9;46;5;7;14;2
1422.0;2;11;5;9;46;5;6;14;2
1428.0;2;11;5;9;46;5;6;13;3
1434.0;3;10;5;9;46;5;6;12;4
1440.0;2;10;6;10;46;5;6;11;4
1446.0;2;9;6;10;46;6;5;12;4
1452.0;2;8;5;11;47;5;4;13;5
1458.0;2;8;5;11;45;5;5;14;5
1464.0;3;7;4;12;46;5;5;13;5
1470.0;2;7;4;12;46;5;5;13;6
1476.0;3;7;4;12;47;5;5;12;5
1482.0;4;7;5;11;48;5;4;11;5
1488.0;4;7;5;11;48;5;5;10;5
1494.0;4;6;5;12;48;6;5;9;5
1500.0;4;7;4;13;47;8;5;8;4
1506.0;5;8;4;13;47;8;4;8;3
1512.0;4;8;3;12;48;9;5;8;3
1518.0;2;8;3;12;48;9;5;9;4
1524.0;2;8;2;12;50;9;5;8;4
1530.0;3;7;2;12;50;8;6;8;4
1536.0;2;9;2;13;49;7;5;8;5
1542.0;1;9;4;15;50;7;4;7;3
1548.0;1;9;4;14;51;7;4;7;3
1554.0;1;9;4;15;51;6;5;7;2
1560.0;2;8;4;16;51;6;5;6;2
1566.0;2;8;4;16;51;6;6;4;3
1572.0;2;8;3;16;51;6;7;4;3
1578.0;2;7;4;15;51;6;8;4;3
1584.0;3;6;5;14;51;6;7;4;4
1590.0;3;7;5;14;51;6;6;4;4
1596.0;2;7;5;12;52;7;5;6;4
1602.0;2;7;5;11;52;8;4;7;4
1608.0;2;8;5;10;51;8;4;7;5
1614.0;2;7;6;9;51;9;4;7;5
1620.0;4;7;6;10;49;9;5;7;3
1626.0;4;7;7;9;49;8;7;7;2
1632.0;4;7;8;8;49;8;8;5;3
1638.0;4;7;9;8;50;7;7;5;3
1644.0;5;7;7;9;52;7;6;3;4
1650.0;5;7;7;9;52;7;6;3;4
1656.0;4;8;8;11;52;6;5;3;3
1662.0;2;8;9;11;51;7;7;2;3
1668.0;3;8;8;12;50;7;7;2;3
1674.0;4;7;9;13;51;6;4;2;4
1680.0;5;6;6;12;52;6;4;5;4
1686.0;5;6;6;11;53;5;5;5;4
1692.0;4;7;6;10;53;6;6;3;5
1698.0;6;6;7;10;50;6;7;3;5
1704.0;7;6;8;8;47;5;7;4;8
1710.0;8;6;5;8;47;7;6;5;8
1716.0;7;6;6;8;48;6;6;5;8
1722.0;8;6;6;8;48;7;4;5;8
1728.0;9;7;5;7;47;7;6;5;7
1734.0;8;7;6;7;46;8;6;5;7
1740.0;7;7;6;8;45;8;7;4;8
1746.0;7;8;6;8;42;10;8;4;7
1752.0;7;8;5;8;42;11;7;5;7
1758.0;5;8;5;8;42;11;7;7;7
1764.0;5;8;5;7;41;12;8;7;7
1770.0;5;8;5;7;41;11;10;8;5
1776.0;4;9;5;8;42;9;8;10;5
1782.0;6;8;6;8;42;9;6;10;5
1788.0;5;8;6;10;43;9;6;9;4
1794.0;6;9;6;10;43;8;6;9;3
