#auto generated file!
12.0;47;49;51;49;47;45;43;52;57
18.0;47;47;48;51;48;50;41;52;56
24.0;44;46;45;55;52;49;39;55;55
30.0;46;44;41;55;54;50;40;54;56
36.0;48;43;42;57;54;50;40;55;51
42.0;44;44;39;59;53;53;40;58;50
48.0;42;47;38;62;55;54;36;58;48
54.0;42;49;36;67;58;50;33;55;50
60.0;40;45;37;66;60;51;35;57;49
66.0;39;47;36;62;63;51;34;61;47
72.0;37;49;34;60;65;49;33;65;48
78.0;40;51;34;60;68;47;32;63;45
84.0;42;48;33;60;72;49;33;63;40
90.0;39;46;31;65;72;49;31;65;42
96.0;45;47;33;67;71;50;26;61;40
102.0;41;46;34;66;73;52;29;63;36
108.0;43;46;31;65;74;54;26;63;38
114.0;44;45;31;66;74;52;26;65;37
120.0;39;45;32;65;78;54;29;61;37
126.0;39;47;28;66;79;52;30;61;38
132.0;34;47;26;65;79;55;30;62;42
138.0;31;46;27;68;82;56;30;62;38
144.0;31;48;25;70;80;55;29;63;39
150.0;30;50;23;67;85;57;25;66;37
156.0;27;55;22;64;86;58;25;65;38
162.0;26;56;19;64;89;58;23;70;35
168.0;24;57;18;62;92;61;23;66;37
174.0;26;54;18;62;94;60;24;64;38
180.0;27;46;19;63;92;62;28;70;33
186.0;27;47;21;61;94;66;26;69;29
192.0;28;46;20;58;93;68;28;70;29
198.0;28;41;22;56;95;66;32;73;27
204.0;29;42;25;56;96;63;31;74;24
210.0;29;41;24;57;97;65;32;72;23
216.0;27;43;23;57;99;63;30;74;24
222.0;25;43;30;56;96;66;25;75;24
228.0;27;42;31;55;96;65;24;73;27
234.0;24;44;31;56;96;67;25;73;24
240.0;24;46;33;56;96;63;20;76;26
246.0;23;46;33;53;96;64;20;77;28
252.0;24;48;34;53;97;65;17;75;27
258.0;24;43;35;55;99;65;18;77;24
264.0;24;41;38;56;100;67;17;77;20
270.0;27;43;33;57;102;65;17;72;24
276.0;29;47;33;53;105;63;16;72;22
282.0;29;48;30;52;103;64;17;71;26
288.0;25;44;33;54;103;66;16;73;26
294.0;31;46;33;55;104;63;16;68;24
300.0;32;46;33;55;105;64;15;68;22
306.0;32;46;35;55;105;62;16;64;25
312.0;30;47;35;51;106;60;20;61;30
318.0;31;48;35;52;109;58;19;58;30
324.0;31;47;31;55;109;59;20;57;31
330.0;26;44;35;56;111;62;22;55;29
336.0;26;44;34;51;115;65;21;53;31
342.0;26;45;36;52;118;67;18;50;28
348.0;25;41;32;51;121;65;22;53;30
354.0;26;43;29;52;123;64;23;50;30
360.0;27;44;33;51;125;63;20;49;28
366.0;27;46;31;51;123;67;19;49;27
372.0;34;44;28;50;125;66;21;45;27
378.0;38;44;27;47;127;62;22;43;30
384.0;36;44;28;47;131;60;21;41;32
390.0;33;45;29;46;134;59;20;43;31
396.0;31;44;30;45;136;57;18;45;34
402.0;30;45;28;43;136;55;24;43;36
408.0;30;44;29;46;137;50;29;40;35
414.0;29;41;30;47;136;53;33;41;30
420.0;28;43;30;48;136;50;32;40;33
426.0;27;46;29;46;136;52;35;42;27
432.0;27;47;26;45;137;50;42;40;26
438.0;31;47;26;43;137;53;42;37;24
444.0;30;50;25;47;136;51;41;36;24
450.0;31;48;30;46;138;53;35;33;26
456.0;27;50;29;46;138;53;35;36;26
462.0;25;50;25;44;140;56;33;39;28
468.0;27;49;26;44;139;56;30;41;28
474.0;24;49;27;44;142;56;32;41;25
480.0;24;51;26;44;141;55;32;44;23
486.0;21;50;26;46;143;56;31;43;24
492.0;19;50;25;46;147;58;29;41;25
498.0;20;45;25;45;149;57;32;41;26
504.0;19;46;24;46;151;60;31;42;21
510.0;20;45;23;43;159;60;29;41;20
516.0;21;44;20;41;162;60;31;39;22
522.0;18;46;19;41;164;58;33;39;22
528.0;18;47;16;39;169;55;33;40;23
534.0;16;49;16;38;170;53;34;42;22
540.0;19;50;18;39;171;50;30;40;23
546.0;18;51;19;39;169;51;29;41;23
552.0;18;47;21;40;170;50;24;44;26
558.0;18;48;24;39;173;48;23;45;22
564.0;18;48;22;36;173;48;23;48;24
570.0;20;47;20;36;174;48;22;49;24
576.0;18;48;22;36;174;49;21;47;25
582.0;21;48;21;34;174;51;20;43;28
588.0;21;43;19;34;176;51;21;49;26
594.0;20;42;23;38;177;51;19;42;28
600.0;24;43;23;37;178;51;19;42;23
606.0;24;44;25;34;177;53;17;41;25
612.0;21;41;25;36;177;56;17;44;23
618.0;21;42;26;38;175;55;16;44;23
624.0;23;43;29;39;176;52;12;44;22
630.0;21;47;26;37;177;46;17;48;21
636.0;20;45;27;37;178;45;16;50;22
642.0;19;46;29;38;177;44;17;49;21
648.0;18;45;29;38;176;46;20;46;22
654.0;18;41;28;39;175;48;23;49;19
660.0;17;42;26;39;177;49;21;48;21
666.0;21;39;28;41;175;50;20;50;16
672.0;23;37;28;42;177;49;20;48;16
678.0;24;39;25;43;178;49;21;42;19
684.0;25;40;24;43;179;48;21;44;16
690.0;23;40;24;43;177;46;24;46;17
696.0;23;41;26;45;172;47;21;47;18
702.0;23;38;24;47;173;46;22;47;20
708.0;23;37;23;50;171;46;22;47;21
714.0;23;34;25;49;170;48;23;49;19
720.0;24;33;25;49;172;49;22;50;16
726.0;25;32;26;50;172;49;21;48;17
732.0;22;33;28;47;172;47;22;50;19
738.0;24;30;26;46;171;44;25;51;23
744.0;24;30;24;43;172;43;25;53;26
750.0;22;31;26;38;172;44;23;58;26
756.0;21;28;27;39;172;46;26;57;24
762.0;22;27;24;42;172;48;26;56;23
768.0;20;31;21;39;177;47;26;58;21
774.0;19;35;19;38;174;49;26;56;24
780.0;20;38;17;39;174;48;29;51;24
786.0;24;36;18;40;176;46;27;50;23
792.0;23;39;19;39;174;46;25;49;26
798.0;25;35;20;40;177;43;23;53;24
804.0;27;37;20;40;177;43;25;51;20
810.0;24;39;21;42;176;45;26;47;20
816.0;26;41;20;39;174;51;27;42;20
822.0;27;41;19;43;172;52;25;41;20
828.0;26;44;21;42;171;51;23;43;19
834.0;26;44;21;46;172;50;21;45;15
840.0;24;42;19;47;171;53;20;44;20
846.0;25;44;20;46;170;51;20;46;18
852.0;26;44;21;44;171;53;19;46;16
858.0;28;43;21;43;170;52;21;47;15
864.0;27;46;19;41;173;49;23;48;14
870.0;25;48;20;41;173;49;21;47;16
876.0;30;45;20;43;174;46;22;47;13
882.0;30;43;21;43;177;43;24;46;13
888.0;29;41;20;46;178;48;21;47;10
894.0;26;38;25;46;178;47;23;46;11
900.0;26;38;23;46;178;48;22;48;11
906.0;26;38;23;45;180;49;24;47;8
912.0;27;38;23;40;182;48;25;45;12
918.0;26;39;25;39;183;45;24;45;14
924.0;25;39;28;40;180;47;19;48;14
930.0;26;43;26;41;176;45;21;48;14
936.0;26;46;23;39;177;45;22;47;15
942.0;25;46;22;42;178;47;20;46;14
948.0;24;47;24;40;179;47;20;44;15
954.0;21;50;24;42;179;43;18;44;19
960.0;22;47;23;43;180;46;21;41;17
966.0;21;46;22;43;177;50;20;41;20
972.0;21;48;20;43;179;50;19;42;18
978.0;21;49;23;45;179;47;17;43;16
984.0;16;49;20;49;180;46;17;43;20
990.0;17;47;21;48;181;43;19;44;20
996.0;18;47;22;47;180;45;18;43;20
1002.0;18;47;25;46;182;44;17;42;19
1008.0;18;45;28;45;186;43;19;37;19
1014.0;16;46;26;46;187;44;19;35;21
1020.0;18;45;24;44;187;45;20;35;22
1026.0;17;45;21;45;191;45;18;36;22
1032.0;17;47;18;47;190;46;18;36;21
1038.0;17;49;16;46;193;48;17;34;20
1044.0;20;49;17;41;193;48;16;36;20
1050.0;25;50;16;41;189;47;14;38;20
1056.0;23;51;17;42;190;45;12;39;21
1062.0;21;54;16;41;189;47;11;39;22
1068.0;19;56;21;39;188;44;11;38;24
1074.0;21;49;19;42;189;44;13;38;25
1080.0;22;45;20;46;189;46;15;36;21
1086.0;23;43;21;50;190;40;16;34;23
1092.0;24;45;23;49;191;36;18;34;20
1098.0;24;47;23;51;188;33;18;37;19
1104.0;24;48;23;52;187;34;15;37;20
1110.0;29;46;23;57;186;34;11;34;20
1116.0;26;47;22;59;189;34;12;34;17
1122.0;30;48;21;56;189;33;13;31;19
1128.0;30;46;19;56;192;34;14;30;19
1134.0;29;47;18;57;193;35;15;28;18
1140.0;30;44;18;59;192;35;14;28;20
1146.0;31;43;17;56;193;32;19;30;19
1152.0;27;45;21;54;192;33;19;32;17
1158.0;26;47;22;51;193;30;24;30;17
1164.0;25;47;20;50;192;31;23;33;19
1170.0;25;47;21;50;189;32;23;35;18
1176.0;23;49;22;47;188;31;24;36;20
1182.0;22;51;20;44;189;33;24;37;20
1188.0;20;51;19;44;186;37;27;34;22
1194.0;20;49;24;38;186;39;28;34;22
1200.0;17;48;27;38;185;39;29;34;23
1206.0;17;47;29;39;185;38;31;33;21
1212.0;20;46;30;37;185;40;27;35;20
1218.0;19;45;30;38;183;39;30;35;21
1224.0;20;46;30;41;182;36;29;33;23
1230.0;21;47;29;42;185;36;28;33;19
1236.0;17;49;23;45;186;38;28;34;20
1242.0;16;49;22;47;186;39;27;34;20
1248.0;17;52;25;44;187;38;23;31;23
1254.0;21;54;26;43;185;37;22;31;21
1260.0;24;51;25;46;185;36;23;31;19
1266.0;25;52;24;47;186;34;22;30;20
1272.0;26;52;21;45;188;36;21;31;20
1278.0;28;52;20;48;189;34;19;33;17
1284.0;28;51;22;46;190;36;17;35;15
1290.0;30;47;22;45;189;39;16;35;17
1296.0;29;49;23;46;189;38;16;34;16
1302.0;31;49;22;45;190;41;14;35;13
1308.0;32;45;20;45;190;41;18;36;13
1314.0;31;45;22;45;188;44;16;37;12
1320.0;30;42;22;46;186;44;19;39;12
1326.0;27;41;21;46;183;41;21;45;15
1332.0;27;41;20;45;186;41;19;46;15
1338.0;26;42;20;41;186;42;21;45;17
1344.0;27;40;20;41;187;44;17;48;16
1350.0;25;41;19;42;190;41;19;48;15
1356.0;24;43;17;44;192;38;19;50;13
1362.0;27;43;15;44;191;38;18;53;11
1368.0;28;40;16;45;192;39;18;50;12
1374.0;30;40;18;42;194;39;19;49;9
1380.0;29;39;19;41;193;37;20;50;12
1386.0;26;39;19;42;199;33;18;47;17
1392.0;22;36;19;47;199;32;18;48;19
1398.0;23;36;16;46;202;32;17;48;20
1404.0;21;36;17;46;201;31;20;47;21
1410.0;20;34;15;47;203;33;18;50;20
1416.0;20;33;15;49;202;36;16;53;16
1422.0;22;32;18;48;202;33;17;51;17
1428.0;19;33;17;47;202;36;17;51;18
1434.0;20;35;17;45;203;38;19;48;15
1440.0;19;38;16;42;203;36;20;49;17
1446.0;20;36;16;42;197;40;21;50;18
1452.0;19;37;18;40;200;38;20;50;18
1458.0;16;37;16;42;202;38;18;51;20
1464.0;14;40;15;47;202;38;18;49;17
1470.0;17;37;15;47;201;39;17;50;17
1476.0;18;37;15;45;199;44;17;49;16
1482.0;19;37;16;42;199;45;19;46;17
1488.0;21;39;16;42;196;43;20;46;17
1494.0;20;39;14;42;196;47;22;45;15
1500.0;18;34;17;43;198;48;20;46;16
1506.0;21;33;16;45;199;46;16;47;17
1512.0;22;31;18;46;198;45;17;46;17
1518.0;20;31;18;43;201;47;19;47;14
1524.0;17;33;19;44;202;45;17;48;15
1530.0;15;33;20;40;202;47;18;48;17
1536.0;19;33;17;40;201;48;21;45;16
1542.0;23;33;15;39;196;48;20;45;21
1548.0;23;33;15;38;198;46;22;43;22
1554.0;24;36;15;36;197;45;22;41;24
1560.0;25;36;15;34;195;44;22;43;26
1566.0;25;39;18;34;193;44;17;44;26
1572.0;25;40;15;35;190;48;19;43;25
1578.0;22;40;16;36;193;48;18;42;25
1584.0;22;37;15;35;196;51;17;43;24
1590.0;22;36;16;35;196;48;20;42;25
1596.0;30;37;14;34;193;48;20;43;21
1602.0;27;38;15;33;194;49;19;43;22
1608.0;28;41;16;33;194;48;17;42;21
1614.0;28;42;16;32;194;47;15;45;21
1620.0;28;39;17;33;194;46;19;44;20
1626.0;29;37;19;34;193;44;20;43;21
1632.0;30;38;18;34;192;47;19;41;21
1638.0;28;37;19;35;188;45;22;43;23
1644.0;29;39;20;35;189;40;21;43;24
1650.0;24;38;19;37;189;41;24;40;28
1656.0;23;37;18;35;189;45;22;42;29
1662.0;24;36;19;38;187;44;22;41;29
1668.0;24;36;20;40;187;39;26;42;26
1674.0;22;34;21;41;190;38;25;42;27
1680.0;22;34;21;46;191;37;25;40;24
1686.0;23;35;20;47;188;41;25;39;22
1692.0;20;34;21;50;188;40;27;39;21
1698.0;22;34;20;48;193;38;26;39;20
1704.0;23;35;21;46;194;37;26;38;20
1710.0;21;30;25;47;197;34;27;40;19
1716.0;19;31;25;46;197;34;26;43;19
1722.0;21;32;26;48;194;31;23;43;22
1728.0;20;35;26;45;192;29;29;40;24
1734.0;20;35;27;43;196;31;27;38;23
1740.0;18;34;26;45;197;34;30;39;17
1746.0;17;35;26;44;196;34;29;39;20
1752.0;17;33;26;43;198;36;27;39;21
1758.0;13;35;26;42;199;37;28;39;21
1764.0;14;37;23;40;200;38;29;36;23
1770.0;15;42;23;39;197;38;27;38;21
1776.0;15;41;20;37;196;42;30;38;21
1782.0;16;42;19;36;195;42;29;39;22
1788.0;17;39;16;41;196;41;30;39;21
1794.0;17;39;16;41;197;40;27;40;23
