#auto generated file!
12.0;51;51;52;54;46;38;51;32;55
18.0;54;49;46;52;49;39;52;35;54
24.0;51;49;42;55;53;43;47;37;53
30.0;50;52;44;58;56;43;43;37;47
36.0;44;51;41;59;59;46;49;36;45
42.0;46;51;39;57;61;47;48;38;43
48.0;43;51;41;56;65;48;47;36;43
54.0;47;51;37;54;69;48;42;37;45
60.0;47;55;35;53;70;50;43;37;40
66.0;40;55;32;48;76;52;40;42;45
72.0;41;56;34;49;76;50;40;43;41
78.0;41;55;30;52;76;46;41;45;44
84.0;35;59;27;51;81;44;40;46;47
90.0;36;59;23;51;87;45;40;45;44
96.0;35;57;26;53;93;41;36;45;44
102.0;33;59;27;54;97;46;35;40;39
108.0;33;63;29;54;100;43;29;40;39
114.0;34;66;26;54;99;45;30;41;35
120.0;33;66;26;54;101;45;35;36;34
126.0;34;64;26;55;104;48;29;35;35
132.0;32;66;27;55;105;49;25;35;36
138.0;35;63;28;50;108;51;27;34;34
144.0;33;62;29;53;108;52;26;34;33
150.0;30;63;25;55;111;51;28;35;32
156.0;35;64;25;55;111;50;25;35;30
162.0;31;66;22;54;111;52;28;36;30
168.0;35;65;22;55;111;53;27;38;24
174.0;33;66;22;53;113;54;25;40;24
180.0;28;65;22;56;113;54;24;45;23
186.0;29;67;21;58;114;52;24;45;20
192.0;29;63;23;60;114;54;24;42;21
198.0;29;66;21;56;115;55;25;42;21
204.0;28;64;24;55;115;58;24;41;21
210.0;33;63;23;52;116;56;21;44;22
216.0;34;64;24;52;119;54;23;38;22
222.0;31;65;24;53;117;51;26;40;23
228.0;32;62;25;53;115;52;25;43;23
234.0;30;63;25;52;117;51;25;46;21
240.0;27;64;24;54;120;50;25;45;21
246.0;28;67;21;54;123;51;20;44;22
252.0;27;67;21;59;123;52;14;45;22
258.0;26;63;20;56;128;54;13;45;25
264.0;26;63;18;53;131;53;13;45;28
270.0;27;61;18;56;133;50;15;45;25
276.0;29;62;21;53;130;52;13;46;24
282.0;29;57;23;55;132;53;12;45;24
288.0;33;52;25;56;131;51;11;44;27
294.0;33;52;25;56;136;53;11;40;24
300.0;33;51;26;57;136;51;14;38;24
306.0;32;47;30;59;138;48;13;37;26
312.0;29;47;27;59;138;49;13;39;29
318.0;27;49;28;58;139;50;13;38;28
324.0;30;51;29;59;139;49;12;33;28
330.0;32;51;28;61;140;47;14;31;26
336.0;31;49;30;58;137;49;15;33;28
342.0;30;52;26;57;138;48;18;34;27
348.0;29;54;27;55;137;48;16;35;29
354.0;29;51;28;52;136;50;19;35;30
360.0;30;51;31;51;137;46;21;32;31
366.0;26;52;35;52;137;45;21;33;29
372.0;25;55;36;52;138;47;22;31;24
378.0;24;50;34;51;139;51;21;35;25
384.0;24;48;28;55;138;49;22;40;26
390.0;22;50;28;58;139;46;21;41;25
396.0;23;53;23;62;143;42;18;38;28
402.0;24;51;24;61;141;42;21;37;29
408.0;25;51;26;59;140;41;23;38;27
414.0;27;51;29;60;135;43;25;38;22
420.0;29;50;28;57;138;42;30;34;22
426.0;28;48;26;57;138;42;32;36;23
432.0;29;49;29;57;138;40;30;35;23
438.0;30;49;28;55;139;41;33;35;20
444.0;30;50;28;52;141;39;32;37;21
450.0;31;51;25;51;145;35;38;36;18
456.0;34;51;22;48;144;34;42;38;17
462.0;36;50;24;47;143;37;40;34;19
468.0;33;49;23;47;143;37;42;37;19
474.0;33;45;21;51;147;38;41;37;17
480.0;32;47;20;48;150;40;40;35;18
486.0;34;50;19;51;150;38;37;33;18
492.0;36;51;17;51;151;36;36;35;17
498.0;34;54;15;52;151;35;32;35;22
504.0;31;54;17;51;155;35;27;36;24
510.0;28;55;17;51;153;33;27;40;26
516.0;27;55;17;52;154;33;27;37;28
522.0;23;57;16;54;153;36;27;37;27
528.0;26;54;17;55;156;35;26;36;25
534.0;24;58;17;51;156;33;27;40;24
540.0;23;59;20;53;156;32;28;38;21
546.0;21;60;21;51;158;31;26;41;21
552.0;18;60;26;47;159;32;26;42;20
558.0;20;58;28;46;158;35;27;39;19
564.0;21;56;29;46;158;37;28;38;17
570.0;19;59;28;47;161;39;23;38;16
576.0;17;58;27;48;159;39;26;40;16
582.0;16;60;27;48;158;39;25;41;16
588.0;17;58;25;50;158;39;28;39;16
594.0;14;58;26;51;156;39;29;39;18
600.0;16;56;25;53;158;40;29;36;17
606.0;18;54;23;49;162;42;29;36;17
612.0;16;55;20;51;162;44;30;33;19
618.0;14;53;22;49;164;45;31;34;18
624.0;13;54;24;50;164;46;28;33;18
630.0;17;57;22;45;165;44;27;34;19
636.0;16;54;23;46;167;42;28;33;21
642.0;16;54;23;46;167;44;26;33;21
648.0;19;53;23;44;169;44;26;33;19
654.0;20;51;22;44;171;44;25;30;23
660.0;17;54;21;45;173;43;23;29;25
666.0;22;51;26;40;171;42;21;29;28
672.0;21;51;26;42;170;44;22;27;27
678.0;22;49;25;38;169;47;19;29;32
684.0;22;47;22;38;172;48;22;31;28
690.0;22;45;22;39;175;45;26;31;25
696.0;21;46;24;37;175;45;24;31;27
702.0;22;45;25;41;177;44;24;29;23
708.0;26;45;26;38;177;45;22;28;23
714.0;28;46;25;41;177;44;21;26;22
720.0;25;45;24;43;180;47;18;28;20
726.0;27;46;22;44;181;45;18;28;19
732.0;28;46;21;43;181;44;19;30;18
738.0;31;42;20;44;184;41;18;31;19
744.0;32;44;21;44;182;41;15;31;20
750.0;28;43;23;42;183;41;15;35;20
756.0;29;44;20;45;183;41;15;32;21
762.0;30;41;20;45;184;38;18;33;21
768.0;27;39;18;46;185;41;18;33;23
774.0;28;36;18;46;187;41;20;35;19
780.0;27;37;16;48;185;41;20;36;20
786.0;27;37;16;46;184;40;21;38;21
792.0;25;39;17;46;183;39;23;39;19
798.0;26;35;20;44;183;35;25;42;20
804.0;22;31;20;47;184;36;24;46;20
810.0;24;32;22;45;183;36;24;46;18
816.0;24;32;21;45;184;36;20;46;22
822.0;20;33;19;45;187;35;22;52;17
828.0;22;35;18;45;184;37;22;51;16
834.0;20;37;18;45;183;40;22;50;15
840.0;19;38;18;45;184;37;19;52;18
846.0;21;37;18;47;184;39;18;47;19
852.0;21;38;19;46;184;42;17;46;17
858.0;25;40;18;46;185;38;15;45;18
864.0;23;39;18;45;182;40;15;46;22
870.0;23;38;18;44;183;41;17;43;23
876.0;21;40;20;45;181;46;13;42;22
882.0;21;38;21;45;184;47;13;40;21
888.0;23;39;19;45;183;47;16;40;18
894.0;19;45;19;46;184;47;14;37;19
900.0;19;44;18;46;182;47;14;39;21
906.0;20;47;16;44;182;47;13;41;20
912.0;20;46;16;47;182;45;15;40;19
918.0;22;42;18;51;184;40;15;41;17
924.0;24;44;19;50;183;35;16;43;16
930.0;23;45;23;48;182;32;17;45;15
936.0;23;47;21;50;183;31;16;43;16
942.0;22;48;21;48;187;31;16;42;15
948.0;24;49;21;49;185;33;15;41;13
954.0;25;48;21;45;182;35;17;41;16
960.0;24;48;25;44;183;35;18;37;16
966.0;21;45;26;40;188;34;20;39;17
972.0;25;43;25;40;188;36;17;40;16
978.0;26;43;25;36;184;35;15;45;21
984.0;23;41;25;33;182;37;20;45;24
990.0;23;46;29;33;179;35;21;42;22
996.0;24;46;24;34;177;35;21;43;26
1002.0;24;43;23;36;177;35;23;44;25
1008.0;25;41;22;36;180;37;22;45;22
1014.0;25;42;21;38;180;35;22;44;23
1020.0;18;44;20;42;180;34;21;42;29
1026.0;14;44;21;43;181;36;18;43;30
1032.0;15;43;20;44;181;37;18;43;29
1038.0;13;45;22;46;181;37;17;40;29
1044.0;14;46;20;44;184;36;18;39;29
1050.0;15;47;22;42;183;40;15;41;25
1056.0;19;44;22;44;180;42;13;39;27
1062.0;19;40;23;45;182;43;13;39;26
1068.0;20;40;22;45;182;42;12;40;27
1074.0;21;39;26;45;183;40;11;38;27
1080.0;19;39;26;47;182;40;10;41;26
1086.0;16;38;29;50;184;39;10;41;23
1092.0;17;38;31;46;180;40;12;45;21
1098.0;17;40;32;44;180;37;13;45;22
1104.0;16;43;29;46;182;38;12;43;21
1110.0;16;43;30;49;180;36;13;43;20
1116.0;15;42;32;49;183;37;14;38;20
1122.0;16;42;30;50;182;42;17;35;16
1128.0;14;40;29;51;181;40;19;37;19
1134.0;15;42;32;45;181;36;20;41;18
1140.0;14;41;28;48;181;36;26;40;16
1146.0;14;40;27;46;180;40;26;41;16
1152.0;13;39;26;45;180;42;25;42;18
1158.0;15;37;23;44;180;40;28;44;19
1164.0;15;38;20;47;178;41;29;44;18
1170.0;15;38;17;48;181;42;26;45;18
1176.0;17;35;19;43;182;40;25;47;22
1182.0;18;36;19;46;183;36;25;45;22
1188.0;18;39;19;46;183;35;28;44;18
1194.0;15;36;21;47;184;37;31;43;16
1200.0;18;33;22;46;186;35;31;41;18
1206.0;18;32;21;49;184;34;30;40;22
1212.0;20;33;23;49;187;31;26;39;22
1218.0;19;31;22;53;190;28;23;40;24
1224.0;18;31;22;52;192;29;23;39;24
1230.0;19;30;21;52;191;29;24;40;24
1236.0;21;30;21;52;187;30;22;40;27
1242.0;17;32;24;57;185;32;19;38;26
1248.0;17;34;26;53;188;32;15;37;28
1254.0;17;35;25;53;185;32;15;41;27
1260.0;20;35;23;51;187;34;18;40;22
1266.0;20;40;25;53;185;33;17;37;20
1272.0;20;43;22;49;187;34;18;37;20
1278.0;21;45;22;50;188;35;19;33;17
1284.0;20;47;20;50;188;33;20;34;18
1290.0;19;45;19;46;192;32;17;40;20
1296.0;19;44;19;48;195;32;17;37;19
1302.0;19;42;19;49;195;33;18;36;19
1308.0;19;44;18;50;194;31;18;36;20
1314.0;21;42;18;49;193;32;19;39;17
1320.0;22;40;19;47;190;31;24;42;15
1326.0;23;41;21;46;189;33;18;42;17
1332.0;25;39;22;45;190;33;20;40;16
1338.0;24;40;23;47;187;34;19;40;16
1344.0;26;43;23;45;185;33;20;40;15
1350.0;26;44;20;43;185;33;20;40;19
1356.0;26;41;21;41;187;35;20;40;19
1362.0;25;43;22;39;191;36;18;38;18
1368.0;24;44;24;36;191;37;17;40;17
1374.0;27;45;25;37;189;36;15;43;13
1380.0;31;45;22;35;189;38;14;43;13
1386.0;31;45;22;36;187;39;13;41;16
1392.0;31;47;19;40;182;37;14;43;17
1398.0;28;47;19;41;181;38;15;40;21
1404.0;30;47;18;38;184;38;16;38;21
1410.0;30;46;22;35;184;37;20;34;22
1416.0;29;48;18;36;189;37;17;33;23
1422.0;28;47;19;33;191;34;18;37;23
1428.0;29;46;16;33;191;36;18;37;24
1434.0;26;46;16;34;194;34;17;37;26
1440.0;22;47;17;33;195;37;16;37;26
1446.0;21;49;16;33;194;38;19;35;25
1452.0;20;48;19;34;193;37;19;36;24
1458.0;23;47;13;34;192;38;22;36;25
1464.0;21;48;15;35;195;36;20;36;24
1470.0;21;52;15;35;193;41;17;36;20
1476.0;21;51;16;35;194;41;19;32;21
1482.0;23;51;19;34;195;38;19;30;21
1488.0;25;47;16;36;198;39;15;33;21
1494.0;27;46;15;35;200;38;12;36;21
1500.0;24;47;19;34;197;41;12;34;22
1506.0;21;47;21;36;199;38;13;32;23
1512.0;22;46;23;36;200;34;13;32;24
1518.0;23;46;22;37;201;36;12;30;23
1524.0;21;45;21;38;202;38;12;29;24
1530.0;17;44;25;35;203;39;13;29;25
1536.0;18;42;25;35;199;42;13;28;28
1542.0;19;42;25;37;200;42;10;26;29
1548.0;18;43;22;38;203;43;14;23;26
1554.0;20;44;21;39;205;40;13;22;26
1560.0;20;42;22;40;201;39;14;22;30
1566.0;21;42;22;41;201;36;17;21;29
1572.0;23;43;23;38;202;35;16;22;28
1578.0;24;42;23;39;203;32;17;23;27
1584.0;26;43;22;40;201;32;16;22;28
1590.0;26;45;22;40;198;30;15;22;32
1596.0;26;46;19;39;198;31;16;24;31
1602.0;27;45;22;42;198;29;16;24;27
1608.0;24;41;24;45;197;30;18;22;29
1614.0;26;45;22;43;194;33;18;24;25
1620.0;27;47;22;39;195;32;20;25;23
1626.0;24;49;19;40;194;37;18;27;22
1632.0;18;51;21;39;197;37;18;28;21
1638.0;18;50;22;41;200;36;16;29;18
1644.0;18;51;25;39;201;35;17;27;17
1650.0;17;49;24;39;200;35;19;28;19
1656.0;19;47;27;37;198;35;20;29;18
1662.0;17;47;24;41;197;37;19;30;18
1668.0;20;48;21;35;197;35;21;33;20
1674.0;20;46;23;34;201;36;19;34;17
1680.0;19;46;24;33;201;36;21;34;16
1686.0;17;46;23;31;203;37;23;34;16
1692.0;18;45;20;32;204;38;24;34;15
1698.0;16;42;22;35;209;37;26;29;14
1704.0;16;42;20;38;209;38;24;30;13
1710.0;16;42;23;37;208;38;25;31;10
1716.0;16;42;27;35;206;36;21;36;11
1722.0;16;44;24;34;207;40;22;35;8
1728.0;18;44;22;34;209;39;21;34;9
1734.0;19;43;19;35;207;42;20;36;9
1740.0;20;42;19;33;206;45;23;36;6
1746.0;18;42;20;33;205;45;23;36;8
1752.0;16;40;21;36;208;42;22;34;11
1758.0;14;40;22;33;207;40;22;36;16
1764.0;16;42;20;35;203;39;24;35;16
1770.0;16;44;19;33;200;41;22;35;20
1776.0;16;43;20;34;200;40;21;36;20
1782.0;13;47;21;36;198;39;18;36;22
1788.0;16;46;21;35;196;44;18;35;19
1794.0;17;45;20;37;195;45;21;33;17
