#auto generated file!
12.0;31;33;45;24;31;33;29;25;39
18.0;33;33;43;25;36;32;27;23;38
24.0;33;36;41;23;38;30;26;26;37
30.0;31;37;39;24;40;32;26;24;37
36.0;33;36;39;24;43;30;25;22;38
42.0;31;33;39;26;46;25;28;23;39
48.0;30;39;37;27;48;23;22;26;38
54.0;30;40;35;25;49;22;24;26;39
60.0;30;39;34;26;50;23;22;27;39
66.0;27;38;35;25;50;25;21;31;38
72.0;26;39;34;23;54;26;19;30;39
78.0;26;39;30;21;56;30;23;28;37
84.0;26;38;30;22;56;28;25;29;36
90.0;25;38;28;21;60;32;25;28;33
96.0;23;37;27;20;64;35;27;27;30
102.0;22;43;23;25;63;34;25;28;27
108.0;22;43;19;28;66;31;29;29;23
114.0;21;46;16;30;69;32;28;28;20
120.0;18;43;16;31;70;34;28;29;21
126.0;17;43;17;32;70;35;28;28;20
132.0;16;44;18;31;71;35;28;28;19
138.0;17;43;17;31;75;36;26;26;19
144.0;16;40;22;32;76;35;26;25;18
150.0;18;39;21;34;76;34;25;25;18
156.0;19;41;19;35;77;31;24;24;20
162.0;20;38;19;34;80;30;26;23;20
168.0;20;40;18;33;83;29;21;24;22
174.0;17;40;19;34;87;32;21;22;18
180.0;19;40;17;35;89;28;22;23;17
186.0;20;38;16;36;88;31;21;23;17
192.0;20;37;14;36;87;31;25;21;19
198.0;20;39;15;36;88;29;24;20;19
204.0;19;37;15;35;89;29;22;22;22
210.0;20;38;18;37;88;29;19;24;17
216.0;17;36;18;39;88;31;20;27;14
222.0;15;35;17;41;88;32;20;27;15
228.0;15;34;16;40;88;31;22;29;15
234.0;13;33;13;41;88;36;21;29;16
240.0;12;35;11;40;90;35;21;27;19
246.0;12;36;8;42;91;36;18;28;19
252.0;12;38;7;39;93;39;16;27;19
258.0;11;39;8;39;91;39;17;27;19
264.0;13;41;9;40;92;38;13;25;19
270.0;12;38;8;41;95;39;12;25;20
276.0;12;37;6;41;97;38;13;26;20
282.0;12;36;6;39;97;36;15;27;22
288.0;12;35;6;41;96;35;15;30;20
294.0;12;35;7;41;96;36;14;30;19
300.0;13;32;9;40;96;32;16;31;21
306.0;15;32;10;38;100;30;16;33;16
312.0;15;29;10;37;99;32;17;36;15
318.0;16;28;9;35;99;32;19;36;16
324.0;13;32;8;39;98;31;15;36;18
330.0;10;32;7;39;98;30;17;37;20
336.0;12;30;7;39;99;31;16;37;19
342.0;11;27;13;36;99;32;16;38;18
348.0;13;25;13;34;100;30;17;40;18
354.0;12;26;14;35;98;30;18;39;18
360.0;13;24;15;36;99;30;20;37;16
366.0;14;23;15;36;100;29;21;38;14
372.0;15;26;15;33;99;28;22;37;15
378.0;12;25;18;33;102;28;21;36;15
384.0;13;26;17;33;102;29;17;34;19
390.0;12;25;16;34;102;29;19;35;18
396.0;13;25;18;36;102;28;19;33;16
402.0;12;24;17;38;102;28;20;32;17
408.0;12;26;18;36;102;28;20;34;14
414.0;12;25;16;36;105;28;20;36;12
420.0;11;25;17;35;106;29;20;35;12
426.0;13;25;19;35;106;29;14;36;13
432.0;13;27;17;37;106;28;14;35;13
438.0;12;29;13;38;106;26;18;35;13
444.0;13;25;12;36;107;28;18;35;16
450.0;14;23;16;35;104;28;17;36;17
456.0;13;22;12;31;105;30;15;41;21
462.0;13;22;11;30;106;27;18;41;22
468.0;15;22;14;31;105;26;17;40;20
474.0;15;21;14;32;107;25;16;40;20
480.0;14;20;16;32;108;26;17;38;19
486.0;12;21;16;28;111;27;18;38;19
492.0;9;21;16;28;113;29;18;37;19
498.0;8;22;18;31;112;26;18;36;19
504.0;8;23;19;30;112;26;17;36;19
510.0;8;23;20;31;115;25;19;34;15
516.0;8;23;20;28;116;26;19;34;16
522.0;10;24;19;26;117;29;18;34;13
528.0;10;23;19;24;116;31;19;35;13
534.0;12;23;18;25;117;31;15;35;14
540.0;13;20;18;25;118;30;18;35;13
546.0;14;22;16;26;116;33;19;31;13
552.0;17;23;13;25;117;31;19;33;12
558.0;15;21;13;27;118;30;20;34;12
564.0;17;21;14;25;119;31;15;34;14
570.0;16;22;12;22;120;32;17;34;15
576.0;14;23;11;21;121;35;16;35;14
582.0;16;22;11;20;121;32;20;35;13
588.0;19;24;11;20;121;31;16;35;13
594.0;19;23;7;21;122;32;17;37;12
600.0;18;24;7;20;124;32;19;36;10
606.0;21;22;7;20;124;31;19;35;11
612.0;16;21;8;24;122;29;19;38;13
618.0;16;19;9;22;126;29;20;37;12
624.0;17;17;10;23;124;29;17;38;15
630.0;18;17;10;22;126;31;15;35;16
636.0;19;18;11;20;129;30;13;34;16
642.0;22;22;12;19;126;30;12;31;16
648.0;19;20;10;19;129;31;12;32;18
654.0;20;19;10;17;133;31;13;32;15
660.0;17;18;11;16;133;33;13;32;17
666.0;18;19;11;16;135;32;11;32;16
672.0;18;19;14;17;136;29;9;32;16
678.0;21;17;10;17;135;30;11;32;17
684.0;20;18;12;17;134;29;13;29;18
690.0;21;19;15;18;130;27;13;30;17
696.0;20;21;14;18;131;26;13;29;18
702.0;22;22;15;17;131;24;12;28;19
708.0;24;22;15;17;131;23;11;29;18
714.0;24;22;13;17;131;23;10;32;18
720.0;23;23;10;21;132;22;11;32;16
726.0;18;22;12;23;130;22;15;35;13
732.0;17;23;10;22;131;23;14;35;15
738.0;15;24;12;22;131;24;12;33;17
744.0;14;24;14;24;133;24;9;32;16
750.0;14;23;15;24;133;22;7;34;18
756.0;14;21;14;25;133;21;10;34;18
762.0;14;18;13;25;132;26;12;31;19
768.0;14;17;14;26;131;27;10;32;19
774.0;14;18;13;26;131;30;8;30;20
780.0;14;21;15;28;128;27;9;30;18
786.0;16;20;12;27;124;28;14;33;16
792.0;16;19;11;26;127;27;16;31;17
798.0;16;21;12;24;126;28;16;27;20
804.0;18;22;10;24;126;27;14;28;21
810.0;18;25;13;24;125;27;13;26;19
816.0;17;24;16;25;127;21;14;28;18
822.0;19;25;16;25;128;20;12;29;16
828.0;19;29;14;25;129;22;9;25;18
834.0;17;30;15;26;129;22;10;24;17
840.0;15;30;15;26;129;21;10;26;18
846.0;13;30;14;27;128;22;11;26;19
852.0;13;28;14;27;127;25;13;27;16
858.0;13;31;16;21;129;23;13;26;18
864.0;11;30;18;21;130;23;12;28;17
870.0;15;28;17;19;131;24;12;28;16
876.0;13;28;16;19;133;25;11;27;18
882.0;14;28;16;19;131;25;12;28;17
888.0;13;27;17;20;130;26;13;28;16
894.0;11;32;14;19;132;23;13;30;16
900.0;12;31;13;19;134;23;14;31;13
906.0;11;34;13;18;135;24;12;31;12
912.0;11;34;12;18;136;24;11;31;13
918.0;11;33;13;18;136;25;10;31;13
924.0;9;34;10;18;137;29;11;31;11
930.0;9;34;10;18;139;28;13;30;9
936.0;13;33;9;18;139;29;14;30;5
942.0;17;31;9;18;137;30;14;27;7
948.0;18;29;9;22;135;28;14;26;9
954.0;17;29;10;21;135;28;14;27;9
960.0;16;28;10;23;135;26;14;27;11
966.0;17;30;8;23;131;28;17;25;11
972.0;18;29;8;25;130;27;16;26;11
978.0;17;29;7;28;130;27;17;24;11
984.0;17;28;8;30;129;29;15;22;12
990.0;14;29;9;29;130;29;15;23;12
996.0;17;31;9;30;131;27;15;20;10
1002.0;16;31;9;30;131;26;17;22;8
1008.0;18;31;10;29;130;28;15;21;8
1014.0;17;29;11;32;130;26;15;21;9
1020.0;19;32;12;27;128;25;15;22;10
1026.0;18;30;13;28;128;25;14;21;13
1032.0;17;30;16;27;128;25;15;21;11
1038.0;16;28;17;26;130;26;16;21;10
1044.0;17;27;16;25;130;25;16;23;11
1050.0;16;29;14;23;131;24;17;23;13
1056.0;17;30;14;22;130;24;16;24;13
1062.0;17;31;15;24;133;20;12;28;10
1068.0;17;28;16;26;131;22;12;29;9
1074.0;18;30;14;26;131;21;12;28;10
1080.0;20;28;15;27;130;20;14;28;8
1086.0;19;28;16;30;132;20;13;23;9
1092.0;17;29;17;30;131;21;13;22;10
1098.0;20;26;17;31;133;19;10;23;11
1104.0;22;25;15;31;132;20;10;23;12
1110.0;21;24;16;32;134;18;11;25;9
1116.0;20;23;17;32;134;18;12;26;8
1122.0;19;24;14;30;135;18;10;28;12
1128.0;21;23;12;30;134;18;11;27;14
1134.0;20;21;12;31;135;19;11;29;12
1140.0;23;23;11;31;132;20;11;28;11
1146.0;23;22;6;31;135;21;10;29;13
1152.0;21;21;6;31;134;23;10;31;13
1158.0;19;19;5;31;135;28;9;31;13
1164.0;15;19;7;32;136;28;8;32;13
1170.0;14;21;6;30;135;29;7;33;15
1176.0;12;20;6;32;134;31;9;32;14
1182.0;13;20;7;31;135;30;10;30;14
1188.0;14;20;8;31;133;30;11;29;14
1194.0;14;22;10;29;132;31;12;26;14
1200.0;13;26;13;27;128;32;9;29;13
1206.0;13;27;13;32;122;33;8;29;13
1212.0;12;27;11;34;122;31;10;30;13
1218.0;13;29;9;33;124;30;9;28;15
1224.0;14;31;9;31;123;30;11;26;15
1230.0;13;33;9;32;124;32;10;25;12
1236.0;13;32;8;31;126;30;11;28;11
1242.0;12;32;6;31;126;32;12;29;10
1248.0;12;32;6;31;126;32;10;28;13
1254.0;13;32;7;30;125;31;9;30;13
1260.0;11;33;8;31;125;30;9;30;13
1266.0;11;31;9;29;126;33;8;29;14
1272.0;13;31;8;28;128;31;8;29;14
1278.0;14;31;7;26;129;30;9;30;14
1284.0;13;31;7;27;129;30;9;28;16
1290.0;14;30;9;29;127;29;6;30;16
1296.0;15;27;10;32;126;28;8;29;15
1302.0;17;28;9;29;129;27;7;27;17
1308.0;18;28;9;27;130;26;7;26;19
1314.0;17;27;10;28;129;27;7;28;17
1320.0;17;27;9;27;132;25;7;29;17
1326.0;14;24;9;28;134;24;8;31;18
1332.0;12;22;9;26;135;28;10;29;19
1338.0;14;21;13;23;136;29;12;28;14
1344.0;16;22;13;26;133;29;11;28;12
1350.0;13;24;13;26;133;30;12;28;11
1356.0;11;23;14;24;133;30;13;30;12
1362.0;11;20;15;24;134;30;11;31;14
1368.0;9;20;13;25;134;32;11;32;14
1374.0;10;21;11;25;132;32;13;31;15
1380.0;9;23;12;25;133;29;12;32;15
1386.0;10;22;10;27;131;30;12;32;16
1392.0;11;22;10;27;130;33;11;32;14
1398.0;11;21;10;26;131;31;12;33;15
1404.0;11;22;9;26;132;31;11;34;14
1410.0;12;21;9;26;136;33;11;32;10
1416.0;12;20;7;25;136;36;11;33;10
1422.0;13;18;7;27;135;35;11;35;9
1428.0;13;18;8;31;137;33;9;34;7
1434.0;12;20;9;30;137;33;9;32;8
1440.0;14;21;8;32;135;31;8;31;10
1446.0;12;22;8;33;134;31;9;31;10
1452.0;12;23;10;31;135;29;8;31;11
1458.0;13;23;12;29;138;28;7;30;10
1464.0;15;22;11;30;136;28;9;28;11
1470.0;14;23;12;32;134;30;6;30;9
1476.0;14;27;10;32;133;28;5;29;12
1482.0;13;29;9;31;136;26;5;27;14
1488.0;16;29;9;28;138;25;5;26;14
1494.0;17;29;10;27;134;26;6;26;15
1500.0;18;28;11;29;134;25;5;24;16
1506.0;21;29;8;28;137;25;4;24;14
1512.0;20;31;8;26;137;26;3;25;14
1518.0;21;29;7;27;138;26;4;24;14
1524.0;21;25;10;27;141;26;6;23;11
1530.0;22;27;9;27;139;26;6;22;12
1536.0;18;26;10;26;138;27;8;22;15
1542.0;17;22;15;25;141;29;8;21;12
1548.0;16;23;15;26;139;28;10;23;10
1554.0;15;23;13;28;139;28;11;23;10
1560.0;14;23;14;28;140;27;9;24;11
1566.0;15;24;12;28;140;26;10;25;10
1572.0;15;25;11;25;139;27;10;27;11
1578.0;14;26;8;25;140;26;12;28;11
1584.0;14;27;9;30;141;22;9;28;10
1590.0;13;26;7;32;140;19;11;32;10
1596.0;14;24;7;32;139;18;12;32;12
1602.0;13;23;6;33;139;21;14;31;10
1608.0;12;23;10;33;137;20;13;32;10
1614.0;13;28;12;31;133;18;12;33;10
1620.0;14;28;11;32;132;18;12;34;9
1626.0;13;27;15;30;134;19;12;31;9
1632.0;14;27;15;30;133;19;12;31;9
1638.0;14;26;17;33;132;19;12;30;7
1644.0;12;25;14;35;134;20;11;30;9
1650.0;11;25;16;33;135;19;11;30;10
1656.0;12;26;13;35;135;21;12;26;10
1662.0;9;29;12;36;133;22;13;29;7
1668.0;8;28;11;38;135;20;13;31;6
1674.0;7;26;12;36;135;23;12;32;7
1680.0;7;26;11;34;134;24;14;31;9
1686.0;7;26;12;35;132;28;14;27;9
1692.0;7;26;13;35;131;26;15;26;11
1698.0;9;26;14;37;129;27;13;25;10
1704.0;7;26;13;35;129;30;13;25;12
1710.0;7;26;12;35;128;30;13;26;13
1716.0;7;27;11;39;129;31;12;24;10
1722.0;7;27;11;39;128;34;9;23;12
1728.0;10;27;12;36;127;34;10;25;9
1734.0;14;27;13;34;125;32;9;25;11
1740.0;15;26;13;37;124;30;9;24;12
1746.0;14;25;15;39;123;32;9;22;11
1752.0;13;23;13;41;123;31;8;23;15
1758.0;13;24;13;41;123;31;8;23;14
1764.0;13;23;14;40;124;32;9;20;15
1770.0;13;21;14;37;124;33;14;19;15
1776.0;14;21;14;36;123;32;12;20;18
1782.0;17;21;12;36;120;33;9;25;17
1788.0;16;22;11;36;121;33;11;24;16
1794.0;16;23;11;33;120;34;12;24;17
