#auto generated file!
12.0;24;28;19;19;25;21;31;30;23
18.0;22;27;21;21;26;24;29;29;21
24.0;22;28;19;18;30;25;28;30;20
30.0;23;28;15;17;33;26;27;30;21
36.0;23;34;12;17;33;25;26;29;21
42.0;24;32;13;16;33;26;25;30;21
48.0;21;31;13;19;32;28;25;32;19
54.0;21;31;14;20;33;26;25;32;18
60.0;21;32;13;19;37;25;24;31;18
66.0;21;29;14;18;37;24;26;31;20
72.0;22;27;14;19;39;25;24;30;20
78.0;21;28;15;20;42;23;20;30;21
84.0;20;29;15;20;42;24;20;31;19
90.0;17;32;14;21;42;27;19;31;17
96.0;16;32;17;23;42;28;17;29;16
102.0;19;31;15;20;42;29;21;30;13
108.0;18;30;15;20;43;28;21;29;16
114.0;17;31;17;22;44;25;17;32;15
120.0;17;28;18;23;45;23;18;35;13
126.0;15;29;17;24;44;23;17;36;15
132.0;17;32;17;25;44;23;15;35;12
138.0;13;28;19;26;45;23;15;37;14
144.0;14;26;21;26;44;24;14;36;15
150.0;14;27;20;25;45;25;13;36;15
156.0;13;27;16;26;47;28;13;33;17
162.0;11;25;18;26;48;29;13;32;18
168.0;11;21;18;27;49;30;12;34;18
174.0;11;18;15;28;48;36;14;32;18
180.0;12;18;12;30;48;34;13;31;22
186.0;14;18;10;32;49;33;12;31;21
192.0;15;20;12;31;50;34;10;29;19
198.0;16;18;11;30;51;33;9;31;21
204.0;15;18;13;31;50;32;11;32;18
210.0;14;18;10;32;53;33;12;30;18
216.0;15;18;10;31;53;34;12;31;16
222.0;13;17;11;32;54;35;14;30;14
228.0;11;18;12;31;55;34;15;31;13
234.0;12;18;10;30;57;33;16;29;15
240.0;13;19;9;30;56;32;16;29;16
246.0;12;19;10;31;55;30;13;31;19
252.0;12;21;8;28;55;29;16;31;20
258.0;12;21;8;28;54;29;18;32;18
264.0;14;19;7;28;56;27;16;35;18
270.0;15;19;6;27;56;31;18;31;17
276.0;16;16;7;29;57;31;18;28;18
282.0;15;18;7;28;60;28;17;29;18
288.0;15;18;7;28;62;30;15;28;17
294.0;15;19;7;28;62;29;13;29;18
300.0;14;18;7;28;62;31;14;28;18
306.0;13;20;7;30;60;33;13;29;15
312.0;15;20;6;31;61;31;15;29;12
318.0;14;22;9;32;58;31;15;26;13
324.0;14;23;7;32;58;32;17;25;12
330.0;14;25;7;32;60;31;16;25;10
336.0;12;26;8;32;61;31;15;25;10
342.0;10;24;9;31;62;32;15;27;10
348.0;11;26;7;31;63;30;15;26;11
354.0;12;28;7;32;63;28;15;24;11
360.0;12;26;9;30;67;28;15;25;8
366.0;12;27;10;27;66;28;14;28;8
372.0;11;25;12;24;66;29;13;29;11
378.0;11;22;12;27;69;26;14;29;10
384.0;11;23;12;26;67;26;14;32;9
390.0;10;24;15;23;67;25;17;32;7
396.0;12;22;14;22;68;27;18;29;8
402.0;13;25;11;21;69;28;19;29;5
408.0;13;22;13;23;66;28;18;30;7
414.0;13;24;11;21;67;27;20;29;8
420.0;14;25;12;21;68;26;17;29;8
426.0;17;23;11;21;69;26;18;26;9
432.0;18;22;16;19;69;24;16;26;10
438.0;15;24;16;18;69;21;17;27;13
444.0;17;23;17;17;68;20;17;28;13
450.0;18;25;15;15;69;18;18;29;13
456.0;14;25;15;15;70;19;18;30;14
462.0;14;27;15;18;70;18;16;29;13
468.0;12;28;15;19;71;20;10;31;14
474.0;11;29;15;19;68;24;9;30;15
480.0;13;27;14;21;67;23;10;30;15
486.0;16;26;14;20;65;22;11;30;16
492.0;16;28;14;19;65;22;12;29;15
498.0;15;28;12;20;64;22;13;32;14
504.0;13;27;12;22;66;24;10;32;14
510.0;11;24;12;23;68;25;9;33;15
516.0;14;23;11;24;68;23;8;34;15
522.0;12;18;15;27;68;23;8;31;18
528.0;15;17;13;28;71;23;9;29;15
534.0;14;16;13;27;70;26;8;31;15
540.0;12;15;14;25;70;27;9;30;18
546.0;12;16;14;26;71;26;9;27;19
552.0;9;19;12;27;71;30;6;29;17
558.0;9;20;12;27;71;29;8;29;15
564.0;10;19;12;27;72;31;6;27;16
570.0;10;21;10;27;73;32;7;26;14
576.0;11;20;13;31;70;32;8;24;11
582.0;11;19;15;31;68;33;8;24;11
588.0;12;19;15;31;70;31;8;24;10
594.0;12;18;15;32;70;31;9;24;9
600.0;14;16;13;32;72;29;12;24;8
606.0;13;17;13;31;72;30;11;25;8
612.0;12;20;13;32;72;27;9;27;8
618.0;11;19;15;31;73;26;10;26;9
624.0;10;18;15;34;74;25;10;26;8
630.0;11;18;14;34;74;24;12;27;6
636.0;9;19;13;31;75;29;13;27;4
642.0;8;18;12;32;75;29;11;29;6
648.0;11;19;12;30;76;30;9;25;8
654.0;10;20;11;29;77;28;7;27;11
660.0;10;21;10;29;78;27;8;26;11
666.0;11;25;10;31;77;25;7;24;10
672.0;13;23;8;32;77;26;7;24;10
678.0;13;25;9;31;78;25;7;22;10
684.0;11;25;9;27;80;28;6;23;11
690.0;11;27;7;25;79;29;8;22;12
696.0;11;28;8;24;78;29;11;22;9
702.0;13;29;9;22;81;26;10;21;9
708.0;11;32;12;22;82;22;8;22;9
714.0;11;31;12;22;83;19;7;23;12
720.0;10;32;12;22;82;20;9;20;13
726.0;10;30;13;22;85;18;8;20;14
732.0;12;28;12;21;86;17;8;21;15
738.0;10;29;11;19;89;14;8;21;19
744.0;10;30;10;19;90;15;9;21;16
750.0;13;29;9;23;89;14;9;20;14
756.0;12;30;8;22;88;15;11;20;14
762.0;12;35;7;22;85;15;10;19;15
768.0;14;33;8;21;85;16;10;17;16
774.0;12;32;8;20;86;16;11;17;18
780.0;13;33;8;20;87;16;12;16;15
786.0;15;33;9;18;87;15;11;16;16
792.0;17;32;8;18;87;14;12;17;15
798.0;15;32;7;18;87;12;14;19;16
804.0;12;31;9;20;88;12;12;19;17
810.0;13;31;10;21;89;12;10;17;17
816.0;13;29;12;21;89;13;10;15;18
822.0;14;29;10;22;90;13;11;14;17
828.0;14;30;11;22;90;13;11;14;15
834.0;13;31;11;21;90;15;8;17;14
840.0;12;32;13;18;91;16;9;16;13
846.0;15;33;14;17;91;14;8;15;13
852.0;16;33;14;16;91;15;8;16;11
858.0;16;34;12;16;90;15;9;18;10
864.0;15;33;14;18;90;12;9;19;10
870.0;14;32;14;17;91;13;10;20;9
876.0;14;31;14;17;92;13;11;19;9
882.0;12;31;14;20;92;14;9;17;11
888.0;12;31;14;21;90;13;8;18;13
894.0;13;32;13;20;89;13;9;20;11
900.0;13;32;16;20;89;12;7;20;11
906.0;11;34;15;16;89;11;10;20;14
912.0;10;34;16;16;89;11;12;20;12
918.0;11;36;16;16;88;10;13;20;10
924.0;10;37;16;17;88;10;14;20;8
930.0;9;37;16;17;90;10;13;20;8
936.0;10;37;16;20;89;13;10;19;6
942.0;12;39;15;17;89;13;9;20;6
948.0;11;42;13;15;89;14;7;21;8
954.0;10;43;11;15;89;14;9;21;8
960.0;11;38;13;15;90;16;7;23;7
966.0;8;35;13;16;92;17;8;24;7
972.0;7;33;17;17;91;16;10;22;7
978.0;7;32;16;18;90;16;9;25;7
984.0;9;29;15;20;88;18;9;24;8
990.0;9;27;15;21;90;19;9;23;7
996.0;9;29;16;24;92;15;9;18;8
1002.0;10;29;15;24;93;16;9;17;7
1008.0;10;30;15;24;91;16;10;16;8
1014.0;11;28;17;22;90;16;8;19;9
1020.0;10;27;19;20;91;16;8;19;10
1026.0;10;25;16;20;91;18;8;22;10
1032.0;9;23;17;19;92;19;9;22;10
1038.0;8;22;20;20;92;18;9;22;9
1044.0;7;22;18;20;91;18;11;23;10
1050.0;6;22;18;20;90;17;11;25;11
1056.0;7;22;19;19;89;18;12;23;11
1062.0;13;21;18;17;90;16;11;23;11
1068.0;12;22;17;16;88;19;14;21;11
1074.0;12;21;17;16;90;21;12;19;12
1080.0;12;20;17;16;92;20;10;20;13
1086.0;14;20;14;19;92;19;9;21;12
1092.0;14;20;13;17;94;20;10;19;13
1098.0;15;19;14;17;90;20;12;19;14
1104.0;15;18;15;16;89;20;12;20;15
1110.0;16;20;14;15;91;21;11;19;13
1116.0;16;19;12;16;90;23;11;18;15
1122.0;15;20;11;15;91;21;14;19;14
1128.0;17;20;10;15;90;19;13;21;15
1134.0;15;21;8;14;91;18;15;21;17
1140.0;15;23;8;16;89;18;14;22;15
1146.0;16;21;8;15;90;18;10;25;17
1152.0;16;20;8;16;91;17;10;24;18
1158.0;14;20;9;16;94;16;11;25;15
1164.0;15;19;9;16;93;17;10;26;15
1170.0;14;17;11;15;93;17;10;25;18
1176.0;14;16;10;17;93;17;11;24;18
1182.0;15;15;9;16;94;17;12;24;18
1188.0;16;14;9;16;95;18;11;23;18
1194.0;14;16;9;16;97;19;7;23;19
1200.0;14;16;10;16;97;19;6;24;18
1206.0;15;16;9;17;96;17;6;25;19
1212.0;16;15;9;19;94;17;7;23;20
1218.0;16;11;9;21;93;17;9;24;20
1224.0;14;12;10;23;92;17;8;24;20
1230.0;14;14;10;24;92;19;7;21;19
1236.0;14;13;11;24;91;18;8;22;19
1242.0;14;13;11;25;92;19;8;20;18
1248.0;13;17;11;24;91;21;6;18;19
1254.0;11;15;10;27;90;22;8;16;21
1260.0;12;17;10;25;89;22;10;17;18
1266.0;13;16;9;26;90;19;11;19;17
1272.0;11;15;8;26;91;21;9;21;18
1278.0;11;16;8;26;90;21;8;21;19
1284.0;8;15;8;28;92;21;7;24;17
1290.0;9;14;7;29;90;22;8;27;14
1296.0;7;14;8;29;91;21;8;28;14
1302.0;9;14;9;26;90;22;8;28;14
1308.0;9;14;8;25;90;24;7;29;14
1314.0;8;14;8;24;93;25;7;29;12
1320.0;8;15;8;23;93;24;6;30;13
1326.0;8;16;8;23;95;21;8;28;13
1332.0;9;17;7;21;97;21;9;26;13
1338.0;10;17;6;19;97;20;11;28;12
1344.0;9;21;7;16;99;20;11;26;11
1350.0;12;19;9;15;99;18;12;24;12
1356.0;11;19;9;15;98;18;12;25;13
1362.0;10;18;9;13;98;19;10;26;17
1368.0;11;17;11;12;97;18;10;27;17
1374.0;12;17;11;12;97;21;9;26;15
1380.0;11;15;12;13;98;23;10;25;13
1386.0;13;17;14;12;97;21;10;24;12
1392.0;11;19;14;13;96;20;10;26;11
1398.0;15;18;12;13;93;21;12;25;11
1404.0;14;18;12;13;93;23;13;25;9
1410.0;15;17;13;10;93;23;13;25;11
1416.0;14;17;12;11;94;21;13;27;11
1422.0;12;18;11;11;95;22;12;28;11
1428.0;11;20;10;12;94;24;10;29;10
1434.0;13;19;11;13;95;24;9;26;10
1440.0;12;19;12;14;96;24;8;27;8
1446.0;14;18;12;15;97;22;6;26;10
1452.0;15;19;11;14;97;24;5;23;12
1458.0;17;21;9;14;99;21;8;23;8
1464.0;16;20;9;14;100;22;8;23;8
1470.0;15;20;9;15;101;22;7;23;8
1476.0;15;20;10;17;100;21;6;23;8
1482.0;15;20;10;18;101;21;5;22;8
1488.0;13;19;9;18;103;22;6;22;8
1494.0;13;17;10;16;103;23;7;22;9
1500.0;11;18;11;15;101;22;8;23;11
1506.0;10;17;12;17;100;22;9;23;10
1512.0;11;20;9;18;99;21;10;21;11
1518.0;12;19;10;16;99;23;11;21;9
1524.0;14;18;10;12;100;23;12;20;11
1530.0;13;17;11;13;101;23;11;20;11
1536.0;11;16;12;14;99;24;12;21;11
1542.0;12;15;10;17;101;23;12;20;10
1548.0;11;16;10;21;100;21;14;18;9
1554.0;11;16;10;20;98;22;12;17;14
1560.0;10;19;10;22;97;21;11;18;12
1566.0;6;20;9;23;98;20;13;18;13
1572.0;4;21;9;25;99;19;10;19;14
1578.0;7;22;9;26;98;18;9;19;12
1584.0;7;26;11;24;97;17;8;20;10
1590.0;6;27;13;24;97;16;9;19;9
1596.0;6;27;12;24;98;16;9;20;8
1602.0;7;28;14;22;98;15;9;20;7
1608.0;8;26;13;23;96;15;11;21;7
1614.0;10;25;12;24;98;13;9;23;6
1620.0;11;26;11;25;95;14;9;21;8
1626.0;12;26;11;23;93;17;8;21;9
1632.0;12;27;10;22;93;16;9;22;9
1638.0;14;25;10;23;94;14;9;23;8
1644.0;12;26;8;23;95;14;12;21;9
1650.0;13;25;11;20;97;12;13;19;10
1656.0;14;25;10;20;96;14;11;19;11
1662.0;14;25;9;20;98;14;13;16;11
1668.0;12;26;10;20;99;13;12;15;13
1674.0;12;25;9;21;99;12;11;17;14
1680.0;11;26;8;21;98;13;11;18;14
1686.0;11;24;11;19;101;14;8;18;14
1692.0;10;24;12;22;100;15;7;15;15
1698.0;11;26;11;21;98;17;8;13;15
1704.0;9;27;12;21;96;20;6;12;17
1710.0;9;26;12;20;97;22;6;11;17
1716.0;9;28;7;20;96;24;5;13;18
1722.0;10;27;7;22;95;23;4;14;18
1728.0;10;28;9;25;94;22;2;13;17
1734.0;12;28;9;26;95;20;2;13;15
1740.0;12;26;9;28;97;21;2;10;15
1746.0;13;24;11;26;97;20;3;12;14
1752.0;13;24;11;26;98;19;3;11;15
1758.0;13;24;9;26;99;19;5;11;14
1764.0;14;24;9;26;99;19;5;11;13
1770.0;15;25;7;28;97;19;5;11;13
1776.0;13;24;7;28;99;17;7;11;14
1782.0;11;25;9;27;98;18;6;10;16
1788.0;10;24;11;26;97;20;6;9;17
1794.0;9;24;10;25;97;22;7;9;17
