#auto generated file!
12.0;34;40;37;37;48;42;29;49;44
18.0;32;39;32;39;50;42;29;53;44
24.0;31;41;33;40;51;41;26;56;41
30.0;29;38;36;38;53;43;22;58;43
36.0;27;38;33;39;54;46;22;59;42
42.0;29;36;34;40;54;48;20;59;40
48.0;30;38;35;42;53;49;21;57;35
54.0;31;37;37;39;55;49;22;51;39
60.0;32;35;38;43;55;47;27;50;33
66.0;34;39;36;43;61;43;24;51;29
72.0;32;42;34;42;63;43;25;51;28
78.0;32;44;35;43;62;41;26;49;28
84.0;35;44;36;41;62;42;25;50;25
90.0;36;45;36;40;62;40;26;48;27
96.0;37;42;34;43;63;39;28;50;24
102.0;40;40;29;41;64;42;29;51;24
108.0;36;44;28;42;67;41;28;51;23
114.0;33;42;26;44;71;41;29;50;24
120.0;34;43;27;44;70;40;28;49;25
126.0;38;43;25;45;75;36;27;46;25
132.0;37;45;22;48;73;34;29;45;27
138.0;35;50;20;51;74;37;25;43;25
144.0;33;48;21;51;78;38;26;40;25
150.0;34;48;21;52;78;38;25;42;22
156.0;34;48;21;50;81;35;26;43;22
162.0;33;49;21;47;82;34;29;43;22
168.0;32;51;21;47;80;35;30;43;21
174.0;29;52;23;46;81;36;29;43;21
180.0;29;53;20;47;83;38;27;42;21
186.0;30;52;21;46;83;38;30;42;18
192.0;30;52;19;50;84;39;30;40;16
198.0;29;49;20;52;87;38;25;43;17
204.0;32;46;18;51;92;35;26;43;17
210.0;29;47;16;53;92;33;27;46;17
216.0;28;49;20;54;92;33;21;47;16
222.0;25;50;19;52;95;35;20;46;18
228.0;23;47;22;50;99;36;20;46;17
234.0;20;45;22;51;100;33;22;47;20
240.0;21;49;18;49;100;32;24;46;21
246.0;21;48;15;52;101;30;27;46;20
252.0;19;46;19;52;104;28;25;50;17
258.0;20;44;18;52;104;28;28;50;16
264.0;20;47;19;48;105;28;25;51;17
270.0;19;48;21;49;104;29;24;49;17
276.0;18;50;20;47;105;28;23;50;19
282.0;20;47;17;48;106;26;23;49;24
288.0;16;46;20;49;103;27;22;51;26
294.0;17;41;24;51;104;28;24;47;24
300.0;18;39;28;50;104;28;25;45;23
306.0;15;40;25;51;105;27;29;45;23
312.0;15;39;25;52;107;26;28;44;24
318.0;14;41;26;51;109;24;22;48;25
324.0;14;42;22;52;115;23;21;45;26
330.0;17;43;22;53;114;23;19;39;30
336.0;19;42;22;51;118;22;20;37;29
342.0;19;42;23;51;117;29;22;31;26
348.0;16;41;21;51;116;30;24;32;29
354.0;16;43;19;53;115;30;26;28;30
360.0;19;41;23;51;113;29;24;34;26
366.0;19;40;26;49;115;30;22;35;24
372.0;20;38;29;50;115;31;17;38;22
378.0;17;37;29;50;118;34;17;38;20
384.0;14;37;29;51;116;33;22;37;21
390.0;15;36;28;48;118;32;24;37;22
396.0;15;37;25;46;119;33;24;39;22
402.0;15;36;29;45;119;31;25;39;21
408.0;14;35;28;46;121;32;26;36;22
414.0;17;36;25;45;124;31;27;36;19
420.0;18;38;26;44;124;31;25;35;19
426.0;18;39;25;43;125;31;24;37;18
432.0;17;40;24;40;130;28;25;37;19
438.0;19;41;22;39;133;28;25;37;16
444.0;19;38;23;38;137;29;24;37;15
450.0;19;39;17;39;137;30;25;38;16
456.0;20;36;19;40;140;30;26;36;13
462.0;19;36;19;40;141;31;25;37;12
468.0;17;35;18;41;139;33;26;38;13
474.0;14;35;21;39;141;30;24;40;16
480.0;16;35;22;39;141;32;23;37;15
486.0;14;36;23;38;141;33;23;41;11
492.0;12;37;23;38;140;35;23;42;10
498.0;16;36;25;35;138;38;21;42;9
504.0;14;33;27;36;139;38;21;43;9
510.0;15;34;25;35;137;39;21;43;11
516.0;17;35;23;35;136;40;20;42;12
522.0;21;35;25;36;135;36;20;40;12
528.0;20;38;26;34;137;34;21;38;12
534.0;21;35;24;36;136;35;21;38;14
540.0;21;34;26;35;135;34;25;36;14
546.0;18;35;27;33;137;35;25;37;13
552.0;18;35;24;34;137;37;23;38;14
558.0;18;35;27;34;136;37;21;39;13
564.0;20;32;27;33;137;37;21;38;15
570.0;21;32;24;34;137;38;19;38;17
576.0;21;31;25;35;134;40;19;38;17
582.0;20;31;25;37;134;40;18;37;18
588.0;17;30;24;38;134;39;18;42;18
594.0;17;29;25;37;135;40;18;40;19
600.0;18;32;24;36;135;36;18;42;19
606.0;18;29;22;36;137;38;16;42;22
612.0;18;30;21;36;140;37;17;40;21
618.0;21;32;21;34;137;34;19;40;22
624.0;22;36;21;34;138;34;20;37;18
630.0;23;38;20;37;136;34;20;33;19
636.0;23;40;18;40;137;34;19;32;17
642.0;21;41;21;39;139;34;19;30;16
648.0;24;42;18;38;138;33;20;32;15
654.0;23;43;22;37;140;28;22;31;14
660.0;20;46;19;39;140;30;20;31;15
666.0;19;45;18;39;142;29;20;34;14
672.0;21;45;16;41;142;29;20;33;13
678.0;19;45;16;41;143;28;19;34;15
684.0;20;44;15;42;142;28;20;32;17
690.0;21;43;12;39;145;29;20;32;19
696.0;20;44;13;38;146;26;21;32;20
702.0;20;43;15;39;149;25;19;32;18
708.0;19;44;15;41;149;24;18;32;18
714.0;18;44;15;43;149;22;16;34;19
720.0;20;44;13;43;149;21;17;35;18
726.0;18;47;9;43;152;21;17;37;16
732.0;18;47;9;43;150;22;16;37;18
738.0;16;46;11;42;152;23;16;38;16
744.0;14;49;13;42;152;25;12;36;17
750.0;14;48;11;42;152;25;15;39;14
756.0;15;50;11;39;154;25;14;36;16
762.0;19;49;11;37;153;26;15;37;13
768.0;21;45;11;38;156;25;13;38;13
774.0;19;48;10;37;155;26;15;38;12
780.0;17;50;9;37;151;29;14;39;14
786.0;18;50;9;37;151;30;14;37;14
792.0;17;48;9;36;150;32;16;36;16
798.0;16;46;11;36;152;31;17;36;15
804.0;15;46;11;35;155;32;16;35;15
810.0;13;45;12;35;155;32;18;33;17
816.0;13;43;14;35;154;33;20;33;15
822.0;15;41;11;35;157;31;23;30;17
828.0;17;36;11;32;162;32;21;29;20
834.0;17;36;10;31;161;32;21;32;20
840.0;16;36;10;30;161;33;21;33;20
846.0;16;36;10;32;158;30;21;35;22
852.0;17;35;11;32;154;30;21;36;24
858.0;19;34;11;30;158;31;19;35;23
864.0;18;34;13;31;158;29;21;34;22
870.0;18;33;12;32;158;29;23;33;22
876.0;19;33;14;34;158;28;20;32;22
882.0;19;33;17;33;157;27;19;34;21
888.0;22;35;16;31;157;25;18;35;21
894.0;23;37;17;30;156;24;18;37;18
900.0;23;35;16;26;158;25;18;40;19
906.0;23;34;16;27;155;24;20;40;21
912.0;22;34;16;28;154;25;20;40;21
918.0;22;33;13;28;154;26;21;42;21
924.0;20;30;12;31;157;28;20;40;22
930.0;20;29;10;31;157;29;19;43;22
936.0;19;30;10;34;160;28;18;43;18
942.0;15;27;12;38;159;29;21;43;16
948.0;17;27;10;39;160;29;21;39;18
954.0;18;29;9;39;160;28;21;38;18
960.0;16;28;11;38;159;30;23;38;17
966.0;17;28;12;37;160;29;23;38;16
972.0;14;29;13;38;158;32;24;37;15
978.0;15;29;15;39;154;32;22;39;15
984.0;13;29;15;40;156;32;20;38;17
990.0;14;29;14;39;156;34;21;35;18
996.0;14;30;13;37;156;35;20;35;20
1002.0;13;31;15;35;159;37;19;34;17
1008.0;11;32;15;35;161;39;15;36;16
1014.0;10;32;14;35;159;45;14;33;18
1020.0;11;34;16;32;159;46;15;33;14
1026.0;11;33;16;30;159;47;18;31;15
1032.0;11;36;15;33;156;44;17;32;16
1038.0;11;34;18;33;155;42;17;33;17
1044.0;15;31;18;33;153;41;18;34;17
1050.0;15;32;15;32;152;41;18;37;18
1056.0;16;27;17;31;151;41;21;36;20
1062.0;17;26;15;35;149;43;20;36;19
1068.0;17;24;14;35;150;45;22;33;20
1074.0;19;24;14;34;152;44;21;31;21
1080.0;16;24;15;36;151;42;24;33;19
1086.0;17;24;18;33;152;41;23;32;20
1092.0;14;26;17;34;154;43;22;31;19
1098.0;14;27;17;33;153;45;22;31;18
1104.0;15;28;16;35;151;43;23;31;18
1110.0;14;28;23;33;151;46;21;29;15
1116.0;19;28;22;33;152;45;19;28;14
1122.0;18;29;22;32;154;48;19;27;11
1128.0;19;29;21;33;152;49;17;29;11
1134.0;17;28;21;33;154;47;19;29;12
1140.0;20;31;19;34;154;45;17;31;9
1146.0;21;31;15;34;160;42;16;33;8
1152.0;18;32;15;36;159;41;17;33;9
1158.0;18;32;15;35;158;42;16;32;12
1164.0;18;33;16;36;158;40;16;34;9
1170.0;19;31;16;35;158;39;14;35;13
1176.0;19;31;16;31;159;40;16;35;13
1182.0;21;30;15;27;161;42;15;36;13
1188.0;22;30;16;23;165;41;15;36;12
1194.0;21;32;16;25;165;41;13;36;11
1200.0;20;32;16;26;167;41;13;35;10
1206.0;20;31;18;26;167;41;12;36;9
1212.0;22;34;16;21;168;41;13;36;9
1218.0;19;35;19;21;165;39;11;38;13
1224.0;19;35;17;21;166;39;14;38;11
1230.0;19;34;18;24;165;39;12;35;14
1236.0;19;33;16;24;166;40;13;38;11
1242.0;19;33;15;22;169;44;11;36;11
1248.0;18;35;15;23;173;41;12;33;10
1254.0;18;35;14;22;173;41;12;32;13
1260.0;20;35;15;23;170;41;11;31;14
1266.0;19;35;16;23;172;41;9;31;14
1272.0;19;36;17;21;172;42;8;30;15
1278.0;20;37;18;21;167;40;9;33;15
1284.0;21;37;19;21;168;38;10;33;13
1290.0;20;38;19;21;169;40;10;30;13
1296.0;19;36;20;21;170;41;11;27;15
1302.0;17;36;16;23;170;41;12;26;19
1308.0;18;36;15;25;168;40;12;27;19
1314.0;19;37;18;26;163;39;8;29;21
1320.0;19;35;15;26;166;37;11;28;23
1326.0;18;37;12;31;162;35;12;31;22
1332.0;18;38;12;33;161;34;12;30;22
1338.0;16;39;14;33;165;33;12;27;21
1344.0;17;36;17;27;165;32;13;28;25
1350.0;18;37;15;25;166;30;13;28;28
1356.0;20;34;14;27;168;30;14;27;26
1362.0;19;35;15;28;170;29;13;26;25
1368.0;20;34;13;28;168;28;13;29;27
1374.0;18;37;14;29;166;28;11;31;26
1380.0;18;36;14;31;167;27;10;31;26
1386.0;21;36;13;30;167;28;10;32;23
1392.0;19;32;15;35;166;28;10;34;21
1398.0;22;32;12;37;168;27;9;33;20
1404.0;21;30;11;37;167;30;10;33;21
1410.0;24;30;13;37;166;27;9;34;20
1416.0;23;31;13;38;163;27;9;34;22
1422.0;23;32;11;41;166;25;8;34;20
1428.0;21;35;12;37;166;24;11;35;19
1434.0;19;35;13;34;167;28;10;35;19
1440.0;18;33;14;35;167;28;11;35;19
1446.0;19;33;13;34;169;25;11;39;17
1452.0;20;38;13;30;167;27;12;38;15
1458.0;22;37;15;29;166;26;12;39;14
1464.0;24;37;12;30;165;26;13;40;13
1470.0;25;34;15;30;164;26;11;41;14
1476.0;24;32;19;29;160;30;12;40;14
1482.0;23;34;17;29;160;33;13;37;14
1488.0;21;34;19;29;161;35;11;36;14
1494.0;21;33;18;31;159;34;11;35;18
1500.0;22;37;17;31;155;34;13;33;18
1506.0;25;39;21;33;151;29;13;32;17
1512.0;23;37;19;36;152;30;15;31;17
1518.0;22;36;19;34;152;31;16;32;18
1524.0;19;38;19;35;154;30;14;36;15
1530.0;18;38;21;36;156;28;15;34;14
1536.0;19;42;19;40;154;27;13;32;14
1542.0;17;42;19;41;151;28;17;30;15
1548.0;19;41;20;39;154;25;17;31;14
1554.0;16;42;19;38;153;26;17;34;15
1560.0;17;42;17;36;153;26;16;38;15
1566.0;17;40;15;39;153;27;15;38;16
1572.0;18;41;15;39;152;26;16;39;14
1578.0;17;47;16;41;152;24;14;36;13
1584.0;16;47;17;38;151;27;15;35;14
1590.0;16;48;15;34;150;26;18;37;16
1596.0;15;49;16;33;148;27;18;36;18
1602.0;16;47;16;33;149;29;19;34;17
1608.0;15;48;17;31;149;29;17;34;20
1614.0;15;47;18;30;151;28;16;35;20
1620.0;14;47;19;26;153;28;21;33;19
1626.0;13;47;17;25;155;33;21;30;19
1632.0;15;46;19;24;155;33;19;29;20
1638.0;15;46;17;27;155;32;18;29;21
1644.0;17;47;15;28;154;33;19;28;19
1650.0;19;46;15;27;153;35;17;29;19
1656.0;17;47;15;27;153;35;17;29;20
1662.0;16;49;17;27;151;36;16;28;20
1668.0;16;47;19;27;150;38;18;28;17
1674.0;12;45;19;27;154;37;18;28;20
1680.0;11;43;17;26;154;37;21;29;22
1686.0;13;44;16;24;153;38;24;29;19
1692.0;17;46;15;25;151;40;21;29;16
1698.0;17;44;16;25;153;41;20;29;15
1704.0;16;45;17;25;151;41;20;29;16
1710.0;19;44;17;24;150;41;19;28;18
1716.0;19;43;18;27;148;40;16;29;20
1722.0;22;40;20;27;147;38;15;29;22
1728.0;21;39;19;26;149;39;16;30;21
1734.0;21;37;18;27;149;40;15;32;21
1740.0;22;40;18;27;152;38;16;29;18
1746.0;22;41;18;30;150;36;16;32;15
1752.0;19;43;17;34;150;38;14;30;15
1758.0;20;43;13;31;152;35;16;32;18
1764.0;17;45;13;32;152;33;18;33;17
1770.0;16;44;13;33;155;32;19;33;15
1776.0;16;40;13;34;157;35;18;33;14
1782.0;17;44;13;34;155;35;16;35;11
1788.0;20;43;13;33;156;36;15;33;11
1794.0;21;41;15;33;155;36;16;33;10
