#auto generated file!
12.0;30;27;25;36;24;35;34;42;27
18.0;30;29;21;36;27;34;32;43;28
24.0;30;33;19;38;28;33;31;42;26
30.0;30;35;18;39;29;34;30;41;24
36.0;31;36;19;36;32;32;29;42;23
42.0;31;37;21;32;36;32;30;41;20
48.0;31;36;20;32;37;32;33;40;19
54.0;28;40;18;33;39;33;32;39;18
60.0;25;37;20;31;44;34;31;39;19
66.0;24;36;22;32;45;32;28;41;20
72.0;25;34;22;32;47;31;29;40;20
78.0;21;33;23;31;48;32;31;39;22
84.0;18;34;23;30;50;31;31;41;22
90.0;21;29;23;30;51;31;29;41;25
96.0;19;32;21;30;56;32;26;39;25
102.0;21;32;19;31;58;27;23;44;25
108.0;18;34;15;30;63;26;24;48;22
114.0;19;34;13;31;62;27;24;47;23
120.0;20;35;12;32;62;26;23;47;23
126.0;22;36;13;34;66;24;17;46;22
132.0;23;35;13;32;67;25;17;47;21
138.0;21;37;10;33;68;23;18;47;23
144.0;20;36;13;32;68;22;21;46;22
150.0;17;35;14;31;69;26;21;46;21
156.0;19;36;14;29;69;27;19;46;21
162.0;21;37;15;31;72;26;17;45;16
168.0;21;37;15;30;72;27;18;45;15
174.0;18;38;20;30;72;25;18;44;15
180.0;18;35;21;32;73;22;19;43;17
186.0;18;29;21;35;73;24;20;42;18
192.0;16;30;22;32;73;25;19;44;19
198.0;13;29;21;32;73;28;21;44;19
204.0;14;28;20;33;73;32;21;44;15
210.0;17;26;21;35;76;31;17;42;15
216.0;18;27;20;33;76;34;16;42;14
222.0;20;26;19;33;76;31;16;43;16
228.0;22;27;19;31;78;32;16;40;15
234.0;23;27;17;31;79;33;17;40;13
240.0;23;27;17;34;80;32;16;39;12
246.0;23;26;15;35;80;33;17;40;11
252.0;23;27;18;33;80;34;16;36;13
258.0;22;26;17;32;81;33;18;39;12
264.0;18;24;19;28;83;33;18;42;15
270.0;19;24;18;27;82;34;17;42;17
276.0;19;23;19;27;82;33;18;43;16
282.0;21;22;23;27;81;32;17;39;18
288.0;18;22;23;28;82;35;15;40;17
294.0;17;22;20;29;84;35;16;41;16
300.0;18;24;20;29;86;32;17;40;14
306.0;17;24;19;28;88;29;18;40;17
312.0;17;25;18;27;88;30;19;40;16
318.0;12;27;19;27;91;28;18;40;18
324.0;14;26;19;26;92;30;19;40;14
330.0;15;28;16;25;94;31;19;38;14
336.0;18;29;15;26;97;29;17;37;12
342.0;20;26;15;26;98;26;16;39;14
348.0;18;27;13;28;101;25;13;41;14
354.0;20;27;14;24;100;26;14;41;14
360.0;20;27;15;24;102;24;12;40;16
366.0;22;22;11;23;105;27;14;38;18
372.0;21;22;11;25;102;27;16;38;18
378.0;21;20;11;27;104;24;15;41;17
384.0;18;21;12;30;104;23;17;40;15
390.0;20;20;10;30;104;23;18;39;16
396.0;18;20;12;29;103;22;19;38;19
402.0;16;20;10;31;104;23;19;38;19
408.0;15;21;10;32;103;24;17;39;19
414.0;14;22;11;31;103;23;18;41;17
420.0;16;21;12;30;105;20;16;42;18
426.0;15;20;12;32;106;23;15;40;17
432.0;13;19;11;32;106;23;17;42;17
438.0;13;20;10;34;103;23;16;43;18
444.0;15;21;8;36;104;22;15;43;16
450.0;14;21;8;40;103;19;16;43;16
456.0;12;21;9;38;103;18;17;45;17
462.0;13;21;13;36;103;17;18;44;15
468.0;12;22;13;36;102;17;19;43;16
474.0;13;24;15;34;102;15;16;42;19
480.0;17;26;14;33;101;16;15;42;16
486.0;17;25;13;34;101;18;13;41;18
492.0;18;23;12;36;101;19;13;41;17
498.0;16;22;14;37;102;19;11;40;19
504.0;18;25;11;35;103;18;14;37;19
510.0;17;25;12;37;102;21;13;36;17
516.0;17;25;10;36;101;21;15;35;20
522.0;17;25;12;35;101;22;13;36;19
528.0;15;25;12;34;101;23;14;38;18
534.0;16;27;12;33;99;24;15;37;17
540.0;18;27;12;31;99;25;14;37;17
546.0;18;31;14;32;98;25;13;34;15
552.0;18;31;16;30;97;26;13;35;14
558.0;18;30;17;28;96;29;17;30;15
564.0;18;30;16;25;98;30;17;32;14
570.0;18;32;16;25;100;29;16;30;14
576.0;18;30;16;25;104;28;15;31;13
582.0;17;30;13;26;103;29;16;32;14
588.0;18;27;15;24;103;32;17;30;14
594.0;15;25;14;27;106;32;17;30;14
600.0;15;27;12;27;107;32;16;30;14
606.0;14;32;11;26;106;32;16;29;14
612.0;14;33;10;27;105;32;15;29;15
618.0;13;34;11;27;107;29;16;28;15
624.0;13;31;14;26;107;29;18;27;15
630.0;12;30;15;28;107;31;18;27;12
636.0;14;30;15;28;107;32;17;25;12
642.0;16;30;15;30;104;32;18;24;11
648.0;17;28;15;31;105;30;19;25;10
654.0;17;28;13;28;105;32;19;27;11
660.0;20;29;13;27;108;34;13;26;10
666.0;21;32;13;27;106;34;13;24;10
672.0;19;33;15;26;107;35;13;24;8
678.0;20;31;17;26;105;35;12;24;10
684.0;18;29;15;26;106;37;15;24;10
690.0;17;29;15;31;106;38;12;24;8
696.0;18;29;14;31;105;40;10;24;9
702.0;18;29;15;29;106;38;9;25;11
708.0;17;30;18;29;105;36;8;25;12
714.0;18;30;16;31;106;35;8;24;12
720.0;16;31;16;33;105;33;9;24;13
726.0;16;31;12;35;103;34;11;25;13
732.0;16;32;12;35;102;33;11;27;12
738.0;15;32;14;33;103;32;11;27;13
744.0;13;31;15;32;104;34;11;27;13
750.0;13;29;18;34;104;35;10;26;11
756.0;12;28;18;33;105;37;10;26;11
762.0;12;27;18;34;106;37;8;26;12
768.0;12;26;16;36;107;37;9;26;11
774.0;11;24;17;35;108;36;13;27;9
780.0;12;24;15;37;109;36;11;25;11
786.0;12;25;14;38;108;35;9;25;14
792.0;12;27;14;37;107;34;9;25;15
798.0;13;26;16;36;107;32;10;25;15
804.0;13;25;16;37;106;31;10;26;16
810.0;12;24;16;37;106;29;11;28;17
816.0;10;24;17;37;108;27;11;28;18
822.0;14;29;16;35;108;24;11;27;16
828.0;12;27;19;34;109;24;12;28;15
834.0;9;29;17;31;110;24;13;30;17
840.0;8;28;15;32;110;25;14;31;17
846.0;11;28;16;30;110;27;15;30;13
852.0;13;26;17;33;111;27;13;26;14
858.0;12;26;17;33;109;30;14;24;15
864.0;14;28;17;30;109;28;13;23;18
870.0;15;28;15;29;109;27;16;23;18
876.0;13;29;15;32;110;26;18;22;15
882.0;10;30;18;34;111;28;17;20;12
888.0;11;27;17;36;111;29;18;17;14
894.0;10;29;15;36;112;29;19;19;11
900.0;12;27;13;36;114;29;19;17;13
906.0;13;28;14;37;115;29;19;15;10
912.0;12;26;14;38;118;31;15;16;10
918.0;11;26;15;37;117;30;15;16;13
924.0;11;26;13;39;118;27;15;17;14
930.0;11;25;13;37;120;29;15;18;12
936.0;12;25;12;37;123;27;14;18;12
942.0;13;25;11;37;123;28;15;18;10
948.0;11;25;10;37;120;30;16;21;10
954.0;8;26;10;38;124;26;16;22;10
960.0;8;26;11;39;123;25;16;24;8
966.0;11;25;11;38;125;23;14;23;10
972.0;10;27;9;37;125;23;14;23;12
978.0;10;27;11;38;125;22;14;23;10
984.0;10;25;9;36;127;21;15;23;14
990.0;9;24;12;36;128;22;13;22;14
996.0;11;21;13;37;128;21;12;22;15
1002.0;12;20;13;39;130;21;9;21;15
1008.0;13;17;11;40;132;23;7;21;16
1014.0;12;16;11;40;132;24;5;23;17
1020.0;13;17;12;39;134;20;8;22;15
1026.0;12;17;12;39;136;19;9;23;13
1032.0;14;19;11;34;132;21;13;26;10
1038.0;18;18;11;32;132;20;13;23;13
1044.0;17;20;11;30;131;20;14;23;14
1050.0;17;18;11;29;131;24;14;22;14
1056.0;18;18;10;29;132;22;13;24;14
1062.0;16;19;10;30;130;23;14;26;12
1068.0;15;23;10;30;131;21;13;24;13
1074.0;18;23;10;31;129;19;14;24;12
1080.0;18;23;9;32;128;20;14;23;13
1086.0;15;25;11;28;133;21;13;22;12
1092.0;15;26;8;28;129;22;13;24;15
1098.0;16;26;8;27;130;23;12;25;13
1104.0;16;25;8;25;131;25;13;23;14
1110.0;18;23;10;26;133;25;12;20;13
1116.0;18;23;11;24;134;24;12;21;13
1122.0;19;21;10;23;133;25;11;24;14
1128.0;18;21;10;24;132;25;11;25;14
1134.0;20;22;8;23;133;26;10;24;14
1140.0;17;21;8;25;134;26;12;23;14
1146.0;16;22;9;25;134;25;13;22;14
1152.0;18;21;10;26;133;24;9;23;16
1158.0;17;22;8;28;130;24;8;26;17
1164.0;17;22;9;28;129;24;8;27;16
1170.0;16;24;10;26;128;23;9;28;16
1176.0;18;24;7;26;128;22;10;27;18
1182.0;14;24;7;28;130;25;9;26;17
1188.0;14;22;7;29;129;26;9;27;17
1194.0;16;19;7;27;128;28;9;28;18
1200.0;16;18;8;27;126;31;10;27;17
1206.0;14;18;9;25;129;32;9;26;18
1212.0;11;17;9;27;128;33;11;27;17
1218.0;13;19;9;26;128;33;11;27;14
1224.0;13;17;9;25;128;34;11;28;15
1230.0;16;17;10;27;127;32;14;26;11
1236.0;16;19;10;26;126;30;14;26;13
1242.0;14;21;10;28;127;32;13;23;12
1248.0;13;23;10;29;130;28;13;22;12
1254.0;14;24;10;30;129;28;13;20;12
1260.0;13;24;10;29;129;32;13;19;11
1266.0;13;25;11;28;129;31;12;20;11
1272.0;12;22;12;27;131;30;13;22;11
1278.0;13;22;12;27;133;29;12;21;11
1284.0;14;24;12;27;134;28;11;18;12
1290.0;10;23;12;28;136;29;13;17;12
1296.0;10;24;12;26;135;31;12;16;14
1302.0;9;25;12;27;135;32;13;16;11
1308.0;9;26;13;29;134;28;12;18;11
1314.0;8;26;14;29;133;29;12;18;11
1320.0;9;25;16;28;133;31;10;18;10
1326.0;7;26;16;28;133;30;9;18;13
1332.0;7;25;15;29;131;32;12;18;11
1338.0;9;25;15;29;130;30;11;21;10
1344.0;8;30;15;28;130;30;8;20;11
1350.0;9;29;17;28;129;28;9;20;11
1356.0;9;32;15;27;126;28;12;20;11
1362.0;9;31;15;28;124;29;12;20;12
1368.0;10;32;16;24;126;27;13;19;13
1374.0;10;33;15;26;125;27;12;19;13
1380.0;12;27;14;29;125;30;12;17;14
1386.0;11;29;14;26;126;30;14;18;12
1392.0;10;31;12;25;126;33;16;18;9
1398.0;8;32;10;27;125;33;16;18;11
1404.0;8;30;11;26;124;32;16;21;12
1410.0;7;29;11;27;125;31;15;21;14
1416.0;9;27;11;30;126;28;15;21;13
1422.0;10;26;13;30;128;24;14;20;15
1428.0;13;23;13;30;127;26;10;21;17
1434.0;15;22;13;28;129;24;10;23;16
1440.0;16;21;12;29;130;23;10;24;15
1446.0;16;24;12;27;130;23;10;23;15
1452.0;17;24;11;26;129;27;11;23;12
1458.0;18;27;13;26;128;25;11;23;9
1464.0;21;28;14;25;126;23;12;22;9
1470.0;18;31;15;25;125;19;11;25;11
1476.0;17;29;14;24;126;17;16;25;12
1482.0;16;31;13;26;124;20;14;25;11
1488.0;15;31;16;24;125;20;14;23;12
1494.0;15;32;17;21;123;22;13;24;13
1500.0;17;34;19;19;120;22;14;23;12
1506.0;15;35;18;19;124;22;12;22;13
1512.0;15;35;20;22;121;21;11;21;14
1518.0;15;35;20;25;121;20;10;18;16
1524.0;14;35;20;27;121;20;9;18;16
1530.0;13;32;19;27;122;23;7;20;17
1536.0;14;30;18;28;123;22;7;21;17
1542.0;15;30;15;27;120;25;8;22;18
1548.0;16;27;15;31;119;29;7;21;15
1554.0;12;26;17;32;119;27;7;23;17
1560.0;11;26;21;30;119;29;6;23;15
1566.0;11;24;21;28;123;30;8;23;12
1572.0;11;23;20;25;125;32;8;23;13
1578.0;10;22;24;24;122;33;9;24;12
1584.0;11;23;26;22;122;34;10;23;9
1590.0;11;24;24;23;122;34;11;20;11
1596.0;14;25;22;24;122;32;12;18;11
1602.0;14;27;24;22;122;31;12;15;13
1608.0;15;30;24;22;121;30;13;15;10
1614.0;15;31;23;22;121;27;14;15;12
1620.0;14;33;23;20;120;27;15;17;11
1626.0;13;35;22;18;121;27;15;16;13
1632.0;9;34;24;17;126;26;16;16;12
1638.0;9;32;22;19;124;28;13;16;17
1644.0;8;32;20;19;125;28;13;18;17
1650.0;9;32;17;21;124;30;13;18;16
1656.0;10;30;17;21;127;30;15;18;12
1662.0;12;27;16;20;129;31;14;17;14
1668.0;15;26;13;19;129;33;14;19;12
1674.0;17;25;12;18;131;31;14;19;13
1680.0;13;28;12;18;129;31;16;18;15
1686.0;18;27;11;20;128;29;14;16;17
1692.0;18;26;11;20;127;28;15;16;19
1698.0;19;24;12;23;125;27;15;16;19
1704.0;18;22;12;24;123;27;15;17;22
1710.0;19;23;11;23;122;29;14;18;21
1716.0;20;22;11;25;121;30;15;18;18
1722.0;19;20;10;24;124;31;13;20;19
1728.0;19;21;11;23;125;32;11;20;18
1734.0;19;20;10;22;126;33;12;22;16
1740.0;16;22;12;21;126;31;14;22;16
1746.0;15;23;11;20;125;27;16;26;17
1752.0;14;22;11;20;124;29;16;26;18
1758.0;15;23;13;18;125;29;14;26;17
1764.0;18;22;13;20;123;29;12;26;17
1770.0;19;19;18;20;123;28;10;30;13
1776.0;24;18;16;22;120;27;10;31;12
1782.0;25;20;16;22;118;28;9;29;13
1788.0;26;21;18;20;119;27;8;29;12
1794.0;27;21;16;21;120;27;8;29;11
