#auto generated file!
12.0;20;21;24;19;21;21;25;22;17
18.0;20;21;23;18;24;19;26;21;18
24.0;21;20;22;20;27;19;26;19;16
30.0;17;20;22;22;27;21;25;20;16
36.0;21;20;20;21;26;23;22;21;16
42.0;22;22;19;21;26;23;21;21;15
48.0;21;24;15;22;30;22;20;20;16
54.0;15;25;15;26;32;22;17;20;18
60.0;16;26;13;28;32;22;14;23;16
66.0;15;25;16;27;33;23;14;23;14
72.0;13;27;14;26;35;22;18;22;13
78.0;12;29;13;24;36;24;17;21;14
84.0;10;31;12;24;39;23;18;22;11
90.0;10;29;12;22;41;24;20;21;11
96.0;11;28;14;22;40;24;18;23;10
102.0;13;29;11;20;41;26;16;24;10
108.0;12;28;11;21;41;27;15;25;10
114.0;12;28;10;22;44;26;13;25;10
120.0;13;26;10;22;43;26;13;25;12
126.0;13;24;10;22;46;24;15;22;14
132.0;13;25;13;24;44;24;12;23;12
138.0;13;24;13;24;43;25;11;23;14
144.0;11;25;12;23;46;22;12;24;15
150.0;13;26;13;24;45;22;11;22;14
156.0;14;25;11;24;48;22;9;22;15
162.0;15;27;12;23;48;21;10;20;14
168.0;17;29;11;20;47;20;9;22;15
174.0;15;28;10;23;49;20;11;21;13
180.0;17;28;9;24;49;18;10;22;13
186.0;13;25;10;22;53;17;11;22;17
192.0;12;26;11;21;54;17;10;22;17
198.0;12;25;11;21;53;17;11;24;16
204.0;13;24;10;21;53;16;11;24;18
210.0;11;23;12;20;53;17;13;24;17
216.0;14;25;10;18;55;17;14;21;16
222.0;14;24;10;20;55;15;13;23;16
228.0;15;23;12;21;56;14;13;21;15
234.0;12;24;11;24;57;14;11;20;17
240.0;14;24;10;25;56;15;13;17;16
246.0;15;23;11;26;56;15;13;17;14
252.0;15;24;8;28;57;15;10;18;15
258.0;12;23;9;29;58;15;10;18;16
264.0;13;22;9;29;59;15;12;17;14
270.0;13;22;10;27;61;15;12;16;14
276.0;13;25;9;26;63;14;11;15;14
282.0;11;26;10;26;61;14;11;16;15
288.0;9;25;12;27;61;14;10;16;16
294.0;8;25;12;28;62;17;8;15;15
300.0;7;25;11;27;62;17;10;16;15
306.0;7;24;12;27;61;18;11;15;15
312.0;8;24;12;26;61;16;13;15;15
318.0;9;22;14;25;60;15;13;16;16
324.0;8;21;15;25;65;14;13;16;13
330.0;9;21;13;24;64;16;12;18;13
336.0;7;22;11;25;66;17;12;18;12
342.0;8;22;11;25;66;14;13;18;13
348.0;9;23;11;21;68;13;11;20;14
354.0;9;23;10;22;68;14;10;19;15
360.0;8;22;13;25;68;16;11;16;11
366.0;7;22;13;23;69;17;9;17;13
372.0;7;22;12;24;70;15;9;18;13
378.0;7;20;13;26;69;16;11;18;10
384.0;10;20;11;26;71;15;9;17;11
390.0;9;22;11;25;72;15;9;19;8
396.0;12;23;10;23;70;17;9;18;8
402.0;11;23;8;25;71;18;9;18;7
408.0;10;24;8;26;72;18;6;20;6
414.0;10;22;7;26;74;17;7;20;7
420.0;9;22;6;29;74;17;7;19;7
426.0;10;18;5;29;76;17;9;20;6
432.0;12;18;6;27;76;15;9;20;7
438.0;12;15;6;26;76;15;11;20;9
444.0;12;18;6;24;78;16;10;17;9
450.0;11;18;5;23;78;16;10;17;12
456.0;10;17;5;22;79;17;10;18;12
462.0;8;17;5;20;80;17;11;20;12
468.0;10;18;5;20;79;16;9;21;12
474.0;10;17;5;21;77;17;11;20;12
480.0;11;18;5;22;78;16;9;19;12
486.0;11;18;8;24;76;16;10;16;11
492.0;12;17;9;24;76;16;10;16;10
498.0;12;17;9;25;77;17;9;16;8
504.0;11;18;9;25;77;17;9;15;9
510.0;11;19;8;25;75;17;10;16;9
516.0;9;18;7;24;78;18;9;18;9
522.0;9;18;8;22;77;21;9;16;10
528.0;8;17;9;22;78;21;8;15;12
534.0;9;16;9;21;78;21;9;16;11
540.0;8;16;7;20;78;23;9;17;12
546.0;10;18;5;20;77;23;9;16;12
552.0;13;18;4;17;78;23;10;15;12
558.0;12;20;5;17;78;21;11;15;11
564.0;12;21;5;17;81;20;11;13;10
570.0;12;21;6;16;80;21;10;15;9
576.0;12;22;7;17;80;19;10;14;9
582.0;12;21;8;17;81;19;9;14;9
588.0;13;21;9;15;83;19;9;13;8
594.0;12;22;8;16;84;22;5;13;8
600.0;12;22;7;16;85;22;5;13;8
606.0;14;23;6;17;83;23;5;12;7
612.0;14;21;9;18;79;22;7;12;8
618.0;14;21;8;19;79;22;7;12;8
624.0;14;19;8;21;80;21;6;14;7
630.0;14;18;9;19;82;20;7;14;7
636.0;12;16;9;17;83;18;11;15;9
642.0;13;17;8;17;83;16;12;15;9
648.0;14;16;8;14;84;16;14;16;8
654.0;14;17;8;15;84;18;12;14;8
660.0;15;16;6;14;87;17;10;17;8
666.0;15;17;7;12;88;16;11;16;8
672.0;15;16;7;12;89;15;11;17;8
678.0;17;16;8;12;87;15;10;16;9
684.0;16;18;8;13;87;14;10;14;10
690.0;13;19;8;15;85;18;9;14;9
696.0;16;18;8;15;85;17;8;15;8
702.0;14;18;8;14;87;17;11;13;8
708.0;15;18;10;14;87;16;10;12;8
714.0;12;18;11;16;87;15;10;12;9
720.0;12;16;11;20;87;17;11;10;6
726.0;12;17;9;20;88;17;8;10;9
732.0;12;16;10;21;86;17;8;11;9
738.0;11;17;8;20;86;19;10;10;9
744.0;11;17;9;20;85;19;12;8;9
750.0;11;16;10;19;84;20;12;9;9
756.0;11;16;11;19;84;20;10;10;9
762.0;9;16;9;20;84;20;11;10;11
768.0;10;14;10;18;86;19;11;11;11
774.0;9;13;10;17;84;23;9;12;13
780.0;10;12;11;17;83;22;7;13;15
786.0;10;11;10;18;81;23;8;13;16
792.0;11;13;10;18;80;23;8;13;14
798.0;10;13;12;18;80;24;8;12;13
804.0;10;17;11;17;79;25;7;12;12
810.0;10;17;9;18;80;25;7;12;12
816.0;10;17;9;20;79;24;7;12;12
822.0;8;20;9;19;80;24;8;10;12
828.0;7;21;9;18;81;24;9;11;10
834.0;9;22;10;17;80;24;9;10;9
840.0;9;22;11;19;77;22;8;11;11
846.0;8;21;9;20;79;22;8;12;11
852.0;6;20;9;20;80;22;7;13;13
858.0;5;21;10;21;79;23;7;13;11
864.0;7;19;11;22;78;26;6;11;10
870.0;8;20;13;22;76;25;5;12;9
876.0;7;20;11;22;78;25;7;12;8
882.0;8;17;11;22;79;23;6;14;10
888.0;8;18;10;21;79;23;4;15;12
894.0;5;19;10;20;79;22;5;16;14
900.0;8;18;10;17;80;23;5;15;14
906.0;7;20;10;15;80;22;7;14;15
912.0;9;19;10;15;79;21;8;15;14
918.0;10;16;8;16;80;20;8;17;15
924.0;11;16;9;15;81;18;7;17;16
930.0;11;16;10;14;81;18;8;18;14
936.0;11;17;10;14;81;18;7;19;13
942.0;11;16;12;13;82;18;8;17;13
948.0;10;15;12;14;84;18;8;19;10
954.0;7;15;10;15;86;19;7;18;13
960.0;8;15;10;15;86;18;7;19;12
966.0;8;15;11;14;86;18;8;18;12
972.0;10;20;11;12;85;16;8;18;10
978.0;13;18;10;13;85;15;8;18;10
984.0;11;18;10;16;85;17;7;16;10
990.0;11;19;10;16;86;18;7;15;8
996.0;9;20;10;15;86;18;9;15;8
1002.0;8;19;11;17;87;18;7;15;8
1008.0;8;19;10;18;85;18;7;16;9
1014.0;7;18;9;17;88;17;9;16;9
1020.0;8;17;8;16;88;17;9;18;9
1026.0;8;16;8;18;89;14;10;18;9
1032.0;8;15;11;19;88;14;10;17;8
1038.0;8;16;11;19;89;13;9;17;8
1044.0;8;17;10;20;91;14;7;15;8
1050.0;7;16;9;20;94;15;6;15;8
1056.0;7;18;9;21;93;15;6;15;6
1062.0;8;17;9;18;94;16;6;16;6
1068.0;8;15;8;20;93;18;5;16;7
1074.0;8;15;8;20;94;17;6;15;7
1080.0;7;14;9;19;92;18;8;16;7
1086.0;7;14;8;18;93;20;7;16;7
1092.0;7;15;10;18;93;20;7;15;5
1098.0;7;15;9;19;91;21;9;13;6
1104.0;7;16;9;18;91;20;9;14;6
1110.0;7;18;10;18;92;19;8;14;4
1116.0;8;20;10;17;93;14;10;14;4
1122.0;5;22;9;20;91;14;9;14;6
1128.0;6;21;9;21;91;14;9;14;5
1134.0;6;20;9;21;92;14;8;14;6
1140.0;5;19;9;19;94;13;9;14;8
1146.0;7;19;7;18;95;12;8;16;8
1152.0;10;18;7;18;94;11;8;16;8
1158.0;9;19;9;18;93;10;8;18;6
1164.0;9;19;7;19;93;10;8;18;7
1170.0;9;19;7;19;93;9;9;17;8
1176.0;8;19;6;21;91;9;8;18;10
1182.0;6;21;5;23;91;9;7;17;11
1188.0;6;21;5;23;91;9;8;16;11
1194.0;8;22;4;22;91;9;9;14;11
1200.0;7;23;3;23;91;9;10;13;11
1206.0;9;22;6;23;90;8;8;13;11
1212.0;10;21;7;21;91;8;7;15;10
1218.0;9;22;6;22;90;9;8;16;8
1224.0;8;21;4;25;90;10;8;16;8
1230.0;8;22;4;25;90;10;7;16;8
1236.0;8;22;4;24;89;11;8;15;9
1242.0;7;22;5;27;88;9;6;16;10
1248.0;6;22;6;25;86;9;7;18;11
1254.0;6;24;7;23;87;8;8;15;12
1260.0;7;24;8;22;87;9;8;13;12
1266.0;7;22;7;23;88;10;9;13;11
1272.0;7;21;8;23;87;10;10;13;11
1278.0;9;22;8;21;85;9;11;13;12
1284.0;11;19;8;20;86;11;11;14;10
1290.0;9;20;9;21;89;10;10;14;8
1296.0;9;18;8;21;91;11;10;13;9
1302.0;9;18;11;21;89;12;9;12;9
1308.0;9;19;10;20;89;13;7;14;9
1314.0;9;20;11;20;89;12;9;12;8
1320.0;9;21;11;19;87;10;11;14;8
1326.0;9;19;10;19;87;11;11;16;8
1332.0;12;20;7;17;85;12;11;17;9
1338.0;10;21;6;17;86;12;12;17;9
1344.0;11;23;5;16;87;12;11;18;7
1350.0;9;23;5;19;88;10;10;18;8
1356.0;8;22;5;17;89;11;9;21;8
1362.0;7;19;5;18;89;12;10;23;7
1368.0;8;18;5;17;90;12;13;20;7
1374.0;9;16;7;19;89;12;13;19;6
1380.0;8;14;6;22;88;12;13;20;7
1386.0;9;14;6;20;86;13;13;21;8
1392.0;9;11;7;21;88;13;13;19;9
1398.0;9;10;7;20;87;13;13;19;12
1404.0;8;11;8;22;86;13;13;20;9
1410.0;9;12;6;24;86;13;12;19;9
1416.0;10;11;9;22;86;13;10;20;9
1422.0;9;11;8;22;87;13;11;19;10
1428.0;9;11;8;21;86;15;12;17;11
1434.0;8;11;9;20;86;17;9;18;12
1440.0;8;10;9;23;87;16;9;16;12
1446.0;7;9;9;24;88;14;11;16;12
1452.0;6;10;9;24;89;14;9;16;13
1458.0;4;10;8;25;91;15;9;18;10
1464.0;4;12;7;24;93;15;8;18;9
1470.0;3;11;8;24;93;15;9;18;9
1476.0;3;11;8;24;93;16;9;17;9
1482.0;3;13;8;22;94;17;8;16;9
1488.0;3;15;8;21;92;18;8;17;8
1494.0;5;14;9;22;95;15;7;16;7
1500.0;4;17;8;22;97;14;7;14;7
1506.0;5;17;8;23;95;15;7;14;6
1512.0;5;15;7;25;96;17;6;14;5
1518.0;6;14;7;26;96;16;6;14;5
1524.0;8;14;7;25;94;17;6;13;6
1530.0;9;14;5;27;93;17;6;13;6
1536.0;9;14;6;29;92;16;7;12;5
1542.0;10;13;6;27;91;19;8;12;4
1548.0;10;14;4;27;90;21;8;12;4
1554.0;11;13;6;27;89;21;5;13;5
1560.0;11;15;6;26;90;21;3;13;5
1566.0;10;15;6;28;89;21;3;11;7
1572.0;12;15;7;27;89;21;1;11;7
1578.0;11;14;7;28;89;22;1;12;6
1584.0;11;12;6;26;91;21;2;11;10
1590.0;9;13;6;27;91;21;2;12;9
1596.0;9;13;6;24;92;21;3;12;10
1602.0;7;14;6;26;93;19;3;12;10
1608.0;7;14;6;28;92;18;4;12;9
1614.0;8;15;5;27;93;18;4;12;8
1620.0;9;18;5;24;92;19;4;12;7
1626.0;9;18;6;23;91;18;4;14;7
1632.0;10;19;6;23;88;19;5;14;6
1638.0;9;19;9;20;91;20;5;13;4
1644.0;10;19;9;17;91;18;7;13;6
1650.0;9;17;10;16;90;19;6;16;7
1656.0;8;20;8;14;90;19;7;17;7
1662.0;9;18;10;12;90;20;5;19;7
1668.0;10;17;7;12;91;19;5;19;10
1674.0;10;17;8;12;90;18;6;20;9
1680.0;12;15;11;12;89;20;6;18;7
1686.0;13;17;7;13;89;18;6;20;7
1692.0;14;17;7;13;88;17;7;20;7
1698.0;13;18;6;13;90;18;7;18;7
1704.0;12;18;6;12;89;22;6;19;6
1710.0;12;19;6;13;89;20;5;20;6
1716.0;10;21;4;13;89;22;5;20;6
1722.0;9;18;5;14;89;22;4;20;9
1728.0;7;19;5;14;89;23;4;21;8
1734.0;6;18;6;15;90;23;4;21;7
1740.0;7;18;6;15;90;21;4;21;8
1746.0;5;16;7;16;90;21;7;21;7
1752.0;6;17;8;17;89;20;6;21;6
1758.0;7;17;7;16;89;17;8;21;8
1764.0;7;18;7;17;88;18;9;20;6
1770.0;6;18;6;18;87;21;8;20;6
1776.0;6;18;8;17;88;20;7;20;6
1782.0;9;18;8;18;87;20;4;20;6
1788.0;8;19;8;19;87;21;3;20;5
1794.0;6;20;9;20;85;21;3;21;5
