#auto generated file!
12.0;35;33;41;41;57;43;35;49;36
18.0;34;34;39;44;59;45;29;48;38
24.0;33;34;40;45;61;43;30;47;37
30.0;31;33;42;46;61;45;30;48;34
36.0;28;34;38;48;61;47;32;49;33
42.0;26;34;36;47;61;48;34;51;33
48.0;28;36;40;43;63;48;32;49;31
54.0;30;39;39;41;64;47;33;45;32
60.0;27;39;37;43;64;49;32;45;34
66.0;27;42;35;42;65;48;32;45;34
72.0;26;41;33;40;70;53;28;45;34
78.0;29;44;32;39;71;52;24;47;32
84.0;24;47;31;41;73;55;21;47;31
90.0;24;46;31;36;75;54;20;53;31
96.0;26;48;27;37;82;47;20;51;32
102.0;25;55;23;35;84;45;18;48;37
108.0;26;58;24;33;87;43;17;45;37
114.0;30;59;22;32;88;43;19;45;32
120.0;30;54;23;33;88;43;21;45;33
126.0;27;53;26;32;88;45;23;45;31
132.0;27;53;29;34;91;45;24;40;27
138.0;26;54;28;34;89;46;23;42;28
144.0;22;56;26;35;90;47;25;41;28
150.0;21;50;29;35;94;47;25;42;27
156.0;22;46;28;35;98;49;24;43;25
162.0;22;46;26;37;100;49;24;42;24
168.0;21;45;24;41;99;47;28;41;24
174.0;20;50;24;38;103;46;25;42;22
180.0;22;48;21;39;104;47;23;44;22
186.0;22;45;23;40;104;47;23;43;23
192.0;23;47;22;40;105;45;25;42;21
198.0;22;50;23;40;107;44;26;42;16
204.0;21;52;21;38;109;44;28;41;16
210.0;21;50;25;35;112;43;28;41;15
216.0;22;54;24;35;113;42;28;39;13
222.0;20;52;25;33;115;43;30;39;13
228.0;18;54;24;33;115;43;28;40;15
234.0;22;53;23;33;112;43;29;40;15
240.0;20;55;18;35;115;43;27;41;16
246.0;22;51;18;38;115;43;26;37;20
252.0;23;50;19;41;112;42;24;39;20
258.0;19;51;17;40;111;44;24;43;21
264.0;18;50;18;43;113;42;22;43;21
270.0;20;48;18;43;114;44;20;44;19
276.0;20;50;17;42;114;42;23;43;19
282.0;18;50;17;41;118;45;24;39;18
288.0;19;50;14;43;119;44;24;37;20
294.0;18;48;14;41;119;44;26;40;20
300.0;17;47;13;41;120;44;24;41;23
306.0;17;47;12;40;121;42;24;44;23
312.0;17;45;12;39;121;43;23;46;24
318.0;15;44;13;39;119;40;25;51;24
324.0;12;45;13;38;121;40;24;51;26
330.0;14;45;12;38;123;35;23;56;24
336.0;15;46;15;38;122;34;20;58;22
342.0;16;45;18;34;124;34;23;54;22
348.0;17;42;17;35;124;34;23;53;25
354.0;17;41;18;36;122;34;26;53;23
360.0;16;41;16;38;122;34;26;53;24
366.0;16;40;15;34;124;36;25;55;25
372.0;16;41;18;35;125;35;22;55;23
378.0;16;39;20;35;125;38;23;54;20
384.0;14;36;19;36;127;38;23;55;22
390.0;14;31;19;38;129;37;22;55;25
396.0;14;32;18;39;129;39;23;53;23
402.0;13;32;18;40;131;36;23;51;26
408.0;13;33;18;41;135;37;21;51;21
414.0;13;32;17;43;135;38;22;51;19
420.0;17;33;19;41;136;37;19;50;18
426.0;17;33;19;39;137;41;17;50;17
432.0;14;34;19;40;138;41;19;49;16
438.0;19;34;21;40;140;39;15;47;15
444.0;19;36;18;40;139;39;15;47;17
450.0;20;36;20;41;136;39;17;44;17
456.0;22;37;21;38;137;43;15;42;15
462.0;22;35;17;38;140;47;15;43;13
468.0;21;33;18;37;143;46;14;46;12
474.0;21;35;15;37;143;47;14;46;12
480.0;21;34;15;40;145;41;16;45;13
486.0;20;34;18;38;142;39;17;45;17
492.0;21;35;19;37;142;39;18;42;17
498.0;25;33;20;34;142;40;18;41;17
504.0;23;35;23;35;145;38;19;37;15
510.0;23;36;25;33;146;37;18;36;16
516.0;24;38;24;34;144;36;16;38;16
522.0;22;38;23;33;145;39;14;39;17
528.0;21;35;22;32;146;39;14;39;22
534.0;22;37;21;32;148;38;13;40;19
540.0;19;35;20;32;146;42;16;40;20
546.0;20;33;18;33;147;41;19;40;19
552.0;21;34;17;34;149;40;16;40;19
558.0;23;32;18;36;153;36;13;41;18
564.0;22;34;18;31;152;35;15;42;21
570.0;18;35;21;32;153;34;18;40;19
576.0;18;32;21;32;153;36;19;42;17
582.0;16;33;18;31;155;35;21;42;19
588.0;13;32;16;32;155;36;21;45;20
594.0;12;32;17;32;155;37;20;43;22
600.0;13;31;18;32;155;38;20;41;22
606.0;12;32;22;32;158;39;16;38;21
612.0;14;34;19;34;158;37;15;40;19
618.0;14;34;18;34;158;37;17;40;18
624.0;15;36;20;31;154;38;17;39;20
630.0;19;34;17;26;158;37;18;39;22
636.0;18;38;14;25;160;38;19;37;21
642.0;17;37;15;27;158;39;18;38;21
648.0;16;36;17;27;157;39;19;40;19
654.0;17;34;17;31;156;39;18;38;20
660.0;15;35;18;34;153;36;17;40;22
666.0;18;35;18;34;149;34;16;43;23
672.0;17;36;18;34;152;34;16;40;23
678.0;19;38;19;33;151;34;16;38;22
684.0;20;36;15;37;150;35;18;38;21
690.0;19;35;15;38;151;34;22;39;17
696.0;18;33;14;40;149;37;22;40;17
702.0;16;39;16;40;146;35;21;41;16
708.0;17;37;16;37;145;35;23;42;18
714.0;16;36;17;35;146;38;21;42;19
720.0;17;37;16;31;148;41;21;41;18
726.0;15;37;13;33;150;42;25;39;16
732.0;14;39;13;32;152;42;25;36;17
738.0;13;37;13;33;152;44;28;35;15
744.0;13;36;14;33;153;43;25;35;18
750.0;17;35;13;35;150;44;23;36;17
756.0;17;35;16;36;149;44;22;33;18
762.0;19;35;20;35;150;40;21;32;18
768.0;20;36;18;34;150;40;21;34;17
774.0;20;39;17;33;148;40;23;34;16
780.0;18;40;15;30;148;39;24;36;20
786.0;18;39;16;31;148;41;21;34;22
792.0;18;38;13;32;149;42;23;36;19
798.0;23;38;12;33;147;45;19;33;20
804.0;20;38;12;33;148;44;21;32;22
810.0;20;38;14;33;150;44;18;33;20
816.0;20;38;14;35;153;39;16;32;23
822.0;20;37;16;34;152;40;14;34;23
828.0;20;38;15;33;151;40;14;34;25
834.0;22;39;16;35;152;35;13;33;25
840.0;21;39;22;35;149;38;10;35;21
846.0;22;41;18;37;148;39;9;37;19
852.0;19;44;18;38;149;39;9;35;19
858.0;20;44;18;38;146;41;9;37;17
864.0;19;43;19;37;149;39;9;37;18
870.0;18;41;17;39;149;39;13;38;16
876.0;15;42;17;39;152;39;12;37;17
882.0;14;39;18;40;151;38;16;38;16
888.0;14;42;18;40;150;38;18;37;13
894.0;17;42;18;42;149;36;17;36;13
900.0;17;40;18;41;146;38;22;31;17
906.0;17;39;19;39;150;38;18;33;17
912.0;17;40;16;36;150;37;22;35;17
918.0;17;40;15;38;147;36;21;38;18
924.0;19;41;15;37;148;35;21;37;17
930.0;15;44;16;38;148;37;19;38;15
936.0;16;42;15;38;147;37;20;38;17
942.0;14;43;14;37;152;37;19;35;19
948.0;15;43;15;37;150;34;18;36;22
954.0;17;42;19;39;149;33;16;36;19
960.0;15;42;21;40;149;35;16;35;17
966.0;18;40;19;40;149;35;14;36;19
972.0;17;41;18;40;149;34;14;37;20
978.0;17;40;16;42;149;30;15;40;21
984.0;17;40;16;41;152;27;18;41;18
990.0;15;40;15;40;153;30;18;41;18
996.0;13;44;12;42;156;33;14;39;17
1002.0;16;45;11;41;156;33;13;40;15
1008.0;16;45;13;38;155;34;14;42;13
1014.0;16;43;12;39;156;35;16;40;13
1020.0;18;41;17;36;155;32;17;40;14
1026.0;16;42;17;35;157;34;13;41;15
1032.0;20;38;18;35;159;34;13;41;12
1038.0;20;36;18;37;160;32;14;43;10
1044.0;22;37;18;36;157;34;14;42;10
1050.0;21;34;22;36;158;35;15;42;7
1056.0;23;34;19;37;158;35;18;39;7
1062.0;21;32;21;38;161;35;14;43;5
1068.0;19;32;21;39;161;36;14;41;7
1074.0;22;31;21;39;163;29;16;42;7
1080.0;22;29;25;39;163;31;16;41;4
1086.0;19;31;25;38;161;33;17;40;6
1092.0;20;34;22;37;162;31;15;41;8
1098.0;22;35;20;35;162;33;16;40;7
1104.0;21;33;20;36;161;36;14;41;8
1110.0;21;35;20;34;164;35;13;40;8
1116.0;26;37;19;32;163;33;15;36;9
1122.0;27;36;18;31;163;33;18;34;10
1128.0;27;37;22;31;162;33;16;33;9
1134.0;24;31;21;34;161;34;17;37;11
1140.0;24;32;17;36;163;35;16;36;11
1146.0;25;31;18;37;163;34;17;34;11
1152.0;26;30;16;41;163;27;19;35;13
1158.0;25;31;18;41;164;25;16;36;14
1164.0;25;31;16;39;165;27;17;35;15
1170.0;26;30;17;39;165;29;17;35;12
1176.0;26;28;16;40;165;27;19;33;16
1182.0;19;26;14;39;169;32;19;34;18
1188.0;21;29;14;38;168;33;17;34;16
1194.0;21;28;16;40;169;33;14;35;14
1200.0;17;29;20;39;167;32;18;34;14
1206.0;15;27;19;41;167;33;18;34;16
1212.0;16;26;20;40;168;34;18;34;14
1218.0;17;25;19;41;168;35;18;35;12
1224.0;18;25;17;38;168;35;19;37;13
1230.0;14;26;17;39;169;36;18;35;16
1236.0;14;28;17;39;170;33;19;34;16
1242.0;13;26;15;41;172;34;21;32;16
1248.0;13;23;15;42;172;33;21;32;19
1254.0;13;23;17;42;173;31;20;33;18
1260.0;13;25;15;40;177;34;19;29;18
1266.0;11;28;13;41;175;32;20;32;18
1272.0;10;30;11;41;175;33;22;31;17
1278.0;11;32;10;39;177;36;21;28;16
1284.0;14;30;11;39;176;35;22;26;17
1290.0;14;31;10;39;176;36;20;27;17
1296.0;12;32;11;37;176;38;19;27;18
1302.0;14;31;9;34;176;38;20;30;18
1308.0;13;32;11;35;171;41;17;32;18
1314.0;14;30;9;36;170;44;16;35;16
1320.0;16;30;9;35;170;43;16;35;16
1326.0;19;30;10;33;168;43;18;33;16
1332.0;15;27;12;35;171;40;19;33;18
1338.0;17;25;14;33;170;41;19;33;18
1344.0;16;24;13;34;171;41;20;35;16
1350.0;17;24;12;35;171;40;19;35;17
1356.0;17;27;13;33;170;42;19;34;15
1362.0;16;28;14;31;169;40;22;36;14
1368.0;18;26;16;31;168;41;21;34;15
1374.0;19;26;16;32;170;38;20;33;16
1380.0;19;27;19;33;169;42;18;31;12
1386.0;23;24;17;35;169;41;18;32;11
1392.0;23;25;19;34;168;40;19;32;10
1398.0;22;27;17;33;168;37;18;35;13
1404.0;20;28;16;35;168;38;16;34;15
1410.0;17;29;15;37;170;35;18;37;12
1416.0;16;29;13;42;167;38;17;35;13
1422.0;14;30;12;41;166;38;16;38;15
1428.0;16;31;13;38;165;38;17;35;17
1434.0;16;30;12;39;166;39;18;35;15
1440.0;17;29;12;39;166;40;16;35;16
1446.0;18;32;11;41;168;42;15;28;15
1452.0;21;29;13;42;163;42;14;31;15
1458.0;20;33;11;43;165;42;12;31;13
1464.0;22;33;11;44;165;42;9;30;14
1470.0;23;32;12;42;165;41;12;31;12
1476.0;23;34;12;39;165;40;13;32;12
1482.0;21;33;12;41;166;39;17;28;13
1488.0;14;33;15;42;171;38;16;29;12
1494.0;14;34;16;41;173;37;17;29;9
1500.0;16;31;19;40;174;35;18;29;8
1506.0;15;33;22;42;172;32;15;30;9
1512.0;16;30;22;44;173;34;13;29;9
1518.0;17;29;21;45;172;34;15;28;9
1524.0;18;28;21;45;171;33;14;29;11
1530.0;21;27;19;45;171;34;14;28;11
1536.0;20;29;18;47;171;30;14;29;12
1542.0;19;32;20;45;169;30;12;30;13
1548.0;17;33;21;46;167;30;12;31;13
1554.0;15;30;22;46;166;31;14;29;17
1560.0;17;25;24;44;167;29;14;30;20
1566.0;18;24;20;44;166;33;14;32;19
1572.0;17;28;17;46;166;31;12;33;20
1578.0;18;26;16;47;163;31;13;35;21
1584.0;16;28;14;47;164;34;13;34;20
1590.0;15;31;13;45;164;34;13;35;20
1596.0;15;29;14;45;163;36;16;32;20
1602.0;16;28;14;47;161;37;16;32;19
1608.0;17;28;14;48;164;36;13;33;17
1614.0;19;29;13;46;163;36;16;33;15
1620.0;21;29;12;45;163;35;17;34;14
1626.0;20;34;12;45;161;34;15;34;15
1632.0;21;36;12;40;160;34;17;34;16
1638.0;24;39;14;41;159;31;17;31;14
1644.0;20;40;14;43;158;30;19;34;12
1650.0;21;42;15;43;158;29;18;32;12
1656.0;20;36;16;43;160;31;18;34;12
1662.0;18;36;17;41;160;32;20;34;12
1668.0;17;36;18;38;163;33;20;33;12
1674.0;18;34;18;35;166;33;20;33;13
1680.0;17;36;18;33;164;34;20;33;15
1686.0;17;37;17;32;165;35;21;32;14
1692.0;17;40;15;31;169;36;17;33;12
1698.0;17;39;14;28;173;38;16;33;12
1704.0;19;42;13;27;170;39;14;33;13
1710.0;18;39;13;28;169;41;15;33;14
1716.0;15;37;13;32;170;38;17;32;16
1722.0;13;37;15;29;171;36;19;32;18
1728.0;14;37;15;30;169;36;18;32;19
1734.0;14;38;12;31;170;36;16;29;24
1740.0;13;37;14;31;170;38;16;27;24
1746.0;16;35;14;31;167;39;14;29;25
1752.0;17;35;17;29;166;36;13;30;27
1758.0;19;35;17;31;166;35;13;30;24
1764.0;20;36;16;30;166;36;15;30;21
1770.0;20;37;14;30;166;36;13;33;21
1776.0;21;32;13;30;167;38;15;34;20
1782.0;20;31;13;32;167;37;15;35;20
1788.0;19;31;14;30;169;37;16;34;20
1794.0;20;30;13;29;174;38;14;32;20
