#auto generated file!
12.0;40;37;38;32;34;24;38;27;40
18.0;36;39;41;32;36;25;32;29;40
24.0;33;39;42;32;37;27;32;30;38
30.0;33;38;37;28;41;31;31;36;35
36.0;30;36;39;31;44;33;28;36;33
42.0;29;36;38;36;48;34;24;36;29
48.0;24;38;36;40;51;32;23;38;28
54.0;22;38;36;41;52;32;23;38;28
60.0;22;35;38;40;54;35;22;39;25
66.0;22;36;34;43;55;34;25;39;22
72.0;20;38;29;43;57;38;24;39;22
78.0;19;40;31;45;57;36;24;34;24
84.0;20;45;28;45;57;38;22;32;23
90.0;22;46;28;43;61;38;21;30;21
96.0;22;47;30;40;66;38;19;29;19
102.0;23;48;30;42;66;36;16;29;20
108.0;23;46;29;41;66;34;16;33;22
114.0;21;48;27;42;67;38;13;36;18
120.0;19;50;26;40;65;40;14;36;20
126.0;16;46;29;38;70;41;15;38;17
132.0;14;44;24;38;72;41;19;39;19
138.0;13;43;19;39;72;41;23;40;20
144.0;14;38;21;42;73;43;23;36;20
150.0;14;39;21;42;73;44;23;37;17
156.0;14;40;18;44;73;41;24;38;18
162.0;15;45;13;44;72;41;24;39;17
168.0;18;40;13;44;74;42;24;38;17
174.0;17;42;15;43;73;43;22;38;17
180.0;17;41;15;44;75;47;19;38;14
186.0;15;40;15;43;77;49;20;37;14
192.0;15;40;16;46;78;48;18;36;13
198.0;15;40;15;44;79;45;21;38;13
204.0;14;36;17;47;80;43;19;42;12
210.0;15;37;15;43;80;47;19;39;15
216.0;13;37;15;43;81;47;20;38;16
222.0;13;36;19;41;84;44;19;39;15
228.0;12;37;21;42;84;42;21;36;15
234.0;14;40;19;41;85;37;20;37;17
240.0;16;40;22;40;86;34;18;37;17
246.0;17;39;24;38;87;36;19;36;14
252.0;16;40;18;39;88;36;22;37;14
258.0;15;37;15;39;89;38;23;38;16
264.0;16;33;19;37;89;39;22;39;16
270.0;14;33;21;36;90;38;23;39;16
276.0;19;33;21;35;89;38;21;38;16
282.0;20;32;21;35;85;39;22;38;18
288.0;20;30;22;36;86;39;22;37;18
294.0;18;32;19;36;87;41;21;37;19
300.0;20;32;19;39;89;40;19;35;17
306.0;18;31;19;40;90;38;20;38;16
312.0;19;33;19;39;89;39;20;39;13
318.0;16;34;20;40;88;36;17;41;18
324.0;17;38;19;39;89;35;20;38;15
330.0;17;38;17;38;89;33;21;41;16
336.0;17;38;17;41;89;31;19;42;16
342.0;15;36;19;41;88;32;20;41;18
348.0;18;34;18;39;90;35;18;41;17
354.0;17;32;14;41;89;34;21;43;19
360.0;18;36;14;39;87;34;21;43;18
366.0;17;37;15;38;89;33;20;41;20
372.0;16;40;15;38;90;33;20;40;18
378.0;17;38;18;40;88;31;21;42;15
384.0;16;36;18;41;89;33;20;42;15
390.0;18;40;19;41;90;31;19;40;12
396.0;17;40;17;41;91;30;21;40;13
402.0;19;39;18;41;92;31;16;41;13
408.0;18;40;13;41;93;33;20;42;10
414.0;20;38;13;39;94;33;23;42;8
420.0;22;38;12;37;95;36;21;41;8
426.0;23;37;12;35;96;34;20;40;13
432.0;23;37;11;37;98;33;20;38;13
438.0;23;35;11;39;100;33;18;40;11
444.0;22;34;12;40;101;34;13;40;14
450.0;18;31;14;39;104;36;13;38;17
456.0;16;31;18;38;105;35;11;38;18
462.0;15;30;20;40;105;32;13;36;19
468.0;16;31;20;40;105;32;13;38;15
474.0;16;30;18;38;107;32;15;38;16
480.0;16;31;19;35;107;33;14;38;17
486.0;17;30;20;36;107;33;14;36;17
492.0;15;32;11;40;110;33;15;35;19
498.0;15;32;12;43;112;32;14;33;17
504.0;14;29;13;42;113;32;16;31;20
510.0;15;31;12;40;114;32;16;31;19
516.0;15;31;14;38;117;28;16;29;22
522.0;18;31;15;37;114;28;19;25;23
528.0;19;25;15;36;117;28;17;26;27
534.0;17;26;14;38;119;30;15;24;27
540.0;18;25;15;38;117;31;17;25;24
546.0;21;25;14;37;117;31;18;26;21
552.0;21;24;13;34;117;33;18;24;26
558.0;17;25;14;35;115;35;18;25;26
564.0;18;23;14;32;114;36;20;26;27
570.0;20;20;12;31;115;38;21;27;26
576.0;21;21;13;32;115;41;17;27;23
582.0;22;21;12;32;116;40;20;26;21
588.0;22;21;16;30;115;40;20;26;20
594.0;21;22;16;29;114;39;21;28;20
600.0;20;23;14;29;114;38;22;30;20
606.0;21;24;13;30;116;35;22;31;18
612.0;21;26;15;32;114;34;21;33;14
618.0;22;25;16;32;114;36;20;32;13
624.0;22;28;14;32;114;33;21;33;13
630.0;23;30;10;34;110;32;23;36;12
636.0;21;29;13;32;113;32;22;35;13
642.0;21;26;13;30;115;31;22;38;14
648.0;20;26;13;27;116;29;21;40;18
654.0;20;28;12;26;117;29;24;37;17
660.0;16;30;13;27;119;28;23;36;18
666.0;15;35;11;25;121;30;21;36;16
672.0;16;37;10;25;121;29;21;36;15
678.0;15;38;9;24;122;29;23;37;13
684.0;16;34;9;26;122;29;23;37;14
690.0;17;33;10;28;122;26;24;36;14
696.0;19;32;10;33;121;27;19;34;15
702.0;17;30;9;34;122;31;19;34;14
708.0;17;28;12;31;123;31;20;35;13
714.0;18;30;11;33;124;31;19;30;14
720.0;20;29;11;36;120;32;18;32;12
726.0;24;27;12;36;121;33;18;27;12
732.0;25;28;11;34;123;35;17;26;11
738.0;25;27;14;35;123;33;17;26;10
744.0;24;27;16;35;123;33;16;28;8
750.0;22;27;15;35;123;36;16;27;9
756.0;24;25;14;35;124;35;14;27;12
762.0;26;27;16;33;122;32;16;25;13
768.0;23;29;13;35;121;34;14;27;14
774.0;24;29;12;35;122;33;14;26;15
780.0;26;29;13;36;119;30;13;26;18
786.0;27;29;11;37;118;33;12;26;17
792.0;22;29;12;36;120;37;9;26;19
798.0;21;29;11;36;117;40;11;28;17
804.0;21;26;12;37;116;41;10;29;18
810.0;21;25;15;35;116;36;12;34;16
816.0;16;27;17;35;116;40;12;31;16
822.0;15;31;19;31;117;39;11;30;17
828.0;15;31;16;33;118;39;11;31;16
834.0;15;32;15;34;117;39;10;32;16
840.0;16;31;17;33;114;42;9;31;17
846.0;13;32;16;33;116;43;11;30;16
852.0;13;30;17;35;116;42;13;29;15
858.0;13;31;18;34;116;41;12;26;19
864.0;14;31;20;33;118;37;12;26;19
870.0;13;32;18;36;117;38;13;27;16
876.0;11;31;17;37;118;35;15;28;18
882.0;11;33;16;36;118;35;17;27;17
888.0;9;32;15;35;118;38;15;29;19
894.0;9;28;15;34;119;38;17;29;21
900.0;9;28;14;34;118;39;16;30;22
906.0;9;28;13;34;119;38;16;30;23
912.0;11;27;16;33;121;36;17;30;19
918.0;13;27;17;33;122;35;16;30;17
924.0;12;28;14;33;122;39;17;28;17
930.0;14;29;18;33;120;36;15;27;18
936.0;14;29;17;35;122;36;13;27;17
942.0;14;27;14;37;124;37;15;26;16
948.0;14;25;12;38;123;37;16;28;17
954.0;13;24;13;38;120;40;16;29;17
960.0;14;25;15;38;119;39;16;28;16
966.0;16;24;17;36;119;39;16;27;16
972.0;18;25;19;33;118;41;13;29;14
978.0;19;28;16;30;119;41;12;29;16
984.0;21;26;16;31;118;41;9;29;19
990.0;18;27;16;31;118;40;8;32;20
996.0;18;27;17;31;118;41;11;29;18
1002.0;17;28;16;30;120;41;11;29;18
1008.0;18;30;17;27;120;40;11;26;21
1014.0;17;27;18;26;122;38;14;25;23
1020.0;20;29;19;23;123;37;14;24;21
1026.0;17;31;19;22;122;36;15;26;22
1032.0;17;30;21;26;126;32;13;29;16
1038.0;16;30;23;26;125;32;13;30;15
1044.0;16;30;23;27;124;34;13;29;14
1050.0;12;30;23;26;122;36;14;32;15
1056.0;14;32;21;23;122;37;14;32;15
1062.0;14;33;18;27;123;38;10;32;15
1068.0;19;34;17;29;125;33;9;31;13
1074.0;19;34;15;31;124;34;9;29;15
1080.0;19;35;16;27;125;34;9;29;16
1086.0;18;35;14;27;127;33;11;27;18
1092.0;16;38;16;28;126;30;10;28;18
1098.0;16;36;17;27;127;34;10;26;17
1104.0;16;36;16;25;127;37;9;27;17
1110.0;17;38;14;27;128;34;9;27;16
1116.0;16;36;12;30;128;35;10;26;17
1122.0;15;37;12;28;130;35;9;28;16
1128.0;13;38;13;29;131;35;8;27;16
1134.0;15;37;13;29;132;35;8;25;16
1140.0;15;38;13;28;132;33;7;26;18
1146.0;16;39;14;26;136;31;8;23;17
1152.0;15;39;14;24;136;32;9;25;16
1158.0;15;39;15;24;137;32;9;24;15
1164.0;16;37;14;22;134;32;10;30;15
1170.0;18;37;17;22;133;29;9;30;15
1176.0;18;37;17;18;134;31;11;29;15
1182.0;17;37;17;21;133;27;12;31;15
1188.0;14;36;20;22;133;27;13;29;16
1194.0;15;35;21;22;132;29;16;26;14
1200.0;15;39;20;21;132;30;14;26;13
1206.0;15;37;20;23;134;30;14;25;12
1212.0;13;38;20;24;136;29;14;25;11
1218.0;13;36;20;26;137;29;13;25;11
1224.0;13;38;20;26;136;29;10;26;12
1230.0;13;39;16;24;137;33;12;26;10
1236.0;16;42;17;24;137;30;11;24;9
1242.0;15;44;15;22;137;31;13;25;8
1248.0;16;43;16;21;136;32;13;27;6
1254.0;15;42;15;19;136;32;14;27;10
1260.0;15;42;13;20;135;32;16;27;10
1266.0;15;45;13;19;132;30;16;28;12
1272.0;13;44;17;19;132;28;14;29;14
1278.0;11;43;14;20;131;28;21;31;11
1284.0;13;41;13;19;132;26;24;31;11
1290.0;15;42;12;20;133;22;26;30;10
1296.0;16;42;12;18;133;22;26;31;10
1302.0;17;42;13;19;131;19;27;30;12
1308.0;16;41;11;20;134;20;25;32;11
1314.0;15;45;14;20;135;19;19;34;9
1320.0;15;40;14;24;136;20;19;34;8
1326.0;18;39;15;24;137;21;18;30;8
1332.0;14;41;15;27;135;20;19;30;9
1338.0;11;41;15;27;136;20;19;29;12
1344.0;12;44;17;25;134;21;15;32;10
1350.0;13;41;17;25;134;22;14;35;9
1356.0;16;42;14;24;133;20;15;35;11
1362.0;18;42;13;24;132;19;15;37;10
1368.0;19;43;14;24;132;18;16;33;11
1374.0;18;42;14;25;131;20;17;33;10
1380.0;20;45;13;22;131;20;17;31;11
1386.0;19;45;17;19;129;20;18;32;11
1392.0;21;43;13;18;132;18;20;33;12
1398.0;18;43;12;17;133;20;18;34;15
1404.0;16;39;14;17;131;21;20;37;15
1410.0;12;39;15;17;131;23;20;39;14
1416.0;12;41;15;17;126;22;22;39;16
1422.0;13;36;17;20;128;21;21;38;16
1428.0;12;37;15;19;130;24;19;36;18
1434.0;11;36;13;23;130;24;20;37;16
1440.0;10;37;15;23;131;27;16;36;15
1446.0;11;37;15;23;131;27;19;32;15
1452.0;11;36;15;22;131;30;18;31;16
1458.0;10;37;15;23;128;27;19;32;19
1464.0;9;36;15;23;130;27;17;32;21
1470.0;8;31;12;25;130;27;18;37;22
1476.0;12;30;14;23;128;26;16;37;24
1482.0;12;33;14;24;130;24;15;35;23
1488.0;12;31;14;24;128;26;13;37;25
1494.0;13;29;14;21;130;28;15;34;26
1500.0;11;31;14;21;131;30;15;34;23
1506.0;12;29;13;22;130;30;17;34;23
1512.0;12;29;11;20;130;31;18;35;24
1518.0;12;29;12;25;131;30;17;33;21
1524.0;16;27;15;25;129;27;15;32;24
1530.0;15;25;15;25;130;28;17;30;25
1536.0;16;26;17;23;130;28;17;30;23
1542.0;16;25;17;23;127;29;19;31;23
1548.0;15;24;16;23;125;28;21;33;25
1554.0;13;27;17;22;124;26;21;34;26
1560.0;15;29;16;21;121;30;20;32;26
1566.0;17;26;19;20;121;29;24;33;21
1572.0;18;25;20;18;122;26;26;32;23
1578.0;16;28;20;18;122;25;26;31;24
1584.0;15;25;17;20;123;26;26;32;26
1590.0;14;24;19;21;123;26;26;31;26
1596.0;16;24;20;21;123;23;25;34;24
1602.0;16;26;17;23;123;24;26;32;23
1608.0;17;25;15;23;127;25;23;32;23
1614.0;15;25;14;23;127;28;23;32;23
1620.0;14;24;15;25;129;26;22;33;22
1626.0;16;23;16;26;129;25;21;33;21
1632.0;14;23;16;24;129;25;22;33;24
1638.0;14;23;18;23;131;23;21;35;22
1644.0;15;23;17;24;132;26;20;32;21
1650.0;16;23;15;24;133;26;19;34;20
1656.0;15;20;13;24;135;28;20;32;23
1662.0;17;20;14;21;135;28;21;31;23
1668.0;14;19;13;23;132;29;22;33;25
1674.0;14;18;13;24;132;29;23;32;25
1680.0;15;20;11;22;132;30;23;36;21
1686.0;17;18;12;20;133;32;23;36;19
1692.0;20;18;12;17;131;33;23;37;19
1698.0;20;17;11;20;130;34;22;37;19
1704.0;17;16;12;20;131;33;24;38;19
1710.0;17;17;12;20;129;32;24;39;20
1716.0;17;16;11;23;129;34;23;38;19
1722.0;18;17;12;24;129;32;20;39;19
1728.0;13;18;12;26;131;35;20;41;14
1734.0;14;18;15;25;130;32;22;39;15
1740.0;12;17;15;25;131;33;26;36;15
1746.0;14;17;13;27;131;32;24;37;15
1752.0;12;16;14;31;130;33;20;38;16
1758.0;11;17;15;30;131;35;16;39;16
1764.0;11;18;13;31;131;32;17;39;18
1770.0;11;18;13;32;131;30;16;39;20
1776.0;11;19;13;32;131;31;13;42;18
1782.0;11;21;14;32;131;32;13;40;16
1788.0;10;23;14;36;128;35;11;37;16
1794.0;11;25;14;39;125;34;10;35;17
