#auto generated file!
12.0;28;27;26;37;28;30;29;23;32
18.0;28;26;24;40;29;30;29;25;29
24.0;25;27;24;40;30;32;27;27;28
30.0;23;32;25;39;31;29;26;27;28
36.0;25;31;22;36;34;30;24;30;28
42.0;27;31;21;36;34;33;22;30;26
48.0;28;33;19;37;34;35;20;29;25
54.0;27;38;19;34;35;36;22;27;22
60.0;22;39;19;37;38;35;24;28;18
66.0;17;40;20;40;39;33;23;28;20
72.0;15;39;20;40;39;32;24;29;22
78.0;15;38;21;42;40;31;23;28;22
84.0;16;39;24;39;42;30;23;27;20
90.0;16;38;24;40;41;29;22;29;21
96.0;15;35;26;39;43;29;24;31;18
102.0;16;33;26;39;44;33;23;27;19
108.0;17;32;24;40;46;30;24;27;20
114.0;17;31;24;39;47;31;22;29;20
120.0;17;35;23;37;48;33;23;28;16
126.0;18;36;22;34;49;33;27;28;13
132.0;21;39;21;32;51;33;25;25;13
138.0;19;38;20;32;52;32;30;25;12
144.0;18;38;23;33;50;32;30;25;11
150.0;19;37;22;35;48;31;28;27;13
156.0;19;37;22;35;49;29;30;25;14
162.0;21;37;19;36;50;32;30;25;10
168.0;20;34;18;38;51;33;30;26;10
174.0;19;36;14;36;52;36;30;26;11
180.0;22;38;16;39;53;33;26;24;9
186.0;20;39;14;39;53;34;21;29;11
192.0;23;35;13;41;54;31;18;33;12
198.0;19;35;13;41;56;29;18;35;14
204.0;20;36;12;39;60;29;15;35;14
210.0;20;36;14;38;62;26;14;35;15
216.0;23;33;13;38;66;26;14;33;14
222.0;22;35;13;37;66;27;10;33;17
228.0;22;35;12;36;67;25;11;33;19
234.0;24;34;11;40;67;24;13;33;14
240.0;22;33;11;39;67;26;16;31;15
246.0;23;34;10;41;66;23;16;33;14
252.0;24;32;11;42;65;23;15;33;15
258.0;23;34;10;38;66;24;16;35;14
264.0;21;36;11;36;66;25;15;36;14
270.0;19;37;11;35;69;24;14;38;13
276.0;18;39;10;34;68;24;14;39;14
282.0;20;39;9;34;68;23;13;39;15
288.0;18;37;9;34;69;25;14;41;13
294.0;16;36;8;31;72;25;19;39;14
300.0;16;32;8;32;73;25;20;40;14
306.0;17;31;11;32;74;24;20;37;14
312.0;19;30;13;30;76;24;17;37;14
318.0;18;29;13;31;76;25;16;38;14
324.0;15;28;15;35;77;22;18;37;13
330.0;12;28;15;37;78;21;19;39;11
336.0;14;29;11;35;77;23;20;41;10
342.0;15;28;12;34;76;24;18;42;11
348.0;13;29;10;33;78;25;17;42;13
354.0;12;28;11;34;79;25;14;42;15
360.0;11;30;12;33;79;24;16;40;15
366.0;14;30;10;32;79;20;14;44;17
372.0;14;33;10;32;80;18;13;43;17
378.0;14;33;10;34;80;19;14;42;14
384.0;13;31;12;33;81;20;13;44;13
390.0;13;31;12;33;81;18;14;44;14
396.0;14;30;12;35;82;19;16;40;12
402.0;15;31;11;34;82;22;17;40;8
408.0;12;31;10;34;85;20;17;40;11
414.0;12;30;13;34;85;18;17;40;11
420.0;9;29;14;31;87;19;18;39;14
426.0;12;29;14;30;88;21;16;37;13
432.0;11;27;15;31;88;20;17;36;15
438.0;12;28;15;31;88;18;17;37;14
444.0;10;27;16;31;87;23;16;36;14
450.0;11;29;17;31;86;22;18;33;13
456.0;11;30;17;33;83;22;18;32;14
462.0;14;28;18;31;79;25;15;32;18
468.0;13;28;20;31;81;24;17;28;18
474.0;16;28;15;32;83;24;17;25;20
480.0;15;31;18;28;84;24;15;24;21
486.0;13;31;16;28;85;25;15;28;19
492.0;16;30;16;30;84;24;16;25;19
498.0;20;28;16;29;84;26;16;24;17
504.0;19;28;18;29;82;25;16;26;17
510.0;17;26;18;28;82;28;16;30;15
516.0;18;28;18;32;82;25;13;28;16
522.0;19;29;17;32;80;25;15;27;16
528.0;17;30;16;31;82;28;13;29;14
534.0;18;30;15;31;83;29;10;28;16
540.0;14;31;15;33;83;33;9;26;16
546.0;14;28;19;35;82;34;11;25;12
552.0;13;28;19;36;81;35;11;27;10
558.0;11;27;17;36;82;36;12;28;11
564.0;11;27;14;36;84;34;13;29;12
570.0;12;27;11;35;85;36;13;29;12
576.0;13;27;11;34;84;37;14;29;11
582.0;14;25;9;36;86;38;12;29;11
588.0;12;25;11;36;86;37;13;28;12
594.0;14;25;15;37;86;36;13;22;12
600.0;13;25;17;38;88;36;12;20;11
606.0;13;26;17;33;91;36;13;22;9
612.0;15;27;16;32;93;34;12;22;9
618.0;15;27;14;33;95;32;13;23;8
624.0;12;27;12;34;94;32;13;24;12
630.0;12;27;12;31;95;33;14;26;10
636.0;13;30;9;31;97;34;9;26;11
642.0;15;25;11;30;94;34;9;29;13
648.0;17;24;12;26;95;35;9;28;14
654.0;18;23;11;26;95;34;10;29;14
660.0;19;22;11;28;96;32;11;26;15
666.0;16;21;14;31;95;32;10;26;15
672.0;15;21;14;31;96;32;8;29;14
678.0;12;25;16;31;95;32;6;31;12
684.0;12;26;21;31;94;31;5;30;10
690.0;13;28;24;30;95;28;6;31;5
696.0;12;26;23;29;94;31;7;32;6
702.0;9;28;22;27;98;32;7;31;6
708.0;10;27;21;26;97;33;8;31;7
714.0;10;25;19;26;99;33;9;34;5
720.0;11;25;16;26;99;33;9;34;7
726.0;12;25;13;29;98;32;10;33;8
732.0;12;26;13;27;99;32;10;32;9
738.0;12;24;17;25;105;32;8;29;8
744.0;14;22;18;24;108;32;9;27;6
750.0;13;21;17;25;107;31;12;28;6
756.0;12;25;17;26;106;31;13;26;4
762.0;12;23;17;29;107;32;14;21;5
768.0;13;23;16;27;106;31;15;21;8
774.0;12;21;16;28;107;30;17;21;8
780.0;14;19;16;28;107;26;19;23;8
786.0;11;21;15;27;109;25;18;26;8
792.0;15;19;15;28;110;26;17;25;5
798.0;15;19;15;26;111;22;19;28;5
804.0;14;21;15;23;113;22;19;27;6
810.0;13;21;13;26;112;22;17;29;7
816.0;12;24;12;25;112;19;17;30;9
822.0;12;26;11;27;113;18;14;30;9
828.0;11;26;8;29;114;18;12;31;11
834.0;10;25;9;29;115;19;13;30;10
840.0;12;24;9;31;116;19;12;30;7
846.0;12;26;10;30;115;18;13;30;6
852.0;12;25;11;29;114;18;14;30;7
858.0;10;25;12;28;114;17;13;29;12
864.0;10;25;11;29;115;17;12;28;13
870.0;13;25;8;27;113;18;13;27;16
876.0;14;27;9;27;113;17;11;26;16
882.0;13;26;9;26;115;19;11;27;14
888.0;15;26;9;25;115;19;11;26;14
894.0;15;27;10;25;114;20;8;25;16
900.0;14;24;10;26;116;20;8;25;17
906.0;12;23;12;29;114;21;7;24;18
912.0;10;23;13;30;113;21;8;24;18
918.0;9;24;14;29;115;22;7;26;14
924.0;8;27;14;31;116;21;5;24;14
930.0;9;25;13;28;117;22;8;24;14
936.0;11;24;11;25;117;25;9;25;13
942.0;12;23;7;24;118;26;11;25;14
948.0;11;21;6;22;120;27;11;25;17
954.0;8;21;7;24;121;30;10;25;14
960.0;9;22;6;24;122;29;10;23;15
966.0;10;21;8;24;120;30;9;23;15
972.0;10;23;8;24;118;30;11;20;16
978.0;11;23;9;25;118;30;11;18;15
984.0;13;23;10;24;118;30;9;17;16
990.0;15;24;8;25;118;31;8;16;15
996.0;16;25;6;27;114;32;8;16;16
1002.0;14;24;6;27;115;32;7;19;16
1008.0;14;22;6;29;116;29;9;19;16
1014.0;14;22;6;30;116;28;10;19;15
1020.0;12;21;5;29;116;30;13;19;15
1026.0;11;22;6;30;116;29;12;20;14
1032.0;11;21;6;30;118;27;11;22;14
1038.0;12;19;7;28;117;30;11;22;14
1044.0;14;19;6;28;116;30;11;22;14
1050.0;14;20;8;27;114;31;11;21;14
1056.0;14;20;8;28;115;26;13;23;13
1062.0;14;20;9;26;116;28;13;22;12
1068.0;16;20;8;24;115;29;13;23;12
1074.0;17;20;5;25;114;29;12;24;14
1080.0;15;22;7;26;114;26;14;22;14
1086.0;14;23;7;24;115;24;12;25;16
1092.0;15;22;8;24;116;21;15;23;16
1098.0;15;22;10;23;116;22;13;24;15
1104.0;14;22;9;23;116;26;12;26;12
1110.0;14;21;12;23;116;25;12;26;11
1116.0;13;20;12;25;117;26;11;26;10
1122.0;13;21;11;24;117;23;11;30;10
1128.0;13;23;11;25;115;24;12;28;9
1134.0;15;24;12;25;116;23;13;27;5
1140.0;15;27;11;24;116;22;13;27;5
1146.0;17;26;12;22;116;22;13;27;5
1152.0;17;26;11;22;116;24;13;26;5
1158.0;15;26;13;22;116;22;12;28;6
1164.0;17;25;12;23;114;23;13;26;7
1170.0;17;26;15;21;113;22;12;28;6
1176.0;17;24;12;23;115;25;12;25;7
1182.0;15;24;11;22;117;23;14;26;8
1188.0;17;23;10;21;117;20;14;28;10
1194.0;17;24;10;22;117;21;13;25;11
1200.0;16;24;9;23;119;20;14;24;11
1206.0;15;23;12;22;121;19;14;21;13
1212.0;14;21;12;21;122;21;15;20;14
1218.0;14;25;11;21;118;22;16;20;13
1224.0;12;24;9;24;120;22;16;22;11
1230.0;10;25;9;24;120;21;17;22;12
1236.0;10;25;9;27;122;18;16;22;11
1242.0;14;24;11;27;121;18;15;20;10
1248.0;15;20;12;27;121;18;14;22;11
1254.0;13;21;14;24;122;18;15;23;10
1260.0;12;20;15;26;122;18;13;23;11
1266.0;11;22;14;25;123;18;12;24;11
1272.0;10;23;14;23;127;17;13;24;9
1278.0;11;25;13;21;128;14;11;26;11
1284.0;9;24;14;22;128;14;12;27;10
1290.0;10;22;18;22;127;14;9;26;12
1296.0;10;24;18;21;126;13;9;26;13
1302.0;9;26;17;22;126;14;11;25;10
1308.0;9;20;18;24;129;15;11;24;10
1314.0;8;20;17;23;129;19;12;22;10
1320.0;7;19;15;23;128;18;14;23;13
1326.0;9;21;14;23;124;19;13;24;13
1332.0;7;24;15;22;124;20;16;22;10
1338.0;4;25;15;20;128;20;16;24;8
1344.0;5;25;16;20;126;17;16;26;9
1350.0;6;25;17;19;127;18;13;26;9
1356.0;6;25;15;19;129;16;15;27;8
1362.0;6;26;16;21;127;15;14;27;8
1368.0;5;26;15;22;127;15;13;27;10
1374.0;5;26;13;22;130;14;11;27;12
1380.0;5;28;13;20;129;14;11;27;13
1386.0;7;27;13;20;129;13;10;27;14
1392.0;7;27;15;21;126;13;11;24;16
1398.0;8;29;13;23;124;14;13;20;16
1404.0;7;29;11;24;126;16;11;21;15
1410.0;8;32;10;24;125;17;9;20;15
1416.0;8;33;11;23;125;17;10;19;14
1422.0;7;32;11;23;124;20;10;20;13
1428.0;5;32;12;22;123;21;12;21;12
1434.0;5;31;13;21;122;22;13;21;12
1440.0;6;30;14;21;123;20;13;21;12
1446.0;8;29;13;22;124;21;12;22;9
1452.0;7;29;12;23;124;23;12;22;8
1458.0;7;30;12;22;122;24;13;21;9
1464.0;8;30;12;22;121;27;13;21;6
1470.0;8;29;13;21;123;26;13;18;9
1476.0;8;29;12;21;126;25;12;18;9
1482.0;9;28;11;22;126;26;11;18;9
1488.0;7;27;10;20;128;26;14;17;11
1494.0;8;26;9;22;128;22;15;18;12
1500.0;8;27;8;21;126;21;17;19;13
1506.0;8;29;7;22;126;21;16;18;13
1512.0;9;29;11;18;123;22;18;15;15
1518.0;9;29;13;19;119;24;17;15;15
1524.0;10;30;11;18;120;26;16;15;14
1530.0;9;27;10;18;122;29;17;15;13
1536.0;8;28;11;19;123;28;15;15;13
1542.0;8;27;9;19;126;29;15;16;11
1548.0;9;24;11;20;128;28;15;16;9
1554.0;9;22;15;19;127;29;14;15;10
1560.0;8;23;15;20;128;29;15;13;9
1566.0;10;24;13;20;128;28;15;14;8
1572.0;10;25;12;22;129;26;15;13;8
1578.0;11;26;12;24;130;27;11;12;7
1584.0;11;25;13;26;130;27;9;12;7
1590.0;14;26;12;24;128;26;9;13;8
1596.0;16;30;14;23;128;23;9;12;5
1602.0;14;30;14;22;129;21;10;15;5
1608.0;14;29;15;22;130;20;9;15;6
1614.0;13;30;16;22;130;20;8;16;5
1620.0;12;29;16;20;131;20;9;17;6
1626.0;10;29;13;19;131;23;11;18;6
1632.0;11;28;13;18;130;22;12;18;8
1638.0;10;27;14;17;129;24;13;16;10
1644.0;10;25;13;17;128;23;15;16;13
1650.0;12;25;14;14;125;22;16;16;16
1656.0;10;25;15;16;124;20;16;16;18
1662.0;10;27;14;17;123;19;16;17;17
1668.0;8;28;12;19;124;20;17;15;17
1674.0;6;29;14;17;124;19;18;16;17
1680.0;8;30;13;16;123;19;18;16;17
1686.0;9;29;11;16;125;19;18;16;17
1692.0;10;29;12;15;125;19;17;16;17
1698.0;11;27;10;17;125;18;19;16;17
1704.0;13;27;10;19;127;14;17;17;16
1710.0;14;29;10;19;128;16;13;18;13
1716.0;12;28;10;21;129;16;13;18;13
1722.0;11;28;11;21;126;17;15;18;13
1728.0;10;29;12;22;125;16;15;20;11
1734.0;11;30;13;20;126;17;13;21;9
1740.0;11;29;13;20;125;18;13;23;8
1746.0;9;31;13;21;127;18;13;22;6
1752.0;9;29;13;20;126;18;13;23;9
1758.0;8;29;12;21;124;19;14;24;9
1764.0;9;30;10;20;125;17;16;23;10
1770.0;9;32;10;22;123;20;12;22;10
1776.0;8;30;11;23;125;16;11;24;12
1782.0;9;28;11;25;124;16;11;25;11
1788.0;11;27;10;25;122;16;11;25;13
1794.0;11;27;11;24;121;19;10;24;13
