#auto generated file!
12.0;32;36;26;35;37;38;29;28;19
18.0;29;37;25;35;38;37;29;30;20
24.0;29;40;23;33;40;36;27;32;20
30.0;27;40;21;34;44;40;22;30;22
36.0;24;39;18;32;48;46;22;31;20
42.0;24;40;18;33;50;47;19;31;18
48.0;23;38;21;31;52;49;15;32;19
54.0;25;35;22;32;53;48;17;32;16
60.0;21;34;25;36;55;48;15;30;16
66.0;21;33;23;36;57;52;13;32;13
72.0;21;31;23;38;57;52;12;31;15
78.0;22;32;22;40;60;49;11;31;13
84.0;20;31;26;39;60;51;10;29;14
90.0;23;33;26;39;61;49;7;29;13
96.0;20;34;25;37;62;50;8;31;13
102.0;20;36;22;41;65;46;9;29;12
108.0;19;34;21;42;68;46;9;28;13
114.0;19;35;19;40;70;44;9;28;16
120.0;22;34;17;40;71;42;8;29;17
126.0;24;30;14;37;73;41;12;31;18
132.0;25;29;13;35;76;39;14;29;20
138.0;22;29;11;34;80;42;15;27;20
144.0;20;31;10;35;81;41;13;28;21
150.0;21;34;11;33;81;43;13;27;17
156.0;18;36;11;33;80;42;13;29;18
162.0;18;36;11;34;80;40;13;29;19
168.0;15;36;10;33;82;41;16;32;15
174.0;16;36;11;34;83;38;16;31;15
180.0;17;39;15;33;83;35;13;30;15
186.0;16;41;15;31;83;34;14;31;15
192.0;17;40;12;30;84;34;14;31;18
198.0;15;40;12;31;86;32;14;31;19
204.0;14;38;11;33;86;31;14;32;21
210.0;16;38;11;31;87;33;13;29;22
216.0;22;36;9;30;87;34;10;30;22
222.0;19;34;9;30;88;36;11;28;25
228.0;18;32;12;33;92;35;10;25;23
234.0;20;33;11;34;93;32;10;23;24
240.0;17;33;12;31;96;33;13;22;23
246.0;17;34;13;28;95;34;15;21;23
252.0;17;33;11;29;95;35;16;22;22
258.0;13;37;10;32;92;35;17;23;21
264.0;13;37;11;32;91;36;17;25;18
270.0;14;36;11;32;93;38;14;25;17
276.0;18;34;12;32;95;36;12;24;17
282.0;17;35;12;33;94;35;11;27;16
288.0;15;34;14;33;95;36;11;28;14
294.0;14;35;16;31;94;35;12;29;14
300.0;13;38;16;34;92;36;11;28;12
306.0;13;39;17;34;92;36;11;26;12
312.0;13;41;15;33;92;36;12;27;11
318.0;13;41;13;35;93;37;13;24;11
324.0;12;40;11;37;94;39;14;21;12
330.0;14;38;9;37;95;38;14;22;13
336.0;16;35;10;38;97;37;12;20;15
342.0;15;34;13;33;97;38;14;19;17
348.0;14;30;14;36;98;35;16;21;16
354.0;16;31;13;35;99;36;17;21;12
360.0;15;34;15;32;98;35;19;19;13
366.0;14;35;13;32;98;41;16;19;12
372.0;15;38;12;30;100;44;11;18;12
378.0;15;37;11;30;100;44;11;18;14
384.0;17;37;10;29;101;46;12;17;11
390.0;17;35;8;31;103;47;10;19;10
396.0;16;36;6;31;103;49;12;17;10
402.0;19;35;8;29;103;47;12;18;9
408.0;18;33;8;32;105;45;12;20;7
414.0;17;34;8;31;106;42;11;22;9
420.0;15;38;6;33;107;39;12;19;11
426.0;13;36;6;36;108;39;9;22;11
432.0;11;35;8;34;108;42;8;22;12
438.0;10;34;7;36;109;40;10;23;11
444.0;11;35;7;33;110;40;8;23;13
450.0;10;37;9;32;112;38;8;22;12
456.0;9;37;8;32;111;37;11;21;14
462.0;9;37;7;31;114;35;11;22;14
468.0;7;38;7;33;110;35;12;23;15
474.0;6;34;6;36;114;35;10;25;14
480.0;5;35;5;34;113;35;10;27;16
486.0;8;33;6;35;114;35;9;26;14
492.0;8;33;6;34;113;35;9;27;15
498.0;7;36;7;33;113;35;8;27;14
504.0;10;34;7;32;114;33;7;28;15
510.0;10;38;8;29;114;33;8;27;13
516.0;11;38;8;32;115;30;7;27;12
522.0;10;37;7;30;116;31;8;30;11
528.0;8;37;9;32;117;27;9;32;9
534.0;8;34;10;31;118;29;9;31;10
540.0;9;33;13;27;118;28;9;31;12
546.0;8;32;13;27;117;29;10;31;13
552.0;7;30;14;28;117;30;10;28;16
558.0;10;31;13;28;117;27;9;28;17
564.0;9;29;14;25;119;30;7;28;19
570.0;9;26;15;25;123;28;7;29;18
576.0;12;23;14;27;121;29;8;30;16
582.0;12;24;13;28;121;29;9;31;13
588.0;10;25;13;29;119;31;9;31;13
594.0;11;24;14;27;120;29;10;31;14
600.0;11;23;12;26;121;27;12;33;15
606.0;12;24;13;24;120;28;10;34;15
612.0;12;24;13;24;121;28;10;34;14
618.0;14;25;13;27;122;26;8;32;13
624.0;13;25;15;23;124;25;8;33;14
630.0;14;25;15;20;125;25;9;33;14
636.0;13;23;18;21;129;22;10;32;12
642.0;13;25;20;22;130;22;7;32;9
648.0;15;25;19;21;127;22;9;32;10
654.0;15;26;17;22;127;23;7;33;10
660.0;17;27;15;25;122;21;8;33;12
666.0;17;26;14;25;122;20;9;33;14
672.0;15;26;14;26;124;19;10;30;16
678.0;12;28;18;24;122;24;11;28;13
684.0;13;28;19;22;121;24;10;29;14
690.0;14;30;18;18;124;22;10;31;13
696.0;15;33;15;19;122;23;9;31;13
702.0;14;33;12;20;122;26;7;32;14
708.0;15;32;11;24;123;23;6;31;15
714.0;15;31;12;26;124;23;5;30;14
720.0;17;32;13;25;125;22;4;28;14
726.0;16;33;14;26;124;22;4;27;14
732.0;15;34;13;26;124;22;3;27;16
738.0;15;35;12;27;126;19;4;27;15
744.0;15;36;12;27;128;17;4;26;15
750.0;17;38;14;24;124;17;6;27;13
756.0;15;40;12;23;125;19;7;26;13
762.0;18;40;11;22;125;19;8;25;12
768.0;20;38;12;21;126;18;9;25;11
774.0;18;36;11;21;128;18;8;27;13
780.0;16;37;11;23;128;18;8;26;13
786.0;13;38;13;24;126;20;9;26;11
792.0;14;35;13;21;125;24;9;27;12
798.0;13;36;14;22;123;26;10;25;11
804.0;11;36;14;22;125;26;10;25;11
810.0;12;37;14;21;125;24;13;24;10
816.0;12;34;14;20;125;22;14;28;11
822.0;17;30;12;19;127;23;15;26;11
828.0;14;31;14;20;126;25;15;26;9
834.0;13;31;12;19;128;27;16;29;5
840.0;13;29;12;21;129;27;15;27;7
846.0;14;26;14;22;130;27;13;26;8
852.0;13;25;11;22;127;27;11;28;16
858.0;14;25;10;23;126;26;12;28;16
864.0;17;23;10;21;127;26;12;27;17
870.0;17;23;11;20;125;25;11;29;19
876.0;18;24;9;19;126;28;9;29;18
882.0;18;25;9;22;127;27;9;28;15
888.0;18;24;8;23;128;26;9;28;16
894.0;20;29;6;20;128;25;10;28;14
900.0;19;28;7;21;129;24;8;29;15
906.0;16;30;9;23;129;21;8;29;15
912.0;15;30;10;22;130;22;8;27;16
918.0;16;29;12;21;126;21;11;27;17
924.0;15;27;12;21;127;25;11;27;15
930.0;16;29;12;21;126;24;12;27;13
936.0;16;29;12;22;125;22;11;28;15
942.0;16;28;13;24;125;20;11;29;14
948.0;15;28;13;25;125;21;9;29;15
954.0;15;31;11;29;121;21;7;29;16
960.0;15;30;12;29;120;19;7;30;18
966.0;15;32;14;27;119;19;9;27;18
972.0;16;33;10;30;120;18;9;27;17
978.0;17;32;11;30;124;18;7;27;14
984.0;16;32;12;30;123;20;6;29;12
990.0;13;31;11;30;125;19;7;31;13
996.0;14;32;11;29;124;18;7;31;14
1002.0;14;31;12;26;125;19;9;32;12
1008.0;15;31;13;26;126;19;9;32;9
1014.0;15;30;12;27;125;21;9;30;11
1020.0;15;29;12;27;124;23;11;28;11
1026.0;15;29;13;26;122;22;11;28;14
1032.0;15;28;14;28;120;23;12;27;13
1038.0;13;29;15;26;121;22;11;30;13
1044.0;14;28;13;27;119;25;11;31;12
1050.0;11;28;12;28;120;25;11;30;15
1056.0;12;28;11;30;119;24;12;31;13
1062.0;11;28;15;31;118;21;11;31;14
1068.0;11;26;13;32;118;20;14;31;15
1074.0;13;27;12;32;119;19;14;29;15
1080.0;12;28;15;31;118;20;14;28;14
1086.0;13;29;13;29;117;22;15;26;16
1092.0;15;30;15;27;116;21;13;27;16
1098.0;16;30;17;23;117;22;12;27;16
1104.0;16;30;17;24;118;24;13;26;12
1110.0;13;28;17;24;121;22;13;28;14
1116.0;11;26;18;22;122;22;13;29;17
1122.0;12;27;18;21;124;22;13;26;17
1128.0;9;28;18;22;126;21;14;23;19
1134.0;10;26;21;23;124;23;14;23;16
1140.0;10;26;20;21;124;23;16;22;18
1146.0;11;23;20;20;126;23;18;22;17
1152.0;12;22;21;20;125;23;16;25;16
1158.0;12;22;22;20;125;23;16;25;15
1164.0;11;24;20;22;125;23;16;27;12
1170.0;12;23;18;21;123;25;16;30;12
1176.0;11;24;16;21;127;23;14;31;13
1182.0;10;26;14;22;129;24;16;28;11
1188.0;9;25;16;23;130;24;16;26;11
1194.0;12;25;12;27;128;24;16;24;12
1200.0;9;27;11;27;127;24;16;28;11
1206.0;7;27;13;26;125;24;17;31;10
1212.0;6;28;11;25;126;24;18;31;11
1218.0;6;28;11;25;124;25;18;32;11
1224.0;4;27;12;26;122;28;18;33;10
1230.0;5;25;12;26;125;29;18;31;9
1236.0;4;22;12;26;125;30;19;32;10
1242.0;6;23;14;23;124;30;19;33;8
1248.0;6;24;13;24;125;28;20;31;9
1254.0;7;23;13;24;127;30;20;28;8
1260.0;6;21;13;26;126;33;19;30;6
1266.0;9;22;11;25;126;33;17;29;8
1272.0;9;22;12;27;125;32;14;28;11
1278.0;10;22;15;26;125;32;12;27;11
1284.0;10;22;16;27;125;31;12;26;11
1290.0;11;23;17;22;127;32;12;26;10
1296.0;9;23;16;21;128;33;13;27;10
1302.0;9;27;17;22;128;31;12;25;9
1308.0;9;27;17;22;128;31;12;25;9
1314.0;11;26;16;25;127;29;11;25;10
1320.0;11;25;16;26;127;29;11;27;8
1326.0;13;22;18;25;127;28;12;27;8
1332.0;12;24;19;28;126;30;11;22;8
1338.0;14;24;19;29;123;30;12;20;9
1344.0;16;22;19;29;123;32;13;18;8
1350.0;19;21;17;31;123;30;12;19;8
1356.0;21;21;18;30;121;31;11;20;7
1362.0;23;22;15;30;120;31;12;20;7
1368.0;25;22;14;32;120;29;10;22;6
1374.0;25;22;15;30;118;28;12;24;6
1380.0;26;21;15;27;119;31;15;21;5
1386.0;23;20;17;29;120;28;15;22;6
1392.0;20;17;13;31;123;29;16;24;7
1398.0;20;17;15;28;120;30;17;23;10
1404.0;19;16;12;31;124;30;16;22;10
1410.0;18;14;13;31;123;32;18;19;12
1416.0;17;16;13;29;125;34;16;19;11
1422.0;16;20;13;28;124;36;14;19;10
1428.0;16;20;13;30;124;34;15;18;10
1434.0;17;19;14;31;123;33;14;18;11
1440.0;16;20;13;30;122;36;14;18;11
1446.0;19;18;13;28;121;37;13;18;13
1452.0;15;18;14;27;121;37;14;16;18
1458.0;15;19;15;29;120;32;13;19;18
1464.0;15;17;17;29;120;33;12;20;17
1470.0;13;18;14;30;121;33;15;21;15
1476.0;8;19;16;30;121;32;17;21;16
1482.0;6;17;16;30;123;32;19;21;16
1488.0;7;16;19;32;122;30;20;19;15
1494.0;8;17;19;31;121;30;19;21;14
1500.0;9;15;19;31;121;29;20;20;16
1506.0;12;15;16;30;122;26;19;21;19
1512.0;12;16;14;29;123;26;18;21;21
1518.0;12;17;11;30;123;29;15;22;21
1524.0;12;14;12;34;121;30;16;21;20
1530.0;12;13;11;36;122;28;16;21;21
1536.0;15;12;10;34;124;27;17;21;20
1542.0;15;14;11;32;125;30;15;19;19
1548.0;17;14;11;30;127;28;17;18;18
1554.0;13;17;14;27;124;28;19;18;20
1560.0;13;19;15;26;122;27;20;19;19
1566.0;14;17;15;24;122;27;22;19;20
1572.0;14;16;15;27;121;28;21;19;19
1578.0;18;14;15;27;121;30;20;15;20
1584.0;18;15;16;26;120;29;22;16;18
1590.0;16;16;18;27;122;28;20;16;17
1596.0;11;17;19;27;121;29;22;18;16
1602.0;13;16;18;28;120;31;22;19;13
1608.0;14;16;18;28;119;30;22;19;14
1614.0;15;16;16;32;120;30;20;19;12
1620.0;17;16;15;31;120;28;18;23;12
1626.0;18;16;14;32;119;27;18;24;12
1632.0;20;18;14;32;121;27;18;22;8
1638.0;16;19;17;32;120;28;19;22;7
1644.0;16;20;18;29;120;27;21;22;7
1650.0;13;20;17;28;120;29;22;21;10
1656.0;15;20;13;33;118;30;22;19;10
1662.0;16;22;13;34;117;31;19;19;9
1668.0;17;23;14;33;116;31;21;18;7
1674.0;16;23;13;32;114;34;20;21;7
1680.0;18;21;13;33;114;34;21;20;6
1686.0;16;21;15;32;111;33;23;21;8
1692.0;15;21;15;34;110;34;19;23;9
1698.0;15;21;13;35;111;31;18;25;11
1704.0;15;20;13;36;109;30;19;27;11
1710.0;14;23;16;32;111;28;16;28;12
1716.0;12;23;17;31;113;28;18;26;12
1722.0;11;22;14;34;113;30;20;24;12
1728.0;11;23;12;34;113;29;21;24;13
1734.0;12;24;10;36;112;28;22;24;12
1740.0;12;23;10;36;112;29;21;24;13
1746.0;10;26;9;36;116;28;18;25;12
1752.0;14;25;8;37;114;26;16;26;14
1758.0;15;26;8;36;113;26;16;27;13
1764.0;15;30;8;35;114;25;14;26;13
1770.0;14;28;8;34;116;28;12;27;13
1776.0;17;25;8;32;116;28;13;28;13
1782.0;16;26;12;29;116;28;16;25;12
1788.0;15;24;13;29;118;26;16;27;12
1794.0;15;25;13;30;117;26;14;26;14
