#auto generated file!
12.0;43;45;35;45;42;44;40;42;34
18.0;43;47;35;43;43;43;42;40;34
24.0;42;50;31;42;45;43;44;40;33
30.0;40;49;32;39;47;42;46;44;31
36.0;39;46;34;38;51;43;40;44;35
42.0;41;43;35;39;51;41;37;46;37
48.0;43;40;34;42;54;43;32;47;35
54.0;41;44;32;41;56;44;31;45;36
60.0;38;45;29;43;58;45;32;49;31
66.0;36;46;28;43;60;44;32;50;31
72.0;34;45;29;41;63;44;30;51;33
78.0;34;44;28;41;67;43;29;51;33
84.0;33;47;27;42;68;42;29;52;30
90.0;37;47;24;41;71;44;24;52;30
96.0;36;47;21;40;74;46;23;54;29
102.0;36;47;18;39;77;47;20;54;32
108.0;33;46;19;38;76;49;23;51;35
114.0;31;46;21;38;81;49;23;48;33
120.0;28;47;18;35;83;53;23;48;35
126.0;29;48;18;36;84;55;25;43;32
132.0;30;47;18;40;85;51;25;45;29
138.0;27;48;15;40;88;52;27;45;28
144.0;31;49;16;38;90;51;25;45;25
150.0;27;46;17;36;94;52;29;45;24
156.0;29;44;17;35;95;50;28;45;27
162.0;29;42;17;37;96;49;29;43;28
168.0;29;43;15;37;97;50;30;42;27
174.0;29;45;12;39;95;48;32;44;26
180.0;29;48;11;39;96;42;33;44;28
186.0;24;48;12;38;98;45;37;43;25
192.0;24;47;12;40;98;43;37;43;26
198.0;23;46;15;40;96;43;35;45;27
204.0;20;44;19;37;97;44;38;43;28
210.0;22;48;17;34;96;39;39;48;27
216.0;22;43;17;34;98;41;38;52;25
222.0;22;42;13;35;98;45;36;52;27
228.0;21;41;14;34;100;46;38;51;25
234.0;21;42;15;35;104;46;36;49;22
240.0;20;46;13;33;107;49;33;48;21
246.0;22;48;15;32;107;50;29;47;20
252.0;20;48;15;32;106;54;29;45;21
258.0;19;49;15;31;105;54;33;43;21
264.0;15;47;16;31;106;55;33;46;21
270.0;12;49;17;29;106;54;34;45;24
276.0;13;47;19;29;106;52;32;48;24
282.0;15;46;17;30;108;50;35;51;18
288.0;16;46;18;29;112;47;35;49;18
294.0;14;43;18;30;117;47;34;49;18
300.0;14;44;18;29;118;48;32;50;17
306.0;14;43;17;28;119;52;30;49;18
312.0;15;43;16;25;118;55;30;50;18
318.0;16;41;15;24;117;57;30;47;23
324.0;17;38;15;24;118;55;30;50;23
330.0;19;40;15;25;115;54;29;51;22
336.0;21;41;14;25;117;51;29;51;21
342.0;21;40;14;25;118;50;29;50;23
348.0;21;37;17;27;118;51;28;48;23
354.0;23;37;18;24;119;51;27;49;22
360.0;21;39;18;24;122;53;23;49;21
366.0;23;40;17;23;120;49;22;52;24
372.0;21;40;17;22;123;48;23;54;22
378.0;17;40;19;24;122;47;23;56;22
384.0;14;44;19;22;124;42;23;56;26
390.0;15;45;17;23;125;40;23;56;26
396.0;14;41;19;28;124;43;23;54;24
402.0;12;42;21;28;123;42;27;51;24
408.0;13;42;23;28;124;44;24;51;21
414.0;13;42;25;29;126;43;21;47;24
420.0;13;42;23;33;127;44;18;45;25
426.0;11;42;23;35;124;42;21;48;24
432.0;12;43;24;33;123;44;19;47;25
438.0;13;44;23;34;123;44;20;47;22
444.0;16;46;22;33;123;44;19;48;19
450.0;16;53;18;33;123;41;20;48;18
456.0;17;52;18;33;126;38;18;50;18
462.0;17;48;19;34;124;40;17;50;21
468.0;17;44;19;37;125;38;18;49;23
474.0;18;39;19;41;128;37;19;48;21
480.0;19;40;16;43;129;38;20;48;17
486.0;21;41;15;42;128;38;20;48;17
492.0;22;39;14;43;132;37;20;46;17
498.0;24;39;16;43;132;35;22;43;16
504.0;27;37;19;44;133;32;20;41;17
510.0;23;39;18;44;132;34;19;42;19
516.0;21;40;18;45;133;34;19;43;17
522.0;17;42;16;45;137;35;20;42;16
528.0;17;43;17;46;136;34;20;38;19
534.0;16;46;15;42;138;33;22;38;20
540.0;13;44;16;41;139;34;23;39;21
546.0;17;46;16;40;139;31;23;37;21
552.0;17;43;15;40;142;32;24;38;19
558.0;16;46;14;40;142;33;20;40;19
564.0;18;44;12;41;143;32;22;39;19
570.0;17;42;15;42;144;33;21;39;17
576.0;17;42;15;40;145;31;22;40;18
582.0;19;43;17;39;144;31;21;40;16
588.0;17;45;16;42;142;31;22;39;16
594.0;20;46;15;42;142;30;21;39;15
600.0;18;45;16;38;145;33;21;37;17
606.0;16;43;18;40;147;32;21;37;16
612.0;16;44;19;39;147;32;19;40;14
618.0;16;42;19;37;145;33;20;41;17
624.0;13;43;22;36;146;30;21;42;17
630.0;16;44;24;36;146;29;21;40;14
636.0;15;40;23;39;152;31;20;38;12
642.0;17;41;24;40;153;30;18;34;13
648.0;17;41;27;37;152;34;15;34;13
654.0;19;43;21;36;151;33;15;38;14
660.0;19;43;22;34;153;32;16;35;16
666.0;20;41;24;31;153;32;17;36;16
672.0;19;41;22;30;154;30;18;37;19
678.0;20;39;20;31;152;28;22;39;19
684.0;18;42;21;29;154;27;22;41;16
690.0;19;41;21;29;153;25;25;43;14
696.0;20;40;21;28;151;27;25;41;17
702.0;17;40;20;30;150;24;29;43;17
708.0;16;41;21;33;150;26;28;38;17
714.0;14;39;22;33;151;28;29;36;18
720.0;14;37;21;37;151;26;28;37;19
726.0;14;38;22;36;151;30;27;37;15
732.0;14;40;22;36;152;25;29;35;17
738.0;17;39;22;36;155;26;27;33;15
744.0;20;38;22;36;157;27;24;33;13
750.0;18;36;21;35;158;29;28;32;13
756.0;21;34;21;32;158;32;26;33;13
762.0;19;36;20;30;160;33;26;32;14
768.0;20;37;19;30;158;32;26;33;15
774.0;22;36;19;28;160;29;25;34;17
780.0;21;36;19;29;162;34;24;33;12
786.0;19;37;17;29;164;36;24;34;10
792.0;18;37;16;27;167;35;23;35;12
798.0;18;37;17;28;170;34;20;34;12
804.0;16;38;17;24;170;39;20;33;13
810.0;17;36;16;29;169;35;19;35;14
816.0;15;38;16;29;170;36;19;34;13
822.0;19;37;16;30;169;34;18;34;13
828.0;21;37;17;31;168;34;18;31;13
834.0;20;41;16;32;166;35;18;31;11
840.0;20;41;15;30;166;35;19;32;12
846.0;19;42;16;31;166;34;19;32;11
852.0;19;42;16;30;167;36;15;33;12
858.0;16;41;18;28;169;37;16;32;13
864.0;16;42;16;29;169;37;15;31;15
870.0;17;45;15;29;171;35;13;32;13
876.0;14;49;17;27;169;35;14;31;14
882.0;11;48;19;25;170;36;15;32;14
888.0;11;47;17;27;170;35;15;33;15
894.0;13;42;19;27;173;35;13;35;13
900.0;12;43;19;27;173;35;14;33;14
906.0;13;42;20;28;175;35;14;30;13
912.0;15;43;17;29;174;33;12;33;14
918.0;14;41;17;29;176;35;10;33;15
924.0;13;42;15;28;177;40;11;28;16
930.0;11;40;15;30;176;40;13;28;17
936.0;11;37;15;34;177;41;11;27;17
942.0;12;40;17;35;177;41;9;24;15
948.0;13;35;20;36;175;39;11;24;17
954.0;16;33;21;35;176;40;11;22;16
960.0;14;37;18;37;176;37;10;25;16
966.0;13;35;14;39;179;37;11;25;17
972.0;13;35;13;37;179;38;9;29;17
978.0;15;35;18;38;179;35;9;30;11
984.0;12;37;18;38;179;33;10;32;11
990.0;10;39;18;36;181;32;10;32;12
996.0;11;41;16;36;182;33;9;28;14
1002.0;11;43;17;36;182;34;9;24;14
1008.0;11;42;18;33;183;36;10;25;12
1014.0;10;41;19;33;182;37;11;26;11
1020.0;11;41;15;33;183;39;9;28;11
1026.0;10;40;14;31;181;44;10;27;13
1032.0;10;41;14;28;183;43;11;25;15
1038.0;11;40;13;31;183;39;12;27;14
1044.0;11;40;16;30;183;35;14;27;14
1050.0;13;36;17;29;184;37;14;26;14
1056.0;15;34;14;28;184;38;15;29;13
1062.0;14;35;14;26;182;40;17;28;14
1068.0;16;34;12;28;183;40;18;26;13
1074.0;16;33;12;31;183;40;18;25;12
1080.0;17;34;12;32;182;42;15;25;11
1086.0;16;31;11;33;183;39;15;28;14
1092.0;16;29;13;34;184;39;14;27;14
1098.0;16;29;12;35;184;39;13;28;14
1104.0;15;30;10;34;181;40;16;27;17
1110.0;14;26;9;34;179;44;16;29;19
1116.0;16;27;6;35;178;43;18;30;17
1122.0;17;29;6;30;178;44;20;30;16
1128.0;17;30;7;30;176;44;20;31;15
1134.0;14;30;9;30;177;44;21;30;15
1140.0;14;28;11;30;176;47;18;30;16
1146.0;18;26;14;28;175;46;17;29;17
1152.0;17;30;15;28;176;45;14;27;18
1158.0;20;26;14;26;177;46;16;28;17
1164.0;21;29;15;29;175;44;15;28;14
1170.0;21;32;16;28;173;43;15;29;13
1176.0;20;30;18;33;173;40;13;30;13
1182.0;20;30;18;31;174;40;14;30;13
1188.0;20;30;20;27;177;36;13;31;16
1194.0;22;28;19;29;176;37;14;30;15
1200.0;22;27;19;29;176;40;13;29;15
1206.0;20;29;17;27;177;42;11;29;18
1212.0;22;29;16;30;176;40;11;27;19
1218.0;23;29;18;30;176;37;13;26;18
1224.0;22;28;20;30;179;37;13;24;17
1230.0;21;30;24;27;180;35;14;22;17
1236.0;22;29;25;28;179;33;15;23;16
1242.0;21;28;24;30;179;33;15;25;15
1248.0;21;27;25;30;183;34;15;23;12
1254.0;23;29;22;31;183;33;14;23;12
1260.0;24;27;19;31;184;34;14;23;14
1266.0;25;27;16;32;190;30;14;24;12
1272.0;22;24;19;32;193;28;14;25;13
1278.0;21;22;14;31;196;28;15;29;14
1284.0;21;22;12;30;199;28;14;28;16
1290.0;23;21;13;30;197;30;15;28;13
1296.0;23;23;13;28;195;28;15;30;15
1302.0;21;24;14;27;194;29;14;30;17
1308.0;20;26;13;28;194;30;12;30;17
1314.0;19;27;14;29;195;29;11;30;16
1320.0;19;26;16;27;199;31;9;30;13
1326.0;19;26;14;28;196;32;11;30;14
1332.0;19;24;15;26;195;34;11;32;14
1338.0;17;25;15;28;192;35;11;33;14
1344.0;19;28;15;27;188;33;13;34;13
1350.0;19;27;16;23;190;32;14;36;13
1356.0;18;27;14;25;191;32;10;36;17
1362.0;18;30;14;27;187;32;11;33;18
1368.0;18;30;15;27;185;33;10;33;19
1374.0;17;32;14;24;187;30;14;31;21
1380.0;17;32;16;26;189;29;13;29;19
1386.0;18;35;14;27;190;30;14;25;17
1392.0;20;34;12;26;188;31;15;23;21
1398.0;17;37;13;24;189;31;15;23;21
1404.0;17;35;14;28;189;32;14;23;18
1410.0;17;36;14;25;188;33;16;23;18
1416.0;19;35;17;23;188;33;17;24;14
1422.0;23;36;15;23;187;35;16;22;13
1428.0;26;35;17;24;184;34;15;23;12
1434.0;27;33;18;24;183;32;18;24;11
1440.0;26;33;18;26;180;31;21;25;10
1446.0;24;32;17;26;180;33;21;24;13
1452.0;24;36;15;23;178;38;20;22;14
1458.0;23;34;13;25;178;38;19;25;15
1464.0;22;33;14;25;177;39;18;27;15
1470.0;22;34;13;24;177;39;16;27;18
1476.0;20;32;14;23;179;40;17;26;19
1482.0;21;32;16;24;177;39;16;25;20
1488.0;24;30;16;25;176;39;17;24;19
1494.0;24;28;18;25;176;41;20;23;15
1500.0;21;27;19;25;177;42;19;24;16
1506.0;19;25;17;25;175;44;20;27;18
1512.0;19;25;16;27;173;45;22;27;16
1518.0;16;28;16;27;172;43;22;28;18
1524.0;17;30;16;27;171;41;23;26;19
1530.0;16;29;17;27;171;42;21;24;23
1536.0;17;30;19;28;171;44;17;24;20
1542.0;15;31;18;30;170;47;17;24;18
1548.0;14;29;17;30;171;46;17;26;20
1554.0;16;29;17;27;174;46;17;26;18
1560.0;16;29;16;28;172;43;17;27;22
1566.0;15;28;19;31;174;41;16;27;19
1572.0;14;26;21;31;175;38;17;26;22
1578.0;18;26;20;31;175;38;19;25;18
1584.0;16;24;19;33;174;39;20;25;20
1590.0;17;26;19;33;174;40;20;22;19
1596.0;17;27;20;30;171;42;23;21;19
1602.0;20;27;19;29;169;41;21;22;22
1608.0;26;23;17;32;166;43;19;23;21
1614.0;28;24;19;33;163;42;18;22;21
1620.0;22;24;20;39;162;42;19;21;21
1626.0;22;26;19;38;163;41;19;21;21
1632.0;25;24;18;36;161;41;19;24;22
1638.0;25;22;19;36;160;42;18;24;24
1644.0;25;23;20;37;158;40;19;26;22
1650.0;23;24;25;36;159;39;17;23;24
1656.0;23;26;20;35;159;40;19;24;24
1662.0;24;27;18;36;158;37;20;27;23
1668.0;25;27;18;36;158;36;20;29;21
1674.0;27;27;16;33;158;37;20;29;23
1680.0;27;28;17;30;158;39;20;30;21
1686.0;27;29;16;31;158;36;22;29;22
1692.0;23;28;15;31;158;39;22;32;22
1698.0;23;25;15;30;157;42;21;35;22
1704.0;19;29;16;32;157;44;17;35;21
1710.0;20;30;16;31;156;46;15;36;20
1716.0;20;33;17;31;156;46;14;34;19
1722.0;17;32;19;34;156;44;17;33;18
1728.0;18;34;16;34;158;41;19;33;17
1734.0;17;36;15;36;159;39;18;33;17
1740.0;16;39;14;32;162;36;19;34;18
1746.0;18;41;13;34;162;33;19;33;17
1752.0;19;43;17;29;160;34;18;33;17
1758.0;17;41;18;29;163;30;17;36;19
1764.0;18;39;17;27;164;32;17;37;19
1770.0;17;40;19;25;164;31;17;37;20
1776.0;16;40;15;29;164;31;16;36;23
1782.0;18;40;15;27;165;31;17;36;21
1788.0;22;42;15;28;161;32;15;36;19
1794.0;22;43;14;30;160;32;17;32;20
