#auto generated file!
12.0;29;26;30;29;22;21;32;25;26
18.0;31;27;29;28;25;21;27;29;23
24.0;29;28;32;30;26;21;24;29;21
30.0;33;27;30;29;26;20;22;32;21
36.0;33;28;30;30;28;21;19;33;18
42.0;32;26;27;28;32;22;19;32;22
48.0;32;26;27;28;31;22;20;30;24
54.0;31;26;27;27;33;22;21;29;24
60.0;31;25;24;29;36;24;20;29;22
66.0;29;24;24;30;37;24;21;29;22
72.0;27;27;25;28;39;23;17;33;21
78.0;27;25;27;29;39;25;16;32;20
84.0;28;25;25;27;40;26;19;32;18
90.0;27;26;22;26;39;29;17;32;22
96.0;26;29;18;25;39;32;17;31;23
102.0;28;30;17;26;39;31;17;33;19
108.0;31;31;16;26;41;31;13;33;18
114.0;29;30;15;25;43;32;15;34;17
120.0;27;31;16;25;44;29;17;34;17
126.0;29;29;16;27;45;29;13;35;17
132.0;27;30;16;28;46;29;13;35;16
138.0;25;29;16;28;48;29;11;38;16
144.0;23;33;16;26;49;30;9;39;15
150.0;22;33;16;27;50;33;9;35;15
156.0;21;32;16;27;51;35;10;32;16
162.0;18;33;16;29;52;35;10;31;16
168.0;20;33;17;29;53;34;10;29;15
174.0;23;35;13;27;53;33;10;32;14
180.0;23;33;13;24;57;36;10;31;13
186.0;23;33;14;25;56;36;11;28;14
192.0;22;33;15;24;56;36;11;29;14
198.0;21;31;15;25;55;36;13;30;14
204.0;26;32;14;25;57;35;12;29;10
210.0;25;31;16;23;58;37;11;30;9
216.0;25;31;13;26;60;34;12;30;9
222.0;23;32;15;25;60;35;13;26;11
228.0;21;35;15;26;59;34;14;25;11
234.0;21;35;15;27;59;32;14;26;11
240.0;20;35;15;26;61;31;13;27;12
246.0;19;34;11;26;61;31;17;30;11
252.0;17;34;11;27;61;29;17;29;15
258.0;16;34;10;27;63;29;17;31;13
264.0;16;37;11;25;62;28;17;30;14
270.0;16;37;12;25;61;29;14;32;14
276.0;17;37;13;28;61;28;12;31;13
282.0;14;36;14;31;62;26;14;30;13
288.0;14;34;15;30;62;26;13;33;13
294.0;15;35;16;29;62;28;12;31;12
300.0;16;33;18;26;61;31;14;31;10
306.0;13;31;21;25;61;32;12;32;13
312.0;14;31;22;27;59;31;12;32;12
318.0;14;30;23;25;58;32;11;32;15
324.0;15;27;23;26;58;30;12;37;12
330.0;16;28;25;26;59;28;11;35;12
336.0;16;26;25;26;62;28;10;34;13
342.0;18;25;23;26;62;24;12;37;13
348.0;23;23;20;25;62;25;15;33;14
354.0;21;26;16;26;62;26;16;34;13
360.0;18;27;13;25;63;28;18;35;13
366.0;15;29;11;27;66;28;17;35;12
372.0;15;26;10;27;68;30;16;35;13
378.0;15;26;12;28;67;31;14;34;13
384.0;15;27;12;29;66;32;13;34;12
390.0;14;27;13;29;66;31;13;33;14
396.0;14;28;14;28;65;31;13;33;14
402.0;13;24;16;29;66;32;12;32;16
408.0;14;24;16;29;68;30;12;31;16
414.0;16;22;14;31;69;30;12;30;16
420.0;15;22;14;30;70;28;14;31;16
426.0;16;22;14;28;72;28;12;31;17
432.0;13;23;14;28;74;31;11;29;17
438.0;11;23;15;30;73;31;10;29;18
444.0;11;21;16;31;72;32;12;26;19
450.0;7;22;17;34;72;34;11;24;19
456.0;8;21;15;34;76;33;10;29;14
462.0;10;20;15;34;77;31;10;29;14
468.0;8;24;13;31;79;35;8;29;13
474.0;7;22;15;33;80;34;8;29;12
480.0;6;21;13;33;78;37;10;30;12
486.0;7;21;12;33;82;35;9;29;12
492.0;8;20;11;32;83;35;8;31;12
498.0;6;22;11;32;83;35;10;28;13
504.0;7;23;10;29;82;36;10;27;16
510.0;9;23;11;29;82;34;10;29;13
516.0;11;23;11;29;81;34;12;28;11
522.0;14;25;12;27;81;31;11;27;12
528.0;12;25;13;26;80;31;10;30;13
534.0;11;25;14;27;80;30;9;31;13
540.0;11;26;13;30;80;32;7;30;11
546.0;10;26;14;31;79;30;8;29;13
552.0;10;27;14;29;82;31;6;30;11
558.0;10;29;13;28;83;30;8;29;10
564.0;12;29;13;27;84;30;8;28;9
570.0;9;28;16;27;86;27;9;29;9
576.0;9;27;15;28;86;28;8;30;9
582.0;9;27;16;29;85;27;7;32;8
588.0;10;28;14;31;85;25;7;32;8
594.0;10;28;12;30;85;28;7;33;7
600.0;12;30;13;28;84;26;7;34;6
606.0;11;30;12;30;85;25;7;34;6
612.0;9;31;12;29;87;25;8;33;6
618.0;11;32;8;30;88;28;4;32;7
624.0;11;28;9;31;86;29;4;33;9
630.0;11;26;9;34;85;28;4;33;10
636.0;11;28;8;33;85;28;6;31;10
642.0;12;28;8;30;86;28;7;32;9
648.0;9;31;8;30;84;28;6;34;10
654.0;9;33;11;30;85;25;7;31;9
660.0;8;34;12;29;85;25;8;30;9
666.0;7;34;14;27;86;27;8;29;8
672.0;6;34;15;24;88;28;8;28;9
678.0;7;33;17;24;88;26;8;28;9
684.0;10;30;17;22;89;26;8;29;9
690.0;8;29;18;22;90;26;8;30;9
696.0;8;30;18;20;89;26;8;30;11
702.0;8;30;18;21;89;25;8;30;11
708.0;8;29;17;21;91;24;10;30;10
714.0;6;32;15;22;91;25;11;28;10
720.0;7;34;14;22;90;24;13;26;10
726.0;7;33;13;24;92;24;12;25;10
732.0;11;35;12;22;94;23;10;22;11
738.0;14;33;10;24;95;23;9;22;10
744.0;13;33;11;24;94;22;9;22;12
750.0;13;34;14;24;95;20;8;24;8
756.0;13;37;16;23;94;20;7;22;8
762.0;11;38;14;23;94;19;9;23;9
768.0;12;38;15;21;95;19;10;22;8
774.0;10;37;15;24;94;20;12;20;8
780.0;9;36;16;24;96;20;11;20;8
786.0;11;38;13;23;95;20;11;20;9
792.0;10;38;13;24;95;22;7;21;10
798.0;10;39;13;25;95;21;7;21;9
804.0;9;41;13;26;94;19;9;20;9
810.0;9;40;13;28;94;19;8;21;8
816.0;12;39;13;26;96;17;9;20;8
822.0;11;41;13;25;94;19;8;20;9
828.0;11;40;11;24;93;20;9;21;11
834.0;11;37;10;27;92;22;12;17;12
840.0;10;31;9;28;92;24;13;18;15
846.0;9;32;8;27;92;23;13;21;15
852.0;8;34;8;27;92;23;13;20;15
858.0;8;33;8;26;92;22;13;22;16
864.0;7;33;9;27;92;21;13;21;17
870.0;9;34;8;26;91;22;14;21;15
876.0;9;31;9;26;92;23;14;21;15
882.0;8;31;9;24;93;27;11;20;17
888.0;10;29;12;27;93;27;9;18;15
894.0;9;29;11;28;94;27;9;19;14
900.0;8;28;10;29;96;27;12;18;12
906.0;9;29;10;29;96;27;11;19;10
912.0;9;30;8;30;97;27;10;19;10
918.0;10;29;7;31;97;26;12;19;9
924.0;10;28;8;31;98;25;11;21;8
930.0;9;27;7;32;98;26;12;22;7
936.0;9;28;8;32;98;24;13;23;5
942.0;11;28;8;33;97;24;12;23;4
948.0;12;26;8;33;98;25;12;21;5
954.0;13;24;10;31;98;23;13;22;6
960.0;13;24;10;28;98;25;14;22;6
966.0;14;21;9;29;99;25;15;22;6
972.0;14;23;9;30;99;23;14;23;5
978.0;12;25;10;27;101;21;15;23;6
984.0;12;24;10;28;101;17;15;25;8
990.0;10;26;11;29;101;16;12;27;8
996.0;11;27;11;29;103;16;11;25;7
1002.0;12;26;11;30;103;15;13;23;7
1008.0;12;24;11;29;104;15;12;25;8
1014.0;12;26;11;27;102;18;9;26;9
1020.0;13;27;8;27;102;18;9;26;10
1026.0;12;27;10;24;101;20;9;26;11
1032.0;10;26;12;21;101;22;7;27;14
1038.0;11;26;12;20;101;20;8;28;14
1044.0;13;26;11;21;102;20;8;27;12
1050.0;14;25;11;21;102;21;10;26;10
1056.0;15;25;10;22;101;21;10;25;11
1062.0;13;26;11;21;100;23;11;25;10
1068.0;13;28;11;22;101;20;12;23;10
1074.0;13;28;14;21;101;21;11;21;10
1080.0;13;31;12;22;101;20;12;18;11
1086.0;14;30;11;22;101;20;13;17;12
1092.0;15;29;9;22;100;18;15;17;15
1098.0;16;32;9;20;99;17;15;17;15
1104.0;17;29;10;19;101;16;15;17;16
1110.0;17;30;9;18;101;17;14;18;16
1116.0;16;32;10;18;101;17;14;17;15
1122.0;17;33;9;19;102;18;11;17;14
1128.0;17;33;7;17;102;19;12;19;14
1134.0;18;31;7;18;101;20;12;19;14
1140.0;15;29;8;20;101;20;14;20;13
1146.0;15;30;8;20;102;19;15;21;10
1152.0;15;30;7;24;100;18;15;23;8
1158.0;15;29;8;25;98;18;13;25;9
1164.0;15;29;11;26;97;18;12;23;9
1170.0;14;30;12;27;97;17;13;22;8
1176.0;12;29;11;27;99;16;16;19;11
1182.0;11;29;11;26;99;16;19;17;12
1188.0;12;27;11;27;100;15;18;17;13
1194.0;11;25;13;27;101;14;17;19;13
1200.0;10;26;13;26;100;14;15;21;15
1206.0;13;24;11;27;100;14;16;21;14
1212.0;14;22;11;26;99;15;16;24;13
1218.0;15;24;13;26;100;14;13;24;11
1224.0;18;24;14;21;100;14;13;25;11
1230.0;14;24;14;22;102;14;13;27;10
1236.0;15;23;15;23;103;17;12;24;8
1242.0;16;21;16;23;104;17;12;23;8
1248.0;20;21;16;23;103;16;11;24;6
1254.0;19;21;18;25;102;16;9;24;6
1260.0;18;22;17;24;103;17;7;25;7
1266.0;17;22;16;25;101;17;9;24;9
1272.0;16;22;18;25;100;18;8;23;10
1278.0;14;22;19;27;100;17;9;22;10
1284.0;12;22;21;26;100;18;8;24;9
1290.0;14;20;20;23;98;18;10;25;12
1296.0;14;20;17;23;97;18;11;25;15
1302.0;14;22;16;22;98;17;12;24;15
1308.0;14;23;17;20;101;17;10;24;14
1314.0;13;22;16;19;103;20;10;24;13
1320.0;11;21;16;21;103;21;11;24;12
1326.0;12;23;16;21;101;21;9;25;12
1332.0;14;22;16;19;102;20;9;27;11
1338.0;13;22;17;20;101;20;9;25;13
1344.0;12;23;15;19;99;23;12;25;12
1350.0;13;22;16;18;103;22;11;24;11
1356.0;13;21;15;19;99;22;16;23;12
1362.0;11;22;19;20;98;22;11;23;14
1368.0;12;23;16;19;97;23;10;26;14
1374.0;12;23;13;19;97;23;13;27;13
1380.0;12;21;11;21;95;26;13;28;13
1386.0;10;22;12;21;95;26;13;29;12
1392.0;8;24;14;21;94;28;14;25;12
1398.0;7;25;14;19;94;27;16;25;13
1404.0;8;24;15;19;96;27;16;20;15
1410.0;9;23;15;21;98;25;15;21;13
1416.0;10;22;14;21;99;24;16;19;15
1422.0;9;21;15;22;101;24;15;19;14
1428.0;9;20;15;23;99;24;15;21;14
1434.0;11;19;16;25;95;24;16;21;13
1440.0;11;20;15;25;95;22;18;22;12
1446.0;12;20;12;27;96;24;17;21;11
1452.0;13;17;11;29;97;22;18;21;12
1458.0;13;16;14;29;97;23;19;18;11
1464.0;12;16;15;25;100;24;19;17;12
1470.0;11;15;14;25;100;25;19;17;14
1476.0;10;16;15;25;97;25;19;18;15
1482.0;10;18;16;25;100;25;16;14;16
1488.0;9;18;14;25;102;26;14;15;17
1494.0;9;18;16;23;102;27;14;15;16
1500.0;9;17;14;23;102;27;13;16;19
1506.0;9;17;15;24;102;25;12;17;19
1512.0;7;17;16;23;101;28;12;16;20
1518.0;8;17;17;26;100;26;11;16;19
1524.0;8;19;16;26;100;27;12;14;18
1530.0;9;16;18;26;100;30;12;14;15
1536.0;7;14;19;27;99;31;12;15;16
1542.0;9;13;16;30;100;32;9;14;17
1548.0;10;12;16;29;101;32;10;15;15
1554.0;10;13;17;30;102;32;11;14;11
1560.0;9;13;20;30;101;31;12;13;11
1566.0;8;16;16;28;102;31;12;16;11
1572.0;9;17;12;25;101;32;13;18;13
1578.0;10;17;9;24;101;31;16;18;14
1584.0;9;19;6;22;101;35;16;21;11
1590.0;8;17;6;21;102;36;18;21;11
1596.0;9;13;6;23;103;36;16;22;12
1602.0;12;14;6;22;103;34;14;23;12
1608.0;14;14;7;21;106;33;13;22;10
1614.0;13;15;7;20;108;32;14;21;10
1620.0;11;15;7;21;110;29;14;21;12
1626.0;11;16;6;20;111;29;15;19;13
1632.0;11;18;5;20;111;29;14;19;13
1638.0;10;18;9;21;112;27;13;18;12
1644.0;12;17;9;21;110;27;12;19;13
1650.0;12;16;11;21;109;28;11;18;14
1656.0;14;15;11;20;105;29;11;19;16
1662.0;14;15;12;20;106;30;11;18;14
1668.0;13;20;10;21;108;30;10;15;13
1674.0;12;20;10;22;109;30;11;14;12
1680.0;13;19;10;21;108;30;12;14;13
1686.0;13;18;10;21;108;30;12;15;13
1692.0;14;18;9;22;109;29;10;16;13
1698.0;13;19;9;21;110;31;8;16;13
1704.0;12;18;9;21;111;32;10;14;13
1710.0;12;18;7;19;111;31;11;16;15
1716.0;10;20;7;21;110;30;12;16;14
1722.0;8;19;8;20;111;29;15;17;13
1728.0;9;20;7;20;111;29;14;17;13
1734.0;9;20;8;19;106;30;15;19;14
1740.0;9;18;11;19;108;28;16;19;12
1746.0;9;18;15;20;108;27;17;15;11
1752.0;9;18;15;23;107;26;15;16;11
1758.0;8;20;14;25;106;25;15;17;10
1764.0;7;22;15;25;104;25;14;16;12
1770.0;8;21;13;24;104;27;14;14;15
1776.0;10;23;12;24;104;26;14;12;15
1782.0;8;23;13;26;103;24;15;15;13
1788.0;7;24;14;27;104;22;15;15;12
1794.0;7;22;11;27;104;22;14;19;14
