#auto generated file!
12.0;46;63;45;46;56;39;48;53;54
18.0;48;66;39;52;58;37;47;51;52
24.0;47;64;38;51;61;37;44;53;55
30.0;46;63;42;51;63;39;41;56;49
36.0;44;61;38;54;63;41;41;56;52
42.0;43;62;36;54;67;43;39;57;49
48.0;40;64;34;56;73;44;39;57;43
54.0;36;63;31;58;77;47;36;61;41
60.0;35;63;30;59;82;51;30;61;39
66.0;35;62;30;57;84;51;30;63;38
72.0;36;62;29;59;85;52;32;63;32
78.0;32;62;30;62;89;50;33;65;27
84.0;33;60;30;63;93;48;31;66;26
90.0;32;62;31;62;94;47;31;65;26
96.0;30;64;33;61;95;45;31;61;30
102.0;31;63;31;59;101;46;31;56;32
108.0;25;67;31;61;100;44;32;54;36
114.0;26;66;32;59;103;39;30;55;40
120.0;26;62;31;60;105;38;33;54;41
126.0;25;64;33;63;104;38;32;51;40
132.0;24;62;30;64;103;41;35;52;39
138.0;23;66;29;64;105;40;35;52;36
144.0;20;66;27;66;106;35;36;56;38
150.0;18;65;28;64;105;34;42;57;37
156.0;15;68;31;66;103;34;41;54;38
162.0;19;68;35;65;103;37;35;52;36
168.0;21;68;32;62;108;37;32;53;37
174.0;23;67;29;62;112;36;36;51;34
180.0;24;68;29;64;112;37;33;52;31
186.0;28;66;28;66;113;40;27;51;31
192.0;25;65;32;64;112;40;28;54;30
198.0;26;66;35;64;109;40;26;54;30
204.0;29;68;30;62;109;38;26;57;31
210.0;29;70;28;56;112;39;28;60;28
216.0;26;68;30;53;115;36;27;61;34
222.0;30;66;30;52;122;32;29;59;30
228.0;33;63;31;53;125;33;27;59;26
234.0;31;63;29;54;127;33;27;60;26
240.0;33;64;29;54;128;38;22;56;26
246.0;34;63;28;55;127;37;24;57;25
252.0;28;62;26;56;127;39;25;59;28
258.0;28;62;21;54;131;37;29;59;29
264.0;28;57;23;56;133;36;34;56;27
270.0;28;56;24;55;134;33;35;56;29
276.0;26;52;25;56;136;33;36;58;28
282.0;25;50;25;57;136;35;34;61;27
288.0;27;54;25;61;139;32;29;57;26
294.0;25;54;22;59;139;33;31;61;26
300.0;26;52;23;59;140;31;31;60;28
306.0;28;52;22;54;141;32;30;61;30
312.0;28;51;26;55;140;29;28;60;33
318.0;28;48;22;56;139;34;31;58;34
324.0;29;47;24;56;144;34;30;55;31
330.0;31;46;24;54;143;35;29;55;33
336.0;30;44;24;55;145;33;31;56;32
342.0;31;40;25;54;144;35;30;59;32
348.0;30;41;25;54;144;33;34;58;31
354.0;30;41;28;56;142;37;25;58;33
360.0;28;41;30;57;146;38;23;54;33
366.0;27;41;30;58;144;38;23;55;34
372.0;28;46;28;59;145;35;22;54;33
378.0;29;47;30;61;147;34;19;52;31
384.0;28;47;30;61;144;40;16;53;31
390.0;26;48;34;59;142;41;16;55;29
396.0;27;48;32;56;143;43;19;53;29
402.0;27;52;32;54;143;42;18;53;29
408.0;28;50;33;53;143;50;19;51;23
414.0;30;50;29;49;148;52;21;48;23
420.0;29;52;28;48;150;51;22;47;23
426.0;27;52;28;48;153;53;21;46;22
432.0;26;58;28;46;154;54;20;43;21
438.0;24;58;28;43;158;53;21;43;22
444.0;22;58;29;42;159;57;23;39;21
450.0;21;61;25;40;161;58;23;39;22
456.0;19;58;23;41;163;59;26;39;22
462.0;20;57;26;38;163;57;26;38;25
468.0;22;57;23;39;164;57;26;37;25
474.0;21;54;23;40;166;58;22;35;31
480.0;24;51;24;40;167;57;25;34;28
486.0;23;50;28;38;167;55;26;35;28
492.0;24;50;28;39;170;54;25;35;25
498.0;27;53;26;41;167;52;27;32;25
504.0;26;54;24;40;169;56;27;31;23
510.0;26;54;26;40;172;55;24;30;23
516.0;24;58;27;37;172;55;26;30;21
522.0;27;57;27;36;175;52;27;32;17
528.0;28;55;26;38;178;47;24;35;19
534.0;28;53;25;39;177;49;24;36;19
540.0;30;52;24;37;180;46;26;35;20
546.0;32;52;25;37;180;43;25;36;20
552.0;32;54;23;37;179;44;25;37;19
558.0;29;50;27;37;179;44;26;39;19
564.0;27;47;32;39;179;46;26;37;17
570.0;27;48;28;42;178;46;25;37;19
576.0;28;47;27;41;178;48;30;34;17
582.0;26;45;27;39;179;49;32;35;18
588.0;25;45;27;40;184;46;32;30;21
594.0;27;45;25;40;180;48;33;32;20
600.0;26;45;23;40;178;45;34;37;22
606.0;27;45;25;42;176;46;34;36;19
612.0;27;42;25;41;177;45;30;40;23
618.0;26;43;27;39;178;46;29;42;20
624.0;26;43;28;38;177;47;28;40;23
630.0;26;41;28;39;175;45;29;40;27
636.0;30;41;31;41;174;45;24;38;26
642.0;33;37;28;41;176;47;21;44;23
648.0;30;38;30;36;176;46;26;44;24
654.0;34;38;27;34;177;45;28;45;22
660.0;38;39;29;31;180;44;28;42;19
666.0;36;40;28;32;185;44;25;42;18
672.0;36;43;25;28;185;45;25;43;20
678.0;35;46;27;26;187;43;21;46;19
684.0;35;47;27;27;184;41;18;48;23
690.0;36;49;22;26;183;43;22;46;23
696.0;35;53;20;28;182;43;22;44;23
702.0;31;54;20;26;184;40;25;47;23
708.0;28;53;20;30;185;41;23;47;23
714.0;29;54;19;32;183;41;26;44;22
720.0;29;55;20;34;181;39;28;42;22
726.0;29;54;19;38;182;38;26;42;22
732.0;31;54;20;39;183;35;27;39;22
738.0;33;54;17;37;184;37;26;40;22
744.0;30;54;17;38;184;39;25;42;21
750.0;29;54;18;36;187;41;24;41;20
756.0;26;51;17;36;193;43;23;41;20
762.0;28;53;18;34;194;40;23;41;19
768.0;28;52;16;36;193;41;25;40;19
774.0;28;44;16;40;195;45;25;37;20
780.0;22;44;18;39;194;46;26;40;21
786.0;24;43;16;43;195;47;23;38;21
792.0;24;41;16;46;197;49;19;42;16
798.0;24;41;18;47;197;44;20;44;15
804.0;27;43;17;49;196;43;21;38;16
810.0;23;43;15;54;197;43;18;37;20
816.0;22;44;16;48;202;44;17;37;20
822.0;18;45;18;48;205;42;14;43;17
828.0;16;44;18;51;204;42;14;45;16
834.0;17;43;20;51;203;41;14;45;16
840.0;17;43;21;53;204;40;14;42;16
846.0;19;42;21;50;208;40;13;43;14
852.0;20;39;22;48;206;42;13;45;15
858.0;22;39;19;50;205;39;15;45;16
864.0;19;43;20;48;205;39;14;47;15
870.0;20;49;18;45;205;40;15;44;14
876.0;18;51;19;45;210;36;14;44;13
882.0;17;52;20;43;209;36;15;43;15
888.0;18;45;19;45;211;39;14;44;15
894.0;22;45;22;45;207;38;15;40;16
900.0;21;44;23;43;207;38;14;39;21
906.0;19;47;23;42;205;35;14;43;22
912.0;20;48;23;45;201;35;15;40;23
918.0;20;47;24;43;202;33;17;40;24
924.0;20;47;22;44;201;33;16;41;26
930.0;21;47;26;43;203;33;16;40;21
936.0;26;47;26;41;200;34;16;38;22
942.0;22;51;28;41;199;34;15;39;21
948.0;23;53;32;42;196;34;13;38;19
954.0;26;51;29;42;192;35;14;36;25
960.0;24;52;29;43;193;37;11;36;25
966.0;22;53;26;45;194;36;12;40;22
972.0;24;50;24;44;194;36;13;41;24
978.0;28;48;24;43;196;37;12;38;24
984.0;29;48;23;43;196;38;12;37;24
990.0;28;45;22;42;195;39;14;38;27
996.0;26;44;23;40;198;38;14;40;27
1002.0;27;43;19;42;199;38;14;38;30
1008.0;28;44;16;43;199;35;15;39;31
1014.0;27;43;17;41;197;36;19;40;30
1020.0;28;41;15;46;195;38;18;41;28
1026.0;27;44;18;44;192;39;19;41;26
1032.0;25;46;15;42;193;43;22;39;25
1038.0;26;49;16;43;195;41;22;35;23
1044.0;23;49;18;43;194;41;23;35;24
1050.0;22;49;19;43;194;42;25;35;21
1056.0;20;51;20;42;194;41;25;38;19
1062.0;22;52;22;41;194;41;23;36;19
1068.0;23;50;20;39;196;40;23;39;20
1074.0;24;51;21;40;196;38;24;38;18
1080.0;19;50;21;41;201;36;23;39;20
1086.0;17;53;20;41;199;35;25;40;20
1092.0;18;53;17;44;200;34;23;42;19
1098.0;18;53;18;42;202;34;26;40;17
1104.0;19;52;20;42;200;35;23;41;18
1110.0;15;49;23;44;198;35;25;40;21
1116.0;15;47;23;42;201;35;25;41;21
1122.0;16;46;22;40;200;37;24;42;23
1128.0;13;48;21;40;199;38;24;45;22
1134.0;12;49;21;36;198;40;26;44;24
1140.0;13;52;19;36;199;36;27;45;23
1146.0;15;51;16;38;200;32;27;49;22
1152.0;16;50;14;39;201;31;29;48;22
1158.0;17;49;12;35;203;30;34;51;19
1164.0;16;50;14;36;201;31;35;49;18
1170.0;22;52;16;35;204;31;28;51;11
1176.0;25;49;16;36;202;32;26;53;11
1182.0;24;44;16;36;201;32;26;55;16
1188.0;25;44;16;36;199;32;26;56;16
1194.0;23;44;15;37;198;32;25;53;23
1200.0;25;42;14;38;199;33;23;56;20
1206.0;30;41;16;39;197;34;21;54;18
1212.0;30;41;17;37;198;32;25;51;19
1218.0;30;41;19;37;199;36;21;51;16
1224.0;26;41;18;37;200;39;20;49;20
1230.0;27;43;19;37;199;38;18;50;19
1236.0;26;42;16;38;202;40;18;47;21
1242.0;25;41;15;38;202;39;20;48;22
1248.0;27;42;16;38;203;36;19;46;23
1254.0;27;40;19;38;201;34;22;46;23
1260.0;27;40;21;39;199;34;22;48;20
1266.0;26;39;18;38;204;34;22;46;23
1272.0;25;42;19;37;203;34;22;43;25
1278.0;24;37;19;35;204;33;27;43;28
1284.0;26;36;18;36;205;34;26;43;26
1290.0;28;36;17;34;205;35;25;45;25
1296.0;21;35;23;36;203;34;26;48;24
1302.0;24;36;22;35;205;35;28;44;21
1308.0;26;36;21;34;206;34;26;44;23
1314.0;31;35;19;31;212;32;24;45;21
1320.0;30;35;19;32;210;33;25;44;22
1326.0;28;39;22;31;209;30;23;48;20
1332.0;28;39;20;32;209;33;19;49;21
1338.0;29;37;23;32;207;34;20;48;20
1344.0;28;36;26;36;210;31;19;45;19
1350.0;27;38;26;36;210;32;19;46;16
1356.0;23;37;25;40;209;32;21;48;15
1362.0;24;35;22;41;212;34;20;45;17
1368.0;25;32;22;40;214;32;20;48;17
1374.0;24;31;22;36;216;33;21;48;19
1380.0;21;33;19;35;215;35;23;49;20
1386.0;25;31;15;35;217;38;24;45;20
1392.0;26;31;17;36;215;39;23;44;19
1398.0;23;30;17;37;215;39;23;46;20
1404.0;22;33;14;36;214;38;24;48;21
1410.0;24;35;14;36;215;37;22;46;21
1416.0;20;38;16;36;215;37;20;45;23
1422.0;18;40;20;36;213;36;21;43;23
1428.0;18;39;19;39;214;35;23;41;22
1434.0;19;37;20;44;213;34;21;39;23
1440.0;20;39;19;45;212;32;21;40;22
1446.0;17;42;21;45;213;33;21;38;20
1452.0;15;40;22;45;212;32;22;41;21
1458.0;16;42;21;47;209;33;21;38;23
1464.0;16;39;23;46;212;34;21;39;20
1470.0;15;43;22;44;214;36;22;37;17
1476.0;17;45;19;42;212;34;24;37;20
1482.0;16;45;17;42;212;36;22;38;22
1488.0;19;47;18;42;209;35;22;37;21
1494.0;18;45;20;41;207;39;22;34;24
1500.0;15;43;20;42;208;40;23;36;23
1506.0;12;43;18;44;207;40;25;39;22
1512.0;11;43;19;43;211;43;23;36;21
1518.0;16;43;19;40;212;40;24;37;19
1524.0;12;40;21;41;211;40;24;40;21
1530.0;11;40;19;41;210;38;26;42;23
1536.0;10;42;19;40;212;36;27;42;22
1542.0;9;42;22;39;212;36;27;42;21
1548.0;9;47;21;38;210;36;28;41;20
1554.0;12;49;21;39;210;33;30;40;16
1560.0;15;44;23;42;209;31;30;40;16
1566.0;17;44;24;44;208;27;31;39;16
1572.0;19;45;21;45;210;30;30;38;12
1578.0;16;45;21;44;213;29;27;42;13
1584.0;16;45;21;47;212;29;24;43;13
1590.0;20;40;21;48;212;31;23;42;13
1596.0;19;42;21;47;214;32;21;42;12
1602.0;18;43;18;46;215;35;21;43;11
1608.0;18;45;17;49;216;35;20;39;11
1614.0;20;46;15;52;215;34;18;40;10
1620.0;18;45;15;51;217;35;17;40;12
1626.0;17;46;19;50;212;35;17;40;14
1632.0;17;43;25;48;211;34;16;42;14
1638.0;16;41;22;47;214;36;18;43;13
1644.0;13;44;20;50;216;39;16;40;12
1650.0;17;43;17;49;216;40;15;39;14
1656.0;17;47;17;47;215;38;16;38;15
1662.0;15;47;17;46;215;43;16;35;16
1668.0;15;47;15;42;217;43;16;36;19
1674.0;17;49;15;41;217;43;14;35;19
1680.0;17;48;15;42;219;42;14;36;17
1686.0;15;49;15;38;218;43;16;38;18
1692.0;12;48;18;39;217;45;19;36;16
1698.0;11;51;17;38;215;46;17;41;14
1704.0;13;49;19;36;217;48;17;38;13
1710.0;13;47;18;36;217;45;18;42;14
1716.0;10;48;18;39;219;44;16;43;13
1722.0;14;45;17;39;219;41;17;45;13
1728.0;15;44;17;39;220;39;15;45;16
1734.0;17;45;16;40;222;38;14;43;15
1740.0;16;42;16;42;224;38;12;46;14
1746.0;15;40;18;42;226;37;13;45;14
1752.0;16;40;19;42;229;36;13;41;14
1758.0;15;41;20;40;228;37;13;40;16
1764.0;15;41;21;40;229;35;12;40;17
1770.0;15;41;21;41;225;33;14;40;20
1776.0;14;40;21;41;225;34;14;40;21
1782.0;14;39;19;38;223;39;16;40;22
1788.0;14;40;18;40;221;39;19;37;22
1794.0;15;40;18;37;221;38;17;39;25
