#auto generated file!
12.0;13;9;13;15;10;13;14;13;10
18.0;13;8;12;16;12;12;13;13;11
24.0;13;9;11;16;12;11;13;14;11
30.0;14;11;11;17;13;10;11;13;10
36.0;14;11;11;17;14;11;11;12;9
42.0;12;11;11;16;14;12;11;11;12
48.0;11;11;8;14;16;16;11;11;12
54.0;12;14;6;14;16;14;11;11;12
60.0;14;13;6;13;18;14;10;12;10
66.0;14;14;5;15;19;15;9;10;9
72.0;13;14;7;17;21;13;7;9;9
78.0;12;14;7;16;22;13;8;9;9
84.0;12;14;7;18;22;13;6;9;9
90.0;12;13;7;19;22;14;5;10;8
96.0;12;13;3;19;25;14;6;11;7
102.0;11;14;3;18;25;15;5;11;8
108.0;10;13;4;20;26;14;5;11;7
114.0;8;14;4;19;26;15;5;12;7
120.0;7;14;4;18;27;16;5;13;6
126.0;8;13;4;18;28;15;5;14;5
132.0;9;13;3;18;28;13;7;14;5
138.0;8;12;4;18;30;11;8;14;5
144.0;8;12;4;16;30;14;7;14;5
150.0;11;11;5;13;31;13;8;16;2
156.0;12;10;7;13;31;13;8;15;1
162.0;12;11;6;13;31;12;7;16;2
168.0;12;10;8;13;31;12;7;15;2
174.0;12;10;9;12;33;12;6;14;2
180.0;11;11;10;10;33;12;7;14;2
186.0;11;10;10;10;33;13;7;14;2
192.0;9;9;11;8;35;14;8;15;1
198.0;8;10;10;9;34;15;7;15;2
204.0;8;11;9;11;34;15;7;13;2
210.0;8;11;9;11;35;14;7;12;3
216.0;8;11;10;11;34;14;8;11;3
222.0;7;13;8;12;33;14;8;11;4
228.0;6;13;8;10;34;15;8;12;4
234.0;7;14;8;9;34;15;8;12;3
240.0;5;14;8;9;34;15;8;12;5
246.0;6;13;8;10;34;16;7;10;6
252.0;5;14;7;10;34;16;7;10;7
258.0;7;13;7;9;36;15;6;10;7
264.0;7;13;7;10;36;15;5;11;6
270.0;8;14;6;9;36;15;5;11;6
276.0;10;13;7;8;38;14;5;10;5
282.0;10;13;8;6;38;14;6;10;5
288.0;10;15;8;6;38;12;7;10;4
294.0;10;15;6;7;37;12;7;13;3
300.0;9;15;4;8;38;15;6;12;3
306.0;7;15;3;8;40;14;7;12;4
312.0;7;14;3;8;40;15;7;12;4
318.0;6;14;3;9;40;16;7;11;4
324.0;5;13;3;8;40;19;6;11;5
330.0;5;14;4;9;39;19;6;11;3
336.0;5;15;5;8;38;18;6;12;3
342.0;5;16;5;8;40;17;6;11;2
348.0;6;14;7;7;40;17;5;12;2
354.0;6;14;9;7;40;16;4;11;3
360.0;6;13;11;9;39;14;3;12;3
366.0;7;13;11;8;39;14;2;11;5
372.0;6;12;12;8;39;14;3;11;5
378.0;4;16;11;8;38;14;3;11;5
384.0;5;15;13;9;37;12;3;12;4
390.0;5;14;13;9;37;12;5;11;4
396.0;5;12;12;10;37;14;5;10;5
402.0;5;12;12;10;36;16;6;9;4
408.0;4;12;11;9;36;17;7;9;5
414.0;4;12;12;10;35;15;5;10;7
420.0;6;13;10;10;34;14;6;9;8
426.0;5;13;10;10;36;14;6;8;8
432.0;5;14;10;9;36;13;5;10;8
438.0;6;13;11;8;36;14;5;9;8
444.0;6;14;12;9;37;14;4;8;6
450.0;7;14;9;11;36;14;4;9;6
456.0;7;14;9;11;36;14;4;9;6
462.0;7;15;8;10;36;15;4;9;6
468.0;7;15;8;9;39;15;4;8;5
474.0;5;15;8;9;42;14;5;7;5
480.0;6;15;12;8;43;13;3;6;4
486.0;5;14;10;9;45;13;3;8;3
492.0;5;14;9;10;45;13;4;7;3
498.0;5;13;11;9;45;12;5;7;3
504.0;5;14;11;9;43;13;5;7;3
510.0;4;14;11;7;44;13;6;8;3
516.0;5;14;8;9;45;14;6;7;2
522.0;6;13;9;12;45;10;5;7;3
528.0;7;10;7;13;48;10;4;7;4
534.0;7;10;7;13;48;9;4;8;4
540.0;8;10;7;13;48;10;4;7;3
546.0;7;10;7;14;49;8;4;8;3
552.0;5;9;7;13;49;10;5;9;3
558.0;6;8;6;13;50;10;5;9;3
564.0;6;10;6;12;50;10;5;9;2
570.0;6;9;5;12;49;11;5;10;3
576.0;6;9;4;12;48;14;2;10;5
582.0;5;10;4;10;48;14;4;10;5
588.0;5;10;4;9;49;13;4;11;5
594.0;6;10;5;8;49;11;4;12;5
600.0;6;9;5;8;49;10;4;12;7
606.0;7;9;4;8;48;11;4;12;7
612.0;7;8;4;8;48;11;4;12;8
618.0;7;8;4;8;48;10;5;12;8
624.0;7;8;4;8;51;7;6;12;7
630.0;8;8;3;8;51;6;8;11;7
636.0;8;8;2;9;53;5;6;11;8
642.0;7;9;3;9;53;5;5;11;8
648.0;7;9;3;10;53;5;5;11;7
654.0;8;9;4;9;52;6;4;10;8
660.0;8;9;4;9;52;6;4;10;8
666.0;8;9;3;9;52;6;4;10;9
672.0;9;10;4;6;51;6;5;11;8
678.0;8;9;6;6;51;7;5;11;7
684.0;8;9;6;6;51;7;6;10;7
690.0;7;9;6;6;51;8;5;10;8
696.0;6;10;5;7;51;8;6;8;9
702.0;6;9;5;7;49;9;5;8;12
708.0;6;7;6;7;51;8;4;9;12
714.0;6;5;5;7;51;10;4;11;11
720.0;6;8;5;7;49;9;5;10;11
726.0;7;8;5;7;50;8;5;10;10
732.0;7;8;4;6;50;10;5;9;11
738.0;7;10;5;6;47;11;3;9;12
744.0;8;9;5;6;47;11;3;9;12
750.0;7;8;5;7;46;11;4;9;13
756.0;6;8;4;6;46;12;6;10;12
762.0;9;9;3;6;45;11;6;11;10
768.0;7;9;5;9;45;8;5;11;11
774.0;5;10;6;8;47;7;5;11;11
780.0;4;10;6;8;49;7;6;11;9
786.0;5;10;6;8;51;7;6;10;7
792.0;5;9;6;7;52;6;7;11;7
798.0;4;11;7;8;52;6;5;10;7
804.0;4;10;7;8;52;6;5;10;8
810.0;4;9;6;8;53;8;5;8;9
816.0;4;10;4;9;53;8;4;9;9
822.0;4;9;4;9;53;8;5;9;9
828.0;3;7;4;11;52;8;5;9;11
834.0;3;7;5;11;52;9;6;8;9
840.0;3;6;6;10;52;11;5;9;8
846.0;2;8;4;11;53;11;4;9;8
852.0;3;8;5;8;54;12;3;10;7
858.0;4;9;4;9;54;12;3;10;5
864.0;2;9;4;10;54;12;2;11;6
870.0;2;9;3;10;55;12;2;11;6
876.0;3;11;3;9;54;12;2;10;6
882.0;3;11;3;11;52;13;4;9;4
888.0;4;11;3;11;52;13;3;8;5
894.0;4;11;3;10;52;13;2;9;6
900.0;3;11;4;9;52;13;3;8;7
906.0;5;11;4;7;52;13;3;7;8
912.0;3;12;4;8;51;11;3;9;9
918.0;5;11;4;10;50;11;2;10;7
924.0;5;12;4;10;50;11;2;9;7
930.0;8;12;3;9;50;9;2;10;7
936.0;9;12;2;9;50;9;2;9;8
942.0;9;14;2;9;49;7;3;9;8
948.0;10;14;2;8;49;5;4;9;9
954.0;9;14;3;8;50;5;4;9;8
960.0;9;14;4;9;50;7;4;7;6
966.0;6;14;4;8;50;7;5;8;8
972.0;5;16;5;7;48;8;5;9;7
978.0;4;17;4;8;49;8;4;9;7
984.0;2;17;4;11;48;10;4;8;6
990.0;2;17;4;11;48;9;5;8;6
996.0;1;17;4;12;48;9;5;8;6
1002.0;3;16;4;11;48;9;6;8;5
1008.0;3;16;4;10;48;10;6;9;4
1014.0;2;17;4;10;49;10;5;9;4
1020.0;2;17;6;10;48;10;4;9;4
1026.0;2;17;6;10;49;11;3;9;3
1032.0;2;17;8;10;49;10;3;8;3
1038.0;3;16;8;10;48;10;4;8;3
1044.0;4;16;8;9;48;10;4;8;3
1050.0;6;16;9;8;49;8;3;8;3
1056.0;5;14;9;10;48;10;4;8;2
1062.0;5;15;9;9;47;10;4;8;3
1068.0;4;14;7;9;49;11;4;9;3
1074.0;4;13;7;9;50;11;3;10;3
1080.0;3;14;7;10;50;10;3;12;1
1086.0;4;16;6;8;52;9;4;11;0
1092.0;7;15;5;7;53;8;4;10;1
1098.0;7;15;4;6;53;8;6;9;2
1104.0;6;15;4;6;53;8;5;11;2
1110.0;7;15;4;6;53;7;4;12;2
1116.0;6;15;4;6;54;7;4;13;1
1122.0;6;16;3;6;54;7;4;13;1
1128.0;7;16;2;7;53;8;4;12;1
1134.0;5;17;2;8;54;8;4;11;1
1140.0;5;17;3;7;55;9;3;9;2
1146.0;5;17;2;7;55;9;4;9;2
1152.0;5;18;3;6;54;10;3;9;2
1158.0;5;18;3;6;54;10;3;9;2
1164.0;5;18;3;6;52;10;4;9;3
1170.0;6;18;3;6;51;11;4;8;3
1176.0;5;17;4;7;50;12;5;8;2
1182.0;4;17;4;7;50;13;3;8;4
1188.0;5;17;5;6;51;12;4;6;4
1194.0;4;18;5;6;51;12;5;5;4
1200.0;3;18;5;5;52;13;5;5;4
1206.0;3;16;6;5;53;12;5;6;4
1212.0;3;14;7;5;52;12;5;7;5
1218.0;3;15;7;5;50;12;4;7;7
1224.0;4;13;8;5;50;12;4;6;8
1230.0;4;13;9;4;49;12;5;7;7
1236.0;4;12;9;6;50;12;4;8;5
1242.0;4;11;8;6;51;12;4;8;6
1248.0;3;12;8;5;50;13;5;8;6
1254.0;3;12;8;5;50;13;5;8;6
1260.0;4;11;8;5;50;13;5;8;6
1266.0;4;12;7;6;50;13;4;8;6
1272.0;5;11;7;6;50;13;5;8;5
1278.0;6;9;6;5;50;13;6;11;4
1284.0;8;10;6;4;50;11;5;14;2
1290.0;8;10;7;5;48;11;4;13;4
1296.0;8;9;7;5;48;12;4;13;4
1302.0;7;9;6;6;48;13;4;13;4
1308.0;7;10;6;5;47;14;3;12;6
1314.0;7;10;5;6;46;15;2;13;6
1320.0;7;10;4;6;47;16;2;13;5
1326.0;8;11;4;5;47;16;2;14;3
1332.0;9;11;5;6;47;15;2;12;3
1338.0;9;11;5;6;47;15;3;11;3
1344.0;7;11;4;8;48;15;3;10;4
1350.0;7;10;4;8;48;17;2;10;4
1356.0;6;10;4;8;49;17;3;9;4
1362.0;9;9;4;8;47;18;2;9;4
1368.0;10;8;5;8;47;16;2;8;6
1374.0;11;9;4;7;47;15;3;8;6
1380.0;11;8;3;7;47;16;3;8;7
1386.0;13;6;3;5;46;15;3;10;9
1392.0;13;6;3;5;46;16;4;9;8
1398.0;13;6;3;6;46;15;4;9;8
1404.0;11;6;4;6;47;15;4;8;9
1410.0;11;7;4;6;47;15;3;9;8
1416.0;10;7;4;6;47;15;4;9;8
1422.0;9;7;4;7;47;14;5;9;8
1428.0;7;8;6;6;46;14;6;9;8
1434.0;8;6;8;6;45;13;6;10;8
1440.0;6;7;8;6;45;14;6;10;8
1446.0;6;7;8;6;45;14;6;9;9
1452.0;5;7;9;6;44;14;6;10;9
1458.0;5;8;9;5;44;12;5;11;11
1464.0;5;9;8;5;44;12;6;11;10
1470.0;4;10;8;6;43;12;7;11;9
1476.0;4;12;9;8;43;10;8;8;8
1482.0;4;12;8;9;43;10;7;8;9
1488.0;4;12;8;10;42;10;8;9;7
1494.0;5;13;7;10;41;10;9;10;5
1500.0;3;13;7;11;41;12;9;10;4
1506.0;3;14;7;10;41;12;9;10;4
1512.0;3;14;7;9;42;11;10;10;4
1518.0;4;14;8;9;44;12;7;9;3
1524.0;5;13;8;10;44;11;6;10;3
1530.0;5;13;7;10;44;11;6;10;4
1536.0;5;13;6;10;45;11;7;10;3
1542.0;6;14;6;10;46;10;5;9;4
1548.0;6;14;6;10;46;10;5;9;4
1554.0;4;15;5;9;47;11;5;10;4
1560.0;4;16;5;10;47;11;4;10;3
1566.0;4;17;4;8;48;12;3;11;3
1572.0;4;18;4;8;48;12;2;10;4
1578.0;4;17;4;8;49;13;1;10;4
1584.0;4;18;2;8;49;13;1;10;5
1590.0;4;19;2;9;48;12;1;9;6
1596.0;6;18;0;10;48;14;0;7;7
1602.0;6;17;0;10;48;14;1;7;7
1608.0;6;16;0;10;48;14;2;7;7
1614.0;6;16;0;11;47;13;3;7;7
1620.0;6;16;1;9;46;13;4;8;7
1626.0;5;15;2;10;45;14;3;10;6
1632.0;7;14;2;10;45;14;4;9;5
1638.0;7;14;3;10;46;14;4;9;3
1644.0;6;14;4;9;46;15;3;10;3
1650.0;4;14;4;10;46;15;4;10;3
1656.0;3;15;5;13;46;12;4;10;2
1662.0;4;14;5;12;47;11;4;10;3
1668.0;2;15;6;11;47;13;3;9;4
1674.0;2;13;6;11;47;13;2;11;5
1680.0;2;15;5;11;47;12;2;10;6
1686.0;3;15;5;11;46;12;3;9;6
1692.0;2;15;5;11;47;11;3;9;7
1698.0;1;15;5;11;48;13;2;9;6
1704.0;1;16;5;10;49;12;2;10;5
1710.0;1;14;3;13;50;13;2;10;4
1716.0;2;14;4;12;49;12;2;10;5
1722.0;2;13;4;11;48;12;3;11;6
1728.0;4;9;4;12;49;12;3;12;5
1734.0;4;10;5;12;47;12;3;11;6
1740.0;6;11;3;11;47;13;3;12;4
1746.0;7;12;3;10;47;14;2;11;4
1752.0;8;10;2;10;48;15;2;10;5
1758.0;7;8;5;10;48;15;3;10;4
1764.0;7;8;5;9;48;15;4;10;4
1770.0;5;7;4;9;50;15;4;12;4
1776.0;4;7;4;10;50;14;5;12;4
1782.0;4;5;6;10;52;13;6;12;2
1788.0;5;5;7;6;53;13;6;12;3
1794.0;5;5;6;6;54;12;6;14;2
