#auto generated file!
12.0;26;15;14;20;22;20;14;16;23
18.0;23;17;14;20;23;22;12;17;22
24.0;17;14;12;18;24;24;16;19;26
30.0;17;15;11;20;27;25;18;16;21
36.0;16;15;11;21;26;24;18;17;22
42.0;16;15;13;21;28;22;16;17;22
48.0;15;18;12;21;29;23;16;16;20
54.0;16;18;14;23;28;24;13;17;17
60.0;14;18;13;25;28;25;14;17;16
66.0;12;17;12;25;31;25;14;17;17
72.0;12;16;11;22;34;27;12;20;16
78.0;12;16;8;24;36;26;13;20;15
84.0;11;18;9;27;37;26;12;20;10
90.0;13;19;8;27;38;26;9;20;10
96.0;10;19;8;25;41;26;9;19;13
102.0;10;18;8;28;41;25;9;19;12
108.0;9;19;8;28;42;23;8;18;15
114.0;8;19;10;27;42;23;8;18;15
120.0;7;20;11;30;42;23;7;17;13
126.0;9;20;12;32;41;22;7;16;11
132.0;9;19;14;33;41;18;9;16;11
138.0;9;18;15;32;41;16;8;18;13
144.0;12;19;16;31;41;13;9;19;10
150.0;13;18;16;27;43;14;9;18;12
156.0;13;17;15;22;43;14;13;19;14
162.0;12;17;13;23;43;14;11;22;15
168.0;11;18;11;20;46;15;12;23;14
174.0;14;16;9;20;46;16;12;23;14
180.0;12;15;11;20;47;15;11;22;17
186.0;14;13;12;18;47;16;12;22;16
192.0;16;12;14;18;48;17;10;22;13
198.0;16;10;15;17;48;17;12;22;13
204.0;13;11;18;18;48;17;12;21;12
210.0;14;11;16;18;49;18;12;19;13
216.0;14;11;14;17;52;19;12;19;12
222.0;13;10;14;18;53;20;12;18;12
228.0;14;10;13;20;54;19;12;18;10
234.0;13;10;12;20;54;20;13;15;13
240.0;14;12;11;18;54;21;12;15;13
246.0;16;14;11;16;55;20;10;16;12
252.0;17;14;12;16;54;20;10;16;11
258.0;18;14;11;16;53;22;10;16;10
264.0;15;16;9;18;54;23;9;14;12
270.0;12;16;11;18;55;22;10;15;11
276.0;12;15;11;19;54;25;9;15;10
282.0;11;16;13;19;56;24;7;15;9
288.0;11;17;13;20;56;22;6;15;10
294.0;10;16;16;21;58;21;5;15;8
300.0;8;15;17;22;58;21;6;15;8
306.0;9;16;17;24;57;20;6;15;6
312.0;10;17;17;22;56;21;5;16;6
318.0;11;15;17;21;55;22;7;17;5
324.0;12;14;15;20;57;22;8;17;5
330.0;11;12;12;20;59;22;8;17;9
336.0;9;11;11;20;59;22;8;20;10
342.0;9;11;11;18;61;23;8;21;8
348.0;9;12;12;20;58;21;9;20;9
354.0;10;14;13;20;58;19;8;18;10
360.0;12;14;13;19;60;19;9;17;7
366.0;9;17;14;19;60;19;9;16;7
372.0;9;15;14;19;63;19;8;17;6
378.0;9;16;13;21;63;18;8;16;6
384.0;10;15;11;22;63;17;8;18;6
390.0;11;19;8;21;64;17;10;15;5
396.0;10;19;9;20;66;17;10;14;5
402.0;12;20;8;21;63;18;9;14;5
408.0;11;21;9;19;63;18;9;14;6
414.0;12;20;9;19;63;17;9;14;7
420.0;12;21;10;18;63;15;11;12;8
426.0;13;20;9;17;63;17;11;12;8
432.0;10;20;9;18;64;17;12;13;7
438.0;10;20;10;19;64;17;11;12;7
444.0;9;21;9;21;63;17;11;14;5
450.0;7;19;10;22;61;20;11;13;7
456.0;5;18;8;23;62;21;11;14;8
462.0;5;17;7;23;62;22;11;14;9
468.0;6;18;6;21;62;24;12;13;8
474.0;8;19;8;17;62;23;12;14;7
480.0;8;17;8;17;63;24;12;14;7
486.0;6;18;10;18;62;26;12;11;7
492.0;6;17;9;19;62;26;11;12;8
498.0;6;16;10;18;64;26;10;13;7
504.0;7;17;9;18;62;25;11;13;8
510.0;7;17;8;19;61;26;11;13;8
516.0;6;14;9;17;63;27;11;14;9
522.0;6;13;9;15;63;28;12;14;10
528.0;7;13;11;17;63;26;13;12;8
534.0;7;13;11;17;64;25;13;12;8
540.0;7;14;10;18;64;25;13;12;7
546.0;7;15;10;18;65;24;12;13;6
552.0;8;14;12;19;64;21;13;14;5
558.0;8;13;12;19;64;23;12;14;5
564.0;8;13;10;18;64;23;12;15;7
570.0;7;12;12;17;63;24;13;14;8
576.0;9;11;12;16;64;24;13;13;8
582.0;8;11;10;16;64;25;13;14;9
588.0;6;11;9;14;65;27;11;19;8
594.0;5;12;9;14;66;26;10;18;10
600.0;5;14;9;14;67;25;9;18;9
606.0;6;15;9;14;66;23;9;19;9
612.0;7;17;6;14;65;24;9;19;9
618.0;5;17;6;16;65;25;9;20;7
624.0;5;17;6;19;64;26;8;19;6
630.0;7;17;6;19;64;24;8;19;6
636.0;7;18;7;16;65;24;8;18;7
642.0;4;18;6;16;65;25;10;18;8
648.0;4;19;6;16;66;24;9;19;7
654.0;4;21;8;14;66;22;11;18;6
660.0;4;22;9;13;64;23;12;17;6
666.0;6;18;7;15;64;23;13;17;7
672.0;6;17;8;15;66;22;13;15;8
678.0;7;18;7;16;66;21;14;15;6
684.0;8;18;7;13;67;21;14;15;7
690.0;11;16;6;13;67;21;14;15;7
696.0;10;16;6;13;67;19;16;15;8
702.0;10;18;7;14;67;18;12;16;8
708.0;13;19;6;14;66;18;11;13;10
714.0;14;19;7;14;66;19;8;13;10
720.0;15;21;7;11;65;19;10;12;10
726.0;13;20;8;12;66;19;10;12;10
732.0;13;21;10;10;67;17;9;13;10
738.0;15;22;9;9;67;18;8;15;7
744.0;15;22;7;8;67;21;7;15;8
750.0;14;21;5;9;67;22;7;16;9
756.0;14;21;5;10;67;22;5;17;9
762.0;15;18;5;11;68;22;6;16;9
768.0;14;18;4;11;68;22;6;19;8
774.0;13;16;5;14;68;23;6;17;8
780.0;13;12;7;14;69;23;7;17;8
786.0;15;12;7;13;69;22;8;17;7
792.0;15;14;6;14;68;22;7;17;7
798.0;12;14;7;16;68;22;8;16;7
804.0;12;14;8;16;67;21;9;16;7
810.0;10;14;8;17;68;19;9;15;10
816.0;11;13;8;16;66;23;10;13;10
822.0;11;13;7;17;67;25;10;12;8
828.0;13;13;6;19;67;24;6;13;9
834.0;13;14;6;18;68;23;6;12;10
840.0;13;17;5;19;70;20;7;10;9
846.0;14;16;6;19;69;20;8;12;6
852.0;16;17;6;20;69;18;7;11;6
858.0;15;18;6;20;69;18;9;10;5
864.0;16;18;7;20;68;18;10;10;3
870.0;16;17;7;20;68;18;10;10;4
876.0;16;16;8;19;70;19;9;9;4
882.0;17;15;8;18;71;18;10;9;4
888.0;17;12;8;17;69;19;11;11;6
894.0;18;12;7;17;69;20;11;11;5
900.0;18;14;5;17;68;19;11;12;6
906.0;18;14;6;18;68;19;9;12;6
912.0;16;14;5;21;70;18;9;11;6
918.0;16;14;4;18;70;19;9;11;9
924.0;14;16;3;17;69;21;9;12;9
930.0;13;16;3;17;69;22;10;11;9
936.0;12;16;3;16;69;21;8;13;12
942.0;9;17;4;16;70;21;8;12;13
948.0;10;16;7;16;70;23;6;11;11
954.0;10;17;10;15;70;24;4;10;10
960.0;10;16;11;15;71;23;4;10;10
966.0;10;17;8;15;70;23;6;12;9
972.0;10;17;10;14;70;22;7;11;9
978.0;11;17;9;15;68;22;7;12;9
984.0;9;19;9;14;68;22;6;14;9
990.0;9;19;9;15;68;22;6;14;8
996.0;8;19;8;16;68;22;7;14;8
1002.0;9;16;8;16;69;21;6;15;10
1008.0;10;16;6;16;71;20;6;15;10
1014.0;13;18;6;16;70;16;5;15;11
1020.0;11;17;4;18;70;17;7;15;11
1026.0;12;18;5;17;71;13;6;15;13
1032.0;12;19;6;16;72;14;6;14;11
1038.0;12;19;6;16;71;14;6;13;13
1044.0;10;19;5;15;74;14;7;12;14
1050.0;10;18;4;15;73;14;7;14;15
1056.0;9;19;4;14;72;14;9;15;14
1062.0;7;19;5;15;72;15;12;13;12
1068.0;7;19;7;15;74;16;11;13;8
1074.0;7;19;8;14;72;16;12;13;9
1080.0;5;20;9;14;72;15;13;13;9
1086.0;4;21;9;14;72;16;13;11;10
1092.0;4;22;11;13;73;17;11;10;9
1098.0;4;20;12;12;75;15;10;13;9
1104.0;4;20;11;12;75;13;10;14;11
1110.0;4;18;13;15;74;13;9;15;9
1116.0;4;19;10;15;76;12;9;15;10
1122.0;4;18;10;15;75;14;9;16;9
1128.0;3;18;11;15;75;15;8;15;10
1134.0;4;21;8;15;76;14;9;14;9
1140.0;4;21;9;16;75;13;11;12;9
1146.0;4;18;9;18;75;14;11;13;8
1152.0;5;19;8;18;73;14;9;14;10
1158.0;7;17;7;18;75;14;10;14;8
1164.0;7;18;8;18;73;13;12;13;8
1170.0;8;17;9;18;72;14;12;12;8
1176.0;8;16;9;19;73;14;10;13;8
1182.0;7;16;10;17;73;15;11;13;8
1188.0;7;14;10;21;70;14;11;14;9
1194.0;6;15;10;21;70;14;11;15;8
1200.0;8;14;10;20;70;13;11;18;6
1206.0;8;13;9;21;69;12;11;18;9
1212.0;10;13;7;20;70;12;11;18;9
1218.0;10;13;8;19;70;14;13;18;5
1224.0;10;14;7;19;72;13;13;16;6
1230.0;11;15;6;19;72;12;12;17;6
1236.0;10;15;6;18;74;12;12;16;7
1242.0;10;15;6;20;74;15;10;16;4
1248.0;10;15;5;21;74;15;9;17;4
1254.0;9;18;5;19;75;17;6;17;4
1260.0;8;17;7;19;74;16;8;17;4
1266.0;9;17;5;19;75;18;7;16;4
1272.0;8;18;4;19;74;19;5;19;4
1278.0;9;16;4;19;73;17;6;21;5
1284.0;10;16;5;19;72;18;5;21;4
1290.0;7;16;3;20;74;21;4;20;5
1296.0;7;15;4;20;73;22;4;20;5
1302.0;7;15;4;23;71;21;6;19;4
1308.0;7;15;5;25;71;20;5;18;4
1314.0;7;16;5;24;72;19;7;18;2
1320.0;7;16;6;24;70;21;7;17;2
1326.0;7;17;5;25;69;21;8;16;2
1332.0;7;15;5;26;69;21;8;16;3
1338.0;7;15;5;26;70;22;7;16;2
1344.0;6;17;6;25;70;22;6;17;1
1350.0;6;18;6;24;70;22;6;17;1
1356.0;7;19;6;24;70;21;6;16;1
1362.0;6;18;8;24;68;21;7;17;1
1368.0;7;19;5;23;71;18;8;16;3
1374.0;8;20;6;23;71;17;7;14;4
1380.0;8;19;7;23;70;16;8;14;5
1386.0;8;19;7;23;69;16;8;17;3
1392.0;9;18;6;23;70;14;8;17;5
1398.0;9;18;6;25;70;14;6;17;5
1404.0;9;18;5;24;72;15;6;17;4
1410.0;10;17;6;22;72;15;7;15;6
1416.0;10;16;6;21;70;16;8;16;7
1422.0;10;17;6;19;71;16;8;17;6
1428.0;9;16;7;19;71;19;8;16;5
1434.0;8;16;8;16;72;20;8;17;5
1440.0;8;15;8;16;70;20;7;19;7
1446.0;7;15;9;15;70;20;8;19;7
1452.0;9;14;9;14;69;19;8;20;8
1458.0;11;13;9;14;70;17;8;19;9
1464.0;10;13;10;13;71;17;9;20;7
1470.0;6;15;11;14;72;18;7;20;7
1476.0;7;12;10;18;72;17;7;19;8
1482.0;8;11;10;18;73;17;7;18;8
1488.0;8;11;10;16;74;17;8;15;11
1494.0;6;9;11;14;73;17;13;14;13
1500.0;6;10;12;15;72;16;14;12;13
1506.0;6;10;12;15;72;15;14;13;13
1512.0;6;11;12;13;72;16;13;13;14
1518.0;7;11;14;13;73;14;12;13;13
1524.0;8;13;15;15;73;12;10;12;12
1530.0;8;12;15;17;73;12;8;14;11
1536.0;9;13;13;17;73;11;8;17;9
1542.0;9;13;14;19;71;11;7;16;10
1548.0;9;14;13;19;73;13;5;15;9
1554.0;7;14;13;20;74;12;7;15;8
1560.0;7;14;10;17;74;14;7;19;8
1566.0;6;16;10;16;74;14;6;18;10
1572.0;7;16;11;15;73;13;8;16;11
1578.0;6;16;11;16;73;12;8;15;13
1584.0;5;16;11;16;73;12;11;15;11
1590.0;8;16;9;15;73;13;10;15;11
1596.0;7;16;8;17;74;13;9;15;11
1602.0;3;18;9;16;74;16;9;14;11
1608.0;3;19;8;15;76;15;7;16;11
1614.0;3;20;7;15;75;16;6;17;11
1620.0;2;20;7;15;77;16;6;15;12
1626.0;4;20;8;14;77;15;6;15;11
1632.0;4;21;7;15;77;16;6;15;9
1638.0;3;20;6;15;79;15;6;16;10
1644.0;4;20;7;15;79;15;6;17;7
1650.0;4;19;7;14;80;15;7;17;7
1656.0;4;17;8;17;80;16;7;16;5
1662.0;6;16;8;16;81;17;5;17;4
1668.0;6;14;8;17;82;17;5;17;4
1674.0;5;14;7;18;82;16;6;17;5
1680.0;5;11;5;18;85;14;8;19;5
1686.0;6;11;6;16;85;14;7;20;5
1692.0;5;12;6;17;84;14;7;20;5
1698.0;9;11;7;17;83;13;7;19;4
1704.0;10;11;5;16;83;14;7;19;5
1710.0;12;9;7;16;84;13;6;17;6
1716.0;11;10;8;17;84;13;5;17;5
1722.0;10;10;6;18;85;14;6;17;4
1728.0;10;9;7;18;85;14;8;15;4
1734.0;8;8;6;18;85;14;11;16;4
1740.0;9;8;7;16;85;12;10;17;6
1746.0;10;7;6;17;85;12;11;16;6
1752.0;14;5;4;17;85;10;12;17;6
1758.0;14;5;3;17;87;10;11;17;6
1764.0;13;5;3;17;87;10;10;18;7
1770.0;13;5;3;18;85;10;8;19;9
1776.0;14;4;3;17;85;11;8;19;9
1782.0;16;4;3;17;86;10;9;17;8
1788.0;14;4;3;20;87;8;8;15;11
1794.0;14;6;2;19;87;7;9;15;11
