#auto generated file!
12.0;39;55;41;43;59;43;66;57;57
18.0;41;58;43;45;64;48;61;53;47
24.0;42;61;44;49;64;47;59;55;39
30.0;41;59;45;53;65;44;58;56;39
36.0;40;62;44;53;66;45;57;55;38
42.0;41;63;47;52;64;45;58;53;37
48.0;42;65;44;54;67;42;54;57;35
54.0;45;64;41;54;67;44;58;55;32
60.0;44;65;37;58;67;48;52;61;28
66.0;43;63;34;56;71;51;52;65;25
72.0;40;63;34;61;76;53;46;64;23
78.0;40;64;36;63;78;54;41;61;23
84.0;34;64;36;69;77;52;36;66;26
90.0;34;64;33;67;81;53;38;68;22
96.0;34;63;28;68;78;52;41;69;27
102.0;30;66;25;68;81;50;41;72;27
108.0;28;68;26;70;81;50;40;68;29
114.0;25;68;26;67;83;53;40;68;30
120.0;20;70;26;65;87;52;40;67;33
126.0;20;68;25;68;89;54;40;66;30
132.0;19;69;25;70;92;52;38;64;31
138.0;18;70;26;65;92;56;39;63;31
144.0;17;71;27;66;95;54;36;63;31
150.0;16;70;28;64;99;50;33;66;34
156.0;20;67;27;62;99;55;36;62;32
162.0;21;71;25;58;102;53;34;64;32
168.0;19;71;31;53;101;54;33;65;33
174.0;20;71;31;51;104;55;34;62;32
180.0;23;70;31;50;102;54;33;63;34
186.0;23;70;30;51;104;57;29;64;32
192.0;23;66;26;49;104;62;34;63;33
198.0;21;59;27;51;106;65;33;65;33
204.0;24;60;25;51;104;69;31;65;31
210.0;23;61;24;53;109;69;34;58;29
216.0;24;62;24;51;110;73;30;56;30
222.0;23;63;26;48;110;73;32;54;31
228.0;23;62;27;49;111;72;32;53;31
234.0;22;57;29;50;114;71;32;53;32
240.0;27;53;27;48;117;69;29;58;32
246.0;26;53;26;48;120;70;28;59;30
252.0;25;50;27;50;123;67;27;59;32
258.0;24;52;28;53;122;65;24;63;29
264.0;25;51;34;51;123;63;23;62;28
270.0;27;51;34;55;123;59;23;61;27
276.0;25;53;30;56;125;60;23;58;30
282.0;24;53;30;56;124;64;20;60;29
288.0;22;55;29;52;123;68;17;60;34
294.0;23;57;30;54;126;66;16;57;31
300.0;26;58;30;51;130;67;17;53;28
306.0;27;56;28;48;132;65;20;56;28
312.0;27;54;31;47;131;64;23;56;27
318.0;26;55;32;51;135;60;21;56;24
324.0;26;55;33;53;134;64;20;51;24
330.0;24;54;32;56;133;61;21;54;25
336.0;26;50;33;52;136;62;20;54;27
342.0;24;56;32;52;135;56;21;54;30
348.0;25;56;29;56;138;56;23;53;24
354.0;27;54;29;55;139;54;26;51;25
360.0;31;51;30;52;140;52;27;55;22
366.0;26;51;34;56;141;51;26;52;23
372.0;26;52;33;58;143;49;26;49;24
378.0;25;53;31;54;146;51;27;49;24
384.0;25;53;32;50;150;51;26;51;22
390.0;27;53;24;52;151;50;25;54;24
396.0;27;54;22;56;152;51;23;54;21
402.0;25;52;20;53;154;55;25;55;21
408.0;27;53;19;57;156;52;23;55;18
414.0;27;50;20;57;155;52;26;53;20
420.0;25;50;21;52;153;53;29;53;24
426.0;24;52;18;51;157;53;28;55;22
432.0;23;50;17;53;156;56;30;55;20
438.0;21;53;17;53;160;57;28;53;18
444.0;20;53;19;55;160;55;29;52;17
450.0;18;50;19;53;163;55;31;54;17
456.0;20;51;21;51;163;56;28;55;15
462.0;19;50;22;50;164;56;31;54;14
468.0;22;47;23;50;162;56;31;53;16
474.0;20;49;26;52;161;57;31;51;13
480.0;17;49;26;53;165;54;32;51;13
486.0;15;53;27;53;168;52;27;52;13
492.0;14;54;23;53;172;55;24;53;12
498.0;16;54;21;53;173;51;26;51;15
504.0;14;52;20;51;173;50;30;53;17
510.0;14;51;18;51;179;54;30;48;15
516.0;16;47;19;50;178;55;32;48;15
522.0;15;51;20;50;181;58;24;46;15
528.0;17;49;21;50;181;58;23;47;14
534.0;18;50;24;48;178;60;24;44;14
540.0;16;46;24;50;181;56;25;46;16
546.0;17;45;24;47;183;53;23;52;16
552.0;17;44;26;50;182;54;23;51;13
558.0;19;43;24;47;184;53;23;51;16
564.0;18;43;25;47;182;53;24;51;17
570.0;17;42;26;48;181;53;24;51;18
576.0;16;42;24;50;183;53;25;48;19
582.0;19;39;27;49;181;54;25;47;19
588.0;22;41;28;49;183;53;22;45;17
594.0;19;43;25;46;182;56;21;49;19
600.0;23;43;24;47;184;54;19;47;19
606.0;22;42;25;47;185;55;17;47;20
612.0;23;41;25;47;188;55;16;46;19
618.0;24;45;27;44;189;50;16;47;18
624.0;23;46;26;47;191;49;18;41;19
630.0;22;46;26;45;189;46;20;44;22
636.0;23;46;24;45;188;50;21;42;21
642.0;24;43;25;45;191;50;19;45;18
648.0;23;38;27;49;190;51;22;42;18
654.0;21;37;28;46;192;49;21;46;20
660.0;19;37;30;44;192;47;25;45;21
666.0;19;37;28;41;194;47;28;44;22
672.0;20;39;27;39;196;45;29;44;21
678.0;21;41;26;38;194;45;29;45;21
684.0;22;42;25;38;195;42;29;46;21
690.0;21;41;27;39;195;40;30;44;23
696.0;20;42;27;39;196;38;31;43;24
702.0;19;47;22;42;195;37;29;47;22
708.0;22;49;20;39;196;39;27;49;19
714.0;23;50;20;39;196;37;26;51;18
720.0;21;49;17;40;198;35;30;49;21
726.0;25;48;15;40;200;34;29;49;20
732.0;27;50;15;39;198;35;27;48;21
738.0;26;50;19;39;196;32;25;49;24
744.0;30;53;17;41;195;33;24;46;21
750.0;27;54;18;42;196;34;20;50;19
756.0;24;56;19;39;195;35;19;51;22
762.0;25;56;19;40;196;35;19;48;22
768.0;26;57;18;40;197;34;17;50;21
774.0;24;57;18;40;199;34;16;50;22
780.0;20;56;19;41;198;34;17;51;24
786.0;21;55;16;39;199;34;21;52;23
792.0;23;56;21;34;195;38;24;51;18
798.0;23;55;20;34;191;41;26;52;18
804.0;20;56;20;35;192;41;26;51;19
810.0;23;55;19;37;191;39;29;48;19
816.0;27;54;15;38;192;37;30;47;20
822.0;27;52;15;36;193;38;31;49;19
828.0;24;51;18;37;194;42;25;50;19
834.0;23;51;18;37;194;46;23;48;20
840.0;23;53;19;37;193;46;21;47;21
846.0;23;51;22;38;193;42;22;49;20
852.0;24;51;22;38;195;43;20;45;22
858.0;25;50;21;38;196;45;19;43;23
864.0;21;51;19;37;199;45;19;43;26
870.0;20;51;22;37;199;45;18;41;27
876.0;19;50;24;34;200;48;19;41;25
882.0;20;49;24;31;203;51;20;40;22
888.0;19;51;24;32;203;51;19;37;24
894.0;18;53;20;30;202;55;22;36;24
900.0;15;55;20;30;200;55;24;38;23
906.0;17;58;17;32;199;59;21;36;21
912.0;19;60;14;33;196;60;21;37;20
918.0;21;59;15;32;198;58;20;34;23
924.0;21;59;15;33;199;59;19;32;23
930.0;25;57;17;32;199;55;19;33;23
936.0;24;56;16;31;202;56;19;33;23
942.0;24;57;17;31;205;51;23;31;21
948.0;25;59;16;31;203;48;24;31;23
954.0;25;55;18;33;203;47;24;31;24
960.0;21;55;17;36;206;46;19;33;27
966.0;22;53;17;35;205;45;18;36;29
972.0;25;50;18;37;205;48;17;32;28
978.0;21;49;21;39;203;51;17;32;27
984.0;18;48;24;42;204;51;16;32;25
990.0;20;44;24;43;203;51;17;33;25
996.0;18;47;24;44;204;51;13;36;23
1002.0;17;48;25;44;207;48;13;35;23
1008.0;16;48;24;42;209;50;17;35;19
1014.0;15;48;23;43;213;51;17;34;16
1020.0;17;50;24;45;210;48;18;33;15
1026.0;15;52;22;45;212;44;20;35;15
1032.0;14;48;26;42;213;46;23;34;14
1038.0;13;46;27;41;213;51;23;32;14
1044.0;11;51;24;45;213;50;22;31;13
1050.0;12;50;24;48;210;49;22;33;12
1056.0;13;47;25;47;211;47;22;33;15
1062.0;12;44;24;45;214;46;25;34;16
1068.0;13;45;27;42;215;45;21;32;20
1074.0;12;49;29;44;216;41;19;31;19
1080.0;15;50;28;45;215;40;20;30;17
1086.0;13;55;29;43;215;38;22;28;17
1092.0;13;52;28;44;213;39;25;28;18
1098.0;13;51;26;43;214;39;27;29;18
1104.0;14;45;28;46;210;38;28;29;22
1110.0;18;42;24;48;212;35;27;30;24
1116.0;19;44;21;47;212;34;25;33;25
1122.0;21;44;17;48;213;35;25;33;24
1128.0;25;44;16;45;216;35;22;33;24
1134.0;25;46;15;45;215;35;22;34;23
1140.0;22;49;14;46;214;36;19;36;24
1146.0;22;47;16;44;215;34;21;37;24
1152.0;23;49;18;40;217;37;18;35;23
1158.0;25;49;22;38;216;37;18;33;22
1164.0;27;49;20;36;217;38;18;34;21
1170.0;27;50;19;36;220;38;19;33;18
1176.0;26;51;18;36;221;38;21;32;17
1182.0;26;51;17;35;224;37;21;35;14
1188.0;26;51;16;37;225;35;20;37;13
1194.0;24;54;18;36;223;33;18;40;14
1200.0;25;56;18;37;226;32;13;39;14
1206.0;25;57;18;35;231;33;14;36;11
1212.0;26;58;19;36;231;33;11;36;10
1218.0;25;57;20;38;234;30;12;35;9
1224.0;28;55;21;37;232;31;13;37;6
1230.0;26;52;21;38;233;31;13;36;10
1236.0;24;51;22;38;230;32;14;37;12
1242.0;24;43;24;41;231;29;17;38;13
1248.0;24;43;27;37;230;30;16;38;15
1254.0;24;44;25;37;229;30;17;38;16
1260.0;23;46;24;34;231;29;17;39;17
1266.0;22;47;22;31;229;31;20;39;19
1272.0;20;48;24;32;231;35;19;37;14
1278.0;19;48;25;32;230;38;15;40;13
1284.0;16;50;24;35;230;41;15;37;12
1290.0;15;50;21;33;231;43;15;38;14
1296.0;13;50;20;34;232;43;17;37;14
1302.0;14;50;19;36;233;41;18;35;14
1308.0;12;51;18;34;233;40;19;35;18
1314.0;12;51;19;34;233;38;19;36;18
1320.0;12;52;22;36;231;37;17;34;19
1326.0;13;53;20;37;233;37;16;33;18
1332.0;12;51;17;41;231;37;15;37;19
1338.0;10;48;17;41;231;39;15;40;19
1344.0;13;48;17;38;230;40;16;42;16
1350.0;11;47;19;37;229;42;18;41;16
1356.0;13;48;18;39;225;41;17;40;19
1362.0;12;41;18;40;229;44;18;40;18
1368.0;11;40;18;40;232;39;25;39;16
1374.0;11;40;20;41;234;39;24;35;16
1380.0;12;41;19;41;234;39;26;33;15
1386.0;13;42;16;40;234;41;25;35;14
1392.0;13;41;14;40;233;45;25;34;15
1398.0;15;40;14;39;232;46;23;34;17
1404.0;15;44;12;35;232;44;24;36;18
1410.0;14;45;10;34;235;42;25;36;19
1416.0;17;43;11;32;233;41;24;39;20
1422.0;18;42;11;32;233;42;21;40;21
1428.0;18;40;9;34;234;43;20;41;21
1434.0;19;40;8;34;234;42;19;42;22
1440.0;15;39;9;34;235;44;19;42;23
1446.0;14;35;9;34;236;45;20;42;25
1452.0;15;33;11;36;233;45;20;43;24
1458.0;16;32;13;39;232;44;20;45;19
1464.0;16;37;13;41;229;44;20;45;15
1470.0;16;36;17;42;227;45;17;42;18
1476.0;17;34;16;43;229;45;19;41;16
1482.0;16;33;19;44;226;46;20;41;15
1488.0;16;31;23;43;229;45;17;42;14
1494.0;18;32;24;40;229;47;16;41;13
1500.0;20;33;21;40;227;45;15;47;12
1506.0;20;32;23;38;225;45;15;48;14
1512.0;20;34;21;36;224;45;16;45;19
1518.0;21;36;21;37;221;44;16;45;19
1524.0;22;35;20;38;224;44;14;47;16
1530.0;22;39;17;37;223;44;17;44;17
1536.0;20;39;15;39;222;45;20;43;17
1542.0;22;38;17;40;220;44;18;43;18
1548.0;27;43;15;42;221;40;17;40;15
1554.0;26;47;16;40;220;38;19;38;16
1560.0;27;46;13;40;221;36;20;40;17
1566.0;26;48;14;38;219;36;20;41;18
1572.0;28;46;16;37;217;37;16;43;20
1578.0;26;46;15;39;215;39;16;47;17
1584.0;26;44;18;41;215;37;15;44;20
1590.0;25;42;19;39;214;37;17;44;23
1596.0;29;40;23;39;211;38;18;41;21
1602.0;26;40;23;41;210;40;18;43;19
1608.0;26;39;23;37;211;41;19;41;23
1614.0;25;39;24;36;209;40;22;42;23
1620.0;26;35;27;36;208;39;20;44;25
1626.0;26;37;28;37;205;40;20;44;23
1632.0;24;35;26;38;201;41;24;44;27
1638.0;22;37;26;39;200;41;24;44;27
1644.0;21;35;27;37;201;40;24;48;27
1650.0;24;35;27;39;198;39;24;48;26
1656.0;24;33;26;40;198;38;27;49;25
1662.0;27;35;26;37;198;38;27;47;25
1668.0;24;37;23;38;195;39;29;47;28
1674.0;23;40;22;36;192;38;33;50;26
1680.0;24;38;24;36;188;43;28;52;27
1686.0;26;37;27;39;186;42;25;50;28
1692.0;20;38;30;40;188;39;26;53;26
1698.0;17;42;30;43;186;41;26;55;20
1704.0;16;42;32;44;185;42;26;54;19
1710.0;16;39;30;43;184;44;26;54;24
1716.0;15;36;28;44;190;46;23;54;24
1722.0;14;40;27;45;190;45;22;51;26
1728.0;12;44;26;46;187;44;24;53;24
1734.0;13;41;26;48;190;39;24;52;27
1740.0;14;43;24;47;194;38;22;51;27
1746.0;16;45;23;46;190;39;23;52;26
1752.0;18;47;20;42;189;40;22;59;23
1758.0;17;49;20;41;189;39;21;58;26
1764.0;18;52;19;37;190;38;22;53;31
1770.0;17;56;14;41;188;38;20;56;30
1776.0;15;55;13;43;190;38;22;55;29
1782.0;18;54;14;45;189;38;19;56;27
1788.0;21;49;16;48;190;34;19;57;26
1794.0;20;49;14;49;189;35;20;59;25
