#auto generated file!
12.0;19;18;11;13;17;17;22;19;24
18.0;19;16;11;13;17;19;23;20;22
24.0;19;16;10;15;17;19;25;19;20
30.0;18;13;11;18;17;21;25;19;18
36.0;16;15;10;17;18;22;25;17;20
42.0;17;16;8;19;20;20;22;18;20
48.0;14;16;9;19;23;18;23;17;21
54.0;14;14;8;19;24;19;24;16;22
60.0;13;13;8;19;24;20;23;19;21
66.0;13;14;9;19;26;19;23;17;20
72.0;15;13;8;21;26;20;23;15;19
78.0;13;16;8;21;28;19;23;15;17
84.0;13;16;7;21;29;21;22;15;16
90.0;11;16;8;22;29;21;21;16;16
96.0;14;16;8;23;29;19;20;18;13
102.0;13;16;7;23;31;20;17;20;13
108.0;9;19;8;23;33;19;16;21;12
114.0;6;21;6;21;33;21;17;24;11
120.0;6;21;6;21;33;21;16;26;10
126.0;6;22;7;21;34;22;17;24;7
132.0;6;21;7;19;34;23;18;25;7
138.0;6;21;8;21;34;23;16;23;8
144.0;3;23;7;20;36;23;18;22;8
150.0;3;22;7;20;37;23;18;22;8
156.0;3;23;8;19;37;21;18;23;8
162.0;3;24;7;19;38;20;17;24;8
168.0;6;23;6;19;39;20;15;23;9
174.0;8;24;3;19;41;19;14;24;8
180.0;6;22;2;21;43;18;16;23;9
186.0;8;24;3;17;44;19;15;24;6
192.0;8;23;4;17;47;19;14;24;4
198.0;9;21;6;19;48;19;12;22;4
204.0;11;22;6;20;47;16;12;22;4
210.0;11;20;6;19;48;17;10;23;6
216.0;11;18;6;19;49;19;9;23;6
222.0;10;20;7;19;47;19;9;22;7
228.0;9;21;8;19;47;19;11;21;5
234.0;9;22;8;18;47;18;11;21;6
240.0;10;21;6;19;47;19;10;21;7
246.0;9;21;7;18;47;19;10;22;7
252.0;6;23;8;17;46;19;12;22;7
258.0;7;24;8;19;47;19;12;19;5
264.0;7;25;8;18;48;19;10;18;7
270.0;8;22;8;19;48;18;9;20;8
276.0;8;23;8;19;50;16;9;20;7
282.0;8;24;8;18;51;14;10;19;8
288.0;9;22;9;19;52;15;9;19;6
294.0;11;22;10;18;51;15;7;19;7
300.0;9;22;10;20;53;14;8;15;9
306.0;10;22;10;20;53;15;8;15;7
312.0;8;21;10;21;54;16;9;15;6
318.0;8;22;8;20;54;16;11;15;6
324.0;7;20;9;21;53;17;11;15;7
330.0;7;20;8;19;53;21;12;14;6
336.0;6;19;9;19;55;20;10;13;9
342.0;4;20;11;21;55;19;8;12;10
348.0;4;21;13;21;54;19;8;11;9
354.0;5;20;11;21;54;18;8;12;11
360.0;4;20;10;22;56;17;8;12;11
366.0;3;20;9;23;57;15;8;12;13
372.0;3;20;9;22;57;15;9;13;12
378.0;4;20;8;23;58;16;8;13;10
384.0;4;20;8;23;60;15;8;11;11
390.0;5;19;8;23;60;15;8;11;11
396.0;5;18;8;25;63;15;6;11;9
402.0;6;19;7;25;64;13;6;10;10
408.0;7;21;8;25;64;11;4;11;9
414.0;5;23;6;26;61;11;6;14;8
420.0;6;24;6;27;62;12;6;11;6
426.0;6;23;6;25;61;13;8;11;7
432.0;8;23;5;26;61;13;9;9;6
438.0;9;22;7;25;63;12;10;9;3
444.0;10;18;6;24;63;12;12;11;4
450.0;10;18;6;24;63;12;12;11;4
456.0;11;16;6;23;61;12;14;13;4
462.0;10;16;6;23;62;11;14;13;5
468.0;9;13;6;24;63;11;16;14;4
474.0;9;14;6;26;61;12;14;13;5
480.0;10;15;9;25;60;11;12;13;5
486.0;12;14;8;24;59;11;12;15;5
492.0;11;17;8;24;61;10;12;12;5
498.0;11;17;6;22;62;10;12;14;6
504.0;14;17;5;19;61;10;14;14;6
510.0;14;18;7;18;59;10;16;11;7
516.0;13;18;6;16;61;12;16;11;7
522.0;12;19;4;15;64;11;16;12;7
528.0;10;19;5;15;64;12;17;11;7
534.0;10;19;5;15;63;12;17;12;7
540.0;9;17;6;15;63;13;16;12;9
546.0;11;18;5;14;63;12;13;14;10
552.0;11;17;5;15;63;14;13;14;8
558.0;11;14;5;17;61;15;13;14;10
564.0;12;13;5;16;64;15;12;13;10
570.0;12;12;6;17;64;15;11;12;11
576.0;13;11;6;17;65;16;7;14;11
582.0;13;13;7;17;67;14;4;17;8
588.0;10;14;6;17;69;16;4;17;7
594.0;9;14;7;15;69;15;7;17;7
600.0;8;14;5;17;70;16;7;18;5
606.0;8;12;5;17;71;16;7;19;5
612.0;6;12;6;18;70;15;9;19;5
618.0;8;11;6;19;70;15;7;17;7
624.0;6;10;5;18;72;15;5;18;11
630.0;6;9;6;17;71;14;7;18;12
636.0;5;9;6;18;71;17;7;16;11
642.0;3;7;6;20;70;18;7;19;10
648.0;5;9;5;20;69;18;6;19;9
654.0;5;9;4;21;70;18;7;17;9
660.0;4;9;6;20;70;20;6;18;7
666.0;3;9;7;19;70;20;7;18;7
672.0;4;10;7;18;72;17;5;19;8
678.0;4;10;9;19;72;15;4;17;10
684.0;5;12;9;18;73;15;3;15;10
690.0;4;12;5;19;73;15;6;15;11
696.0;4;12;5;19;72;14;5;16;13
702.0;4;13;5;20;72;14;4;16;12
708.0;4;14;5;21;71;13;4;16;12
714.0;6;15;6;17;72;13;3;16;12
720.0;8;14;7;17;71;12;4;17;10
726.0;9;14;8;17;70;12;6;16;8
732.0;10;15;9;16;72;11;7;14;6
738.0;10;15;7;15;72;12;9;14;6
744.0;10;15;6;15;73;11;10;14;6
750.0;11;14;6;12;74;12;10;13;8
756.0;10;15;5;12;75;13;10;12;8
762.0;10;15;5;13;75;12;8;12;10
768.0;10;16;6;14;74;9;10;12;9
774.0;9;15;6;14;74;9;11;11;11
780.0;8;14;7;15;73;11;10;11;11
786.0;9;13;7;12;75;11;11;11;11
792.0;9;13;7;11;79;11;10;11;9
798.0;7;14;7;11;80;12;9;11;9
804.0;6;16;7;11;83;11;8;11;7
810.0;4;15;9;11;82;14;8;10;7
816.0;4;16;9;12;80;14;8;11;6
822.0;3;15;10;13;80;14;8;11;6
828.0;4;14;10;11;80;14;9;12;6
834.0;2;13;11;12;80;14;10;13;5
840.0;2;13;11;10;81;15;9;13;6
846.0;3;13;12;10;82;14;8;13;5
852.0;3;14;14;9;81;12;6;14;7
858.0;3;14;13;9;84;12;5;13;7
864.0;3;14;11;10;89;9;4;13;7
870.0;4;13;11;9;89;10;5;13;6
876.0;4;14;9;9;88;10;6;14;6
882.0;5;14;8;9;87;11;6;13;7
888.0;7;13;8;9;88;11;4;13;7
894.0;5;14;8;9;88;11;4;14;7
900.0;4;14;8;11;86;11;6;14;6
906.0;5;16;8;11;82;14;8;11;5
912.0;5;15;9;11;82;14;8;11;5
918.0;7;16;7;12;80;13;8;12;5
924.0;8;16;8;17;80;12;8;8;3
930.0;7;16;6;16;81;13;7;9;5
936.0;8;16;6;16;81;13;5;10;5
942.0;9;17;6;15;80;13;5;10;5
948.0;9;14;7;13;80;13;8;11;5
954.0;8;14;7;15;80;13;6;12;5
960.0;7;12;8;15;81;12;5;13;7
966.0;8;12;7;18;78;13;4;12;8
972.0;8;11;5;22;77;13;4;13;7
978.0;10;11;4;22;76;12;5;11;9
984.0;9;11;3;23;77;12;5;12;8
990.0;9;10;3;23;78;12;4;13;8
996.0;10;12;4;22;78;11;6;11;6
1002.0;11;14;3;20;78;12;6;11;5
1008.0;12;15;3;18;79;13;7;10;3
1014.0;12;13;4;16;79;12;8;12;4
1020.0;12;13;5;10;81;14;8;12;5
1026.0;11;14;3;10;83;14;9;12;4
1032.0;11;15;3;9;82;14;9;13;4
1038.0;12;14;3;9;80;15;10;13;4
1044.0;11;15;2;8;80;15;9;15;5
1050.0;10;12;4;8;80;16;9;16;5
1056.0;10;12;5;7;79;16;9;16;6
1062.0;8;12;7;7;79;18;10;15;4
1068.0;8;11;7;6;80;19;9;15;5
1074.0;8;10;8;7;82;19;10;14;2
1080.0;9;9;8;8;82;19;11;12;2
1086.0;9;12;7;8;84;17;10;11;2
1092.0;9;11;6;8;84;16;10;12;4
1098.0;7;11;7;9;83;16;9;13;5
1104.0;8;11;6;7;82;17;8;14;7
1110.0;7;10;4;8;83;17;9;14;8
1116.0;6;11;4;8;83;17;11;12;8
1122.0;7;11;5;10;82;16;9;12;8
1128.0;6;12;7;10;81;14;9;13;8
1134.0;8;12;8;11;80;13;9;12;7
1140.0;7;11;8;11;80;13;11;11;8
1146.0;8;10;8;13;78;13;11;12;7
1152.0;9;10;9;13;77;16;9;12;5
1158.0;9;11;8;13;75;16;9;13;6
1164.0;9;10;6;13;76;17;9;14;6
1170.0;10;8;6;14;78;15;9;15;5
1176.0;10;9;6;13;78;14;10;16;4
1182.0;11;12;6;12;76;12;10;17;4
1188.0;12;13;6;10;75;14;10;16;4
1194.0;13;16;3;11;73;13;12;15;4
1200.0;13;16;2;11;73;13;13;15;4
1206.0;14;15;3;11;73;13;11;16;4
1212.0;12;15;5;11;74;15;10;14;4
1218.0;11;13;4;12;74;17;10;15;4
1224.0;11;14;4;11;75;16;9;16;4
1230.0;10;13;3;12;75;18;10;14;5
1236.0;11;14;4;11;75;16;10;15;4
1242.0;10;14;4;11;74;15;11;15;6
1248.0;10;14;4;10;74;16;11;14;7
1254.0;9;14;2;11;75;18;10;14;7
1260.0;9;16;2;11;75;16;9;15;7
1266.0;9;16;2;10;76;15;9;15;8
1272.0;8;14;5;10;75;16;9;15;8
1278.0;10;13;5;10;74;15;9;15;9
1284.0;10;14;7;9;73;15;8;16;8
1290.0;8;15;7;8;72;16;7;16;11
1296.0;8;14;6;8;71;16;9;16;12
1302.0;8;16;6;7;71;16;8;15;13
1308.0;8;16;5;9;70;15;11;13;13
1314.0;8;16;5;9;69;17;11;12;13
1320.0;8;16;6;9;68;16;11;13;13
1326.0;8;16;6;12;69;18;9;10;12
1332.0;8;17;6;12;68;16;9;12;12
1338.0;9;17;5;11;68;15;9;15;11
1344.0;8;17;4;11;70;15;10;14;11
1350.0;7;17;6;11;71;14;8;14;12
1356.0;6;17;5;11;74;15;7;13;12
1362.0;5;17;5;11;74;17;8;14;9
1368.0;5;14;7;12;75;15;7;14;11
1374.0;6;14;7;11;74;17;5;15;11
1380.0;7;17;7;10;74;17;4;14;10
1386.0;7;16;7;11;75;18;4;13;9
1392.0;7;15;5;11;75;20;3;15;9
1398.0;6;14;5;11;75;21;3;16;9
1404.0;6;14;5;11;76;21;3;16;8
1410.0;6;14;6;11;76;20;3;16;8
1416.0;7;15;5;10;77;20;2;16;8
1422.0;6;15;5;9;77;20;3;15;10
1428.0;8;15;5;9;77;17;4;14;11
1434.0;7;14;5;8;77;17;5;16;11
1440.0;8;14;6;10;75;16;6;15;10
1446.0;10;16;8;9;74;14;4;15;10
1452.0;10;18;8;8;73;14;4;15;10
1458.0;9;18;8;8;74;13;3;16;11
1464.0;7;17;10;11;74;13;3;15;10
1470.0;9;17;9;10;75;14;2;15;9
1476.0;8;18;10;10;73;14;2;16;9
1482.0;7;16;10;11;74;13;6;16;7
1488.0;7;18;11;12;72;10;5;18;7
1494.0;7;16;11;14;72;10;5;18;7
1500.0;6;18;11;14;71;9;6;17;8
1506.0;7;16;11;14;72;10;7;16;7
1512.0;9;16;10;14;72;11;7;15;6
1518.0;10;16;9;14;73;11;6;14;7
1524.0;8;17;11;13;72;12;7;15;5
1530.0;6;18;11;13;71;12;7;16;6
1536.0;5;20;10;13;72;12;7;15;6
1542.0;4;21;12;10;71;16;7;13;6
1548.0;5;20;13;11;71;17;6;12;5
1554.0;4;19;12;10;70;19;8;13;5
1560.0;8;18;11;10;70;17;7;14;5
1566.0;8;21;11;11;71;15;5;14;4
1572.0;8;21;10;10;71;15;4;16;5
1578.0;9;18;9;11;71;16;4;17;5
1584.0;8;18;7;13;73;14;4;15;8
1590.0;9;18;6;14;71;15;3;14;10
1596.0;8;19;5;15;71;14;3;16;9
1602.0;7;20;5;14;71;14;4;17;8
1608.0;8;18;5;13;70;14;4;18;10
1614.0;9;21;6;12;68;14;5;18;7
1620.0;11;23;7;12;69;14;3;16;5
1626.0;10;21;8;13;69;14;2;17;6
1632.0;10;22;8;14;71;14;2;16;3
1638.0;9;24;9;13;71;13;2;15;4
1644.0;7;26;8;14;71;15;2;13;4
1650.0;5;26;8;13;71;17;2;13;5
1656.0;6;25;6;14;69;17;2;14;7
1662.0;7;24;7;15;68;15;3;11;10
1668.0;7;24;8;13;69;14;4;10;11
1674.0;4;22;8;15;70;15;4;12;10
1680.0;4;23;8;15;70;17;4;12;7
1686.0;4;21;10;18;69;17;4;11;6
1692.0;4;21;9;18;69;18;4;11;6
1698.0;7;21;9;19;67;16;4;11;6
1704.0;8;22;8;20;66;17;4;9;6
1710.0;7;23;8;16;65;20;3;12;6
1716.0;6;23;8;16;64;20;4;13;6
1722.0;5;21;10;16;66;19;4;13;6
1728.0;4;21;9;16;65;20;6;13;6
1734.0;4;22;8;16;66;21;3;14;6
1740.0;5;22;8;16;64;22;3;14;6
1746.0;5;21;6;16;64;23;3;15;7
1752.0;6;21;5;16;64;23;4;13;8
1758.0;7;20;7;15;65;21;4;12;9
1764.0;9;20;6;15;65;20;3;11;11
1770.0;7;18;6;16;65;19;4;13;12
1776.0;7;17;6;16;67;17;4;13;13
1782.0;7;21;3;17;66;17;1;15;13
1788.0;7;20;2;15;68;18;2;14;14
1794.0;8;19;3;15;69;18;4;12;12
