#auto generated file!
12.0;30;19;32;32;22;36;23;15;31
18.0;24;19;31;34;26;36;23;16;31
24.0;23;21;29;34;27;39;22;16;29
30.0;23;25;27;34;27;36;25;15;28
36.0;25;24;27;35;29;36;23;15;26
42.0;25;27;20;36;32;36;22;17;25
48.0;24;25;19;39;34;35;20;16;28
54.0;26;24;19;37;37;35;19;17;26
60.0;25;25;20;40;39;32;21;15;23
66.0;26;24;21;40;41;30;19;16;23
72.0;24;26;22;40;41;30;18;16;23
78.0;25;26;22;38;42;32;18;16;21
84.0;26;25;21;35;43;33;20;15;22
90.0;25;24;21;33;46;36;19;15;21
96.0;26;22;21;34;44;33;24;17;19
102.0;23;22;20;36;45;32;25;17;20
108.0;21;25;21;34;46;32;24;16;21
114.0;24;23;21;34;47;34;22;16;19
120.0;21;27;21;34;48;29;23;17;20
126.0;17;28;20;33;48;30;24;19;21
132.0;16;25;18;32;49;30;28;21;21
138.0;16;26;18;31;50;30;24;21;24
144.0;15;25;17;31;52;29;22;23;26
150.0;16;26;17;33;52;29;21;23;23
156.0;16;27;17;33;52;28;23;24;20
162.0;16;28;16;30;52;27;22;28;21
168.0;15;26;15;28;52;30;22;31;21
174.0;15;26;11;27;53;29;22;33;24
180.0;15;23;10;28;56;29;22;33;24
186.0;15;23;10;29;57;29;22;33;22
192.0;16;22;9;29;58;28;19;34;25
198.0;16;23;9;26;60;31;18;33;24
204.0;17;23;11;29;59;28;16;33;24
210.0;16;25;12;29;59;30;17;33;19
216.0;15;27;11;30;60;26;19;32;20
222.0;14;26;12;29;62;25;20;32;20
228.0;17;28;13;29;64;25;15;31;18
234.0;18;30;11;27;66;27;14;27;20
240.0;19;31;11;28;65;27;15;27;17
246.0;18;28;14;30;65;27;15;26;17
252.0;17;30;16;31;65;26;14;26;15
258.0;17;30;13;31;67;28;12;27;15
264.0;20;26;10;30;67;28;17;27;15
270.0;19;25;13;31;70;28;14;26;14
276.0;19;27;12;33;71;25;11;27;15
282.0;20;24;11;34;72;25;10;30;14
288.0;19;24;10;34;74;23;12;29;15
294.0;17;25;12;31;78;23;13;26;15
300.0;16;27;14;28;77;20;13;29;16
306.0;15;25;14;28;79;20;13;30;16
312.0;15;29;15;27;80;19;12;29;14
318.0;15;29;14;29;81;19;11;31;11
324.0;13;30;14;26;84;19;10;31;13
330.0;14;27;14;25;84;21;9;34;12
336.0;16;27;13;24;84;19;11;36;10
342.0;14;26;12;24;87;17;13;34;13
348.0;13;27;13;24;89;16;12;35;11
354.0;11;27;11;26;91;17;11;33;13
360.0;12;26;11;26;91;17;11;34;12
366.0;11;28;11;24;91;17;11;34;13
372.0;10;27;12;24;91;19;10;35;12
378.0;10;28;12;22;91;20;10;35;12
384.0;9;27;11;21;94;20;14;33;11
390.0;10;28;10;21;94;19;12;35;11
396.0;9;26;13;22;94;21;13;32;10
402.0;8;24;16;23;95;20;12;31;11
408.0;9;24;18;23;94;21;10;29;12
414.0;8;23;20;23;94;20;10;29;13
420.0;9;22;20;23;95;21;9;28;13
426.0;9;23;19;21;96;21;10;28;13
432.0;9;23;19;19;98;20;7;29;16
438.0;12;23;20;20;95;18;8;28;16
444.0;10;24;19;19;96;15;10;29;18
450.0;11;23;17;20;98;19;10;25;17
456.0;14;22;14;19;99;20;9;26;17
462.0;12;22;14;19;101;17;11;27;17
468.0;12;23;13;20;101;15;12;26;18
474.0;12;24;14;19;103;15;10;27;16
480.0;10;23;12;19;102;15;11;28;20
486.0;11;20;12;19;103;17;11;27;20
492.0;14;21;10;19;105;16;10;27;18
498.0;12;22;8;23;106;15;10;28;16
504.0;13;22;10;23;106;15;9;27;15
510.0;9;22;9;23;108;18;9;29;13
516.0;11;21;10;21;107;18;10;29;13
522.0;15;22;8;21;106;18;10;28;12
528.0;17;22;7;16;106;19;10;29;14
534.0;16;22;8;18;106;17;12;28;13
540.0;15;24;8;17;106;18;11;28;13
546.0;17;22;10;17;107;16;12;29;10
552.0;16;22;9;18;107;17;13;27;11
558.0;17;22;10;18;108;15;13;27;10
564.0;15;22;9;18;106;17;13;28;12
570.0;14;21;10;20;105;17;14;28;11
576.0;15;22;9;20;105;15;13;28;13
582.0;16;19;9;20;108;14;13;28;13
588.0;15;18;10;19;110;14;12;31;11
594.0;15;19;10;20;110;14;10;31;11
600.0;17;20;8;18;109;17;11;30;10
606.0;16;20;8;18;109;16;13;30;10
612.0;15;19;8;18;108;18;16;27;11
618.0;13;18;9;19;111;18;14;27;11
624.0;14;19;11;19;111;20;11;26;9
630.0;12;20;13;18;109;20;11;30;7
636.0;8;21;16;18;107;21;10;31;8
642.0;8;21;17;18;105;22;10;31;8
648.0;7;22;16;19;101;23;11;32;9
654.0;8;20;17;22;102;23;10;30;8
660.0;11;19;18;20;102;19;9;28;14
666.0;12;18;16;23;103;17;8;28;15
672.0;11;18;19;23;102;17;7;29;14
678.0;11;17;18;24;103;18;7;28;14
684.0;14;15;18;23;105;19;5;26;15
690.0;12;17;20;23;105;21;4;22;16
696.0;11;16;20;24;106;21;6;23;13
702.0;10;19;17;26;105;20;5;23;15
708.0;12;20;19;24;105;19;4;24;13
714.0;13;21;20;25;104;19;3;23;12
720.0;13;23;22;24;102;18;4;22;12
726.0;12;25;23;22;102;17;4;22;13
732.0;12;25;18;22;106;17;5;21;14
738.0;13;23;18;23;106;16;6;23;12
744.0;14;25;16;24;107;17;4;24;9
750.0;13;23;18;24;107;16;5;24;10
756.0;13;25;19;24;107;17;6;21;8
762.0;12;25;19;25;106;18;6;21;8
768.0;15;27;16;23;106;18;6;21;8
774.0;15;23;15;23;109;18;7;21;9
780.0;17;22;16;23;109;19;8;20;6
786.0;17;21;15;24;105;20;9;23;6
792.0;17;19;15;26;104;19;9;24;7
798.0;17;18;14;25;106;20;8;24;8
804.0;16;16;15;24;106;19;8;26;10
810.0;18;17;11;24;105;21;9;26;9
816.0;18;16;9;23;105;21;11;28;9
822.0;16;16;8;23;106;22;12;28;9
828.0;14;13;9;21;109;25;11;29;9
834.0;17;14;7;20;109;25;10;30;8
840.0;16;14;7;21;110;26;9;28;9
846.0;15;14;8;25;110;23;7;28;10
852.0;14;16;9;25;111;23;6;28;8
858.0;15;18;8;25;111;23;6;26;8
864.0;13;19;7;25;112;20;8;26;10
870.0;14;19;8;26;111;22;6;25;9
876.0;12;19;7;25;113;23;8;23;10
882.0;10;21;10;25;112;23;7;23;9
888.0;10;24;6;24;112;22;9;22;11
894.0;9;22;6;22;112;25;10;23;11
900.0;10;21;6;23;112;26;9;22;11
906.0;10;21;8;22;112;26;10;21;10
912.0;13;17;7;21;115;28;9;21;9
918.0;14;19;5;23;115;27;10;19;8
924.0;16;19;4;24;111;28;10;19;9
930.0;15;17;5;24;112;26;12;20;9
936.0;17;16;5;21;114;26;12;21;8
942.0;17;18;6;21;114;23;14;20;7
948.0;16;21;8;20;112;24;14;19;6
954.0;16;22;9;20;111;24;14;18;6
960.0;14;24;9;17;111;22;13;23;7
966.0;14;23;9;16;111;24;13;23;7
972.0;13;23;9;15;112;22;14;23;9
978.0;12;24;10;15;112;20;14;24;9
984.0;12;25;11;16;108;21;12;25;10
990.0;12;25;11;15;107;22;12;24;12
996.0;12;26;11;14;105;21;15;25;11
1002.0;10;24;11;16;104;20;17;27;11
1008.0;9;24;11;17;104;19;19;26;11
1014.0;8;25;11;17;104;21;18;25;11
1020.0;10;24;12;19;101;22;19;24;9
1026.0;10;23;11;19;102;23;18;25;9
1032.0;10;23;14;19;100;23;17;25;9
1038.0;9;23;14;21;102;21;16;24;10
1044.0;10;22;17;22;101;20;15;24;9
1050.0;10;21;17;23;100;20;15;23;11
1056.0;9;21;17;23;97;18;17;25;13
1062.0;10;21;16;24;100;18;16;23;12
1068.0;9;19;14;24;100;19;18;25;12
1074.0;11;18;14;21;101;21;16;26;12
1080.0;13;17;12;22;101;21;16;27;11
1086.0;15;18;12;23;101;18;16;26;11
1092.0;15;18;12;24;101;17;17;27;9
1098.0;16;19;11;24;102;19;15;24;10
1104.0;14;19;8;24;103;19;17;26;10
1110.0;14;16;8;23;104;23;16;25;11
1116.0;14;16;10;26;104;24;14;23;9
1122.0;13;18;10;25;106;25;16;19;8
1128.0;12;17;10;29;106;25;17;19;5
1134.0;10;16;13;29;107;23;17;19;6
1140.0;10;16;15;29;108;24;16;17;5
1146.0;10;16;13;28;109;26;14;19;5
1152.0;8;15;13;28;112;25;15;19;5
1158.0;6;15;9;30;114;27;15;19;5
1164.0;7;15;8;30;115;28;15;18;4
1170.0;9;15;11;30;114;25;15;17;4
1176.0;10;14;10;28;115;26;18;17;2
1182.0;10;15;10;27;114;27;15;19;3
1188.0;10;17;9;28;112;27;15;18;4
1194.0;12;17;8;26;108;28;17;20;4
1200.0;11;16;9;28;108;28;19;17;4
1206.0;11;19;11;24;107;30;16;17;5
1212.0;12;19;11;24;107;33;15;15;4
1218.0;12;19;10;22;107;35;15;16;4
1224.0;8;20;11;26;108;30;15;18;4
1230.0;8;19;12;25;108;28;16;18;6
1236.0;10;18;13;23;107;28;16;19;6
1242.0;12;18;13;24;106;28;14;19;6
1248.0;11;18;14;25;106;27;12;20;7
1254.0;9;22;14;25;107;24;11;20;8
1260.0;8;23;17;26;107;23;13;17;6
1266.0;9;22;18;27;105;22;12;18;7
1272.0;10;22;17;27;106;21;13;17;7
1278.0;11;23;15;29;104;21;12;17;8
1284.0;11;24;15;29;104;21;12;16;8
1290.0;12;22;17;26;105;21;11;18;8
1296.0;13;21;16;27;104;21;11;20;7
1302.0;14;19;14;27;104;22;9;22;9
1308.0;16;18;13;29;104;22;7;21;10
1314.0;15;18;13;30;105;22;6;21;10
1320.0;15;16;12;31;107;23;5;22;9
1326.0;14;16;12;28;107;25;5;24;9
1332.0;12;16;13;29;106;26;2;25;11
1338.0;11;15;12;28;108;27;3;26;10
1344.0;8;15;13;30;110;26;2;25;11
1350.0;9;15;14;29;109;24;3;24;13
1356.0;8;13;15;30;109;24;5;23;13
1362.0;8;10;13;32;112;24;6;23;12
1368.0;9;10;15;32;112;21;6;23;12
1374.0;8;11;12;33;111;23;7;23;12
1380.0;7;11;14;30;113;26;8;23;8
1386.0;7;11;12;29;114;27;7;24;9
1392.0;7;12;13;29;114;26;6;24;9
1398.0;6;11;11;33;115;24;7;24;9
1404.0;7;12;9;30;117;23;7;23;12
1410.0;7;13;10;26;119;25;7;21;12
1416.0;6;15;10;22;118;26;8;22;13
1422.0;9;16;8;23;119;23;9;21;12
1428.0;9;16;10;24;117;22;11;19;12
1434.0;8;16;10;24;117;21;13;19;12
1440.0;7;17;9;27;116;21;13;18;12
1446.0;8;18;10;25;117;20;13;18;11
1452.0;7;18;10;26;116;21;14;17;11
1458.0;7;23;10;26;118;19;13;14;10
1464.0;7;22;9;23;118;19;16;15;11
1470.0;8;20;8;25;117;19;15;16;12
1476.0;13;21;9;23;114;16;14;15;15
1482.0;12;22;9;22;113;16;13;16;17
1488.0;11;24;8;21;114;15;13;16;18
1494.0;14;26;6;22;115;15;9;16;17
1500.0;12;30;6;24;114;14;7;15;18
1506.0;13;33;5;24;114;14;7;14;16
1512.0;11;32;6;24;115;15;12;11;14
1518.0;11;28;8;23;115;15;14;11;15
1524.0;12;26;7;24;115;17;12;11;16
1530.0;12;25;7;24;115;19;13;10;15
1536.0;12;25;7;25;111;21;15;10;14
1542.0;13;29;7;24;108;21;13;12;13
1548.0;12;29;8;20;107;25;12;15;12
1554.0;11;30;8;20;107;25;13;14;12
1560.0;9;31;7;20;107;25;13;15;13
1566.0;10;31;5;20;109;24;12;17;12
1572.0;10;33;6;21;109;24;12;15;10
1578.0;10;34;4;25;108;21;12;14;12
1584.0;9;33;4;25;108;22;13;14;12
1590.0;10;34;8;24;102;22;14;15;11
1596.0;12;34;10;20;104;20;13;16;11
1602.0;12;34;10;19;105;20;11;17;12
1608.0;11;36;10;21;105;20;10;15;12
1614.0;11;35;7;21;107;23;11;15;10
1620.0;13;34;6;22;106;22;11;16;10
1626.0;13;34;7;23;104;23;10;16;10
1632.0;13;32;8;21;106;25;9;16;10
1638.0;12;32;8;21;108;24;9;16;10
1644.0;12;30;8;21;107;23;11;17;11
1650.0;7;30;10;23;106;23;11;18;12
1656.0;6;31;11;22;108;25;12;17;8
1662.0;3;29;12;24;109;23;14;16;10
1668.0;3;28;15;23;108;22;16;16;9
1674.0;3;27;13;22;111;23;16;16;9
1680.0;4;27;16;19;108;22;18;16;10
1686.0;4;28;20;19;107;20;20;14;8
1692.0;4;30;17;20;109;19;19;13;9
1698.0;5;26;20;19;108;20;19;14;9
1704.0;5;26;18;22;107;21;16;14;11
1710.0;4;25;18;25;106;22;16;13;11
1716.0;5;25;19;24;106;24;16;11;10
1722.0;3;22;21;25;108;25;14;13;9
1728.0;3;22;21;26;103;28;15;12;10
1734.0;2;22;19;29;105;24;16;11;12
1740.0;3;24;16;30;105;24;17;11;10
1746.0;4;25;13;30;107;24;15;12;10
1752.0;6;25;11;31;105;24;14;12;12
1758.0;6;24;12;30;107;22;15;11;13
1764.0;5;25;16;30;106;22;15;9;12
1770.0;6;23;16;31;104;21;15;9;15
1776.0;7;23;15;29;105;21;14;10;16
1782.0;9;23;12;27;106;21;13;14;15
1788.0;9;22;14;26;105;22;14;14;14
1794.0;10;23;13;25;105;22;15;14;13
