#auto generated file!
12.0;30;42;41;36;52;36;38;31;34
18.0;26;43;41;35;53;36;37;34;35
24.0;25;42;33;36;57;39;38;36;34
30.0;26;41;32;36;60;38;37;36;34
36.0;26;43;31;36;59;37;34;38;36
42.0;27;45;31;39;62;37;29;36;34
48.0;22;44;34;40;62;37;30;37;34
54.0;17;45;34;46;66;34;28;41;29
60.0;16;46;32;46;70;36;26;42;26
66.0;17;48;31;46;71;34;28;42;23
72.0;20;47;32;47;74;33;27;42;18
78.0;19;46;33;49;74;32;27;39;21
84.0;23;46;33;45;75;32;27;39;20
90.0;23;44;27;45;79;38;28;37;19
96.0;24;46;26;42;80;38;27;37;20
102.0;25;47;22;43;78;37;27;41;20
108.0;26;48;22;42;78;38;27;39;20
114.0;27;44;24;41;81;42;26;36;19
120.0;27;43;27;41;81;42;24;35;20
126.0;29;41;28;39;82;42;23;35;21
132.0;26;42;27;39;82;42;26;37;19
138.0;22;41;32;40;84;40;26;38;17
144.0;23;42;31;39;85;40;26;34;20
150.0;25;43;29;37;88;41;26;36;15
156.0;23;43;26;41;92;42;22;36;15
162.0;26;46;24;41;93;41;20;32;17
168.0;22;44;24;42;93;42;21;33;19
174.0;20;45;25;40;95;42;20;35;18
180.0;21;43;24;43;96;38;21;36;18
186.0;22;44;23;41;99;35;19;37;20
192.0;18;43;23;43;100;38;21;34;20
198.0;19;42;20;45;101;40;20;33;20
204.0;19;45;17;44;102;40;22;33;18
210.0;18;45;16;42;102;40;24;34;19
216.0;21;50;16;37;104;37;20;35;20
222.0;20;47;14;37;106;38;20;38;20
228.0;17;43;15;37;107;41;22;39;19
234.0;17;43;13;37;106;42;22;40;20
240.0;15;43;13;38;106;42;21;41;21
246.0;16;43;13;39;106;44;20;40;19
252.0;15;42;15;39;105;44;20;40;20
258.0;14;42;16;36;105;45;19;40;23
264.0;13;43;17;37;103;45;18;40;24
270.0;9;47;17;39;105;44;18;38;23
276.0;8;45;18;38;106;44;19;36;26
282.0;10;45;17;41;108;39;18;36;26
288.0;10;42;17;39;112;40;17;36;27
294.0;13;39;17;37;111;40;15;39;29
300.0;14;42;20;34;113;38;16;36;27
306.0;17;39;17;36;113;39;16;38;25
312.0;18;41;16;37;114;39;15;37;23
318.0;18;43;15;37;119;38;12;36;22
324.0;20;43;12;36;120;37;13;37;22
330.0;16;43;13;35;121;39;12;38;23
336.0;18;44;12;37;121;36;15;36;21
342.0;18;44;14;36;120;33;17;36;22
348.0;17;42;14;37;120;35;19;36;20
354.0;18;42;12;37;121;39;18;32;21
360.0;18;39;12;40;122;40;19;32;18
366.0;18;37;12;41;123;41;21;30;17
372.0;16;37;11;40;123;42;22;29;20
378.0;14;37;12;40;129;40;23;27;18
384.0;16;37;13;38;133;39;19;25;20
390.0;15;40;12;37;133;34;25;24;20
396.0;16;40;12;39;135;32;24;28;14
402.0;15;39;12;39;137;33;23;28;14
408.0;14;40;12;37;138;33;23;29;14
414.0;17;40;11;40;136;34;21;29;12
420.0;19;38;13;40;136;30;22;29;13
426.0;17;38;18;43;134;29;22;28;11
432.0;19;36;18;43;133;29;19;30;13
438.0;20;35;20;40;133;29;19;31;13
444.0;19;36;17;38;134;28;23;31;14
450.0;18;36;17;39;135;27;25;29;14
456.0;16;38;19;36;133;27;25;31;15
462.0;17;37;18;37;135;25;26;31;14
468.0;20;35;18;37;136;26;24;31;13
474.0;22;33;20;37;134;25;21;34;14
480.0;20;31;19;41;132;27;23;35;12
486.0;22;31;20;40;130;28;20;37;12
492.0;20;33;23;39;132;27;20;34;12
498.0;20;36;22;41;131;25;19;32;14
504.0;19;35;21;40;133;32;17;32;11
510.0;20;36;21;38;134;30;18;34;9
516.0;19;37;22;37;135;28;19;33;10
522.0;17;38;18;37;132;30;23;34;11
528.0;17;37;18;38;135;29;24;33;9
534.0;18;36;14;37;140;31;22;33;9
540.0;19;34;13;39;140;30;21;34;10
546.0;20;36;12;37;141;30;21;32;11
552.0;20;34;13;39;137;32;22;32;11
558.0;20;34;16;40;137;31;21;30;11
564.0;21;34;16;41;137;32;20;28;11
570.0;22;33;17;36;139;32;21;29;11
576.0;21;33;18;31;137;33;21;30;16
582.0;20;30;19;33;135;35;21;31;16
588.0;21;30;18;34;134;36;21;32;14
594.0;21;30;18;34;135;36;22;30;14
600.0;20;31;19;32;136;37;21;31;13
606.0;21;29;19;33;136;38;21;30;13
612.0;22;27;20;31;134;40;22;29;15
618.0;20;28;19;33;135;37;21;32;15
624.0;22;28;19;32;134;39;20;31;15
630.0;24;26;19;33;135;41;18;31;13
636.0;22;27;15;34;136;43;21;29;13
642.0;22;29;13;31;135;44;23;29;14
648.0;21;30;14;32;133;42;24;30;14
654.0;22;26;14;36;134;38;24;32;14
660.0;19;28;17;35;137;39;22;32;11
666.0;17;30;19;37;137;37;21;32;10
672.0;18;32;16;36;136;34;21;35;12
678.0;18;30;14;37;136;34;21;34;16
684.0;17;29;14;38;138;32;21;33;18
690.0;14;34;13;37;138;29;20;37;18
696.0;13;30;12;35;140;30;23;37;20
702.0;12;29;12;36;142;30;21;37;21
708.0;14;27;11;35;141;30;23;39;20
714.0;14;27;11;35;140;31;23;37;22
720.0;13;28;12;36;142;31;22;32;24
726.0;12;30;13;37;142;29;21;33;23
732.0;11;32;11;37;142;30;21;33;23
738.0;13;33;10;36;143;32;17;33;23
744.0;16;34;10;35;145;34;16;32;18
750.0;14;33;14;36;145;36;13;32;17
756.0;15;32;13;34;150;33;14;32;17
762.0;16;30;17;34;149;32;14;31;17
768.0;14;32;15;34;151;31;16;31;16
774.0;17;35;15;34;148;31;16;29;15
780.0;15;37;15;29;149;35;17;28;15
786.0;15;37;14;27;151;40;14;28;14
792.0;15;39;10;28;151;39;14;29;15
798.0;15;38;11;28;152;37;15;29;15
804.0;15;36;11;29;152;36;16;31;14
810.0;16;38;10;31;152;34;17;30;12
816.0;14;39;12;30;149;34;19;30;13
822.0;15;42;14;29;147;35;17;29;12
828.0;14;41;14;30;145;33;18;33;12
834.0;15;43;13;29;143;34;18;34;11
840.0;15;41;14;29;144;33;17;34;13
846.0;14;38;13;30;144;33;21;34;13
852.0;15;38;13;30;143;33;21;34;13
858.0;16;36;14;32;143;31;20;34;14
864.0;14;31;15;33;146;31;20;35;15
870.0;15;31;15;34;147;31;18;34;15
876.0;16;34;16;36;146;30;17;30;15
882.0;16;32;18;37;143;31;17;31;15
888.0;18;33;17;38;143;31;16;31;13
894.0;15;33;18;37;142;31;17;32;15
900.0;14;31;19;36;142;33;16;34;15
906.0;16;34;17;33;143;34;16;32;15
912.0;15;35;18;36;141;31;17;31;16
918.0;15;34;18;37;138;32;20;31;15
924.0;13;35;19;36;137;30;23;30;17
930.0;17;34;17;35;136;33;22;32;14
936.0;18;35;17;40;136;30;20;32;12
942.0;17;31;17;42;137;29;21;34;12
948.0;15;32;15;43;138;29;22;35;11
954.0;13;33;13;39;140;31;25;33;13
960.0;15;32;12;39;141;31;24;34;12
966.0;15;34;12;37;144;31;23;32;12
972.0;15;34;9;39;144;32;21;33;13
978.0;16;35;11;36;146;32;19;34;11
984.0;14;35;12;36;146;32;20;33;12
990.0;13;34;14;38;145;33;17;34;12
996.0;13;35;13;38;145;31;19;33;13
1002.0;12;35;14;40;143;30;17;35;14
1008.0;14;34;14;40;142;31;17;33;15
1014.0;15;37;15;40;142;29;15;32;15
1020.0;16;36;14;41;142;26;13;36;16
1026.0;18;35;14;38;143;28;12;34;18
1032.0;16;38;15;37;144;26;12;34;18
1038.0;16;37;14;37;144;24;12;37;19
1044.0;21;37;15;36;142;21;12;38;18
1050.0;21;37;14;35;145;22;11;38;17
1056.0;21;35;17;35;143;21;14;37;17
1062.0;21;36;15;37;140;21;16;37;17
1068.0;21;34;15;40;142;16;17;35;20
1074.0;16;35;17;39;142;17;15;36;23
1080.0;18;36;18;36;145;17;14;36;20
1086.0;18;36;18;34;146;18;15;36;19
1092.0;19;34;19;33;143;20;16;37;19
1098.0;18;37;18;31;145;22;16;36;17
1104.0;21;37;18;33;141;20;15;38;17
1110.0;19;36;18;33;142;21;12;41;18
1116.0;17;35;18;32;149;22;11;39;17
1122.0;17;34;17;33;151;22;12;39;15
1128.0;19;35;17;33;151;21;11;37;16
1134.0;18;34;17;36;149;20;12;38;16
1140.0;17;34;15;34;149;18;15;39;19
1146.0;15;30;15;34;151;19;21;37;18
1152.0;13;33;16;34;152;18;20;37;17
1158.0;12;32;16;35;155;19;17;37;17
1164.0;12;30;17;34;155;18;20;35;19
1170.0;14;28;16;33;155;21;19;36;18
1176.0;15;27;17;32;155;22;15;39;18
1182.0;17;27;19;31;150;22;16;38;20
1188.0;17;28;22;31;150;23;16;36;17
1194.0;17;25;22;29;153;23;17;36;18
1200.0;15;26;22;28;154;22;19;37;17
1206.0;16;25;24;26;155;22;16;38;18
1212.0;15;27;24;28;154;22;17;36;17
1218.0;15;27;22;28;155;23;15;37;18
1224.0;18;26;20;26;155;26;16;37;16
1230.0;14;28;20;27;155;25;14;39;18
1236.0;16;29;21;25;153;24;15;37;20
1242.0;18;33;20;22;152;27;11;37;20
1248.0;17;33;19;23;152;25;9;38;24
1254.0;19;29;17;24;149;23;13;44;22
1260.0;18;28;17;24;147;26;15;43;22
1266.0;18;25;17;23;146;29;16;45;21
1272.0;18;27;18;22;149;29;14;44;19
1278.0;16;28;17;21;149;33;15;42;19
1284.0;17;32;12;25;151;32;14;40;17
1290.0;18;33;13;24;152;31;14;40;15
1296.0;19;33;13;25;152;30;14;40;14
1302.0;21;32;13;24;151;28;16;40;15
1308.0;21;32;14;26;149;30;17;39;12
1314.0;17;32;15;23;151;29;21;38;14
1320.0;18;33;13;23;150;29;21;39;14
1326.0;17;31;15;23;149;29;22;38;16
1332.0;17;31;14;23;149;33;19;36;18
1338.0;15;27;19;22;150;31;22;36;18
1344.0;14;27;19;20;154;33;20;35;18
1350.0;12;27;19;23;152;36;18;35;18
1356.0;13;28;21;22;151;35;16;34;20
1362.0;16;26;21;24;151;34;14;35;19
1368.0;17;27;19;25;152;34;10;37;19
1374.0;16;26;16;28;157;37;10;35;15
1380.0;17;26;16;29;157;34;10;35;16
1386.0;16;25;14;27;159;34;11;37;17
1392.0;15;24;15;28;157;33;14;38;16
1398.0;15;22;16;31;159;32;14;36;15
1404.0;14;22;15;29;158;34;17;38;13
1410.0;11;25;18;30;160;33;17;36;10
1416.0;13;28;17;29;160;31;18;35;9
1422.0;13;27;20;29;161;27;17;34;12
1428.0;15;26;21;28;160;28;18;32;12
1434.0;16;25;20;30;158;30;15;33;13
1440.0;17;24;16;32;157;31;15;34;14
1446.0;13;25;20;32;155;31;19;32;13
1452.0;10;26;21;32;154;32;19;32;14
1458.0;12;30;21;30;154;31;19;31;12
1464.0;11;28;18;29;158;33;19;31;13
1470.0;11;27;16;31;158;36;21;28;12
1476.0;11;28;17;33;157;32;23;27;12
1482.0;12;27;16;32;161;32;20;29;11
1488.0;16;25;14;34;158;34;16;29;14
1494.0;16;23;16;34;158;31;16;31;15
1500.0;16;23;15;33;159;30;15;33;16
1506.0;15;22;17;33;158;32;14;34;15
1512.0;15;20;16;34;158;35;12;34;16
1518.0;16;20;15;34;158;37;14;31;15
1524.0;15;22;13;34;158;38;12;33;15
1530.0;13;21;15;35;158;38;12;33;15
1536.0;14;21;12;34;157;39;13;36;14
1542.0;14;19;12;35;159;39;13;36;13
1548.0;16;17;13;36;160;40;12;35;11
1554.0;15;15;12;38;161;39;11;36;13
1560.0;14;15;13;39;162;37;10;35;15
1566.0;15;19;16;41;160;31;10;33;15
1572.0;15;19;16;40;161;31;12;34;12
1578.0;15;20;14;39;161;30;15;33;13
1584.0;13;21;16;39;163;28;18;33;9
1590.0;18;24;17;36;160;28;18;29;10
1596.0;18;26;17;36;160;28;13;32;10
1602.0;17;26;17;37;162;25;11;34;11
1608.0;14;27;17;39;166;26;9;33;9
1614.0;15;27;18;38;165;29;8;30;10
1620.0;15;26;18;38;166;28;9;29;11
1626.0;16;27;18;37;166;26;13;29;8
1632.0;19;25;17;35;167;23;16;30;8
1638.0;14;25;15;36;168;24;15;31;12
1644.0;15;27;13;35;167;23;15;31;14
1650.0;18;26;13;34;166;22;17;29;15
1656.0;17;26;16;34;163;22;18;27;17
1662.0;16;28;14;36;162;22;17;28;17
1668.0;12;32;16;39;163;20;16;28;14
1674.0;11;35;14;39;162;22;13;31;13
1680.0;10;35;14;41;165;21;12;28;14
1686.0;10;35;12;43;167;20;12;27;14
1692.0;9;37;13;44;165;18;12;28;14
1698.0;8;38;12;43;166;17;17;27;12
1704.0;7;38;11;42;165;19;20;27;11
1710.0;8;35;13;41;167;20;21;26;9
1716.0;7;36;14;43;165;18;20;27;10
1722.0;7;34;14;41;167;19;19;29;10
1728.0;6;31;14;44;166;20;18;29;12
1734.0;7;29;16;43;166;21;19;27;12
1740.0;6;26;17;40;168;21;20;27;15
1746.0;6;28;16;42;166;19;18;29;16
1752.0;8;28;14;41;167;19;18;29;16
1758.0;10;28;12;37;168;19;20;31;15
1764.0;9;26;11;36;170;20;21;30;17
1770.0;7;25;11;37;174;21;20;30;15
1776.0;7;26;12;35;178;19;18;30;15
1782.0;6;24;11;35;179;23;18;30;14
1788.0;10;24;10;36;180;22;16;30;12
1794.0;9;27;8;36;178;24;17;31;10
