#auto generated file!
12.0;31;45;29;37;26;42;28;31;41
18.0;32;45;33;35;28;39;28;31;39
24.0;30;45;32;38;32;40;25;34;34
30.0;28;46;29;39;34;43;23;36;32
36.0;28;46;28;40;36;44;21;34;33
42.0;29;44;27;39;40;40;23;37;31
48.0;25;44;29;41;43;36;22;41;29
54.0;27;43;29;43;46;36;21;40;25
60.0;25;43;31;40;49;37;21;39;25
66.0;25;44;32;40;50;36;20;42;21
72.0;26;42;31;39;52;35;22;43;20
78.0;24;47;29;39;56;37;18;43;17
84.0;22;45;31;39;57;36;20;42;18
90.0;20;49;31;39;60;36;19;38;18
96.0;19;48;30;41;60;37;21;38;16
102.0;18;47;32;45;63;39;18;33;15
108.0;17;48;29;45;64;44;16;33;14
114.0;19;45;27;46;63;46;19;32;13
120.0;18;45;26;47;66;42;20;32;14
126.0;19;48;25;45;70;41;19;29;14
132.0;15;49;22;44;71;39;22;32;16
138.0;16;50;21;42;73;38;20;33;17
144.0;14;50;21;43;75;37;23;31;16
150.0;13;51;18;44;77;35;21;33;18
156.0;15;49;21;43;78;32;20;32;20
162.0;14;49;22;43;77;34;23;30;18
168.0;16;45;18;44;80;36;21;30;20
174.0;14;46;13;44;79;38;21;30;25
180.0;15;45;15;43;80;39;18;31;24
186.0;15;45;17;47;79;38;17;29;23
192.0;15;41;20;48;78;37;17;30;24
198.0;14;41;20;46;79;39;18;30;23
204.0;14;41;21;43;79;40;19;28;25
210.0;14;42;21;44;80;37;21;27;24
216.0;16;45;19;41;79;38;20;28;24
222.0;19;45;19;41;81;36;19;27;23
228.0;17;45;22;37;83;36;19;29;22
234.0;16;45;18;37;82;40;22;27;23
240.0;16;43;17;35;82;44;22;26;25
246.0;16;43;15;35;80;47;23;27;24
252.0;19;38;16;33;82;51;21;26;24
258.0;17;36;17;34;85;51;22;23;25
264.0;19;36;17;34;86;49;22;24;23
270.0;19;37;20;33;85;47;21;25;23
276.0;17;39;20;32;87;49;19;25;22
282.0;16;41;21;35;88;51;16;23;19
288.0;17;42;18;35;92;48;16;24;18
294.0;16;39;18;36;94;48;16;23;20
300.0;15;42;19;34;94;46;18;25;17
306.0;16;41;18;37;94;47;15;27;15
312.0;17;41;17;38;96;46;14;27;14
318.0;19;42;16;33;96;46;13;29;16
324.0;21;41;15;34;96;46;10;28;19
330.0;21;39;14;33;95;46;12;30;20
336.0;21;40;13;34;94;44;14;31;19
342.0;22;40;14;36;91;44;14;31;18
348.0;19;40;14;34;95;40;15;34;19
354.0;21;37;14;35;95;40;15;31;22
360.0;22;38;13;33;95;42;16;29;22
366.0;20;41;14;31;94;42;18;29;21
372.0;19;40;14;30;95;42;19;30;21
378.0;19;37;14;30;97;45;18;29;21
384.0;20;38;15;29;98;40;18;31;21
390.0;19;37;13;27;102;40;20;32;20
396.0;20;35;15;24;106;41;21;31;17
402.0;22;34;16;24;105;38;20;32;19
408.0;18;32;15;27;107;41;19;34;17
414.0;18;33;15;27;109;39;21;35;13
420.0;19;31;14;29;108;40;22;33;14
426.0;20;29;13;29;110;40;18;34;17
432.0;18;29;13;28;109;42;18;35;18
438.0;18;28;12;29;109;39;19;36;20
444.0;17;26;16;31;110;36;17;35;22
450.0;16;25;16;31;110;35;19;35;23
456.0;17;26;16;32;111;36;19;32;21
462.0;17;24;16;34;112;38;19;32;18
468.0;16;25;17;34;112;38;17;32;19
474.0;18;27;15;34;113;35;18;32;18
480.0;16;26;15;34;114;35;20;31;19
486.0;17;29;14;32;117;33;19;32;17
492.0;14;27;14;35;118;33;18;34;17
498.0;12;27;16;33;119;34;20;34;15
504.0;12;29;16;33;120;35;20;32;13
510.0;12;32;17;31;120;32;18;35;13
516.0;13;31;16;33;119;32;19;31;16
522.0;16;32;15;34;117;32;18;31;15
528.0;18;34;17;34;115;30;18;30;14
534.0;20;33;16;35;116;29;13;31;17
540.0;21;31;15;35;121;28;13;31;15
546.0;21;28;17;33;122;28;16;31;14
552.0;21;28;16;35;122;28;13;32;15
558.0;20;27;17;36;124;28;13;32;13
564.0;20;29;17;35;124;27;13;32;13
570.0;19;30;16;37;122;28;11;34;13
576.0;18;30;15;38;124;31;12;31;11
582.0;15;28;17;37;122;31;15;34;11
588.0;15;26;18;35;124;32;16;31;13
594.0;11;26;16;37;126;36;16;30;12
600.0;11;27;14;36;125;37;17;30;13
606.0;11;24;17;35;123;35;21;31;13
612.0;9;23;17;33;124;36;24;30;14
618.0;7;23;17;35;125;40;21;27;15
624.0;7;21;17;35;127;42;19;26;16
630.0;10;21;16;36;124;43;19;26;15
636.0;8;23;13;36;123;44;18;29;16
642.0;10;24;12;36;122;42;19;30;15
648.0;11;27;14;35;123;43;18;27;12
654.0;7;28;15;35;123;43;19;28;12
660.0;7;29;16;34;124;42;20;26;12
666.0;7;28;17;30;124;42;21;28;13
672.0;9;29;18;27;123;39;21;27;17
678.0;8;28;17;26;123;40;21;29;18
684.0;10;28;17;27;122;39;19;33;15
690.0;12;24;16;28;120;39;20;34;17
696.0;12;25;15;25;122;38;24;33;16
702.0;9;24;12;24;125;36;29;36;15
708.0;11;24;13;20;126;37;30;34;15
714.0;11;23;14;19;126;38;29;34;16
720.0;13;25;13;20;124;37;30;30;18
726.0;12;28;11;20;127;37;30;28;17
732.0;13;29;13;23;125;35;28;28;16
738.0;11;28;14;25;124;33;29;30;16
744.0;12;26;14;25;127;33;28;29;16
750.0;11;26;16;26;124;33;26;33;15
756.0;13;26;18;27;121;33;25;32;15
762.0;12;24;18;27;123;32;25;32;17
768.0;13;25;18;26;123;31;26;30;18
774.0;14;26;21;27;125;31;25;27;14
780.0;14;22;22;27;126;30;24;28;17
786.0;13;22;21;27;128;28;23;30;18
792.0;12;23;21;25;130;27;23;30;19
798.0;12;24;20;30;130;28;23;28;15
804.0;11;23;19;29;130;28;25;29;16
810.0;9;25;24;29;130;26;22;27;18
816.0;7;27;23;29;130;28;22;26;18
822.0;8;29;22;27;129;29;21;28;17
828.0;10;24;20;31;129;29;21;28;18
834.0;9;23;17;32;135;31;20;25;18
840.0;9;20;16;34;137;33;19;25;17
846.0;10;22;15;34;137;31;18;24;19
852.0;10;22;14;37;136;33;18;23;17
858.0;12;21;16;34;139;33;16;26;13
864.0;11;21;16;35;138;38;16;24;11
870.0;11;19;16;35;140;36;16;26;11
876.0;11;18;17;34;140;36;16;25;13
882.0;11;17;18;36;141;31;17;27;12
888.0;12;20;18;34;142;30;16;28;10
894.0;10;24;19;32;141;29;16;27;12
900.0;12;24;19;32;140;30;17;27;9
906.0;12;26;16;32;140;29;17;29;9
912.0;12;25;17;32;139;29;17;29;10
918.0;13;23;21;30;138;29;16;29;11
924.0;15;22;20;29;138;28;13;31;14
930.0;14;21;20;30;141;27;14;29;14
936.0;15;23;17;29;140;28;13;29;16
942.0;13;24;17;29;139;30;14;27;17
948.0;13;25;15;28;139;35;14;25;16
954.0;15;27;15;28;140;33;13;25;14
960.0;12;27;16;30;143;30;12;26;14
966.0;15;28;15;30;139;29;14;25;15
972.0;15;28;15;30;140;28;14;24;16
978.0;11;28;12;34;142;29;17;22;15
984.0;11;31;12;32;143;29;16;22;14
990.0;11;31;11;33;139;29;16;23;17
996.0;10;30;15;32;139;30;13;24;17
1002.0;9;29;15;33;141;27;14;23;19
1008.0;11;31;14;30;141;27;16;22;18
1014.0;10;31;15;29;141;28;18;21;17
1020.0;12;29;14;30;141;29;20;19;16
1026.0;14;31;14;26;140;28;22;18;17
1032.0;13;30;15;25;140;27;21;22;17
1038.0;14;27;17;26;139;26;20;25;16
1044.0;12;28;17;26;138;29;18;25;17
1050.0;12;29;17;25;136;26;20;29;16
1056.0;12;29;17;26;136;28;20;28;14
1062.0;11;28;18;27;134;29;21;27;15
1068.0;10;32;19;27;134;29;15;27;17
1074.0;10;32;20;27;135;30;14;26;16
1080.0;11;34;17;27;132;34;12;27;16
1086.0;12;33;17;26;131;35;13;27;16
1092.0;12;35;17;27;129;33;15;26;16
1098.0;11;35;19;27;129;35;12;26;16
1104.0;13;36;14;28;130;33;13;25;18
1110.0;12;36;16;30;131;31;15;22;17
1116.0;12;33;17;31;129;29;14;24;21
1122.0;13;34;18;29;128;28;16;25;19
1128.0;13;36;20;29;127;26;17;23;19
1134.0;13;35;20;26;127;28;17;26;18
1140.0;15;34;20;25;124;28;20;26;18
1146.0;16;34;18;23;126;26;23;28;16
1152.0;12;36;14;24;127;27;22;29;19
1158.0;12;35;13;25;127;28;22;29;19
1164.0;15;34;13;24;130;26;20;27;21
1170.0;15;31;14;23;130;25;22;30;20
1176.0;17;31;16;23;130;23;20;30;20
1182.0;17;31;17;25;129;22;19;30;20
1188.0;16;32;17;25;128;24;24;30;14
1194.0;15;34;17;26;124;25;25;29;15
1200.0;15;34;15;26;124;24;24;33;15
1206.0;12;35;12;27;128;24;22;32;18
1212.0;12;36;13;27;129;25;20;33;15
1218.0;10;33;16;29;128;24;19;35;16
1224.0;11;34;17;31;128;21;19;35;14
1230.0;10;33;17;31;129;22;19;36;13
1236.0;10;34;17;28;132;23;16;34;16
1242.0;12;31;18;28;131;23;17;33;17
1248.0;13;31;20;31;132;22;14;32;15
1254.0;16;29;17;28;134;22;15;33;16
1260.0;18;27;16;27;134;22;14;34;18
1266.0;18;26;17;27;134;22;13;33;20
1272.0;19;27;18;26;136;24;13;30;17
1278.0;21;27;20;26;136;24;11;29;16
1284.0;19;28;20;26;137;24;10;26;20
1290.0;17;30;21;27;138;23;8;26;20
1296.0;15;30;19;26;138;25;10;25;22
1302.0;15;28;17;26;137;27;12;25;23
1308.0;16;31;16;27;137;26;11;24;22
1314.0;16;30;16;25;136;25;15;24;23
1320.0;16;31;14;24;138;23;17;23;24
1326.0;19;30;14;25;141;24;14;21;22
1332.0;14;28;14;24;145;24;15;23;23
1338.0;11;28;12;26;144;28;13;24;24
1344.0;10;30;12;31;143;29;11;20;24
1350.0;10;29;11;31;145;29;12;20;23
1356.0;11;26;10;30;146;30;13;20;24
1362.0;12;27;9;30;149;31;12;19;21
1368.0;13;26;8;31;152;30;11;17;22
1374.0;12;25;10;31;155;31;9;17;20
1380.0;12;28;9;29;158;30;7;14;23
1386.0;13;25;10;27;157;33;10;16;19
1392.0;14;23;10;28;158;33;10;18;16
1398.0;11;22;11;29;159;29;11;20;18
1404.0;10;22;11;31;157;30;12;21;16
1410.0;9;21;13;31;158;29;12;21;16
1416.0;9;25;14;27;162;27;7;22;17
1422.0;10;26;12;28;163;26;7;21;17
1428.0;12;26;14;27;164;25;5;20;17
1434.0;12;24;14;26;163;28;5;20;18
1440.0;15;23;11;24;163;30;4;23;17
1446.0;14;24;12;23;163;30;6;22;16
1452.0;10;21;14;22;163;30;6;25;19
1458.0;10;18;14;23;163;32;6;27;17
1464.0;11;17;13;24;160;33;5;24;23
1470.0;9;17;15;24;160;34;6;22;23
1476.0;11;17;15;23;158;33;7;23;23
1482.0;12;20;14;23;156;32;8;22;23
1488.0;13;20;15;24;156;32;8;22;20
1494.0;13;20;15;28;156;31;7;21;19
1500.0;12;21;13;29;154;32;7;25;17
1506.0;12;19;14;30;153;33;7;25;17
1512.0;15;18;14;29;152;30;8;25;19
1518.0;14;17;14;30;154;31;7;25;18
1524.0;13;15;17;30;155;31;6;24;19
1530.0;12;16;16;29;158;32;7;23;17
1536.0;12;16;14;30;161;31;7;23;16
1542.0;12;15;14;31;161;30;5;24;18
1548.0;11;17;15;31;161;30;5;23;17
1554.0;11;17;14;30;160;29;3;25;21
1560.0;12;20;13;27;159;28;4;26;21
1566.0;14;18;13;28;160;28;3;27;19
1572.0;11;21;14;27;159;31;4;26;17
1578.0;9;21;13;27;159;31;6;26;18
1584.0;7;25;13;28;157;30;8;24;18
1590.0;7;28;12;27;156;32;7;24;17
1596.0;8;30;13;27;152;29;8;26;17
1602.0;10;29;9;28;153;29;9;26;17
1608.0;11;28;10;27;153;29;12;27;13
1614.0;13;28;11;26;151;27;12;29;13
1620.0;13;30;12;27;148;25;12;30;13
1626.0;15;30;12;28;148;26;10;28;13
1632.0;17;28;12;30;147;24;10;29;13
1638.0;17;27;11;30;145;26;9;29;16
1644.0;15;27;11;30;145;27;10;29;16
1650.0;16;27;13;30;144;25;10;30;15
1656.0;19;30;12;32;144;23;7;29;14
1662.0;20;30;10;31;144;21;11;29;14
1668.0;19;30;9;30;144;19;14;30;15
1674.0;17;33;9;30;144;20;14;28;15
1680.0;16;33;12;28;142;21;14;29;15
1686.0;16;31;14;27;144;21;13;28;16
1692.0;18;30;13;28;142;21;11;32;15
1698.0;17;29;14;28;143;20;11;33;15
1704.0;15;29;15;29;141;21;13;34;13
1710.0;16;29;14;28;138;22;14;36;13
1716.0;14;29;14;30;139;21;14;35;14
1722.0;15;30;13;28;142;20;15;31;16
1728.0;16;30;13;28;143;21;13;32;14
1734.0;13;29;11;29;144;22;13;31;18
1740.0;14;30;11;27;144;24;12;32;16
1746.0;16;31;10;27;141;26;10;32;17
1752.0;16;29;12;26;141;25;10;34;17
1758.0;16;33;16;26;139;24;9;31;16
1764.0;18;34;14;26;139;22;9;31;17
1770.0;17;33;18;26;137;22;12;29;16
1776.0;15;33;18;26;137;22;13;29;17
1782.0;17;33;19;23;135;23;11;30;19
1788.0;15;34;17;21;135;26;13;31;18
1794.0;15;36;15;22;135;24;13;32;18
