#auto generated file!
12.0;29;31;34;33;27;36;38;29;33
18.0;29;34;32;35;28;36;35;29;32
24.0;27;37;32;38;30;35;34;30;27
30.0;27;39;30;41;33;34;28;32;26
36.0;25;41;28;39;34;34;29;34;26
42.0;26;43;25;38;38;31;31;32;26
48.0;22;43;27;41;39;33;29;33;23
54.0;22;45;25;44;39;35;23;33;24
60.0;21;42;25;45;43;37;19;31;27
66.0;20;43;23;45;45;38;18;30;28
72.0;20;46;22;41;48;41;19;29;24
78.0;19;46;25;36;50;40;18;31;25
84.0;18;46;25;38;54;35;17;33;24
90.0;17;45;23;38;55;35;19;38;20
96.0;21;41;22;38;56;33;18;40;21
102.0;20;40;24;37;57;33;17;39;23
108.0;16;41;24;38;57;35;18;40;21
114.0;18;38;25;37;58;38;20;38;18
120.0;19;36;23;42;61;35;20;37;17
126.0;20;40;24;39;62;35;19;37;14
132.0;23;42;24;36;63;37;16;37;12
138.0;22;45;24;34;65;34;18;37;11
144.0;23;43;23;35;63;36;17;37;13
150.0;21;41;22;34;64;37;18;35;18
156.0;23;40;22;33;64;38;16;37;17
162.0;23;36;20;33;64;40;16;37;21
168.0;21;33;17;33;67;40;17;37;25
174.0;17;36;21;33;69;41;18;35;20
180.0;16;37;21;34;71;42;18;33;18
186.0;17;36;22;34;72;45;18;32;14
192.0;16;31;21;38;74;45;21;30;14
198.0;15;30;19;38;79;46;18;31;14
204.0;19;30;18;34;83;44;19;28;15
210.0;20;30;20;33;82;42;20;28;15
216.0;19;28;19;33;88;37;22;29;15
222.0;20;26;20;32;90;38;22;29;13
228.0;18;27;21;34;91;36;22;29;12
234.0;20;25;20;32;93;34;26;31;9
240.0;20;24;20;31;91;35;24;35;10
246.0;21;26;21;31;88;34;24;34;11
252.0;20;28;19;32;90;32;24;35;10
258.0;18;29;17;30;91;36;22;36;11
264.0;19;31;16;28;91;34;20;35;16
270.0;18;31;16;30;91;31;24;31;18
276.0;17;32;16;29;95;32;21;32;16
282.0;18;30;16;31;96;32;20;32;15
288.0;20;29;16;36;96;31;15;29;18
294.0;17;28;17;37;96;31;15;30;19
300.0;16;31;13;35;94;33;18;34;16
306.0;16;31;11;37;94;33;18;33;17
312.0;13;30;11;36;95;32;18;37;18
318.0;14;32;11;33;94;34;17;38;17
324.0;14;34;12;30;95;34;15;39;17
330.0;15;31;14;29;95;33;16;36;21
336.0;15;27;12;34;95;33;13;37;24
342.0;11;29;12;34;97;37;12;36;22
348.0;12;29;13;29;97;36;14;36;24
354.0;14;29;10;29;97;36;16;34;25
360.0;15;31;10;27;99;34;16;32;26
366.0;18;30;11;26;100;35;17;30;23
372.0;18;28;12;25;101;35;16;29;26
378.0;17;28;10;25;102;39;16;27;26
384.0;18;30;12;27;102;36;17;26;22
390.0;20;29;12;25;105;36;18;25;20
396.0;20;29;11;26;107;36;17;24;20
402.0;22;27;14;25;107;36;17;20;22
408.0;24;28;12;24;107;38;17;21;19
414.0;24;28;12;23;109;39;16;21;18
420.0;22;31;13;24;107;39;17;20;17
426.0;20;32;14;23;109;36;19;22;15
432.0;17;33;16;24;108;39;16;24;13
438.0;15;32;18;27;106;38;14;25;15
444.0;14;31;18;29;104;39;14;27;14
450.0;13;30;19;27;105;38;15;28;15
456.0;14;32;16;30;108;39;11;25;15
462.0;13;31;14;29;107;39;16;25;16
468.0;11;29;16;30;107;40;15;25;17
474.0;10;29;19;29;107;36;17;24;19
480.0;11;29;17;30;112;35;17;23;16
486.0;11;28;18;31;113;37;16;23;13
492.0;10;27;19;30;115;35;18;24;12
498.0;9;25;21;30;118;36;17;22;12
504.0;10;24;20;30;116;39;18;21;12
510.0;10;24;17;34;117;37;18;20;13
516.0;10;24;16;33;115;36;20;21;15
522.0;11;26;18;34;113;35;17;21;15
528.0;12;27;14;35;114;37;16;22;13
534.0;12;27;14;34;116;36;16;22;13
540.0;14;29;11;35;115;35;15;25;11
546.0;13;30;12;33;114;38;16;21;13
552.0;14;27;14;33;115;40;17;19;11
558.0;13;26;13;38;116;40;15;18;11
564.0;12;25;12;38;117;42;15;20;9
570.0;12;25;10;40;118;39;16;20;10
576.0;12;24;13;39;121;39;12;19;11
582.0;12;28;13;39;117;38;12;22;9
588.0;11;28;11;41;118;36;12;23;10
594.0;9;26;15;40;120;37;12;23;8
600.0;8;24;16;40;117;36;14;25;10
606.0;8;26;17;40;116;36;11;25;11
612.0;7;26;17;42;115;35;12;27;9
618.0;7;27;16;42;113;35;12;28;10
624.0;7;27;19;42;113;31;12;26;13
630.0;6;26;20;43;111;31;13;26;14
636.0;7;27;16;41;114;31;12;28;14
642.0;9;27;19;40;113;33;11;25;13
648.0;11;29;19;41;112;29;10;26;13
654.0;11;27;16;42;113;28;13;27;13
660.0;12;28;15;41;113;29;13;28;11
666.0;11;30;15;41;111;30;15;27;10
672.0;12;31;11;38;112;32;15;27;12
678.0;13;29;13;39;111;32;14;29;10
684.0;14;29;13;41;113;30;12;31;7
690.0;15;28;13;36;112;32;13;31;10
696.0;15;28;12;35;114;32;11;29;14
702.0;15;27;13;34;116;30;11;31;13
708.0;18;29;12;33;117;27;11;30;13
714.0;18;29;13;35;116;30;11;26;12
720.0;17;31;13;35;115;31;11;25;12
726.0;17;30;15;33;116;31;11;25;12
732.0;18;31;14;32;119;28;11;26;11
738.0;16;30;14;32;115;30;13;28;12
744.0;14;30;12;31;118;27;13;31;14
750.0;16;29;12;31;119;26;11;32;14
756.0;14;28;13;31;119;27;10;34;14
762.0;16;27;16;29;118;30;9;34;11
768.0;15;26;19;27;118;30;9;35;11
774.0;14;27;18;25;120;29;11;33;13
780.0;18;28;20;24;121;27;9;32;11
786.0;17;28;21;24;123;26;10;30;11
792.0;13;31;22;24;122;26;12;29;11
798.0;17;31;22;22;121;24;14;29;10
804.0;17;32;25;21;120;22;13;29;11
810.0;16;28;23;21;121;24;16;30;11
816.0;14;27;24;20;118;25;18;32;12
822.0;12;27;24;20;121;25;14;32;15
828.0;9;28;23;20;119;26;16;33;16
834.0;9;29;22;20;123;24;13;31;19
840.0;9;30;20;21;125;23;15;29;18
846.0;8;26;22;22;124;22;15;32;19
852.0;8;27;21;22;123;25;16;29;19
858.0;7;29;17;22;123;27;17;29;19
864.0;8;29;17;23;123;24;18;29;19
870.0;8;31;16;19;126;26;18;28;18
876.0;9;33;15;19;127;26;18;27;16
882.0;8;35;16;20;126;26;17;27;15
888.0;11;33;14;20;127;26;16;27;16
894.0;9;33;14;21;127;27;15;28;16
900.0;9;34;13;20;125;29;15;30;15
906.0;11;32;13;23;126;28;12;30;15
912.0;12;29;12;24;125;28;12;31;17
918.0;11;28;11;26;126;29;13;32;14
924.0;13;26;14;27;127;27;11;30;15
930.0;17;21;14;29;128;26;13;28;14
936.0;15;19;14;30;127;25;15;28;17
942.0;17;18;14;31;127;25;12;29;17
948.0;16;20;13;28;127;28;12;29;17
954.0;16;19;12;29;129;30;13;28;14
960.0;17;16;11;29;131;31;12;29;14
966.0;19;15;12;29;128;31;12;28;16
972.0;19;16;12;30;129;30;12;26;16
978.0;15;16;11;31;130;31;12;29;15
984.0;14;13;11;32;130;30;15;31;14
990.0;13;17;12;31;129;29;14;34;11
996.0;12;17;12;31;130;27;16;33;12
1002.0;13;19;10;31;130;26;16;34;11
1008.0;13;19;13;31;130;23;14;37;10
1014.0;13;17;13;31;130;23;12;41;10
1020.0;13;18;13;29;131;23;16;36;11
1026.0;14;19;13;29;131;22;15;34;13
1032.0;13;21;13;30;128;22;16;34;13
1038.0;14;21;12;28;129;23;19;32;12
1044.0;15;19;12;30;126;25;18;33;12
1050.0;13;21;12;28;129;26;17;31;13
1056.0;13;21;12;28;130;26;17;30;13
1062.0;11;21;10;29;133;26;17;29;14
1068.0;13;22;9;27;135;27;14;28;15
1074.0;12;25;7;30;136;26;11;27;16
1080.0;14;25;7;31;134;24;12;25;18
1086.0;16;26;7;29;134;25;11;25;17
1092.0;16;24;7;30;135;25;11;26;16
1098.0;18;23;8;29;134;24;10;27;17
1104.0;16;24;7;28;133;25;11;29;17
1110.0;16;27;7;28;131;26;11;29;15
1116.0;16;28;6;29;129;29;9;30;14
1122.0;15;27;6;28;129;29;12;30;14
1128.0;13;28;8;30;126;30;11;29;15
1134.0;14;26;7;31;126;33;12;27;14
1140.0;14;26;8;30;126;33;10;28;15
1146.0;14;26;8;31;127;32;9;28;15
1152.0;10;25;7;26;126;35;10;29;22
1158.0;11;29;8;28;125;33;9;29;18
1164.0;10;27;8;29;125;34;8;30;19
1170.0;10;26;8;28;130;33;8;28;19
1176.0;10;28;8;24;131;33;9;29;18
1182.0;10;30;11;25;132;31;9;27;15
1188.0;11;30;11;22;132;32;10;27;15
1194.0;10;30;11;24;131;30;12;26;16
1200.0;11;29;12;23;131;31;12;25;16
1206.0;11;27;13;22;133;34;11;25;14
1212.0;11;29;14;22;133;33;11;24;13
1218.0;11;30;14;22;132;33;11;23;14
1224.0;13;29;13;19;135;32;14;22;13
1230.0;12;30;12;19;135;33;14;23;12
1236.0;11;31;11;18;135;32;13;23;16
1242.0;12;29;10;19;138;32;13;23;14
1248.0;13;27;15;18;137;31;12;23;14
1254.0;14;29;16;20;133;28;13;23;14
1260.0;11;29;16;22;136;26;14;23;13
1266.0;9;31;14;24;138;23;14;23;14
1272.0;10;32;13;22;139;23;13;24;14
1278.0;11;30;13;23;139;23;14;24;13
1284.0;12;31;14;24;140;23;12;20;14
1290.0;13;31;14;24;139;21;12;23;13
1296.0;14;31;13;24;138;21;12;23;14
1302.0;16;28;13;23;139;19;9;26;17
1308.0;18;29;12;23;140;19;9;26;14
1314.0;19;29;12;22;139;22;10;24;13
1320.0;20;29;13;20;139;23;11;23;12
1326.0;21;28;13;20;138;22;13;23;12
1332.0;19;28;14;19;137;22;13;24;14
1338.0;17;28;16;20;136;23;14;25;11
1344.0;15;28;16;21;134;23;14;26;13
1350.0;15;28;15;22;134;22;15;27;12
1356.0;15;30;14;22;134;21;14;26;14
1362.0;15;28;13;21;135;21;18;24;15
1368.0;15;28;13;21;135;22;16;25;15
1374.0;12;30;14;21;134;23;16;26;14
1380.0;13;30;15;21;131;23;17;27;13
1386.0;11;29;16;21;131;25;18;26;13
1392.0;10;28;17;22;131;24;17;26;15
1398.0;10;29;16;19;134;22;18;26;16
1404.0;10;30;14;20;134;22;18;25;17
1410.0;10;29;16;21;133;24;17;22;18
1416.0;12;29;17;20;132;27;15;22;16
1422.0;12;29;18;20;133;27;15;20;16
1428.0;12;28;17;22;133;26;15;21;16
1434.0;14;27;15;22;132;28;15;21;16
1440.0;14;27;14;24;131;27;16;23;14
1446.0;12;28;15;23;131;26;17;21;17
1452.0;12;28;15;20;130;31;17;19;18
1458.0;12;29;11;22;130;32;15;20;19
1464.0;13;28;9;24;131;32;12;22;19
1470.0;13;26;10;24;135;30;13;21;18
1476.0;13;27;11;25;135;27;13;21;18
1482.0;14;26;11;22;135;25;15;22;20
1488.0;13;28;13;22;135;26;13;23;17
1494.0;12;27;13;26;136;27;11;24;14
1500.0;10;26;18;28;137;26;8;25;12
1506.0;9;27;15;29;135;28;9;24;14
1512.0;11;28;14;25;135;30;9;24;14
1518.0;11;27;14;27;137;28;9;24;13
1524.0;10;29;13;27;135;27;9;27;13
1530.0;12;30;16;28;132;26;7;26;13
1536.0;16;30;14;27;131;25;6;27;14
1542.0;16;30;13;26;130;25;7;29;14
1548.0;15;31;13;28;128;25;7;29;14
1554.0;16;32;12;27;127;25;8;28;15
1560.0;16;32;14;27;128;25;9;26;13
1566.0;16;31;15;27;130;27;6;25;13
1572.0;14;33;17;27;131;28;5;24;11
1578.0;15;34;17;27;130;27;6;24;10
1584.0;17;37;17;25;129;26;6;25;8
1590.0;18;36;14;25;130;26;7;26;8
1596.0;19;36;15;24;130;25;7;25;9
1602.0;22;35;11;23;130;26;6;27;10
1608.0;19;37;13;22;129;27;8;25;10
1614.0;15;37;16;23;129;27;7;25;11
1620.0;17;36;17;23;130;24;9;24;10
1626.0;16;37;15;24;130;26;9;23;10
1632.0;14;40;13;27;130;23;11;23;9
1638.0;13;37;14;26;129;23;11;26;11
1644.0;13;36;14;26;129;23;12;27;10
1650.0;13;36;14;27;131;23;13;24;9
1656.0;14;36;13;28;130;23;9;25;12
1662.0;15;36;12;25;127;25;9;25;16
1668.0;15;36;12;27;127;24;9;26;14
1674.0;17;30;14;28;127;23;9;26;16
1680.0;18;28;16;28;127;21;8;30;14
1686.0;17;30;16;29;126;21;12;27;12
1692.0;16;29;13;32;126;20;12;28;14
1698.0;18;29;10;33;128;20;12;28;12
1704.0;18;30;10;31;130;20;11;27;13
1710.0;17;30;9;31;130;23;10;27;13
1716.0;19;29;9;32;129;25;11;25;11
1722.0;19;28;10;33;131;24;9;26;10
1728.0;21;32;10;27;129;23;10;27;11
1734.0;20;33;12;23;129;25;9;28;11
1740.0;20;33;12;23;129;24;8;28;13
1746.0;21;33;12;22;129;24;10;27;12
1752.0;21;33;12;19;131;25;8;27;14
1758.0;21;32;12;19;131;25;8;27;15
1764.0;17;31;13;20;130;25;11;27;16
1770.0;19;30;11;20;131;24;12;28;15
1776.0;22;29;11;21;129;24;13;27;14
1782.0;24;27;9;19;131;24;11;28;17
1788.0;23;25;9;21;131;26;10;26;19
1794.0;20;23;11;23;132;26;11;27;17
