#auto generated file!
12.0;39;39;42;35;43;33;37;34;48
18.0;36;41;40;36;49;34;34;35;45
24.0;34;40;39;34;51;37;34;34;47
30.0;33;37;34;36;52;40;35;37;46
36.0;33;38;30;41;52;38;34;36;48
42.0;29;40;32;42;54;39;33;38;43
48.0;24;39;28;45;56;40;33;42;43
54.0;25;39;27;44;57;42;34;45;37
60.0;26;42;29;43;59;41;31;45;34
66.0;26;43;29;42;60;44;32;48;26
72.0;25;46;28;39;65;45;29;45;28
78.0;26;46;26;39;67;41;30;47;28
84.0;25;43;27;38;68;41;27;49;32
90.0;25;41;29;37;69;41;27;51;30
96.0;20;43;32;40;72;39;26;49;29
102.0;19;39;33;40;74;39;28;48;30
108.0;22;38;33;38;77;41;25;52;24
114.0;24;38;32;38;80;42;21;51;24
120.0;25;37;31;39;79;41;22;48;28
126.0;24;34;28;40;82;41;23;47;31
132.0;22;34;25;41;85;45;26;39;33
138.0;21;36;25;47;84;44;24;41;28
144.0;21;35;22;48;87;44;25;43;25
150.0;18;39;22;48;89;45;24;41;24
156.0;18;38;19;52;91;45;23;40;24
162.0;18;35;20;52;91;47;23;40;24
168.0;21;34;21;52;93;44;26;38;21
174.0;21;33;20;52;96;45;24;38;21
180.0;19;37;21;47;96;45;25;40;20
186.0;19;37;17;48;97;45;27;42;18
192.0;20;38;18;46;95;46;26;42;19
198.0;21;37;16;45;97;47;24;44;19
204.0;21;37;16;46;94;45;23;47;21
210.0;19;44;17;49;92;50;19;40;20
216.0;21;45;18;50;92;49;16;40;19
222.0;20;46;17;51;94;50;13;41;18
228.0;18;47;16;51;99;51;12;36;20
234.0;18;48;16;49;99;51;12;38;19
240.0;17;48;19;46;100;51;14;38;17
246.0;16;48;21;45;100;51;14;38;17
252.0;16;49;20;42;107;49;11;38;18
258.0;13;48;21;41;111;51;10;35;20
264.0;13;46;20;40;116;51;9;33;22
270.0;12;44;20;40;117;50;9;35;23
276.0;14;45;19;41;117;48;5;37;24
282.0;16;47;19;41;116;47;5;36;23
288.0;16;46;18;40;116;47;6;36;25
294.0;18;44;19;39;116;51;5;35;23
300.0;20;43;21;36;116;50;6;33;25
306.0;18;41;21;36;113;51;9;35;26
312.0;18;40;18;35;114;51;12;39;23
318.0;18;41;18;33;115;50;15;38;22
324.0;18;39;16;34;114;49;14;39;27
330.0;18;40;14;35;114;48;14;41;26
336.0;18;39;15;33;114;47;18;41;25
342.0;17;40;14;34;116;45;21;39;24
348.0;19;40;15;34;117;45;18;39;23
354.0;18;37;16;34;120;46;17;40;22
360.0;18;36;16;33;119;43;17;43;25
366.0;19;35;16;36;118;43;13;44;26
372.0;19;34;16;38;119;41;14;44;25
378.0;19;35;17;40;121;42;10;41;25
384.0;21;38;15;40;121;40;10;38;27
390.0;20;35;14;42;123;41;11;40;24
396.0;25;38;16;40;123;37;8;41;22
402.0;27;38;16;37;122;38;10;41;21
408.0;26;38;18;37;125;34;11;39;22
414.0;27;35;15;37;127;34;15;37;23
420.0;26;34;17;36;128;33;16;40;20
426.0;28;34;18;36;126;32;18;41;17
432.0;26;36;18;34;122;30;17;43;24
438.0;24;39;21;33;119;30;16;44;24
444.0;23;38;22;37;119;30;16;41;24
450.0;21;38;22;41;122;33;14;37;22
456.0;20;39;19;38;125;37;12;37;23
462.0;18;41;17;37;123;40;15;37;22
468.0;17;41;16;37;122;41;16;39;21
474.0;16;42;18;35;124;39;16;37;23
480.0;18;42;18;37;124;36;15;38;22
486.0;17;43;18;34;123;39;18;37;21
492.0;18;42;17;32;121;43;17;36;24
498.0;16;42;18;34;123;43;17;34;23
504.0;15;43;19;35;122;42;17;33;24
510.0;16;41;22;36;123;39;16;33;24
516.0;16;39;21;35;126;38;17;36;22
522.0;15;42;16;31;126;41;19;38;22
528.0;14;45;15;29;128;38;21;37;23
534.0;16;45;13;30;130;37;21;36;22
540.0;18;44;14;33;130;36;20;35;20
546.0;19;42;13;34;132;34;20;38;18
552.0;20;42;12;34;130;36;20;38;18
558.0;19;42;13;35;130;37;20;37;17
564.0;18;48;11;35;132;39;19;32;16
570.0;17;45;14;37;134;36;19;33;15
576.0;17;45;15;36;135;36;19;32;15
582.0;16;48;14;37;133;37;18;30;17
588.0;17;50;14;35;133;37;17;29;18
594.0;18;50;14;35;132;36;19;27;19
600.0;16;49;14;37;135;34;18;29;18
606.0;15;48;15;39;134;33;16;30;20
612.0;14;50;13;39;136;34;16;29;19
618.0;16;51;13;36;137;33;18;30;16
624.0;16;46;15;36;137;32;19;34;15
630.0;14;45;17;37;139;33;16;35;14
636.0;16;43;17;35;138;34;14;37;16
642.0;17;41;17;35;138;33;18;35;16
648.0;17;39;17;36;140;31;15;36;19
654.0;19;40;18;33;142;28;12;37;21
660.0;21;39;20;33;140;25;14;38;20
666.0;22;38;19;33;139;25;16;39;19
672.0;22;38;16;34;138;26;16;41;19
678.0;19;38;17;36;136;28;17;40;19
684.0;18;40;17;37;136;28;14;39;21
690.0;19;41;16;37;136;28;11;40;22
696.0;20;41;16;35;138;29;12;39;20
702.0;20;39;17;37;135;30;15;39;18
708.0;21;40;13;33;137;30;14;39;23
714.0;21;42;14;32;135;32;16;40;18
720.0;22;40;14;32;136;34;16;38;18
726.0;21;37;17;33;136;36;17;36;17
732.0;21;39;17;34;136;36;17;34;16
738.0;19;39;18;36;138;36;16;34;14
744.0;19;38;17;36;139;35;14;36;16
750.0;21;35;16;35;140;35;15;36;17
756.0;22;38;19;36;140;34;14;36;11
762.0;20;39;19;35;141;30;13;39;14
768.0;18;38;18;33;141;31;17;42;12
774.0;17;39;19;34;140;30;18;40;13
780.0;19;38;15;35;141;29;21;38;14
786.0;18;38;16;37;142;29;22;36;12
792.0;17;37;18;38;141;29;24;37;9
798.0;17;38;21;38;137;25;23;38;13
804.0;17;36;20;35;139;24;22;42;15
810.0;19;34;20;35;141;22;24;41;14
816.0;20;34;21;34;143;22;23;40;13
822.0;17;33;17;35;142;26;21;42;17
828.0;18;32;19;34;143;27;21;40;16
834.0;20;31;17;34;142;29;21;42;14
840.0;22;31;19;32;143;31;19;38;15
846.0;20;30;19;30;143;33;18;40;17
852.0;18;28;20;30;143;34;16;42;19
858.0;19;26;18;32;146;34;16;41;18
864.0;18;31;16;32;145;33;17;40;18
870.0;18;29;16;33;144;34;17;41;18
876.0;17;30;17;31;144;34;18;41;18
882.0;16;31;16;31;145;31;17;42;21
888.0;13;32;18;29;144;31;21;41;21
894.0;14;30;17;25;146;31;22;44;21
900.0;15;28;15;25;147;33;20;43;24
906.0;16;28;15;23;149;31;22;42;24
912.0;17;30;16;22;153;29;20;41;22
918.0;21;32;15;24;154;28;18;36;22
924.0;26;31;16;26;152;26;18;32;23
930.0;24;31;17;25;152;26;20;33;22
936.0;20;30;15;26;155;27;19;31;27
942.0;21;31;14;25;153;30;18;32;26
948.0;18;30;13;24;155;32;20;31;27
954.0;16;31;13;25;157;30;19;31;28
960.0;16;33;12;26;156;32;21;29;25
966.0;15;32;14;27;157;32;22;29;22
972.0;15;35;13;28;157;35;17;29;21
978.0;14;40;12;28;158;34;18;25;21
984.0;16;39;13;29;158;36;14;25;20
990.0;15;41;11;29;158;36;16;26;18
996.0;15;41;16;28;157;37;17;28;11
1002.0;16;39;17;29;156;36;16;29;12
1008.0;15;36;17;30;160;38;16;28;10
1014.0;15;33;18;31;159;38;15;30;11
1020.0;12;35;18;34;161;36;14;30;10
1026.0;12;33;19;34;162;34;15;31;10
1032.0;12;34;16;33;165;33;16;31;10
1038.0;16;30;18;30;166;34;17;29;10
1044.0;17;30;15;29;166;33;17;30;13
1050.0;18;31;15;28;166;36;15;30;11
1056.0;14;32;15;28;170;37;14;31;9
1062.0;15;32;15;29;170;35;13;31;10
1068.0;15;30;17;29;172;34;14;30;9
1074.0;14;29;15;30;172;35;17;27;11
1080.0;14;31;15;30;173;32;19;24;12
1086.0;15;31;14;29;172;33;18;28;10
1092.0;14;32;13;28;173;34;18;28;10
1098.0;15;32;16;30;171;35;17;27;7
1104.0;14;31;13;32;169;37;15;28;11
1110.0;14;28;13;34;172;36;15;29;9
1116.0;17;27;13;33;172;38;14;27;9
1122.0;16;26;15;31;170;44;15;27;6
1128.0;16;26;16;29;171;43;14;27;8
1134.0;12;25;18;30;172;44;13;28;8
1140.0;11;25;19;28;172;42;16;29;8
1146.0;11;24;18;26;175;41;16;30;9
1152.0;16;24;16;26;173;39;18;29;9
1158.0;17;25;14;26;172;38;19;29;10
1164.0;19;24;16;25;172;38;20;26;10
1170.0;19;24;15;25;171;35;18;25;18
1176.0;17;20;14;27;171;37;18;27;19
1182.0;16;20;13;29;171;37;15;32;17
1188.0;19;21;12;29;172;35;13;31;18
1194.0;18;20;16;29;170;35;12;30;20
1200.0;16;20;19;27;171;34;12;32;19
1206.0;16;19;21;27;169;34;14;33;17
1212.0;16;19;20;28;169;34;14;35;15
1218.0;18;19;19;30;172;33;9;34;16
1224.0;14;20;20;32;173;35;9;33;14
1230.0;15;20;17;31;175;36;10;34;12
1236.0;15;19;16;32;175;39;10;32;12
1242.0;15;19;14;32;176;39;12;30;13
1248.0;14;18;12;35;175;38;16;29;13
1254.0;14;16;12;36;176;39;14;30;13
1260.0;12;16;15;37;172;38;15;31;14
1266.0;12;15;19;36;173;38;14;30;13
1272.0;14;14;20;34;173;39;13;31;12
1278.0;14;14;17;34;174;38;14;33;12
1284.0;15;15;17;32;172;39;14;34;12
1290.0;10;16;17;33;171;40;14;35;14
1296.0;10;15;18;31;170;39;15;35;17
1302.0;10;17;18;30;169;39;15;33;19
1308.0;12;16;18;31;167;35;17;35;19
1314.0;11;17;19;31;164;35;18;35;20
1320.0;10;18;20;31;165;34;17;35;20
1326.0;9;21;18;30;166;34;18;34;20
1332.0;12;23;18;28;166;34;17;32;20
1338.0;13;24;18;28;164;31;18;33;21
1344.0;14;20;17;28;166;31;17;34;23
1350.0;17;18;20;28;167;30;17;34;19
1356.0;18;20;15;28;167;32;18;34;18
1362.0;19;19;15;26;165;33;20;32;21
1368.0;19;21;16;26;166;32;21;32;17
1374.0;19;20;17;27;166;34;18;32;17
1380.0;17;22;17;26;169;32;18;31;18
1386.0;16;25;16;23;170;32;17;32;19
1392.0;15;27;15;23;170;34;16;31;19
1398.0;19;26;14;22;170;32;17;31;19
1404.0;18;27;14;23;170;31;17;31;19
1410.0;17;28;16;21;171;33;14;29;21
1416.0;19;29;15;23;169;30;14;30;21
1422.0;19;27;18;25;169;32;12;28;20
1428.0;21;26;16;27;171;36;9;26;18
1434.0;20;27;15;27;168;38;10;27;18
1440.0;19;28;10;27;167;40;12;26;21
1446.0;18;27;11;25;166;40;13;27;23
1452.0;17;26;11;28;167;38;12;26;25
1458.0;15;28;10;31;165;34;13;27;27
1464.0;18;27;12;32;164;31;9;29;28
1470.0;15;28;14;33;166;28;10;29;27
1476.0;13;28;11;35;165;30;10;30;28
1482.0;15;28;10;33;166;30;10;30;28
1488.0;16;28;9;34;164;29;10;34;26
1494.0;18;29;8;35;162;31;8;34;25
1500.0;18;29;8;36;161;30;10;34;24
1506.0;17;31;8;37;161;30;8;34;24
1512.0;18;30;9;35;165;32;10;33;18
1518.0;18;28;8;33;167;35;11;33;17
1524.0;18;26;8;33;168;34;12;36;15
1530.0;19;25;8;34;168;34;13;36;13
1536.0;17;24;7;33;168;34;15;35;17
1542.0;14;22;7;32;168;38;14;37;18
1548.0;11;22;7;36;165;37;15;38;19
1554.0;12;23;7;38;162;33;16;38;21
1560.0;12;22;8;37;161;33;17;38;22
1566.0;16;21;10;35;162;32;16;39;19
1572.0;17;20;12;33;160;32;18;39;19
1578.0;16;20;12;38;160;31;18;37;18
1584.0;16;21;13;38;162;32;17;33;18
1590.0;14;22;13;38;163;32;17;30;21
1596.0;16;20;15;37;160;34;19;31;18
1602.0;17;20;15;38;160;34;16;31;19
1608.0;17;18;15;40;159;36;19;28;18
1614.0;17;18;15;41;158;37;16;29;19
1620.0;18;20;17;43;157;35;12;30;18
1626.0;14;23;19;48;157;32;12;29;16
1632.0;15;22;22;45;157;33;12;26;18
1638.0;16;23;19;47;158;33;11;25;18
1644.0;15;24;20;45;157;34;11;27;17
1650.0;13;25;20;43;155;35;12;32;15
1656.0;12;25;21;44;157;34;12;30;15
1662.0;11;24;20;44;159;33;13;31;15
1668.0;10;22;20;42;160;34;12;34;16
1674.0;9;22;18;41;161;34;13;36;16
1680.0;10;22;21;37;162;30;13;41;14
1686.0;10;21;21;36;160;30;14;42;16
1692.0;11;23;20;33;160;30;15;42;16
1698.0;12;27;20;31;159;28;13;43;17
1704.0;12;26;21;30;159;30;13;42;17
1710.0;12;26;21;31;158;31;14;43;14
1716.0;15;25;17;34;158;31;14;44;12
1722.0;19;25;15;33;158;33;14;43;10
1728.0;19;24;17;33;157;36;12;41;11
1734.0;21;26;15;34;158;34;14;39;9
1740.0;22;25;15;34;160;34;13;39;8
1746.0;19;25;19;32;162;33;12;40;8
1752.0;19;24;20;32;163;31;12;40;9
1758.0;17;24;20;32;161;35;13;40;8
1764.0;18;23;21;31;162;32;11;42;10
1770.0;18;23;19;34;162;31;11;41;11
1776.0;23;20;21;33;161;32;10;39;11
1782.0;20;18;19;34;160;34;14;39;12
1788.0;21;18;20;37;159;35;13;35;12
1794.0;19;19;18;37;160;36;13;35;13
