#auto generated file!
12.0;50;36;42;36;45;44;54;47;46
18.0;53;37;38;41;48;45;51;47;40
24.0;46;40;37;43;53;46;52;47;36
30.0;45;37;37;47;53;50;49;46;36
36.0;44;37;40;46;55;52;45;45;36
42.0;44;38;38;49;61;53;38;45;34
48.0;42;37;36;52;62;54;38;46;33
54.0;41;37;33;54;67;53;38;49;28
60.0;38;36;30;52;71;52;41;52;28
66.0;36;36;32;54;72;52;41;50;27
72.0;38;32;30;56;72;56;38;48;30
78.0;38;29;28;57;76;55;37;50;30
84.0;37;30;31;58;82;53;30;48;31
90.0;39;32;30;52;85;50;31;48;33
96.0;35;30;30;49;89;48;32;52;35
102.0;33;33;29;51;89;47;31;52;35
108.0;31;36;27;51;90;44;36;48;37
114.0;34;37;31;50;92;44;32;47;33
120.0;34;40;30;48;92;48;25;49;34
126.0;35;41;33;43;96;46;26;47;33
132.0;35;45;33;42;97;47;22;49;30
138.0;33;46;31;41;99;45;26;49;30
144.0;28;50;30;41;102;45;27;48;29
150.0;26;51;32;43;100;48;27;46;27
156.0;24;54;31;45;102;46;25;45;28
162.0;27;54;31;44;104;46;24;42;28
168.0;27;55;27;43;107;47;23;41;30
174.0;25;56;27;46;109;46;25;36;30
180.0;26;57;28;44;111;46;23;37;28
186.0;27;57;23;43;114;47;23;38;28
192.0;27;54;23;46;115;50;21;36;28
198.0;28;58;22;46;113;52;19;36;26
204.0;28;56;21;46;113;50;20;35;31
210.0;31;53;20;48;111;50;20;35;32
216.0;33;50;22;49;112;47;20;36;31
222.0;35;50;20;49;112;48;18;35;33
228.0;32;50;20;51;114;49;18;37;29
234.0;31;49;20;51;115;54;17;34;29
240.0;30;49;17;51;119;53;18;36;27
246.0;30;46;19;53;118;52;18;36;28
252.0;26;46;21;56;119;48;19;35;30
258.0;27;44;19;58;120;48;17;36;31
264.0;28;46;15;63;124;45;15;35;29
270.0;27;42;16;63;124;47;17;35;29
276.0;27;43;15;61;126;47;17;35;29
282.0;23;41;16;59;130;50;18;35;28
288.0;25;42;17;58;128;50;16;36;28
294.0;23;43;19;57;129;48;18;36;27
300.0;21;41;18;55;130;53;16;39;27
306.0;25;41;22;54;130;49;17;38;24
312.0;21;42;22;55;130;50;20;36;24
318.0;21;44;26;56;133;49;19;33;19
324.0;19;45;26;51;134;51;21;34;19
330.0;21;46;25;49;135;54;17;35;18
336.0;21;42;27;47;137;53;20;38;15
342.0;21;43;27;49;138;52;18;40;12
348.0;22;42;25;50;140;49;19;35;18
354.0;20;40;22;50;141;52;19;37;19
360.0;20;40;18;52;140;55;18;39;18
366.0;21;38;18;55;142;53;19;35;19
372.0;21;37;15;55;143;54;20;35;20
378.0;23;35;16;54;142;51;19;39;21
384.0;25;34;16;55;145;48;16;41;20
390.0;25;36;14;55;147;46;16;41;20
396.0;23;37;13;51;148;48;17;42;21
402.0;21;39;11;50;149;47;21;40;22
408.0;21;39;12;51;148;44;20;41;24
414.0;25;38;17;51;147;43;18;38;23
420.0;24;40;19;50;147;44;18;37;21
426.0;24;38;17;49;149;43;20;37;23
432.0;24;40;15;48;147;45;19;38;24
438.0;21;38;18;48;147;46;20;38;24
444.0;20;38;19;48;148;47;18;42;20
450.0;19;40;22;48;146;46;18;41;20
456.0;19;40;21;46;151;47;22;36;18
462.0;20;40;22;46;152;47;21;33;19
468.0;21;38;23;46;152;43;20;35;22
474.0;21;38;23;42;152;43;19;38;24
480.0;22;42;23;37;152;43;19;39;23
486.0;24;43;19;38;154;43;19;37;23
492.0;20;42;20;38;157;41;22;38;22
498.0;19;42;20;42;156;40;20;42;19
504.0;19;42;20;41;157;41;18;43;19
510.0;19;39;18;42;161;43;16;44;18
516.0;19;39;17;42;162;44;14;45;18
522.0;17;40;18;42;161;45;14;44;19
528.0;15;42;21;43;159;42;14;45;19
534.0;17;42;21;44;159;40;12;45;20
540.0;17;41;18;43;161;40;13;47;20
546.0;15;41;18;45;162;38;13;48;20
552.0;17;42;17;45;159;33;16;50;21
558.0;15;42;16;44;159;34;17;53;20
564.0;16;40;17;43;158;36;16;53;21
570.0;18;40;17;44;158;37;15;49;22
576.0;18;41;16;45;159;37;12;51;21
582.0;18;40;16;45;162;38;14;47;20
588.0;21;40;18;43;161;37;16;42;22
594.0;22;39;18;40;162;37;20;41;21
600.0;20;41;18;39;161;36;22;43;20
606.0;18;39;21;37;161;35;23;43;23
612.0;22;37;20;36;159;36;20;47;23
618.0;22;38;19;35;162;34;20;49;21
624.0;20;41;21;34;166;37;17;46;18
630.0;18;41;23;32;163;38;16;48;21
636.0;19;40;22;33;165;34;17;47;23
642.0;18;42;22;36;166;29;17;49;21
648.0;21;40;19;36;166;30;17;51;20
654.0;18;40;21;36;166;32;18;49;20
660.0;19;39;22;36;169;32;16;49;18
666.0;21;40;20;36;169;31;18;48;17
672.0;20;40;21;35;170;34;18;48;14
678.0;20;35;24;38;169;36;18;45;15
684.0;16;36;27;37;171;37;15;46;15
690.0;16;35;24;38;170;42;15;47;13
696.0;16;37;23;38;169;43;15;46;13
702.0;15;42;22;36;170;45;12;44;14
708.0;15;43;17;35;172;47;14;43;14
714.0;18;45;16;34;169;45;15;43;15
720.0;19;41;18;35;171;44;15;42;15
726.0;18;43;18;33;173;39;17;43;16
732.0;17;43;18;35;174;40;15;42;16
738.0;15;42;20;33;175;41;17;41;16
744.0;16;46;22;34;175;38;18;40;11
750.0;15;47;17;35;176;33;21;42;14
756.0;11;50;15;31;177;34;24;43;15
762.0;11;48;16;30;180;35;24;42;14
768.0;12;44;14;32;179;37;26;38;18
774.0;11;42;16;30;179;36;27;40;19
780.0;10;41;15;31;181;34;27;41;20
786.0;10;42;14;32;181;36;27;37;21
792.0;13;43;15;36;180;33;25;36;19
798.0;16;40;18;36;178;30;27;38;17
804.0;15;37;18;36;182;31;25;39;17
810.0;16;36;16;34;186;33;25;36;18
816.0;16;37;20;32;186;31;26;37;15
822.0;17;40;17;32;186;29;26;38;15
828.0;16;42;17;34;185;29;24;38;15
834.0;17;42;18;35;183;31;22;38;14
840.0;19;42;20;35;182;29;23;35;15
846.0;20;42;19;37;181;30;20;36;15
852.0;18;42;17;35;180;32;20;38;18
858.0;17;43;14;35;180;37;20;37;17
864.0;17;42;15;35;178;37;23;35;18
870.0;16;40;13;35;178;35;23;38;22
876.0;16;38;16;35;179;33;23;42;18
882.0;16;36;17;31;178;34;26;42;20
888.0;16;40;16;32;178;33;28;38;19
894.0;17;41;15;35;174;32;28;37;21
900.0;20;42;13;33;172;33;28;38;21
906.0;21;41;15;30;175;35;28;36;19
912.0;21;42;17;33;173;34;28;36;16
918.0;18;43;19;33;171;38;24;36;18
924.0;17;43;17;32;173;38;25;36;19
930.0;20;44;17;30;171;39;23;37;19
936.0;19;44;18;33;173;37;22;35;19
942.0;17;47;21;31;176;35;21;33;19
948.0;16;47;18;31;177;37;21;34;19
954.0;15;49;18;31;174;35;21;35;22
960.0;15;46;18;33;174;33;21;37;23
966.0;13;46;20;32;173;33;21;39;23
972.0;12;45;23;36;176;33;17;36;22
978.0;12;49;22;35;175;34;17;35;21
984.0;11;48;23;36;174;35;18;32;23
990.0;16;47;23;35;171;33;20;30;25
996.0;16;48;22;33;173;31;26;26;25
1002.0;20;49;20;30;174;31;25;26;25
1008.0;20;47;18;31;175;30;25;26;28
1014.0;20;45;18;33;174;32;23;29;26
1020.0;19;42;18;33;173;33;25;28;29
1026.0;17;42;17;34;171;34;25;30;30
1032.0;19;38;18;34;173;35;26;27;30
1038.0;18;40;20;35;168;35;27;26;31
1044.0;19;41;19;36;171;33;25;27;29
1050.0;20;41;20;39;171;32;23;30;24
1056.0;16;44;23;40;168;35;23;31;20
1062.0;18;41;23;41;166;34;23;29;25
1068.0;19;39;20;44;167;36;22;32;21
1074.0;20;37;20;43;168;34;23;35;20
1080.0;15;37;20;47;169;36;23;33;20
1086.0;16;36;22;46;172;35;22;31;20
1092.0;18;36;21;44;172;35;21;32;21
1098.0;19;36;22;42;170;42;16;34;19
1104.0;18;35;25;42;171;41;15;35;18
1110.0;14;30;27;43;171;43;18;36;18
1116.0;16;33;25;42;173;40;18;36;17
1122.0;17;30;26;43;174;39;19;35;17
1128.0;16;29;27;42;175;40;19;35;17
1134.0;13;27;25;43;177;40;19;37;19
1140.0;14;28;23;44;176;40;20;37;18
1146.0;14;28;25;41;179;37;21;36;19
1152.0;12;30;25;39;183;37;20;36;18
1158.0;13;30;22;38;181;39;21;37;19
1164.0;12;32;22;41;179;41;23;34;16
1170.0;13;33;20;45;178;42;21;34;14
1176.0;11;31;18;43;180;44;20;34;19
1182.0;12;33;16;43;179;45;19;35;18
1188.0;10;34;18;40;180;45;19;36;18
1194.0;12;34;19;36;180;44;21;35;19
1200.0;11;34;19;39;178;44;21;37;17
1206.0;9;35;16;40;179;44;21;38;18
1212.0;10;36;15;40;179;45;20;37;18
1218.0;14;36;13;44;179;45;19;35;15
1224.0;16;37;13;44;177;45;20;35;13
1230.0;14;36;14;40;179;45;19;37;16
1236.0;17;37;18;36;180;45;18;36;13
1242.0;18;37;17;38;179;46;19;34;12
1248.0;15;41;18;36;180;45;17;36;12
1254.0;16;40;18;36;180;42;18;38;12
1260.0;14;40;19;36;180;43;20;37;11
1266.0;18;38;18;37;180;42;18;37;12
1272.0;19;40;17;36;180;37;22;37;12
1278.0;19;42;17;35;179;37;22;38;11
1284.0;18;40;16;35;179;35;25;40;12
1290.0;18;40;17;33;177;33;24;43;15
1296.0;19;43;19;32;174;31;24;41;17
1302.0;18;41;19;36;175;29;22;41;19
1308.0;22;37;16;34;176;29;26;40;20
1314.0;19;39;13;37;181;27;27;38;19
1320.0;22;36;14;37;181;27;27;36;20
1326.0;25;34;16;39;179;27;25;36;19
1332.0;23;34;15;38;182;29;25;34;20
1338.0;22;34;17;43;184;28;24;36;12
1344.0;22;35;17;43;183;25;23;39;13
1350.0;22;39;16;41;187;23;20;39;13
1356.0;22;38;14;41;188;23;22;39;13
1362.0;22;38;14;41;188;26;22;37;12
1368.0;20;36;11;40;190;33;21;37;12
1374.0;20;36;12;42;188;32;22;36;12
1380.0;20;36;11;44;189;31;19;35;15
1386.0;21;34;10;44;189;31;19;36;16
1392.0;24;33;8;44;192;29;18;36;16
1398.0;22;30;11;44;192;27;20;36;18
1404.0;21;32;10;44;190;29;22;32;20
1410.0;20;32;13;45;187;30;22;32;19
1416.0;18;32;12;42;190;30;22;35;19
1422.0;19;34;11;42;193;29;20;35;17
1428.0;19;33;11;42;193;30;21;33;18
1434.0;21;33;13;42;191;27;22;34;17
1440.0;23;29;12;41;193;27;23;35;17
1446.0;26;26;12;43;192;28;23;33;17
1452.0;28;29;11;42;189;26;23;35;17
1458.0;28;30;10;40;190;26;22;38;16
1464.0;26;28;12;42;189;27;23;34;19
1470.0;25;33;10;41;187;28;22;35;19
1476.0;22;32;9;45;187;28;21;38;18
1482.0;21;32;10;45;187;30;22;37;16
1488.0;19;35;10;46;185;32;19;38;16
1494.0;20;37;11;44;183;30;15;42;18
1500.0;21;39;13;46;179;32;12;42;16
1506.0;20;37;13;47;179;33;13;43;15
1512.0;18;36;12;45;181;33;16;45;14
1518.0;17;37;13;48;184;35;13;41;12
1524.0;14;36;15;48;185;36;11;42;13
1530.0;19;40;16;46;182;37;9;38;13
1536.0;15;42;15;49;181;37;10;38;13
1542.0;16;42;15;47;182;38;9;39;12
1548.0;16;42;15;46;183;38;10;38;12
1554.0;18;40;16;46;182;39;10;37;12
1560.0;18;38;16;45;186;38;10;37;12
1566.0;17;37;18;45;184;38;11;39;11
1572.0;17;36;15;46;187;41;10;36;12
1578.0;16;38;16;45;188;41;11;36;9
1584.0;18;40;13;49;185;39;10;35;11
1590.0;19;38;12;43;187;40;12;35;14
1596.0;18;41;10;41;187;40;12;38;13
1602.0;18;43;12;38;187;42;11;33;16
1608.0;19;43;13;39;187;35;13;33;18
1614.0;19;40;16;41;187;34;15;32;16
1620.0;19;40;16;40;188;37;13;31;16
1626.0;19;40;15;43;186;37;14;29;17
1632.0;16;41;17;45;186;34;16;29;16
1638.0;21;39;16;43;187;32;15;29;18
1644.0;22;41;16;43;186;30;15;28;19
1650.0;19;42;18;43;188;29;15;29;17
1656.0;19;41;18;47;186;29;10;32;18
1662.0;17;41;15;43;188;30;15;30;21
1668.0;17;41;13;45;189;30;13;30;22
1674.0;15;43;13;46;190;31;14;30;18
1680.0;15;42;16;49;188;31;10;29;20
1686.0;15;40;18;49;185;30;14;31;18
1692.0;16;35;19;50;184;30;16;29;21
1698.0;16;33;18;48;187;31;14;32;21
1704.0;17;33;19;48;190;35;10;29;19
1710.0;17;33;17;49;191;36;11;27;19
1716.0;20;34;15;46;193;37;8;29;18
1722.0;19;33;17;46;193;36;11;26;19
1728.0;19;35;16;44;195;36;13;25;17
1734.0;18;35;16;45;192;38;13;29;14
1740.0;16;37;15;44;190;40;12;31;15
1746.0;17;38;14;41;190;38;11;34;17
1752.0;17;38;15;39;191;37;11;33;19
1758.0;17;40;15;39;189;37;11;34;18
1764.0;17;43;12;38;188;35;15;34;18
1770.0;18;41;12;35;187;36;14;36;21
1776.0;19;41;12;34;185;37;17;34;21
1782.0;18;40;14;35;189;37;15;33;19
1788.0;19;41;11;37;188;36;14;35;19
1794.0;20;43;10;38;185;37;14;33;20
