#auto generated file!
12.0;42;37;33;51;45;48;38;33;33
18.0;37;39;33;50;46;51;35;36;33
24.0;35;40;34;50;50;51;34;36;30
30.0;33;45;32;49;48;50;33;36;34
36.0;33;46;32;51;51;48;30;36;33
42.0;30;45;33;50;54;49;30;35;34
48.0;31;43;31;49;57;49;31;37;32
54.0;27;46;33;45;59;48;31;40;31
60.0;25;48;32;48;61;51;29;40;26
66.0;30;48;30;48;62;49;27;40;26
72.0;28;47;31;47;65;49;27;40;26
78.0;25;45;29;50;67;48;25;43;28
84.0;24;45;30;51;66;47;27;43;27
90.0;27;47;29;53;68;46;25;38;27
96.0;27;47;31;52;67;48;24;36;28
102.0;28;47;33;51;68;46;24;35;28
108.0;27;50;32;48;68;46;21;40;28
114.0;25;53;31;48;68;46;21;39;29
120.0;24;53;30;48;69;47;23;40;26
126.0;25;52;31;48;67;46;23;41;27
132.0;24;51;31;46;68;46;28;40;26
138.0;26;49;31;48;67;46;28;39;26
144.0;25;50;32;49;67;47;25;39;26
150.0;23;51;28;49;69;47;26;39;28
156.0;27;49;26;49;70;50;26;37;26
162.0;26;48;26;49;71;50;26;39;25
168.0;22;47;25;51;78;49;25;39;24
174.0;23;47;28;51;79;48;21;39;24
180.0;22;46;30;50;82;50;17;41;22
186.0;25;44;28;51;85;46;18;42;21
192.0;26;43;28;49;88;44;20;43;19
198.0;29;41;27;47;87;46;20;43;20
204.0;27;41;25;47;90;45;22;44;19
210.0;27;41;26;47;94;47;19;42;17
216.0;28;41;31;47;96;46;15;39;17
222.0;28;40;26;47;99;46;18;38;18
228.0;24;43;24;50;100;44;17;38;20
234.0;25;45;24;49;103;42;14;39;19
240.0;26;47;24;49;98;43;16;39;18
246.0;27;47;24;49;97;41;17;39;19
252.0;27;46;24;49;98;43;17;38;18
258.0;29;44;22;51;103;41;15;38;17
264.0;29;45;20;50;106;40;16;38;16
270.0;24;44;20;49;108;44;16;38;17
276.0;24;42;19;48;109;40;20;42;16
282.0;23;42;20;49;110;41;21;41;13
288.0;24;42;18;46;113;40;23;41;13
294.0;24;41;17;48;114;41;21;41;13
300.0;24;41;15;49;115;40;22;41;13
306.0;24;41;18;43;116;38;23;44;13
312.0;25;43;18;40;118;37;24;42;13
318.0;21;45;17;39;121;35;23;44;15
324.0;19;46;17;44;117;36;23;41;17
330.0;22;43;19;44;119;37;19;41;16
336.0;21;44;21;44;120;38;17;40;15
342.0;22;43;23;41;122;36;16;41;16
348.0;26;45;24;39;122;36;14;36;18
354.0;23;44;23;41;125;35;14;35;20
360.0;23;43;20;41;126;36;14;38;19
366.0;24;42;21;41;130;32;12;39;19
372.0;23;42;23;40;129;37;12;41;13
378.0;22;43;22;38;128;36;13;42;16
384.0;23;43;24;37;129;31;13;43;17
390.0;20;44;19;41;134;30;13;43;16
396.0;19;40;21;40;134;30;17;43;16
402.0;17;39;22;39;134;28;17;47;17
408.0;17;39;23;38;133;27;21;43;19
414.0;16;38;24;38;133;27;21;45;18
420.0;15;41;21;37;134;26;17;47;22
426.0;15;38;21;36;135;27;18;48;22
432.0;15;40;16;35;134;30;20;49;21
438.0;19;42;16;33;133;29;19;49;20
444.0;17;38;15;35;135;33;18;51;18
450.0;20;39;14;35;136;34;18;46;18
456.0;18;35;13;36;136;36;20;49;17
462.0;18;35;14;36;136;36;19;48;18
468.0;19;34;16;38;138;35;20;45;15
474.0;19;33;19;37;140;40;16;44;12
480.0;21;34;21;36;139;41;13;42;13
486.0;20;34;21;34;141;42;16;42;10
492.0;15;36;20;37;141;42;16;40;13
498.0;17;35;18;39;142;40;13;39;17
504.0;19;35;18;41;139;40;14;37;17
510.0;23;36;15;47;140;37;14;34;14
516.0;23;38;17;43;141;35;14;35;14
522.0;22;37;19;42;143;36;13;33;15
528.0;21;33;20;43;144;36;14;33;16
534.0;19;37;22;45;144;36;12;31;14
540.0;19;35;20;48;141;36;13;32;16
546.0;17;38;23;46;142;33;13;33;15
552.0;17;37;23;44;144;33;13;35;14
558.0;19;35;24;47;144;32;13;33;13
564.0;19;35;24;47;146;31;11;33;14
570.0;18;34;22;47;148;34;10;35;12
576.0;20;32;23;47;145;33;9;37;14
582.0;20;34;23;46;148;29;9;36;15
588.0;20;34;21;47;150;30;10;33;15
594.0;17;36;17;50;151;30;11;33;15
600.0;15;37;17;52;149;29;13;35;13
606.0;16;36;14;51;152;27;13;39;12
612.0;17;35;13;49;152;28;14;38;14
618.0;16;35;14;45;153;29;16;38;14
624.0;15;33;14;44;153;33;16;38;14
630.0;15;30;13;44;152;36;19;35;16
636.0;14;31;12;46;152;36;18;38;13
642.0;14;32;11;45;154;35;17;37;15
648.0;14;33;15;44;152;35;17;36;14
654.0;12;34;16;43;156;34;13;34;18
660.0;12;36;15;46;152;34;14;33;18
666.0;16;34;15;49;153;37;11;30;15
672.0;14;34;14;47;153;36;11;32;19
678.0;12;34;15;45;153;36;11;32;22
684.0;12;32;16;47;151;37;11;32;22
690.0;13;32;12;46;152;34;12;35;24
696.0;10;33;16;42;151;32;16;36;24
702.0;13;33;15;40;150;35;15;37;22
708.0;15;31;17;39;150;35;15;35;23
714.0;15;29;18;39;154;34;14;36;21
720.0;15;31;20;41;152;32;16;34;19
726.0;15;33;21;43;152;30;15;35;16
732.0;15;33;19;43;152;29;16;35;18
738.0;17;32;19;47;150;29;15;34;17
744.0;15;31;19;47;153;28;14;38;15
750.0;13;31;19;46;152;30;17;40;12
756.0;12;33;19;43;151;30;17;41;14
762.0;13;33;20;38;148;31;20;43;14
768.0;11;31;21;38;148;30;21;43;17
774.0;14;32;19;38;145;30;21;43;18
780.0;16;35;19;40;145;30;20;42;13
786.0;17;33;18;41;145;30;22;40;14
792.0;18;32;20;39;145;32;21;40;13
798.0;18;35;19;39;145;34;20;40;10
804.0;17;35;17;39;145;35;21;38;13
810.0;19;35;19;38;146;37;21;34;11
816.0;14;38;23;39;146;34;18;36;12
822.0;13;38;23;42;145;36;17;33;13
828.0;10;37;24;46;147;35;14;33;14
834.0;12;38;23;46;144;37;15;30;15
840.0;12;36;22;45;146;36;15;31;17
846.0;11;33;23;46;146;35;18;31;17
852.0;12;32;22;47;145;36;17;31;18
858.0;12;36;26;46;146;30;17;29;18
864.0;15;39;21;45;147;28;17;28;20
870.0;15;41;20;43;147;26;17;32;19
876.0;16;39;20;42;148;27;17;32;19
882.0;19;40;19;37;149;25;18;32;21
888.0;16;40;18;36;149;31;17;33;20
894.0;17;40;19;35;150;32;13;34;20
900.0;18;39;18;34;148;34;14;36;19
906.0;17;36;16;33;152;37;13;36;20
912.0;17;39;16;32;150;37;13;35;21
918.0;17;36;17;33;152;35;13;35;22
924.0;19;36;13;33;151;36;14;37;21
930.0;20;37;15;30;150;38;12;36;22
936.0;20;38;16;26;150;39;14;36;21
942.0;26;34;18;23;150;37;12;36;24
948.0;25;35;15;24;147;34;16;39;25
954.0;22;34;14;25;149;36;17;42;21
960.0;21;32;13;28;151;32;19;43;21
966.0;22;31;17;27;152;33;19;42;17
972.0;22;30;18;30;152;33;16;43;16
978.0;20;30;17;32;153;31;15;44;18
984.0;20;29;16;34;154;30;11;47;19
990.0;21;30;15;37;155;25;12;49;16
996.0;20;31;15;36;155;27;16;46;14
1002.0;22;32;12;39;156;27;16;46;10
1008.0;20;32;12;40;156;28;15;47;10
1014.0;23;30;12;40;155;30;13;48;9
1020.0;21;30;11;40;155;32;14;48;9
1026.0;22;29;10;39;157;33;15;48;7
1032.0;22;30;10;39;156;33;15;46;9
1038.0;21;33;10;40;153;30;13;49;11
1044.0;18;33;11;41;152;30;15;49;11
1050.0;19;31;15;38;147;34;15;50;11
1056.0;21;31;16;38;145;35;14;52;8
1062.0;21;31;15;37;144;36;14;52;10
1068.0;19;31;13;37;148;39;13;50;10
1074.0;20;31;14;39;146;39;15;48;8
1080.0;21;29;14;40;146;38;15;48;9
1086.0;20;28;13;42;145;36;16;48;12
1092.0;19;30;12;38;145;38;16;50;12
1098.0;18;32;11;38;140;39;16;53;13
1104.0;20;33;13;37;137;39;15;52;14
1110.0;19;29;12;41;135;38;15;55;16
1116.0;16;30;10;40;137;40;16;56;15
1122.0;15;29;12;42;137;37;15;57;16
1128.0;15;29;15;41;136;37;15;57;15
1134.0;17;34;13;43;134;38;14;53;14
1140.0;16;35;14;41;133;38;17;51;15
1146.0;17;35;15;40;133;38;16;52;14
1152.0;18;35;15;41;131;38;16;53;13
1158.0;18;35;16;43;130;38;15;51;14
1164.0;18;35;14;39;132;37;18;51;16
1170.0;17;37;18;38;132;37;19;49;13
1176.0;20;37;18;40;136;31;19;47;12
1182.0;16;39;18;40;137;33;19;46;12
1188.0;15;40;18;39;137;34;18;46;13
1194.0;16;39;18;37;138;35;16;50;11
1200.0;15;41;17;36;139;36;17;48;11
1206.0;15;40;16;35;137;40;19;45;13
1212.0;11;40;14;34;140;37;24;43;17
1218.0;14;40;15;33;138;38;26;42;14
1224.0;14;39;16;34;140;36;26;41;14
1230.0;15;39;14;35;141;37;28;34;17
1236.0;14;41;12;35;140;36;27;35;20
1242.0;15;38;15;33;141;35;28;36;19
1248.0;13;38;14;34;142;33;27;38;21
1254.0;15;35;14;35;141;34;26;38;22
1260.0;13;40;16;37;141;32;24;37;20
1266.0;12;40;17;36;142;31;23;37;22
1272.0;16;39;17;37;144;31;19;35;22
1278.0;19;36;16;39;144;28;21;35;22
1284.0;15;34;17;41;144;31;22;35;21
1290.0;16;35;16;41;145;29;23;34;21
1296.0;16;35;16;41;147;29;24;34;18
1302.0;17;38;17;39;146;29;23;33;18
1308.0;21;40;17;42;144;31;21;28;16
1314.0;19;39;16;45;143;30;20;30;18
1320.0;22;35;17;43;140;30;22;34;17
1326.0;22;36;18;41;140;30;22;37;14
1332.0;20;39;19;43;139;32;19;38;11
1338.0;19;39;18;45;142;34;19;35;9
1344.0;19;39;15;45;143;34;21;35;9
1350.0;18;40;17;43;144;35;19;34;10
1356.0;19;42;17;45;140;32;19;35;11
1362.0;22;38;15;41;140;36;21;34;13
1368.0;21;39;10;38;142;35;24;38;13
1374.0;20;39;10;38;142;35;23;42;11
1380.0;17;37;11;38;142;36;24;42;13
1386.0;19;35;13;37;144;36;24;41;11
1392.0;19;38;15;35;145;38;21;38;11
1398.0;22;36;15;34;146;38;20;36;13
1404.0;20;36;18;34;144;39;19;36;14
1410.0;21;38;16;38;140;37;19;37;14
1416.0;20;39;15;37;141;39;21;34;14
1422.0;21;36;17;34;140;40;23;33;16
1428.0;17;35;20;34;142;36;26;37;13
1434.0;18;32;18;34;143;39;24;39;13
1440.0;19;30;14;33;142;40;25;40;17
1446.0;17;26;15;34;143;43;22;40;20
1452.0;19;30;16;33;140;42;21;40;19
1458.0;18;32;14;34;141;39;22;43;17
1464.0;20;33;14;35;139;37;24;43;15
1470.0;18;30;13;36;142;38;24;42;17
1476.0;20;31;15;37;140;36;23;40;18
1482.0;21;33;13;39;139;36;22;41;16
1488.0;18;32;15;36;140;34;22;42;21
1494.0;11;37;14;36;140;32;23;42;25
1500.0;13;35;14;36;141;34;23;42;22
1506.0;13;36;14;37;141;33;23;40;23
1512.0;13;34;15;40;142;33;23;41;19
1518.0;18;36;14;38;141;32;21;40;20
1524.0;21;35;15;36;142;34;22;37;18
1530.0;19;36;16;38;142;31;24;37;17
1536.0;19;39;17;37;143;31;22;35;17
1542.0;21;41;18;35;143;30;20;36;16
1548.0;20;42;18;36;145;32;17;34;16
1554.0;19;43;17;36;147;31;19;33;15
1560.0;18;39;20;36;150;30;19;33;15
1566.0;19;38;18;36;149;29;20;37;14
1572.0;22;39;19;37;147;29;17;37;13
1578.0;17;39;20;36;148;31;23;35;11
1584.0;14;36;18;38;148;30;27;36;13
1590.0;13;36;20;38;148;32;27;35;11
1596.0;15;38;17;36;149;31;25;38;11
1602.0;16;39;19;36;149;31;21;38;11
1608.0;18;40;20;34;149;30;19;39;11
1614.0;19;37;19;37;149;28;21;38;12
1620.0;17;40;20;34;149;28;21;39;12
1626.0;17;39;21;34;152;25;20;40;12
1632.0;16;40;17;35;152;24;22;43;11
1638.0;17;41;18;35;150;25;19;45;10
1644.0;17;44;16;36;152;23;18;44;10
1650.0;14;44;18;37;153;23;18;42;11
1656.0;14;42;14;39;153;25;20;41;12
1662.0;14;42;13;42;154;26;20;40;9
1668.0;13;40;14;40;154;28;20;40;11
1674.0;12;39;12;41;154;30;19;44;9
1680.0;11;40;13;43;151;30;20;44;8
1686.0;12;37;15;41;150;32;24;40;9
1692.0;13;35;15;43;149;33;24;39;9
1698.0;16;33;14;44;148;30;23;38;14
1704.0;18;32;15;41;146;31;24;37;16
1710.0;17;30;16;44;147;31;24;38;13
1716.0;18;32;15;45;148;29;24;36;13
1722.0;19;32;14;47;149;25;25;35;14
1728.0;20;30;16;44;151;25;26;35;13
1734.0;20;29;18;41;153;23;25;37;14
1740.0;18;29;19;42;153;23;21;39;16
1746.0;15;29;16;43;153;25;23;38;18
1752.0;16;32;15;42;152;25;24;38;16
1758.0;19;33;15;40;153;27;21;38;14
1764.0;17;33;15;41;152;28;20;40;14
1770.0;16;33;15;44;153;26;20;39;14
1776.0;15;34;13;45;153;27;21;36;16
1782.0;17;37;12;45;153;25;20;36;15
1788.0;18;37;10;46;152;25;21;35;16
1794.0;19;36;15;45;150;24;19;38;14
