#auto generated file!
12.0;25;16;12;26;15;20;33;16;17
18.0;18;19;11;27;17;19;33;18;18
24.0;21;22;9;28;17;20;29;16;18
30.0;20;22;10;29;17;20;27;18;17
36.0;18;22;11;29;21;21;27;18;13
42.0;18;22;10;28;23;19;27;19;14
48.0;16;20;10;28;27;19;26;21;13
54.0;15;21;10;27;30;21;24;19;13
60.0;15;22;14;25;30;21;21;17;15
66.0;15;21;13;26;32;18;23;16;16
72.0;16;21;12;27;33;22;18;16;15
78.0;15;21;11;28;34;20;18;18;15
84.0;12;24;11;30;31;20;16;20;16
90.0;9;24;11;28;34;22;17;18;17
96.0;10;25;13;24;36;24;15;18;15
102.0;11;23;14;23;38;24;14;17;16
108.0;11;20;15;24;37;22;15;19;17
114.0;10;21;12;27;38;21;16;20;15
120.0;10;21;11;30;39;22;17;19;11
126.0;11;20;12;31;39;22;17;19;9
132.0;9;25;12;29;39;20;19;19;8
138.0;8;26;12;26;39;22;19;19;9
144.0;7;25;12;25;40;22;20;21;8
150.0;7;25;10;24;42;22;21;20;9
156.0;9;25;13;25;40;23;18;20;7
162.0;9;25;13;25;40;24;16;21;7
168.0;12;25;15;24;42;20;14;20;8
174.0;10;23;14;24;45;22;15;20;7
180.0;8;23;15;25;45;22;17;20;5
186.0;9;23;15;25;47;23;16;16;6
192.0;10;23;16;24;47;24;15;16;5
198.0;10;24;17;23;48;23;14;18;3
204.0;8;25;16;23;50;24;12;18;4
210.0;9;25;16;21;51;24;12;18;4
216.0;12;23;15;23;50;22;13;17;5
222.0;12;22;13;23;50;20;14;18;8
228.0;11;23;12;23;50;20;15;18;8
234.0;13;23;9;23;52;18;14;19;9
240.0;13;20;11;23;51;19;14;20;9
246.0;14;20;10;23;51;17;14;22;9
252.0;13;21;11;24;51;17;13;22;8
258.0;13;20;9;24;52;19;14;21;8
264.0;13;20;11;23;52;20;13;21;7
270.0;16;20;11;21;53;19;13;20;7
276.0;15;20;11;20;55;19;11;20;9
282.0;15;23;9;19;55;19;12;20;8
288.0;12;24;10;19;58;17;12;21;7
294.0;10;24;9;20;60;18;12;19;8
300.0;11;24;7;19;60;18;12;20;9
306.0;12;23;7;18;61;18;13;19;9
312.0;12;25;9;19;62;16;10;19;8
318.0;12;28;9;18;62;17;10;20;4
324.0;11;27;9;20;64;16;10;20;3
330.0;11;23;9;25;64;15;10;20;3
336.0;9;24;9;24;67;15;10;19;3
342.0;9;24;12;23;67;14;10;15;6
348.0;7;25;10;24;68;13;10;15;8
354.0;7;28;9;24;68;12;9;14;9
360.0;9;27;10;22;69;14;8;11;10
366.0;9;25;11;21;68;15;10;11;10
372.0;8;25;12;22;68;14;9;12;10
378.0;8;25;12;23;67;14;7;14;10
384.0;7;27;13;24;67;14;6;13;9
390.0;7;29;12;24;67;11;6;12;12
396.0;9;30;11;24;67;11;4;12;12
402.0;9;27;10;23;70;12;5;13;11
408.0;8;26;11;24;70;11;5;14;11
414.0;8;26;11;23;71;12;5;15;9
420.0;8;24;11;23;73;13;6;15;7
426.0;6;24;11;22;73;12;10;16;6
432.0;5;22;13;20;74;12;10;18;6
438.0;6;23;13;20;76;10;10;16;6
444.0;7;22;11;17;75;13;10;16;9
450.0;7;23;11;18;75;12;9;14;11
456.0;8;25;11;18;74;12;7;14;11
462.0;6;25;10;17;74;14;6;13;15
468.0;6;24;10;16;74;12;8;14;16
474.0;6;24;9;18;73;12;9;14;15
480.0;7;23;9;18;72;12;9;16;14
486.0;8;23;6;19;73;13;8;17;13
492.0;6;27;5;16;73;17;9;17;10
498.0;7;27;3;17;73;19;9;17;8
504.0;5;27;4;17;75;18;8;18;8
510.0;5;24;5;17;76;18;10;16;9
516.0;6;23;5;17;77;16;10;16;10
522.0;6;23;5;16;75;17;10;14;14
528.0;8;23;7;15;74;17;8;14;14
534.0;7;24;7;16;76;17;7;15;11
540.0;8;23;5;17;76;18;8;15;10
546.0;8;21;5;17;78;18;10;15;8
552.0;8;21;5;17;80;18;8;15;8
558.0;9;19;7;18;79;16;9;15;8
564.0;8;19;7;18;78;16;9;17;8
570.0;8;19;8;19;75;15;9;18;9
576.0;8;19;9;16;75;16;9;18;10
582.0;9;19;9;16;73;15;10;19;10
588.0;8;20;8;15;73;14;12;20;10
594.0;8;22;6;13;74;15;9;21;12
600.0;8;20;6;14;75;17;8;21;11
606.0;7;20;6;14;77;16;8;20;12
612.0;8;21;7;14;78;13;7;22;10
618.0;8;20;6;14;79;14;7;21;11
624.0;9;20;8;13;78;13;7;21;11
630.0;9;18;9;14;78;14;6;21;11
636.0;9;19;10;14;78;14;7;21;8
642.0;12;19;10;14;79;13;6;19;8
648.0;13;19;9;14;80;13;6;17;9
654.0;14;18;9;15;78;14;6;17;9
660.0;15;18;9;15;78;13;5;18;9
666.0;17;21;8;14;78;13;5;17;7
672.0;16;21;7;14;80;12;6;16;8
678.0;14;19;6;15;82;14;5;18;7
684.0;12;18;5;15;83;15;8;16;8
690.0;12;14;3;15;82;17;9;18;10
696.0;13;14;3;15;83;15;9;17;11
702.0;12;17;3;14;84;15;9;15;11
708.0;11;17;3;16;84;13;8;17;11
714.0;13;18;3;16;83;14;9;16;8
720.0;12;16;4;17;84;13;9;16;9
726.0;12;15;3;18;83;14;10;16;9
732.0;11;15;3;17;85;14;10;18;7
738.0;10;15;5;15;85;14;10;19;7
744.0;10;17;4;15;86;14;8;18;8
750.0;9;17;4;16;86;14;8;18;8
756.0;11;15;3;16;89;12;8;18;8
762.0;9;15;3;15;87;14;10;18;9
768.0;9;14;5;15;87;13;10;17;10
774.0;9;14;5;15;85;13;10;18;11
780.0;10;15;4;16;85;11;10;19;10
786.0;9;15;7;15;85;11;9;19;10
792.0;10;15;6;16;86;12;7;17;11
798.0;11;14;5;17;85;13;8;17;10
804.0;14;11;6;18;85;11;8;17;10
810.0;13;10;6;17;87;12;9;18;8
816.0;9;12;7;16;85;13;9;19;10
822.0;9;12;10;16;87;12;6;19;9
828.0;9;13;8;17;89;12;6;19;7
834.0;10;14;7;17;87;12;5;19;9
840.0;9;15;8;17;85;15;5;17;9
846.0;8;16;8;17;85;16;6;19;5
852.0;7;17;7;17;86;16;7;18;5
858.0;8;16;7;16;83;14;10;18;8
864.0;6;18;8;15;82;15;9;18;9
870.0;4;18;8;15;81;16;9;18;11
876.0;4;18;10;15;79;18;9;18;9
882.0;5;18;10;16;79;17;6;18;11
888.0;6;17;11;16;79;17;6;16;12
894.0;7;16;11;16;79;18;6;16;11
900.0;7;15;10;16;79;19;7;15;12
906.0;8;14;9;16;80;20;5;15;13
912.0;8;13;7;17;80;20;6;16;13
918.0;8;15;7;15;79;22;7;15;12
924.0;9;17;6;15;78;22;7;15;11
930.0;9;13;7;16;80;22;6;17;10
936.0;10;11;7;19;80;20;6;17;10
942.0;10;12;8;16;81;20;4;19;10
948.0;10;12;8;16;80;20;5;20;9
954.0;7;12;10;17;82;17;4;21;10
960.0;5;13;7;17;84;19;5;19;11
966.0;5;12;7;16;87;19;6;18;10
972.0;6;11;10;16;87;19;6;15;10
978.0;6;10;10;15;87;19;7;17;9
984.0;4;10;11;15;86;20;8;17;9
990.0;4;10;11;15;88;18;9;15;10
996.0;4;9;13;16;89;15;8;14;12
1002.0;5;10;14;15;87;15;9;13;12
1008.0;6;12;15;15;88;13;8;11;12
1014.0;7;11;15;15;87;14;9;11;11
1020.0;9;10;13;15;88;15;10;11;9
1026.0;9;10;13;14;88;16;8;12;10
1032.0;8;12;13;12;88;15;7;14;11
1038.0;8;12;12;11;87;18;8;14;10
1044.0;8;14;11;10;87;18;9;13;10
1050.0;8;13;10;11;87;18;9;13;11
1056.0;7;10;10;12;86;19;12;14;10
1062.0;8;10;8;13;87;19;11;14;10
1068.0;9;12;8;14;84;17;12;16;8
1074.0;10;13;8;14;83;16;12;16;8
1080.0;8;13;9;16;83;16;9;16;10
1086.0;6;13;9;16;84;16;11;15;10
1092.0;6;13;8;16;84;15;12;15;11
1098.0;5;13;9;15;86;15;12;15;10
1104.0;4;13;9;16;88;14;11;14;11
1110.0;5;13;8;16;88;14;11;15;10
1116.0;5;13;8;17;88;13;12;14;10
1122.0;5;14;8;18;88;14;11;13;9
1128.0;5;14;8;17;87;15;12;13;9
1134.0;6;14;8;17;86;15;10;13;11
1140.0;8;15;9;17;87;15;8;11;10
1146.0;8;16;9;16;87;16;9;11;8
1152.0;8;17;10;15;86;17;9;10;8
1158.0;8;20;11;15;84;19;7;9;7
1164.0;7;18;11;19;84;19;4;12;6
1170.0;10;18;10;19;85;16;3;13;6
1176.0;9;17;10;19;84;17;3;14;7
1182.0;7;17;11;19;84;18;2;14;8
1188.0;7;17;12;18;86;17;1;14;8
1194.0;8;18;12;18;86;17;1;12;8
1200.0;9;16;13;17;86;17;2;13;7
1206.0;8;17;14;18;84;16;2;13;8
1212.0;7;17;9;17;84;16;4;17;9
1218.0;6;17;6;21;82;17;5;17;9
1224.0;6;18;6;20;81;16;4;21;8
1230.0;7;17;5;20;81;17;5;20;8
1236.0;5;16;4;23;82;18;5;20;7
1242.0;5;17;5;26;82;17;5;17;6
1248.0;4;19;5;27;82;17;4;18;4
1254.0;5;20;5;28;82;16;4;17;3
1260.0;7;16;6;28;82;16;3;17;5
1266.0;8;16;6;28;82;16;2;16;6
1272.0;9;17;5;25;82;15;4;17;6
1278.0;7;17;5;26;82;16;6;17;4
1284.0;6;21;6;25;83;14;5;16;4
1290.0;7;20;7;21;82;13;6;17;7
1296.0;7;17;9;19;81;17;6;18;6
1302.0;7;18;8;18;81;18;5;16;9
1308.0;8;19;7;15;82;18;6;17;8
1314.0;7;18;9;15;79;21;6;17;8
1320.0;7;20;9;13;79;20;6;18;8
1326.0;6;21;8;15;77;21;5;19;8
1332.0;8;21;7;15;78;22;4;18;7
1338.0;8;19;7;14;78;22;6;18;8
1344.0;7;19;7;15;78;22;7;18;7
1350.0;7;19;7;16;79;22;4;18;8
1356.0;7;19;5;16;82;22;3;16;10
1362.0;8;20;5;16;82;21;3;15;10
1368.0;8;22;2;15;82;20;3;17;11
1374.0;7;23;2;15;83;19;3;17;11
1380.0;7;23;2;14;83;21;2;17;11
1386.0;6;24;3;14;83;22;2;15;11
1392.0;8;24;4;14;84;20;2;15;9
1398.0;6;25;5;13;84;22;1;14;10
1404.0;6;25;6;12;85;21;1;13;11
1410.0;7;27;6;13;83;22;1;12;9
1416.0;7;28;5;14;81;22;1;12;10
1422.0;8;29;6;14;81;21;2;9;10
1428.0;8;28;8;12;79;22;3;11;9
1434.0;6;28;9;13;78;22;5;10;9
1440.0;5;28;9;13;80;21;5;10;9
1446.0;6;25;9;13;81;21;5;11;9
1452.0;6;23;12;12;81;22;5;10;9
1458.0;4;24;13;10;83;21;7;10;8
1464.0;6;21;12;11;85;19;7;11;8
1470.0;7;20;13;11;85;18;8;9;9
1476.0;6;18;13;12;86;18;9;9;9
1482.0;8;20;11;11;85;18;10;8;9
1488.0;8;22;11;10;85;17;9;8;10
1494.0;8;21;11;11;84;19;9;8;9
1500.0;9;20;10;12;84;18;8;10;9
1506.0;12;20;8;11;82;22;9;5;11
1512.0;12;20;8;11;82;25;8;5;9
1518.0;11;20;7;12;81;28;6;5;10
1524.0;9;22;8;13;81;26;6;5;10
1530.0;7;22;8;14;80;25;6;7;11
1536.0;8;24;8;16;78;22;6;5;13
1542.0;9;22;6;16;79;23;5;8;12
1548.0;10;20;7;14;79;25;6;8;11
1554.0;11;20;7;15;78;24;6;9;10
1560.0;11;20;7;15;78;24;6;9;10
1566.0;10;20;9;15;79;23;5;10;9
1572.0;10;19;10;15;78;23;7;10;8
1578.0;12;19;8;14;79;22;6;11;9
1584.0;14;18;7;14;79;22;7;10;9
1590.0;13;19;7;14;80;22;7;9;9
1596.0;12;20;6;13;80;23;7;8;11
1602.0;9;20;8;13;81;23;9;8;9
1608.0;10;20;8;14;82;22;7;9;8
1614.0;11;19;8;14;84;22;6;10;6
1620.0;10;19;8;14;83;20;6;14;6
1626.0;10;18;7;13;83;21;5;15;8
1632.0;9;18;7;12;82;23;5;15;9
1638.0;10;17;8;13;82;23;6;15;6
1644.0;10;16;8;13;84;21;7;15;6
1650.0;9;16;9;13;83;19;9;16;6
1656.0;9;16;9;14;82;19;10;15;6
1662.0;8;16;9;15;81;19;11;15;6
1668.0;8;18;8;14;78;18;11;18;7
1674.0;6;19;9;15;81;16;8;18;8
1680.0;7;19;13;15;80;14;7;17;8
1686.0;7;20;10;17;80;14;6;17;9
1692.0;6;23;10;16;78;14;8;16;9
1698.0;6;24;11;17;74;14;10;15;9
1704.0;5;23;11;19;72;14;11;18;7
1710.0;5;23;9;18;71;15;12;18;9
1716.0;5;23;9;18;70;17;13;18;7
1722.0;5;25;9;18;71;15;12;18;7
1728.0;6;26;7;18;71;13;11;19;9
1734.0;8;25;10;18;70;14;9;19;7
1740.0;8;23;10;18;71;15;8;20;7
1746.0;8;22;11;18;70;16;7;21;7
1752.0;8;21;10;18;69;17;6;21;10
1758.0;8;22;10;16;70;16;7;21;10
1764.0;5;22;9;16;70;19;7;22;10
1770.0;6;22;7;16;70;20;9;21;9
1776.0;6;23;7;17;70;20;8;20;9
1782.0;6;23;8;17;68;23;7;20;8
1788.0;6;24;11;17;68;20;7;19;8
1794.0;7;25;8;15;70;21;6;20;8
