#auto generated file!
12.0;16;23;27;24;26;17;23;25;29
18.0;15;25;24;22;28;18;24;26;28
24.0;16;27;21;22;31;22;23;24;24
30.0;16;26;22;22;34;21;22;25;22
36.0;17;28;20;22;35;22;22;23;21
42.0;17;26;18;25;39;21;18;25;21
48.0;17;24;17;30;41;18;18;24;21
54.0;16;26;14;32;41;19;19;24;19
60.0;17;26;15;33;41;19;19;26;14
66.0;19;27;15;30;42;19;16;29;13
72.0;15;23;15;33;43;22;16;30;13
78.0;16;21;16;32;46;20;16;28;15
84.0;15;22;16;36;47;20;17;25;12
90.0;15;21;15;37;51;21;15;24;11
96.0;14;25;16;37;51;21;13;23;10
102.0;14;25;17;36;51;19;11;24;13
108.0;10;26;16;37;55;19;13;24;10
114.0;10;26;15;36;55;19;14;24;11
120.0;10;25;13;37;56;20;14;26;9
126.0;9;24;12;35;56;21;15;27;11
132.0;10;23;10;33;59;20;16;27;12
138.0;8;22;10;31;64;23;11;27;14
144.0;10;22;10;31;64;22;8;28;15
150.0;9;23;10;27;65;24;10;28;14
156.0;9;23;10;27;64;25;10;29;13
162.0;11;21;11;27;64;24;10;30;12
168.0;14;20;11;25;64;24;11;25;16
174.0;15;20;9;26;63;25;10;26;16
180.0;15;22;11;24;64;24;9;26;15
186.0;16;22;12;23;64;25;9;26;13
192.0;15;24;10;23;65;25;9;27;12
198.0;15;23;10;24;66;25;8;27;12
204.0;14;22;9;24;68;26;7;29;11
210.0;15;22;12;22;67;26;6;31;9
216.0;13;21;13;22;68;27;5;31;10
222.0;14;22;12;22;68;28;5;28;11
228.0;13;24;10;21;70;26;8;27;11
234.0;14;23;8;21;71;26;8;28;11
240.0;14;22;7;22;70;25;10;28;12
246.0;17;23;7;22;70;24;9;28;10
252.0;16;23;8;21;71;22;11;27;11
258.0;17;22;8;21;72;20;12;27;11
264.0;15;21;8;21;72;21;11;29;12
270.0;16;20;8;21;72;20;12;28;13
276.0;16;20;6;21;72;21;15;29;10
282.0;17;19;7;21;71;21;14;31;9
288.0;15;20;6;20;75;21;14;29;10
294.0;16;18;8;20;75;21;12;29;11
300.0;17;16;9;19;76;23;13;26;11
306.0;17;15;11;18;76;24;16;24;9
312.0;14;16;13;18;76;24;16;23;10
318.0;14;17;14;20;74;24;14;23;10
324.0;15;17;15;22;75;23;12;23;8
330.0;14;13;15;20;76;27;10;26;9
336.0;12;13;15;21;73;27;16;23;10
342.0;10;15;13;24;73;29;16;22;8
348.0;11;17;13;24;74;29;15;19;8
354.0;11;18;12;23;75;26;14;20;11
360.0;12;16;10;25;79;27;12;19;10
366.0;12;16;9;25;79;30;11;18;10
372.0;11;18;8;25;80;29;10;18;11
378.0;11;16;8;29;80;27;12;16;11
384.0;12;16;9;28;82;26;12;15;10
390.0;15;17;12;26;82;25;10;13;10
396.0;15;18;10;26;83;25;11;13;9
402.0;15;19;9;30;81;24;11;11;10
408.0;15;18;9;33;79;25;9;11;11
414.0;14;18;9;33;81;25;9;10;11
420.0;14;19;10;32;81;24;9;11;10
426.0;12;20;10;33;80;24;9;11;11
432.0;12;21;12;35;77;23;8;11;11
438.0;15;22;10;32;77;23;7;13;11
444.0;14;22;11;33;77;22;7;12;12
450.0;11;23;13;32;77;20;8;13;13
456.0;8;23;13;32;80;20;9;13;12
462.0;11;24;11;30;81;19;10;13;11
468.0;9;25;13;30;81;19;10;13;10
474.0;9;25;15;31;79;18;10;13;10
480.0;10;28;14;27;80;17;9;13;12
486.0;8;28;13;28;80;16;8;16;13
492.0;6;28;12;29;83;16;9;16;11
498.0;5;28;15;28;81;18;10;15;10
504.0;6;26;16;27;82;19;8;15;11
510.0;5;28;15;27;82;19;8;15;11
516.0;6;28;11;28;84;19;10;15;9
522.0;4;30;11;25;83;22;10;16;9
528.0;6;30;11;25;84;22;8;17;7
534.0;6;29;13;22;84;25;8;17;6
540.0;8;26;14;20;85;25;7;19;6
546.0;8;26;12;19;86;25;6;20;8
552.0;9;24;14;17;86;24;8;18;10
558.0;9;25;13;17;87;23;7;17;12
564.0;8;24;12;19;87;23;8;18;11
570.0;8;26;13;18;87;23;5;18;12
576.0;6;26;11;19;88;24;4;20;12
582.0;6;25;11;20;88;23;5;20;12
588.0;5;25;11;21;88;23;6;20;11
594.0;6;25;9;20;91;23;5;21;10
600.0;7;26;10;21;92;21;5;18;10
606.0;4;29;16;19;92;20;5;16;9
612.0;5;27;13;20;92;19;7;16;11
618.0;5;27;13;18;93;21;8;16;9
624.0;5;25;14;19;94;20;8;15;10
630.0;6;27;15;18;94;20;7;13;10
636.0;6;24;14;17;94;19;8;18;10
642.0;7;25;13;18;95;20;8;16;8
648.0;6;24;14;20;96;18;7;17;8
654.0;6;23;16;20;97;18;5;17;8
660.0;6;22;18;20;96;17;6;16;9
666.0;8;22;19;24;93;17;5;16;6
672.0;10;22;19;25;93;15;4;16;6
678.0;11;21;19;24;93;16;4;16;6
684.0;12;21;18;24;93;16;4;16;6
690.0;14;21;18;21;93;17;4;16;6
696.0;13;19;19;21;93;17;5;17;6
702.0;14;17;19;21;92;17;7;16;7
708.0;12;19;17;20;92;17;7;18;8
714.0;10;18;18;19;91;19;7;20;8
720.0;12;16;19;19;90;17;6;23;8
726.0;9;18;17;20;90;18;8;23;7
732.0;10;18;17;18;91;17;8;25;6
738.0;10;16;17;17;92;18;10;24;6
744.0;9;16;16;17;93;17;12;24;6
750.0;7;18;14;16;95;18;12;24;6
756.0;7;17;14;17;96;18;10;23;8
762.0;7;17;12;18;94;19;10;24;9
768.0;8;16;13;18;95;19;10;23;8
774.0;8;16;13;19;93;18;10;23;10
780.0;12;17;10;19;94;17;10;21;10
786.0;14;16;11;19;90;15;10;21;14
792.0;16;15;7;19;92;17;9;22;13
798.0;14;17;9;20;94;18;7;22;9
804.0;16;14;9;20;93;20;6;23;9
810.0;16;15;9;21;93;21;6;22;7
816.0;16;15;11;18;93;21;9;21;6
822.0;16;14;10;18;94;20;9;21;8
828.0;16;14;12;19;94;21;6;20;8
834.0;15;13;11;20;94;21;7;22;7
840.0;15;13;10;19;95;22;6;24;6
846.0;13;14;11;18;94;23;6;25;6
852.0;13;15;11;20;94;20;5;25;7
858.0;14;13;9;19;95;19;6;24;11
864.0;15;13;9;17;96;19;6;24;11
870.0;14;12;8;20;95;20;7;25;9
876.0;13;12;8;18;95;19;8;29;8
882.0;10;12;10;19;93;21;8;28;9
888.0;9;14;9;20;94;21;8;25;10
894.0;8;15;11;20;93;20;9;25;9
900.0;8;16;12;21;90;18;9;26;10
906.0;10;16;11;19;92;18;7;27;10
912.0;9;14;12;18;91;19;9;28;10
918.0;10;13;12;20;91;19;7;30;8
924.0;10;13;11;20;91;22;7;29;7
930.0;10;14;11;20;91;21;7;28;8
936.0;8;13;8;18;95;20;7;31;10
942.0;9;14;8;18;93;21;8;29;10
948.0;9;14;9;18;92;21;9;26;12
954.0;9;15;7;19;91;21;11;26;11
960.0;7;16;9;20;92;20;10;25;11
966.0;9;16;11;20;90;19;10;25;10
972.0;11;14;9;20;90;23;10;24;9
978.0;10;14;8;21;91;22;10;23;11
984.0;9;14;8;23;91;22;11;23;9
990.0;9;15;6;23;91;25;10;22;9
996.0;9;15;5;23;91;27;11;21;8
1002.0;7;14;6;24;92;27;11;20;9
1008.0;8;12;7;25;93;26;9;18;12
1014.0;8;15;10;23;91;27;9;15;12
1020.0;7;14;10;24;92;28;8;15;12
1026.0;8;14;10;23;92;26;8;16;13
1032.0;10;14;9;24;92;23;10;14;14
1038.0;11;14;9;25;91;22;12;15;11
1044.0;12;14;7;25;90;21;13;15;13
1050.0;11;15;7;25;92;23;12;14;11
1056.0;11;13;9;25;94;20;10;17;11
1062.0;10;16;8;25;93;20;11;14;13
1068.0;10;18;8;24;93;19;11;13;14
1074.0;12;17;7;24;93;19;11;13;14
1080.0;11;18;7;22;92;20;10;14;16
1086.0;11;17;7;21;94;19;10;14;17
1092.0;12;17;9;20;94;16;11;16;15
1098.0;13;16;9;20;94;17;10;15;16
1104.0;13;17;9;20;93;17;10;15;16
1110.0;14;16;8;19;93;16;12;15;17
1116.0;15;16;8;20;94;13;9;18;17
1122.0;13;18;9;21;94;14;8;19;14
1128.0;13;19;11;19;94;13;9;18;14
1134.0;13;20;13;19;92;13;8;18;14
1140.0;15;18;14;17;93;13;8;19;13
1146.0;12;18;16;16;93;12;11;18;14
1152.0;12;18;20;17;96;11;9;15;12
1158.0;12;18;19;16;96;11;11;15;12
1164.0;13;19;15;18;97;11;13;14;10
1170.0;11;20;15;18;97;12;13;14;10
1176.0;12;20;16;19;96;11;11;13;12
1182.0;12;20;19;19;95;11;11;15;8
1188.0;13;21;17;19;95;10;10;15;10
1194.0;12;21;15;19;94;10;10;19;10
1200.0;13;20;14;19;94;10;9;21;10
1206.0;14;20;13;18;95;9;9;23;9
1212.0;13;18;12;20;98;9;8;23;9
1218.0;10;19;13;20;99;9;6;23;11
1224.0;9;18;16;20;97;11;7;22;10
1230.0;9;18;12;23;98;12;7;22;9
1236.0;10;20;10;23;99;12;7;22;7
1242.0;11;19;12;24;98;13;5;22;6
1248.0;12;20;14;24;96;13;4;21;6
1254.0;12;19;13;25;96;13;5;20;7
1260.0;10;21;14;26;97;11;5;19;7
1266.0;11;20;16;24;97;12;5;19;6
1272.0;11;22;15;22;97;12;6;19;6
1278.0;11;23;14;22;98;11;6;19;6
1284.0;10;23;15;24;98;11;4;19;6
1290.0;9;24;15;23;101;11;3;18;6
1296.0;10;26;16;23;99;11;3;17;5
1302.0;10;27;14;23;99;9;4;19;5
1308.0;11;25;14;21;103;9;3;18;6
1314.0;13;24;13;20;103;11;2;19;5
1320.0;10;24;13;21;104;11;2;19;6
1326.0;10;24;12;20;103;10;3;22;6
1332.0;12;24;9;20;102;10;5;22;6
1338.0;12;25;8;22;100;9;7;21;6
1344.0;10;24;8;22;102;11;7;20;6
1350.0;10;24;7;22;103;10;8;20;6
1356.0;7;24;7;23;104;11;8;20;6
1362.0;5;24;7;23;103;13;8;19;8
1368.0;4;24;8;25;103;12;8;19;7
1374.0;7;25;9;21;101;14;8;19;6
1380.0;7;24;7;23;101;14;7;20;7
1386.0;7;24;8;24;101;12;7;21;6
1392.0;7;23;8;24;99;14;7;23;5
1398.0;11;22;8;25;98;13;7;22;4
1404.0;11;23;8;24;98;13;8;20;5
1410.0;12;23;8;23;99;11;8;21;5
1416.0;14;24;8;23;98;11;8;20;4
1422.0;12;24;8;24;96;12;9;18;7
1428.0;10;26;7;24;97;13;8;18;7
1434.0;12;26;5;25;97;11;8;18;8
1440.0;13;27;5;24;97;8;7;21;8
1446.0;13;27;5;23;97;8;8;21;8
1452.0;11;25;6;24;99;10;10;19;6
1458.0;11;26;5;23;100;10;10;20;5
1464.0;11;26;2;24;101;11;10;20;5
1470.0;11;26;2;24;102;11;10;19;5
1476.0;12;24;3;21;103;11;13;17;6
1482.0;12;24;2;21;102;14;12;17;6
1488.0;13;23;2;21;105;13;10;16;7
1494.0;14;21;4;21;105;12;10;15;8
1500.0;13;20;3;23;106;12;11;15;7
1506.0;12;19;3;23;107;13;10;15;8
1512.0;14;18;4;22;107;13;9;15;8
1518.0;13;20;4;22;105;13;10;15;8
1524.0;15;20;4;21;104;13;11;14;8
1530.0;15;21;4;19;106;14;11;15;5
1536.0;15;22;5;20;106;13;11;13;5
1542.0;14;22;7;18;106;13;12;13;5
1548.0;15;22;5;21;105;12;12;13;5
1554.0;15;23;5;21;104;11;12;12;7
1560.0;14;22;7;21;105;10;12;13;6
1566.0;15;23;7;21;105;9;10;13;7
1572.0;14;24;7;22;105;10;9;12;7
1578.0;13;23;8;23;105;10;9;12;7
1584.0;12;23;10;24;105;10;9;10;7
1590.0;12;22;11;24;105;10;7;11;8
1596.0;13;22;10;24;105;12;5;11;8
1602.0;14;22;8;26;104;12;6;10;8
1608.0;15;21;7;25;103;13;6;11;9
1614.0;18;20;5;23;102;13;7;11;11
1620.0;17;20;5;23;99;16;7;11;12
1626.0;17;21;7;22;97;16;6;13;11
1632.0;18;19;7;24;96;18;6;13;9
1638.0;16;21;6;24;97;18;6;12;10
1644.0;14;21;6;23;98;19;5;13;11
1650.0;10;19;8;24;97;21;5;16;10
1656.0;12;17;9;25;98;20;5;14;10
1662.0;12;15;9;24;98;21;6;15;10
1668.0;13;18;7;24;99;18;7;15;9
1674.0;11;23;8;24;99;16;9;12;8
1680.0;12;22;10;23;98;16;10;12;7
1686.0;12;20;12;23;95;16;9;14;9
1692.0;12;18;14;21;95;17;9;16;8
1698.0;11;18;14;20;94;20;9;16;8
1704.0;10;19;13;19;94;22;8;16;9
1710.0;10;20;12;19;96;18;10;16;9
1716.0;9;21;12;18;97;18;9;17;9
1722.0;8;19;13;20;96;18;9;18;9
1728.0;7;19;12;21;94;20;9;19;9
1734.0;7;20;10;22;94;20;10;19;8
1740.0;9;21;10;20;95;17;11;18;9
1746.0;9;21;12;21;95;16;10;18;8
1752.0;12;18;14;20;94;15;9;20;8
1758.0;13;18;11;20;94;17;10;20;7
1764.0;14;18;10;22;94;16;10;18;8
1770.0;11;18;11;21;92;17;12;18;10
1776.0;11;19;12;21;90;18;12;18;9
1782.0;10;17;13;23;91;16;12;18;10
1788.0;8;18;15;22;91;16;11;19;10
1794.0;9;18;15;21;89;17;12;20;9
