#auto generated file!
12.0;49;41;52;49;37;46;56;45;35
18.0;47;42;51;52;40;47;56;43;32
24.0;45;43;47;54;45;48;53;44;31
30.0;44;44;48;54;49;46;50;46;29
36.0;40;43;46;56;51;49;49;49;27
42.0;38;42;43;57;54;50;46;49;31
48.0;35;43;39;61;55;47;44;50;36
54.0;32;44;38;61;58;48;44;50;35
60.0;32;46;35;63;60;48;45;49;32
66.0;29;46;38;65;63;45;43;48;33
72.0;31;49;35;64;64;46;44;45;32
78.0;29;49;37;62;66;44;44;47;32
84.0;27;50;35;62;68;47;44;47;30
90.0;23;52;35;63;68;47;44;46;32
96.0;25;52;34;59;70;50;41;47;32
102.0;25;53;33;58;73;52;38;46;32
108.0;27;56;34;58;74;48;32;49;32
114.0;27;55;30;57;78;50;30;52;31
120.0;25;55;29;60;83;48;32;53;25
126.0;25;56;26;61;84;48;31;52;27
132.0;25;54;27;58;86;47;35;49;29
138.0;24;50;31;57;88;48;32;52;28
144.0;22;49;31;59;91;48;31;52;27
150.0;22;50;33;60;90;47;29;48;31
156.0;25;50;30;56;92;45;32;48;32
162.0;24;52;33;55;92;47;33;46;28
168.0;22;52;29;53;92;51;33;49;29
174.0;22;49;27;56;93;49;32;52;30
180.0;23;51;25;54;95;48;32;53;29
186.0;22;53;23;55;101;44;37;48;27
192.0;21;56;21;57;101;43;40;48;23
198.0;23;54;21;56;102;40;39;50;25
204.0;26;51;25;52;104;41;37;47;27
210.0;27;51;24;51;105;39;35;49;29
216.0;29;53;22;51;110;41;35;46;23
222.0;29;52;22;51;111;41;34;47;23
228.0;32;53;17;51;113;41;35;45;23
234.0;34;53;20;52;113;44;29;43;22
240.0;35;53;23;54;112;44;27;44;18
246.0;32;51;25;54;114;41;26;47;20
252.0;29;51;24;53;113;43;24;49;24
258.0;26;52;23;51;116;42;23;51;26
264.0;28;51;23;51;115;41;23;53;25
270.0;28;50;25;50;120;40;23;51;23
276.0;27;50;27;47;121;39;22;51;26
282.0;26;46;28;44;122;41;23;54;26
288.0;28;46;27;43;124;41;21;52;28
294.0;27;47;25;43;127;43;19;53;26
300.0;29;46;25;43;130;42;17;51;27
306.0;27;46;27;44;132;45;15;49;25
312.0;26;48;27;42;132;46;15;50;24
318.0;26;46;27;41;137;45;16;49;23
324.0;27;44;22;43;140;43;15;51;25
330.0;27;48;19;44;141;41;17;48;25
336.0;27;44;17;46;141;40;18;52;25
342.0;28;41;16;47;140;41;20;51;26
348.0;21;42;16;47;141;47;23;48;25
354.0;21;40;16;44;144;46;23;49;27
360.0;23;40;17;45;142;46;23;45;29
366.0;24;41;19;44;138;45;23;45;31
372.0;23;41;19;44;138;44;23;47;31
378.0;25;42;20;41;141;45;21;48;27
384.0;21;45;18;43;142;45;20;51;25
390.0;19;45;17;45;142;44;21;53;24
396.0;20;46;18;40;143;45;21;50;27
402.0;21;47;17;38;145;43;22;48;29
408.0;22;47;14;38;143;46;21;49;30
414.0;24;50;14;39;140;45;20;49;29
420.0;21;49;18;39;144;44;17;49;29
426.0;22;46;19;39;145;44;16;51;28
432.0;20;41;19;42;147;46;19;51;25
438.0;20;41;21;41;146;47;18;51;25
444.0;22;37;20;43;147;48;19;47;27
450.0;20;36;20;46;149;47;21;46;25
456.0;18;33;17;51;151;47;21;45;27
462.0;18;32;19;50;151;44;25;46;25
468.0;19;32;20;47;149;47;24;46;26
474.0;19;30;20;46;148;49;24;48;26
480.0;20;30;19;46;148;48;23;49;27
486.0;19;32;19;44;148;48;23;51;26
492.0;18;34;20;44;149;48;25;50;22
498.0;19;36;19;45;152;48;26;48;17
504.0;21;34;18;45;152;45;25;48;22
510.0;20;34;21;43;153;45;24;51;19
516.0;18;39;21;42;154;44;23;51;18
522.0;18;39;20;41;156;42;24;52;18
528.0;21;36;23;42;156;42;20;51;19
534.0;19;35;23;42;156;44;20;49;22
540.0;21;37;24;43;156;42;18;49;20
546.0;21;38;25;44;156;39;18;50;19
552.0;19;39;25;46;158;35;17;51;20
558.0;18;38;28;45;158;34;19;48;22
564.0;19;36;27;42;159;34;20;52;21
570.0;20;35;27;40;158;38;20;51;21
576.0;21;31;28;39;161;37;18;54;21
582.0;23;30;29;37;163;36;19;54;19
588.0;20;33;30;36;164;38;15;55;19
594.0;20;33;32;35;163;36;13;55;23
600.0;19;35;31;33;165;37;13;56;21
606.0;19;34;26;33;168;37;11;59;23
612.0;16;35;26;32;170;39;13;58;21
618.0;17;33;26;31;172;39;14;57;21
624.0;15;33;27;32;172;39;17;54;21
630.0;14;36;24;29;173;39;19;53;23
636.0;11;37;23;27;173;47;19;49;24
642.0;15;37;21;27;171;45;21;49;24
648.0;16;37;19;29;171;44;23;47;24
654.0;16;39;17;32;169;49;19;45;24
660.0;14;39;16;34;172;49;19;44;23
666.0;13;38;16;33;173;51;21;45;20
672.0;13;38;18;33;175;50;17;45;21
678.0;11;41;19;32;174;47;20;47;19
684.0;10;44;21;34;176;42;18;49;16
690.0;12;44;19;32;174;44;18;51;16
696.0;13;41;24;31;174;46;15;49;17
702.0;14;44;21;31;174;45;17;48;16
708.0;16;44;16;32;176;46;15;47;18
714.0;18;43;14;32;174;47;17;48;17
720.0;17;44;16;33;176;46;16;47;15
726.0;12;45;16;36;182;45;16;43;15
732.0;10;48;17;36;184;46;14;44;11
738.0;10;51;15;33;186;43;14;45;13
744.0;8;50;18;35;188;38;16;44;13
750.0;9;50;18;35;189;37;14;43;15
756.0;10;53;15;37;187;36;16;42;14
762.0;12;53;14;37;187;35;16;42;14
768.0;14;50;16;36;184;35;17;41;17
774.0;10;48;18;36;184;34;19;43;18
780.0;10;49;17;36;183;37;17;45;16
786.0;13;49;18;36;181;36;17;43;17
792.0;12;50;16;35;183;35;15;44;20
798.0;11;48;16;37;181;36;16;43;22
804.0;12;50;17;37;181;34;16;42;21
810.0;12;48;18;35;181;34;16;42;24
816.0;14;46;18;39;182;36;15;38;22
822.0;14;48;17;38;182;38;13;37;23
828.0;14;47;19;39;181;38;16;36;20
834.0;16;45;19;38;180;40;17;36;19
840.0;17;44;19;39;181;41;15;37;17
846.0;15;44;21;39;180;39;16;38;18
852.0;14;43;18;37;182;35;19;40;22
858.0;13;42;20;36;182;33;19;40;25
864.0;15;41;22;36;182;33;19;41;21
870.0;16;42;22;35;184;32;18;40;21
876.0;14;44;22;35;186;32;17;41;19
882.0;17;43;22;36;185;35;18;36;18
888.0;16;40;18;36;188;37;18;37;20
894.0;16;40;14;38;189;36;19;38;20
900.0;17;38;15;40;187;35;21;37;20
906.0;17;40;16;42;185;38;20;36;16
912.0;15;38;16;42;184;39;17;38;21
918.0;15;41;16;42;184;37;17;38;20
924.0;16;41;15;45;183;35;20;36;19
930.0;15;43;17;43;185;32;21;37;17
936.0;16;43;15;43;183;34;21;37;18
942.0;18;45;15;41;183;34;19;37;18
948.0;14;46;16;40;183;35;22;35;19
954.0;15;47;16;39;181;37;21;35;19
960.0;14;45;18;41;183;34;20;34;21
966.0;15;43;18;43;181;36;18;35;21
972.0;17;40;20;41;179;37;18;37;21
978.0;15;43;19;42;179;37;21;35;19
984.0;11;40;20;44;181;37;19;36;22
990.0;11;41;16;45;182;39;20;36;20
996.0;13;39;19;42;182;41;20;35;19
1002.0;14;39;17;42;181;41;17;38;21
1008.0;14;38;17;42;183;44;15;37;20
1014.0;11;38;19;39;182;44;13;43;21
1020.0;14;38;16;41;182;42;16;39;22
1026.0;15;40;14;41;187;44;14;37;18
1032.0;14;42;14;42;186;44;14;36;18
1038.0;12;43;17;44;185;42;13;33;21
1044.0;12;42;17;44;185;43;13;34;20
1050.0;15;41;15;44;182;45;14;36;18
1056.0;17;42;20;42;181;40;15;38;15
1062.0;19;43;20;36;186;39;16;38;13
1068.0;21;44;16;35;190;39;14;38;13
1074.0;20;43;16;35;191;37;15;38;15
1080.0;20;42;18;36;189;37;13;40;15
1086.0;20;40;21;37;190;35;13;39;15
1092.0;22;39;21;39;190;34;12;39;14
1098.0;20;38;22;33;189;38;14;42;14
1104.0;18;38;23;32;193;36;11;45;14
1110.0;20;35;21;33;194;35;12;43;17
1116.0;20;36;24;36;195;33;14;39;13
1122.0;19;41;24;37;196;28;17;38;10
1128.0;17;40;22;39;197;26;16;39;14
1134.0;18;38;26;38;196;26;17;36;15
1140.0;16;41;23;35;198;27;18;36;16
1146.0;17;41;19;37;198;29;17;37;15
1152.0;17;42;20;34;197;28;20;36;16
1158.0;17;45;19;34;198;29;19;33;16
1164.0;16;46;17;35;197;29;18;37;15
1170.0;16;46;16;33;199;30;18;37;15
1176.0;16;48;17;36;196;28;16;37;16
1182.0;21;42;15;36;196;29;15;38;18
1188.0;20;41;15;36;198;29;17;38;16
1194.0;23;38;12;34;196;31;20;41;15
1200.0;23;36;13;32;196;32;24;38;16
1206.0;21;35;15;29;196;33;28;39;14
1212.0;19;37;17;31;197;32;24;40;13
1218.0;25;38;18;30;196;31;23;37;12
1224.0;26;38;18;32;196;31;21;34;14
1230.0;23;40;18;28;198;31;23;36;13
1236.0;21;38;18;28;198;36;20;39;12
1242.0;21;37;17;31;195;37;22;37;13
1248.0;23;39;17;32;192;40;20;37;10
1254.0;24;39;16;32;192;39;18;37;13
1260.0;21;39;17;31;191;39;19;38;15
1266.0;23;40;18;30;188;41;16;39;15
1272.0;21;37;21;28;188;42;16;41;16
1278.0;23;37;18;31;190;40;14;42;15
1284.0;21;37;20;30;191;39;11;42;19
1290.0;20;34;20;33;190;39;12;42;20
1296.0;20;33;22;32;190;36;15;41;21
1302.0;19;33;23;32;186;37;20;41;19
1308.0;20;33;24;30;186;36;21;40;20
1314.0;17;31;23;31;187;36;28;38;19
1320.0;15;28;23;34;185;40;25;39;21
1326.0;14;30;23;32;189;41;24;38;19
1332.0;17;28;25;30;191;42;21;39;17
1338.0;17;26;23;30;194;42;19;43;16
1344.0;15;27;23;30;196;42;19;42;16
1350.0;17;26;23;29;195;43;18;42;17
1356.0;16;28;21;29;197;42;19;39;19
1362.0;16;27;21;28;197;42;19;39;21
1368.0;17;28;19;29;198;43;22;38;16
1374.0;16;28;18;29;198;43;23;37;18
1380.0;18;31;20;29;197;43;20;37;15
1386.0;20;31;19;30;198;42;19;38;13
1392.0;19;32;21;29;197;42;21;36;13
1398.0;21;33;19;30;198;39;22;34;14
1404.0;23;35;19;27;197;40;23;34;12
1410.0;20;33;18;28;200;39;28;33;11
1416.0;19;33;16;28;200;40;30;33;11
1422.0;19;31;17;31;198;36;34;35;9
1428.0;15;30;18;30;198;36;37;36;10
1434.0;17;29;19;30;197;35;37;38;8
1440.0;21;29;21;29;195;37;34;37;7
1446.0;20;27;21;30;196;38;30;41;7
1452.0;19;28;20;29;196;40;30;39;9
1458.0;19;32;19;29;197;40;26;39;9
1464.0;18;32;20;32;194;40;26;38;10
1470.0;17;29;21;31;194;41;27;37;13
1476.0;18;29;20;29;195;46;27;33;13
1482.0;21;28;22;30;194;48;25;29;13
1488.0;19;28;23;30;191;47;25;31;16
1494.0;19;27;24;36;190;45;22;30;17
1500.0;18;26;23;37;191;47;22;31;15
1506.0;19;27;21;36;191;49;19;33;15
1512.0;19;26;22;37;191;49;17;34;15
1518.0;20;27;23;36;192;48;18;31;15
1524.0;18;29;25;40;191;46;17;31;13
1530.0;17;32;24;38;191;46;16;32;14
1536.0;19;29;24;40;190;48;17;32;11
1542.0;20;27;22;39;190;50;18;32;12
1548.0;18;28;23;36;186;51;20;35;13
1554.0;17;29;24;41;180;50;24;34;11
1560.0;15;30;25;41;181;50;22;33;13
1566.0;12;31;25;42;184;50;22;34;10
1572.0;12;31;24;46;183;50;20;34;10
1578.0;12;33;20;46;187;48;18;33;13
1584.0;14;34;22;46;188;43;18;32;13
1590.0;16;31;24;47;186;40;20;31;15
1596.0;17;29;23;46;184;38;22;33;18
1602.0;15;29;23;44;187;39;20;35;18
1608.0;21;28;23;49;183;39;19;33;15
1614.0;20;31;25;48;185;37;20;31;13
1620.0;20;31;23;43;186;39;21;31;16
1626.0;21;31;20;42;190;40;19;31;16
1632.0;18;32;20;43;189;42;19;31;16
1638.0;15;33;19;42;189;45;21;34;12
1644.0;16;32;18;44;192;43;20;33;12
1650.0;19;32;15;45;192;40;23;33;11
1656.0;18;31;14;44;195;41;22;32;13
1662.0;21;34;11;44;193;42;21;31;13
1668.0;18;35;10;42;191;43;23;33;15
1674.0;19;33;11;40;194;40;25;33;15
1680.0;20;33;12;39;193;38;24;33;18
1686.0;21;33;14;38;190;39;24;33;18
1692.0;23;33;12;39;190;37;23;36;17
1698.0;23;31;14;38;192;38;21;35;18
1704.0;24;28;16;38;192;39;24;33;16
1710.0;24;32;19;36;189;36;24;33;17
1716.0;23;36;19;37;187;34;22;35;17
1722.0;23;34;18;37;186;34;24;36;18
1728.0;25;34;19;35;184;35;24;38;16
1734.0;24;33;20;35;185;34;26;38;15
1740.0;25;35;19;33;185;32;28;40;13
1746.0;21;35;22;34;185;30;30;38;15
1752.0;21;35;21;34;189;29;28;39;14
1758.0;18;35;22;35;188;31;30;38;13
1764.0;19;34;23;34;188;31;28;38;15
1770.0;19;35;23;33;186;30;29;38;17
1776.0;20;35;19;33;188;32;30;38;15
1782.0;19;36;21;29;182;34;29;39;21
1788.0;19;33;21;32;181;35;28;39;22
1794.0;17;30;23;35;184;35;29;36;21
