#auto generated file!
12.0;51;57;63;52;71;62;59;34;51
18.0;46;59;60;52;73;65;57;38;50
24.0;46;56;59;54;76;67;50;40;52
30.0;43;58;58;53;81;67;49;43;48
36.0;46;62;55;56;83;62;49;42;45
42.0;48;60;51;56;88;58;47;46;46
48.0;48;58;48;59;90;60;44;51;42
54.0;45;52;52;58;95;59;44;54;41
60.0;42;56;50;59;96;58;46;56;37
66.0;38;53;52;57;99;61;42;60;38
72.0;36;55;50;59;102;63;39;60;36
78.0;38;55;51;62;104;61;31;61;37
84.0;40;55;47;64;106;60;30;64;34
90.0;39;55;45;65;109;62;31;58;36
96.0;35;59;44;66;111;60;32;58;35
102.0;36;58;42;65;113;64;30;58;34
108.0;34;56;41;66;117;65;29;58;34
114.0;38;54;45;68;118;62;30;54;31
120.0;37;54;44;63;120;60;34;54;34
126.0;36;49;45;62;127;58;33;57;33
132.0;39;54;41;61;131;59;30;56;29
138.0;38;49;41;59;134;60;30;57;32
144.0;35;50;43;59;139;60;28;56;30
150.0;31;50;44;60;142;60;23;60;30
156.0;32;50;42;59;144;57;24;61;31
162.0;31;49;41;62;146;57;22;60;32
168.0;31;54;38;62;146;59;24;58;28
174.0;29;52;38;59;147;60;27;60;28
180.0;27;54;41;60;146;60;25;61;26
186.0;27;53;38;61;147;61;25;63;25
192.0;32;56;31;58;144;64;23;65;27
198.0;35;55;29;55;144;64;26;65;27
204.0;31;57;29;54;145;64;26;66;28
210.0;33;57;27;54;151;61;24;66;27
216.0;28;52;29;56;153;63;21;67;31
222.0;27;53;32;56;153;60;20;69;30
228.0;26;55;35;54;155;59;22;65;29
234.0;25;56;34;51;158;60;22;66;28
240.0;25;56;32;55;157;62;21;65;27
246.0;22;54;27;58;159;63;23;64;30
252.0;23;54;29;60;161;62;23;62;26
258.0;22;54;28;62;165;62;23;61;23
264.0;19;56;30;60;167;59;28;58;23
270.0;20;56;31;63;167;58;29;58;18
276.0;25;57;30;65;167;53;26;56;21
282.0;28;58;28;62;166;56;26;56;20
288.0;30;58;25;63;166;56;31;54;17
294.0;28;59;24;59;168;58;34;52;18
300.0;26;63;24;60;168;58;31;48;22
306.0;28;63;23;62;169;55;33;48;19
312.0;28;63;21;64;171;55;32;47;19
318.0;28;63;21;68;173;49;29;49;20
324.0;29;60;19;70;177;50;27;49;19
330.0;31;59;19;68;181;51;23;50;18
336.0;25;61;19;68;183;50;22;53;19
342.0;27;59;16;67;181;48;24;51;27
348.0;27;57;14;63;182;52;25;48;32
354.0;25;57;15;60;188;54;24;47;30
360.0;23;58;16;61;189;53;26;47;27
366.0;20;55;18;62;189;53;30;46;27
372.0;20;50;16;69;193;53;26;49;24
378.0;22;56;14;67;192;50;26;48;25
384.0;24;58;14;70;190;44;26;49;25
390.0;21;59;15;67;197;43;23;50;25
396.0;19;56;17;67;199;41;24;51;26
402.0;17;56;19;69;201;40;24;49;25
408.0;19;54;16;68;204;41;26;50;22
414.0;20;53;18;69;202;40;25;48;25
420.0;23;55;19;69;204;38;25;44;23
426.0;25;57;20;69;204;38;22;45;20
432.0;23;56;22;66;206;39;22;47;19
438.0;23;52;23;62;208;43;17;48;24
444.0;24;53;23;61;204;45;17;51;22
450.0;17;53;25;65;202;45;17;54;22
456.0;18;51;24;64;201;46;19;56;21
462.0;18;53;25;61;195;44;23;59;22
468.0;16;53;25;61;196;44;23;61;21
474.0;19;52;25;60;195;46;22;59;22
480.0;26;53;22;60;196;45;22;57;19
486.0;24;53;20;57;200;47;22;53;24
492.0;24;54;22;59;199;41;21;57;23
498.0;24;55;24;56;197;39;25;57;23
504.0;25;53;21;59;194;44;24;57;23
510.0;23;49;23;59;195;44;23;59;25
516.0;22;46;25;61;200;47;24;54;21
522.0;20;45;25;57;198;48;27;56;24
528.0;23;46;30;57;195;50;26;55;18
534.0;22;48;30;57;194;51;25;54;19
540.0;23;47;31;55;192;49;29;52;22
546.0;22;45;29;55;192;50;32;55;20
552.0;24;45;23;55;192;53;31;57;20
558.0;23;49;27;52;191;53;27;58;20
564.0;25;53;31;50;191;51;27;56;16
570.0;24;52;34;51;194;49;24;53;19
576.0;24;51;31;53;193;46;29;52;21
582.0;25;49;33;53;195;45;27;50;23
588.0;24;51;31;55;198;45;28;45;23
594.0;25;52;31;56;200;45;27;44;20
600.0;27;51;29;55;201;46;29;43;19
606.0;27;50;30;57;203;45;29;41;18
612.0;25;48;31;57;201;45;28;42;23
618.0;29;48;32;52;201;45;29;41;23
624.0;28;50;28;47;200;48;32;44;23
630.0;32;46;28;46;201;49;31;44;23
636.0;26;47;28;47;201;47;33;45;26
642.0;27;47;27;47;202;47;32;46;25
648.0;25;50;27;46;201;46;32;47;26
654.0;27;47;26;47;207;47;28;46;25
660.0;27;50;30;45;206;40;28;48;26
666.0;24;48;33;46;208;40;24;52;25
672.0;23;51;32;46;206;43;22;52;25
678.0;23;52;29;47;207;44;25;50;23
684.0;20;54;28;50;206;49;26;46;21
690.0;25;52;27;49;208;48;26;44;21
696.0;23;52;26;46;209;47;29;46;22
702.0;22;52;25;49;212;46;27;47;20
708.0;21;52;24;49;214;43;27;49;21
714.0;21;47;21;51;215;44;28;49;24
720.0;19;45;25;51;215;43;31;46;25
726.0;20;46;24;50;218;44;28;47;23
732.0;17;46;22;55;219;47;29;47;18
738.0;17;45;24;56;221;48;27;46;16
744.0;17;48;28;50;222;50;23;46;16
750.0;18;49;29;49;220;48;22;45;20
756.0;18;46;28;52;221;46;20;45;24
762.0;19;48;28;50;220;47;20;45;23
768.0;19;49;28;49;221;47;21;45;21
774.0;21;48;29;48;226;45;18;43;22
780.0;19;49;30;47;226;43;20;45;21
786.0;17;45;27;49;227;45;27;42;21
792.0;18;45;28;44;228;45;25;40;27
798.0;19;42;30;44;227;46;23;44;25
804.0;20;43;31;45;229;42;22;43;25
810.0;20;42;25;46;228;44;27;44;24
816.0;20;41;26;45;228;40;30;46;24
822.0;21;39;29;47;226;38;26;46;28
828.0;23;39;28;47;226;39;25;46;27
834.0;20;37;30;51;229;39;23;43;28
840.0;19;34;32;53;229;39;24;44;26
846.0;16;34;31;53;232;39;27;44;24
852.0;17;32;32;52;233;38;25;45;26
858.0;17;32;33;51;235;41;24;44;23
864.0;21;34;31;51;232;41;24;43;23
870.0;22;37;30;51;227;40;28;42;23
876.0;25;38;25;48;227;41;30;41;25
882.0;22;41;21;48;229;46;27;40;26
888.0;24;41;20;45;231;46;28;41;24
894.0;26;44;20;45;231;43;29;41;21
900.0;24;47;18;43;233;44;29;43;19
906.0;25;48;19;45;233;43;25;43;19
912.0;26;50;20;46;229;45;23;41;20
918.0;24;47;19;44;230;47;22;45;22
924.0;25;46;20;46;231;49;18;41;24
930.0;26;46;20;46;228;48;19;42;25
936.0;29;42;21;49;228;48;19;42;22
942.0;30;40;22;46;229;48;21;41;23
948.0;28;41;21;50;229;45;24;39;23
954.0;29;45;19;52;225;47;23;43;17
960.0;23;44;21;51;226;49;25;43;18
966.0;26;42;18;52;227;51;26;42;16
972.0;26;43;18;52;227;49;27;42;16
978.0;25;43;18;51;230;49;26;43;15
984.0;23;48;19;50;229;50;22;43;16
990.0;20;52;20;48;225;47;23;46;19
996.0;20;49;19;52;219;48;27;47;19
1002.0;17;49;18;50;220;47;28;50;21
1008.0;18;48;17;54;223;45;25;50;20
1014.0;16;46;16;54;224;47;24;54;19
1020.0;15;50;16;55;223;45;23;52;21
1026.0;14;50;16;58;223;45;22;50;22
1032.0;15;49;19;60;221;45;18;53;20
1038.0;15;51;19;62;220;46;17;49;21
1044.0;18;48;20;62;219;45;17;47;24
1050.0;19;45;19;64;217;47;19;44;26
1056.0;20;42;19;63;217;45;22;47;25
1062.0;22;43;20;60;217;44;26;43;25
1068.0;21;44;21;60;216;42;26;43;27
1074.0;20;40;21;60;218;44;27;39;31
1080.0;22;42;19;62;218;44;24;39;30
1086.0;25;40;18;65;218;44;22;38;30
1092.0;24;39;17;62;218;45;24;38;33
1098.0;21;39;16;59;222;48;23;37;35
1104.0;23;41;16;59;219;49;21;38;34
1110.0;24;43;16;59;220;47;23;36;32
1116.0;26;44;19;59;218;43;26;35;30
1122.0;27;44;21;57;219;44;26;33;29
1128.0;24;42;21;61;218;41;31;31;31
1134.0;26;40;22;63;218;41;28;31;31
1140.0;28;39;25;62;218;38;28;33;29
1146.0;26;41;23;64;218;40;29;30;29
1152.0;28;44;20;62;215;41;28;32;30
1158.0;25;46;21;58;218;43;28;32;29
1164.0;25;44;28;58;215;43;28;33;26
1170.0;24;42;25;56;218;45;27;35;28
1176.0;20;42;29;54;217;45;30;36;27
1182.0;19;40;28;52;220;48;28;37;28
1188.0;20;40;27;53;218;48;29;41;24
1194.0;25;41;25;51;220;48;27;42;21
1200.0;26;38;22;51;221;45;28;46;23
1206.0;26;37;22;52;220;45;30;45;23
1212.0;30;35;27;53;221;44;26;45;19
1218.0;33;33;28;54;217;44;26;45;20
1224.0;36;33;30;50;218;40;25;49;19
1230.0;36;31;32;49;219;42;26;49;16
1236.0;31;35;31;50;217;45;26;47;18
1242.0;29;34;35;47;218;45;27;46;19
1248.0;29;34;28;46;223;47;30;44;19
1254.0;28;35;26;46;226;49;25;45;20
1260.0;27;36;24;46;226;49;26;46;20
1266.0;30;39;24;47;224;48;25;43;20
1272.0;26;42;25;47;220;50;26;44;20
1278.0;25;44;22;45;219;53;26;44;22
1284.0;25;44;20;45;220;49;26;44;27
1290.0;29;44;17;42;223;50;27;43;25
1296.0;27;44;21;43;224;49;23;44;25
1302.0;25;46;23;42;227;47;19;47;24
1308.0;26;48;25;41;229;44;19;47;21
1314.0;27;46;25;40;230;45;17;47;23
1320.0;27;46;22;42;229;46;21;45;22
1326.0;32;42;23;40;232;47;17;44;23
1332.0;32;42;22;39;235;49;15;45;21
1338.0;30;44;22;39;233;48;14;45;25
1344.0;31;43;20;40;235;46;12;44;29
1350.0;28;41;21;40;238;48;10;44;30
1356.0;32;41;20;41;232;51;14;42;27
1362.0;31;37;19;42;232;51;14;48;26
1368.0;32;34;20;45;232;49;17;46;25
1374.0;27;36;20;47;229;53;15;49;24
1380.0;25;37;16;51;226;53;14;53;25
1386.0;24;36;17;54;226;50;17;54;22
1392.0;24;35;19;55;223;51;15;54;24
1398.0;25;35;19;57;222;49;14;52;27
1404.0;30;34;17;55;222;50;11;56;25
1410.0;35;37;12;53;222;49;13;55;24
1416.0;36;39;15;55;221;46;14;53;21
1422.0;32;39;18;53;217;48;15;52;26
1428.0;33;37;20;51;218;48;15;52;26
1434.0;30;36;20;52;222;47;14;54;25
1440.0;29;38;20;50;219;47;14;57;26
1446.0;26;37;20;48;220;51;19;54;25
1452.0;28;42;23;49;219;52;14;47;26
1458.0;26;46;25;50;216;50;17;45;25
1464.0;26;45;25;49;217;49;17;42;30
1470.0;28;46;21;49;218;51;19;43;25
1476.0;31;44;20;49;220;52;18;42;24
1482.0;31;45;20;53;218;51;20;40;22
1488.0;34;43;22;54;218;49;20;42;18
1494.0;34;42;22;51;218;52;23;41;17
1500.0;35;42;24;50;219;52;20;42;16
1506.0;29;41;22;50;221;52;26;39;20
1512.0;29;40;20;52;224;53;28;35;19
1518.0;31;38;22;51;224;52;29;37;16
1524.0;30;37;22;50;222;53;32;38;16
1530.0;27;38;23;47;222;55;30;41;17
1536.0;24;38;27;48;223;51;30;41;18
1542.0;21;38;23;48;226;54;32;38;20
1548.0;21;37;26;46;227;50;39;36;18
1554.0;20;36;26;48;227;52;36;38;17
1560.0;16;44;26;48;226;50;35;34;21
1566.0;16;44;22;47;232;48;37;35;19
1572.0;16;43;20;46;232;49;38;36;20
1578.0;19;44;19;47;232;49;33;35;22
1584.0;20;47;18;48;231;49;25;37;25
1590.0;20;49;15;49;230;50;23;37;27
1596.0;17;50;16;50;232;46;22;40;27
1602.0;17;48;16;52;230;51;21;38;27
1608.0;15;45;16;51;231;55;20;38;29
1614.0;16;45;17;50;229;58;19;40;26
1620.0;18;45;18;48;230;59;18;38;26
1626.0;18;45;19;51;227;61;16;38;25
1632.0;19;45;19;50;226;61;16;38;26
1638.0;19;43;20;51;222;63;15;39;28
1644.0;22;44;18;52;227;61;13;38;25
1650.0;24;44;20;51;230;57;13;39;22
1656.0;25;42;20;52;229;56;15;40;21
1662.0;24;43;20;52;227;58;15;42;19
1668.0;22;44;25;50;224;60;14;43;18
1674.0;23;44;30;51;220;57;14;42;19
1680.0;22;44;31;50;221;57;12;43;20
1686.0;23;42;33;49;221;57;13;43;19
1692.0;23;42;32;50;223;58;13;41;18
1698.0;22;41;32;53;221;57;15;43;16
1704.0;22;40;30;56;221;53;15;45;18
1710.0;23;41;30;56;220;51;14;46;19
1716.0;20;41;27;53;221;52;16;50;20
1722.0;21;40;31;49;223;50;18;49;19
1728.0;26;43;29;54;216;50;20;46;16
1734.0;25;43;28;52;218;49;23;44;18
1740.0;21;46;30;50;215;49;25;42;22
1746.0;22;50;30;50;215;49;20;43;21
1752.0;20;53;28;47;215;52;19;44;22
1758.0;20;52;27;49;215;52;18;46;21
1764.0;20;52;26;50;216;55;18;41;22
1770.0;19;47;27;50;213;56;19;46;23
1776.0;20;50;27;49;212;54;23;46;19
1782.0;21;52;28;48;212;51;25;44;19
1788.0;21;53;27;47;216;54;24;40;18
1794.0;22;50;24;50;216;52;24;44;18
