#auto generated file!
12.0;25;21;19;36;44;34;26;40;35
18.0;24;24;19;36;45;30;26;40;36
24.0;24;25;19;33;46;31;27;41;34
30.0;25;22;20;32;53;33;24;42;29
36.0;26;23;17;31;54;33;24;43;29
42.0;27;24;16;32;53;34;19;45;30
48.0;26;26;14;32;54;36;16;46;30
54.0;26;25;14;32;56;36;17;46;28
60.0;27;27;15;31;58;35;16;43;28
66.0;25;28;14;30;58;34;17;46;28
72.0;23;27;16;34;58;37;13;46;26
78.0;21;24;18;36;60;36;11;49;25
84.0;20;25;19;36;60;38;12;47;23
90.0;21;25;19;37;62;39;11;48;18
96.0;21;26;16;41;62;42;10;46;16
102.0;21;26;16;41;63;42;12;43;16
108.0;18;27;16;39;68;40;13;44;15
114.0;17;29;15;41;70;37;12;43;16
120.0;17;30;14;40;72;37;12;42;16
126.0;13;29;14;41;75;37;13;42;16
132.0;11;32;14;40;75;38;11;42;17
138.0;10;32;14;39;75;39;10;43;18
144.0;10;30;13;39;80;38;9;43;18
150.0;10;30;13;40;82;40;8;41;16
156.0;8;30;13;41;84;39;8;42;15
162.0;8;30;16;40;85;38;10;40;13
168.0;8;30;19;39;81;42;10;39;12
174.0;12;28;16;41;82;41;9;37;14
180.0;13;27;14;40;82;42;9;39;14
186.0;14;24;15;39;81;43;12;38;14
192.0;11;23;13;39;83;45;15;36;15
198.0;8;25;16;41;84;43;15;34;14
204.0;8;26;16;41;83;45;15;32;14
210.0;8;26;20;40;83;44;16;29;14
216.0;9;25;18;41;83;44;14;30;16
222.0;9;28;19;41;80;44;14;29;16
228.0;12;26;19;41;81;45;14;27;15
234.0;16;27;18;42;83;42;13;26;13
240.0;16;29;18;43;83;43;11;25;12
246.0;13;31;18;41;86;40;13;27;11
252.0;13;27;17;39;88;42;16;27;11
258.0;14;26;16;39;89;43;14;28;11
264.0;13;27;19;39;88;43;11;30;10
270.0;13;27;16;39;88;44;12;30;11
276.0;15;27;16;39;88;41;12;30;12
282.0;15;31;16;38;90;39;11;28;12
288.0;16;32;17;34;91;37;12;29;12
294.0;15;30;16;34;93;37;13;29;13
300.0;15;26;15;33;95;40;12;31;13
306.0;14;26;16;33;94;40;11;31;15
312.0;14;22;16;32;95;39;17;30;15
318.0;10;22;15;34;96;37;19;30;17
324.0;10;22;13;34;97;37;21;29;17
330.0;11;23;15;33;97;33;20;32;16
336.0;12;25;16;32;95;32;20;32;16
342.0;12;27;15;31;97;29;18;35;16
348.0;9;24;13;33;102;31;17;37;14
354.0;11;22;14;33;102;31;15;38;14
360.0;12;22;14;31;103;31;15;37;15
366.0;13;23;15;29;106;30;15;34;15
372.0;15;24;16;29;104;31;12;36;13
378.0;15;27;14;27;104;32;11;39;11
384.0;12;26;13;26;104;32;11;45;11
390.0;14;26;14;26;104;33;11;41;11
396.0;13;26;14;26;103;32;12;43;11
402.0;14;27;13;23;103;32;13;43;12
408.0;14;24;13;25;104;31;14;43;12
414.0;15;24;13;24;101;31;15;45;12
420.0;14;22;16;23;100;31;17;46;11
426.0;14;22;16;24;100;33;13;46;12
432.0;13;25;16;24;102;31;13;46;10
438.0;15;26;15;24;101;32;14;42;11
444.0;15;26;15;25;102;32;14;40;11
450.0;16;24;15;25;103;34;13;40;10
456.0;16;25;16;24;105;36;14;34;10
462.0;17;24;15;24;104;39;13;33;11
468.0;14;27;16;25;103;38;12;34;11
474.0;16;27;16;26;104;36;12;33;10
480.0;17;27;17;25;104;34;12;33;11
486.0;20;27;17;23;106;34;10;33;10
492.0;18;24;17;23;108;33;11;34;12
498.0;20;23;17;23;111;30;12;34;10
504.0;21;24;18;24;109;29;12;34;9
510.0;23;25;20;24;108;26;8;34;12
516.0;21;26;18;28;107;25;10;35;10
522.0;20;25;15;32;108;24;12;35;9
528.0;20;27;18;30;107;25;12;34;7
534.0;21;27;17;30;107;25;12;34;7
540.0;24;24;18;28;107;28;13;32;6
546.0;25;24;17;28;109;23;14;33;7
552.0;26;25;16;26;108;23;14;33;9
558.0;27;25;17;26;111;22;15;28;9
564.0;27;23;20;28;111;21;16;26;8
570.0;27;21;18;30;109;21;17;28;9
576.0;26;20;16;28;112;23;18;29;8
582.0;24;19;17;30;113;23;13;30;11
588.0;23;20;17;31;110;25;12;30;12
594.0;19;22;19;30;110;24;14;30;12
600.0;15;22;18;29;114;23;13;31;15
606.0;15;21;19;34;113;24;13;30;11
612.0;15;23;18;33;112;25;13;29;12
618.0;12;22;15;32;114;28;12;29;16
624.0;12;23;14;30;117;27;11;26;20
630.0;13;22;16;31;117;26;12;25;18
636.0;11;23;14;29;119;26;12;28;18
642.0;11;24;16;29;122;26;9;27;16
648.0;11;23;11;29;122;25;10;30;19
654.0;10;22;14;27;122;27;11;30;17
660.0;8;21;14;26;124;27;13;31;16
666.0;9;21;16;24;127;27;12;29;15
672.0;10;21;17;25;127;26;9;30;15
678.0;12;20;16;25;126;25;9;30;17
684.0;11;19;17;25;125;24;9;32;18
690.0;12;19;18;24;123;24;11;32;17
696.0;12;19;16;23;123;23;10;33;21
702.0;11;18;18;23;122;24;10;32;22
708.0;11;18;17;24;123;25;9;33;20
714.0;11;17;21;23;120;26;8;32;22
720.0;12;20;19;23;121;28;9;29;19
726.0;13;20;19;21;122;28;9;30;18
732.0;13;22;18;20;122;28;7;32;18
738.0;12;25;17;20;123;27;6;34;16
744.0;11;26;17;21;124;28;7;33;13
750.0;13;24;17;24;124;28;5;33;12
756.0;12;26;18;24;123;30;6;32;9
762.0;12;24;16;24;125;29;8;33;9
768.0;11;24;16;23;127;27;10;32;10
774.0;11;23;16;25;126;29;8;30;12
780.0;13;22;14;22;129;29;11;28;12
786.0;13;22;14;21;131;28;10;30;11
792.0;13;21;13;23;131;27;8;29;15
798.0;14;19;12;25;130;28;7;30;15
804.0;12;18;14;23;131;28;10;29;15
810.0;13;17;14;24;131;27;12;28;14
816.0;12;16;13;21;134;28;13;28;15
822.0;10;15;7;22;140;28;15;27;16
828.0;12;16;8;23;135;28;16;24;18
834.0;13;19;8;23;136;25;15;22;19
840.0;13;22;7;22;138;25;15;22;16
846.0;14;25;7;21;139;24;16;22;12
852.0;14;26;8;20;138;21;17;23;13
858.0;13;24;9;19;139;19;19;24;14
864.0;15;22;9;17;139;19;18;24;17
870.0;16;27;10;15;137;19;18;21;17
876.0;17;24;11;18;133;21;18;20;18
882.0;14;23;11;18;134;20;19;19;22
888.0;13;26;11;19;134;19;19;20;19
894.0;11;26;11;19;137;18;19;21;18
900.0;10;26;10;18;137;21;20;20;18
906.0;13;26;12;19;133;23;15;22;17
912.0;14;23;13;20;133;23;15;21;18
918.0;14;22;13;21;131;24;14;22;19
924.0;15;21;14;22;130;23;16;22;17
930.0;14;21;13;22;131;24;16;22;17
936.0;11;20;14;20;130;28;14;23;20
942.0;11;22;12;23;129;28;13;22;20
948.0;13;24;12;22;131;28;11;23;16
954.0;11;22;12;25;131;29;13;23;14
960.0;11;22;12;27;130;28;15;20;15
966.0;12;22;13;25;130;26;16;23;13
972.0;9;22;12;26;130;24;19;23;15
978.0;9;23;12;26;129;30;17;20;14
984.0;12;23;10;26;126;30;16;21;16
990.0;15;22;9;25;127;28;18;20;16
996.0;18;22;9;24;127;27;21;17;15
1002.0;18;21;9;24;126;29;21;16;16
1008.0;17;21;9;25;125;29;22;17;15
1014.0;17;20;9;24;126;30;21;17;16
1020.0;16;21;8;24;124;29;21;20;17
1026.0;14;20;9;24;125;30;21;20;17
1032.0;13;19;9;26;128;28;21;20;16
1038.0;15;17;9;30;127;27;21;19;15
1044.0;16;21;11;30;126;23;16;21;16
1050.0;15;22;11;30;128;23;15;23;13
1056.0;19;22;10;30;127;23;12;23;14
1062.0;23;22;10;26;129;24;11;24;11
1068.0;21;22;11;25;131;24;12;24;10
1074.0;18;23;14;24;132;22;10;27;10
1080.0;16;21;12;28;132;23;13;27;8
1086.0;12;23;11;27;134;22;15;27;9
1092.0;12;24;11;27;130;24;14;28;10
1098.0;11;24;10;26;129;26;12;32;10
1104.0;10;24;12;25;127;27;13;33;9
1110.0;10;25;11;25;124;30;13;33;9
1116.0;12;28;11;24;125;33;12;28;7
1122.0;12;27;9;23;128;33;14;27;7
1128.0;14;27;9;22;128;33;13;27;7
1134.0;15;25;11;22;129;33;12;26;7
1140.0;15;25;13;21;127;35;14;22;8
1146.0;13;27;15;21;128;33;15;21;7
1152.0;14;28;15;24;124;32;16;20;7
1158.0;13;28;14;26;125;31;17;19;7
1164.0;14;30;14;24;125;29;18;19;7
1170.0;12;29;14;27;126;30;20;18;4
1176.0;14;28;14;26;126;30;20;16;6
1182.0;14;28;13;25;126;31;20;14;9
1188.0;13;26;14;25;128;32;18;14;10
1194.0;13;26;14;26;129;32;15;15;10
1200.0;13;28;12;27;127;33;13;17;10
1206.0;11;27;13;29;125;32;12;17;14
1212.0;11;29;12;29;123;33;10;19;14
1218.0;11;28;12;27;125;30;10;22;15
1224.0;12;28;10;26;126;31;10;23;14
1230.0;11;28;12;28;123;31;10;23;14
1236.0;11;24;14;28;123;33;10;24;13
1242.0;13;26;13;29;121;30;8;27;13
1248.0;12;27;12;30;121;27;11;25;15
1254.0;13;27;10;31;121;26;10;25;17
1260.0;12;27;9;33;121;27;9;26;16
1266.0;11;28;12;34;122;24;9;26;14
1272.0;12;27;14;35;123;25;7;25;12
1278.0;14;27;13;35;123;26;7;25;10
1284.0;16;24;13;39;121;26;6;25;10
1290.0;18;22;17;37;120;24;5;25;12
1296.0;17;24;16;39;120;24;3;23;14
1302.0;19;26;13;38;122;23;2;23;14
1308.0;17;25;13;39;120;23;3;24;16
1314.0;15;25;11;38;119;25;4;23;20
1320.0;15;27;11;37;117;25;6;24;18
1326.0;18;24;11;36;120;25;4;22;20
1332.0;18;28;13;32;120;20;7;21;21
1338.0;17;29;14;34;121;19;5;20;21
1344.0;17;28;15;33;122;20;6;20;19
1350.0;22;28;14;30;124;21;5;17;19
1356.0;21;29;13;28;124;21;6;16;22
1362.0;22;33;12;29;121;22;7;16;18
1368.0;21;34;13;29;121;19;7;16;20
1374.0;24;34;12;29;121;18;8;14;20
1380.0;21;35;12;29;121;18;9;14;21
1386.0;20;33;9;31;124;20;9;13;21
1392.0;23;31;10;31;122;19;10;12;22
1398.0;24;32;11;31;121;19;10;13;19
1404.0;22;31;11;32;121;21;9;12;21
1410.0;22;31;9;32;122;21;10;12;21
1416.0;20;29;12;30;121;24;11;11;22
1422.0;19;33;11;31;120;23;12;12;19
1428.0;17;34;9;31;121;21;13;14;20
1434.0;17;35;10;31;122;20;12;12;21
1440.0;18;37;6;29;123;22;13;12;20
1446.0;17;36;8;29;121;21;15;12;21
1452.0;17;34;8;30;122;20;17;11;21
1458.0;19;29;9;31;122;19;19;12;20
1464.0;21;30;10;29;121;17;20;13;19
1470.0;19;28;11;29;122;19;20;12;20
1476.0;17;31;11;27;120;19;20;14;21
1482.0;19;28;13;30;121;20;18;15;16
1488.0;20;27;11;31;123;20;16;16;16
1494.0;22;29;12;28;123;18;15;18;15
1500.0;23;31;12;29;121;19;14;17;14
1506.0;25;29;11;28;122;17;15;18;15
1512.0;22;29;12;25;122;19;19;17;15
1518.0;21;29;13;25;122;20;17;17;16
1524.0;20;29;10;26;126;20;16;16;17
1530.0;15;28;10;27;126;25;17;17;15
1536.0;16;27;11;26;124;26;16;17;17
1542.0;14;27;12;29;125;24;16;19;14
1548.0;13;27;13;29;123;27;16;20;12
1554.0;13;27;11;30;124;27;17;20;11
1560.0;13;29;7;31;123;27;20;20;10
1566.0;13;29;8;29;122;26;18;21;14
1572.0;11;28;7;29;124;26;20;19;16
1578.0;11;26;10;30;123;25;20;20;15
1584.0;13;27;9;33;119;26;21;18;14
1590.0;13;28;12;30;119;25;22;19;12
1596.0;14;26;10;32;123;25;19;21;10
1602.0;14;26;8;28;124;26;19;23;12
1608.0;15;25;9;28;123;25;19;23;13
1614.0;17;23;9;27;126;24;19;25;10
1620.0;16;22;7;27;126;26;19;28;9
1626.0;15;21;5;28;129;26;18;28;10
1632.0;16;22;5;27;126;28;20;27;9
1638.0;13;24;7;25;129;29;17;27;9
1644.0;15;18;9;25;129;28;18;29;9
1650.0;13;19;8;24;130;29;18;27;12
1656.0;11;19;7;23;128;33;18;30;11
1662.0;15;21;6;22;125;33;18;30;10
1668.0;15;22;8;19;122;34;18;30;12
1674.0;14;23;8;20;121;33;19;29;13
1680.0;13;22;9;19;120;32;19;29;17
1686.0;13;23;11;21;118;30;17;28;19
1692.0;14;23;11;23;115;31;16;27;20
1698.0;14;24;12;22;117;25;17;25;24
1704.0;13;22;12;23;115;27;16;25;27
1710.0;14;25;13;22;114;26;19;23;24
1716.0;14;27;10;21;115;27;19;24;23
1722.0;14;26;10;20;117;28;19;25;21
1728.0;14;29;10;20;118;30;14;25;20
1734.0;15;28;11;21;118;30;12;26;19
1740.0;17;27;14;19;120;31;11;24;17
1746.0;16;28;12;21;122;33;9;24;15
1752.0;18;27;12;21;123;32;8;25;14
1758.0;22;26;14;20;124;31;8;24;11
1764.0;23;26;14;20;125;31;9;24;8
1770.0;25;23;12;21;125;30;9;25;10
1776.0;24;25;13;18;126;30;10;24;10
1782.0;24;27;14;17;126;31;10;21;10
1788.0;25;26;14;18;127;32;8;18;12
1794.0;24;26;16;19;128;32;7;16;12
