#auto generated file!
12.0;27;37;37;29;27;37;28;30;38
18.0;25;37;38;31;29;38;29;28;35
24.0;25;37;37;30;29;41;26;29;36
30.0;27;37;37;28;32;41;26;29;33
36.0;26;38;35;30;33;42;24;29;33
42.0;25;36;33;32;35;45;22;34;28
48.0;24;36;34;32;38;43;25;32;26
54.0;26;36;32;33;39;44;27;31;22
60.0;27;35;31;34;42;43;23;30;25
66.0;25;33;29;36;44;44;26;30;23
72.0;24;33;25;41;43;45;28;30;21
78.0;23;38;23;45;45;42;26;29;19
84.0;24;39;22;44;47;40;25;28;21
90.0;24;38;24;44;48;37;22;30;23
96.0;26;35;22;43;49;38;21;35;21
102.0;30;33;21;49;47;36;21;34;19
108.0;27;36;22;47;53;33;21;34;17
114.0;26;39;20;47;53;32;22;33;18
120.0;27;40;18;46;55;35;18;34;17
126.0;27;37;18;45;56;34;22;34;17
132.0;27;35;19;46;57;33;21;34;18
138.0;27;33;17;44;62;34;21;33;19
144.0;25;36;19;43;62;35;19;33;18
150.0;25;36;21;45;64;35;18;30;16
156.0;23;37;20;46;64;34;22;26;18
162.0;21;40;19;42;65;32;24;26;21
168.0;18;40;22;39;67;30;24;28;22
174.0;16;38;25;39;70;31;23;28;20
180.0;14;39;24;40;73;31;22;27;20
186.0;15;36;25;41;74;31;23;26;19
192.0;18;34;20;42;76;32;22;28;18
198.0;13;32;20;41;81;37;20;29;17
204.0;15;32;19;42;81;38;18;28;17
210.0;12;33;20;45;82;36;14;31;17
216.0;15;30;20;45;85;35;13;30;17
222.0;14;28;19;46;85;38;12;30;18
228.0;14;27;19;43;87;38;13;31;18
234.0;16;26;19;42;86;37;12;34;18
240.0;15;28;18;40;85;36;14;35;19
246.0;15;27;18;41;85;37;14;35;18
252.0;12;25;18;41;88;35;16;38;17
258.0;12;29;15;41;87;36;17;38;15
264.0;12;27;13;42;87;37;17;39;16
270.0;13;26;12;41;89;36;16;40;17
276.0;13;24;13;42;89;38;15;39;17
282.0;15;27;14;40;92;38;13;36;15
288.0;13;29;17;38;95;39;13;32;14
294.0;14;29;17;36;94;40;13;30;17
300.0;15;31;16;34;95;38;14;29;18
306.0;14;31;14;35;94;38;13;33;18
312.0;13;30;14;36;95;37;12;34;19
318.0;13;29;13;36;95;39;14;33;18
324.0;14;28;11;35;95;40;13;33;21
330.0;15;29;9;32;98;42;13;33;19
336.0;16;30;7;35;98;42;12;30;20
342.0;16;32;7;33;100;40;13;28;21
348.0;15;33;6;31;101;39;15;29;21
354.0;17;30;6;34;98;39;15;28;23
360.0;16;31;5;34;97;38;15;31;23
366.0;17;32;5;32;98;36;16;30;24
372.0;18;35;6;30;99;35;15;29;23
378.0;16;37;7;31;100;34;17;27;21
384.0;19;37;6;30;102;35;13;26;22
390.0;20;33;6;32;102;34;17;27;19
396.0;19;33;5;33;103;36;16;29;16
402.0;17;33;3;32;104;35;12;35;19
408.0;13;32;5;34;106;33;13;35;19
414.0;13;31;5;34;108;31;12;36;20
420.0;14;31;9;35;109;30;12;32;18
426.0;13;29;6;38;110;32;12;30;20
432.0;14;27;6;41;109;32;13;27;21
438.0;17;31;6;40;107;32;12;24;21
444.0;17;31;4;40;105;33;13;26;21
450.0;17;29;3;39;105;35;14;27;21
456.0;16;27;6;40;105;35;13;25;23
462.0;15;25;9;41;106;34;13;26;21
468.0;17;27;8;39;107;35;10;27;20
474.0;17;25;8;36;109;35;11;30;19
480.0;14;26;10;37;111;33;12;30;17
486.0;12;24;12;36;109;34;14;31;18
492.0;16;24;11;34;109;34;15;28;19
498.0;16;26;11;35;109;35;13;28;17
504.0;15;27;12;31;112;37;11;29;16
510.0;16;27;12;30;110;36;13;29;17
516.0;14;28;13;28;112;36;13;29;17
522.0;14;27;13;30;113;35;12;29;17
528.0;15;27;14;28;111;36;12;28;19
534.0;15;24;14;29;113;36;14;25;20
540.0;15;23;14;28;115;38;11;24;22
546.0;15;23;15;29;112;39;10;25;22
552.0;16;21;12;28;112;40;10;25;26
558.0;17;20;13;28;113;40;12;24;23
564.0;17;21;12;27;114;41;9;25;24
570.0;16;20;13;29;116;38;9;27;22
576.0;16;18;11;29;116;39;8;32;21
582.0;16;19;11;29;116;38;7;32;22
588.0;21;20;8;28;116;35;7;32;23
594.0;22;23;7;26;115;34;7;32;24
600.0;20;22;10;25;117;37;6;32;21
606.0;19;22;10;25;118;35;7;32;22
612.0;19;24;10;25;116;36;6;32;22
618.0;17;23;10;26;115;38;8;31;22
624.0;17;22;9;27;118;36;8;33;20
630.0;21;20;10;25;120;33;8;33;20
636.0;22;21;9;24;118;36;9;31;20
642.0;19;20;9;25;118;37;9;31;22
648.0;18;23;11;25;117;31;12;31;22
654.0;18;25;11;25;117;30;14;29;21
660.0;17;24;12;26;114;33;12;32;20
666.0;18;25;11;26;112;35;12;31;20
672.0;18;26;10;26;111;36;12;30;21
678.0;18;27;9;25;111;36;14;31;19
684.0;20;29;7;24;114;37;11;32;16
690.0;18;29;6;23;116;38;13;31;16
696.0;16;34;4;27;115;34;9;31;20
702.0;16;33;6;25;117;34;8;31;20
708.0;17;33;6;26;116;32;8;33;19
714.0;18;33;8;24;117;32;7;32;19
720.0;16;34;9;24;117;33;9;31;17
726.0;13;35;9;25;118;33;10;31;16
732.0;15;38;8;23;118;31;12;29;16
738.0;16;37;8;22;119;31;12;29;16
744.0;15;36;7;24;119;29;11;30;19
750.0;13;35;8;26;117;30;11;33;17
756.0;13;33;7;27;118;29;12;34;17
762.0;12;34;7;28;120;28;12;32;17
768.0;12;34;7;25;123;29;13;32;15
774.0;11;34;5;26;122;32;13;31;16
780.0;11;34;6;28;120;30;11;29;21
786.0;11;35;6;28;118;32;8;29;23
792.0;11;36;8;27;118;32;9;27;22
798.0;13;36;6;27;118;29;12;26;23
804.0;12;34;7;26;121;29;13;27;21
810.0;12;31;7;27;123;28;14;27;21
816.0;13;30;6;27;124;27;12;30;21
822.0;12;28;5;30;125;26;11;31;22
828.0;14;28;4;29;126;30;8;31;20
834.0;15;29;6;27;127;28;8;30;20
840.0;12;29;8;28;126;28;6;32;21
846.0;8;30;10;26;126;30;7;35;18
852.0;7;32;12;26;126;28;9;35;15
858.0;9;34;11;26;126;27;9;34;14
864.0;10;33;10;24;127;28;12;34;12
870.0;9;32;10;27;126;28;12;35;11
876.0;7;34;10;28;124;28;11;34;14
882.0;7;34;11;26;126;28;10;34;14
888.0;10;31;13;26;125;30;11;30;14
894.0;15;29;9;30;127;29;9;29;13
900.0;15;29;8;31;127;28;6;31;15
906.0;11;30;8;28;128;31;5;33;16
912.0;10;32;9;27;127;33;5;34;13
918.0;12;32;9;28;125;32;5;33;14
924.0;11;31;10;31;124;33;6;30;14
930.0;11;33;12;29;123;35;4;30;13
936.0;14;33;10;28;124;34;5;32;10
942.0;10;35;10;28;124;31;9;33;10
948.0;11;35;9;25;126;31;8;34;11
954.0;9;33;9;25;126;32;8;35;13
960.0;9;33;10;24;124;34;8;34;14
966.0;11;31;11;21;121;35;12;34;14
972.0;12;28;12;21;120;35;12;35;15
978.0;13;31;11;22;119;35;12;32;15
984.0;13;30;14;22;118;36;11;33;13
990.0;11;28;17;22;118;37;10;33;14
996.0;15;25;17;22;120;34;11;32;14
1002.0;15;27;17;23;117;34;9;33;15
1008.0;20;28;16;23;117;34;6;34;12
1014.0;17;25;18;21;119;33;9;34;14
1020.0;18;22;20;20;121;32;9;34;14
1026.0;18;21;16;22;122;33;12;33;13
1032.0;19;23;17;22;123;31;10;34;11
1038.0;20;25;14;25;123;30;11;31;11
1044.0;21;25;13;26;121;30;12;30;12
1050.0;22;27;12;25;119;30;11;31;13
1056.0;20;27;12;25;119;30;12;31;14
1062.0;18;26;12;23;121;29;13;32;16
1068.0;18;28;13;24;121;30;11;30;15
1074.0;16;31;10;24;120;30;16;27;16
1080.0;15;31;12;27;119;29;16;27;14
1086.0;15;30;14;27;121;28;15;26;14
1092.0;15;30;12;27;119;29;17;28;13
1098.0;15;30;11;28;117;28;19;28;14
1104.0;14;30;10;28;117;27;21;30;13
1110.0;14;31;13;28;116;28;20;29;11
1116.0;14;31;13;30;116;28;19;27;12
1122.0;14;31;13;30;116;29;15;27;15
1128.0;15;32;14;30;116;26;15;27;15
1134.0;14;32;13;31;117;24;15;26;18
1140.0;17;32;13;31;114;23;18;25;17
1146.0;16;29;12;30;115;22;20;27;19
1152.0;13;29;15;28;111;23;18;30;23
1158.0;14;29;14;28;111;24;17;31;22
1164.0;15;28;12;29;112;23;17;30;24
1170.0;15;31;12;30;112;23;14;30;23
1176.0;14;29;11;31;112;23;17;30;23
1182.0;13;28;11;33;111;23;20;30;21
1188.0;13;29;10;36;111;24;19;30;18
1194.0;9;27;11;37;112;25;19;31;19
1200.0;8;29;11;38;114;25;18;29;18
1206.0;7;29;14;36;114;24;18;30;18
1212.0;7;31;11;32;114;28;16;33;18
1218.0;9;29;12;33;115;29;15;32;16
1224.0;10;30;10;34;112;30;14;34;16
1230.0;10;30;10;30;113;28;18;37;14
1236.0;10;30;10;27;113;28;18;38;16
1242.0;11;29;11;29;111;27;16;39;17
1248.0;11;29;12;29;111;27;16;38;17
1254.0;11;28;13;32;109;26;14;39;18
1260.0;12;26;13;31;110;28;15;39;16
1266.0;12;27;12;31;109;29;13;36;21
1272.0;12;27;14;30;109;32;12;35;19
1278.0;10;28;12;30;113;31;12;34;20
1284.0;12;29;11;31;113;31;10;33;20
1290.0;15;28;9;34;114;32;10;30;18
1296.0;15;27;12;32;112;30;9;34;19
1302.0;13;28;17;33;110;30;9;33;17
1308.0;12;29;18;31;110;29;10;34;17
1314.0;12;29;15;32;110;29;11;35;17
1320.0;10;29;16;32;109;30;11;36;17
1326.0;11;26;17;30;110;34;11;36;15
1332.0;12;27;17;29;110;31;12;37;15
1338.0;12;29;15;29;110;33;13;36;13
1344.0;13;29;15;29;111;32;14;35;12
1350.0;14;28;15;31;111;32;14;32;13
1356.0;10;28;19;32;112;31;14;32;12
1362.0;12;30;18;31;112;31;13;30;13
1368.0;10;31;16;36;112;31;11;30;13
1374.0;8;32;17;34;112;33;11;30;13
1380.0;9;31;19;35;111;33;10;29;13
1386.0;12;31;18;36;112;33;9;27;12
1392.0;11;32;19;35;113;35;9;25;11
1398.0;11;32;16;34;112;35;8;31;11
1404.0;13;32;17;32;111;31;9;30;15
1410.0;14;30;17;30;110;32;9;28;20
1416.0;15;28;17;33;109;31;11;27;19
1422.0;12;28;17;36;110;32;11;25;19
1428.0;13;27;15;34;110;33;13;26;19
1434.0;13;28;15;34;113;34;13;25;15
1440.0;14;28;13;33;112;35;15;26;14
1446.0;13;26;14;31;110;37;17;27;15
1452.0;15;26;14;29;112;35;15;29;15
1458.0;13;27;14;31;112;34;14;30;15
1464.0;13;27;14;29;113;35;15;29;15
1470.0;13;27;14;32;113;31;17;30;13
1476.0;14;29;14;33;113;32;17;27;11
1482.0;16;30;13;33;113;28;18;26;13
1488.0;15;32;14;33;113;28;16;26;13
1494.0;15;27;14;33;111;29;17;28;16
1500.0;13;29;15;32;111;29;16;27;18
1506.0;13;30;16;32;113;27;16;27;16
1512.0;12;30;17;34;115;25;16;26;15
1518.0;12;30;18;35;114;24;17;26;14
1524.0;12;30;17;32;117;23;18;27;14
1530.0;14;30;18;31;117;23;16;28;13
1536.0;16;33;17;30;115;23;17;28;11
1542.0;17;32;17;30;117;23;15;28;11
1548.0;17;34;16;28;114;26;14;31;10
1554.0;16;35;18;27;113;28;16;26;11
1560.0;16;36;14;26;115;28;18;24;13
1566.0;12;36;15;30;112;30;16;25;14
1572.0;13;37;14;29;112;29;17;24;15
1578.0;14;36;14;28;113;28;18;27;12
1584.0;15;37;13;30;114;29;16;26;10
1590.0;14;36;15;31;115;27;14;27;11
1596.0;11;32;18;33;116;25;14;25;16
1602.0;12;32;17;33;117;24;14;25;16
1608.0;10;34;19;33;119;25;12;23;15
1614.0;8;33;22;31;119;27;13;23;14
1620.0;10;30;21;32;119;27;14;21;16
1626.0;9;31;20;31;118;29;14;22;16
1632.0;11;27;21;29;119;31;16;21;15
1638.0;12;29;18;28;118;31;18;19;17
1644.0;11;28;18;27;117;31;22;21;15
1650.0;10;26;17;27;120;31;22;23;14
1656.0;9;26;20;26;120;32;23;22;12
1662.0;8;28;18;28;121;32;21;23;11
1668.0;7;28;19;28;122;31;18;28;9
1674.0;8;31;17;26;121;32;17;29;9
1680.0;8;32;17;28;121;30;15;28;11
1686.0;10;34;17;27;122;30;13;29;8
1692.0;12;35;16;26;120;29;14;29;9
1698.0;13;34;18;27;121;27;14;28;8
1704.0;11;33;16;27;119;31;15;27;11
1710.0;10;34;13;26;119;30;15;30;13
1716.0;10;32;16;25;121;31;12;30;13
1722.0;9;33;15;25;120;31;11;31;15
1728.0;11;32;15;26;121;29;11;31;14
1734.0;11;31;13;26;121;31;11;31;15
1740.0;16;33;15;25;119;27;11;31;13
1746.0;15;30;14;28;118;29;11;32;13
1752.0;17;28;15;25;118;29;12;34;12
1758.0;16;32;14;25;118;29;12;32;12
1764.0;17;28;11;24;119;27;15;34;15
1770.0;16;26;13;24;120;26;18;32;15
1776.0;13;28;13;25;121;26;20;29;15
1782.0;16;22;10;25;124;30;19;30;14
1788.0;13;24;13;24;126;28;16;32;14
1794.0;12;26;14;21;126;28;15;32;16
