#auto generated file!
12.0;37;52;46;39;50;41;45;54;46
18.0;39;52;46;41;51;42;43;54;42
24.0;38;54;45;44;57;44;36;54;38
30.0;37;56;50;42;58;43;32;57;35
36.0;36;60;46;43;58;45;30;58;34
42.0;37;63;45;42;60;47;28;53;35
48.0;37;64;43;42;59;47;29;57;32
54.0;36;62;41;44;62;48;28;58;31
60.0;36;62;42;42;65;43;29;60;31
66.0;36;61;42;42;69;45;31;55;29
72.0;33;59;41;44;72;43;32;56;30
78.0;32;60;41;41;73;42;34;57;30
84.0;28;61;43;39;79;42;36;56;26
90.0;29;62;43;38;81;40;34;58;25
96.0;31;60;38;40;85;41;34;56;25
102.0;32;60;33;35;87;45;33;58;27
108.0;35;60;31;33;89;45;35;57;25
114.0;35;63;27;31;90;46;33;56;29
120.0;38;64;25;30;91;47;30;57;28
126.0;38;62;26;29;90;48;33;59;25
132.0;37;60;26;30;93;49;30;60;25
138.0;34;62;24;33;95;49;27;59;27
144.0;34;63;23;36;95;49;27;55;28
150.0;35;65;22;35;98;45;31;54;25
156.0;34;63;21;39;99;44;27;56;27
162.0;33;58;22;41;99;49;25;57;26
168.0;33;53;18;42;100;54;24;58;28
174.0;32;52;19;46;100;53;26;56;26
180.0;30;50;21;47;102;53;23;59;25
186.0;32;48;19;46;102;55;20;60;28
192.0;32;46;17;48;105;56;20;59;27
198.0;30;43;17;52;103;58;24;57;26
204.0;30;44;16;53;104;58;21;57;27
210.0;29;41;20;49;104;59;24;58;26
216.0;29;41;21;50;103;57;23;60;26
222.0;27;45;21;49;103;56;23;62;24
228.0;25;48;23;51;103;53;20;62;25
234.0;27;49;19;49;104;53;20;63;26
240.0;25;47;18;52;107;54;20;58;29
246.0;25;44;17;52;110;52;20;59;31
252.0;25;45;16;51;107;52;22;62;30
258.0;29;46;23;48;109;49;17;62;27
264.0;32;41;22;48;112;49;22;59;25
270.0;34;36;21;54;113;50;20;59;23
276.0;35;36;18;55;113;50;24;57;22
282.0;37;36;17;54;114;50;19;60;23
288.0;37;37;14;53;116;52;21;58;22
294.0;35;39;14;52;114;53;21;57;25
300.0;35;38;17;55;112;51;17;59;26
306.0;33;35;18;56;112;48;19;62;27
312.0;33;39;17;53;111;48;19;61;29
318.0;33;41;20;50;110;50;20;60;26
324.0;33;41;18;51;112;51;19;60;25
330.0;36;38;18;50;114;52;19;60;23
336.0;36;42;14;45;113;55;24;62;19
342.0;34;44;13;43;112;59;23;61;21
348.0;33;43;15;46;111;61;25;54;22
354.0;35;41;21;44;111;60;25;52;21
360.0;32;43;22;38;116;61;26;52;20
366.0;33;40;20;38;116;61;27;55;20
372.0;35;44;19;32;120;58;30;53;19
378.0;32;44;21;31;124;57;27;56;18
384.0;32;42;19;31;128;59;26;57;16
390.0;31;47;21;31;127;57;27;52;17
396.0;32;44;19;32;127;58;29;47;22
402.0;29;44;18;32;129;61;28;49;20
408.0;30;44;19;33;130;60;25;47;22
414.0;29;45;17;32;133;58;25;48;23
420.0;28;46;19;32;132;59;25;47;22
426.0;27;50;20;33;133;58;23;48;18
432.0;27;50;21;33;135;59;19;50;16
438.0;27;51;15;36;134;60;20;50;17
444.0;25;51;16;36;136;59;19;51;17
450.0;25;52;22;35;140;56;17;47;16
456.0;26;51;25;36;141;52;18;47;14
462.0;26;54;24;37;141;46;22;45;15
468.0;26;55;21;36;142;46;22;46;16
474.0;24;55;22;38;143;43;23;47;15
480.0;28;50;22;41;143;43;23;46;14
486.0;27;49;20;39;143;42;23;48;19
492.0;28;54;14;41;142;42;22;47;20
498.0;24;53;15;43;144;41;20;47;23
504.0;25;52;16;40;146;41;21;43;26
510.0;26;50;18;42;144;42;20;42;26
516.0;26;50;18;41;143;43;17;44;28
522.0;23;51;18;42;142;45;19;46;24
528.0;25;52;19;44;142;41;19;46;22
534.0;26;49;20;42;145;40;21;46;21
540.0;26;46;20;44;146;43;21;46;18
546.0;25;47;25;44;148;42;21;42;16
552.0;23;45;26;43;150;40;22;41;20
558.0;20;46;25;43;150;39;23;42;22
564.0;21;48;24;46;149;36;21;44;21
570.0;21;48;22;44;149;36;24;40;26
576.0;18;51;23;48;149;35;22;41;23
582.0;16;54;23;46;149;36;23;40;23
588.0;16;56;22;48;146;37;22;40;23
594.0;19;55;21;48;147;37;18;43;22
600.0;20;55;21;46;148;39;17;41;23
606.0;21;53;21;44;149;37;20;41;24
612.0;21;51;25;44;148;38;21;41;21
618.0;19;51;25;47;147;40;14;46;21
624.0;14;49;27;49;146;44;15;46;20
630.0;14;49;28;48;141;44;20;44;22
636.0;16;48;30;50;144;43;15;43;21
642.0;15;49;33;48;143;44;16;41;21
648.0;16;46;30;47;143;51;14;40;23
654.0;19;45;29;45;142;50;16;39;25
660.0;21;46;26;44;139;52;17;44;21
666.0;22;44;27;44;139;51;17;44;22
672.0;24;44;25;44;140;49;15;47;22
678.0;20;42;24;44;142;51;18;46;23
684.0;21;46;18;45;146;47;21;43;23
690.0;22;49;21;44;146;46;17;45;20
696.0;27;46;21;39;147;44;18;44;24
702.0;26;47;21;37;149;43;19;42;26
708.0;24;47;22;36;148;44;21;45;23
714.0;23;42;22;36;152;46;23;42;24
720.0;28;42;18;38;150;42;24;42;26
726.0;25;42;18;40;150;46;26;44;19
732.0;24;38;22;37;148;50;27;43;21
738.0;27;40;19;37;148;47;25;45;22
744.0;24;40;21;40;149;46;24;45;21
750.0;26;42;20;38;150;45;24;46;19
756.0;24;47;22;36;153;44;24;40;20
762.0;27;43;21;37;152;48;25;39;18
768.0;23;44;23;38;152;49;25;41;15
774.0;21;45;23;36;154;48;24;45;14
780.0;22;44;23;35;154;45;26;45;16
786.0;21;40;28;34;158;44;23;45;17
792.0;19;44;31;33;156;45;21;45;16
798.0;20;44;31;33;153;45;22;45;17
804.0;24;46;34;31;152;47;19;43;14
810.0;25;44;33;34;154;46;21;40;13
816.0;24;42;26;34;155;48;20;42;19
822.0;24;42;29;33;156;47;19;40;20
828.0;21;43;27;32;159;47;17;42;22
834.0;17;44;27;35;161;45;19;41;21
840.0;19;43;23;36;161;46;16;44;22
846.0;20;43;24;38;161;46;17;41;20
852.0;21;42;24;36;163;47;18;37;22
858.0;21;40;23;36;164;47;22;40;17
864.0;21;39;23;37;164;49;21;40;16
870.0;21;39;21;36;167;48;21;42;15
876.0;22;40;24;36;167;46;21;39;15
882.0;22;39;23;35;167;48;23;40;13
888.0;20;37;25;36;168;47;23;43;11
894.0;21;36;23;34;167;49;21;44;15
900.0;23;34;24;36;171;48;18;43;13
906.0;21;36;23;35;170;48;17;44;16
912.0;23;37;20;38;168;49;17;45;13
918.0;24;36;19;37;167;49;18;45;15
924.0;23;34;21;39;168;47;18;45;15
930.0;27;31;17;37;171;46;21;46;14
936.0;25;31;15;36;172;46;23;44;18
942.0;24;31;16;38;173;46;22;44;16
948.0;22;33;15;38;175;46;20;46;15
954.0;18;35;14;42;174;45;22;44;16
960.0;19;33;17;43;176;43;22;43;14
966.0;20;32;14;45;179;43;23;40;14
972.0;18;33;15;44;177;45;23;41;14
978.0;18;32;17;41;182;44;21;40;15
984.0;21;31;13;41;181;46;20;39;18
990.0;20;36;11;44;181;43;17;38;20
996.0;19;36;11;45;181;42;15;40;21
1002.0;20;41;13;43;181;39;14;40;19
1008.0;20;40;15;44;179;39;13;39;21
1014.0;16;42;16;42;177;42;17;39;19
1020.0;19;40;15;43;178;37;16;41;21
1026.0;15;41;12;50;179;36;18;38;21
1032.0;20;44;11;43;180;33;17;40;22
1038.0;17;42;13;41;185;32;15;40;25
1044.0;18;41;15;45;184;30;14;40;23
1050.0;18;39;14;42;182;35;15;42;23
1056.0;17;39;15;43;182;33;16;41;24
1062.0;18;41;16;43;182;32;16;40;22
1068.0;19;40;17;43;181;33;15;40;22
1074.0;17;39;19;42;182;35;14;40;22
1080.0;22;39;22;41;178;33;13;41;21
1086.0;19;40;22;41;179;32;13;42;22
1092.0;18;43;19;38;182;33;15;40;22
1098.0;17;46;19;37;184;35;16;38;18
1104.0;16;47;18;37;181;37;18;38;18
1110.0;15;47;15;35;186;33;17;44;18
1116.0;13;46;15;35;187;35;19;40;20
1122.0;13;45;12;34;185;37;21;41;22
1128.0;12;43;12;35;190;34;24;38;22
1134.0;13;43;14;34;190;33;26;37;20
1140.0;16;44;14;33;192;32;24;40;15
1146.0;13;44;17;32;196;30;27;38;13
1152.0;16;42;17;32;196;30;24;38;15
1158.0;15;40;16;32;198;30;27;37;15
1164.0;15;38;15;30;200;30;27;40;15
1170.0;15;39;17;28;201;30;24;41;15
1176.0;13;39;22;29;201;31;23;39;13
1182.0;16;36;23;32;201;30;23;36;13
1188.0;14;34;20;34;203;29;22;39;15
1194.0;14;34;21;35;200;30;21;39;16
1200.0;16;36;20;35;199;31;18;39;16
1206.0;17;36;20;36;199;32;16;38;16
1212.0;19;35;20;34;200;32;17;39;14
1218.0;19;36;19;33;201;34;15;39;14
1224.0;20;35;19;32;200;33;13;44;14
1230.0;21;37;17;30;201;35;11;45;13
1236.0;17;40;18;32;198;33;13;43;16
1242.0;18;40;16;30;199;33;16;40;18
1248.0;19;42;17;32;191;34;19;41;15
1254.0;18;42;16;33;196;33;16;40;16
1260.0;17;44;15;34;193;34;16;39;18
1266.0;19;36;19;36;192;35;16;40;17
1272.0;21;37;19;36;192;34;17;39;15
1278.0;22;35;17;38;191;36;18;38;15
1284.0;20;36;17;38;190;37;16;38;18
1290.0;17;39;19;40;190;37;15;37;16
1296.0;19;40;18;43;189;37;13;37;14
1302.0;21;42;17;43;188;36;12;36;15
1308.0;20;39;13;45;189;39;12;37;16
1314.0;20;38;16;44;188;36;13;36;19
1320.0;20;40;15;46;186;37;13;36;17
1326.0;20;40;16;43;186;37;12;37;19
1332.0;23;36;16;40;187;40;14;36;18
1338.0;21;36;15;40;187;40;14;37;20
1344.0;21;35;16;39;187;40;15;34;23
1350.0;23;35;19;40;186;38;16;31;22
1356.0;24;32;17;41;187;40;17;32;20
1362.0;25;32;19;39;186;44;14;32;19
1368.0;26;34;20;42;183;41;13;31;20
1374.0;25;35;23;39;183;40;14;31;20
1380.0;24;32;23;42;185;36;14;32;22
1386.0;20;31;25;46;186;36;14;30;22
1392.0;19;36;22;43;188;35;18;32;17
1398.0;19;37;21;43;191;34;18;29;18
1404.0;22;37;16;41;194;35;17;30;18
1410.0;26;35;13;42;195;36;16;28;19
1416.0;26;34;14;42;197;34;14;29;20
1422.0;26;36;12;41;198;32;12;29;24
1428.0;24;36;12;43;196;32;13;29;25
1434.0;22;38;10;44;193;33;15;32;23
1440.0;19;36;14;43;194;33;15;32;24
1446.0;17;38;15;41;192;34;17;33;23
1452.0;20;38;13;43;189;31;21;34;21
1458.0;22;37;15;43;188;30;22;35;18
1464.0;17;37;16;44;189;33;21;35;18
1470.0;19;37;14;43;189;35;20;34;19
1476.0;19;39;12;42;188;37;20;35;18
1482.0;18;40;14;44;187;38;18;35;16
1488.0;18;41;15;44;188;37;19;33;15
1494.0;17;39;15;45;188;39;20;34;13
1500.0;15;37;15;45;189;40;21;36;12
1506.0;16;39;14;37;190;40;22;40;12
1512.0;19;38;13;35;191;39;21;41;13
1518.0;19;38;13;36;194;39;20;38;13
1524.0;20;36;16;38;194;37;18;39;12
1530.0;19;32;17;37;195;39;19;40;12
1536.0;21;31;17;37;192;38;18;44;12
1542.0;21;32;17;32;193;37;19;49;10
1548.0;20;31;17;32;197;36;19;49;9
1554.0;20;32;14;34;196;36;20;48;10
1560.0;18;36;13;33;194;36;21;47;12
1566.0;18;36;11;35;193;39;19;46;13
1572.0;18;36;13;37;194;38;15;47;12
1578.0;18;38;16;35;192;35;17;46;13
1584.0;18;38;16;36;194;33;16;47;12
1590.0;18;41;17;36;192;33;16;44;13
1596.0;17;39;16;37;194;34;15;44;14
1602.0;15;38;15;36;193;35;18;44;16
1608.0;15;36;15;38;195;34;18;42;17
1614.0;12;35;13;39;197;38;18;44;14
1620.0;13;37;15;35;200;37;15;45;13
1626.0;14;36;15;36;193;40;16;48;12
1632.0;16;33;14;37;194;43;14;46;13
1638.0;17;32;15;35;193;41;14;48;15
1644.0;20;31;13;34;196;41;14;49;12
1650.0;18;32;13;36;197;38;14;49;13
1656.0;23;30;12;36;197;40;12;47;13
1662.0;23;32;13;36;196;38;12;45;15
1668.0;25;29;14;34;199;35;13;47;14
1674.0;28;27;15;30;201;38;13;47;11
1680.0;26;28;16;28;198;40;13;46;15
1686.0;25;28;16;28;198;36;17;44;18
1692.0;20;28;15;27;200;38;18;46;18
1698.0;18;26;14;32;201;36;18;44;21
1704.0;18;26;15;30;198;34;22;47;20
1710.0;18;27;13;31;198;35;19;48;21
1716.0;18;28;15;31;197;36;18;47;20
1722.0;20;28;13;27;197;37;20;45;23
1728.0;20;29;13;30;194;37;21;43;23
1734.0;19;30;15;29;193;38;19;42;25
1740.0;18;30;15;29;196;40;17;40;25
1746.0;16;32;18;31;192;41;16;39;25
1752.0;16;32;17;30;192;42;17;42;22
1758.0;14;33;19;31;192;41;17;39;24
1764.0;17;35;20;31;194;38;15;36;24
1770.0;17;36;21;36;193;36;15;34;22
1776.0;15;41;20;38;193;32;13;36;22
1782.0;11;41;18;37;192;32;15;40;24
1788.0;11;42;17;36;194;31;16;41;22
1794.0;10;41;21;36;192;32;18;42;18
