#auto generated file!
12.0;20;17;18;18;28;15;22;13;19
18.0;18;18;14;18;29;16;22;14;21
24.0;20;18;13;18;31;16;21;13;20
30.0;20;17;13;16;33;15;21;16;19
36.0;20;17;13;17;34;14;20;15;20
42.0;19;18;12;17;34;14;20;16;20
48.0;17;18;11;17;35;15;24;15;18
54.0;16;16;12;18;35;15;21;19;18
60.0;14;16;12;19;38;14;18;20;19
66.0;13;15;16;20;39;14;14;21;18
72.0;15;18;14;21;40;13;14;17;18
78.0;14;19;13;20;41;16;13;17;17
84.0;15;20;13;18;42;15;15;16;16
90.0;16;20;14;18;41;17;13;15;16
96.0;15;19;13;18;42;19;12;16;16
102.0;14;20;13;18;41;19;12;15;18
108.0;15;20;14;20;42;17;12;15;15
114.0;20;17;11;22;45;16;12;17;10
120.0;19;19;11;23;44;15;11;19;9
126.0;18;19;8;22;46;16;14;19;8
132.0;17;23;8;20;48;13;13;19;9
138.0;15;25;8;20;49;14;14;19;6
144.0;14;24;8;20;49;13;13;22;7
150.0;17;22;8;21;48;13;12;22;7
156.0;14;23;8;23;49;13;12;21;7
162.0;12;24;10;24;52;12;10;19;7
168.0;13;21;10;23;52;12;11;20;8
174.0;12;18;10;23;52;15;11;20;9
180.0;12;18;10;23;53;16;12;19;7
186.0;9;16;10;25;53;18;14;17;8
192.0;9;16;11;22;54;22;12;14;10
198.0;10;13;11;22;55;24;13;15;7
204.0;10;14;10;23;58;23;11;15;6
210.0;10;14;10;24;58;23;10;14;7
216.0;10;15;10;20;58;24;10;15;8
222.0;11;14;10;22;58;23;10;15;7
228.0;13;13;11;21;58;23;12;14;5
234.0;11;15;11;21;59;22;11;13;7
240.0;11;16;12;22;60;20;9;11;9
246.0;12;16;10;22;60;21;7;14;8
252.0;10;17;11;22;61;21;7;14;7
258.0;8;17;10;23;61;21;8;15;7
264.0;9;16;9;23;60;22;8;14;9
270.0;9;14;11;22;60;23;8;15;8
276.0;9;14;11;22;59;23;10;14;8
282.0;8;14;9;21;59;25;11;14;9
288.0;10;13;11;19;61;24;10;13;9
294.0;11;14;12;19;60;23;9;13;9
300.0;11;13;13;19;61;23;7;14;9
306.0;12;12;13;20;61;22;8;13;9
312.0;13;9;13;22;62;22;9;13;7
318.0;12;10;14;21;62;20;9;16;6
324.0;14;10;12;22;63;21;8;15;5
330.0;14;11;13;19;64;21;8;14;6
336.0;15;11;11;18;64;20;9;14;8
342.0;14;12;11;18;63;21;9;15;7
348.0;14;13;11;18;64;21;10;14;5
354.0;12;13;13;19;65;22;9;13;4
360.0;9;13;13;19;66;24;9;12;5
366.0;11;13;14;17;65;23;10;11;6
372.0;12;13;16;14;66;22;8;11;8
378.0;12;12;17;13;66;23;10;9;8
384.0;12;11;16;13;69;23;8;9;9
390.0;13;11;15;13;70;23;6;9;10
396.0;11;14;11;11;69;27;7;10;10
402.0;11;13;10;12;69;25;8;12;10
408.0;11;13;10;11;70;23;9;14;9
414.0;11;12;10;12;69;24;10;14;8
420.0;9;12;12;12;68;22;11;15;9
426.0;8;12;12;15;68;23;10;14;8
432.0;8;11;11;15;71;23;9;14;8
438.0;9;13;9;16;71;21;10;13;8
444.0;9;14;9;16;71;21;10;13;7
450.0;8;13;9;15;70;21;10;15;9
456.0;9;16;9;16;70;18;8;15;9
462.0;9;15;8;17;72;18;8;14;9
468.0;8;15;8;16;72;17;9;15;10
474.0;9;14;8;17;73;18;7;15;9
480.0;8;16;8;16;74;15;8;15;10
486.0;8;16;8;15;74;15;9;15;10
492.0;9;15;8;16;73;16;8;15;10
498.0;7;15;7;17;75;17;8;15;9
504.0;7;15;6;17;75;18;10;15;7
510.0;8;14;7;19;74;17;9;15;7
516.0;7;12;8;18;74;18;9;17;7
522.0;8;12;8;17;74;18;9;17;7
528.0;7;11;6;18;76;18;8;17;9
534.0;6;11;6;18;77;17;11;17;7
540.0;7;12;8;19;77;16;10;16;5
546.0;8;12;8;18;76;16;10;16;6
552.0;10;12;9;18;75;14;9;17;6
558.0;13;10;10;18;74;14;8;17;6
564.0;14;11;9;16;76;12;8;18;6
570.0;14;11;10;18;76;12;6;18;5
576.0;14;10;9;18;76;13;6;18;6
582.0;16;10;8;18;75;12;7;19;5
588.0;15;11;10;16;75;11;7;19;6
594.0;13;10;12;17;76;10;6;19;7
600.0;13;12;13;15;76;10;4;20;7
606.0;11;13;13;14;78;11;4;19;7
612.0;11;13;12;14;79;10;3;19;9
618.0;11;11;15;12;78;10;6;18;9
624.0;9;12;13;11;78;13;6;18;10
630.0;9;10;12;11;79;13;6;17;13
636.0;10;11;12;12;78;14;7;15;11
642.0;10;14;12;13;77;13;7;14;10
648.0;10;14;12;13;77;13;5;14;12
654.0;10;17;12;12;77;13;3;14;12
660.0;11;18;9;12;74;14;4;15;13
666.0;10;18;9;12;75;12;4;13;17
672.0;12;18;10;12;74;15;4;12;13
678.0;11;20;11;10;73;17;4;11;13
684.0;12;21;10;11;74;16;3;12;11
690.0;9;20;12;11;74;17;5;11;11
696.0;9;18;13;13;75;16;4;11;11
702.0;9;19;13;14;76;17;3;9;10
708.0;10;19;11;14;75;18;3;9;11
714.0;10;20;10;13;76;19;3;9;10
720.0;10;17;11;14;76;20;4;8;10
726.0;9;18;10;14;74;20;5;9;11
732.0;9;17;9;14;75;19;6;10;11
738.0;8;16;10;16;77;18;6;10;9
744.0;6;18;10;14;79;18;6;10;9
750.0;8;18;9;13;79;19;6;9;9
756.0;8;18;9;12;80;20;6;9;8
762.0;7;18;11;10;78;20;6;11;9
768.0;9;19;10;9;78;20;5;12;8
774.0;9;18;12;8;79;18;5;13;8
780.0;9;18;11;8;79;17;6;15;7
786.0;6;16;10;7;78;18;8;17;10
792.0;6;17;10;8;75;20;9;15;10
798.0;8;17;10;8;74;20;9;14;10
804.0;8;15;11;9;73;20;10;14;10
810.0;9;16;12;7;73;20;9;14;10
816.0;10;19;12;7;73;21;7;13;8
822.0;9;19;11;7;76;19;7;13;9
828.0;9;21;9;5;77;19;6;12;12
834.0;11;21;9;7;76;18;6;12;10
840.0;10;22;8;6;75;21;4;14;10
846.0;10;20;6;6;75;22;5;15;11
852.0;10;19;6;6;74;22;5;16;12
858.0;7;18;7;7;73;22;6;17;13
864.0;8;16;8;7;70;24;6;17;14
870.0;10;17;9;7;70;22;5;18;12
876.0;11;18;9;9;69;21;5;17;11
882.0;10;20;6;9;71;20;5;17;12
888.0;7;21;8;10;71;19;4;17;13
894.0;6;21;8;10;71;19;5;17;13
900.0;8;19;7;11;72;19;5;16;13
906.0;9;19;6;12;72;20;5;16;11
912.0;9;19;8;12;70;20;5;16;11
918.0;8;20;5;12;72;19;6;19;9
924.0;7;19;6;12;74;19;7;17;9
930.0;6;21;5;11;76;20;5;18;8
936.0;6;20;6;12;75;22;4;17;8
942.0;7;21;4;11;75;23;5;18;6
948.0;7;21;5;10;76;22;4;18;7
954.0;7;22;5;9;77;22;3;17;8
960.0;8;21;5;10;76;23;3;16;8
966.0;9;19;5;11;75;24;4;15;8
972.0;10;17;6;9;78;23;5;14;8
978.0;11;16;5;9;81;23;6;12;7
984.0;11;17;5;8;80;23;7;12;7
990.0;10;18;4;9;78;24;8;12;7
996.0;8;16;5;10;78;24;9;13;7
1002.0;7;17;6;12;79;20;8;14;7
1008.0;8;17;6;12;79;19;8;13;8
1014.0;8;17;6;11;79;18;8;13;10
1020.0;7;19;6;11;79;17;8;13;10
1026.0;8;19;6;12;78;17;8;12;10
1032.0;9;20;5;12;79;17;8;12;8
1038.0;10;20;5;13;79;15;9;13;6
1044.0;10;19;7;14;79;15;9;12;5
1050.0;9;19;8;14;77;17;8;11;7
1056.0;8;18;9;15;77;16;9;12;6
1062.0;8;16;10;17;75;17;12;11;4
1068.0;8;15;9;17;75;16;12;14;4
1074.0;10;15;10;15;75;16;12;13;4
1080.0;10;13;9;15;76;16;12;14;5
1086.0;8;15;8;15;77;16;11;16;4
1092.0;8;16;10;15;76;16;11;14;4
1098.0;8;15;11;15;75;15;11;14;6
1104.0;8;17;11;14;75;14;10;15;6
1110.0;9;18;10;13;76;15;9;14;6
1116.0;9;18;9;13;77;14;11;13;6
1122.0;7;17;8;15;78;13;11;14;7
1128.0;7;18;7;14;79;12;11;15;7
1134.0;8;18;6;13;81;11;11;15;7
1140.0;11;17;7;13;81;10;9;15;7
1146.0;12;16;8;12;81;9;9;15;8
1152.0;11;16;9;11;81;9;9;16;8
1158.0;8;16;11;12;81;9;10;15;8
1164.0;11;15;9;11;81;11;10;15;7
1170.0;12;17;8;11;83;10;9;14;6
1176.0;12;16;9;12;83;11;8;13;6
1182.0;11;16;6;14;82;14;9;13;5
1188.0;11;15;5;13;82;15;11;12;6
1194.0;11;13;5;12;82;14;10;13;10
1200.0;12;14;6;12;83;13;8;13;9
1206.0;11;14;6;13;85;13;8;12;8
1212.0;10;14;6;12;85;13;10;12;8
1218.0;10;15;5;13;85;13;10;13;6
1224.0;11;14;5;13;86;11;10;14;6
1230.0;12;14;6;11;85;11;10;14;7
1236.0;11;14;5;12;84;12;10;13;9
1242.0;9;14;4;13;83;14;10;13;10
1248.0;8;13;6;13;84;12;12;12;10
1254.0;10;13;5;13;83;12;12;12;10
1260.0;9;15;6;14;85;11;9;12;9
1266.0;8;15;7;13;85;11;9;12;10
1272.0;7;13;6;14;85;11;8;14;12
1278.0;7;14;7;12;84;12;8;14;12
1284.0;5;16;6;11;85;12;11;14;10
1290.0;6;15;5;13;85;11;11;14;10
1296.0;5;16;5;13;85;12;10;13;11
1302.0;6;16;5;13;85;12;10;13;10
1308.0;7;14;6;7;85;14;11;16;10
1314.0;10;15;5;8;83;13;10;18;8
1320.0;10;14;5;7;83;14;10;20;7
1326.0;10;13;5;7;85;13;11;19;7
1332.0;7;14;5;8;85;16;9;22;4
1338.0;6;12;7;9;85;14;8;24;5
1344.0;7;13;6;11;84;14;8;23;4
1350.0;7;13;6;12;84;15;8;21;4
1356.0;6;14;7;12;81;15;9;22;4
1362.0;8;14;9;11;80;13;7;22;6
1368.0;9;14;10;11;82;12;7;19;6
1374.0;9;13;10;11;80;12;7;21;7
1380.0;11;12;11;11;81;12;4;21;7
1386.0;13;13;11;11;81;11;4;20;6
1392.0;12;14;11;11;82;10;4;19;7
1398.0;13;16;9;12;82;10;3;20;5
1404.0;12;16;7;14;83;10;4;18;6
1410.0;13;17;6;13;83;10;4;18;6
1416.0;12;18;6;10;84;10;6;17;7
1422.0;12;17;5;10;84;11;6;18;7
1428.0;11;17;3;9;84;11;6;20;9
1434.0;10;17;3;9;85;10;7;20;9
1440.0;8;16;3;10;83;10;11;20;9
1446.0;8;16;4;9;83;12;11;20;7
1452.0;4;16;4;10;83;13;11;22;7
1458.0;4;17;4;10;83;13;10;22;7
1464.0;5;18;4;10;83;14;11;19;6
1470.0;5;18;3;11;83;14;11;19;6
1476.0;5;17;3;12;83;15;8;20;7
1482.0;5;17;3;14;84;15;10;17;5
1488.0;5;17;3;14;85;15;11;15;5
1494.0;3;18;4;16;85;14;11;16;3
1500.0;4;17;4;15;86;14;10;16;4
1506.0;5;17;4;15;85;16;8;15;5
1512.0;8;15;5;15;84;16;6;14;7
1518.0;10;16;5;14;84;16;5;13;7
1524.0;9;15;6;14;82;17;5;15;7
1530.0;10;13;7;13;82;18;7;15;5
1536.0;10;12;7;13;81;18;6;16;7
1542.0;8;12;7;12;82;18;7;16;8
1548.0;9;12;7;12;82;19;6;16;7
1554.0;10;12;8;11;81;18;7;14;9
1560.0;10;10;11;10;82;16;5;15;11
1566.0;10;10;11;10;82;16;3;16;12
1572.0;9;9;10;10;82;15;5;16;14
1578.0;9;8;10;11;82;18;5;16;11
1584.0;8;8;9;12;84;18;5;16;10
1590.0;8;10;10;10;85;17;8;14;8
1596.0;8;10;8;12;85;14;8;17;8
1602.0;9;10;8;15;84;12;9;15;8
1608.0;9;11;7;17;83;12;9;15;7
1614.0;8;11;7;18;84;13;9;12;8
1620.0;8;9;7;17;84;12;8;14;11
1626.0;9;6;6;17;85;11;7;16;13
1632.0;9;6;6;19;86;9;8;15;12
1638.0;5;6;5;18;88;10;9;15;14
1644.0;6;7;4;17;87;10;9;17;13
1650.0;4;7;4;17;88;9;9;19;13
1656.0;6;6;4;16;88;9;8;19;14
1662.0;8;6;4;15;88;10;7;19;13
1668.0;10;5;6;15;87;10;5;19;13
1674.0;10;6;6;14;87;10;6;18;13
1680.0;10;8;5;12;86;11;5;19;14
1686.0;9;9;6;12;87;13;3;17;14
1692.0;8;6;6;14;88;14;4;17;13
1698.0;7;10;6;14;89;14;3;17;10
1704.0;9;8;6;14;89;15;3;15;11
1710.0;7;9;5;15;88;16;4;16;10
1716.0;6;9;6;15;88;16;5;16;9
1722.0;8;12;5;15;89;14;6;14;7
1728.0;8;12;5;15;87;15;5;14;9
1734.0;8;13;3;15;86;14;6;14;11
1740.0;7;15;2;15;84;15;7;15;10
1746.0;6;15;2;16;84;15;7;15;10
1752.0;7;14;2;17;84;16;7;14;9
1758.0;8;13;2;15;86;16;7;13;10
1764.0;8;13;2;14;86;16;8;13;10
1770.0;8;14;2;12;87;15;8;13;11
1776.0;8;14;4;11;85;15;8;13;12
1782.0;7;14;4;11;85;16;7;14;12
1788.0;8;15;4;9;85;14;6;17;12
1794.0;8;16;4;11;85;14;5;15;12
