#auto generated file!
12.0;19;19;18;24;13;25;19;28;25
18.0;16;19;17;22;15;26;18;31;26
24.0;15;20;17;20;15;28;21;31;23
30.0;14;20;16;19;18;29;21;30;23
36.0;15;19;18;18;17;31;21;30;21
42.0;15;19;16;17;18;33;22;27;23
48.0;14;20;16;16;19;34;25;26;20
54.0;16;22;17;18;20;32;21;26;18
60.0;16;25;17;20;18;31;22;27;14
66.0;15;26;15;22;19;30;24;25;14
72.0;16;27;15;21;21;29;22;26;13
78.0;15;28;15;22;23;27;22;25;13
84.0;17;26;12;22;25;27;25;23;13
90.0;17;25;13;21;27;24;25;24;14
96.0;17;24;11;23;29;26;22;25;13
102.0;14;22;10;23;29;26;23;26;17
108.0;14;23;9;22;29;27;25;26;15
114.0;14;24;11;21;31;26;24;25;14
120.0;12;25;12;20;31;24;24;28;14
126.0;14;24;11;17;31;25;23;29;16
132.0;15;27;10;17;31;25;25;29;11
138.0;14;27;13;18;30;24;24;29;11
144.0;15;25;13;19;30;23;23;30;12
150.0;14;24;13;19;30;24;24;29;13
156.0;12;26;15;18;31;21;24;29;14
162.0;13;25;15;17;31;23;23;27;16
168.0;13;28;17;16;29;25;23;26;13
174.0;12;30;17;16;30;25;21;26;13
180.0;10;30;13;21;32;25;23;25;11
186.0;7;29;13;20;33;26;25;24;13
192.0;6;29;14;21;34;29;25;21;11
198.0;6;28;15;22;34;29;22;24;10
204.0;8;29;15;22;35;29;20;23;9
210.0;6;28;15;21;39;31;17;25;8
216.0;5;29;15;20;39;33;16;22;11
222.0;7;29;13;19;40;32;16;22;12
228.0;8;27;10;19;42;32;19;19;14
234.0;9;26;10;21;43;31;16;20;14
240.0;9;27;10;23;44;31;13;20;13
246.0;9;26;10;24;45;31;13;21;11
252.0;6;25;12;24;46;32;13;21;11
258.0;7;20;13;24;47;31;13;24;11
264.0;6;21;14;21;49;30;11;24;14
270.0;7;23;12;21;50;30;11;24;12
276.0;9;24;10;19;50;31;9;25;13
282.0;9;24;9;19;51;31;7;26;14
288.0;8;24;9;20;51;31;7;25;15
294.0;5;22;13;21;55;30;8;21;15
300.0;4;21;10;21;56;30;8;22;18
306.0;6;19;8;21;54;30;9;24;19
312.0;7;21;6;21;54;30;11;24;16
318.0;7;21;7;21;53;30;10;26;15
324.0;8;22;8;21;52;28;11;24;16
330.0;7;19;10;21;50;30;12;26;15
336.0;7;18;8;21;50;31;13;27;15
342.0;4;18;8;21;53;32;14;26;14
348.0;6;16;8;19;55;31;14;27;14
354.0;6;15;9;18;55;31;15;27;14
360.0;7;16;10;17;56;31;15;25;13
366.0;4;17;10;17;55;30;17;26;14
372.0;3;15;9;17;56;30;18;25;17
378.0;3;17;9;17;56;29;16;25;18
384.0;4;20;8;15;56;28;17;24;18
390.0;6;19;10;16;55;29;15;23;17
396.0;9;17;9;16;56;31;12;25;15
402.0;9;17;8;18;57;28;13;25;15
408.0;10;17;6;18;58;29;12;27;13
414.0;10;18;7;16;59;30;11;27;12
420.0;10;17;5;15;61;36;11;24;11
426.0;8;15;9;15;61;36;10;23;13
432.0;8;14;9;16;60;36;11;23;13
438.0;9;15;11;15;61;34;9;22;14
444.0;11;15;10;13;62;31;12;26;10
450.0;11;17;10;13;61;32;12;25;9
456.0;12;13;9;14;61;30;14;28;9
462.0;12;16;8;15;62;29;13;26;9
468.0;11;15;10;14;62;28;11;28;11
474.0;12;17;10;13;63;28;10;27;10
480.0;13;15;11;13;65;27;8;28;10
486.0;10;15;13;13;66;28;8;25;12
492.0;8;14;12;13;67;28;9;24;15
498.0;9;14;12;11;69;28;8;24;15
504.0;7;15;11;12;70;27;9;26;13
510.0;7;14;11;12;70;27;10;26;13
516.0;5;14;12;13;72;24;11;26;13
522.0;6;12;12;12;72;24;12;27;13
528.0;7;11;13;12;77;22;11;26;11
534.0;8;11;13;12;76;20;13;26;11
540.0;7;11;13;13;76;19;13;27;11
546.0;8;10;14;13;77;21;10;27;10
552.0;8;12;12;13;77;22;10;25;11
558.0;9;12;13;12;76;22;13;24;9
564.0;9;13;12;14;75;23;12;23;9
570.0;9;14;12;16;77;21;12;22;7
576.0;7;15;12;19;76;21;12;21;7
582.0;4;17;12;17;77;20;12;23;8
588.0;5;18;11;15;77;19;12;24;9
594.0;7;16;13;15;78;21;8;24;8
600.0;6;14;13;13;82;19;8;24;11
606.0;8;14;12;12;83;21;8;24;8
612.0;10;13;12;12;85;20;8;23;7
618.0;10;13;11;12;82;24;8;24;6
624.0;9;13;11;13;82;24;8;24;6
630.0;8;14;11;13;83;24;8;23;6
636.0;8;11;11;15;84;22;8;24;7
642.0;9;10;9;16;84;23;7;25;7
648.0;8;11;9;14;84;24;9;25;6
654.0;9;11;8;15;86;24;9;22;6
660.0;10;11;7;15;87;24;9;21;6
666.0;9;12;8;15;88;22;9;20;7
672.0;9;12;10;14;87;21;9;21;7
678.0;7;12;9;15;85;21;11;21;9
684.0;8;13;10;15;83;23;11;17;10
690.0;9;13;10;14;85;21;12;17;9
696.0;10;12;9;14;86;20;11;19;9
702.0;11;13;9;15;85;20;11;16;10
708.0;12;13;10;15;85;20;10;17;8
714.0;11;14;10;14;85;19;10;20;7
720.0;10;14;12;13;84;21;9;20;7
726.0;10;14;14;13;85;21;8;20;5
732.0;10;16;14;10;85;22;10;18;5
738.0;8;17;11;11;86;24;11;17;5
744.0;6;17;12;11;86;24;10;17;7
750.0;4;18;11;11;86;25;12;16;7
756.0;4;20;10;9;87;25;12;15;8
762.0;4;21;9;10;86;25;12;15;8
768.0;6;22;7;10;86;25;11;16;7
774.0;7;21;9;10;87;24;11;15;6
780.0;7;20;9;11;87;24;11;15;6
786.0;7;18;7;11;87;24;12;16;8
792.0;7;20;8;14;86;20;12;17;6
798.0;9;22;6;14;84;21;12;17;5
804.0;11;19;7;14;84;21;12;17;5
810.0;12;18;7;14;83;22;13;16;5
816.0;10;19;8;14;84;22;13;15;5
822.0;9;19;7;15;85;23;12;16;4
828.0;10;21;7;15;84;22;12;15;4
834.0;6;20;8;16;85;22;11;15;7
840.0;5;20;8;15;84;23;11;17;7
846.0;4;21;8;16;84;20;11;17;9
852.0;9;23;7;15;84;19;9;16;8
858.0;10;20;7;15;84;20;9;15;10
864.0;10;19;6;16;83;21;9;15;11
870.0;8;19;5;18;85;22;7;16;10
876.0;9;20;4;18;86;21;7;16;9
882.0;8;19;3;19;85;21;7;18;10
888.0;7;20;2;18;88;21;8;17;9
894.0;10;18;4;20;89;21;4;17;7
900.0;8;19;4;19;86;20;6;17;11
906.0;8;19;7;17;86;20;6;18;9
912.0;7;21;7;17;86;17;7;19;9
918.0;7;22;9;18;85;16;5;19;9
924.0;7;22;7;16;87;16;8;18;9
930.0;9;23;5;15;87;16;8;17;10
936.0;7;23;5;16;87;16;8;18;10
942.0;8;19;5;15;89;16;8;18;12
948.0;8;19;5;17;87;17;7;21;9
954.0;7;20;5;16;88;18;6;20;10
960.0;7;21;4;15;87;20;6;19;11
966.0;10;22;4;13;85;19;7;19;11
972.0;10;20;4;14;87;19;6;19;11
978.0;10;19;5;13;87;19;8;18;11
984.0;10;16;5;12;87;23;8;18;11
990.0;9;14;6;14;86;23;8;19;11
996.0;6;14;7;17;86;23;8;18;11
1002.0;6;14;5;19;87;22;9;17;11
1008.0;7;15;6;23;87;19;8;16;9
1014.0;7;18;8;23;86;18;11;12;7
1020.0;7;20;8;21;86;19;10;12;7
1026.0;5;22;8;21;87;19;8;12;8
1032.0;5;20;7;22;88;20;8;12;8
1038.0;6;22;6;21;87;20;8;14;6
1044.0;4;22;6;20;86;20;9;15;8
1050.0;4;22;6;19;88;18;10;15;8
1056.0;3;23;6;19;88;18;10;16;7
1062.0;5;21;10;19;88;17;9;15;6
1068.0;4;22;12;20;87;14;9;15;7
1074.0;2;22;13;20;88;14;10;14;7
1080.0;4;20;12;22;89;13;9;13;8
1086.0;1;19;14;22;88;16;11;10;9
1092.0;3;18;16;22;89;15;8;10;9
1098.0;3;18;17;22;88;16;8;9;9
1104.0;3;19;16;21;89;16;8;10;8
1110.0;4;20;13;21;91;14;7;12;8
1116.0;4;20;11;20;91;13;10;13;8
1122.0;4;19;11;22;92;12;9;12;9
1128.0;4;19;10;22;92;10;10;14;9
1134.0;4;19;9;22;90;9;14;14;9
1140.0;4;19;11;22;90;9;12;13;10
1146.0;4;18;11;22;92;10;10;14;9
1152.0;3;18;11;23;93;13;9;12;8
1158.0;3;18;10;23;93;13;9;13;8
1164.0;4;17;11;22;92;15;8;14;7
1170.0;3;16;14;21;94;13;8;14;7
1176.0;4;15;15;22;93;13;7;15;6
1182.0;6;13;18;22;93;11;8;13;6
1188.0;7;15;17;21;93;12;7;12;6
1194.0;6;17;15;20;91;13;8;15;5
1200.0;6;16;16;19;91;15;8;14;5
1206.0;8;19;15;18;88;15;6;15;6
1212.0;7;21;17;17;87;16;6;13;6
1218.0;6;19;17;17;86;16;7;16;6
1224.0;6;19;17;17;86;16;7;16;6
1230.0;5;17;19;17;88;16;6;16;6
1236.0;5;18;18;17;87;15;6;15;9
1242.0;4;16;18;14;89;16;7;15;11
1248.0;5;16;17;12;89;18;8;14;11
1254.0;5;16;17;13;89;19;6;14;11
1260.0;4;16;16;13;87;22;7;14;11
1266.0;4;16;14;13;87;22;7;16;11
1272.0;7;17;12;13;87;20;8;14;12
1278.0;5;18;10;11;92;18;8;13;15
1284.0;6;17;10;12;93;17;9;13;13
1290.0;6;17;8;11;92;19;11;13;13
1296.0;6;17;9;11;89;22;12;12;12
1302.0;7;14;5;11;89;22;13;16;13
1308.0;7;14;5;11;88;23;13;15;14
1314.0;9;13;6;9;87;25;14;13;14
1320.0;9;14;6;10;88;27;13;11;12
1326.0;9;14;6;11;87;27;12;12;12
1332.0;10;14;5;10;89;26;13;11;12
1338.0;12;15;4;9;88;28;11;13;10
1344.0;13;15;2;8;87;30;11;14;10
1350.0;13;17;2;9;87;30;9;15;8
1356.0;13;17;3;11;86;28;9;14;9
1362.0;13;17;7;10;86;28;8;14;7
1368.0;11;16;6;9;90;26;10;14;8
1374.0;9;17;6;10;90;24;12;14;8
1380.0;9;16;6;12;91;24;12;12;8
1386.0;9;17;7;13;91;22;12;13;6
1392.0;10;16;7;11;91;23;12;13;7
1398.0;11;16;6;10;93;23;12;13;6
1404.0;10;15;6;14;93;21;12;15;4
1410.0;11;15;6;13;95;19;12;15;4
1416.0;11;15;7;12;96;19;11;15;4
1422.0;12;14;7;13;96;18;11;14;5
1428.0;11;15;7;15;95;19;11;14;3
1434.0;9;16;7;17;94;20;9;14;4
1440.0;9;15;7;17;94;19;9;13;7
1446.0;12;14;8;18;94;18;8;12;6
1452.0;9;14;7;18;98;19;8;11;6
1458.0;15;12;6;16;97;18;7;11;8
1464.0;11;11;7;16;96;19;8;13;9
1470.0;10;9;6;17;96;23;9;12;8
1476.0;11;11;6;12;95;24;10;12;9
1482.0;11;11;6;11;95;25;10;12;9
1488.0;11;11;6;11;94;26;10;12;9
1494.0;9;11;6;13;93;28;9;11;10
1500.0;8;12;6;13;94;27;9;10;11
1506.0;9;13;5;13;93;27;10;11;9
1512.0;10;11;7;13;93;27;9;11;9
1518.0;10;11;8;12;93;25;9;13;9
1524.0;9;11;8;13;93;24;9;13;10
1530.0;9;13;7;14;93;21;12;13;8
1536.0;9;14;6;15;95;20;11;14;6
1542.0;10;15;6;14;95;19;11;13;7
1548.0;10;13;6;15;93;19;14;12;8
1554.0;10;14;7;14;91;19;12;13;10
1560.0;10;15;7;14;92;19;12;13;8
1566.0;9;18;8;14;92;21;10;11;7
1572.0;9;18;8;14;91;21;10;13;6
1578.0;9;18;7;13;91;20;12;14;6
1584.0;9;19;8;15;89;17;11;15;7
1590.0;6;20;10;14;86;18;13;16;7
1596.0;5;20;10;14;88;18;11;17;7
1602.0;6;20;10;13;87;19;11;17;7
1608.0;6;21;11;12;88;19;9;18;6
1614.0;6;21;10;13;89;21;7;17;6
1620.0;6;21;10;12;89;20;8;18;6
1626.0;9;21;11;13;88;19;6;20;3
1632.0;9;21;11;15;86;20;5;20;3
1638.0;8;20;11;16;87;19;5;21;3
1644.0;6;20;12;16;85;21;6;20;4
1650.0;4;21;13;15;87;20;5;21;4
1656.0;3;19;12;14;89;21;8;20;4
1662.0;5;21;12;15;86;21;8;20;2
1668.0;4;20;12;17;86;22;8;18;3
1674.0;4;22;14;17;84;22;9;15;3
1680.0;3;20;13;18;84;26;9;15;2
1686.0;4;22;12;17;84;27;8;14;2
1692.0;3;22;10;19;82;27;10;14;3
1698.0;3;22;11;16;80;28;8;16;6
1704.0;4;19;11;16;81;30;9;14;6
1710.0;5;19;10;16;80;31;8;14;7
1716.0;5;17;11;16;80;30;9;15;7
1722.0;3;18;11;19;80;28;9;17;5
1728.0;3;18;12;19;78;29;10;15;6
1734.0;5;19;8;20;79;28;9;15;7
1740.0;5;20;8;18;81;28;10;16;4
1746.0;6;20;7;19;80;28;10;16;4
1752.0;5;22;7;18;79;28;9;17;5
1758.0;5;23;6;18;79;28;8;18;5
1764.0;7;23;8;16;81;26;7;17;5
1770.0;9;22;8;14;82;27;7;17;4
1776.0;6;23;8;16;81;29;8;16;3
1782.0;7;22;8;17;80;27;8;17;4
1788.0;8;23;7;18;80;25;7;17;5
1794.0;9;21;6;19;80;24;7;18;6
