#auto generated file!
12.0;56;47;43;47;41;44;54;35;43
18.0;53;53;42;45;43;44;50;40;40
24.0;50;55;44;42;43;46;48;42;40
30.0;50;57;43;42;45;43;44;45;41
36.0;50;58;40;43;48;46;39;46;40
42.0;45;59;36;41;53;51;39;47;39
48.0;45;56;37;41;54;49;39;48;41
54.0;38;57;37;46;59;50;38;50;35
60.0;40;55;34;44;61;51;40;52;33
66.0;41;53;34;46;61;51;40;52;32
72.0;36;51;33;49;62;53;39;53;34
78.0;34;54;32;49;60;52;37;58;34
84.0;28;52;28;51;66;49;39;59;38
90.0;28;51;29;53;67;53;37;56;36
96.0;28;51;27;52;68;53;38;57;36
102.0;25;56;28;51;71;51;38;58;32
108.0;23;56;27;52;74;54;39;58;27
114.0;23;57;22;52;76;54;39;58;29
120.0;24;53;22;56;74;52;42;55;32
126.0;24;59;23;52;75;54;37;55;31
132.0;23;59;25;53;77;54;37;54;28
138.0;22;60;28;51;78;52;40;50;29
144.0;22;57;26;53;76;54;41;51;30
150.0;23;57;28;53;75;53;39;53;29
156.0;22;57;27;51;77;58;35;53;30
162.0;20;55;24;53;79;60;35;55;29
168.0;20;54;24;52;84;59;32;58;27
174.0;18;59;23;51;91;56;29;55;28
180.0;14;60;27;49;93;56;28;53;30
186.0;14;59;30;52;95;54;25;50;31
192.0;14;61;28;53;95;51;25;51;32
198.0;14;63;27;52;96;51;23;55;29
204.0;13;64;27;52;97;50;24;56;27
210.0;15;62;30;47;101;49;22;56;28
216.0;16;63;30;49;101;47;21;54;29
222.0;18;64;31;46;104;47;21;52;27
228.0;16;62;32;46;108;45;19;55;27
234.0;17;62;29;43;109;44;22;56;28
240.0;19;65;29;43;110;43;23;55;23
246.0;22;63;30;43;111;41;23;55;22
252.0;26;64;27;40;111;38;24;55;25
258.0;25;63;28;39;112;39;21;55;28
264.0;27;62;27;41;113;37;24;53;26
270.0;30;60;25;43;114;37;25;52;24
276.0;32;59;23;39;115;39;26;53;24
282.0;30;57;23;37;118;40;26;52;27
288.0;29;57;22;38;119;42;25;53;25
294.0;28;55;20;39;119;42;25;55;27
300.0;29;54;17;38;119;42;24;56;31
306.0;30;55;18;36;119;42;23;58;29
312.0;29;54;21;35;118;42;26;58;27
318.0;27;52;22;36;118;42;26;60;27
324.0;27;52;20;35;121;41;28;57;29
330.0;28;49;18;36;125;42;25;55;32
336.0;27;52;16;38;124;42;24;54;33
342.0;27;48;18;40;127;41;24;52;33
348.0;26;46;21;41;131;40;21;53;31
354.0;25;46;25;40;131;39;22;51;31
360.0;25;49;27;38;131;36;23;50;31
366.0;25;52;29;39;133;34;20;48;30
372.0;26;52;27;40;136;32;18;48;31
378.0;27;50;26;39;136;31;19;49;33
384.0;28;46;25;43;138;29;20;49;32
390.0;30;45;24;42;139;27;21;51;31
396.0;30;46;25;39;140;30;21;49;30
402.0;30;45;26;37;139;32;22;48;31
408.0;31;47;25;39;137;32;19;51;29
414.0;31;48;23;39;136;31;21;51;30
420.0;29;51;18;39;137;34;23;50;29
426.0;29;50;18;41;139;33;24;49;27
432.0;28;52;18;40;139;36;24;48;25
438.0;29;50;17;42;139;36;24;47;26
444.0;27;53;14;43;141;38;23;46;25
450.0;26;51;15;45;140;39;22;48;24
456.0;25;48;18;44;140;38;23;48;26
462.0;25;49;20;44;137;38;23;47;27
468.0;24;51;20;44;135;37;23;47;29
474.0;20;49;17;46;143;34;23;50;28
480.0;21;51;16;45;146;36;19;48;28
486.0;23;49;17;45;147;37;19;47;26
492.0;19;50;18;44;147;39;20;46;27
498.0;22;47;16;44;146;41;21;46;27
504.0;20;45;17;40;148;44;21;50;25
510.0;19;45;19;40;147;45;22;50;23
516.0;20;43;21;45;150;41;23;48;19
522.0;20;45;19;43;153;41;17;51;21
528.0;18;45;22;40;154;44;16;49;22
534.0;19;48;25;38;152;40;15;49;24
540.0;21;48;23;35;151;39;20;47;26
546.0;18;48;26;37;153;38;21;48;21
552.0;16;47;29;38;152;37;22;48;21
558.0;18;49;26;38;152;38;22;46;21
564.0;18;51;20;36;153;40;22;50;20
570.0;19;50;21;37;152;40;21;50;20
576.0;18;51;21;37;154;37;20;49;23
582.0;18;50;23;38;153;37;18;52;21
588.0;15;53;25;39;152;33;20;49;24
594.0;17;53;23;39;151;30;22;50;25
600.0;16;53;28;38;153;33;20;48;21
606.0;18;52;27;39;154;32;22;48;18
612.0;18;53;27;38;158;31;24;46;15
618.0;20;50;25;37;157;31;27;46;17
624.0;19;48;24;36;158;31;30;46;18
630.0;20;50;28;33;155;33;28;47;16
636.0;24;47;26;34;157;32;23;46;21
642.0;21;50;22;33;162;30;23;45;24
648.0;19;49;22;34;166;28;26;44;22
654.0;19;48;26;30;165;27;26;45;24
660.0;19;47;24;30;168;29;26;45;22
666.0;19;48;25;28;170;26;27;42;25
672.0;18;44;25;32;174;27;27;39;24
678.0;20;45;19;35;175;26;26;41;23
684.0;20;45;19;34;174;27;25;42;24
690.0;19;44;19;33;175;28;25;45;22
696.0;17;44;19;33;176;29;25;45;22
702.0;17;43;19;35;176;30;24;44;22
708.0;17;46;20;34;175;32;22;40;24
714.0;21;46;17;37;178;29;21;37;24
720.0;20;42;17;40;179;30;23;35;24
726.0;21;41;19;42;180;29;22;34;22
732.0;19;43;20;40;183;28;23;34;20
738.0;20;40;20;42;181;27;23;35;22
744.0;18;37;25;41;180;29;23;33;24
750.0;18;36;21;41;183;29;24;36;22
756.0;22;36;20;42;182;30;23;33;22
762.0;22;34;21;39;183;32;24;31;24
768.0;21;31;20;41;185;31;26;32;23
774.0;22;30;21;40;183;34;26;32;22
780.0;21;31;20;39;180;35;27;35;22
786.0;22;29;21;37;183;35;28;35;20
792.0;22;28;21;39;183;33;28;34;22
798.0;24;26;21;43;184;33;26;34;19
804.0;25;26;17;43;185;30;30;33;21
810.0;24;29;19;43;188;25;30;33;19
816.0;22;30;21;40;187;26;29;38;17
822.0;21;29;22;42;184;29;26;39;18
828.0;22;32;19;42;186;29;26;37;17
834.0;22;32;17;43;187;27;27;37;18
840.0;20;34;18;44;189;27;30;32;16
846.0;20;32;18;43;191;28;30;34;14
852.0;20;32;17;41;190;26;31;35;18
858.0;20;31;16;42;194;25;28;35;19
864.0;21;30;19;39;194;24;29;36;18
870.0;20;31;16;39;192;25;30;36;21
876.0;20;30;16;38;192;27;29;36;22
882.0;20;28;19;39;193;28;28;35;20
888.0;20;27;17;40;192;31;24;36;23
894.0;23;28;14;41;192;30;23;38;21
900.0;21;31;13;38;194;33;25;36;19
906.0;22;29;14;37;194;34;28;35;17
912.0;20;30;13;38;194;35;27;35;18
918.0;17;31;13;38;190;36;26;38;21
924.0;17;32;11;35;191;38;27;37;22
930.0;17;34;10;41;190;38;27;34;19
936.0;17;34;11;38;194;34;26;32;24
942.0;17;33;12;39;194;32;28;31;24
948.0;16;33;14;38;196;32;28;32;21
954.0;16;35;12;38;195;32;29;34;19
960.0;18;32;12;37;198;30;28;35;20
966.0;18;30;12;38;200;28;26;35;23
972.0;15;30;11;42;198;29;21;37;27
978.0;15;32;11;40;200;26;26;35;25
984.0;11;35;14;37;199;28;27;35;24
990.0;14;36;14;35;196;30;29;33;23
996.0;16;37;17;35;192;33;27;33;20
1002.0;16;39;17;36;187;33;29;34;19
1008.0;15;35;19;38;189;33;29;35;17
1014.0;16;37;18;36;187;34;27;36;19
1020.0;13;37;16;36;188;36;29;36;19
1026.0;16;39;17;34;185;38;28;36;17
1032.0;17;37;15;35;187;38;26;38;17
1038.0;18;34;16;36;190;37;22;38;19
1044.0;20;37;17;37;188;35;17;39;20
1050.0;20;37;17;38;185;35;19;38;21
1056.0;20;36;16;36;186;34;19;42;21
1062.0;21;37;15;34;186;37;16;43;21
1068.0;22;36;15;36;185;37;19;40;20
1074.0;22;35;14;37;186;38;15;42;21
1080.0;22;34;13;40;186;36;17;42;20
1086.0;23;36;14;39;182;36;18;42;20
1092.0;24;35;15;40;181;36;19;41;19
1098.0;22;39;12;39;185;35;17;42;19
1104.0;23;39;10;42;180;35;17;43;21
1110.0;22;39;13;38;182;37;16;43;20
1116.0;22;41;13;36;181;39;14;43;21
1122.0;21;41;14;39;180;42;15;41;17
1128.0;21;41;13;36;178;45;14;46;16
1134.0;22;42;13;38;179;44;12;45;15
1140.0;21;42;14;40;181;45;12;41;14
1146.0;20;42;13;39;184;44;14;41;13
1152.0;21;39;14;39;183;44;15;39;16
1158.0;22;38;14;35;183;44;19;36;19
1164.0;22;39;12;36;184;45;20;35;17
1170.0;22;38;12;39;184;44;20;35;16
1176.0;20;37;15;41;185;43;17;35;17
1182.0;20;36;16;41;186;44;17;30;20
1188.0;20;35;14;44;186;44;20;27;20
1194.0;19;35;12;43;186;43;23;30;19
1200.0;18;35;12;42;185;45;21;30;22
1206.0;20;35;12;39;187;44;23;28;22
1212.0;20;37;11;42;189;41;21;29;20
1218.0;22;36;12;43;188;40;24;29;16
1224.0;17;38;12;47;190;38;20;30;18
1230.0;18;39;12;46;191;41;20;28;15
1236.0;18;39;12;44;190;37;18;35;17
1242.0;17;37;12;42;192;40;18;35;17
1248.0;16;36;13;40;192;44;19;37;13
1254.0;18;36;12;39;190;42;20;39;14
1260.0;16;36;10;41;192;43;19;38;15
1266.0;16;36;9;39;195;41;18;38;18
1272.0;14;36;10;41;196;38;17;40;18
1278.0;14;38;9;38;197;34;19;41;20
1284.0;14;38;10;38;197;32;19;41;21
1290.0;14;37;10;38;196;34;17;45;19
1296.0;13;39;10;39;192;33;18;47;19
1302.0;13;38;11;37;188;36;20;49;18
1308.0;12;35;13;39;192;36;19;45;19
1314.0;9;36;14;39;191;36;20;45;20
1320.0;10;37;14;39;192;32;22;44;20
1326.0;10;36;13;38;188;35;22;46;22
1332.0;12;37;14;36;187;34;23;46;21
1338.0;13;36;13;33;189;35;25;47;19
1344.0;12;33;12;35;193;37;25;43;20
1350.0;11;33;13;34;193;39;24;44;19
1356.0;13;34;14;36;190;38;24;44;17
1362.0;12;32;13;38;187;41;22;45;20
1368.0;12;33;13;37;184;43;23;46;19
1374.0;15;32;12;37;179;48;22;46;19
1380.0;15;31;14;36;178;48;20;48;20
1386.0;17;29;16;38;179;45;20;48;18
1392.0;18;28;18;38;180;44;18;49;17
1398.0;21;29;17;40;178;41;17;47;20
1404.0;21;27;15;42;178;42;17;48;20
1410.0;20;28;14;41;178;42;16;49;22
1416.0;19;28;17;43;181;43;14;44;21
1422.0;19;29;16;41;182;42;12;45;24
1428.0;18;29;18;42;181;42;13;47;20
1434.0;20;31;18;40;182;37;17;45;20
1440.0;18;33;18;39;185;37;17;42;21
1446.0;18;36;22;41;184;32;15;42;20
1452.0;19;35;24;39;186;29;16;41;21
1458.0;18;35;26;35;188;29;19;40;20
1464.0;20;33;26;32;188;31;22;38;20
1470.0;21;33;27;36;184;29;20;40;20
1476.0;21;34;27;34;185;27;20;43;19
1482.0;28;28;23;33;187;27;22;42;20
1488.0;28;27;23;36;187;27;21;43;18
1494.0;27;29;21;36;189;26;22;43;17
1500.0;23;30;21;37;190;27;21;45;16
1506.0;24;32;19;38;190;29;20;40;18
1512.0;25;31;18;41;190;30;18;38;19
1518.0;23;32;15;38;193;29;21;37;22
1524.0;21;32;18;39;196;31;20;34;19
1530.0;17;31;20;37;199;30;22;33;21
1536.0;19;32;21;38;198;29;19;32;22
1542.0;19;35;23;36;196;29;18;31;23
1548.0;20;35;21;39;197;27;20;32;19
1554.0;18;38;18;37;196;32;21;34;16
1560.0;17;37;18;41;198;32;20;32;15
1566.0;13;37;18;39;198;31;25;34;15
1572.0;14;43;18;37;191;30;24;37;16
1578.0;14;44;17;38;191;32;23;35;16
1584.0;18;45;14;37;192;32;21;36;15
1590.0;18;41;12;38;193;32;21;36;19
1596.0;20;42;13;36;194;34;18;36;17
1602.0;25;44;13;33;194;32;18;35;16
1608.0;22;43;18;32;195;34;14;36;16
1614.0;22;43;15;34;197;35;14;35;15
1620.0;23;44;20;33;195;35;14;30;16
1626.0;25;44;21;32;195;35;13;28;17
1632.0;25;44;21;32;194;35;16;28;15
1638.0;24;45;21;32;193;35;17;28;15
1644.0;27;43;20;33;192;35;18;29;13
1650.0;28;39;21;34;194;35;17;29;13
1656.0;27;39;23;37;193;37;14;28;12
1662.0;27;37;21;38;192;36;15;31;13
1668.0;25;36;22;38;192;39;15;31;12
1674.0;20;38;22;39;192;39;15;33;12
1680.0;20;37;22;40;193;39;14;33;12
1686.0;19;37;20;40;191;39;13;37;14
1692.0;20;38;20;38;190;39;14;36;15
1698.0;16;37;19;41;190;40;13;38;16
1704.0;16;36;18;40;188;40;15;40;17
1710.0;16;41;20;38;187;37;15;39;17
1716.0;16;42;19;38;187;35;17;39;17
1722.0;18;42;20;36;187;35;17;40;15
1728.0;18;41;21;38;184;36;17;40;15
1734.0;18;41;22;42;183;35;17;37;15
1740.0;19;40;20;43;182;36;19;39;12
1746.0;18;38;18;43;186;35;19;39;14
1752.0;20;38;15;44;183;35;19;42;14
1758.0;16;40;15;42;182;40;18;43;14
1764.0;16;43;14;44;182;42;14;42;13
1770.0;17;41;13;42;184;42;15;42;14
1776.0;17;41;11;43;184;43;12;40;19
1782.0;17;41;11;42;187;42;10;41;19
1788.0;17;41;11;43;186;45;11;38;18
1794.0;16;42;12;43;185;46;12;36;18
