#auto generated file!
12.0;52;42;43;52;47;59;53;64;48
18.0;49;44;38;52;47;61;55;67;47
24.0;48;50;31;54;54;58;48;69;48
30.0;46;53;31;55;54;56;49;68;48
36.0;44;57;32;53;53;55;52;65;49
42.0;44;60;28;53;56;52;54;68;45
48.0;41;57;30;53;61;55;54;71;38
54.0;42;60;32;50;63;58;51;69;35
60.0;45;61;30;50;69;55;50;66;34
66.0;41;59;32;49;77;56;51;62;33
72.0;41;63;31;48;78;55;47;63;34
78.0;37;60;31;49;84;52;44;62;41
84.0;42;58;28;50;85;52;39;63;43
90.0;39;57;32;52;85;52;37;64;42
96.0;44;61;32;50;85;54;35;61;38
102.0;42;63;35;53;85;53;31;61;37
108.0;41;64;36;53;89;55;29;57;36
114.0;36;62;32;52;91;57;31;59;40
120.0;37;58;33;55;92;57;30;57;41
126.0;38;57;34;56;92;53;32;58;40
132.0;36;55;32;59;94;50;29;60;45
138.0;34;56;35;56;96;49;31;59;44
144.0;35;55;32;53;102;52;28;59;44
150.0;38;53;30;52;106;55;26;61;39
156.0;41;53;27;51;107;58;23;63;37
162.0;41;53;28;53;108;59;22;65;31
168.0;42;55;26;54;109;56;25;62;31
174.0;43;53;24;47;114;61;22;62;34
180.0;40;49;25;49;114;65;24;63;31
186.0;39;46;30;47;116;66;23;64;29
192.0;41;45;27;44;120;67;23;67;26
198.0;40;49;25;40;122;66;26;68;24
204.0;44;46;21;41;122;69;28;68;21
210.0;42;49;21;39;124;68;27;71;19
216.0;38;48;19;45;129;63;22;73;23
222.0;36;48;21;44;129;61;26;74;21
228.0;35;49;22;44;132;61;22;75;20
234.0;35;48;18;48;132;61;23;74;21
240.0;35;47;18;47;132;63;25;72;21
246.0;33;47;19;44;130;65;29;70;23
252.0;31;48;19;43;131;65;30;70;23
258.0;32;44;21;39;133;65;31;68;27
264.0;30;50;18;37;134;63;31;68;29
270.0;31;53;21;37;132;64;29;67;26
276.0;30;54;22;36;134;65;29;65;25
282.0;30;56;21;34;136;66;28;67;22
288.0;30;52;23;38;135;67;30;66;19
294.0;26;52;26;40;138;66;26;69;17
300.0;28;50;26;39;138;63;28;69;19
306.0;28;49;25;39;141;58;30;71;19
312.0;28;50;24;39;143;60;30;68;18
318.0;28;46;27;42;145;60;27;64;21
324.0;27;48;25;42;149;60;27;61;21
330.0;28;51;23;43;146;61;28;59;21
336.0;29;51;20;44;150;57;27;63;19
342.0;32;50;19;47;153;56;25;62;16
348.0;32;49;21;50;154;53;24;60;17
354.0;30;48;22;52;154;52;25;60;17
360.0;27;47;24;50;160;48;29;61;14
366.0;25;46;24;50;163;48;29;59;16
372.0;26;46;23;48;164;49;30;59;15
378.0;25;44;24;46;165;49;33;57;17
384.0;23;47;23;49;164;45;31;57;21
390.0;24;44;24;50;166;45;31;57;19
396.0;25;40;28;48;164;48;31;56;20
402.0;24;43;28;48;160;52;27;56;22
408.0;29;44;28;44;161;51;26;58;19
414.0;28;46;27;47;161;49;24;59;19
420.0;32;50;24;47;163;47;22;57;18
426.0;30;49;23;51;163;46;23;58;17
432.0;28;49;25;53;163;44;22;57;19
438.0;26;44;22;56;165;45;24;57;21
444.0;26;43;19;54;170;45;23;60;20
450.0;26;44;20;54;169;44;23;58;22
456.0;23;42;19;55;169;47;24;59;22
462.0;20;43;20;53;170;50;26;56;22
468.0;17;44;20;49;173;49;30;58;20
474.0;17;45;19;49;173;51;29;57;20
480.0;16;45;18;48;172;53;29;57;22
486.0;16;43;18;46;173;54;29;56;25
492.0;15;39;18;48;178;53;22;57;30
498.0;16;40;19;49;180;51;21;55;29
504.0;18;41;16;49;181;51;22;54;28
510.0;19;41;16;50;183;49;22;52;28
516.0;18;40;18;51;184;49;19;52;29
522.0;18;40;20;54;181;47;19;54;27
528.0;16;39;20;54;183;47;17;55;29
534.0;17;40;19;52;184;47;18;52;31
540.0;18;40;19;48;186;45;23;49;32
546.0;18;36;23;48;186;45;22;50;32
552.0;18;38;23;48;186;44;24;48;31
558.0;17;40;21;50;187;47;23;46;29
564.0;17;40;23;49;189;48;25;43;26
570.0;21;39;21;50;191;48;26;40;24
576.0;20;43;22;49;193;44;28;39;22
582.0;23;44;20;47;193;44;26;38;25
588.0;24;46;19;48;193;43;25;38;24
594.0;22;47;20;49;193;45;24;39;21
600.0;23;49;21;48;192;46;23;39;19
606.0;23;51;17;45;192;50;23;42;17
612.0;21;53;23;46;191;47;24;38;17
618.0;24;54;21;48;187;47;23;39;17
624.0;20;54;22;48;188;46;24;40;18
630.0;21;53;21;50;190;47;25;35;18
636.0;18;53;18;53;190;47;26;37;18
642.0;19;52;16;52;187;49;25;40;20
648.0;20;52;16;53;188;47;24;39;21
654.0;25;49;15;51;192;45;24;36;23
660.0;27;50;13;51;189;46;26;36;22
666.0;27;45;15;52;193;47;24;36;21
672.0;26;47;15;48;193;49;25;35;22
678.0;26;46;16;48;192;49;26;34;23
684.0;27;46;18;47;191;45;28;35;23
690.0;26;41;19;50;190;46;27;37;24
696.0;21;42;19;53;191;48;26;38;22
702.0;23;42;18;53;192;46;28;39;19
708.0;23;43;16;55;194;46;23;42;18
714.0;21;45;15;57;196;45;24;40;17
720.0;20;42;21;54;202;46;22;35;18
726.0;19;45;20;55;207;43;21;35;15
732.0;24;42;20;51;210;46;19;30;18
738.0;25;38;21;49;210;47;19;31;20
744.0;25;32;19;52;211;47;19;32;23
750.0;23;33;19;52;214;47;18;34;20
756.0;26;31;22;54;213;45;19;33;17
762.0;26;33;22;52;213;49;17;32;16
768.0;25;34;18;52;216;46;19;34;16
774.0;21;32;19;52;217;47;23;34;15
780.0;17;32;21;50;222;43;26;35;14
786.0;18;38;21;50;220;38;28;34;13
792.0;18;42;23;49;216;36;25;37;14
798.0;22;44;22;46;216;37;23;35;15
804.0;19;49;23;48;214;34;21;35;17
810.0;17;51;24;49;217;33;18;36;15
816.0;19;48;27;48;215;33;18;35;17
822.0;20;49;24;47;215;35;19;35;16
828.0;19;49;25;46;217;34;19;37;14
834.0;16;47;25;47;217;35;19;37;17
840.0;14;48;28;47;216;37;16;37;17
846.0;16;47;27;44;215;35;19;40;17
852.0;17;45;28;46;214;34;18;41;17
858.0;14;43;28;49;216;32;18;43;17
864.0;16;44;25;47;216;32;18;43;19
870.0;19;40;27;43;220;33;19;43;16
876.0;21;39;24;43;223;34;22;42;12
882.0;20;39;26;45;222;38;21;40;9
888.0;19;41;30;48;221;35;17;40;9
894.0;22;41;31;48;219;36;15;39;9
900.0;24;42;26;46;219;36;14;40;13
906.0;22;42;29;48;219;38;12;39;11
912.0;21;46;27;50;218;36;12;39;11
918.0;24;46;28;47;219;37;11;35;13
924.0;23;50;25;46;220;37;10;36;13
930.0;20;52;26;45;218;35;16;36;12
936.0;22;50;22;45;219;38;15;34;15
942.0;23;52;19;46;223;35;13;34;15
948.0;22;51;20;46;224;31;14;32;20
954.0;22;50;17;46;225;32;17;32;19
960.0;22;49;18;45;225;33;16;31;21
966.0;25;49;22;46;222;33;15;30;18
972.0;23;48;22;47;220;35;15;32;18
978.0;23;46;25;47;222;37;12;29;19
984.0;23;47;23;46;227;36;11;29;18
990.0;21;44;22;48;226;38;12;30;19
996.0;21;45;24;49;227;35;15;28;16
1002.0;21;42;21;48;228;37;18;30;15
1008.0;20;44;20;48;227;37;19;30;15
1014.0;21;47;19;48;224;37;19;28;17
1020.0;20;47;21;48;221;34;19;32;18
1026.0;17;51;18;48;216;33;23;33;21
1032.0;19;49;16;51;220;33;21;33;18
1038.0;20;49;15;50;218;35;23;32;18
1044.0;21;50;14;46;217;36;20;35;21
1050.0;22;48;14;45;217;39;19;36;20
1056.0;21;46;15;44;214;40;19;38;23
1062.0;23;45;17;40;213;40;22;38;22
1068.0;23;45;18;40;212;39;22;38;23
1074.0;24;43;22;39;216;36;23;35;22
1080.0;23;42;26;43;217;36;19;34;20
1086.0;22;42;29;43;218;34;19;36;17
1092.0;22;48;26;39;218;34;19;38;16
1098.0;23;51;24;42;214;30;21;38;17
1104.0;21;52;23;45;214;32;17;39;17
1110.0;21;49;21;47;214;30;22;39;17
1116.0;24;48;20;47;215;33;18;37;18
1122.0;23;51;20;46;215;33;19;34;19
1128.0;22;51;19;47;213;37;14;39;18
1134.0;18;51;16;48;217;37;15;40;18
1140.0;17;50;16;50;218;37;13;41;18
1146.0;15;49;17;47;217;39;14;41;21
1152.0;13;50;18;45;216;41;12;40;25
1158.0;15;49;20;45;216;40;13;38;24
1164.0;14;50;20;45;217;36;17;40;21
1170.0;16;48;21;46;219;36;17;37;20
1176.0;16;50;19;47;217;38;18;36;19
1182.0;19;49;17;50;214;37;15;38;21
1188.0;17;48;20;47;213;36;17;40;22
1194.0;17;50;21;46;211;40;17;39;19
1200.0;19;51;21;45;211;40;17;37;19
1206.0;17;49;22;49;211;39;18;37;18
1212.0;17;51;23;49;211;41;17;36;15
1218.0;19;48;25;49;210;44;16;35;14
1224.0;19;50;27;46;208;45;18;34;13
1230.0;19;50;26;46;211;41;17;35;15
1236.0;18;51;19;46;216;42;19;32;17
1242.0;19;51;19;47;215;37;20;33;19
1248.0;20;48;18;54;215;36;21;31;17
1254.0;20;52;18;52;213;35;19;32;19
1260.0;21;52;20;51;212;36;17;33;18
1266.0;19;50;19;52;209;37;19;36;19
1272.0;20;49;20;52;208;36;23;36;16
1278.0;23;48;23;51;206;35;22;35;17
1284.0;23;50;25;48;202;34;23;36;19
1290.0;24;48;25;47;203;37;22;36;18
1296.0;21;48;26;41;206;38;23;38;19
1302.0;23;48;28;38;205;38;22;37;21
1308.0;24;47;26;40;204;45;19;39;16
1314.0;25;47;24;40;203;45;19;39;18
1320.0;26;48;23;43;201;44;18;39;18
1326.0;27;49;24;39;200;45;18;38;20
1332.0;23;48;20;40;201;44;21;42;21
1338.0;24;45;16;38;206;44;23;41;23
1344.0;23;44;18;37;208;47;23;40;20
1350.0;21;42;18;41;207;47;24;41;19
1356.0;24;41;16;38;209;47;24;43;18
1362.0;22;40;14;39;209;49;24;44;19
1368.0;24;40;14;39;209;49;25;45;15
1374.0;22;39;11;45;210;46;24;48;15
1380.0;21;40;11;44;211;47;22;47;17
1386.0;22;40;13;43;214;46;23;45;14
1392.0;19;45;13;45;209;46;23;45;15
1398.0;22;46;13;42;210;47;22;45;13
1404.0;22;45;13;42;210;45;24;45;14
1410.0;22;44;16;43;211;45;24;41;14
1416.0;21;46;16;42;208;47;23;41;16
1422.0;19;45;18;43;208;45;23;40;19
1428.0;23;41;18;44;210;42;24;39;19
1434.0;25;41;17;42;211;42;24;39;19
1440.0;21;44;19;39;209;48;25;39;16
1446.0;22;42;20;39;208;47;24;40;18
1452.0;23;40;21;40;207;46;27;38;18
1458.0;26;43;21;38;202;45;27;39;19
1464.0;30;40;25;39;202;43;28;37;16
1470.0;36;40;24;38;205;39;25;37;16
1476.0;41;36;22;37;208;37;24;39;16
1482.0;41;38;22;39;207;36;21;40;16
1488.0;39;37;20;40;207;35;21;43;18
1494.0;36;36;20;40;206;36;20;45;21
1500.0;35;38;20;41;205;34;20;47;20
1506.0;34;37;20;41;206;36;18;49;19
1512.0;29;36;19;40;207;37;18;52;22
1518.0;29;38;16;42;206;40;17;52;20
1524.0;30;35;16;40;206;42;21;47;23
1530.0;27;35;16;41;207;41;20;48;25
1536.0;27;35;13;42;207;39;23;49;25
1542.0;26;39;12;43;211;36;22;49;22
1548.0;25;38;13;41;210;38;22;47;26
1554.0;27;39;14;40;212;40;20;44;24
1560.0;28;39;16;41;214;40;16;43;23
1566.0;30;39;18;40;212;39;17;44;21
1572.0;26;39;14;40;218;37;21;44;21
1578.0;25;42;15;42;215;38;19;45;19
1584.0;24;42;12;42;214;39;19;45;23
1590.0;22;43;14;42;212;40;20;45;22
1596.0;22;42;15;42;212;43;20;44;20
1602.0;21;42;17;44;213;43;19;42;19
1608.0;21;45;19;44;212;43;19;41;16
1614.0;19;51;18;45;210;41;23;37;16
1620.0;19;51;18;48;210;42;21;35;16
1626.0;21;49;20;48;211;41;20;37;13
1632.0;19;51;20;50;212;41;19;36;12
1638.0;17;51;22;51;210;42;19;34;14
1644.0;15;55;21;52;211;42;15;33;16
1650.0;16;54;23;51;208;41;17;34;16
1656.0;19;51;20;51;207;39;15;37;21
1662.0;20;49;20;51;205;38;17;39;21
1668.0;22;49;18;50;208;40;16;41;16
1674.0;24;50;16;47;209;39;15;43;17
1680.0;23;47;15;47;209;42;15;46;16
1686.0;24;47;17;47;209;42;12;47;15
1692.0;24;43;18;48;207;42;14;47;17
1698.0;25;43;20;47;206;43;12;46;18
1704.0;23;43;18;45;206;42;15;47;21
1710.0;22;43;18;47;206;41;16;45;22
1716.0;20;43;19;48;204;40;18;45;23
1722.0;20;43;22;47;204;37;22;44;21
1728.0;19;43;23;48;205;37;21;43;21
1734.0;22;44;23;47;206;33;20;43;22
1740.0;17;47;19;49;207;38;21;43;19
1746.0;18;46;19;52;209;35;19;40;22
1752.0;19;43;17;51;211;36;21;42;20
1758.0;21;42;16;51;210;37;21;43;19
1764.0;21;40;18;51;212;33;24;44;17
1770.0;22;38;16;49;217;35;21;44;18
1776.0;21;40;20;46;220;33;20;43;17
1782.0;22;41;19;46;220;35;18;43;16
1788.0;18;43;20;46;221;34;18;45;15
1794.0;18;45;19;46;221;34;19;44;14
