#auto generated file!
12.0;25;22;19;27;22;16;19;19;21
18.0;25;23;18;26;23;16;17;21;21
24.0;23;23;18;26;23;16;18;21;22
30.0;20;25;17;27;23;17;17;22;22
36.0;19;27;16;25;24;20;16;21;22
42.0;19;27;16;27;24;20;15;20;22
48.0;20;26;16;24;26;19;17;20;22
54.0;20;25;17;25;27;18;17;22;19
60.0;18;26;18;27;27;18;18;19;19
66.0;15;25;17;27;29;21;20;18;18
72.0;14;28;16;27;30;21;18;19;17
78.0;14;28;14;27;30;21;20;19;17
84.0;14;28;12;29;31;20;20;19;17
90.0;12;29;11;26;31;23;20;21;17
96.0;12;32;10;24;31;24;18;21;18
102.0;10;33;10;21;33;25;19;23;16
108.0;10;32;11;19;34;26;21;22;15
114.0;11;32;12;20;35;26;19;23;12
120.0;14;30;11;20;37;26;18;22;12
126.0;17;31;11;22;38;24;16;21;10
132.0;17;30;14;22;39;25;13;20;10
138.0;17;32;15;21;39;25;11;21;9
144.0;16;31;14;21;39;27;10;23;9
150.0;14;31;15;22;39;27;10;22;10
156.0;15;33;14;20;42;26;10;21;9
162.0;15;34;14;19;43;27;9;22;7
168.0;14;34;15;19;43;27;9;21;8
174.0;17;34;10;19;43;27;9;21;10
180.0;15;32;12;18;44;30;9;20;10
186.0;14;33;14;19;44;27;9;21;9
192.0;16;33;14;18;45;25;6;22;11
198.0;15;34;13;20;45;25;6;21;11
204.0;14;33;13;20;46;26;6;22;10
210.0;14;31;12;21;48;24;4;23;13
216.0;14;29;13;24;48;21;5;23;13
222.0;12;31;12;24;49;22;8;22;10
228.0;10;30;14;25;50;22;8;24;7
234.0;10;30;13;24;52;22;8;23;8
240.0;10;29;13;24;51;24;7;23;9
246.0;10;31;10;24;50;25;7;24;9
252.0;9;32;13;23;49;25;8;22;9
258.0;8;33;11;22;49;25;8;24;10
264.0;9;34;10;22;48;25;8;23;11
270.0;10;33;12;25;48;23;9;21;9
276.0;12;33;13;24;49;21;8;21;9
282.0;12;32;14;24;50;21;7;20;10
288.0;10;32;13;25;51;21;11;18;9
294.0;10;30;15;23;53;18;11;20;10
300.0;10;29;14;24;55;18;10;21;9
306.0;10;31;17;22;55;17;8;19;11
312.0;10;28;15;24;56;17;8;21;11
318.0;10;27;18;23;57;18;9;18;10
324.0;13;27;15;22;57;16;11;19;10
330.0;16;28;11;25;56;14;10;19;11
336.0;15;27;11;24;57;14;10;21;11
342.0;15;26;11;22;57;13;10;25;11
348.0;15;27;11;22;57;12;9;25;12
354.0;15;25;10;21;57;13;9;26;14
360.0;14;24;10;21;58;14;9;25;15
366.0;10;25;10;23;59;12;10;25;16
372.0;10;25;11;22;59;12;8;25;18
378.0;12;25;11;21;59;12;8;25;17
384.0;13;25;12;20;59;12;8;23;18
390.0;11;22;12;21;59;15;10;22;18
396.0;11;19;11;21;59;15;12;24;18
402.0;11;19;11;22;59;14;13;22;19
408.0;12;16;13;22;61;13;12;24;17
414.0;12;16;14;22;60;13;13;23;17
420.0;12;16;11;22;62;12;14;24;17
426.0;10;15;10;23;62;11;17;23;19
432.0;9;15;11;24;63;11;16;22;19
438.0;7;16;12;22;65;12;15;24;17
444.0;9;15;13;22;65;11;14;27;14
450.0;10;16;12;25;63;12;11;25;16
456.0;12;16;11;24;64;13;12;24;14
462.0;12;15;12;23;66;14;11;25;12
468.0;12;14;12;24;66;16;11;27;8
474.0;12;13;11;25;66;16;11;27;9
480.0;12;13;11;25;67;14;11;27;10
486.0;12;13;11;26;69;14;9;25;11
492.0;11;13;12;24;70;15;8;25;12
498.0;10;11;13;23;71;16;8;26;12
504.0;8;10;12;22;74;17;10;26;11
510.0;8;12;11;20;75;17;12;23;12
516.0;9;14;8;18;75;18;11;26;11
522.0;8;15;9;18;72;18;12;25;13
528.0;7;14;8;20;75;17;11;26;12
534.0;9;16;8;19;75;16;11;26;10
540.0;9;14;7;18;76;16;12;25;13
546.0;8;15;6;15;78;15;13;28;12
552.0;8;13;6;15;78;15;13;31;11
558.0;8;15;7;15;77;15;12;31;10
564.0;9;16;10;14;76;15;10;31;9
570.0;8;18;11;14;74;15;10;30;10
576.0;7;18;11;14;76;17;11;28;8
582.0;10;18;10;15;74;17;12;27;7
588.0;10;20;9;13;74;18;12;25;9
594.0;11;20;7;13;74;17;13;27;8
600.0;9;20;5;14;73;18;14;29;8
606.0;9;20;8;13;72;17;15;27;9
612.0;8;20;9;15;72;17;14;27;8
618.0;9;19;9;15;72;15;16;26;9
624.0;8;19;7;15;74;16;14;28;9
630.0;9;20;6;18;75;17;14;24;7
636.0;9;21;5;18;75;16;14;24;8
642.0;9;21;5;19;76;14;14;24;8
648.0;7;20;7;19;77;15;13;25;7
654.0;6;19;8;20;78;13;12;25;9
660.0;6;21;9;19;78;13;12;23;9
666.0;6;22;8;20;77;12;13;22;10
672.0;8;20;7;24;78;11;13;21;8
678.0;10;20;7;22;79;13;12;19;8
684.0;9;17;8;24;79;14;11;19;9
690.0;8;16;7;24;80;16;11;18;10
696.0;10;17;5;27;80;13;12;18;8
702.0;10;17;5;27;80;13;13;18;7
708.0;9;17;8;26;82;14;11;17;6
714.0;8;17;8;25;83;14;11;18;6
720.0;7;17;8;26;85;15;15;13;4
726.0;8;18;9;25;83;15;15;12;5
732.0;8;18;8;23;85;13;14;13;8
738.0;9;18;9;22;85;14;12;13;8
744.0;11;18;9;22;83;15;11;13;8
750.0;11;19;9;21;87;15;8;13;7
756.0;10;21;9;22;84;14;8;13;9
762.0;9;23;9;20;86;15;6;14;8
768.0;8;22;10;21;85;14;5;15;10
774.0;8;23;11;19;86;14;6;13;10
780.0;8;25;11;20;85;14;6;12;9
786.0;9;23;9;19;84;18;7;13;8
792.0;10;24;8;19;84;19;9;13;4
798.0;11;25;7;19;84;18;8;14;4
804.0;11;23;9;16;83;20;9;15;4
810.0;11;23;7;14;83;22;9;17;4
816.0;11;22;7;13;83;25;10;14;5
822.0;12;22;7;13;84;25;10;13;4
828.0;11;20;8;13;87;25;10;12;4
834.0;8;20;10;14;85;26;10;13;4
840.0;8;20;9;15;84;24;11;13;6
846.0;7;17;8;16;86;26;11;12;7
852.0;8;17;8;17;84;28;10;12;6
858.0;9;19;6;18;85;28;7;12;6
864.0;9;20;6;18;84;27;8;11;7
870.0;9;18;6;17;85;26;7;12;10
876.0;7;18;7;17;86;23;6;16;10
882.0;7;17;10;19;83;21;6;16;11
888.0;8;16;11;17;82;20;7;17;12
894.0;8;16;10;21;83;18;9;15;10
900.0;9;16;10;21;84;17;9;14;10
906.0;11;16;10;22;84;18;7;12;10
912.0;11;16;10;22;85;16;9;11;10
918.0;10;17;12;20;85;17;8;10;11
924.0;9;17;12;17;86;18;8;11;12
930.0;8;20;12;16;87;17;8;11;11
936.0;8;21;11;17;86;17;9;11;10
942.0;8;19;14;19;84;16;8;11;11
948.0;7;18;17;19;84;15;7;10;13
954.0;7;17;15;17;86;16;8;13;11
960.0;5;20;14;18;86;16;7;13;11
966.0;5;20;15;19;88;16;6;12;9
972.0;6;21;13;18;87;17;7;12;9
978.0;6;23;11;17;89;17;6;12;9
984.0;6;25;9;16;91;16;6;11;10
990.0;6;23;8;15;92;17;4;14;11
996.0;6;23;8;15;90;18;4;14;12
1002.0;7;24;7;14;90;17;5;15;11
1008.0;8;25;4;15;89;17;5;18;9
1014.0;8;25;3;15;89;17;5;19;9
1020.0;8;26;2;14;89;18;5;18;10
1026.0;8;23;3;14;89;20;6;18;9
1032.0;8;23;3;14;88;21;6;19;8
1038.0;9;22;3;16;87;19;8;19;7
1044.0;10;23;3;15;88;19;7;18;7
1050.0;11;23;3;15;87;20;7;17;7
1056.0;8;25;5;15;88;19;7;17;6
1062.0;9;24;5;16;89;16;9;17;5
1068.0;6;22;5;17;91;17;9;15;8
1074.0;5;26;5;13;91;17;8;16;9
1080.0;4;26;4;15;91;15;9;18;8
1086.0;5;26;5;14;92;13;9;17;9
1092.0;7;26;5;15;92;11;9;18;7
1098.0;7;27;4;16;93;8;11;18;6
1104.0;7;26;5;18;90;10;9;19;6
1110.0;8;26;5;17;90;9;8;20;7
1116.0;7;28;4;18;89;9;8;21;6
1122.0;9;28;4;17;90;9;8;19;6
1128.0;10;28;4;17;89;11;6;19;6
1134.0;11;26;5;17;88;14;6;18;5
1140.0;10;26;6;16;89;15;5;18;5
1146.0;10;25;9;15;89;14;5;18;5
1152.0;7;25;9;16;88;15;5;19;6
1158.0;8;26;9;16;86;15;5;19;6
1164.0;9;26;9;16;86;16;4;19;5
1170.0;9;27;8;16;86;17;3;20;4
1176.0;11;26;9;14;86;16;4;19;5
1182.0;11;26;9;15;84;17;4;18;6
1188.0;11;25;10;14;85;17;4;17;7
1194.0;10;25;11;14;86;18;4;15;7
1200.0;11;26;10;14;85;16;4;15;9
1206.0;11;27;10;15;83;16;5;16;7
1212.0;11;30;9;15;84;14;4;16;7
1218.0;10;33;6;14;84;14;5;17;7
1224.0;11;33;8;14;82;14;4;17;7
1230.0;12;32;7;13;83;15;3;17;8
1236.0;9;35;6;14;83;15;3;18;7
1242.0;7;38;6;12;82;16;3;18;8
1248.0;8;39;7;12;82;15;4;17;6
1254.0;7;39;8;11;82;15;4;17;7
1260.0;7;37;6;11;82;15;5;18;9
1266.0;7;35;8;10;83;16;5;17;9
1272.0;5;34;8;9;83;16;6;17;12
1278.0;5;34;7;10;85;12;7;20;10
1284.0;5;32;7;13;84;12;7;20;10
1290.0;5;32;7;12;84;13;7;20;10
1296.0;6;33;8;13;86;11;7;17;9
1302.0;7;34;7;13;86;10;7;17;9
1308.0;6;32;7;15;82;11;8;20;9
1314.0;8;31;7;15;79;11;9;21;9
1320.0;8;30;6;15;81;13;9;20;8
1326.0;7;28;6;16;82;12;9;22;8
1332.0;7;25;7;17;82;13;10;20;9
1338.0;6;25;5;17;83;14;9;20;11
1344.0;4;26;6;17;82;14;11;19;11
1350.0;4;26;6;15;80;15;12;19;13
1356.0;4;27;7;16;81;16;11;17;11
1362.0;2;27;8;17;83;15;11;16;11
1368.0;4;27;7;17;82;15;10;18;10
1374.0;4;26;6;17;83;15;12;17;10
1380.0;2;27;5;17;83;15;14;18;9
1386.0;4;28;6;15;82;18;10;20;7
1392.0;6;27;6;14;82;18;10;19;8
1398.0;8;25;7;13;81;17;11;21;7
1404.0;8;27;6;13;81;16;11;21;7
1410.0;7;29;6;14;79;16;12;20;7
1416.0;7;28;9;15;80;15;12;18;6
1422.0;7;27;10;16;79;15;12;17;7
1428.0;6;28;11;16;79;16;10;16;8
1434.0;6;26;12;15;81;17;10;14;9
1440.0;6;24;11;15;81;17;11;14;11
1446.0;7;23;10;15;79;18;11;14;13
1452.0;7;24;11;14;80;18;10;15;11
1458.0;8;24;11;13;80;17;11;15;11
1464.0;8;21;13;13;80;17;14;13;11
1470.0;8;22;13;12;80;17;14;14;10
1476.0;7;21;12;14;81;18;14;14;9
1482.0;7;21;15;12;80;19;15;15;6
1488.0;7;19;12;12;82;18;14;16;10
1494.0;7;19;12;12;84;18;12;16;10
1500.0;7;19;12;11;85;18;12;16;10
1506.0;9;17;9;13;86;21;11;16;8
1512.0;8;15;10;14;85;21;14;16;7
1518.0;7;16;7;15;84;22;15;18;6
1524.0;8;16;10;14;84;23;10;18;7
1530.0;7;18;9;14;84;24;10;17;7
1536.0;7;18;9;14;84;24;9;17;8
1542.0;8;19;9;15;86;23;8;16;6
1548.0;7;16;10;15;87;22;9;18;6
1554.0;7;15;11;14;88;21;8;18;8
1560.0;6;16;9;17;90;20;9;16;7
1566.0;5;16;7;17;90;21;9;16;9
1572.0;6;16;9;16;89;21;9;15;9
1578.0;7;15;9;19;88;21;7;15;9
1584.0;7;15;10;19;85;22;10;14;8
1590.0;4;15;10;19;85;24;10;15;8
1596.0;4;14;7;19;85;27;12;14;8
1602.0;4;15;7;17;84;27;14;14;8
1608.0;5;16;7;17;84;27;15;13;6
1614.0;3;17;8;17;84;25;13;17;6
1620.0;3;17;8;18;84;24;13;16;7
1626.0;4;16;9;17;83;25;12;16;8
1632.0;6;16;8;19;81;25;11;16;8
1638.0;7;15;8;19;81;25;10;18;7
1644.0;7;14;8;19;81;22;11;19;9
1650.0;9;14;7;20;83;19;11;20;7
1656.0;11;13;7;18;83;22;11;19;6
1662.0;12;13;6;17;82;23;11;20;6
1668.0;11;11;5;19;82;23;14;20;5
1674.0;10;12;4;19;81;27;12;20;5
1680.0;10;12;4;19;81;27;13;19;5
1686.0;10;10;5;19;82;27;13;19;5
1692.0;9;12;4;20;82;28;12;18;5
1698.0;7;14;5;19;81;29;12;18;5
1704.0;8;14;4;19;79;27;11;20;8
1710.0;8;15;3;18;79;26;11;21;9
1716.0;6;16;2;21;79;26;10;20;10
1722.0;8;16;1;20;79;25;9;22;10
1728.0;8;16;2;19;80;26;8;22;9
1734.0;7;16;3;20;79;27;9;22;7
1740.0;8;15;2;22;79;25;10;21;8
1746.0;7;14;2;25;77;25;10;23;7
1752.0;7;12;4;26;77;23;10;23;8
1758.0;7;13;4;25;78;23;9;23;8
1764.0;8;14;3;23;81;23;8;23;7
1770.0;8;14;3;22;83;22;8;23;7
1776.0;9;15;3;21;84;19;8;24;7
1782.0;9;16;3;22;83;19;7;24;7
1788.0;9;16;3;22;85;18;6;23;8
1794.0;12;16;5;20;85;16;6;21;9
