#auto generated file!
12.0;42;23;42;45;37;34;24;47;26
18.0;38;24;42;45;37;35;23;50;26
24.0;34;24;39;44;39;39;22;50;29
30.0;34;26;40;46;40;37;19;50;28
36.0;36;28;36;44;45;40;20;45;26
42.0;37;31;37;45;46;40;18;41;25
48.0;34;34;29;48;47;41;17;42;28
54.0;35;33;28;48;50;40;14;44;28
60.0;33;34;25;50;52;40;13;44;29
66.0;31;34;24;51;53;43;13;46;25
72.0;31;34;24;45;56;42;17;45;26
78.0;27;34;24;49;58;44;16;44;24
84.0;26;36;20;48;58;44;16;46;26
90.0;24;34;19;47;59;45;14;51;27
96.0;25;34;18;47;66;45;14;48;23
102.0;25;36;18;47;68;43;12;48;23
108.0;25;34;17;45;72;44;13;48;22
114.0;23;36;20;46;73;40;14;47;21
120.0;22;35;22;43;74;41;16;47;20
126.0;22;38;17;44;75;40;16;49;19
132.0;22;39;16;45;75;37;18;49;19
138.0;20;38;20;47;78;36;16;48;17
144.0;23;36;19;46;80;33;19;49;15
150.0;22;35;16;47;83;31;22;48;16
156.0;21;38;17;47;83;29;21;45;19
162.0;16;41;21;46;82;32;23;42;17
168.0;15;41;20;45;84;33;25;42;15
174.0;16;42;16;48;87;31;26;39;15
180.0;16;42;16;48;88;31;23;39;17
186.0;17;42;18;47;90;31;20;36;19
192.0;19;39;20;44;94;30;20;34;20
198.0;22;38;21;44;94;33;19;31;18
204.0;19;40;25;42;94;33;18;29;20
210.0;19;37;23;46;94;34;19;29;19
216.0;19;41;17;45;95;34;21;28;20
222.0;17;42;17;45;96;35;23;27;18
228.0;16;40;19;43;94;37;21;31;19
234.0;14;41;17;43;97;36;20;33;19
240.0;17;38;15;44;98;35;20;34;19
246.0;17;36;16;42;99;38;20;32;20
252.0;17;33;16;47;99;38;21;29;20
258.0;19;34;14;45;101;40;20;31;16
264.0;17;34;15;48;101;40;17;31;17
270.0;16;35;14;52;100;43;14;30;16
276.0;13;36;14;52;99;41;16;29;20
282.0;13;37;14;51;100;39;18;28;20
288.0;14;40;13;47;103;38;18;27;20
294.0;14;40;15;46;104;38;17;29;17
300.0;17;40;14;46;104;35;18;32;14
306.0;14;40;14;45;107;34;20;31;15
312.0;15;38;15;43;107;32;23;33;14
318.0;15;38;15;41;106;32;24;36;13
324.0;16;37;13;41;106;32;23;39;13
330.0;15;36;14;41;106;35;21;39;13
336.0;16;34;15;39;110;34;18;41;13
342.0;20;32;13;37;107;37;18;38;18
348.0;19;34;17;38;108;36;19;33;16
354.0;19;35;17;39;108;37;18;31;16
360.0;17;35;15;41;108;37;17;32;18
366.0;17;31;13;46;108;40;16;30;19
372.0;15;32;11;49;110;38;15;29;21
378.0;16;34;12;47;109;37;16;29;20
384.0;20;30;11;45;112;37;17;28;20
390.0;19;30;15;39;110;39;17;29;22
396.0;21;32;14;38;109;36;19;30;21
402.0;21;33;14;36;112;37;17;30;20
408.0;20;35;14;35;110;37;18;31;20
414.0;16;37;14;33;110;37;17;36;20
420.0;15;37;16;34;108;35;14;39;22
426.0;13;37;15;36;109;33;14;40;23
432.0;11;38;15;34;111;35;13;39;24
438.0;10;36;14;31;114;37;13;41;24
444.0;8;35;14;31;118;36;16;41;21
450.0;11;36;12;33;118;35;12;44;19
456.0;12;38;12;33;117;34;10;44;20
462.0;13;36;12;34;117;33;11;42;22
468.0;14;37;12;37;117;31;11;40;21
474.0;14;37;12;37;116;30;14;39;21
480.0;10;42;11;38;118;29;12;41;19
486.0;12;40;11;36;118;25;14;45;19
492.0;13;38;13;37;116;27;14;42;20
498.0;17;35;14;33;116;27;13;45;20
504.0;17;34;16;34;114;27;14;44;20
510.0;19;34;19;33;111;24;15;48;17
516.0;18;36;15;34;113;24;17;48;15
522.0;19;36;14;34;115;24;18;44;16
528.0;18;35;15;33;117;26;15;45;16
534.0;18;34;17;33;118;28;12;42;18
540.0;18;36;14;35;119;28;13;43;14
546.0;17;38;13;36;117;28;15;40;16
552.0;18;37;16;36;117;27;14;39;16
558.0;15;36;16;37;121;23;12;41;19
564.0;15;32;16;34;126;25;14;44;14
570.0;15;31;16;32;126;25;15;45;15
576.0;14;30;15;31;124;27;15;46;18
582.0;14;30;13;32;123;28;15;48;17
588.0;12;32;16;32;123;29;14;46;16
594.0;11;34;16;32;123;30;18;43;13
600.0;13;35;16;32;122;31;18;41;12
606.0;11;34;16;30;124;31;19;40;15
612.0;13;37;15;29;126;28;18;38;16
618.0;13;35;16;29;125;31;18;36;17
624.0;15;30;15;33;124;32;16;37;18
630.0;17;31;16;30;123;34;17;36;16
636.0;17;29;19;30;122;36;15;36;16
642.0;14;26;20;31;124;37;15;36;17
648.0;14;27;19;32;124;37;16;36;15
654.0;13;26;21;32;123;36;16;38;15
660.0;12;28;19;29;127;37;12;39;17
666.0;13;29;17;32;128;38;11;37;15
672.0;18;28;15;34;128;38;11;37;11
678.0;14;28;14;34;128;39;12;39;12
684.0;13;27;18;35;126;36;13;40;12
690.0;13;29;20;35;125;34;14;38;12
696.0;13;25;19;39;125;35;17;35;12
702.0;13;25;18;41;123;32;18;35;15
708.0;14;23;17;41;122;33;18;35;17
714.0;13;25;18;41;120;34;20;33;16
720.0;13;27;19;41;120;31;19;35;15
726.0;13;22;22;42;118;33;18;37;15
732.0;17;23;20;41;118;35;17;33;16
738.0;17;21;20;36;120;36;20;34;16
744.0;16;21;21;37;121;36;18;34;16
750.0;13;23;23;37;121;35;19;34;15
756.0;11;25;24;39;122;32;18;34;15
762.0;14;24;26;39;122;31;16;33;15
768.0;14;24;26;39;122;34;16;33;12
774.0;16;28;21;39;123;35;13;33;12
780.0;15;32;20;35;122;35;15;33;13
786.0;14;31;20;36;122;37;16;33;11
792.0;15;30;20;35;120;37;16;31;16
798.0;17;30;16;35;124;36;16;29;17
804.0;20;30;16;39;122;33;13;27;20
810.0;20;27;15;40;122;32;15;28;21
816.0;23;28;14;38;121;31;16;24;25
822.0;22;27;14;39;120;31;16;23;28
828.0;24;26;14;36;121;29;16;29;25
834.0;26;26;12;37;123;29;18;27;22
840.0;23;25;11;38;126;29;19;27;22
846.0;22;25;11;39;128;28;18;28;21
852.0;20;27;11;38;132;27;14;28;23
858.0;18;28;12;36;135;26;14;29;22
864.0;21;27;14;35;136;26;12;28;21
870.0;21;27;17;38;134;26;10;28;19
876.0;23;28;19;38;129;28;11;27;17
882.0;21;29;16;41;131;27;11;27;17
888.0;20;28;14;45;132;24;10;27;20
894.0;19;27;14;45;133;25;9;27;21
900.0;17;26;16;43;133;27;9;28;21
906.0;18;25;16;41;132;26;7;31;24
912.0;16;22;15;42;135;26;10;32;22
918.0;17;23;13;40;138;27;9;35;18
924.0;16;24;13;39;138;28;9;37;16
930.0;15;25;13;37;139;27;10;37;17
936.0;15;26;11;36;141;27;12;36;16
942.0;16;28;13;36;143;26;11;34;13
948.0;20;25;12;34;144;27;13;34;11
954.0;20;25;12;36;144;27;12;35;9
960.0;20;24;13;36;140;26;12;38;11
966.0;20;26;12;35;139;26;12;39;11
972.0;20;24;13;33;140;28;12;40;10
978.0;23;21;13;32;139;30;12;41;9
984.0;22;20;15;31;140;33;12;37;10
990.0;24;24;12;30;140;33;10;34;13
996.0;25;25;13;29;139;33;10;33;13
1002.0;23;24;14;28;136;36;13;34;12
1008.0;22;24;12;28;139;37;15;31;12
1014.0;21;26;8;27;142;36;16;29;15
1020.0;21;24;8;26;143;35;19;30;14
1026.0;22;25;9;24;144;33;17;31;15
1032.0;20;27;11;26;145;31;16;28;16
1038.0;18;25;13;25;148;32;17;27;15
1044.0;14;28;13;24;150;30;16;27;18
1050.0;15;26;14;24;147;31;19;26;18
1056.0;16;29;11;26;147;30;18;26;17
1062.0;17;27;14;22;149;30;21;24;16
1068.0;15;26;14;26;146;30;18;26;19
1074.0;14;26;15;27;147;30;18;24;19
1080.0;14;29;13;29;147;30;17;23;18
1086.0;14;31;12;27;146;33;16;21;20
1092.0;15;31;12;30;147;29;15;23;18
1098.0;16;32;16;31;150;25;14;20;16
1104.0;19;34;14;30;151;25;12;19;16
1110.0;17;31;14;30;152;26;14;18;18
1116.0;14;32;15;32;150;25;13;20;19
1122.0;13;28;16;33;150;25;16;20;19
1128.0;15;28;14;32;149;27;16;19;20
1134.0;13;26;13;34;148;29;14;22;21
1140.0;13;27;12;34;149;28;16;23;18
1146.0;13;29;11;32;148;30;16;24;17
1152.0;13;30;12;31;147;32;14;24;17
1158.0;14;29;14;26;149;29;17;23;19
1164.0;15;27;13;30;148;28;20;23;16
1170.0;15;28;12;33;147;29;19;24;13
1176.0;15;29;14;32;148;28;18;25;11
1182.0;13;28;14;33;149;24;21;28;10
1188.0;14;32;12;31;149;27;19;27;9
1194.0;16;29;10;32;148;27;17;29;12
1200.0;18;30;10;31;145;28;16;30;12
1206.0;19;31;10;26;147;27;19;30;11
1212.0;18;32;13;27;146;28;18;27;11
1218.0;20;35;14;27;145;26;17;27;9
1224.0;17;33;16;28;149;24;16;28;9
1230.0;18;36;14;26;148;26;15;28;9
1236.0;18;35;15;25;148;27;16;28;8
1242.0;16;34;19;29;147;25;14;27;9
1248.0;15;37;13;31;147;25;14;27;11
1254.0;15;37;11;31;149;25;14;26;12
1260.0;14;37;12;31;147;25;15;26;13
1266.0;15;35;15;31;148;26;14;24;12
1272.0;16;35;16;30;149;24;14;25;11
1278.0;17;35;16;31;146;26;13;26;10
1284.0;17;35;17;30;148;25;12;26;10
1290.0;14;33;17;28;151;25;12;27;13
1296.0;13;34;17;29;149;26;11;28;13
1302.0;11;31;17;29;148;27;12;29;16
1308.0;9;32;16;28;147;27;12;32;17
1314.0;9;33;18;28;147;28;10;30;17
1320.0;8;35;19;27;149;29;12;26;15
1326.0;8;33;20;26;150;29;13;26;15
1332.0;9;36;19;27;148;29;14;26;12
1338.0;9;36;21;25;150;27;15;27;10
1344.0;12;33;18;27;149;29;11;30;11
1350.0;13;33;21;28;150;27;10;28;10
1356.0;11;31;21;30;150;27;10;29;11
1362.0;10;31;20;28;149;28;13;30;11
1368.0;10;30;20;28;151;28;12;29;12
1374.0;10;29;22;27;151;27;13;30;11
1380.0;10;28;19;28;152;22;14;34;13
1386.0;10;32;17;27;151;24;13;33;13
1392.0;9;33;17;29;154;23;13;30;12
1398.0;8;31;17;30;152;23;14;33;12
1404.0;9;31;15;31;154;21;15;32;12
1410.0;10;30;12;30;154;23;17;32;12
1416.0;10;31;12;29;153;23;18;31;13
1422.0;10;32;11;29;156;23;17;31;11
1428.0;10;32;10;33;156;20;15;34;10
1434.0;10;31;11;33;157;19;13;38;8
1440.0;9;32;13;32;158;19;14;35;8
1446.0;9;28;11;33;159;20;15;35;10
1452.0;9;28;11;33;160;18;14;35;12
1458.0;11;27;10;34;159;21;14;33;11
1464.0;10;27;12;32;158;22;13;34;12
1470.0;11;25;13;30;156;26;12;35;12
1476.0;13;25;13;28;155;28;12;35;11
1482.0;13;25;12;27;156;29;14;35;9
1488.0;11;25;14;25;159;28;13;34;11
1494.0;12;26;15;27;159;27;10;32;12
1500.0;14;28;15;25;159;27;11;32;9
1506.0;14;27;14;26;159;25;13;33;9
1512.0;16;23;16;26;160;26;13;32;8
1518.0;16;24;15;28;160;25;13;29;10
1524.0;16;25;18;29;159;25;10;29;9
1530.0;16;26;15;26;163;27;11;29;7
1536.0;15;26;14;25;163;30;11;29;7
1542.0;15;27;14;24;163;30;12;28;7
1548.0;13;27;13;22;163;30;13;30;9
1554.0;13;27;12;21;166;28;14;28;11
1560.0;13;28;13;20;164;28;15;28;11
1566.0;15;30;13;21;166;25;10;25;15
1572.0;15;25;13;24;164;28;12;24;15
1578.0;16;23;14;23;165;27;13;28;11
1584.0;18;25;14;22;163;24;15;27;12
1590.0;17;27;14;21;161;27;16;27;10
1596.0;16;26;14;18;165;28;15;26;12
1602.0;15;30;15;18;164;25;17;25;11
1608.0;12;33;15;20;162;24;17;25;12
1614.0;12;32;14;24;164;23;18;22;11
1620.0;12;31;13;27;163;23;17;23;11
1626.0;13;30;12;26;161;21;21;24;12
1632.0;14;31;13;25;161;22;19;25;10
1638.0;13;31;13;27;160;21;17;25;13
1644.0;13;29;15;24;161;21;17;25;15
1650.0;13;27;15;24;162;25;17;24;13
1656.0;14;28;15;26;163;23;13;25;13
1662.0;16;26;15;25;165;21;11;27;14
1668.0;13;26;14;27;165;22;11;27;15
1674.0;12;24;16;24;165;24;11;26;18
1680.0;11;25;16;26;161;26;12;27;16
1686.0;14;25;21;24;161;26;10;25;14
1692.0;13;25;24;24;160;25;11;25;13
1698.0;13;24;19;25;160;29;12;25;13
1704.0;12;29;20;22;160;30;11;22;14
1710.0;12;29;20;22;160;30;12;21;14
1716.0;12;29;21;22;159;30;11;23;13
1722.0;12;29;20;21;158;29;12;23;16
1728.0;12;30;22;24;154;29;12;22;15
1734.0;13;31;23;21;154;29;12;23;14
1740.0;16;28;23;20;154;28;14;24;13
1746.0;16;30;16;18;154;27;16;26;17
1752.0;15;32;15;18;154;25;16;27;18
1758.0;16;29;15;18;156;25;15;27;19
1764.0;13;27;14;19;156;26;14;29;22
1770.0;14;29;16;19;155;24;11;30;22
1776.0;15;27;11;19;157;25;11;33;22
1782.0;16;26;11;21;156;25;14;31;20
1788.0;16;26;10;23;156;23;13;30;23
1794.0;15;25;11;26;152;25;14;32;20
