#auto generated file!
12.0;48;56;48;48;56;51;51;46;46
18.0;48;53;45;52;56;54;53;46;43
24.0;47;52;47;49;62;55;51;46;41
30.0;46;52;47;51;66;55;47;48;38
36.0;46;51;48;51;66;59;43;49;37
42.0;45;48;49;48;66;64;43;49;38
48.0;41;48;50;50;69;63;46;51;32
54.0;38;51;48;53;70;59;47;53;31
60.0;41;52;42;51;74;60;42;57;31
66.0;43;55;39;50;78;59;35;60;31
72.0;42;56;39;52;81;60;34;58;28
78.0;44;54;34;51;83;61;36;57;30
84.0;40;58;38;48;84;61;34;60;27
90.0;41;54;41;49;87;60;33;58;27
96.0;44;57;39;48;89;56;31;56;30
102.0;41;60;36;49;91;54;30;57;32
108.0;40;60;27;49;91;59;33;57;34
114.0;42;60;31;48;89;61;31;54;34
120.0;42;63;32;48;89;59;33;56;28
126.0;43;64;33;49;92;57;30;56;26
132.0;42;64;33;49;95;57;25;58;27
138.0;39;64;34;51;96;56;23;58;29
144.0;39;63;32;50;98;58;25;61;24
150.0;35;62;30;57;97;58;24;60;27
156.0;34;60;32;61;99;56;25;58;25
162.0;32;59;33;58;102;57;23;58;28
168.0;32;59;28;57;103;55;26;62;28
174.0;27;58;28;56;106;56;30;60;29
180.0;25;56;27;51;114;53;32;61;31
186.0;29;52;21;50;114;55;34;65;30
192.0;27;52;20;49;116;55;37;68;26
198.0;26;55;22;53;116;55;36;65;22
204.0;28;56;20;54;122;52;32;65;21
210.0;28;54;22;55;130;46;31;64;20
216.0;24;54;22;56;133;49;31;60;21
222.0;26;54;20;56;133;52;29;57;23
228.0;25;51;22;59;131;51;29;53;29
234.0;24;55;19;58;134;50;27;55;28
240.0;21;54;21;59;135;50;26;54;30
246.0;23;50;25;60;136;51;26;53;26
252.0;21;52;21;63;137;48;29;50;29
258.0;15;50;25;65;139;47;32;48;29
264.0;17;53;23;62;144;46;28;50;27
270.0;18;55;25;59;144;44;26;52;27
276.0;19;55;23;56;144;47;24;54;28
282.0;18;54;24;57;143;49;22;57;26
288.0;19;53;22;58;144;50;18;59;27
294.0;17;52;19;58;147;51;19;56;31
300.0;17;47;18;56;151;47;22;60;32
306.0;16;47;19;57;152;43;27;58;31
312.0;19;48;19;53;156;45;26;57;27
318.0;17;45;18;52;159;46;26;62;25
324.0;21;46;18;50;153;48;28;63;23
330.0;22;45;17;50;155;44;30;65;22
336.0;25;43;19;45;153;50;30;65;20
342.0;26;41;19;47;156;45;29;65;22
348.0;26;39;17;50;156;44;32;64;22
354.0;26;41;17;51;157;46;31;60;21
360.0;25;43;19;50;155;46;32;59;21
366.0;23;42;25;47;153;46;35;58;21
372.0;24;45;24;45;156;45;33;57;21
378.0;26;42;26;45;158;46;32;53;22
384.0;26;43;21;43;159;47;30;55;26
390.0;28;40;19;43;162;50;29;56;23
396.0;22;43;22;42;162;49;28;60;22
402.0;26;44;18;45;163;49;26;56;23
408.0;23;45;20;43;163;48;25;57;26
414.0;24;45;20;43;163;48;24;57;26
420.0;21;48;20;43;165;46;21;56;30
426.0;18;48;20;45;163;48;24;52;32
432.0;20;48;21;45;164;49;23;51;29
438.0;19;45;21;44;169;50;25;44;33
444.0;14;43;22;46;172;49;26;46;32
450.0;14;42;21;46;173;48;29;46;31
456.0;13;45;23;47;169;49;27;46;31
462.0;17;46;22;44;167;46;29;49;30
468.0;19;42;23;41;170;48;30;50;27
474.0;22;41;26;41;170;48;29;49;24
480.0;22;46;26;40;168;50;26;47;25
486.0;24;43;27;38;170;47;26;46;29
492.0;24;46;32;36;168;48;24;44;28
498.0;27;47;28;37;169;46;21;49;26
504.0;25;49;26;37;166;47;24;48;28
510.0;25;50;24;36;166;50;21;51;27
516.0;26;45;27;36;167;52;19;49;29
522.0;26;47;27;36;167;49;21;49;28
528.0;25;48;27;38;168;47;19;49;29
534.0;24;43;29;37;171;47;18;53;28
540.0;22;44;28;36;172;44;21;54;29
546.0;21;40;29;39;172;46;22;52;29
552.0;20;44;27;38;172;49;20;51;29
558.0;21;44;25;36;172;51;22;51;28
564.0;21;47;22;39;171;48;24;48;30
570.0;23;44;22;39;170;48;26;51;27
576.0;25;44;19;40;172;50;27;49;24
582.0;27;43;22;38;175;49;28;46;22
588.0;25;42;20;38;174;50;29;47;25
594.0;28;42;18;39;178;47;27;44;27
600.0;24;45;18;38;180;47;27;44;27
606.0;25;39;19;38;182;50;30;41;26
612.0;27;41;19;41;183;48;26;39;26
618.0;25;42;18;42;183;49;25;39;27
624.0;27;42;17;39;185;48;25;40;27
630.0;23;43;16;36;184;49;26;43;30
636.0;24;44;15;37;185;49;24;43;29
642.0;25;47;13;39;181;46;23;46;30
648.0;27;48;14;37;184;47;23;42;28
654.0;25;47;13;39;182;47;23;45;29
660.0;24;46;13;36;186;50;21;46;28
666.0;24;43;14;38;189;49;21;45;27
672.0;24;42;15;41;188;49;22;45;24
678.0;23;38;20;41;187;51;25;48;17
684.0;25;38;19;41;189;49;25;49;15
690.0;24;39;21;41;188;48;23;49;17
696.0;20;42;22;41;187;47;24;52;15
702.0;21;41;22;39;188;45;26;51;17
708.0;21;43;21;38;186;44;27;50;20
714.0;20;47;22;37;184;44;26;49;21
720.0;20;47;19;42;184;40;27;49;22
726.0;23;48;18;40;186;41;24;51;19
732.0;23;50;18;41;188;40;23;50;17
738.0;23;50;18;37;187;41;23;53;18
744.0;23;49;21;34;185;42;22;57;17
750.0;24;49;19;34;183;42;26;53;20
756.0;23;46;19;34;185;46;26;53;18
762.0;22;44;18;38;185;44;27;54;18
768.0;20;45;17;40;185;45;24;54;20
774.0;16;47;19;38;183;49;26;51;21
780.0;16;49;21;39;188;48;21;48;20
786.0;16;48;20;38;190;50;22;48;18
792.0;18;44;21;39;192;43;27;52;14
798.0;19;41;24;35;193;44;25;52;17
804.0;18;43;21;33;194;44;30;47;20
810.0;18;42;21;36;192;43;29;48;21
816.0;19;42;20;37;193;44;31;43;21
822.0;18;44;18;41;192;45;29;42;21
828.0;19;40;17;45;193;42;28;44;22
834.0;18;38;19;43;196;40;30;45;21
840.0;17;38;19;44;195;43;26;48;20
846.0;21;35;19;44;194;44;25;48;20
852.0;20;37;19;43;194;41;23;50;23
858.0;22;35;20;42;195;42;20;51;23
864.0;23;33;20;38;196;41;23;54;22
870.0;20;36;20;44;196;40;22;52;20
876.0;18;37;19;46;200;41;25;48;16
882.0;17;38;17;45;200;38;28;48;19
888.0;16;38;21;45;199;37;27;50;17
894.0;15;37;21;44;198;36;27;53;19
900.0;13;39;22;43;199;35;29;51;19
906.0;13;42;19;44;199;36;29;49;19
912.0;15;44;19;45;196;39;27;47;18
918.0;15;44;19;47;195;39;26;47;18
924.0;14;44;21;45;193;39;25;48;21
930.0;15;43;24;41;195;41;20;49;22
936.0;18;45;24;40;195;43;19;48;18
942.0;18;42;26;39;196;43;24;46;16
948.0;20;42;27;40;195;45;21;44;16
954.0;21;40;24;44;193;46;20;44;18
960.0;21;42;24;45;193;45;20;40;20
966.0;25;39;23;45;192;46;21;40;19
972.0;24;38;23;45;195;47;22;38;18
978.0;27;38;21;46;194;48;22;38;16
984.0;24;38;23;49;195;48;21;36;16
990.0;24;39;21;49;199;47;21;35;15
996.0;20;41;21;49;196;46;26;37;14
1002.0;24;39;19;47;197;44;26;41;13
1008.0;24;40;16;46;198;44;28;41;13
1014.0;27;40;16;44;200;46;27;37;13
1020.0;23;40;16;45;200;44;28;41;13
1026.0;25;40;17;44;199;44;24;43;14
1032.0;25;38;16;41;199;47;28;42;14
1038.0;27;36;13;40;200;46;28;43;17
1044.0;26;38;14;38;203;45;28;42;16
1050.0;28;37;18;37;201;46;26;41;16
1056.0;30;34;16;37;202;47;26;38;20
1062.0;32;37;16;37;199;45;27;37;20
1068.0;32;38;17;31;196;44;30;37;25
1074.0;30;38;18;36;194;43;27;40;24
1080.0;26;39;18;36;193;47;28;40;23
1086.0;26;36;17;37;191;52;30;40;21
1092.0;27;37;16;39;192;52;28;38;21
1098.0;25;39;15;39;194;51;26;39;22
1104.0;24;37;13;40;198;54;27;36;21
1110.0;22;36;16;44;197;55;23;35;22
1116.0;21;38;16;40;199;55;25;33;23
1122.0;23;40;14;40;199;55;26;32;21
1128.0;22;43;14;37;198;57;28;33;18
1134.0;22;43;12;36;196;59;28;35;19
1140.0;19;45;15;40;196;57;24;32;22
1146.0;16;46;12;39;199;56;21;34;27
1152.0;19;48;15;38;201;56;19;29;25
1158.0;19;49;14;40;200;56;18;30;24
1164.0;19;51;17;40;198;54;13;33;25
1170.0;21;46;17;40;193;58;18;35;22
1176.0;21;49;18;40;192;58;16;38;18
1182.0;19;49;18;40;193;58;14;37;22
1188.0;18;51;17;43;189;59;14;36;23
1194.0;17;52;14;45;191;56;14;36;25
1200.0;18;48;17;46;191;56;16;35;23
1206.0;17;47;18;42;190;56;17;39;24
1212.0;21;46;20;39;189;56;17;41;21
1218.0;23;46;23;42;188;54;13;41;20
1224.0;23;48;23;37;187;55;14;40;23
1230.0;21;49;21;38;186;53;14;43;25
1236.0;26;48;22;38;186;52;11;43;24
1242.0;26;47;21;36;189;52;12;42;25
1248.0;25;50;20;35;188;54;12;41;25
1254.0;24;50;21;34;184;56;15;40;26
1260.0;22;48;20;35;187;57;17;39;25
1266.0;25;46;23;36;187;56;15;41;21
1272.0;24;45;23;36;189;58;15;40;20
1278.0;22;45;21;35;189;57;19;40;22
1284.0;21;43;18;35;190;57;22;40;24
1290.0;21;42;19;35;186;60;23;41;23
1296.0;18;40;22;35;184;61;25;37;28
1302.0;22;39;22;36;182;61;23;39;26
1308.0;21;37;23;36;182;59;23;41;28
1314.0;22;38;26;35;183;58;21;40;27
1320.0;21;38;28;33;180;60;23;41;26
1326.0;19;38;30;35;180;57;21;42;28
1332.0;23;38;30;35;180;54;20;42;28
1338.0;20;39;31;34;178;55;21;43;29
1344.0;18;36;29;35;181;59;22;41;29
1350.0;20;32;31;37;183;51;26;42;28
1356.0;19;34;29;39;182;54;25;42;26
1362.0;17;32;29;41;183;55;23;47;23
1368.0;19;36;27;42;180;56;22;45;23
1374.0;20;37;26;42;180;57;24;42;22
1380.0;21;35;22;44;178;57;25;43;25
1386.0;23;35;18;49;176;55;26;44;24
1392.0;26;36;20;45;178;54;26;46;19
1398.0;26;38;19;47;176;55;25;42;22
1404.0;25;37;18;45;177;51;28;45;24
1410.0;26;41;18;45;177;44;31;42;26
1416.0;27;40;19;46;178;43;28;41;28
1422.0;25;42;22;46;179;43;25;43;25
1428.0;24;44;25;45;179;42;27;39;25
1434.0;27;45;24;44;176;41;27;39;27
1440.0;25;47;21;42;178;40;30;39;28
1446.0;24;46;22;42;178;40;25;43;30
1452.0;25;46;22;43;177;39;28;40;30
1458.0;23;43;19;46;182;38;32;36;31
1464.0;17;42;19;49;181;38;37;35;32
1470.0;18;42;16;49;180;37;36;39;33
1476.0;20;45;17;48;182;37;32;37;32
1482.0;20;47;16;50;183;40;34;32;28
1488.0;19;49;15;50;185;38;33;36;25
1494.0;18;50;15;45;187;39;30;39;27
1500.0;17;50;18;46;190;38;28;38;25
1506.0;19;48;21;43;190;38;24;41;26
1512.0;20;48;20;43;190;38;22;44;25
1518.0;19;47;21;46;191;36;23;44;23
1524.0;19;43;21;46;193;35;26;44;23
1530.0;21;43;20;47;193;34;23;46;23
1536.0;23;43;20;46;197;30;21;50;20
1542.0;21;42;18;47;198;30;23;52;19
1548.0;21;41;21;48;192;29;25;50;23
1554.0;20;41;21;50;189;29;25;53;22
1560.0;24;41;20;46;188;32;19;56;24
1566.0;23;43;21;49;184;31;20;55;24
1572.0;22;45;23;49;187;33;20;49;22
1578.0;20;44;23;49;192;33;21;45;23
1584.0;20;38;24;47;193;37;22;46;23
1590.0;20;40;23;46;193;38;21;46;23
1596.0;19;37;25;44;196;38;21;45;25
1602.0;19;37;27;42;194;39;21;45;26
1608.0;16;36;25;46;194;39;23;43;28
1614.0;15;38;25;47;195;39;22;43;26
1620.0;15;37;24;46;196;43;24;43;22
1626.0;14;35;22;47;196;46;24;46;20
1632.0;16;35;23;48;195;44;24;45;20
1638.0;19;36;24;46;194;41;23;44;23
1644.0;18;38;24;48;193;41;25;42;21
1650.0;18;42;21;45;195;40;25;43;21
1656.0;19;41;21;44;195;40;25;45;20
1662.0;18;38;24;44;195;38;27;45;21
1668.0;16;35;25;45;196;38;28;46;21
1674.0;19;32;28;45;200;34;23;48;21
1680.0;20;35;27;44;199;35;25;44;21
1686.0;22;37;22;45;200;37;23;42;22
1692.0;24;38;25;44;199;39;22;36;23
1698.0;22;38;25;44;199;40;24;36;22
1704.0;20;38;30;45;196;38;24;39;20
1710.0;20;39;28;49;195;39;22;38;20
1716.0;21;38;29;48;200;39;21;35;19
1722.0;20;40;29;51;195;40;19;38;18
1728.0;16;39;31;51;196;38;18;41;20
1734.0;19;39;29;50;196;40;16;41;20
1740.0;16;42;28;50;194;42;17;41;20
1746.0;15;41;31;49;194;43;17;42;18
1752.0;15;42;28;50;196;44;16;41;18
1758.0;16;43;24;49;195;48;16;41;18
1764.0;20;42;24;48;194;46;15;43;18
1770.0;19;39;23;50;195;43;13;46;22
1776.0;21;38;21;52;194;43;12;47;22
1782.0;21;39;20;51;195;40;13;46;25
1788.0;21;39;19;53;197;38;18;40;25
1794.0;18;41;18;53;199;38;17;41;25
