#auto generated file!
12.0;57;44;47;38;49;68;63;60;34
18.0;57;47;45;39;50;68;59;59;36
24.0;54;50;44;40;54;69;52;61;36
30.0;51;50;43;41;60;67;53;59;36
36.0;48;48;41;44;60;70;54;59;36
42.0;48;49;43;45;64;70;55;54;32
48.0;46;52;43;47;64;67;54;56;31
54.0;43;50;44;48;65;65;53;58;34
60.0;45;51;41;50;68;62;57;54;32
66.0;49;51;40;52;70;59;57;53;29
72.0;47;52;36;53;76;59;52;56;29
78.0;48;53;36;55;78;57;48;56;29
84.0;44;53;34;59;85;56;42;57;30
90.0;41;55;30;57;87;58;43;59;30
96.0;39;54;30;60;90;58;44;60;25
102.0;33;53;29;63;93;60;42;62;25
108.0;32;52;30;63;91;60;42;66;24
114.0;30;49;30;62;93;68;43;63;22
120.0;27;49;29;64;95;70;41;62;23
126.0;28;53;29;62;97;67;40;61;23
132.0;29;53;30;58;99;69;38;63;21
138.0;28;54;25;57;103;69;38;67;19
144.0;28;52;26;56;105;66;39;70;18
150.0;28;50;26;56;108;66;37;71;18
156.0;27;51;27;59;110;62;35;69;20
162.0;27;51;26;60;112;60;31;72;21
168.0;25;49;29;61;114;63;33;66;20
174.0;26;46;27;63;111;64;35;67;21
180.0;26;45;29;61;115;65;34;65;20
186.0;26;42;27;63;118;62;33;68;21
192.0;26;41;24;69;121;62;31;67;19
198.0;26;34;24;68;127;60;31;67;23
204.0;26;31;27;66;133;61;32;63;21
210.0;27;31;27;69;133;59;29;64;21
216.0;27;31;28;73;131;59;28;64;19
222.0;26;31;33;73;134;61;25;60;17
228.0;31;31;29;71;133;57;31;57;20
234.0;28;30;32;73;133;57;30;57;20
240.0;28;29;32;70;137;58;31;55;20
246.0;23;31;31;70;138;55;34;55;23
252.0;26;33;27;69;137;56;31;58;23
258.0;26;35;30;71;137;56;31;54;20
264.0;26;35;32;70;140;56;28;50;23
270.0;24;35;30;70;144;55;25;54;23
276.0;26;36;33;65;145;49;24;56;26
282.0;25;36;34;65;147;48;24;56;25
288.0;23;40;35;64;146;44;21;57;30
294.0;21;40;34;58;152;46;20;57;32
300.0;23;40;32;60;154;46;15;58;32
306.0;23;41;32;65;153;44;14;55;33
312.0;23;42;31;65;153;46;14;54;32
318.0;23;46;30;60;154;46;15;54;32
324.0;25;42;30;60;156;46;17;54;30
330.0;26;43;29;61;156;46;19;54;26
336.0;29;44;28;59;157;50;21;46;26
342.0;23;44;29;61;159;52;22;44;26
348.0;27;42;28;63;160;51;21;43;25
354.0;26;40;27;65;161;52;21;42;26
360.0;29;39;25;62;160;56;21;42;26
366.0;28;43;24;62;159;53;20;42;29
372.0;28;43;22;62;160;55;19;42;29
378.0;27;42;21;62;157;57;20;45;29
384.0;24;42;20;60;161;61;21;44;27
390.0;24;43;21;60;161;59;20;43;29
396.0;25;41;22;59;162;59;19;43;30
402.0;28;43;23;57;165;61;19;40;24
408.0;27;40;23;56;166;63;21;40;24
414.0;26;41;23;56;168;60;23;38;25
420.0;26;41;22;58;165;56;27;38;27
426.0;26;39;22;57;165;60;28;37;26
432.0;27;41;24;59;162;57;27;38;25
438.0;26;41;23;60;165;57;25;38;25
444.0;25;45;23;58;164;55;27;37;26
450.0;26;41;22;56;163;57;26;40;29
456.0;24;40;21;55;162;58;28;43;29
462.0;22;40;22;52;163;56;27;46;32
468.0;25;41;24;48;163;54;26;45;34
474.0;24;39;23;48;165;53;29;45;34
480.0;24;35;25;48;165;54;28;47;34
486.0;23;38;22;45;167;53;31;46;35
492.0;22;41;21;44;165;55;31;50;31
498.0;23;40;21;40;168;56;32;52;28
504.0;23;41;21;47;168;58;22;52;28
510.0;22;42;23;48;168;53;23;53;28
516.0;24;38;28;49;168;52;20;50;31
522.0;26;36;28;50;167;52;20;53;28
528.0;27;37;28;49;168;51;20;55;25
534.0;25;31;29;47;169;54;22;56;27
540.0;24;29;28;44;173;57;21;57;27
546.0;23;28;28;44;174;60;18;54;31
552.0;22;29;27;46;170;61;19;55;31
558.0;22;32;27;46;170;58;17;56;32
564.0;21;32;28;47;176;56;17;55;28
570.0;21;30;26;47;179;55;19;55;28
576.0;24;32;28;45;181;54;18;52;26
582.0;24;30;24;48;182;58;19;50;25
588.0;25;32;24;45;185;57;20;51;21
594.0;24;34;25;43;185;55;20;51;23
600.0;25;32;23;43;185;55;21;51;25
606.0;23;33;23;43;179;58;20;54;27
612.0;21;31;25;44;183;58;17;52;29
618.0;21;33;26;45;179;61;18;51;26
624.0;20;33;28;44;178;60;20;51;26
630.0;19;33;27;47;185;57;22;48;22
636.0;21;33;26;48;186;55;25;47;19
642.0;22;37;27;48;186;55;24;44;17
648.0;23;37;27;46;186;57;21;44;19
654.0;25;38;27;44;182;55;23;46;20
660.0;23;45;24;47;181;53;23;44;20
666.0;20;45;23;43;185;53;24;45;22
672.0;20;41;23;46;185;50;24;48;23
678.0;21;40;26;46;184;49;23;46;25
684.0;21;42;25;46;184;46;26;46;24
690.0;22;43;27;46;184;47;24;44;23
696.0;20;42;29;45;184;48;25;44;23
702.0;20;41;27;42;187;48;27;46;22
708.0;20;41;30;37;189;48;25;49;21
714.0;23;37;33;36;189;47;27;47;21
720.0;21;35;31;39;191;48;26;46;23
726.0;19;37;29;36;190;51;28;43;27
732.0;17;37;29;39;191;49;27;42;29
738.0;20;37;30;39;191;46;26;42;29
744.0;21;38;28;38;190;49;26;43;27
750.0;18;38;28;39;188;48;29;45;27
756.0;19;44;27;38;188;49;27;43;25
762.0;19;50;26;36;191;44;28;43;23
768.0;22;48;25;37;192;44;25;44;23
774.0;20;49;22;38;193;48;27;42;21
780.0;17;48;20;43;195;52;22;42;21
786.0;20;48;21;44;196;49;20;41;21
792.0;22;45;24;44;193;52;17;41;22
798.0;23;45;27;42;194;50;18;41;20
804.0;24;47;27;44;194;48;18;41;17
810.0;25;48;26;44;191;48;20;39;19
816.0;25;48;24;44;193;47;20;40;19
822.0;26;49;23;46;192;46;19;39;20
828.0;23;49;26;51;192;46;19;36;18
834.0;21;50;24;50;192;47;18;40;18
840.0;20;52;22;48;191;46;20;39;22
846.0;21;50;24;48;191;44;19;39;24
852.0;21;50;21;50;191;47;19;37;24
858.0;19;51;23;49;194;45;20;34;25
864.0;18;51;24;52;194;44;19;33;25
870.0;18;53;23;50;194;45;20;34;23
876.0;17;51;21;50;195;46;21;35;24
882.0;17;53;25;48;191;46;19;38;23
888.0;21;53;23;47;189;47;19;37;24
894.0;19;50;24;52;188;47;16;41;23
900.0;23;45;24;49;185;52;16;42;24
906.0;23;46;24;47;185;50;17;46;22
912.0;25;43;28;46;186;50;17;44;21
918.0;25;45;29;48;187;51;13;41;21
924.0;20;45;26;52;186;53;15;44;19
930.0;21;44;28;51;187;54;13;42;20
936.0;20;43;28;50;187;54;14;46;18
942.0;22;40;28;47;185;56;17;45;20
948.0;21;40;28;46;190;54;17;45;19
954.0;19;44;26;44;189;55;19;45;19
960.0;20;43;23;43;190;52;22;45;22
966.0;17;49;22;48;189;50;21;45;19
972.0;21;50;20;46;186;52;20;44;21
978.0;18;52;22;46;186;52;22;45;17
984.0;18;48;21;47;190;48;25;44;19
990.0;21;48;19;42;191;49;27;44;19
996.0;21;47;18;43;188;47;27;45;24
1002.0;25;49;18;42;186;46;27;47;20
1008.0;25;51;18;42;183;50;27;44;20
1014.0;23;52;18;43;183;53;28;43;17
1020.0;25;49;19;46;179;54;30;41;17
1026.0;24;44;19;47;179;55;35;39;18
1032.0;22;45;20;46;182;52;31;42;20
1038.0;21;47;21;43;180;57;32;42;17
1044.0;25;47;22;41;182;57;31;41;14
1050.0;24;44;25;42;178;58;30;41;18
1056.0;21;46;23;43;178;59;30;39;21
1062.0;22;48;24;44;178;57;28;39;20
1068.0;22;44;26;46;179;56;29;38;20
1074.0;21;45;25;45;180;52;32;39;21
1080.0;20;43;26;44;185;51;31;38;22
1086.0;21;44;27;45;188;51;28;36;20
1092.0;20;45;27;45;187;52;26;37;21
1098.0;15;45;27;47;189;55;25;37;20
1104.0;14;46;29;46;187;55;24;39;20
1110.0;15;45;29;49;186;55;23;37;21
1116.0;13;40;31;49;185;53;24;41;24
1122.0;12;39;28;52;184;51;24;42;28
1128.0;14;39;28;50;183;56;21;43;26
1134.0;17;36;27;48;184;55;23;43;27
1140.0;21;36;24;45;187;54;24;41;28
1146.0;20;37;25;46;185;51;24;41;31
1152.0;21;34;24;50;186;52;24;39;30
1158.0;20;33;25;50;187;49;25;40;31
1164.0;21;33;27;51;187;47;23;41;30
1170.0;20;32;25;53;189;48;23;43;27
1176.0;18;31;26;55;187;48;26;42;27
1182.0;15;30;29;52;188;50;27;42;27
1188.0;17;32;25;58;186;49;26;41;26
1194.0;20;31;24;59;186;50;25;42;23
1200.0;24;33;23;56;186;49;22;42;25
1206.0;24;32;24;53;189;50;20;45;23
1212.0;26;31;19;53;192;49;24;44;22
1218.0;27;31;20;54;192;47;20;45;24
1224.0;28;30;18;52;195;48;21;44;24
1230.0;31;29;20;53;191;50;19;43;24
1236.0;30;32;20;52;189;48;20;47;22
1242.0;29;34;20;52;192;48;19;46;20
1248.0;26;34;23;54;190;48;21;47;17
1254.0;26;36;22;49;192;47;22;48;18
1260.0;25;41;22;51;193;48;17;44;19
1266.0;23;44;21;51;194;49;18;41;19
1272.0;22;43;19;51;196;50;19;42;18
1278.0;21;44;16;50;197;52;17;44;19
1284.0;22;42;18;51;194;52;18;42;21
1290.0;24;43;14;50;198;50;19;41;21
1296.0;26;39;18;55;199;48;16;41;18
1302.0;24;40;21;56;200;50;15;38;16
1308.0;24;41;21;53;202;48;16;38;17
1314.0;23;40;23;51;202;47;16;40;18
1320.0;21;38;25;50;203;45;17;42;19
1326.0;22;38;25;50;202;46;15;43;19
1332.0;24;38;23;50;200;42;19;45;19
1338.0;23;37;25;47;201;44;16;48;19
1344.0;25;35;21;44;204;43;18;52;18
1350.0;25;33;17;45;211;41;18;53;17
1356.0;24;32;18;44;212;41;17;55;17
1362.0;21;31;17;41;214;44;19;55;18
1368.0;24;32;18;39;217;42;19;53;16
1374.0;24;34;17;38;216;41;18;55;17
1380.0;24;35;17;41;216;42;17;52;16
1386.0;25;34;16;40;218;37;16;55;19
1392.0;22;30;18;39;221;37;21;54;18
1398.0;22;32;17;40;219;36;20;55;19
1404.0;23;32;18;40;219;38;20;52;18
1410.0;22;36;20;40;217;38;19;50;18
1416.0;19;36;19;42;219;38;21;48;18
1422.0;22;35;20;35;219;40;23;49;17
1428.0;22;32;19;34;220;39;25;52;17
1434.0;20;30;24;37;222;38;21;52;16
1440.0;19;32;27;35;224;37;20;50;16
1446.0;15;36;28;37;222;40;16;50;16
1452.0;16;37;33;38;217;40;20;47;12
1458.0;15;36;32;40;218;39;22;46;12
1464.0;14;37;33;40;217;37;25;43;14
1470.0;21;36;32;41;217;34;20;43;16
1476.0;20;39;34;41;213;35;19;42;17
1482.0;17;42;30;39;215;37;19;42;19
1488.0;20;40;30;39;217;37;18;40;19
1494.0;21;39;31;37;215;38;19;42;18
1500.0;21;41;31;36;215;38;19;39;20
1506.0;21;43;29;38;216;37;18;38;20
1512.0;21;41;27;39;218;35;21;37;21
1518.0;22;45;23;39;214;37;21;38;21
1524.0;22;46;24;39;215;35;22;38;19
1530.0;23;44;24;39;212;37;20;42;19
1536.0;24;45;22;39;212;38;20;42;18
1542.0;23;44;22;40;213;38;22;40;18
1548.0;21;45;24;41;213;35;21;41;19
1554.0;27;42;28;41;209;36;17;39;21
1560.0;26;42;28;45;203;36;18;38;24
1566.0;24;41;28;42;205;38;17;39;26
1572.0;21;39;24;44;208;37;21;40;26
1578.0;20;41;27;47;205;35;20;39;26
1584.0;20;40;26;47;207;36;18;39;27
1590.0;19;38;27;47;208;35;21;39;26
1596.0;22;35;27;48;208;35;20;39;26
1602.0;24;34;24;45;208;35;21;45;24
1608.0;23;32;24;44;209;34;24;45;25
1614.0;25;32;24;44;211;36;26;41;21
1620.0;27;31;26;42;212;35;25;42;20
1626.0;24;32;27;44;212;38;26;38;19
1632.0;25;33;29;44;206;38;26;39;20
1638.0;26;38;31;43;206;38;23;39;16
1644.0;29;39;32;38;205;39;21;38;19
1650.0;27;40;29;35;208;39;19;39;24
1656.0;25;39;30;35;208;38;20;42;23
1662.0;26;42;26;34;209;40;19;39;25
1668.0;25;39;26;36;207;42;23;42;20
1674.0;26;37;26;36;211;41;24;41;18
1680.0;25;36;25;35;213;44;23;40;19
1686.0;25;37;27;36;213;45;20;38;19
1692.0;25;38;22;38;216;46;23;35;17
1698.0;23;37;21;38;215;47;22;38;19
1704.0;22;39;22;37;217;46;21;39;17
1710.0;22;39;25;36;217;40;23;39;19
1716.0;22;39;22;38;216;42;24;38;19
1722.0;21;38;22;39;216;42;24;38;20
1728.0;23;37;21;38;213;44;24;40;20
1734.0;20;39;21;39;215;40;25;41;20
1740.0;22;41;21;40;214;38;23;41;20
1746.0;22;42;19;37;220;39;23;42;16
1752.0;25;44;15;38;221;36;25;43;13
1758.0;27;47;15;38;222;35;21;41;14
1764.0;24;41;17;37;224;37;22;41;17
1770.0;22;44;18;36;223;34;24;41;18
1776.0;22;39;19;35;226;37;26;41;15
1782.0;23;39;20;36;225;34;27;39;17
1788.0;23;38;22;33;226;34;25;40;19
1794.0;21;41;24;34;227;32;26;36;19
