#auto generated file!
12.0;28;28;23;23;30;22;22;31;23
18.0;27;27;21;26;32;20;22;33;22
24.0;30;26;23;24;32;22;22;30;21
30.0;27;26;21;28;33;23;23;30;19
36.0;26;26;25;26;34;24;21;29;19
42.0;24;24;23;28;36;25;24;28;18
48.0;25;24;23;26;37;28;21;28;18
54.0;24;24;23;26;43;29;19;27;15
60.0;24;24;21;28;46;28;19;26;14
66.0;24;23;21;28;50;28;18;24;14
72.0;23;20;20;27;51;28;19;25;17
78.0;25;18;20;26;52;29;18;26;16
84.0;21;19;22;27;53;31;17;26;14
90.0;20;21;19;30;55;30;16;27;12
96.0;18;23;17;30;56;32;14;27;13
102.0;18;22;17;30;57;33;14;26;13
108.0;19;25;15;26;57;33;14;28;13
114.0;19;24;14;26;58;33;15;28;13
120.0;20;23;13;25;58;35;15;28;13
126.0;19;24;12;23;58;35;16;28;15
132.0;19;28;12;22;57;33;15;30;14
138.0;16;27;14;21;58;35;12;32;15
144.0;16;28;13;22;57;33;14;30;17
150.0;16;27;14;23;57;33;13;30;17
156.0;16;30;13;21;60;34;13;28;15
162.0;15;31;13;21;63;32;14;27;14
168.0;11;31;12;23;64;30;13;30;16
174.0;12;31;12;19;66;28;16;31;15
180.0;10;32;13;19;68;27;15;32;14
186.0;10;33;9;21;68;27;17;31;14
192.0;9;33;10;21;70;27;15;31;14
198.0;9;34;11;21;71;24;15;32;13
204.0;12;34;11;21;70;24;14;33;11
210.0;13;32;10;20;71;27;12;35;10
216.0;12;30;11;20;74;27;11;35;10
222.0;12;29;10;20;74;30;11;36;8
228.0;13;28;9;21;73;30;10;38;8
234.0;12;27;8;22;73;31;11;37;9
240.0;11;28;8;20;72;28;15;37;11
246.0;12;28;9;18;72;25;18;38;10
252.0;15;28;8;19;72;23;15;40;10
258.0;14;27;7;20;76;23;15;40;8
264.0;14;26;8;19;76;23;13;40;11
270.0;12;29;9;20;76;24;12;37;11
276.0;13;26;9;22;77;24;12;36;11
282.0;14;27;8;22;80;23;12;35;9
288.0;15;28;9;22;81;21;14;33;7
294.0;15;28;12;19;82;21;12;33;8
300.0;13;27;12;22;82;23;12;32;7
306.0;15;27;11;22;84;23;11;30;7
312.0;13;26;12;23;88;21;12;30;5
318.0;11;24;10;24;87;22;12;35;5
324.0;12;23;9;25;86;24;12;35;4
330.0;13;22;10;25;87;23;11;35;4
336.0;14;24;11;25;87;23;10;33;3
342.0;13;25;12;25;86;20;12;34;3
348.0;12;25;12;25;86;21;11;34;4
354.0;13;25;12;25;85;24;8;34;4
360.0;12;25;14;23;85;24;7;35;5
366.0;11;24;14;23;85;24;9;31;9
372.0;13;19;14;23;85;24;9;32;11
378.0;11;19;15;23;86;25;9;32;10
384.0;11;23;14;22;85;27;7;30;11
390.0;9;21;14;23;87;28;9;29;10
396.0;8;22;14;22;90;25;9;30;10
402.0;6;24;16;21;90;26;10;27;10
408.0;9;23;18;19;89;25;11;26;10
414.0;8;23;18;16;90;25;11;27;12
420.0;12;25;16;14;92;25;11;24;11
426.0;11;23;11;15;93;25;13;27;12
432.0;11;23;11;16;95;25;12;28;9
438.0;11;23;10;17;98;25;12;24;10
444.0;12;23;10;16;100;26;10;26;7
450.0;12;23;11;16;99;25;8;27;9
456.0;12;22;10;17;101;24;9;26;9
462.0;12;23;11;17;98;24;10;26;9
468.0;13;21;10;17;100;22;9;25;13
474.0;12;20;14;21;99;22;9;23;10
480.0;13;16;16;20;99;24;9;23;10
486.0;14;16;17;20;99;23;9;22;10
492.0;13;16;20;20;95;23;10;23;10
498.0;14;15;20;20;95;26;10;21;9
504.0;14;15;18;20;94;27;12;22;8
510.0;14;15;16;21;93;27;13;22;9
516.0;14;17;14;19;96;27;12;22;9
522.0;13;16;14;23;99;23;12;23;7
528.0;10;17;13;26;99;23;12;24;6
534.0;12;17;14;23;98;23;14;22;7
540.0;10;19;8;22;99;26;13;22;11
546.0;11;18;9;23;99;26;11;22;11
552.0;11;19;8;23;99;27;10;22;11
558.0;10;17;6;24;99;29;13;21;11
564.0;9;17;4;24;99;29;11;21;16
570.0;9;17;5;26;98;29;11;19;16
576.0;7;18;5;25;99;27;13;20;16
582.0;7;18;5;25;97;28;14;20;16
588.0;10;14;6;25;100;31;13;18;13
594.0;11;14;6;25;102;29;12;18;13
600.0;10;12;7;25;104;29;12;18;13
606.0;12;12;7;24;104;26;13;18;14
612.0;16;12;9;23;102;23;14;17;14
618.0;15;13;9;23;102;23;14;16;15
624.0;16;12;9;23;103;24;13;15;15
630.0;16;13;8;23;103;21;15;16;15
636.0;17;13;9;24;99;21;14;18;15
642.0;14;12;10;25;100;20;14;19;16
648.0;13;12;12;24;101;20;14;18;16
654.0;15;12;11;23;101;19;14;18;17
660.0;16;14;9;23;101;19;11;18;19
666.0;14;18;11;20;103;18;13;19;14
672.0;16;17;11;19;102;17;15;21;12
678.0;15;17;13;21;101;15;15;20;13
684.0;12;19;14;22;98;16;15;18;16
690.0;11;18;16;21;96;20;15;19;14
696.0;9;20;15;20;97;22;17;18;12
702.0;7;20;15;20;101;24;15;18;10
708.0;7;20;12;23;102;26;16;15;9
714.0;9;21;12;21;101;28;14;15;9
720.0;9;22;14;20;102;29;12;13;9
726.0;8;22;13;20;104;30;12;12;9
732.0;7;21;13;20;102;32;11;13;11
738.0;7;21;12;19;104;31;13;13;10
744.0;7;21;13;17;106;32;12;12;10
750.0;8;20;17;17;105;29;9;15;10
756.0;8;20;19;18;104;32;8;13;8
762.0;8;23;17;18;104;32;8;13;7
768.0;10;24;16;17;106;30;7;14;6
774.0;11;24;16;18;106;29;7;13;6
780.0;12;24;12;18;105;30;9;14;6
786.0;12;26;10;19;105;29;9;14;6
792.0;12;26;9;21;107;28;8;13;6
798.0;12;23;10;19;108;30;7;14;7
804.0;12;25;9;20;108;28;6;15;7
810.0;13;24;9;23;105;26;7;15;8
816.0;12;23;11;21;105;25;8;16;9
822.0;14;20;11;19;106;24;12;15;9
828.0;12;19;10;20;107;24;12;17;9
834.0;14;20;10;20;106;24;11;17;8
840.0;15;19;9;22;104;24;13;17;7
846.0;14;17;9;22;102;25;14;19;8
852.0;17;16;9;22;103;25;15;17;6
858.0;19;16;7;22;100;23;15;19;9
864.0;18;18;7;22;98;24;15;20;8
870.0;16;17;8;21;98;23;15;22;10
876.0;9;17;9;23;97;26;16;22;11
882.0;10;20;9;23;98;24;15;20;11
888.0;9;20;8;23;101;23;13;22;11
894.0;10;20;10;23;101;20;13;21;12
900.0;10;21;10;23;100;18;14;23;11
906.0;12;21;11;23;99;19;13;22;10
912.0;11;20;10;23;101;20;13;21;11
918.0;12;20;7;22;103;20;12;22;12
924.0;10;16;7;23;104;20;12;25;13
930.0;15;14;6;21;108;20;12;23;11
936.0;17;15;5;19;108;22;12;21;11
942.0;16;15;5;19;109;24;11;20;11
948.0;14;19;7;19;110;24;9;18;10
954.0;13;19;9;18;111;25;9;18;8
960.0;11;19;9;20;111;24;9;16;11
966.0;11;20;9;21;111;25;9;15;9
972.0;10;21;8;21;110;23;10;17;10
978.0;9;21;11;18;111;22;10;18;10
984.0;9;22;13;19;110;23;11;16;7
990.0;8;23;13;21;111;20;10;17;7
996.0;8;23;13;22;110;21;9;15;9
1002.0;12;23;13;20;108;21;10;16;7
1008.0;14;22;14;20;105;23;9;17;6
1014.0;9;22;15;22;105;21;11;18;7
1020.0;9;21;16;22;106;19;11;18;8
1026.0;9;23;15;22;106;19;11;17;8
1032.0;11;21;16;19;107;20;9;18;9
1038.0;11;20;14;19;106;21;9;19;11
1044.0;12;19;16;17;103;22;10;20;11
1050.0;12;20;16;17;103;21;11;20;10
1056.0;10;16;17;18;103;23;10;22;11
1062.0;12;16;14;19;105;22;10;22;10
1068.0;11;17;12;20;104;25;11;22;8
1074.0;10;18;11;18;104;25;13;19;12
1080.0;9;18;10;21;106;25;14;17;10
1086.0;11;18;11;20;106;23;11;19;11
1092.0;10;18;11;19;108;23;10;19;12
1098.0;11;17;11;18;108;24;10;21;10
1104.0;13;16;13;15;106;25;9;23;10
1110.0;13;15;17;13;106;25;10;20;11
1116.0;11;12;17;13;107;26;10;21;13
1122.0;11;12;19;12;108;26;8;21;13
1128.0;9;12;18;14;109;23;9;21;15
1134.0;9;13;16;14;109;25;9;22;13
1140.0;6;14;16;15;111;25;8;21;14
1146.0;5;16;11;19;111;24;6;23;15
1152.0;5;17;11;19;113;23;4;24;14
1158.0;7;15;11;19;109;26;4;24;15
1164.0;8;15;9;17;110;24;5;24;18
1170.0;7;15;10;17;110;24;5;25;17
1176.0;6;16;8;19;110;26;5;22;18
1182.0;6;16;7;18;110;27;6;22;18
1188.0;7;15;8;19;109;27;5;21;19
1194.0;8;14;9;19;108;28;5;20;19
1200.0;8;13;9;17;109;29;5;21;19
1206.0;6;15;8;18;107;32;5;21;18
1212.0;5;15;8;19;107;32;7;20;17
1218.0;4;14;10;18;107;30;8;19;20
1224.0;5;14;7;18;109;30;10;18;19
1230.0;6;15;8;19;109;31;9;17;16
1236.0;7;14;8;19;110;32;7;19;14
1242.0;6;14;10;18;111;32;8;17;14
1248.0;7;14;10;19;109;33;6;17;15
1254.0;8;14;12;20;106;31;7;18;14
1260.0;8;16;14;19;106;31;10;15;11
1266.0;9;14;14;19;108;30;9;16;11
1272.0;11;15;13;18;109;28;9;15;12
1278.0;13;15;13;18;110;25;8;16;12
1284.0;15;16;12;16;111;24;8;18;10
1290.0;12;17;14;15;112;24;9;19;8
1296.0;11;16;16;15;112;26;10;16;8
1302.0;12;17;13;15;112;27;8;15;11
1308.0;10;18;12;14;112;27;7;18;12
1314.0;9;19;12;15;112;25;5;20;13
1320.0;9;21;13;13;112;25;4;21;12
1326.0;12;22;11;12;111;25;5;21;11
1332.0;12;21;12;10;111;27;6;21;10
1338.0;10;22;13;8;111;27;8;21;10
1344.0;8;23;14;8;112;27;7;22;9
1350.0;9;21;13;9;114;27;7;22;8
1356.0;11;20;12;9;114;27;7;22;8
1362.0;11;20;11;11;115;27;7;22;6
1368.0;11;21;11;13;115;24;7;22;6
1374.0;12;21;11;12;115;23;6;23;7
1380.0;12;20;11;12;115;24;7;21;8
1386.0;11;19;10;12;114;26;7;22;9
1392.0;13;23;10;16;111;26;5;21;5
1398.0;14;22;11;20;109;25;5;19;5
1404.0;14;21;10;20;108;27;6;19;5
1410.0;14;20;10;20;109;26;7;19;5
1416.0;14;21;9;21;108;26;6;19;6
1422.0;14;21;10;20;110;23;6;19;7
1428.0;15;20;13;20;110;24;5;17;6
1434.0;14;22;13;20;110;21;6;16;8
1440.0;14;20;13;21;111;20;7;15;9
1446.0;14;20;13;21;111;20;7;15;9
1452.0;14;19;12;22;109;20;8;17;9
1458.0;13;18;13;22;110;20;8;17;9
1464.0;15;18;12;22;110;19;9;17;8
1470.0;16;17;14;20;111;19;8;16;9
1476.0;15;16;14;21;110;18;9;18;9
1482.0;16;16;11;18;109;23;9;20;8
1488.0;14;18;10;18;109;25;10;19;7
1494.0;12;19;11;18;109;25;9;19;8
1500.0;13;20;9;19;111;22;9;21;6
1506.0;12;19;10;21;111;22;9;21;5
1512.0;13;21;10;22;111;20;9;20;4
1518.0;13;20;9;23;112;20;10;19;4
1524.0;12;19;9;24;113;20;11;19;3
1530.0;14;18;8;24;113;20;11;17;5
1536.0;14;16;7;26;113;21;13;16;4
1542.0;15;16;6;26;114;19;15;16;3
1548.0;16;17;5;23;114;21;15;15;4
1554.0;14;18;6;23;113;20;14;17;5
1560.0;14;18;7;23;112;22;14;16;4
1566.0;13;15;7;24;111;22;14;20;4
1572.0;14;15;6;26;111;23;11;20;4
1578.0;14;14;9;26;110;24;9;20;4
1584.0;14;15;8;27;111;24;10;19;2
1590.0;12;14;9;28;110;25;10;19;3
1596.0;12;13;12;27;111;24;10;18;3
1602.0;13;13;12;26;110;24;10;19;3
1608.0;10;14;12;26;112;23;11;18;4
1614.0;11;15;13;28;112;22;10;16;3
1620.0;11;14;14;26;112;22;11;16;4
1626.0;12;16;13;26;112;19;10;15;7
1632.0;10;17;10;25;113;17;12;18;8
1638.0;9;17;9;25;111;17;14;19;9
1644.0;10;18;7;25;111;18;13;19;9
1650.0;10;19;8;22;114;17;11;20;9
1656.0;9;21;8;21;115;16;14;19;7
1662.0;8;22;9;19;114;18;13;19;8
1668.0;10;21;9;18;112;17;16;18;9
1674.0;8;21;10;17;112;18;13;22;9
1680.0;8;18;12;17;111;19;11;22;12
1686.0;7;17;11;18;112;20;10;22;13
1692.0;6;17;10;15;113;19;9;25;16
1698.0;6;17;9;15;112;18;11;26;16
1704.0;7;17;9;15;114;19;9;26;14
1710.0;7;18;7;16;111;23;9;25;14
1716.0;5;18;8;16;111;24;10;24;14
1722.0;5;17;6;18;113;25;10;23;13
1728.0;6;18;6;18;115;22;9;24;12
1734.0;5;19;7;17;115;20;10;25;12
1740.0;5;19;11;19;114;19;7;24;12
1746.0;6;19;9;18;115;19;9;22;13
1752.0;6;18;7;19;115;21;9;22;13
1758.0;6;18;8;18;116;20;9;22;13
1764.0;8;16;9;17;117;20;10;24;9
1770.0;7;15;8;18;116;20;11;25;10
1776.0;7;14;8;18;115;22;11;24;11
1782.0;7;13;11;17;114;21;12;23;12
1788.0;6;12;9;18;114;22;13;24;12
1794.0;6;11;11;18;112;22;13;23;14
