#auto generated file!
12.0;52;35;43;56;43;45;48;49;49
18.0;52;35;40;64;46;48;43;44;48
24.0;48;36;40;65;45;48;41;47;50
30.0;45;39;42;63;46;50;41;48;46
36.0;41;40;39;64;47;52;44;50;43
42.0;43;42;36;64;49;50;42;51;43
48.0;43;47;33;64;52;51;40;50;40
54.0;42;51;33;57;52;50;42;49;44
60.0;39;51;32;56;55;52;42;49;44
66.0;36;51;31;55;57;53;40;47;50
72.0;34;51;30;58;63;53;41;44;46
78.0;33;53;33;55;67;55;41;40;43
84.0;28;60;34;58;67;54;37;40;42
90.0;25;66;32;58;69;56;35;39;40
96.0;28;60;33;58;74;54;33;41;39
102.0;24;58;35;57;79;53;32;43;39
108.0;24;56;36;56;80;51;39;41;37
114.0;26;56;32;55;82;52;37;42;38
120.0;27;50;29;56;85;55;38;43;37
126.0;23;48;34;57;87;55;37;42;37
132.0;24;44;39;55;87;55;35;42;39
138.0;22;41;37;52;90;58;35;43;42
144.0;22;40;34;52;97;60;37;42;36
150.0;24;41;31;53;98;61;33;43;36
156.0;22;38;31;51;101;63;35;44;35
162.0;21;41;35;48;105;60;31;43;36
168.0;23;40;37;46;104;63;34;42;31
174.0;23;41;35;50;106;58;31;44;32
180.0;28;41;34;51;108;58;26;43;31
186.0;28;42;34;54;109;54;24;43;32
192.0;29;47;29;53;109;53;26;41;33
198.0;28;47;29;51;110;52;30;40;33
204.0;32;42;29;51;115;54;29;37;31
210.0;34;43;31;50;116;51;30;36;29
216.0;34;42;34;49;114;54;26;39;28
222.0;34;45;35;47;116;52;27;35;29
228.0;36;46;31;49;117;50;25;37;29
234.0;35;47;29;48;120;47;25;39;30
240.0;32;46;30;49;125;44;24;42;28
246.0;32;47;30;47;127;44;24;43;26
252.0;33;49;32;48;123;42;24;45;24
258.0;32;47;31;46;123;43;24;47;27
264.0;32;49;30;47;125;42;21;47;27
270.0;32;49;30;49;128;42;20;43;27
276.0;32;48;33;50;130;40;19;40;28
282.0;33;48;34;48;129;38;20;39;31
288.0;33;45;32;52;133;39;19;39;28
294.0;33;44;35;50;135;38;21;37;27
300.0;30;44;37;49;137;37;23;36;27
306.0;29;45;37;50;140;37;21;35;26
312.0;32;43;32;50;141;40;19;35;28
318.0;31;41;32;51;142;39;22;36;26
324.0;30;39;35;51;140;38;23;35;29
330.0;28;41;35;52;142;38;23;36;25
336.0;25;38;35;52;145;38;26;33;28
342.0;24;38;34;51;148;37;25;34;29
348.0;22;42;34;49;149;36;22;35;31
354.0;28;41;29;47;150;35;24;34;32
360.0;23;45;25;49;152;33;24;36;33
366.0;20;45;23;47;154;33;26;44;28
372.0;15;46;21;48;154;38;24;45;29
378.0;19;45;20;44;155;39;24;46;28
384.0;19;47;19;46;154;39;23;45;28
390.0;17;51;16;46;154;39;26;43;28
396.0;13;55;18;48;156;34;29;46;21
402.0;13;53;19;48;158;31;28;48;22
408.0;13;54;18;48;156;30;28;49;24
414.0;16;46;20;47;157;27;32;51;24
420.0;17;45;20;50;154;29;33;48;24
426.0;16;48;18;47;156;29;34;49;23
432.0;18;49;17;43;158;30;31;49;25
438.0;18;49;16;46;162;28;29;50;22
444.0;16;50;17;48;166;24;26;49;24
450.0;18;50;18;47;165;26;27;47;22
456.0;16;48;21;50;167;26;26;48;18
462.0;14;50;19;50;166;27;24;53;17
468.0;14;51;18;54;165;29;20;52;17
474.0;16;48;20;49;165;30;18;52;22
480.0;17;49;22;50;163;27;20;52;20
486.0;18;48;20;49;163;25;22;52;23
492.0;21;49;20;44;169;26;16;53;22
498.0;21;47;23;44;172;23;16;54;20
504.0;22;43;22;43;173;26;17;54;20
510.0;21;44;21;43;172;24;20;54;21
516.0;20;44;21;43;170;24;22;56;20
522.0;21;45;22;41;169;25;22;56;19
528.0;22;46;22;37;170;29;20;56;18
534.0;21;43;22;36;169;31;21;57;20
540.0;22;43;20;37;170;33;20;53;22
546.0;24;45;24;37;165;30;20;55;20
552.0;22;46;25;36;166;31;21;53;20
558.0;23;48;24;36;166;31;20;50;22
564.0;22;49;27;35;164;35;20;45;23
570.0;21;50;28;35;163;38;19;45;21
576.0;20;49;27;34;163;39;20;46;22
582.0;22;44;28;35;162;39;22;48;20
588.0;18;45;26;37;161;40;25;46;22
594.0;19;44;25;34;159;42;25;49;23
600.0;23;43;25;34;159;40;25;47;24
606.0;21;45;22;32;160;41;25;47;27
612.0;20;42;23;35;158;41;24;47;30
618.0;21;43;21;36;159;38;26;47;29
624.0;21;42;20;37;160;41;28;44;27
630.0;25;44;16;35;161;39;31;42;27
636.0;19;42;16;33;162;40;30;49;29
642.0;22;42;14;33;165;40;26;50;28
648.0;23;42;13;34;165;43;24;49;27
654.0;22;42;14;34;165;42;24;51;26
660.0;24;44;13;34;165;42;24;50;24
666.0;24;38;15;35;170;42;25;50;21
672.0;25;39;16;35;168;43;22;49;23
678.0;25;37;15;35;169;45;22;48;24
684.0;29;34;14;35;170;47;24;44;23
690.0;26;36;16;33;173;47;22;45;22
696.0;23;36;16;34;173;42;24;49;23
702.0;21;36;16;32;175;40;24;52;24
708.0;19;39;20;32;174;37;24;47;28
714.0;17;40;20;33;174;38;24;46;28
720.0;18;42;18;33;172;39;24;45;29
726.0;17;43;18;33;174;39;23;45;28
732.0;20;43;14;32;177;41;21;45;27
738.0;20;42;14;33;176;39;23;47;26
744.0;22;43;15;32;176;40;22;49;21
750.0;24;48;14;31;177;34;21;51;20
756.0;23;49;15;31;178;31;23;52;18
762.0;26;49;16;33;177;34;21;47;17
768.0;27;50;14;35;178;34;16;50;16
774.0;27;52;13;33;177;34;17;49;18
780.0;29;53;14;34;175;36;17;44;18
786.0;28;48;16;36;176;37;18;45;16
792.0;30;47;18;39;177;37;16;40;16
798.0;30;49;18;38;178;38;18;40;11
804.0;28;49;18;38;179;41;18;38;11
810.0;28;51;19;36;182;41;15;37;11
816.0;27;51;18;37;182;43;15;34;13
822.0;21;51;20;36;184;40;16;38;14
828.0;18;55;24;35;182;40;15;38;13
834.0;18;53;26;39;183;38;14;38;11
840.0;18;52;26;35;186;38;13;42;10
846.0;19;51;26;33;186;38;13;44;10
852.0;17;50;25;34;188;40;14;44;8
858.0;18;49;23;32;190;38;18;43;9
864.0;19;47;22;35;189;37;19;40;12
870.0;20;45;21;36;189;39;19;40;11
876.0;16;45;21;37;192;34;20;41;14
882.0;16;43;20;39;193;35;19;40;15
888.0;15;45;23;34;194;34;20;37;18
894.0;16;45;19;33;195;38;18;38;18
900.0;14;44;18;33;195;41;18;39;18
906.0;16;45;17;32;192;41;20;38;19
912.0;15;46;17;32;192;43;18;37;20
918.0;14;49;14;32;193;43;17;36;22
924.0;13;45;15;34;192;45;19;38;19
930.0;13;45;15;34;191;44;20;39;19
936.0;11;43;16;35;191;46;20;40;18
942.0;12;40;16;34;192;46;22;41;17
948.0;11;40;16;35;194;46;22;41;15
954.0;9;42;17;32;196;41;24;40;19
960.0;9;45;18;28;197;42;20;42;19
966.0;9;46;18;31;193;39;22;42;20
972.0;11;45;19;31;194;38;21;44;17
978.0;13;42;19;33;192;38;22;43;18
984.0;15;41;19;35;192;35;20;46;17
990.0;15;39;22;36;191;35;20;44;18
996.0;17;39;20;41;190;36;22;40;15
1002.0;18;35;19;42;192;35;22;40;17
1008.0;19;33;19;44;193;37;19;39;17
1014.0;16;33;19;46;193;36;20;40;17
1020.0;14;34;19;49;192;37;20;40;15
1026.0;14;33;19;44;194;39;20;40;17
1032.0;15;33;17;47;194;40;18;41;15
1038.0;16;34;16;44;193;44;17;41;15
1044.0;17;34;17;41;193;44;14;43;17
1050.0;20;34;17;41;198;44;12;43;11
1056.0;20;33;17;41;198;44;11;44;12
1062.0;20;33;19;37;200;42;12;44;13
1068.0;18;37;20;38;199;38;13;45;12
1074.0;19;36;21;36;198;39;13;44;14
1080.0;20;39;19;36;198;37;12;44;15
1086.0;19;38;19;38;199;35;12;44;16
1092.0;21;37;21;36;200;34;12;42;17
1098.0;18;34;20;38;200;33;14;45;18
1104.0;19;30;23;38;199;32;19;44;16
1110.0;19;29;21;39;199;35;19;44;15
1116.0;22;30;22;38;195;35;20;42;16
1122.0;24;29;22;38;195;32;20;42;18
1128.0;23;29;22;41;195;30;18;42;20
1134.0;26;27;24;43;195;30;18;37;20
1140.0;25;26;24;43;194;29;19;37;23
1146.0;25;25;23;45;191;29;22;37;23
1152.0;22;25;24;43;195;31;22;37;21
1158.0;21;29;25;41;191;29;24;39;21
1164.0;24;31;26;38;191;27;24;39;20
1170.0;26;29;27;40;190;27;23;38;20
1176.0;25;28;25;42;189;26;26;39;20
1182.0;28;29;27;42;187;26;26;37;18
1188.0;26;30;23;42;190;24;23;41;21
1194.0;25;29;23;42;190;20;28;44;19
1200.0;23;28;19;42;191;21;29;46;21
1206.0;25;29;19;44;190;22;26;42;23
1212.0;23;29;19;42;191;20;28;44;24
1218.0;23;26;22;42;192;21;28;42;24
1224.0;22;26;23;42;192;22;26;43;24
1230.0;21;27;23;40;195;22;25;44;23
1236.0;22;31;21;41;194;22;23;41;25
1242.0;22;32;19;40;194;22;26;40;25
1248.0;24;32;21;41;194;21;25;37;25
1254.0;26;34;19;38;193;22;26;34;28
1260.0;24;34;22;35;196;24;24;38;23
1266.0;22;35;19;32;194;29;25;38;26
1272.0;18;38;18;32;195;29;28;37;25
1278.0;17;36;18;33;195;27;28;41;25
1284.0;20;35;18;36;196;29;25;38;23
1290.0;21;34;17;34;196;29;25;41;23
1296.0;18;33;18;35;193;33;28;44;18
1302.0;17;31;22;39;196;30;28;39;18
1308.0;16;31;19;41;197;33;28;39;16
1314.0;17;31;18;40;199;34;27;38;16
1320.0;19;30;15;40;197;37;26;36;20
1326.0;21;32;13;39;197;36;25;36;21
1332.0;19;30;15;35;201;37;25;36;22
1338.0;19;32;17;35;202;38;22;32;23
1344.0;18;35;17;33;202;37;21;34;23
1350.0;18;34;19;36;200;38;19;36;20
1356.0;17;34;23;35;198;41;17;35;20
1362.0;15;35;25;36;197;42;17;35;18
1368.0;15;34;24;37;197;44;18;32;19
1374.0;14;34;29;37;193;43;19;32;19
1380.0;16;36;25;36;194;46;20;28;19
1386.0;16;38;25;35;196;45;20;26;19
1392.0;15;35;27;35;197;43;20;30;18
1398.0;16;37;26;35;199;44;19;30;14
1404.0;17;34;27;35;198;42;17;33;17
1410.0;19;34;25;35;198;43;20;31;15
1416.0;18;30;27;37;197;44;21;29;17
1422.0;16;30;27;37;198;43;18;32;19
1428.0;14;28;28;38;199;43;17;33;20
1434.0;15;28;30;40;197;42;15;33;20
1440.0;16;28;28;39;199;40;16;34;20
1446.0;16;26;25;41;199;38;18;38;19
1452.0;16;25;25;40;198;39;18;40;19
1458.0;18;23;24;41;197;39;20;41;17
1464.0;17;22;23;43;198;38;21;39;19
1470.0;15;21;22;41;197;38;22;44;20
1476.0;15;20;25;42;195;37;22;44;20
1482.0;17;20;26;41;191;39;21;46;19
1488.0;17;22;27;40;187;42;18;47;20
1494.0;19;22;26;39;188;40;19;45;22
1500.0;17;22;25;38;188;40;22;45;23
1506.0;16;22;27;39;190;36;24;44;22
1512.0;15;24;27;44;187;39;21;44;19
1518.0;13;26;26;44;189;41;18;42;21
1524.0;17;27;24;40;190;44;17;39;22
1530.0;15;28;22;41;189;43;19;37;26
1536.0;17;26;22;40;188;45;21;36;25
1542.0;16;28;20;39;189;47;20;34;27
1548.0;16;29;18;41;186;49;21;33;27
1554.0;15;29;22;41;186;47;20;35;25
1560.0;15;28;23;38;186;53;18;34;25
1566.0;19;29;22;39;184;54;18;31;24
1572.0;17;28;22;40;185;53;17;35;23
1578.0;23;28;19;37;189;49;17;36;22
1584.0;26;28;20;36;190;48;16;37;19
1590.0;24;28;22;36;188;49;17;35;21
1596.0;21;30;22;34;186;53;16;37;21
1602.0;23;28;23;34;184;51;16;38;23
1608.0;25;29;18;36;183;53;17;39;20
1614.0;21;32;17;35;187;52;18;38;20
1620.0;23;30;17;37;188;52;19;35;19
1626.0;23;30;18;36;186;54;22;32;19
1632.0;22;34;17;37;185;53;21;33;18
1638.0;21;35;18;38;184;55;20;31;18
1644.0;23;37;18;36;185;51;20;33;17
1650.0;25;36;21;32;183;51;19;34;19
1656.0;26;38;21;32;183;49;19;34;18
1662.0;24;39;20;30;182;52;19;35;19
1668.0;24;38;18;34;184;49;19;35;19
1674.0;24;40;17;36;185;49;19;32;18
1680.0;23;38;18;37;187;47;18;35;17
1686.0;23;43;18;37;184;49;19;33;14
1692.0;23;43;20;35;183;51;19;32;14
1698.0;20;43;19;37;184;53;18;32;14
1704.0;19;45;17;39;181;54;18;31;16
1710.0;17;45;15;40;184;53;22;30;14
1716.0;18;44;16;40;185;50;23;30;14
1722.0;20;45;15;39;185;47;23;30;16
1728.0;20;49;16;37;183;48;23;30;14
1734.0;21;50;12;36;183;48;23;33;14
1740.0;20;47;14;35;181;46;25;38;14
1746.0;18;50;13;36;181;45;26;36;15
1752.0;17;49;11;38;182;47;24;36;16
1758.0;17;48;13;41;179;50;23;35;14
1764.0;19;46;17;41;181;50;20;31;15
1770.0;18;46;16;42;182;49;21;32;14
1776.0;16;50;15;47;184;47;20;27;14
1782.0;17;48;17;47;183;45;22;26;15
1788.0;16;49;19;47;186;44;18;26;15
1794.0;15;46;16;50;188;42;21;25;17
