#auto generated file!
12.0;25;33;26;30;27;25;31;30;33
18.0;23;34;26;33;31;25;28;28;32
24.0;20;32;25;31;35;28;28;28;33
30.0;22;32;25;31;38;27;26;30;29
36.0;24;33;23;27;40;30;27;28;28
42.0;26;32;22;27;42;32;24;32;23
48.0;27;31;18;25;44;34;27;34;20
54.0;24;31;19;24;48;34;27;33;20
60.0;26;27;21;21;53;34;26;31;21
66.0;25;27;21;22;54;33;24;32;22
72.0;22;27;20;24;57;32;23;33;22
78.0;19;26;21;24;60;36;20;36;18
84.0;20;25;22;25;62;36;17;37;16
90.0;18;28;14;29;66;37;13;37;18
96.0;17;26;14;30;68;37;12;38;18
102.0;15;30;14;28;71;37;10;39;16
108.0;17;31;15;26;69;38;10;39;15
114.0;18;32;14;26;70;36;14;38;12
120.0;17;32;14;27;70;34;14;38;14
126.0;15;34;15;26;72;33;14;36;15
132.0;16;33;14;25;75;32;13;37;15
138.0;15;34;12;23;76;34;15;36;15
144.0;14;33;11;25;78;35;16;33;15
150.0;13;33;12;25;76;34;17;31;19
156.0;12;36;11;28;75;32;15;37;14
162.0;15;36;12;29;76;32;13;33;14
168.0;14;38;10;30;76;31;16;34;11
174.0;13;41;10;30;74;31;16;33;12
180.0;12;40;10;30;77;28;17;32;14
186.0;11;40;11;27;79;29;17;30;16
192.0;13;41;10;25;79;30;16;31;15
198.0;14;41;12;24;81;29;14;30;15
204.0;12;38;10;28;83;32;14;30;13
210.0;14;39;10;27;84;31;13;32;10
216.0;14;39;10;26;86;29;13;34;9
222.0;14;39;7;25;88;33;14;32;8
228.0;17;40;8;25;90;33;10;31;6
234.0;15;40;7;26;91;35;10;29;7
240.0;20;39;9;24;91;33;9;30;5
246.0;18;35;10;27;92;30;12;28;8
252.0;15;32;11;26;94;34;12;26;10
258.0;17;33;13;24;95;34;11;23;10
264.0;14;34;14;24;95;34;10;23;12
270.0;16;36;13;20;96;32;12;23;12
276.0;14;38;11;23;97;33;11;23;10
282.0;14;35;11;24;98;34;10;22;12
288.0;12;37;11;23;96;34;10;25;12
294.0;14;37;11;23;95;34;10;25;11
300.0;13;37;12;21;96;33;10;25;13
306.0;10;37;13;22;96;34;9;26;13
312.0;11;39;14;19;98;30;10;25;14
318.0;13;32;15;22;99;32;9;26;12
324.0;13;30;15;24;100;31;10;24;13
330.0;10;31;13;23;101;34;12;23;13
336.0;13;30;10;25;104;29;12;24;13
342.0;13;29;12;26;103;29;11;25;12
348.0;15;27;11;27;103;30;13;23;11
354.0;15;28;13;27;101;33;12;21;10
360.0;15;28;11;26;101;32;13;22;12
366.0;14;29;11;26;102;33;14;23;8
372.0;12;32;8;26;106;30;14;24;8
378.0;12;30;9;22;107;31;16;25;8
384.0;10;29;8;22;110;32;13;26;10
390.0;9;30;8;20;112;32;14;26;9
396.0;10;31;7;20;112;33;12;26;9
402.0;10;30;8;20;111;33;12;27;9
408.0;13;32;7;20;111;31;11;28;7
414.0;13;31;7;21;112;33;10;27;6
420.0;12;33;6;21;112;33;10;27;6
426.0;11;34;6;21;115;35;9;24;5
432.0;10;35;8;21;114;34;10;23;5
438.0;11;33;7;22;113;35;9;23;7
444.0;12;35;7;23;110;34;10;22;7
450.0;10;33;8;27;112;32;9;24;5
456.0;12;30;8;30;110;33;8;24;5
462.0;12;30;8;31;111;32;7;22;7
468.0;12;28;7;27;114;34;8;20;10
474.0;10;33;9;25;114;35;7;18;9
480.0;11;31;11;23;112;34;9;19;10
486.0;10;32;12;24;113;32;9;18;10
492.0;10;30;11;24;115;32;10;19;9
498.0;10;29;12;25;112;35;10;19;8
504.0;8;28;12;26;114;33;7;22;10
510.0;9;31;10;27;115;29;7;22;10
516.0;10;29;9;28;113;30;8;22;11
522.0;11;28;9;29;114;30;8;21;10
528.0;9;29;13;27;115;27;7;21;12
534.0;10;29;13;27;113;23;10;22;13
540.0;9;29;14;27;111;22;12;25;11
546.0;9;27;13;27;111;24;12;27;10
552.0;14;27;12;23;110;23;14;27;10
558.0;15;27;12;22;110;23;15;28;8
564.0;14;28;12;21;113;21;17;26;8
570.0;13;28;12;20;112;22;17;28;8
576.0;14;26;11;19;112;24;16;28;10
582.0;13;26;13;18;112;24;15;28;11
588.0;13;25;11;20;111;27;14;26;13
594.0;13;23;9;20;113;26;13;28;15
600.0;11;24;11;23;113;25;13;26;14
606.0;13;23;10;25;113;23;15;24;14
612.0;14;25;7;23;113;22;16;25;15
618.0;13;24;6;23;113;21;16;29;15
624.0;11;26;7;25;114;20;14;30;13
630.0;12;23;11;29;114;18;11;30;12
636.0;11;21;12;31;114;17;10;30;14
642.0;14;21;12;32;112;16;10;30;13
648.0;12;20;14;32;111;15;10;31;15
654.0;8;19;15;32;112;16;9;34;15
660.0;9;18;13;32;113;16;11;33;15
666.0;8;19;13;33;112;15;10;32;18
672.0;8;22;13;30;114;14;12;30;17
678.0;8;23;14;29;115;14;13;28;16
684.0;9;22;14;28;117;17;11;29;13
690.0;11;22;14;28;120;17;11;26;11
696.0;13;22;11;27;122;18;10;26;11
702.0;13;20;10;27;124;19;8;28;11
708.0;12;20;10;27;122;18;9;28;14
714.0;12;20;11;27;120;20;11;27;12
720.0;12;19;12;27;121;20;11;26;12
726.0;12;20;12;28;121;21;7;25;14
732.0;11;21;15;26;120;20;8;25;14
738.0;11;22;14;25;122;22;7;22;15
744.0;12;22;14;25;121;22;8;21;15
750.0;15;21;13;25;121;21;10;23;11
756.0;15;26;13;22;120;19;9;23;13
762.0;13;29;13;21;119;20;10;21;14
768.0;13;30;11;22;118;21;10;21;14
774.0;13;29;10;22;119;22;11;20;14
780.0;12;29;11;21;119;21;13;22;12
786.0;13;30;13;19;118;23;13;20;11
792.0;10;30;14;23;117;22;12;19;13
798.0;13;29;14;22;119;22;10;20;11
804.0;12;29;15;21;119;21;10;21;12
810.0;15;28;13;21;120;21;9;20;13
816.0;15;30;14;21;120;22;6;17;15
822.0;14;28;15;20;119;23;7;17;17
828.0;17;28;18;19;116;23;5;17;17
834.0;19;28;17;17;116;24;4;17;18
840.0;18;27;15;18;115;27;5;17;18
846.0;16;27;16;19;115;26;4;19;18
852.0;17;25;17;16;116;27;5;19;18
858.0;18;24;13;18;114;27;7;20;19
864.0;17;25;14;18;114;27;6;21;18
870.0;15;22;12;20;114;28;7;21;21
876.0;16;22;13;19;113;27;6;21;23
882.0;15;21;11;17;113;31;8;21;23
888.0;13;24;9;16;115;32;8;22;21
894.0;16;25;7;17;113;30;8;24;20
900.0;19;24;7;17;114;30;9;22;18
906.0;19;24;7;18;113;29;10;22;18
912.0;17;26;7;19;114;27;11;22;17
918.0;16;24;6;18;118;27;8;23;20
924.0;18;23;6;22;118;27;6;21;19
930.0;14;23;8;22;121;27;8;22;15
936.0;16;23;9;20;120;28;11;22;11
942.0;18;19;9;21;123;28;9;20;13
948.0;14;20;9;19;121;30;9;24;14
954.0;11;22;7;19;123;29;9;24;16
960.0;11;21;8;21;122;30;7;24;16
966.0;10;23;9;19;121;29;8;25;16
972.0;11;21;9;18;121;30;8;25;17
978.0;14;23;9;18;122;29;7;23;15
984.0;14;20;9;19;124;29;8;24;13
990.0;11;20;10;17;128;30;8;24;12
996.0;11;18;10;19;128;26;8;26;14
1002.0;12;18;11;18;129;27;7;26;12
1008.0;13;19;10;19;128;25;8;26;12
1014.0;13;20;9;20;127;26;9;25;11
1020.0;13;17;12;19;125;28;9;25;12
1026.0;13;18;12;21;123;27;10;25;11
1032.0;12;17;13;18;125;26;11;27;11
1038.0;12;20;12;17;125;24;12;28;10
1044.0;12;18;13;16;123;26;12;29;11
1050.0;12;17;11;16;125;26;12;30;11
1056.0;10;20;10;16;125;24;15;29;11
1062.0;11;20;10;17;127;25;12;29;9
1068.0;10;20;10;18;128;24;13;27;10
1074.0;10;20;11;19;127;24;15;27;7
1080.0;9;20;11;20;127;24;14;26;9
1086.0;9;18;10;20;128;26;13;26;10
1092.0;9;17;11;18;127;26;13;29;10
1098.0;12;19;8;17;126;28;9;32;9
1104.0;13;19;8;17;125;27;11;32;8
1110.0;13;19;8;17;127;27;11;32;6
1116.0;15;19;9;17;126;27;11;31;5
1122.0;17;19;8;17;124;26;10;32;7
1128.0;15;19;9;17;125;28;10;30;7
1134.0;15;19;11;16;124;28;9;31;7
1140.0;19;16;14;15;124;25;10;31;6
1146.0;17;18;12;16;123;25;9;33;7
1152.0;18;19;11;14;122;23;11;34;8
1158.0;19;19;14;14;120;21;11;34;8
1164.0;18;20;16;13;122;20;10;33;8
1170.0;19;20;15;12;124;20;9;33;8
1176.0;17;19;16;12;125;20;9;33;9
1182.0;15;20;16;12;125;19;9;35;9
1188.0;12;20;15;12;126;22;11;35;7
1194.0;14;22;16;10;122;23;12;35;6
1200.0;15;22;13;12;122;22;12;35;7
1206.0;15;22;13;10;121;22;12;38;7
1212.0;15;19;13;11;121;23;11;38;9
1218.0;13;18;15;11;120;23;10;40;10
1224.0;11;14;16;11;123;24;10;40;11
1230.0;11;15;14;11;123;24;10;42;10
1236.0;11;15;12;13;124;22;12;43;8
1242.0;12;16;13;11;123;21;11;44;9
1248.0;11;18;12;11;123;23;11;42;9
1254.0;10;18;14;13;123;20;11;41;10
1260.0;11;18;13;12;123;21;10;42;10
1266.0;11;19;11;11;123;23;12;38;12
1272.0;11;19;11;11;123;23;11;37;14
1278.0;10;17;11;13;122;23;12;38;14
1284.0;9;18;8;13;124;23;14;36;15
1290.0;9;19;10;13;128;22;11;35;13
1296.0;12;21;10;11;126;23;13;35;9
1302.0;13;20;12;11;128;22;9;36;9
1308.0;13;19;11;13;125;24;11;35;9
1314.0;14;23;10;13;127;24;9;31;9
1320.0;12;22;11;13;128;22;11;33;8
1326.0;13;21;12;14;128;21;10;34;7
1332.0;13;21;11;14;128;23;10;33;7
1338.0;16;22;11;13;128;23;9;31;7
1344.0;17;21;12;15;125;25;9;29;7
1350.0;15;23;13;15;124;27;7;29;7
1356.0;12;22;10;17;124;29;8;29;9
1362.0;13;22;9;17;125;29;11;29;5
1368.0;15;20;10;18;127;27;10;26;7
1374.0;17;18;13;17;127;25;11;25;7
1380.0;16;17;14;17;128;26;12;24;6
1386.0;17;16;14;17;128;26;13;24;5
1392.0;16;16;13;18;129;26;13;23;6
1398.0;16;15;12;18;132;25;14;22;6
1404.0;15;15;13;18;134;24;13;23;5
1410.0;16;14;13;20;135;22;11;24;5
1416.0;15;13;13;21;133;21;14;23;7
1422.0;14;13;14;19;131;23;14;25;7
1428.0;14;14;13;19;131;22;15;25;7
1434.0;13;13;12;19;133;22;16;25;7
1440.0;10;14;13;18;134;22;15;27;7
1446.0;11;13;13;17;132;24;15;27;8
1452.0;14;14;13;20;130;22;13;25;9
1458.0;14;14;14;19;131;23;12;23;10
1464.0;14;16;11;20;131;23;10;26;9
1470.0;17;16;12;22;131;21;9;25;7
1476.0;18;17;11;23;132;22;9;21;7
1482.0;18;16;12;22;131;22;10;21;8
1488.0;15;17;11;24;134;23;10;19;7
1494.0;17;18;11;23;133;24;8;17;9
1500.0;18;16;11;21;134;25;10;18;7
1506.0;17;17;9;22;134;24;11;18;8
1512.0;19;13;8;21;135;27;11;17;9
1518.0;17;13;8;21;134;29;11;19;8
1524.0;16;14;8;22;134;28;10;21;7
1530.0;16;13;10;19;134;28;10;22;8
1536.0;17;12;9;19;134;27;9;25;8
1542.0;16;14;8;19;131;26;10;27;9
1548.0;15;14;8;20;130;25;10;29;9
1554.0;16;16;9;21;128;26;8;28;8
1560.0;16;16;10;20;128;25;11;27;7
1566.0;15;17;9;24;127;24;11;27;6
1572.0;14;18;10;25;128;21;11;27;6
1578.0;12;18;11;27;128;23;10;25;6
1584.0;12;18;11;30;127;24;11;23;4
1590.0;11;17;8;30;127;24;12;25;6
1596.0;14;16;10;27;126;24;11;24;8
1602.0;15;17;11;29;123;24;10;23;8
1608.0;16;19;10;28;123;21;11;23;9
1614.0;15;19;11;26;123;22;12;22;10
1620.0;15;19;9;28;119;24;13;22;11
1626.0;16;22;9;28;115;24;13;21;12
1632.0;15;22;10;32;116;24;13;18;10
1638.0;11;24;10;31;116;25;11;17;15
1644.0;11;26;10;27;116;23;13;18;16
1650.0;15;25;8;29;113;23;13;18;16
1656.0;15;26;7;30;115;25;13;16;13
1662.0;16;26;6;30;115;25;12;17;13
1668.0;16;24;9;29;113;24;14;17;14
1674.0;16;21;9;31;112;24;13;22;12
1680.0;16;23;8;30;112;22;13;23;13
1686.0;17;23;9;32;110;20;12;25;12
1692.0;14;21;9;35;110;21;15;24;11
1698.0;12;22;9;33;111;22;18;23;10
1704.0;10;22;9;34;111;22;17;23;12
1710.0;10;23;9;32;110;24;17;24;11
1716.0;11;21;10;33;109;25;16;25;10
1722.0;10;22;7;34;111;25;14;27;10
1728.0;8;21;7;32;111;27;17;28;9
1734.0;7;20;8;30;114;26;16;28;11
1740.0;10;19;8;30;115;28;13;25;12
1746.0;10;16;10;31;116;26;12;27;12
1752.0;8;17;12;32;117;26;10;29;9
1758.0;10;16;11;33;116;27;10;29;8
1764.0;11;17;9;31;118;26;11;29;8
1770.0;10;17;12;30;120;24;13;28;6
1776.0;11;17;11;32;119;22;13;28;7
1782.0;12;17;10;31;120;22;13;27;8
1788.0;13;16;11;27;121;24;14;26;8
1794.0;12;16;12;26;120;21;16;27;10
