#auto generated file!
12.0;33;47;35;37;40;35;39;27;27
18.0;36;46;30;41;41;36;33;32;25
24.0;32;45;30;43;42;38;33;31;26
30.0;30;44;31;43;44;39;28;33;28
36.0;26;46;30;45;44;40;27;36;26
42.0;27;45;31;45;45;40;24;36;27
48.0;25;47;30;45;47;40;24;36;26
54.0;24;45;27;45;50;41;25;37;26
60.0;23;43;26;46;51;43;24;38;26
66.0;23;41;22;46;53;47;26;36;26
72.0;20;42;21;44;56;47;30;35;25
78.0;21;39;20;42;59;48;29;36;26
84.0;19;40;20;42;62;50;26;37;24
90.0;18;41;20;39;66;50;24;39;23
96.0;18;40;20;37;67;52;27;38;21
102.0;17;43;20;32;68;55;26;38;21
108.0;19;44;20;34;67;54;23;41;18
114.0;20;43;20;35;69;52;24;38;19
120.0;23;42;18;34;72;48;26;39;18
126.0;22;43;18;33;71;47;30;39;17
132.0;19;49;18;34;72;44;29;36;19
138.0;17;49;20;34;74;44;27;35;20
144.0;21;48;19;35;76;43;28;32;18
150.0;22;48;18;37;77;41;26;31;20
156.0;25;48;19;37;75;38;25;34;19
162.0;26;45;18;37;77;40;25;32;20
168.0;28;39;18;40;79;41;23;31;21
174.0;23;42;17;40;80;42;24;31;21
180.0;23;40;20;37;85;39;22;32;22
186.0;23;39;17;38;86;40;23;31;23
192.0;26;34;17;38;86;45;20;31;23
198.0;26;33;17;39;86;46;21;32;20
204.0;28;31;17;40;87;44;23;32;18
210.0;28;35;14;40;86;47;21;30;19
216.0;27;39;14;38;85;49;19;29;20
222.0;30;34;16;40;86;48;17;30;19
228.0;27;34;15;44;88;49;17;29;17
234.0;26;34;12;42;90;49;19;29;19
240.0;27;34;11;45;91;44;19;30;19
246.0;25;34;14;47;91;40;19;30;20
252.0;24;33;12;48;92;41;18;30;22
258.0;20;34;12;50;93;41;18;32;20
264.0;18;35;10;44;97;42;21;34;19
270.0;16;37;13;43;95;41;19;36;20
276.0;15;38;15;43;94;40;20;36;19
282.0;12;39;15;43;92;39;21;37;22
288.0;11;41;12;41;95;39;24;36;21
294.0;10;39;14;40;101;36;21;36;23
300.0;13;35;16;41;101;34;21;37;22
306.0;15;32;13;42;100;36;23;38;21
312.0;17;32;13;43;102;35;19;37;22
318.0;19;34;15;39;103;36;18;36;20
324.0;18;37;17;38;107;34;16;34;19
330.0;16;35;16;39;110;36;14;35;19
336.0;18;35;16;38;113;36;14;32;18
342.0;17;36;15;38;115;36;14;30;19
348.0;17;34;15;37;112;35;14;34;22
354.0;16;35;14;39;109;34;14;38;21
360.0;16;35;14;38;111;37;13;36;20
366.0;17;37;14;38;113;34;13;34;20
372.0;18;34;16;40;114;34;14;29;21
378.0;20;35;14;39;117;30;14;30;21
384.0;20;35;16;39;117;32;13;27;21
390.0;19;36;15;38;116;32;14;29;21
396.0;19;37;16;37;115;31;14;28;23
402.0;16;38;18;36;116;30;13;27;26
408.0;16;39;17;35;117;30;12;28;26
414.0;18;37;16;35;118;29;13;28;26
420.0;17;39;17;34;120;29;10;27;27
426.0;19;36;16;37;120;29;12;28;23
432.0;19;36;20;36;119;26;13;28;23
438.0;20;38;18;36;118;26;14;30;20
444.0;21;37;17;38;117;25;15;29;21
450.0;21;38;16;37;114;23;17;32;22
456.0;21;34;17;40;114;25;16;29;24
462.0;23;31;19;37;117;24;15;33;21
468.0;23;28;18;36;119;25;15;33;23
474.0;25;29;19;36;117;29;13;34;18
480.0;26;29;17;37;116;30;14;32;19
486.0;23;30;18;37;113;31;12;36;20
492.0;24;29;17;37;117;31;12;40;13
498.0;23;29;19;37;115;31;12;41;13
504.0;21;35;17;35;115;31;12;41;13
510.0;23;34;17;34;115;33;11;41;12
516.0;19;35;19;36;114;34;12;40;11
522.0;17;34;17;33;113;34;18;43;11
528.0;18;38;18;30;111;30;20;42;13
534.0;16;39;20;30;111;30;18;43;13
540.0;17;39;19;30;108;30;19;43;15
546.0;16;38;18;31;109;29;20;43;16
552.0;15;38;17;30;110;31;21;44;14
558.0;16;38;16;31;112;31;20;44;12
564.0;15;39;16;30;112;33;19;42;14
570.0;14;39;17;30;112;33;18;43;14
576.0;16;34;18;32;114;32;18;44;12
582.0;20;33;17;33;114;31;18;45;9
588.0;20;32;18;32;114;30;16;48;10
594.0;20;30;16;35;114;29;13;52;11
600.0;19;31;16;34;114;28;12;52;14
606.0;17;33;16;36;116;29;11;49;13
612.0;12;29;17;37;118;30;14;47;16
618.0;10;29;19;37;116;31;15;47;16
624.0;12;29;20;39;115;28;14;45;18
630.0;12;29;20;40;116;27;13;45;18
636.0;15;31;19;38;116;27;14;44;16
642.0;18;29;20;37;113;23;14;46;20
648.0;15;28;21;37;117;23;12;45;22
654.0;15;30;23;37;118;23;13;41;20
660.0;17;29;23;36;118;23;14;41;19
666.0;12;30;23;36;119;26;10;45;19
672.0;12;27;26;35;120;27;8;44;21
678.0;12;26;25;35;120;28;9;43;22
684.0;11;26;24;36;119;30;10;42;22
690.0;11;26;21;38;120;30;11;41;22
696.0;12;27;20;35;121;31;13;41;20
702.0;11;28;22;35;118;32;11;43;20
708.0;9;29;22;36;120;32;9;40;23
714.0;11;27;23;37;119;32;8;38;25
720.0;9;28;24;37;122;32;8;37;23
726.0;8;28;23;38;121;32;11;38;21
732.0;10;27;22;39;123;33;12;35;19
738.0;13;25;22;35;123;34;16;34;18
744.0;15;24;20;36;126;32;16;33;18
750.0;13;26;23;38;129;30;15;31;15
756.0;12;28;21;42;131;31;12;28;15
762.0;11;28;19;44;135;30;13;25;15
768.0;11;31;17;41;138;31;14;25;12
774.0;11;29;18;42;138;33;14;26;9
780.0;12;27;20;41;138;33;13;26;10
786.0;12;27;17;46;141;35;11;25;6
792.0;11;27;15;41;142;35;14;29;6
798.0;12;28;15;39;139;38;15;29;5
804.0;14;30;12;38;143;34;15;27;7
810.0;13;26;12;38;142;34;13;30;12
816.0;14;26;14;38;140;36;11;30;11
822.0;14;25;14;39;139;34;12;32;11
828.0;14;29;13;38;138;32;12;30;14
834.0;14;29;13;36;139;32;14;31;12
840.0;13;33;14;38;136;30;14;30;12
846.0;13;32;13;38;136;33;15;28;12
852.0;17;31;12;37;133;34;16;29;11
858.0;15;32;13;39;132;33;15;27;14
864.0;13;31;15;40;134;32;14;26;15
870.0;12;32;17;40;135;29;15;26;14
876.0;12;31;16;38;135;33;15;26;14
882.0;9;30;18;39;135;32;14;25;18
888.0;10;27;18;42;137;30;14;25;17
894.0;12;28;15;41;140;31;13;24;16
900.0;11;28;19;45;137;29;13;23;15
906.0;12;26;19;45;135;31;14;22;16
912.0;12;26;20;43;136;30;15;19;19
918.0;12;26;18;47;136;31;15;19;16
924.0;11;28;17;46;136;30;17;19;16
930.0;12;30;18;43;132;33;17;19;16
936.0;11;26;18;41;135;33;18;21;17
942.0;13;23;21;39;139;38;16;19;12
948.0;12;23;20;40;137;39;15;22;12
954.0;12;22;19;41;139;38;15;22;12
960.0;11;20;20;43;139;36;16;20;15
966.0;14;22;19;37;140;34;18;20;16
972.0;14;21;14;39;140;37;19;20;16
978.0;14;21;14;37;143;38;17;23;13
984.0;16;22;15;39;142;36;16;22;12
990.0;18;21;15;39;139;33;18;24;13
996.0;15;21;19;37;141;35;19;21;12
1002.0;15;22;16;38;140;35;20;21;13
1008.0;14;24;16;36;141;34;18;23;14
1014.0;12;23;14;38;142;33;16;24;18
1020.0;13;25;13;37;140;37;13;22;20
1026.0;15;25;14;36;144;35;11;23;17
1032.0;15;25;14;37;146;34;13;22;14
1038.0;17;25;13;37;147;35;12;23;11
1044.0;14;27;14;38;146;35;9;21;16
1050.0;16;30;15;35;144;36;9;21;14
1056.0;15;31;16;36;143;35;10;21;13
1062.0;13;30;17;35;142;37;9;21;16
1068.0;13;30;16;36;144;36;11;21;13
1074.0;12;31;10;34;147;35;11;24;16
1080.0;11;33;12;33;145;31;12;26;17
1086.0;8;34;15;34;145;30;12;25;17
1092.0;8;35;14;34;145;31;16;25;12
1098.0;8;37;15;33;144;31;14;24;14
1104.0;9;36;13;33;144;30;13;27;15
1110.0;11;38;15;29;143;30;13;26;15
1116.0;12;40;13;30;144;30;15;22;14
1122.0;14;39;11;31;144;30;16;22;13
1128.0;14;40;12;30;144;32;12;23;13
1134.0;14;38;15;31;143;32;12;23;12
1140.0;12;37;17;33;143;30;12;25;11
1146.0;12;34;18;35;141;30;13;24;13
1152.0;14;34;17;33;140;31;12;24;15
1158.0;16;33;16;34;142;30;11;25;13
1164.0;16;31;15;35;140;36;11;24;12
1170.0;14;28;16;37;139;34;13;27;12
1176.0;16;28;14;40;140;33;13;27;9
1182.0;16;26;13;42;142;32;14;25;10
1188.0;19;24;9;39;142;35;16;24;12
1194.0;20;22;10;36;140;38;18;24;12
1200.0;21;21;11;35;137;37;18;28;12
1206.0;20;19;13;34;138;37;19;28;12
1212.0;18;18;12;37;138;36;20;30;11
1218.0;17;19;13;36;138;37;19;32;9
1224.0;22;19;14;35;133;36;18;33;10
1230.0;22;20;12;36;133;40;15;30;12
1236.0;19;23;11;36;133;42;18;29;9
1242.0;16;24;10;37;132;43;19;29;10
1248.0;16;23;10;36;133;42;19;29;12
1254.0;16;23;10;39;132;42;19;29;10
1260.0;16;23;10;36;135;42;16;30;12
1266.0;14;28;9;36;135;42;13;30;13
1272.0;15;29;9;36;134;43;12;30;12
1278.0;15;32;9;39;133;41;12;29;10
1284.0;13;34;11;37;135;42;13;28;7
1290.0;13;34;12;37;135;40;16;27;6
1296.0;13;34;12;37;135;39;16;28;6
1302.0;14;33;12;38;136;39;13;29;6
1308.0;13;34;10;34;137;42;13;28;9
1314.0;14;32;10;33;138;40;14;27;12
1320.0;15;32;10;33;136;40;14;29;11
1326.0;18;33;9;32;134;40;14;29;11
1332.0;19;32;11;31;134;39;14;30;10
1338.0;19;31;14;31;134;38;12;28;13
1344.0;16;32;16;34;133;39;10;28;12
1350.0;15;30;15;38;131;37;13;31;10
1356.0;14;30;15;35;133;42;15;29;7
1362.0;15;28;14;35;135;43;13;31;6
1368.0;17;25;13;32;138;41;15;31;8
1374.0;17;26;12;30;140;40;16;30;9
1380.0;20;23;14;29;142;39;13;29;11
1386.0;19;26;13;30;144;36;14;29;9
1392.0;20;26;13;29;144;36;15;29;8
1398.0;24;28;12;28;144;34;16;27;7
1404.0;24;29;8;28;148;35;14;26;8
1410.0;22;26;11;28;149;36;11;27;10
1416.0;20;24;12;29;150;37;10;27;11
1422.0;19;22;12;30;152;35;11;30;9
1428.0;17;24;12;29;155;34;11;29;9
1434.0;17;23;11;28;155;35;14;26;11
1440.0;16;23;13;28;152;36;12;27;13
1446.0;15;22;13;29;152;35;16;27;11
1452.0;14;22;13;31;150;32;18;28;12
1458.0;14;21;16;32;153;29;16;28;11
1464.0;14;20;11;34;154;29;18;29;11
1470.0;14;21;13;34;153;26;18;29;12
1476.0;17;20;14;32;153;25;18;31;10
1482.0;17;19;15;33;151;21;18;35;11
1488.0;16;19;20;28;147;23;22;34;11
1494.0;15;20;18;27;149;24;23;35;9
1500.0;17;21;17;27;148;23;22;35;10
1506.0;19;19;16;28;151;24;20;33;10
1512.0;18;20;18;27;150;23;20;32;12
1518.0;14;20;19;27;149;27;20;34;10
1524.0;14;20;19;27;149;28;17;36;10
1530.0;16;19;18;27;149;28;15;36;12
1536.0;16;19;18;28;149;26;15;35;14
1542.0;17;18;17;29;151;25;13;34;16
1548.0;18;18;19;27;152;24;12;34;16
1554.0;17;18;20;26;155;20;12;35;17
1560.0;16;19;20;27;156;19;10;34;19
1566.0;14;20;20;29;157;18;11;33;18
1572.0;14;23;21;31;155;17;14;31;14
1578.0;14;25;22;28;151;18;14;32;16
1584.0;16;24;19;32;153;18;14;27;17
1590.0;17;24;15;32;155;17;16;27;17
1596.0;21;21;17;28;154;21;14;28;16
1602.0;21;26;15;28;156;20;14;24;16
1608.0;19;28;15;29;155;21;12;23;18
1614.0;18;28;16;32;154;21;11;23;17
1620.0;17;27;18;33;150;22;13;23;17
1626.0;16;27;17;35;148;23;15;23;16
1632.0;16;27;16;35;148;23;16;24;15
1638.0;17;26;16;36;149;23;13;26;14
1644.0;18;26;17;35;148;25;11;26;14
1650.0;17;27;16;36;149;26;9;27;13
1656.0;16;28;16;36;150;24;9;29;12
1662.0;16;29;13;36;152;23;8;29;14
1668.0;14;30;15;37;152;21;9;27;15
1674.0;12;31;14;38;150;23;11;26;15
1680.0;12;28;15;41;149;21;11;28;15
1686.0;13;28;14;41;149;22;11;28;14
1692.0;11;31;13;42;151;19;10;28;15
1698.0;10;31;13;43;149;22;11;27;14
1704.0;14;26;15;43;148;24;11;26;13
1710.0;15;26;11;41;147;26;12;25;17
1716.0;16;27;11;39;150;26;10;24;17
1722.0;16;27;13;41;148;24;10;25;16
1728.0;18;24;17;43;145;28;10;23;12
1734.0;15;23;18;43;147;32;10;21;11
1740.0;16;23;18;41;146;31;12;19;14
1746.0;17;23;19;40;146;31;12;18;14
1752.0;15;23;17;38;145;32;15;17;18
1758.0;14;24;17;38;147;32;12;19;17
1764.0;14;23;15;38;148;31;12;19;20
1770.0;14;23;16;42;149;31;11;17;17
1776.0;12;25;17;41;151;30;11;17;16
1782.0;13;27;16;40;150;31;9;20;14
1788.0;12;26;19;41;151;29;9;19;14
1794.0;13;26;19;38;154;29;10;18;13
