#auto generated file!
12.0;17;23;21;25;20;29;23;23;19
18.0;19;23;19;24;21;32;22;22;18
24.0;19;23;18;24;23;33;20;22;18
30.0;19;22;17;25;22;35;21;22;17
36.0;19;22;18;22;23;36;20;23;17
42.0;22;23;16;23;25;34;17;21;19
48.0;20;25;16;23;28;33;16;21;18
54.0;20;25;15;22;29;34;18;20;17
60.0;23;24;14;24;30;34;13;20;18
66.0;20;27;12;24;29;34;12;20;22
72.0;19;27;12;25;27;33;13;22;22
78.0;19;26;11;26;29;32;13;25;19
84.0;15;27;10;27;33;33;11;27;17
90.0;14;27;11;24;33;37;9;30;15
96.0;15;25;13;26;33;37;10;28;13
102.0;14;24;12;27;34;38;12;27;12
108.0;16;21;12;28;40;36;11;26;10
114.0;20;20;13;23;40;36;11;27;10
120.0;19;19;14;23;41;36;9;30;9
126.0;17;22;12;22;41;37;11;29;9
132.0;16;24;9;21;42;37;12;30;9
138.0;17;24;9;22;43;37;11;30;7
144.0;19;26;8;23;44;36;9;29;6
150.0;19;25;8;23;44;37;9;27;8
156.0;19;25;9;23;44;37;8;27;8
162.0;19;24;12;23;43;37;8;25;9
168.0;18;25;12;25;45;35;7;24;9
174.0;12;25;14;24;42;37;10;24;12
180.0;11;26;14;23;41;36;9;26;14
186.0;13;27;17;23;39;35;9;24;13
192.0;13;24;18;21;39;38;9;25;13
198.0;11;24;17;22;38;39;8;27;14
204.0;11;27;17;23;39;36;6;27;14
210.0;12;27;16;23;42;36;6;26;12
216.0;12;26;15;23;44;34;7;27;12
222.0;11;24;14;24;47;35;6;27;12
228.0;11;26;14;23;46;36;5;28;11
234.0;11;25;14;21;45;37;6;28;13
240.0;11;26;14;20;46;37;7;29;10
246.0;11;27;13;20;48;34;9;28;10
252.0;9;27;14;20;48;35;11;25;11
258.0;7;27;15;23;48;35;10;24;11
264.0;8;28;14;23;48;34;10;25;10
270.0;7;25;11;25;48;35;10;24;15
276.0;8;25;9;26;50;35;11;21;15
282.0;8;25;12;24;52;34;10;21;14
288.0;8;25;12;24;53;34;11;21;12
294.0;11;26;14;22;53;35;9;20;10
300.0;15;25;14;24;53;34;10;16;9
306.0;14;23;13;27;53;35;10;17;8
312.0;11;24;13;25;56;35;10;17;9
318.0;8;24;12;27;58;35;11;15;10
324.0;7;25;12;24;61;35;9;16;11
330.0;7;23;14;22;64;32;10;18;10
336.0;10;23;13;22;64;31;9;18;10
342.0;9;24;12;24;62;32;8;21;8
348.0;8;25;13;25;61;29;9;22;8
354.0;8;25;13;25;62;29;9;19;10
360.0;9;23;12;25;64;30;7;19;11
366.0;8;21;14;24;64;29;7;23;10
372.0;9;23;14;24;62;27;8;21;12
378.0;11;22;14;22;62;28;8;20;13
384.0;9;22;13;20;63;31;9;20;13
390.0;9;19;12;19;64;33;9;20;15
396.0;10;19;11;18;64;33;8;24;13
402.0;10;19;10;20;65;33;9;22;12
408.0;10;18;13;20;65;30;8;22;14
414.0;9;17;14;21;65;29;7;22;16
420.0;9;18;13;18;64;30;7;27;14
426.0;9;19;14;18;64;27;7;28;14
432.0;10;18;12;17;65;27;6;30;15
438.0;9;18;10;17;66;28;6;31;15
444.0;12;20;10;17;65;27;6;30;13
450.0;11;18;11;18;64;28;8;28;14
456.0;11;19;12;17;66;27;8;27;13
462.0;15;18;12;16;65;28;7;27;12
468.0;14;19;11;16;65;29;9;26;11
474.0;14;17;8;16;67;29;9;26;14
480.0;19;15;8;15;67;29;8;25;14
486.0;17;15;9;14;67;30;7;25;16
492.0;17;14;8;17;69;29;6;26;14
498.0;18;13;8;16;68;26;8;27;16
504.0;15;13;8;15;70;27;7;28;17
510.0;13;12;8;15;71;25;11;29;16
516.0;11;15;9;14;70;24;11;27;19
522.0;11;18;11;14;71;25;11;25;14
528.0;13;17;12;13;75;26;8;24;12
534.0;11;18;12;12;75;24;12;25;11
540.0;11;19;9;11;77;24;14;24;11
546.0;12;16;8;13;76;25;15;25;10
552.0;12;15;8;14;76;27;15;24;9
558.0;11;15;7;15;76;27;15;24;10
564.0;10;14;9;17;74;28;14;25;9
570.0;10;15;10;16;74;25;15;26;9
576.0;9;18;11;15;74;25;15;25;8
582.0;11;16;10;15;75;25;15;24;9
588.0;10;18;11;16;77;24;12;25;7
594.0;9;19;12;13;77;25;12;25;8
600.0;8;19;10;12;76;25;13;27;10
606.0;7;18;11;11;76;27;12;27;11
612.0;8;20;12;11;77;24;11;27;10
618.0;10;20;14;13;78;21;10;26;8
624.0;10;18;15;14;77;22;13;26;5
630.0;12;20;13;16;77;20;11;27;4
636.0;11;20;14;15;79;19;10;27;5
642.0;11;23;12;16;79;19;10;26;4
648.0;9;22;12;13;80;19;11;28;6
654.0;9;20;13;13;80;22;10;27;6
660.0;9;21;12;11;80;23;11;27;6
666.0;9;20;14;13;79;21;10;27;7
672.0;6;21;12;13;82;22;10;26;8
678.0;6;21;11;13;83;21;10;26;9
684.0;4;20;12;13;84;23;9;27;8
690.0;5;19;11;13;86;23;9;26;8
696.0;4;18;10;14;86;23;10;25;10
702.0;5;19;9;11;89;23;9;25;10
708.0;5;19;12;9;89;24;9;23;10
714.0;5;19;11;10;90;24;9;23;9
720.0;4;19;11;11;87;24;9;24;11
726.0;7;18;8;10;87;25;9;24;12
732.0;6;22;8;9;86;24;11;22;12
738.0;5;22;8;10;85;24;11;24;11
744.0;5;23;8;9;86;22;11;24;12
750.0;4;23;9;9;85;22;11;26;11
756.0;4;20;10;10;88;22;13;25;8
762.0;4;20;12;10;88;22;14;23;7
768.0;5;20;9;10;91;22;14;23;6
774.0;6;20;11;11;93;21;12;22;4
780.0;6;21;10;13;94;20;14;19;3
786.0;8;20;9;14;93;18;13;22;3
792.0;8;20;9;15;93;19;13;21;2
798.0;9;21;8;16;93;19;10;23;1
804.0;9;20;7;14;93;22;11;21;3
810.0;11;20;6;14;92;22;11;22;2
816.0;11;19;5;14;94;21;11;23;2
822.0;11;18;5;13;95;20;12;24;2
828.0;11;18;6;13;94;21;12;23;2
834.0;10;16;8;11;93;24;12;23;3
840.0;8;16;12;12;93;24;10;21;4
846.0;8;16;14;10;89;24;11;24;4
852.0;8;15;13;10;88;26;13;23;4
858.0;8;15;13;10;90;24;13;21;6
864.0;8;15;13;10;91;24;13;20;6
870.0;7;16;14;10;94;24;11;20;4
876.0;8;17;13;10;93;22;13;20;4
882.0;7;17;13;8;92;23;12;21;7
888.0;8;19;13;8;92;21;12;22;5
894.0;7;19;11;8;92;21;12;23;7
900.0;6;17;14;9;94;23;10;22;5
906.0;10;18;11;7;91;22;13;20;8
912.0;11;17;10;11;89;22;13;18;9
918.0;11;20;11;10;88;21;13;17;9
924.0;12;18;10;11;88;20;14;18;9
930.0;12;17;10;11;89;20;13;20;8
936.0;13;18;7;14;89;20;12;21;6
942.0;13;18;7;14;87;21;13;21;6
948.0;11;19;7;14;88;20;12;23;6
954.0;10;18;8;15;89;20;12;22;6
960.0;11;17;9;15;87;20;11;24;6
966.0;10;16;10;14;86;20;10;27;7
972.0;10;16;13;15;86;19;10;26;5
978.0;10;15;13;17;85;20;8;26;6
984.0;9;17;11;19;87;19;8;24;6
990.0;9;15;9;20;88;22;7;24;6
996.0;9;17;7;20;88;24;8;23;4
1002.0;9;18;6;19;91;22;9;20;6
1008.0;9;17;7;21;91;22;10;16;7
1014.0;9;18;8;21;91;21;10;16;6
1020.0;8;15;9;21;91;22;9;17;8
1026.0;8;14;12;22;87;20;10;18;9
1032.0;8;15;14;20;88;20;8;18;9
1038.0;8;15;13;19;89;23;6;18;9
1044.0;9;12;12;19;90;23;8;19;8
1050.0;10;11;13;18;89;22;8;22;7
1056.0;10;11;10;19;88;21;12;24;5
1062.0;10;12;7;17;89;23;12;24;6
1068.0;10;12;6;17;89;23;13;22;8
1074.0;10;12;5;17;88;25;13;21;9
1080.0;12;10;7;17;88;24;12;20;10
1086.0;10;8;8;16;89;27;12;22;8
1092.0;13;7;7;15;89;25;13;23;8
1098.0;14;7;8;15;87;25;12;24;8
1104.0;14;8;7;14;89;26;10;23;9
1110.0;12;8;9;14;90;25;9;23;10
1116.0;16;9;9;13;88;23;10;21;11
1122.0;14;9;10;14;90;23;10;20;10
1128.0;15;8;10;16;90;21;10;21;9
1134.0;14;10;10;16;90;21;10;20;9
1140.0;15;8;11;17;89;20;12;18;10
1146.0;14;8;14;18;87;20;11;18;10
1152.0;14;8;14;17;86;20;11;18;12
1158.0;13;9;15;16;87;21;12;16;11
1164.0;13;8;13;16;86;23;14;16;11
1170.0;14;9;12;17;86;19;14;15;14
1176.0;15;8;11;15;87;20;15;15;14
1182.0;13;9;13;13;85;23;14;17;13
1188.0;13;10;11;16;85;24;14;18;9
1194.0;12;10;12;17;86;23;12;19;9
1200.0;10;11;11;17;87;23;12;19;10
1206.0;12;14;11;17;85;22;10;18;11
1212.0;11;13;13;18;85;22;10;19;9
1218.0;10;12;12;17;86;23;9;19;12
1224.0;14;13;9;18;86;22;7;19;12
1230.0;15;14;11;17;86;22;6;17;12
1236.0;16;14;13;17;86;19;7;18;10
1242.0;15;15;12;17;83;20;8;20;10
1248.0;14;14;10;16;83;22;8;23;10
1254.0;16;13;11;15;82;22;7;24;10
1260.0;13;13;9;16;82;22;10;25;10
1266.0;9;12;7;17;81;24;11;27;12
1272.0;8;12;12;17;79;26;11;26;9
1278.0;8;12;12;18;80;25;10;29;6
1284.0;6;14;12;16;81;25;12;28;6
1290.0;6;13;12;17;81;26;12;28;5
1296.0;5;14;9;18;84;27;14;24;5
1302.0;5;14;6;19;82;27;16;25;6
1308.0;5;15;7;17;81;28;14;27;6
1314.0;6;15;7;16;80;28;14;27;7
1320.0;6;17;6;16;78;31;12;27;7
1326.0;7;16;7;14;78;30;13;27;8
1332.0;7;16;9;12;78;27;12;27;12
1338.0;9;15;9;12;77;27;13;25;13
1344.0;9;15;8;14;75;28;13;24;14
1350.0;8;15;8;15;76;26;13;25;14
1356.0;9;17;7;17;76;26;11;24;13
1362.0;9;15;8;17;76;24;14;24;13
1368.0;8;16;10;17;75;24;15;23;12
1374.0;10;18;10;18;76;22;11;22;13
1380.0;12;18;9;17;75;24;10;24;11
1386.0;13;18;11;17;75;23;9;23;11
1392.0;13;19;10;19;76;23;7;23;10
1398.0;13;18;12;17;76;26;9;22;7
1404.0;13;18;11;15;76;27;11;22;7
1410.0;14;17;10;18;74;29;12;19;7
1416.0;15;16;10;19;72;28;13;20;7
1422.0;16;17;10;20;73;25;13;20;6
1428.0;17;17;11;18;75;23;11;20;8
1434.0;16;15;13;20;74;24;9;20;9
1440.0;15;16;15;19;74;24;9;19;9
1446.0;14;18;14;20;73;22;9;20;10
1452.0;14;20;13;21;72;21;10;20;9
1458.0;13;20;12;22;72;23;11;19;8
1464.0;12;21;12;24;71;23;9;19;9
1470.0;13;21;14;23;70;24;7;18;10
1476.0;14;20;12;21;72;24;8;17;12
1482.0;13;21;14;22;72;24;7;16;11
1488.0;13;21;15;22;70;22;6;18;13
1494.0;13;21;14;21;71;23;7;18;12
1500.0;13;23;12;19;72;23;11;18;9
1506.0;12;25;11;20;72;24;10;19;7
1512.0;13;23;12;19;74;25;11;18;5
1518.0;16;23;11;19;74;24;12;16;5
1524.0;15;22;12;20;73;24;10;18;6
1530.0;14;23;14;22;73;21;9;17;7
1536.0;13;23;15;22;73;22;9;15;8
1542.0;14;24;16;22;72;21;9;14;8
1548.0;12;23;20;21;72;18;9;16;9
1554.0;11;23;18;23;72;16;11;16;10
1560.0;11;21;21;23;70;15;12;16;11
1566.0;12;22;20;25;70;16;11;13;11
1572.0;13;20;20;24;72;17;11;12;11
1578.0;10;20;19;24;74;19;10;13;11
1584.0;10;19;20;23;74;19;11;13;11
1590.0;10;20;19;23;74;18;11;13;12
1596.0;9;23;16;23;74;18;10;14;13
1602.0;9;22;16;21;74;22;8;14;14
1608.0;10;22;14;22;72;24;9;13;14
1614.0;10;22;12;21;72;26;9;13;15
1620.0;11;22;12;21;72;25;8;14;15
1626.0;12;21;13;20;72;25;8;15;14
1632.0;12;23;11;22;71;26;5;15;15
1638.0;13;24;11;22;72;26;5;13;14
1644.0;13;23;12;22;73;24;5;14;14
1650.0;10;21;12;22;74;25;7;15;14
1656.0;11;18;11;23;74;25;8;15;15
1662.0;13;18;9;20;76;22;7;17;18
1668.0;14;18;11;20;75;22;8;16;16
1674.0;12;19;11;21;75;21;9;16;16
1680.0;12;20;10;23;76;21;7;16;15
1686.0;11;19;13;21;77;21;7;17;14
1692.0;11;19;11;20;77;22;8;19;13
1698.0;14;20;8;18;79;21;9;19;12
1704.0;13;18;7;19;81;24;9;20;9
1710.0;16;19;7;18;80;23;8;20;9
1716.0;16;18;7;17;83;22;9;20;8
1722.0;16;18;8;18;83;23;6;20;8
1728.0;16;19;11;17;82;23;5;18;9
1734.0;17;20;11;17;83;21;6;16;9
1740.0;16;20;11;19;81;22;6;15;10
1746.0;13;21;9;20;82;23;3;15;14
1752.0;14;20;8;22;81;24;4;15;12
1758.0;14;18;8;21;83;23;5;14;14
1764.0;13;18;8;22;82;23;7;15;12
1770.0;13;19;10;20;83;22;6;15;12
1776.0;11;19;10;20;84;23;7;14;12
1782.0;11;19;10;19;83;23;10;15;10
1788.0;9;17;9;19;85;21;10;18;12
1794.0;7;16;8;19;86;19;12;21;12
