#auto generated file!
12.0;31;36;36;41;46;44;51;48;47
18.0;32;36;33;40;46;49;49;53;42
24.0;32;38;34;41;45;49;48;53;40
30.0;32;39;30;42;47;49;44;57;40
36.0;32;38;32;42;49;45;45;59;38
42.0;28;40;29;42;50;43;48;63;37
48.0;28;43;26;39;53;46;39;65;41
54.0;24;46;23;42;56;46;37;70;36
60.0;26;43;24;44;56;43;37;67;40
66.0;26;42;24;44;59;40;38;67;40
72.0;25;47;22;40;59;40;36;69;42
78.0;27;53;21;39;61;41;31;68;39
84.0;27;49;21;39;64;41;32;67;40
90.0;31;46;21;39;64;42;30;67;40
96.0;32;47;20;38;66;41;31;70;35
102.0;34;51;22;41;65;40;29;67;31
108.0;37;53;22;40;66;38;31;62;31
114.0;35;53;20;42;66;40;35;58;31
120.0;32;52;22;40;68;44;34;56;32
126.0;30;48;21;48;68;49;30;57;29
132.0;30;48;20;49;72;47;30;58;26
138.0;29;46;19;50;73;48;29;59;27
144.0;25;53;19;47;77;46;27;59;27
150.0;26;54;20;46;78;46;23;60;27
156.0;25;59;20;48;80;45;22;59;22
162.0;29;59;18;47;78;47;22;58;22
168.0;31;58;18;48;78;47;22;58;20
174.0;30;60;18;49;77;48;21;57;20
180.0;25;60;17;52;78;47;22;54;25
186.0;22;63;15;51;81;45;24;55;24
192.0;19;65;15;54;84;48;22;53;20
198.0;21;61;15;52;89;47;23;53;19
204.0;18;63;15;50;92;48;23;52;19
210.0;18;62;16;54;92;49;23;51;15
216.0;19;64;15;56;92;45;20;51;18
222.0;17;61;15;53;97;43;23;50;21
228.0;16;62;16;52;99;41;23;49;22
234.0;15;63;16;54;101;41;22;47;21
240.0;14;60;15;56;101;43;22;48;21
246.0;14;60;15;58;100;44;23;46;20
252.0;13;60;16;57;101;43;26;44;20
258.0;16;58;15;56;101;44;24;46;20
264.0;16;59;16;53;102;39;25;48;22
270.0;19;57;17;49;105;44;22;50;17
276.0;18;53;20;49;104;43;21;51;21
282.0;20;55;18;45;107;44;21;50;20
288.0;20;53;18;46;106;45;22;51;19
294.0;17;53;16;47;105;49;20;48;25
300.0;19;54;17;50;106;46;18;47;23
306.0;23;54;18;48;108;44;15;46;24
312.0;28;56;15;45;109;43;16;43;25
318.0;29;54;14;46;108;43;18;41;27
324.0;29;54;18;45;110;40;19;41;24
330.0;28;54;17;46;113;42;19;41;20
336.0;28;58;20;44;116;39;16;40;19
342.0;26;57;20;43;117;42;16;40;19
348.0;22;56;25;42;118;43;17;40;17
354.0;24;54;22;42;116;46;19;40;17
360.0;22;53;19;46;118;46;19;41;16
366.0;21;53;22;49;119;43;19;40;14
372.0;21;54;19;48;118;46;24;37;13
378.0;18;51;19;46;120;49;24;39;14
384.0;19;51;17;47;121;47;25;39;14
390.0;18;51;20;45;122;45;25;38;16
396.0;18;52;20;47;123;44;24;37;15
402.0;18;56;19;48;121;45;21;36;16
408.0;21;54;16;48;123;44;22;36;16
414.0;20;55;16;46;128;41;21;35;18
420.0;19;55;17;46;129;39;20;35;20
426.0;17;55;17;46;129;39;19;34;24
432.0;18;56;18;46;131;40;20;35;16
438.0;19;55;18;46;130;38;18;38;18
444.0;17;54;20;45;130;39;19;38;18
450.0;21;49;22;46;132;37;19;34;20
456.0;21;46;23;48;131;37;19;36;19
462.0;20;43;22;47;134;37;24;36;17
468.0;20;43;22;44;137;35;27;34;18
474.0;18;43;22;45;138;36;23;34;21
480.0;17;41;20;44;141;33;23;35;26
486.0;19;42;19;46;141;32;18;38;25
492.0;20;44;19;43;139;30;19;41;25
498.0;21;43;21;44;140;29;18;38;26
504.0;19;45;22;45;135;29;20;39;26
510.0;20;45;19;42;138;33;18;39;26
516.0;19;48;22;43;137;33;16;38;24
522.0;19;47;19;41;140;33;17;39;25
528.0;18;45;18;41;141;35;16;42;24
534.0;19;43;20;39;143;35;15;43;23
540.0;17;42;20;43;143;35;17;41;22
546.0;19;42;18;42;142;38;16;42;21
552.0;19;44;20;40;143;36;17;43;18
558.0;20;41;19;38;145;38;17;43;19
564.0;18;39;20;38;145;41;14;48;17
570.0;19;41;21;38;142;40;14;46;19
576.0;20;40;17;39;145;39;10;48;22
582.0;22;36;18;41;144;39;10;50;20
588.0;22;38;20;39;142;43;10;48;18
594.0;23;40;18;38;143;43;8;48;19
600.0;21;38;17;37;147;43;10;49;18
606.0;21;37;19;37;149;41;11;48;17
612.0;22;37;20;32;148;38;14;48;21
618.0;23;38;20;33;149;36;13;47;21
624.0;22;36;21;32;148;34;15;49;23
630.0;23;39;20;33;145;35;12;48;25
636.0;24;40;17;30;145;35;15;48;26
642.0;26;39;15;28;147;38;17;47;23
648.0;25;36;18;25;142;41;18;49;26
654.0;25;37;16;26;144;37;19;49;27
660.0;21;37;16;24;149;37;20;53;23
666.0;18;38;17;26;149;34;24;51;23
672.0;19;37;19;27;151;34;22;51;20
678.0;21;38;20;25;153;33;18;53;19
684.0;19;35;19;28;156;31;18;52;22
690.0;19;35;16;29;155;33;18;54;21
696.0;19;37;17;28;155;35;13;54;22
702.0;21;38;17;28;155;32;12;54;23
708.0;23;39;20;26;156;31;8;52;25
714.0;23;39;22;25;158;32;8;53;20
720.0;20;41;20;24;160;32;8;52;23
726.0;20;38;21;25;157;33;14;50;22
732.0;19;36;21;26;155;32;16;54;21
738.0;19;41;20;22;156;28;17;57;20
744.0;20;42;20;21;154;25;19;57;22
750.0;19;43;19;22;153;30;18;57;19
756.0;17;40;20;25;155;29;18;58;18
762.0;17;38;18;24;156;30;20;59;18
768.0;16;35;22;21;156;34;21;57;18
774.0;16;35;23;23;155;36;19;57;16
780.0;14;35;25;24;154;35;18;57;18
786.0;14;32;27;22;156;37;17;57;18
792.0;12;36;26;21;156;36;17;58;18
798.0;10;34;24;24;158;39;17;57;17
804.0;12;34;25;24;157;40;19;52;17
810.0;16;36;24;25;157;39;17;50;16
816.0;19;36;25;27;155;39;16;49;14
822.0;17;40;26;28;154;39;15;49;12
828.0;17;40;29;27;150;40;14;51;12
834.0;16;45;30;27;150;39;13;48;12
840.0;18;44;28;24;151;42;17;45;11
846.0;20;44;27;22;153;42;16;45;11
852.0;20;44;26;24;151;43;18;42;12
858.0;21;47;22;24;149;42;18;43;14
864.0;19;46;19;25;149;44;20;44;14
870.0;18;43;20;25;151;46;19;44;14
876.0;16;44;19;24;153;48;18;42;16
882.0;13;43;21;24;155;47;17;43;17
888.0;16;46;21;25;155;43;16;40;18
894.0;16;41;20;27;155;44;15;41;21
900.0;16;41;23;29;155;45;14;37;20
906.0;15;41;23;31;155;43;14;39;19
912.0;18;40;21;33;155;42;12;40;19
918.0;19;37;22;34;152;43;13;42;18
924.0;18;36;21;33;153;44;15;43;17
930.0;19;34;20;33;151;43;19;46;15
936.0;19;38;16;33;152;44;20;40;18
942.0;19;37;14;33;156;42;23;39;17
948.0;19;35;14;32;153;44;26;40;17
954.0;19;32;14;32;154;44;24;40;21
960.0;18;36;15;31;156;44;23;38;19
966.0;19;37;16;30;157;41;20;37;23
972.0;19;40;14;29;157;39;20;36;26
978.0;18;40;14;33;158;40;17;34;26
984.0;17;38;16;34;159;41;16;34;25
990.0;15;37;14;38;158;42;15;36;25
996.0;17;37;13;39;160;41;14;34;25
1002.0;15;38;13;41;160;40;16;34;23
1008.0;16;39;15;40;158;37;20;32;23
1014.0;15;39;14;38;157;37;25;32;23
1020.0;13;40;17;39;157;33;27;32;22
1026.0;11;39;16;42;158;36;27;29;22
1032.0;11;38;16;39;158;39;26;30;23
1038.0;13;37;18;37;159;39;25;31;21
1044.0;16;40;18;37;163;37;22;28;19
1050.0;17;41;17;39;162;37;21;29;17
1056.0;18;41;17;39;163;35;21;31;15
1062.0;13;42;17;42;164;32;23;32;15
1068.0;14;43;18;40;165;34;22;29;15
1074.0;16;41;20;40;166;35;20;27;15
1080.0;18;41;18;39;170;33;20;25;16
1086.0;20;44;18;38;169;31;20;23;17
1092.0;20;44;20;40;169;31;15;24;17
1098.0;21;44;16;39;169;32;16;25;18
1104.0;22;42;14;42;168;33;14;27;18
1110.0;24;44;15;38;170;29;13;27;20
1116.0;24;44;18;37;168;28;15;26;20
1122.0;23;43;15;40;168;27;14;28;22
1128.0;26;42;11;38;170;30;15;27;21
1134.0;24;40;11;36;174;32;15;27;21
1140.0;20;41;11;38;173;30;19;25;23
1146.0;17;46;10;36;173;32;18;25;23
1152.0;16;43;12;39;174;32;18;26;20
1158.0;15;45;11;40;176;29;18;27;19
1164.0;16;42;14;34;177;32;17;30;18
1170.0;16;44;16;32;176;32;16;29;19
1176.0;16;41;17;31;175;34;17;31;18
1182.0;17;39;19;30;173;35;16;31;20
1188.0;18;39;17;30;175;35;13;35;18
1194.0;20;38;14;32;173;34;14;33;22
1200.0;18;38;12;33;172;33;16;33;25
1206.0;17;37;12;33;173;34;18;31;25
1212.0;13;39;13;32;173;35;16;34;25
1218.0;11;35;16;31;174;35;16;40;22
1224.0;9;34;18;27;176;37;20;38;21
1230.0;9;34;17;28;177;38;17;38;22
1236.0;9;34;15;29;176;38;17;40;22
1242.0;9;32;14;29;175;39;18;41;23
1248.0;9;30;18;29;176;40;18;38;22
1254.0;8;30;16;28;179;41;18;38;22
1260.0;10;30;14;29;175;45;19;38;20
1266.0;11;30;14;28;172;45;20;39;21
1272.0;9;28;14;27;171;45;20;43;23
1278.0;12;27;16;30;171;44;17;41;22
1284.0;13;27;14;27;171;44;19;45;20
1290.0;13;29;15;30;168;39;17;47;22
1296.0;13;26;16;33;168;38;17;47;22
1302.0;12;27;16;33;171;35;16;48;22
1308.0;13;26;20;32;169;33;15;51;21
1314.0;15;25;22;30;169;31;15;50;23
1320.0;14;25;19;29;171;33;17;50;22
1326.0;13;26;20;29;172;33;18;47;22
1332.0;16;25;19;33;172;32;18;44;21
1338.0;14;26;18;37;171;33;21;40;20
1344.0;13;25;18;37;170;32;21;43;21
1350.0;13;26;17;39;170;34;22;39;20
1356.0;17;27;14;37;168;37;23;40;17
1362.0;17;28;15;36;169;36;23;40;16
1368.0;19;28;13;35;172;37;21;41;14
1374.0;19;29;12;34;171;34;23;42;16
1380.0;17;29;15;35;170;34;21;41;18
1386.0;18;31;17;34;170;33;20;38;19
1392.0;18;27;17;33;175;33;22;36;19
1398.0;17;26;17;36;176;33;23;35;17
1404.0;16;28;16;35;175;35;25;33;17
1410.0;15;28;15;38;176;36;24;33;15
1416.0;16;29;13;37;176;38;22;34;15
1422.0;18;28;12;37;175;36;23;36;15
1428.0;18;28;13;41;174;36;21;34;15
1434.0;17;26;14;41;176;36;20;34;16
1440.0;16;27;15;40;175;34;21;34;18
1446.0;16;29;15;44;172;32;21;33;18
1452.0;16;28;17;46;173;32;19;31;18
1458.0;15;27;17;46;174;32;20;29;20
1464.0;16;27;17;47;172;33;17;31;20
1470.0;18;30;15;46;173;30;17;33;18
1476.0;18;30;11;48;168;35;16;34;20
1482.0;20;30;9;51;165;32;19;32;22
1488.0;21;31;12;51;163;34;16;33;19
1494.0;22;34;13;50;163;33;16;33;16
1500.0;23;32;12;48;165;32;22;31;15
1506.0;23;33;8;47;167;32;23;33;14
1512.0;22;33;11;46;168;36;19;32;13
1518.0;22;36;10;45;169;32;21;31;14
1524.0;20;38;11;45;173;29;20;29;15
1530.0;20;37;11;47;172;28;19;31;15
1536.0;21;42;13;44;170;28;20;28;14
1542.0;20;44;13;43;170;29;20;27;14
1548.0;19;49;10;44;172;26;19;27;14
1554.0;18;49;11;44;173;26;17;27;15
1560.0;16;48;16;40;173;29;17;26;15
1566.0;16;46;14;40;175;29;19;25;16
1572.0;18;43;12;42;178;27;16;25;19
1578.0;18;45;12;41;174;26;15;28;21
1584.0;20;46;11;40;175;26;14;27;21
1590.0;22;43;11;40;174;28;16;25;21
1596.0;23;40;13;40;172;27;18;27;20
1602.0;20;43;13;39;173;29;19;25;19
1608.0;19;44;14;41;171;29;17;26;19
1614.0;16;42;15;47;171;30;18;25;16
1620.0;16;40;16;47;171;30;17;28;15
1626.0;15;41;15;48;169;33;17;26;16
1632.0;15;42;13;47;166;36;16;29;16
1638.0;16;43;13;45;165;35;17;31;15
1644.0;20;44;16;42;163;35;14;30;16
1650.0;19;44;15;44;164;33;14;30;17
1656.0;18;44;15;46;163;33;15;28;18
1662.0;18;45;16;44;167;34;14;25;17
1668.0;16;46;16;43;167;34;15;26;17
1674.0;14;45;13;44;167;35;13;30;19
1680.0;14;46;12;44;168;36;13;28;19
1686.0;14;42;14;46;170;33;15;28;18
1692.0;13;44;15;43;169;34;14;29;19
1698.0;12;44;14;46;166;32;16;32;18
1704.0;12;45;13;43;167;33;17;33;17
1710.0;14;45;14;43;163;34;19;32;16
1716.0;15;46;15;41;161;30;21;32;19
1722.0;18;46;17;38;163;27;20;32;19
1728.0;16;48;16;42;162;27;19;30;20
1734.0;18;48;16;42;161;30;16;31;18
1740.0;17;50;14;41;163;31;17;31;16
1746.0;16;49;15;42;165;31;17;31;14
1752.0;15;51;16;42;167;31;17;28;13
1758.0;16;52;16;41;164;33;17;28;13
1764.0;17;53;16;39;164;31;18;29;13
1770.0;16;54;17;37;165;28;18;30;15
1776.0;16;54;16;37;165;28;17;31;16
1782.0;13;54;17;35;167;29;17;32;16
1788.0;14;56;19;34;168;27;19;30;13
1794.0;14;55;22;34;169;26;18;31;11
