#auto generated file!
12.0;37;33;38;38;42;32;33;38;39
18.0;34;35;34;39;41;35;33;37;42
24.0;30;35;33;41;44;36;34;38;39
30.0;27;34;34;44;45;41;30;37;38
36.0;23;33;34;43;48;42;31;37;39
42.0;24;33;33;46;49;41;32;37;35
48.0;23;35;34;46;51;44;29;39;29
54.0;22;33;33;50;51;43;30;38;30
60.0;19;29;32;49;53;42;34;40;32
66.0;19;34;32;47;57;42;32;36;31
72.0;21;33;29;46;56;45;28;41;31
78.0;21;37;26;46;57;46;31;38;28
84.0;22;36;24;50;56;46;30;41;25
90.0;23;39;23;49;56;44;29;43;24
96.0;25;41;24;48;56;47;25;40;24
102.0;25;39;28;48;56;45;25;39;25
108.0;22;38;30;47;58;42;28;41;24
114.0;20;40;30;50;60;40;27;39;24
120.0;19;40;29;48;60;39;28;42;25
126.0;15;41;33;44;63;38;28;40;28
132.0;19;40;33;41;62;41;26;45;23
138.0;20;38;29;36;66;41;26;48;26
144.0;21;34;32;36;70;42;22;46;27
150.0;22;31;31;39;71;42;20;46;28
156.0;20;32;34;39;72;43;22;43;25
162.0;19;31;34;39;76;43;20;44;24
168.0;21;31;36;37;75;45;18;44;23
174.0;19;31;35;36;76;43;21;44;25
180.0;20;34;29;35;79;43;20;45;25
186.0;21;30;31;37;81;46;18;39;27
192.0;25;30;28;36;86;47;17;38;23
198.0;23;31;28;40;87;47;17;37;20
204.0;24;31;25;40;89;44;16;41;20
210.0;24;32;23;42;90;44;16;41;18
216.0;25;31;25;43;90;42;15;42;17
222.0;22;34;26;47;90;43;13;39;16
228.0;20;34;26;47;91;42;15;39;16
234.0;16;37;24;50;92;43;15;38;15
240.0;14;39;23;51;95;43;16;33;16
246.0;15;38;24;48;97;44;16;33;15
252.0;17;39;23;45;96;46;16;33;15
258.0;16;37;24;44;97;45;17;32;18
264.0;16;34;21;42;96;51;18;36;16
270.0;17;36;22;41;99;50;18;32;15
276.0;19;35;19;41;100;50;18;31;17
282.0;17;35;17;40;100;50;18;37;16
288.0;20;39;18;36;97;47;19;37;17
294.0;19;37;17;36;101;46;18;40;16
300.0;19;37;16;38;103;48;18;38;13
306.0;19;39;16;37;103;50;17;38;11
312.0;19;39;14;37;105;49;18;40;9
318.0;18;38;14;37;104;51;18;40;10
324.0;16;38;17;35;108;48;18;38;12
330.0;15;37;15;39;108;47;21;37;11
336.0;14;39;13;37;106;47;24;39;11
342.0;14;38;12;38;107;46;23;39;13
348.0;12;39;13;36;110;48;19;40;13
354.0;12;40;14;32;114;48;16;38;16
360.0;10;40;13;34;114;49;15;38;17
366.0;11;38;14;35;115;47;14;39;17
372.0;12;39;13;36;113;46;16;40;15
378.0;11;36;18;33;114;47;15;39;17
384.0;9;35;18;35;114;45;17;41;16
390.0;9;36;19;36;114;44;17;41;14
396.0;9;37;21;35;117;43;18;39;11
402.0;9;38;21;34;118;44;18;39;9
408.0;12;38;18;37;120;43;16;37;9
414.0;12;40;18;36;122;43;14;37;8
420.0;15;40;17;35;121;39;14;39;10
426.0;18;38;16;36;118;38;12;41;13
432.0;17;40;15;34;121;37;13;38;15
438.0;18;38;21;30;118;38;13;38;16
444.0;18;40;21;30;118;38;13;38;14
450.0;14;42;23;32;122;37;12;37;11
456.0;13;43;23;30;125;38;11;33;14
462.0;13;41;25;32;126;36;10;34;13
468.0;13;41;23;32;124;38;10;34;15
474.0;12;41;21;31;125;39;12;33;16
480.0;12;40;21;33;125;37;15;34;13
486.0;15;42;19;31;125;37;14;33;14
492.0;12;42;20;31;128;37;17;31;12
498.0;10;41;19;30;129;39;20;32;10
504.0;10;39;19;29;128;37;22;33;13
510.0;11;38;18;30;129;38;21;30;15
516.0;11;37;22;31;128;36;19;29;17
522.0;10;39;23;29;128;37;17;28;19
528.0;9;35;23;29;128;39;19;28;20
534.0;7;34;22;30;128;41;20;26;22
540.0;7;34;23;29;127;41;21;28;20
546.0;7;34;22;31;128;42;18;31;17
552.0;8;33;23;32;129;42;17;29;17
558.0;8;34;24;32;129;41;16;30;16
564.0;9;33;20;33;131;42;16;29;17
570.0;9;33;21;35;131;39;15;31;16
576.0;9;31;24;33;130;39;17;31;16
582.0;11;31;24;34;131;41;16;28;14
588.0;10;33;24;36;130;39;15;28;15
594.0;15;35;21;36;130;41;14;26;12
600.0;15;35;20;36;133;40;14;25;12
606.0;14;35;22;37;136;41;10;25;10
612.0;14;33;23;35;140;39;10;25;11
618.0;15;33;25;35;137;38;10;26;11
624.0;14;35;26;37;137;35;10;23;13
630.0;12;37;25;38;137;32;10;24;15
636.0;13;38;24;36;137;33;11;22;16
642.0;12;39;26;32;138;34;11;24;14
648.0;16;38;25;32;138;33;10;24;14
654.0;16;34;22;32;140;33;16;22;15
660.0;17;35;22;31;141;33;14;21;16
666.0;15;33;21;31;140;35;16;22;17
672.0;15;33;22;31;139;36;16;23;15
678.0;16;32;21;32;137;34;17;24;17
684.0;16;33;20;32;135;32;16;28;18
690.0;19;30;20;32;137;35;14;27;16
696.0;19;31;21;27;137;40;13;26;16
702.0;17;32;25;29;135;38;15;24;15
708.0;17;32;25;29;135;37;15;24;16
714.0;18;34;24;30;136;31;14;28;15
720.0;20;31;23;32;139;28;13;27;17
726.0;20;27;24;34;140;27;14;28;16
732.0;16;27;24;35;141;26;14;30;17
738.0;17;25;23;34;140;26;19;31;15
744.0;18;25;23;34;141;28;17;33;11
750.0;17;24;22;33;144;26;19;35;10
756.0;15;23;20;32;143;29;22;34;12
762.0;19;21;20;30;141;31;22;33;13
768.0;19;23;20;27;141;31;21;36;12
774.0;18;24;20;27;143;32;19;35;12
780.0;17;26;22;28;142;33;18;33;11
786.0;16;24;22;30;140;32;21;33;12
792.0;17;23;21;31;141;33;21;30;13
798.0;17;24;20;34;139;33;24;26;13
804.0;15;24;19;34;141;32;24;26;15
810.0;14;25;19;31;142;33;27;23;16
816.0;15;28;17;28;146;33;22;23;18
822.0;15;29;17;28;144;31;21;23;22
828.0;17;29;17;26;144;32;20;23;22
834.0;16;33;16;24;143;32;23;25;18
840.0;16;33;17;23;143;30;22;26;20
846.0;17;35;18;25;142;27;21;26;19
852.0;17;37;18;25;143;24;20;25;21
858.0;16;38;20;22;149;21;16;27;21
864.0;14;40;19;21;151;22;17;27;19
870.0;11;35;19;22;154;26;17;28;18
876.0;14;34;16;21;154;27;17;28;19
882.0;13;36;16;22;154;26;15;30;18
888.0;13;35;14;25;153;25;13;32;20
894.0;11;33;14;26;152;26;14;34;20
900.0;11;30;13;28;155;27;13;32;21
906.0;11;29;16;26;154;30;13;33;18
912.0;15;32;14;24;154;31;12;30;18
918.0;16;31;15;23;152;28;11;31;23
924.0;16;30;17;23;153;30;10;30;21
930.0;19;29;16;22;154;30;14;28;18
936.0;16;32;15;23;154;32;13;27;18
942.0;18;33;15;21;152;30;14;28;19
948.0;18;32;16;20;156;29;13;26;20
954.0;19;30;16;19;156;29;13;25;23
960.0;17;28;18;21;158;30;14;24;20
966.0;16;27;18;24;156;30;13;26;20
972.0;15;27;19;25;155;32;13;26;18
978.0;14;31;19;26;155;32;13;24;16
984.0;13;34;18;26;156;31;9;26;17
990.0;14;34;18;25;156;29;11;25;18
996.0;18;37;15;25;152;31;13;23;16
1002.0;16;39;14;26;150;32;12;23;18
1008.0;17;36;17;29;150;32;13;19;17
1014.0;14;37;16;30;151;31;14;19;18
1020.0;13;36;17;28;151;29;17;20;19
1026.0;12;37;17;28;151;31;17;19;18
1032.0;12;40;17;28;151;28;16;18;20
1038.0;15;40;17;29;149;28;16;18;18
1044.0;14;40;15;26;151;28;15;20;21
1050.0;15;41;14;23;149;26;18;22;22
1056.0;14;39;12;23;151;30;16;22;23
1062.0;13;39;12;24;150;31;17;22;22
1068.0;11;40;11;25;149;31;17;22;24
1074.0;10;39;12;24;155;27;18;24;21
1080.0;9;41;10;24;156;27;16;26;21
1086.0;11;42;12;25;154;25;14;26;21
1092.0;11;42;9;28;152;26;13;27;22
1098.0;12;43;7;25;152;28;12;29;22
1104.0;15;44;7;25;149;27;12;29;22
1110.0;15;43;9;25;149;26;15;27;21
1116.0;15;44;13;23;149;26;14;27;19
1122.0;18;42;13;23;152;25;14;26;17
1128.0;17;38;14;23;152;28;15;26;17
1134.0;16;39;14;20;152;28;14;28;19
1140.0;18;37;15;20;151;30;16;27;16
1146.0;17;38;16;19;151;29;15;29;16
1152.0;18;37;16;20;152;28;16;27;16
1158.0;17;36;16;23;151;31;14;27;15
1164.0;18;33;20;21;152;28;13;29;16
1170.0;15;37;21;22;151;29;13;27;15
1176.0;16;36;21;22;152;29;14;24;16
1182.0;17;33;21;23;151;29;15;24;17
1188.0;17;31;20;22;152;29;16;26;17
1194.0;17;32;20;21;154;28;15;28;15
1200.0;16;30;19;26;156;29;12;26;16
1206.0;15;33;18;25;155;30;12;27;15
1212.0;14;32;15;25;156;29;12;30;17
1218.0;17;34;13;26;154;29;13;29;15
1224.0;20;33;11;25;156;29;13;29;14
1230.0;21;36;11;25;153;26;16;29;13
1236.0;22;32;13;26;154;24;16;29;14
1242.0;23;30;15;29;156;22;12;31;12
1248.0;19;33;17;26;157;21;13;32;12
1254.0;19;33;16;25;160;20;14;32;11
1260.0;19;32;15;25;158;20;14;35;12
1266.0;21;34;14;26;158;19;12;35;11
1272.0;20;31;15;26;157;21;14;34;12
1278.0;22;30;14;28;156;23;13;33;11
1284.0;19;28;15;28;158;25;14;31;12
1290.0;16;27;15;29;157;29;14;33;10
1296.0;16;27;15;29;157;25;14;36;11
1302.0;17;30;14;29;156;26;14;33;11
1308.0;19;29;13;30;157;26;14;31;11
1314.0;19;31;11;28;158;27;15;33;8
1320.0;21;29;10;28;156;29;17;30;10
1326.0;21;29;11;26;154;29;18;31;11
1332.0;19;29;12;23;155;29;19;33;11
1338.0;17;29;11;23;155;29;20;33;13
1344.0;18;27;12;24;156;28;19;32;14
1350.0;16;26;11;25;156;29;20;32;15
1356.0;15;30;10;27;157;31;17;31;12
1362.0;13;30;11;27;156;32;16;32;13
1368.0;14;31;11;26;157;33;14;32;12
1374.0;13;29;8;28;157;38;13;32;12
1380.0;10;29;7;27;158;38;14;33;14
1386.0;9;30;6;27;155;38;15;35;15
1392.0;9;28;6;28;154;40;13;35;17
1398.0;11;30;6;28;152;37;15;34;17
1404.0;8;32;5;31;150;40;15;32;17
1410.0;8;31;5;32;150;38;15;35;16
1416.0;10;31;6;29;151;39;16;34;14
1422.0;11;32;7;29;150;38;16;34;13
1428.0;10;32;8;27;152;39;16;32;14
1434.0;10;32;9;26;153;37;17;33;13
1440.0;10;32;9;26;153;36;20;31;13
1446.0;10;34;11;25;154;36;20;29;11
1452.0;9;33;9;27;154;35;21;31;11
1458.0;8;34;9;28;154;35;20;30;12
1464.0;12;33;10;25;158;39;15;27;11
1470.0;12;36;10;22;159;36;13;29;13
1476.0;14;36;11;22;157;38;10;28;14
1482.0;13;34;12;22;156;39;11;27;16
1488.0;15;36;13;23;154;36;10;27;16
1494.0;13;37;16;21;153;36;11;26;17
1500.0;16;40;17;22;150;36;10;25;14
1506.0;16;38;16;22;150;37;11;25;15
1512.0;17;38;17;19;149;36;10;29;15
1518.0;15;36;16;21;149;34;10;33;16
1524.0;14;35;15;22;149;32;11;34;18
1530.0;14;35;16;23;149;31;11;33;18
1536.0;14;34;15;24;151;32;10;32;18
1542.0;12;35;16;21;150;32;11;33;20
1548.0;12;34;11;21;151;34;12;34;21
1554.0;13;33;11;22;148;35;11;35;22
1560.0;12;33;10;25;149;35;11;37;18
1566.0;9;37;8;25;147;34;10;41;19
1572.0;9;37;8;24;145;35;12;39;21
1578.0;8;39;9;25;147;33;14;37;18
1584.0;9;40;10;24;148;31;13;39;16
1590.0;9;39;9;25;149;30;12;40;17
1596.0;10;37;11;25;149;29;14;41;14
1602.0;10;38;13;25;149;27;15;39;14
1608.0;11;36;16;24;146;28;18;39;12
1614.0;9;35;18;25;147;26;19;39;12
1620.0;9;35;17;26;148;27;19;37;12
1626.0;9;34;15;26;153;23;18;37;15
1632.0;9;37;16;27;153;24;15;35;14
1638.0;9;39;16;28;152;24;14;34;14
1644.0;8;38;20;31;154;23;9;34;13
1650.0;8;36;21;32;153;24;11;31;14
1656.0;8;36;18;26;156;28;12;31;15
1662.0;8;36;17;26;158;26;13;30;16
1668.0;11;35;16;23;160;25;15;30;15
1674.0;12;36;17;22;159;23;16;31;14
1680.0;14;38;16;23;159;23;15;30;12
1686.0;13;37;19;24;159;24;13;29;12
1692.0;13;34;18;25;159;26;13;29;13
1698.0;13;33;18;25;161;25;12;30;13
1704.0;12;32;23;27;159;25;13;27;12
1710.0;10;32;24;29;157;24;16;26;12
1716.0;10;30;25;28;157;25;16;27;12
1722.0;14;32;25;28;156;24;15;25;11
1728.0;12;32;25;34;154;25;15;22;11
1734.0;12;33;24;36;153;23;17;22;10
1740.0;11;34;25;33;154;25;16;21;11
1746.0;12;32;24;33;154;25;16;22;12
1752.0;16;27;23;33;154;24;18;23;12
1758.0;14;27;25;34;152;22;17;24;15
1764.0;13;30;22;33;152;25;15;23;17
1770.0;14;30;19;31;152;25;17;26;16
1776.0;13;29;20;33;152;24;17;27;15
1782.0;12;28;19;34;151;25;17;30;14
1788.0;14;26;19;33;151;27;16;27;17
1794.0;18;25;20;32;150;27;14;29;15
