#auto generated file!
12.0;26;37;26;30;29;34;25;34;39
18.0;27;37;22;26;31;34;29;36;38
24.0;26;35;21;28;36;33;26;39;36
30.0;24;35;21;31;40;34;26;40;29
36.0;26;39;23;30;41;37;22;38;24
42.0;24;41;24;32;44;34;23;36;22
48.0;21;41;23;30;44;35;24;37;25
54.0;23;44;21;30;45;31;25;39;22
60.0;24;42;18;30;50;30;26;38;22
66.0;21;42;15;34;52;30;25;40;21
72.0;23;41;16;32;51;31;24;42;20
78.0;22;40;14;31;53;31;25;44;20
84.0;22;39;15;30;53;31;24;46;20
90.0;21;42;14;30;54;33;25;42;19
96.0;21;42;14;30;55;34;21;42;21
102.0;23;43;14;31;57;30;23;40;19
108.0;23;46;14;32;58;28;23;39;17
114.0;24;44;11;32;61;33;18;38;19
120.0;22;41;12;33;60;36;15;40;21
126.0;25;41;15;29;60;36;17;36;21
132.0;26;39;18;30;62;34;18;36;17
138.0;24;37;17;31;64;32;17;39;19
144.0;26;34;19;31;65;33;16;38;18
150.0;25;37;21;29;62;35;16;38;17
156.0;25;34;23;30;63;34;16;39;16
162.0;25;35;21;30;64;34;16;39;16
168.0;24;35;20;30;65;36;14;39;17
174.0;24;36;18;29;68;38;15;36;16
180.0;27;38;15;29;68;37;14;36;16
186.0;24;37;16;28;69;38;13;38;17
192.0;27;41;15;27;70;39;12;36;13
198.0;21;44;16;29;72;40;11;36;11
204.0;19;41;16;30;76;36;14;33;15
210.0;18;40;16;26;78;36;16;33;17
216.0;18;39;18;27;79;37;16;30;16
222.0;18;37;19;25;80;38;17;30;16
228.0;17;36;19;24;80;37;16;33;18
234.0;15;37;20;23;79;37;18;31;20
240.0;13;40;16;22;82;37;17;31;22
246.0;16;42;17;22;83;40;14;28;18
252.0;20;39;16;25;83;36;14;29;18
258.0;19;36;16;26;85;37;12;28;21
264.0;20;36;15;27;85;39;12;27;19
270.0;19;34;15;24;86;39;14;28;21
276.0;20;31;16;25;87;39;15;28;19
282.0;23;32;14;23;87;39;18;29;15
288.0;21;31;16;24;91;37;17;27;16
294.0;19;32;16;25;91;36;14;29;18
300.0;17;33;17;22;92;38;14;29;18
306.0;17;31;17;21;92;38;12;30;22
312.0;16;33;17;22;97;37;12;28;18
318.0;15;34;18;22;95;37;12;28;19
324.0;15;37;21;20;95;35;11;28;18
330.0;13;34;21;21;97;35;9;31;19
336.0;13;30;20;23;98;36;14;28;18
342.0;13;29;18;21;97;38;14;31;19
348.0;13;29;18;23;97;37;17;29;17
354.0;14;30;19;21;96;37;17;29;17
360.0;14;29;15;21;96;41;15;30;19
366.0;14;28;16;19;98;39;15;31;20
372.0;11;30;17;19;97;40;15;31;20
378.0;13;29;18;20;95;40;14;30;21
384.0;12;31;18;22;95;37;15;29;21
390.0;13;31;16;22;98;35;12;31;22
396.0;16;30;16;22;100;34;12;31;19
402.0;18;31;14;20;102;33;14;30;18
408.0;17;29;14;20;102;33;12;32;21
414.0;15;27;16;20;100;32;17;32;21
420.0;13;30;14;20;100;31;15;35;22
426.0;13;32;14;22;99;32;16;35;17
432.0;12;31;14;22;100;33;15;33;20
438.0;12;33;13;20;102;33;15;31;21
444.0;12;34;14;19;104;31;14;31;21
450.0;13;32;16;19;104;31;14;31;20
456.0;10;33;15;19;106;30;15;32;20
462.0;10;35;14;18;106;34;13;34;16
468.0;11;36;13;19;106;33;13;35;14
474.0;14;34;14;18;106;33;15;33;13
480.0;13;31;16;21;106;33;14;34;12
486.0;13;32;15;22;104;32;12;36;14
492.0;14;33;11;25;106;30;15;35;11
498.0;15;29;10;24;108;29;17;34;14
504.0;14;29;11;25;108;31;17;32;13
510.0;14;30;11;26;110;30;15;30;14
516.0;16;31;9;27;113;27;13;31;13
522.0;15;30;11;25;113;27;15;32;12
528.0;14;30;12;26;113;26;14;32;13
534.0;14;29;14;25;114;23;12;34;15
540.0;14;29;13;23;116;23;13;32;17
546.0;12;29;13;22;116;23;14;32;19
552.0;14;29;13;21;119;23;16;29;16
558.0;14;29;13;21;118;24;17;28;16
564.0;16;28;12;20;122;22;16;27;17
570.0;16;30;13;20;121;21;16;28;15
576.0;18;31;11;22;118;18;14;29;19
582.0;17;31;11;22;118;19;13;28;21
588.0;17;28;10;23;116;21;13;31;21
594.0;18;26;10;23;116;22;13;29;23
600.0;19;28;10;26;114;21;11;29;22
606.0;16;24;11;24;115;23;15;29;23
612.0;15;23;14;27;115;22;12;27;25
618.0;12;23;15;28;117;20;13;28;24
624.0;12;24;17;27;115;20;15;29;21
630.0;15;24;15;28;116;21;15;27;19
636.0;14;23;13;32;117;21;16;27;17
642.0;14;21;14;32;117;21;15;29;17
648.0;16;20;14;33;117;21;16;25;18
654.0;17;21;14;35;118;21;13;23;18
660.0;15;21;16;33;118;23;14;24;16
666.0;14;22;12;31;119;26;13;25;18
672.0;14;24;13;30;122;22;14;25;16
678.0;14;25;11;28;122;23;14;26;17
684.0;13;26;12;25;123;25;12;28;16
690.0;12;26;14;25;123;27;10;28;15
696.0;11;24;15;26;125;27;11;26;15
702.0;12;21;16;24;122;28;13;26;18
708.0;11;24;16;24;123;25;13;28;16
714.0;11;27;15;24;128;25;13;24;13
720.0;8;28;17;22;126;28;13;26;12
726.0;10;28;16;23;124;27;13;28;11
732.0;10;30;18;24;124;25;11;28;10
738.0;10;31;20;26;122;24;10;26;11
744.0;12;32;20;26;120;25;9;25;11
750.0;12;32;19;27;123;25;7;26;9
756.0;13;31;19;24;122;27;6;29;9
762.0;12;29;18;21;122;26;10;32;10
768.0;12;29;16;22;122;25;11;33;10
774.0;13;29;18;21;124;24;10;32;9
780.0;10;29;16;25;124;24;9;34;9
786.0;13;32;13;24;122;23;10;33;10
792.0;15;32;14;23;122;24;8;34;8
798.0;17;30;13;22;123;23;8;35;9
804.0;17;29;16;22;120;22;11;32;11
810.0;16;29;15;24;119;23;11;31;12
816.0;16;28;16;26;119;24;11;31;9
822.0;16;25;17;27;119;25;11;32;8
828.0;14;25;13;29;117;29;11;32;10
834.0;13;27;13;29;116;29;12;32;9
840.0;13;27;13;30;117;29;10;31;10
846.0;12;28;12;30;118;27;11;32;10
852.0;12;29;9;30;118;27;10;33;12
858.0;14;27;9;27;117;29;13;32;12
864.0;16;28;10;27;119;26;11;31;12
870.0;18;28;8;27;119;26;10;31;13
876.0;17;27;9;26;117;29;13;28;14
882.0;16;25;10;27;117;31;13;29;12
888.0;16;23;10;27;117;30;13;31;13
894.0;17;26;9;26;116;33;14;27;12
900.0;17;27;10;24;118;33;12;27;12
906.0;18;26;9;22;119;33;14;27;12
912.0;19;27;7;22;118;35;14;27;11
918.0;21;26;8;22;122;35;10;25;11
924.0;21;27;7;22;120;36;12;24;11
930.0;20;26;9;21;120;36;14;23;11
936.0;20;27;10;22;120;36;13;22;10
942.0;19;28;12;23;119;35;13;21;10
948.0;20;30;11;26;116;34;14;21;8
954.0;20;31;15;26;116;31;12;21;8
960.0;19;31;13;25;119;30;11;23;9
966.0;18;34;15;24;118;29;10;24;8
972.0;18;37;14;20;116;28;13;25;9
978.0;18;37;11;22;115;27;13;28;9
984.0;20;35;9;23;114;25;15;29;10
990.0;22;36;8;23;115;25;15;27;9
996.0;20;35;9;24;115;26;13;28;10
1002.0;20;34;9;26;113;26;14;27;11
1008.0;19;34;8;26;112;29;13;28;11
1014.0;17;34;9;28;112;29;11;28;12
1020.0;20;31;8;28;112;32;10;28;11
1026.0;21;30;8;28;112;33;12;30;6
1032.0;20;33;7;27;110;34;13;30;6
1038.0;20;33;9;25;109;35;13;28;8
1044.0;21;31;10;23;109;37;14;26;9
1050.0;19;30;8;22;112;37;15;30;7
1056.0;18;28;7;23;113;41;14;29;7
1062.0;18;30;7;23;112;36;15;33;6
1068.0;18;32;7;23;111;35;16;33;5
1074.0;16;31;11;27;112;30;15;32;6
1080.0;16;33;13;27;112;28;15;30;6
1086.0;15;32;12;26;113;29;16;29;8
1092.0;17;29;11;27;112;31;14;30;9
1098.0;17;29;10;28;112;30;14;30;10
1104.0;17;31;10;27;111;31;12;29;12
1110.0;13;31;10;29;112;31;13;28;13
1116.0;14;31;10;30;112;30;13;27;13
1122.0;16;27;11;28;115;29;15;26;13
1128.0;16;28;11;28;116;30;13;26;12
1134.0;16;27;11;26;116;31;13;26;14
1140.0;18;26;12;27;117;29;13;25;13
1146.0;17;29;12;26;117;28;15;23;13
1152.0;17;28;13;26;117;28;14;24;13
1158.0;14;27;14;29;118;28;12;25;13
1164.0;13;27;14;27;120;28;11;26;14
1170.0;13;25;16;29;119;29;13;24;12
1176.0;14;25;16;29;118;29;13;25;11
1182.0;14;28;17;27;119;29;12;26;8
1188.0;12;28;15;29;122;27;13;25;9
1194.0;12;30;15;32;123;25;10;25;8
1200.0;13;30;14;32;123;23;12;25;8
1206.0;12;31;13;31;123;22;11;28;9
1212.0;13;30;13;34;125;20;10;26;9
1218.0;11;30;10;34;127;20;12;27;9
1224.0;11;30;10;32;128;22;12;26;9
1230.0;12;30;8;30;131;20;10;29;10
1236.0;11;29;10;29;130;21;10;30;10
1242.0;11;28;14;23;131;21;11;29;12
1248.0;11;27;14;24;132;22;9;29;12
1254.0;10;27;16;24;131;21;10;29;12
1260.0;12;27;14;23;130;20;13;29;12
1266.0;14;25;10;22;133;18;16;30;12
1272.0;12;25;9;22;135;21;16;29;11
1278.0;13;24;8;24;135;21;15;26;14
1284.0;15;21;8;24;136;24;13;27;12
1290.0;15;24;7;25;137;24;11;23;14
1296.0;14;26;7;23;137;24;13;22;14
1302.0;11;26;8;26;135;21;14;22;17
1308.0;9;26;8;28;134;20;9;26;20
1314.0;8;25;9;29;133;20;10;28;18
1320.0;9;24;8;32;133;19;8;28;19
1326.0;10;22;8;29;133;21;8;30;19
1332.0;9;21;8;30;131;24;9;29;19
1338.0;8;22;10;30;130;26;8;27;19
1344.0;9;24;11;31;129;28;7;24;17
1350.0;9;25;11;31;128;29;8;21;18
1356.0;9;25;10;30;127;30;8;23;18
1362.0;10;25;12;30;126;29;8;25;15
1368.0;11;23;14;28;129;29;6;25;15
1374.0;12;25;15;27;128;28;10;22;13
1380.0;12;26;15;28;128;26;8;24;13
1386.0;11;26;11;24;129;29;7;29;14
1392.0;11;27;9;23;130;29;6;30;15
1398.0;12;27;7;22;130;28;8;31;15
1404.0;12;27;9;25;127;26;10;31;13
1410.0;14;27;8;26;127;25;10;29;14
1416.0;14;25;8;27;126;27;12;30;11
1422.0;12;24;8;28;125;28;12;32;11
1428.0;16;25;8;28;122;28;13;33;7
1434.0;19;25;7;24;121;26;13;35;10
1440.0;18;25;6;23;122;26;15;36;9
1446.0;21;25;6;23;121;25;15;35;9
1452.0;18;24;7;23;124;25;14;35;10
1458.0;20;25;7;24;123;23;15;33;10
1464.0;21;27;8;26;122;21;16;31;8
1470.0;21;25;8;25;124;20;17;31;9
1476.0;21;25;11;24;123;18;18;31;9
1482.0;25;25;11;23;121;18;18;31;8
1488.0;22;25;11;23;120;16;18;35;10
1494.0;21;25;10;23;121;18;17;33;12
1500.0;19;27;10;23;120;17;19;34;11
1506.0;20;25;11;23;118;17;17;35;14
1512.0;20;25;12;22;117;19;15;35;15
1518.0;18;28;12;21;116;19;15;35;16
1524.0;15;27;11;26;116;20;15;36;14
1530.0;17;24;16;26;113;21;15;34;14
1536.0;15;24;16;28;114;24;14;31;14
1542.0;17;24;17;26;114;26;13;29;14
1548.0;18;22;18;27;114;24;14;26;17
1554.0;14;22;18;30;113;23;14;28;18
1560.0;14;24;20;30;114;21;13;25;19
1566.0;13;27;19;29;115;21;14;24;18
1572.0;13;28;21;29;115;20;11;25;18
1578.0;13;28;18;31;115;21;13;24;17
1584.0;12;29;18;34;116;20;11;24;16
1590.0;13;26;17;34;112;21;16;24;17
1596.0;13;27;16;38;111;22;13;24;16
1602.0;11;28;16;39;114;24;10;24;14
1608.0;9;28;20;37;113;24;12;24;13
1614.0;11;29;18;34;113;25;13;23;14
1620.0;12;33;15;34;113;23;13;25;12
1626.0;14;34;14;35;113;21;13;23;13
1632.0;17;34;10;33;113;24;15;23;11
1638.0;16;35;12;32;111;24;16;21;13
1644.0;15;35;13;31;111;24;17;22;12
1650.0;16;34;15;31;110;22;16;21;15
1656.0;16;34;15;31;110;20;18;22;14
1662.0;12;33;16;31;112;21;15;26;14
1668.0;13;35;16;29;113;20;14;26;14
1674.0;16;35;16;32;113;18;13;26;11
1680.0;13;36;16;31;113;20;12;24;15
1686.0;11;36;16;31;112;18;15;28;13
1692.0;10;36;14;31;114;17;17;29;12
1698.0;11;37;15;30;114;16;16;29;12
1704.0;10;37;13;31;116;18;15;28;12
1710.0;10;38;11;29;116;19;17;28;12
1716.0;10;34;13;30;115;20;17;28;13
1722.0;11;32;12;32;117;22;18;25;11
1728.0;10;32;11;32;119;19;19;27;11
1734.0;10;35;11;31;119;17;18;28;11
1740.0;10;37;11;31;118;17;17;28;11
1746.0;11;37;11;31;118;17;17;27;11
1752.0;11;37;10;31;119;16;16;28;12
1758.0;11;35;9;29;119;16;17;30;14
1764.0;11;37;8;28;119;18;16;29;14
1770.0;11;33;10;28;121;19;16;28;14
1776.0;12;32;10;28;122;19;18;27;12
1782.0;13;34;9;28;122;19;16;27;12
1788.0;13;31;9;28;123;15;17;27;17
1794.0;13;33;6;26;123;15;18;27;19
