#auto generated file!
12.0;40;36;29;41;41;37;47;40;39
18.0;43;36;27;41;43;38;44;41;37
24.0;40;37;29;43;42;40;42;43;34
30.0;42;36;26;43;48;40;39;45;31
36.0;38;40;23;41;51;39;37;51;30
42.0;31;39;23;45;55;44;35;53;25
48.0;30;40;23;42;57;42;37;54;25
54.0;31;46;21;40;62;41;36;51;22
60.0;30;45;25;41;63;42;34;49;21
66.0;30;46;25;38;64;42;33;50;22
72.0;32;46;24;39;70;38;33;47;21
78.0;32;46;23;41;70;38;32;48;20
84.0;32;46;25;41;69;40;31;48;18
90.0;31;46;25;37;73;42;31;48;17
96.0;30;45;25;35;77;41;30;45;22
102.0;25;45;24;35;81;40;29;46;25
108.0;25;44;23;35;84;40;27;49;23
114.0;24;40;23;33;88;42;28;48;24
120.0;28;39;22;32;88;43;27;46;25
126.0;26;39;23;29;88;44;28;49;24
132.0;25;41;22;30;87;47;27;49;22
138.0;26;42;22;29;88;46;25;49;23
144.0;29;44;21;29;87;46;24;47;23
150.0;31;45;16;32;88;45;25;46;22
156.0;33;49;16;32;91;46;17;47;19
162.0;31;49;13;34;92;45;19;48;19
168.0;32;47;17;34;95;42;17;49;17
174.0;30;48;18;33;96;40;20;47;18
180.0;30;46;18;37;99;33;22;47;18
186.0;29;52;19;32;98;33;18;50;19
192.0;27;50;20;35;100;32;20;50;16
198.0;29;48;19;35;103;30;21;50;15
204.0;28;47;22;35;105;30;23;46;14
210.0;29;47;21;34;105;31;24;46;13
216.0;30;45;21;31;106;34;27;42;14
222.0;31;45;24;29;107;35;23;43;13
228.0;27;47;25;27;106;39;27;39;13
234.0;26;47;25;27;110;40;22;39;14
240.0;24;44;25;30;109;42;25;38;13
246.0;25;43;23;30;110;40;27;39;13
252.0;24;42;21;27;112;41;25;44;14
258.0;25;43;23;31;110;40;27;42;9
264.0;23;43;21;33;112;38;28;43;9
270.0;26;39;21;35;111;37;27;45;9
276.0;25;38;22;33;112;40;28;43;9
282.0;24;38;21;34;113;40;25;41;14
288.0;18;44;20;35;115;41;24;39;14
294.0;20;40;24;34;116;40;25;36;15
300.0;22;39;23;33;116;42;24;37;14
306.0;24;39;21;33;115;42;21;37;18
312.0;22;36;22;35;117;43;21;37;17
318.0;22;35;25;37;118;44;17;34;18
324.0;20;37;21;35;120;45;18;34;20
330.0;16;36;19;38;120;46;18;36;21
336.0;15;36;19;36;120;48;18;38;20
342.0;14;36;19;35;119;46;21;38;22
348.0;17;35;16;36;119;46;19;38;24
354.0;15;35;16;37;118;44;24;37;24
360.0;14;34;16;36;121;48;23;34;24
366.0;15;36;13;35;121;48;22;35;25
372.0;14;36;14;37;124;47;23;35;20
378.0;15;35;17;37;122;45;23;36;20
384.0;16;35;15;37;124;48;21;35;19
390.0;17;35;14;37;124;47;19;38;19
396.0;16;33;16;37;127;45;20;40;16
402.0;16;31;16;36;133;44;19;41;14
408.0;16;28;18;39;132;43;19;41;14
414.0;17;28;16;39;133;41;22;40;14
420.0;18;30;16;39;130;40;22;41;14
426.0;16;29;16;38;131;39;23;43;15
432.0;16;28;18;36;130;38;25;43;16
438.0;14;30;17;37;131;36;24;45;16
444.0;13;30;19;37;133;36;22;45;15
450.0;14;29;18;40;134;34;23;42;16
456.0;14;33;17;42;133;35;22;40;14
462.0;16;35;16;41;135;36;20;38;13
468.0;19;35;18;39;135;33;20;38;13
474.0;20;35;18;37;136;32;20;39;13
480.0;20;36;17;35;137;33;17;41;14
486.0;19;36;17;36;137;33;17;40;15
492.0;20;38;18;34;135;34;16;39;16
498.0;21;37;20;35;133;33;19;37;15
504.0;18;36;19;37;135;34;20;36;15
510.0;18;35;21;35;133;34;21;37;16
516.0;20;36;20;31;135;36;20;37;15
522.0;19;34;20;32;135;36;20;37;17
528.0;18;33;18;35;132;34;20;39;21
534.0;19;34;14;33;137;34;20;39;20
540.0;17;32;14;33;133;39;21;38;23
546.0;17;33;10;32;136;38;21;37;26
552.0;18;33;8;34;134;39;20;39;25
558.0;16;32;9;36;135;39;19;40;24
564.0;14;31;12;37;136;38;21;40;21
570.0;14;33;11;36;137;38;22;37;22
576.0;15;33;10;37;138;36;22;38;21
582.0;15;35;12;37;142;35;21;34;19
588.0;17;34;12;37;143;36;19;31;21
594.0;19;35;14;34;142;33;21;29;23
600.0;20;36;15;34;139;33;21;30;22
606.0;22;35;14;35;139;32;23;30;20
612.0;20;37;15;36;140;31;22;30;19
618.0;18;37;14;36;138;32;19;35;21
624.0;16;43;17;35;138;31;17;34;19
630.0;19;43;18;36;138;28;18;35;15
636.0;18;44;17;34;138;31;17;35;16
642.0;17;44;18;33;139;31;16;33;19
648.0;18;43;18;31;138;30;19;34;19
654.0;19;42;23;30;136;31;21;32;16
660.0;22;40;21;30;137;31;20;31;18
666.0;19;39;21;31;137;30;22;29;22
672.0;19;39;22;32;133;29;23;31;22
678.0;17;39;19;33;134;30;22;31;25
684.0;20;37;19;34;132;33;21;29;25
690.0;21;37;19;34;132;31;19;30;27
696.0;25;37;18;33;132;31;18;31;25
702.0;25;36;19;32;134;29;18;34;23
708.0;23;35;16;33;135;29;18;36;25
714.0;19;32;16;36;138;30;17;35;27
720.0;17;32;17;36;144;30;16;33;25
726.0;16;34;17;36;144;32;16;29;26
732.0;17;33;11;37;148;31;17;28;28
738.0;17;33;11;38;148;32;16;27;28
744.0;17;32;14;37;151;31;15;27;26
750.0;16;32;11;36;152;30;18;29;26
756.0;16;32;12;36;150;29;19;27;29
762.0;19;31;12;36;153;27;19;26;27
768.0;20;26;13;40;154;26;19;27;25
774.0;20;26;15;40;156;24;16;28;25
780.0;17;26;14;42;156;24;16;30;25
786.0;19;27;12;38;160;24;16;29;25
792.0;21;23;15;39;159;23;16;29;25
798.0;21;23;14;39;159;24;18;31;21
804.0;19;24;15;39;161;25;17;31;19
810.0;17;25;14;40;162;26;18;31;17
816.0;16;25;18;38;161;26;18;33;15
822.0;15;25;20;37;162;24;17;34;16
828.0;16;25;19;37;163;27;18;32;13
834.0;15;26;18;37;159;30;22;31;12
840.0;16;27;15;36;159;29;19;34;15
846.0;16;27;17;37;157;27;19;36;14
852.0;18;28;17;35;159;27;16;35;15
858.0;18;29;16;34;157;26;16;35;19
864.0;20;33;15;31;154;27;20;33;17
870.0;19;33;17;29;156;26;18;34;18
876.0;20;34;13;29;157;26;20;35;16
882.0;18;37;12;27;159;26;18;38;15
888.0;18;37;14;27;159;24;19;37;15
894.0;17;34;15;28;157;25;21;37;16
900.0;17;34;16;28;158;24;23;36;14
906.0;19;32;14;28;157;27;22;39;12
912.0;18;32;15;27;159;27;21;37;14
918.0;18;31;15;28;158;28;21;36;15
924.0;18;33;14;28;161;25;21;33;17
930.0;19;35;13;28;160;25;19;35;16
936.0;18;38;14;26;160;24;21;34;15
942.0;18;38;14;26;159;26;21;32;16
948.0;21;37;15;25;159;23;22;30;18
954.0;22;39;14;26;158;25;19;32;15
960.0;24;39;14;27;156;24;20;31;15
966.0;23;37;15;28;158;23;22;31;13
972.0;21;37;14;31;158;23;22;32;12
978.0;18;36;12;32;159;22;24;33;14
984.0;19;33;12;30;158;24;27;34;13
990.0;21;33;12;29;156;24;27;34;14
996.0;22;35;10;28;158;24;26;32;15
1002.0;20;36;10;31;157;28;24;30;14
1008.0;21;31;10;32;156;31;25;29;15
1014.0;21;29;7;29;156;31;29;33;15
1020.0;19;30;8;32;154;31;28;33;15
1026.0;21;29;8;29;156;34;25;34;14
1032.0;21;30;10;32;154;32;24;32;15
1038.0;21;30;15;31;153;32;25;29;14
1044.0;21;30;16;33;151;33;22;28;16
1050.0;20;31;17;37;150;31;21;27;16
1056.0;18;30;18;38;148;33;21;28;16
1062.0;18;33;18;39;148;31;18;27;18
1068.0;20;36;17;38;146;29;21;25;18
1074.0;17;36;18;39;143;30;22;27;18
1080.0;14;37;17;38;144;28;22;28;22
1086.0;10;38;16;37;146;28;24;27;24
1092.0;12;38;16;36;148;30;22;24;24
1098.0;14;38;15;37;148;32;20;23;23
1104.0;14;35;15;40;148;31;21;23;23
1110.0;16;34;17;38;147;31;21;21;25
1116.0;15;35;19;35;148;30;22;21;25
1122.0;12;38;20;37;150;27;21;23;22
1128.0;11;35;22;37;153;27;21;24;20
1134.0;15;36;21;38;154;24;21;23;18
1140.0;15;35;24;36;155;25;19;23;18
1146.0;16;37;20;40;152;25;18;23;19
1152.0;16;36;20;40;152;25;17;23;21
1158.0;17;33;21;40;154;28;17;22;18
1164.0;20;33;21;40;152;27;15;26;16
1170.0;22;31;22;39;152;29;16;24;15
1176.0;22;32;22;35;154;30;18;23;14
1182.0;23;31;22;33;152;30;18;23;18
1188.0;22;32;22;34;150;31;18;24;17
1194.0;19;35;23;36;146;33;17;25;16
1200.0;18;36;19;36;148;32;18;27;16
1206.0;16;37;20;37;148;33;15;28;16
1212.0;17;36;19;33;152;31;15;31;16
1218.0;14;36;19;34;149;33;17;32;16
1224.0;13;38;17;36;150;33;16;29;18
1230.0;15;38;16;34;151;33;16;28;19
1236.0;19;38;15;33;151;33;15;29;17
1242.0;21;37;13;30;151;34;19;29;16
1248.0;19;37;16;29;150;33;20;31;15
1254.0;19;38;17;29;148;34;18;31;16
1260.0;18;39;17;27;149;34;20;29;17
1266.0;21;39;18;25;149;33;19;29;17
1272.0;20;40;14;27;147;32;22;29;19
1278.0;21;36;15;28;145;34;23;29;19
1284.0;21;36;16;26;145;34;25;28;19
1290.0;20;34;17;29;144;34;23;30;19
1296.0;20;32;16;30;144;34;24;31;19
1302.0;18;37;16;31;144;34;24;28;18
1308.0;17;37;17;34;144;30;22;32;17
1314.0;18;36;17;34;143;30;21;35;16
1320.0;17;37;17;36;145;29;22;33;14
1326.0;16;36;17;36;145;32;19;35;14
1332.0;20;36;17;34;144;34;18;37;10
1338.0;19;36;19;32;145;31;19;40;9
1344.0;22;37;17;31;149;27;18;39;10
1350.0;22;39;15;31;148;28;17;39;11
1356.0;21;39;16;34;150;24;17;37;12
1362.0;22;37;16;35;149;22;18;38;13
1368.0;21;34;18;35;150;25;15;40;12
1374.0;22;33;16;34;151;27;16;37;14
1380.0;26;32;15;32;150;27;16;37;15
1386.0;26;33;18;31;150;26;16;37;13
1392.0;22;33;20;34;151;29;16;34;11
1398.0;22;32;17;32;152;29;17;36;13
1404.0;24;30;19;31;152;29;16;34;15
1410.0;25;30;22;27;150;27;19;33;17
1416.0;25;30;21;28;153;28;16;32;17
1422.0;27;29;22;30;153;24;16;34;15
1428.0;25;29;20;33;150;22;18;38;15
1434.0;22;32;18;36;148;22;18;39;15
1440.0;21;32;19;41;146;23;17;38;13
1446.0;20;29;18;42;149;25;18;35;14
1452.0;19;29;16;43;151;27;15;34;16
1458.0;20;31;16;43;151;26;16;33;14
1464.0;19;31;16;42;150;28;17;33;14
1470.0;18;31;16;42;148;30;16;33;16
1476.0;18;31;16;40;150;30;18;29;18
1482.0;16;29;15;43;153;31;17;29;17
1488.0;14;30;14;44;155;30;16;29;18
1494.0;13;31;13;43;153;29;16;30;22
1500.0;17;31;12;44;156;29;12;29;20
1506.0;17;32;12;44;154;31;12;28;20
1512.0;19;31;10;43;157;29;14;28;19
1518.0;18;31;12;42;155;30;14;27;21
1524.0;17;31;12;38;156;29;16;29;22
1530.0;17;29;15;33;157;29;18;29;23
1536.0;18;32;15;33;158;28;18;32;16
1542.0;17;31;16;33;160;27;19;30;17
1548.0;18;31;15;35;162;28;18;28;15
1554.0;17;31;15;34;162;28;18;28;17
1560.0;19;31;15;35;163;29;13;27;18
1566.0;20;33;14;37;159;29;16;26;16
1572.0;17;35;13;39;161;28;16;26;15
1578.0;17;37;13;34;160;30;17;25;17
1584.0;17;39;14;35;158;28;18;24;17
1590.0;15;38;16;36;160;29;16;26;14
1596.0;17;40;19;32;161;27;14;27;13
1602.0;18;43;19;30;160;27;13;28;12
1608.0;17;41;17;31;158;29;18;29;10
1614.0;17;38;14;31;157;30;20;32;11
1620.0;16;41;14;30;154;29;17;34;15
1626.0;16;43;13;31;154;30;16;34;13
1632.0;16;44;12;31;156;29;14;33;15
1638.0;14;44;15;31;155;31;12;33;15
1644.0;12;43;15;31;156;32;12;34;15
1650.0;12;44;15;30;157;33;11;34;14
1656.0;11;42;17;29;158;33;11;34;15
1662.0;13;42;18;28;157;35;8;33;16
1668.0;13;41;18;29;158;36;8;31;16
1674.0;13;44;17;27;154;34;10;34;17
1680.0;14;41;18;28;151;34;10;35;19
1686.0;14;41;16;30;153;34;8;38;16
1692.0;15;41;18;29;153;33;6;39;16
1698.0;17;42;19;31;153;34;4;34;16
1704.0;19;38;21;31;151;36;5;34;15
1710.0;18;37;20;30;153;35;7;33;17
1716.0;17;38;22;31;154;34;9;30;15
1722.0;16;37;21;31;154;35;9;30;17
1728.0;15;37;22;35;152;38;7;28;16
1734.0;16;34;22;35;148;39;10;30;16
1740.0;15;35;20;32;150;38;10;32;18
1746.0;13;35;18;33;153;38;7;35;18
1752.0;14;36;16;33;151;39;8;35;18
1758.0;11;34;18;34;150;38;9;37;19
1764.0;11;36;17;33;151;34;12;34;22
1770.0;14;34;20;32;154;34;12;32;18
1776.0;13;33;21;32;154;34;14;30;19
1782.0;14;34;18;31;153;34;14;33;19
1788.0;16;35;17;30;154;32;14;34;18
1794.0;15;35;16;28;154;32;16;35;19
