#auto generated file!
12.0;58;47;47;51;59;49;51;61;67
18.0;57;49;46;52;62;51;48;60;65
24.0;61;50;45;48;64;53;49;60;60
30.0;55;50;41;48;71;52;50;64;59
36.0;51;53;37;47;78;53;47;64;60
42.0;48;55;37;46;80;54;44;64;62
48.0;47;53;31;49;80;60;45;61;64
54.0;49;54;31;48;83;62;36;66;61
60.0;46;57;31;48;84;61;39;69;55
66.0;44;50;32;50;89;62;37;71;55
72.0;42;50;29;51;89;61;44;70;54
78.0;41;48;29;55;93;66;39;66;53
84.0;36;49;29;57;96;66;42;64;51
90.0;40;51;27;56;96;64;42;64;50
96.0;39;48;27;57;97;72;42;61;47
102.0;38;49;30;57;103;70;37;59;47
108.0;40;50;27;59;106;70;35;57;46
114.0;38;49;31;59;107;67;37;57;45
120.0;36;51;30;57;106;70;40;53;47
126.0;35;53;31;57;107;68;39;56;44
132.0;33;54;28;54;111;68;40;62;40
138.0;33;54;26;54;114;65;38;64;42
144.0;32;50;26;58;114;67;35;68;40
150.0;30;49;31;59;113;66;35;68;39
156.0;29;50;33;60;114;65;34;68;37
162.0;31;50;35;61;114;63;34;67;35
168.0;32;51;33;61;114;68;33;67;31
174.0;29;51;31;67;116;67;31;67;31
180.0;32;49;29;69;116;69;35;62;29
186.0;29;50;28;70;119;70;33;65;26
192.0;27;52;26;69;118;68;33;68;29
198.0;25;49;29;68;121;68;35;66;29
204.0;26;45;29;71;125;69;37;61;27
210.0;30;48;31;70;123;62;37;62;27
216.0;31;49;30;65;126;59;37;66;27
222.0;29;53;29;65;127;57;39;67;24
228.0;29;54;33;66;130;53;35;68;22
234.0;31;57;33;66;128;54;33;69;19
240.0;32;53;37;62;130;54;29;70;23
246.0;32;55;34;60;133;57;30;69;20
252.0;30;63;33;57;134;57;28;69;19
258.0;30;65;30;58;137;53;28;71;18
264.0;28;65;31;54;141;53;29;72;17
270.0;24;64;31;55;140;55;27;74;20
276.0;29;61;33;53;143;53;25;70;23
282.0;29;56;33;54;144;55;26;70;23
288.0;23;54;33;56;143;55;29;73;24
294.0;22;55;34;54;145;56;29;70;25
300.0;22;57;36;54;146;56;29;67;23
306.0;27;58;32;55;148;56;27;65;22
312.0;29;56;32;57;152;56;23;62;23
318.0;28;54;31;55;153;60;24;61;24
324.0;32;52;32;54;151;61;26;58;24
330.0;31;54;36;54;150;62;25;58;20
336.0;30;52;31;55;155;66;25;58;18
342.0;30;53;31;51;157;64;30;54;20
348.0;30;52;28;53;158;62;28;57;22
354.0;33;52;25;51;163;58;26;60;22
360.0;38;50;26;53;159;53;26;62;23
366.0;40;48;24;53;156;55;26;64;24
372.0;46;49;24;57;155;55;25;60;19
378.0;44;48;23;57;156;56;27;57;22
384.0;44;47;22;62;153;53;30;59;20
390.0;42;49;21;64;152;54;28;59;21
396.0;38;49;24;66;152;52;29;61;19
402.0;37;52;23;68;153;53;30;58;16
408.0;32;52;25;67;155;54;28;60;17
414.0;29;53;26;68;157;48;30;60;19
420.0;28;56;27;65;157;49;32;57;19
426.0;26;56;29;65;156;51;30;58;19
432.0;24;54;29;65;161;51;28;60;18
438.0;26;53;26;65;161;51;30;60;18
444.0;30;49;28;62;160;52;31;60;18
450.0;30;49;27;64;159;55;30;57;19
456.0;27;55;24;59;161;55;28;61;20
462.0;20;54;25;63;165;53;33;59;18
468.0;21;54;22;62;167;54;33;59;18
474.0;19;56;21;64;167;54;33;57;19
480.0;16;56;24;62;166;58;31;56;21
486.0;18;60;24;58;166;55;32;55;22
492.0;21;60;24;59;168;56;29;54;19
498.0;20;63;25;56;171;53;24;58;20
504.0;21;62;21;56;174;55;26;54;21
510.0;23;58;21;58;175;53;25;55;22
516.0;25;54;25;59;173;50;26;55;23
522.0;22;52;28;56;176;48;31;56;21
528.0;21;48;29;55;178;48;33;58;20
534.0;22;50;29;54;180;49;32;56;18
540.0;20;47;28;56;181;47;31;57;23
546.0;19;48;28;53;182;51;27;57;25
552.0;20;50;27;52;184;51;27;58;21
558.0;17;49;28;55;184;51;26;57;23
564.0;19;51;27;54;178;47;29;61;24
570.0;22;53;27;53;181;46;29;58;21
576.0;20;53;23;55;188;44;27;57;23
582.0;21;54;24;58;190;42;24;55;22
588.0;24;52;24;58;192;43;20;54;23
594.0;21;55;22;58;189;46;23;53;23
600.0;21;54;22;59;189;45;25;52;23
606.0;20;53;21;61;191;46;25;50;23
612.0;16;54;22;60;191;47;25;50;25
618.0;14;53;24;58;193;44;26;50;28
624.0;13;50;23;56;198;48;27;50;25
630.0;17;49;25;51;199;46;27;51;25
636.0;16;49;26;51;199;44;29;51;25
642.0;17;48;27;53;200;43;27;53;22
648.0;18;48;27;50;200;46;29;53;19
654.0;18;50;28;45;201;47;27;54;20
660.0;21;49;29;48;200;47;23;51;22
666.0;22;51;29;47;200;49;23;52;17
672.0;20;50;29;48;201;45;26;47;24
678.0;18;50;29;45;201;46;27;49;25
684.0;19;50;26;46;197;47;29;50;26
690.0;20;49;24;47;199;46;26;53;26
696.0;23;50;22;46;200;48;28;49;24
702.0;22;50;22;44;202;49;28;47;26
708.0;22;51;22;43;202;51;27;47;25
714.0;20;53;22;46;201;49;24;48;27
720.0;20;52;22;46;204;47;23;49;27
726.0;21;54;20;47;207;43;22;50;26
732.0;22;54;22;43;207;43;23;50;26
738.0;19;55;24;46;207;44;23;48;24
744.0;18;51;23;48;209;42;26;49;24
750.0;18;53;19;51;207;40;26;51;25
756.0;21;52;22;51;203;38;29;51;23
762.0;19;54;22;54;206;39;27;51;18
768.0;18;54;21;52;209;38;27;53;18
774.0;17;50;21;49;210;40;26;56;21
780.0;17;49;20;46;212;42;27;56;21
786.0;17;48;22;47;214;42;26;54;20
792.0;17;50;20;48;212;43;25;56;19
798.0;18;50;19;49;212;44;27;53;18
804.0;13;52;18;49;212;46;28;54;18
810.0;16;55;18;52;211;51;24;48;15
816.0;17;55;24;52;212;49;28;41;12
822.0;18;56;25;53;212;47;27;38;14
828.0;18;52;25;57;213;51;22;41;11
834.0;17;50;27;56;213;49;24;42;12
840.0;20;49;27;52;214;46;24;43;15
846.0;21;48;29;50;211;47;24;43;17
852.0;22;49;28;45;213;45;23;43;22
858.0;20;48;27;47;212;45;23;43;25
864.0;25;49;26;44;213;43;21;45;24
870.0;24;49;27;45;213;41;23;43;25
876.0;23;50;26;47;210;40;23;46;25
882.0;22;45;28;48;213;43;22;44;25
888.0;25;45;30;46;211;41;21;43;28
894.0;27;46;27;45;215;41;21;42;26
900.0;25;48;33;43;214;39;23;41;24
906.0;23;49;32;45;218;36;23;39;25
912.0;19;47;31;43;220;41;24;37;28
918.0;18;45;28;48;223;42;25;38;23
924.0;22;47;29;46;221;38;24;40;23
930.0;20;46;30;42;219;39;26;45;23
936.0;20;45;28;43;219;41;25;46;23
942.0;17;45;26;40;217;43;29;48;25
948.0;17;44;20;42;213;41;32;53;28
954.0;15;45;20;45;212;42;33;48;30
960.0;17;46;22;45;210;39;31;49;31
966.0;17;48;25;45;212;41;26;47;29
972.0;18;51;25;43;212;41;25;48;27
978.0;17;49;25;47;213;43;25;46;25
984.0;18;48;22;48;215;45;22;45;27
990.0;18;48;21;47;217;45;24;45;25
996.0;21;46;23;48;217;45;25;39;26
1002.0;20;43;21;48;218;48;24;41;27
1008.0;21;42;22;47;217;48;22;42;29
1014.0;23;42;24;46;215;48;20;44;28
1020.0;23;43;21;46;217;47;19;46;28
1026.0;25;43;22;48;219;51;18;44;20
1032.0;24;43;24;43;219;54;18;40;25
1038.0;21;43;22;41;221;57;21;39;25
1044.0;22;43;22;36;221;56;24;40;26
1050.0;24;44;22;38;221;55;23;38;25
1056.0;26;44;25;36;218;57;22;37;25
1062.0;25;47;25;39;218;54;21;38;23
1068.0;27;47;22;38;218;55;22;40;21
1074.0;25;44;23;38;218;58;20;42;22
1080.0;26;45;19;41;219;58;18;42;22
1086.0;23;48;19;40;220;57;19;44;20
1092.0;23;49;18;40;218;59;22;42;19
1098.0;19;48;19;41;218;59;22;44;20
1104.0;18;51;21;44;217;56;22;39;22
1110.0;19;48;22;42;215;57;22;40;25
1116.0;16;48;26;43;214;56;23;39;25
1122.0;17;49;23;46;213;51;24;40;27
1128.0;17;52;25;47;213;52;21;38;25
1134.0;20;53;25;48;216;49;20;38;21
1140.0;19;49;25;46;220;46;21;38;26
1146.0;19;49;26;45;221;44;22;36;28
1152.0;18;51;24;46;222;43;19;37;30
1158.0;19;49;24;44;227;42;21;34;30
1164.0;19;47;23;42;229;42;19;38;31
1170.0;16;48;23;41;230;46;21;39;26
1176.0;18;47;22;44;230;42;20;40;27
1182.0;22;49;22;45;226;46;16;39;25
1188.0;21;47;22;44;225;45;24;37;25
1194.0;21;47;22;42;224;45;28;36;25
1200.0;23;46;21;43;224;46;26;38;23
1206.0;20;46;19;43;223;47;28;39;25
1212.0;21;45;19;45;225;47;25;40;23
1218.0;21;47;19;46;222;50;26;41;18
1224.0;19;50;18;49;223;50;23;39;19
1230.0;17;51;18;49;223;50;23;41;18
1236.0;16;50;19;48;224;50;21;40;22
1242.0;16;50;21;47;221;52;22;39;22
1248.0;14;50;20;47;223;51;25;38;22
1254.0;14;52;24;48;221;47;26;38;20
1260.0;12;48;23;50;225;48;25;39;20
1266.0;14;48;23;46;228;47;26;39;19
1272.0;14;50;24;47;227;43;26;40;19
1278.0;15;50;23;45;228;41;26;45;17
1284.0;15;51;22;45;228;44;26;44;15
1290.0;16;45;19;49;231;47;23;44;16
1296.0;15;45;19;49;233;45;23;41;20
1302.0;14;47;15;45;233;45;25;43;23
1308.0;14;44;16;43;238;48;27;39;21
1314.0;13;50;16;42;235;49;29;36;20
1320.0;15;51;19;40;235;51;27;35;17
1326.0;16;45;21;38;235;52;28;36;19
1332.0;16;43;24;36;236;56;26;36;17
1338.0;17;43;20;36;238;56;26;35;19
1344.0;18;43;23;34;240;53;26;34;19
1350.0;17;41;22;34;243;55;25;34;19
1356.0;18;41;21;33;241;52;29;35;20
1362.0;20;40;18;33;240;54;30;37;18
1368.0;18;39;20;34;242;54;29;38;16
1374.0;21;35;19;38;237;52;32;37;19
1380.0;21;36;22;37;236;49;32;38;19
1386.0;20;37;24;38;236;47;30;40;18
1392.0;22;35;21;37;239;46;27;42;21
1398.0;21;34;22;38;243;45;26;40;21
1404.0;19;36;24;37;239;44;27;38;26
1410.0;18;37;22;34;243;44;29;37;26
1416.0;21;39;22;37;245;44;26;33;23
1422.0;22;41;21;38;241;45;26;33;23
1428.0;20;43;20;36;239;48;27;35;22
1434.0;22;43;18;36;237;48;24;35;27
1440.0;22;42;20;37;235;50;25;32;27
1446.0;21;42;21;36;234;48;24;37;27
1452.0;22;41;21;35;233;48;26;39;25
1458.0;27;45;19;34;226;47;27;40;25
1464.0;29;44;19;36;225;50;27;40;20
1470.0;31;43;19;33;220;50;28;46;20
1476.0;31;44;17;36;216;50;29;46;21
1482.0;27;46;19;38;216;49;25;46;24
1488.0;27;45;18;38;216;50;25;46;25
1494.0;30;43;17;37;217;50;24;47;25
1500.0;27;44;16;37;219;51;24;47;25
1506.0;27;45;15;36;218;53;23;47;26
1512.0;29;48;14;33;217;54;24;49;22
1518.0;29;46;16;34;218;50;24;51;22
1524.0;30;47;18;33;215;52;26;50;19
1530.0;28;50;19;31;217;51;26;51;17
1536.0;31;49;20;30;216;56;23;48;17
1542.0;30;48;20;34;215;52;24;49;18
1548.0;31;47;19;33;218;50;24;48;20
1554.0;32;45;21;31;220;48;23;48;22
1560.0;28;46;21;34;223;48;22;44;24
1566.0;26;47;23;38;222;48;22;40;24
1572.0;25;48;21;35;224;47;25;41;24
1578.0;24;48;18;34;227;48;22;43;26
1584.0;26;47;17;30;229;49;23;44;25
1590.0;23;47;16;31;229;50;25;44;25
1596.0;24;48;19;32;230;50;24;43;20
1602.0;28;45;21;32;229;49;24;41;21
1608.0;30;43;23;31;231;47;22;40;23
1614.0;30;44;23;32;231;48;19;42;21
1620.0;32;44;20;31;230;49;20;42;22
1626.0;32;44;20;29;229;46;23;45;22
1632.0;33;44;19;31;229;43;21;46;24
1638.0;33;45;17;33;230;44;21;42;25
1644.0;34;42;20;36;229;47;18;41;23
1650.0;32;42;22;36;230;51;17;42;18
1656.0;32;41;22;32;230;48;19;46;20
1662.0;33;38;22;31;230;49;20;45;22
1668.0;34;38;19;27;228;50;23;47;24
1674.0;31;40;19;25;233;48;23;49;22
1680.0;27;40;20;24;238;47;26;45;23
1686.0;24;43;21;24;239;46;25;44;24
1692.0;24;43;21;26;238;47;26;41;24
1698.0;24;44;24;26;238;46;25;40;23
1704.0;23;47;21;26;238;46;25;43;21
1710.0;23;49;20;26;240;45;22;45;20
1716.0;24;51;21;24;239;44;27;43;17
1722.0;23;51;23;23;236;46;28;43;17
1728.0;22;54;21;25;237;44;27;44;16
1734.0;21;51;25;24;237;42;25;48;17
1740.0;25;52;27;24;234;42;23;45;18
1746.0;26;51;25;26;231;40;24;47;20
1752.0;25;50;24;25;230;41;24;50;21
1758.0;25;48;23;27;232;42;26;51;16
1764.0;25;48;24;28;231;41;26;49;18
1770.0;25;49;25;29;233;41;25;44;19
1776.0;21;48;23;32;236;44;23;42;21
1782.0;19;48;22;32;237;41;25;43;23
1788.0;19;47;21;35;235;39;26;44;24
1794.0;20;48;22;33;232;42;28;41;24
