#auto generated file!
12.0;67;45;38;56;41;48;39;50;46
18.0;62;45;35;54;48;49;41;46;50
24.0;60;52;35;53;50;50;42;46;42
30.0;61;54;36;54;52;53;34;46;40
36.0;61;54;33;56;57;55;32;40;42
42.0;58;54;35;52;60;58;32;37;44
48.0;57;57;30;53;60;60;29;38;46
54.0;55;54;29;52;68;56;28;44;44
60.0;52;52;28;53;71;56;28;49;41
66.0;46;62;24;56;70;54;31;49;38
72.0;45;61;25;58;71;55;31;50;34
78.0;42;63;25;60;71;56;31;48;34
84.0;40;64;30;64;72;53;25;48;34
90.0;40;60;30;64;73;55;25;49;34
96.0;36;59;31;65;77;56;25;47;34
102.0;28;58;33;67;81;56;23;50;34
108.0;26;55;35;64;82;57;26;51;34
114.0;28;52;32;65;83;60;25;50;35
120.0;26;51;33;63;83;61;25;51;37
126.0;27;53;34;62;84;62;23;50;35
132.0;26;51;30;64;87;62;23;51;36
138.0;27;50;32;63;90;63;20;51;34
144.0;24;50;33;65;91;62;22;52;31
150.0;23;52;31;65;91;58;25;53;32
156.0;17;53;34;64;92;61;27;52;30
162.0;18;55;30;61;95;62;26;53;30
168.0;18;56;29;59;97;61;25;54;31
174.0;20;49;30;62;102;63;21;52;31
180.0;22;51;31;61;102;62;19;52;30
186.0;27;54;28;62;104;59;18;53;25
192.0;24;55;26;65;103;58;21;55;23
198.0;24;51;24;65;107;59;20;57;23
204.0;25;51;23;63;112;57;20;53;26
210.0;29;50;24;62;115;51;21;54;24
216.0;28;49;26;65;118;49;19;51;25
222.0;25;52;27;66;121;48;18;49;24
228.0;24;50;28;66;120;46;17;52;27
234.0;21;50;33;64;123;46;17;50;26
240.0;25;53;30;65;126;43;16;47;25
246.0;25;54;30;61;127;42;18;48;25
252.0;28;53;30;61;131;43;14;45;25
258.0;25;52;28;58;132;46;18;45;26
264.0;27;51;27;59;134;48;14;45;25
270.0;28;54;28;56;134;46;15;44;25
276.0;28;54;22;59;133;50;16;43;25
282.0;28;60;21;54;131;49;20;44;23
288.0;27;61;19;54;131;50;21;45;22
294.0;26;63;20;50;133;50;21;47;20
300.0;27;59;23;49;129;46;25;51;21
306.0;24;58;21;44;134;48;27;53;21
312.0;23;55;20;43;134;50;30;52;23
318.0;17;56;26;42;135;50;30;50;24
324.0;23;54;22;42;136;54;28;48;23
330.0;21;53;24;44;139;52;28;48;21
336.0;24;53;23;41;141;52;26;49;21
342.0;26;57;20;37;142;51;24;52;21
348.0;30;59;21;35;145;46;22;51;21
354.0;27;62;19;32;149;42;26;52;21
360.0;26;61;18;33;150;44;28;52;18
366.0;22;65;17;32;149;45;31;50;19
372.0;22;59;17;32;151;47;34;51;17
378.0;21;61;17;36;152;46;31;48;18
384.0;22;57;19;35;150;47;29;51;20
390.0;23;55;18;36;149;50;32;49;18
396.0;20;50;17;40;148;53;31;53;18
402.0;22;51;19;39;149;49;31;51;19
408.0;24;52;18;37;150;49;30;53;17
414.0;27;49;17;36;152;51;30;52;16
420.0;23;48;19;37;150;56;30;50;17
426.0;23;48;21;35;149;54;29;53;18
432.0;24;45;22;37;153;48;31;50;20
438.0;25;47;18;36;154;52;30;49;19
444.0;23;48;19;34;158;55;27;49;17
450.0;25;45;20;32;160;54;29;48;17
456.0;24;44;17;32;160;54;28;51;20
462.0;24;45;17;30;156;57;25;50;26
468.0;22;43;17;29;158;56;28;52;25
474.0;22;47;17;31;158;55;28;49;23
480.0;22;47;21;31;160;53;25;49;22
486.0;21;50;23;32;160;54;24;49;17
492.0;23;48;21;34;159;53;26;47;19
498.0;22;46;20;40;161;54;26;45;16
504.0;23;45;22;37;161;51;25;48;18
510.0;23;46;23;37;161;50;24;47;19
516.0;24;47;22;34;162;51;23;47;20
522.0;23;48;23;37;161;52;22;46;18
528.0;27;47;22;31;159;52;26;46;20
534.0;22;49;23;32;161;50;25;46;22
540.0;23;49;26;32;161;52;21;42;24
546.0;24;51;23;32;161;51;21;41;26
552.0;24;51;24;31;161;49;21;43;26
558.0;24;46;27;33;161;48;25;43;23
564.0;25;44;28;34;159;49;26;43;22
570.0;23;48;25;36;157;49;24;44;24
576.0;26;46;23;34;159;46;21;46;29
582.0;26;48;25;36;161;43;19;44;28
588.0;26;51;29;34;161;45;18;39;27
594.0;28;49;28;35;162;47;16;39;26
600.0;25;49;31;32;167;48;15;38;25
606.0;27;46;28;29;168;53;17;39;23
612.0;26;47;27;29;168;55;18;40;20
618.0;29;51;27;26;171;54;17;39;16
624.0;28;51;28;29;170;51;16;38;19
630.0;27;50;24;28;171;54;18;40;18
636.0;25;44;27;28;173;54;22;40;17
642.0;23;46;25;29;172;53;25;39;18
648.0;19;46;25;31;175;54;25;38;17
654.0;20;44;23;32;175;53;23;39;21
660.0;22;44;23;32;174;51;25;37;22
666.0;23;44;22;31;180;47;24;36;23
672.0;21;46;21;32;182;46;21;38;23
678.0;21;47;20;32;181;48;21;39;21
684.0;21;48;21;33;181;48;21;38;19
690.0;22;50;21;34;178;47;20;39;19
696.0;22;44;20;35;178;49;19;40;23
702.0;22;44;18;37;178;48;22;40;21
708.0;19;45;19;36;177;50;21;44;19
714.0;19;41;18;36;175;49;22;49;21
720.0;21;40;18;36;175;50;20;49;21
726.0;20;38;18;37;178;52;21;47;19
732.0;22;36;21;38;178;50;22;44;19
738.0;25;34;20;37;180;49;26;41;18
744.0;26;35;20;42;179;48;25;37;18
750.0;26;37;19;39;181;47;26;37;18
756.0;24;40;21;38;183;46;26;35;17
762.0;21;44;20;37;188;47;24;33;16
768.0;25;38;18;38;187;48;26;35;15
774.0;25;36;17;36;189;50;25;33;19
780.0;24;38;19;35;186;50;23;34;21
786.0;22;40;18;38;186;53;21;34;18
792.0;23;37;19;38;187;54;18;36;18
798.0;23;37;21;36;185;53;17;40;18
804.0;22;36;22;33;187;53;17;44;16
810.0;23;37;22;33;185;52;17;43;18
816.0;23;39;22;33;187;49;18;42;17
822.0;21;39;22;32;188;50;17;46;15
828.0;22;38;24;34;185;51;17;48;11
834.0;23;35;22;34;189;52;16;45;14
840.0;23;36;23;37;184;51;18;45;13
846.0;24;36;23;40;185;46;16;45;15
852.0;22;37;22;37;187;45;15;48;17
858.0;22;36;23;40;184;44;16;48;17
864.0;22;38;24;43;182;43;21;40;17
870.0;21;37;22;43;182;44;22;41;18
876.0;24;37;24;43;183;44;18;41;16
882.0;24;36;24;41;185;43;17;42;18
888.0;22;38;26;38;182;41;18;45;20
894.0;20;42;25;36;183;40;16;42;26
900.0;18;43;22;35;187;40;15;43;27
906.0;18;43;25;34;187;37;15;43;28
912.0;19;41;22;35;188;35;19;41;30
918.0;17;45;20;36;189;35;18;43;27
924.0;20;42;18;33;193;32;20;42;30
930.0;22;41;18;33;193;32;21;42;28
936.0;21;38;21;30;192;32;23;42;31
942.0;21;33;21;29;193;33;24;42;34
948.0;21;36;18;32;187;32;26;45;33
954.0;21;35;16;33;190;35;25;44;31
960.0;19;36;16;34;188;35;25;45;32
966.0;20;35;16;35;187;39;23;45;30
972.0;23;33;16;34;187;40;23;45;29
978.0;22;33;16;31;186;40;27;44;31
984.0;21;32;20;31;185;42;22;45;32
990.0;24;31;24;28;185;40;25;45;28
996.0;23;32;23;29;183;40;25;45;30
1002.0;22;35;23;31;180;42;24;44;29
1008.0;17;36;23;30;186;40;24;45;29
1014.0;19;38;24;30;186;40;21;43;29
1020.0;16;37;24;31;188;43;22;41;28
1026.0;17;36;22;32;189;46;19;44;25
1032.0;18;40;21;32;191;45;20;40;23
1038.0;18;37;20;31;191;45;23;44;21
1044.0;16;38;16;32;191;49;25;44;19
1050.0;15;42;16;31;195;50;18;46;17
1056.0;18;40;17;29;195;48;17;52;14
1062.0;15;41;18;32;196;46;17;51;14
1068.0;15;40;20;34;198;46;16;51;10
1074.0;15;38;23;32;200;46;15;51;10
1080.0;16;36;23;35;203;42;15;50;10
1086.0;12;37;24;35;201;43;15;49;14
1092.0;12;38;27;35;200;42;16;47;13
1098.0;13;32;29;39;201;44;15;45;12
1104.0;14;31;29;39;199;41;16;49;12
1110.0;17;30;30;38;199;41;18;46;11
1116.0;20;28;27;38;198;40;19;44;16
1122.0;19;28;24;40;198;40;18;45;18
1128.0;18;27;24;40;199;41;17;46;18
1134.0;16;29;22;40;200;42;18;47;16
1140.0;17;31;20;38;197;44;19;45;19
1146.0;17;31;22;37;195;45;20;45;18
1152.0;16;30;23;39;198;42;21;44;17
1158.0;15;31;20;37;200;42;20;44;21
1164.0;16;31;20;37;200;41;19;45;21
1170.0;19;32;23;34;199;39;18;48;18
1176.0;19;35;24;32;196;37;18;51;18
1182.0;21;32;27;34;197;36;16;50;17
1188.0;20;35;29;33;197;36;15;46;19
1194.0;21;37;29;32;194;40;15;45;17
1200.0;19;41;29;34;193;39;14;40;21
1206.0;18;41;25;35;193;40;15;42;21
1212.0;16;44;26;35;196;43;17;37;16
1218.0;19;45;23;34;196;43;19;36;15
1224.0;23;46;25;30;194;44;20;35;13
1230.0;23;49;24;32;194;43;20;34;11
1236.0;23;50;26;33;195;41;19;31;12
1242.0;24;48;26;33;193;42;18;32;14
1248.0;25;48;24;33;196;40;18;33;13
1254.0;25;46;24;32;194;42;20;32;15
1260.0;23;49;22;32;192;44;21;31;16
1266.0;18;53;23;33;189;43;20;31;20
1272.0;18;50;27;34;190;43;20;29;19
1278.0;19;49;24;32;191;44;22;29;20
1284.0;18;48;26;33;188;43;24;27;23
1290.0;22;47;24;35;187;40;26;29;20
1296.0;21;46;21;36;191;42;25;30;18
1302.0;20;43;21;36;192;37;26;32;23
1308.0;19;42;23;38;190;39;26;33;20
1314.0;18;42;27;38;190;40;22;35;18
1320.0;19;42;28;35;189;41;22;35;19
1326.0;19;45;28;36;189;43;19;33;18
1332.0;17;45;26;36;188;46;21;31;20
1338.0;21;41;29;38;189;41;21;30;20
1344.0;20;41;28;37;189;41;21;31;22
1350.0;21;39;24;39;189;42;17;38;21
1356.0;21;39;22;37;190;46;17;38;20
1362.0;20;38;23;38;188;44;18;40;21
1368.0;19;37;22;42;189;43;21;35;22
1374.0;17;36;18;42;192;45;19;35;26
1380.0;18;37;18;43;191;47;16;33;27
1386.0;18;36;16;45;190;50;17;32;26
1392.0;18;38;17;44;190;50;16;34;23
1398.0;19;34;18;41;191;50;17;39;21
1404.0;22;34;17;38;192;52;16;39;20
1410.0;22;33;17;37;192;54;15;38;22
1416.0;20;31;19;40;190;59;12;40;19
1422.0;22;30;17;41;193;55;11;39;22
1428.0;22;30;17;43;192;56;10;40;20
1434.0;20;33;18;43;189;55;12;41;19
1440.0;24;32;18;43;188;54;14;39;18
1446.0;22;30;20;39;189;54;15;42;19
1452.0;23;32;22;36;188;52;20;40;17
1458.0;21;33;21;34;185;52;19;43;22
1464.0;21;31;24;35;186;49;20;41;23
1470.0;21;30;24;35;184;48;21;42;25
1476.0;26;29;26;36;186;47;19;38;23
1482.0;25;30;25;33;188;50;20;35;24
1488.0;27;28;27;31;187;49;25;33;23
1494.0;26;25;26;35;187;49;26;31;25
1500.0;20;24;28;37;188;50;26;29;28
1506.0;22;23;25;38;189;49;26;28;30
1512.0;20;24;23;38;194;49;23;30;29
1518.0;19;23;24;36;195;53;24;29;27
1524.0;21;24;25;34;192;55;24;29;26
1530.0;23;22;26;34;190;55;25;28;27
1536.0;20;23;24;39;191;56;22;27;28
1542.0;22;26;21;38;191;54;21;26;31
1548.0;23;28;22;35;191;54;20;28;29
1554.0;22;28;22;37;190;54;23;27;27
1560.0;22;27;21;38;194;52;24;26;26
1566.0;26;27;20;43;190;50;25;29;20
1572.0;23;31;22;44;190;45;28;28;19
1578.0;21;31;21;45;189;45;29;27;22
1584.0;17;31;26;46;190;45;26;27;22
1590.0;17;29;27;46;190;46;26;27;22
1596.0;15;31;26;50;191;46;21;29;21
1602.0;16;30;25;51;190;45;23;28;22
1608.0;13;30;25;52;190;45;20;30;25
1614.0;16;30;23;51;191;42;20;33;24
1620.0;19;31;23;48;193;41;20;32;23
1626.0;19;32;20;45;192;42;21;35;24
1632.0;19;30;16;46;192;43;20;37;27
1638.0;19;30;15;47;190;44;21;38;26
1644.0;21;30;16;46;188;42;22;37;28
1650.0;23;30;16;43;186;43;19;41;29
1656.0;22;33;16;45;186;46;17;37;28
1662.0;22;33;14;44;186;48;16;38;29
1668.0;24;32;15;48;185;43;15;38;30
1674.0;27;30;17;49;186;40;14;38;29
1680.0;22;31;18;49;189;38;17;39;27
1686.0;21;32;16;50;191;37;20;38;25
1692.0;20;32;16;52;193;37;20;36;24
1698.0;23;29;17;51;196;36;20;35;23
1704.0;25;27;18;45;200;33;22;37;23
1710.0;29;27;18;44;200;31;21;39;21
1716.0;28;26;21;45;198;31;23;36;22
1722.0;28;27;24;42;200;29;23;35;22
1728.0;26;27;24;45;203;29;18;38;20
1734.0;25;30;22;44;206;30;17;37;19
1740.0;21;30;23;44;207;29;17;40;19
1746.0;22;30;25;45;204;30;21;35;18
1752.0;22;32;23;43;205;31;23;35;16
1758.0;23;35;22;43;203;33;22;35;14
1764.0;23;35;23;41;203;33;22;36;14
1770.0;22;37;25;41;203;32;18;35;17
1776.0;24;38;24;38;202;31;21;35;17
1782.0;24;37;26;32;205;34;18;36;18
1788.0;19;43;26;30;202;37;16;38;19
1794.0;20;42;30;27;202;36;15;38;20
