#auto generated file!
12.0;55;43;51;52;43;51;40;52;43
18.0;52;41;51;53;47;53;36;53;44
24.0;50;42;50;51;47;55;35;56;44
30.0;42;43;44;54;50;53;38;61;45
36.0;42;41;44;54;58;51;36;62;42
42.0;41;40;44;58;60;51;34;63;39
48.0;41;42;46;55;61;59;31;56;39
54.0;38;41;46;52;64;64;30;58;37
60.0;38;38;38;53;72;59;28;63;41
66.0;41;38;36;54;74;58;28;62;39
72.0;39;36;35;53;79;60;28;62;38
78.0;35;40;34;56;80;62;29;60;34
84.0;38;40;33;54;80;59;24;66;36
90.0;37;41;32;55;80;63;22;65;35
96.0;33;38;35;58;81;64;25;64;32
102.0;36;38;30;58;83;64;26;63;32
108.0;34;42;34;57;85;61;23;64;30
114.0;35;43;36;54;85;62;24;63;28
120.0;39;43;36;54;88;55;23;65;27
126.0;34;45;38;52;88;54;26;65;28
132.0;31;45;35;55;88;56;25;67;28
138.0;30;49;33;55;92;55;25;64;27
144.0;27;51;28;57;97;52;27;66;25
150.0;26;50;27;62;97;55;28;61;24
156.0;27;51;26;60;99;53;27;65;22
162.0;26;49;24;64;99;53;26;65;24
168.0;24;48;26;67;97;57;21;63;27
174.0;27;49;27;69;96;55;20;62;25
180.0;26;49;30;66;97;54;21;63;24
186.0;26;51;28;64;100;58;18;59;26
192.0;26;55;29;63;100;59;22;52;24
198.0;29;56;24;63;100;56;20;53;29
204.0;24;53;27;59;102;56;23;55;31
210.0;24;53;26;57;104;57;24;52;33
216.0;22;52;26;58;104;59;24;50;35
222.0;22;52;24;56;104;61;25;49;37
228.0;24;52;24;54;103;63;27;48;35
234.0;24;51;26;55;104;62;23;46;39
240.0;24;51;27;56;104;63;27;40;38
246.0;27;50;26;55;106;63;27;37;39
252.0;25;49;26;56;107;60;29;39;39
258.0;25;49;21;56;112;57;29;40;41
264.0;25;47;21;56;116;55;28;39;43
270.0;28;46;24;58;114;56;28;39;37
276.0;32;44;22;57;119;54;25;41;36
282.0;29;45;20;58;122;56;25;41;34
288.0;27;45;22;55;123;56;26;41;35
294.0;23;48;22;56;124;55;26;42;34
300.0;27;49;23;51;123;55;25;43;34
306.0;28;48;28;53;123;53;24;42;31
312.0;26;47;29;47;129;52;28;45;27
318.0;25;48;33;47;128;52;28;43;26
324.0;27;49;33;44;130;51;29;43;24
330.0;27;47;30;41;132;53;31;45;24
336.0;25;46;29;41;136;54;30;48;21
342.0;25;48;31;41;135;55;26;49;20
348.0;26;43;30;48;134;55;24;49;21
354.0;24;48;35;50;133;50;23;49;18
360.0;24;44;36;52;133;51;19;51;20
366.0;24;45;36;52;135;46;21;54;17
372.0;27;46;34;49;135;47;22;53;17
378.0;25;44;32;52;139;49;19;52;18
384.0;23;46;34;53;140;49;17;52;16
390.0;24;45;33;53;141;49;15;53;17
396.0;24;43;29;56;144;49;17;54;14
402.0;21;46;26;60;147;49;14;52;15
408.0;26;46;21;58;146;50;14;53;16
414.0;27;44;21;56;149;47;13;54;19
420.0;24;46;20;56;151;49;14;49;21
426.0;22;45;23;52;151;49;15;51;22
432.0;22;50;22;51;148;48;17;49;23
438.0;23;47;21;49;149;48;17;52;24
444.0;26;45;21;52;149;48;16;49;24
450.0;27;45;21;49;148;50;17;47;26
456.0;28;42;18;49;150;51;20;45;27
462.0;28;44;15;51;151;50;20;42;29
468.0;26;45;19;53;150;49;19;41;28
474.0;24;49;20;54;150;48;21;39;25
480.0;20;51;19;52;153;49;21;41;24
486.0;20;50;20;50;154;51;23;40;22
492.0;20;50;22;47;155;51;23;37;25
498.0;20;53;19;46;157;48;25;36;26
504.0;18;53;16;45;162;45;28;36;27
510.0;17;50;16;43;163;45;31;37;28
516.0;15;51;20;41;166;45;30;35;27
522.0;17;55;21;40;162;46;27;37;25
528.0;19;53;20;41;162;46;25;37;27
534.0;19;50;21;40;164;45;29;37;25
540.0;19;56;17;41;162;46;29;38;22
546.0;19;59;14;41;164;43;33;36;21
552.0;17;56;17;43;158;47;32;37;23
558.0;15;56;19;43;157;47;33;36;24
564.0;16;55;21;44;157;49;29;39;20
570.0;15;55;22;44;156;51;31;38;18
576.0;17;54;20;47;158;46;31;36;21
582.0;20;54;22;46;158;45;28;36;21
588.0;22;52;20;46;159;46;27;39;19
594.0;23;50;21;47;161;41;28;39;20
600.0;21;49;22;46;163;39;30;39;21
606.0;22;50;22;44;162;40;33;40;17
612.0;24;48;26;45;163;39;32;36;17
618.0;21;51;27;48;160;39;31;34;19
624.0;22;52;24;49;161;41;27;34;20
630.0;23;48;23;46;165;44;28;33;20
636.0;22;48;24;46;165;41;29;36;19
642.0;21;48;25;46;162;42;30;35;21
648.0;20;45;23;48;165;43;31;34;21
654.0;15;45;24;47;169;39;32;36;23
660.0;16;42;25;50;169;41;30;33;24
666.0;19;42;21;47;169;41;33;32;26
672.0;17;43;19;48;169;42;35;34;23
678.0;15;42;20;48;168;41;36;38;22
684.0;18;42;20;49;165;42;34;38;22
690.0;16;47;20;48;167;45;27;38;22
696.0;14;48;22;48;165;45;26;38;24
702.0;14;47;26;46;166;43;26;39;23
708.0;16;48;26;42;167;44;26;41;20
714.0;17;50;22;41;168;46;27;40;19
720.0;19;49;23;42;166;44;25;43;19
726.0;19;51;22;43;167;40;23;44;21
732.0;17;48;24;41;168;42;24;45;21
738.0;17;51;22;38;169;40;26;46;21
744.0;16;52;19;43;172;39;23;47;19
750.0;16;51;20;45;173;39;22;48;16
756.0;16;51;22;47;173;40;16;47;18
762.0;14;48;21;50;174;43;19;43;18
768.0;15;44;20;49;175;43;20;46;18
774.0;15;47;19;49;174;42;20;44;20
780.0;18;44;20;50;175;39;18;45;21
786.0;20;42;20;48;173;34;22;48;23
792.0;20;44;16;48;175;32;25;46;24
798.0;22;43;14;44;179;34;24;46;24
804.0;22;44;14;43;180;33;24;45;25
810.0;20;47;15;42;180;35;23;46;22
816.0;17;47;16;44;180;37;22;45;22
822.0;16;48;14;46;181;38;21;43;23
828.0;16;48;19;43;181;37;21;43;22
834.0;17;48;18;41;183;36;21;43;23
840.0;17;47;20;39;182;40;20;44;21
846.0;17;47;21;39;182;39;20;42;23
852.0;16;47;19;38;182;41;19;47;21
858.0;16;47;20;37;183;42;18;45;22
864.0;18;46;21;37;183;42;16;44;23
870.0;21;44;22;39;180;41;13;47;23
876.0;22;44;24;38;177;45;12;46;22
882.0;21;46;23;38;179;44;14;47;18
888.0;21;46;24;38;180;39;15;44;23
894.0;19;46;24;39;181;40;15;44;22
900.0;20;45;17;42;183;42;15;43;23
906.0;22;43;20;43;182;42;12;45;21
912.0;23;44;18;42;183;44;11;45;20
918.0;25;42;17;42;185;44;11;44;20
924.0;27;41;18;41;184;43;11;45;20
930.0;30;40;19;42;181;41;13;44;20
936.0;31;40;17;45;183;38;12;43;21
942.0;28;42;18;44;183;38;12;40;25
948.0;27;40;19;42;182;39;15;44;22
954.0;24;38;20;46;183;38;15;45;21
960.0;24;36;21;45;185;36;14;48;21
966.0;24;37;23;45;186;33;10;48;24
972.0;26;36;20;45;189;34;11;48;21
978.0;23;33;20;46;188;33;14;49;24
984.0;23;33;20;43;190;35;17;47;22
990.0;25;33;20;45;188;36;14;48;21
996.0;24;35;19;45;189;39;13;47;19
1002.0;23;36;20;46;189;39;12;45;20
1008.0;21;39;18;45;190;38;11;49;19
1014.0;21;42;18;41;189;32;15;51;21
1020.0;19;41;16;41;190;33;17;53;20
1026.0;15;40;16;43;190;35;17;53;21
1032.0;15;40;14;42;191;32;18;55;23
1038.0;12;40;14;44;187;31;21;58;23
1044.0;13;38;17;45;187;30;20;56;24
1050.0;13;37;21;43;184;31;24;54;23
1056.0;12;37;21;45;184;33;20;57;21
1062.0;17;38;18;44;184;33;23;56;17
1068.0;16;39;19;43;182;33;24;56;18
1074.0;15;37;19;43;185;32;26;55;18
1080.0;16;36;13;43;185;33;28;56;20
1086.0;15;36;12;43;187;33;27;55;22
1092.0;18;36;15;42;190;31;23;52;23
1098.0;21;35;17;41;188;31;26;49;22
1104.0;22;36;17;42;189;30;27;45;22
1110.0;23;33;19;42;191;31;28;44;19
1116.0;24;33;19;45;189;36;24;43;17
1122.0;22;36;17;45;186;40;25;41;18
1128.0;24;38;19;41;189;37;25;38;19
1134.0;24;35;21;44;185;37;27;39;18
1140.0;23;34;23;43;186;36;25;41;19
1146.0;23;33;23;43;186;36;25;42;19
1152.0;23;32;24;46;185;36;26;41;17
1158.0;19;34;23;41;185;40;24;45;19
1164.0;18;34;25;43;184;41;23;44;18
1170.0;16;33;25;44;187;40;21;46;18
1176.0;16;33;23;44;188;37;19;48;22
1182.0;17;31;23;42;191;36;19;49;22
1188.0;17;31;21;42;190;38;19;50;22
1194.0;20;31;24;44;186;37;21;48;19
1200.0;19;29;23;44;185;38;23;51;18
1206.0;21;33;21;41;184;37;29;46;18
1212.0;21;35;21;41;183;38;32;45;14
1218.0;19;34;22;41;185;38;31;44;16
1224.0;23;36;24;41;184;37;30;38;17
1230.0;25;38;25;42;184;35;22;39;20
1236.0;24;37;25;38;186;34;25;39;22
1242.0;23;37;26;37;189;32;27;37;22
1248.0;23;33;27;38;188;32;25;38;26
1254.0;22;32;28;39;191;33;25;37;23
1260.0;23;33;29;34;192;35;24;37;23
1266.0;25;32;31;30;193;35;19;38;27
1272.0;23;33;29;32;195;33;23;35;27
1278.0;21;36;30;32;197;35;21;32;26
1284.0;25;35;26;35;196;35;21;33;24
1290.0;25;37;26;35;199;35;20;33;20
1296.0;26;39;28;31;198;37;20;32;19
1302.0;23;38;25;30;200;38;24;33;19
1308.0;24;40;23;33;198;37;25;31;19
1314.0;22;41;17;36;198;37;26;34;19
1320.0;19;41;15;35;204;40;26;32;18
1326.0;19;45;16;34;203;39;26;29;19
1332.0;17;45;15;37;201;38;24;34;19
1338.0;16;46;14;38;205;36;28;31;16
1344.0;17;46;9;42;205;36;25;34;16
1350.0;17;46;9;42;205;35;25;31;20
1356.0;18;45;10;41;204;38;25;30;19
1362.0;22;43;11;42;201;39;23;32;17
1368.0;22;43;12;40;205;41;20;30;17
1374.0;21;42;16;38;203;44;22;30;14
1380.0;21;44;13;38;203;43;25;30;13
1386.0;22;44;15;35;202;43;25;31;13
1392.0;22;46;16;33;200;44;24;31;14
1398.0;21;45;18;35;199;44;24;31;13
1404.0;20;47;21;34;195;45;26;30;12
1410.0;20;46;22;34;196;42;23;32;15
1416.0;18;46;22;35;198;39;24;32;16
1422.0;19;48;23;35;199;36;22;30;18
1428.0;19;49;20;37;197;38;22;31;17
1434.0;17;53;20;34;195;35;23;32;21
1440.0;18;51;20;30;195;34;25;34;23
1446.0;18;48;18;31;196;35;27;34;23
1452.0;16;46;21;30;198;37;23;36;23
1458.0;16;45;21;28;196;35;29;37;23
1464.0;14;46;22;27;195;36;29;40;21
1470.0;17;44;21;29;196;32;29;41;21
1476.0;16;44;21;29;193;31;29;43;24
1482.0;17;41;22;29;194;30;30;46;21
1488.0;18;44;19;29;195;30;28;44;23
1494.0;17;44;19;30;199;32;25;40;24
1500.0;16;44;18;32;201;33;23;37;26
1506.0;13;43;17;31;200;35;24;39;28
1512.0;12;42;18;35;201;36;22;37;27
1518.0;13;45;21;34;198;34;26;37;22
1524.0;15;45;21;36;198;33;25;37;20
1530.0;16;44;22;35;200;35;25;38;15
1536.0;16;43;23;36;198;37;24;38;15
1542.0;17;40;21;36;199;37;23;39;18
1548.0;20;40;20;37;196;38;24;38;17
1554.0;20;42;19;38;195;38;20;39;19
1560.0;20;40;19;40;191;42;18;41;19
1566.0;19;44;15;40;189;45;20;43;15
1572.0;23;44;13;38;191;43;17;46;15
1578.0;24;41;13;40;192;44;16;45;15
1584.0;21;40;13;39;193;41;18;49;16
1590.0;19;40;15;41;193;40;16;47;19
1596.0;20;41;14;40;192;42;17;47;17
1602.0;18;39;17;37;193;43;21;45;17
1608.0;20;38;16;40;191;44;19;46;16
1614.0;17;38;14;39;192;42;21;48;19
1620.0;17;39;13;40;193;39;19;51;19
1626.0;16;36;15;41;190;41;21;50;20
1632.0;17;36;17;42;191;40;19;50;18
1638.0;16;36;17;45;190;42;19;49;16
1644.0;17;34;19;46;190;41;18;48;17
1650.0;17;33;19;46;191;42;17;49;16
1656.0;15;34;17;43;193;42;18;50;18
1662.0;17;36;17;44;190;42;17;51;16
1668.0;16;36;17;42;189;43;17;53;17
1674.0;14;37;20;38;189;47;17;50;18
1680.0;15;39;19;36;188;46;18;50;19
1686.0;15;39;19;37;187;45;17;55;16
1692.0;18;39;18;37;185;45;18;55;15
1698.0;20;36;17;31;189;44;24;55;14
1704.0;19;32;17;31;190;45;25;55;16
1710.0;22;32;19;32;190;41;24;54;16
1716.0;20;32;18;32;189;43;22;56;18
1722.0;21;31;19;33;191;43;20;55;17
1728.0;19;31;18;33;193;44;22;54;16
1734.0;19;32;19;34;193;43;17;56;17
1740.0;23;32;19;35;190;43;16;55;17
1746.0;22;32;17;35;193;44;17;53;17
1752.0;23;32;20;33;194;44;15;52;17
1758.0;25;34;20;32;193;43;15;53;15
1764.0;25;35;20;32;195;43;13;51;16
1770.0;25;36;21;30;196;42;15;49;16
1776.0;23;35;24;30;198;42;14;45;19
1782.0;21;35;26;34;196;40;12;48;18
1788.0;25;36;26;34;195;36;15;47;16
1794.0;25;37;21;35;196;39;16;47;14
