#auto generated file!
12.0;46;33;41;32;54;43;47;50;44
18.0;47;32;36;37;56;44;44;49;45
24.0;47;35;34;38;59;45;43;46;43
30.0;47;40;34;37;59;42;45;43;43
36.0;48;40;37;41;59;41;39;42;43
42.0;47;40;35;41;62;46;37;42;40
48.0;46;42;33;43;65;43;34;45;39
54.0;42;44;32;45;65;41;33;46;42
60.0;38;40;35;45;68;43;33;46;42
66.0;37;46;34;43;66;44;33;45;42
72.0;40;50;35;40;66;43;34;42;40
78.0;38;52;33;42;65;46;34;44;36
84.0;39;52;32;42;66;46;36;43;34
90.0;40;55;31;44;67;48;33;36;36
96.0;36;57;30;47;72;41;34;40;33
102.0;31;56;30;45;74;46;34;39;35
108.0;31;55;30;46;76;46;34;39;33
114.0;30;56;28;46;80;46;35;38;31
120.0;32;55;28;48;81;44;35;40;27
126.0;28;56;31;49;81;45;31;42;27
132.0;26;54;31;49;84;44;31;46;25
138.0;28;52;33;48;86;45;27;46;25
144.0;27;52;30;49;88;48;26;45;25
150.0;26;52;30;50;87;50;29;44;22
156.0;28;53;29;49;93;48;28;43;19
162.0;28;52;29;51;94;48;26;45;17
168.0;26;48;28;49;95;52;28;49;15
174.0;25;44;31;51;98;50;28;48;15
180.0;25;47;28;51;99;50;27;47;16
186.0;21;47;28;51;97;52;26;48;20
192.0;16;47;28;49;102;55;27;46;20
198.0;17;45;29;49;103;55;29;44;19
204.0;19;44;26;49;105;56;30;43;18
210.0;20;40;25;47;105;60;30;44;19
216.0;18;43;23;48;106;59;28;41;24
222.0;17;42;26;50;103;59;28;42;23
228.0;15;43;26;52;108;54;29;42;21
234.0;15;44;21;54;113;52;28;41;22
240.0;15;43;23;55;116;50;28;39;21
246.0;16;40;21;57;119;53;27;37;20
252.0;16;41;23;56;118;53;24;36;23
258.0;18;41;22;54;120;54;23;36;22
264.0;19;41;20;53;122;55;26;34;20
270.0;24;42;22;53;122;54;23;32;18
276.0;24;39;25;53;124;52;21;33;19
282.0;23;40;23;50;126;49;25;35;19
288.0;20;39;22;47;129;51;27;34;21
294.0;20;40;21;49;129;51;24;36;20
300.0;18;41;20;47;128;57;24;34;21
306.0;17;43;20;49;128;58;22;33;20
312.0;20;43;20;45;126;57;25;34;20
318.0;21;44;20;42;128;56;24;37;18
324.0;22;45;19;41;128;53;25;40;17
330.0;19;43;18;42;130;53;29;41;15
336.0;20;43;20;43;130;50;26;42;16
342.0;21;43;20;45;131;48;23;43;16
348.0;26;43;19;45;133;46;20;40;18
354.0;27;44;17;43;135;46;21;41;16
360.0;27;47;17;41;137;46;21;39;15
366.0;25;49;13;37;139;51;24;35;17
372.0;24;51;14;38;137;49;22;38;17
378.0;26;49;15;37;140;46;24;37;16
384.0;26;53;17;35;139;45;22;38;15
390.0;24;46;18;39;140;44;24;42;13
396.0;22;46;17;38;138;45;28;44;12
402.0;23;45;18;37;139;45;27;44;12
408.0;23;41;17;39;139;46;27;42;16
414.0;23;42;17;37;139;43;28;42;19
420.0;23;41;16;38;144;41;28;40;19
426.0;22;41;14;42;141;41;28;42;19
432.0;20;40;14;42;139;42;28;44;21
438.0;22;36;16;43;138;44;30;43;18
444.0;24;32;16;46;138;45;27;44;18
450.0;25;34;15;47;139;46;24;43;17
456.0;24;35;16;48;141;44;23;42;17
462.0;24;36;19;48;141;39;24;41;18
468.0;23;37;18;49;144;37;21;45;16
474.0;23;37;19;48;146;36;22;44;15
480.0;25;38;16;51;145;35;22;44;14
486.0;21;37;18;53;145;36;21;43;16
492.0;21;35;20;54;146;35;20;42;17
498.0;18;36;21;55;145;38;20;40;17
504.0;20;36;25;51;144;39;19;41;15
510.0;17;34;25;53;143;39;18;43;18
516.0;16;34;22;55;140;39;17;44;23
522.0;18;34;23;54;140;36;20;42;23
528.0;21;33;22;51;139;34;21;45;24
534.0;19;32;21;49;141;37;22;43;26
540.0;16;31;21;51;143;36;26;41;25
546.0;20;31;21;51;141;38;26;41;21
552.0;22;31;19;51;143;37;25;45;17
558.0;21;31;20;52;144;36;25;44;17
564.0;20;34;18;51;143;37;26;45;16
570.0;16;35;18;49;145;40;22;48;17
576.0;17;34;18;49;145;40;23;48;16
582.0;19;37;17;52;143;40;21;46;15
588.0;17;40;16;55;148;35;16;47;16
594.0;16;39;16;53;148;35;18;48;17
600.0;17;40;15;52;150;34;19;48;15
606.0;20;41;14;49;148;37;17;49;15
612.0;20;39;12;48;150;37;21;45;18
618.0;17;37;13;48;152;35;20;45;23
624.0;16;41;12;44;155;36;20;44;22
630.0;15;40;12;45;155;34;22;44;23
636.0;14;38;13;42;155;33;23;48;24
642.0;13;37;15;40;156;32;24;48;25
648.0;13;37;15;42;155;32;27;47;22
654.0;16;39;12;42;157;30;26;48;20
660.0;20;41;11;42;156;28;27;47;18
666.0;17;43;13;41;154;27;28;48;19
672.0;12;43;12;40;158;27;28;48;22
678.0;14;42;14;42;156;26;26;49;21
684.0;13;42;14;46;154;26;27;47;21
690.0;12;45;15;47;153;27;28;43;20
696.0;13;46;14;47;155;26;26;41;22
702.0;12;46;13;48;157;26;25;42;21
708.0;14;44;13;48;159;24;26;42;20
714.0;15;45;11;48;160;25;27;40;19
720.0;14;45;12;47;160;26;25;43;18
726.0;11;41;12;51;163;27;27;41;17
732.0;11;40;14;51;165;26;27;39;17
738.0;11;38;14;47;170;26;26;38;20
744.0;9;40;15;47;170;27;24;39;19
750.0;9;40;14;43;170;31;25;38;20
756.0;9;36;15;45;171;34;22;38;20
762.0;11;36;14;43;172;33;23;38;20
768.0;14;36;15;42;170;32;28;33;20
774.0;15;34;16;42;170;34;27;32;20
780.0;14;36;17;41;172;33;25;33;19
786.0;16;36;20;40;173;31;23;35;16
792.0;16;37;23;37;171;31;24;38;13
798.0;18;38;21;36;172;30;24;40;11
804.0;19;39;19;38;172;32;22;37;12
810.0;16;39;20;40;172;34;22;35;12
816.0;19;39;17;43;170;32;21;38;11
822.0;21;40;16;41;169;33;23;37;10
828.0;22;41;14;43;168;33;21;38;10
834.0;22;40;15;43;170;35;18;36;11
840.0;22;43;17;42;166;34;23;33;10
846.0;22;41;20;39;167;39;21;31;10
852.0;22;42;23;41;162;42;21;28;9
858.0;22;41;24;45;161;41;20;28;8
864.0;20;41;26;41;163;38;24;27;10
870.0;17;42;28;41;160;40;22;31;9
876.0;19;42;30;38;157;40;21;33;10
882.0;16;42;29;40;156;43;19;34;11
888.0;16;41;31;40;155;44;19;35;9
894.0;15;41;31;39;155;45;18;35;11
900.0;14;40;31;39;158;39;18;36;15
906.0;19;44;29;41;155;39;18;34;11
912.0;18;43;31;41;156;39;15;37;10
918.0;19;42;31;42;158;41;13;35;9
924.0;20;42;31;43;159;39;11;35;10
930.0;19;43;28;39;160;41;13;39;8
936.0;20;45;26;37;160;43;12;38;9
942.0;23;46;22;35;161;45;10;37;11
948.0;25;43;24;36;158;44;10;36;14
954.0;26;43;26;36;159;40;11;35;14
960.0;26;44;28;35;158;40;11;33;15
966.0;27;43;27;35;159;43;10;31;15
972.0;26;43;27;34;161;42;8;32;17
978.0;23;46;24;33;160;41;10;34;19
984.0;19;48;25;36;160;41;12;35;14
990.0;17;45;24;36;164;42;16;35;11
996.0;18;45;23;36;164;41;16;36;11
1002.0;18;44;23;35;164;37;16;39;14
1008.0;18;44;20;35;164;36;17;42;14
1014.0;20;45;18;36;164;32;20;40;15
1020.0;21;44;18;37;165;27;20;43;15
1026.0;27;41;19;34;165;25;17;44;18
1032.0;28;44;16;33;165;27;17;42;18
1038.0;28;42;13;35;165;26;18;43;20
1044.0;28;42;13;35;168;28;17;41;18
1050.0;26;44;16;33;168;28;21;38;16
1056.0;25;43;17;32;167;30;23;38;15
1062.0;22;47;16;34;167;27;25;37;15
1068.0;25;43;15;35;167;29;26;38;12
1074.0;21;46;17;34;166;30;27;35;14
1080.0;22;46;19;38;164;31;23;35;12
1086.0;19;48;22;39;164;28;24;34;12
1092.0;19;49;18;39;165;30;21;36;13
1098.0;17;48;17;39;163;32;20;37;17
1104.0;18;48;17;40;162;32;20;36;17
1110.0;20;47;20;40;163;31;17;35;17
1116.0;18;43;21;42;167;34;17;35;13
1122.0;19;42;18;42;169;37;15;36;12
1128.0;22;42;18;40;171;37;12;36;12
1134.0;21;41;19;42;168;38;13;35;13
1140.0;18;40;21;41;167;35;16;38;14
1146.0;18;40;23;40;166;36;18;36;13
1152.0;19;41;20;40;165;35;17;39;14
1158.0;18;40;20;39;166;35;17;42;13
1164.0;19;39;19;39;167;34;15;43;15
1170.0;19;38;20;37;168;33;16;41;18
1176.0;20;36;22;35;167;33;14;44;19
1182.0;19;39;22;33;167;34;15;44;17
1188.0;17;41;23;32;165;34;13;46;19
1194.0;17;40;23;35;163;35;15;42;20
1200.0;14;38;23;35;161;36;18;43;22
1206.0;16;38;25;33;160;37;19;41;21
1212.0;15;39;24;34;161;40;19;38;20
1218.0;17;38;25;35;162;37;19;37;20
1224.0;19;40;23;35;163;36;17;36;21
1230.0;18;41;25;34;165;36;19;32;20
1236.0;18;44;27;36;163;36;18;30;18
1242.0;19;41;28;38;162;36;14;30;22
1248.0;18;39;29;40;162;35;15;30;22
1254.0;17;38;30;40;162;34;16;31;22
1260.0;16;40;31;37;165;32;16;30;23
1266.0;15;37;32;40;167;29;15;31;24
1272.0;16;36;27;42;170;29;17;32;21
1278.0;19;35;28;43;164;32;19;28;22
1284.0;19;35;28;43;164;34;16;32;19
1290.0;23;32;29;42;166;35;15;33;15
1296.0;25;31;25;39;165;40;16;34;15
1302.0;22;34;21;36;170;42;16;32;17
1308.0;21;34;21;37;173;42;14;30;18
1314.0;21;35;21;38;173;41;13;31;17
1320.0;20;33;22;40;172;40;13;35;15
1326.0;19;32;21;41;176;37;14;33;17
1332.0;17;32;23;42;174;39;14;32;17
1338.0;18;30;22;44;176;37;13;33;17
1344.0;18;31;23;43;176;38;14;32;15
1350.0;17;31;22;43;175;42;18;30;12
1356.0;16;31;23;40;175;39;15;36;15
1362.0;21;28;24;36;173;43;16;35;14
1368.0;15;26;25;35;175;45;19;37;13
1374.0;17;25;22;37;175;44;17;39;14
1380.0;14;27;21;38;175;46;15;39;15
1386.0;16;27;20;38;175;47;15;37;15
1392.0;15;26;19;38;176;46;16;38;16
1398.0;14;27;20;39;176;45;15;38;16
1404.0;10;25;20;40;177;47;17;36;18
1410.0;10;29;20;39;175;43;17;37;20
1416.0;11;29;17;37;177;42;18;38;21
1422.0;8;31;18;37;177;40;19;38;22
1428.0;10;30;15;39;177;42;20;38;19
1434.0;11;28;13;39;180;43;20;37;19
1440.0;11;27;14;39;184;43;19;35;18
1446.0;7;28;16;39;183;46;17;34;20
1452.0;6;29;18;39;181;46;17;35;19
1458.0;7;28;21;37;181;46;19;34;17
1464.0;11;27;18;37;181;42;21;36;17
1470.0;10;25;21;37;185;41;21;36;14
1476.0;11;25;20;37;185;43;20;38;11
1482.0;10;28;21;37;187;42;18;36;11
1488.0;12;28;20;33;189;40;20;36;12
1494.0;13;29;19;33;191;38;19;37;11
1500.0;14;25;21;29;194;39;19;36;13
1506.0;13;26;23;30;191;41;18;36;12
1512.0;15;24;22;32;190;41;17;36;13
1518.0;16;22;23;30;194;39;16;37;13
1524.0;14;22;24;29;194;38;18;35;16
1530.0;11;23;22;30;195;38;18;34;19
1536.0;12;24;20;31;195;37;16;36;19
1542.0;10;24;19;28;196;39;18;36;20
1548.0;13;24;19;31;191;35;19;36;22
1554.0;14;24;18;32;191;33;18;39;21
1560.0;14;24;18;33;191;34;17;38;21
1566.0;17;24;18;32;191;33;18;38;19
1572.0;16;29;16;33;193;32;13;38;20
1578.0;19;32;16;32;188;32;13;39;19
1584.0;19;32;15;31;185;34;14;40;20
1590.0;19;31;14;27;187;32;14;43;23
1596.0;21;33;14;26;189;33;15;40;19
1602.0;20;36;12;26;191;34;12;41;18
1608.0;16;37;13;25;190;35;12;46;16
1614.0;18;38;13;25;190;33;10;48;15
1620.0;15;40;13;25;187;32;10;50;18
1626.0;14;35;14;26;185;34;10;51;21
1632.0;13;37;15;26;184;35;11;51;18
1638.0;14;36;17;25;186;35;16;44;17
1644.0;15;37;15;23;185;39;16;45;15
1650.0;17;36;15;26;184;38;16;45;13
1656.0;14;34;14;29;186;38;19;44;12
1662.0;11;32;15;32;190;37;16;43;14
1668.0;12;31;17;32;189;37;17;43;12
1674.0;16;31;17;32;190;37;17;40;10
1680.0;16;32;14;30;190;36;17;42;13
1686.0;15;32;15;30;190;35;18;42;13
1692.0;16;33;14;30;190;35;19;40;13
1698.0;16;28;15;30;190;37;19;40;15
1704.0;18;26;18;29;189;36;17;42;15
1710.0;18;26;13;32;189;37;16;41;18
1716.0;17;26;14;29;189;37;20;40;18
1722.0;14;26;14;30;189;37;22;42;16
1728.0;14;28;11;32;187;37;21;40;20
1734.0;14;28;13;34;186;38;18;40;19
1740.0;19;30;11;29;185;37;19;41;19
1746.0;19;29;10;32;180;43;20;38;19
1752.0;20;30;12;30;177;43;23;37;18
1758.0;20;30;11;30;179;41;22;39;18
1764.0;20;28;13;34;177;41;20;39;18
1770.0;19;29;13;35;177;43;17;38;19
1776.0;17;30;15;36;179;41;16;39;17
1782.0;17;31;15;33;179;42;14;43;16
1788.0;17;31;15;31;179;44;15;43;15
1794.0;18;32;13;33;177;43;16;43;15
