#auto generated file!
12.0;14;20;13;15;17;15;5;12;19
18.0;12;19;14;16;17;17;6;13;16
24.0;11;20;14;17;17;17;6;12;16
30.0;11;19;11;19;19;16;5;13;17
36.0;11;18;10;17;20;18;6;13;17
42.0;10;18;11;17;20;18;6;13;17
48.0;10;18;11;17;20;19;6;13;16
54.0;12;18;10;17;20;17;6;15;15
60.0;10;18;8;17;21;17;10;14;15
66.0;10;19;7;16;20;19;12;16;11
72.0;10;19;8;14;21;20;11;16;11
78.0;12;18;6;13;20;20;11;18;12
84.0;12;18;7;14;21;20;11;17;10
90.0;10;17;7;14;21;21;12;18;10
96.0;10;18;7;13;21;20;13;17;11
102.0;8;19;6;12;23;22;12;17;11
108.0;6;20;7;9;24;21;12;19;12
114.0;5;20;10;10;24;22;10;17;12
120.0;7;20;10;10;25;20;9;19;10
126.0;10;20;9;9;26;20;8;18;10
132.0;10;19;8;10;25;21;8;19;10
138.0;8;20;9;11;27;21;8;19;7
144.0;8;21;8;13;28;20;7;18;7
150.0;9;21;8;14;29;21;6;15;7
156.0;10;21;7;16;29;20;6;15;6
162.0;10;19;6;16;30;21;6;14;8
168.0;9;18;6;18;31;21;5;13;9
174.0;8;17;7;18;32;20;7;13;8
180.0;9;18;6;18;32;21;6;11;9
186.0;10;17;7;17;32;20;6;11;10
192.0;9;15;8;18;33;19;6;12;10
198.0;9;13;8;17;34;18;6;13;12
204.0;9;13;10;17;34;16;5;13;13
210.0;8;12;10;18;35;15;6;13;13
216.0;8;12;10;18;36;15;6;13;12
222.0;9;11;9;18;36;15;5;16;11
228.0;10;12;8;19;36;14;5;17;9
234.0;9;12;7;19;37;13;6;19;8
240.0;8;12;6;18;41;12;6;19;8
246.0;7;11;6;18;41;13;7;19;8
252.0;5;11;5;19;44;12;8;17;9
258.0;4;11;5;19;44;13;8;17;9
264.0;3;13;7;19;44;13;7;16;8
270.0;4;12;8;18;46;13;6;15;8
276.0;4;12;8;18;46;13;7;15;7
282.0;3;13;8;18;46;14;7;13;8
288.0;4;15;7;18;45;14;7;12;8
294.0;5;16;6;19;46;12;6;12;8
300.0;5;14;6;18;47;13;7;13;7
306.0;5;14;5;17;48;13;7;13;8
312.0;4;14;6;17;49;12;7;13;8
318.0;5;15;7;17;49;12;7;12;6
324.0;5;15;7;17;48;11;8;13;6
330.0;4;15;6;18;49;10;7;14;7
336.0;4;17;6;18;47;10;7;14;7
342.0;4;15;6;21;47;10;6;13;8
348.0;5;15;4;22;47;11;8;11;7
354.0;5;17;4;19;47;12;9;11;6
360.0;6;16;5;18;48;11;8;12;6
366.0;6;16;6;19;48;11;8;11;5
372.0;5;16;6;18;48;11;9;12;5
378.0;4;16;7;20;48;11;9;10;5
384.0;4;16;5;22;48;9;9;10;7
390.0;4;17;5;21;47;8;10;10;8
396.0;6;17;5;21;48;8;9;10;6
402.0;7;17;3;22;48;8;8;11;6
408.0;4;18;3;21;51;8;8;11;6
414.0;5;18;4;19;54;8;6;11;5
420.0;5;17;5;19;56;5;7;11;5
426.0;5;20;5;19;54;4;7;12;4
432.0;4;18;6;19;55;5;5;12;6
438.0;4;18;8;18;55;6;4;10;7
444.0;6;17;7;18;55;7;5;8;7
450.0;6;16;10;16;58;6;4;8;6
456.0;7;13;10;16;58;6;4;9;7
462.0;6;13;11;16;59;6;3;9;7
468.0;7;11;10;17;59;6;3;9;8
474.0;8;11;9;18;59;5;3;9;8
480.0;9;12;3;19;59;5;5;10;8
486.0;8;12;2;18;61;5;5;10;9
492.0;7;13;3;17;61;5;4;10;10
498.0;6;13;3;15;62;7;2;11;11
504.0;6;13;3;14;62;8;2;11;11
510.0;5;13;3;14;62;9;2;11;11
516.0;5;13;5;14;62;9;2;10;10
522.0;6;14;5;13;62;9;2;9;10
528.0;6;14;5;12;62;9;2;10;10
534.0;6;16;4;12;61;11;4;9;7
540.0;6;18;3;12;63;11;2;8;7
546.0;6;19;3;12;63;10;3;8;6
552.0;6;18;3;13;64;9;3;8;6
558.0;7;15;7;13;63;9;3;8;5
564.0;5;16;8;13;61;10;5;7;5
570.0;4;17;8;12;61;10;6;6;6
576.0;4;16;7;11;61;10;7;6;8
582.0;4;16;8;9;61;10;7;7;8
588.0;4;17;8;10;60;9;7;6;9
594.0;5;17;8;9;60;9;7;5;10
600.0;5;16;7;10;59;9;7;6;11
606.0;4;15;7;12;60;10;7;5;10
612.0;5;15;6;12;59;10;8;5;10
618.0;3;15;6;12;59;11;6;6;12
624.0;3;15;6;13;59;11;5;7;11
630.0;5;15;5;12;58;10;6;9;10
636.0;5;13;7;12;58;10;6;8;11
642.0;7;13;8;13;58;8;8;7;8
648.0;8;13;6;14;58;7;9;7;8
654.0;8;15;5;13;59;5;8;9;8
660.0;7;16;5;10;59;5;10;10;8
666.0;7;16;6;10;59;5;9;10;8
672.0;7;18;6;10;58;6;9;9;7
678.0;7;18;7;10;60;5;8;9;6
684.0;7;18;5;11;59;6;8;9;7
690.0;5;18;4;12;60;7;7;10;7
696.0;4;18;4;12;59;10;6;10;7
702.0;4;18;4;12;60;9;6;10;7
708.0;5;17;4;14;60;9;5;9;7
714.0;3;17;4;13;61;9;5;9;9
720.0;3;18;7;14;59;7;5;10;7
726.0;3;18;5;15;59;8;5;10;7
732.0;3;19;4;15;57;10;5;10;7
738.0;4;20;4;14;58;10;3;10;7
744.0;2;20;4;15;61;9;3;11;5
750.0;2;20;4;14;61;9;3;11;6
756.0;2;20;4;14;61;8;2;13;6
762.0;4;21;4;13;61;8;2;12;5
768.0;5;19;4;13;62;8;3;12;4
774.0;5;19;4;13;63;8;3;11;4
780.0;5;19;4;12;63;8;4;11;4
786.0;6;18;4;12;63;10;4;11;2
792.0;6;18;4;11;62;11;5;11;2
798.0;6;18;5;12;62;9;5;11;2
804.0;5;17;6;13;61;10;4;11;3
810.0;4;17;6;12;60;11;4;13;3
816.0;4;17;4;14;59;10;5;14;3
822.0;4;17;4;13;60;9;5;14;4
828.0;3;17;4;13;60;10;6;13;4
834.0;3;15;4;15;58;13;5;12;5
840.0;3;16;4;16;58;13;4;12;4
846.0;4;16;4;16;58;12;4;13;3
852.0;4;17;5;15;58;12;2;14;3
858.0;4;15;4;14;59;12;4;14;4
864.0;4;14;4;14;59;11;3;18;3
870.0;2;14;4;13;58;12;5;18;4
876.0;3;14;5;14;55;12;5;19;3
882.0;3;15;5;13;57;11;5;19;2
888.0;3;16;6;13;56;11;6;15;4
894.0;4;17;7;11;56;11;5;13;6
900.0;4;18;5;11;56;12;3;10;11
906.0;7;18;4;12;54;11;2;10;12
912.0;6;15;5;10;54;13;5;9;13
918.0;8;14;6;10;54;13;6;9;10
924.0;5;14;7;11;53;14;7;9;10
930.0;5;15;9;10;53;15;7;7;9
936.0;7;16;9;10;51;18;6;6;7
942.0;8;16;14;10;50;16;5;6;5
948.0;7;16;15;9;50;16;6;6;5
954.0;8;18;16;8;50;15;5;4;6
960.0;9;18;15;9;50;13;6;4;6
966.0;9;15;16;12;50;12;7;4;5
972.0;10;15;16;14;49;11;6;4;5
978.0;10;17;15;13;49;11;6;4;5
984.0;9;17;15;13;50;11;6;5;4
990.0;8;18;13;15;50;10;5;7;4
996.0;12;17;11;16;51;8;5;7;3
1002.0;13;15;11;14;52;8;5;8;4
1008.0;10;15;12;12;53;10;6;8;4
1014.0;9;16;12;12;55;10;5;7;4
1020.0;9;17;11;11;55;11;6;6;4
1026.0;10;15;11;12;54;12;4;8;4
1032.0;9;15;12;12;55;12;4;8;3
1038.0;10;15;11;13;54;11;5;8;3
1044.0;9;15;11;13;54;10;5;8;5
1050.0;8;16;10;15;55;10;5;7;4
1056.0;5;16;12;15;55;10;6;7;4
1062.0;6;16;12;16;54;7;7;6;6
1068.0;6;16;10;16;54;6;9;6;7
1074.0;6;17;10;14;53;7;10;7;6
1080.0;5;17;10;13;53;9;9;8;6
1086.0;7;16;10;14;55;8;9;8;3
1092.0;8;17;7;14;56;8;9;8;3
1098.0;4;17;8;13;57;9;10;7;5
1104.0;5;17;7;11;58;9;10;7;6
1110.0;6;15;6;11;56;10;14;6;6
1116.0;3;16;6;13;56;11;14;6;5
1122.0;2;15;7;14;56;12;14;6;4
1128.0;3;15;7;13;56;13;13;6;4
1134.0;3;16;5;12;58;13;12;6;5
1140.0;3;15;4;12;60;13;13;5;5
1146.0;3;15;3;10;60;13;15;6;5
1152.0;3;14;3;10;60;14;15;6;5
1158.0;2;14;4;10;59;14;15;8;4
1164.0;2;14;4;10;59;13;13;9;6
1170.0;1;13;3;12;59;14;13;9;6
1176.0;3;14;3;11;59;15;11;9;5
1182.0;3;15;3;10;59;13;11;11;5
1188.0;3;16;3;9;60;11;11;11;6
1194.0;3;16;3;11;59;13;9;11;5
1200.0;3;14;3;12;61;13;8;11;5
1206.0;3;13;2;11;61;13;10;11;6
1212.0;3;12;2;10;62;13;12;11;5
1218.0;3;13;2;10;63;11;11;12;5
1224.0;3;13;3;9;62;13;11;12;4
1230.0;3;15;3;8;61;13;13;11;3
1236.0;3;14;4;9;62;12;12;11;3
1242.0;3;13;3;9;62;12;12;11;5
1248.0;4;13;4;10;62;11;11;11;4
1254.0;4;14;4;11;60;10;10;13;4
1260.0;4;14;4;11;58;11;11;12;5
1266.0;2;14;5;11;58;11;11;12;6
1272.0;3;14;6;11;58;10;11;12;5
1278.0;2;16;4;10;58;11;10;13;6
1284.0;3;16;4;10;57;11;10;12;7
1290.0;4;16;3;11;57;11;9;11;8
1296.0;5;15;3;12;56;12;7;12;8
1302.0;7;14;3;12;56;11;6;12;9
1308.0;8;14;4;12;55;11;6;12;8
1314.0;7;14;3;14;57;12;5;11;7
1320.0;10;14;3;12;57;12;5;10;7
1326.0;11;14;3;12;57;11;5;9;8
1332.0;10;14;3;13;56;10;5;10;9
1338.0;9;14;4;14;55;9;5;12;8
1344.0;8;14;4;14;55;10;5;12;8
1350.0;9;15;7;11;53;10;5;13;7
1356.0;9;15;7;11;54;11;5;13;5
1362.0;9;14;8;12;53;11;5;14;4
1368.0;8;14;10;12;53;12;4;13;4
1374.0;7;15;8;12;55;11;5;14;3
1380.0;7;17;8;11;54;10;5;14;4
1386.0;9;15;7;12;55;10;4;14;4
1392.0;8;13;5;13;55;11;7;13;5
1398.0;5;12;5;13;56;12;7;14;6
1404.0;6;13;6;11;56;12;6;15;5
1410.0;8;11;7;11;57;13;8;11;4
1416.0;8;11;6;10;57;14;8;12;4
1422.0;8;11;6;10;58;13;7;13;4
1428.0;8;10;4;10;59;14;7;15;3
1434.0;6;10;6;10;59;13;7;15;4
1440.0;5;11;7;10;58;11;7;16;5
1446.0;6;10;6;11;58;11;7;16;5
1452.0;7;10;5;12;57;12;8;14;5
1458.0;8;11;5;11;58;10;5;17;5
1464.0;8;11;4;12;59;10;6;17;3
1470.0;9;11;4;12;59;10;5;17;3
1476.0;8;11;4;13;58;8;5;17;6
1482.0;8;10;3;12;61;8;6;18;4
1488.0;7;13;4;12;60;8;5;17;4
1494.0;5;14;4;11;60;9;6;17;4
1500.0;5;12;7;10;60;10;5;17;4
1506.0;5;12;8;10;59;10;4;17;5
1512.0;5;11;8;11;58;10;5;17;5
1518.0;6;10;9;11;57;10;7;16;4
1524.0;6;12;7;10;57;12;7;16;3
1530.0;6;13;8;10;57;11;6;16;3
1536.0;5;13;9;11;59;11;5;13;4
1542.0;4;11;10;11;58;14;5;13;4
1548.0;6;11;10;9;58;14;4;13;5
1554.0;6;13;10;9;57;14;4;14;3
1560.0;7;13;10;9;59;12;4;13;3
1566.0;6;14;12;9;59;12;4;12;2
1572.0;6;14;10;8;58;13;7;13;1
1578.0;6;14;10;8;56;13;7;14;2
1584.0;5;14;10;9;57;13;7;14;1
1590.0;6;14;9;8;58;13;6;15;1
1596.0;6;14;7;8;59;13;5;16;2
1602.0;6;14;8;9;60;13;3;13;4
1608.0;6;12;7;11;60;13;3;14;4
1614.0;5;12;8;11;59;14;3;14;4
1620.0;5;13;7;10;58;14;4;14;5
1626.0;6;13;6;10;57;15;5;14;4
1632.0;11;12;5;9;58;14;4;15;2
1638.0;8;13;5;10;59;14;5;14;2
1644.0;7;13;5;10;58;15;5;14;3
1650.0;5;13;3;11;58;18;5;13;4
1656.0;5;14;4;11;59;16;6;11;4
1662.0;4;16;4;11;58;15;6;12;4
1668.0;4;15;4;14;59;14;5;12;3
1674.0;4;14;5;14;57;13;7;14;2
1680.0;4;15;4;14;59;11;8;13;2
1686.0;4;13;4;14;60;10;9;13;3
1692.0;4;13;3;16;60;9;9;13;3
1698.0;3;13;3;16;59;9;9;14;4
1704.0;5;13;3;17;58;7;7;13;7
1710.0;5;15;3;16;59;7;7;13;5
1716.0;6;15;5;13;60;7;7;12;5
1722.0;7;16;5;11;60;7;7;12;5
1728.0;6;15;6;11;62;6;7;11;6
1734.0;8;17;6;10;63;6;4;9;7
1740.0;7;18;6;10;61;7;5;9;7
1746.0;7;17;8;9;61;7;6;9;6
1752.0;8;17;8;9;61;8;6;7;6
1758.0;6;18;7;10;60;9;6;8;6
1764.0;6;18;5;11;60;9;7;9;5
1770.0;5;17;6;11;60;11;6;10;4
1776.0;6;16;6;10;60;11;6;10;5
1782.0;7;16;6;10;60;12;6;9;4
1788.0;7;16;6;10;60;12;7;8;4
1794.0;7;15;4;9;61;12;9;9;4
