#auto generated file!
12.0;41;48;41;47;52;53;53;50;35
18.0;41;47;38;51;57;51;48;52;35
24.0;43;45;35;52;59;53;44;54;35
30.0;40;48;38;48;59;58;45;52;32
36.0;41;50;38;44;61;56;45;50;35
42.0;36;49;38;43;66;60;41;53;34
48.0;37;49;38;41;67;59;42;52;35
54.0;33;46;39;45;75;53;42;53;34
60.0;34;46;39;45;78;51;44;53;30
66.0;36;42;36;47;79;56;36;55;33
72.0;37;42;32;54;80;53;37;53;32
78.0;36;46;30;54;82;53;33;52;34
84.0;38;39;30;54;85;54;34;51;35
90.0;35;39;29;55;88;54;34;51;35
96.0;33;41;31;54;89;53;29;53;37
102.0;29;43;29;58;91;54;30;50;36
108.0;25;46;27;57;98;52;27;52;36
114.0;22;49;26;59;104;53;23;50;34
120.0;18;49;26;60;104;55;23;50;35
126.0;18;48;24;57;105;60;25;48;35
132.0;19;47;27;57;106;59;23;45;37
138.0;21;46;30;56;104;62;24;44;33
144.0;22;48;32;53;104;61;24;43;33
150.0;23;48;31;52;102;64;25;45;30
156.0;21;48;33;52;103;65;23;46;29
162.0;25;44;30;52;107;65;19;47;31
168.0;25;42;28;55;108;67;19;47;29
174.0;25;47;28;54;112;65;19;43;27
180.0;26;43;33;52;111;67;18;39;31
186.0;31;45;34;54;113;58;20;38;27
192.0;31;44;31;51;116;60;21;38;28
198.0;31;45;33;51;118;59;20;37;26
204.0;29;48;34;52;116;59;18;42;22
210.0;27;51;29;52;117;62;19;39;24
216.0;28;47;30;52;119;60;21;38;25
222.0;28;48;30;50;121;61;22;37;23
228.0;30;48;25;48;120;64;24;40;21
234.0;32;50;24;49;121;64;22;37;21
240.0;32;53;23;48;123;65;19;36;21
246.0;31;53;22;48;126;65;19;36;20
252.0;30;55;20;46;125;62;23;38;21
258.0;30;56;22;47;124;59;22;40;20
264.0;27;55;24;47;125;61;22;43;16
270.0;28;60;22;49;123;59;23;42;14
276.0;28;61;23;51;123;55;21;44;14
282.0;28;58;25;51;122;56;21;45;14
288.0;27;53;28;52;123;53;22;46;16
294.0;28;54;27;49;126;51;20;49;16
300.0;27;56;27;47;127;49;19;50;18
306.0;24;56;26;46;127;48;22;49;22
312.0;26;57;25;44;128;49;22;49;20
318.0;27;49;24;45;131;49;28;49;18
324.0;23;50;23;46;133;48;30;48;19
330.0;25;50;22;52;135;43;28;47;18
336.0;24;51;21;53;136;45;27;45;18
342.0;23;53;19;51;134;49;29;43;19
348.0;21;53;17;56;132;52;30;41;18
354.0;23;56;19;54;132;52;28;39;17
360.0;23;58;23;54;133;49;25;37;18
366.0;24;57;21;54;135;50;23;38;18
372.0;23;54;22;54;135;49;23;37;23
378.0;23;55;22;54;137;48;23;33;25
384.0;23;55;24;54;138;46;23;34;23
390.0;24;54;20;50;140;49;26;33;24
396.0;22;57;20;48;142;47;25;34;25
402.0;20;58;20;52;144;42;24;35;25
408.0;22;57;18;52;144;43;26;34;24
414.0;21;56;19;46;146;42;25;37;28
420.0;17;56;21;46;143;40;25;39;33
426.0;17;55;22;49;146;39;25;37;30
432.0;20;55;21;48;148;37;24;38;29
438.0;22;53;23;49;148;37;25;36;27
444.0;21;58;24;48;146;39;21;37;26
450.0;19;57;27;48;145;39;23;34;28
456.0;19;58;23;44;150;42;22;37;25
462.0;20;60;25;43;151;41;22;38;20
468.0;20;57;25;41;153;41;23;39;21
474.0;18;56;25;43;158;40;22;42;16
480.0;20;54;23;44;158;43;20;41;17
486.0;18;54;24;43;160;41;21;41;18
492.0;20;58;24;42;156;40;20;39;21
498.0;17;53;23;44;158;41;22;39;23
504.0;15;53;22;44;160;39;25;39;23
510.0;14;53;20;44;164;38;25;39;23
516.0;16;52;21;44;164;36;23;40;24
522.0;17;55;18;42;166;36;22;39;25
528.0;19;55;17;41;167;37;22;39;23
534.0;15;54;16;45;168;36;22;39;25
540.0;18;52;19;43;166;38;24;38;22
546.0;16;56;17;44;164;39;21;37;26
552.0;13;54;16;43;166;38;22;40;28
558.0;12;53;17;39;165;41;26;40;27
564.0;13;57;21;38;167;41;24;37;22
570.0;14;55;20;40;164;42;26;40;19
576.0;14;53;25;41;165;38;24;41;19
582.0;11;54;26;42;163;39;25;41;19
588.0;13;49;25;44;164;41;22;41;21
594.0;13;49;26;45;164;42;20;39;22
600.0;13;51;25;47;166;40;18;38;22
606.0;13;51;24;47;165;40;15;43;22
612.0;13;54;26;43;164;41;16;43;20
618.0;12;57;27;42;162;40;17;44;19
624.0;13;56;25;42;161;40;19;46;18
630.0;14;56;25;42;164;37;18;46;18
636.0;16;56;23;40;165;37;18;50;15
642.0;15;52;22;43;167;37;19;49;16
648.0;17;53;22;42;168;38;18;45;17
654.0;16;55;23;45;167;36;16;45;17
660.0;17;52;22;46;167;35;18;46;17
666.0;15;54;22;45;169;33;19;48;15
672.0;15;52;22;48;171;32;19;46;15
678.0;15;50;24;49;170;32;18;47;15
684.0;14;49;24;49;169;32;18;47;18
690.0;15;48;18;46;172;29;19;52;21
696.0;13;46;24;49;171;29;20;51;17
702.0;11;46;25;46;171;35;22;48;16
708.0;12;46;27;48;169;34;22;48;14
714.0;13;49;20;47;172;34;24;45;16
720.0;16;48;21;44;172;35;22;45;17
726.0;15;46;22;42;172;36;20;48;19
732.0;16;46;21;42;176;39;19;42;19
738.0;15;45;26;42;174;34;18;46;20
744.0;15;43;28;41;173;37;18;45;20
750.0;16;44;24;39;172;39;21;41;24
756.0;16;41;24;38;172;41;22;42;24
762.0;19;41;29;36;171;40;15;46;23
768.0;18;44;27;34;171;41;15;47;23
774.0;17;44;27;35;172;39;18;45;23
780.0;18;42;27;34;172;42;17;43;25
786.0;21;41;28;36;170;40;16;43;25
792.0;23;44;26;34;169;40;18;44;22
798.0;19;44;27;34;170;39;16;48;23
804.0;20;43;23;32;174;39;17;48;24
810.0;15;45;24;33;176;40;18;44;25
816.0;16;46;23;34;172;39;19;43;28
822.0;17;47;23;32;173;40;17;43;28
828.0;20;48;25;34;171;36;18;41;27
834.0;19;47;21;37;177;35;21;39;24
840.0;17;47;21;34;177;36;25;41;22
846.0;17;46;20;37;176;35;24;40;25
852.0;19;47;18;36;177;35;24;39;25
858.0;20;45;21;34;178;35;26;38;23
864.0;21;47;22;35;176;34;23;42;20
870.0;18;48;24;34;176;35;22;42;21
876.0;19;46;23;33;178;37;22;42;20
882.0;18;47;22;32;179;41;20;42;19
888.0;16;46;22;34;177;41;19;46;19
894.0;17;45;19;37;178;42;18;45;19
900.0;19;43;19;34;178;43;18;46;20
906.0;19;44;17;35;178;42;19;46;20
912.0;21;46;15;36;179;40;16;45;22
918.0;20;48;16;35;179;41;16;43;22
924.0;20;46;17;37;176;41;18;46;19
930.0;20;47;16;38;176;40;18;48;17
936.0;19;42;15;42;178;43;16;50;15
942.0;20;44;15;40;177;42;18;51;13
948.0;19;42;15;40;178;39;21;54;12
954.0;22;41;15;42;179;37;18;51;15
960.0;23;37;18;42;181;37;20;49;13
966.0;23;36;17;42;180;38;21;50;13
972.0;26;36;17;41;181;37;18;50;14
978.0;25;37;14;45;180;34;20;51;14
984.0;22;37;14;45;180;38;15;51;18
990.0;22;41;15;44;179;37;11;53;18
996.0;21;40;16;44;178;35;14;54;18
1002.0;22;38;17;43;179;36;15;53;17
1008.0;21;39;15;45;177;38;15;53;17
1014.0;21;40;13;49;175;39;13;52;18
1020.0;20;39;12;46;177;39;17;52;18
1026.0;19;38;13;45;178;40;16;52;19
1032.0;21;38;11;46;178;40;14;53;19
1038.0;21;40;12;43;174;42;15;54;19
1044.0;28;42;11;42;176;40;14;50;17
1050.0;28;39;13;40;176;42;17;49;16
1056.0;31;36;11;41;179;44;13;48;17
1062.0;29;36;12;41;178;46;10;48;20
1068.0;30;34;12;41;179;46;15;44;19
1074.0;27;34;11;41;181;48;17;44;17
1080.0;28;37;13;39;181;47;16;42;17
1086.0;24;39;10;42;181;44;22;41;17
1092.0;26;39;13;42;177;44;21;40;18
1098.0;26;39;14;43;177;42;22;39;18
1104.0;23;41;17;39;177;43;21;42;17
1110.0;22;38;19;41;173;44;24;43;16
1116.0;25;37;18;46;172;43;22;43;14
1122.0;25;37;16;45;175;42;20;45;15
1128.0;22;39;19;46;171;46;19;40;18
1134.0;19;39;21;48;176;43;16;41;17
1140.0;19;40;19;49;174;42;18;41;18
1146.0;18;43;19;47;174;46;19;39;15
1152.0;20;41;20;48;176;40;23;37;15
1158.0;20;41;21;46;177;43;19;34;19
1164.0;20;40;24;47;180;39;20;31;19
1170.0;21;42;21;47;181;37;19;32;20
1176.0;16;39;23;44;181;38;21;35;23
1182.0;17;39;26;42;179;39;21;34;23
1188.0;17;41;28;39;181;38;23;32;21
1194.0;16;40;29;41;181;36;25;31;21
1200.0;16;39;27;43;183;36;25;30;21
1206.0;16;40;29;42;182;36;25;29;21
1212.0;18;39;30;45;179;34;25;31;19
1218.0;20;37;29;44;179;37;22;30;22
1224.0;22;36;29;42;179;38;21;32;21
1230.0;21;36;27;41;179;41;23;32;20
1236.0;19;35;29;39;178;42;23;34;21
1242.0;20;37;27;37;177;44;25;33;20
1248.0;20;35;23;36;178;45;26;36;21
1254.0;22;37;22;38;177;43;24;38;19
1260.0;23;37;23;40;178;43;21;35;20
1266.0;20;36;25;41;180;44;20;35;19
1272.0;18;34;23;42;180;48;19;37;19
1278.0;19;36;24;40;181;48;17;37;18
1284.0;21;35;26;39;180;47;19;36;17
1290.0;23;36;25;43;178;45;18;37;15
1296.0;21;36;26;41;176;46;19;37;18
1302.0;21;36;26;47;175;45;18;36;16
1308.0;21;35;27;44;175;45;18;38;17
1314.0;21;35;25;42;172;45;17;39;24
1320.0;24;37;22;43;175;43;15;39;22
1326.0;22;38;21;44;174;46;16;39;20
1332.0;21;44;19;44;175;45;18;36;18
1338.0;21;43;19;46;173;47;19;31;21
1344.0;22;39;20;46;173;48;20;30;22
1350.0;20;43;20;45;170;50;22;30;20
1356.0;20;44;19;43;171;50;23;29;21
1362.0;21;45;17;43;172;49;26;26;21
1368.0;24;45;18;41;170;46;25;29;22
1374.0;25;41;21;43;169;45;25;28;23
1380.0;27;44;18;42;170;45;25;28;21
1386.0;27;42;21;41;171;42;25;28;23
1392.0;25;45;25;35;172;44;22;31;21
1398.0;20;46;26;38;173;45;20;31;21
1404.0;20;46;28;37;173;44;20;33;19
1410.0;22;47;26;40;170;44;19;34;18
1416.0;23;44;21;43;172;47;20;31;19
1422.0;19;42;17;48;179;46;23;31;15
1428.0;18;41;18;44;177;47;26;33;16
1434.0;19;41;19;43;178;45;24;34;17
1440.0;19;38;19;43;179;46;24;36;16
1446.0;20;39;16;43;182;44;24;35;17
1452.0;18;35;16;47;181;45;28;31;19
1458.0;16;39;15;44;182;48;24;33;19
1464.0;16;35;17;46;180;48;23;35;20
1470.0;17;35;17;47;180;46;24;33;21
1476.0;20;36;17;52;181;45;21;32;16
1482.0;17;38;17;54;181;42;21;32;18
1488.0;15;41;19;54;180;41;19;31;20
1494.0;15;42;16;53;181;42;17;33;21
1500.0;15;39;18;51;184;40;20;37;16
1506.0;15;40;17;50;182;42;21;36;17
1512.0;10;40;18;47;181;43;23;41;17
1518.0;10;42;20;49;181;41;24;37;16
1524.0;9;41;23;49;179;41;23;40;15
1530.0;8;43;22;52;178;40;23;38;16
1536.0;9;39;23;56;179;41;23;35;15
1542.0;11;38;23;52;178;41;26;37;14
1548.0;12;38;20;50;180;39;27;40;14
1554.0;12;37;22;48;177;39;30;41;14
1560.0;11;36;24;44;173;42;34;40;16
1566.0;16;39;22;46;173;39;30;40;15
1572.0;19;43;22;44;171;35;28;42;16
1578.0;18;44;21;45;172;36;24;46;14
1584.0;18;43;21;45;172;35;23;48;15
1590.0;19;43;20;46;169;35;25;49;14
1596.0;20;40;20;46;169;36;24;51;14
1602.0;18;40;18;45;171;40;23;49;16
1608.0;20;38;17;43;170;40;26;49;17
1614.0;22;42;15;41;169;39;23;49;20
1620.0;20;41;15;39;170;38;23;53;21
1626.0;20;42;14;37;169;37;24;58;19
1632.0;20;43;15;36;170;37;27;54;18
1638.0;18;44;14;34;173;35;29;53;20
1644.0;21;42;14;36;171;33;27;54;22
1650.0;20;43;14;40;171;33;25;51;23
1656.0;25;39;16;37;170;35;23;52;23
1662.0;25;38;15;39;173;34;21;52;23
1668.0;27;39;16;42;172;34;19;47;24
1674.0;25;37;13;43;175;36;17;50;24
1680.0;25;33;15;43;176;37;16;52;23
1686.0;24;33;17;44;176;33;19;52;22
1692.0;27;34;20;42;169;34;19;50;25
1698.0;30;31;22;41;168;33;23;47;25
1704.0;27;30;23;40;171;38;20;44;27
1710.0;28;31;19;40;174;40;20;44;24
1716.0;29;32;20;41;175;35;21;41;26
1722.0;28;34;22;41;174;35;19;42;25
1728.0;27;34;19;41;177;35;19;43;25
1734.0;28;35;21;39;176;34;20;43;24
1740.0;26;36;24;37;176;35;19;42;25
1746.0;21;38;25;40;175;35;18;41;27
1752.0;22;38;23;40;178;37;16;37;29
1758.0;18;41;22;42;179;36;18;38;26
1764.0;19;39;21;39;179;39;20;38;26
1770.0;21;38;22;37;180;37;23;38;24
1776.0;21;39;23;37;179;36;21;38;26
1782.0;22;34;23;41;179;37;25;38;21
1788.0;22;34;27;37;175;39;25;39;22
1794.0;24;36;27;35;177;39;22;40;20
