#auto generated file!
12.0;47;38;44;42;53;43;43;40;40
18.0;47;43;39;45;53;43;39;41;40
24.0;48;43;39;45;57;41;38;40;39
30.0;47;43;36;51;58;44;34;39;38
36.0;45;43;36;50;59;48;31;40;38
42.0;42;45;35;48;62;51;31;37;39
48.0;41;45;35;47;64;51;29;39;39
54.0;40;48;34;49;66;48;28;36;41
60.0;40;43;31;50;69;51;28;38;40
66.0;37;44;30;48;70;55;25;42;39
72.0;37;44;26;49;69;55;24;47;39
78.0;34;43;25;51;72;57;27;47;34
84.0;31;44;26;54;76;57;23;48;31
90.0;33;42;28;55;80;51;20;50;31
96.0;35;39;28;51;86;46;21;50;34
102.0;35;39;26;49;85;49;25;48;34
108.0;30;40;23;47;87;51;27;50;35
114.0;31;38;26;47;88;49;28;49;34
120.0;30;39;28;47;89;49;26;48;34
126.0;29;39;28;48;88;52;26;48;32
132.0;31;37;30;49;88;51;22;49;33
138.0;32;34;30;50;93;51;20;49;31
144.0;31;34;31;47;94;49;21;48;35
150.0;32;35;32;46;94;50;22;46;33
156.0;31;35;34;46;95;50;19;47;33
162.0;29;40;28;49;99;50;17;47;31
168.0;27;45;22;51;100;49;20;46;30
174.0;27;49;24;46;101;47;20;50;26
180.0;25;50;22;46;100;45;23;53;26
186.0;26;51;21;46;99;43;23;54;27
192.0;27;51;24;44;101;40;25;55;23
198.0;26;50;26;42;101;43;27;52;23
204.0;26;54;24;42;99;43;25;54;23
210.0;25;51;25;39;101;40;28;58;23
216.0;25;52;27;35;102;38;28;60;23
222.0;25;53;27;38;103;40;21;57;26
228.0;23;56;27;38;103;40;21;55;27
234.0;21;56;28;37;106;41;22;52;27
240.0;21;51;27;38;108;42;22;51;30
246.0;20;51;27;39;110;40;26;47;30
252.0;18;55;24;39;113;40;28;43;30
258.0;15;60;21;37;115;41;29;40;32
264.0;18;58;20;36;116;41;29;43;29
270.0;21;57;20;37;113;43;32;40;27
276.0;23;59;19;37;113;45;28;38;28
282.0;23;54;22;38;115;48;28;35;27
288.0;22;54;24;37;117;47;29;36;24
294.0;21;58;30;38;115;45;26;34;23
300.0;24;56;30;37;116;48;25;33;21
306.0;25;58;24;41;120;48;21;32;21
312.0;26;58;22;42;121;48;21;33;19
318.0;28;61;24;41;120;45;20;33;18
324.0;27;57;22;41;121;44;19;37;22
330.0;27;57;23;40;120;44;17;39;23
336.0;26;57;24;41;120;43;18;40;21
342.0;27;56;25;40;121;44;15;40;22
348.0;19;55;29;40;124;46;16;37;24
354.0;18;53;27;42;124;43;18;41;24
360.0;15;52;27;43;125;43;20;40;25
366.0;14;55;28;39;124;44;20;37;29
372.0;15;51;29;41;123;48;17;38;28
378.0;14;54;29;40;122;51;17;37;26
384.0;13;53;31;38;122;54;18;37;24
390.0;14;49;32;39;123;54;21;37;21
396.0;13;47;28;43;123;54;20;37;25
402.0;15;48;25;39;123;55;21;36;28
408.0;16;48;24;39;124;53;21;37;28
414.0;17;49;25;40;125;51;21;38;24
420.0;19;49;23;40;125;52;22;37;23
426.0;20;47;23;41;124;51;22;38;24
432.0;25;48;20;40;125;48;19;40;25
438.0;25;50;20;40;129;49;18;36;23
444.0;25;49;22;40;131;49;18;35;21
450.0;24;46;21;42;130;49;19;35;24
456.0;22;46;21;42;131;48;17;38;25
462.0;22;45;21;41;133;46;18;38;26
468.0;22;43;23;39;136;46;17;39;25
474.0;26;44;23;36;139;44;17;38;23
480.0;25;43;19;38;140;44;18;39;24
486.0;20;40;18;39;141;46;21;41;24
492.0;18;39;17;43;144;44;20;43;22
498.0;17;41;19;41;143;47;17;44;21
504.0;19;43;20;43;145;45;15;42;18
510.0;19;39;19;47;144;45;16;44;17
516.0;20;36;20;48;144;48;16;43;15
522.0;20;34;23;47;144;47;17;44;14
528.0;21;36;24;46;144;47;16;43;13
534.0;19;36;25;46;144;47;17;42;14
540.0;17;38;26;45;146;47;15;41;15
546.0;18;39;25;44;146;45;16;40;17
552.0;16;38;25;43;148;46;16;38;20
558.0;15;40;25;48;149;43;14;37;19
564.0;14;41;21;49;150;44;15;36;20
570.0;12;42;22;45;153;44;16;36;20
576.0;11;41;24;48;155;45;13;35;18
582.0;13;38;26;46;155;47;13;34;18
588.0;19;37;28;43;151;49;13;35;15
594.0;22;40;22;42;153;49;12;36;14
600.0;24;42;20;41;153;48;12;36;14
606.0;23;45;17;42;153;48;11;36;15
612.0;24;46;15;41;150;45;13;38;18
618.0;23;47;13;41;151;46;14;38;17
624.0;21;44;12;44;152;44;14;39;20
630.0;18;45;14;44;153;42;13;42;19
636.0;19;44;13;43;153;41;14;42;21
642.0;19;43;12;43;154;42;13;41;23
648.0;17;46;13;40;153;42;15;39;25
654.0;20;45;16;40;153;39;17;37;23
660.0;23;42;19;39;153;38;16;37;23
666.0;18;40;20;40;154;38;15;42;23
672.0;18;42;18;39;152;36;15;46;24
678.0;18;43;18;36;155;37;15;43;25
684.0;22;43;15;38;160;33;19;39;21
690.0;19;46;15;39;157;37;19;38;20
696.0;16;47;16;38;154;39;19;40;21
702.0;18;44;15;38;156;37;18;40;24
708.0;16;47;15;42;155;37;17;39;22
714.0;19;45;14;40;153;39;20;35;25
720.0;23;46;14;39;151;38;19;35;25
726.0;20;45;16;41;156;39;18;32;23
732.0;17;45;17;39;158;41;19;32;22
738.0;14;44;19;41;156;41;22;30;23
744.0;16;42;21;43;158;41;21;29;19
750.0;18;38;23;41;160;40;22;33;15
756.0;18;39;24;40;162;37;22;33;15
762.0;18;37;24;41;162;40;20;32;16
768.0;19;32;25;40;161;40;22;32;19
774.0;23;31;25;34;164;38;23;31;21
780.0;24;32;19;34;165;40;19;31;26
786.0;24;29;19;37;164;38;20;33;26
792.0;24;31;20;37;163;37;22;32;24
798.0;24;32;18;37;161;37;22;34;25
804.0;21;33;19;35;164;38;20;35;25
810.0;20;31;19;35;168;36;21;35;25
816.0;21;29;16;36;169;38;22;36;23
822.0;25;30;15;33;169;36;21;39;22
828.0;25;29;15;33;167;36;20;42;23
834.0;26;29;16;37;166;36;19;40;21
840.0;25;29;16;39;165;31;20;41;24
846.0;23;28;17;44;163;29;24;37;25
852.0;22;24;18;44;163;35;22;36;26
858.0;22;24;16;43;165;34;22;39;25
864.0;21;24;17;44;166;32;22;34;30
870.0;20;24;20;43;169;33;18;37;26
876.0;23;24;22;45;167;35;17;34;23
882.0;19;24;22;46;171;35;16;37;20
888.0;19;26;20;46;173;34;16;34;22
894.0;17;27;18;50;174;35;16;33;20
900.0;20;27;15;47;176;36;17;33;19
906.0;20;27;15;47;175;35;17;33;21
912.0;22;32;13;44;174;33;18;34;20
918.0;22;33;17;44;174;31;18;34;17
924.0;24;33;17;44;175;31;17;35;14
930.0;24;35;19;39;175;30;18;35;15
936.0;21;37;19;37;175;33;18;36;14
942.0;23;39;16;36;178;33;17;35;13
948.0;24;35;16;38;178;29;18;39;13
954.0;25;36;14;39;180;30;17;39;10
960.0;24;34;13;40;179;29;20;41;10
966.0;24;36;15;39;177;31;19;38;11
972.0;27;37;14;37;176;32;17;39;11
978.0;22;35;16;38;174;31;20;40;14
984.0;20;36;14;39;175;30;21;41;14
990.0;23;34;14;39;175;30;19;41;15
996.0;22;34;14;38;174;30;22;42;14
1002.0;20;34;13;36;175;30;22;44;16
1008.0;18;33;14;39;177;33;19;42;15
1014.0;19;31;13;37;178;33;17;47;15
1020.0;19;29;16;36;178;36;15;46;15
1026.0;17;30;16;37;175;37;16;45;17
1032.0;15;33;16;37;175;35;19;45;15
1038.0;13;34;16;34;176;36;21;43;17
1044.0;14;32;16;34;177;39;17;42;19
1050.0;12;33;18;37;177;41;17;39;16
1056.0;12;32;17;35;180;41;16;42;15
1062.0;13;34;18;36;178;41;17;40;13
1068.0;14;33;19;33;174;41;16;43;17
1074.0;16;30;18;34;178;41;15;41;17
1080.0;14;31;19;35;184;37;14;39;17
1086.0;16;29;18;35;185;34;19;36;18
1092.0;18;29;17;34;187;30;21;37;17
1098.0;19;28;17;34;187;30;21;38;16
1104.0;20;27;17;31;187;37;20;34;17
1110.0;20;30;16;30;183;38;25;33;15
1116.0;19;30;16;32;184;41;22;31;15
1122.0;21;29;17;28;185;39;24;33;14
1128.0;22;31;17;28;182;39;23;37;11
1134.0;24;31;16;28;183;39;21;38;10
1140.0;25;34;17;26;182;37;18;36;15
1146.0;24;32;19;29;184;36;15;33;18
1152.0;25;29;19;27;182;37;17;33;21
1158.0;26;32;19;26;182;36;15;33;21
1164.0;23;30;19;27;180;36;18;34;23
1170.0;24;32;16;28;181;37;19;35;18
1176.0;25;31;16;30;182;36;21;33;16
1182.0;24;33;17;30;179;35;21;33;18
1188.0;24;35;16;32;178;36;20;33;16
1194.0;26;35;14;32;178;36;21;32;16
1200.0;23;34;15;30;181;36;19;35;17
1206.0;26;34;15;32;179;38;16;32;18
1212.0;25;34;16;30;179;36;18;31;21
1218.0;26;34;17;29;180;36;16;30;22
1224.0;29;41;14;29;178;35;17;29;18
1230.0;30;41;14;29;177;36;17;27;19
1236.0;29;42;12;32;178;36;16;27;18
1242.0;31;40;11;32;180;35;15;28;18
1248.0;29;34;12;31;180;38;19;28;19
1254.0;27;36;13;35;180;37;18;27;17
1260.0;28;35;13;33;181;38;17;28;17
1266.0;26;36;14;33;182;37;20;27;15
1272.0;29;35;13;30;183;39;21;27;13
1278.0;29;34;15;27;183;40;21;28;13
1284.0;29;34;13;25;184;42;22;29;12
1290.0;26;37;13;25;184;43;22;29;11
1296.0;27;37;13;27;183;44;21;28;10
1302.0;27;39;12;27;178;46;22;31;8
1308.0;25;40;14;27;177;46;19;32;10
1314.0;23;42;15;25;178;44;20;32;11
1320.0;21;44;16;27;178;41;20;30;13
1326.0;22;48;16;27;179;41;18;26;13
1332.0;22;46;17;26;177;41;21;26;14
1338.0;19;44;18;28;179;41;22;24;15
1344.0;19;45;16;27;181;45;21;22;14
1350.0;21;45;16;27;179;47;19;25;11
1356.0;19;49;14;27;178;45;19;29;10
1362.0;17;48;16;28;175;43;19;31;13
1368.0;17;47;18;29;176;39;18;30;16
1374.0;17;47;20;30;179;36;18;27;16
1380.0;15;46;19;33;180;32;20;28;17
1386.0;13;45;20;36;182;33;18;27;16
1392.0;11;43;21;42;182;32;17;27;15
1398.0;13;43;22;41;183;33;16;26;13
1404.0;13;45;23;40;182;31;16;27;13
1410.0;11;44;25;42;182;32;15;26;13
1416.0;11;45;24;40;185;31;15;25;14
1422.0;12;46;21;41;183;31;13;28;15
1428.0;10;48;21;42;183;29;11;30;16
1434.0;11;49;19;42;183;33;9;29;15
1440.0;15;47;20;40;178;31;9;32;18
1446.0;15;45;18;39;179;33;11;32;18
1452.0;14;46;16;39;178;33;12;33;19
1458.0;12;47;14;37;179;34;13;35;19
1464.0;12;49;14;35;180;32;14;35;19
1470.0;14;48;15;35;178;31;15;35;19
1476.0;17;48;15;36;178;32;11;35;18
1482.0;15;47;16;36;182;32;11;32;19
1488.0;13;49;16;36;182;31;10;34;19
1494.0;14;48;17;38;183;30;9;34;17
1500.0;15;48;14;36;188;28;9;33;19
1506.0;15;48;13;37;187;26;13;35;16
1512.0;11;45;16;38;185;29;14;35;17
1518.0;11;43;17;40;184;30;13;33;19
1524.0;12;42;19;36;185;30;15;33;18
1530.0;10;45;19;34;186;29;17;34;16
1536.0;10;44;23;34;185;30;15;33;16
1542.0;11;44;24;36;185;26;16;31;17
1548.0;13;43;23;38;184;24;17;31;17
1554.0;15;43;23;42;184;23;13;29;18
1560.0;17;39;23;42;183;24;15;29;18
1566.0;17;38;22;40;184;25;15;31;18
1572.0;18;39;20;41;183;23;15;33;18
1578.0;15;38;21;40;184;24;17;33;18
1584.0;15;39;18;38;186;24;18;32;20
1590.0;17;39;22;36;181;27;19;31;18
1596.0;17;36;22;38;179;26;20;33;19
1602.0;16;36;22;39;180;24;20;34;19
1608.0;16;35;20;41;179;28;19;35;17
1614.0;16;32;20;43;179;28;20;36;16
1620.0;15;36;20;42;180;31;18;36;12
1626.0;14;37;20;44;178;30;18;37;12
1632.0;16;36;21;45;179;28;17;37;11
1638.0;17;33;21;45;176;29;19;38;12
1644.0;19;33;20;47;177;30;19;34;11
1650.0;18;35;20;47;179;29;18;35;9
1656.0;19;35;23;47;177;30;15;34;10
1662.0;21;32;25;48;175;33;15;30;11
1668.0;18;36;24;50;176;33;14;29;10
1674.0;16;35;24;49;176;33;15;29;13
1680.0;17;34;19;46;177;35;16;34;12
1686.0;16;35;24;41;174;35;17;33;15
1692.0;18;34;23;38;177;35;18;36;11
1698.0;16;34;21;38;178;34;17;37;15
1704.0;19;33;21;36;177;35;15;39;15
1710.0;18;33;17;35;178;36;16;40;17
1716.0;19;32;18;36;182;35;15;40;13
1722.0;19;29;19;39;182;33;15;40;14
1728.0;20;30;19;39;185;33;15;37;12
1734.0;20;29;20;40;183;33;17;36;12
1740.0;19;28;20;37;187;31;16;38;14
1746.0;19;26;22;32;187;34;17;37;16
1752.0;18;27;24;32;187;35;17;36;14
1758.0;17;30;23;33;187;35;16;38;11
1764.0;17;29;25;30;186;35;18;36;14
1770.0;16;29;25;31;186;31;19;37;16
1776.0;16;29;29;29;184;34;18;37;14
1782.0;16;28;32;27;183;34;18;37;15
1788.0;15;30;28;25;186;33;16;40;17
1794.0;13;32;28;22;186;32;18;43;16
