#auto generated file!
12.0;30;26;32;30;28;30;30;34;30
18.0;30;24;34;29;28;28;31;36;30
24.0;27;28;30;30;30;28;32;37;28
30.0;30;28;30;30;33;32;28;33;26
36.0;33;30;25;32;36;32;28;31;23
42.0;29;30;21;32;36;35;29;33;25
48.0;30;35;19;30;38;33;28;34;23
54.0;27;35;20;29;40;30;33;32;24
60.0;24;38;20;29;39;31;31;33;25
66.0;24;39;21;30;39;31;27;33;26
72.0;23;38;24;29;40;31;26;33;26
78.0;20;41;21;29;39;31;26;36;27
84.0;21;41;23;29;37;33;26;36;24
90.0;24;39;22;29;40;32;24;36;24
96.0;22;39;19;30;42;34;22;34;28
102.0;21;40;17;30;44;33;21;35;29
108.0;18;37;17;32;46;35;22;33;30
114.0;18;41;18;28;49;36;22;32;26
120.0;18;46;15;27;51;36;22;34;21
126.0;19;44;15;28;52;36;23;34;19
132.0;18;47;13;29;55;38;17;33;20
138.0;17;47;11;28;56;42;17;35;17
144.0;16;45;11;30;58;41;18;33;18
150.0;12;45;12;30;60;40;20;32;19
156.0;15;45;9;31;60;41;18;32;19
162.0;15;44;10;32;61;42;19;31;16
168.0;15;43;12;35;63;41;16;31;14
174.0;16;40;14;35;64;39;14;31;17
180.0;16;42;15;35;65;38;15;27;17
186.0;17;41;15;37;67;35;15;26;17
192.0;18;37;13;37;68;40;18;25;14
198.0;16;39;17;36;67;40;16;26;13
204.0;17;35;17;35;69;40;18;28;11
210.0;19;33;19;37;69;37;17;31;8
216.0;19;37;17;36;69;34;19;30;9
222.0;22;36;16;36;71;32;17;30;10
228.0;21;35;14;36;71;32;18;31;12
234.0;22;36;17;33;71;29;17;32;13
240.0;20;36;17;32;72;28;18;34;13
246.0;18;34;17;32;71;31;18;33;16
252.0;17;31;17;33;73;36;15;32;16
258.0;17;33;18;32;74;34;16;32;14
264.0;16;32;17;32;76;33;15;33;16
270.0;14;29;17;35;79;35;14;31;16
276.0;15;29;14;37;79;35;15;31;15
282.0;16;28;15;37;80;36;14;28;16
288.0;13;29;14;37;83;36;15;26;17
294.0;16;30;11;38;84;32;15;26;18
300.0;13;30;11;37;87;32;17;25;18
306.0;13;28;12;39;85;35;15;26;17
312.0;13;30;11;35;88;30;15;28;20
318.0;13;31;12;35;86;30;17;27;19
324.0;12;30;13;37;87;30;14;28;19
330.0;12;29;15;36;89;29;15;27;18
336.0;11;29;15;36;91;30;17;26;15
342.0;9;30;16;36;92;31;16;27;13
348.0;9;29;15;36;92;29;17;27;16
354.0;8;28;16;34;92;33;18;26;15
360.0;8;26;16;36;93;33;17;25;16
366.0;8;23;15;37;92;32;16;29;18
372.0;8;21;15;39;94;31;15;30;17
378.0;6;23;18;37;93;31;17;29;16
384.0;8;22;18;36;94;31;17;29;15
390.0;9;23;19;35;96;30;14;27;17
396.0;10;20;11;36;102;31;17;26;17
402.0;7;19;11;37;105;31;18;25;17
408.0;7;17;12;40;104;32;19;25;14
414.0;7;17;11;43;104;33;18;23;14
420.0;8;18;12;43;104;31;17;23;14
426.0;8;19;13;44;104;30;16;22;14
432.0;8;19;14;45;105;28;17;19;15
438.0;10;22;12;47;108;29;12;17;13
444.0;10;22;14;44;110;30;12;16;12
450.0;8;26;14;40;110;30;11;19;12
456.0;9;25;12;41;110;32;10;19;12
462.0;11;24;12;39;111;28;11;22;12
468.0;8;23;14;38;112;30;10;21;14
474.0;7;24;14;38;112;30;13;18;14
480.0;8;24;16;38;112;29;12;18;13
486.0;6;22;15;42;114;31;12;17;11
492.0;6;20;13;45;114;32;11;18;11
498.0;5;17;15;45;112;29;11;21;15
504.0;9;17;14;43;111;29;12;21;14
510.0;9;17;11;44;110;30;14;21;14
516.0;11;18;12;40;110;28;14;23;14
522.0;12;19;12;39;111;27;16;21;13
528.0;12;20;10;39;113;27;14;22;13
534.0;12;18;10;38;116;27;13;23;13
540.0;15;17;10;35;114;28;12;25;14
546.0;14;16;11;35;114;30;10;26;14
552.0;13;13;12;33;115;29;11;28;16
558.0;14;15;11;32;113;29;12;28;16
564.0;15;16;11;30;115;30;11;27;15
570.0;14;15;13;29;114;31;11;29;14
576.0;19;15;13;29;112;30;11;28;13
582.0;19;12;13;28;114;33;11;26;14
588.0;16;13;11;29;117;35;10;26;13
594.0;15;15;11;28;116;36;9;27;13
600.0;14;15;10;30;118;34;8;26;15
606.0;9;18;10;29;118;35;8;27;16
612.0;9;18;10;32;115;33;8;30;15
618.0;9;19;10;29;116;33;10;31;13
624.0;12;20;11;27;118;31;8;31;12
630.0;13;19;13;28;116;30;9;32;10
636.0;10;21;11;30;117;30;8;32;11
642.0;9;20;12;31;118;30;7;31;12
648.0;10;23;12;30;117;27;8;31;12
654.0;14;22;11;31;117;29;6;29;11
660.0;15;21;10;32;117;28;7;29;11
666.0;15;23;11;31;118;27;6;28;11
672.0;15;25;12;29;117;25;7;27;13
678.0;16;23;11;29;118;27;7;28;11
684.0;15;22;12;30;118;27;7;29;10
690.0;15;25;11;30;119;24;8;29;9
696.0;18;24;8;30;121;26;8;27;8
702.0;16;25;9;30;123;28;7;25;7
708.0;17;28;9;29;120;29;7;25;6
714.0;17;27;8;30;118;31;8;25;6
720.0;17;27;8;30;118;32;10;23;5
726.0;17;30;5;30;119;32;8;23;6
732.0;16;31;7;29;122;29;7;22;7
738.0;16;32;6;27;123;31;8;18;9
744.0;17;30;8;26;121;31;7;20;10
750.0;14;30;9;27;122;30;8;18;12
756.0;14;28;8;28;123;31;7;18;13
762.0;14;29;9;29;121;32;7;18;11
768.0;14;33;5;29;119;30;9;20;11
774.0;15;32;7;28;120;29;9;20;10
780.0;14;34;7;29;118;26;9;22;11
786.0;14;31;8;28;118;26;10;24;11
792.0;14;33;8;31;118;23;10;21;12
798.0;13;36;7;30;118;23;10;21;12
804.0;13;36;7;32;117;25;9;20;11
810.0;11;34;6;30;119;25;10;22;13
816.0;13;30;7;29;118;28;10;21;14
822.0;11;28;10;28;116;30;10;22;15
828.0;10;28;11;28;118;30;11;21;13
834.0;9;29;11;29;118;30;11;21;12
840.0;11;27;11;29;119;30;10;22;11
846.0;10;29;11;27;120;31;8;22;12
852.0;8;27;11;29;119;31;10;23;12
858.0;10;27;10;29;118;32;10;21;13
864.0;13;28;10;28;118;29;11;19;14
870.0;12;29;10;25;118;29;11;23;13
876.0;12;28;10;26;118;30;10;23;13
882.0;11;33;10;27;115;30;12;22;10
888.0;11;34;10;24;116;30;12;24;9
894.0;11;36;10;22;117;28;12;25;9
900.0;10;37;11;21;116;30;11;25;9
906.0;11;35;9;20;119;30;11;26;9
912.0;11;37;9;19;122;28;12;24;8
918.0;9;34;9;19;123;33;12;22;9
924.0;10;35;7;20;120;32;11;23;12
930.0;10;35;7;21;118;32;13;23;11
936.0;10;36;7;20;118;29;13;25;12
942.0;10;33;7;22;118;29;14;25;12
948.0;10;34;7;22;117;29;16;23;12
954.0;10;33;8;21;117;32;16;22;11
960.0;10;32;7;22;118;32;14;23;12
966.0;12;31;3;21;122;30;14;23;14
972.0;11;29;3;21;123;29;13;24;17
978.0;13;30;4;22;123;28;12;25;13
984.0;14;29;5;20;120;28;15;27;12
990.0;11;29;8;19;122;27;15;27;12
996.0;13;25;11;20;123;25;15;26;12
1002.0;13;26;11;19;122;23;15;27;14
1008.0;13;26;13;20;121;22;13;26;16
1014.0;11;24;15;19;123;22;12;31;13
1020.0;10;23;14;19;124;21;10;33;16
1026.0;12;26;10;19;123;21;11;33;15
1032.0;14;26;9;20;122;21;12;33;13
1038.0;14;28;11;19;120;24;9;31;14
1044.0;10;27;10;22;121;25;8;32;15
1050.0;11;28;10;22;120;27;7;30;15
1056.0;11;27;11;22;120;28;7;31;13
1062.0;12;24;9;22;120;27;11;32;13
1068.0;12;23;9;24;120;27;14;31;10
1074.0;12;22;10;26;118;28;13;30;11
1080.0;10;22;11;24;116;27;15;32;13
1086.0;10;23;13;23;116;26;15;32;12
1092.0;9;25;13;23;116;24;13;34;13
1098.0;10;24;12;22;116;24;14;35;13
1104.0;12;27;10;21;116;23;15;33;13
1110.0;13;27;9;18;115;24;16;34;14
1116.0;13;27;9;19;116;22;15;37;12
1122.0;14;27;9;19;115;20;15;38;13
1128.0;12;32;8;23;115;19;14;34;13
1134.0;11;31;9;23;116;20;15;32;13
1140.0;13;30;8;23;119;19;14;32;12
1146.0;11;29;8;24;119;23;13;30;13
1152.0;15;30;8;25;119;24;9;28;12
1158.0;17;31;7;20;120;26;11;27;11
1164.0;17;32;8;22;118;27;10;28;8
1170.0;16;29;9;22;121;28;9;27;9
1176.0;18;27;9;22;119;28;11;27;9
1182.0;17;27;10;22;120;28;10;27;9
1188.0;16;29;8;21;118;32;11;24;11
1194.0;15;28;8;22;118;31;11;26;11
1200.0;13;29;7;21;117;31;11;27;14
1206.0;12;29;7;21;116;32;10;29;14
1212.0;11;28;6;23;118;35;10;28;11
1218.0;11;26;8;23;118;35;11;24;14
1224.0;11;25;7;25;122;32;12;24;12
1230.0;11;26;6;25;123;30;12;26;11
1236.0;12;24;7;25;124;29;11;28;10
1242.0;15;23;6;24;124;27;10;30;11
1248.0;15;23;6;23;123;30;9;28;13
1254.0;14;24;6;24;122;29;10;28;13
1260.0;14;23;7;22;123;29;9;26;17
1266.0;12;23;9;22;121;29;10;26;18
1272.0;11;21;9;28;121;30;9;26;15
1278.0;12;23;9;27;121;32;9;25;12
1284.0;11;24;8;25;121;32;10;26;13
1290.0;13;24;7;24;123;32;9;27;11
1296.0;14;24;7;22;125;32;9;27;10
1302.0;16;23;5;23;124;29;10;28;12
1308.0;13;23;5;27;127;26;10;26;13
1314.0;15;23;5;28;126;25;10;25;13
1320.0;17;20;5;29;125;24;11;26;13
1326.0;19;20;1;26;126;26;11;26;15
1332.0;17;19;2;27;126;24;13;26;16
1338.0;22;20;2;26;126;22;13;26;13
1344.0;22;21;4;24;124;22;14;27;12
1350.0;21;23;5;22;123;22;16;27;11
1356.0;20;22;7;20;123;21;16;29;12
1362.0;20;21;9;19;123;24;13;30;11
1368.0;19;22;7;19;127;23;13;28;12
1374.0;19;23;6;20;125;23;13;29;12
1380.0;18;23;9;18;126;26;15;24;11
1386.0;16;24;8;18;125;26;17;24;12
1392.0;15;24;5;19;123;27;18;26;13
1398.0;16;26;5;19;124;27;17;23;13
1404.0;13;26;6;21;125;28;16;22;13
1410.0;15;26;6;23;126;28;15;21;10
1416.0;13;26;7;25;123;29;15;21;11
1422.0;14;25;8;25;124;27;14;22;11
1428.0;14;25;10;26;123;27;14;22;9
1434.0;13;26;10;23;123;29;15;21;10
1440.0;11;25;13;26;123;27;16;18;11
1446.0;13;24;12;27;121;26;15;20;12
1452.0;14;24;15;28;123;26;11;19;10
1458.0;14;24;15;26;124;25;12;18;12
1464.0;14;21;14;30;123;26;13;18;11
1470.0;13;23;11;29;125;25;13;20;11
1476.0;12;23;14;28;126;26;12;19;10
1482.0;13;21;17;27;127;26;11;19;9
1488.0;16;23;16;26;127;24;11;19;8
1494.0;16;22;15;26;125;25;10;21;10
1500.0;17;21;14;27;124;25;12;20;10
1506.0;15;20;11;27;128;24;12;21;12
1512.0;15;21;12;26;130;25;12;18;11
1518.0;15;23;9;27;128;24;13;21;10
1524.0;15;24;9;27;127;23;13;22;10
1530.0;16;23;9;26;128;24;14;22;8
1536.0;14;23;8;28;128;25;12;25;7
1542.0;14;23;9;30;127;22;11;26;8
1548.0;13;23;10;27;128;23;11;26;9
1554.0;14;23;11;27;129;23;10;26;7
1560.0;15;23;10;26;128;23;11;28;6
1566.0;14;23;8;27;130;22;11;28;7
1572.0;12;24;9;26;133;20;13;25;8
1578.0;13;25;9;23;134;21;12;24;9
1584.0;16;25;11;21;130;21;12;24;10
1590.0;16;25;14;22;129;20;12;23;9
1596.0;19;28;13;22;126;20;10;23;9
1602.0;15;30;12;20;127;20;11;25;10
1608.0;15;28;15;21;123;21;11;27;9
1614.0;16;28;14;20;122;21;13;28;8
1620.0;18;27;16;19;120;19;14;28;9
1626.0;17;29;16;17;120;19;11;31;10
1632.0;15;29;15;17;117;23;13;30;11
1638.0;13;28;16;18;117;26;14;30;8
1644.0;11;28;13;20;116;25;18;31;8
1650.0;9;29;14;22;116;26;17;27;10
1656.0;8;31;14;23;118;26;13;27;10
1662.0;8;30;12;22;118;27;13;26;14
1668.0;10;30;11;21;117;30;12;27;12
1674.0;10;31;7;22;119;30;12;27;12
1680.0;10;30;8;24;119;29;12;27;11
1686.0;10;29;8;22;119;29;14;28;11
1692.0;11;27;9;22;118;28;12;29;14
1698.0;10;26;11;20;116;30;12;29;16
1704.0;12;27;11;19;117;29;12;26;17
1710.0;13;26;11;21;118;25;11;27;18
1716.0;13;25;10;22;118;25;13;28;16
1722.0;14;25;9;19;118;24;15;29;17
1728.0;13;23;9;22;120;24;11;29;19
1734.0;13;21;10;23;119;28;11;25;20
1740.0;11;20;8;24;122;28;11;24;22
1746.0;11;19;9;22;122;27;11;25;24
1752.0;12;19;9;21;122;29;9;27;22
1758.0;13;19;9;24;117;28;10;27;23
1764.0;15;18;12;26;117;28;11;23;20
1770.0;16;19;12;28;118;24;12;22;19
1776.0;16;20;12;28;115;27;10;23;19
1782.0;15;24;12;27;117;25;10;20;20
1788.0;17;25;13;28;116;23;10;20;18
1794.0;15;24;14;30;116;25;11;17;18
