#auto generated file!
12.0;12;12;19;12;13;7;12;10;13
18.0;11;12;18;12;13;7;12;11;14
24.0;11;12;17;12;13;8;13;12;12
30.0;12;13;15;12;13;8;12;12;13
36.0;13;11;12;11;16;7;12;13;15
42.0;14;10;11;12;17;7;15;13;11
48.0;15;12;9;15;17;7;11;16;8
54.0;15;13;9;15;16;7;11;16;8
60.0;12;14;8;16;17;8;11;16;8
66.0;12;16;6;15;18;9;10;16;8
72.0;10;16;6;16;18;10;9;16;9
78.0;10;16;7;15;18;10;9;16;9
84.0;10;15;7;15;19;10;8;17;9
90.0;10;15;7;16;19;10;9;15;9
96.0;10;16;6;15;20;11;9;14;9
102.0;11;16;7;13;20;12;9;14;8
108.0;10;15;8;12;21;11;10;15;8
114.0;7;14;7;10;24;13;11;16;8
120.0;6;14;7;12;24;10;12;16;9
126.0;7;15;6;14;24;11;11;14;8
132.0;8;15;8;13;24;11;10;16;5
138.0;5;14;8;12;25;12;10;18;6
144.0;5;14;6;13;26;12;9;19;6
150.0;5;13;6;13;26;13;9;19;6
156.0;5;14;5;13;27;13;8;19;6
162.0;5;13;6;12;27;13;9;18;7
168.0;6;11;5;14;27;12;10;18;7
174.0;5;12;4;12;28;12;11;18;8
180.0;7;12;4;12;28;13;10;16;8
186.0;7;12;4;12;29;13;6;16;11
192.0;7;14;4;11;28;13;4;17;12
198.0;8;14;4;11;28;11;5;17;12
204.0;9;13;4;13;29;11;4;17;10
210.0;7;13;5;13;29;11;5;16;11
216.0;6;13;5;13;29;13;5;15;11
222.0;6;11;6;13;28;14;5;16;11
228.0;6;11;7;13;29;15;5;13;11
234.0;4;14;7;12;29;15;6;13;10
240.0;4;14;6;12;30;13;7;13;11
246.0;4;16;6;11;30;12;6;14;11
252.0;4;16;6;11;32;12;5;14;10
258.0;6;15;6;11;33;12;5;13;9
264.0;6;15;6;12;33;11;4;13;10
270.0;7;14;6;11;34;11;4;14;9
276.0;5;15;3;11;36;11;4;16;9
282.0;8;14;2;9;37;10;3;17;10
288.0;7;15;2;9;37;12;2;19;7
294.0;8;14;3;8;38;12;2;17;8
300.0;7;14;4;8;38;14;2;18;5
306.0;6;14;3;9;39;15;1;17;6
312.0;6;14;3;8;39;14;3;18;5
318.0;5;14;3;7;43;12;3;18;5
324.0;5;13;4;8;43;12;3;17;5
330.0;5;13;5;6;44;11;3;18;5
336.0;4;13;4;6;46;12;3;18;4
342.0;4;13;3;8;46;12;3;17;4
348.0;5;12;3;8;46;10;4;18;4
354.0;5;12;4;8;47;8;4;19;3
360.0;5;12;4;10;46;9;4;17;3
366.0;5;12;2;9;48;8;6;17;3
372.0;6;12;1;10;46;7;8;16;4
378.0;6;13;3;10;46;7;7;15;3
384.0;5;14;4;9;46;9;7;14;2
390.0;4;14;5;9;46;9;6;14;3
396.0;5;13;6;8;48;9;6;13;2
402.0;4;13;5;9;49;8;6;14;2
408.0;5;12;3;10;48;9;6;14;3
414.0;5;12;3;8;49;9;6;14;4
420.0;5;11;3;9;51;7;7;14;3
426.0;5;11;3;9;51;7;7;14;3
432.0;5;10;2;10;49;8;7;14;5
438.0;6;10;2;10;50;7;6;13;6
444.0;6;11;3;10;48;8;4;13;7
450.0;6;10;4;7;50;9;4;13;7
456.0;7;11;5;6;50;7;4;14;6
462.0;6;11;4;6;52;9;3;13;6
468.0;6;11;4;6;51;10;3;13;6
474.0;4;11;4;5;54;10;3;13;6
480.0;5;11;4;5;54;9;3;15;4
486.0;5;12;3;5;54;8;4;13;6
492.0;5;11;3;4;55;9;5;12;6
498.0;5;10;4;5;54;11;4;11;6
504.0;5;10;3;4;55;10;5;11;7
510.0;8;9;3;3;55;10;5;10;7
516.0;9;10;3;3;55;10;4;9;7
522.0;6;11;3;4;57;8;5;9;7
528.0;5;13;3;4;56;8;7;7;7
534.0;4;14;2;5;56;8;7;7;7
540.0;4;13;4;5;55;8;7;7;7
546.0;3;13;3;5;56;9;8;7;6
552.0;3;12;3;5;55;10;8;7;7
558.0;3;12;3;6;54;9;7;8;8
564.0;4;11;3;6;55;8;7;8;8
570.0;4;12;3;8;55;8;6;8;6
576.0;4;12;4;7;55;7;6;9;6
582.0;4;12;5;7;55;7;6;9;5
588.0;3;10;5;8;55;8;6;10;5
594.0;3;11;5;8;54;9;5;11;4
600.0;3;10;5;8;54;10;5;11;4
606.0;3;10;4;9;54;9;5;13;3
612.0;2;9;4;11;53;9;5;12;5
618.0;2;9;6;10;54;8;6;11;4
624.0;2;10;5;8;54;9;7;12;3
630.0;2;11;6;8;54;7;7;12;3
636.0;2;11;7;9;54;5;7;11;4
642.0;3;11;6;8;54;4;7;13;4
648.0;3;10;6;8;55;4;7;13;4
654.0;3;10;5;8;57;4;6;13;4
660.0;3;10;4;8;57;4;5;13;6
666.0;3;11;4;6;58;4;6;12;6
672.0;2;11;4;7;58;4;6;11;7
678.0;3;10;5;8;58;4;4;11;7
684.0;3;10;5;8;58;4;4;12;6
690.0;5;10;4;7;58;5;5;11;5
696.0;4;10;4;7;57;7;6;10;5
702.0;5;8;4;7;58;8;7;9;4
708.0;4;9;4;7;57;9;8;9;3
714.0;3;8;5;6;57;10;9;9;3
720.0;3;8;5;9;57;6;9;10;3
726.0;3;7;6;10;57;5;9;10;3
732.0;3;7;6;9;58;4;8;11;4
738.0;3;7;6;9;59;4;8;10;4
744.0;3;7;4;10;59;4;10;10;3
750.0;3;8;4;9;59;4;10;10;3
756.0;3;7;4;7;59;5;11;10;4
762.0;3;5;3;7;60;8;9;11;4
768.0;3;4;3;8;60;9;6;11;6
774.0;2;4;3;9;60;9;6;11;6
780.0;2;4;2;10;60;8;7;12;5
786.0;3;5;2;10;60;8;6;11;5
792.0;3;5;2;9;62;8;5;11;5
798.0;4;5;3;7;64;7;5;10;5
804.0;4;5;3;8;63;7;5;11;4
810.0;4;6;3;8;63;7;5;10;4
816.0;5;6;2;6;64;7;5;11;4
822.0;4;6;4;7;64;9;3;11;2
828.0;4;7;5;7;62;9;2;12;2
834.0;4;7;6;8;60;9;2;11;3
840.0;4;6;5;10;59;10;4;9;3
846.0;4;7;6;9;59;8;4;10;3
852.0;4;7;7;10;57;10;4;10;1
858.0;3;7;6;10;58;12;2;10;2
864.0;5;8;5;8;58;13;2;9;2
870.0;7;9;3;8;58;12;2;9;2
876.0;7;9;3;8;59;12;2;8;2
882.0;7;10;3;8;57;12;2;9;2
888.0;6;11;2;9;56;13;3;8;2
894.0;7;11;2;9;54;12;4;9;2
900.0;7;11;1;9;53;13;5;9;2
906.0;8;11;1;10;53;12;5;8;2
912.0;8;11;1;9;55;11;5;8;2
918.0;6;11;1;8;53;14;6;8;3
924.0;4;10;2;8;53;15;6;8;4
930.0;5;9;3;7;54;13;6;8;5
936.0;8;8;4;6;52;13;5;7;7
942.0;8;10;4;6;52;13;5;6;6
948.0;8;8;5;7;53;12;6;6;5
954.0;8;8;5;7;50;14;7;6;5
960.0;6;10;6;7;51;14;5;7;4
966.0;5;10;7;8;51;14;5;7;3
972.0;5;9;8;8;49;14;6;7;4
978.0;5;12;8;9;49;13;4;6;4
984.0;7;12;8;9;48;12;5;6;3
990.0;7;12;8;9;49;11;5;6;3
996.0;9;10;8;8;49;12;5;5;4
1002.0;8;10;8;8;49;13;5;5;4
1008.0;8;11;8;7;49;11;5;5;6
1014.0;7;11;8;7;49;13;5;5;5
1020.0;8;11;6;7;49;12;6;4;7
1026.0;6;10;6;8;48;12;8;4;8
1032.0;8;10;6;7;47;14;8;5;5
1038.0;7;10;7;7;47;16;7;4;5
1044.0;8;11;7;7;46;15;8;5;3
1050.0;10;10;7;7;46;16;7;4;3
1056.0;9;10;6;8;46;17;7;5;2
1062.0;9;10;6;9;46;18;4;6;2
1068.0;8;10;6;11;47;16;4;5;3
1074.0;7;11;6;11;47;16;5;4;3
1080.0;7;10;6;12;45;19;2;6;3
1086.0;6;9;5;11;42;21;2;9;5
1092.0;7;8;5;11;42;19;4;9;5
1098.0;8;9;5;10;42;19;3;9;5
1104.0;9;10;5;10;41;19;5;7;4
1110.0;10;11;5;8;41;20;4;7;4
1116.0;11;11;5;9;39;18;6;7;4
1122.0;12;10;5;12;39;16;6;6;4
1128.0;11;9;5;12;40;16;7;6;4
1134.0;12;11;3;12;42;15;5;6;4
1140.0;12;11;3;12;42;15;5;6;4
1146.0;11;11;3;13;45;13;4;6;4
1152.0;10;11;5;13;43;12;4;8;4
1158.0;11;10;6;11;44;12;4;8;4
1164.0;11;10;7;10;44;11;4;9;4
1170.0;10;9;8;10;44;10;6;9;4
1176.0;8;9;7;10;45;10;8;9;4
1182.0;7;8;5;10;44;12;11;9;4
1188.0;7;8;6;10;43;12;11;9;4
1194.0;7;9;8;9;44;11;10;8;4
1200.0;6;10;9;8;44;13;9;7;4
1206.0;7;11;9;7;44;13;8;8;3
1212.0;8;11;9;7;44;13;7;8;3
1218.0;7;11;9;8;43;14;7;8;3
1224.0;7;11;10;9;43;13;7;7;3
1230.0;5;12;12;8;42;15;6;7;3
1236.0;7;12;12;7;44;13;5;8;2
1242.0;7;12;11;7;44;13;6;8;2
1248.0;5;13;12;8;44;12;5;9;2
1254.0;5;13;10;10;43;12;4;9;4
1260.0;6;12;11;11;43;11;4;8;4
1266.0;5;12;12;10;43;11;4;9;4
1272.0;5;12;12;11;42;11;4;9;4
1278.0;5;12;12;10;44;11;3;9;4
1284.0;6;12;13;9;45;11;3;8;3
1290.0;6;12;13;8;45;12;3;8;3
1296.0;6;12;12;9;44;13;3;8;3
1302.0;7;12;11;8;46;13;3;8;2
1308.0;6;11;10;9;47;12;4;8;3
1314.0;5;12;9;7;47;13;5;8;4
1320.0;6;13;6;7;47;13;5;9;4
1326.0;7;12;5;7;47;14;5;9;4
1332.0;9;10;4;7;49;13;5;9;4
1338.0;8;11;3;6;50;13;6;8;5
1344.0;8;10;3;6;48;12;8;8;7
1350.0;9;8;3;7;48;13;4;8;10
1356.0;8;7;3;8;46;14;5;11;8
1362.0;9;9;4;7;46;14;5;8;8
1368.0;8;10;4;8;46;15;4;8;7
1374.0;9;10;3;7;47;17;4;7;6
1380.0;9;10;3;7;47;17;4;7;6
1386.0;9;7;3;9;47;16;4;8;7
1392.0;9;9;4;6;48;15;4;9;6
1398.0;8;7;3;7;47;17;4;9;8
1404.0;7;8;4;8;46;17;3;9;8
1410.0;4;8;4;8;47;18;3;10;8
1416.0;3;7;3;11;48;17;4;10;7
1422.0;4;7;4;11;47;16;4;10;7
1428.0;3;7;3;11;50;14;4;11;7
1434.0;1;6;3;11;50;14;6;12;7
1440.0;1;5;4;11;50;13;6;12;8
1446.0;1;5;4;10;51;12;7;11;9
1452.0;1;5;3;10;52;11;6;12;10
1458.0;3;5;2;10;52;11;5;13;9
1464.0;3;4;2;10;52;11;5;13;10
1470.0;3;4;2;10;52;12;5;12;10
1476.0;5;4;2;12;51;11;4;12;9
1482.0;5;4;2;12;51;11;3;11;11
1488.0;6;5;2;13;50;12;3;10;9
1494.0;2;5;4;13;50;11;4;8;13
1500.0;3;6;5;12;50;10;4;8;12
1506.0;3;7;5;12;50;9;4;9;11
1512.0;4;7;5;12;50;8;4;9;11
1518.0;5;7;6;10;49;8;3;10;12
1524.0;6;6;6;10;49;8;3;11;11
1530.0;8;5;5;10;51;7;4;10;10
1536.0;8;5;4;10;52;7;3;11;10
1542.0;11;5;4;10;50;7;4;10;9
1548.0;10;5;5;9;50;8;5;9;9
1554.0;12;7;2;9;49;9;3;11;8
1560.0;11;8;2;9;47;9;3;12;9
1566.0;8;9;4;10;47;9;3;11;9
1572.0;7;11;3;12;47;8;2;11;9
1578.0;7;11;4;11;46;8;2;12;9
1584.0;8;11;4;10;46;8;2;11;10
1590.0;7;11;5;10;46;7;3;13;8
1596.0;7;11;5;11;45;7;3;13;8
1602.0;7;12;5;10;44;7;4;13;8
1608.0;6;12;5;10;43;8;4;13;9
1614.0;8;12;6;9;40;7;5;14;9
1620.0;6;12;7;11;41;6;5;13;9
1626.0;7;13;6;11;41;7;4;12;9
1632.0;7;11;6;10;42;8;5;13;8
1638.0;7;9;4;11;43;8;7;13;8
1644.0;6;8;5;13;43;8;7;13;7
1650.0;7;10;3;13;42;9;7;12;7
1656.0;8;11;2;13;42;9;7;12;6
1662.0;8;11;2;12;41;11;6;13;6
1668.0;6;12;3;12;41;11;7;13;5
1674.0;5;12;4;13;41;11;7;12;5
1680.0;5;13;4;13;41;10;7;13;4
1686.0;4;12;4;13;41;10;7;14;5
1692.0;5;13;3;13;44;9;4;14;5
1698.0;5;13;4;13;44;9;4;13;5
1704.0;4;12;5;12;44;11;3;14;5
1710.0;3;11;5;13;44;12;3;14;5
1716.0;3;10;5;12;44;15;3;14;4
1722.0;3;10;5;13;44;13;3;13;6
1728.0;4;10;5;11;45;14;4;12;5
1734.0;3;10;4;12;45;12;6;13;5
1740.0;3;10;4;12;45;12;5;13;6
1746.0;5;10;3;12;45;12;4;13;6
1752.0;5;9;6;12;45;10;4;13;6
1758.0;5;8;7;12;45;10;3;14;6
1764.0;3;9;6;14;45;10;2;15;6
1770.0;3;10;7;15;45;10;2;14;4
1776.0;3;11;7;14;45;11;2;14;3
1782.0;4;11;7;14;45;11;2;13;3
1788.0;5;10;9;13;45;12;3;11;2
1794.0;3;10;9;13;46;14;2;11;2
