#auto generated file!
12.0;19;21;19;25;19;21;21;17;18
18.0;19;20;20;24;24;21;19;16;17
24.0;20;19;17;23;26;21;19;18;17
30.0;21;19;17;23;26;21;21;16;16
36.0;22;20;17;23;27;17;22;15;17
42.0;21;16;17;25;30;16;24;15;16
48.0;20;16;19;28;30;18;19;16;14
54.0;19;18;19;28;31;20;17;15;13
60.0;22;17;18;29;30;22;17;12;13
66.0;21;16;16;29;31;23;14;12;18
72.0;22;16;17;27;32;20;17;11;18
78.0;20;15;17;25;33;21;17;11;21
84.0;21;14;17;23;33;22;17;13;20
90.0;20;14;16;24;35;22;18;13;18
96.0;20;15;15;23;36;22;17;12;20
102.0;20;13;15;21;39;23;16;15;18
108.0;20;13;14;21;41;22;17;17;15
114.0;17;12;13;22;43;22;19;18;14
120.0;16;13;14;23;44;23;16;17;14
126.0;16;12;13;23;45;22;12;21;16
132.0;16;14;12;22;45;23;12;19;17
138.0;16;15;11;23;45;22;11;20;17
144.0;14;16;9;24;47;24;9;19;18
150.0;15;17;9;24;46;25;10;18;16
156.0;14;19;6;25;46;27;9;19;15
162.0;11;18;5;26;48;27;11;19;15
168.0;10;18;6;27;49;29;11;17;13
174.0;10;18;6;28;48;29;9;17;15
180.0;10;18;7;29;50;27;7;19;13
186.0;10;19;5;30;50;28;8;18;12
192.0;11;20;4;30;52;26;9;17;11
198.0;11;20;5;29;52;26;8;18;11
204.0;11;19;7;26;54;26;10;16;11
210.0;11;21;6;26;55;26;8;17;10
216.0;11;21;5;28;55;27;8;17;8
222.0;11;21;6;29;56;26;8;17;6
228.0;11;21;7;29;56;24;8;17;7
234.0;11;24;6;29;56;22;8;18;6
240.0;9;23;7;30;56;23;9;16;7
246.0;8;23;7;29;58;26;6;14;9
252.0;7;23;7;28;60;26;6;14;9
258.0;5;21;6;27;60;26;6;16;13
264.0;4;24;6;25;60;26;7;14;14
270.0;4;24;6;25;63;25;7;13;13
276.0;4;24;6;22;64;26;7;14;13
282.0;6;25;8;20;63;24;8;13;13
288.0;5;28;7;22;62;22;9;14;11
294.0;5;26;7;24;61;22;9;14;12
300.0;6;26;5;25;60;21;10;13;14
306.0;6;25;6;23;59;21;10;14;16
312.0;8;24;7;22;60;19;9;15;16
318.0;8;26;7;23;60;20;7;14;15
324.0;8;26;7;21;62;21;7;13;15
330.0;11;26;7;22;63;18;10;11;12
336.0;11;26;7;21;63;18;11;10;13
342.0;11;28;9;21;61;17;10;10;13
348.0;13;28;8;22;61;19;8;10;11
354.0;12;28;10;20;62;18;7;11;12
360.0;11;28;11;19;62;16;7;10;16
366.0;12;27;11;19;63;15;6;11;16
372.0;12;27;10;20;63;16;5;13;14
378.0;10;25;12;19;67;15;6;13;13
384.0;8;25;11;19;67;16;6;14;14
390.0;8;24;10;20;66;18;6;14;14
396.0;8;25;11;23;65;17;6;15;10
402.0;7;25;9;22;65;17;7;19;9
408.0;8;22;7;22;65;19;9;19;9
414.0;8;23;8;19;65;19;11;18;9
420.0;8;22;8;19;65;20;11;18;9
426.0;9;21;7;22;63;19;12;20;7
432.0;8;20;7;23;64;20;13;18;7
438.0;8;20;6;22;65;20;13;19;7
444.0;9;18;5;20;66;22;14;19;7
450.0;6;17;7;21;67;19;16;20;7
456.0;8;16;7;21;65;19;16;21;7
462.0;9;14;7;21;65;20;16;20;8
468.0;8;14;8;20;66;20;15;20;9
474.0;9;15;8;19;68;19;17;19;6
480.0;8;16;9;19;68;19;17;20;4
486.0;9;17;7;20;68;18;16;19;6
492.0;8;17;8;20;69;18;17;18;5
498.0;8;17;8;19;69;19;17;18;5
504.0;8;18;8;19;70;18;14;21;4
510.0;7;17;10;18;71;18;13;22;4
516.0;8;16;9;18;73;18;15;19;4
522.0;8;16;8;17;72;18;16;19;6
528.0;6;16;8;19;74;18;16;18;5
534.0;6;17;9;20;75;14;14;20;5
540.0;6;19;9;20;74;15;13;19;5
546.0;7;16;8;20;74;15;14;19;7
552.0;9;15;5;19;74;17;13;19;9
558.0;8;16;3;18;74;17;14;20;10
564.0;7;18;3;18;76;14;14;20;10
570.0;6;18;4;18;74;13;15;21;11
576.0;5;19;4;19;74;11;17;21;10
582.0;7;20;6;18;74;12;14;21;8
588.0;8;20;6;21;72;11;12;23;7
594.0;8;20;5;23;70;11;12;23;8
600.0;8;20;8;23;71;11;10;21;8
606.0;7;22;6;22;72;12;11;21;7
612.0;6;21;5;22;73;12;11;21;9
618.0;7;20;6;23;73;12;10;21;8
624.0;7;20;4;23;72;12;10;23;9
630.0;8;18;5;24;72;13;9;23;8
636.0;8;16;4;25;73;15;8;22;9
642.0;8;17;4;22;75;15;9;21;9
648.0;8;18;4;24;74;16;8;20;8
654.0;6;18;4;24;76;17;8;19;8
660.0;7;18;3;21;76;17;8;21;9
666.0;7;18;4;22;77;18;6;18;10
672.0;6;18;3;24;78;17;5;19;10
678.0;5;19;4;23;79;18;5;20;7
684.0;6;19;3;22;79;19;3;21;8
690.0;6;18;5;22;80;15;5;23;6
696.0;6;17;5;23;82;13;4;22;8
702.0;5;19;5;22;80;12;5;24;8
708.0;6;18;7;23;80;11;5;22;8
714.0;6;18;7;22;81;11;8;20;7
720.0;6;16;8;22;80;12;10;20;6
726.0;6;16;8;22;81;11;9;20;7
732.0;6;16;10;22;79;11;8;20;8
738.0;7;16;10;21;78;11;8;20;9
744.0;7;15;10;21;77;10;8;21;11
750.0;9;14;9;22;76;11;9;21;9
756.0;9;15;9;21;76;10;10;22;8
762.0;10;15;10;21;76;11;7;21;9
768.0;8;15;11;18;78;15;7;19;9
774.0;8;14;12;16;79;15;6;21;9
780.0;6;16;15;12;81;15;5;20;10
786.0;6;15;13;13;79;17;8;20;9
792.0;6;15;13;13;79;17;9;20;8
798.0;7;13;10;17;79;18;8;20;8
804.0;9;14;10;15;77;18;9;18;10
810.0;10;17;10;14;76;18;8;18;9
816.0;9;18;8;14;77;18;11;18;7
822.0;8;19;8;15;77;19;10;17;7
828.0;9;19;8;15;77;19;9;16;8
834.0;9;18;10;17;74;18;9;16;9
840.0;11;18;10;16;74;20;8;15;8
846.0;10;18;9;16;74;21;9;15;8
852.0;11;18;9;15;73;21;11;13;9
858.0;10;20;7;15;72;22;13;12;9
864.0;11;20;8;14;71;19;12;18;7
870.0;9;21;4;13;73;20;12;18;10
876.0;8;23;6;13;72;21;9;19;9
882.0;7;21;5;16;74;20;9;19;9
888.0;6;21;6;16;72;18;11;19;11
894.0;5;21;8;17;71;17;12;19;10
900.0;7;20;10;16;74;16;12;15;10
906.0;6;21;9;17;74;19;9;15;10
912.0;7;21;8;17;72;19;10;15;11
918.0;7;21;8;15;72;19;11;15;12
924.0;6;22;8;14;74;19;11;15;11
930.0;5;21;8;13;76;20;10;17;10
936.0;6;21;9;12;76;20;10;17;9
942.0;7;17;10;13;78;18;10;16;11
948.0;7;18;10;15;77;17;9;16;11
954.0;7;18;9;14;77;17;10;17;11
960.0;8;16;8;16;78;17;9;18;10
966.0;8;17;9;16;77;16;6;20;11
972.0;9;17;8;18;75;16;6;19;12
978.0;9;16;8;17;74;16;6;20;14
984.0;9;16;8;20;74;17;5;19;12
990.0;10;17;7;18;75;17;6;18;12
996.0;12;15;11;17;74;14;7;18;12
1002.0;12;19;10;15;72;16;7;17;12
1008.0;12;19;10;17;71;15;7;17;12
1014.0;14;17;9;18;71;14;8;18;11
1020.0;13;17;10;17;72;14;9;18;10
1026.0;13;16;10;18;71;13;10;20;9
1032.0;13;17;6;20;71;14;9;21;9
1038.0;13;19;5;20;73;16;7;19;8
1044.0;11;20;5;20;73;18;7;21;5
1050.0;9;19;4;22;71;17;11;20;7
1056.0;9;22;3;22;69;18;9;22;6
1062.0;8;21;3;22;69;18;10;21;8
1068.0;9;19;2;21;70;18;11;20;10
1074.0;8;19;3;20;71;17;10;20;12
1080.0;8;20;4;19;71;17;11;19;11
1086.0;7;22;4;18;71;18;10;20;10
1092.0;7;22;7;19;68;21;8;19;9
1098.0;7;22;6;19;68;23;6;19;10
1104.0;8;22;6;20;67;21;8;18;10
1110.0;8;22;6;20;68;21;8;19;8
1116.0;8;21;7;19;68;22;7;19;9
1122.0;9;18;8;18;68;24;8;18;9
1128.0;10;18;7;18;72;24;6;18;7
1134.0;9;19;9;18;74;22;6;16;7
1140.0;8;20;12;17;73;22;5;16;7
1146.0;9;20;9;19;73;24;5;15;6
1152.0;12;19;7;20;77;18;5;15;7
1158.0;12;19;7;21;74;17;6;17;7
1164.0;13;18;8;21;73;18;5;18;6
1170.0;13;18;9;21;73;17;5;18;6
1176.0;11;16;9;22;75;18;4;20;5
1182.0;9;19;8;21;75;17;4;21;6
1188.0;9;19;8;21;76;17;4;21;5
1194.0;8;20;7;21;75;17;5;22;5
1200.0;10;20;7;20;73;17;4;23;6
1206.0;9;21;9;16;72;19;6;22;6
1212.0;9;23;7;13;72;18;7;23;8
1218.0;8;24;8;12;72;18;9;21;8
1224.0;8;23;9;12;73;17;9;22;7
1230.0;7;23;10;14;74;13;6;22;11
1236.0;5;21;11;13;73;13;9;23;12
1242.0;6;19;11;13;74;13;9;23;12
1248.0;5;21;14;16;70;13;7;23;11
1254.0;5;22;13;16;71;13;6;21;13
1260.0;6;22;13;15;71;13;6;21;13
1266.0;4;24;12;18;71;13;3;22;13
1272.0;4;24;11;18;71;13;4;23;12
1278.0;3;26;11;17;71;14;4;23;11
1284.0;4;25;10;17;73;12;5;24;10
1290.0;6;23;9;17;73;12;5;26;9
1296.0;7;23;7;18;74;12;5;25;9
1302.0;10;23;8;18;73;11;4;23;10
1308.0;10;24;7;16;74;12;4;24;9
1314.0;10;24;8;17;73;11;4;25;8
1320.0;10;23;6;17;75;13;3;25;8
1326.0;11;23;7;17;76;12;4;22;8
1332.0;12;23;7;19;76;10;4;21;8
1338.0;11;23;7;20;76;9;4;22;8
1344.0;11;21;7;20;78;7;8;19;9
1350.0;8;23;8;22;78;6;8;18;9
1356.0;8;23;7;25;77;6;9;17;8
1362.0;8;22;7;22;77;5;10;16;13
1368.0;6;22;7;21;78;6;10;17;13
1374.0;5;22;7;21;79;6;9;18;13
1380.0;6;23;6;22;77;7;9;17;13
1386.0;5;21;5;20;80;11;8;18;12
1392.0;5;20;4;19;79;12;8;21;12
1398.0;5;21;6;20;75;15;7;19;12
1404.0;5;21;5;20;75;15;8;21;10
1410.0;5;20;5;21;74;16;7;20;12
1416.0;6;20;5;20;76;15;6;17;15
1422.0;5;21;6;21;76;16;6;17;12
1428.0;7;19;7;19;75;16;9;18;10
1434.0;8;17;10;19;74;16;9;18;9
1440.0;9;14;9;18;74;15;11;21;9
1446.0;6;17;9;19;77;14;10;20;8
1452.0;8;17;7;19;77;14;10;20;8
1458.0;8;17;8;19;76;14;10;20;8
1464.0;7;18;7;18;76;14;11;21;8
1470.0;8;16;7;16;77;15;8;24;9
1476.0;8;17;6;18;76;15;8;22;10
1482.0;10;17;6;16;76;16;9;20;10
1488.0;10;16;7;15;77;16;9;19;11
1494.0;9;15;7;16;77;18;8;19;11
1500.0;10;16;7;16;76;18;7;20;10
1506.0;12;16;6;17;77;15;7;18;12
1512.0;10;16;6;17;78;15;6;20;12
1518.0;6;17;7;15;80;15;7;19;14
1524.0;7;16;7;14;79;15;6;20;16
1530.0;8;18;7;15;80;12;6;19;15
1536.0;9;18;8;15;80;11;6;19;14
1542.0;10;17;8;15;78;12;7;19;14
1548.0;11;14;9;16;78;12;7;19;14
1554.0;11;15;8;17;76;12;8;18;15
1560.0;11;15;11;17;74;13;8;18;13
1566.0;11;14;12;18;76;13;6;18;12
1572.0;11;14;12;16;79;13;7;16;12
1578.0;10;14;10;18;79;12;7;20;10
1584.0;10;15;10;17;79;12;7;19;11
1590.0;10;13;9;16;81;13;8;19;11
1596.0;10;14;9;18;81;12;7;19;10
1602.0;10;14;9;18;81;11;8;20;9
1608.0;10;14;8;17;80;12;8;20;11
1614.0;9;13;9;17;82;12;8;20;10
1620.0;10;14;9;16;83;11;8;20;9
1626.0;12;15;8;17;84;9;8;19;8
1632.0;12;14;10;17;84;9;8;18;8
1638.0;13;13;10;16;83;11;7;19;8
1644.0;13;14;8;14;83;12;7;21;8
1650.0;14;14;7;14;83;11;10;20;7
1656.0;15;14;8;13;83;13;9;19;6
1662.0;14;17;10;11;80;15;8;19;6
1668.0;14;16;10;11;78;14;9;20;8
1674.0;12;15;12;15;78;12;8;20;8
1680.0;13;14;13;16;78;10;9;19;8
1686.0;13;14;13;16;78;10;9;19;8
1692.0;12;14;11;18;78;10;11;18;8
1698.0;13;13;12;18;76;11;12;18;7
1704.0;16;14;11;17;77;10;12;17;6
1710.0;14;13;10;18;78;10;11;18;8
1716.0;15;14;8;18;77;10;10;20;8
1722.0;13;12;8;18;77;10;11;22;9
1728.0;12;11;9;17;76;12;11;23;9
1734.0;9;12;11;18;74;13;12;22;9
1740.0;8;12;10;17;75;15;13;21;9
1746.0;8;13;9;15;74;15;14;21;11
1752.0;9;11;9;16;75;16;13;20;11
1758.0;6;10;9;17;76;18;14;19;11
1764.0;4;12;10;17;76;19;14;18;10
1770.0;4;14;8;17;77;18;14;18;10
1776.0;3;15;8;17;78;17;14;18;10
1782.0;3;15;10;17;77;17;13;18;10
1788.0;3;15;11;15;77;20;12;17;10
1794.0;4;18;10;13;78;21;10;15;11
