#auto generated file!
12.0;40;41;44;43;34;47;51;52;48
18.0;41;40;42;43;39;51;48;53;43
24.0;38;40;38;46;40;52;51;53;42
30.0;34;38;36;46;46;55;51;54;40
36.0;33;38;39;46;51;57;48;51;37
42.0;32;39;40;49;54;53;46;54;33
48.0;29;43;39;53;57;50;46;53;30
54.0;28;45;36;54;58;48;43;55;33
60.0;31;51;35;51;64;48;39;50;31
66.0;32;45;35;46;69;48;35;52;38
72.0;32;49;33;45;70;51;31;53;36
78.0;31;52;35;46;70;48;32;53;33
84.0;34;51;35;48;73;49;29;52;29
90.0;34;51;34;48;75;46;28;52;32
96.0;31;53;33;49;76;47;26;52;33
102.0;29;49;35;51;81;48;19;55;33
108.0;31;50;35;49;80;50;20;55;30
114.0;28;49;40;51;83;46;19;57;27
120.0;24;50;37;48;86;50;19;56;30
126.0;25;47;38;45;88;46;18;58;35
132.0;29;48;35;47;87;47;19;56;32
138.0;30;48;39;45;89;47;19;54;29
144.0;29;46;36;47;91;47;15;57;32
150.0;30;50;34;44;94;46;18;51;33
156.0;28;49;30;45;95;48;20;50;35
162.0;29;47;32;47;98;46;22;47;32
168.0;24;48;26;47;102;47;29;48;29
174.0;23;48;29;44;107;46;27;46;30
180.0;24;49;29;42;109;44;24;48;31
186.0;24;50;28;45;112;39;23;50;29
192.0;24;50;31;46;114;36;22;47;30
198.0;22;48;35;46;116;39;20;50;24
204.0;21;47;29;47;119;42;22;49;24
210.0;21;44;28;46;123;42;23;49;24
216.0;22;44;33;44;122;41;21;49;24
222.0;21;42;31;47;126;37;23;49;24
228.0;19;44;32;46;125;36;22;52;24
234.0;21;43;32;43;127;38;21;50;25
240.0;19;45;34;41;128;40;21;45;27
246.0;18;44;33;42;130;40;23;45;25
252.0;23;41;29;40;133;40;22;45;27
258.0;24;41;25;40;136;41;19;45;29
264.0;26;43;26;42;134;37;20;44;28
270.0;30;40;24;41;135;36;20;46;28
276.0;31;40;23;40;137;37;22;44;26
282.0;28;43;24;37;137;35;25;42;29
288.0;29;39;26;33;141;35;23;43;31
294.0;31;41;25;36;141;37;20;39;30
300.0;29;43;27;35;143;36;20;38;29
306.0;29;42;28;32;145;37;21;38;28
312.0;30;43;27;34;145;37;21;37;26
318.0;31;43;29;32;149;36;21;35;24
324.0;32;39;30;35;149;35;23;32;25
330.0;31;38;32;31;150;35;21;34;28
336.0;29;38;32;33;150;36;19;35;28
342.0;27;35;33;32;152;38;18;36;29
348.0;26;37;30;31;152;37;17;39;31
354.0;25;36;30;30;150;39;16;43;31
360.0;24;34;29;31;152;42;18;42;28
366.0;23;31;27;35;153;43;19;42;27
372.0;24;30;28;33;151;42;21;45;26
378.0;27;34;23;38;148;42;22;44;22
384.0;28;36;24;36;146;41;24;43;22
390.0;29;37;22;33;149;38;25;45;22
396.0;32;37;20;32;149;39;21;45;25
402.0;31;35;22;33;148;38;23;44;26
408.0;32;33;20;37;145;40;23;45;25
414.0;29;34;21;36;148;37;24;49;22
420.0;26;34;19;37;149;37;25;52;21
426.0;25;36;20;37;148;37;26;49;22
432.0;21;37;17;39;149;35;26;52;24
438.0;19;37;19;44;145;35;28;50;23
444.0;18;36;20;43;145;38;27;50;23
450.0;21;36;22;39;146;39;26;47;24
456.0;23;34;22;39;148;39;24;47;24
462.0;17;36;20;44;150;43;20;46;24
468.0;18;33;19;42;152;41;22;48;25
474.0;17;33;19;43;155;40;21;48;24
480.0;17;31;21;44;157;41;20;47;22
486.0;18;32;20;44;162;41;20;44;19
492.0;20;30;22;43;163;44;17;40;21
498.0;20;30;21;43;162;43;16;42;23
504.0;19;33;22;40;164;39;15;44;24
510.0;18;33;21;43;162;40;14;44;25
516.0;17;31;23;48;161;41;15;41;23
522.0;17;32;28;44;160;43;16;40;20
528.0;17;33;29;44;162;45;13;41;16
534.0;17;34;25;45;161;44;11;42;21
540.0;17;35;24;44;160;46;13;42;19
546.0;16;34;22;46;160;47;12;45;18
552.0;18;33;23;40;160;47;13;46;20
558.0;16;37;22;40;161;46;14;46;18
564.0;15;38;26;40;161;45;16;43;16
570.0;16;41;26;39;159;42;18;43;16
576.0;21;44;25;37;159;43;13;42;16
582.0;22;43;24;37;157;47;13;42;15
588.0;22;40;24;39;157;44;15;44;15
594.0;19;41;24;33;158;45;17;44;19
600.0;21;39;24;33;158;45;20;43;17
606.0;23;38;20;34;159;46;22;43;15
612.0;22;37;21;37;156;44;27;41;15
618.0;25;37;24;36;152;42;29;38;17
624.0;26;40;23;36;150;41;33;38;13
630.0;26;39;23;33;150;44;32;40;13
636.0;25;40;24;35;151;42;27;42;14
642.0;27;40;24;36;155;42;24;40;12
648.0;29;41;22;37;157;40;24;38;12
654.0;30;41;23;35;156;38;24;38;15
660.0;24;42;22;41;158;39;25;40;9
666.0;25;43;19;41;156;39;25;41;11
672.0;23;43;17;43;158;39;26;41;10
678.0;25;39;18;40;160;39;28;39;12
684.0;20;39;17;38;164;42;29;40;11
690.0;19;41;16;38;162;45;27;40;12
696.0;16;44;18;36;164;41;29;41;11
702.0;19;42;19;37;164;38;29;40;12
708.0;20;41;18;37;164;39;27;40;14
714.0;22;41;22;37;166;35;26;38;13
720.0;21;44;20;40;166;32;26;38;13
726.0;18;43;21;41;166;34;26;37;14
732.0;17;45;21;43;165;33;25;36;15
738.0;16;42;21;41;167;34;25;39;15
744.0;14;42;20;44;166;34;24;40;16
750.0;13;39;23;44;169;35;21;39;17
756.0;12;39;22;46;169;33;21;41;17
762.0;15;36;22;47;173;34;17;39;17
768.0;15;37;20;45;177;34;20;37;15
774.0;15;33;18;44;182;36;20;36;16
780.0;14;31;18;42;183;38;20;36;18
786.0;14;32;20;39;180;40;20;37;18
792.0;13;33;21;41;182;37;21;37;15
798.0;16;33;20;42;180;36;21;39;13
804.0;17;34;18;43;179;38;23;37;11
810.0;16;34;17;44;177;39;23;36;14
816.0;16;34;20;41;178;39;23;35;14
822.0;18;36;22;41;175;38;22;35;13
828.0;17;37;22;41;173;37;22;35;16
834.0;18;36;23;43;174;35;20;34;17
840.0;21;40;23;39;174;32;22;33;16
846.0;20;38;25;38;174;32;22;35;16
852.0;19;36;28;38;173;32;21;38;15
858.0;21;36;27;39;172;34;19;38;14
864.0;20;34;24;40;176;35;20;38;13
870.0;19;36;23;39;176;36;20;37;14
876.0;18;39;21;39;178;36;19;38;12
882.0;18;36;25;39;179;34;21;36;12
888.0;18;35;24;41;180;34;21;36;11
894.0;15;37;22;39;180;34;20;40;13
900.0;16;37;26;37;177;36;21;35;15
906.0;17;34;22;37;176;35;25;35;19
912.0;15;34;25;38;179;35;21;34;19
918.0;17;31;27;36;178;35;24;32;20
924.0;17;31;29;36;178;33;24;33;19
930.0;17;30;30;34;179;33;27;32;18
936.0;18;32;27;34;179;35;27;31;17
942.0;15;33;26;33;180;39;27;26;21
948.0;16;34;27;31;180;40;27;24;21
954.0;18;35;28;32;179;35;24;26;23
960.0;22;34;24;33;180;35;22;30;20
966.0;19;34;24;34;179;31;22;33;24
972.0;22;33;20;35;178;33;22;33;24
978.0;22;36;21;32;179;32;21;33;24
984.0;19;36;19;34;178;36;22;34;22
990.0;19;37;18;31;178;35;23;38;21
996.0;19;36;21;36;178;34;21;35;20
1002.0;21;36;21;35;177;34;22;34;20
1008.0;19;37;21;37;178;35;19;34;20
1014.0;20;37;21;35;178;35;19;35;20
1020.0;22;38;26;34;180;34;16;30;20
1026.0;22;37;25;36;179;38;16;27;20
1032.0;20;42;26;35;176;41;15;27;18
1038.0;20;38;26;39;177;43;15;27;15
1044.0;21;38;25;36;177;46;15;28;14
1050.0;19;41;29;34;178;45;14;29;11
1056.0;17;38;29;34;179;48;12;31;12
1062.0;16;40;27;36;177;49;13;31;11
1068.0;16;40;26;38;174;47;15;32;12
1074.0;16;38;26;40;174;46;16;33;11
1080.0;17;38;26;38;172;44;19;30;16
1086.0;18;38;24;38;173;44;18;32;15
1092.0;20;37;21;37;174;44;17;35;15
1098.0;22;39;20;35;175;46;16;34;13
1104.0;21;42;24;34;175;46;13;32;13
1110.0;23;44;21;35;172;49;14;31;11
1116.0;21;44;19;35;174;47;14;34;12
1122.0;23;41;16;33;174;46;17;36;14
1128.0;24;42;17;33;175;46;16;34;13
1134.0;23;43;17;35;176;42;17;34;13
1140.0;22;44;16;36;175;38;18;37;14
1146.0;20;46;15;33;172;42;17;36;19
1152.0;19;47;16;33;172;43;17;33;20
1158.0;20;48;15;33;169;43;15;36;21
1164.0;17;50;18;34;168;41;15;36;21
1170.0;17;48;17;36;170;41;15;33;23
1176.0;18;47;20;33;170;40;17;35;20
1182.0;18;49;22;34;170;41;14;35;17
1188.0;19;46;21;34;172;41;14;34;19
1194.0;19;48;19;33;174;40;15;34;18
1200.0;17;46;21;35;173;42;13;33;20
1206.0;19;43;20;37;170;42;14;32;23
1212.0;16;43;22;38;170;44;15;29;23
1218.0;14;43;20;39;170;42;17;28;27
1224.0;16;44;19;38;168;42;18;28;27
1230.0;12;47;18;37;169;44;22;27;24
1236.0;16;46;17;34;167;40;28;29;23
1242.0;16;47;17;35;167;36;26;31;25
1248.0;16;51;16;34;166;38;24;30;25
1254.0;16;52;17;38;168;36;24;27;22
1260.0;17;55;17;41;167;34;19;30;20
1266.0;18;57;19;42;165;33;18;29;19
1272.0;16;56;15;40;167;40;20;29;17
1278.0;16;61;15;39;167;39;19;26;18
1284.0;15;59;18;39;169;34;18;30;18
1290.0;17;57;17;40;166;35;18;30;20
1296.0;19;57;15;40;164;40;18;29;18
1302.0;19;57;18;39;162;40;20;28;17
1308.0;19;56;15;41;164;38;19;32;16
1314.0;19;52;17;41;162;38;21;34;16
1320.0;19;51;18;40;160;40;21;33;18
1326.0;22;52;18;37;160;38;20;36;17
1332.0;22;50;19;43;160;37;19;33;17
1338.0;20;51;20;39;164;37;19;34;16
1344.0;17;50;23;43;164;34;20;33;16
1350.0;16;48;23;43;164;36;22;32;16
1356.0;13;49;22;44;163;36;24;33;16
1362.0;13;48;22;43;164;39;24;31;16
1368.0;12;48;21;44;164;41;24;30;16
1374.0;18;43;20;43;166;41;21;30;18
1380.0;17;44;18;43;164;41;23;32;18
1386.0;16;43;16;42;169;39;25;32;18
1392.0;17;43;16;39;170;38;23;35;19
1398.0;20;43;17;35;169;37;21;37;21
1404.0;18;43;14;38;171;38;20;40;18
1410.0;18;41;14;38;171;38;21;39;20
1416.0;16;41;15;41;173;35;18;40;21
1422.0;18;39;16;41;174;36;19;39;18
1428.0;14;43;14;42;175;37;18;39;18
1434.0;14;44;17;42;173;38;16;40;16
1440.0;15;43;17;40;174;41;14;38;18
1446.0;14;45;18;38;172;41;17;38;17
1452.0;14;45;18;35;169;41;18;40;20
1458.0;13;37;20;36;169;43;20;41;21
1464.0;15;38;25;36;169;42;19;39;17
1470.0;15;36;24;36;167;47;21;39;15
1476.0;15;35;28;37;169;45;20;40;11
1482.0;16;37;27;39;170;42;20;38;11
1488.0;18;36;25;37;170;45;19;36;14
1494.0;17;38;22;37;170;46;19;37;14
1500.0;17;39;20;34;171;48;21;35;15
1506.0;15;41;19;34;171;46;22;34;18
1512.0;15;42;18;37;172;45;19;33;19
1518.0;13;39;15;38;172;45;20;36;22
1524.0;15;37;13;37;176;48;20;32;22
1530.0;18;39;15;34;173;48;20;31;22
1536.0;19;41;15;35;173;45;19;30;23
1542.0;21;41;17;36;173;45;18;28;21
1548.0;18;42;16;36;174;45;17;28;24
1554.0;18;41;14;39;176;45;18;27;22
1560.0;19;41;12;36;180;47;17;26;22
1566.0;20;41;11;35;179;49;15;28;22
1572.0;18;41;11;36;178;48;16;28;24
1578.0;21;40;11;36;178;48;16;29;21
1584.0;19;42;10;36;179;49;15;28;22
1590.0;21;41;11;35;180;47;13;30;22
1596.0;19;42;11;36;182;45;15;28;22
1602.0;20;43;11;35;184;45;13;28;21
1608.0;21;35;14;34;184;46;14;29;23
1614.0;21;35;11;34;183;49;11;31;25
1620.0;22;36;9;36;183;48;12;29;25
1626.0;25;36;7;35;181;51;12;29;24
1632.0;32;39;6;32;177;46;12;29;27
1638.0;32;37;7;36;176;45;13;29;25
1644.0;33;36;9;37;176;43;12;29;25
1650.0;35;37;10;39;173;40;15;28;23
1656.0;33;37;12;39;174;40;16;29;20
1662.0;32;34;13;40;174;43;16;29;19
1668.0;32;32;16;40;170;45;17;30;18
1674.0;30;33;16;39;172;46;19;29;16
1680.0;26;32;15;38;175;48;21;29;16
1686.0;22;33;16;38;177;50;18;30;16
1692.0;21;32;22;36;178;46;16;33;16
1698.0;20;32;19;35;177;49;18;34;16
1704.0;19;32;19;35;178;50;18;33;16
1710.0;17;35;17;38;180;48;17;30;18
1716.0;19;33;19;38;177;43;21;30;20
1722.0;19;33;18;42;177;41;24;28;18
1728.0;19;33;15;42;179;41;26;27;18
1734.0;19;34;12;40;181;42;24;28;20
1740.0;20;32;12;40;182;42;23;30;19
1746.0;18;33;11;40;186;41;21;33;17
1752.0;19;33;12;37;185;39;23;33;19
1758.0;17;32;15;38;185;39;19;32;23
1764.0;18;31;14;39;185;39;18;34;22
1770.0;20;30;14;40;187;35;19;34;21
1776.0;18;32;15;40;186;38;17;33;21
1782.0;15;35;15;41;185;41;13;34;21
1788.0;15;39;15;39;184;41;12;33;22
1794.0;16;38;16;38;184;42;11;33;22
