#auto generated file!
12.0;52;50;52;68;67;56;50;57;48
18.0;50;48;51;67;74;56;49;58;47
24.0;45;50;52;65;77;58;51;57;45
30.0;45;49;57;65;74;57;51;57;45
36.0;48;50;59;63;76;57;44;57;46
42.0;48;48;57;61;78;57;46;60;45
48.0;44;48;56;60;80;55;48;60;49
54.0;39;52;54;60;82;56;46;63;48
60.0;38;51;55;61;87;59;43;62;44
66.0;36;51;53;60;92;60;41;64;43
72.0;38;49;49;61;90;61;41;68;43
78.0;33;47;55;60;93;64;42;66;40
84.0;35;47;53;65;97;64;38;66;35
90.0;34;49;52;61;100;64;36;69;35
96.0;32;53;51;59;105;63;35;69;33
102.0;29;58;51;56;107;61;36;69;33
108.0;28;59;47;58;105;61;38;73;31
114.0;26;57;47;60;106;67;38;70;29
120.0;25;57;43;62;108;67;39;69;30
126.0;27;63;34;58;114;66;38;70;30
132.0;27;63;32;57;115;64;41;71;30
138.0;28;66;32;57;112;63;40;70;32
144.0;29;68;31;54;116;65;39;65;33
150.0;29;66;33;56;115;64;40;64;33
156.0;27;68;29;57;117;68;38;64;32
162.0;26;65;27;58;119;68;35;65;37
168.0;23;66;26;62;123;61;34;70;35
174.0;25;66;26;61;129;63;29;66;35
180.0;23;64;29;57;137;62;30;66;32
186.0;27;59;30;56;140;58;29;70;31
192.0;28;56;28;58;141;58;30;73;28
198.0;27;55;32;64;142;56;27;67;30
204.0;33;57;31;61;145;53;26;68;26
210.0;31;54;34;61;147;57;22;66;28
216.0;32;58;35;56;151;54;19;67;28
222.0;31;57;35;53;148;58;22;70;26
228.0;28;61;34;51;147;55;28;72;24
234.0;22;65;35;50;148;57;28;71;24
240.0;23;64;33;54;153;54;26;71;22
246.0;21;68;31;51;153;52;33;73;18
252.0;23;69;29;49;154;49;34;72;21
258.0;24;67;25;51;158;49;35;70;21
264.0;23;69;25;53;156;50;33;69;22
270.0;26;70;27;52;157;47;33;66;22
276.0;25;73;29;55;156;47;31;64;20
282.0;25;77;28;54;157;45;27;65;22
288.0;28;77;30;52;157;46;24;62;24
294.0;29;75;30;53;158;47;22;62;24
300.0;30;75;31;52;158;46;22;62;24
306.0;27;75;30;54;160;45;24;63;22
312.0;27;73;33;52;163;44;23;61;24
318.0;25;73;28;53;164;44;25;65;23
324.0;22;72;29;55;162;47;26;65;22
330.0;19;67;30;61;160;49;23;64;27
336.0;19;64;35;61;161;50;22;63;25
342.0;16;63;35;62;165;52;23;60;24
348.0;16;62;36;60;167;52;23;59;25
354.0;17;63;35;58;167;53;22;61;24
360.0;19;67;30;56;167;52;23;60;26
366.0;17;66;28;56;171;53;25;56;28
372.0;17;67;28;54;171;51;24;58;30
378.0;19;67;26;54;174;49;24;58;29
384.0;23;67;26;52;173;48;28;57;26
390.0;25;68;27;54;173;47;28;53;25
396.0;23;67;30;51;179;46;29;49;26
402.0;25;69;26;52;179;47;26;48;28
408.0;31;63;28;54;179;49;25;46;25
414.0;32;62;26;55;181;46;27;49;22
420.0;31;59;28;59;181;44;27;48;23
426.0;31;59;27;60;180;45;26;47;25
432.0;25;57;31;59;178;45;28;48;29
438.0;31;55;29;62;180;42;29;46;26
444.0;29;55;29;61;179;47;27;47;26
450.0;26;57;30;60;177;50;25;47;28
456.0;26;58;33;62;178;49;24;46;24
462.0;26;55;33;60;179;50;26;46;25
468.0;28;56;32;60;181;50;26;42;25
474.0;24;52;29;58;184;54;27;45;27
480.0;26;51;29;60;186;51;25;46;26
486.0;26;51;27;59;188;52;23;49;25
492.0;26;51;29;58;190;50;22;51;23
498.0;24;52;31;56;192;50;18;51;26
504.0;28;51;32;57;192;48;18;51;23
510.0;27;48;34;58;192;45;20;53;23
516.0;26;54;32;60;191;46;17;51;23
522.0;26;56;31;60;188;47;19;52;21
528.0;27;58;33;58;185;46;17;52;24
534.0;25;58;34;57;188;47;19;49;23
540.0;18;55;34;56;194;48;21;47;27
546.0;22;56;32;55;193;49;25;47;21
552.0;23;57;35;51;197;51;23;43;20
558.0;24;55;36;54;197;52;26;41;15
564.0;24;52;37;52;198;54;26;41;16
570.0;26;50;36;52;200;54;28;38;16
576.0;23;51;33;51;202;54;26;43;17
582.0;23;49;29;53;202;52;25;46;21
588.0;23;48;25;57;202;52;26;47;20
594.0;21;47;25;60;205;50;26;47;19
600.0;21;49;26;56;205;53;26;46;18
606.0;21;50;24;56;206;55;27;44;17
612.0;24;46;25;54;203;54;29;44;21
618.0;21;47;26;54;199;55;29;45;24
624.0;21;45;22;51;200;53;33;45;30
630.0;19;45;21;50;199;57;34;45;30
636.0;17;48;25;47;200;57;31;47;28
642.0;17;46;27;48;199;59;32;47;25
648.0;17;44;31;47;199;61;29;49;23
654.0;17;44;30;48;197;61;27;52;24
660.0;17;42;30;50;195;61;28;55;22
666.0;18;42;28;50;194;58;31;56;23
672.0;19;41;27;51;194;58;35;57;18
678.0;18;46;28;46;200;52;36;54;20
684.0;19;46;28;49;201;52;31;55;19
690.0;18;44;27;49;200;52;31;55;24
696.0;22;42;28;48;200;52;29;54;25
702.0;18;43;26;49;200;55;28;57;24
708.0;24;43;25;46;202;56;26;56;22
714.0;22;45;20;45;202;58;29;54;25
720.0;20;45;21;43;204;57;32;53;25
726.0;18;47;19;44;203;59;31;53;26
732.0;20;46;17;45;206;61;28;50;27
738.0;20;46;21;45;205;60;27;51;25
744.0;22;44;21;45;204;61;27;53;23
750.0;23;48;25;42;203;59;27;54;19
756.0;22;49;26;42;204;55;32;52;18
762.0;26;47;26;42;207;53;31;51;17
768.0;28;48;22;45;208;50;34;50;15
774.0;25;51;22;45;206;50;30;55;16
780.0;22;55;21;47;206;50;31;53;15
786.0;23;54;18;44;208;54;27;54;18
792.0;22;55;19;43;210;51;23;57;20
798.0;24;51;22;40;212;47;24;58;22
804.0;19;50;21;44;212;47;26;58;23
810.0;16;53;19;44;213;48;28;57;22
816.0;16;49;18;46;213;47;33;57;21
822.0;13;52;19;49;212;49;29;56;21
828.0;15;49;19;54;215;44;27;56;21
834.0;16;45;19;53;216;45;29;56;21
840.0;17;43;21;53;218;42;27;58;21
846.0;20;43;20;55;218;41;26;58;19
852.0;19;40;21;56;219;42;28;57;18
858.0;19;40;21;55;219;41;28;58;19
864.0;17;41;20;54;221;42;27;58;20
870.0;17;43;23;52;217;43;25;58;22
876.0;19;46;16;58;214;42;27;56;22
882.0;20;45;18;55;217;40;27;53;25
888.0;21;45;18;53;215;44;27;53;24
894.0;21;48;18;49;215;46;25;55;23
900.0;20;49;17;50;216;46;24;56;22
906.0;18;46;17;54;217;44;24;55;25
912.0;18;45;18;55;217;42;23;56;26
918.0;20;43;17;56;218;45;22;56;23
924.0;17;44;17;58;216;48;19;58;23
930.0;21;44;15;56;214;51;18;57;24
936.0;21;46;14;56;215;50;19;55;24
942.0;23;47;15;58;215;47;18;53;24
948.0;23;47;15;59;215;43;20;52;26
954.0;24;47;16;60;216;42;19;50;26
960.0;24;50;16;57;217;43;20;51;22
966.0;23;50;14;55;221;42;23;50;22
972.0;27;48;12;55;221;43;23;49;22
978.0;29;50;10;56;222;45;21;45;22
984.0;29;51;9;53;225;47;19;43;24
990.0;32;45;9;53;224;49;24;41;23
996.0;28;49;9;55;224;49;22;41;23
1002.0;27;47;10;58;227;47;20;40;24
1008.0;24;51;12;54;223;51;19;44;22
1014.0;26;49;12;56;220;53;19;43;22
1020.0;26;46;14;54;217;57;20;44;22
1026.0;22;46;17;52;217;60;20;44;22
1032.0;19;44;18;53;216;63;21;43;23
1038.0;19;44;16;56;216;66;22;41;20
1044.0;19;42;19;56;217;62;21;40;24
1050.0;20;39;21;59;213;63;20;41;24
1056.0;20;38;21;57;212;66;21;42;23
1062.0;21;41;21;54;213;63;23;43;21
1068.0;23;43;21;56;213;60;19;42;23
1074.0;26;40;21;57;212;58;19;46;21
1080.0;23;40;22;56;211;57;20;47;24
1086.0;24;39;22;57;210;58;22;45;23
1092.0;24;39;19;57;212;57;24;43;25
1098.0;26;38;20;53;215;57;22;43;26
1104.0;29;38;20;52;215;55;21;43;27
1110.0;27;38;21;50;217;56;24;42;25
1116.0;23;40;21;49;221;56;22;40;28
1122.0;24;41;18;49;222;52;23;43;28
1128.0;19;42;22;49;217;53;25;45;28
1134.0;21;44;24;46;217;53;24;43;28
1140.0;21;47;23;48;215;48;24;43;31
1146.0;21;48;25;48;217;48;19;44;30
1152.0;20;49;23;47;218;50;20;43;30
1158.0;21;49;23;49;217;49;20;41;31
1164.0;22;51;24;47;217;46;20;43;30
1170.0;21;51;26;47;218;47;25;40;25
1176.0;23;52;27;47;214;47;25;39;26
1182.0;23;49;25;46;217;49;24;39;28
1188.0;25;44;23;48;218;48;24;42;28
1194.0;27;44;24;49;220;48;22;40;26
1200.0;26;44;26;48;219;47;24;42;24
1206.0;26;46;28;48;219;45;22;40;26
1212.0;28;44;27;47;215;44;23;41;31
1218.0;28;44;32;49;212;44;19;41;31
1224.0;30;48;32;48;210;45;18;40;29
1230.0;28;51;31;50;214;43;16;38;29
1236.0;25;50;31;49;215;43;15;39;33
1242.0;25;48;28;53;213;44;16;39;34
1248.0;28;49;27;52;211;44;15;40;34
1254.0;26;45;26;54;211;44;19;41;34
1260.0;29;43;22;55;211;43;20;43;34
1266.0;34;43;21;52;212;42;22;42;32
1272.0;34;40;20;49;217;44;18;47;31
1278.0;35;38;22;48;217;43;21;47;29
1284.0;36;38;22;49;220;41;22;48;24
1290.0;38;37;19;52;217;40;26;49;22
1296.0;38;39;18;50;216;40;31;45;23
1302.0;36;41;18;50;214;43;29;45;24
1308.0;34;41;24;50;214;45;27;46;19
1314.0;30;45;24;51;214;44;26;47;19
1320.0;28;45;22;44;215;45;28;51;22
1326.0;29;45;22;45;214;44;29;49;23
1332.0;30;47;24;47;213;45;24;48;22
1338.0;28;49;23;47;217;44;24;48;20
1344.0;27;48;23;46;220;47;24;47;18
1350.0;28;50;23;45;215;50;24;47;18
1356.0;25;50;24;45;216;50;25;48;17
1362.0;24;52;22;45;218;52;23;47;17
1368.0;20;52;23;51;215;53;24;44;18
1374.0;20;50;21;53;217;54;27;41;17
1380.0;18;55;16;50;219;55;27;41;19
1386.0;19;52;17;51;220;56;26;41;18
1392.0;21;49;17;53;222;51;27;43;17
1398.0;21;50;16;54;224;49;25;44;17
1404.0;19;50;15;57;226;47;24;48;14
1410.0;16;49;16;56;225;47;29;49;13
1416.0;15;51;15;51;229;48;28;51;12
1422.0;17;48;15;51;226;51;28;51;13
1428.0;19;48;14;50;228;50;26;51;14
1434.0;21;44;13;51;229;48;25;53;16
1440.0;22;44;15;51;228;48;24;52;16
1446.0;25;42;14;50;225;45;25;59;15
1452.0;22;43;15;50;224;44;27;58;17
1458.0;21;48;17;47;222;44;28;57;16
1464.0;19;47;16;47;223;46;26;58;18
1470.0;22;47;15;42;223;46;28;62;15
1476.0;20;48;14;43;225;47;27;58;18
1482.0;22;43;16;46;227;45;30;53;18
1488.0;24;44;14;45;228;44;27;53;21
1494.0;28;44;12;44;229;48;26;52;17
1500.0;26;42;12;44;231;46;29;53;17
1506.0;24;40;12;44;234;48;26;53;19
1512.0;24;41;11;42;235;47;25;54;21
1518.0;23;41;12;43;235;48;26;52;20
1524.0;22;42;12;43;235;47;27;50;22
1530.0;23;44;15;46;231;45;27;48;21
1536.0;24;41;14;49;232;48;24;50;18
1542.0;23;42;15;46;232;46;24;51;21
1548.0;22;40;13;47;231;47;29;48;23
1554.0;23;42;15;46;233;47;26;45;23
1560.0;21;43;15;48;232;46;28;44;23
1566.0;21;40;14;48;232;46;29;48;22
1572.0;22;43;15;44;227;47;32;48;22
1578.0;23;44;16;43;226;46;30;50;22
1584.0;23;42;15;45;226;49;27;49;24
1590.0;20;42;18;43;227;50;30;46;24
1596.0;21;43;21;42;226;52;27;44;24
1602.0;17;42;21;45;225;54;27;44;25
1608.0;16;45;19;45;227;56;23;44;25
1614.0;18;44;18;46;228;51;25;46;24
1620.0;15;47;20;45;229;50;23;47;24
1626.0;14;47;22;43;231;48;26;45;24
1632.0;13;49;22;47;227;49;26;45;22
1638.0;18;47;22;49;227;46;24;44;23
1644.0;18;47;23;52;227;44;25;45;19
1650.0;19;49;24;52;226;43;25;43;19
1656.0;19;52;18;54;225;43;26;43;20
1662.0;18;51;20;54;227;42;25;43;20
1668.0;21;52;21;54;223;43;24;41;21
1674.0;23;47;22;57;219;42;23;40;27
1680.0;25;44;25;52;221;38;23;42;30
1686.0;24;44;28;47;223;37;24;42;31
1692.0;23;43;31;48;223;38;21;43;30
1698.0;25;39;28;51;223;37;21;42;34
1704.0;28;39;26;50;224;39;18;41;35
1710.0;24;38;21;52;230;41;17;42;35
1716.0;26;37;20;54;231;41;16;40;35
1722.0;25;37;22;53;232;41;17;41;32
1728.0;24;40;21;55;232;42;17;39;30
1734.0;22;42;22;53;232;42;18;40;29
1740.0;22;41;20;52;235;43;18;41;28
1746.0;18;43;21;50;236;44;17;42;29
1752.0;19;44;20;46;239;48;17;39;28
1758.0;21;45;20;43;240;48;16;38;29
1764.0;23;44;19;43;243;48;19;36;25
1770.0;23;46;20;39;246;51;18;37;20
1776.0;21;49;20;45;242;51;18;36;18
1782.0;22;45;28;44;240;50;16;36;19
1788.0;25;41;26;43;243;48;19;36;19
1794.0;28;42;27;42;245;44;21;33;18
