#auto generated file!
12.0;27;20;20;15;27;23;21;22;15
18.0;26;22;20;13;28;23;20;23;15
24.0;23;23;20;13;31;24;18;23;15
30.0;18;21;19;14;32;27;18;25;16
36.0;19;19;18;17;33;25;19;23;17
42.0;16;22;16;17;33;25;18;24;19
48.0;16;22;16;19;33;25;19;23;17
54.0;16;24;18;18;34;22;18;24;16
60.0;13;26;17;18;34;24;17;27;14
66.0;13;28;12;19;36;23;19;28;12
72.0;13;26;12;21;39;21;20;26;12
78.0;13;23;13;22;40;21;19;26;13
84.0;15;23;14;22;40;21;18;25;12
90.0;15;27;13;24;40;20;16;23;12
96.0;12;27;14;24;42;19;15;23;14
102.0;13;26;14;25;43;19;13;22;15
108.0;11;29;15;26;42;19;12;23;13
114.0;11;27;15;25;43;19;12;24;14
120.0;9;24;17;27;43;19;11;23;17
126.0;11;24;15;27;43;20;12;23;15
132.0;8;24;12;25;45;21;16;22;17
138.0;9;22;10;28;46;20;17;21;17
144.0;11;21;12;28;46;19;17;20;16
150.0;11;20;9;30;48;23;16;18;15
156.0;13;20;9;30;47;22;16;17;16
162.0;12;22;10;30;47;21;14;17;17
168.0;13;22;9;29;48;23;13;18;15
174.0;13;22;8;29;48;25;13;20;12
180.0;13;23;7;30;49;23;12;20;13
186.0;16;22;6;29;51;23;11;21;11
192.0;16;20;6;33;51;23;9;19;13
198.0;16;21;7;30;52;25;7;19;13
204.0;14;20;7;30;53;28;6;18;14
210.0;14;21;8;29;57;29;5;19;8
216.0;14;21;8;29;59;24;7;19;9
222.0;14;23;9;31;58;23;5;18;9
228.0;13;21;10;31;58;23;6;19;9
234.0;12;21;10;29;57;24;8;20;9
240.0;9;20;12;29;58;24;8;20;10
246.0;9;18;14;27;58;24;7;22;11
252.0;8;19;15;27;60;24;7;21;9
258.0;7;18;14;25;61;26;9;23;7
264.0;6;18;14;25;64;25;11;22;5
270.0;9;20;13;25;64;25;5;23;6
276.0;10;23;9;22;66;23;6;24;7
282.0;8;22;12;23;65;23;9;21;7
288.0;8;22;12;22;65;25;9;20;7
294.0;7;21;11;22;65;25;10;21;8
300.0;8;22;12;25;62;27;11;17;6
306.0;8;24;10;26;62;26;10;17;7
312.0;7;22;12;24;64;27;9;18;7
318.0;6;20;12;26;65;28;8;18;7
324.0;5;19;12;27;67;28;8;17;7
330.0;5;18;13;28;67;30;6;16;7
336.0;5;18;13;30;66;29;6;17;6
342.0;5;18;13;28;68;31;7;15;5
348.0;5;19;13;28;68;31;6;15;5
354.0;3;18;10;29;69;32;9;15;5
360.0;4;19;9;29;69;29;8;17;6
366.0;3;17;11;27;71;28;7;18;8
372.0;3;18;10;28;71;29;7;18;6
378.0;3;18;9;30;71;28;6;19;6
384.0;5;19;9;31;73;23;3;19;8
390.0;5;18;10;32;73;23;3;19;7
396.0;5;20;10;31;73;21;2;19;9
402.0;5;20;11;30;74;21;2;19;8
408.0;6;19;10;30;73;23;2;20;7
414.0;6;19;9;28;74;22;2;22;8
420.0;5;19;10;28;75;22;1;21;9
426.0;4;20;13;30;71;21;0;21;10
432.0;5;18;15;29;72;22;0;19;10
438.0;5;17;13;30;72;22;2;18;11
444.0;7;15;12;30;72;21;2;21;10
450.0;6;15;13;29;72;17;1;23;14
456.0;7;16;11;29;73;17;1;22;14
462.0;5;17;11;28;74;15;3;23;14
468.0;6;16;12;27;73;16;3;23;14
474.0;6;16;13;26;74;15;3;22;15
480.0;7;19;12;24;73;16;3;22;14
486.0;9;20;11;22;73;17;3;22;13
492.0;9;20;12;22;72;15;3;23;14
498.0;8;18;13;23;72;16;3;23;14
504.0;8;16;15;24;72;17;3;21;14
510.0;7;17;16;24;72;17;3;20;14
516.0;7;17;15;22;73;16;5;20;15
522.0;8;19;15;23;73;15;4;21;12
528.0;6;22;14;23;74;13;5;20;13
534.0;6;23;13;23;74;13;5;21;12
540.0;5;23;12;22;75;14;4;23;12
546.0;6;23;13;21;75;14;4;23;11
552.0;6;23;12;22;75;15;4;23;10
558.0;8;20;11;24;75;15;4;24;9
564.0;9;21;11;24;75;14;6;22;8
570.0;12;22;11;22;74;15;6;21;7
576.0;11;24;10;22;76;14;7;21;5
582.0;10;24;10;23;75;15;7;22;4
588.0;11;25;10;22;72;18;6;21;5
594.0;11;24;10;22;73;18;7;20;5
600.0;10;22;12;22;74;17;10;18;5
606.0;11;20;15;18;75;18;8;20;5
612.0;10;19;15;17;75;20;9;20;5
618.0;13;12;17;20;73;19;10;19;7
624.0;10;11;16;21;74;19;10;21;8
630.0;10;12;17;22;74;18;9;19;9
636.0;10;13;17;23;73;17;10;19;8
642.0;8;12;18;23;74;18;10;19;8
648.0;8;11;18;23;74;19;9;18;10
654.0;12;8;17;22;74;19;7;19;12
660.0;9;8;20;22;72;22;5;20;12
666.0;9;8;20;21;72;22;6;19;13
672.0;7;8;17;22;75;22;6;19;14
678.0;7;8;17;22;76;21;7;19;13
684.0;9;9;16;22;78;20;7;18;11
690.0;9;10;15;22;80;17;7;18;12
696.0;11;10;14;22;79;16;7;18;13
702.0;11;10;13;21;79;18;6;20;12
708.0;11;10;12;21;78;18;6;22;12
714.0;8;11;12;22;79;18;6;22;12
720.0;7;11;10;25;80;17;5;22;13
726.0;6;10;12;26;81;16;5;19;15
732.0;6;9;15;24;81;16;6;18;15
738.0;5;10;15;23;80;19;5;18;15
744.0;5;11;15;24;80;19;5;16;15
750.0;5;11;11;26;83;20;5;18;11
756.0;8;12;9;24;84;20;7;16;10
762.0;8;14;7;22;83;23;5;19;9
768.0;8;14;8;22;82;22;5;21;8
774.0;10;12;8;20;83;21;7;20;9
780.0;12;12;9;20;83;20;6;20;8
786.0;10;12;8;19;84;20;8;21;8
792.0;8;13;6;20;84;21;9;20;9
798.0;7;11;7;18;86;23;9;19;10
804.0;7;11;6;18;86;23;10;19;10
810.0;8;13;4;18;85;24;10;19;9
816.0;7;12;7;17;83;25;12;20;7
822.0;7;12;6;16;82;27;13;20;7
828.0;4;13;6;17;83;26;11;22;8
834.0;4;16;7;18;82;23;10;22;8
840.0;5;15;9;18;83;22;8;22;8
846.0;9;13;9;18;80;21;8;21;11
852.0;10;11;9;18;81;20;8;21;12
858.0;11;9;9;18;80;21;9;21;12
864.0;11;8;8;21;80;20;10;21;11
870.0;11;10;8;20;80;17;11;22;11
876.0;11;12;7;20;81;16;12;22;9
882.0;14;12;6;18;81;18;12;21;8
888.0;13;14;6;17;81;17;14;20;8
894.0;14;14;6;16;81;17;14;19;9
900.0;14;15;7;14;82;15;13;21;9
906.0;13;16;5;14;82;15;14;22;9
912.0;13;17;6;15;81;14;13;22;9
918.0;13;18;5;15;81;15;13;22;8
924.0;14;18;5;19;78;13;15;21;7
930.0;13;17;5;19;78;16;14;20;8
936.0;12;17;5;18;78;18;14;20;8
942.0;8;16;5;21;80;16;15;20;9
948.0;8;14;6;20;80;18;14;21;9
954.0;8;14;5;19;79;19;16;21;9
960.0;8;16;3;20;79;21;15;18;10
966.0;9;17;2;18;80;20;14;19;11
972.0;9;17;3;18;82;18;14;18;11
978.0;9;16;4;17;83;20;11;21;9
984.0;6;15;5;16;83;21;10;25;9
990.0;5;18;6;17;82;23;7;25;7
996.0;6;18;5;17;82;23;6;25;8
1002.0;5;19;6;18;82;23;7;23;7
1008.0;6;19;5;18;81;23;7;23;8
1014.0;7;21;5;17;82;21;5;25;7
1020.0;5;24;5;17;82;22;4;24;7
1026.0;5;23;5;17;81;25;5;22;7
1032.0;5;21;6;18;81;23;5;22;9
1038.0;5;21;6;16;81;24;5;22;10
1044.0;5;18;5;18;81;23;6;20;14
1050.0;7;20;7;17;81;22;7;19;10
1056.0;9;18;5;18;84;21;7;19;9
1062.0;8;19;5;17;83;22;8;19;9
1068.0;9;21;7;18;82;21;8;17;7
1074.0;8;21;7;20;82;21;7;17;7
1080.0;7;20;7;22;83;20;7;16;8
1086.0;6;22;7;25;82;19;7;15;7
1092.0;6;22;10;26;81;17;7;15;6
1098.0;6;23;11;25;80;17;7;16;5
1104.0;8;22;13;23;80;17;7;17;3
1110.0;5;23;13;23;81;17;9;15;4
1116.0;4;24;13;24;81;16;8;15;5
1122.0;5;23;12;23;80;16;11;14;6
1128.0;5;23;12;25;79;15;10;16;5
1134.0;4;20;16;24;80;15;10;14;7
1140.0;5;21;15;25;81;13;10;12;8
1146.0;6;21;15;26;81;12;9;11;9
1152.0;6;19;15;24;85;11;9;11;10
1158.0;5;18;15;22;89;11;8;10;12
1164.0;7;18;15;23;89;11;8;9;10
1170.0;9;17;14;20;91;11;8;9;11
1176.0;10;15;13;19;94;10;9;8;12
1182.0;6;15;13;18;95;11;10;10;12
1188.0;5;16;13;17;96;11;8;11;13
1194.0;5;16;13;17;94;11;9;11;14
1200.0;5;16;12;16;92;10;11;12;16
1206.0;6;15;11;16;93;11;11;11;16
1212.0;6;14;10;17;93;11;12;11;16
1218.0;6;14;11;19;91;10;14;10;15
1224.0;6;14;11;20;91;10;14;11;13
1230.0;8;17;10;20;90;10;12;11;12
1236.0;8;17;10;20;89;10;10;14;12
1242.0;9;17;11;21;89;8;10;14;11
1248.0;8;19;11;21;89;8;9;15;10
1254.0;9;19;10;21;89;9;9;14;10
1260.0;9;19;9;19;90;9;11;14;10
1266.0;11;21;8;19;88;8;12;15;8
1272.0;12;19;8;19;87;9;12;16;8
1278.0;14;18;8;17;83;12;15;15;8
1284.0;11;22;9;21;81;10;16;11;9
1290.0;9;20;11;22;83;10;15;11;9
1296.0;11;19;10;25;84;10;14;10;7
1302.0;11;21;10;22;83;9;14;12;8
1308.0;12;21;10;21;82;9;15;12;8
1314.0;11;25;11;20;83;10;13;10;7
1320.0;10;27;10;20;83;10;12;11;7
1326.0;10;24;8;21;84;10;12;12;9
1332.0;10;25;10;21;82;10;12;12;8
1338.0;10;23;11;26;80;11;14;11;4
1344.0;10;23;11;25;81;12;11;12;5
1350.0;9;25;10;25;78;12;11;13;7
1356.0;9;22;11;24;79;12;10;15;8
1362.0;9;21;12;27;77;11;11;14;8
1368.0;8;18;12;25;78;12;14;16;7
1374.0;9;18;12;25;78;14;11;16;7
1380.0;10;17;13;22;78;15;12;16;7
1386.0;11;18;11;21;77;14;12;18;8
1392.0;9;17;11;23;78;16;11;17;8
1398.0;8;18;11;24;80;15;11;16;7
1404.0;9;19;10;23;80;15;11;15;8
1410.0;11;19;10;23;79;15;10;16;7
1416.0;13;18;8;24;80;14;10;15;8
1422.0;13;19;8;22;83;13;8;17;7
1428.0;9;21;9;22;82;15;10;15;7
1434.0;8;20;10;22;81;15;10;18;6
1440.0;7;20;9;24;81;15;10;19;5
1446.0;7;19;10;25;80;15;10;18;6
1452.0;9;20;8;25;78;15;11;18;6
1458.0;9;19;8;24;78;17;11;18;6
1464.0;10;18;9;22;77;17;9;22;6
1470.0;7;20;8;22;78;17;9;22;7
1476.0;7;21;6;22;79;17;9;20;9
1482.0;10;22;6;22;79;14;7;20;10
1488.0;10;21;6;21;81;13;8;19;11
1494.0;6;23;7;21;83;12;10;17;11
1500.0;6;24;7;21;82;11;12;19;8
1506.0;7;26;6;20;81;11;12;20;7
1512.0;6;25;8;20;80;13;11;19;8
1518.0;5;25;7;21;83;11;11;19;8
1524.0;5;26;8;21;81;11;10;20;8
1530.0;5;26;7;20;81;13;10;20;8
1536.0;6;27;6;21;81;12;10;19;8
1542.0;6;24;7;21;81;13;10;19;9
1548.0;4;24;9;21;80;13;8;20;11
1554.0;5;26;10;19;79;14;8;21;8
1560.0;5;26;6;21;81;12;10;21;8
1566.0;4;25;5;19;81;15;10;22;9
1572.0;4;24;2;23;82;15;10;23;7
1578.0;5;23;3;24;81;14;10;24;6
1584.0;6;23;3;23;81;14;10;24;6
1590.0;7;23;2;22;83;16;9;23;5
1596.0;10;23;1;23;83;15;6;24;5
1602.0;9;23;3;22;84;16;6;22;5
1608.0;9;23;3;20;84;17;6;23;5
1614.0;11;20;3;19;84;15;8;25;5
1620.0;10;20;6;19;82;15;9;24;5
1626.0;7;20;8;18;82;15;9;23;8
1632.0;9;19;9;17;80;15;10;23;8
1638.0;11;18;9;16;81;15;10;23;7
1644.0;12;18;8;16;82;14;10;24;6
1650.0;13;18;7;16;82;15;8;24;7
1656.0;13;19;8;12;82;16;8;26;6
1662.0;11;16;8;15;82;17;9;26;6
1668.0;11;17;6;15;84;18;9;25;5
1674.0;11;17;7;15;83;18;6;28;5
1680.0;9;19;6;16;84;20;5;26;5
1686.0;10;18;7;13;85;21;6;26;4
1692.0;10;18;8;13;83;20;8;26;4
1698.0;12;18;9;14;82;21;8;23;3
1704.0;12;18;10;13;80;20;10;23;4
1710.0;10;18;13;13;79;21;10;22;4
1716.0;12;17;11;16;78;21;11;21;3
1722.0;13;16;10;17;79;21;12;19;3
1728.0;11;16;9;17;78;22;11;22;4
1734.0;12;18;8;16;77;22;11;22;4
1740.0;12;17;11;16;77;22;10;20;5
1746.0;11;17;11;18;77;21;10;20;5
1752.0;10;17;10;17;78;20;11;21;6
1758.0;10;18;10;15;77;24;7;23;6
1764.0;12;20;9;15;77;24;7;20;6
1770.0;13;20;8;15;77;25;7;20;5
1776.0;12;20;7;15;77;25;7;20;7
1782.0;11;19;6;15;80;23;6;21;9
1788.0;13;19;7;17;77;23;6;20;8
1794.0;12;20;8;17;77;23;4;21;8
