#auto generated file!
12.0;41;48;36;43;55;45;31;46;55
18.0;41;47;33;43;58;48;33;46;51
24.0;36;51;32;44;66;48;34;45;44
30.0;36;53;36;43;67;47;31;46;41
36.0;36;52;34;42;70;49;32;51;34
42.0;36;51;36;44;70;46;31;52;34
48.0;33;52;37;42;71;46;35;52;32
54.0;31;53;37;43;76;45;32;54;29
60.0;28;50;41;40;80;43;29;56;33
66.0;27;53;44;41;85;43;27;52;28
72.0;29;56;42;41;89;44;24;50;25
78.0;27;56;39;41;91;46;25;50;25
84.0;25;53;36;41;92;49;27;53;24
90.0;25;48;36;43;95;50;26;52;25
96.0;27;49;36;44;96;47;25;53;23
102.0;27;47;34;43;98;47;27;49;28
108.0;25;46;36;42;99;47;28;51;26
114.0;25;52;35;38;100;46;26;54;24
120.0;21;53;35;37;103;47;23;55;26
126.0;22;52;32;40;105;47;22;55;25
132.0;27;48;34;38;103;44;27;57;22
138.0;23;49;34;38;103;42;29;58;24
144.0;23;51;31;38;105;40;28;59;25
150.0;23;51;30;38;107;41;27;57;26
156.0;24;52;26;40;111;40;29;54;24
162.0;26;52;25;40;112;40;30;54;21
168.0;26;55;22;40;118;36;31;54;18
174.0;25;54;19;42;119;35;34;54;18
180.0;25;56;19;39;117;40;36;51;17
186.0;24;56;18;36;120;43;34;52;17
192.0;26;54;16;37;121;42;31;54;19
198.0;24;57;18;39;121;43;28;51;19
204.0;26;57;21;38;122;44;25;49;18
210.0;26;58;28;35;123;42;21;48;19
216.0;25;55;29;35;124;41;21;50;20
222.0;24;55;25;38;124;45;19;52;18
228.0;25;51;25;38;126;46;18;51;20
234.0;24;50;29;35;126;46;16;55;19
240.0;26;51;28;36;127;48;14;53;17
246.0;28;50;27;36;126;47;14;54;18
252.0;29;49;27;36;126;47;15;54;17
258.0;28;48;23;35;128;50;14;57;17
264.0;25;49;23;37;130;47;14;57;18
270.0;25;47;23;38;133;47;10;59;18
276.0;21;50;22;37;133;49;11;59;18
282.0;19;50;23;38;134;50;12;53;21
288.0;19;51;19;39;134;52;13;52;21
294.0;20;53;15;39;136;49;12;54;22
300.0;21;54;15;38;135;49;11;53;24
306.0;23;55;16;37;135;49;10;53;22
312.0;25;55;15;38;134;47;13;53;20
318.0;25;57;14;38;135;46;15;50;20
324.0;27;56;13;40;136;48;12;51;17
330.0;24;55;14;42;137;49;12;52;15
336.0;27;55;13;40;137;48;13;50;17
342.0;27;57;13;39;139;45;16;47;17
348.0;31;59;12;35;139;43;17;47;17
354.0;28;61;14;36;139;41;16;46;19
360.0;27;60;14;36;138;41;15;47;22
366.0;23;59;15;35;139;43;15;48;23
372.0;24;59;15;36;143;41;12;47;23
378.0;27;58;17;35;142;44;10;44;23
384.0;30;58;15;35;143;44;11;38;26
390.0;32;58;16;33;146;43;15;35;22
396.0;31;59;14;33;146;42;15;37;23
402.0;31;56;15;37;146;43;13;37;22
408.0;29;55;15;36;149;42;16;38;20
414.0;28;57;14;37;151;40;14;37;22
420.0;25;57;15;35;152;41;14;37;24
426.0;26;48;15;35;152;44;18;37;25
432.0;24;44;14;40;154;46;16;36;26
438.0;22;41;13;42;159;40;19;39;25
444.0;20;39;16;42;157;37;17;43;29
450.0;17;37;13;42;158;42;18;45;28
456.0;19;37;14;42;159;40;15;45;29
462.0;19;34;18;41;159;44;14;45;26
468.0;21;40;19;40;159;38;12;46;25
474.0;21;43;18;38;158;39;13;48;22
480.0;22;40;19;38;160;40;12;48;21
486.0;20;41;17;41;161;41;13;47;19
492.0;21;43;16;41;160;42;13;46;18
498.0;16;44;19;43;159;44;10;48;17
504.0;18;41;20;41;162;40;14;48;16
510.0;18;40;19;41;164;38;17;47;16
516.0;17;37;21;39;165;36;20;46;19
522.0;20;36;21;40;164;37;18;44;20
528.0;21;33;21;41;166;36;18;43;21
534.0;21;35;21;40;167;32;21;44;19
540.0;19;33;26;40;168;31;22;44;17
546.0;18;34;24;41;168;33;23;40;19
552.0;18;36;22;41;169;34;23;40;17
558.0;17;35;22;39;169;36;23;41;18
564.0;16;33;22;40;167;35;25;40;22
570.0;18;31;23;40;167;36;25;41;19
576.0;22;25;22;39;166;36;25;41;24
582.0;24;25;24;32;165;37;24;46;23
588.0;24;27;26;31;161;37;24;46;24
594.0;23;30;26;33;160;38;22;46;22
600.0;21;29;26;30;164;40;23;44;23
606.0;19;30;28;29;168;39;22;44;21
612.0;19;27;32;31;165;39;23;45;19
618.0;19;25;34;32;167;40;23;44;16
624.0;15;26;32;32;168;40;23;47;17
630.0;19;25;29;33;168;41;21;46;18
636.0;18;28;27;34;171;41;20;44;17
642.0;18;30;27;34;170;44;18;40;19
648.0;20;30;27;34;170;42;19;42;16
654.0;19;28;31;35;172;40;20;40;15
660.0;19;26;31;35;170;38;23;40;18
666.0;20;27;30;34;177;37;20;36;19
672.0;18;27;33;33;179;39;19;37;15
678.0;17;26;32;32;179;37;23;38;16
684.0;17;26;30;37;174;40;21;38;17
690.0;16;26;30;37;173;43;22;37;16
696.0;15;25;29;38;174;48;20;37;14
702.0;13;25;30;41;175;46;21;35;14
708.0;15;24;29;40;174;48;18;37;15
714.0;15;23;27;40;175;48;17;39;16
720.0;15;25;26;41;180;45;17;36;15
726.0;14;26;25;40;177;45;17;38;18
732.0;16;26;25;40;176;45;17;35;20
738.0;18;26;26;39;176;46;16;34;19
744.0;20;27;26;37;177;45;16;31;21
750.0;20;31;25;36;177;42;18;31;20
756.0;21;34;18;32;180;40;20;33;22
762.0;20;34;15;32;180;40;21;32;26
768.0;20;32;18;31;182;42;21;28;26
774.0;20;33;19;30;180;42;22;29;25
780.0;20;34;20;33;177;41;21;30;24
786.0;21;35;16;33;178;42;23;28;24
792.0;20;34;16;35;182;41;24;28;20
798.0;21;35;18;35;180;43;25;27;16
804.0;18;39;18;34;180;44;23;29;15
810.0;19;41;16;34;180;40;25;28;17
816.0;19;40;16;34;179;39;26;29;18
822.0;18;42;18;34;179;40;19;33;17
828.0;19;40;18;35;179;43;18;32;16
834.0;18;37;19;36;178;42;19;33;18
840.0;18;37;23;34;177;41;21;32;17
846.0;17;36;23;37;177;42;22;31;15
852.0;16;34;21;41;180;41;22;31;14
858.0;13;34;21;42;183;40;21;34;12
864.0;12;31;18;45;186;42;20;36;10
870.0;15;33;16;44;188;41;18;36;9
876.0;15;35;14;44;188;40;17;37;10
882.0;15;37;13;43;188;41;15;39;9
888.0;15;37;12;43;188;41;15;39;10
894.0;13;36;13;44;187;40;19;37;11
900.0;16;32;15;40;187;42;21;35;12
906.0;17;31;15;38;188;42;22;36;11
912.0;18;28;16;38;187;42;23;34;14
918.0;19;29;16;37;189;41;18;34;17
924.0;19;31;17;36;189;41;19;33;15
930.0;18;31;16;37;188;41;19;34;16
936.0;12;34;18;40;186;41;20;33;16
942.0;11;34;18;41;186;40;22;32;16
948.0;12;35;18;41;187;39;22;31;15
954.0;15;35;16;42;186;40;21;30;15
960.0;16;36;17;41;187;37;20;33;13
966.0;15;35;17;40;185;37;21;34;16
972.0;16;37;12;37;186;34;23;35;20
978.0;15;35;13;35;189;33;25;37;18
984.0;16;36;11;35;191;32;25;34;20
990.0;13;37;11;43;193;30;21;34;18
996.0;15;40;9;42;194;27;20;34;19
1002.0;14;39;9;38;197;28;22;34;19
1008.0;15;34;9;38;197;29;25;34;19
1014.0;15;31;9;36;200;33;23;33;20
1020.0;14;30;9;38;202;31;24;33;19
1026.0;17;29;12;37;201;31;22;33;18
1032.0;19;30;13;33;202;30;18;34;21
1038.0;21;30;11;30;203;33;16;37;19
1044.0;22;30;13;30;202;32;15;38;18
1050.0;20;29;12;32;204;34;14;38;17
1056.0;22;29;13;32;201;32;16;38;17
1062.0;20;29;17;33;199;33;16;36;17
1068.0;21;29;16;35;197;34;16;36;16
1074.0;22;29;16;33;198;34;15;38;15
1080.0;21;30;15;32;197;36;16;37;16
1086.0;21;31;16;31;194;37;15;38;17
1092.0;21;28;15;32;195;37;16;36;20
1098.0;20;27;15;31;199;37;16;35;20
1104.0;20;28;13;31;201;36;15;38;18
1110.0;20;28;12;33;196;38;17;37;19
1116.0;24;28;13;35;194;36;16;36;18
1122.0;27;28;15;35;196;32;15;35;17
1128.0;23;26;18;33;198;29;16;40;17
1134.0;21;25;19;34;198;28;18;41;16
1140.0;20;26;18;33;200;29;15;41;18
1146.0;20;28;17;33;200;29;14;40;19
1152.0;14;30;18;33;199;29;16;40;21
1158.0;13;30;15;33;200;30;15;43;21
1164.0;15;32;17;33;200;27;14;39;23
1170.0;13;31;15;34;199;29;18;37;24
1176.0;13;33;15;36;201;30;15;35;22
1182.0;15;32;16;36;202;31;13;35;20
1188.0;16;30;14;35;203;31;12;36;23
1194.0;15;33;13;34;203;31;12;34;25
1200.0;18;34;18;33;199;30;12;31;25
1206.0;18;34;18;35;198;28;14;32;23
1212.0;17;32;15;35;202;30;17;31;21
1218.0;17;34;15;36;201;32;18;28;19
1224.0;17;31;17;36;197;32;18;30;22
1230.0;18;29;14;35;201;35;16;31;21
1236.0;18;27;16;36;203;34;15;33;18
1242.0;20;27;15;37;201;36;15;30;19
1248.0;18;27;16;38;201;37;17;31;15
1254.0;17;28;20;38;203;36;16;28;14
1260.0;15;30;18;37;205;35;20;28;12
1266.0;15;29;18;39;200;36;21;27;15
1272.0;18;29;16;38;201;36;21;26;15
1278.0;20;28;18;40;200;36;18;25;15
1284.0;18;28;17;42;200;35;19;26;15
1290.0;20;28;16;41;200;38;12;27;18
1296.0;18;30;18;41;201;33;16;25;18
1302.0;17;31;17;39;205;32;15;24;20
1308.0;13;30;15;40;205;34;13;27;23
1314.0;13;28;16;39;206;36;12;29;21
1320.0;15;31;14;39;207;36;11;31;16
1326.0;15;32;11;39;208;37;12;30;16
1332.0;15;32;13;38;207;37;15;28;15
1338.0;14;32;13;38;207;38;16;27;15
1344.0;14;32;14;40;207;35;13;30;15
1350.0;15;33;12;42;206;34;12;29;17
1356.0;15;32;13;40;204;36;15;30;15
1362.0;13;31;18;36;204;37;17;29;15
1368.0;14;31;18;36;203;37;17;31;13
1374.0;13;31;15;34;202;39;21;32;13
1380.0;12;36;18;35;202;37;19;30;11
1386.0;11;33;17;39;204;38;19;32;7
1392.0;16;33;17;38;199;34;19;32;12
1398.0;15;32;16;39;199;35;19;30;15
1404.0;17;32;15;36;199;36;20;31;14
1410.0;17;32;14;40;198;32;22;31;14
1416.0;16;31;15;39;199;33;21;31;15
1422.0;14;32;15;39;201;30;20;31;18
1428.0;14;31;18;37;202;32;18;31;17
1434.0;18;31;17;38;201;32;18;30;15
1440.0;17;30;18;37;202;32;18;31;15
1446.0;21;32;17;32;204;31;17;33;13
1452.0;22;32;16;34;205;30;17;32;12
1458.0;21;33;16;31;208;31;16;32;12
1464.0;19;32;16;31;208;31;16;33;14
1470.0;21;31;19;33;205;29;16;32;14
1476.0;22;34;14;34;205;30;17;31;13
1482.0;22;32;16;35;204;27;19;32;13
1488.0;21;32;19;35;198;28;18;33;16
1494.0;20;33;19;36;197;28;18;34;15
1500.0;19;32;17;37;195;29;21;34;16
1506.0;17;32;18;36;197;28;20;33;19
1512.0;15;31;17;37;200;28;18;34;20
1518.0;19;30;14;36;198;29;19;34;21
1524.0;20;30;17;34;197;26;18;35;23
1530.0;20;32;13;36;198;26;21;33;21
1536.0;19;31;14;36;200;25;22;34;19
1542.0;20;29;14;36;198;29;22;33;19
1548.0;20;30;12;37;199;28;23;32;19
1554.0;20;31;13;35;197;30;22;31;21
1560.0;21;31;13;34;194;30;23;31;23
1566.0;19;33;14;37;194;28;21;31;23
1572.0;19;33;14;36;196;29;21;30;22
1578.0;20;34;15;35;195;31;22;27;21
1584.0;19;32;16;33;194;30;25;28;23
1590.0;21;31;17;31;193;33;27;28;19
1596.0;23;31;18;29;191;33;26;26;23
1602.0;22;28;22;28;192;32;26;27;23
1608.0;24;29;21;29;191;34;24;27;21
1614.0;27;31;20;29;191;36;21;26;19
1620.0;27;32;22;26;192;37;20;27;17
1626.0;28;32;24;21;196;40;16;26;17
1632.0;29;32;20;22;195;41;17;30;14
1638.0;28;28;20;26;195;41;15;32;15
1644.0;28;30;18;26;194;40;17;33;14
1650.0;28;27;20;26;196;43;16;32;12
1656.0;26;26;21;26;199;41;17;33;11
1662.0;24;26;20;29;198;41;14;35;13
1668.0;24;27;20;30;197;40;14;34;14
1674.0;22;26;24;29;198;41;13;32;15
1680.0;22;27;24;29;200;37;14;33;14
1686.0;24;26;24;27;203;36;13;33;14
1692.0;22;25;26;24;203;36;15;31;18
1698.0;19;30;29;25;200;34;15;32;16
1704.0;20;29;28;24;200;31;17;34;17
1710.0;18;31;29;23;199;33;17;33;17
1716.0;17;31;27;25;196;32;17;37;18
1722.0;16;30;29;25;197;32;16;35;20
1728.0;19;29;28;23;196;36;16;36;17
1734.0;20;30;24;24;195;37;16;37;17
1740.0;22;28;18;25;193;42;16;37;19
1746.0;24;27;20;25;190;39;15;38;22
1752.0;23;27;18;29;191;38;13;40;21
1758.0;24;25;19;28;190;39;14;42;19
1764.0;26;26;15;31;191;38;18;41;14
1770.0;25;29;14;33;192;35;20;38;14
1776.0;24;31;13;36;191;34;21;38;12
1782.0;21;34;14;37;192;35;19;36;12
1788.0;17;36;16;36;199;32;19;35;10
1794.0;16;33;18;38;198;32;19;36;10
