#auto generated file!
12.0;37;41;39;41;29;35;30;37;41
18.0;35;38;39;38;33;37;34;36;40
24.0;32;42;39;39;37;37;31;37;36
30.0;30;40;38;42;41;37;29;40;33
36.0;30;40;36;43;43;38;29;39;32
42.0;30;43;29;44;49;38;26;39;32
48.0;30;41;28;43;50;36;29;43;30
54.0;32;42;23;42;51;35;29;45;31
60.0;29;38;22;41;55;37;30;47;31
66.0;29;36;24;40;58;37;28;48;30
72.0;28;39;22;40;59;40;27;45;30
78.0;26;46;20;39;62;40;26;43;28
84.0;27;44;19;40;64;40;26;45;25
90.0;30;44;21;35;63;40;26;48;23
96.0;27;43;21;36;64;41;27;47;24
102.0;27;42;24;36;67;37;25;50;22
108.0;26;34;27;40;70;37;23;50;23
114.0;24;32;28;41;70;36;23;51;25
120.0;27;29;26;44;70;39;23;48;24
126.0;29;27;28;39;70;42;24;47;24
132.0;28;24;27;40;72;42;25;47;25
138.0;26;26;27;39;74;38;26;49;25
144.0;21;27;28;41;73;40;26;47;27
150.0;23;27;24;43;73;40;24;47;29
156.0;24;27;22;41;76;44;24;44;28
162.0;22;28;23;38;80;45;23;42;29
168.0;22;29;20;40;82;44;23;40;30
174.0;21;30;19;36;80;46;24;41;33
180.0;19;30;19;35;83;47;26;39;32
186.0;18;32;20;36;83;46;24;38;33
192.0;19;33;22;34;82;42;24;39;35
198.0;19;36;22;34;80;44;26;38;31
204.0;19;36;19;35;80;47;25;40;29
210.0;20;32;20;33;85;47;26;38;29
216.0;19;32;19;31;87;48;25;38;31
222.0;21;31;20;31;87;46;23;41;30
228.0;21;32;20;32;91;42;24;43;25
234.0;19;34;24;30;91;43;22;41;26
240.0;20;34;23;26;94;41;26;42;24
246.0;21;32;22;27;94;40;27;43;24
252.0;19;30;20;28;98;41;26;45;23
258.0;21;27;21;27;95;41;26;47;25
264.0;22;27;19;26;96;40;25;49;26
270.0;23;26;22;25;97;40;24;48;25
276.0;23;28;26;25;99;37;23;46;23
282.0;24;29;22;25;101;39;24;45;21
288.0;23;30;21;27;99;38;24;46;22
294.0;26;28;22;29;99;37;24;44;21
300.0;26;30;19;29;96;40;25;46;19
306.0;25;29;23;29;97;40;23;45;19
312.0;24;29;23;27;98;42;21;46;20
318.0;25;27;22;27;99;42;23;44;21
324.0;23;27;24;27;98;44;25;41;21
330.0;24;29;22;27;97;46;25;40;20
336.0;24;29;20;27;99;46;22;42;21
342.0;23;30;20;29;100;45;21;42;20
348.0;22;33;20;29;102;43;22;39;20
354.0;22;34;20;31;100;45;20;40;18
360.0;20;34;26;28;101;46;20;36;19
366.0;17;34;29;33;101;42;16;34;24
372.0;15;34;28;34;101;40;17;36;25
378.0;15;34;29;35;104;41;16;33;23
384.0;14;37;27;36;103;42;17;31;23
390.0;14;40;27;36;102;44;19;30;18
396.0;14;39;25;38;102;44;18;30;20
402.0;14;41;21;39;105;45;18;31;16
408.0;15;40;21;41;106;44;16;31;16
414.0;14;41;20;39;108;44;17;31;16
420.0;14;41;17;43;109;44;16;28;18
426.0;12;41;19;41;112;42;16;30;17
432.0;13;38;19;40;113;40;16;35;16
438.0;14;37;20;39;111;41;18;34;16
444.0;13;38;22;38;110;38;19;34;18
450.0;14;35;24;40;109;40;19;33;16
456.0;12;40;23;40;110;40;13;37;15
462.0;12;40;21;41;110;40;14;37;15
468.0;13;40;19;42;111;40;13;37;15
474.0;16;39;21;38;110;42;13;38;13
480.0;14;38;21;40;110;43;14;38;12
486.0;11;39;22;38;110;42;17;38;13
492.0;12;39;25;38;109;38;18;37;14
498.0;10;36;22;40;114;38;20;36;14
504.0;13;34;23;38;115;35;18;39;15
510.0;13;35;24;36;119;34;15;38;16
516.0;15;35;22;34;122;34;16;36;16
522.0;14;34;22;33;121;38;18;36;14
528.0;16;37;20;33;121;39;15;35;14
534.0;16;35;19;33;125;37;16;34;15
540.0;15;37;20;30;124;37;16;32;19
546.0;17;37;18;33;125;35;14;31;20
552.0;14;38;20;36;125;35;13;30;19
558.0;14;38;20;36;125;35;14;30;18
564.0;12;38;18;35;125;38;14;31;19
570.0;16;40;14;36;122;37;13;33;19
576.0;15;38;12;38;123;38;13;33;20
582.0;15;40;11;36;126;39;13;31;19
588.0;12;43;11;37;126;40;15;28;18
594.0;11;46;12;40;126;37;13;29;16
600.0;10;46;10;43;126;36;13;30;16
606.0;10;49;11;41;125;32;16;29;17
612.0;10;49;12;39;127;34;15;28;16
618.0;11;47;13;37;127;38;17;26;14
624.0;14;48;12;37;130;35;16;24;14
630.0;12;48;10;41;129;35;14;27;14
636.0;11;50;11;39;128;33;15;30;13
642.0;11;49;10;39;129;33;15;29;15
648.0;12;48;12;38;128;33;14;30;15
654.0;13;49;11;39;126;34;13;30;15
660.0;13;50;10;38;125;35;15;32;12
666.0;14;47;11;35;125;36;18;32;12
672.0;15;49;12;34;125;37;15;31;12
678.0;12;45;14;35;123;40;16;31;14
684.0;12;45;11;35;126;39;14;34;14
690.0;13;46;11;34;128;37;14;35;12
696.0;12;45;10;36;130;38;14;34;11
702.0;12;46;11;35;131;37;13;34;11
708.0;13;47;10;34;134;33;13;32;14
714.0;12;47;11;31;135;34;15;32;13
720.0;12;45;13;29;134;34;16;32;15
726.0;11;45;14;30;136;34;14;34;12
732.0;10;44;16;28;136;37;12;34;13
738.0;13;42;16;28;136;36;12;32;15
744.0;13;47;17;25;136;35;12;32;13
750.0;13;45;15;25;135;37;13;31;16
756.0;13;45;14;26;131;38;15;31;17
762.0;12;43;13;27;131;36;16;34;18
768.0;12;42;14;31;132;38;16;29;16
774.0;14;39;14;30;129;38;20;28;18
780.0;11;43;15;29;131;37;19;29;16
786.0;13;42;15;30;131;36;17;28;18
792.0;10;43;13;29;134;36;20;28;17
798.0;11;39;15;31;135;35;20;27;17
804.0;11;39;15;34;135;35;17;28;16
810.0;15;38;14;33;135;33;16;28;18
816.0;17;37;13;32;136;32;15;29;19
822.0;16;35;13;35;137;32;14;26;22
828.0;14;36;17;34;137;32;14;23;23
834.0;14;38;17;37;136;33;13;23;19
840.0;12;38;15;39;135;32;14;27;18
846.0;10;38;15;38;138;29;14;28;20
852.0;9;36;16;40;141;28;15;28;17
858.0;8;35;14;42;143;28;14;29;17
864.0;12;35;11;39;143;27;12;32;19
870.0;12;34;12;38;142;28;13;31;20
876.0;12;34;13;38;144;26;14;31;18
882.0;14;34;15;40;141;24;13;32;17
888.0;12;31;13;41;140;28;15;31;19
894.0;10;31;16;41;139;29;13;32;19
900.0;12;31;15;41;139;27;13;33;19
906.0;12;34;13;40;141;25;13;33;19
912.0;11;34;13;39;146;25;13;34;15
918.0;11;34;11;44;144;26;13;33;14
924.0;11;33;13;43;147;26;13;33;11
930.0;10;35;13;43;149;25;13;33;9
936.0;12;32;14;42;150;24;13;33;10
942.0;12;32;13;38;152;24;16;31;12
948.0;12;32;16;37;151;25;12;33;12
954.0;12;32;18;34;147;25;11;34;17
960.0;11;32;21;34;147;23;10;34;18
966.0;13;30;19;36;147;23;12;34;16
972.0;14;28;19;32;146;25;14;33;19
978.0;13;26;20;33;148;24;14;32;20
984.0;15;24;18;31;150;26;14;32;20
990.0;15;23;19;29;150;28;14;32;20
996.0;15;24;19;27;152;28;15;31;19
1002.0;16;22;18;26;154;29;13;32;20
1008.0;17;24;18;26;157;27;10;33;18
1014.0;17;24;18;27;157;25;10;32;20
1020.0;20;24;18;27;156;24;9;34;18
1026.0;21;23;18;28;158;24;9;34;15
1032.0;13;24;18;31;156;24;12;33;19
1038.0;14;24;16;37;153;23;8;36;19
1044.0;16;24;18;37;151;23;10;37;14
1050.0;16;24;15;38;149;26;12;38;12
1056.0;17;24;13;35;151;25;13;38;14
1062.0;17;26;14;34;151;25;15;36;12
1068.0;16;25;12;35;149;25;14;42;12
1074.0;16;26;12;35;147;25;15;43;11
1080.0;14;26;12;34;147;26;18;42;11
1086.0;15;26;14;36;146;25;19;38;11
1092.0;15;26;16;33;144;26;17;40;13
1098.0;15;25;17;32;143;26;18;41;13
1104.0;16;23;17;33;143;26;20;38;14
1110.0;17;25;17;31;143;24;19;39;15
1116.0;16;28;17;32;143;22;16;42;14
1122.0;16;30;16;32;142;21;19;38;16
1128.0;18;27;18;31;143;22;17;35;19
1134.0;17;26;19;32;142;21;20;35;18
1140.0;17;26;18;35;141;21;19;34;19
1146.0;18;27;15;34;140;22;20;34;20
1152.0;18;26;15;34;141;22;20;34;20
1158.0;18;27;15;33;141;23;19;35;19
1164.0;24;25;16;30;139;27;20;32;17
1170.0;21;23;14;31;139;24;26;35;17
1176.0;20;25;9;31;140;24;30;34;17
1182.0;22;24;10;35;138;26;30;31;14
1188.0;22;27;12;31;141;26;30;30;11
1194.0;24;27;11;33;142;25;25;31;12
1200.0;24;26;14;33;141;24;24;32;12
1206.0;23;27;14;30;146;21;23;34;12
1212.0;23;29;14;29;144;22;23;35;11
1218.0;23;30;14;28;146;24;22;34;9
1224.0;19;32;13;27;146;26;22;35;10
1230.0;20;32;15;26;147;25;21;34;10
1236.0;20;32;14;26;149;25;20;35;9
1242.0;21;37;16;24;150;23;17;32;10
1248.0;17;35;17;25;151;22;19;33;11
1254.0;15;36;14;25;155;22;17;33;13
1260.0;14;34;14;24;153;24;14;38;15
1266.0;15;36;15;25;152;23;13;36;15
1272.0;13;36;19;24;154;21;14;38;11
1278.0;12;32;22;24;151;22;15;40;12
1284.0;12;31;22;26;150;24;18;34;13
1290.0;13;28;18;27;151;23;21;37;12
1296.0;15;25;15;27;154;23;21;39;11
1302.0;13;29;14;24;156;24;19;39;12
1308.0;10;33;10;25;156;22;19;40;15
1314.0;10;33;12;26;157;22;17;40;13
1320.0;9;30;12;28;160;22;16;41;12
1326.0;10;33;11;29;161;23;14;38;11
1332.0;10;32;10;31;160;23;14;39;11
1338.0;8;33;9;31;158;27;15;38;11
1344.0;7;35;10;29;158;26;17;35;13
1350.0;8;32;13;30;158;26;18;36;9
1356.0;11;33;14;29;158;26;16;32;11
1362.0;11;32;12;30;158;26;18;30;13
1368.0;11;33;12;29;160;26;17;30;12
1374.0;14;35;11;30;160;26;15;28;11
1380.0;13;33;13;31;160;20;16;32;12
1386.0;15;33;11;33;158;20;17;31;12
1392.0;12;35;12;31;156;23;18;28;15
1398.0;13;32;14;31;155;23;18;27;17
1404.0;16;29;13;29;154;24;22;26;17
1410.0;18;30;12;29;155;23;20;26;17
1416.0;19;29;13;30;156;24;18;27;14
1422.0;20;32;11;30;154;23;20;26;14
1428.0;20;32;13;28;152;26;20;25;14
1434.0;21;31;15;28;149;24;20;25;17
1440.0;19;33;13;29;150;25;20;24;17
1446.0;17;32;13;31;149;25;22;24;17
1452.0;15;31;14;30;145;29;22;25;19
1458.0;16;29;12;31;146;27;21;28;20
1464.0;15;30;13;28;142;28;21;32;21
1470.0;17;29;12;27;143;28;20;32;22
1476.0;16;30;13;27;142;28;20;33;21
1482.0;15;28;13;28;143;28;20;33;22
1488.0;14;28;13;29;143;26;23;33;21
1494.0;13;30;10;29;142;25;21;40;20
1500.0;15;30;12;28;142;25;21;40;17
1506.0;16;30;13;29;143;25;16;40;18
1512.0;15;32;11;31;143;24;19;38;17
1518.0;16;34;12;32;143;25;14;39;15
1524.0;15;33;13;31;143;26;15;39;15
1530.0;16;31;16;29;145;28;15;36;14
1536.0;16;30;15;31;146;26;15;37;14
1542.0;14;28;14;32;147;30;14;39;12
1548.0;16;28;13;29;148;31;14;38;13
1554.0;15;28;16;29;149;29;14;38;12
1560.0;17;31;15;29;147;27;15;39;10
1566.0;17;34;15;27;146;27;16;39;9
1572.0;17;33;16;29;147;28;15;36;9
1578.0;18;33;17;27;148;27;15;35;10
1584.0;20;30;17;23;149;25;17;38;11
1590.0;23;30;16;23;148;26;18;34;12
1596.0;24;29;14;24;149;27;18;34;11
1602.0;24;30;14;25;147;26;18;33;13
1608.0;22;31;15;26;146;27;17;32;14
1614.0;22;30;13;26;148;28;17;32;14
1620.0;20;32;12;29;151;28;14;30;14
1626.0;20;31;13;29;151;27;16;30;13
1632.0;21;31;12;29;147;30;16;30;14
1638.0;21;32;14;27;147;29;14;31;15
1644.0;21;31;12;27;148;30;15;32;14
1650.0;17;29;14;29;148;32;16;31;14
1656.0;14;32;14;29;150;34;15;31;11
1662.0;15;31;15;31;148;32;15;29;14
1668.0;17;32;17;32;147;30;13;28;14
1674.0;19;33;13;35;147;28;16;26;13
1680.0;17;33;16;35;150;28;13;24;14
1686.0;16;32;15;35;151;28;13;25;15
1692.0;16;33;17;34;150;28;14;26;12
1698.0;17;34;17;35;151;25;12;28;11
1704.0;17;33;17;35;150;25;14;29;10
1710.0;17;33;15;36;150;24;15;29;11
1716.0;16;33;14;35;152;24;14;27;15
1722.0;17;33;11;34;153;25;13;28;16
1728.0;17;30;11;35;154;23;16;28;16
1734.0;12;31;12;37;155;25;18;25;15
1740.0;13;31;13;35;154;28;15;25;16
1746.0;13;31;13;34;153;29;15;25;17
1752.0;13;31;12;35;154;30;13;26;16
1758.0;16;28;11;34;153;33;13;27;15
1764.0;15;27;9;36;153;32;14;28;16
1770.0;15;26;10;35;152;31;13;29;19
1776.0;15;26;11;35;153;31;10;29;20
1782.0;16;27;11;35;154;30;10;29;18
1788.0;13;26;10;39;154;29;13;31;15
1794.0;10;28;11;38;153;27;14;32;17
