#auto generated file!
12.0;61;56;63;45;61;46;55;54;59
18.0;55;57;56;45;66;49;58;54;60
24.0;49;56;59;46;77;48;49;56;60
30.0;48;59;62;46;81;49;46;55;54
36.0;51;57;53;47;89;48;49;57;49
42.0;44;56;49;49;90;54;50;59;49
48.0;46;56;49;49;91;55;50;55;49
54.0;41;55;47;52;96;55;49;57;48
60.0;42;53;44;54;100;54;48;58;47
66.0;43;56;41;58;104;55;40;61;42
72.0;44;61;39;56;105;56;40;61;38
78.0;41;60;38;58;110;57;36;61;39
84.0;46;61;31;60;113;58;34;61;36
90.0;43;63;34;62;114;58;33;58;35
96.0;46;63;30;66;116;56;34;54;35
102.0;43;65;32;64;119;58;26;58;35
108.0;37;67;32;69;123;55;27;58;32
114.0;35;65;33;70;123;58;27;60;29
120.0;33;61;32;71;125;59;27;60;32
126.0;33;59;37;69;126;60;30;58;28
132.0;31;58;38;66;129;64;28;58;28
138.0;30;57;40;65;132;64;28;58;26
144.0;25;63;42;63;132;63;31;55;26
150.0;27;59;43;62;135;62;31;55;26
156.0;27;64;40;61;135;65;30;52;26
162.0;26;63;40;59;140;66;29;51;26
168.0;25;60;41;58;142;66;32;53;23
174.0;23;64;37;54;148;66;32;54;22
180.0;22;62;36;55;152;65;32;54;22
186.0;24;60;31;55;153;66;31;55;25
192.0;23;61;29;56;155;68;29;58;21
198.0;22;64;27;57;157;66;30;57;20
204.0;21;66;27;50;159;67;32;58;20
210.0;21;68;24;47;158;66;35;57;24
216.0;20;65;25;48;162;67;35;56;22
222.0;22;58;28;50;166;70;30;52;24
228.0;22;56;32;53;171;70;27;50;19
234.0;23;59;30;51;174;69;27;48;19
240.0;22;58;29;49;175;70;29;49;19
246.0;22;54;27;52;174;71;30;51;19
252.0;22;56;23;49;176;68;30;53;23
258.0;19;57;24;45;180;70;28;53;24
264.0;20;60;23;42;180;72;25;53;25
270.0;22;60;23;46;180;69;23;53;24
276.0;22;61;24;46;183;70;22;48;24
282.0;22;62;24;42;185;71;21;49;24
288.0;23;62;23;44;187;67;22;49;23
294.0;23;62;24;42;187;66;23;48;25
300.0;23;63;22;41;186;68;24;48;25
306.0;21;64;25;38;187;67;23;50;25
312.0;23;63;24;40;185;66;23;52;24
318.0;25;61;27;41;185;64;20;52;25
324.0;26;56;26;41;185;64;22;53;27
330.0;26;57;26;43;183;66;19;52;28
336.0;28;55;26;42;184;63;23;51;28
342.0;27;57;25;39;188;62;25;54;23
348.0;32;55;26;41;186;62;23;56;19
354.0;31;58;27;38;192;60;21;52;21
360.0;30;60;30;37;193;59;20;52;19
366.0;28;60;32;41;194;55;21;49;20
372.0;27;58;30;40;193;56;22;52;22
378.0;26;56;29;42;191;53;24;54;25
384.0;25;58;27;40;187;56;26;54;27
390.0;22;58;24;43;189;53;25;55;31
396.0;22;62;22;43;186;58;22;51;34
402.0;23;58;20;45;189;62;25;48;30
408.0;29;56;19;44;192;59;24;47;30
414.0;32;55;18;47;187;65;23;41;32
420.0;32;52;21;48;188;63;24;42;30
426.0;27;50;20;52;192;62;25;40;32
432.0;29;49;18;56;193;65;24;38;28
438.0;29;45;19;60;192;69;22;36;28
444.0;27;45;20;63;194;65;23;37;26
450.0;27;46;20;60;194;65;27;35;26
456.0;24;49;19;59;194;64;28;40;23
462.0;25;50;23;55;195;64;25;43;20
468.0;26;51;26;57;192;63;22;42;21
474.0;23;54;25;56;192;64;25;40;21
480.0;24;52;22;56;192;63;28;42;21
486.0;25;48;23;56;192;64;30;40;22
492.0;25;47;25;56;193;62;28;41;23
498.0;29;47;25;55;195;58;27;41;23
504.0;29;47;24;58;193;59;26;40;24
510.0;29;46;24;61;192;58;27;39;24
516.0;25;48;24;62;189;57;27;40;28
522.0;25;46;25;63;189;53;28;44;27
528.0;21;48;29;62;192;54;26;44;24
534.0;17;47;28;64;194;56;30;41;23
540.0;20;47;28;60;197;56;31;40;21
546.0;23;46;29;56;198;53;30;42;23
552.0;27;48;31;54;199;49;28;45;19
558.0;24;51;32;56;199;50;24;46;18
564.0;27;47;35;55;200;45;24;48;19
570.0;26;47;30;54;201;47;26;49;20
576.0;29;47;30;55;200;46;21;52;20
582.0;30;45;31;54;204;47;17;50;22
588.0;28;45;33;54;206;48;17;47;22
594.0;30;45;32;57;206;48;15;44;23
600.0;30;48;32;57;205;47;13;45;23
606.0;31;49;35;54;205;44;13;44;25
612.0;30;48;35;54;205;44;13;46;25
618.0;29;50;35;54;204;44;15;44;25
624.0;29;51;35;54;204;46;13;44;24
630.0;30;52;32;55;203;48;14;43;23
636.0;32;54;24;50;206;51;14;47;22
642.0;32;53;24;49;206;48;15;49;24
648.0;30;53;22;53;200;52;18;46;26
654.0;30;53;22;51;196;57;19;47;25
660.0;28;52;24;49;196;58;19;48;26
666.0;28;50;23;49;196;59;18;48;29
672.0;28;47;24;54;197;59;17;50;24
678.0;27;49;23;54;197;59;19;49;23
684.0;33;48;21;52;197;62;20;44;23
690.0;30;46;28;50;195;62;21;46;22
696.0;28;48;25;51;194;61;20;48;25
702.0;27;48;27;51;194;61;19;48;25
708.0;26;49;32;50;192;64;19;44;24
714.0;30;49;31;51;190;64;21;42;22
720.0;30;51;31;49;190;63;21;44;21
726.0;31;48;29;50;192;64;21;45;20
732.0;28;46;29;50;193;64;26;44;20
738.0;30;50;31;50;192;62;26;42;17
744.0;31;47;34;47;194;65;25;40;17
750.0;35;45;37;44;194;63;26;42;14
756.0;32;45;35;50;192;62;26;44;14
762.0;28;46;36;46;191;65;26;46;16
768.0;24;50;35;47;191;63;26;47;17
774.0;23;48;35;49;188;61;26;51;19
780.0;23;49;37;47;189;62;26;49;18
786.0;30;51;34;46;188;61;24;49;17
792.0;32;52;34;48;186;58;19;54;17
798.0;33;52;33;49;187;57;21;54;14
804.0;33;52;31;52;189;58;20;53;12
810.0;41;46;24;53;189;60;20;51;16
816.0;42;47;26;50;188;61;20;49;17
822.0;41;47;28;48;189;61;19;51;16
828.0;41;50;28;48;192;57;17;47;20
834.0;33;50;27;50;190;56;22;52;20
840.0;32;52;26;51;195;52;21;53;18
846.0;34;50;24;54;200;48;24;50;16
852.0;30;51;23;55;206;47;24;48;16
858.0;26;49;25;55;205;49;23;52;16
864.0;25;49;28;52;203;51;24;51;17
870.0;23;49;29;52;205;51;22;50;19
876.0;29;49;31;58;204;52;20;44;13
882.0;29;48;26;57;200;54;20;44;22
888.0;30;46;23;58;200;54;21;46;22
894.0;33;42;22;56;203;55;23;44;22
900.0;30;41;21;54;205;59;21;46;23
906.0;28;39;23;55;207;59;21;45;23
912.0;28;40;20;55;204;62;23;45;23
918.0;30;40;19;55;203;62;21;47;23
924.0;35;35;20;55;204;62;23;44;22
930.0;36;34;21;55;202;60;25;45;22
936.0;31;30;21;59;205;61;25;48;20
942.0;33;31;22;59;203;60;22;48;22
948.0;33;33;21;60;204;56;23;50;20
954.0;31;35;21;63;202;52;25;51;20
960.0;31;38;19;60;202;50;23;56;21
966.0;29;40;21;59;204;48;21;55;23
972.0;29;41;18;59;203;47;21;58;24
978.0;27;46;18;58;202;45;23;57;24
984.0;26;46;16;56;204;45;21;59;27
990.0;25;48;22;57;203;46;19;57;23
996.0;24;50;24;53;203;46;19;57;24
1002.0;22;50;21;50;205;48;21;58;25
1008.0;22;50;19;51;204;50;21;57;26
1014.0;22;48;18;53;207;51;20;55;26
1020.0;21;46;20;57;206;49;19;55;27
1026.0;22;45;21;60;206;46;19;54;27
1032.0;24;46;18;55;206;47;22;57;25
1038.0;27;48;17;55;204;46;21;58;24
1044.0;23;46;21;53;205;48;21;57;26
1050.0;22;47;22;52;203;49;23;58;24
1056.0;20;45;23;52;204;50;26;58;22
1062.0;19;45;23;50;203;52;29;57;22
1068.0;19;44;26;51;202;54;26;59;19
1074.0;21;44;26;55;204;53;23;55;19
1080.0;18;47;25;55;205;51;26;56;17
1086.0;21;46;24;58;202;50;27;56;16
1092.0;20;45;25;56;204;45;23;59;23
1098.0;21;44;24;56;206;42;22;60;25
1104.0;21;44;24;56;206;40;22;62;25
1110.0;22;45;23;54;205;37;25;61;28
1116.0;30;44;22;47;207;36;24;60;30
1122.0;32;44;20;45;207;38;24;60;30
1128.0;30;50;20;49;207;37;21;61;25
1134.0;27;49;25;45;206;41;23;60;24
1140.0;26;49;26;44;207;39;24;59;26
1146.0;27;52;23;42;208;34;23;59;32
1152.0;28;55;24;39;208;34;24;58;30
1158.0;32;53;27;37;206;32;23;60;30
1164.0;32;54;27;36;210;33;24;55;29
1170.0;31;56;27;35;211;34;22;56;28
1176.0;26;56;31;39;210;34;19;58;27
1182.0;23;56;26;38;214;38;18;58;29
1188.0;22;56;27;37;212;41;17;60;28
1194.0;21;56;28;35;213;41;16;62;28
1200.0;23;56;29;35;212;42;14;61;28
1206.0;18;54;28;41;212;41;17;61;28
1212.0;18;54;28;42;211;42;18;59;28
1218.0;20;58;29;42;210;37;19;58;27
1224.0;16;57;28;44;211;37;19;58;30
1230.0;18;59;25;47;208;35;21;58;29
1236.0;19;60;25;42;209;39;19;59;28
1242.0;23;59;28;41;209;40;16;53;31
1248.0;23;60;27;40;208;41;14;52;35
1254.0;25;62;22;43;205;39;15;52;37
1260.0;23;63;22;45;205;41;16;50;35
1266.0;25;62;22;45;201;41;22;47;35
1272.0;19;58;23;44;203;43;24;47;39
1278.0;19;54;25;44;203;47;21;48;39
1284.0;17;56;22;48;201;50;22;48;36
1290.0;20;56;21;44;203;54;22;47;33
1296.0;19;57;20;44;209;53;23;48;27
1302.0;19;54;21;51;207;54;20;45;29
1308.0;17;52;21;48;208;58;21;45;30
1314.0;19;48;23;48;207;60;18;44;33
1320.0;19;48;24;48;208;57;19;45;32
1326.0;20;46;28;46;211;54;19;46;30
1332.0;20;45;27;48;209;57;20;41;33
1338.0;20;45;30;44;210;58;21;38;34
1344.0;20;46;27;46;210;53;23;39;36
1350.0;20;43;29;46;213;54;21;39;35
1356.0;23;45;28;44;214;55;19;37;35
1362.0;25;43;28;44;210;56;21;39;34
1368.0;23;45;27;46;212;53;21;41;32
1374.0;23;46;25;48;213;50;23;44;28
1380.0;28;43;25;46;214;51;25;40;28
1386.0;28;44;26;50;209;47;27;40;29
1392.0;28;42;27;51;209;46;26;42;29
1398.0;26;46;24;52;210;45;26;44;27
1404.0;22;45;24;53;210;50;24;47;25
1410.0;23;47;23;52;211;51;24;45;24
1416.0;28;47;25;44;210;50;25;48;23
1422.0;28;49;25;45;212;49;24;47;21
1428.0;32;50;20;48;210;50;20;48;22
1434.0;35;51;18;48;209;51;20;45;23
1440.0;36;49;19;49;211;48;21;45;22
1446.0;35;50;15;44;216;49;22;48;21
1452.0;36;47;15;41;218;49;24;47;23
1458.0;32;46;18;44;218;51;24;45;22
1464.0;35;41;21;46;220;45;26;47;19
1470.0;32;41;23;46;220;46;24;49;19
1476.0;31;43;24;44;220;47;25;48;18
1482.0;31;44;20;41;222;50;23;51;18
1488.0;31;45;20;41;221;52;20;51;19
1494.0;32;47;19;43;218;53;20;49;19
1500.0;32;48;19;43;219;51;20;49;19
1506.0;33;47;20;43;222;51;19;49;16
1512.0;34;46;18;44;219;49;21;50;19
1518.0;33;49;16;44;218;50;18;54;18
1524.0;37;48;17;42;217;53;15;49;22
1530.0;40;47;15;45;214;51;16;47;25
1536.0;37;48;13;44;215;49;21;47;26
1542.0;33;47;17;45;216;49;20;48;25
1548.0;30;43;18;44;221;48;21;46;29
1554.0;28;45;23;45;222;47;20;43;27
1560.0;27;43;25;42;225;51;19;42;26
1566.0;28;42;24;41;221;53;24;41;26
1572.0;24;41;26;43;219;54;28;42;23
1578.0;23;42;27;43;223;49;28;41;24
1584.0;24;44;25;45;220;49;29;42;22
1590.0;23;42;28;46;218;49;27;43;24
1596.0;25;44;27;45;220;52;26;39;22
1602.0;20;45;26;47;220;51;27;41;23
1608.0;18;48;30;44;223;45;29;40;23
1614.0;18;47;31;43;224;46;31;42;18
1620.0;20;47;34;45;224;46;27;38;19
1626.0;21;46;34;47;227;45;24;39;17
1632.0;25;47;32;46;226;45;23;39;17
1638.0;21;48;35;41;223;45;26;43;18
1644.0;14;50;36;41;224;45;26;45;19
1650.0;10;53;35;43;226;47;23;46;17
1656.0;10;53;36;42;226;49;22;45;17
1662.0;11;54;37;40;226;46;22;47;17
1668.0;11;53;38;40;227;47;22;45;17
1674.0;11;52;38;40;228;47;22;46;16
1680.0;14;52;36;38;228;48;22;46;16
1686.0;16;49;33;39;230;48;22;45;18
1692.0;15;51;31;39;230;47;24;45;18
1698.0;16;51;32;39;230;45;23;45;19
1704.0;16;49;33;40;232;43;20;47;20
1710.0;15;49;30;38;231;45;24;47;21
1716.0;17;45;28;39;234;47;24;44;22
1722.0;16;42;29;41;236;47;26;43;20
1728.0;16;47;27;38;234;48;25;44;21
1734.0;16;46;24;40;238;45;26;45;20
1740.0;18;44;25;40;237;45;25;45;21
1746.0;18;44;21;38;244;48;22;44;21
1752.0;22;44;18;37;244;47;23;45;20
1758.0;19;44;19;42;246;49;20;44;17
1764.0;19;46;19;43;246;48;19;44;16
1770.0;15;45;22;46;246;45;19;43;19
1776.0;16;42;20;44;242;47;22;44;23
1782.0;16;42;20;45;242;46;23;44;22
1788.0;16;44;22;45;243;44;21;44;21
1794.0;17;45;21;43;241;45;20;41;27
