#auto generated file!
12.0;29;39;31;39;37;33;39;40;33
18.0;31;39;29;41;38;30;39;43;30
24.0;28;42;31;39;42;31;37;43;27
30.0;28;42;29;38;47;31;36;42;27
36.0;27;43;26;37;50;33;33;40;31
42.0;30;45;22;36;52;33;33;40;29
48.0;24;47;22;35;52;33;34;44;29
54.0;23;50;19;38;59;31;31;42;27
60.0;24;50;16;36;60;32;31;46;25
66.0;22;50;16;34;60;34;28;51;25
72.0;22;50;16;35;62;35;29;49;22
78.0;23;49;13;35;64;35;31;47;23
84.0;23;48;15;33;65;34;32;46;24
90.0;20;48;16;33;66;36;28;49;24
96.0;20;47;14;33;72;37;30;45;22
102.0;21;44;12;31;72;36;35;47;22
108.0;23;46;11;32;71;35;37;45;20
114.0;23;46;12;33;74;34;35;43;20
120.0;24;46;12;32;77;32;35;46;16
126.0;25;41;13;37;79;32;32;46;15
132.0;28;40;14;33;78;32;30;47;18
138.0;24;39;17;36;81;31;28;46;18
144.0;21;39;19;38;83;28;26;45;21
150.0;21;40;23;36;85;29;24;41;21
156.0;20;41;24;36;85;31;21;41;21
162.0;20;41;24;34;86;32;20;40;23
168.0;20;40;21;34;88;31;22;41;23
174.0;20;38;20;35;89;30;21;46;21
180.0;20;36;22;35;90;32;19;46;20
186.0;21;36;21;37;90;34;16;45;20
192.0;21;37;21;38;91;34;14;45;19
198.0;17;40;20;39;92;34;13;47;18
204.0;18;39;18;38;94;34;13;48;18
210.0;18;39;19;38;92;34;16;47;17
216.0;18;40;16;38;96;35;12;47;18
222.0;20;39;15;34;97;34;13;48;20
228.0;20;39;14;32;98;34;15;48;20
234.0;18;39;14;33;98;34;15;49;20
240.0;18;40;16;33;97;35;14;49;18
246.0;17;41;16;27;102;35;14;49;19
252.0;15;39;14;29;102;37;15;49;20
258.0;14;39;13;30;103;34;16;52;19
264.0;14;37;11;27;106;35;16;51;23
270.0;12;36;11;30;108;37;16;49;21
276.0;13;34;10;31;108;36;18;50;20
282.0;12;35;10;30;110;35;17;51;20
288.0;14;34;11;29;111;35;15;50;21
294.0;13;34;14;31;110;36;15;47;20
300.0;12;33;11;32;113;37;14;48;20
306.0;15;32;11;33;114;35;16;46;18
312.0;14;35;11;35;114;35;20;38;18
318.0;14;34;11;36;116;34;20;36;19
324.0;13;37;10;33;117;34;19;39;18
330.0;14;35;12;35;118;33;18;36;19
336.0;14;37;12;34;120;34;17;37;15
342.0;16;35;13;35;121;35;17;35;13
348.0;16;33;12;34;122;33;15;41;14
354.0;13;35;16;32;123;34;11;43;13
360.0;17;34;18;28;125;31;12;42;13
366.0;21;34;15;27;125;30;12;45;11
372.0;23;35;15;26;125;29;12;45;10
378.0;21;37;16;24;126;30;10;44;12
384.0;21;36;15;27;126;28;13;43;11
390.0;23;33;17;26;127;27;14;42;11
396.0;23;36;14;30;125;26;14;43;9
402.0;22;36;13;29;125;29;15;41;10
408.0;19;36;14;27;125;34;14;40;11
414.0;20;34;14;27;126;33;13;39;14
420.0;21;33;12;27;128;31;12;39;17
426.0;20;32;9;29;131;34;13;39;13
432.0;19;30;11;27;131;34;13;38;17
438.0;20;27;12;26;131;37;14;37;16
444.0;20;26;10;27;133;39;13;36;16
450.0;18;25;11;27;133;37;16;38;15
456.0;19;24;11;27;136;34;17;37;15
462.0;20;27;10;29;136;32;17;36;13
468.0;19;27;10;30;135;34;17;36;12
474.0;16;25;15;30;135;30;16;36;17
480.0;17;25;15;31;134;30;16;34;18
486.0;16;24;14;31;133;31;17;36;18
492.0;16;26;13;31;133;32;15;36;18
498.0;15;30;12;30;133;33;17;36;14
504.0;14;30;13;34;128;35;17;35;14
510.0;15;32;14;34;124;34;19;36;12
516.0;14;30;14;35;125;35;20;36;11
522.0;14;29;15;36;124;36;22;34;10
528.0;15;29;15;35;125;39;21;33;8
534.0;14;30;15;37;125;35;21;33;10
540.0;14;31;16;34;130;34;16;34;11
546.0;17;32;16;33;129;33;16;32;12
552.0;18;34;17;30;130;34;13;32;12
558.0;16;36;17;32;129;33;14;33;10
564.0;17;35;19;33;128;33;13;30;12
570.0;17;36;19;33;125;32;14;29;15
576.0;20;38;19;31;127;29;14;30;12
582.0;20;37;19;34;127;30;13;30;10
588.0;20;37;18;34;129;32;13;28;9
594.0;20;38;15;33;130;33;14;29;8
600.0;20;39;19;33;129;30;13;29;8
606.0;18;40;16;31;132;34;11;29;9
612.0;16;39;18;30;133;33;13;28;10
618.0;16;41;17;30;132;31;13;28;12
624.0;14;38;17;31;134;31;13;28;14
630.0;13;39;17;32;134;33;12;28;12
636.0;14;37;21;32;135;32;10;29;10
642.0;17;32;21;36;133;32;8;27;14
648.0;16;30;26;36;130;34;10;24;14
654.0;17;31;27;39;130;33;11;22;10
660.0;16;34;26;40;129;30;14;22;9
666.0;15;34;28;38;125;31;16;23;10
672.0;17;35;27;36;124;30;16;23;12
678.0;19;37;28;31;124;29;15;24;13
684.0;17;35;28;30;126;30;16;25;13
690.0;16;33;28;29;127;29;16;28;14
696.0;17;36;26;28;124;28;20;25;16
702.0;15;36;27;28;125;29;21;24;15
708.0;16;35;27;29;124;29;20;24;16
714.0;17;34;28;30;124;29;17;24;17
720.0;17;36;26;33;124;32;15;22;15
726.0;17;39;26;32;124;31;13;22;16
732.0;11;39;25;34;125;29;16;24;17
738.0;8;40;23;35;127;28;17;25;17
744.0;8;38;21;35;128;28;19;23;20
750.0;9;37;20;34;127;29;19;24;21
756.0;9;35;18;36;127;31;14;29;21
762.0;10;36;19;36;127;28;15;28;21
768.0;9;37;20;36;127;28;14;28;21
774.0;9;34;17;37;129;29;17;27;21
780.0;11;31;17;38;127;27;17;31;21
786.0;12;30;17;38;126;27;16;34;20
792.0;11;28;18;38;125;28;20;33;19
798.0;15;29;20;39;125;25;16;33;18
804.0;12;26;19;40;126;28;17;35;17
810.0;8;29;17;39;128;30;15;35;19
816.0;10;27;15;40;129;32;14;35;18
822.0;11;27;17;40;126;32;14;36;17
828.0;9;27;19;39;127;32;13;36;18
834.0;9;25;20;40;126;31;13;35;21
840.0;8;24;23;37;128;30;13;36;21
846.0;10;23;21;39;128;29;13;37;20
852.0;8;23;20;39;129;28;15;37;21
858.0;10;20;21;39;130;31;16;37;16
864.0;11;23;17;38;131;31;15;39;15
870.0;10;24;18;39;133;31;13;38;14
876.0;9;24;19;42;133;29;12;37;15
882.0;10;20;19;41;137;31;11;39;12
888.0;11;21;17;40;140;32;12;37;10
894.0;14;18;15;41;142;33;11;37;9
900.0;13;18;17;39;141;32;12;37;11
906.0;14;19;18;36;138;34;14;35;12
912.0;13;20;20;36;142;31;16;32;10
918.0;14;23;20;34;141;29;17;33;9
924.0;16;21;21;36;139;28;16;33;10
930.0;14;22;20;38;136;29;18;33;10
936.0;14;22;20;38;137;30;17;32;10
942.0;13;23;22;35;138;33;14;33;9
948.0;15;24;23;36;137;33;9;33;10
954.0;15;24;20;37;139;31;10;33;11
960.0;14;23;18;36;141;32;13;33;10
966.0;14;23;16;38;144;31;11;34;9
972.0;18;22;16;34;144;30;12;32;12
978.0;16;24;15;37;143;29;11;35;10
984.0;14;26;16;37;144;29;12;34;8
990.0;13;27;14;39;143;29;13;35;7
996.0;16;27;15;35;144;29;12;33;9
1002.0;16;28;14;35;143;31;11;33;9
1008.0;18;28;13;33;144;30;14;32;8
1014.0;16;29;14;31;146;30;16;30;8
1020.0;15;29;12;31;147;33;16;29;8
1026.0;14;28;13;29;146;34;14;29;13
1032.0;13;29;10;30;146;33;14;31;14
1038.0;12;28;12;32;144;34;12;31;15
1044.0;11;29;12;31;144;33;13;31;16
1050.0;14;30;10;32;143;33;13;29;16
1056.0;13;30;12;32;143;33;15;29;13
1062.0;13;31;13;35;142;33;12;28;13
1068.0;11;31;14;34;144;35;10;26;15
1074.0;9;32;13;33;146;36;9;27;15
1080.0;8;33;13;30;143;37;10;29;17
1086.0;11;30;13;25;141;36;15;29;20
1092.0;10;31;15;23;142;33;13;32;21
1098.0;10;31;14;22;142;32;15;33;21
1104.0;11;32;13;24;142;32;17;32;17
1110.0;11;29;13;25;141;33;16;32;20
1116.0;11;28;14;27;140;34;18;30;18
1122.0;13;28;16;28;140;30;18;33;14
1128.0;13;27;15;27;141;32;15;33;17
1134.0;14;25;14;31;142;32;15;30;17
1140.0;14;25;17;30;143;30;17;27;17
1146.0;15;26;14;30;145;30;16;27;17
1152.0;16;26;16;29;145;29;17;25;17
1158.0;15;30;16;27;145;27;18;27;15
1164.0;13;29;17;27;146;27;19;26;16
1170.0;17;27;16;29;144;27;20;26;14
1176.0;15;26;19;29;145;28;21;25;12
1182.0;14;27;18;31;146;27;20;26;11
1188.0;15;29;15;29;145;28;22;27;10
1194.0;18;29;14;27;142;28;21;30;11
1200.0;22;30;13;25;143;28;20;29;10
1206.0;22;30;15;25;145;26;19;29;9
1212.0;20;31;17;26;146;26;17;29;8
1218.0;17;33;18;28;147;27;16;28;6
1224.0;16;35;18;29;146;25;17;28;6
1230.0;16;37;22;29;143;24;20;24;5
1236.0;17;38;16;30;142;22;21;26;8
1242.0;17;38;15;30;144;21;21;25;9
1248.0;19;38;13;32;144;21;19;24;10
1254.0;19;34;12;34;143;22;18;25;13
1260.0;16;34;10;36;145;22;15;28;14
1266.0;17;35;12;35;146;23;12;26;14
1272.0;17;37;10;33;148;21;11;27;16
1278.0;14;37;11;32;148;26;10;27;15
1284.0;12;37;10;29;150;30;9;29;14
1290.0;11;37;12;29;150;30;9;28;14
1296.0;10;33;12;27;149;31;12;34;12
1302.0;10;31;13;28;147;30;13;36;12
1308.0;11;32;14;25;147;29;13;38;11
1314.0;9;33;14;25;148;30;12;38;11
1320.0;9;33;13;26;148;29;14;36;12
1326.0;9;35;8;31;148;27;14;35;13
1332.0;10;34;9;30;149;30;12;33;13
1338.0;8;35;7;30;147;30;14;33;16
1344.0;11;34;6;32;151;31;12;29;14
1350.0;9;33;6;33;151;32;11;31;14
1356.0;11;33;6;31;152;33;12;30;12
1362.0;11;32;6;31;149;35;14;32;10
1368.0;13;29;7;31;148;37;13;30;12
1374.0;12;29;7;32;150;39;13;28;10
1380.0;13;29;6;28;150;40;15;30;9
1386.0;10;28;7;28;152;42;14;30;9
1392.0;11;29;6;29;151;41;16;29;8
1398.0;10;28;9;28;151;41;16;27;10
1404.0;10;29;9;28;150;39;16;28;11
1410.0;13;27;7;29;148;43;17;28;8
1416.0;12;29;7;30;147;43;16;28;8
1422.0;14;29;7;28;150;40;16;28;8
1428.0;15;27;8;28;150;38;15;29;10
1434.0;20;25;10;27;151;34;17;28;8
1440.0;18;23;7;26;152;38;18;30;8
1446.0;16;23;7;25;152;38;18;33;8
1452.0;15;23;8;27;150;40;19;30;8
1458.0;16;22;8;28;148;42;19;30;7
1464.0;16;22;10;29;147;39;19;31;7
1470.0;15;21;12;28;150;40;18;31;5
1476.0;16;22;15;24;151;39;19;30;4
1482.0;15;23;16;23;155;38;17;28;5
1488.0;15;22;14;22;153;43;17;29;5
1494.0;15;22;14;21;154;45;16;28;5
1500.0;13;23;15;21;153;47;13;28;7
1506.0;14;21;14;22;155;46;12;29;7
1512.0;15;21;14;24;152;47;12;29;6
1518.0;15;19;14;26;153;45;12;29;7
1524.0;16;19;14;26;153;46;10;30;6
1530.0;17;18;14;26;153;45;10;30;7
1536.0;18;20;13;27;152;45;8;29;8
1542.0;16;21;15;25;152;47;8;27;9
1548.0;15;22;14;25;148;46;11;28;11
1554.0;12;21;12;25;150;43;14;31;12
1560.0;13;22;10;26;148;42;15;33;11
1566.0;14;23;10;30;146;40;15;30;12
1572.0;16;22;10;27;146;39;17;31;12
1578.0;14;21;10;27;148;36;18;31;15
1584.0;14;21;12;28;147;36;19;28;15
1590.0;13;22;13;28;147;36;19;27;15
1596.0;10;25;14;30;147;33;20;28;13
1602.0;11;24;13;33;148;34;17;28;12
1608.0;10;24;13;32;148;37;19;29;8
1614.0;10;29;11;33;147;37;18;27;8
1620.0;10;27;13;34;146;37;17;28;8
1626.0;10;25;12;34;146;35;18;30;10
1632.0;13;23;14;35;145;34;16;30;10
1638.0;13;23;15;35;142;34;16;30;12
1644.0;15;22;16;36;141;32;14;30;14
1650.0;16;21;17;37;142;31;14;28;14
1656.0;18;19;14;37;143;31;14;29;15
1662.0;17;20;11;35;143;33;17;30;14
1668.0;16;20;10;33;142;36;17;31;15
1674.0;16;19;10;35;142;34;16;28;20
1680.0;14;20;11;36;141;35;16;28;19
1686.0;16;21;9;31;143;36;16;31;17
1692.0;17;21;10;32;143;34;17;30;16
1698.0;19;20;9;29;142;33;18;32;18
1704.0;18;19;12;27;140;32;19;33;20
1710.0;19;19;10;22;141;34;22;31;22
1716.0;19;18;7;22;142;32;22;34;24
1722.0;18;19;7;19;144;33;25;33;22
1728.0;18;20;10;20;144;32;22;34;20
1734.0;13;20;12;23;147;28;21;37;19
1740.0;12;19;13;26;147;28;19;36;20
1746.0;13;20;10;27;147;28;21;33;21
1752.0;12;24;10;26;148;28;18;33;21
1758.0;13;23;10;25;145;30;21;32;21
1764.0;15;23;9;27;146;32;19;32;17
1770.0;16;18;8;30;143;31;23;33;18
1776.0;16;19;6;33;143;30;21;34;18
1782.0;12;21;5;32;146;32;20;36;16
1788.0;11;20;9;32;149;30;19;35;15
1794.0;10;20;11;32;152;29;17;35;14
