#auto generated file!
12.0;51;26;38;53;43;39;33;50;37
18.0;50;25;35;54;47;39;33;50;37
24.0;47;26;36;54;48;38;35;48;38
30.0;44;23;38;58;46;39;35;50;37
36.0;43;25;39;61;49;40;34;47;32
42.0;41;28;36;61;50;42;33;47;32
48.0;39;30;40;56;52;41;32;51;29
54.0;33;30;42;59;51;39;29;54;33
60.0;33;29;40;56;51;44;27;55;35
66.0;33;30;41;54;52;44;26;58;32
72.0;32;33;37;54;57;43;24;58;32
78.0;36;30;36;54;60;45;24;57;28
84.0;36;31;33;57;60;47;21;56;29
90.0;33;30;30;56;67;46;20;58;30
96.0;29;32;31;59;67;45;20;56;31
102.0;30;31;34;59;67;43;20;54;32
108.0;28;31;34;57;69;48;21;53;29
114.0;28;31;32;53;72;50;21;56;27
120.0;24;33;32;56;73;48;20;56;28
126.0;24;33;31;56;74;49;19;54;30
132.0;25;34;30;57;76;47;16;55;30
138.0;26;36;30;54;79;51;17;52;25
144.0;26;40;26;53;81;52;19;47;26
150.0;25;47;25;54;86;49;19;45;20
156.0;24;46;26;53;87;44;21;45;24
162.0;22;45;23;53;89;48;21;44;25
168.0;22;43;23;51;88;51;21;42;29
174.0;24;45;23;51;90;49;20;38;30
180.0;25;47;22;48;95;47;21;37;28
186.0;21;47;24;49;97;47;22;36;27
192.0;23;48;25;47;96;46;23;35;27
198.0;21;46;20;48;97;46;26;39;27
204.0;21;43;19;46;99;50;24;40;28
210.0;22;41;15;46;101;48;22;46;29
216.0;21;43;16;49;100;50;20;47;24
222.0;16;41;16;48;102;54;21;46;26
228.0;12;40;14;53;101;53;21;47;29
234.0;11;39;14;53;103;53;22;46;29
240.0;12;43;14;51;105;54;18;44;29
246.0;12;45;12;50;108;52;20;42;29
252.0;15;45;13;47;106;53;20;42;29
258.0;16;46;13;47;108;48;22;42;28
264.0;17;46;14;45;110;46;20;45;27
270.0;18;48;16;44;112;47;17;47;21
276.0;19;47;19;42;112;45;19;49;18
282.0;17;45;18;46;117;45;21;44;17
288.0;16;44;17;46;118;43;21;45;20
294.0;16;46;17;45;117;45;21;44;19
300.0;17;47;16;46;118;44;21;43;18
306.0;18;47;17;44;117;44;19;46;18
312.0;18;45;24;45;117;41;16;44;20
318.0;17;41;22;49;118;42;18;42;21
324.0;16;42;20;51;119;42;18;43;19
330.0;14;42;22;52;121;41;18;43;17
336.0;15;39;20;53;126;41;18;42;16
342.0;15;39;23;52;126;41;16;42;16
348.0;16;39;21;50;125;42;19;40;18
354.0;19;41;19;49;124;42;16;41;19
360.0;20;43;20;47;127;41;13;41;18
366.0;19;41;22;41;129;43;16;41;18
372.0;18;39;24;40;131;43;15;43;17
378.0;20;37;22;39;132;42;17;43;18
384.0;20;37;23;39;132;40;19;43;17
390.0;25;34;22;36;134;40;20;42;17
396.0;26;35;25;34;134;40;19;39;18
402.0;23;37;25;36;133;39;19;40;18
408.0;21;38;26;36;136;38;19;42;14
414.0;17;37;22;35;138;41;21;43;16
420.0;15;37;21;38;139;41;22;43;14
426.0;14;38;24;38;137;38;23;44;14
432.0;12;36;22;40;138;36;22;47;17
438.0;11;36;22;37;139;39;23;47;16
444.0;10;37;22;36;141;40;22;46;16
450.0;11;33;21;37;143;43;23;45;14
456.0;10;33;22;36;143;46;23;42;15
462.0;13;32;21;35;143;45;21;42;18
468.0;11;32;22;34;143;43;24;45;16
474.0;9;33;22;32;144;44;27;42;17
480.0;9;35;21;31;146;43;27;41;17
486.0;9;34;20;31;147;44;25;42;18
492.0;8;35;19;31;147;46;21;41;22
498.0;9;37;16;31;145;47;22;41;22
504.0;10;37;15;30;147;45;26;41;19
510.0;10;36;15;31;150;41;27;42;18
516.0;9;38;14;32;149;40;25;41;22
522.0;9;40;16;33;148;39;22;40;23
528.0;11;40;17;29;150;39;20;41;23
534.0;12;38;18;33;150;39;19;39;22
540.0;13;38;17;33;146;37;22;39;25
546.0;16;37;17;34;145;39;22;37;23
552.0;14;34;20;36;146;40;19;36;25
558.0;17;33;19;38;148;39;17;35;24
564.0;19;31;15;41;150;37;17;37;23
570.0;17;32;12;40;153;35;17;41;23
576.0;15;31;14;38;154;36;18;39;25
582.0;13;35;11;39;155;35;16;38;28
588.0;13;34;11;39;155;36;17;38;27
594.0;14;34;13;38;157;39;16;35;24
600.0;16;31;12;39;158;38;17;34;25
606.0;15;31;12;41;160;37;16;35;23
612.0;16;31;11;41;159;40;15;37;20
618.0;16;33;12;41;160;40;15;35;18
624.0;16;32;14;40;161;41;16;31;19
630.0;17;32;11;41;160;39;17;31;22
636.0;17;32;10;41;162;36;17;31;24
642.0;17;32;14;39;161;36;15;33;23
648.0;15;31;13;37;162;37;18;34;23
654.0;16;31;14;38;160;39;17;34;21
660.0;15;32;14;38;157;36;20;37;21
666.0;17;34;13;38;158;35;18;37;20
672.0;19;35;16;35;157;36;16;38;18
678.0;20;35;15;37;157;35;15;37;19
684.0;17;35;16;36;159;36;15;36;20
690.0;14;33;16;41;161;35;12;37;21
696.0;13;35;17;40;164;35;10;36;20
702.0;14;34;16;38;163;37;13;35;20
708.0;10;31;17;37;163;36;17;36;23
714.0;11;32;17;37;163;37;18;33;22
720.0;11;30;17;41;164;33;20;34;20
726.0;12;30;16;40;164;34;20;33;21
732.0;12;31;17;39;163;37;18;33;20
738.0;11;31;17;39;164;38;21;32;17
744.0;12;31;17;37;165;36;20;35;17
750.0;14;29;18;36;164;34;19;38;18
756.0;17;29;19;36;161;36;18;37;17
762.0;16;31;19;38;159;36;19;36;16
768.0;17;32;19;38;159;35;18;36;16
774.0;16;33;20;34;159;36;21;37;14
780.0;16;31;22;36;158;35;21;36;15
786.0;16;29;22;34;159;35;22;39;14
792.0;13;29;20;36;162;34;19;40;17
798.0;15;28;16;35;164;37;19;38;18
804.0;17;26;14;34;167;37;21;34;20
810.0;15;25;15;40;164;36;21;34;20
816.0;17;26;16;34;163;36;21;36;21
822.0;18;25;15;33;163;38;21;37;20
828.0;19;25;13;33;163;37;21;40;19
834.0;17;28;13;34;165;36;20;39;18
840.0;20;27;13;34;166;36;18;40;16
846.0;20;25;14;32;165;37;16;43;18
852.0;23;27;14;29;164;36;17;44;16
858.0;23;27;13;28;166;36;18;43;16
864.0;28;28;10;26;162;37;19;44;16
870.0;29;29;10;28;162;34;20;43;15
876.0;28;30;15;28;159;35;19;41;15
882.0;28;30;13;28;158;36;20;41;16
888.0;27;30;13;30;158;35;15;42;20
894.0;26;29;12;31;155;37;16;44;20
900.0;23;29;14;35;155;37;13;46;18
906.0;21;31;17;36;153;35;13;46;18
912.0;22;31;16;35;154;35;12;48;17
918.0;21;33;19;34;153;34;12;47;17
924.0;22;36;19;34;150;34;16;43;16
930.0;24;36;20;33;151;33;15;43;15
936.0;23;38;17;33;151;29;18;43;18
942.0;24;36;20;30;149;31;19;43;18
948.0;20;37;19;32;149;33;17;44;19
954.0;19;38;17;32;149;36;19;43;17
960.0;20;35;17;33;150;36;20;45;14
966.0;19;37;16;34;151;34;19;42;18
972.0;21;36;13;35;149;36;18;43;19
978.0;20;39;10;33;148;37;22;45;16
984.0;23;40;12;30;148;37;23;40;17
990.0;25;39;10;28;150;40;24;40;14
996.0;23;39;11;31;149;40;23;39;15
1002.0;23;39;11;33;151;38;22;39;14
1008.0;23;40;14;29;153;38;19;40;14
1014.0;24;42;12;27;152;36;17;46;14
1020.0;26;38;12;27;154;39;16;46;12
1026.0;27;37;11;29;153;37;15;48;13
1032.0;24;38;13;28;155;38;14;48;12
1038.0;26;37;16;28;153;36;14;48;12
1044.0;26;34;15;27;154;35;15;49;15
1050.0;23;33;16;27;157;31;15;51;17
1056.0;21;34;19;26;155;29;16;53;17
1062.0;22;34;18;26;154;29;16;51;20
1068.0;25;35;18;27;153;30;14;48;20
1074.0;23;36;16;26;154;31;16;50;18
1080.0;22;38;16;25;157;30;15;50;17
1086.0;22;37;17;26;155;32;16;49;16
1092.0;22;38;19;26;155;33;13;47;17
1098.0;21;38;19;23;154;32;18;43;22
1104.0;23;38;16;26;152;34;20;44;17
1110.0;21;37;15;27;153;33;22;44;18
1116.0;19;35;16;28;153;33;22;44;20
1122.0;17;36;17;25;153;32;24;42;24
1128.0;19;38;20;24;153;32;20;44;20
1134.0;19;37;21;25;154;31;19;44;20
1140.0;16;40;20;25;154;30;20;44;21
1146.0;15;41;19;24;153;30;21;44;23
1152.0;14;41;16;24;155;33;18;46;23
1158.0;15;39;17;24;153;34;22;45;21
1164.0;18;40;13;24;154;33;24;47;17
1170.0;18;41;9;28;152;33;25;46;18
1176.0;19;42;12;24;151;31;27;45;19
1182.0;18;44;13;27;151;29;27;44;17
1188.0;18;44;12;29;150;30;26;46;15
1194.0;20;46;11;27;151;32;25;41;17
1200.0;15;43;15;25;151;34;26;43;18
1206.0;18;45;14;25;152;34;25;41;16
1212.0;18;46;14;24;156;34;26;38;14
1218.0;19;46;15;23;158;32;26;38;13
1224.0;18;44;16;23;159;31;26;39;14
1230.0;19;42;13;27;157;28;27;42;15
1236.0;18;40;15;29;161;32;23;41;11
1242.0;17;41;15;29;161;31;24;40;12
1248.0;21;37;17;29;161;28;24;41;12
1254.0;18;35;17;32;161;30;25;40;12
1260.0;20;34;17;34;159;32;22;41;11
1266.0;20;34;16;30;159;35;22;42;12
1272.0;18;36;13;30;159;35;22;43;14
1278.0;17;34;15;30;159;33;22;45;15
1284.0;16;33;19;31;160;32;21;44;14
1290.0;15;32;17;34;161;33;21;44;13
1296.0;16;33;15;31;162;33;21;47;12
1302.0;15;31;15;34;162;33;21;47;12
1308.0;15;30;15;34;159;34;24;45;14
1314.0;14;28;13;34;161;33;26;48;13
1320.0;12;29;14;33;163;31;27;48;13
1326.0;12;29;14;33;163;31;27;49;12
1332.0;13;27;14;34;163;32;26;49;12
1338.0;14;27;11;35;163;31;26;49;14
1344.0;17;27;11;34;163;30;26;48;14
1350.0;14;29;13;36;164;27;22;48;17
1356.0;14;29;13;34;166;30;21;44;19
1362.0;12;31;10;33;170;27;21;43;23
1368.0;14;28;10;34;168;28;21;44;23
1374.0;14;29;11;34;171;27;21;43;20
1380.0;15;29;12;35;170;26;22;46;15
1386.0;13;28;14;33;172;26;22;44;18
1392.0;16;26;14;31;175;27;19;44;18
1398.0;16;26;15;32;175;31;15;47;13
1404.0;16;25;17;29;175;32;14;46;16
1410.0;18;25;18;29;176;33;13;43;15
1416.0;14;25;20;32;175;32;14;44;14
1422.0;15;26;20;34;172;32;13;45;13
1428.0;12;25;19;36;173;29;15;49;12
1434.0;12;26;19;36;173;29;15;49;11
1440.0;11;30;18;35;173;28;16;49;10
1446.0;12;29;18;39;171;28;18;46;9
1452.0;13;30;15;37;173;29;18;45;10
1458.0;14;30;17;32;170;31;19;46;11
1464.0;15;28;15;34;169;31;17;48;13
1470.0;18;28;15;37;169;31;15;47;10
1476.0;14;25;15;41;171;32;14;50;8
1482.0;14;23;17;44;170;33;14;48;7
1488.0;12;23;19;43;167;35;14;48;9
1494.0;13;24;19;43;166;35;14;45;11
1500.0;15;25;17;39;171;34;15;42;12
1506.0;14;25;14;41;172;33;15;42;14
1512.0;10;26;15;40;174;32;15;42;16
1518.0;12;27;13;41;174;32;16;42;13
1524.0;14;28;15;42;176;27;16;41;11
1530.0;18;29;14;39;175;29;17;37;12
1536.0;21;29;15;39;174;26;17;37;12
1542.0;19;30;13;37;177;27;23;34;10
1548.0;17;32;15;37;174;25;25;34;11
1554.0;18;34;15;29;174;27;27;33;13
1560.0;18;33;17;28;175;29;25;33;12
1566.0;15;38;16;26;173;28;27;33;14
1572.0;13;37;15;31;172;28;25;31;18
1578.0;14;35;15;31;173;26;24;32;20
1584.0;15;34;15;30;173;28;24;33;18
1590.0;15;32;16;31;171;27;26;34;18
1596.0;14;35;13;32;170;25;20;38;23
1602.0;14;36;13;32;171;26;20;37;21
1608.0;14;33;12;33;171;28;20;39;20
1614.0;16;36;14;30;169;29;16;40;20
1620.0;15;39;13;32;168;29;15;36;23
1626.0;13;41;13;32;167;28;14;38;24
1632.0;12;39;14;32;168;29;12;38;26
1638.0;15;39;12;31;167;33;14;35;24
1644.0;15;37;13;30;170;36;15;33;21
1650.0;16;36;14;28;169;38;16;30;23
1656.0;16;34;14;26;171;39;15;31;24
1662.0;17;34;17;27;168;34;19;31;23
1668.0;20;33;15;26;167;33;21;32;23
1674.0;22;34;13;30;167;29;22;32;21
1680.0;21;38;13;28;168;30;21;33;18
1686.0;18;33;18;25;168;33;22;36;17
1692.0;21;34;18;26;167;33;18;36;17
1698.0;22;31;15;24;170;35;17;38;18
1704.0;16;32;16;23;171;37;16;41;18
1710.0;18;31;15;24;169;36;19;41;17
1716.0;16;31;12;26;172;36;22;39;16
1722.0;19;30;11;26;173;36;23;38;14
1728.0;19;31;11;29;171;32;27;37;13
1734.0;20;29;12;28;171;34;27;36;13
1740.0;21;30;10;29;171;35;27;35;12
1746.0;21;30;13;28;170;36;26;32;14
1752.0;20;33;13;27;170;35;26;32;14
1758.0;20;34;15;27;168;34;28;31;13
1764.0;20;34;15;30;168;33;27;31;12
1770.0;21;33;17;30;171;33;26;30;9
1776.0;21;33;16;30;172;33;23;29;13
1782.0;19;35;15;31;173;33;21;30;13
1788.0;18;34;16;33;174;36;18;30;11
1794.0;14;37;17;34;174;36;15;30;13
