#auto generated file!
12.0;18;20;25;18;35;20;27;22;25
18.0;16;21;25;20;35;19;27;25;22
24.0;18;22;22;21;34;19;28;26;20
30.0;18;22;21;21;34;21;27;28;18
36.0;16;22;21;20;38;21;26;30;16
42.0;17;22;20;21;39;20;25;32;14
48.0;18;22;21;21;43;22;21;29;13
54.0;19;23;22;19;44;21;20;29;13
60.0;19;25;19;19;45;21;19;30;13
66.0;19;25;18;18;46;22;18;31;13
72.0;16;25;15;19;46;23;19;33;14
78.0;19;24;12;20;52;22;17;33;11
84.0;18;21;11;23;51;22;16;35;13
90.0;14;22;10;24;51;24;15;37;13
96.0;15;22;9;24;53;24;14;38;11
102.0;16;23;8;23;55;26;14;33;12
108.0;15;24;10;25;55;25;13;32;11
114.0;16;23;9;26;56;25;13;33;9
120.0;17;22;9;26;57;25;12;32;10
126.0;15;22;9;26;58;23;12;35;10
132.0;15;24;9;25;60;23;12;33;9
138.0;14;23;8;24;59;23;17;33;9
144.0;18;22;7;23;59;23;17;32;9
150.0;17;22;8;22;60;22;16;33;10
156.0;16;24;8;22;62;22;13;33;10
162.0;16;23;9;20;64;19;18;32;9
168.0;15;22;11;22;63;16;17;33;11
174.0;15;20;11;23;65;17;15;32;12
180.0;10;22;9;22;65;20;16;34;12
186.0;12;22;8;24;66;19;18;31;10
192.0;12;22;8;24;68;18;17;32;9
198.0;14;22;9;23;68;18;16;33;7
204.0;14;22;11;21;68;17;17;32;8
210.0;14;21;12;20;67;19;17;31;9
216.0;13;19;11;21;68;18;18;30;12
222.0;13;18;11;21;70;19;17;29;12
228.0;12;20;10;20;73;19;16;30;10
234.0;12;20;8;22;75;20;15;30;8
240.0;14;20;9;20;75;20;12;32;8
246.0;13;19;9;20;77;22;11;33;6
252.0;15;18;10;22;78;19;8;33;7
258.0;15;18;11;23;78;19;8;33;5
264.0;17;19;14;24;75;16;9;32;4
270.0;15;18;13;22;77;17;9;32;7
276.0;13;18;13;21;77;18;9;33;8
282.0;12;19;13;22;78;17;8;32;9
288.0;12;21;14;23;76;17;8;31;8
294.0;12;20;13;24;76;20;9;29;7
300.0;12;22;13;22;79;19;8;28;7
306.0;11;23;12;27;78;21;8;24;6
312.0;12;24;10;28;79;21;7;23;6
318.0;14;24;11;26;79;20;9;23;4
324.0;13;25;12;26;79;19;10;22;4
330.0;13;24;12;26;81;19;8;23;4
336.0;12;24;12;26;83;19;8;23;3
342.0;13;22;11;26;83;21;8;23;3
348.0;13;23;9;26;82;22;8;23;4
354.0;13;21;9;25;84;24;7;22;5
360.0;16;20;10;26;84;22;6;21;5
366.0;15;18;10;25;85;23;6;22;6
372.0;14;17;9;26;85;23;7;23;6
378.0;14;16;11;25;85;21;9;22;7
384.0;14;16;10;26;85;24;8;20;7
390.0;14;16;9;27;85;23;8;20;8
396.0;13;15;11;27;85;24;7;18;10
402.0;11;14;12;26;85;23;8;20;11
408.0;11;13;12;28;84;24;7;19;12
414.0;12;13;12;27;85;26;5;19;11
420.0;9;14;13;26;84;26;6;20;12
426.0;8;15;12;27;84;23;7;22;12
432.0;8;16;11;26;84;23;8;22;12
438.0;8;16;10;25;83;23;12;21;12
444.0;8;15;12;23;83;24;11;21;13
450.0;8;13;15;22;83;25;10;21;13
456.0;11;12;17;20;82;24;11;21;12
462.0;9;12;16;17;83;26;11;24;12
468.0;9;15;17;14;82;26;11;23;13
474.0;12;14;17;16;84;25;11;21;10
480.0;12;15;18;16;84;26;10;21;8
486.0;12;16;15;16;85;26;9;20;11
492.0;14;17;13;15;84;26;10;19;12
498.0;13;16;12;16;85;25;12;19;12
504.0;13;18;13;14;87;21;12;20;12
510.0;14;20;10;13;87;21;11;20;14
516.0;12;21;10;14;87;22;9;20;15
522.0;10;22;11;13;86;21;10;21;16
528.0;10;21;13;12;86;20;8;23;17
534.0;11;21;13;12;86;20;8;21;18
540.0;11;20;17;12;87;18;6;20;19
546.0;10;21;17;11;85;17;7;22;20
552.0;10;23;15;12;86;18;6;22;18
558.0;9;21;14;14;88;18;4;25;17
564.0;9;20;14;15;87;18;4;26;17
570.0;8;20;13;16;86;19;5;26;17
576.0;10;21;12;16;86;19;6;25;15
582.0;10;22;12;19;85;20;5;25;12
588.0;11;23;12;20;85;21;4;23;11
594.0;10;23;11;20;83;22;5;23;13
600.0;11;22;11;21;81;23;6;22;13
606.0;10;23;11;22;82;23;6;21;12
612.0;11;22;10;21;82;25;7;21;11
618.0;13;23;10;19;82;25;5;22;11
624.0;12;19;11;21;85;24;5;23;10
630.0;8;22;10;22;85;24;6;23;10
636.0;8;22;10;21;84;24;7;23;11
642.0;8;23;11;22;83;25;6;24;8
648.0;6;24;10;22;84;26;6;25;7
654.0;7;21;7;22;85;28;7;26;7
660.0;8;21;7;22;86;27;6;27;6
666.0;10;21;6;21;84;27;6;28;7
672.0;12;20;7;22;85;26;5;28;5
678.0;12;20;6;21;84;27;6;29;5
684.0;11;21;7;20;84;27;6;28;6
690.0;11;21;10;20;84;26;4;27;7
696.0;11;21;8;21;83;25;4;29;8
702.0;10;22;9;18;83;29;3;27;9
708.0;9;22;8;17;82;30;3;29;10
714.0;10;20;7;18;85;29;3;29;9
720.0;11;20;7;19;85;27;2;30;9
726.0;12;19;7;19;84;28;4;28;9
732.0;12;18;6;19;83;31;5;27;9
738.0;10;18;4;19;81;32;7;30;9
744.0;10;18;5;19;80;32;8;31;7
750.0;10;17;4;17;79;31;12;32;8
756.0;9;17;9;17;79;28;11;29;11
762.0;7;17;11;18;81;26;9;29;12
768.0;9;18;12;17;83;24;8;28;11
774.0;9;18;13;15;83;25;9;27;11
780.0;9;18;12;17;83;24;8;28;11
786.0;11;19;13;17;84;21;10;26;9
792.0;12;19;11;21;85;19;9;25;9
798.0;12;18;10;19;84;18;9;29;11
804.0;16;20;11;15;81;16;11;28;12
810.0;15;20;10;16;82;16;11;28;12
816.0;15;20;10;15;83;17;12;27;11
822.0;15;22;10;16;83;15;11;28;10
828.0;14;24;12;15;84;14;12;25;10
834.0;14;24;10;15;85;13;13;24;12
840.0;15;24;12;14;85;12;14;22;12
846.0;12;26;10;16;85;12;14;21;14
852.0;11;25;11;17;84;13;12;21;16
858.0;12;26;11;16;86;13;11;20;15
864.0;11;23;11;17;85;15;12;23;13
870.0;12;25;10;16;85;15;12;24;11
876.0;14;25;10;15;86;14;13;23;10
882.0;14;24;10;16;86;17;12;20;11
888.0;13;22;11;15;84;19;15;20;11
894.0;11;23;11;17;86;20;13;19;10
900.0;10;26;12;19;88;18;11;17;9
906.0;12;28;13;20;87;15;10;15;10
912.0;10;29;13;20;88;14;13;14;9
918.0;10;29;12;20;88;15;14;14;8
924.0;7;29;12;20;89;17;12;16;8
930.0;8;27;10;25;88;15;13;16;8
936.0;8;26;11;24;87;17;14;15;8
942.0;8;25;8;25;87;17;13;18;9
948.0;10;25;7;25;88;18;12;17;8
954.0;9;27;7;25;87;18;13;16;8
960.0;10;25;7;26;87;16;15;16;8
966.0;11;26;5;27;87;16;12;15;11
972.0;13;25;5;29;88;16;10;15;9
978.0;11;24;6;30;88;15;12;15;9
984.0;10;24;6;29;87;17;13;14;10
990.0;11;21;8;31;87;15;12;15;10
996.0;9;21;9;29;86;15;14;15;12
1002.0;11;21;9;29;87;16;13;13;11
1008.0;7;20;9;31;87;17;14;13;12
1014.0;7;20;11;32;87;17;13;13;10
1020.0;8;18;10;31;88;17;15;13;10
1026.0;9;17;10;30;86;23;15;14;6
1032.0;9;20;8;27;88;23;14;14;7
1038.0;8;20;9;27;89;23;12;15;7
1044.0;7;20;11;26;89;24;12;12;9
1050.0;6;18;11;25;91;24;12;10;13
1056.0;8;19;10;23;93;25;11;10;11
1062.0;9;19;11;25;93;25;8;10;10
1068.0;10;18;9;25;93;25;11;10;9
1074.0;10;19;11;23;92;24;11;10;10
1080.0;8;20;11;21;90;24;13;12;11
1086.0;9;21;10;20;91;24;12;11;12
1092.0;8;22;11;22;91;26;9;12;9
1098.0;5;24;9;23;95;25;9;11;9
1104.0;8;24;9;22;93;25;10;12;7
1110.0;9;24;10;21;93;26;12;10;5
1116.0;9;22;9;21;95;27;11;10;6
1122.0;9;21;8;21;96;28;10;10;7
1128.0;8;20;10;19;95;29;13;8;8
1134.0;9;19;9;21;95;26;12;8;11
1140.0;9;17;9;21;95;26;11;10;12
1146.0;9;19;6;20;96;26;10;12;12
1152.0;8;19;8;21;95;25;10;13;11
1158.0;7;20;8;21;95;26;10;13;10
1164.0;7;22;6;21;95;24;9;13;13
1170.0;5;23;8;19;95;26;8;13;13
1176.0;3;23;8;19;94;26;10;16;11
1182.0;4;21;8;18;94;25;10;18;12
1188.0;5;21;8;17;93;25;12;17;12
1194.0;6;20;8;16;92;24;13;20;11
1200.0;6;18;9;16;93;23;13;19;13
1206.0;7;18;10;15;92;20;15;20;13
1212.0;5;18;10;16;91;22;16;21;11
1218.0;2;19;11;19;88;21;17;20;13
1224.0;2;18;10;20;89;20;16;23;12
1230.0;3;19;12;19;89;20;14;23;11
1236.0;4;20;11;18;89;20;12;25;11
1242.0;4;20;12;16;90;19;11;27;11
1248.0;4;20;12;17;91;19;10;25;12
1254.0;6;20;13;17;89;18;12;22;13
1260.0;8;22;13;14;90;18;13;21;11
1266.0;8;19;12;16;90;20;12;23;10
1272.0;8;19;10;15;92;21;12;25;8
1278.0;10;20;7;16;91;22;11;25;8
1284.0;12;19;6;17;92;22;11;24;7
1290.0;11;20;7;18;92;23;10;22;7
1296.0;12;20;7;16;93;23;9;23;7
1302.0;11;17;10;13;95;23;8;24;9
1308.0;13;16;10;14;93;24;10;23;7
1314.0;12;16;9;13;92;25;11;24;8
1320.0;14;14;8;13;92;27;11;24;7
1326.0;16;13;8;14;94;28;8;22;7
1332.0;12;15;7;16;94;27;8;25;6
1338.0;13;12;4;18;94;29;8;25;7
1344.0;14;12;5;18;95;27;8;26;5
1350.0;14;11;4;19;95;28;9;25;5
1356.0;13;13;5;19;96;29;6;25;4
1362.0;14;13;6;16;100;27;6;24;4
1368.0;13;13;5;17;100;26;6;26;4
1374.0;14;13;7;14;100;26;6;25;5
1380.0;14;14;7;11;99;28;6;25;6
1386.0;16;14;5;11;98;28;6;28;4
1392.0;14;14;5;10;100;29;6;27;5
1398.0;10;12;6;13;102;28;4;28;7
1404.0;9;15;5;13;100;29;4;27;8
1410.0;11;16;6;11;101;28;3;28;6
1416.0;11;18;4;10;104;29;2;26;6
1422.0;11;19;6;10;104;30;2;23;5
1428.0;9;18;7;13;104;27;4;23;5
1434.0;10;18;6;14;103;28;4;23;4
1440.0;8;18;7;14;102;30;6;22;3
1446.0;8;19;8;14;101;29;7;21;3
1452.0;8;17;7;11;104;31;7;22;3
1458.0;6;17;6;10;105;32;8;23;3
1464.0;6;17;7;10;104;32;8;23;3
1470.0;6;19;7;11;103;28;8;23;5
1476.0;6;20;8;12;103;24;9;23;5
1482.0;5;21;7;10;105;23;11;22;6
1488.0;8;20;6;10;107;21;11;22;5
1494.0;5;19;5;10;110;21;12;21;7
1500.0;5;19;5;10;108;20;13;22;8
1506.0;3;18;7;11;108;20;13;21;9
1512.0;3;18;6;11;109;21;11;21;10
1518.0;3;18;6;10;110;22;10;22;9
1524.0;4;19;6;9;110;20;12;21;9
1530.0;3;17;8;9;110;22;12;21;8
1536.0;4;17;7;10;110;23;11;20;8
1542.0;4;18;8;9;110;23;10;20;8
1548.0;4;19;7;9;108;22;11;21;9
1554.0;5;20;7;10;107;21;11;19;10
1560.0;4;21;7;10;106;21;11;20;10
1566.0;5;21;6;12;103;23;11;22;7
1572.0;4;21;8;13;102;23;11;22;6
1578.0;4;22;8;14;99;24;11;21;7
1584.0;4;21;9;14;99;25;11;21;6
1590.0;3;21;9;15;99;25;11;21;6
1596.0;4;20;9;16;100;22;13;21;5
1602.0;5;20;7;17;100;22;13;20;6
1608.0;5;20;8;17;98;23;14;20;5
1614.0;5;20;7;20;97;23;14;19;5
1620.0;5;19;8;20;101;21;13;17;6
1626.0;6;15;8;23;99;24;11;16;8
1632.0;7;15;8;23;102;24;10;13;8
1638.0;7;15;9;25;100;22;9;13;10
1644.0;8;15;9;23;100;21;10;12;12
1650.0;7;14;10;24;100;21;10;13;11
1656.0;5;15;10;24;99;21;11;13;12
1662.0;7;14;11;26;100;17;10;13;12
1668.0;6;13;13;24;100;16;11;13;14
1674.0;6;13;15;24;100;16;12;12;12
1680.0;6;15;13;25;100;16;12;13;10
1686.0;7;15;12;27;101;15;11;13;9
1692.0;6;16;12;29;101;13;11;13;9
1698.0;8;15;7;31;102;15;9;14;9
1704.0;8;16;10;29;103;14;8;14;8
1710.0;7;16;10;29;103;15;8;15;7
1716.0;9;17;8;25;104;15;9;16;7
1722.0;8;18;6;25;106;16;9;15;7
1728.0;7;18;7;24;107;15;10;15;7
1734.0;9;18;7;25;106;15;9;14;7
1740.0;9;17;6;23;106;18;11;15;5
1746.0;9;17;7;22;105;17;11;17;5
1752.0;12;17;8;22;105;15;9;16;6
1758.0;13;18;7;21;104;13;10;16;8
1764.0;13;18;8;20;105;13;9;16;8
1770.0;13;19;7;21;103;14;9;14;10
1776.0;13;18;11;20;98;14;13;13;10
1782.0;13;18;14;20;100;14;11;11;9
1788.0;12;16;15;22;104;12;10;10;9
1794.0;12;17;12;23;103;14;10;11;8
