#auto generated file!
12.0;19;16;28;29;31;27;22;27;31
18.0;18;17;29;31;32;29;20;26;28
24.0;18;15;30;28;32;29;19;27;32
30.0;15;20;30;27;32;28;19;26;33
36.0;13;19;26;27;33;29;21;27;35
42.0;12;18;28;29;34;28;22;28;31
48.0;12;18;29;28;37;27;22;28;29
54.0;12;18;29;26;39;27;23;28;28
60.0;13;19;28;25;39;29;25;27;25
66.0;14;17;29;25;41;27;26;27;24
72.0;10;19;31;25;43;26;24;28;24
78.0;10;19;30;26;43;27;24;28;23
84.0;10;22;29;26;44;27;20;29;23
90.0;10;21;28;26;45;27;19;30;24
96.0;11;21;30;26;47;25;16;30;24
102.0;10;25;27;25;46;25;17;32;23
108.0;11;26;24;24;48;26;17;33;21
114.0;11;27;24;23;49;25;16;32;23
120.0;10;30;22;25;51;23;16;32;21
126.0;11;31;22;23;52;24;14;32;21
132.0;11;30;16;23;55;24;15;34;22
138.0;10;28;15;22;56;24;15;35;25
144.0;10;29;14;21;56;24;14;39;23
150.0;9;30;14;20;56;25;12;40;24
156.0;10;29;14;18;57;25;11;41;25
162.0;11;28;16;16;58;28;12;38;23
168.0;11;30;18;16;55;26;14;37;23
174.0;14;29;19;15;56;27;12;34;24
180.0;15;31;19;16;56;25;11;33;24
186.0;16;32;18;18;56;22;12;32;24
192.0;19;31;19;17;56;23;10;32;23
198.0;18;29;16;18;59;23;10;37;20
204.0;17;28;16;17;59;25;15;34;19
210.0;16;28;16;18;60;25;15;33;19
216.0;14;29;15;20;62;27;14;31;18
222.0;15;26;15;24;61;26;13;32;18
228.0;14;26;13;25;64;26;13;32;17
234.0;15;26;13;24;64;26;12;33;17
240.0;16;26;12;27;63;25;10;34;17
246.0;16;25;14;26;63;26;12;32;16
252.0;16;28;11;26;65;25;13;31;15
258.0;14;29;11;25;66;24;14;30;17
264.0;13;29;12;22;66;28;14;28;18
270.0;13;27;11;24;67;27;12;30;19
276.0;14;26;11;22;67;26;14;31;19
282.0;14;26;12;23;67;26;13;30;19
288.0;14;26;12;25;67;24;14;29;19
294.0;14;25;9;26;68;23;15;31;19
300.0;13;25;9;24;68;23;14;32;22
306.0;14;26;8;26;67;23;17;32;17
312.0;13;27;10;26;69;23;16;33;13
318.0;13;27;9;25;71;23;17;32;13
324.0;13;31;7;24;71;23;16;30;15
330.0;13;33;6;25;69;22;16;28;18
336.0;13;31;5;26;69;24;16;27;19
342.0;13;30;5;26;71;21;16;28;20
348.0;14;29;5;26;74;19;16;28;19
354.0;10;29;7;25;76;21;20;27;15
360.0;10;30;7;24;76;22;21;26;14
366.0;9;30;9;27;77;23;19;25;11
372.0;7;28;11;26;78;24;16;26;14
378.0;11;26;11;24;76;25;16;28;13
384.0;11;28;10;23;76;25;16;28;13
390.0;10;31;8;23;76;27;15;27;13
396.0;11;30;11;20;76;27;14;27;14
402.0;13;27;13;21;76;28;13;26;13
408.0;12;29;13;21;76;28;11;28;12
414.0;12;29;15;20;76;30;9;27;12
420.0;10;30;14;21;76;29;9;28;13
426.0;11;32;12;21;75;28;11;27;13
432.0;11;32;10;22;77;27;9;29;13
438.0;10;34;12;21;78;27;7;28;13
444.0;9;33;12;20;77;29;9;26;15
450.0;10;31;13;21;78;29;8;25;15
456.0;11;27;15;20;77;29;9;27;15
462.0;10;27;15;20;77;29;9;27;16
468.0;10;28;14;22;81;27;6;26;16
474.0;11;28;10;24;85;25;8;25;14
480.0;12;29;10;24;84;24;7;26;14
486.0;14;27;11;23;84;25;7;26;13
492.0;14;30;11;21;88;25;7;23;11
498.0;13;31;11;21;90;24;7;23;10
504.0;13;31;11;22;90;23;7;23;10
510.0;11;29;12;23;91;24;6;24;10
516.0;13;30;13;23;90;21;5;26;9
522.0;12;29;11;24;92;21;4;28;9
528.0;14;29;10;23;93;21;6;26;8
534.0;13;28;11;24;92;21;6;26;9
540.0;13;27;11;25;92;20;6;25;11
546.0;14;26;9;28;93;22;7;22;9
552.0;13;24;8;29;94;22;10;20;10
558.0;13;23;9;30;94;23;9;20;9
564.0;12;20;9;27;97;26;10;20;9
570.0;13;22;8;26;95;24;12;21;9
576.0;11;23;10;26;95;25;10;21;9
582.0;9;24;12;27;94;24;10;22;8
588.0;9;24;12;31;95;22;11;20;6
594.0;11;20;15;31;96;23;11;18;5
600.0;13;19;14;29;96;25;10;18;6
606.0;13;21;13;29;95;25;10;18;6
612.0;16;20;13;29;94;23;11;17;7
618.0;12;20;14;30;95;25;10;17;7
624.0;13;21;14;30;91;22;9;20;10
630.0;10;22;11;28;90;26;13;21;9
636.0;9;22;10;28;90;28;12;21;10
642.0;8;23;13;27;89;28;12;21;9
648.0;9;26;9;26;90;29;10;20;11
654.0;9;30;6;26;89;28;11;21;10
660.0;8;30;8;23;90;29;11;22;9
666.0;8;30;7;24;90;29;9;23;10
672.0;5;30;8;24;89;32;9;23;10
678.0;5;30;9;25;89;30;8;24;10
684.0;6;29;9;25;90;31;8;22;10
690.0;6;29;10;24;89;32;9;21;10
696.0;6;32;11;23;89;29;8;23;9
702.0;5;32;9;25;90;29;7;24;9
708.0;6;32;8;25;92;29;6;24;8
714.0;9;33;8;25;90;28;6;23;8
720.0;10;31;10;27;91;30;5;21;5
726.0;9;29;9;27;91;31;6;21;7
732.0;8;29;10;28;92;29;7;19;8
738.0;8;27;12;27;89;30;10;19;8
744.0;9;24;11;28;90;29;11;20;8
750.0;9;24;12;26;91;31;10;19;8
756.0;10;25;14;24;90;31;10;20;6
762.0;10;25;17;25;89;29;10;18;7
768.0;10;25;15;25;87;28;11;23;6
774.0;9;26;15;25;87;28;11;22;7
780.0;9;26;16;26;87;27;9;23;7
786.0;9;24;17;24;87;28;8;22;11
792.0;7;22;17;23;87;28;9;24;13
798.0;7;22;17;27;87;27;8;22;13
804.0;9;21;18;28;88;28;7;21;10
810.0;7;19;18;25;92;30;7;22;10
816.0;9;18;16;22;97;31;7;22;8
822.0;9;19;16;21;97;33;7;20;8
828.0;9;18;14;23;97;32;7;20;10
834.0;7;18;16;25;97;29;9;20;9
840.0;8;24;14;24;97;28;7;20;8
846.0;7;21;14;25;100;29;8;18;8
852.0;8;22;14;25;98;27;10;18;8
858.0;7;20;14;24;98;28;11;18;10
864.0;6;21;13;25;100;29;6;20;10
870.0;7;21;14;26;101;29;8;17;7
876.0;8;19;12;27;97;32;8;20;7
882.0;7;21;13;23;98;33;8;19;8
888.0;5;23;11;22;98;33;8;20;10
894.0;6;21;10;21;97;34;11;20;10
900.0;6;21;11;21;97;33;11;17;13
906.0;7;20;12;19;97;34;10;18;13
912.0;7;20;12;19;97;35;11;18;11
918.0;7;21;14;20;94;33;10;22;9
924.0;7;22;14;19;94;32;11;23;8
930.0;7;20;14;17;97;30;12;23;10
936.0;8;21;12;17;100;27;11;24;10
942.0;10;20;13;15;98;26;10;25;13
948.0;10;20;14;14;97;27;10;25;13
954.0;12;19;13;16;95;25;14;24;12
960.0;10;17;14;17;97;23;14;25;13
966.0;9;17;14;17;96;24;12;27;14
972.0;9;19;16;17;95;25;12;26;11
978.0;9;18;15;18;93;24;14;28;11
984.0;8;18;18;17;96;25;15;24;9
990.0;9;18;20;16;96;25;10;25;11
996.0;12;21;15;16;96;24;10;24;12
1002.0;13;22;14;17;96;25;14;22;7
1008.0;12;22;14;16;96;25;15;22;8
1014.0;11;23;14;18;96;25;14;22;7
1020.0;9;22;16;20;95;25;12;23;8
1026.0;9;22;16;21;92;22;10;29;9
1032.0;8;23;16;21;93;22;10;29;8
1038.0;8;22;12;21;91;22;16;30;8
1044.0;8;21;13;23;90;22;16;30;7
1050.0;6;22;17;23;88;24;13;28;9
1056.0;7;20;19;24;88;25;11;27;9
1062.0;5;20;20;23;86;26;10;29;11
1068.0;6;20;20;22;86;26;12;28;10
1074.0;7;19;20;20;89;26;12;28;9
1080.0;7;18;20;19;89;28;11;28;10
1086.0;6;17;19;19;92;29;11;27;10
1092.0;7;17;20;16;92;27;11;27;13
1098.0;8;16;19;17;92;23;13;28;14
1104.0;10;16;18;17;93;21;14;27;14
1110.0;9;16;21;17;93;21;13;27;13
1116.0;9;16;19;17;95;22;12;24;16
1122.0;7;17;21;16;96;22;10;25;16
1128.0;7;19;21;16;95;24;8;25;15
1134.0;6;20;20;19;95;24;9;22;15
1140.0;9;19;18;18;97;22;9;22;16
1146.0;10;20;17;16;99;22;8;23;15
1152.0;10;19;17;16;99;23;8;25;13
1158.0;10;18;20;16;96;24;10;24;12
1164.0;9;17;19;14;98;24;10;23;16
1170.0;11;17;18;17;96;22;10;21;18
1176.0;10;16;18;17;97;22;11;20;19
1182.0;10;17;14;19;98;24;12;21;15
1188.0;11;16;11;18;100;25;14;21;14
1194.0;12;14;13;16;100;29;13;21;12
1200.0;11;14;12;17;101;29;13;19;14
1206.0;10;16;11;17;103;28;12;20;13
1212.0;11;17;12;19;104;29;12;17;9
1218.0;10;18;13;20;104;27;13;16;9
1224.0;10;19;10;22;105;23;15;18;8
1230.0;11;21;10;23;105;25;10;16;9
1236.0;10;22;10;23;104;26;11;16;8
1242.0;10;25;10;23;104;23;10;16;9
1248.0;9;24;10;19;106;24;14;18;6
1254.0;9;25;12;20;105;23;11;19;6
1260.0;10;23;12;19;106;24;13;18;5
1266.0;11;23;11;18;107;24;12;18;6
1272.0;12;22;9;21;109;22;12;18;5
1278.0;10;19;12;21;108;23;10;20;7
1284.0;8;17;12;22;110;24;10;20;7
1290.0;6;17;11;23;109;23;10;21;10
1296.0;4;20;8;24;109;23;10;21;11
1302.0;6;21;8;25;109;22;9;21;9
1308.0;6;22;7;25;112;21;9;19;9
1314.0;5;22;6;26;112;21;7;21;10
1320.0;5;21;7;27;113;21;7;20;9
1326.0;4;22;8;27;114;21;6;19;9
1332.0;3;23;8;26;115;21;6;19;9
1338.0;5;21;8;28;113;19;8;20;8
1344.0;5;20;7;27;112;21;9;20;9
1350.0;5;21;6;24;112;22;10;22;8
1356.0;4;19;7;25;113;23;8;22;9
1362.0;4;20;7;23;113;23;9;23;8
1368.0;5;21;5;24;108;24;10;24;9
1374.0;6;21;3;24;106;26;12;23;9
1380.0;7;20;4;26;105;27;13;21;7
1386.0;7;22;4;24;104;27;14;19;9
1392.0;7;21;5;23;106;27;13;19;9
1398.0;7;20;5;24;105;25;15;20;9
1404.0;8;18;7;25;105;24;15;19;9
1410.0;9;17;8;20;104;25;18;17;12
1416.0;10;17;10;18;104;23;19;18;11
1422.0;8;18;12;15;106;25;19;18;9
1428.0;11;18;11;14;107;24;18;20;7
1434.0;13;18;12;14;108;23;16;19;7
1440.0;13;18;12;14;107;22;16;19;9
1446.0;11;20;13;14;107;22;17;18;8
1452.0;11;17;12;15;107;25;14;21;8
1458.0;12;17;11;14;106;26;15;23;6
1464.0;12;17;9;15;104;27;14;23;9
1470.0;11;17;9;14;104;26;14;27;8
1476.0;9;19;8;15;106;25;13;26;9
1482.0;8;19;9;17;105;22;14;28;8
1488.0;10;21;9;17;105;21;14;26;7
1494.0;10;21;9;17;104;21;14;27;7
1500.0;10;20;7;16;103;22;15;27;10
1506.0;11;20;8;15;104;22;15;24;11
1512.0;11;18;9;17;105;20;15;25;10
1518.0;9;18;14;17;107;18;15;22;10
1524.0;9;20;13;17;107;18;14;20;12
1530.0;7;19;15;18;107;18;14;21;11
1536.0;6;21;14;18;107;18;13;21;12
1542.0;6;21;14;17;106;18;12;22;14
1548.0;6;23;15;17;105;19;12;22;11
1554.0;7;22;14;18;104;18;13;22;12
1560.0;7;23;13;24;105;16;11;20;11
1566.0;9;24;14;24;106;16;10;18;9
1572.0;7;27;15;23;106;15;10;18;9
1578.0;7;26;17;20;106;14;11;20;9
1584.0;6;26;17;19;109;13;12;17;11
1590.0;6;25;16;21;109;13;9;19;12
1596.0;8;21;15;20;107;14;11;21;13
1602.0;6;21;13;18;109;13;14;22;14
1608.0;5;23;14;17;111;13;15;21;11
1614.0;5;25;15;19;111;11;11;22;11
1620.0;7;27;14;17;112;10;10;21;12
1626.0;8;25;15;17;112;11;10;21;11
1632.0;6;26;16;18;112;11;10;17;14
1638.0;6;26;14;17;112;13;10;18;14
1644.0;6;26;13;18;112;12;9;18;16
1650.0;8;24;10;17;114;11;10;21;15
1656.0;7;26;11;17;114;11;9;22;13
1662.0;7;27;12;15;116;11;8;22;12
1668.0;6;27;12;16;118;11;8;21;11
1674.0;6;28;13;16;117;11;8;19;12
1680.0;9;32;9;16;115;11;6;21;11
1686.0;10;32;10;15;116;12;5;21;9
1692.0;11;33;12;16;115;12;4;19;8
1698.0;11;33;12;18;114;12;5;19;6
1704.0;8;33;12;19;115;13;6;18;6
1710.0;11;31;12;17;116;15;5;16;7
1716.0;8;31;12;18;117;14;7;17;6
1722.0;8;32;10;18;118;15;6;18;5
1728.0;8;31;11;18;117;17;5;16;7
1734.0;9;32;11;17;116;16;5;15;9
1740.0;8;29;13;18;117;17;4;15;9
1746.0;7;30;13;19;116;17;4;15;9
1752.0;7;29;13;20;116;19;3;16;7
1758.0;7;30;12;18;115;19;5;17;7
1764.0;8;29;13;16;116;17;9;16;6
1770.0;7;27;13;16;117;19;10;16;5
1776.0;7;26;14;16;117;19;11;15;5
1782.0;7;26;13;16;115;20;11;15;7
1788.0;7;25;13;17;114;18;11;16;9
1794.0;7;22;12;18;116;18;10;18;9
