#auto generated file!
12.0;17;14;15;14;4;12;13;14;7
18.0;17;15;10;13;7;15;12;15;6
24.0;15;16;9;13;7;15;11;17;7
30.0;15;19;7;14;7;15;9;19;5
36.0;14;19;6;15;9;15;7;20;5
42.0;12;18;8;14;10;13;8;23;4
48.0;11;19;7;15;11;14;5;22;6
54.0;12;18;7;13;12;13;5;23;7
60.0;11;19;7;12;14;12;4;22;9
66.0;11;18;8;12;15;11;3;23;9
72.0;11;18;8;11;16;10;4;22;10
78.0;13;15;8;10;15;9;5;27;8
84.0;13;17;7;10;16;9;5;26;7
90.0;12;18;7;8;16;11;6;25;7
96.0;11;17;6;7;16;11;8;27;7
102.0;14;18;4;8;16;12;7;26;5
108.0;15;19;4;8;16;12;7;25;4
114.0;13;18;7;9;16;13;5;25;4
120.0;10;19;6;10;15;13;8;24;5
126.0;11;18;6;11;17;12;8;23;4
132.0;14;19;5;11;20;9;9;20;3
138.0;13;19;5;9;20;11;9;20;4
144.0;12;17;4;11;21;13;7;19;6
150.0;10;17;5;11;23;13;7;18;6
156.0;8;17;6;13;23;13;8;17;5
162.0;10;17;4;13;24;14;6;17;5
168.0;9;16;6;16;24;12;7;17;3
174.0;10;15;5;17;26;11;8;14;4
180.0;9;13;6;18;26;12;8;12;6
186.0;8;12;8;17;27;12;7;13;6
192.0;9;10;8;15;28;13;7;14;6
198.0;9;10;8;13;29;12;7;14;8
204.0;10;9;9;12;29;12;7;15;7
210.0;12;7;8;11;29;13;7;17;6
216.0;12;8;8;11;29;13;7;16;6
222.0;13;7;7;10;29;12;6;15;11
228.0;12;9;8;11;29;12;6;13;10
234.0;10;11;8;13;29;11;6;13;9
240.0;11;11;8;12;29;11;6;13;9
246.0;13;10;7;12;29;11;5;13;10
252.0;12;10;9;12;28;10;5;13;11
258.0;14;10;9;9;29;11;5;12;11
264.0;14;10;9;10;28;11;7;11;10
270.0;13;9;7;11;27;13;8;11;11
276.0;12;9;8;11;27;13;9;11;10
282.0;11;10;9;12;26;14;8;11;9
288.0;9;9;13;11;28;14;6;11;9
294.0;9;11;13;12;29;14;5;9;8
300.0;8;10;13;14;29;14;3;10;9
306.0;8;10;13;13;29;15;4;8;10
312.0;8;10;10;13;31;15;4;10;9
318.0;9;10;12;13;31;14;3;9;9
324.0;10;11;12;13;31;13;3;8;9
330.0;11;11;12;13;30;13;3;8;9
336.0;12;11;12;12;30;13;2;8;10
342.0;11;10;13;13;32;13;0;8;10
348.0;10;10;12;14;31;14;1;9;9
354.0;10;11;9;14;31;14;3;10;8
360.0;11;11;8;13;32;15;4;9;7
366.0;9;11;8;12;32;16;6;10;6
372.0;9;10;8;11;34;17;6;11;4
378.0;10;11;7;13;34;18;4;10;3
384.0;10;11;6;13;34;19;4;10;3
390.0;10;12;4;12;35;19;5;10;3
396.0;8;12;4;12;36;18;7;10;3
402.0;9;12;4;11;36;17;7;11;3
408.0;8;14;3;12;35;17;5;13;3
414.0;8;13;4;11;35;17;5;14;3
420.0;9;13;3;12;34;15;6;15;3
426.0;8;13;4;14;34;13;6;15;3
432.0;8;12;5;13;34;13;6;15;4
438.0;8;11;6;13;34;14;4;16;4
444.0;7;11;6;13;34;14;4;17;4
450.0;6;11;6;13;34;15;3;18;4
456.0;7;12;7;13;34;14;2;17;4
462.0;7;13;6;11;35;14;3;17;4
468.0;8;12;4;12;35;14;4;17;4
474.0;7;11;4;12;37;14;4;17;4
480.0;7;12;4;12;37;12;3;18;5
486.0;4;13;3;12;37;15;2;20;4
492.0;5;11;3;14;37;14;2;19;5
498.0;5;12;4;14;38;11;2;19;5
504.0;2;12;5;14;39;14;3;17;4
510.0;2;13;6;13;39;15;2;16;4
516.0;2;12;6;13;41;15;2;16;3
522.0;3;12;6;12;42;14;2;17;2
528.0;2;10;6;9;42;15;4;19;3
534.0;2;9;5;13;39;15;4;19;4
540.0;2;9;6;13;40;13;4;17;6
546.0;1;9;5;13;41;12;8;16;5
552.0;2;9;5;12;42;11;8;16;5
558.0;2;9;5;13;42;11;7;17;4
564.0;2;9;4;14;45;10;8;15;3
570.0;3;11;4;15;45;9;7;15;1
576.0;3;11;4;15;46;10;6;13;2
582.0;3;11;5;15;46;10;5;13;2
588.0;3;10;5;15;48;10;5;12;2
594.0;3;10;5;17;48;8;4;12;3
600.0;2;11;5;18;48;8;3;12;3
606.0;2;9;5;18;49;8;3;12;4
612.0;3;10;5;18;49;7;3;12;3
618.0;3;10;5;17;51;7;2;12;3
624.0;4;10;5;16;51;7;3;11;3
630.0;6;10;5;15;52;6;2;11;3
636.0;6;9;5;15;52;6;2;11;4
642.0;8;7;6;13;52;6;3;12;3
648.0;6;7;6;12;53;7;3;12;4
654.0;6;8;5;12;54;8;3;9;5
660.0;7;8;5;13;53;8;3;8;5
666.0;6;8;4;13;52;9;4;8;6
672.0;6;9;5;11;52;9;4;9;5
678.0;6;8;4;12;51;9;5;9;6
684.0;5;8;5;12;51;9;4;10;6
690.0;4;8;4;13;54;9;3;10;5
696.0;5;8;4;14;54;7;4;9;5
702.0;5;8;5;15;54;7;4;7;5
708.0;6;8;6;16;52;7;4;7;4
714.0;6;7;6;17;52;7;4;7;4
720.0;6;6;6;17;52;7;6;6;4
726.0;6;7;6;16;52;8;5;6;4
732.0;6;7;6;15;51;7;7;6;5
738.0;6;7;6;16;50;6;8;6;5
744.0;6;9;6;15;50;6;7;7;4
750.0;5;7;8;16;49;6;8;8;3
756.0;5;7;8;15;49;6;9;8;3
762.0;5;8;8;16;49;5;8;8;3
768.0;4;7;8;15;48;6;9;9;4
774.0;4;6;8;14;48;6;9;9;6
780.0;4;5;8;14;49;8;9;8;5
786.0;4;5;9;14;49;8;9;7;5
792.0;3;5;10;14;49;9;8;7;5
798.0;3;5;10;13;50;10;8;7;4
804.0;3;5;10;12;50;10;9;7;4
810.0;3;6;10;11;51;10;8;7;4
816.0;4;6;8;11;52;10;9;7;3
822.0;5;6;9;10;52;10;8;7;3
828.0;5;7;7;10;53;9;7;8;4
834.0;6;7;7;9;53;9;7;8;4
840.0;5;7;9;8;54;9;5;9;4
846.0;5;8;7;8;53;9;6;9;5
852.0;5;8;6;7;54;13;7;6;4
858.0;5;8;6;7;54;13;6;6;5
864.0;5;9;5;9;52;13;6;6;5
870.0;5;9;4;8;51;13;7;8;5
876.0;5;11;4;8;51;13;7;7;4
882.0;3;11;6;7;53;11;7;6;6
888.0;3;10;5;7;53;12;7;7;6
894.0;3;10;6;8;53;12;6;7;5
900.0;4;10;4;9;53;11;7;8;4
906.0;6;9;4;10;52;10;7;8;4
912.0;5;9;4;11;52;10;7;8;4
918.0;5;9;5;9;52;11;7;8;4
924.0;8;9;5;8;50;12;6;7;5
930.0;8;8;5;9;50;11;5;9;5
936.0;8;10;5;9;48;10;5;10;5
942.0;9;9;5;9;48;9;5;9;7
948.0;9;10;4;9;49;8;4;9;8
954.0;7;10;6;8;51;7;3;11;7
960.0;6;10;6;10;51;8;2;12;5
966.0;6;10;5;10;51;8;3;12;5
972.0;5;12;5;9;50;9;3;12;5
978.0;4;11;6;11;50;10;3;11;4
984.0;4;11;7;11;51;10;3;9;4
990.0;4;11;6;12;51;11;3;9;3
996.0;4;12;4;13;51;11;3;8;4
1002.0;6;11;6;13;52;10;2;8;2
1008.0;6;9;6;13;52;12;2;9;1
1014.0;6;10;6;13;52;12;2;8;1
1020.0;6;9;7;13;53;10;2;9;1
1026.0;5;10;6;13;52;10;3;10;1
1032.0;5;10;7;12;52;10;4;9;1
1038.0;6;10;6;11;51;11;4;10;1
1044.0;5;10;6;11;50;12;4;9;3
1050.0;4;10;7;12;50;12;4;9;2
1056.0;3;12;7;12;50;11;4;9;2
1062.0;3;12;7;11;50;11;5;9;2
1068.0;3;12;6;10;50;12;6;10;1
1074.0;3;11;7;11;49;12;5;11;1
1080.0;3;10;7;11;49;12;5;11;2
1086.0;4;9;7;11;49;13;4;11;2
1092.0;6;9;7;9;48;15;2;10;4
1098.0;7;10;7;8;47;16;2;10;3
1104.0;6;12;7;7;47;16;2;10;3
1110.0;6;12;7;7;47;16;2;10;3
1116.0;6;11;7;7;47;16;3;9;4
1122.0;7;11;7;7;47;16;3;8;4
1128.0;7;12;5;8;48;15;3;8;4
1134.0;6;12;5;8;50;13;4;8;4
1140.0;6;12;4;9;50;13;5;8;3
1146.0;7;13;4;9;50;13;4;6;4
1152.0;6;11;4;10;49;13;5;7;5
1158.0;8;10;5;11;49;11;6;5;5
1164.0;7;10;5;11;49;11;6;7;4
1170.0;6;10;5;12;49;11;7;6;4
1176.0;7;10;3;12;49;11;6;7;5
1182.0;5;11;3;11;49;12;5;9;5
1188.0;5;10;5;11;49;11;5;9;5
1194.0;4;11;6;10;47;10;5;10;7
1200.0;4;11;7;10;48;10;5;9;6
1206.0;4;9;5;12;49;11;5;8;7
1212.0;4;10;4;12;47;12;7;8;6
1218.0;4;10;4;12;48;9;10;6;7
1224.0;2;11;4;12;48;8;9;7;9
1230.0;2;11;4;13;48;8;9;6;9
1236.0;1;10;3;12;49;9;10;7;9
1242.0;1;11;2;11;49;10;12;6;8
1248.0;2;10;2;11;48;9;14;6;8
1254.0;2;10;3;11;48;9;13;6;8
1260.0;2;9;3;11;49;10;12;6;8
1266.0;2;7;5;12;49;12;10;7;6
1272.0;3;7;6;11;49;11;10;7;6
1278.0;3;7;7;10;49;10;10;8;6
1284.0;3;9;6;11;48;10;9;8;6
1290.0;2;11;3;11;47;12;9;10;5
1296.0;2;11;3;11;47;11;9;11;5
1302.0;2;13;3;11;47;10;9;11;4
1308.0;3;13;4;11;49;10;7;10;3
1314.0;3;13;5;10;50;10;8;9;2
1320.0;4;13;6;9;49;9;9;9;2
1326.0;5;13;6;9;49;9;9;9;1
1332.0;4;14;6;10;49;8;9;9;1
1338.0;4;15;7;9;49;8;7;11;0
1344.0;5;16;7;9;49;8;6;10;0
1350.0;4;16;7;9;49;9;6;10;0
1356.0;5;15;8;8;49;10;5;9;1
1362.0;4;15;8;8;49;10;5;8;3
1368.0;3;15;9;8;49;9;6;9;2
1374.0;1;14;8;8;50;9;8;9;3
1380.0;1;13;8;9;49;10;6;10;4
1386.0;1;13;9;9;49;9;6;10;4
1392.0;1;14;9;9;49;8;6;9;5
1398.0;2;12;10;10;48;8;7;9;4
1404.0;2;13;8;8;50;9;7;9;4
1410.0;3;14;6;8;51;8;5;11;4
1416.0;2;13;7;8;51;8;6;12;3
1422.0;3;11;7;8;51;8;7;12;3
1428.0;4;11;6;8;52;8;6;12;3
1434.0;5;11;5;8;52;7;6;14;2
1440.0;4;12;5;9;52;6;6;14;2
1446.0;4;12;6;10;51;6;5;14;2
1452.0;4;12;7;10;52;5;5;12;3
1458.0;4;13;7;10;51;5;5;12;3
1464.0;4;13;6;10;52;4;5;13;3
1470.0;5;13;6;9;52;5;5;12;3
1476.0;4;13;6;9;52;4;6;12;4
1482.0;5;12;6;10;52;4;7;10;4
1488.0;5;11;8;8;53;5;5;11;4
1494.0;6;11;5;8;54;7;4;11;4
1500.0;6;11;5;10;54;6;5;9;4
1506.0;6;12;5;10;55;6;4;8;4
1512.0;6;9;6;10;55;9;4;8;3
1518.0;6;9;7;10;56;8;4;7;3
1524.0;5;9;7;10;57;8;5;8;1
1530.0;5;10;5;9;59;7;5;9;1
1536.0;4;10;4;9;58;7;5;10;3
1542.0;4;9;5;9;58;7;5;10;3
1548.0;5;9;5;9;59;8;4;8;3
1554.0;5;9;6;8;59;7;4;8;4
1560.0;7;11;5;7;57;8;4;9;2
1566.0;7;10;5;8;58;8;4;9;1
1572.0;5;10;7;6;58;9;5;8;2
1578.0;4;9;8;6;58;9;6;7;3
1584.0;3;9;8;4;59;9;6;7;5
1590.0;4;9;8;4;57;9;5;7;7
1596.0;4;9;8;4;57;9;4;7;8
1602.0;4;9;7;5;58;9;4;7;7
1608.0;3;9;6;6;58;9;4;8;7
1614.0;4;9;7;7;59;9;2;7;6
1620.0;6;9;4;8;58;9;2;7;7
1626.0;5;9;4;8;58;9;3;7;7
1632.0;4;10;4;8;58;8;3;9;6
1638.0;4;10;4;9;56;9;3;9;6
1644.0;4;10;5;8;55;10;3;9;6
1650.0;3;10;5;9;54;10;3;10;6
1656.0;3;10;4;10;53;9;3;11;7
1662.0;2;10;4;10;53;10;3;11;7
1668.0;2;10;6;8;53;10;3;11;7
1674.0;3;8;6;8;54;10;4;11;6
1680.0;4;9;6;6;55;11;3;11;5
1686.0;4;10;5;5;56;11;3;12;4
1692.0;4;11;4;4;57;10;4;12;4
1698.0;3;13;5;3;56;10;4;12;4
1704.0;3;13;5;2;57;11;3;11;5
1710.0;3;13;5;3;56;12;3;9;6
1716.0;3;13;5;3;56;12;3;9;6
1722.0;4;13;6;2;56;12;2;9;6
1728.0;5;13;7;2;55;12;1;9;6
1734.0;5;14;6;3;56;12;1;8;5
1740.0;5;15;5;4;57;12;1;7;4
1746.0;5;15;5;4;57;11;1;6;6
1752.0;4;15;5;5;57;10;1;6;7
1758.0;3;17;5;4;58;10;2;5;6
1764.0;3;16;5;5;58;10;3;5;5
1770.0;2;15;5;6;59;10;3;6;4
1776.0;1;15;5;6;57;9;7;5;5
1782.0;1;14;5;7;57;9;7;6;4
1788.0;1;15;6;7;56;9;7;6;3
1794.0;3;13;6;6;56;10;6;7;3
