#auto generated file!
12.0;28;32;29;28;35;26;23;42;27
18.0;27;30;30;27;35;27;23;42;29
24.0;26;32;28;30;36;26;23;42;27
30.0;24;35;26;30;38;27;19;43;28
36.0;23;35;26;31;39;29;15;44;28
42.0;21;36;29;31;43;29;16;40;25
48.0;22;35;25;29;44;31;16;41;27
54.0;23;35;22;29;46;30;20;42;23
60.0;27;34;23;28;46;30;20;38;24
66.0;26;33;21;30;49;28;21;42;20
72.0;24;34;19;32;50;28;22;42;19
78.0;24;33;19;34;53;27;21;42;17
84.0;20;34;21;36;53;31;18;41;16
90.0;20;34;20;36;54;29;19;41;17
96.0;22;31;24;36;56;30;17;39;15
102.0;20;31;25;35;57;30;15;42;15
108.0;19;33;24;36;58;29;14;42;15
114.0;17;35;21;39;57;28;15;42;16
120.0;19;34;21;36;58;27;13;45;17
126.0;19;35;21;35;62;24;14;43;17
132.0;19;34;19;35;70;23;16;38;16
138.0;17;33;21;33;72;24;16;37;17
144.0;16;31;21;35;72;27;17;36;15
150.0;19;31;20;31;76;27;15;36;15
156.0;20;29;20;31;76;27;14;36;17
162.0;20;30;19;30;77;26;15;36;17
168.0;19;30;20;30;79;25;15;35;17
174.0;18;30;17;31;80;25;13;37;19
180.0;14;31;17;31;81;27;14;37;18
186.0;14;33;15;31;81;28;15;37;16
192.0;16;30;14;33;83;30;13;34;17
198.0;18;32;12;32;82;29;13;34;18
204.0;17;33;11;33;83;27;14;34;18
210.0;18;33;11;33;83;27;14;34;17
216.0;17;33;12;32;84;27;13;33;19
222.0;16;36;13;31;84;26;12;33;19
228.0;18;37;16;28;83;26;13;32;17
234.0;22;37;17;24;83;26;11;31;19
240.0;19;37;19;26;85;28;12;31;13
246.0;17;36;19;27;86;27;14;30;14
252.0;20;36;17;26;85;27;18;28;13
258.0;20;37;18;26;85;26;17;29;12
264.0;18;38;18;27;85;26;17;28;13
270.0;15;38;18;27;85;26;20;28;13
276.0;16;39;20;24;85;27;18;29;12
282.0;14;38;21;28;87;27;17;27;11
288.0;16;39;19;24;89;28;16;28;11
294.0;14;36;19;25;93;30;16;26;11
300.0;14;35;18;29;91;29;14;28;12
306.0;12;34;17;28;91;30;16;29;13
312.0;13;31;18;28;93;29;14;31;13
318.0;11;31;18;30;93;29;14;32;12
324.0;12;32;18;31;94;28;15;27;13
330.0;14;30;17;32;96;28;14;25;14
336.0;15;26;18;34;99;26;13;24;15
342.0;16;26;18;35;99;26;11;25;14
348.0;16;27;19;35;98;25;11;26;13
354.0;17;28;16;35;101;23;13;24;13
360.0;14;31;15;37;99;20;14;23;17
366.0;14;31;13;36;101;20;13;23;19
372.0;13;32;12;36;105;20;12;23;17
378.0;15;33;11;32;107;20;9;24;19
384.0;16;32;11;31;109;19;9;25;18
390.0;18;34;10;27;109;22;8;25;17
396.0;19;34;10;26;109;23;8;26;15
402.0;19;37;11;25;110;21;8;26;13
408.0;19;38;14;24;109;22;7;24;13
414.0;21;37;13;28;109;22;8;23;9
420.0;20;36;11;31;110;21;7;24;10
426.0;21;38;12;31;109;20;6;24;9
432.0;19;36;11;32;108;21;6;26;11
438.0;19;35;10;31;108;24;5;28;10
444.0;19;33;9;27;108;25;8;31;10
450.0;15;34;10;24;108;27;9;32;11
456.0;14;32;10;22;111;28;9;34;10
462.0;12;32;11;23;110;29;10;33;10
468.0;12;30;13;25;110;29;8;32;11
474.0;12;28;12;25;109;30;9;32;13
480.0;11;30;11;24;108;30;9;33;14
486.0;11;32;10;24;109;30;9;32;13
492.0;11;33;9;27;109;29;8;33;11
498.0;11;34;11;27;106;28;10;33;10
504.0;12;31;12;27;107;28;11;32;10
510.0;12;31;12;25;109;28;11;34;8
516.0;13;33;13;25;108;26;12;31;9
522.0;13;28;16;25;107;27;12;31;11
528.0;11;29;15;25;108;30;12;29;11
534.0;11;26;14;27;105;32;12;29;14
540.0;12;27;11;25;105;30;14;29;17
546.0;12;28;10;25;105;31;16;28;15
552.0;14;30;12;26;103;30;15;28;12
558.0;16;30;14;23;106;30;16;25;10
564.0;18;29;14;24;104;30;15;27;9
570.0;18;28;14;25;103;29;15;29;9
576.0;18;28;14;23;102;31;15;29;10
582.0;18;26;16;23;104;30;15;28;10
588.0;19;26;18;20;104;29;15;29;10
594.0;20;25;20;21;104;29;14;27;10
600.0;19;25;19;19;104;28;16;30;10
606.0;15;25;17;18;105;27;17;33;13
612.0;15;26;14;16;106;29;17;31;16
618.0;14;27;13;16;106;28;18;32;16
624.0;12;28;15;15;105;29;18;31;17
630.0;14;28;15;15;104;25;19;31;19
636.0;14;29;16;13;102;27;19;32;18
642.0;13;31;13;14;103;28;19;29;20
648.0;11;32;14;14;103;29;17;30;20
654.0;9;35;11;13;109;29;17;29;18
660.0;6;36;10;12;110;29;18;31;18
666.0;7;36;12;13;108;27;17;33;17
672.0;7;36;12;14;108;27;19;29;18
678.0;9;37;12;15;105;26;20;30;16
684.0;8;39;14;13;104;28;19;29;16
690.0;7;39;14;13;105;28;18;31;15
696.0;8;36;12;15;105;31;20;30;13
702.0;7;36;13;17;104;32;18;29;14
708.0;8;33;14;18;104;32;19;28;14
714.0;7;33;16;19;105;28;20;28;14
720.0;7;29;17;21;105;29;19;28;15
726.0;9;29;17;21;106;28;17;28;15
732.0;8;28;20;19;108;29;18;26;14
738.0;10;28;19;20;111;26;19;24;13
744.0;9;26;20;19;111;30;17;26;12
750.0;8;27;20;18;111;30;19;24;13
756.0;7;28;21;18;113;29;19;23;12
762.0;7;25;22;20;115;30;14;25;12
768.0;8;26;20;18;114;33;14;25;12
774.0;10;26;19;17;113;35;12;27;11
780.0;9;27;17;19;113;34;12;28;11
786.0;11;27;16;18;114;34;13;29;8
792.0;9;27;15;20;111;34;15;28;11
798.0;9;26;15;21;113;34;13;28;11
804.0;10;27;13;19;113;34;14;30;10
810.0;11;27;10;23;111;33;15;30;10
816.0;13;26;11;22;111;33;12;30;12
822.0;13;24;15;22;110;33;12;30;11
828.0;11;25;14;22;111;31;14;28;14
834.0;13;25;13;20;110;32;15;29;13
840.0;15;22;15;21;110;31;15;29;12
846.0;14;25;13;22;110;30;17;28;11
852.0;15;25;12;20;108;31;17;30;12
858.0;17;25;10;19;112;30;16;31;10
864.0;18;25;10;19;114;30;15;28;11
870.0;17;27;12;19;115;28;13;28;11
876.0;15;29;11;20;115;27;15;28;10
882.0;14;30;9;19;116;27;15;31;9
888.0;13;32;9;17;116;28;16;31;8
894.0;12;31;10;19;117;29;15;30;7
900.0;9;28;11;18;116;31;16;30;11
906.0;9;29;7;19;116;34;16;30;10
912.0;9;30;7;19;116;34;15;29;11
918.0;9;32;11;21;111;33;14;27;12
924.0;9;32;10;25;112;32;12;27;11
930.0;9;29;11;22;112;33;15;28;11
936.0;9;27;11;21;112;36;15;28;11
942.0;11;28;11;20;112;35;13;30;10
948.0;11;28;11;23;110;34;12;31;10
954.0;14;30;12;25;109;31;12;29;8
960.0;15;28;14;27;107;30;12;29;8
966.0;15;25;17;27;107;29;13;29;8
972.0;16;26;15;24;111;30;13;28;7
978.0;15;27;15;22;112;28;14;27;10
984.0;14;27;14;24;114;26;15;26;10
990.0;12;29;15;26;112;27;14;25;10
996.0;13;27;13;28;114;28;14;23;10
1002.0;13;27;15;29;115;29;14;19;9
1008.0;14;27;14;27;116;30;16;20;6
1014.0;15;30;10;25;116;29;16;21;8
1020.0;16;29;8;24;117;29;17;22;8
1026.0;13;28;9;25;117;30;18;20;10
1032.0;13;28;7;25;117;30;19;20;11
1038.0;13;25;11;26;116;29;15;22;13
1044.0;13;24;11;25;117;31;14;22;13
1050.0;12;25;12;24;114;30;17;23;13
1056.0;17;26;9;22;115;29;15;25;12
1062.0;18;26;8;18;114;32;15;26;13
1068.0;17;27;10;18;116;31;14;25;12
1074.0;13;26;11;20;116;31;13;26;14
1080.0;15;27;10;19;114;32;14;25;14
1086.0;15;27;11;19;116;30;13;25;14
1092.0;14;30;10;20;118;30;12;24;12
1098.0;9;31;12;20;118;30;14;26;10
1104.0;8;30;12;20;118;32;13;26;11
1110.0;8;27;12;22;115;32;15;26;13
1116.0;8;28;13;23;113;32;15;25;13
1122.0;7;28;12;23;113;31;17;24;15
1128.0;5;28;13;23;112;34;15;24;16
1134.0;4;29;13;20;112;34;20;23;15
1140.0;6;30;14;20;110;33;16;24;17
1146.0;7;29;13;19;114;32;17;25;14
1152.0;8;27;14;19;114;32;17;26;13
1158.0;9;27;15;18;115;32;14;27;13
1164.0;8;26;13;17;114;33;16;28;15
1170.0;11;25;13;18;114;31;15;29;14
1176.0;14;25;12;19;113;32;13;28;14
1182.0;12;26;13;20;111;31;12;28;17
1188.0;13;26;14;22;112;31;11;29;12
1194.0;13;27;16;23;113;31;11;26;10
1200.0;13;26;16;21;112;30;11;28;13
1206.0;15;24;15;20;114;29;14;28;11
1212.0;18;24;13;20;112;28;15;27;13
1218.0;17;25;15;18;112;28;14;28;13
1224.0;17;23;13;18;113;30;15;27;14
1230.0;15;23;11;20;112;29;15;29;16
1236.0;15;22;9;23;112;28;14;28;19
1242.0;19;24;7;23;109;26;15;28;19
1248.0;18;23;9;26;106;24;16;29;19
1254.0;19;24;10;25;107;23;16;29;17
1260.0;17;27;8;26;108;22;17;28;17
1266.0;14;31;10;24;109;21;17;27;17
1272.0;12;35;12;23;106;20;16;27;19
1278.0;10;35;12;23;106;21;16;28;19
1284.0;10;34;11;21;107;25;16;30;16
1290.0;11;36;10;18;109;26;13;30;17
1296.0;8;34;13;17;111;28;12;32;15
1302.0;8;33;13;18;112;27;12;31;16
1308.0;10;33;12;17;113;25;11;32;17
1314.0;15;31;11;17;111;26;15;29;15
1320.0;11;29;11;17;111;29;18;29;15
1326.0;10;28;12;21;113;27;16;28;15
1332.0;12;26;12;19;114;28;14;29;16
1338.0;12;28;12;17;111;27;13;31;19
1344.0;14;23;13;20;111;29;12;32;16
1350.0;16;23;15;20;110;27;12;31;16
1356.0;18;23;16;20;111;28;11;27;16
1362.0;15;22;16;22;112;28;12;25;18
1368.0;17;23;18;21;110;28;9;27;17
1374.0;15;25;18;21;111;27;13;25;15
1380.0;14;24;16;19;112;28;15;25;17
1386.0;15;23;15;20;112;30;14;25;16
1392.0;13;23;15;18;111;32;15;26;17
1398.0;16;23;11;18;111;33;15;25;18
1404.0;15;23;10;19;112;34;13;25;19
1410.0;14;22;9;19;112;35;14;24;21
1416.0;13;22;8;21;112;35;15;24;20
1422.0;13;22;10;19;112;36;15;22;21
1428.0;11;23;11;20;113;35;12;23;22
1434.0;11;25;11;20;114;34;10;25;20
1440.0;10;24;9;23;114;36;10;24;20
1446.0;8;24;11;21;113;37;10;24;22
1452.0;8;29;11;20;114;33;11;22;22
1458.0;10;29;9;22;114;33;9;23;21
1464.0;8;28;12;22;114;32;10;24;20
1470.0;10;25;13;21;116;30;10;25;20
1476.0;9;25;13;21;115;30;11;26;20
1482.0;10;25;12;22;117;27;14;25;18
1488.0;11;27;12;23;118;26;14;24;15
1494.0;13;27;13;22;120;26;14;21;14
1500.0;16;25;12;23;122;26;13;19;14
1506.0;14;25;15;24;119;26;13;20;14
1512.0;15;24;15;23;122;26;12;19;14
1518.0;14;24;14;22;126;26;11;20;13
1524.0;13;25;16;23;126;24;10;21;12
1530.0;11;27;16;22;127;24;11;20;12
1536.0;11;28;14;21;125;26;11;20;14
1542.0;13;27;16;21;125;25;10;19;14
1548.0;11;29;14;21;123;27;9;19;17
1554.0;11;27;15;20;123;27;11;19;17
1560.0;11;27;14;21;124;28;12;19;14
1566.0;12;26;14;21;124;26;12;20;15
1572.0;13;27;13;19;125;28;13;19;13
1578.0;13;28;13;18;126;26;13;18;15
1584.0;13;26;13;22;126;24;13;20;13
1590.0;12;25;12;23;123;23;13;23;16
1596.0;13;27;13;25;120;24;13;22;13
1602.0;13;26;14;25;121;23;12;23;13
1608.0;15;28;14;25;119;20;11;26;12
1614.0;15;26;12;27;118;20;12;27;13
1620.0;14;24;14;26;119;20;13;27;13
1626.0;16;24;13;27;117;21;14;25;13
1632.0;15;24;15;26;122;22;14;22;10
1638.0;13;20;17;29;123;23;13;21;11
1644.0;14;19;15;28;125;24;13;21;11
1650.0;14;20;14;28;127;24;11;22;10
1656.0;14;23;14;27;126;22;12;21;11
1662.0;13;23;14;29;125;22;12;21;11
1668.0;11;23;12;28;125;24;15;22;10
1674.0;15;23;12;26;125;23;14;24;8
1680.0;13;24;11;28;127;21;14;24;8
1686.0;12;27;10;28;128;19;15;22;9
1692.0;12;27;12;28;130;20;12;20;9
1698.0;9;26;12;30;131;18;13;20;11
1704.0;8;27;12;28;131;18;14;20;12
1710.0;8;26;11;29;133;19;15;17;12
1716.0;11;28;10;28;131;20;14;19;9
1722.0;11;29;7;28;132;22;15;18;8
1728.0;12;30;6;26;133;22;15;19;7
1734.0;12;26;6;27;134;24;12;22;7
1740.0;11;28;6;25;133;25;12;23;7
1746.0;12;26;8;28;130;24;12;23;7
1752.0;13;28;7;24;129;25;13;24;7
1758.0;15;29;6;23;128;27;12;23;7
1764.0;13;27;9;24;130;24;10;23;10
1770.0;14;26;10;24;131;25;9;23;8
1776.0;16;25;9;23;131;24;10;25;7
1782.0;15;25;11;23;132;23;10;24;7
1788.0;14;24;11;23;134;21;12;24;7
1794.0;13;25;9;24;134;20;12;25;8
