#auto generated file!
12.0;19;25;25;17;19;25;29;31;30
18.0;17;25;26;17;22;25;28;32;28
24.0;20;24;25;16;24;24;28;32;27
30.0;20;22;26;16;26;25;25;32;28
36.0;21;25;23;16;29;23;24;31;28
42.0;20;26;22;14;29;24;24;34;27
48.0;20;25;22;16;30;21;24;35;27
54.0;20;25;18;18;31;24;22;37;25
60.0;19;28;19;17;33;22;20;35;27
66.0;22;28;15;19;36;23;16;36;25
72.0;23;28;14;19;39;24;16;33;24
78.0;24;30;14;20;39;22;20;29;22
84.0;24;31;16;17;40;22;19;31;20
90.0;23;28;16;20;40;21;17;33;22
96.0;22;29;15;18;42;20;19;32;23
102.0;23;29;14;19;41;22;20;30;22
108.0;22;28;17;19;41;23;19;31;20
114.0;23;27;19;18;41;23;17;33;19
120.0;23;29;19;17;41;23;16;33;19
126.0;21;29;19;16;42;22;18;34;19
132.0;20;32;19;14;45;23;16;36;15
138.0;16;34;19;16;46;22;16;37;14
144.0;15;33;17;16;47;21;14;40;17
150.0;13;32;18;14;47;21;16;42;17
156.0;16;28;15;18;50;22;14;41;16
162.0;16;29;13;16;52;22;14;43;15
168.0;14;30;12;17;53;21;14;43;16
174.0;11;31;11;17;54;21;17;43;15
180.0;10;32;15;17;54;18;16;42;16
186.0;12;33;15;17;54;18;15;38;18
192.0;11;34;14;19;56;18;16;36;16
198.0;11;34;14;20;57;19;13;35;17
204.0;12;32;15;20;55;18;15;36;17
210.0;11;32;16;20;55;18;15;36;17
216.0;12;34;17;20;56;18;12;35;16
222.0;10;35;16;18;56;19;14;38;14
228.0;9;36;15;18;58;21;13;36;14
234.0;10;32;14;18;61;23;16;33;13
240.0;7;32;16;17;62;23;17;32;14
246.0;8;31;18;17;61;24;15;30;16
252.0;7;33;17;18;62;23;17;28;15
258.0;7;32;17;18;63;24;16;28;15
264.0;6;33;17;20;62;24;16;28;14
270.0;8;31;15;19;63;25;16;29;14
276.0;13;32;13;21;62;24;16;27;12
282.0;12;34;12;23;63;23;15;25;13
288.0;10;36;11;22;65;22;12;28;14
294.0;12;35;12;22;64;22;14;26;13
300.0;13;36;12;23;63;21;14;25;13
306.0;15;34;12;22;62;22;12;27;14
312.0;15;35;11;20;63;23;13;26;14
318.0;14;35;11;21;65;23;13;27;11
324.0;12;31;12;22;66;23;14;27;13
330.0;14;31;12;23;65;21;15;27;12
336.0;14;31;14;22;66;22;16;23;12
342.0;10;32;15;23;65;23;15;25;12
348.0;12;30;14;24;65;26;12;25;12
354.0;14;31;13;22;67;25;12;25;11
360.0;11;31;14;21;68;25;12;27;11
366.0;10;29;14;23;68;26;11;27;12
372.0;9;28;16;23;69;24;13;27;11
378.0;7;30;15;22;72;24;14;27;9
384.0;10;31;15;23;73;24;11;27;6
390.0;11;29;15;22;73;25;11;27;7
396.0;11;29;16;24;74;23;9;26;8
402.0;14;29;15;25;74;23;7;25;8
408.0;12;27;16;25;76;23;7;25;9
414.0;13;28;15;25;77;21;7;25;9
420.0;12;29;17;25;77;19;6;24;11
426.0;12;29;17;25;77;20;7;24;9
432.0;15;29;16;24;77;20;8;22;9
438.0;17;29;15;23;77;21;9;20;9
444.0;20;28;12;23;79;18;11;20;9
450.0;18;28;9;25;81;18;12;20;9
456.0;17;27;8;25;82;20;12;21;8
462.0;16;28;8;25;81;19;13;23;7
468.0;15;28;10;26;80;18;12;23;8
474.0;14;27;13;26;80;20;9;21;10
480.0;13;27;13;24;80;20;9;22;12
486.0;12;30;10;23;80;21;8;25;11
492.0;11;32;11;23;79;22;7;24;11
498.0;13;28;12;24;80;22;7;23;11
504.0;11;30;14;23;81;20;8;22;11
510.0;13;29;15;24;80;18;9;21;11
516.0;13;29;14;24;79;18;10;21;12
522.0;15;29;13;26;79;22;9;17;10
528.0;12;28;11;29;80;22;8;19;11
534.0;14;29;10;28;80;22;8;18;11
540.0;14;27;11;30;80;23;6;19;10
546.0;11;28;11;29;78;24;11;17;11
552.0;9;28;9;30;79;24;11;18;12
558.0;12;28;9;30;77;23;11;18;12
564.0;11;25;9;30;77;25;11;18;14
570.0;12;25;8;29;78;24;11;17;16
576.0;12;27;10;28;77;22;10;20;14
582.0;13;25;9;26;76;22;11;20;18
588.0;11;26;8;26;77;23;11;22;16
594.0;11;25;9;23;79;22;12;23;16
600.0;9;27;8;24;77;22;12;25;16
606.0;10;27;8;23;76;22;12;24;18
612.0;11;26;11;24;76;23;9;23;17
618.0;9;28;12;22;77;23;9;24;16
624.0;10;27;12;24;77;25;10;23;12
630.0;11;27;13;24;76;25;15;21;8
636.0;9;26;13;25;76;27;14;22;8
642.0;11;25;14;23;76;26;13;25;7
648.0;11;24;14;23;76;26;14;25;7
654.0;11;24;13;23;76;26;14;26;7
660.0;11;23;12;24;76;27;14;25;8
666.0;10;25;15;22;74;26;14;24;10
672.0;11;25;13;22;74;29;15;22;9
678.0;13;22;12;25;74;28;13;23;10
684.0;14;23;12;25;73;26;13;22;12
690.0;15;24;15;24;72;26;11;22;11
696.0;16;23;14;24;70;26;10;25;12
702.0;12;23;13;23;71;31;9;25;13
708.0;11;24;15;25;72;30;8;24;11
714.0;12;22;15;25;74;32;6;23;11
720.0;10;20;12;28;76;30;7;24;13
726.0;11;20;10;30;77;30;10;21;11
732.0;11;20;9;31;77;28;11;23;10
738.0;11;21;9;32;75;28;10;23;11
744.0;11;20;11;32;75;27;10;23;11
750.0;11;19;11;31;75;28;10;22;13
756.0;9;17;10;30;75;33;9;22;15
762.0;10;17;9;29;76;32;11;23;13
768.0;10;17;10;29;77;30;14;21;12
774.0;8;18;12;29;81;29;11;22;10
780.0;7;21;12;27;81;29;10;22;11
786.0;7;21;13;26;83;30;10;21;9
792.0;8;21;14;26;84;28;8;23;8
798.0;10;20;12;25;86;30;7;19;11
804.0;10;21;14;24;85;30;7;19;10
810.0;7;24;15;24;83;32;8;19;8
816.0;8;25;11;23;83;32;8;21;9
822.0;9;23;14;23;83;32;7;18;11
828.0;8;23;14;22;84;31;8;19;11
834.0;7;22;12;25;85;30;8;19;12
840.0;7;23;10;25;86;29;9;19;12
846.0;10;20;7;26;87;32;8;18;12
852.0;8;19;9;25;88;32;8;19;12
858.0;9;19;7;24;93;28;9;22;9
864.0;6;20;6;26;93;28;8;22;11
870.0;8;17;8;25;92;28;9;23;10
876.0;9;18;10;26;90;26;8;21;12
882.0;7;18;9;26;90;27;10;21;12
888.0;5;20;9;24;90;27;10;23;12
894.0;5;20;11;24;91;25;9;23;12
900.0;5;20;10;25;91;24;10;25;10
906.0;5;20;9;24;91;25;10;25;11
912.0;5;22;9;24;90;23;8;27;12
918.0;5;22;8;24;91;23;11;22;14
924.0;7;25;7;25;91;22;7;22;14
930.0;6;26;8;26;91;21;7;21;14
936.0;7;26;6;27;91;21;7;21;14
942.0;7;26;6;29;91;21;7;19;14
948.0;5;25;7;30;90;23;8;18;14
954.0;4;27;5;26;88;23;8;23;16
960.0;6;22;7;27;87;24;10;21;16
966.0;7;21;7;25;85;24;11;21;19
972.0;7;21;6;26;89;21;12;20;18
978.0;7;22;5;26;92;18;12;20;18
984.0;7;24;5;25;92;18;14;21;14
990.0;9;23;6;24;92;19;14;21;12
996.0;8;24;6;26;91;19;13;19;14
1002.0;11;24;6;22;91;19;13;20;14
1008.0;13;24;4;23;90;20;13;19;14
1014.0;12;23;6;22;92;19;10;17;19
1020.0;15;25;6;19;92;17;9;18;19
1026.0;15;25;7;17;93;16;7;22;18
1032.0;11;25;8;17;94;16;8;21;20
1038.0;11;29;9;15;94;17;10;19;16
1044.0;9;30;6;14;95;19;11;20;16
1050.0;11;28;9;14;95;19;11;17;16
1056.0;10;29;8;14;96;19;10;19;15
1062.0;11;30;8;13;97;19;9;17;16
1068.0;10;30;8;13;98;20;9;16;16
1074.0;10;28;8;12;98;19;8;21;16
1080.0;8;27;10;16;100;20;8;18;13
1086.0;10;27;9;17;101;18;8;18;12
1092.0;10;28;7;17;100;20;7;19;12
1098.0;10;28;7;17;100;20;7;18;13
1104.0;11;29;7;17;100;20;5;19;12
1110.0;10;25;7;17;102;18;7;21;13
1116.0;11;23;7;17;102;19;7;21;13
1122.0;10;22;9;17;101;20;8;21;12
1128.0;8;22;9;18;100;19;9;23;12
1134.0;6;22;9;19;100;21;12;21;10
1140.0;6;20;9;21;98;21;12;24;9
1146.0;6;20;9;19;98;23;11;23;11
1152.0;5;21;8;18;99;24;9;25;11
1158.0;4;21;10;17;101;22;10;24;11
1164.0;4;21;10;19;101;23;9;24;9
1170.0;4;21;8;20;101;22;9;24;11
1176.0;5;22;6;20;99;22;10;27;9
1182.0;5;23;5;21;98;22;9;28;9
1188.0;4;24;6;20;100;21;9;27;9
1194.0;6;22;6;19;99;22;8;27;11
1200.0;7;20;4;19;100;22;10;28;10
1206.0;9;18;3;19;101;23;9;29;9
1212.0;8;18;3;20;101;24;10;25;11
1218.0;8;20;3;20;103;23;9;25;9
1224.0;8;20;4;22;105;20;7;25;9
1230.0;8;19;5;20;104;21;8;28;7
1236.0;7;22;6;21;102;21;8;28;5
1242.0;8;22;9;20;102;21;9;25;4
1248.0;8;21;8;21;101;20;9;26;6
1254.0;8;21;9;21;101;21;10;24;5
1260.0;8;22;12;19;100;20;8;26;5
1266.0;10;21;10;19;100;21;7;27;5
1272.0;7;23;9;18;101;23;6;27;6
1278.0;7;23;8;17;100;22;7;28;8
1284.0;10;25;8;18;99;19;7;27;7
1290.0;9;26;9;21;98;19;5;26;7
1296.0;9;27;12;20;98;18;5;26;5
1302.0;9;28;11;21;98;18;7;25;3
1308.0;10;27;11;20;98;18;8;26;2
1314.0;8;27;12;20;98;19;6;27;3
1320.0;6;26;10;20;98;19;7;27;7
1326.0;4;27;9;20;99;18;8;27;8
1332.0;4;26;11;21;98;17;9;27;7
1338.0;4;27;9;21;99;17;11;25;7
1344.0;2;27;8;22;99;15;11;26;10
1350.0;4;25;7;23;99;14;12;25;11
1356.0;5;26;7;23;99;15;11;24;10
1362.0;5;25;9;24;99;14;11;22;11
1368.0;7;27;7;23;98;17;10;22;9
1374.0;7;26;10;22;94;19;11;22;9
1380.0;8;26;11;21;94;20;9;23;8
1386.0;9;25;12;21;95;19;11;23;5
1392.0;10;25;13;21;96;20;10;20;5
1398.0;11;24;11;21;97;20;10;21;5
1404.0;11;25;8;22;99;20;9;20;6
1410.0;11;26;9;24;96;19;8;21;6
1416.0;11;24;9;24;96;18;9;22;7
1422.0;9;23;9;26;98;18;9;20;8
1428.0;9;22;9;26;95;18;9;21;11
1434.0;10;22;6;27;96;17;11;20;11
1440.0;10;22;4;26;97;19;10;20;12
1446.0;13;22;7;24;96;20;11;19;8
1452.0;13;22;9;24;96;18;11;19;8
1458.0;11;24;8;23;96;18;12;18;10
1464.0;11;25;8;21;97;21;13;16;8
1470.0;13;23;7;19;95;24;14;17;8
1476.0;14;24;7;17;95;26;11;18;8
1482.0;12;22;10;17;95;24;12;18;10
1488.0;11;23;10;16;96;22;12;18;12
1494.0;11;21;11;16;94;23;13;19;12
1500.0;12;21;12;17;95;23;10;18;12
1506.0;15;22;12;17;94;22;11;15;12
1512.0;14;22;12;17;93;23;10;18;11
1518.0;14;22;12;18;93;23;10;17;11
1524.0;13;23;10;18;96;22;10;17;11
1530.0;15;24;11;18;95;20;10;16;11
1536.0;13;23;12;19;97;21;9;15;11
1542.0;11;19;12;18;96;22;10;17;15
1548.0;12;17;12;19;96;22;10;18;14
1554.0;14;16;9;20;98;22;7;19;15
1560.0;14;16;11;20;96;22;7;21;13
1566.0;14;16;10;20;96;22;8;20;14
1572.0;14;17;10;18;97;21;9;20;14
1578.0;13;16;10;19;97;22;10;21;12
1584.0;13;15;10;19;97;27;11;20;8
1590.0;13;15;10;18;97;27;13;19;8
1596.0;12;16;10;17;97;26;14;19;9
1602.0;15;16;10;18;97;24;11;19;10
1608.0;16;17;10;18;93;23;12;22;9
1614.0;16;18;11;16;94;19;13;22;11
1620.0;14;17;8;16;97;18;14;23;13
1626.0;13;17;10;17;96;19;14;21;13
1632.0;13;21;10;16;98;17;14;21;10
1638.0;11;25;10;15;99;19;10;21;10
1644.0;11;24;9;13;98;19;13;24;9
1650.0;9;25;9;13;99;18;14;25;8
1656.0;9;24;9;15;100;18;13;24;8
1662.0;8;24;11;16;98;20;11;24;8
1668.0;9;25;11;16;97;19;9;25;9
1674.0;8;22;11;19;97;20;9;25;9
1680.0;9;21;13;19;97;19;9;25;8
1686.0;9;21;13;17;98;19;9;25;9
1692.0;7;18;14;18;100;19;11;24;9
1698.0;6;19;13;19;100;19;11;25;8
1704.0;7;20;11;20;100;19;10;24;9
1710.0;8;21;11;17;99;21;9;24;10
1716.0;9;21;9;17;100;20;8;25;11
1722.0;9;24;8;17;99;21;8;23;11
1728.0;9;23;9;15;97;22;10;23;12
1734.0;10;24;12;15;97;25;6;23;8
1740.0;8;24;13;16;99;26;4;21;9
1746.0;4;24;13;16;101;25;4;23;10
1752.0;7;21;12;16;101;27;6;22;8
1758.0;10;19;12;16;100;27;7;21;8
1764.0;8;18;10;16;102;28;9;20;9
1770.0;9;18;10;16;103;25;10;21;8
1776.0;8;18;12;16;102;24;10;20;10
1782.0;8;17;11;16;104;26;10;19;9
1788.0;8;18;12;16;104;27;11;18;6
1794.0;9;18;9;16;106;28;9;18;7
