#auto generated file!
12.0;10;18;26;23;27;15;16;23;12
18.0;10;19;26;23;27;15;16;23;11
24.0;12;19;22;22;30;16;18;22;9
30.0;12;20;24;21;33;16;17;19;8
36.0;11;21;19;23;34;15;17;22;8
42.0;11;21;19;22;34;15;19;21;8
48.0;10;23;16;23;34;16;19;21;8
54.0;13;21;17;23;34;16;17;21;8
60.0;12;21;18;22;35;14;17;21;10
66.0;12;22;18;22;36;14;16;19;11
72.0;12;23;19;20;37;15;14;19;11
78.0;10;23;19;20;38;17;16;17;10
84.0;10;22;17;21;38;16;17;21;8
90.0;10;22;16;20;40;16;18;21;7
96.0;10;23;16;20;40;16;16;21;8
102.0;11;24;18;19;41;15;16;20;6
108.0;11;23;17;18;43;16;16;18;8
114.0;13;24;15;20;42;16;14;17;9
120.0;14;22;15;25;42;16;13;15;8
126.0;16;21;15;22;44;16;11;16;9
132.0;16;21;12;21;46;16;9;18;11
138.0;15;18;14;20;46;18;7;21;11
144.0;14;17;16;19;45;18;7;24;10
150.0;15;16;15;17;48;17;8;24;10
156.0;12;16;14;19;49;18;8;22;12
162.0;11;19;15;19;49;15;6;24;12
168.0;8;20;17;18;49;16;8;23;11
174.0;7;21;17;20;48;14;9;24;10
180.0;5;19;19;22;50;14;10;22;9
186.0;4;20;15;24;50;12;11;23;11
192.0;3;21;14;22;49;14;11;24;12
198.0;3;23;16;23;50;15;8;22;10
204.0;4;25;14;24;49;14;7;23;10
210.0;6;25;15;21;49;14;7;23;10
216.0;6;26;11;21;50;17;6;22;11
222.0;6;27;11;20;51;16;9;20;10
228.0;7;28;9;20;52;17;8;19;10
234.0;8;26;10;20;51;17;10;19;9
240.0;8;25;11;20;51;17;9;19;10
246.0;6;26;12;21;51;17;9;19;9
252.0;6;26;11;19;52;17;10;20;9
258.0;7;26;10;19;52;18;10;20;8
264.0;8;25;9;19;52;18;10;19;10
270.0;7;24;8;19;53;16;13;20;10
276.0;7;23;8;19;53;17;13;20;10
282.0;7;22;7;19;51;18;14;21;11
288.0;7;22;7;19;52;19;14;21;9
294.0;6;21;8;19;51;19;17;21;8
300.0;8;20;7;18;52;18;18;22;7
306.0;9;19;7;17;50;17;20;23;8
312.0;8;20;7;17;50;18;19;21;10
318.0;7;21;6;19;50;18;19;19;11
324.0;7;20;6;18;52;18;17;20;12
330.0;8;19;7;17;51;19;18;21;10
336.0;8;18;7;17;51;19;18;21;11
342.0;8;19;8;15;53;19;17;20;11
348.0;6;19;9;14;54;18;18;20;12
354.0;6;20;10;14;54;18;16;19;13
360.0;5;19;14;14;55;21;15;17;10
366.0;8;18;13;13;56;21;14;17;10
372.0;9;16;14;14;55;23;15;14;10
378.0;10;18;13;16;53;24;13;14;9
384.0;9;18;13;17;53;24;13;14;9
390.0;11;18;12;17;53;23;14;12;10
396.0;11;18;12;16;53;22;14;12;12
402.0;11;17;12;15;54;23;13;13;12
408.0;9;20;12;15;55;23;11;12;13
414.0;11;21;9;15;55;24;10;13;12
420.0;11;20;12;13;57;24;7;13;13
426.0;11;19;13;15;57;23;8;12;12
432.0;10;22;11;16;58;24;8;11;10
438.0;10;21;11;17;58;25;7;10;11
444.0;10;21;11;14;57;27;8;12;10
450.0;13;18;9;15;56;26;8;12;13
456.0;11;21;9;15;57;24;7;13;13
462.0;11;21;9;13;57;24;9;14;12
468.0;12;22;9;13;58;23;8;15;10
474.0;13;23;8;13;59;20;9;16;9
480.0;8;24;10;13;61;19;9;16;10
486.0;6;25;11;13;61;20;9;15;10
492.0;6;26;12;12;61;19;11;15;8
498.0;7;28;10;13;60;19;9;16;8
504.0;6;28;10;14;59;20;9;16;8
510.0;6;26;8;15;59;19;11;17;9
516.0;7;25;7;14;59;18;10;21;9
522.0;8;22;7;12;60;17;12;22;10
528.0;8;22;7;11;60;18;10;23;11
534.0;9;22;7;13;60;15;11;21;12
540.0;8;21;8;12;60;16;11;22;12
546.0;8;19;8;11;62;18;10;22;12
552.0;10;17;8;11;63;16;12;20;13
558.0;10;16;6;10;61;19;12;24;12
564.0;11;16;5;9;61;18;13;26;11
570.0;14;16;4;8;61;20;13;23;11
576.0;14;15;4;8;62;21;13;22;11
582.0;12;14;4;10;64;21;11;22;12
588.0;14;16;4;9;65;21;10;22;9
594.0;13;17;4;8;65;22;10;22;9
600.0;11;17;5;9;64;24;11;19;10
606.0;11;18;5;8;64;24;11;20;9
612.0;12;18;5;7;64;25;11;20;8
618.0;10;20;6;7;63;25;13;20;6
624.0;9;20;5;8;64;26;14;18;6
630.0;9;19;7;8;64;25;13;18;7
636.0;8;21;7;8;64;25;13;16;8
642.0;8;21;6;8;64;25;15;14;9
648.0;8;20;8;7;64;24;15;15;9
654.0;9;20;8;7;64;25;15;14;8
660.0;11;21;8;6;63;25;15;13;8
666.0;10;20;10;8;64;23;14;13;8
672.0;9;19;11;9;64;23;14;14;7
678.0;7;19;11;8;65;22;16;15;7
684.0;8;22;10;7;67;20;13;15;8
690.0;8;22;10;8;67;19;14;14;8
696.0;9;22;9;8;68;19;12;15;8
702.0;10;22;8;8;67;20;11;15;9
708.0;7;24;6;10;67;20;12;15;9
714.0;7;22;6;9;67;20;12;15;12
720.0;8;22;6;10;68;20;10;15;11
726.0;6;22;5;13;69;19;10;16;10
732.0;8;21;6;13;68;19;10;16;9
738.0;9;21;5;15;68;20;8;16;8
744.0;8;20;7;15;69;19;8;16;8
750.0;7;22;8;14;70;20;7;16;6
756.0;7;20;10;15;70;21;7;14;6
762.0;5;20;11;15;70;18;9;14;8
768.0;5;19;9;16;71;20;7;15;8
774.0;7;19;10;15;68;21;5;16;9
780.0;8;20;8;14;70;20;4;17;9
786.0;10;20;9;13;71;20;4;15;8
792.0;9;19;8;14;72;21;4;13;10
798.0;10;19;9;15;71;21;3;14;8
804.0;10;19;9;15;72;18;3;15;9
810.0;9;16;10;16;72;17;4;16;10
816.0;9;18;9;15;72;17;5;15;10
822.0;9;17;12;16;71;16;5;15;9
828.0;12;17;12;15;71;16;4;15;8
834.0;10;17;14;18;72;15;3;14;7
840.0;11;19;11;18;74;15;3;14;5
846.0;11;18;11;17;75;14;4;15;5
852.0;12;17;11;18;76;14;3;13;6
858.0;13;14;12;19;74;15;3;14;6
864.0;10;14;12;20;72;14;6;16;6
870.0;8;14;10;21;75;13;7;16;6
876.0;8;13;10;21;76;14;7;15;6
882.0;7;14;11;19;75;16;6;16;6
888.0;7;13;11;18;76;15;7;18;5
894.0;8;13;9;18;77;15;7;19;4
900.0;7;13;9;19;76;13;8;22;3
906.0;7;12;7;22;75;13;8;24;2
912.0;7;13;7;22;74;13;8;24;2
918.0;6;13;6;23;75;13;8;24;2
924.0;4;15;4;22;77;13;9;24;2
930.0;4;17;4;21;75;14;7;25;3
936.0;3;17;3;21;76;13;7;24;6
942.0;3;15;2;24;77;12;7;24;6
948.0;4;13;2;24;77;12;8;24;6
954.0;4;15;2;24;77;12;7;22;7
960.0;5;15;3;21;78;13;6;21;8
966.0;8;16;5;19;78;12;7;17;8
972.0;8;15;6;18;77;13;7;18;8
978.0;10;15;6;20;76;11;9;16;7
984.0;8;15;6;21;76;11;10;17;6
990.0;10;16;5;21;74;10;10;18;6
996.0;10;18;5;21;74;9;11;16;6
1002.0;11;17;8;20;75;10;9;15;5
1008.0;8;20;9;20;75;11;8;12;7
1014.0;8;20;9;20;76;10;9;12;6
1020.0;8;19;10;18;76;11;10;13;5
1026.0;9;18;11;18;74;11;9;14;6
1032.0;9;18;12;18;74;11;8;14;6
1038.0;9;18;12;19;73;12;8;14;5
1044.0;9;18;12;17;74;13;9;13;5
1050.0;11;19;10;18;73;15;8;12;4
1056.0;12;21;8;18;72;15;9;11;4
1062.0;14;19;7;19;72;15;7;12;5
1068.0;15;19;8;18;73;12;8;12;5
1074.0;13;20;9;18;73;11;8;12;6
1080.0;11;18;8;19;71;13;10;14;6
1086.0;12;18;7;19;72;14;6;15;7
1092.0;11;19;7;19;72;15;5;15;7
1098.0;11;21;7;20;73;13;4;16;5
1104.0;8;23;7;19;73;16;3;16;5
1110.0;9;23;6;19;72;16;4;15;6
1116.0;9;21;6;20;74;16;4;15;5
1122.0;8;19;9;20;73;16;4;15;6
1128.0;9;17;13;19;75;18;3;10;6
1134.0;9;17;13;18;75;18;3;9;8
1140.0;9;16;14;18;76;18;3;8;8
1146.0;9;16;15;17;75;19;3;8;8
1152.0;8;15;15;18;77;20;2;7;8
1158.0;11;14;15;18;78;20;1;7;6
1164.0;11;14;15;16;77;20;3;8;6
1170.0;10;13;15;15;78;21;4;8;6
1176.0;9;13;17;14;77;20;5;9;6
1182.0;11;13;15;15;78;18;5;9;6
1188.0;13;15;15;14;77;18;4;8;6
1194.0;11;13;16;14;77;16;5;12;6
1200.0;10;11;16;15;75;17;5;12;9
1206.0;10;11;13;15;77;18;6;13;7
1212.0;11;11;14;13;77;18;7;13;6
1218.0;12;11;14;12;75;19;7;15;5
1224.0;11;11;14;12;76;18;7;16;5
1230.0;10;14;12;13;73;18;9;15;6
1236.0;10;15;9;12;75;18;9;15;7
1242.0;9;15;9;11;76;19;8;15;8
1248.0;7;15;9;13;77;19;7;16;7
1254.0;8;15;6;12;75;19;8;18;9
1260.0;10;18;5;10;75;18;7;18;9
1266.0;8;18;6;11;76;15;9;19;8
1272.0;8;19;6;11;76;15;8;19;8
1278.0;7;20;7;12;75;15;9;19;6
1284.0;9;21;6;12;75;14;8;20;5
1290.0;9;19;6;13;76;14;8;20;5
1296.0;9;19;6;13;76;13;9;20;5
1302.0;6;20;9;13;76;14;8;21;3
1308.0;5;18;10;12;76;15;8;22;4
1314.0;4;17;9;15;75;14;9;23;4
1320.0;5;18;7;15;76;12;11;22;4
1326.0;7;19;6;15;76;13;8;21;5
1332.0;6;21;7;15;75;13;7;20;6
1338.0;6;22;8;14;74;12;9;19;6
1344.0;7;22;8;15;73;13;9;17;6
1350.0;8;20;7;13;74;14;9;19;6
1356.0;9;20;9;14;74;12;7;19;6
1362.0;9;20;8;15;76;10;8;18;6
1368.0;8;22;7;16;75;10;8;17;7
1374.0;9;22;7;17;75;10;8;13;9
1380.0;9;21;6;17;75;9;9;15;9
1386.0;9;20;5;16;75;8;12;15;10
1392.0;7;20;6;19;74;8;12;14;10
1398.0;7;20;6;19;74;10;11;13;10
1404.0;9;20;7;17;74;11;9;14;9
1410.0;11;21;7;17;70;10;10;14;10
1416.0;12;18;6;20;70;11;9;13;11
1422.0;14;18;6;21;70;11;9;12;9
1428.0;14;19;5;22;70;10;8;13;9
1434.0;15;18;7;20;71;9;7;12;11
1440.0;14;19;8;20;71;9;8;11;10
1446.0;10;17;9;18;74;9;9;13;11
1452.0;10;17;9;16;74;10;9;14;11
1458.0;11;19;7;15;73;11;8;15;11
1464.0;11;19;6;15;75;11;7;15;11
1470.0;10;22;7;16;74;10;7;14;10
1476.0;8;21;8;16;75;11;7;15;9
1482.0;7;21;8;15;76;12;6;15;10
1488.0;8;21;8;14;76;13;7;13;10
1494.0;8;22;9;14;73;14;6;14;10
1500.0;8;20;8;13;75;14;8;16;8
1506.0;6;21;10;13;74;14;8;17;7
1512.0;8;22;9;12;74;15;8;17;5
1518.0;7;22;8;11;74;16;7;17;8
1524.0;10;20;10;10;76;12;8;16;8
1530.0;10;16;10;11;77;14;8;16;8
1536.0;9;14;10;10;77;16;9;16;9
1542.0;8;13;8;9;78;18;9;18;9
1548.0;9;14;10;8;78;17;8;18;8
1554.0;8;12;12;8;77;18;8;19;8
1560.0;6;14;13;9;76;16;9;18;9
1566.0;6;14;13;9;76;17;10;16;9
1572.0;5;15;13;9;77;16;11;15;9
1578.0;5;15;13;9;77;17;11;15;8
1584.0;5;14;12;9;78;19;11;13;9
1590.0;5;14;12;9;79;18;11;11;11
1596.0;4;16;10;10;79;18;11;11;11
1602.0;4;17;10;11;81;18;8;12;9
1608.0;4;17;13;11;80;17;7;13;8
1614.0;4;16;13;12;81;15;8;13;8
1620.0;5;13;13;13;81;15;10;13;7
1626.0;6;13;9;15;83;16;9;13;6
1632.0;7;13;8;15;84;15;8;14;6
1638.0;6;12;8;15;84;17;8;14;6
1644.0;8;12;7;14;85;17;8;16;3
1650.0;10;11;7;13;86;17;7;14;5
1656.0;10;12;7;13;86;17;6;14;5
1662.0;9;12;7;13;88;17;5;13;6
1668.0;8;12;6;14;88;16;4;14;8
1674.0;9;12;4;15;87;17;4;13;9
1680.0;9;12;7;15;87;17;5;12;6
1686.0;10;12;8;14;88;18;4;10;6
1692.0;8;12;7;16;87;18;6;10;6
1698.0;7;12;7;15;88;18;8;9;6
1704.0;6;14;8;18;85;17;7;9;6
1710.0;6;14;11;18;85;16;5;9;6
1716.0;5;13;10;17;86;17;5;9;8
1722.0;6;13;11;15;86;16;5;11;7
1728.0;6;13;10;15;86;15;7;12;6
1734.0;6;13;10;16;86;14;6;13;6
1740.0;7;12;10;15;87;14;6;13;6
1746.0;7;12;10;14;87;13;5;14;8
1752.0;7;12;8;13;87;15;6;13;9
1758.0;7;12;6;13;87;14;8;15;8
1764.0;6;11;8;12;86;14;8;17;8
1770.0;6;12;8;11;86;14;8;17;8
1776.0;5;13;7;11;86;15;7;17;9
1782.0;5;15;8;12;86;16;7;14;7
1788.0;3;17;6;13;86;17;7;14;7
1794.0;3;17;4;14;86;17;9;12;8
