#auto generated file!
12.0;43;46;48;40;47;38;44;38;46
18.0;42;48;45;40;49;39;41;38;48
24.0;40;53;42;38;52;37;42;42;44
30.0;37;56;39;36;55;35;43;45;44
36.0;36;57;36;37;56;40;40;46;42
42.0;32;55;37;41;58;42;40;48;37
48.0;33;53;37;45;58;42;40;49;33
54.0;29;49;39;46;58;47;41;50;31
60.0;29;47;37;45;62;48;40;50;32
66.0;29;50;31;45;64;51;39;51;30
72.0;24;51;31;49;67;47;38;53;30
78.0;25;52;32;46;74;43;36;55;27
84.0;26;52;30;51;77;41;33;49;31
90.0;25;53;31;49;77;42;32;48;33
96.0;28;51;30;50;78;44;31;44;34
102.0;32;51;30;49;79;44;31;39;35
108.0;31;50;29;47;80;47;29;40;37
114.0;30;48;27;49;82;49;27;43;35
120.0;29;47;25;47;84;51;27;43;37
126.0;28;46;24;44;87;51;26;46;38
132.0;26;49;26;48;87;48;24;45;37
138.0;27;50;24;47;89;46;21;43;43
144.0;29;47;23;47;93;44;21;43;43
150.0;32;41;26;47;96;44;18;45;41
156.0;30;43;26;44;100;43;19;44;41
162.0;29;46;27;44;101;41;17;48;37
168.0;28;47;28;48;105;39;17;45;33
174.0;27;47;28;45;108;37;18;46;34
180.0;26;45;30;45;109;37;20;47;31
186.0;24;46;24;50;109;38;22;47;30
192.0;23;46;20;52;110;36;24;48;31
198.0;22;47;21;52;111;35;25;47;30
204.0;22;48;21;49;113;38;27;43;29
210.0;22;46;18;48;112;43;27;44;30
216.0;23;43;19;49;112;43;28;42;31
222.0;23;43;17;50;115;44;29;40;29
228.0;26;43;17;51;115;46;26;38;28
234.0;26;42;17;50;116;48;27;39;25
240.0;26;39;14;49;123;51;27;37;24
246.0;23;36;16;48;126;52;29;38;22
252.0;25;39;18;45;125;52;22;42;22
258.0;25;38;19;43;126;51;22;46;20
264.0;25;36;21;41;130;52;22;45;18
270.0;25;34;23;40;132;50;21;47;18
276.0;23;33;22;44;130;50;22;48;18
282.0;23;35;21;43;128;48;21;48;23
288.0;21;35;20;44;129;49;20;50;22
294.0;18;38;21;43;133;48;19;49;21
300.0;17;41;21;43;134;48;18;46;22
306.0;15;41;19;46;136;48;20;44;21
312.0;15;42;17;45;139;47;23;44;18
318.0;14;42;17;45;139;47;24;44;18
324.0;14;40;17;45;141;47;24;44;18
330.0;14;39;13;44;143;47;27;41;22
336.0;14;40;13;44;144;48;26;41;20
342.0;16;34;15;41;144;51;27;43;19
348.0;18;35;14;43;146;47;25;42;20
354.0;19;39;11;42;147;46;22;42;22
360.0;21;38;11;42;147;47;22;38;24
366.0;19;39;11;36;150;47;27;35;26
372.0;17;37;12;37;152;45;28;35;27
378.0;16;37;12;36;151;47;27;37;27
384.0;17;38;15;38;149;46;27;35;25
390.0;17;36;16;37;152;47;28;32;25
396.0;15;37;18;35;151;46;29;33;26
402.0;16;35;18;34;155;49;26;32;25
408.0;16;37;17;34;157;46;29;30;24
414.0;15;37;18;32;158;44;28;32;26
420.0;14;34;20;30;158;42;30;36;26
426.0;15;33;20;28;159;43;26;38;28
432.0;16;34;19;27;161;44;26;37;26
438.0;16;36;18;25;161;46;25;39;24
444.0;15;38;19;28;162;43;25;37;23
450.0;16;38;18;27;160;46;25;35;25
456.0;17;37;22;28;163;44;22;37;20
462.0;16;36;23;27;161;44;20;39;24
468.0;14;39;22;27;165;47;18;37;21
474.0;14;36;23;29;166;47;16;39;20
480.0;12;33;22;30;166;47;17;40;23
486.0;11;34;22;31;167;48;14;39;24
492.0;13;33;24;33;167;48;13;38;21
498.0;14;34;19;34;169;48;15;37;20
504.0;13;37;18;34;169;47;13;40;19
510.0;12;37;17;32;169;50;16;40;17
516.0;12;38;16;31;168;53;17;42;13
522.0;12;38;17;30;166;58;15;42;12
528.0;13;42;18;30;164;55;14;43;11
534.0;15;40;16;33;168;49;15;42;12
540.0;16;37;18;34;165;52;15;41;12
546.0;16;36;18;34;168;48;18;42;10
552.0;19;35;14;29;175;48;20;39;11
558.0;19;35;13;32;174;47;20;38;12
564.0;21;32;12;32;173;49;22;37;12
570.0;21;32;13;30;173;48;20;38;15
576.0;20;36;13;28;175;47;20;37;14
582.0;17;37;16;28;174;48;20;34;16
588.0;18;39;15;29;174;47;20;30;18
594.0;20;39;19;27;173;46;19;30;17
600.0;21;37;18;27;173;46;20;30;18
606.0;17;35;18;27;175;45;23;32;18
612.0;17;36;18;29;174;44;24;31;17
618.0;18;39;20;29;172;43;23;32;14
624.0;18;38;19;30;175;43;21;31;15
630.0;19;43;18;31;174;40;20;31;14
636.0;19;42;17;31;178;36;21;30;16
642.0;18;44;18;33;179;35;19;28;16
648.0;16;45;19;33;179;35;19;28;16
654.0;15;44;19;32;179;35;18;31;17
660.0;14;46;20;34;180;33;17;29;17
666.0;14;44;20;33;182;34;16;29;18
672.0;15;43;20;32;183;32;15;30;20
678.0;15;42;22;33;183;30;14;28;23
684.0;16;40;22;33;183;33;13;26;24
690.0;16;38;22;35;183;32;15;25;24
696.0;15;38;23;33;183;32;14;30;22
702.0;18;39;20;33;184;30;14;32;20
708.0;21;40;21;31;182;29;17;30;19
714.0;19;42;23;33;182;28;16;29;18
720.0;20;41;21;32;184;27;16;31;18
726.0;20;42;21;31;182;29;15;29;21
732.0;20;44;18;33;177;34;16;29;19
738.0;18;44;20;31;177;38;16;30;16
744.0;19;45;19;27;176;36;17;33;18
750.0;20;40;22;28;180;38;14;33;15
756.0;20;40;20;29;178;42;14;30;17
762.0;20;41;18;28;181;42;16;29;15
768.0;21;40;15;29;183;39;18;27;18
774.0;17;40;16;29;183;37;18;32;18
780.0;18;38;15;31;187;35;20;30;16
786.0;17;37;15;30;189;35;23;31;13
792.0;17;37;16;30;187;34;24;29;16
798.0;19;40;13;32;186;34;23;28;15
804.0;19;40;13;35;184;34;22;29;14
810.0;16;41;14;36;185;31;22;31;14
816.0;20;43;15;34;180;29;25;29;15
822.0;17;48;13;34;180;27;24;29;18
828.0;17;51;13;34;177;25;28;28;17
834.0;21;48;13;30;176;26;26;30;20
840.0;22;50;10;31;173;26;27;29;22
846.0;23;51;10;28;174;26;27;29;22
852.0;24;49;9;29;173;26;25;31;24
858.0;18;53;9;29;173;27;24;34;23
864.0;15;59;10;28;174;26;24;34;20
870.0;15;57;11;29;175;27;24;32;20
876.0;18;53;13;27;173;29;25;33;19
882.0;16;54;14;31;172;28;23;33;19
888.0;15;55;15;33;169;28;24;32;19
894.0;16;56;13;35;170;29;21;30;20
900.0;17;57;12;35;169;32;20;27;21
906.0;18;57;16;35;168;32;17;27;20
912.0;22;52;18;32;166;34;18;28;20
918.0;18;52;17;33;168;34;20;30;18
924.0;20;50;16;33;173;35;17;27;19
930.0;21;47;17;32;174;37;19;28;15
936.0;22;44;19;32;174;35;20;28;16
942.0;17;46;20;33;174;37;16;30;17
948.0;17;50;20;33;173;37;17;27;16
954.0;18;50;20;32;169;36;20;29;16
960.0;19;48;21;33;170;37;19;31;12
966.0;17;47;18;34;170;38;18;36;12
972.0;17;47;20;34;169;40;18;31;14
978.0;17;45;22;35;168;42;16;31;14
984.0;17;44;22;33;169;43;16;32;14
990.0;17;43;19;34;170;42;19;31;15
996.0;15;44;19;36;169;40;18;34;15
1002.0;16;44;17;35;170;42;17;33;16
1008.0;15;41;15;35;171;42;18;35;18
1014.0;16;40;16;34;171;43;19;34;17
1020.0;16;42;17;34;169;43;18;33;18
1026.0;18;43;18;32;169;41;20;31;18
1032.0;19;44;14;34;168;40;22;29;20
1038.0;20;45;14;32;166;42;21;30;20
1044.0;22;44;14;32;169;36;22;31;20
1050.0;22;44;15;31;168;37;23;32;18
1056.0;23;45;17;31;166;35;22;33;18
1062.0;22;42;17;36;167;34;21;33;18
1068.0;22;41;18;36;168;34;18;34;19
1074.0;20;42;16;37;171;40;14;31;19
1080.0;22;41;18;39;168;41;13;30;18
1086.0;20;40;18;41;168;40;16;30;17
1092.0;20;39;20;42;165;38;18;30;18
1098.0;21;38;21;41;164;38;20;29;18
1104.0;21;39;20;42;164;37;19;30;18
1110.0;21;39;22;40;166;37;22;28;15
1116.0;21;35;25;39;166;39;22;27;16
1122.0;18;32;26;40;167;39;24;29;15
1128.0;19;34;29;40;164;39;20;30;15
1134.0;20;35;27;41;168;36;18;29;16
1140.0;20;35;26;41;168;37;19;29;15
1146.0;19;34;27;44;166;35;19;33;13
1152.0;17;35;25;44;167;37;21;34;10
1158.0;18;36;24;45;168;36;20;33;10
1164.0;17;36;22;45;169;38;20;33;10
1170.0;17;37;24;45;169;37;17;33;11
1176.0;20;33;24;42;164;37;18;37;15
1182.0;21;29;24;43;162;37;19;37;18
1188.0;20;29;27;39;162;37;21;36;19
1194.0;17;30;27;43;162;37;18;40;16
1200.0;17;31;26;44;162;36;18;42;14
1206.0;15;34;26;41;163;37;20;41;13
1212.0;16;33;21;42;159;39;21;42;17
1218.0;21;33;19;41;157;40;22;41;16
1224.0;23;33;20;42;157;37;21;40;17
1230.0;26;35;18;44;156;33;20;40;18
1236.0;23;37;21;43;156;36;18;37;19
1242.0;23;40;20;42;158;37;17;36;17
1248.0;22;38;22;44;157;37;17;34;19
1254.0;20;36;24;45;157;37;16;36;19
1260.0;20;40;21;47;156;37;14;36;19
1266.0;20;42;22;47;156;36;13;35;19
1272.0;20;43;20;47;154;37;16;34;19
1278.0;19;44;20;47;153;38;15;33;21
1284.0;18;44;18;47;153;36;16;36;22
1290.0;17;44;17;48;155;32;17;39;21
1296.0;15;43;17;47;156;35;18;42;17
1302.0;16;43;17;46;155;35;19;42;17
1308.0;19;41;15;45;153;36;22;42;17
1314.0;18;43;14;45;154;34;23;42;17
1320.0;17;42;14;46;156;37;19;42;17
1326.0;14;40;17;47;158;36;21;41;16
1332.0;12;39;18;47;160;39;20;40;15
1338.0;14;42;20;44;159;39;20;37;15
1344.0;17;44;21;41;157;36;20;37;17
1350.0;17;41;20;43;160;38;19;36;16
1356.0;16;44;18;45;160;38;19;37;13
1362.0;15;43;16;50;158;39;16;40;13
1368.0;15;41;17;49;159;38;17;41;13
1374.0;17;42;16;47;163;34;17;40;14
1380.0;16;43;22;45;163;36;18;33;14
1386.0;18;41;22;45;164;36;18;34;12
1392.0;18;43;22;45;163;35;20;32;12
1398.0;18;42;20;44;166;35;19;33;13
1404.0;15;42;19;44;167;37;21;35;10
1410.0;21;38;16;41;168;37;20;36;13
1416.0;21;38;15;42;166;39;20;38;11
1422.0;21;37;17;43;164;39;20;36;13
1428.0;21;35;22;40;166;36;18;36;16
1434.0;19;38;22;41;166;35;14;38;17
1440.0;19;40;17;40;166;37;16;37;18
1446.0;18;41;17;40;166;37;15;38;18
1452.0;16;38;19;40;163;39;16;39;20
1458.0;17;41;17;40;163;37;16;37;22
1464.0;16;41;19;41;164;35;17;36;21
1470.0;17;39;17;40;165;37;19;34;22
1476.0;19;36;16;40;166;36;19;36;22
1482.0;18;37;21;38;165;32;22;33;24
1488.0;17;36;20;39;171;33;22;33;19
1494.0;16;38;17;40;171;35;21;35;17
1500.0;16;39;18;38;171;34;22;36;16
1506.0;16;37;18;34;169;38;23;35;20
1512.0;15;37;20;34;167;39;23;36;19
1518.0;13;39;19;35;169;38;24;34;19
1524.0;11;39;19;33;171;37;24;34;22
1530.0;11;37;22;32;175;38;22;31;22
1536.0;8;38;20;34;175;38;22;33;22
1542.0;11;35;20;32;177;38;20;35;22
1548.0;12;39;18;31;175;37;21;35;22
1554.0;14;38;18;30;173;37;21;38;21
1560.0;16;40;18;29;170;38;19;39;21
1566.0;18;37;17;28;170;36;23;41;20
1572.0;20;34;16;30;171;34;22;41;22
1578.0;21;36;17;32;172;33;20;39;20
1584.0;19;33;17;34;173;34;17;40;23
1590.0;17;34;15;34;175;34;17;40;24
1596.0;15;37;17;34;175;33;17;37;25
1602.0;15;37;15;32;174;35;19;38;25
1608.0;17;34;16;33;175;36;18;36;25
1614.0;18;32;18;34;175;36;20;35;22
1620.0;18;33;14;37;176;32;18;35;27
1626.0;18;32;14;40;175;33;20;33;25
1632.0;21;32;13;42;175;32;18;36;21
1638.0;19;33;10;49;174;30;18;35;22
1644.0;20;32;10;48;173;31;18;37;21
1650.0;22;31;10;49;172;30;18;37;21
1656.0;22;32;11;48;172;29;17;37;22
1662.0;23;32;14;46;174;30;17;35;19
1668.0;19;37;14;46;171;31;16;36;20
1674.0;19;36;13;45;171;35;15;36;20
1680.0;18;35;16;43;171;34;14;39;20
1686.0;19;33;14;42;169;38;14;38;23
1692.0;19;32;16;42;169;39;14;36;23
1698.0;14;35;13;43;172;40;13;37;23
1704.0;15;34;13;41;172;38;12;40;25
1710.0;17;37;13;40;168;37;13;40;25
1716.0;17;36;15;40;168;36;15;38;25
1722.0;19;40;11;36;169;35;16;37;27
1728.0;18;39;9;35;171;36;17;37;28
1734.0;19;38;9;35;173;39;16;37;24
1740.0;21;41;6;37;177;37;15;34;22
1746.0;22;45;5;38;173;39;16;31;21
1752.0;23;44;6;39;172;38;14;31;23
1758.0;20;46;8;40;174;37;12;27;26
1764.0;19;42;9;40;174;38;12;32;24
1770.0;22;40;10;39;173;36;13;33;24
1776.0;19;40;11;36;176;37;14;32;25
1782.0;20;40;10;37;173;37;16;30;27
1788.0;16;40;9;36;174;39;18;33;25
1794.0;16;39;10;37;175;40;21;29;23
