#auto generated file!
12.0;15;17;17;12;18;13;19;24;15
18.0;14;20;17;12;20;14;14;23;16
24.0;12;22;19;11;20;14;14;22;16
30.0;9;20;17;12;22;17;14;21;18
36.0;9;19;17;13;22;19;13;21;17
42.0;8;20;17;13;24;19;12;22;15
48.0;7;17;17;14;25;19;13;22;16
54.0;8;16;18;10;27;20;11;23;17
60.0;8;15;18;9;28;19;11;24;18
66.0;9;17;17;8;29;17;11;23;19
72.0;12;17;15;7;30;17;12;23;17
78.0;12;17;14;9;30;15;12;25;16
84.0;13;15;13;10;31;16;12;24;16
90.0;14;17;13;9;31;14;11;25;16
96.0;12;17;15;11;32;14;9;25;15
102.0;13;15;13;13;31;14;11;26;14
108.0;14;16;12;15;32;15;9;22;15
114.0;12;15;11;16;33;16;9;21;17
120.0;13;14;10;16;34;17;9;19;18
126.0;13;14;12;14;33;21;8;18;17
132.0;11;15;9;16;32;22;9;19;17
138.0;9;16;11;18;33;20;9;20;14
144.0;7;16;10;20;36;18;10;19;14
150.0;8;18;10;20;36;17;9;19;13
156.0;7;20;9;21;37;18;7;20;11
162.0;8;21;8;21;37;16;7;21;11
168.0;11;19;9;21;37;18;6;20;9
174.0;8;20;9;20;36;18;7;19;13
180.0;8;22;9;20;38;16;8;18;11
186.0;7;22;8;21;36;16;8;19;13
192.0;9;21;8;20;36;13;10;19;14
198.0;9;21;8;19;36;14;11;20;12
204.0;8;19;9;19;37;13;12;22;11
210.0;9;21;8;17;39;14;13;22;7
216.0;9;18;8;17;41;15;13;22;7
222.0;10;17;7;19;41;18;10;21;7
228.0;10;17;7;18;41;18;11;20;8
234.0;12;19;8;13;44;17;9;20;8
240.0;11;20;7;12;44;16;10;21;9
246.0;11;20;8;12;43;15;10;23;8
252.0;11;20;7;10;43;17;11;21;10
258.0;11;21;9;9;44;19;12;17;8
264.0;9;21;13;9;45;19;8;19;7
270.0;8;20;14;10;46;17;10;18;7
276.0;6;20;13;10;45;20;10;19;7
282.0;6;20;13;9;47;19;8;20;8
288.0;6;21;11;10;47;20;8;19;8
294.0;6;22;10;9;48;20;7;19;9
300.0;9;21;9;10;47;18;8;19;9
306.0;8;23;8;9;49;19;8;18;8
312.0;8;23;7;10;49;20;9;17;7
318.0;7;23;9;13;48;19;9;17;5
324.0;8;22;8;13;49;17;7;20;6
330.0;12;23;8;13;49;17;4;17;7
336.0;12;24;8;11;49;18;5;17;6
342.0;12;22;9;12;49;16;5;17;8
348.0;11;22;8;11;48;18;6;17;9
354.0;8;22;9;11;48;16;6;19;11
360.0;8;23;9;10;48;16;6;18;12
366.0;6;23;11;10;48;15;6;18;13
372.0;5;25;10;9;48;15;5;19;14
378.0;4;24;10;9;49;16;5;19;14
384.0;6;23;8;9;50;16;4;19;15
390.0;6;21;8;9;52;16;3;20;15
396.0;7;19;8;8;51;16;4;21;16
402.0;9;18;8;9;51;17;4;20;14
408.0;9;17;8;8;51;16;4;21;16
414.0;9;17;7;8;52;14;5;22;16
420.0;7;18;7;8;51;14;7;23;15
426.0;6;18;5;10;52;16;7;24;12
432.0;7;18;4;12;50;17;8;23;11
438.0;7;20;4;11;51;17;7;21;12
444.0;8;20;4;12;52;15;7;21;11
450.0;8;20;4;12;52;15;9;20;10
456.0;9;20;7;10;53;16;8;18;9
462.0;8;21;8;10;53;16;9;17;8
468.0;7;24;7;9;53;16;8;18;8
474.0;8;23;9;8;53;16;6;18;9
480.0;7;24;8;8;52;18;5;20;8
486.0;7;24;8;9;51;18;4;21;8
492.0;7;25;7;8;52;17;6;20;8
498.0;7;27;6;10;51;17;7;17;8
504.0;7;26;7;10;49;18;6;18;9
510.0;8;26;7;12;49;17;4;18;9
516.0;11;25;7;13;48;17;4;17;8
522.0;9;23;7;13;48;18;5;17;10
528.0;9;23;8;13;48;17;4;17;11
534.0;8;23;8;12;48;18;5;17;11
540.0;10;21;6;10;48;17;10;18;10
546.0;10;22;6;12;49;16;10;16;9
552.0;9;21;8;12;52;15;9;15;9
558.0;9;19;9;13;53;16;8;16;7
564.0;9;19;10;11;54;16;7;17;7
570.0;9;19;8;13;53;15;8;18;7
576.0;8;20;8;13;53;18;8;17;5
582.0;8;20;7;12;55;18;8;17;5
588.0;9;20;7;12;55;17;8;17;5
594.0;10;19;6;13;54;17;8;17;6
600.0;7;18;8;13;54;18;8;17;7
606.0;7;20;7;13;54;17;8;17;7
612.0;8;20;7;13;52;19;8;15;8
618.0;9;19;8;14;52;18;9;15;6
624.0;8;18;7;14;53;19;8;16;7
630.0;9;18;7;14;55;18;8;14;7
636.0;10;20;7;12;56;18;7;13;7
642.0;7;19;9;12;56;18;7;14;8
648.0;8;18;8;13;57;18;7;14;7
654.0;6;20;8;12;57;17;8;14;8
660.0;6;20;6;13;56;18;10;12;9
666.0;6;21;5;13;56;18;10;12;9
672.0;7;21;5;11;56;17;10;12;11
678.0;7;21;5;12;57;17;11;10;10
684.0;6;21;5;12;59;17;10;11;9
690.0;4;21;6;12;59;18;10;10;10
696.0;6;20;5;12;60;18;11;10;8
702.0;6;21;4;12;60;20;9;11;7
708.0;6;22;3;13;61;21;7;11;6
714.0;5;22;3;13;63;24;6;9;5
720.0;6;22;3;12;62;23;5;10;7
726.0;7;23;4;10;62;24;5;10;5
732.0;6;23;4;10;62;22;5;10;8
738.0;5;22;4;11;64;21;5;9;9
744.0;6;24;5;11;65;20;5;6;8
750.0;7;25;5;11;67;17;4;6;8
756.0;5;23;7;9;68;15;4;9;10
762.0;5;24;7;9;71;14;5;8;7
768.0;4;26;6;8;71;16;6;7;6
774.0;3;26;8;7;69;17;6;8;6
780.0;3;26;6;9;69;14;8;9;6
786.0;4;23;7;9;68;13;9;9;8
792.0;3;23;9;9;69;12;8;9;8
798.0;4;23;10;9;70;11;6;9;8
804.0;4;23;11;9;71;13;5;6;8
810.0;4;24;8;10;71;12;5;8;8
816.0;4;24;10;10;71;11;5;7;8
822.0;4;25;9;10;71;11;4;7;9
828.0;6;22;9;11;72;11;4;7;8
834.0;5;20;9;11;71;13;5;7;9
840.0;5;20;10;11;70;14;5;6;9
846.0;6;21;10;10;70;14;5;6;8
852.0;8;22;9;11;70;12;5;6;7
858.0;8;25;10;11;69;10;5;6;6
864.0;6;24;10;11;70;12;5;6;6
870.0;5;25;10;11;70;13;5;6;5
876.0;6;24;10;12;68;14;4;8;4
882.0;8;23;10;14;66;14;4;6;5
888.0;8;23;11;14;66;14;4;6;4
894.0;8;21;10;14;68;14;2;6;7
900.0;8;23;8;14;68;15;2;5;7
906.0;8;23;8;13;69;13;3;6;7
912.0;7;23;8;13;69;13;3;7;7
918.0;8;25;5;11;68;11;4;10;8
924.0;8;26;5;10;69;9;5;11;7
930.0;8;24;4;10;70;12;5;10;7
936.0;8;22;6;11;70;12;5;11;5
942.0;8;22;5;10;70;13;6;12;4
948.0;6;23;4;11;71;15;7;9;4
954.0;6;21;4;11;74;17;6;8;3
960.0;5;22;4;10;74;17;5;10;3
966.0;4;22;5;9;75;18;6;7;4
972.0;5;23;6;8;76;13;6;9;4
978.0;5;21;7;10;76;13;6;8;4
984.0;5;21;8;10;75;13;7;7;4
990.0;5;21;8;11;75;13;6;8;3
996.0;5;21;8;11;75;11;6;8;5
1002.0;4;20;8;10;77;11;6;8;6
1008.0;4;20;8;10;75;11;7;9;6
1014.0;6;17;8;11;72;12;7;10;7
1020.0;6;17;9;11;72;11;6;11;7
1026.0;6;16;9;13;71;13;6;10;6
1032.0;5;13;10;13;72;13;6;10;8
1038.0;5;13;11;13;73;13;6;8;8
1044.0;6;14;12;12;73;13;5;6;9
1050.0;6;13;10;15;72;13;5;8;8
1056.0;5;12;10;15;74;12;5;9;8
1062.0;5;13;11;14;74;12;4;9;8
1068.0;4;12;11;13;74;14;5;10;7
1074.0;3;10;13;13;74;14;5;12;6
1080.0;4;9;14;12;75;16;2;12;6
1086.0;5;9;14;14;74;16;2;9;7
1092.0;7;9;16;13;74;14;2;9;6
1098.0;6;8;13;13;79;14;2;9;6
1104.0;5;8;14;13;80;13;2;9;6
1110.0;6;8;12;13;80;13;2;9;7
1116.0;6;10;10;13;79;13;2;10;7
1122.0;6;11;13;12;77;13;2;10;6
1128.0;5;12;12;12;78;11;4;9;7
1134.0;3;12;11;12;78;10;5;10;9
1140.0;3;11;10;12;77;10;6;11;10
1146.0;4;13;10;13;76;10;6;9;9
1152.0;4;13;10;13;77;10;6;8;9
1158.0;5;12;12;11;76;9;9;7;9
1164.0;5;12;11;10;75;10;9;8;10
1170.0;5;14;11;11;75;10;8;6;10
1176.0;5;13;11;11;76;10;7;7;10
1182.0;6;13;12;10;75;9;7;8;10
1188.0;5;12;12;10;77;9;5;10;10
1194.0;5;11;14;10;78;9;4;10;9
1200.0;5;11;11;11;79;9;7;9;8
1206.0;5;11;11;11;80;8;7;10;7
1212.0;4;10;11;12;82;6;8;10;7
1218.0;4;11;11;12;80;6;9;11;6
1224.0;5;12;11;11;79;5;10;13;4
1230.0;6;12;11;11;79;6;10;12;3
1236.0;7;12;10;11;80;6;10;12;2
1242.0;8;13;10;10;79;6;10;12;2
1248.0;8;13;11;10;79;7;9;11;2
1254.0;9;12;12;10;77;7;8;11;4
1260.0;9;12;11;9;77;6;9;13;4
1266.0;9;12;10;8;77;6;10;14;4
1272.0;9;13;9;8;77;6;10;15;3
1278.0;9;14;9;8;77;5;8;16;4
1284.0;10;13;9;8;77;6;8;15;4
1290.0;12;11;9;11;78;5;8;14;2
1296.0;11;11;9;11;78;6;8;14;2
1302.0;9;11;7;11;77;11;7;13;4
1308.0;9;12;7;12;77;12;4;12;5
1314.0;6;15;9;10;79;12;4;11;4
1320.0;5;17;9;10;78;11;4;11;5
1326.0;6;18;10;9;77;11;4;9;6
1332.0;5;17;10;8;78;12;4;10;6
1338.0;6;17;9;8;78;12;4;10;6
1344.0;6;18;9;6;78;14;4;10;5
1350.0;5;19;8;8;77;15;3;10;5
1356.0;4;19;9;6;77;16;4;10;5
1362.0;5;19;9;5;76;17;4;10;5
1368.0;4;19;9;5;76;18;4;9;6
1374.0;4;17;7;6;76;19;5;11;5
1380.0;4;17;8;7;74;17;5;11;7
1386.0;3;16;8;8;74;17;5;10;9
1392.0;2;16;9;7;73;17;5;12;9
1398.0;3;16;10;5;74;16;5;12;9
1404.0;3;17;10;5;73;15;4;14;9
1410.0;4;17;9;6;73;15;4;13;9
1416.0;4;16;9;7;73;15;4;13;9
1422.0;4;15;9;8;74;16;3;12;9
1428.0;4;15;9;8;74;16;3;12;9
1434.0;5;14;10;8;75;16;3;10;9
1440.0;4;15;10;8;75;15;3;12;8
1446.0;3;15;9;8;75;16;5;11;8
1452.0;3;14;10;10;77;15;4;9;8
1458.0;3;16;9;12;76;17;3;9;5
1464.0;3;15;8;12;78;17;2;10;5
1470.0;4;16;8;14;79;14;2;8;5
1476.0;4;15;7;15;78;16;1;10;4
1482.0;5;15;8;14;78;16;1;9;4
1488.0;6;14;6;14;80;16;1;10;3
1494.0;7;14;8;14;79;14;1;9;4
1500.0;6;14;10;15;77;15;1;9;3
1506.0;5;14;12;15;77;14;1;9;3
1512.0;4;14;11;15;78;15;1;9;3
1518.0;6;13;11;16;78;15;0;8;3
1524.0;5;14;10;14;77;17;1;7;5
1530.0;4;14;10;14;76;14;2;8;8
1536.0;3;15;11;15;73;14;2;9;8
1542.0;1;15;8;16;74;15;3;9;9
1548.0;1;16;7;16;73;16;3;8;10
1554.0;1;16;7;17;72;17;2;9;9
1560.0;1;17;7;16;72;17;2;9;9
1566.0;1;18;7;16;73;15;2;9;9
1572.0;1;17;7;16;73;16;1;9;10
1578.0;1;17;7;15;74;16;1;9;10
1584.0;1;17;6;15;74;16;2;10;9
1590.0;1;17;6;15;74;15;2;10;10
1596.0;3;16;7;15;74;13;3;10;9
1602.0;3;16;7;15;74;13;3;10;9
1608.0;5;16;7;16;76;13;3;9;5
1614.0;5;16;7;14;77;14;5;8;4
1620.0;6;17;7;15;76;11;6;9;3
1626.0;6;17;7;15;75;11;6;9;4
1632.0;6;18;8;15;73;13;5;7;5
1638.0;6;18;9;14;73;13;5;8;4
1644.0;6;19;9;13;73;13;5;8;4
1650.0;6;19;8;13;73;13;6;7;5
1656.0;7;19;7;12;75;12;5;9;4
1662.0;6;20;5;14;75;12;4;10;4
1668.0;5;20;5;15;75;12;5;10;3
1674.0;7;22;5;14;74;14;4;9;1
1680.0;9;20;5;14;72;13;4;10;3
1686.0;7;21;6;14;72;13;4;10;3
1692.0;6;22;6;14;71;13;4;10;4
1698.0;5;20;6;14;72;13;6;10;4
1704.0;6;19;5;14;74;13;4;10;5
1710.0;4;21;5;11;75;13;5;11;5
1716.0;4;21;5;12;75;14;5;10;4
1722.0;3;19;4;13;74;13;8;11;5
1728.0;3;20;6;12;72;11;7;11;8
1734.0;4;21;4;11;73;11;9;10;7
1740.0;5;18;4;10;74;12;6;13;8
1746.0;5;18;5;10;74;11;6;12;9
1752.0;4;16;5;11;74;13;6;11;10
1758.0;6;17;5;11;71;14;7;11;8
1764.0;5;17;6;12;72;13;7;10;8
1770.0;4;15;8;13;72;12;7;13;6
1776.0;3;13;7;12;72;14;8;15;6
1782.0;4;13;7;11;72;15;7;14;7
1788.0;4;11;7;11;73;15;6;15;8
1794.0;4;12;4;11;73;15;7;15;9
