#auto generated file!
12.0;34;32;46;44;36;53;43;40;42
18.0;35;35;44;43;38;49;47;41;38
24.0;34;41;42;43;39;48;44;41;38
30.0;34;41;44;42;40;46;44;42;37
36.0;31;40;42;42;41;50;46;41;37
42.0;31;40;42;44;46;49;43;45;30
48.0;30;42;41;45;46;48;44;43;31
54.0;29;47;40;51;47;48;40;41;27
60.0;29;49;43;52;49;46;38;40;24
66.0;29;49;48;50;50;46;33;39;26
72.0;28;51;43;50;50;48;32;37;31
78.0;26;49;45;53;53;44;34;36;30
84.0;27;49;44;51;53;43;33;40;30
90.0;30;49;40;55;56;41;30;41;28
96.0;28;47;40;55;57;42;28;46;27
102.0;27;51;36;54;57;42;27;46;30
108.0;23;54;33;54;58;46;26;46;30
114.0;26;55;34;52;62;47;24;46;24
120.0;28;57;30;49;65;51;23;45;22
126.0;27;56;33;48;69;53;20;42;22
132.0;29;52;34;50;68;51;18;44;24
138.0;28;51;32;47;75;50;19;45;23
144.0;27;51;33;47;75;54;17;45;21
150.0;26;49;30;49;79;56;15;45;21
156.0;26;50;28;50;80;56;17;43;20
162.0;21;50;26;53;82;55;20;47;16
168.0;20;54;29;50;84;54;17;45;17
174.0;22;53;32;50;83;54;17;44;15
180.0;25;56;34;44;86;52;16;42;15
186.0;22;58;32;44;89;52;18;38;17
192.0;22;58;30;45;90;54;19;36;16
198.0;22;59;30;46;89;54;17;35;18
204.0;22;60;29;48;89;53;18;34;17
210.0;23;60;27;48;92;55;17;32;16
216.0;23;57;26;48;96;52;17;34;17
222.0;24;54;26;51;96;51;16;36;16
228.0;23;50;23;54;98;50;19;32;21
234.0;21;52;22;50;99;52;16;34;24
240.0;20;47;24;50;100;51;19;37;22
246.0;20;46;23;51;100;51;20;36;23
252.0;21;48;21;51;102;50;18;35;24
258.0;18;51;23;49;100;51;19;37;22
264.0;20;52;22;47;103;48;20;37;21
270.0;18;51;23;47;104;50;21;36;20
276.0;14;55;27;45;107;48;21;36;17
282.0;18;52;22;48;113;46;17;37;17
288.0;16;47;24;46;115;43;21;38;20
294.0;17;46;23;47;115;44;19;37;22
300.0;15;46;21;48;119;42;18;39;22
306.0;15;48;19;50;118;42;19;39;20
312.0;18;47;17;53;119;40;20;35;21
318.0;19;46;17;50;120;39;22;33;24
324.0;22;45;19;46;120;38;27;34;19
330.0;21;48;17;47;122;39;24;34;18
336.0;23;48;15;46;123;39;22;37;17
342.0;25;49;14;46;120;36;21;42;17
348.0;23;47;14;48;125;35;18;42;18
354.0;21;45;16;50;126;36;15;41;20
360.0;23;45;17;48;127;36;13;40;21
366.0;25;49;15;47;127;35;10;42;20
372.0;24;48;18;49;129;34;7;43;18
378.0;24;45;18;47;133;34;3;43;23
384.0;24;44;16;47;133;36;5;42;23
390.0;23;44;19;48;133;35;6;41;21
396.0;20;45;20;45;133;36;9;40;22
402.0;20;42;22;43;134;37;8;42;22
408.0;20;43;22;44;135;34;7;45;20
414.0;20;42;21;44;137;34;6;45;21
420.0;22;41;23;42;137;36;7;43;19
426.0;23;42;20;42;137;35;9;46;16
432.0;21;41;19;42;134;36;10;46;21
438.0;20;44;23;42;133;32;11;44;21
444.0;20;40;24;44;136;31;11;44;20
450.0;20;39;22;44;135;32;11;45;22
456.0;22;40;21;40;138;33;9;44;23
462.0;23;41;20;42;137;35;8;44;20
468.0;22;39;19;41;138;37;10;44;20
474.0;23;40;17;38;138;37;10;46;21
480.0;20;41;16;37;141;36;9;49;21
486.0;18;42;16;37;142;38;10;47;20
492.0;18;44;16;36;142;36;10;48;20
498.0;15;43;15;35;142;37;12;49;22
504.0;15;41;15;33;144;37;12;51;22
510.0;15;42;15;33;145;35;12;50;23
516.0;16;40;12;33;145;38;12;51;23
522.0;14;40;12;32;148;36;12;54;22
528.0;14;42;12;31;149;37;13;53;19
534.0;15;42;15;31;147;37;12;51;20
540.0;15;42;16;31;147;36;12;51;20
546.0;14;42;17;30;147;36;14;48;22
552.0;15;39;17;31;147;36;17;48;20
558.0;12;38;19;28;150;35;17;48;23
564.0;12;35;20;30;152;36;18;45;22
570.0;13;35;21;29;155;36;18;43;20
576.0;14;40;16;29;155;36;18;41;21
582.0;15;37;19;28;155;38;15;40;23
588.0;13;39;20;28;157;39;12;37;25
594.0;15;36;22;26;157;35;12;38;29
600.0;13;35;23;27;158;36;12;35;31
606.0;16;34;22;27;159;36;10;36;30
612.0;17;36;22;27;159;38;11;33;27
618.0;18;34;21;27;159;39;14;30;28
624.0;20;32;21;29;159;39;15;30;25
630.0;19;33;20;27;162;39;16;28;26
636.0;21;34;20;26;161;39;14;30;25
642.0;23;32;19;27;162;38;15;29;25
648.0;20;33;20;25;162;40;17;30;23
654.0;20;32;20;22;164;41;18;30;23
660.0;24;30;18;22;163;41;18;30;24
666.0;25;30;15;21;166;40;18;32;23
672.0;24;28;17;24;165;40;15;35;22
678.0;23;30;15;24;163;42;15;34;24
684.0;24;28;17;26;163;41;14;36;21
690.0;21;29;16;28;163;43;17;33;20
696.0;21;33;13;29;164;43;16;32;19
702.0;20;35;10;28;165;44;17;33;18
708.0;20;35;14;29;166;41;18;30;17
714.0;17;34;14;29;166;44;17;33;16
720.0;21;34;15;30;166;38;17;32;17
726.0;22;39;16;31;166;33;18;32;13
732.0;20;39;15;30;164;34;21;33;14
738.0;20;40;16;31;164;33;22;31;13
744.0;21;43;17;30;161;32;20;34;12
750.0;20;42;15;30;164;30;22;35;12
756.0;19;44;13;29;164;30;23;35;13
762.0;17;44;11;31;167;31;21;35;13
768.0;18;42;14;31;165;35;19;35;11
774.0;20;41;13;30;168;33;20;34;11
780.0;19;40;11;31;168;35;19;34;13
786.0;22;39;12;31;167;34;18;34;13
792.0;19;40;14;30;167;31;23;33;13
798.0;21;42;13;27;166;28;25;37;11
804.0;22;45;9;26;164;29;23;38;14
810.0;18;46;10;29;165;30;23;37;12
816.0;18;44;10;30;166;31;21;37;13
822.0;17;44;8;30;166;30;22;39;14
828.0;16;43;10;30;168;30;21;35;17
834.0;17;44;10;30;168;28;19;35;19
840.0;17;43;11;33;168;28;17;34;19
846.0;17;44;12;32;168;30;15;33;19
852.0;15;46;14;33;168;33;15;32;14
858.0;13;49;12;34;169;34;13;32;14
864.0;13;48;11;36;172;35;11;30;14
870.0;13;45;9;37;170;34;13;36;13
876.0;16;44;10;33;172;32;13;34;16
882.0;13;45;10;38;174;31;11;34;14
888.0;17;47;9;39;173;29;10;32;14
894.0;18;46;8;38;173;29;9;36;13
900.0;20;44;6;40;173;30;10;34;13
906.0;16;45;7;37;173;31;10;36;15
912.0;16;45;7;34;170;34;16;34;14
918.0;16;43;8;32;170;37;16;34;14
924.0;16;41;9;32;172;36;16;36;12
930.0;18;42;6;34;170;35;14;37;14
936.0;18;42;9;32;170;35;14;37;13
942.0;21;38;10;32;169;36;14;38;12
948.0;20;33;13;33;169;34;14;38;16
954.0;20;30;14;34;169;33;14;40;16
960.0;21;30;14;35;169;30;14;40;17
966.0;20;34;13;37;168;27;16;39;16
972.0;20;34;13;38;170;26;13;40;16
978.0;21;34;13;36;168;25;16;42;15
984.0;20;35;10;38;168;30;17;38;14
990.0;21;35;10;39;167;29;20;36;13
996.0;22;32;12;41;166;30;16;37;14
1002.0;19;33;12;42;163;34;16;38;13
1008.0;18;37;11;42;162;31;16;37;16
1014.0;19;38;11;40;163;31;15;38;15
1020.0;18;35;11;40;165;32;13;40;16
1026.0;16;38;12;40;164;32;19;36;13
1032.0;11;40;13;39;163;32;21;37;14
1038.0;10;39;12;36;166;34;21;37;15
1044.0;13;39;12;37;166;34;19;35;15
1050.0;15;41;11;36;167;35;17;32;16
1056.0;13;39;10;36;168;37;19;34;14
1062.0;15;36;10;34;164;40;19;35;17
1068.0;15;36;10;36;164;36;21;33;19
1074.0;11;35;10;32;162;40;22;36;22
1080.0;11;33;12;31;161;41;22;37;22
1086.0;12;35;8;32;163;43;24;35;18
1092.0;18;36;9;34;162;37;24;33;17
1098.0;19;38;8;33;164;37;24;32;15
1104.0;20;38;9;35;166;37;20;32;13
1110.0;17;39;12;31;167;38;21;31;14
1116.0;16;38;16;30;166;38;20;32;14
1122.0;17;38;17;29;168;37;16;35;13
1128.0;13;41;18;29;167;36;16;37;13
1134.0;16;46;16;28;165;36;18;34;11
1140.0;12;45;13;28;169;38;18;33;14
1146.0;14;44;11;28;172;38;18;33;12
1152.0;14;43;10;29;171;39;20;31;13
1158.0;14;41;9;30;170;42;23;30;11
1164.0;14;39;12;31;170;41;22;30;11
1170.0;16;38;16;28;172;38;21;30;11
1176.0;17;38;14;28;173;39;20;31;10
1182.0;18;38;15;27;171;39;21;31;10
1188.0;16;38;16;28;172;40;19;31;10
1194.0;17;38;16;25;173;41;17;32;11
1200.0;20;36;14;24;173;41;17;34;11
1206.0;22;37;15;25;173;40;16;32;10
1212.0;23;36;14;25;174;40;15;31;12
1218.0;22;33;15;27;174;40;15;31;13
1224.0;18;33;17;29;174;43;13;30;13
1230.0;15;33;18;31;174;43;12;32;12
1236.0;14;32;17;30;176;44;12;31;14
1242.0;18;32;17;29;177;45;12;29;11
1248.0;17;32;18;30;173;43;15;30;12
1254.0;20;29;19;28;175;42;15;30;12
1260.0;21;33;16;28;175;44;14;28;11
1266.0;20;32;17;28;175;44;15;29;10
1272.0;23;35;19;26;173;41;15;26;12
1278.0;24;35;18;28;172;40;16;25;12
1284.0;21;36;15;31;171;43;19;23;11
1290.0;24;33;16;30;170;44;19;23;11
1296.0;28;31;16;31;169;42;18;23;12
1302.0;28;34;15;35;166;40;19;23;10
1308.0;26;32;18;32;165;42;16;27;12
1314.0;25;33;17;31;166;43;16;27;12
1320.0;26;32;17;32;163;42;14;27;17
1326.0;28;30;16;32;162;43;14;25;20
1332.0;26;33;17;32;162;40;14;27;19
1338.0;27;31;17;29;162;42;13;32;17
1344.0;28;32;16;27;163;43;10;33;18
1350.0;28;31;15;28;164;44;10;31;19
1356.0;23;28;17;28;164;49;11;30;20
1362.0;23;29;19;28;163;48;13;31;16
1368.0;24;29;19;29;163;44;12;36;14
1374.0;25;32;19;32;160;42;11;36;13
1380.0;24;29;20;33;161;42;11;38;12
1386.0;23;29;19;36;159;41;11;40;12
1392.0;23;27;21;35;160;41;13;39;11
1398.0;23;28;21;32;159;41;15;40;11
1404.0;24;28;21;28;160;43;15;41;10
1410.0;24;27;21;28;158;43;16;42;11
1416.0;22;27;20;31;158;44;16;39;13
1422.0;20;26;21;28;164;43;15;39;14
1428.0;17;25;20;32;165;42;14;41;14
1434.0;17;26;21;32;167;38;14;44;11
1440.0;19;23;21;33;166;35;15;45;13
1446.0;17;22;20;31;166;38;18;46;12
1452.0;17;24;17;31;167;39;15;50;10
1458.0;22;24;14;33;168;37;14;47;11
1464.0;23;23;16;33;168;35;14;46;12
1470.0;19;26;19;31;167;34;15;46;13
1476.0;17;26;18;30;171;28;18;46;16
1482.0;19;24;16;34;169;30;16;47;15
1488.0;17;26;15;36;168;29;16;48;15
1494.0;17;24;9;38;168;29;17;52;16
1500.0;16;24;9;37;164;32;18;53;17
1506.0;16;26;11;36;165;33;18;51;14
1512.0;16;26;14;37;164;34;16;48;15
1518.0;18;25;12;36;165;35;16;48;15
1524.0;19;24;11;37;163;37;15;47;17
1530.0;15;24;8;39;166;35;17;48;18
1536.0;17;22;8;39;167;34;15;49;19
1542.0;19;21;6;42;168;37;14;44;19
1548.0;19;23;7;42;167;36;14;43;19
1554.0;17;27;5;43;170;37;11;44;16
1560.0;17;30;5;43;171;35;10;43;16
1566.0;18;29;7;40;170;35;12;43;16
1572.0;19;27;11;34;169;33;12;46;19
1578.0;20;27;12;32;169;33;13;46;18
1584.0;18;27;11;36;167;35;16;43;17
1590.0;17;24;11;34;166;37;18;45;18
1596.0;16;26;11;33;167;36;19;44;18
1602.0;17;28;11;32;166;33;21;44;18
1608.0;17;29;10;33;167;31;19;42;22
1614.0;19;30;10;37;167;31;20;37;19
1620.0;19;30;10;39;169;32;19;37;15
1626.0;20;30;10;38;170;33;20;36;13
1632.0;21;27;13;38;168;33;19;37;14
1638.0;20;27;13;38;168;32;18;40;14
1644.0;16;24;14;39;168;34;18;41;16
1650.0;18;22;17;38;169;35;15;40;16
1656.0;21;25;17;36;169;36;16;37;13
1662.0;20;23;17;37;170;35;15;38;15
1668.0;21;25;15;37;169;37;13;38;15
1674.0;21;26;17;35;168;35;16;39;13
1680.0;19;27;14;34;167;37;16;39;17
1686.0;19;29;14;34;164;38;17;38;17
1692.0;21;27;16;33;163;37;18;41;14
1698.0;24;28;17;30;163;38;15;43;12
1704.0;22;31;16;32;162;37;14;42;14
1710.0;22;31;17;30;166;36;16;41;11
1716.0;25;31;18;31;164;32;17;39;13
1722.0;29;32;18;31;164;31;16;37;12
1728.0;26;34;19;33;164;29;15;37;13
1734.0;25;32;18;32;165;30;17;37;14
1740.0;27;30;18;34;164;30;14;38;15
1746.0;30;27;20;37;164;30;14;37;11
1752.0;28;29;21;36;163;29;17;35;12
1758.0;28;32;22;36;161;26;17;35;13
1764.0;30;30;22;33;160;26;18;35;16
1770.0;30;30;21;35;162;25;18;36;13
1776.0;31;28;22;35;164;25;16;35;14
1782.0;25;28;23;33;166;26;17;37;15
1788.0;25;29;23;34;167;27;16;36;13
1794.0;25;25;23;35;165;30;14;36;17
