#auto generated file!
12.0;15;9;11;17;12;14;13;10;9
18.0;12;9;10;18;13;15;14;10;9
24.0;11;11;9;16;14;14;15;10;10
30.0;12;11;9;15;14;14;15;10;10
36.0;10;11;9;15;13;16;12;11;13
42.0;8;11;10;15;14;16;12;10;14
48.0;7;11;10;15;15;17;13;10;12
54.0;7;11;10;15;15;18;13;9;12
60.0;6;11;10;18;14;19;11;9;12
66.0;7;12;9;16;14;21;11;8;12
72.0;7;11;8;17;15;22;10;9;11
78.0;7;9;7;18;17;22;10;13;7
84.0;10;10;6;16;18;21;9;13;7
90.0;11;10;7;16;18;19;9;13;7
96.0;10;9;9;17;18;19;8;13;7
102.0;8;7;12;17;19;18;10;13;6
108.0;8;6;13;15;19;19;9;15;6
114.0;8;6;14;14;21;17;9;16;5
120.0;9;6;12;14;21;18;9;16;5
126.0;8;7;10;16;21;19;9;16;4
132.0;6;7;10;17;21;19;9;16;5
138.0;5;7;9;16;21;19;10;15;8
144.0;5;7;9;16;21;19;8;16;9
150.0;4;8;10;16;23;16;8;16;9
156.0;4;8;10;18;25;16;7;13;9
162.0;9;8;8;18;26;15;5;13;8
168.0;9;8;8;18;26;15;6;11;9
174.0;8;8;9;17;28;14;6;12;8
180.0;8;9;8;16;29;15;6;12;7
186.0;6;11;9;15;31;14;6;11;7
192.0;5;12;9;15;30;15;6;10;8
198.0;6;13;7;17;30;14;6;9;8
204.0;5;13;8;13;31;13;8;11;8
210.0;6;11;9;12;30;14;7;11;10
216.0;6;12;9;11;29;14;7;12;10
222.0;6;11;10;12;32;14;6;11;8
228.0;8;13;10;10;32;13;6;10;8
234.0;9;12;12;10;32;11;6;10;8
240.0;10;12;12;11;32;10;6;11;6
246.0;9;12;11;11;32;10;9;11;5
252.0;8;13;12;10;31;10;10;10;6
258.0;9;11;14;11;31;8;8;12;6
264.0;8;12;15;10;32;8;7;12;6
270.0;7;12;15;10;32;9;7;12;6
276.0;7;12;14;10;32;9;8;12;6
282.0;7;13;13;10;32;8;8;12;7
288.0;7;11;14;11;32;8;6;14;7
294.0;7;12;13;9;33;10;6;13;7
300.0;6;12;14;9;33;8;6;14;8
306.0;7;11;14;8;33;8;7;14;8
312.0;7;12;12;8;33;9;7;15;7
318.0;5;13;8;10;34;10;7;15;8
324.0;5;13;7;8;36;10;7;15;9
330.0;5;15;8;8;36;11;6;13;8
336.0;5;18;5;9;36;9;7;14;7
342.0;6;17;5;9;37;10;6;14;6
348.0;7;17;5;8;37;11;5;15;5
354.0;8;17;4;7;37;12;5;13;7
360.0;8;17;5;6;37;13;4;13;7
366.0;8;16;6;5;40;11;4;12;8
372.0;7;14;5;5;41;11;5;13;9
378.0;7;12;6;6;42;10;5;14;8
384.0;7;13;6;6;42;9;6;13;8
390.0;8;14;4;8;42;10;6;12;6
396.0;5;14;5;9;43;9;8;12;5
402.0;5;15;6;9;42;10;6;12;5
408.0;7;14;4;11;42;10;6;11;5
414.0;7;12;4;13;42;11;5;11;5
420.0;7;11;2;15;42;12;6;11;4
426.0;5;11;2;15;42;11;7;11;6
432.0;6;11;2;16;42;10;7;10;6
438.0;5;11;3;16;42;9;8;9;7
444.0;5;11;1;16;42;9;9;9;8
450.0;5;12;2;15;42;9;8;8;9
456.0;5;11;3;17;42;9;8;8;7
462.0;5;11;2;17;42;9;8;10;6
468.0;3;9;5;16;41;9;8;10;9
474.0;2;8;5;17;40;10;8;10;10
480.0;2;9;4;16;40;10;11;10;8
486.0;2;8;4;15;41;11;12;10;7
492.0;2;8;3;16;42;10;11;11;7
498.0;3;11;3;15;40;12;10;10;6
504.0;3;11;3;14;40;12;11;10;6
510.0;3;11;3;15;40;11;9;11;7
516.0;3;11;4;14;39;10;9;12;8
522.0;4;14;3;12;38;12;9;12;6
528.0;5;15;1;12;38;13;9;12;5
534.0;6;15;1;12;38;12;8;12;6
540.0;5;16;0;11;38;12;7;13;8
546.0;4;15;0;9;39;14;8;13;8
552.0;3;17;0;10;38;12;9;13;8
558.0;7;15;0;9;39;14;8;11;7
564.0;8;13;0;13;40;14;6;10;6
570.0;8;13;0;13;40;13;6;10;7
576.0;7;13;1;13;39;13;7;11;6
582.0;5;13;1;13;40;13;7;12;6
588.0;5;13;2;14;40;12;7;11;6
594.0;4;12;2;14;40;14;8;12;4
600.0;1;14;5;12;40;15;8;12;3
606.0;2;14;5;11;40;13;9;13;3
612.0;2;14;5;13;40;12;10;13;1
618.0;5;13;6;12;38;12;10;13;1
624.0;6;14;5;11;37;13;8;14;2
630.0;6;16;4;10;37;12;8;14;3
636.0;4;16;4;10;37;12;8;15;4
642.0;4;14;5;11;37;12;6;16;5
648.0;3;13;5;12;37;11;7;16;6
654.0;4;12;5;13;37;11;7;16;5
660.0;3;11;6;14;38;12;6;16;4
666.0;4;10;6;14;38;10;4;16;8
672.0;3;10;6;13;39;10;6;16;7
678.0;4;10;7;13;39;10;5;16;6
684.0;6;9;7;13;39;10;5;17;4
690.0;5;11;6;13;40;10;6;16;3
696.0;5;11;6;13;40;8;6;16;5
702.0;5;12;4;14;41;8;7;16;3
708.0;4;12;4;14;42;7;10;14;3
714.0;4;13;5;13;43;7;9;13;3
720.0;3;15;5;13;44;6;9;12;3
726.0;4;15;5;13;43;6;8;13;3
732.0;5;16;5;14;42;6;7;12;3
738.0;5;16;4;14;41;7;8;12;3
744.0;5;17;3;14;41;8;6;12;4
750.0;4;17;3;14;41;10;5;12;4
756.0;5;17;3;14;40;11;5;11;4
762.0;6;16;3;14;42;10;6;9;4
768.0;4;16;5;14;41;11;6;9;4
774.0;5;16;5;14;40;10;6;9;5
780.0;4;15;6;13;39;12;7;9;5
786.0;4;15;6;13;39;12;6;9;6
792.0;5;14;6;12;39;12;6;9;7
798.0;5;14;6;12;39;12;6;10;6
804.0;8;14;5;11;40;10;6;11;5
810.0;7;14;7;12;39;9;6;11;5
816.0;7;13;5;13;40;9;7;11;5
822.0;7;13;5;12;40;9;8;12;4
828.0;6;13;5;11;41;10;8;12;4
834.0;6;14;5;11;39;10;8;12;5
840.0;7;11;6;11;40;9;6;14;6
846.0;7;12;7;10;39;8;7;14;6
852.0;6;12;9;10;40;8;5;14;6
858.0;6;13;8;10;41;8;6;13;5
864.0;5;13;7;10;40;7;6;17;5
870.0;5;12;7;9;40;7;7;17;6
876.0;7;12;6;9;40;7;6;17;6
882.0;9;12;8;9;39;8;4;15;6
888.0;10;11;7;9;39;8;4;16;6
894.0;10;11;8;8;39;8;4;16;6
900.0;12;10;7;9;39;8;3;16;6
906.0;13;10;7;9;39;9;4;15;4
912.0;12;10;7;9;40;10;4;14;4
918.0;12;9;6;9;40;11;5;14;4
924.0;10;11;10;9;40;10;4;12;4
930.0;9;11;8;8;40;11;7;13;3
936.0;10;13;7;8;40;10;6;13;3
942.0;10;14;7;9;41;10;6;10;3
948.0;9;14;7;8;43;11;6;8;4
954.0;8;13;8;8;44;12;5;7;5
960.0;6;13;8;7;45;12;6;8;5
966.0;5;13;8;7;46;12;5;9;5
972.0;5;12;8;7;47;12;6;9;4
978.0;5;11;9;8;46;11;6;9;5
984.0;2;10;9;9;49;11;6;8;6
990.0;2;10;8;7;50;12;6;9;6
996.0;2;10;8;7;50;12;6;9;6
1002.0;4;11;7;6;48;12;6;10;6
1008.0;5;10;8;8;48;12;6;8;5
1014.0;6;10;8;8;49;11;6;8;4
1020.0;6;9;8;8;48;13;6;8;4
1026.0;6;8;7;7;49;13;7;8;5
1032.0;8;9;6;6;49;12;6;9;5
1038.0;7;8;7;7;50;11;6;9;5
1044.0;6;6;8;9;49;13;4;10;5
1050.0;5;6;8;11;49;13;3;11;4
1056.0;4;6;6;12;49;13;4;11;5
1062.0;4;7;6;12;50;12;4;10;5
1068.0;4;7;7;11;49;13;4;10;5
1074.0;4;7;7;11;49;13;4;9;6
1080.0;4;7;6;11;50;11;4;9;8
1086.0;4;8;6;12;51;11;4;7;7
1092.0;4;9;4;12;52;11;5;8;5
1098.0;5;9;4;12;50;11;4;9;6
1104.0;5;10;4;10;51;11;4;9;6
1110.0;4;10;4;9;53;10;4;10;6
1116.0;4;9;5;9;53;10;5;10;5
1122.0;4;7;6;8;56;9;4;12;4
1128.0;3;9;6;6;56;10;4;12;4
1134.0;4;9;6;7;56;9;3;11;5
1140.0;4;10;6;7;56;10;2;11;4
1146.0;5;9;6;7;56;10;2;11;4
1152.0;7;9;6;7;55;9;2;11;4
1158.0;7;8;7;6;55;11;4;9;3
1164.0;6;8;8;5;55;11;4;9;4
1170.0;5;7;9;5;55;12;3;10;4
1176.0;5;7;8;6;56;12;3;9;4
1182.0;4;7;8;5;56;12;4;9;5
1188.0;3;5;7;6;55;13;4;11;6
1194.0;3;5;7;6;55;13;5;11;5
1200.0;3;5;7;6;55;14;4;11;5
1206.0;2;5;6;7;55;15;4;11;5
1212.0;2;5;6;7;55;15;3;11;6
1218.0;2;5;4;8;55;15;3;11;7
1224.0;4;4;4;10;55;14;2;11;6
1230.0;4;4;4;9;56;13;3;12;5
1236.0;2;3;4;9;55;14;5;12;6
1242.0;2;4;4;10;55;13;4;12;6
1248.0;2;6;4;10;55;11;4;13;5
1254.0;2;8;4;9;53;12;5;12;5
1260.0;3;9;6;9;50;12;4;11;6
1266.0;2;11;5;10;51;12;3;10;6
1272.0;2;11;6;10;51;12;3;10;5
1278.0;2;11;5;10;50;13;3;11;5
1284.0;3;11;5;10;49;13;2;11;6
1290.0;3;11;4;10;50;13;2;11;6
1296.0;3;12;3;11;49;13;3;10;6
1302.0;4;12;5;11;48;14;3;8;5
1308.0;4;12;4;11;49;14;4;7;5
1314.0;4;13;4;11;50;12;4;7;5
1320.0;5;13;4;11;49;11;4;8;5
1326.0;4;14;4;12;49;10;4;8;5
1332.0;5;12;6;12;46;10;5;8;6
1338.0;5;11;6;12;47;11;4;9;5
1344.0;5;11;5;12;48;11;4;9;5
1350.0;6;9;6;15;46;12;4;8;4
1356.0;8;8;8;12;47;11;5;7;4
1362.0;9;8;10;12;47;10;3;6;5
1368.0;6;8;9;13;47;10;5;6;6
1374.0;7;8;9;13;47;9;4;7;6
1380.0;7;9;8;13;47;9;4;7;6
1386.0;7;7;7;13;47;9;4;8;8
1392.0;6;7;8;12;45;10;5;10;7
1398.0;7;7;8;12;45;10;5;9;7
1404.0;8;8;8;11;45;10;5;8;7
1410.0;6;7;8;12;46;11;6;8;6
1416.0;6;7;6;13;45;12;5;8;8
1422.0;6;7;6;12;46;12;5;8;8
1428.0;5;7;7;13;46;12;4;8;8
1434.0;5;7;8;12;45;12;6;7;8
1440.0;5;7;8;12;45;13;3;8;9
1446.0;6;8;5;14;46;11;5;7;8
1452.0;6;8;5;15;46;10;6;7;7
1458.0;6;9;4;15;45;11;6;8;6
1464.0;7;9;5;12;44;11;6;9;7
1470.0;7;8;5;10;44;11;7;10;8
1476.0;6;9;6;10;43;10;7;10;9
1482.0;5;11;5;11;44;10;6;10;8
1488.0;6;10;5;9;46;9;5;10;10
1494.0;5;9;4;8;47;10;5;10;12
1500.0;4;9;4;7;48;11;4;10;13
1506.0;5;8;7;7;48;11;3;9;12
1512.0;6;8;6;7;49;10;4;9;11
1518.0;5;9;8;7;49;9;6;8;9
1524.0;7;11;7;8;48;9;4;9;7
1530.0;8;12;7;6;49;9;4;10;5
1536.0;8;13;7;6;49;8;4;10;5
1542.0;7;13;7;5;48;8;5;10;7
1548.0;6;13;7;6;48;7;6;9;8
1554.0;6;13;8;6;48;7;4;9;9
1560.0;6;14;9;6;48;8;3;9;7
1566.0;7;12;10;8;46;8;3;9;7
1572.0;8;10;7;9;46;8;3;10;9
1578.0;8;8;7;10;46;9;3;10;9
1584.0;8;8;6;11;46;10;4;9;8
1590.0;9;7;7;9;46;11;5;8;8
1596.0;8;8;7;8;50;9;5;10;5
1602.0;9;9;8;8;50;9;6;10;1
1608.0;8;8;8;10;49;9;5;11;2
1614.0;8;10;7;11;47;9;5;11;2
1620.0;7;9;6;11;48;9;5;13;2
1626.0;8;8;5;10;50;10;5;12;2
1632.0;9;8;4;10;50;10;5;12;2
1638.0;11;6;3;9;52;9;6;12;2
1644.0;9;7;3;10;52;8;8;10;3
1650.0;11;7;3;8;52;8;8;10;3
1656.0;11;8;3;6;51;8;8;12;3
1662.0;11;6;4;6;51;9;7;12;4
1668.0;10;7;4;7;50;9;6;13;4
1674.0;10;7;4;7;50;8;6;13;5
1680.0;10;6;6;8;50;9;5;11;5
1686.0;7;7;6;9;50;11;4;11;5
1692.0;6;7;5;11;51;9;5;11;5
1698.0;5;6;6;10;50;10;6;13;4
1704.0;5;7;5;10;51;10;5;12;5
1710.0;5;6;5;10;49;10;6;12;7
1716.0;4;6;5;8;49;11;7;12;8
1722.0;6;7;4;7;50;11;6;12;7
1728.0;6;8;3;6;48;12;8;12;7
1734.0;5;8;3;6;48;13;7;12;8
1740.0;4;9;4;7;48;13;8;10;7
1746.0;5;6;5;7;48;13;7;11;8
1752.0;6;7;5;6;49;12;10;9;6
1758.0;4;7;5;6;49;13;11;9;6
1764.0;3;9;6;6;48;13;10;9;6
1770.0;3;9;5;6;50;13;9;9;6
1776.0;4;9;5;5;51;14;8;9;5
1782.0;4;9;4;5;51;15;8;9;5
1788.0;4;8;4;5;52;14;7;12;4
1794.0;4;7;4;6;53;14;6;12;4
