#auto generated file!
12.0;28;26;32;31;24;31;25;21;42
18.0;25;27;32;31;27;32;25;22;39
24.0;24;32;31;30;31;27;25;23;37
30.0;25;33;28;34;33;25;24;23;35
36.0;23;33;27;32;39;26;22;24;34
42.0;23;33;26;33;40;25;17;29;34
48.0;22;36;28;35;43;22;16;28;30
54.0;22;37;24;35;43;23;16;30;30
60.0;16;37;23;35;44;24;18;30;33
66.0;13;38;23;35;44;23;19;30;35
72.0;14;41;24;31;46;25;18;28;33
78.0;12;43;24;31;47;23;23;26;31
84.0;12;43;23;34;49;21;20;26;32
90.0;14;44;18;36;51;21;22;24;30
96.0;14;45;20;39;50;23;21;24;24
102.0;13;44;21;39;49;26;17;27;24
108.0;16;44;19;40;52;21;19;24;25
114.0;19;42;20;38;55;19;19;24;24
120.0;20;45;18;40;54;20;18;26;19
126.0;20;42;19;39;56;20;19;26;19
132.0;19;42;17;39;58;23;22;23;17
138.0;20;41;16;39;60;23;23;22;16
144.0;21;42;17;38;61;24;21;21;15
150.0;19;45;16;39;61;26;17;21;16
156.0;19;44;20;40;61;27;15;21;13
162.0;19;42;21;39;62;29;16;23;9
168.0;16;41;18;42;64;27;17;24;11
174.0;18;43;18;44;63;25;14;22;13
180.0;20;43;17;45;62;22;15;23;13
186.0;22;44;18;43;62;24;11;21;15
192.0;19;43;20;42;63;26;11;22;14
198.0;20;41;20;41;62;27;12;22;15
204.0;20;43;18;40;62;27;13;21;16
210.0;18;43;19;38;67;28;12;22;13
216.0;18;45;16;36;70;29;13;21;12
222.0;18;43;15;36;71;31;14;23;9
228.0;14;42;17;35;75;30;14;24;9
234.0;12;44;17;34;75;31;12;26;9
240.0;12;45;14;33;77;33;12;25;9
246.0;13;43;15;33;76;33;10;28;9
252.0;17;44;14;31;76;31;9;27;11
258.0;18;44;16;29;78;30;8;28;9
264.0;18;43;16;28;77;31;10;28;9
270.0;17;42;15;29;78;30;11;28;10
276.0;15;41;14;29;78;32;11;27;13
282.0;17;42;14;30;79;29;10;27;12
288.0;16;37;14;30;80;30;14;25;14
294.0;16;37;14;30;82;30;15;25;11
300.0;14;39;14;30;83;29;16;24;11
306.0;15;39;15;28;83;28;17;24;11
312.0;16;39;15;25;86;28;17;23;11
318.0;14;38;15;24;88;29;17;22;13
324.0;14;37;15;25;90;29;16;23;11
330.0;15;34;13;25;92;28;16;24;13
336.0;13;32;14;26;92;30;16;26;11
342.0;13;34;12;27;92;29;15;25;13
348.0;15;35;10;28;91;32;14;25;10
354.0;14;33;10;28;91;31;15;28;10
360.0;12;32;11;25;93;32;16;26;13
366.0;13;31;10;24;92;32;18;27;13
372.0;14;31;12;24;92;31;15;27;14
378.0;14;31;8;24;93;30;18;28;14
384.0;13;33;11;23;92;27;20;26;15
390.0;13;33;11;24;92;25;22;26;14
396.0;13;33;12;22;93;26;20;28;13
402.0;13;30;13;26;93;25;19;28;13
408.0;14;26;13;28;92;27;19;30;11
414.0;13;26;14;27;90;27;21;29;13
420.0;12;25;15;28;91;27;22;29;11
426.0;11;26;16;30;89;29;20;29;10
432.0;13;25;16;30;90;27;19;31;9
438.0;10;26;17;32;88;28;18;32;9
444.0;10;27;16;30;88;28;18;33;10
450.0;9;27;15;31;88;28;19;32;11
456.0;7;28;18;30;90;26;19;31;11
462.0;6;28;18;30;90;27;20;30;11
468.0;7;29;20;31;90;24;16;32;11
474.0;6;29;20;34;91;24;16;29;11
480.0;6;30;18;33;92;25;18;27;11
486.0;8;32;16;31;93;25;18;26;11
492.0;6;32;17;31;93;23;20;28;10
498.0;4;31;17;32;94;23;17;27;15
504.0;6;31;16;31;95;23;18;27;13
510.0;6;31;17;32;94;22;20;24;14
516.0;7;29;17;31;96;21;20;26;13
522.0;11;27;17;31;94;20;20;28;12
528.0;9;25;19;30;94;21;19;29;14
534.0;10;26;19;27;95;21;21;32;9
540.0;9;28;19;26;94;22;21;32;9
546.0;8;28;19;26;94;22;20;32;11
552.0;10;27;19;26;92;23;18;32;13
558.0;10;26;18;27;93;22;17;32;15
564.0;12;22;22;23;93;19;16;35;18
570.0;11;24;22;22;93;18;16;34;20
576.0;14;24;21;21;91;18;15;34;22
582.0;14;27;18;21;88;17;15;36;24
588.0;15;28;14;20;91;17;16;35;24
594.0;14;28;14;18;93;18;17;34;24
600.0;12;29;15;20;93;17;18;33;23
606.0;14;29;17;21;92;16;16;32;23
612.0;18;29;16;20;94;17;14;32;20
618.0;17;29;14;20;94;19;14;34;19
624.0;18;24;14;21;96;21;16;32;18
630.0;17;24;15;22;95;22;17;31;17
636.0;18;23;17;22;96;22;17;30;15
642.0;17;22;18;24;96;22;13;33;15
648.0;15;24;20;26;96;23;9;33;14
654.0;17;23;20;26;98;24;9;32;11
660.0;16;24;17;27;98;23;12;31;12
666.0;15;24;18;29;98;24;11;29;12
672.0;18;26;18;29;98;23;8;29;11
678.0;18;26;16;32;98;22;10;28;10
684.0;16;27;15;31;99;24;9;28;11
690.0;15;26;17;29;100;23;10;28;12
696.0;15;30;17;27;97;24;10;27;13
702.0;16;32;13;27;98;24;9;28;13
708.0;15;33;14;28;97;23;9;26;15
714.0;15;32;16;28;98;19;10;25;17
720.0;16;31;18;26;98;20;10;25;16
726.0;17;34;16;22;98;21;10;27;15
732.0;19;33;15;24;98;20;10;27;14
738.0;17;32;14;24;98;21;12;30;12
744.0;17;31;15;25;99;23;11;28;11
750.0;18;28;15;24;100;29;11;28;7
756.0;19;27;15;25;101;30;10;26;7
762.0;22;27;16;22;100;33;9;25;6
768.0;19;27;16;23;101;32;9;26;7
774.0;18;27;18;22;100;32;9;25;9
780.0;19;27;14;24;101;33;9;24;9
786.0;21;27;12;22;100;35;7;25;11
792.0;19;26;13;20;102;35;9;25;11
798.0;21;24;14;20;101;34;10;23;13
804.0;18;25;15;21;100;35;11;21;14
810.0;19;25;15;24;101;31;10;21;14
816.0;22;25;11;23;103;28;10;22;16
822.0;21;26;12;24;103;28;9;22;15
828.0;22;26;10;25;104;27;10;22;14
834.0;22;25;8;23;104;27;12;24;15
840.0;22;24;8;21;105;30;11;24;15
846.0;19;23;8;20;108;30;12;24;16
852.0;20;22;11;19;109;30;11;24;14
858.0;18;24;9;21;108;25;13;25;17
864.0;18;23;10;20;114;23;12;25;15
870.0;19;22;10;20;112;24;14;25;14
876.0;19;20;11;21;113;24;15;24;13
882.0;20;24;11;20;112;23;13;25;12
888.0;19;25;13;20;112;22;14;24;11
894.0;18;25;14;20;114;19;14;25;11
900.0;18;26;17;20;115;18;12;24;10
906.0;18;23;15;20;117;20;13;23;11
912.0;15;25;13;21;119;21;12;24;10
918.0;18;27;16;19;119;20;9;22;10
924.0;19;26;15;18;121;20;9;21;11
930.0;20;25;15;16;121;22;11;19;11
936.0;17;25;15;16;122;23;10;20;12
942.0;17;25;12;15;122;23;11;23;12
948.0;14;26;15;16;122;22;11;23;11
954.0;15;26;15;16;123;21;12;23;9
960.0;19;24;14;19;123;21;11;23;6
966.0;17;23;14;18;122;25;10;22;9
972.0;15;26;14;18;123;25;8;22;9
978.0;15;29;14;18;120;25;9;21;9
984.0;16;28;15;16;120;24;11;20;10
990.0;15;28;14;15;120;23;13;21;11
996.0;12;26;15;16;122;26;15;19;9
1002.0;10;26;16;19;122;25;15;19;8
1008.0;12;27;12;20;121;26;14;18;10
1014.0;16;26;13;22;120;24;12;16;11
1020.0;15;26;13;19;122;25;11;17;12
1026.0;15;28;11;20;122;25;12;15;12
1032.0;14;29;14;21;120;26;11;15;10
1038.0;17;27;15;21;118;25;10;16;11
1044.0;15;27;17;20;118;24;12;15;12
1050.0;13;27;18;19;117;25;10;15;16
1056.0;10;28;20;19;117;25;10;16;15
1062.0;9;29;21;19;118;24;9;15;16
1068.0;11;30;21;19;118;24;7;17;13
1074.0;12;26;23;16;118;26;7;21;11
1080.0;11;26;21;17;119;26;10;20;10
1086.0;11;24;23;19;119;25;11;19;9
1092.0;10;26;22;20;118;24;13;20;7
1098.0;10;29;20;23;117;20;13;21;7
1104.0;9;29;21;22;118;20;15;21;5
1110.0;7;30;19;23;119;22;13;21;6
1116.0;7;29;20;22;120;22;14;20;6
1122.0;9;29;20;20;122;22;13;20;5
1128.0;10;32;18;20;120;20;14;21;5
1134.0;9;32;18;18;121;22;14;20;6
1140.0;7;31;16;19;121;24;13;21;8
1146.0;6;31;15;19;121;23;14;22;9
1152.0;5;33;16;18;120;23;14;21;10
1158.0;5;31;13;18;122;25;14;21;11
1164.0;5;30;11;18;121;25;16;23;11
1170.0;5;31;11;18;120;27;16;22;10
1176.0;5;30;11;21;120;29;13;21;10
1182.0;7;30;12;22;122;27;11;20;9
1188.0;8;31;14;21;121;24;13;19;9
1194.0;8;30;14;23;122;25;13;18;7
1200.0;9;31;13;22;122;25;14;19;5
1206.0;8;32;12;22;124;25;15;18;4
1212.0;11;29;10;21;124;23;14;21;7
1218.0;11;30;9;22;123;23;14;21;7
1224.0;11;30;10;22;122;24;16;20;5
1230.0;9;32;10;25;121;23;15;21;4
1236.0;8;31;8;28;120;21;16;23;5
1242.0;8;30;8;27;120;20;16;25;6
1248.0;7;29;10;26;120;21;15;26;6
1254.0;8;30;12;22;118;21;16;27;6
1260.0;7;31;15;21;119;18;15;26;8
1266.0;8;29;15;22;119;20;15;26;6
1272.0;8;30;15;20;119;19;14;26;9
1278.0;8;30;13;22;119;20;13;24;11
1284.0;8;32;12;22;117;22;14;23;10
1290.0;9;30;12;21;118;22;14;23;11
1296.0;7;32;12;23;116;22;12;23;13
1302.0;9;32;12;24;114;23;11;23;12
1308.0;9;30;13;24;113;22;13;25;11
1314.0;12;31;11;23;110;21;13;27;12
1320.0;12;29;11;24;109;22;12;28;13
1326.0;10;29;13;23;109;21;12;30;13
1332.0;12;31;13;24;108;20;11;29;12
1338.0;13;30;9;26;110;19;11;30;12
1344.0;11;30;8;28;111;20;10;29;13
1350.0;12;29;9;27;110;20;7;31;15
1356.0;12;29;9;27;111;19;7;32;14
1362.0;7;27;8;29;114;20;9;30;16
1368.0;9;28;7;29;114;20;8;31;14
1374.0;12;29;9;28;112;19;7;29;15
1380.0;13;29;9;30;113;19;7;29;11
1386.0;16;30;7;29;114;19;8;27;10
1392.0;14;30;5;28;116;19;9;27;12
1398.0;16;30;7;25;115;19;9;26;13
1404.0;14;31;7;22;117;21;8;26;14
1410.0;16;29;5;25;119;19;6;28;13
1416.0;16;28;5;21;120;22;5;28;15
1422.0;15;30;4;21;120;22;3;29;16
1428.0;14;26;5;21;121;21;7;28;17
1434.0;13;29;6;21;122;20;7;27;15
1440.0;12;25;6;19;124;22;8;30;14
1446.0;15;23;7;18;125;22;7;30;13
1452.0;13;23;7;17;126;23;7;30;14
1458.0;14;25;8;16;128;20;6;29;14
1464.0;16;21;9;19;128;19;7;26;15
1470.0;16;19;9;19;128;20;7;29;13
1476.0;16;20;10;21;128;18;7;27;13
1482.0;21;18;9;21;128;18;7;26;12
1488.0;20;21;9;21;123;16;10;28;12
1494.0;18;20;11;19;125;15;10;31;11
1500.0;17;21;12;20;125;14;8;32;11
1506.0;16;22;11;19;125;13;8;32;14
1512.0;15;23;11;20;124;13;8;30;16
1518.0;15;24;11;19;125;12;8;29;17
1524.0;16;26;9;19;124;12;8;29;17
1530.0;16;25;12;20;125;15;6;26;15
1536.0;16;24;11;21;125;16;7;24;16
1542.0;16;23;13;20;125;19;7;22;15
1548.0;15;22;13;18;124;19;10;24;15
1554.0;15;20;14;18;125;18;11;24;15
1560.0;17;20;16;18;122;18;10;26;13
1566.0;17;21;15;22;121;17;10;24;13
1572.0;16;21;15;22;120;16;11;25;14
1578.0;18;22;16;22;121;15;10;22;14
1584.0;15;22;17;22;121;15;11;22;15
1590.0;15;22;18;23;120;15;11;22;14
1596.0;14;23;16;23;119;15;12;23;15
1602.0;15;25;15;25;116;15;10;24;15
1608.0;14;24;16;25;115;17;9;26;14
1614.0;13;24;17;23;115;16;11;26;15
1620.0;15;23;17;23;117;15;10;25;15
1626.0;15;22;14;23;118;16;12;23;17
1632.0;16;22;16;21;119;15;12;23;16
1638.0;15;21;17;21;120;15;11;24;16
1644.0;15;23;18;23;119;18;11;21;12
1650.0;15;24;19;26;118;17;10;21;10
1656.0;14;26;18;27;118;18;9;19;11
1662.0;17;27;16;26;116;18;10;21;9
1668.0;19;28;15;25;114;16;10;20;13
1674.0;18;26;15;27;113;17;11;21;12
1680.0;16;26;15;28;113;17;12;20;13
1686.0;16;26;16;24;115;17;11;21;14
1692.0;17;27;16;22;112;17;12;22;15
1698.0;18;24;18;24;107;17;13;23;16
1704.0;19;22;18;22;108;18;14;22;17
1710.0;17;22;18;22;109;20;13;22;17
1716.0;17;23;17;20;114;21;12;20;16
1722.0;17;24;16;23;114;21;12;18;15
1728.0;18;22;17;25;114;20;11;18;15
1734.0;17;24;16;22;114;21;13;20;13
1740.0;17;22;14;23;113;22;15;20;14
1746.0;15;23;13;24;113;23;15;20;14
1752.0;13;23;14;24;112;26;15;20;13
1758.0;13;27;15;24;111;23;13;22;12
1764.0;13;29;15;24;111;22;15;20;11
1770.0;14;29;11;24;112;24;14;20;12
1776.0;13;29;13;21;112;25;16;20;11
1782.0;12;29;14;19;112;25;17;20;12
1788.0;14;30;13;19;112;24;17;18;13
1794.0;13;32;10;19;113;24;16;17;16
