#auto generated file!
12.0;41;46;52;38;46;37;43;48;39
18.0;38;49;51;39;51;37;39;48;38
24.0;41;53;49;41;55;37;36;44;34
30.0;39;55;45;43;59;37;37;43;32
36.0;40;54;50;42;61;37;34;41;31
42.0;40;57;43;44;63;36;36;41;30
48.0;39;58;39;47;64;35;37;41;30
54.0;38;57;38;45;67;35;35;43;32
60.0;35;54;35;45;71;37;36;47;30
66.0;34;50;34;47;74;38;36;47;30
72.0;35;49;37;48;76;40;30;46;29
78.0;35;47;38;46;75;42;33;44;30
84.0;35;48;39;45;77;42;29;44;31
90.0;33;45;35;49;82;42;26;45;33
96.0;32;45;36;50;82;41;26;45;33
102.0;32;46;35;49;84;42;27;44;31
108.0;31;47;35;47;85;41;27;46;31
114.0;31;48;33;47;86;40;26;47;32
120.0;28;48;32;43;88;40;30;48;33
126.0;27;47;31;45;93;40;27;47;33
132.0;27;45;30;43;96;42;29;42;36
138.0;26;45;30;41;97;45;28;43;35
144.0;26;44;30;41;98;43;31;42;35
150.0;21;42;30;41;102;43;34;45;32
156.0;22;47;28;40;104;45;33;40;31
162.0;22;49;26;38;105;47;31;42;30
168.0;25;50;22;41;109;45;28;42;28
174.0;29;50;19;41;108;47;25;44;27
180.0;27;51;19;42;110;49;26;45;21
186.0;25;51;17;44;113;49;25;45;21
192.0;27;50;18;45;114;47;26;43;20
198.0;24;52;20;42;114;45;22;48;23
204.0;26;52;19;44;113;45;21;49;21
210.0;24;52;22;47;113;42;20;47;23
216.0;23;52;25;48;116;40;18;46;22
222.0;23;51;23;47;119;39;18;51;19
228.0;23;51;21;46;123;40;20;49;17
234.0;24;51;21;44;125;40;17;50;18
240.0;24;50;20;45;127;39;19;48;18
246.0;25;50;21;45;127;35;22;47;18
252.0;25;49;23;46;127;33;21;49;17
258.0;27;51;19;46;126;35;21;48;17
264.0;28;50;19;46;125;39;20;47;16
270.0;26;48;20;50;123;43;19;47;14
276.0;26;49;20;49;123;44;17;48;14
282.0;27;47;22;51;125;42;20;43;13
288.0;26;47;20;48;129;43;22;41;14
294.0;26;47;22;48;134;43;21;39;10
300.0;23;46;22;49;138;43;19;36;14
306.0;21;46;19;47;139;41;21;40;16
312.0;21;47;20;48;140;40;21;40;13
318.0;19;48;20;47;141;38;22;41;14
324.0;20;49;16;45;141;39;23;42;15
330.0;17;46;18;45;143;40;22;44;15
336.0;17;46;23;46;144;40;18;41;15
342.0;20;47;24;45;146;37;18;40;13
348.0;20;44;27;43;149;38;16;38;15
354.0;22;42;24;46;146;38;15;40;17
360.0;24;44;24;46;144;40;14;39;15
366.0;22;45;25;46;143;40;14;39;16
372.0;23;41;25;46;146;40;14;38;17
378.0;20;42;25;43;146;43;19;37;15
384.0;19;43;25;42;150;42;18;37;14
390.0;21;46;23;41;147;42;19;39;12
396.0;23;45;22;42;149;43;19;36;11
402.0;23;46;26;40;148;42;19;35;11
408.0;24;47;23;41;144;44;16;38;13
414.0;24;46;22;40;146;44;17;38;13
420.0;24;48;21;40;145;42;18;41;11
426.0;24;48;18;39;146;42;19;40;14
432.0;21;52;17;37;146;39;23;40;15
438.0;21;53;18;40;142;41;23;37;15
444.0;19;55;20;42;139;42;24;34;15
450.0;19;51;21;45;137;45;24;33;15
456.0;20;57;23;43;139;41;22;33;12
462.0;23;53;22;41;142;41;21;33;14
468.0;21;52;21;42;142;41;21;34;16
474.0;21;50;21;42;141;42;20;34;19
480.0;19;50;19;41;145;40;23;32;21
486.0;21;52;21;40;142;38;21;33;22
492.0;22;53;18;37;144;41;19;34;22
498.0;18;52;21;39;144;39;18;35;24
504.0;19;51;20;39;143;38;19;39;22
510.0;19;49;20;39;145;37;18;41;22
516.0;21;47;19;39;148;33;20;39;24
522.0;18;43;21;36;152;33;22;41;24
528.0;18;42;22;38;152;32;21;41;24
534.0;18;42;22;38;154;30;21;39;26
540.0;21;41;23;40;153;30;22;37;23
546.0;24;40;20;42;152;30;23;39;20
552.0;21;40;23;41;153;31;23;39;19
558.0;20;43;23;43;149;32;21;39;20
564.0;21;46;20;45;149;30;18;41;20
570.0;23;43;21;43;151;31;16;41;21
576.0;23;44;23;40;151;33;15;41;20
582.0;25;44;20;38;155;35;15;39;19
588.0;24;42;21;39;159;35;18;36;16
594.0;24;46;22;38;156;34;19;32;19
600.0;23;44;20;41;157;35;18;33;19
606.0;19;45;20;42;158;33;18;36;19
612.0;19;45;23;40;158;32;17;36;20
618.0;18;44;20;42;160;32;19;36;19
624.0;19;44;22;41;159;32;20;36;17
630.0;23;43;23;42;159;34;16;34;16
636.0;25;43;21;42;159;37;14;32;17
642.0;24;42;20;44;159;37;14;31;19
648.0;23;42;19;47;158;38;15;30;18
654.0;22;45;19;46;158;38;16;28;18
660.0;20;47;20;44;156;42;14;30;17
666.0;22;49;21;43;155;42;11;29;18
672.0;22;52;22;42;158;38;11;27;18
678.0;19;50;23;40;155;38;10;32;23
684.0;20;49;23;41;153;36;8;35;25
690.0;18;51;20;45;151;37;8;36;24
696.0;15;50;21;44;153;38;8;39;22
702.0;19;48;23;41;152;35;10;41;21
708.0;19;45;23;41;153;37;14;38;20
714.0;21;46;22;41;155;37;13;38;17
720.0;20;45;20;41;157;40;14;39;14
726.0;22;45;17;42;158;40;14;35;17
732.0;26;46;17;43;156;37;14;35;16
738.0;25;49;14;45;158;37;13;36;13
744.0;25;47;12;46;160;35;14;37;14
750.0;24;46;11;45;159;35;15;40;15
756.0;24;45;14;43;160;36;13;38;17
762.0;23;45;13;44;162;35;13;38;17
768.0;23;43;15;43;160;35;13;38;20
774.0;22;42;17;40;158;38;15;37;21
780.0;17;42;18;38;163;39;15;38;20
786.0;15;43;19;35;166;37;18;37;20
792.0;13;47;16;34;169;37;20;35;19
798.0;13;46;16;34;171;39;19;32;20
804.0;14;48;18;36;171;37;15;32;19
810.0;12;45;18;35;172;39;15;36;18
816.0;12;46;18;36;170;40;14;37;17
822.0;10;44;19;35;169;37;16;39;21
828.0;12;44;20;34;170;35;16;36;23
834.0;15;38;21;33;170;39;18;37;19
840.0;13;38;22;40;166;34;22;37;18
846.0;12;39;21;43;163;36;23;38;15
852.0;11;39;21;42;163;38;21;38;17
858.0;13;37;20;42;165;37;23;38;15
864.0;15;33;18;45;163;38;25;40;13
870.0;16;32;17;46;162;37;25;44;11
876.0;15;32;17;42;165;36;26;46;11
882.0;17;32;16;42;165;32;24;48;14
888.0;16;33;14;43;165;34;23;49;13
894.0;21;32;15;41;162;36;22;46;15
900.0;23;30;15;41;161;36;22;47;15
906.0;28;31;16;39;160;37;19;46;14
912.0;27;32;17;41;157;35;17;48;16
918.0;23;31;18;42;154;37;16;53;16
924.0;22;34;16;38;153;39;14;56;18
930.0;22;34;17;38;154;40;13;53;19
936.0;21;35;18;38;156;39;12;52;19
942.0;20;34;18;40;155;39;13;50;21
948.0;22;37;19;40;154;38;11;51;18
954.0;20;37;19;42;156;35;14;48;19
960.0;22;35;19;40;158;36;15;48;17
966.0;19;36;23;38;158;36;18;43;19
972.0;17;38;19;39;160;38;20;43;16
978.0;16;37;18;39;160;40;19;45;16
984.0;14;37;18;36;162;41;21;43;18
990.0;14;37;18;35;163;43;22;42;16
996.0;15;39;19;36;162;41;20;42;16
1002.0;12;40;19;34;167;41;21;41;15
1008.0;12;42;19;32;169;40;17;43;16
1014.0;14;41;19;27;169;38;20;45;17
1020.0;15;40;20;28;169;38;19;44;17
1026.0;13;40;20;29;170;39;18;42;19
1032.0;10;40;22;31;167;40;19;44;17
1038.0;11;41;22;32;166;39;20;42;17
1044.0;14;37;22;34;166;39;19;43;16
1050.0;16;36;22;34;167;41;16;41;17
1056.0;17;35;22;34;167;42;16;40;17
1062.0;19;33;21;35;167;41;17;38;19
1068.0;18;33;19;35;166;42;18;39;20
1074.0;20;33;18;36;166;45;17;37;18
1080.0;21;32;17;32;162;43;19;39;25
1086.0;22;32;17;34;161;38;23;39;24
1092.0;17;30;17;31;166;40;24;41;24
1098.0;18;31;16;30;167;39;21;41;27
1104.0;21;32;16;29;165;42;21;39;25
1110.0;19;29;19;32;167;40;21;38;25
1116.0;19;29;16;34;166;39;19;40;28
1122.0;20;30;16;33;169;39;17;42;24
1128.0;22;30;16;30;171;37;18;41;25
1134.0;18;30;17;31;170;35;20;45;24
1140.0;18;32;19;32;170;34;18;44;23
1146.0;17;32;23;30;170;32;17;46;23
1152.0;19;33;23;31;170;32;14;46;22
1158.0;16;35;20;29;171;34;14;48;23
1164.0;17;34;20;28;170;32;15;49;25
1170.0;17;35;19;28;173;31;16;51;20
1176.0;16;33;16;29;175;31;16;50;24
1182.0;15;30;16;27;176;31;20;50;25
1188.0;15;30;15;27;176;34;21;50;22
1194.0;16;28;15;30;177;36;18;49;21
1200.0;18;30;14;31;176;36;17;50;18
1206.0;16;32;15;34;176;37;15;47;18
1212.0;15;32;13;35;176;36;15;48;20
1218.0;13;38;13;35;174;35;16;46;20
1224.0;10;40;11;36;175;37;16;47;18
1230.0;9;38;12;37;175;38;16;47;18
1236.0;9;38;12;39;174;35;15;47;21
1242.0;11;40;13;39;173;33;18;41;22
1248.0;12;40;13;37;173;33;20;43;19
1254.0;12;41;14;39;173;33;17;43;18
1260.0;13;42;15;39;174;35;17;41;14
1266.0;16;44;19;40;173;30;15;42;11
1272.0;19;44;18;39;172;29;15;43;11
1278.0;21;41;18;37;171;30;18;42;12
1284.0;20;41;17;37;171;31;14;44;15
1290.0;20;42;13;35;170;31;20;44;15
1296.0;19;39;13;37;173;29;20;45;15
1302.0;19;39;15;35;171;34;20;42;15
1308.0;18;37;16;39;169;33;21;42;15
1314.0;16;35;15;43;173;36;21;39;12
1320.0;15;40;15;43;170;36;19;39;13
1326.0;14;42;15;39;169;36;22;40;13
1332.0;14;40;18;38;170;35;23;41;11
1338.0;14;42;18;40;172;32;21;39;12
1344.0;13;41;22;37;172;33;22;35;15
1350.0;14;43;24;34;172;30;24;36;13
1356.0;14;44;22;31;173;30;23;37;16
1362.0;15;46;20;31;173;29;21;38;17
1368.0;15;49;16;32;171;26;25;38;18
1374.0;13;52;16;34;168;26;26;39;16
1380.0;17;50;18;33;168;26;26;35;17
1386.0;18;50;17;29;167;29;27;36;17
1392.0;21;46;18;30;168;30;25;35;17
1398.0;19;46;18;33;167;31;20;36;20
1404.0;16;46;18;33;169;32;19;35;22
1410.0;16;47;16;32;169;32;20;36;22
1416.0;16;47;20;29;170;31;19;35;23
1422.0;19;46;20;30;173;30;15;33;24
1428.0;19;46;23;32;173;28;11;35;23
1434.0;16;49;23;31;173;30;11;35;22
1440.0;18;46;24;29;173;28;12;36;24
1446.0;20;47;23;27;175;29;13;35;21
1452.0;23;45;21;28;172;33;16;31;21
1458.0;20;43;24;27;171;31;18;36;20
1464.0;20;42;23;29;172;31;18;36;19
1470.0;19;42;21;31;171;32;18;37;19
1476.0;20;42;20;32;167;30;20;38;21
1482.0;22;39;20;34;168;28;19;40;20
1488.0;21;38;22;36;167;27;20;41;18
1494.0;23;40;20;33;165;27;21;40;21
1500.0;22;40;21;34;164;27;21;41;20
1506.0;20;41;18;34;165;28;23;41;20
1512.0;20;46;18;33;164;26;23;40;20
1518.0;20;43;20;36;164;24;23;40;20
1524.0;20;43;19;35;164;25;24;38;22
1530.0;19;40;20;34;164;26;22;41;24
1536.0;19;40;20;35;164;29;22;39;22
1542.0;17;40;19;34;164;32;20;41;23
1548.0;18;40;19;34;165;29;21;41;23
1554.0;20;41;19;31;166;29;22;41;21
1560.0;18;40;18;33;166;30;22;41;22
1566.0;18;37;20;35;165;30;23;38;24
1572.0;19;36;23;36;162;30;21;39;24
1578.0;22;34;18;35;161;32;21;42;25
1584.0;22;33;19;36;160;32;24;39;25
1590.0;24;39;21;34;159;32;20;38;23
1596.0;21;42;24;36;161;31;18;35;22
1602.0;22;40;25;32;160;31;22;34;24
1608.0;21;43;31;31;161;28;20;33;22
1614.0;21;42;28;32;164;26;20;35;22
1620.0;19;43;24;34;165;25;21;35;24
1626.0;18;41;25;35;166;28;22;34;21
1632.0;18;44;24;34;166;30;22;32;20
1638.0;17;43;22;35;166;30;23;33;21
1644.0;18;42;20;34;166;32;24;33;21
1650.0;18;42;21;34;160;33;26;33;23
1656.0;21;42;20;35;159;30;26;32;25
1662.0;20;42;20;36;158;32;24;33;25
1668.0;20;40;18;36;160;33;25;32;26
1674.0;18;38;18;37;161;34;26;32;26
1680.0;17;40;17;36;162;33;26;31;28
1686.0;18;37;22;35;160;34;26;29;29
1692.0;18;35;21;35;165;35;24;31;26
1698.0;18;36;20;38;163;36;21;33;25
1704.0;21;37;20;37;162;36;18;34;25
1710.0;21;37;20;38;162;35;20;35;22
1716.0;19;39;19;36;165;36;20;33;23
1722.0;21;39;21;36;165;34;16;33;25
1728.0;18;39;17;37;162;37;18;35;27
1734.0;18;42;14;37;165;36;19;32;27
1740.0;21;40;15;35;169;32;19;35;24
1746.0;23;39;15;34;169;32;21;33;24
1752.0;23;38;16;33;171;32;22;34;21
1758.0;19;33;16;37;175;33;25;35;17
1764.0;22;33;16;40;175;34;21;33;16
1770.0;23;32;14;40;178;34;22;31;16
1776.0;23;33;14;39;179;33;20;32;17
1782.0;22;35;14;38;179;33;18;34;17
1788.0;23;34;15;37;175;34;19;35;18
1794.0;23;37;14;38;173;34;20;33;18
