#auto generated file!
12.0;30;21;29;20;22;23;21;23;21
18.0;33;23;27;21;25;22;20;18;21
24.0;31;24;25;24;28;23;22;17;16
30.0;28;26;23;24;34;25;18;14;18
36.0;26;29;20;27;34;27;21;13;13
42.0;23;29;21;27;34;26;21;14;15
48.0;21;27;20;28;35;26;25;13;15
54.0;22;29;20;26;37;27;23;12;14
60.0;21;31;20;25;38;29;23;12;11
66.0;21;30;21;27;38;29;23;14;7
72.0;20;28;25;26;40;29;21;14;7
78.0;21;25;24;24;43;31;18;14;10
84.0;19;28;21;20;46;32;17;15;12
90.0;15;30;19;20;49;31;18;17;11
96.0;14;29;15;21;51;32;18;16;14
102.0;14;25;18;21;52;30;17;17;16
108.0;10;28;17;20;52;29;17;20;17
114.0;11;30;15;18;51;31;15;20;19
120.0;11;30;14;21;51;34;12;19;18
126.0;10;28;13;22;49;35;14;20;19
132.0;10;27;15;22;49;34;15;20;18
138.0;7;29;17;23;50;37;14;18;15
144.0;6;29;16;21;52;37;13;19;17
150.0;7;27;15;21;52;38;13;20;17
156.0;10;26;14;21;52;37;15;19;16
162.0;12;26;11;20;53;39;15;17;17
168.0;13;24;11;22;55;38;17;16;14
174.0;15;24;12;21;55;38;19;15;11
180.0;14;24;11;23;55;36;19;16;12
186.0;12;27;11;23;56;33;20;17;11
192.0;13;27;12;23;59;30;19;16;11
198.0;13;26;13;22;60;29;20;16;11
204.0;12;26;12;20;60;29;21;18;12
210.0;11;25;12;23;60;29;20;18;12
216.0;12;24;13;22;61;30;20;17;11
222.0;12;23;13;22;62;30;20;17;11
228.0;12;21;14;23;62;30;19;18;11
234.0;13;20;16;23;62;29;16;19;12
240.0;13;21;16;23;62;29;16;20;10
246.0;14;22;15;21;65;24;15;23;11
252.0;15;24;15;20;64;24;15;23;10
258.0;14;24;14;20;66;25;14;23;10
264.0;15;24;16;21;64;24;13;23;10
270.0;15;23;15;20;64;25;13;23;12
276.0;14;22;11;20;65;26;13;25;14
282.0;13;22;13;18;67;27;11;27;12
288.0;13;22;15;18;67;27;10;27;11
294.0;11;19;17;17;67;28;10;29;12
300.0;9;19;18;16;68;25;11;31;13
306.0;9;19;17;15;70;24;11;33;12
312.0;9;20;18;15;72;23;11;30;12
318.0;10;19;18;16;75;21;11;27;13
324.0;11;19;19;16;76;23;10;26;10
330.0;12;20;18;15;78;23;10;26;8
336.0;12;20;21;15;77;22;9;26;8
342.0;12;21;21;16;76;21;9;26;8
348.0;11;23;20;16;78;22;10;24;6
354.0;10;23;19;16;78;22;10;24;8
360.0;10;24;17;17;78;23;9;25;7
366.0;11;25;15;17;78;21;10;26;7
372.0;10;25;13;18;77;21;12;28;6
378.0;11;25;13;18;78;20;12;25;8
384.0;9;24;15;19;78;18;12;26;9
390.0;9;24;16;18;77;17;13;26;10
396.0;11;23;14;17;78;19;13;25;10
402.0;9;24;13;18;76;21;13;24;12
408.0;11;24;12;15;78;22;12;24;12
414.0;11;24;12;16;75;25;13;24;10
420.0;12;21;13;16;75;24;12;26;11
426.0;13;24;10;19;72;21;13;26;12
432.0;13;24;10;20;71;20;11;27;14
438.0;12;23;9;21;72;19;13;28;13
444.0;10;22;10;19;76;17;14;30;12
450.0;10;22;9;19;77;19;14;28;12
456.0;9;22;9;17;77;23;12;31;10
462.0;9;22;8;16;77;24;10;31;13
468.0;8;22;10;16;79;22;10;29;14
474.0;8;22;13;16;78;21;11;29;12
480.0;9;20;13;17;75;21;10;31;14
486.0;9;21;11;17;77;22;7;34;12
492.0;9;21;9;17;79;20;8;34;13
498.0;9;22;7;20;80;18;7;35;12
504.0;9;22;8;18;80;17;9;33;14
510.0;9;20;9;19;80;18;9;32;14
516.0;10;19;10;19;80;17;8;32;15
522.0;10;20;9;18;82;17;8;32;14
528.0;7;19;9;19;84;17;9;32;14
534.0;8;22;10;19;83;15;9;29;15
540.0;9;22;8;19;84;14;10;29;15
546.0;11;19;10;20;83;14;10;29;14
552.0;10;18;13;22;83;13;11;28;12
558.0;8;19;11;23;84;14;14;24;13
564.0;7;18;10;23;86;14;13;27;12
570.0;8;18;11;23;85;12;15;26;12
576.0;10;19;11;23;84;11;15;25;12
582.0;8;21;10;24;87;10;13;25;12
588.0;10;22;8;22;87;10;14;24;13
594.0;9;22;7;23;87;11;14;23;14
600.0;12;22;7;20;87;12;14;22;14
606.0;11;22;10;19;86;13;14;24;11
612.0;11;21;11;19;87;13;11;25;12
618.0;11;19;15;18;85;14;11;24;13
624.0;12;19;15;18;85;14;9;25;13
630.0;12;18;16;18;83;16;10;27;10
636.0;11;19;14;19;85;15;10;26;11
642.0;9;18;13;20;85;15;10;28;12
648.0;10;19;13;19;85;14;9;28;13
654.0;10;19;13;18;86;14;9;29;12
660.0;10;18;14;18;87;15;8;28;12
666.0;12;18;17;15;86;14;10;27;11
672.0;10;19;17;17;88;16;9;24;10
678.0;10;17;15;20;89;18;8;25;8
684.0;6;18;17;20;88;18;10;25;8
690.0;7;18;16;19;88;18;10;24;10
696.0;9;19;16;18;86;16;10;25;11
702.0;9;20;15;18;86;16;10;27;9
708.0;6;23;16;20;84;15;10;27;9
714.0;7;24;15;19;84;15;9;28;9
720.0;8;25;13;21;87;15;11;24;6
726.0;7;26;13;23;88;15;10;23;5
732.0;9;24;10;22;88;15;11;25;6
738.0;12;22;11;21;89;17;10;23;5
744.0;11;22;8;21;89;18;12;25;4
750.0;9;22;8;23;89;18;11;26;4
756.0;8;20;9;23;89;18;11;28;4
762.0;6;20;8;21;88;19;13;27;8
768.0;7;20;9;22;88;19;12;25;8
774.0;6;18;10;21;89;18;13;25;10
780.0;8;19;12;20;87;19;14;24;7
786.0;8;17;11;22;88;17;15;25;7
792.0;8;17;12;20;89;18;14;24;8
798.0;7;18;11;23;89;18;13;23;8
804.0;7;19;9;23;89;18;11;25;9
810.0;9;20;6;21;88;17;11;29;9
816.0;9;19;6;22;88;18;10;30;8
822.0;10;17;4;21;90;17;13;30;8
828.0;9;18;4;21;91;18;10;31;8
834.0;10;22;6;20;92;14;12;26;8
840.0;11;21;4;20;95;16;11;26;6
846.0;13;19;3;19;93;17;14;26;6
852.0;12;19;5;21;92;15;17;23;6
858.0;11;19;5;23;93;18;14;21;6
864.0;11;17;5;24;91;20;13;23;6
870.0;10;17;6;23;91;19;14;23;7
876.0;11;19;5;21;94;16;12;24;8
882.0;11;16;6;24;94;17;11;23;8
888.0;10;16;7;25;94;18;12;21;7
894.0;10;16;6;24;97;18;11;20;8
900.0;9;16;7;22;98;19;11;21;7
906.0;7;16;8;22;98;19;11;22;7
912.0;6;16;6;22;97;22;12;23;6
918.0;7;18;7;21;95;23;13;22;4
924.0;8;17;8;18;96;24;13;22;4
930.0;8;16;9;19;96;25;12;22;3
936.0;7;16;9;19;94;26;12;24;3
942.0;6;18;7;22;92;26;12;23;4
948.0;8;19;6;22;91;25;12;23;4
954.0;8;20;7;21;91;26;10;22;5
960.0;9;19;7;22;91;24;10;21;7
966.0;10;16;7;19;92;24;11;24;7
972.0;10;16;8;17;92;24;11;24;8
978.0;12;17;6;18;91;24;9;24;9
984.0;13;19;6;19;92;24;8;22;7
990.0;13;19;6;19;91;24;7;24;7
996.0;13;19;6;20;93;22;6;23;8
1002.0;12;19;6;21;92;22;6;24;8
1008.0;12;20;5;19;93;21;6;26;8
1014.0;10;18;7;19;94;23;5;26;8
1020.0;10;18;9;19;93;22;5;25;9
1026.0;11;18;10;18;91;23;5;25;9
1032.0;12;15;10;20;91;22;5;25;10
1038.0;14;13;11;18;91;21;7;24;11
1044.0;12;14;11;18;92;21;6;27;9
1050.0;13;16;9;18;90;21;8;27;8
1056.0;13;16;8;18;90;20;9;26;10
1062.0;13;15;9;18;89;20;10;24;12
1068.0;11;13;10;21;91;19;8;25;12
1074.0;10;13;8;23;94;18;7;25;12
1080.0;11;12;9;23;94;16;9;23;13
1086.0;9;11;10;25;95;15;8;24;13
1092.0;10;11;10;25;95;14;9;24;12
1098.0;9;11;11;27;95;14;12;23;8
1104.0;8;9;12;27;95;15;13;20;11
1110.0;10;10;11;26;96;13;10;22;12
1116.0;10;11;11;26;95;13;11;21;12
1122.0;10;12;13;23;96;14;8;22;12
1128.0;9;10;13;26;94;14;8;23;13
1134.0;8;11;11;27;94;15;8;23;13
1140.0;7;13;10;25;97;14;6;24;14
1146.0;9;11;9;27;97;14;6;23;14
1152.0;8;12;9;27;98;13;7;23;13
1158.0;8;12;7;29;98;16;6;22;12
1164.0;9;13;6;30;97;15;7;21;12
1170.0;9;13;5;30;99;14;7;20;13
1176.0;9;14;7;29;98;14;7;19;13
1182.0;10;15;8;24;100;17;5;18;13
1188.0;10;15;8;25;100;19;6;16;11
1194.0;12;15;6;25;100;19;6;16;11
1200.0;11;16;8;25;100;19;5;16;10
1206.0;12;16;9;21;98;19;6;18;11
1212.0;10;15;11;20;97;18;7;18;14
1218.0;10;17;11;20;94;17;7;20;14
1224.0;8;18;12;20;94;18;7;20;13
1230.0;8;19;14;19;95;16;7;19;13
1236.0;10;20;13;20;92;17;6;18;14
1242.0;11;21;15;19;92;17;4;17;14
1248.0;12;21;16;18;90;17;6;20;10
1254.0;12;22;18;17;88;17;5;20;11
1260.0;11;22;18;17;89;18;6;18;11
1266.0;9;22;18;18;90;18;6;18;11
1272.0;8;23;16;18;89;19;6;20;11
1278.0;7;21;16;16;90;23;5;21;11
1284.0;7;19;14;17;91;24;5;22;11
1290.0;6;18;12;18;90;26;8;21;11
1296.0;5;17;12;22;88;26;7;21;12
1302.0;5;19;8;22;90;27;8;22;9
1308.0;5;17;8;22;91;28;7;22;10
1314.0;4;16;8;20;93;27;6;25;11
1320.0;4;16;8;20;94;25;6;26;11
1326.0;4;16;8;20;96;26;6;23;11
1332.0;4;16;9;19;94;26;6;23;13
1338.0;4;16;11;18;95;25;6;22;13
1344.0;3;16;11;17;95;26;6;23;13
1350.0;1;14;12;17;96;25;9;22;14
1356.0;2;14;13;15;96;26;10;23;11
1362.0;4;15;11;16;99;23;10;23;9
1368.0;4;15;13;14;99;24;9;23;9
1374.0;5;14;14;16;97;24;9;24;7
1380.0;6;15;12;16;97;23;9;26;6
1386.0;6;15;12;16;98;23;8;25;7
1392.0;6;13;14;16;99;25;8;22;7
1398.0;6;13;14;16;100;23;8;23;7
1404.0;6;15;13;16;99;22;7;22;10
1410.0;5;16;9;16;101;24;10;20;9
1416.0;5;15;12;15;102;25;9;18;9
1422.0;6;14;11;15;104;26;8;17;9
1428.0;8;14;11;16;106;24;7;16;8
1434.0;8;14;9;17;106;23;7;17;9
1440.0;8;15;8;16;106;26;5;17;9
1446.0;7;16;7;16;105;24;5;17;13
1452.0;7;15;7;16;105;24;4;18;14
1458.0;8;15;6;16;105;22;4;19;15
1464.0;9;13;7;18;106;20;3;19;15
1470.0;9;12;7;20;106;19;5;18;14
1476.0;5;12;7;24;104;21;4;19;14
1482.0;6;12;6;24;105;23;4;18;12
1488.0;7;12;6;25;102;23;3;20;12
1494.0;7;13;8;22;102;23;5;18;12
1500.0;9;13;6;22;105;23;5;18;9
1506.0;6;14;6;21;108;23;5;18;9
1512.0;6;14;5;21;107;23;6;19;9
1518.0;7;13;5;22;107;21;6;20;9
1524.0;10;12;5;20;106;22;8;19;8
1530.0;10;11;6;17;106;24;9;17;10
1536.0;10;13;8;16;106;24;8;16;9
1542.0;12;13;6;15;106;24;9;16;9
1548.0;13;12;6;17;104;22;10;17;9
1554.0;11;12;9;16;106;19;10;17;10
1560.0;10;14;9;16;107;17;12;16;9
1566.0;9;13;9;17;107;15;14;18;8
1572.0;10;11;6;17;109;16;14;17;10
1578.0;9;13;5;18;108;15;15;17;10
1584.0;8;13;7;18;107;15;14;18;10
1590.0;9;15;5;16;107;15;13;19;11
1596.0;10;13;5;16;109;17;12;18;10
1602.0;9;15;5;19;107;16;11;18;10
1608.0;9;14;4;20;108;15;11;18;11
1614.0;10;13;5;20;108;14;11;17;12
1620.0;12;13;4;22;109;12;9;17;12
1626.0;12;15;4;20;111;13;8;16;11
1632.0;13;15;4;20;113;13;6;16;10
1638.0;12;16;6;21;110;13;6;14;12
1644.0;12;14;9;20;111;13;7;13;11
1650.0;11;14;8;21;112;15;6;13;10
1656.0;9;16;8;21;112;17;5;12;10
1662.0;7;16;9;21;112;17;5;13;10
1668.0;7;16;12;22;111;13;6;12;11
1674.0;8;15;11;22;110;13;7;14;10
1680.0;10;13;13;22;109;11;10;13;9
1686.0;10;15;12;21;108;13;9;13;9
1692.0;7;15;12;20;109;14;9;13;11
1698.0;8;15;9;20;109;16;10;12;11
1704.0;9;16;10;19;106;16;12;13;9
1710.0;9;17;10;18;107;16;11;14;8
1716.0;8;20;10;16;106;16;10;16;8
1722.0;8;19;10;17;106;16;11;16;7
1728.0;6;19;11;19;104;17;10;18;6
1734.0;7;18;11;19;104;17;10;20;4
1740.0;6;18;10;21;105;19;9;18;4
1746.0;6;17;11;21;105;19;8;18;5
1752.0;6;16;11;23;104;18;9;18;5
1758.0;9;16;10;25;102;19;9;17;3
1764.0;8;17;9;24;104;21;8;17;2
1770.0;9;18;10;23;104;19;9;17;1
1776.0;7;20;9;23;105;18;8;19;1
1782.0;7;20;10;22;105;16;9;20;1
1788.0;10;21;10;21;105;15;7;19;2
1794.0;12;22;8;21;105;15;5;20;2
