#auto generated file!
12.0;47;62;43;48;62;48;56;56;58
18.0;50;64;43;47;65;47;56;56;52
24.0;48;63;41;48;69;49;61;56;45
30.0;48;60;39;57;73;50;54;55;44
36.0;46;59;39;60;73;57;53;52;41
42.0;46;61;42;63;78;55;48;50;37
48.0;43;64;38;61;79;57;48;50;40
54.0;44;68;38;61;82;53;46;54;34
60.0;43;66;40;63;83;54;42;55;34
66.0;40;65;41;63;90;55;41;53;32
72.0;42;64;41;62;91;53;40;54;33
78.0;37;66;42;61;93;55;39;51;36
84.0;36;66;44;58;95;55;39;52;35
90.0;36;65;41;60;101;53;41;51;32
96.0;37;68;43;57;104;55;37;48;31
102.0;36;70;37;60;103;57;39;47;31
108.0;36;72;41;58;101;58;39;45;30
114.0;37;71;38;59;102;57;37;49;30
120.0;33;67;41;61;104;55;34;55;30
126.0;31;65;44;56;110;57;32;54;31
132.0;37;66;45;61;113;54;30;47;27
138.0;34;66;42;63;114;56;26;51;28
144.0;29;67;44;65;117;55;26;50;27
150.0;31;65;45;60;117;59;28;48;27
156.0;33;64;42;58;117;61;30;45;30
162.0;31;62;39;61;122;61;26;46;32
168.0;29;62;41;61;125;57;26;50;29
174.0;31;64;40;58;123;56;26;50;32
180.0;25;66;39;59;125;53;27;52;34
186.0;27;64;38;56;126;53;33;55;28
192.0;23;61;39;55;126;55;36;54;31
198.0;25;61;44;50;123;56;34;55;32
204.0;30;59;39;56;124;56;36;54;26
210.0;29;60;38;56;125;55;35;57;25
216.0;29;55;39;56;127;55;33;58;28
222.0;31;57;36;57;130;55;33;52;29
228.0;32;56;36;59;132;53;30;55;27
234.0;32;59;33;57;133;56;28;53;29
240.0;32;56;32;59;135;55;26;56;29
246.0;30;56;31;56;138;57;25;59;28
252.0;28;57;25;58;140;61;27;56;28
258.0;28;53;26;57;139;63;29;57;28
264.0;31;54;22;56;143;60;30;57;27
270.0;30;52;20;58;146;61;30;59;24
276.0;27;55;15;57;145;66;28;60;27
282.0;29;54;15;58;143;70;26;62;23
288.0;25;56;17;58;144;67;27;61;25
294.0;24;58;19;56;149;67;23;61;23
300.0;22;58;19;58;151;68;20;61;23
306.0;19;58;18;55;153;69;19;60;29
312.0;23;55;16;55;157;67;21;60;26
318.0;21;57;20;53;157;66;21;59;26
324.0;25;56;22;50;156;63;24;58;26
330.0;24;58;27;48;155;59;24;58;27
336.0;23;54;27;43;159;60;26;60;28
342.0;22;54;26;44;162;57;29;56;30
348.0;23;55;30;43;160;57;28;55;29
354.0;22;55;29;43;160;58;29;56;28
360.0;24;54;24;40;162;60;31;57;28
366.0;28;52;27;39;164;57;30;58;25
372.0;27;53;29;42;167;56;29;53;24
378.0;29;52;31;42;167;56;28;54;21
384.0;27;51;32;43;171;56;26;53;21
390.0;28;48;30;44;171;60;27;52;20
396.0;29;49;30;47;172;57;27;50;19
402.0;31;49;31;48;173;55;25;48;20
408.0;28;50;30;48;171;56;26;49;22
414.0;25;49;32;54;177;54;24;44;21
420.0;24;50;34;52;175;58;19;47;21
426.0;23;48;35;50;176;58;21;47;22
432.0;21;47;33;47;176;59;25;47;25
438.0;18;47;29;46;177;63;24;46;30
444.0;20;47;29;48;179;57;27;47;26
450.0;20;45;29;50;179;58;26;48;25
456.0;19;47;31;53;181;55;24;47;23
462.0;20;49;29;53;178;54;26;47;24
468.0;17;49;29;52;177;54;25;48;29
474.0;18;49;29;50;175;54;28;50;27
480.0;17;50;28;48;175;55;29;51;27
486.0;18;51;27;48;175;53;31;50;27
492.0;16;54;27;47;179;51;31;49;26
498.0;18;52;26;47;178;53;30;51;25
504.0;19;54;28;48;179;50;28;49;25
510.0;17;52;29;47;184;50;27;51;23
516.0;17;55;28;44;181;49;27;55;24
522.0;20;53;27;44;182;47;28;52;27
528.0;21;53;27;43;181;45;30;51;29
534.0;20;54;26;45;185;47;27;49;27
540.0;20;52;27;44;187;46;26;48;30
546.0;20;52;26;45;190;46;27;48;26
552.0;19;50;25;47;189;44;29;50;27
558.0;18;48;25;46;192;46;30;50;25
564.0;18;51;29;43;190;48;29;50;22
570.0;19;52;27;40;189;51;29;51;22
576.0;20;52;32;40;191;49;25;51;20
582.0;19;51;35;41;193;47;24;49;21
588.0;20;50;34;41;194;52;21;49;19
594.0;23;50;33;39;194;48;23;48;22
600.0;26;49;29;37;196;51;26;45;21
606.0;25;49;27;37;197;50;27;46;22
612.0;29;46;27;40;199;49;24;47;19
618.0;30;47;25;37;200;50;22;46;23
624.0;30;51;23;35;199;49;21;48;24
630.0;31;50;25;35;200;49;20;46;24
636.0;30;53;21;38;202;46;17;46;27
642.0;29;49;23;39;202;46;19;46;27
648.0;30;50;22;40;202;46;17;47;26
654.0;31;49;23;39;205;47;18;46;22
660.0;29;51;26;40;205;44;16;47;22
666.0;28;49;24;38;205;46;19;48;23
672.0;29;48;26;31;207;50;19;49;21
678.0;31;48;22;32;206;49;20;51;21
684.0;34;47;21;36;202;47;24;48;21
690.0;32;48;23;37;197;52;26;44;21
696.0;31;45;26;33;194;53;27;46;25
702.0;33;44;26;33;200;53;26;42;23
708.0;29;45;29;32;201;53;26;41;24
714.0;33;48;30;34;200;49;23;40;23
720.0;36;44;29;32;201;52;23;41;22
726.0;31;46;28;32;200;49;26;42;26
732.0;31;46;24;35;202;48;26;43;25
738.0;30;46;26;36;202;51;22;40;27
744.0;29;49;25;37;198;52;20;44;26
750.0;33;50;26;33;200;52;19;42;25
756.0;28;50;28;31;204;49;23;42;25
762.0;28;46;25;34;205;46;28;45;23
768.0;26;45;28;35;205;44;28;45;24
774.0;26;47;28;34;205;45;30;44;21
780.0;23;49;28;34;201;49;30;44;22
786.0;25;48;30;33;202;49;29;43;21
792.0;27;47;26;36;201;51;26;43;23
798.0;28;49;25;39;197;51;24;44;23
804.0;28;48;23;44;198;51;20;43;25
810.0;30;45;25;44;193;51;20;45;27
816.0;32;46;23;42;194;48;23;46;26
822.0;34;45;21;42;193;50;21;46;28
828.0;31;44;22;42;196;53;20;49;23
834.0;30;43;23;42;194;54;20;49;25
840.0;30;46;25;41;193;52;20;49;24
846.0;28;44;27;38;196;50;24;47;26
852.0;30;46;26;42;193;48;25;46;24
858.0;34;47;29;42;194;50;20;44;20
864.0;32;47;29;42;197;50;19;44;20
870.0;33;47;29;43;194;50;19;44;21
876.0;32;48;25;45;197;50;18;44;21
882.0;31;46;22;46;199;48;20;46;22
888.0;30;47;24;45;199;49;19;43;24
894.0;31;48;24;46;198;48;20;42;23
900.0;33;45;21;45;200;51;23;43;19
906.0;36;43;21;45;198;54;25;41;17
912.0;38;43;21;43;197;52;24;42;20
918.0;37;45;21;44;200;49;24;38;22
924.0;39;45;21;42;200;48;27;39;19
930.0;32;48;22;46;200;47;25;42;18
936.0;31;47;21;44;194;50;28;44;21
942.0;32;46;22;44;194;49;28;43;22
948.0;30;46;23;45;195;50;28;43;20
954.0;29;46;23;45;194;50;28;44;21
960.0;32;49;22;44;196;48;26;42;21
966.0;34;47;23;45;197;50;25;43;16
972.0;34;46;21;47;198;50;22;44;18
978.0;31;46;20;44;197;53;26;46;17
984.0;31;46;17;44;197;53;28;42;22
990.0;32;44;21;46;200;52;26;37;22
996.0;35;45;20;47;198;47;26;40;22
1002.0;35;47;18;50;195;48;25;39;23
1008.0;32;48;19;49;194;50;29;41;18
1014.0;34;51;19;43;196;46;30;40;21
1020.0;35;50;18;43;199;47;30;38;20
1026.0;37;48;18;43;197;48;29;41;19
1032.0;32;50;20;43;196;48;24;46;21
1038.0;37;49;21;43;196;43;23;46;22
1044.0;32;48;27;44;194;44;21;48;22
1050.0;32;46;24;44;195;42;24;51;22
1056.0;30;50;23;44;196;45;22;47;23
1062.0;28;52;25;47;194;45;21;48;20
1068.0;25;52;28;46;195;45;19;49;21
1074.0;25;52;22;47;195;47;17;50;25
1080.0;22;53;20;47;194;51;18;51;24
1086.0;24;53;16;48;193;53;17;52;24
1092.0;24;52;15;47;193;54;19;51;25
1098.0;23;53;16;48;192;53;18;54;23
1104.0;19;51;15;47;195;52;19;59;23
1110.0;20;48;17;48;197;50;21;59;20
1116.0;21;45;17;46;200;50;20;60;21
1122.0;20;42;18;42;203;43;23;62;27
1128.0;18;42;16;43;203;41;24;66;27
1134.0;18;46;13;41;201;42;24;68;27
1140.0;18;49;13;41;197;39;28;68;27
1146.0;15;50;15;42;197;37;28;66;30
1152.0;19;51;12;44;196;37;27;67;27
1158.0;20;49;14;45;196;36;24;66;30
1164.0;16;51;13;46;195;34;25;69;31
1170.0;15;50;15;48;195;34;24;70;29
1176.0;16;45;18;47;197;35;26;66;30
1182.0;19;48;19;46;195;35;24;64;30
1188.0;22;48;17;45;194;35;26;64;29
1194.0;21;51;20;43;190;36;26;66;27
1200.0;21;47;18;43;191;39;26;69;26
1206.0;19;49;16;44;190;37;24;70;31
1212.0;20;44;18;46;189;37;25;69;32
1218.0;22;43;17;44;190;38;25;71;30
1224.0;21;43;20;43;188;39;27;70;29
1230.0;23;45;21;42;187;36;25;69;32
1236.0;23;46;24;43;188;37;24;66;29
1242.0;21;48;28;45;184;37;26;60;31
1248.0;21;51;28;46;184;40;23;58;29
1254.0;21;49;30;43;184;41;25;58;29
1260.0;20;48;30;43;187;45;25;56;26
1266.0;22;49;30;42;188;44;27;52;26
1272.0;27;45;26;44;187;44;31;53;23
1278.0;29;45;28;43;184;46;30;54;21
1284.0;29;43;28;41;186;47;29;56;21
1290.0;29;45;30;40;185;46;27;55;23
1296.0;28;49;28;39;187;47;25;50;27
1302.0;30;51;27;38;188;48;25;47;26
1308.0;29;50;25;38;188;53;24;51;22
1314.0;27;54;25;39;186;52;26;51;20
1320.0;27;54;23;43;186;50;22;51;24
1326.0;26;52;24;44;188;47;19;52;28
1332.0;25;53;27;44;188;47;19;51;26
1338.0;25;53;24;45;191;46;20;51;25
1344.0;24;50;25;49;190;45;18;51;28
1350.0;25;50;22;47;191;43;21;53;28
1356.0;23;50;19;50;189;46;21;53;29
1362.0;27;52;15;48;188;45;23;57;25
1368.0;28;54;15;46;189;44;22;58;24
1374.0;24;51;15;44;190;48;24;58;26
1380.0;26;53;15;44;188;49;23;55;27
1386.0;23;48;16;43;189;48;26;58;29
1392.0;23;48;18;43;188;50;26;54;30
1398.0;23;47;15;43;187;51;26;59;29
1404.0;21;45;14;43;190;49;28;57;33
1410.0;22;42;15;43;191;49;28;55;35
1416.0;24;43;15;43;189;51;27;55;33
1422.0;23;42;15;43;190;51;29;53;34
1428.0;23;46;15;42;187;54;29;55;29
1434.0;22;47;13;43;186;54;28;58;29
1440.0;19;47;16;46;189;52;23;58;30
1446.0;19;49;21;51;185;52;23;55;25
1452.0;17;51;19;48;184;55;24;55;27
1458.0;16;48;21;49;184;53;26;54;29
1464.0;16;42;23;49;184;51;26;57;32
1470.0;19;40;24;49;184;50;27;56;31
1476.0;22;37;23;50;184;51;29;55;29
1482.0;17;38;26;48;185;51;27;60;28
1488.0;18;41;28;43;184;52;22;60;32
1494.0;20;45;26;45;185;50;21;57;31
1500.0;21;45;25;42;186;51;24;57;29
1506.0;21;44;27;37;185;51;26;61;28
1512.0;20;43;27;41;185;49;26;58;31
1518.0;20;41;27;45;183;46;28;61;29
1524.0;20;41;23;47;184;47;29;59;30
1530.0;21;43;19;48;185;51;28;58;27
1536.0;22;40;18;51;187;50;28;55;29
1542.0;21;40;17;48;188;56;29;54;27
1548.0;17;43;19;47;188;56;28;55;27
1554.0;17;44;21;44;189;58;26;54;27
1560.0;19;44;22;45;187;61;24;54;24
1566.0;17;44;26;46;188;62;23;53;21
1572.0;18;41;26;45;188;64;23;54;21
1578.0;20;42;26;49;185;61;22;52;23
1584.0;17;42;24;49;186;63;20;53;26
1590.0;18;42;23;49;188;63;18;55;24
1596.0;17;41;21;48;188;60;22;56;27
1602.0;18;40;18;47;189;60;22;59;27
1608.0;15;41;18;47;189;59;23;59;29
1614.0;16;42;19;50;191;54;22;58;28
1620.0;17;42;19;49;190;57;23;58;25
1626.0;17;46;18;48;187;56;23;60;25
1632.0;19;47;15;47;185;54;25;61;27
1638.0;21;48;17;46;183;56;25;58;26
1644.0;23;49;18;45;183;53;22;60;27
1650.0;22;49;22;47;183;50;23;56;28
1656.0;21;47;20;47;182;52;26;55;30
1662.0;18;50;19;46;187;52;26;54;28
1668.0;21;49;18;47;189;50;27;54;25
1674.0;19;48;16;48;194;49;27;54;25
1680.0;21;50;17;48;193;44;29;52;26
1686.0;24;48;19;48;193;39;29;51;29
1692.0;22;44;20;47;197;37;27;52;34
1698.0;22;43;25;44;197;39;24;55;31
1704.0;24;45;22;45;198;38;25;55;28
1710.0;24;44;22;43;200;35;26;56;30
1716.0;25;44;21;45;201;37;26;54;27
1722.0;22;43;20;45;203;37;28;54;28
1728.0;24;46;19;47;204;36;28;51;25
1734.0;26;49;18;47;203;36;25;53;23
1740.0;22;49;20;47;203;39;23;54;23
1746.0;18;48;24;45;205;41;22;54;23
1752.0;18;50;24;47;203;41;21;54;22
1758.0;17;51;26;47;201;40;23;52;23
1764.0;18;52;23;48;200;41;23;50;25
1770.0;19;47;27;48;201;42;24;50;22
1776.0;22;46;26;49;201;44;25;46;21
1782.0;22;46;27;49;198;45;26;46;21
1788.0;21;45;26;47;197;44;29;49;22
1794.0;21;43;26;46;198;43;29;52;22
