#auto generated file!
12.0;58;48;58;46;53;56;39;42;50
18.0;53;45;60;50;54;56;35;46;51
24.0;53;48;59;50;56;57;36;43;48
30.0;51;50;59;53;57;57;32;43;48
36.0;50;53;58;52;61;56;31;46;43
42.0;48;50;57;53;65;59;28;44;46
48.0;46;48;56;55;67;60;31;46;41
54.0;45;46;54;57;70;60;30;46;42
60.0;43;48;51;55;73;60;29;51;40
66.0;42;47;43;54;78;60;28;52;46
72.0;43;46;41;57;81;59;27;48;48
78.0;41;45;36;63;81;59;32;48;45
84.0;40;45;33;63;84;61;31;49;44
90.0;40;47;35;61;83;56;34;47;47
96.0;43;48;30;57;87;55;34;52;44
102.0;42;45;29;57;92;54;34;54;43
108.0;40;44;29;58;95;54;31;56;43
114.0;41;42;30;56;98;57;30;56;40
120.0;36;46;31;56;100;58;31;52;40
126.0;35;46;32;57;103;59;33;48;37
132.0;34;51;29;59;105;56;33;49;34
138.0;38;50;30;58;104;59;30;48;33
144.0;38;49;32;57;102;60;32;47;33
150.0;37;50;28;58;109;59;29;48;32
156.0;37;52;32;57;109;54;27;52;30
162.0;33;53;33;57;109;54;27;53;31
168.0;32;50;29;56;112;53;29;54;35
174.0;30;49;25;58;113;54;32;55;34
180.0;29;47;27;60;114;53;33;57;30
186.0;30;45;29;61;113;48;33;57;34
192.0;33;48;27;57;117;45;31;60;32
198.0;30;46;28;56;116;48;33;59;34
204.0;30;47;31;54;117;47;30;59;35
210.0;30;46;29;52;120;47;28;59;39
216.0;31;50;27;51;119;45;28;61;38
222.0;34;52;23;53;119;46;25;61;37
228.0;33;50;25;56;122;46;23;62;33
234.0;35;47;26;54;127;46;23;62;30
240.0;36;50;23;57;129;48;21;61;25
246.0;39;48;20;58;128;50;22;62;23
252.0;41;49;21;60;128;48;21;59;23
258.0;39;47;22;60;133;47;20;59;23
264.0;41;50;19;57;134;48;25;57;19
270.0;43;48;21;55;138;46;26;55;18
276.0;43;47;24;55;140;42;29;55;15
282.0;40;48;22;53;139;50;28;52;18
288.0;39;48;20;55;140;47;30;52;19
294.0;40;48;17;53;141;48;32;51;20
300.0;38;48;18;54;145;46;30;50;21
306.0;39;49;20;50;148;44;29;46;25
312.0;36;49;24;53;155;42;26;40;25
318.0;33;49;20;55;154;43;29;40;27
324.0;32;46;20;54;154;43;29;41;31
330.0;31;44;19;54;157;50;24;40;31
336.0;32;43;21;54;159;48;22;41;30
342.0;32;42;19;49;163;49;24;44;28
348.0;34;43;19;49;160;50;23;47;25
354.0;33;45;23;49;158;54;19;45;24
360.0;31;46;22;53;157;54;17;47;23
366.0;29;45;25;50;157;55;18;47;24
372.0;28;45;27;50;158;54;18;47;23
378.0;23;48;27;52;158;50;21;45;26
384.0;25;46;23;49;160;51;22;48;26
390.0;26;40;24;48;165;50;21;47;29
396.0;23;42;21;50;165;51;25;45;28
402.0;20;38;21;49;171;50;27;47;27
408.0;20;38;22;48;173;47;27;47;28
414.0;22;39;21;49;174;45;25;50;25
420.0;21;45;19;51;171;51;22;48;22
426.0;25;43;19;53;174;51;19;44;22
432.0;22;42;22;53;177;51;21;42;20
438.0;21;40;22;52;178;49;24;45;19
444.0;20;39;22;51;181;46;26;47;18
450.0;18;40;25;53;184;44;22;44;20
456.0;17;39;23;48;185;46;22;48;22
462.0;19;39;22;47;185;48;20;50;20
468.0;18;39;26;45;186;51;19;47;19
474.0;19;40;26;46;186;49;19;48;17
480.0;22;37;26;45;184;48;21;48;19
486.0;23;36;24;43;187;44;24;45;24
492.0;23;33;22;41;187;47;27;46;24
498.0;25;31;22;44;189;48;26;43;22
504.0;25;35;22;44;188;47;24;42;23
510.0;23;34;24;44;190;49;22;43;21
516.0;22;33;25;42;193;50;21;44;20
522.0;21;34;28;38;193;53;21;42;20
528.0;20;34;25;39;193;55;23;42;19
534.0;22;34;23;40;193;50;22;47;19
540.0;25;34;23;40;194;49;26;42;17
546.0;20;36;22;43;193;51;25;43;17
552.0;18;36;23;45;193;50;26;41;18
558.0;19;36;21;47;196;48;25;40;18
564.0;17;42;17;47;196;47;23;38;23
570.0;17;37;18;47;197;47;23;38;26
576.0;20;35;19;51;194;45;20;42;24
582.0;24;34;21;45;195;44;21;42;24
588.0;28;34;20;42;194;46;22;39;25
594.0;29;36;19;40;196;46;23;38;23
600.0;26;41;18;41;196;46;22;39;21
606.0;25;40;19;42;199;44;24;34;23
612.0;26;39;18;43;196;43;26;34;25
618.0;25;39;18;41;197;43;24;36;27
624.0;24;41;17;41;198;42;24;36;27
630.0;25;40;17;41;196;43;24;40;24
636.0;24;38;19;40;200;41;23;41;24
642.0;24;40;19;35;200;42;23;45;22
648.0;25;40;21;36;200;44;21;44;19
654.0;23;39;19;37;200;45;23;45;19
660.0;21;38;21;35;202;47;21;46;19
666.0;24;39;19;36;202;48;18;44;20
672.0;25;42;19;33;204;49;17;40;21
678.0;22;44;20;32;201;55;18;37;21
684.0;23;42;21;33;202;53;18;35;23
690.0;22;43;19;33;204;55;17;35;22
696.0;23;44;20;33;203;53;20;35;19
702.0;22;44;21;32;204;56;19;34;18
708.0;21;39;23;35;205;55;18;35;19
714.0;22;37;24;36;207;53;19;34;18
720.0;21;39;26;35;205;51;18;34;21
726.0;23;39;26;35;208;50;16;32;21
732.0;20;40;26;37;209;49;14;32;23
738.0;22;40;23;36;208;49;16;32;24
744.0;22;34;23;37;207;51;20;32;24
750.0;22;35;25;34;205;49;22;34;24
756.0;21;35;21;33;207;51;24;34;24
762.0;20;34;20;31;210;51;23;36;25
768.0;22;32;18;30;211;51;23;36;27
774.0;19;35;18;33;209;49;23;37;27
780.0;17;35;14;36;208;48;27;40;25
786.0;18;41;14;36;204;45;26;41;25
792.0;19;41;13;37;204;49;24;40;23
798.0;20;39;13;37;204;50;24;40;23
804.0;20;39;14;38;203;51;23;40;22
810.0;19;38;17;39;207;49;20;38;23
816.0;19;39;18;40;207;48;19;40;20
822.0;19;42;20;38;203;51;21;36;20
828.0;18;41;21;38;204;52;20;35;21
834.0;17;43;26;41;201;53;18;32;19
840.0;15;45;26;39;200;52;21;33;19
846.0;17;47;31;38;199;50;20;32;16
852.0;16;47;28;38;203;48;19;36;15
858.0;16;48;25;38;205;49;19;32;18
864.0;18;47;26;38;205;47;20;32;17
870.0;15;47;29;41;204;48;17;35;14
876.0;16;44;27;41;201;46;18;37;20
882.0;18;46;29;41;198;45;16;38;19
888.0;20;46;25;42;199;44;18;39;17
894.0;17;44;27;40;201;45;19;39;18
900.0;18;41;23;40;203;44;21;41;19
906.0;18;44;23;42;202;40;22;38;21
912.0;14;43;25;44;199;39;21;37;28
918.0;12;38;26;46;199;39;24;39;27
924.0;13;36;23;48;198;41;24;41;26
930.0;13;36;26;47;198;39;27;43;21
936.0;14;37;29;44;198;38;28;44;18
942.0;16;37;27;44;197;38;25;47;19
948.0;18;35;32;45;197;37;22;45;19
954.0;18;36;34;45;197;39;20;43;18
960.0;20;39;37;46;196;36;18;40;18
966.0;24;39;33;48;196;34;17;40;19
972.0;22;38;32;49;195;35;18;41;20
978.0;24;36;30;47;196;34;18;41;24
984.0;23;36;28;50;193;36;17;42;25
990.0;25;36;28;47;194;38;16;42;24
996.0;23;37;27;47;197;38;15;44;22
1002.0;26;38;28;46;195;41;16;42;18
1008.0;25;40;26;45;193;43;14;45;19
1014.0;23;39;26;49;195;41;14;45;18
1020.0;25;40;23;49;194;39;16;46;18
1026.0;22;39;24;51;193;39;17;47;18
1032.0;21;38;23;52;196;36;14;48;22
1038.0;19;37;20;51;199;38;14;51;21
1044.0;19;39;21;50;199;37;15;49;21
1050.0;15;38;21;52;201;40;18;45;20
1056.0;17;38;17;49;203;39;19;46;22
1062.0;15;38;21;48;203;40;20;47;18
1068.0;17;37;22;49;203;40;21;44;17
1074.0;17;34;21;50;202;43;20;46;17
1080.0;20;33;20;53;201;45;21;43;14
1086.0;19;33;19;50;201;48;22;42;16
1092.0;17;34;20;48;200;49;22;41;19
1098.0;15;35;16;49;201;52;23;38;21
1104.0;17;36;17;48;202;48;22;35;25
1110.0;17;35;18;44;202;48;26;36;24
1116.0;17;37;18;44;203;48;25;37;21
1122.0;15;37;18;46;202;51;24;34;23
1128.0;15;40;20;43;201;49;26;35;21
1134.0;19;39;19;46;197;46;24;39;21
1140.0;19;38;17;47;201;44;22;37;25
1146.0;21;35;15;48;196;45;24;40;26
1152.0;19;35;15;49;195;46;21;42;28
1158.0;19;35;18;47;197;45;19;42;28
1164.0;18;34;18;45;196;46;22;42;29
1170.0;20;35;15;48;194;47;24;41;26
1176.0;20;35;16;46;195;49;25;39;25
1182.0;19;33;15;44;201;48;24;43;23
1188.0;19;33;14;49;200;48;20;42;25
1194.0;18;33;13;51;202;47;21;43;22
1200.0;16;34;15;49;203;45;21;44;23
1206.0;14;37;16;48;205;45;21;41;23
1212.0;15;38;14;48;205;46;22;41;21
1218.0;14;39;14;48;202;47;25;41;20
1224.0;11;38;15;47;202;49;26;42;20
1230.0;10;39;18;47;201;49;26;40;20
1236.0;13;38;21;46;201;44;27;41;19
1242.0;13;38;18;48;203;42;25;41;22
1248.0;16;37;17;48;205;40;23;42;22
1254.0;18;37;17;50;201;41;23;40;23
1260.0;20;38;17;50;199;41;23;38;24
1266.0;18;36;18;49;201;42;21;39;26
1272.0;16;37;18;49;202;40;20;39;29
1278.0;18;37;17;48;202;40;20;39;29
1284.0;17;38;16;46;199;46;23;37;28
1290.0;17;40;18;45;197;45;23;36;29
1296.0;23;39;21;43;196;42;25;38;23
1302.0;22;39;21;43;198;42;23;39;23
1308.0;18;43;20;41;198;42;27;40;21
1314.0;16;41;21;44;200;42;27;40;19
1320.0;17;43;21;47;197;42;26;39;18
1326.0;19;44;19;48;196;44;26;39;15
1332.0;15;46;19;49;196;43;27;37;18
1338.0;13;44;20;50;196;41;24;42;20
1344.0;14;42;19;49;197;39;27;41;22
1350.0;15;41;19;50;196;38;28;41;22
1356.0;15;41;21;49;200;36;26;41;21
1362.0;16;40;21;48;197;34;33;42;19
1368.0;15;38;27;47;197;35;34;40;17
1374.0;15;40;26;47;196;34;33;40;19
1380.0;18;39;22;45;196;35;32;40;23
1386.0;18;38;20;46;197;35;31;40;25
1392.0;14;38;23;44;199;37;35;36;24
1398.0;17;38;26;43;196;37;32;35;26
1404.0;18;36;25;44;195;40;31;32;29
1410.0;20;39;23;43;195;41;27;33;29
1416.0;23;41;20;39;201;42;22;33;29
1422.0;21;44;22;38;201;40;22;35;27
1428.0;19;43;23;42;199;43;21;33;27
1434.0;20;43;24;41;197;42;22;36;25
1440.0;18;46;27;36;200;45;23;35;20
1446.0;16;44;27;35;198;43;25;40;22
1452.0;14;47;31;39;195;42;25;37;20
1458.0;15;49;27;43;192;40;26;37;21
1464.0;16;50;29;42;188;43;26;38;18
1470.0;15;52;28;40;193;42;23;39;18
1476.0;15;52;25;39;197;41;23;39;19
1482.0;21;51;23;37;197;42;25;36;18
1488.0;22;50;22;39;197;42;27;35;16
1494.0;23;52;18;41;198;42;25;37;14
1500.0;21;47;14;45;199;41;25;42;16
1506.0;20;48;13;44;203;41;23;42;16
1512.0;17;48;13;43;204;43;25;41;16
1518.0;18;48;17;40;207;43;22;40;15
1524.0;20;46;19;40;210;43;19;39;14
1530.0;20;44;21;37;215;40;18;37;18
1536.0;20;47;20;38;216;39;15;39;16
1542.0;18;48;20;40;215;40;14;41;14
1548.0;20;50;19;38;215;40;16;38;14
1554.0;20;52;18;42;214;39;16;35;14
1560.0;19;51;17;43;215;40;18;36;11
1566.0;19;51;16;43;215;42;18;36;10
1572.0;16;51;21;44;215;41;17;34;11
1578.0;18;50;23;43;211;42;14;37;12
1584.0;19;50;23;43;209;39;16;39;12
1590.0;20;46;21;46;207;41;15;40;14
1596.0;19;45;24;46;205;37;15;42;17
1602.0;17;43;25;49;203;34;18;42;19
1608.0;16;40;24;51;203;34;19;44;19
1614.0;17;38;21;49;210;34;21;43;17
1620.0;16;39;21;47;208;34;23;42;20
1626.0;16;38;20;46;208;40;23;40;19
1632.0;15;38;17;48;205;45;22;41;19
1638.0;15;37;19;46;205;43;21;44;20
1644.0;14;40;20;44;203;40;24;46;19
1650.0;14;37;23;44;202;42;21;46;21
1656.0;13;39;24;45;203;37;20;49;20
1662.0;14;42;24;43;204;36;21;45;21
1668.0;14;41;22;45;206;36;18;48;20
1674.0;14;43;25;45;204;38;14;47;20
1680.0;12;46;21;46;205;40;12;48;20
1686.0;14;48;17;46;207;38;13;49;18
1692.0;17;48;15;44;207;37;16;50;16
1698.0;16;50;19;44;205;34;17;50;15
1704.0;18;49;19;43;203;32;20;51;15
1710.0;18;47;18;41;206;33;20;50;17
1716.0;20;46;16;38;205;34;21;52;18
1722.0;22;46;14;38;203;32;23;53;19
1728.0;21;45;15;36;204;36;23;52;18
1734.0;19;44;18;33;204;38;24;52;18
1740.0;24;43;16;34;201;41;22;50;19
1746.0;25;41;15;37;202;41;21;50;18
1752.0;24;41;14;36;205;39;21;53;17
1758.0;22;42;17;39;204;36;21;52;17
1764.0;20;42;16;38;200;40;21;54;19
1770.0;19;44;18;40;198;38;22;53;18
1776.0;21;45;18;40;196;35;20;51;24
1782.0;20;44;18;40;196;36;21;51;24
1788.0;20;45;17;41;194;39;19;49;26
1794.0;16;48;18;40;195;44;19;48;22
