#auto generated file!
12.0;17;16;26;22;27;28;21;21;22
18.0;15;15;25;22;30;30;16;24;23
24.0;18;16;22;21;30;32;18;22;21
30.0;19;16;22;20;31;29;17;24;22
36.0;19;18;20;20;32;27;18;23;23
42.0;17;17;23;19;34;26;17;24;23
48.0;19;20;22;19;36;23;17;24;20
54.0;19;19;22;20;39;23;15;24;19
60.0;20;19;24;19;41;21;13;24;19
66.0;17;20;24;21;41;23;12;23;19
72.0;14;24;21;25;40;22;13;22;19
78.0;15;22;22;22;42;22;15;23;17
84.0;17;21;19;25;43;21;14;25;15
90.0;16;21;16;24;46;21;17;25;14
96.0;18;20;13;24;49;21;16;26;13
102.0;18;18;12;23;50;22;16;27;14
108.0;17;19;10;25;50;20;17;26;16
114.0;19;20;10;24;50;20;16;28;13
120.0;21;22;12;23;49;18;16;26;13
126.0;22;23;11;21;52;18;15;25;13
132.0;19;23;13;22;50;22;16;25;10
138.0;18;22;12;23;50;22;16;26;11
144.0;19;22;11;21;52;23;13;27;12
150.0;17;22;11;22;54;25;13;25;11
156.0;18;20;12;22;55;23;16;25;9
162.0;20;20;10;24;56;21;15;26;8
168.0;19;20;11;23;57;24;15;24;7
174.0;16;19;11;23;60;23;16;24;8
180.0;14;21;10;24;59;22;17;25;8
186.0;12;21;10;24;61;24;14;26;8
192.0;14;20;12;23;61;25;12;27;6
198.0;13;21;10;24;60;26;13;26;7
204.0;14;20;11;24;60;25;14;25;7
210.0;13;22;12;22;63;22;15;23;8
216.0;12;21;13;25;62;21;12;23;11
222.0;13;22;13;23;63;23;10;21;12
228.0;13;19;12;25;63;22;11;21;14
234.0;15;18;14;25;63;21;11;20;13
240.0;15;16;11;22;64;22;13;23;14
246.0;17;15;11;23;64;21;11;23;15
252.0;17;17;9;23;64;22;9;22;17
258.0;18;18;6;21;64;22;11;22;18
264.0;17;19;9;21;63;24;11;16;20
270.0;17;19;8;23;63;24;12;17;17
276.0;16;17;8;24;64;23;12;19;17
282.0;18;16;8;22;66;23;12;18;17
288.0;19;16;7;21;67;23;13;17;17
294.0;18;18;6;20;68;23;15;15;17
300.0;17;19;7;20;68;23;14;13;19
306.0;14;18;9;21;69;24;11;15;19
312.0;13;17;10;22;68;24;12;15;19
318.0;10;18;10;22;71;24;10;15;20
324.0;7;18;11;21;71;24;9;17;22
330.0;9;16;11;21;73;24;9;17;20
336.0;9;19;12;19;74;21;8;20;18
342.0;9;19;12;20;75;20;9;17;19
348.0;8;20;13;19;74;22;10;16;18
354.0;8;21;13;20;74;21;10;16;17
360.0;8;20;14;19;75;23;9;15;17
366.0;10;18;15;17;74;23;9;16;18
372.0;15;17;17;16;72;22;8;15;18
378.0;11;20;18;18;71;24;8;13;17
384.0;10;19;16;16;72;27;9;13;18
390.0;12;18;17;15;71;25;11;14;17
396.0;12;19;14;16;73;25;12;14;15
402.0;14;20;11;15;73;26;11;16;14
408.0;13;22;12;16;73;25;11;16;12
414.0;12;22;13;17;72;27;10;16;11
420.0;15;22;12;17;71;27;9;17;10
426.0;15;21;14;18;69;27;9;16;11
432.0;16;21;12;17;68;26;8;20;12
438.0;15;19;12;17;68;25;9;21;14
444.0;18;17;11;18;70;24;9;19;14
450.0;18;16;12;19;71;24;9;19;12
456.0;18;18;11;20;68;23;9;21;12
462.0;15;18;11;20;68;22;9;23;14
468.0;13;19;10;20;69;23;7;24;15
474.0;11;19;9;17;71;25;10;24;14
480.0;11;21;10;15;71;25;13;23;11
486.0;11;22;12;15;70;25;13;21;11
492.0;11;21;10;14;70;26;14;21;13
498.0;13;19;10;16;70;26;12;22;12
504.0;13;18;14;18;69;25;10;22;11
510.0;15;17;13;19;70;23;10;22;11
516.0;14;18;14;19;71;21;11;22;10
522.0;13;19;12;20;70;23;12;21;10
528.0;13;15;11;21;74;23;12;22;9
534.0;11;15;12;21;75;24;11;22;9
540.0;13;15;12;24;73;19;13;23;8
546.0;12;13;13;26;74;20;12;22;8
552.0;12;14;10;25;77;20;11;23;8
558.0;12;12;8;26;76;20;10;27;9
564.0;13;11;10;26;76;19;10;26;9
570.0;13;10;9;27;76;18;11;27;9
576.0;15;11;9;26;74;19;10;26;10
582.0;16;10;6;28;78;18;9;27;8
588.0;14;10;5;30;79;17;10;26;9
594.0;12;10;6;30;80;18;10;25;9
600.0;11;8;8;32;80;15;11;26;9
606.0;12;8;9;32;80;17;10;24;8
612.0;13;8;7;28;83;16;10;26;9
618.0;11;9;7;28;84;15;10;28;8
624.0;12;8;7;27;85;16;10;27;8
630.0;11;8;7;27;84;17;10;27;9
636.0;13;9;8;27;83;16;10;27;7
642.0;12;11;10;27;83;15;11;25;6
648.0;12;10;9;27;83;16;13;22;8
654.0;10;11;9;28;82;18;12;22;8
660.0;9;12;9;28;82;19;11;24;6
666.0;7;12;10;27;82;19;12;25;6
672.0;9;14;9;28;79;18;9;28;6
678.0;10;16;8;24;80;17;9;30;6
684.0;10;18;8;26;79;16;9;29;5
690.0;9;16;9;26;81;17;8;29;5
696.0;10;16;8;26;81;15;8;31;5
702.0;11;14;8;25;83;16;8;30;5
708.0;10;15;9;24;82;18;9;29;4
714.0;8;15;10;24;82;17;9;29;6
720.0;7;16;10;23;82;18;8;32;4
726.0;5;19;10;21;81;19;9;31;5
732.0;6;17;7;20;82;20;11;32;5
738.0;7;19;5;20;84;20;9;29;7
744.0;6;20;6;20;82;21;10;28;7
750.0;6;19;6;21;83;21;9;29;6
756.0;7;17;7;18;84;21;11;25;10
762.0;7;17;8;18;86;20;12;25;7
768.0;6;19;7;19;84;20;12;26;7
774.0;5;18;7;20;85;21;14;25;5
780.0;5;16;7;21;82;25;13;26;5
786.0;5;16;8;19;82;26;15;25;4
792.0;5;15;10;19;83;26;14;24;4
798.0;5;16;9;18;80;26;14;25;7
804.0;5;17;11;19;80;25;13;24;6
810.0;5;18;12;17;80;24;12;25;7
816.0;7;18;10;18;81;26;8;25;7
822.0;9;19;9;16;82;25;8;25;7
828.0;9;18;10;15;83;26;6;24;9
834.0;9;16;8;16;83;25;9;25;9
840.0;8;16;8;14;83;25;10;25;11
846.0;8;15;10;14;84;25;10;23;11
852.0;8;15;11;14;84;26;9;22;11
858.0;8;15;10;14;84;26;12;20;11
864.0;8;16;10;14;84;26;11;20;11
870.0;9;18;10;13;83;24;11;19;13
876.0;13;17;10;12;84;24;10;17;13
882.0;13;19;11;12;85;23;9;17;11
888.0;14;22;12;12;83;23;7;17;10
894.0;16;22;11;14;82;23;6;16;10
900.0;13;22;12;15;80;24;7;16;11
906.0;13;22;12;14;80;25;7;16;11
912.0;13;23;12;14;79;26;8;16;9
918.0;13;24;13;14;79;23;9;17;8
924.0;13;23;11;15;81;23;9;17;8
930.0;13;21;10;16;81;23;10;18;8
936.0;12;18;9;17;84;23;11;17;9
942.0;11;20;9;13;84;23;12;19;9
948.0;11;19;8;13;85;22;13;20;9
954.0;13;19;7;13;84;21;14;20;9
960.0;16;20;7;12;84;20;15;19;7
966.0;13;19;8;12;85;21;14;19;9
972.0;13;20;9;13;86;19;14;19;7
978.0;12;21;9;13;86;18;12;19;10
984.0;10;19;10;11;86;21;13;20;10
990.0;9;19;11;11;85;22;11;21;11
996.0;10;19;12;11;86;21;10;21;10
1002.0;11;19;9;13;86;21;11;22;8
1008.0;10;18;9;13;85;21;12;23;9
1014.0;12;19;8;13;84;22;11;23;8
1020.0;11;17;9;15;85;19;11;24;9
1026.0;11;17;10;15;85;19;10;24;9
1032.0;11;18;8;14;85;18;11;27;8
1038.0;14;16;8;14;85;18;10;26;9
1044.0;15;16;8;15;84;17;10;24;11
1050.0;17;16;7;14;85;18;9;23;11
1056.0;18;16;8;13;85;18;9;23;10
1062.0;14;16;11;15;85;18;8;22;11
1068.0;15;17;11;15;86;17;8;21;10
1074.0;12;18;9;17;86;18;9;21;10
1080.0;11;19;11;17;86;17;7;21;11
1086.0;14;19;11;17;86;15;6;22;10
1092.0;15;21;9;14;85;17;8;21;10
1098.0;13;21;10;12;86;19;8;21;10
1104.0;14;22;10;11;85;19;8;20;11
1110.0;12;23;10;9;85;20;8;22;11
1116.0;12;23;8;6;89;22;7;22;11
1122.0;12;23;8;6;90;23;7;20;11
1128.0;13;23;7;6;91;20;9;20;11
1134.0;13;23;7;6;89;20;9;21;12
1140.0;11;23;8;6;89;21;7;22;13
1146.0;9;24;7;5;91;20;9;23;12
1152.0;7;24;7;5;93;21;8;24;11
1158.0;7;25;9;5;93;20;8;23;10
1164.0;6;26;8;6;91;22;9;21;11
1170.0;4;31;6;6;92;23;8;21;9
1176.0;4;34;5;8;92;23;7;21;6
1182.0;7;30;6;8;92;24;7;21;5
1188.0;7;30;6;7;91;22;7;22;8
1194.0;10;32;5;7;90;23;5;19;9
1200.0;13;29;4;8;89;23;5;20;9
1206.0;12;29;5;10;87;21;6;20;10
1212.0;10;29;5;11;87;21;5;24;8
1218.0;8;29;5;12;85;22;6;25;8
1224.0;5;30;4;14;86;21;6;26;8
1230.0;6;28;3;14;87;20;6;26;10
1236.0;5;29;3;12;86;21;6;26;12
1242.0;6;31;3;12;87;20;6;25;10
1248.0;9;29;4;12;87;22;8;23;6
1254.0;10;28;5;14;87;20;8;21;7
1260.0;9;28;5;15;87;22;8;21;5
1266.0;7;27;6;15;84;23;11;21;6
1272.0;9;26;5;15;84;23;10;19;9
1278.0;9;26;5;14;84;22;11;17;12
1284.0;9;26;5;16;83;22;11;17;11
1290.0;12;25;7;15;82;21;12;15;11
1296.0;12;25;6;15;83;19;16;14;10
1302.0;11;23;6;15;83;21;17;13;11
1308.0;10;21;6;15;83;22;17;14;12
1314.0;10;20;7;15;84;20;17;14;13
1320.0;11;21;6;16;84;20;16;14;12
1326.0;11;18;5;17;85;20;18;14;12
1332.0;12;17;5;21;84;19;16;14;12
1338.0;12;16;6;17;87;20;14;15;13
1344.0;10;15;8;19;89;20;13;14;12
1350.0;8;15;9;17;89;20;12;17;13
1356.0;8;17;8;19;91;20;11;16;10
1362.0;10;16;9;16;92;19;11;17;10
1368.0;10;16;12;16;91;18;12;17;8
1374.0;9;15;13;16;92;18;12;17;8
1380.0;9;13;11;18;95;18;11;16;9
1386.0;11;12;11;17;96;18;10;17;8
1392.0;11;12;10;17;96;21;11;14;8
1398.0;10;13;8;17;95;23;10;15;9
1404.0;10;13;7;15;96;24;11;15;9
1410.0;8;13;12;16;97;22;9;16;7
1416.0;10;13;12;16;97;20;8;17;7
1422.0;8;12;13;17;96;20;8;18;8
1428.0;10;14;14;15;95;20;9;18;5
1434.0;8;14;14;15;95;20;9;18;7
1440.0;7;13;14;15;94;21;9;20;7
1446.0;8;11;13;13;94;21;10;22;8
1452.0;10;10;15;11;93;21;8;24;8
1458.0;12;10;16;12;92;19;8;24;7
1464.0;13;13;14;12;94;17;7;23;7
1470.0;12;13;14;12;95;17;7;22;8
1476.0;12;12;14;13;96;15;8;21;9
1482.0;12;13;12;13;96;16;7;20;11
1488.0;9;13;11;14;95;19;7;20;12
1494.0;9;16;12;14;95;15;8;20;11
1500.0;10;17;14;14;95;14;6;21;9
1506.0;10;18;14;15;93;15;6;19;10
1512.0;12;17;15;16;92;14;6;20;8
1518.0;12;17;16;18;92;14;7;17;7
1524.0;12;18;15;18;90;15;7;16;9
1530.0;13;21;11;17;90;14;7;18;9
1536.0;12;21;13;17;90;15;6;18;8
1542.0;12;21;15;15;90;16;5;18;8
1548.0;12;19;13;16;90;17;7;19;7
1554.0;10;16;16;17;90;17;10;16;8
1560.0;9;16;16;18;90;17;10;17;7
1566.0;9;16;16;19;89;15;10;19;7
1572.0;9;18;16;17;91;13;11;17;8
1578.0;10;18;16;17;92;13;8;18;8
1584.0;11;18;16;18;91;13;5;18;10
1590.0;12;17;14;18;91;16;5;18;9
1596.0;15;17;14;16;89;16;5;18;10
1602.0;16;17;13;15;92;16;4;18;9
1608.0;14;17;12;17;91;17;4;17;11
1614.0;15;17;11;17;88;18;4;19;11
1620.0;13;18;11;15;90;18;4;18;13
1626.0;13;18;11;17;91;18;3;15;14
1632.0;13;18;12;18;91;17;3;13;15
1638.0;14;17;11;18;92;17;4;13;14
1644.0;13;18;12;19;92;19;4;13;10
1650.0;12;18;14;18;93;18;5;13;9
1656.0;11;20;14;18;93;17;6;12;9
1662.0;9;20;15;19;92;17;6;12;10
1668.0;9;21;14;20;92;17;7;11;9
1674.0;8;23;13;23;90;17;7;9;10
1680.0;7;22;13;21;92;17;8;11;9
1686.0;9;21;11;20;92;16;11;11;9
1692.0;11;21;10;18;91;16;11;12;10
1698.0;11;19;9;20;91;15;10;16;9
1704.0;11;20;10;20;89;15;11;16;8
1710.0;8;21;8;22;89;16;11;14;11
1716.0;8;20;8;18;87;17;13;15;14
1722.0;8;21;8;20;87;17;12;14;13
1728.0;6;20;9;20;87;18;14;14;12
1734.0;6;19;9;17;89;21;14;16;9
1740.0;6;18;10;17;89;21;15;15;9
1746.0;8;20;11;17;87;20;14;15;8
1752.0;9;19;11;16;89;20;12;15;9
1758.0;9;20;12;15;89;19;12;16;8
1764.0;11;18;10;14;89;22;13;17;6
1770.0;12;16;9;17;88;23;12;17;6
1776.0;12;17;9;17;88;25;11;15;6
1782.0;11;16;9;17;88;25;11;15;8
1788.0;13;16;8;14;88;26;10;15;10
1794.0;14;15;9;15;86;26;11;16;8
