#auto generated file!
12.0;42;42;39;39;36;46;41;43;42
18.0;40;43;38;41;42;44;37;45;40
24.0;39;44;31;40;47;44;39;49;37
30.0;39;45;31;39;50;47;38;49;32
36.0;40;43;37;40;52;43;34;53;28
42.0;37;45;36;43;56;38;34;54;27
48.0;39;44;35;41;58;38;31;56;28
54.0;35;45;34;46;59;38;28;58;27
60.0;33;45;36;45;61;37;29;59;25
66.0;33;44;39;43;61;38;26;62;24
72.0;34;46;33;48;60;37;29;58;25
78.0;33;45;35;46;59;34;30;58;30
84.0;32;48;35;47;63;36;24;59;26
90.0;30;53;34;47;63;37;24;57;25
96.0;31;55;35;43;67;35;25;57;22
102.0;32;51;34;43;70;36;22;58;24
108.0;31;55;28;45;69;37;23;56;26
114.0;31;54;29;43;70;37;24;58;24
120.0;31;53;26;45;72;39;22;56;26
126.0;29;51;26;44;74;42;21;54;29
132.0;26;52;25;47;78;45;21;54;22
138.0;29;49;25;47;79;43;20;52;26
144.0;29;50;25;48;81;40;20;50;27
150.0;28;46;26;49;81;41;26;46;27
156.0;29;48;25;50;81;42;25;45;25
162.0;31;46;22;50;82;43;25;48;23
168.0;29;47;22;51;82;44;20;50;25
174.0;30;46;20;53;85;43;17;49;27
180.0;23;47;24;53;89;42;14;52;26
186.0;20;48;25;52;91;43;14;52;25
192.0;19;44;27;48;96;45;15;53;23
198.0;21;44;25;46;98;45;17;52;22
204.0;22;44;24;44;100;45;15;52;24
210.0;21;42;25;44;103;45;14;52;24
216.0;17;43;28;43;105;42;16;53;23
222.0;17;43;23;42;107;46;17;52;23
228.0;16;44;24;46;108;45;16;51;20
234.0;16;48;23;43;111;46;20;44;19
240.0;17;48;20;41;111;49;19;48;17
246.0;18;50;18;41;113;49;16;47;18
252.0;17;48;17;42;113;50;17;47;19
258.0;17;45;14;44;115;50;21;46;18
264.0;17;43;12;49;118;46;23;44;18
270.0;19;44;13;54;118;46;20;39;17
276.0;18;42;15;52;119;52;19;39;14
282.0;17;40;20;52;121;47;20;39;14
288.0;16;37;21;50;122;49;22;39;14
294.0;18;35;24;48;125;45;21;41;13
300.0;18;36;21;47;125;49;19;42;13
306.0;20;36;21;45;127;48;17;42;14
312.0;22;37;20;45;126;49;14;42;15
318.0;21;33;22;41;129;48;13;46;17
324.0;21;33;19;42;129;48;12;46;20
330.0;19;34;19;43;128;51;14;43;19
336.0;21;36;16;41;130;45;16;45;20
342.0;20;34;15;42;134;44;16;44;21
348.0;21;31;15;40;134;46;20;42;21
354.0;20;27;17;43;133;46;19;43;22
360.0;18;28;20;39;134;47;19;42;23
366.0;17;33;21;37;137;47;18;41;19
372.0;19;34;22;35;138;46;20;39;17
378.0;16;34;22;34;138;48;18;41;19
384.0;16;33;23;32;138;45;21;41;21
390.0;15;32;22;33;138;45;22;42;21
396.0;16;32;20;35;136;45;19;44;23
402.0;19;31;18;36;134;46;19;44;23
408.0;18;31;15;36;137;46;21;45;21
414.0;19;30;15;35;139;46;19;47;20
420.0;16;31;18;37;140;46;19;44;19
426.0;18;30;20;38;140;42;23;41;18
432.0;17;31;18;40;146;41;20;40;17
438.0;16;29;20;39;147;42;21;40;16
444.0;14;32;18;38;150;43;23;40;12
450.0;14;32;17;38;150;41;22;41;15
456.0;13;32;17;36;149;43;23;43;14
462.0;17;31;15;39;153;40;20;41;14
468.0;18;31;15;39;152;37;20;43;15
474.0;20;31;16;36;151;40;17;45;14
480.0;21;32;15;38;148;38;19;45;14
486.0;21;31;16;38;150;33;17;46;18
492.0;21;30;17;40;152;33;18;44;15
498.0;20;32;16;40;155;30;17;43;17
504.0;19;33;16;39;154;33;19;42;15
510.0;19;33;14;38;152;36;19;44;15
516.0;16;33;14;39;153;34;20;45;16
522.0;13;33;12;40;155;35;20;46;16
528.0;13;32;11;41;155;35;20;46;17
534.0;12;30;11;40;157;36;20;47;17
540.0;11;30;7;38;159;38;20;48;19
546.0;13;31;7;33;161;40;22;45;18
552.0;13;31;9;36;161;40;20;42;18
558.0;12;31;10;37;161;39;22;40;18
564.0;15;30;6;39;162;37;21;43;17
570.0;14;30;8;40;162;39;19;43;15
576.0;13;33;9;39;163;39;19;41;14
582.0;13;34;9;38;163;39;18;42;14
588.0;13;31;10;41;163;39;18;38;17
594.0;12;29;9;43;165;39;18;38;17
600.0;12;30;12;42;164;36;19;38;17
606.0;16;27;13;38;164;37;22;38;15
612.0;18;26;13;40;165;35;20;36;17
618.0;17;27;11;38;169;35;20;37;16
624.0;17;27;13;37;168;34;19;38;17
630.0;18;27;14;35;171;36;18;38;13
636.0;15;29;15;36;169;37;19;39;11
642.0;14;28;15;35;171;38;17;40;12
648.0;14;28;13;33;173;38;19;40;12
654.0;14;28;15;34;174;37;16;39;13
660.0;14;27;17;37;172;36;17;37;13
666.0;14;28;17;37;170;34;20;37;13
672.0;17;27;16;35;168;35;21;40;11
678.0;18;27;14;35;169;36;17;41;13
684.0;16;29;17;34;168;36;19;39;12
690.0;17;29;19;33;167;38;16;38;13
696.0;21;28;21;35;163;39;16;34;13
702.0;19;28;22;35;163;38;16;33;16
708.0;19;29;23;36;163;38;14;31;17
714.0;15;28;21;36;163;40;16;33;18
720.0;14;29;22;35;164;39;17;33;17
726.0;15;29;20;35;164;40;17;32;18
732.0;16;32;19;35;163;39;16;32;18
738.0;17;34;20;36;162;38;13;32;18
744.0;18;33;20;36;163;38;14;34;14
750.0;17;32;17;39;164;38;15;34;14
756.0;18;31;17;36;161;39;17;34;17
762.0;18;33;14;40;158;37;19;34;17
768.0;18;34;15;40;160;35;17;33;18
774.0;21;34;12;40;161;38;16;33;15
780.0;15;34;14;42;157;41;19;34;14
786.0;14;35;16;42;160;37;17;36;13
792.0;14;39;15;40;160;38;16;35;13
798.0;14;36;17;40;161;35;20;33;14
804.0;15;36;20;41;163;33;17;33;12
810.0;15;34;22;38;163;31;15;36;16
816.0;17;34;20;38;163;30;15;37;16
822.0;17;33;16;41;166;33;16;35;13
828.0;16;32;15;41;167;32;19;36;12
834.0;18;32;14;40;167;32;22;36;9
840.0;19;35;15;40;166;33;18;35;9
846.0;18;33;17;39;165;35;18;36;9
852.0;18;32;16;41;165;32;18;37;11
858.0;19;35;16;39;166;30;16;36;13
864.0;19;32;15;40;166;32;14;37;15
870.0;17;35;13;41;169;29;15;38;13
876.0;14;35;12;43;169;31;15;39;12
882.0;14;37;10;42;169;31;17;35;15
888.0;12;39;10;38;169;32;17;38;15
894.0;12;34;10;37;170;34;17;39;17
900.0;15;35;10;36;169;32;16;42;15
906.0;15;35;11;35;173;34;17;38;12
912.0;14;38;11;33;174;34;17;35;14
918.0;11;38;11;33;174;35;15;37;16
924.0;10;40;10;35;175;33;15;37;15
930.0;10;38;10;34;175;33;16;37;17
936.0;10;40;10;33;173;34;16;37;17
942.0;12;41;11;35;174;32;13;38;14
948.0;11;38;12;38;173;32;13;37;16
954.0;10;36;14;38;174;31;13;34;20
960.0;9;31;12;40;175;34;11;37;21
966.0;7;31;14;39;174;32;13;40;20
972.0;9;32;13;40;173;33;15;38;17
978.0;10;33;13;40;170;33;16;36;19
984.0;10;31;16;41;172;34;15;34;17
990.0;8;33;17;40;173;36;13;34;16
996.0;11;34;17;38;171;35;15;34;15
1002.0;14;34;15;42;168;35;16;33;13
1008.0;14;38;14;40;166;38;16;32;12
1014.0;13;37;14;42;167;37;17;33;10
1020.0;15;39;14;42;163;34;18;31;14
1026.0;16;40;14;41;163;34;19;32;11
1032.0;15;39;17;40;162;37;18;31;11
1038.0;15;40;16;40;162;37;17;31;12
1044.0;15;40;15;40;159;37;19;32;13
1050.0;15;44;14;40;159;35;18;32;13
1056.0;18;43;12;38;159;36;19;32;13
1062.0;19;44;12;40;158;34;19;31;13
1068.0;22;44;10;37;159;36;20;31;11
1074.0;20;47;14;33;160;33;24;29;10
1080.0;20;44;11;36;159;30;24;32;14
1086.0;20;40;12;39;161;27;25;32;14
1092.0;18;40;11;39;163;29;25;32;13
1098.0;19;43;14;35;163;29;22;32;13
1104.0;18;44;13;36;164;28;19;33;15
1110.0;18;44;11;35;160;31;22;35;14
1116.0;16;44;13;35;160;30;23;35;14
1122.0;15;42;15;34;156;31;22;36;19
1128.0;13;42;18;33;154;31;23;36;20
1134.0;14;43;14;33;157;32;22;35;20
1140.0;15;45;11;33;157;34;21;36;18
1146.0;21;44;12;37;154;35;21;36;10
1152.0;23;41;11;34;153;37;24;38;9
1158.0;22;47;12;34;152;37;20;37;9
1164.0;24;46;15;34;151;37;19;36;8
1170.0;24;46;16;34;151;39;17;33;10
1176.0;25;42;17;33;151;41;16;31;14
1182.0;26;37;16;33;150;43;17;31;17
1188.0;26;40;18;32;150;40;18;30;16
1194.0;21;41;17;33;152;41;18;30;17
1200.0;20;38;17;34;152;43;20;29;17
1206.0;20;38;17;34;153;43;22;27;16
1212.0;20;38;20;32;153;44;20;27;16
1218.0;16;39;19;32;155;44;18;27;20
1224.0;15;41;16;31;155;45;18;31;18
1230.0;16;43;18;30;152;44;18;29;20
1236.0;18;43;17;31;153;41;18;29;20
1242.0;16;42;19;29;152;43;20;32;17
1248.0;13;44;22;31;154;40;22;30;14
1254.0;13;41;22;30;157;40;21;31;15
1260.0;15;41;23;30;156;41;19;32;13
1266.0;14;43;21;33;155;38;20;32;14
1272.0;14;43;21;34;155;35;20;33;15
1278.0;14;36;17;37;157;36;20;34;19
1284.0;15;38;17;34;160;37;14;35;20
1290.0;18;40;17;33;159;34;15;34;20
1296.0;16;42;17;35;162;30;17;29;22
1302.0;17;45;17;33;160;32;17;29;20
1308.0;16;44;18;33;158;33;18;28;22
1314.0;16;44;17;32;159;36;18;28;20
1320.0;17;45;18;30;161;36;17;28;18
1326.0;18;47;18;30;157;35;17;30;18
1332.0;19;45;18;30;158;36;17;31;16
1338.0;22;42;18;30;158;34;19;33;14
1344.0;23;39;20;33;157;35;18;34;11
1350.0;25;39;19;35;155;35;18;33;11
1356.0;26;39;18;35;156;34;16;33;13
1362.0;23;36;19;39;158;35;18;32;10
1368.0;24;34;21;37;159;33;18;33;11
1374.0;29;33;21;34;157;32;21;32;11
1380.0;29;31;18;36;156;33;22;35;10
1386.0;29;30;19;35;159;32;20;34;12
1392.0;27;31;19;34;159;32;18;37;13
1398.0;26;30;20;33;159;34;17;37;14
1404.0;23;31;21;34;159;33;16;40;13
1410.0;22;31;20;35;163;35;15;39;10
1416.0;19;29;24;34;160;40;15;38;11
1422.0;18;33;23;30;158;41;16;38;13
1428.0;18;32;24;30;157;40;16;36;17
1434.0;18;29;24;28;157;39;23;36;16
1440.0;20;31;21;30;154;39;23;36;16
1446.0;23;30;23;31;152;39;24;32;16
1452.0;26;30;23;31;152;38;23;32;15
1458.0;24;30;24;30;152;38;22;33;17
1464.0;23;31;26;29;152;39;23;33;14
1470.0;24;32;25;27;155;40;26;32;9
1476.0;23;31;26;27;156;39;24;36;8
1482.0;23;33;27;27;156;40;20;34;10
1488.0;19;35;24;28;158;39;19;38;10
1494.0;19;33;24;30;161;41;17;37;8
1500.0;18;32;23;29;160;42;18;37;11
1506.0;16;32;21;29;160;43;21;34;14
1512.0;16;34;20;30;161;43;19;34;13
1518.0;21;34;21;29;162;40;19;32;12
1524.0;20;36;22;28;163;38;21;30;12
1530.0;20;33;23;28;165;38;21;29;13
1536.0;20;32;20;29;168;40;21;26;14
1542.0;20;32;17;27;172;41;21;27;13
1548.0;20;35;15;28;172;40;24;25;11
1554.0;21;32;16;25;176;42;24;21;13
1560.0;21;28;17;25;174;41;24;25;15
1566.0;19;30;18;26;174;41;20;28;14
1572.0;19;31;18;26;174;42;19;28;13
1578.0;19;33;20;23;174;42;16;28;15
1584.0;18;32;21;22;172;43;14;32;16
1590.0;16;32;21;25;172;42;11;31;20
1596.0;14;34;18;28;171;41;13;32;19
1602.0;10;33;22;29;170;40;13;35;18
1608.0;13;34;20;27;172;41;15;35;13
1614.0;11;34;18;26;173;44;13;35;16
1620.0;12;32;19;29;171;40;14;37;16
1626.0;11;32;17;28;172;39;14;41;16
1632.0;13;35;17;30;170;40;11;39;15
1638.0;15;31;20;30;171;39;11;37;16
1644.0;14;31;20;31;171;39;12;36;16
1650.0;14;31;20;34;174;37;10;35;15
1656.0;16;31;20;35;170;35;12;33;18
1662.0;16;34;16;37;173;32;11;32;19
1668.0;17;36;17;36;171;33;9;33;18
1674.0;17;34;19;32;176;33;10;32;17
1680.0;15;35;17;33;175;34;10;33;18
1686.0;14;34;17;35;172;36;11;32;19
1692.0;14;33;20;35;173;35;11;31;18
1698.0;14;32;22;36;173;33;9;34;17
1704.0;15;32;20;36;171;35;13;33;15
1710.0;13;30;20;36;172;37;14;32;16
1716.0;13;31;17;37;169;37;16;32;18
1722.0;12;32;16;37;168;36;17;34;18
1728.0;14;33;18;35;169;34;17;33;17
1734.0;12;32;19;36;168;34;19;33;17
1740.0;10;30;19;39;167;36;21;31;17
1746.0;9;27;22;37;166;34;27;33;15
1752.0;9;23;22;37;166;34;32;33;14
1758.0;11;22;20;36;164;33;32;35;17
1764.0;12;20;22;33;163;32;33;35;20
1770.0;10;22;23;37;160;32;32;34;20
1776.0;12;21;22;40;159;31;31;34;20
1782.0;12;25;23;38;159;35;23;35;20
1788.0;15;28;20;35;158;32;24;39;19
1794.0;16;28;20;36;159;31;22;39;19
