#auto generated file!
12.0;39;42;34;39;34;28;28;29;37
18.0;36;39;37;39;36;28;29;31;35
24.0;38;41;36;34;42;32;29;30;28
30.0;39;40;37;37;43;33;27;30;24
36.0;37;43;35;37;48;31;26;28;25
42.0;35;44;35;37;51;34;22;30;22
48.0;32;46;33;38;50;36;22;30;23
54.0;30;46;30;37;53;38;22;31;23
60.0;27;46;31;37;53;40;24;30;22
66.0;27;47;31;37;55;41;22;31;19
72.0;22;48;30;34;55;43;25;32;21
78.0;23;49;32;33;57;44;24;28;20
84.0;25;50;28;34;58;43;25;27;20
90.0;25;47;27;32;60;45;26;26;22
96.0;23;47;27;36;61;44;24;27;21
102.0;26;48;27;34;61;43;21;28;22
108.0;26;49;25;32;63;45;21;28;21
114.0;24;45;25;34;60;46;23;30;23
120.0;26;45;26;34;60;46;20;32;21
126.0;25;45;25;37;61;47;18;33;19
132.0;24;43;24;37;63;46;17;32;24
138.0;22;46;24;40;65;46;19;28;20
144.0;22;44;25;41;67;47;17;27;20
150.0;21;43;19;42;68;47;20;27;23
156.0;22;40;20;40;71;47;21;27;22
162.0;20;42;20;39;74;46;21;28;20
168.0;17;46;21;40;74;44;21;27;20
174.0;16;47;21;38;74;45;23;27;19
180.0;16;46;21;39;75;45;21;31;16
186.0;16;47;19;39;76;46;19;32;16
192.0;16;42;20;39;78;49;20;33;13
198.0;14;42;18;43;79;47;19;33;15
204.0;15;43;20;40;79;49;16;34;14
210.0;15;36;19;40;80;51;16;38;15
216.0;17;37;16;38;81;53;17;35;16
222.0;18;38;16;38;82;52;15;33;18
228.0;19;39;17;39;84;49;14;31;18
234.0;19;39;16;40;85;48;13;30;20
240.0;19;38;17;37;86;48;16;29;20
246.0;19;38;15;39;86;44;16;30;23
252.0;25;39;15;38;85;40;16;32;20
258.0;26;41;17;36;81;40;16;35;18
264.0;25;39;18;36;81;41;15;37;18
270.0;22;40;19;35;82;43;15;37;17
276.0;19;39;18;35;83;41;18;39;18
282.0;20;40;15;34;86;40;22;38;15
288.0;23;37;17;31;86;40;20;38;18
294.0;20;37;18;30;86;43;22;38;16
300.0;22;36;19;31;86;38;24;36;18
306.0;24;37;18;31;86;37;24;36;17
312.0;23;38;17;33;87;36;24;33;19
318.0;21;38;16;34;89;39;20;31;22
324.0;23;36;17;35;88;39;19;32;21
330.0;21;34;19;34;88;42;19;32;21
336.0;21;34;19;31;92;39;20;34;20
342.0;20;37;20;32;92;38;19;33;19
348.0;22;36;19;28;93;38;18;34;22
354.0;23;34;16;34;93;37;16;33;24
360.0;21;32;16;33;93;37;20;31;27
366.0;20;30;15;34;94;37;20;34;26
372.0;20;32;14;34;95;36;19;33;27
378.0;19;32;15;36;98;34;16;32;28
384.0;18;32;18;33;97;38;17;31;26
390.0;18;33;16;34;97;37;19;30;26
396.0;17;32;17;36;97;36;18;31;26
402.0;18;29;15;35;96;37;19;32;29
408.0;19;29;15;34;98;36;20;32;27
414.0;19;30;14;32;99;38;22;31;25
420.0;17;32;14;31;100;36;23;32;25
426.0;19;32;14;32;100;35;21;33;24
432.0;18;33;10;31;101;34;22;34;27
438.0;17;33;12;32;101;34;24;34;23
444.0;18;32;11;31;101;33;26;36;22
450.0;16;32;9;31;102;35;27;34;24
456.0;18;35;9;30;100;36;28;30;24
462.0;17;36;9;28;102;38;26;30;24
468.0;19;38;11;26;103;35;27;31;20
474.0;19;37;11;23;105;33;27;32;23
480.0;23;38;9;24;102;33;28;31;22
486.0;22;38;10;23;102;33;29;30;23
492.0;23;39;11;23;100;34;28;32;20
498.0;22;41;7;23;102;32;28;31;24
504.0;20;44;8;24;103;31;26;31;23
510.0;19;41;10;22;105;33;26;30;24
516.0;20;40;10;23;106;31;25;31;24
522.0;20;39;11;25;107;32;23;30;23
528.0;19;36;11;24;110;35;23;30;22
534.0;20;34;16;27;109;34;23;26;21
540.0;22;31;16;32;109;33;21;25;21
546.0;20;32;18;32;107;35;21;25;20
552.0;18;34;19;32;108;35;22;25;17
558.0;15;34;21;36;107;32;21;27;17
564.0;16;31;24;33;109;30;23;27;17
570.0;16;34;24;32;110;32;21;25;16
576.0;16;36;27;33;110;35;18;22;13
582.0;16;39;20;35;111;36;18;21;14
588.0;17;38;17;33;112;37;22;23;11
594.0;17;39;16;32;113;39;22;23;9
600.0;17;40;14;32;115;38;19;22;13
606.0;17;40;16;29;115;42;19;21;11
612.0;17;39;17;29;117;39;19;22;11
618.0;15;41;16;26;114;40;20;24;14
624.0;13;41;17;25;113;42;21;22;16
630.0;13;38;20;24;112;42;22;25;14
636.0;14;40;20;24;112;44;21;19;16
642.0;13;42;21;26;113;45;17;20;13
648.0;12;45;18;27;111;47;16;21;13
654.0;11;49;18;26;108;45;19;21;13
660.0;12;49;15;31;110;43;19;19;12
666.0;13;48;15;32;111;39;17;21;14
672.0;13;44;15;33;111;40;19;21;14
678.0;15;42;15;35;113;39;16;20;15
684.0;16;43;14;35;113;38;14;20;17
690.0;17;39;13;36;114;39;14;19;19
696.0;15;38;15;35;117;40;16;18;16
702.0;15;38;17;36;116;37;16;17;18
708.0;15;39;18;39;117;34;13;18;17
714.0;18;38;16;40;116;32;14;20;16
720.0;16;38;16;41;114;32;15;22;16
726.0;19;39;17;39;113;30;14;20;19
732.0;20;39;17;38;114;27;15;20;20
738.0;20;39;18;35;115;26;16;20;21
744.0;21;41;15;37;115;26;16;20;19
750.0;21;44;15;39;115;26;13;18;19
756.0;17;45;17;36;116;25;13;23;18
762.0;18;45;16;35;118;24;14;23;17
768.0;18;44;16;36;121;23;13;23;16
774.0;21;43;17;34;120;22;13;22;18
780.0;22;41;17;34;121;22;12;25;16
786.0;20;46;16;33;118;22;12;27;16
792.0;20;46;14;31;120;22;13;27;17
798.0;19;46;12;35;122;18;14;29;15
804.0;17;44;12;35;123;19;16;30;14
810.0;17;42;11;34;124;20;16;29;17
816.0;17;44;10;35;126;18;17;28;15
822.0;16;48;9;33;127;21;16;27;13
828.0;15;47;10;34;129;19;15;28;13
834.0;18;44;10;34;127;18;16;28;15
840.0;17;45;9;34;127;19;16;29;14
846.0;16;46;9;34;127;19;14;28;17
852.0;14;44;9;35;126;21;13;29;19
858.0;14;44;9;36;127;21;13;29;17
864.0;14;44;8;37;130;25;13;26;13
870.0;14;39;10;35;130;28;13;27;14
876.0;12;39;9;35;129;27;13;31;15
882.0;11;35;12;35;130;26;14;31;16
888.0;12;37;12;37;129;28;12;29;14
894.0;12;34;14;38;129;29;10;30;14
900.0;11;34;13;39;127;31;10;31;14
906.0;12;31;17;38;126;31;8;32;15
912.0;13;30;16;37;127;35;8;31;13
918.0;14;28;16;38;126;35;9;30;14
924.0;15;26;14;40;128;31;14;29;13
930.0;13;24;14;39;133;32;15;27;13
936.0;12;24;18;37;134;32;16;24;13
942.0;14;27;21;34;132;29;14;26;13
948.0;16;25;23;31;131;33;13;27;11
954.0;16;27;23;29;132;31;14;29;9
960.0;19;27;23;30;132;29;16;27;7
966.0;22;26;25;33;128;28;17;26;5
972.0;20;27;22;35;130;30;17;25;4
978.0;20;26;22;35;132;29;17;25;4
984.0;18;27;21;35;131;30;18;26;4
990.0;19;26;22;33;131;31;17;25;6
996.0;20;27;23;30;129;32;16;27;6
1002.0;21;29;22;30;129;33;15;25;6
1008.0;21;30;20;29;130;32;17;25;6
1014.0;17;31;22;31;131;30;18;23;7
1020.0;15;33;19;31;134;29;20;22;7
1026.0;14;32;16;33;135;27;19;24;10
1032.0;12;33;12;30;139;31;18;22;13
1038.0;13;34;11;29;141;32;17;22;11
1044.0;16;33;12;29;141;30;18;21;10
1050.0;17;33;10;28;141;30;18;23;10
1056.0;18;34;10;28;140;30;17;22;11
1062.0;20;36;9;27;139;31;14;21;13
1068.0;20;35;9;27;140;29;15;22;13
1074.0;21;35;9;25;139;33;15;22;11
1080.0;21;33;9;24;139;36;16;21;11
1086.0;21;37;7;25;137;37;15;20;11
1092.0;21;36;9;25;139;37;15;18;10
1098.0;20;34;8;24;142;38;16;18;10
1104.0;20;33;6;23;143;40;17;18;10
1110.0;23;31;7;22;142;40;18;17;10
1116.0;24;32;9;23;141;38;15;17;11
1122.0;24;29;11;26;140;35;16;16;13
1128.0;24;31;11;25;144;33;14;19;9
1134.0;23;31;8;23;147;32;15;20;11
1140.0;22;30;8;23;146;32;17;20;12
1146.0;21;28;9;24;145;31;18;20;14
1152.0;20;28;9;28;145;30;15;23;12
1158.0;20;30;9;27;145;30;15;22;12
1164.0;20;27;9;28;145;30;13;23;15
1170.0;20;27;8;28;148;27;13;23;16
1176.0;20;24;8;31;150;27;10;24;16
1182.0;18;23;10;30;148;33;12;22;14
1188.0;18;22;13;28;149;31;13;22;14
1194.0;19;23;12;28;149;29;15;22;13
1200.0;18;24;10;27;148;28;18;23;14
1206.0;16;22;12;27;146;29;19;22;17
1212.0;20;21;11;27;145;27;20;22;17
1218.0;19;22;10;29;144;26;20;23;17
1224.0;17;23;10;33;144;24;17;24;18
1230.0;16;23;9;31;144;24;18;25;20
1236.0;17;23;13;29;141;26;17;27;17
1242.0;19;23;13;25;142;26;19;28;15
1248.0;20;20;14;26;143;26;18;26;17
1254.0;13;21;17;29;143;27;17;25;18
1260.0;11;21;18;27;144;28;17;27;17
1266.0;13;20;17;26;146;28;18;27;15
1272.0;11;21;16;27;145;25;18;28;19
1278.0;11;22;16;27;146;24;18;26;20
1284.0;13;21;15;23;145;25;20;27;21
1290.0;12;21;11;23;147;28;18;29;21
1296.0;11;21;11;25;145;30;16;31;20
1302.0;9;22;10;24;146;30;17;33;19
1308.0;9;24;11;24;147;28;18;32;17
1314.0;7;26;12;25;148;26;18;31;17
1320.0;7;26;11;26;149;25;17;30;19
1326.0;7;26;14;25;152;24;14;29;19
1332.0;7;25;15;21;150;23;17;33;19
1338.0;8;24;15;21;150;23;17;33;19
1344.0;8;25;14;21;151;25;17;33;16
1350.0;7;26;13;20;152;25;20;30;17
1356.0;8;22;15;20;151;26;22;30;16
1362.0;9;20;14;21;152;27;23;28;16
1368.0;10;21;13;24;151;29;21;27;14
1374.0;10;22;11;23;154;31;21;24;14
1380.0;11;22;11;21;153;31;20;26;15
1386.0;11;21;10;20;151;34;19;25;19
1392.0;11;22;10;21;150;35;20;23;18
1398.0;12;23;12;20;148;36;17;26;16
1404.0;12;24;12;22;147;36;15;25;17
1410.0;12;26;11;22;147;36;16;25;15
1416.0;12;27;11;21;153;34;16;23;13
1422.0;13;28;13;19;149;33;19;24;12
1428.0;12;31;13;21;149;33;19;19;13
1434.0;11;31;13;21;149;35;18;20;12
1440.0;11;30;14;20;150;36;18;21;10
1446.0;10;31;14;20;149;37;16;22;11
1452.0;7;30;16;22;151;36;16;21;11
1458.0;8;31;11;21;153;37;17;20;12
1464.0;7;32;12;23;152;36;16;21;11
1470.0;6;33;11;23;152;36;16;22;11
1476.0;5;32;11;24;151;35;17;25;10
1482.0;4;29;14;25;149;36;17;25;11
1488.0;6;30;14;27;145;37;15;25;11
1494.0;7;30;14;28;145;36;13;26;11
1500.0;7;28;14;29;144;35;13;26;14
1506.0;9;30;13;28;146;31;14;25;14
1512.0;10;31;11;30;146;34;13;22;13
1518.0;11;31;8;30;146;35;13;21;15
1524.0;11;28;9;29;147;35;11;21;19
1530.0;13;26;9;27;146;38;12;22;17
1536.0;15;25;9;26;147;34;14;24;16
1542.0;16;25;8;25;146;37;16;21;16
1548.0;15;28;7;26;147;37;15;21;14
1554.0;14;28;6;27;146;37;14;24;14
1560.0;14;28;7;27;145;37;11;24;17
1566.0;10;31;8;26;143;39;11;24;18
1572.0;12;31;8;27;140;39;13;23;17
1578.0;13;33;8;32;139;37;11;20;17
1584.0;13;32;11;31;139;37;10;20;17
1590.0;16;33;13;28;137;37;9;20;17
1596.0;14;31;14;30;136;35;9;21;20
1602.0;15;30;17;27;136;36;9;21;19
1608.0;19;30;19;27;135;35;9;19;17
1614.0;21;28;17;26;138;36;9;17;18
1620.0;21;30;19;27;134;33;9;22;15
1626.0;19;28;20;28;134;32;9;24;16
1632.0;22;27;18;31;133;33;8;24;14
1638.0;23;29;18;29;135;34;7;21;14
1644.0;22;24;16;33;138;32;7;22;16
1650.0;19;24;12;34;136;34;9;25;17
1656.0;18;29;16;33;135;30;9;21;19
1662.0;19;29;15;31;136;29;9;21;21
1668.0;18;29;16;28;137;30;12;22;18
1674.0;20;27;17;31;138;30;13;21;13
1680.0;21;27;16;30;137;30;11;24;14
1686.0;19;27;12;30;137;31;13;27;14
1692.0;18;26;13;29;139;32;13;26;14
1698.0;17;28;14;29;138;30;14;26;14
1704.0;18;28;13;30;140;28;15;24;14
1710.0;17;29;14;31;140;30;16;23;10
1716.0;17;28;13;32;139;31;15;25;10
1722.0;15;27;10;35;142;32;12;26;11
1728.0;15;26;10;36;144;28;14;24;13
1734.0;15;25;11;35;145;31;13;23;12
1740.0;12;25;14;35;147;32;9;25;11
1746.0;13;27;13;32;150;32;9;25;9
1752.0;12;28;14;32;152;33;8;23;8
1758.0;13;28;14;33;152;33;10;21;6
1764.0;12;28;12;34;152;33;11;22;6
1770.0;10;28;14;34;151;33;13;20;7
1776.0;14;27;15;32;152;30;13;21;6
1782.0;14;26;14;31;152;31;13;21;8
1788.0;13;28;14;32;152;29;14;22;6
1794.0;11;29;14;33;151;28;16;19;9
