#auto generated file!
12.0;41;37;37;39;37;42;38;36;43
18.0;39;39;34;36;40;43;40;37;42
24.0;37;42;32;36;41;43;41;38;40
30.0;32;46;32;34;44;44;39;40;39
36.0;28;51;28;33;46;48;39;40;37
42.0;29;50;25;32;48;46;44;40;36
48.0;27;48;26;35;49;49;44;38;34
54.0;28;45;27;35;53;49;43;38;32
60.0;26;45;26;36;55;50;41;39;32
66.0;26;43;23;40;55;53;41;43;26
72.0;27;39;24;37;58;52;39;47;27
78.0;28;38;21;38;62;49;41;46;27
84.0;27;35;20;40;66;51;37;48;26
90.0;28;34;18;42;69;48;37;51;23
96.0;28;34;19;41;70;47;37;49;25
102.0;26;37;21;38;73;45;37;48;25
108.0;22;38;22;40;76;46;36;46;24
114.0;22;38;24;38;77;46;39;45;21
120.0;23;40;25;37;76;46;35;47;21
126.0;23;42;26;38;75;44;33;48;21
132.0;23;42;23;37;74;43;34;52;22
138.0;22;42;23;38;74;40;33;52;26
144.0;22;42;22;37;76;40;33;54;24
150.0;25;42;25;38;78;38;32;51;21
156.0;25;40;25;39;79;41;35;49;17
162.0;21;39;27;42;78;41;36;51;15
168.0;22;40;28;43;80;37;31;51;18
174.0;24;38;25;46;81;35;28;52;21
180.0;22;38;23;48;84;34;29;50;22
186.0;23;36;22;45;91;35;28;51;19
192.0;22;37;22;46;96;34;27;47;19
198.0;25;36;23;44;98;38;25;43;18
204.0;21;37;20;47;99;37;24;40;25
210.0;21;36;21;45;100;36;25;38;28
216.0;21;35;19;47;102;37;23;37;29
222.0;23;35;17;47;103;37;23;39;26
228.0;21;34;19;50;101;38;22;40;25
234.0;19;33;18;51;103;38;23;40;25
240.0;17;36;18;47;105;37;23;41;26
246.0;17;35;15;46;110;41;24;38;24
252.0;17;32;16;46;113;44;25;34;23
258.0;17;33;14;45;115;43;25;33;25
264.0;20;33;14;45;113;41;28;33;23
270.0;19;34;13;42;113;46;29;32;22
276.0;19;35;13;44;112;45;31;30;21
282.0;21;34;16;43;112;43;26;33;22
288.0;16;34;17;43;111;44;27;34;24
294.0;17;35;17;41;114;43;24;34;25
300.0;19;32;16;40;118;43;22;36;24
306.0;18;31;17;40;121;40;24;32;27
312.0;16;30;14;44;120;38;25;34;29
318.0;18;28;16;45;122;39;20;35;27
324.0;23;27;15;46;121;39;19;35;25
330.0;23;28;15;45;121;40;21;35;22
336.0;23;29;15;45;122;42;21;36;17
342.0;21;32;12;46;124;42;19;36;18
348.0;20;31;14;47;126;44;15;34;19
354.0;20;32;16;45;126;46;12;35;18
360.0;22;35;16;43;128;44;15;32;15
366.0;21;35;15;44;128;40;17;34;16
372.0;22;36;16;41;129;37;19;36;14
378.0;22;36;12;38;130;41;21;39;11
384.0;21;34;13;38;130;41;19;41;13
390.0;18;34;13;40;130;42;16;43;14
396.0;19;31;12;39;135;37;18;46;13
402.0;23;30;12;39;133;38;19;43;13
408.0;24;30;12;40;132;37;18;42;15
414.0;21;31;14;37;135;38;18;41;15
420.0;20;32;15;36;134;39;18;41;15
426.0;22;30;16;36;136;37;18;41;14
432.0;21;31;16;36;137;38;18;40;13
438.0;22;32;17;35;141;36;16;37;14
444.0;22;31;16;34;145;35;13;38;16
450.0;21;30;15;33;147;37;12;37;18
456.0;20;34;17;30;144;37;12;39;17
462.0;21;37;17;29;147;38;10;35;16
468.0;18;34;22;30;148;37;8;36;17
474.0;18;34;22;30;149;34;8;36;19
480.0;20;32;24;29;149;37;8;35;16
486.0;21;33;22;28;148;38;9;38;13
492.0;20;34;20;27;150;37;10;37;15
498.0;21;34;21;27;150;35;10;38;14
504.0;23;33;23;26;150;34;9;38;14
510.0;24;36;20;24;152;34;10;35;15
516.0;24;37;23;23;152;33;10;32;16
522.0;21;34;23;24;156;34;10;32;16
528.0;19;33;27;28;155;38;7;30;13
534.0;18;31;23;29;155;39;12;28;15
540.0;19;32;21;30;154;39;11;27;17
546.0;15;32;19;31;154;39;15;28;17
552.0;15;30;17;30;154;38;18;28;20
558.0;16;30;15;32;155;38;17;28;19
564.0;18;32;12;34;152;38;16;31;17
570.0;20;31;15;35;150;36;15;31;17
576.0;20;32;18;32;151;33;15;31;18
582.0;21;29;16;36;153;32;15;30;18
588.0;25;24;16;37;152;33;16;29;18
594.0;23;24;18;40;147;35;17;30;16
600.0;21;22;17;43;147;38;16;33;13
606.0;22;22;18;42;146;36;17;33;14
612.0;18;22;18;42;147;38;18;32;15
618.0;19;24;13;41;148;36;20;34;15
624.0;18;24;12;37;149;37;19;36;18
630.0;16;25;14;38;150;36;17;34;20
636.0;15;24;16;43;145;35;17;37;18
642.0;13;24;18;42;143;36;15;38;21
648.0;12;20;17;44;144;40;15;37;21
654.0;13;21;17;45;142;42;14;38;18
660.0;11;22;16;43;141;44;13;38;22
666.0;9;23;17;43;141;42;13;41;21
672.0;8;25;15;43;141;43;15;42;18
678.0;8;26;13;42;140;42;14;45;20
684.0;9;27;11;42;140;42;15;46;18
690.0;8;28;12;43;141;43;14;44;17
696.0;8;29;13;42;142;44;14;45;13
702.0;8;29;14;40;141;44;18;44;12
708.0;9;29;14;40;144;43;18;38;15
714.0;10;29;13;38;144;47;15;38;16
720.0;10;29;15;35;146;45;17;37;16
726.0;12;31;12;33;147;42;18;39;16
732.0;13;32;9;36;146;42;16;39;17
738.0;18;32;10;33;146;42;16;36;17
744.0;19;32;10;31;146;41;18;36;17
750.0;19;35;11;30;144;41;18;36;16
756.0;21;32;11;30;141;44;17;36;18
762.0;19;31;13;31;142;44;16;35;19
768.0;20;31;12;31;140;45;18;33;20
774.0;15;34;12;31;142;43;19;35;19
780.0;15;35;12;32;140;44;21;34;17
786.0;15;37;14;29;142;43;21;32;17
792.0;15;38;14;30;142;41;23;31;16
798.0;16;38;12;33;143;41;24;28;15
804.0;16;35;12;34;143;42;22;31;15
810.0;18;36;13;35;139;41;20;31;17
816.0;18;32;12;36;138;44;19;36;15
822.0;19;32;14;34;138;43;19;36;15
828.0;17;35;14;32;140;41;19;36;16
834.0;17;33;12;35;139;44;18;35;17
840.0;16;34;13;36;141;43;17;34;16
846.0;15;34;11;36;143;43;15;37;16
852.0;14;32;14;38;143;38;17;38;16
858.0;16;31;12;38;142;40;19;36;16
864.0;16;35;12;38;141;39;17;36;16
870.0;17;34;13;38;141;37;20;34;16
876.0;14;31;14;37;144;37;24;34;15
882.0;15;30;13;34;146;39;24;35;14
888.0;15;30;15;34;146;40;20;36;14
894.0;16;31;17;33;144;41;20;35;13
900.0;18;34;14;34;142;43;18;36;11
906.0;18;35;13;33;144;42;21;34;10
912.0;19;28;13;36;145;45;22;32;10
918.0;20;28;14;36;144;44;24;31;9
924.0;17;27;14;38;145;44;25;30;10
930.0;17;27;14;39;146;44;25;28;10
936.0;20;27;14;41;148;42;20;26;12
942.0;19;27;14;40;148;42;20;27;13
948.0;18;27;15;39;151;39;19;28;14
954.0;19;25;15;38;152;38;18;28;17
960.0;21;25;15;38;148;37;18;30;18
966.0;23;28;17;35;148;35;15;29;20
972.0;24;26;18;34;148;34;16;31;19
978.0;22;28;17;36;146;38;17;31;15
984.0;20;30;20;37;144;34;19;29;17
990.0;21;28;21;38;142;36;19;27;18
996.0;20;31;16;39;143;34;20;27;20
1002.0;21;28;18;37;141;35;20;27;23
1008.0;19;28;18;35;142;34;21;29;24
1014.0;20;27;21;34;139;36;21;28;24
1020.0;23;26;21;33;137;34;22;31;23
1026.0;19;25;22;37;138;33;20;33;23
1032.0;21;26;22;37;139;32;19;34;20
1038.0;21;27;21;35;139;33;19;35;20
1044.0;22;27;22;35;139;33;17;35;20
1050.0;24;29;20;36;141;32;15;34;19
1056.0;24;29;19;40;142;30;16;33;17
1062.0;25;30;18;38;140;33;16;34;16
1068.0;24;29;22;37;140;31;17;33;17
1074.0;24;27;23;36;138;32;17;35;18
1080.0;22;25;20;37;141;32;20;35;18
1086.0;21;28;22;35;140;30;24;34;16
1092.0;20;28;21;38;138;30;24;34;17
1098.0;21;27;19;37;142;32;26;33;13
1104.0;23;24;21;34;142;31;25;35;15
1110.0;25;26;21;34;139;32;24;35;14
1116.0;25;27;18;36;141;33;24;32;14
1122.0;26;25;15;35;140;33;26;34;16
1128.0;24;25;16;35;142;33;27;33;15
1134.0;24;28;17;35;140;30;28;35;13
1140.0;23;29;17;37;140;28;26;36;14
1146.0;21;31;14;38;139;28;27;37;15
1152.0;21;31;16;36;137;29;28;35;17
1158.0;19;34;14;34;138;31;28;35;17
1164.0;18;34;15;33;138;31;27;36;18
1170.0;18;35;15;33;139;31;25;36;18
1176.0;16;37;15;35;140;30;24;35;18
1182.0;9;38;14;40;140;32;25;35;17
1188.0;11;36;12;41;142;33;24;35;16
1194.0;13;37;14;41;142;33;23;34;13
1200.0;12;40;13;38;145;32;21;36;13
1206.0;13;41;12;40;144;31;19;37;13
1212.0;16;41;11;39;143;30;22;34;14
1218.0;15;38;12;41;145;32;21;33;13
1224.0;16;39;11;40;144;30;21;33;16
1230.0;19;41;12;42;145;28;19;31;13
1236.0;18;37;13;42;149;29;16;32;14
1242.0;20;35;15;43;149;28;14;32;14
1248.0;19;35;18;41;151;28;14;30;14
1254.0;17;36;18;40;150;28;16;33;12
1260.0;18;37;18;39;148;27;18;31;14
1266.0;18;35;15;40;149;29;17;32;15
1272.0;17;35;14;38;152;30;15;34;15
1278.0;18;34;13;39;154;31;14;34;13
1284.0;19;32;13;38;156;32;15;34;11
1290.0;20;29;13;34;158;32;13;39;12
1296.0;22;27;14;35;156;32;13;39;12
1302.0;22;31;10;37;157;32;13;37;11
1308.0;23;29;12;37;157;32;14;35;11
1314.0;23;29;13;36;160;31;13;34;11
1320.0;20;28;16;35;162;33;13;31;12
1326.0;16;29;17;34;160;35;13;34;12
1332.0;15;30;18;36;162;35;12;32;10
1338.0;13;31;18;32;161;35;13;34;13
1344.0;11;30;18;29;162;34;14;34;18
1350.0;11;32;18;30;161;33;16;34;15
1356.0;10;34;19;30;159;33;16;33;16
1362.0;11;34;18;32;157;33;16;33;16
1368.0;11;34;19;34;156;35;15;32;14
1374.0;11;30;20;33;157;35;17;33;14
1380.0;11;30;19;33;157;35;19;30;16
1386.0;13;29;19;32;157;35;19;31;15
1392.0;13;29;19;31;156;39;18;31;14
1398.0;13;25;16;32;158;41;17;34;14
1404.0;13;23;16;34;157;40;16;36;15
1410.0;16;22;15;34;156;38;16;37;16
1416.0;19;22;15;32;157;37;17;34;17
1422.0;16;25;15;33;156;37;20;31;17
1428.0;16;26;15;33;156;35;18;35;16
1434.0;15;28;15;33;157;35;18;33;16
1440.0;14;30;17;33;158;33;18;33;14
1446.0;14;30;18;34;156;33;15;35;15
1452.0;14;32;18;32;157;33;14;34;16
1458.0;14;31;17;35;158;37;11;34;13
1464.0;14;31;17;34;157;38;12;34;13
1470.0;18;31;17;34;154;38;12;31;15
1476.0;17;32;17;30;152;39;13;34;16
1482.0;16;33;16;32;150;40;11;33;19
1488.0;18;34;17;29;152;40;9;33;18
1494.0;21;33;16;28;152;41;11;31;17
1500.0;20;31;16;29;154;39;12;32;17
1506.0;19;29;16;28;153;39;16;30;20
1512.0;19;30;17;27;153;39;15;28;22
1518.0;20;28;17;24;153;41;15;28;24
1524.0;21;28;15;22;153;42;17;28;24
1530.0;20;25;16;21;152;43;17;30;26
1536.0;19;25;16;20;155;43;17;28;27
1542.0;21;26;15;15;154;43;18;32;26
1548.0;18;26;17;17;157;39;15;34;27
1554.0;17;27;18;16;156;37;14;38;27
1560.0;16;27;21;15;158;33;15;41;24
1566.0;15;29;21;13;157;36;15;39;25
1572.0;17;30;19;14;155;33;19;37;26
1578.0;17;30;19;17;158;32;15;38;24
1584.0;15;30;16;20;160;30;15;38;26
1590.0;16;32;18;20;162;31;12;33;26
1596.0;16;35;20;19;161;30;9;33;27
1602.0;13;31;18;24;161;31;15;34;23
1608.0;16;28;18;26;159;29;15;34;25
1614.0;16;27;16;27;160;29;19;34;22
1620.0;17;28;15;22;162;35;15;36;20
1626.0;18;30;14;23;160;34;13;37;21
1632.0;15;30;14;28;158;35;13;36;21
1638.0;15;30;14;26;158;35;14;38;20
1644.0;16;31;15;27;158;34;15;35;19
1650.0;16;31;15;28;160;35;13;33;19
1656.0;15;32;15;29;159;35;15;32;18
1662.0;17;29;14;32;159;33;15;34;17
1668.0;19;30;11;32;156;35;14;36;17
1674.0;20;33;12;31;155;33;13;37;16
1680.0;20;33;12;32;155;34;12;35;17
1686.0;21;32;12;31;157;33;10;33;21
1692.0;21;31;15;31;159;36;9;29;19
1698.0;18;31;13;32;162;38;10;27;19
1704.0;19;30;14;34;161;38;9;26;19
1710.0;18;30;17;35;159;35;11;26;19
1716.0;17;34;15;36;160;35;13;25;15
1722.0;15;39;17;36;159;32;13;25;14
1728.0;17;39;16;36;161;32;14;23;12
1734.0;15;38;16;35;161;34;13;27;11
1740.0;15;40;16;36;161;30;14;25;13
1746.0;17;35;16;35;160;31;15;25;16
1752.0;20;34;15;32;162;32;16;24;15
1758.0;21;34;15;32;162;30;16;26;14
1764.0;24;33;15;28;162;33;16;25;14
1770.0;22;33;14;28;163;33;17;25;15
1776.0;21;38;13;29;163;32;15;24;15
1782.0;18;38;17;32;160;32;14;24;15
1788.0;18;38;17;32;157;36;11;25;16
1794.0;21;38;16;31;158;38;9;26;13
