#auto generated file!
12.0;51;63;51;48;61;50;56;50;70
18.0;51;64;54;51;68;47;50;51;64
24.0;50;61;56;50;73;48;48;53;61
30.0;51;61;55;48;76;54;43;57;55
36.0;47;54;53;47;80;60;46;62;51
42.0;43;56;51;50;81;60;45;62;52
48.0;42;55;49;54;85;61;44;62;48
54.0;43;55;50;56;87;56;43;64;46
60.0;37;54;44;56;90;59;45;67;48
66.0;36;52;46;59;91;60;42;67;47
72.0;36;57;47;62;92;58;38;67;43
78.0;35;57;46;61;95;59;33;69;45
84.0;33;58;47;59;97;64;36;64;42
90.0;31;54;46;59;98;66;40;65;41
96.0;35;54;48;57;98;69;34;64;41
102.0;35;57;44;58;98;64;36;67;41
108.0;34;57;46;57;98;63;35;68;42
114.0;36;56;44;58;97;64;35;65;45
120.0;34;61;43;60;97;64;30;65;46
126.0;28;62;45;63;100;62;32;66;42
132.0;29;59;44;60;106;63;32;67;40
138.0;30;59;39;63;107;60;32;70;40
144.0;30;62;35;61;110;59;32;73;38
150.0;29;64;35;61;113;59;31;72;36
156.0;26;65;36;60;115;58;33;72;35
162.0;28;64;37;60;115;60;30;73;33
168.0;30;62;33;64;120;62;30;70;29
174.0;28;63;30;61;124;63;34;68;29
180.0;29;63;30;61;124;62;32;68;31
186.0;28;66;31;61;125;62;29;68;30
192.0;32;68;28;59;126;60;30;65;32
198.0;34;70;27;58;128;57;31;65;30
204.0;34;71;25;57;128;56;29;69;31
210.0;37;71;21;61;136;56;28;62;28
216.0;36;72;22;62;141;54;24;63;26
222.0;30;73;27;61;143;54;25;60;27
228.0;27;71;27;64;143;56;28;59;25
234.0;29;68;29;63;148;54;27;57;25
240.0;28;67;28;65;151;53;25;57;26
246.0;27;64;26;68;154;52;26;60;23
252.0;24;67;25;65;156;54;25;61;23
258.0;25;65;23;59;159;57;27;60;25
264.0;28;64;22;59;156;59;29;59;24
270.0;28;68;19;62;159;58;30;52;24
276.0;32;69;20;63;160;53;26;50;27
282.0;28;72;23;61;161;54;26;48;27
288.0;26;73;24;58;159;54;28;50;28
294.0;28;71;26;54;159;55;29;48;30
300.0;31;71;25;58;160;52;25;52;26
306.0;33;65;27;51;163;54;26;52;29
312.0;30;61;26;51;161;59;29;51;32
318.0;26;63;29;51;160;58;30;51;32
324.0;27;65;32;49;162;55;32;50;28
330.0;26;65;30;52;162;56;30;48;31
336.0;27;62;30;51;164;53;29;49;35
342.0;27;62;34;51;165;51;30;49;31
348.0;30;62;33;52;163;55;28;47;30
354.0;30;61;33;49;164;53;30;51;29
360.0;30;58;31;50;167;55;31;50;28
366.0;27;60;29;50;171;55;29;50;29
372.0;29;65;26;50;172;53;30;49;26
378.0;30;62;28;51;173;54;29;46;27
384.0;27;65;30;49;175;54;26;46;28
390.0;24;65;32;49;177;55;28;45;25
396.0;25;64;31;48;180;57;28;44;23
402.0;30;62;29;48;181;58;28;44;20
408.0;28;57;28;46;183;58;28;50;22
414.0;27;61;25;48;181;58;28;49;23
420.0;29;63;25;42;184;54;26;53;24
426.0;24;64;22;47;183;53;28;53;26
432.0;25;58;20;44;185;55;29;57;27
438.0;23;59;22;49;187;52;29;53;26
444.0;26;58;23;47;192;51;24;50;29
450.0;24;55;25;44;195;54;23;50;30
456.0;28;54;27;43;199;52;18;52;27
462.0;25;53;22;44;204;52;22;53;25
468.0;24;51;22;49;206;50;23;52;23
474.0;24;50;22;47;206;50;22;52;27
480.0;22;47;21;48;206;50;23;54;29
486.0;21;47;22;50;209;48;23;52;28
492.0;23;46;21;50;207;49;26;53;25
498.0;25;48;21;48;208;47;25;53;25
504.0;26;46;20;46;208;54;27;51;22
510.0;27;49;18;45;205;59;27;51;19
516.0;26;49;20;45;206;60;25;49;20
522.0;27;50;23;43;205;56;23;48;25
528.0;29;50;23;42;206;53;24;45;28
534.0;32;50;17;45;205;53;26;47;25
540.0;31;45;16;43;207;59;25;47;27
546.0;30;47;16;41;208;58;27;49;24
552.0;29;46;14;41;212;56;28;51;23
558.0;31;45;15;41;211;56;28;50;23
564.0;28;44;16;41;214;54;29;51;23
570.0;26;42;17;46;215;53;28;53;20
576.0;27;42;17;47;213;52;25;56;21
582.0;28;41;20;47;213;50;23;56;22
588.0;24;42;19;45;213;51;23;59;24
594.0;23;44;21;43;212;47;22;60;28
600.0;18;46;19;42;215;52;22;61;25
606.0;17;46;19;43;217;52;20;62;24
612.0;19;46;17;42;218;54;21;63;20
618.0;21;46;17;45;217;54;23;58;19
624.0;23;45;18;45;217;54;22;58;18
630.0;24;43;19;48;221;51;18;59;17
636.0;25;41;18;52;220;51;18;55;20
642.0;25;41;20;49;223;46;19;55;22
648.0;25;44;20;46;222;47;20;54;22
654.0;28;41;22;47;223;49;19;50;21
660.0;27;41;19;47;225;51;23;48;19
666.0;26;43;19;47;225;51;26;46;17
672.0;26;41;20;48;229;51;19;46;20
678.0;26;43;21;47;231;47;18;46;21
684.0;28;44;22;48;230;48;19;42;19
690.0;28;45;24;48;231;50;19;39;16
696.0;26;46;20;48;231;52;20;41;16
702.0;21;46;23;50;230;50;23;41;16
708.0;23;47;18;52;229;51;22;40;18
714.0;21;48;18;51;232;51;22;38;19
720.0;20;47;19;50;232;51;24;40;17
726.0;20;48;18;48;230;50;24;42;20
732.0;21;48;17;45;232;52;22;45;18
738.0;20;50;20;44;231;51;23;46;15
744.0;21;53;22;43;231;48;24;44;14
750.0;23;54;19;41;231;49;24;44;15
756.0;21;57;20;39;235;46;23;42;17
762.0;19;55;20;41;233;48;23;43;18
768.0;20;55;23;39;231;45;23;45;19
774.0;18;50;22;38;235;49;21;46;21
780.0;21;49;19;36;236;49;21;45;24
786.0;20;47;16;36;234;52;22;45;28
792.0;25;49;16;36;232;53;21;40;28
798.0;22;49;14;36;237;52;20;44;26
804.0;20;49;14;35;233;53;25;47;24
810.0;21;49;15;35;233;53;24;47;23
816.0;21;50;16;37;230;51;28;47;20
822.0;23;52;17;41;226;49;25;42;25
828.0;21;56;17;40;227;47;22;47;23
834.0;23;56;17;41;228;42;24;46;23
840.0;23;53;18;41;227;41;26;47;24
846.0;22;53;19;40;224;43;28;48;23
852.0;22;52;20;37;222;44;30;48;25
858.0;20;55;19;39;219;44;30;50;24
864.0;21;53;21;35;220;42;30;55;23
870.0;17;56;21;35;220;43;31;54;23
876.0;17;55;20;35;221;43;33;55;21
882.0;14;54;17;38;220;44;34;58;21
888.0;16;53;19;37;221;44;33;57;20
894.0;18;54;18;40;222;44;32;54;18
900.0;15;56;19;38;222;44;29;56;21
906.0;14;54;20;38;222;46;29;56;21
912.0;16;51;18;36;220;49;29;57;24
918.0;18;48;19;39;218;50;28;58;22
924.0;21;49;21;37;216;50;29;57;20
930.0;19;49;22;36;215;48;30;61;20
936.0;19;48;20;38;220;47;28;60;20
942.0;15;48;20;37;221;49;30;61;19
948.0;15;46;19;37;221;49;30;61;22
954.0;17;48;22;38;219;45;28;61;22
960.0;19;48;23;37;218;39;28;64;24
966.0;18;48;23;36;218;41;31;63;22
972.0;21;50;23;35;216;40;30;62;23
978.0;19;52;23;36;214;41;31;61;23
984.0;21;49;22;39;215;40;32;60;22
990.0;19;50;24;41;213;41;30;60;22
996.0;18;51;24;43;215;40;28;62;19
1002.0;16;48;26;46;210;44;24;66;20
1008.0;15;51;23;46;209;46;23;65;22
1014.0;14;51;23;46;210;46;23;64;23
1020.0;13;50;23;44;212;47;22;64;25
1026.0;13;50;25;44;210;49;21;62;26
1032.0;14;47;22;45;209;49;26;61;27
1038.0;16;46;18;45;209;48;28;60;30
1044.0;18;51;19;44;209;46;24;59;30
1050.0;15;51;19;43;210;46;26;59;31
1056.0;17;52;20;45;209;44;27;59;27
1062.0;14;53;19;43;213;46;26;59;27
1068.0;17;55;20;43;211;46;27;58;23
1074.0;17;57;19;43;211;49;24;57;23
1080.0;16;52;17;45;217;50;24;57;22
1086.0;14;50;19;46;220;48;27;56;20
1092.0;13;48;18;47;221;48;29;57;19
1098.0;16;48;19;49;219;49;28;52;20
1104.0;15;49;18;49;220;47;28;54;20
1110.0;12;45;22;50;223;48;25;57;18
1116.0;11;45;21;49;221;50;24;57;22
1122.0;12;43;22;51;221;47;23;58;23
1128.0;11;44;21;53;225;45;23;57;21
1134.0;11;41;20;53;222;45;26;59;23
1140.0;12;38;23;49;221;47;25;59;26
1146.0;12;39;24;47;224;46;28;56;24
1152.0;15;40;26;47;222;44;25;57;24
1158.0;14;38;28;51;221;41;24;56;27
1164.0;15;36;29;51;221;43;24;56;25
1170.0;17;38;29;51;219;42;24;54;26
1176.0;18;37;27;55;220;43;24;52;24
1182.0;19;34;24;58;220;41;25;52;27
1188.0;21;38;22;57;217;40;26;53;26
1194.0;20;40;21;55;216;39;26;54;29
1200.0;23;38;17;58;218;42;26;53;25
1206.0;24;40;15;57;221;42;28;50;23
1212.0;21;39;15;57;223;41;30;49;25
1218.0;23;38;14;57;227;41;25;51;24
1224.0;20;37;17;61;222;42;25;50;26
1230.0;23;36;16;60;219;44;22;51;29
1236.0;25;37;15;59;221;43;19;49;32
1242.0;22;36;14;57;222;41;24;53;31
1248.0;23;39;15;57;222;36;24;55;29
1254.0;23;41;16;60;214;37;27;53;29
1260.0;22;39;18;56;217;40;27;55;26
1266.0;21;41;20;55;218;41;27;51;26
1272.0;21;38;20;56;220;40;27;50;28
1278.0;20;39;23;55;219;38;28;50;28
1284.0;18;37;25;54;216;40;33;49;28
1290.0;19;36;26;50;217;41;34;50;27
1296.0;19;37;24;53;217;37;34;51;28
1302.0;20;38;23;52;218;34;32;52;31
1308.0;17;36;24;52;222;38;32;48;31
1314.0;20;35;23;51;225;35;30;48;33
1320.0;17;35;27;50;226;35;32;46;32
1326.0;21;34;25;51;225;33;31;48;32
1332.0;23;32;26;51;223;36;32;49;28
1338.0;24;32;28;48;225;38;29;50;26
1344.0;24;33;28;48;223;38;31;50;25
1350.0;24;32;29;51;221;40;29;51;23
1356.0;23;35;27;51;226;37;30;50;21
1362.0;21;35;29;53;224;37;30;50;21
1368.0;23;34;26;59;221;41;26;48;22
1374.0;23;33;26;59;220;46;25;48;20
1380.0;26;33;27;53;221;46;25;46;23
1386.0;27;35;25;50;223;44;27;47;22
1392.0;29;36;25;49;226;44;27;42;22
1398.0;31;37;25;48;227;48;25;41;18
1404.0;30;38;23;48;227;46;26;41;21
1410.0;27;43;25;49;225;46;19;43;23
1416.0;28;42;25;51;222;45;17;47;23
1422.0;25;40;23;54;220;48;17;52;21
1428.0;26;39;21;58;221;49;19;49;18
1434.0;23;43;20;59;222;51;16;49;17
1440.0;24;44;18;61;223;49;18;49;14
1446.0;25;45;19;63;224;48;18;44;14
1452.0;24;46;20;63;228;48;16;42;13
1458.0;22;46;23;59;229;46;16;44;15
1464.0;21;47;22;59;229;46;17;41;18
1470.0;21;45;21;58;230;48;15;43;19
1476.0;21;41;22;63;228;43;16;43;23
1482.0;21;44;22;63;227;45;17;41;20
1488.0;23;42;22;62;227;45;17;40;22
1494.0;22;42;18;60;224;49;16;47;22
1500.0;25;39;20;59;229;48;17;47;16
1506.0;26;41;19;62;230;43;14;45;20
1512.0;27;41;18;61;231;42;16;43;21
1518.0;24;38;19;60;230;44;16;48;21
1524.0;24;39;15;62;227;45;19;46;23
1530.0;25;37;14;57;227;49;21;45;25
1536.0;25;37;14;52;232;53;23;46;18
1542.0;24;37;16;55;233;51;22;45;17
1548.0;24;40;17;50;234;51;22;44;18
1554.0;27;39;17;49;235;50;21;46;16
1560.0;27;37;17;48;233;51;25;47;15
1566.0;23;40;17;47;231;55;22;47;18
1572.0;22;37;18;47;235;57;26;43;15
1578.0;22;38;18;44;235;54;27;46;16
1584.0;20;40;16;44;235;57;25;47;16
1590.0;23;41;15;44;236;58;21;47;15
1596.0;25;38;19;46;236;59;23;41;13
1602.0;26;39;18;46;235;62;22;40;12
1608.0;25;37;19;46;232;65;21;40;15
1614.0;25;35;18;47;230;67;23;39;16
1620.0;24;35;16;48;230;66;25;38;18
1626.0;23;35;19;49;228;68;24;36;18
1632.0;24;35;16;49;227;69;25;35;20
1638.0;22;37;16;48;229;69;25;33;21
1644.0;22;36;15;47;231;65;29;32;23
1650.0;18;39;16;46;236;63;27;32;23
1656.0;16;37;17;45;239;61;29;33;23
1662.0;19;39;15;41;236;60;32;37;21
1668.0;20;41;14;43;233;59;31;37;22
1674.0;18;41;18;40;235;62;30;37;19
1680.0;18;39;21;41;234;61;32;38;16
1686.0;20;40;19;40;234;64;31;35;17
1692.0;23;40;19;41;235;61;32;32;17
1698.0;27;40;18;40;235;61;29;31;19
1704.0;20;41;21;42;234;61;30;29;22
1710.0;23;44;20;40;233;57;28;31;24
1716.0;20;46;18;40;232;58;26;31;29
1722.0;20;47;20;40;233;56;25;33;26
1728.0;18;47;19;38;235;56;25;36;26
1734.0;18;47;18;40;234;53;25;38;27
1740.0;18;48;15;44;231;52;23;41;28
1746.0;16;46;20;42;229;53;24;44;26
1752.0;17;46;20;44;228;55;22;42;26
1758.0;21;45;23;41;226;53;24;44;23
1764.0;23;44;19;44;225;55;24;44;22
1770.0;24;41;20;45;225;55;24;45;21
1776.0;24;44;16;44;228;59;21;44;20
1782.0;23;46;19;42;229;57;19;45;20
1788.0;25;46;18;40;230;59;19;43;20
1794.0;26;49;19;41;230;58;16;41;20
