#auto generated file!
12.0;17;28;28;19;23;23;22;23;17
18.0;16;26;27;19;23;26;21;24;18
24.0;15;26;23;18;26;26;22;25;19
30.0;14;24;25;20;27;27;20;25;18
36.0;14;23;24;21;28;28;20;28;14
42.0;13;25;21;22;35;26;20;27;11
48.0;15;26;20;19;35;25;20;28;12
54.0;16;26;19;21;38;26;17;28;9
60.0;16;23;17;22;40;28;18;27;9
66.0;16;23;18;20;40;29;15;27;12
72.0;16;23;17;21;41;30;15;26;11
78.0;15;23;17;20;41;31;13;28;12
84.0;15;23;16;21;46;29;11;28;11
90.0;14;21;16;21;47;29;10;29;13
96.0;15;20;17;21;49;27;9;27;15
102.0;15;22;15;17;52;29;7;28;15
108.0;18;21;13;20;52;30;7;27;12
114.0;18;20;15;19;53;30;9;24;12
120.0;18;23;15;18;54;29;9;22;12
126.0;17;23;15;17;56;28;10;23;11
132.0;17;23;14;18;57;27;12;20;12
138.0;15;23;16;19;58;28;10;20;11
144.0;15;23;16;19;59;27;9;20;12
150.0;12;22;19;19;59;26;12;19;12
156.0;12;24;18;20;62;24;10;19;11
162.0;12;19;21;21;62;25;8;21;11
168.0;13;18;19;19;62;26;9;22;12
174.0;12;17;19;19;61;28;10;21;13
180.0;13;15;17;18;62;31;9;22;13
186.0;11;14;15;18;64;29;11;23;15
192.0;12;15;14;21;66;27;8;24;13
198.0;11;16;13;22;65;27;7;25;14
204.0;11;16;13;20;66;28;6;24;16
210.0;8;17;12;20;67;28;7;26;15
216.0;6;19;13;23;69;28;5;25;12
222.0;7;22;10;25;70;28;4;23;11
228.0;9;19;14;24;68;26;5;23;12
234.0;8;20;15;23;69;24;4;22;15
240.0;7;22;14;26;72;22;3;20;14
246.0;7;20;16;27;70;24;3;20;13
252.0;6;21;17;27;71;23;3;21;11
258.0;5;20;16;28;71;24;3;23;10
264.0;5;20;18;26;71;24;3;20;13
270.0;6;19;18;25;73;24;5;20;10
276.0;6;21;17;23;73;23;7;19;11
282.0;8;22;14;22;73;26;6;21;8
288.0;8;24;14;20;73;26;6;22;7
294.0;11;23;14;22;72;25;7;19;7
300.0;11;22;15;21;73;26;6;20;6
306.0;11;21;14;20;72;28;8;18;8
312.0;13;18;12;21;73;26;8;21;8
318.0;13;19;12;20;72;25;11;21;7
324.0;13;20;13;21;70;25;10;23;5
330.0;11;20;11;24;74;24;9;22;5
336.0;13;21;11;23;73;23;9;22;5
342.0;12;19;14;25;72;21;10;21;6
348.0;11;16;14;25;72;22;12;22;6
354.0;11;15;14;23;73;23;13;24;4
360.0;12;15;13;21;72;25;15;24;3
366.0;12;14;13;23;73;24;14;21;6
372.0;11;19;11;20;74;24;15;20;6
378.0;11;16;10;23;76;24;16;19;5
384.0;10;20;7;21;77;27;14;19;5
390.0;10;18;7;21;79;27;13;19;6
396.0;9;17;7;21;82;26;12;18;8
402.0;9;20;7;20;84;26;10;15;9
408.0;12;18;7;18;86;26;10;15;8
414.0;13;19;7;19;86;25;9;14;8
420.0;14;23;6;19;85;24;8;13;8
426.0;14;24;7;19;85;21;8;15;7
432.0;12;25;10;16;86;18;9;14;10
438.0;11;24;9;16;85;18;10;16;11
444.0;11;23;12;16;88;16;11;14;9
450.0;13;24;11;14;90;16;11;12;9
456.0;11;25;11;14;90;15;9;14;11
462.0;12;24;11;14;90;14;9;15;11
468.0;13;23;8;13;92;15;9;16;11
474.0;14;24;6;12;91;15;11;17;10
480.0;13;24;4;15;91;14;12;18;9
486.0;12;23;4;17;90;13;11;20;10
492.0;11;23;5;18;92;12;11;19;9
498.0;13;22;4;17;91;12;11;19;11
504.0;13;22;6;19;91;11;9;17;12
510.0;13;21;5;20;91;12;8;18;12
516.0;14;21;6;21;89;13;8;17;11
522.0;15;22;5;22;87;16;7;18;8
528.0;14;21;5;21;88;16;9;18;8
534.0;14;21;6;19;90;14;8;20;8
540.0;14;23;5;19;89;16;6;21;7
546.0;14;23;5;20;90;16;5;22;5
552.0;14;21;6;19;90;16;5;23;6
558.0;12;22;6;18;90;16;5;24;7
564.0;10;25;7;19;90;15;7;22;5
570.0;8;25;7;20;89;15;8;22;6
576.0;10;25;9;22;86;13;10;20;5
582.0;9;27;9;21;87;13;10;18;6
588.0;12;26;11;21;86;14;7;17;6
594.0;12;24;11;23;87;13;8;16;6
600.0;10;24;10;25;88;12;7;17;7
606.0;9;23;10;25;89;13;7;17;7
612.0;10;22;11;23;89;12;7;17;9
618.0;9;22;12;24;90;10;8;16;9
624.0;9;19;11;23;91;9;10;18;10
630.0;7;21;9;23;89;12;12;17;10
636.0;7;19;9;23;90;15;12;18;7
642.0;7;19;8;20;92;15;11;19;9
648.0;8;21;8;18;94;14;12;18;7
654.0;8;21;8;17;93;14;14;19;6
660.0;9;22;9;16;94;13;13;18;6
666.0;7;21;8;13;98;15;11;19;8
672.0;8;21;8;15;97;16;9;16;10
678.0;7;21;9;15;97;17;7;16;11
684.0;7;22;8;14;98;17;6;17;11
690.0;6;22;8;14;99;16;7;18;10
696.0;6;22;8;13;96;17;8;21;9
702.0;5;22;8;14;95;18;7;20;11
708.0;5;22;7;14;95;20;6;19;12
714.0;5;24;5;13;96;20;6;18;13
720.0;6;25;6;13;94;17;7;19;13
726.0;6;23;7;12;99;16;6;20;11
732.0;6;25;7;12;97;17;6;21;9
738.0;7;24;7;12;97;17;7;21;8
744.0;7;22;7;13;99;17;8;21;6
750.0;7;22;6;14;98;18;8;21;6
756.0;7;24;7;12;98;17;9;21;5
762.0;8;24;6;13;98;17;9;21;4
768.0;9;24;6;12;97;17;8;20;7
774.0;11;24;6;11;95;17;8;22;6
780.0;10;24;6;12;95;18;7;22;6
786.0;10;24;6;13;94;18;7;22;6
792.0;11;24;6;11;95;18;7;20;8
798.0;10;25;8;11;94;19;8;18;7
804.0;10;26;10;9;94;20;7;18;6
810.0;9;27;8;9;94;19;6;18;10
816.0;9;28;6;9;93;20;7;18;10
822.0;8;28;7;10;92;20;6;19;10
828.0;6;30;11;10;92;19;6;16;10
834.0;6;30;10;10;90;21;6;18;9
840.0;8;28;8;10;90;23;4;19;10
846.0;9;27;8;15;89;22;3;17;10
852.0;9;27;9;15;88;24;2;17;9
858.0;10;27;8;13;90;21;3;19;9
864.0;9;26;8;12;91;22;4;19;9
870.0;8;26;9;12;91;21;4;19;10
876.0;9;27;9;11;91;21;4;18;10
882.0;9;25;9;10;92;21;5;18;11
888.0;10;25;7;10;92;20;6;19;11
894.0;10;27;10;9;91;21;3;18;11
900.0;10;29;11;9;89;20;4;18;10
906.0;7;28;11;11;90;21;6;16;10
912.0;7;26;9;14;91;22;5;16;10
918.0;8;26;7;13;92;21;5;19;9
924.0;9;23;6;15;92;23;3;19;10
930.0;8;21;7;16;93;22;4;20;9
936.0;9;21;6;15;95;19;4;21;10
942.0;7;20;7;17;94;17;5;22;11
948.0;7;20;7;19;93;19;3;22;10
954.0;7;19;11;20;95;16;3;21;8
960.0;8;18;10;20;96;16;3;21;8
966.0;7;19;8;19;97;17;4;21;8
972.0;6;19;9;19;97;18;5;21;6
978.0;6;19;8;19;97;17;6;22;6
984.0;6;20;9;19;97;15;6;22;6
990.0;5;24;7;17;98;13;10;20;6
996.0;5;23;5;17;100;12;11;21;6
1002.0;6;22;6;17;100;13;9;21;6
1008.0;6;22;8;16;98;14;9;21;6
1014.0;6;22;7;14;97;17;8;21;8
1020.0;6;22;6;15;96;18;9;20;8
1026.0;6;21;6;15;96;18;10;20;8
1032.0;6;21;7;13;97;18;11;19;8
1038.0;7;22;8;12;95;19;10;19;8
1044.0;7;22;9;11;96;20;9;20;6
1050.0;9;20;10;10;95;19;8;22;7
1056.0;7;21;10;10;93;17;9;25;8
1062.0;7;22;9;9;93;17;9;25;9
1068.0;7;22;9;9;94;18;7;24;10
1074.0;8;22;10;8;94;18;7;23;10
1080.0;8;20;9;10;93;20;8;21;11
1086.0;7;18;9;12;92;19;11;22;10
1092.0;8;19;9;13;91;21;11;22;6
1098.0;7;16;10;14;92;22;11;22;6
1104.0;5;17;7;16;93;21;12;23;6
1110.0;5;17;7;15;93;21;12;23;7
1116.0;6;16;8;16;93;18;12;23;8
1122.0;4;18;8;17;91;18;10;25;9
1128.0;5;19;8;16;94;15;10;26;7
1134.0;5;18;7;16;95;15;10;25;9
1140.0;4;19;7;15;94;15;9;24;13
1146.0;4;19;6;16;95;17;9;20;14
1152.0;6;20;5;17;94;18;9;19;12
1158.0;5;21;6;15;93;19;9;18;14
1164.0;5;20;6;13;95;17;11;19;14
1170.0;6;19;6;13;95;16;12;19;14
1176.0;7;19;8;13;93;15;11;20;14
1182.0;7;19;9;15;93;14;11;20;12
1188.0;8;19;9;15;93;12;12;19;13
1194.0;8;19;9;16;92;11;13;17;15
1200.0;10;21;10;17;91;10;10;17;14
1206.0;11;19;12;17;88;12;13;16;12
1212.0;10;21;10;18;88;12;12;15;14
1218.0;10;20;10;19;89;13;11;14;14
1224.0;8;22;11;20;90;13;9;14;13
1230.0;8;25;10;19;88;13;10;15;12
1236.0;8;24;10;21;95;13;7;15;7
1242.0;8;25;10;21;95;13;5;18;5
1248.0;8;23;8;20;94;16;6;20;5
1254.0;8;24;9;18;91;18;6;21;5
1260.0;11;23;8;14;91;19;7;20;7
1266.0;11;23;9;15;90;18;7;19;8
1272.0;10;25;10;14;88;19;8;17;9
1278.0;10;25;10;15;88;19;8;15;10
1284.0;10;24;10;17;90;19;7;12;11
1290.0;9;24;9;17;91;21;8;11;10
1296.0;9;24;9;17;91;21;11;11;7
1302.0;9;23;10;16;89;21;13;11;8
1308.0;7;24;11;15;88;22;11;14;8
1314.0;7;25;12;15;87;23;11;14;6
1320.0;6;23;12;18;87;19;11;16;8
1326.0;5;22;12;21;87;19;12;15;7
1332.0;8;22;11;22;86;18;10;16;7
1338.0;7;23;12;20;86;19;11;15;7
1344.0;9;23;12;18;86;18;10;15;9
1350.0;11;22;11;19;86;19;11;16;5
1356.0;11;24;10;18;87;17;11;18;4
1362.0;11;27;10;16;87;18;12;15;4
1368.0;10;28;9;14;87;18;14;15;5
1374.0;10;28;8;15;87;17;15;14;6
1380.0;12;28;8;15;87;18;12;14;6
1386.0;8;29;9;15;87;17;11;15;9
1392.0;8;29;9;16;87;17;10;14;10
1398.0;6;31;10;17;88;16;8;14;10
1404.0;8;29;11;16;88;17;6;15;10
1410.0;8;32;8;14;91;16;7;15;9
1416.0;7;31;7;14;92;16;9;14;10
1422.0;11;30;7;14;93;15;8;14;8
1428.0;8;28;8;11;96;17;9;14;9
1434.0;8;28;8;11;95;17;9;15;9
1440.0;6;28;8;12;96;15;9;16;10
1446.0;6;29;8;13;97;12;8;17;10
1452.0;6;30;5;15;99;13;6;16;10
1458.0;6;29;6;17;99;13;5;16;9
1464.0;6;28;4;18;101;16;3;15;9
1470.0;5;26;6;20;99;17;3;16;8
1476.0;6;27;6;19;98;15;4;17;8
1482.0;6;26;4;22;98;16;3;21;4
1488.0;8;26;5;22;99;14;3;19;4
1494.0;8;26;5;24;99;11;3;20;4
1500.0;8;26;7;23;100;10;2;20;4
1506.0;7;25;8;23;99;10;3;20;5
1512.0;8;22;8;24;100;10;5;19;4
1518.0;9;21;8;24;101;9;4;19;5
1524.0;8;22;8;24;102;7;3;19;7
1530.0;8;22;7;23;103;6;2;19;10
1536.0;9;23;7;23;101;4;3;20;10
1542.0;9;21;6;23;102;5;3;21;10
1548.0;10;22;3;23;102;6;3;22;9
1554.0;10;22;3;24;102;6;3;21;9
1560.0;10;22;4;24;103;6;3;19;9
1566.0;10;22;4;23;103;6;4;19;9
1572.0;10;21;4;23;102;6;4;20;10
1578.0;8;22;4;22;104;7;3;19;11
1584.0;9;21;5;22;105;6;2;16;14
1590.0;8;22;5;23;103;6;3;15;15
1596.0;10;23;6;22;101;7;2;15;14
1602.0;9;23;6;22;103;8;2;13;14
1608.0;8;25;6;23;101;6;2;14;15
1614.0;10;24;7;21;100;8;2;16;12
1620.0;7;25;7;20;100;7;4;18;12
1626.0;8;23;7;21;100;8;4;16;13
1632.0;8;24;9;20;99;8;3;17;12
1638.0;8;25;9;20;97;8;5;17;11
1644.0;8;24;8;20;97;8;6;19;10
1650.0;7;24;8;22;97;9;6;17;10
1656.0;5;25;8;21;97;10;6;18;10
1662.0;5;23;10;22;96;10;5;18;11
1668.0;5;22;11;23;96;10;5;18;10
1674.0;6;19;11;24;95;11;5;19;10
1680.0;6;19;10;22;95;12;4;21;11
1686.0;7;17;10;21;94;13;6;20;12
1692.0;9;18;6;22;93;12;9;20;11
1698.0;9;18;6;22;93;11;11;19;11
1704.0;9;19;4;22;93;11;13;19;10
1710.0;8;19;5;20;93;11;14;20;10
1716.0;8;18;5;20;95;12;13;19;10
1722.0;7;19;5;20;95;13;13;18;10
1728.0;7;18;5;20;96;15;15;15;9
1734.0;6;19;4;20;97;16;15;15;8
1740.0;7;18;4;22;97;17;13;15;7
1746.0;7;18;4;23;98;16;13;15;6
1752.0;7;19;4;22;98;17;12;15;6
1758.0;6;19;7;22;97;17;11;17;4
1764.0;5;19;7;22;96;18;10;19;4
1770.0;4;19;7;23;96;17;10;20;4
1776.0;4;18;7;22;98;14;10;20;7
1782.0;4;17;10;21;98;15;11;17;7
1788.0;4;17;10;22;96;17;8;18;8
1794.0;6;15;10;21;96;17;9;17;9
