#auto generated file!
12.0;45;43;52;45;49;46;34;46;40
18.0;49;41;46;46;50;46;35;47;40
24.0;44;38;45;49;54;48;38;48;36
30.0;41;36;40;51;57;51;37;48;39
36.0;36;36;39;48;64;49;36;51;41
42.0;36;40;40;45;68;46;34;50;41
48.0;34;39;40;46;69;51;32;49;40
54.0;36;39;36;47;73;49;31;49;40
60.0;31;41;37;49;72;49;36;46;39
66.0;33;45;31;50;77;49;31;47;37
72.0;34;42;34;49;81;50;26;50;34
78.0;33;43;31;49;84;52;27;50;31
84.0;32;44;32;52;85;48;26;52;29
90.0;30;45;32;53;87;48;26;51;28
96.0;28;41;34;52;88;50;26;50;31
102.0;28;38;34;52;89;51;29;51;28
108.0;32;41;32;51;90;50;30;50;24
114.0;30;43;35;54;95;47;28;46;22
120.0;27;46;34;51;96;48;28;46;24
126.0;29;41;31;56;97;49;25;47;25
132.0;26;43;28;55;98;50;26;47;27
138.0;24;44;29;54;99;52;26;46;26
144.0;23;44;28;55;101;53;25;44;27
150.0;23;41;29;55;105;55;20;44;28
156.0;22;39;28;57;104;53;22;47;28
162.0;22;37;27;58;107;55;25;45;24
168.0;21;34;24;54;111;59;23;48;26
174.0;20;37;24;49;116;59;22;48;25
180.0;21;35;24;48;116;60;21;50;25
186.0;22;36;22;42;121;59;22;51;25
192.0;23;38;23;43;125;53;22;49;24
198.0;25;38;20;42;128;54;23;48;22
204.0;23;38;18;43;132;51;22;51;22
210.0;23;36;19;42;135;51;21;51;22
216.0;24;35;22;39;132;54;20;50;24
222.0;23;33;26;39;134;52;21;46;26
228.0;22;34;24;38;138;53;20;45;26
234.0;23;30;23;39;140;56;23;44;22
240.0;20;32;23;38;145;53;26;44;19
246.0;21;33;24;35;144;53;25;40;25
252.0;22;33;25;36;144;50;24;39;27
258.0;23;35;24;37;143;51;23;40;24
264.0;22;37;26;37;143;51;23;37;24
270.0;16;40;24;39;143;51;24;38;25
276.0;17;41;23;41;141;49;26;39;23
282.0;14;46;19;38;146;48;26;38;25
288.0;16;46;18;37;145;47;24;41;26
294.0;16;49;14;39;143;45;27;42;25
300.0;16;49;14;39;145;44;27;43;23
306.0;17;47;17;39;146;42;28;44;20
312.0;19;45;16;40;145;41;32;41;21
318.0;19;45;17;40;143;41;33;41;21
324.0;19;46;20;39;143;42;28;44;19
330.0;18;46;20;40;144;43;25;45;19
336.0;18;46;21;42;144;40;26;45;18
342.0;21;44;18;45;144;35;25;45;23
348.0;23;44;16;46;144;37;24;43;23
354.0;24;42;15;51;145;38;20;46;19
360.0;23;43;14;53;147;38;19;43;20
366.0;23;46;15;51;149;38;16;41;21
372.0;21;47;14;50;151;39;14;41;23
378.0;23;49;14;49;147;41;13;42;22
384.0;20;48;15;53;148;43;11;39;23
390.0;21;50;15;51;147;43;10;39;24
396.0;21;48;15;50;147;43;11;39;26
402.0;23;43;17;48;148;42;13;38;28
408.0;23;41;19;47;150;42;15;38;25
414.0;29;46;16;45;148;42;15;36;23
420.0;33;46;16;39;150;43;14;35;24
426.0;29;43;14;41;149;46;18;35;25
432.0;28;40;13;40;152;51;17;35;24
438.0;26;42;13;40;152;47;20;36;24
444.0;26;41;14;42;151;45;20;36;25
450.0;27;42;14;44;150;45;19;35;24
456.0;25;41;13;48;149;45;18;35;26
462.0;28;42;12;50;151;44;18;32;23
468.0;25;38;14;48;154;45;17;35;24
474.0;24;35;14;51;154;45;17;36;24
480.0;21;36;15;50;154;46;16;36;26
486.0;22;36;16;54;155;46;16;34;21
492.0;19;35;17;55;155;47;16;34;22
498.0;20;35;18;57;153;46;17;32;22
504.0;19;38;17;54;155;45;18;29;25
510.0;19;34;22;53;155;41;17;34;25
516.0;17;36;20;52;158;40;19;35;23
522.0;19;38;21;52;157;38;19;34;22
528.0;18;39;22;50;159;39;18;34;21
534.0;21;41;21;49;158;38;16;34;22
540.0;24;40;16;49;159;41;18;33;20
546.0;25;41;17;44;161;42;18;33;19
552.0;27;42;20;42;159;42;18;31;19
558.0;25;43;19;42;162;41;19;29;20
564.0;25;45;18;41;161;44;18;28;20
570.0;24;44;19;42;161;45;17;27;21
576.0;27;42;20;41;161;43;17;28;21
582.0;28;42;20;40;161;43;17;29;20
588.0;27;43;18;41;160;42;18;32;19
594.0;27;42;18;38;161;44;16;35;19
600.0;28;42;18;39;160;41;16;35;21
606.0;30;42;19;37;160;43;18;32;19
612.0;28;42;18;40;160;45;18;30;19
618.0;26;43;18;44;162;42;15;31;19
624.0;24;43;17;43;165;42;15;33;18
630.0;24;43;22;39;162;43;17;32;18
636.0;22;42;25;39;163;43;14;35;17
642.0;24;41;23;38;162;41;17;34;20
648.0;23;41;22;41;163;40;17;33;20
654.0;23;43;19;38;162;42;20;34;19
660.0;27;42;20;37;162;41;20;32;19
666.0;25;42;24;32;162;39;17;34;25
672.0;25;42;25;35;159;34;18;34;28
678.0;20;41;27;36;160;30;19;38;29
684.0;22;37;26;36;161;30;20;39;29
690.0;24;36;26;35;161;30;23;36;29
696.0;25;35;25;37;161;31;22;37;27
702.0;26;38;23;36;163;32;22;36;24
708.0;25;40;27;36;161;31;22;37;21
714.0;25;40;28;36;159;32;22;37;21
720.0;27;36;30;39;156;33;22;37;20
726.0;25;34;32;38;156;35;24;37;19
732.0;26;36;31;31;158;35;23;38;22
738.0;27;37;28;29;160;34;22;38;25
744.0;24;36;30;30;160;37;20;38;25
750.0;25;38;26;32;160;35;22;38;24
756.0;27;36;27;34;158;38;18;37;25
762.0;28;33;29;37;158;40;19;35;21
768.0;26;34;29;40;157;41;19;35;19
774.0;26;34;25;42;157;41;18;37;20
780.0;24;35;26;41;159;43;21;33;18
786.0;25;34;27;45;158;41;19;31;20
792.0;21;36;23;48;161;39;20;33;19
798.0;22;39;23;47;164;35;23;32;15
804.0;20;40;20;44;164;37;26;33;16
810.0;19;41;20;42;163;38;24;35;18
816.0;16;39;21;45;161;39;22;36;21
822.0;17;38;20;44;165;39;20;36;21
828.0;17;35;21;44;167;40;19;34;23
834.0;16;34;19;45;165;39;25;33;24
840.0;18;30;18;45;165;41;29;32;22
846.0;18;30;20;44;163;40;28;35;22
852.0;18;29;21;45;163;40;27;34;23
858.0;17;27;19;48;164;40;27;36;22
864.0;17;28;18;48;165;41;26;37;20
870.0;17;30;16;49;163;39;26;39;21
876.0;21;30;17;47;163;38;24;40;20
882.0;20;31;16;48;162;38;23;36;26
888.0;19;31;19;46;165;37;23;38;22
894.0;20;31;21;42;163;36;23;41;23
900.0;24;31;23;41;162;36;22;41;20
906.0;27;34;26;36;168;34;20;36;19
912.0;26;34;28;34;169;35;22;35;17
918.0;27;36;29;39;167;31;22;30;19
924.0;25;39;27;40;168;31;19;32;19
930.0;25;38;27;40;169;32;19;33;17
936.0;23;35;27;40;170;35;19;31;20
942.0;22;33;27;42;169;35;22;32;18
948.0;21;34;27;45;169;34;22;31;17
954.0;26;34;24;45;169;34;23;30;15
960.0;26;33;22;48;169;34;25;30;13
966.0;27;33;17;46;172;37;25;30;13
972.0;24;33;20;43;171;37;26;31;15
978.0;26;33;20;42;168;36;26;31;18
984.0;27;31;20;43;168;38;27;29;17
990.0;28;32;20;41;169;39;27;25;19
996.0;27;32;18;41;170;39;26;26;21
1002.0;28;33;20;42;168;39;23;26;21
1008.0;29;34;19;40;168;38;22;28;22
1014.0;30;34;21;35;170;40;18;31;21
1020.0;28;33;23;36;171;39;19;31;20
1026.0;21;35;24;36;176;40;18;29;21
1032.0;22;33;21;35;181;40;20;27;21
1038.0;21;34;23;33;182;42;20;26;19
1044.0;16;34;22;34;181;45;22;27;19
1050.0;17;32;23;36;182;45;21;28;16
1056.0;17;30;24;39;181;46;21;27;15
1062.0;17;29;24;39;180;44;22;26;19
1068.0;16;30;24;39;179;44;22;26;20
1074.0;16;29;24;39;181;45;21;24;21
1080.0;15;33;23;35;182;44;24;23;21
1086.0;13;32;23;36;182;45;25;24;20
1092.0;19;29;24;33;182;43;28;22;20
1098.0;20;33;23;32;182;42;27;20;21
1104.0;23;31;23;29;182;39;28;23;22
1110.0;23;32;24;29;186;36;29;21;20
1116.0;20;34;29;29;187;35;30;20;16
1122.0;19;32;27;29;187;35;33;21;17
1128.0;18;32;24;28;186;39;31;23;19
1134.0;19;34;28;29;186;36;27;24;17
1140.0;19;34;25;29;185;36;26;26;20
1146.0;22;35;26;27;184;39;21;26;20
1152.0;20;35;26;26;186;42;24;27;14
1158.0;20;33;23;30;186;41;24;27;16
1164.0;21;33;24;29;188;41;21;28;15
1170.0;20;35;22;32;191;40;22;27;11
1176.0;20;33;21;31;191;41;24;26;13
1182.0;20;30;20;33;193;40;24;26;14
1188.0;15;33;17;34;192;40;23;29;17
1194.0;19;33;17;35;190;41;23;26;16
1200.0;16;30;19;36;190;42;22;26;19
1206.0;16;33;21;39;189;39;17;28;18
1212.0;17;33;20;42;189;38;16;31;14
1218.0;16;34;20;43;190;36;16;33;12
1224.0;17;36;18;41;190;37;16;34;11
1230.0;19;33;17;41;189;37;17;34;13
1236.0;18;33;16;40;192;36;21;33;11
1242.0;18;33;16;42;192;36;17;32;14
1248.0;20;33;15;42;190;36;18;29;17
1254.0;22;31;15;42;188;35;17;31;19
1260.0;22;35;15;40;189;33;16;31;19
1266.0;21;37;16;40;189;32;15;32;18
1272.0;18;37;18;48;189;29;16;28;17
1278.0;20;34;16;43;191;32;15;29;20
1284.0;21;30;18;42;192;33;12;31;21
1290.0;24;29;16;43;191;33;14;30;20
1296.0;26;34;14;42;192;31;13;29;19
1302.0;23;34;16;44;193;30;12;29;19
1308.0;20;29;19;43;193;31;15;31;19
1314.0;20;28;20;42;193;28;17;33;19
1320.0;21;28;18;43;195;30;16;32;17
1326.0;21;26;17;45;195;30;16;33;17
1332.0;21;26;18;46;193;29;17;33;17
1338.0;18;26;17;46;194;27;19;34;19
1344.0;16;25;17;46;199;25;18;31;23
1350.0;16;24;18;44;197;26;21;32;22
1356.0;15;24;19;43;198;26;20;35;20
1362.0;15;25;20;40;196;26;25;36;17
1368.0;12;27;18;37;195;29;29;34;19
1374.0;17;27;18;35;193;32;29;33;16
1380.0;20;26;16;35;189;34;31;34;15
1386.0;23;23;17;37;190;32;26;37;15
1392.0;21;24;20;37;191;31;23;38;15
1398.0;24;23;21;38;188;29;21;37;19
1404.0;27;24;21;38;187;28;21;36;18
1410.0;25;24;20;40;187;27;24;37;16
1416.0;25;25;20;41;187;28;24;33;17
1422.0;24;24;18;42;188;29;24;34;17
1428.0;18;24;19;44;186;32;23;33;21
1434.0;19;24;18;45;187;33;19;32;23
1440.0;19;25;17;42;189;34;21;31;22
1446.0;17;25;15;42;188;34;24;30;25
1452.0;18;26;16;47;188;31;20;31;23
1458.0;17;27;15;43;188;34;18;35;23
1464.0;15;26;15;41;192;34;15;38;24
1470.0;16;25;16;41;190;30;18;37;27
1476.0;16;28;17;41;190;28;18;35;27
1482.0;17;28;15;43;190;28;17;34;28
1488.0;16;29;16;44;190;27;15;34;29
1494.0;16;27;11;40;195;26;16;40;29
1500.0;15;28;11;41;193;27;18;42;25
1506.0;15;28;11;41;195;27;19;42;22
1512.0;18;28;11;40;196;27;23;38;19
1518.0;18;28;10;39;196;27;23;39;20
1524.0;19;28;11;42;194;29;18;38;21
1530.0;21;27;13;44;194;27;16;40;18
1536.0;17;28;13;44;197;27;15;41;18
1542.0;18;34;12;43;196;24;17;39;17
1548.0;16;32;13;44;198;23;17;40;17
1554.0;15;35;15;43;195;25;17;38;17
1560.0;18;35;16;42;190;26;18;39;16
1566.0;20;35;18;42;188;24;20;41;12
1572.0;19;36;20;39;192;24;19;40;11
1578.0;19;34;20;40;194;23;17;39;14
1584.0;21;33;21;38;192;23;21;38;13
1590.0;18;32;23;37;195;25;19;38;13
1596.0;14;35;20;38;192;28;20;40;13
1602.0;13;32;22;40;190;32;21;37;13
1608.0;13;29;20;40;194;33;20;38;13
1614.0;11;31;21;41;195;35;18;37;11
1620.0;11;31;22;39;196;36;19;37;9
1626.0;10;29;23;42;194;37;18;38;9
1632.0;10;28;23;41;192;40;18;39;9
1638.0;9;30;23;36;192;39;19;44;8
1644.0;10;29;21;37;193;41;15;44;10
1650.0;12;30;17;37;192;39;19;42;12
1656.0;12;30;15;35;192;38;21;44;13
1662.0;13;29;15;34;193;37;20;46;13
1668.0;18;28;16;34;190;37;18;47;12
1674.0;12;29;19;35;191;37;16;47;14
1680.0;12;28;20;37;190;37;17;44;15
1686.0;11;28;24;36;189;34;17;48;13
1692.0;11;28;24;37;190;34;13;50;13
1698.0;9;27;23;40;190;35;16;46;14
1704.0;10;26;21;40;191;32;19;42;19
1710.0;11;28;18;40;193;28;19;42;21
1716.0;12;31;13;37;196;29;20;42;20
1722.0;14;33;11;38;195;32;17;44;16
1728.0;15;28;13;38;194;33;19;43;17
1734.0;13;30;12;38;195;34;19;45;14
1740.0;14;31;14;38;198;33;15;42;15
1746.0;12;33;15;39;197;33;13;42;16
1752.0;13;32;15;37;196;35;15;43;14
1758.0;13;31;18;38;196;34;15;39;16
1764.0;13;34;17;36;197;35;16;37;15
1770.0;15;34;16;35;196;33;18;38;15
1776.0;16;36;15;30;196;34;16;40;17
1782.0;17;34;15;30;192;32;17;44;19
1788.0;16;33;18;29;192;30;18;44;20
1794.0;14;35;20;26;194;30;18;42;21
