#auto generated file!
12.0;37;47;42;65;49;45;56;54;55
18.0;38;48;40;66;53;49;52;55;49
24.0;35;49;38;68;55;53;46;54;52
30.0;36;48;37;66;58;54;47;55;49
36.0;39;53;31;66;58;54;43;58;48
42.0;38;56;31;63;61;52;43;58;48
48.0;42;52;33;62;67;47;41;56;50
54.0;43;52;33;58;70;44;41;61;48
60.0;44;55;32;56;73;46;41;63;40
66.0;43;56;29;54;75;47;43;65;38
72.0;47;59;28;51;76;45;43;64;37
78.0;45;63;24;50;80;47;42;62;37
84.0;44;62;25;53;79;50;39;60;38
90.0;44;64;24;54;83;50;37;58;36
96.0;41;64;26;55;86;49;40;52;37
102.0;37;66;27;58;85;47;40;53;37
108.0;39;65;26;55;89;45;41;51;39
114.0;35;65;29;56;91;46;40;53;35
120.0;36;68;26;56;94;46;37;53;34
126.0;38;66;31;54;91;50;33;52;35
132.0;41;67;31;53;91;50;29;53;35
138.0;38;69;34;51;95;50;29;53;31
144.0;37;64;36;54;94;54;28;55;28
150.0;36;65;35;53;97;57;24;55;28
156.0;31;64;31;55;100;55;27;58;29
162.0;28;62;32;59;102;55;27;56;29
168.0;27;57;33;57;109;55;28;54;30
174.0;29;55;29;57;112;55;31;53;29
180.0;30;57;30;54;112;56;31;50;30
186.0;26;56;32;53;115;56;31;52;29
192.0;26;52;29;54;121;53;30;54;31
198.0;28;53;29;55;124;51;28;52;30
204.0;29;51;29;54;127;50;25;56;29
210.0;34;51;26;53;126;49;27;55;29
216.0;34;53;24;53;130;49;24;55;28
222.0;37;57;26;51;130;48;24;48;29
228.0;39;56;25;51;132;49;23;48;27
234.0;37;55;26;52;134;49;23;46;28
240.0;37;57;28;47;137;48;26;45;25
246.0;36;56;28;45;141;47;26;50;21
252.0;38;56;27;42;143;48;25;49;22
258.0;36;59;24;43;145;49;24;50;20
264.0;34;60;23;45;144;52;25;48;19
270.0;36;59;23;49;144;50;22;50;17
276.0;33;58;24;53;144;49;23;47;19
282.0;31;57;22;54;149;47;22;47;21
288.0;30;59;22;55;151;45;20;47;21
294.0;26;62;22;55;148;46;21;49;21
300.0;27;62;23;55;146;46;23;49;19
306.0;27;61;20;55;145;47;23;51;21
312.0;28;58;19;56;145;46;27;52;19
318.0;27;60;19;56;145;42;29;50;22
324.0;29;60;18;59;148;38;27;50;21
330.0;26;54;17;57;153;38;30;55;20
336.0;28;57;14;55;154;39;30;54;19
342.0;24;55;14;57;157;39;32;54;18
348.0;23;55;16;61;156;43;32;49;15
354.0;21;58;15;59;157;44;32;49;15
360.0;24;58;19;56;159;41;29;48;16
366.0;20;56;19;57;157;42;31;53;15
372.0;14;55;21;57;159;43;32;54;15
378.0;14;51;23;58;159;48;27;54;16
384.0;16;52;22;62;161;45;24;51;17
390.0;17;53;22;64;160;43;25;47;19
396.0;17;52;25;58;161;40;27;50;20
402.0;17;49;20;57;165;40;29;52;21
408.0;18;51;21;60;166;36;30;50;18
414.0;20;47;19;60;169;36;33;47;19
420.0;22;44;20;61;170;36;33;44;20
426.0;25;45;20;59;170;33;35;43;20
432.0;23;47;19;59;169;35;38;45;15
438.0;22;47;16;55;170;35;37;48;20
444.0;23;47;16;56;172;36;31;50;19
450.0;19;51;17;56;170;37;30;51;19
456.0;19;51;20;53;171;39;28;51;18
462.0;18;53;20;53;171;36;31;51;17
468.0;16;56;16;55;168;40;30;51;18
474.0;14;59;13;55;172;39;32;49;17
480.0;17;53;19;53;175;38;31;47;17
486.0;19;53;20;52;177;36;30;48;15
492.0;19;52;20;51;177;37;28;50;16
498.0;20;48;19;52;178;37;26;52;18
504.0;21;50;17;52;176;37;27;50;20
510.0;24;48;20;49;175;40;24;53;17
516.0;22;50;19;49;176;41;24;54;15
522.0;24;50;17;47;175;41;26;54;16
528.0;23;50;16;49;174;43;25;55;15
534.0;24;51;18;49;173;42;25;52;16
540.0;21;49;20;53;174;45;23;50;15
546.0;19;50;17;57;174;43;24;54;12
552.0;22;50;17;58;172;43;21;53;14
558.0;20;51;20;57;172;44;20;51;15
564.0;22;52;20;57;172;42;21;47;17
570.0;21;52;18;59;174;43;24;44;15
576.0;21;53;17;59;173;46;26;41;14
582.0;18;50;17;57;176;50;25;41;16
588.0;19;54;19;54;175;46;26;43;14
594.0;19;51;17;55;175;46;26;43;18
600.0;21;51;16;53;181;46;21;44;17
606.0;27;46;16;54;182;47;20;44;14
612.0;25;48;17;54;181;48;20;42;15
618.0;25;49;18;50;180;47;20;45;16
624.0;25;46;18;51;183;47;21;43;16
630.0;25;45;19;49;183;48;21;43;17
636.0;25;42;18;50;185;49;23;42;16
642.0;24;41;20;52;186;49;24;41;13
648.0;23;42;20;52;187;46;24;42;14
654.0;24;43;16;52;186;46;21;44;18
660.0;21;44;14;52;185;55;18;44;17
666.0;20;42;13;55;186;50;21;47;16
672.0;18;42;14;55;186;47;22;48;18
678.0;23;42;13;55;187;45;20;50;15
684.0;23;40;14;51;189;48;18;52;15
690.0;26;43;13;49;189;46;16;51;17
696.0;26;42;13;50;188;46;16;50;19
702.0;27;42;14;46;192;44;14;50;21
708.0;26;45;12;46;191;44;17;50;19
714.0;25;46;11;47;190;46;15;49;21
720.0;25;45;11;47;189;46;16;51;20
726.0;23;44;12;49;188;47;18;51;18
732.0;22;41;13;50;189;48;20;49;18
738.0;24;39;13;50;189;47;21;48;19
744.0;22;39;16;49;191;47;21;46;19
750.0;21;37;21;47;190;46;21;48;19
756.0;21;38;20;45;191;46;23;47;19
762.0;20;39;17;43;195;48;22;47;19
768.0;22;35;17;39;202;46;20;47;22
774.0;20;32;18;42;202;51;21;42;22
780.0;20;32;19;42;202;49;23;41;22
786.0;22;31;23;37;205;49;20;40;23
792.0;21;32;23;35;207;50;23;37;22
798.0;25;34;22;36;205;43;23;40;22
804.0;25;38;18;35;206;46;22;38;22
810.0;24;38;16;37;208;44;22;39;22
816.0;24;40;15;38;208;45;20;38;22
822.0;22;40;15;36;209;42;22;40;24
828.0;21;42;15;38;207;40;22;40;25
834.0;18;48;16;40;205;39;16;44;24
840.0;18;48;15;39;207;39;14;44;26
846.0;18;47;14;40;208;39;15;45;24
852.0;16;46;19;40;208;38;17;42;24
858.0;16;47;18;41;210;39;17;42;20
864.0;14;46;20;42;208;40;16;44;20
870.0;14;50;23;44;205;37;17;42;18
876.0;18;50;23;40;203;36;17;44;19
882.0;17;50;20;40;200;36;19;51;17
888.0;17;51;21;39;197;39;19;49;18
894.0;18;46;20;41;198;38;21;50;18
900.0;17;46;19;42;197;38;22;52;17
906.0;18;49;18;42;195;39;21;51;17
912.0;16;49;19;43;194;41;21;48;19
918.0;18;49;19;43;193;40;21;47;20
924.0;19;48;17;44;193;40;24;44;21
930.0;18;51;15;37;196;41;25;45;22
936.0;19;53;14;35;195;41;25;45;23
942.0;18;53;16;40;194;43;21;44;21
948.0;21;56;14;40;191;42;19;47;20
954.0;22;55;13;40;193;42;17;45;23
960.0;24;55;15;42;194;40;17;46;17
966.0;22;56;14;42;196;39;18;45;18
972.0;23;56;20;41;194;36;18;44;18
978.0;25;57;19;40;197;34;17;44;17
984.0;25;62;18;39;194;34;17;43;18
990.0;24;61;19;39;194;34;17;43;19
996.0;25;61;20;35;193;35;21;41;19
1002.0;24;61;23;35;191;37;19;41;19
1008.0;24;58;23;36;191;38;18;41;21
1014.0;27;57;22;36;191;39;15;41;22
1020.0;24;56;26;36;190;38;14;42;24
1026.0;23;52;28;37;191;40;15;42;22
1032.0;23;49;25;41;191;41;16;42;22
1038.0;24;50;26;39;193;45;15;38;20
1044.0;25;48;26;36;191;45;18;39;22
1050.0;24;46;26;35;190;48;15;42;24
1056.0;23;47;24;37;190;52;16;41;20
1062.0;23;42;23;39;190;53;19;41;20
1068.0;22;44;24;39;189;51;19;43;19
1074.0;20;45;25;38;190;52;18;41;21
1080.0;24;43;24;38;189;51;17;39;25
1086.0;23;41;27;38;186;50;20;40;25
1092.0;27;40;24;36;188;51;18;39;27
1098.0;29;40;24;39;188;47;20;39;24
1104.0;28;41;24;38;189;45;20;40;25
1110.0;27;38;23;39;191;48;21;40;23
1116.0;27;40;25;38;191;44;21;41;23
1122.0;28;42;27;36;189;41;22;43;22
1128.0;26;44;25;35;189;43;22;42;24
1134.0;25;46;26;35;189;44;22;41;22
1140.0;24;43;25;36;189;46;19;46;22
1146.0;25;41;27;38;188;46;14;49;22
1152.0;26;42;31;37;188;44;15;48;19
1158.0;27;42;30;38;188;42;15;50;18
1164.0;27;44;29;36;189;40;16;51;18
1170.0;27;45;28;37;188;39;14;52;20
1176.0;26;45;30;39;185;37;14;54;20
1182.0;29;40;24;38;186;36;18;55;24
1188.0;30;42;19;40;186;38;21;54;20
1194.0;29;40;20;42;186;36;22;54;21
1200.0;31;41;20;42;186;37;19;54;20
1206.0;29;40;18;41;192;38;21;51;20
1212.0;25;39;19;43;192;38;19;53;22
1218.0;24;36;16;43;195;38;21;51;26
1224.0;22;37;16;44;199;37;20;53;22
1230.0;25;38;21;42;200;33;18;50;23
1236.0;25;38;19;41;197;35;19;53;23
1242.0;25;38;19;41;198;34;19;50;26
1248.0;22;38;19;43;202;33;18;52;23
1254.0;21;37;19;44;199;34;20;53;23
1260.0;21;44;14;41;193;42;18;53;24
1266.0;22;43;14;40;194;42;16;53;26
1272.0;21;45;15;40;193;42;16;51;27
1278.0;18;45;15;39;194;44;18;51;26
1284.0;22;44;16;38;194;39;20;52;25
1290.0;20;47;16;39;196;42;18;49;23
1296.0;22;48;16;38;198;43;16;46;23
1302.0;23;52;16;37;200;44;14;45;19
1308.0;22;50;15;37;199;47;15;46;19
1314.0;21;46;19;40;196;46;17;46;19
1320.0;19;46;19;41;197;48;17;44;19
1326.0;18;49;20;41;196;48;18;42;18
1332.0;19;49;20;45;194;47;16;43;17
1338.0;18;47;21;43;197;47;17;40;20
1344.0;18;48;22;43;196;46;18;38;21
1350.0;19;51;23;42;195;47;18;35;20
1356.0;20;48;24;46;198;43;17;38;16
1362.0;20;49;21;45;195;43;17;42;18
1368.0;24;50;21;45;194;42;18;37;19
1374.0;24;51;22;47;192;39;18;37;20
1380.0;27;51;24;45;190;39;19;37;18
1386.0;25;50;22;43;190;40;24;37;19
1392.0;26;49;19;43;193;38;22;37;23
1398.0;25;50;19;41;193;38;24;39;21
1404.0;25;50;19;43;191;37;23;42;20
1410.0;27;44;21;42;198;35;22;40;21
1416.0;25;46;21;43;199;36;22;38;20
1422.0;26;45;24;43;199;36;23;39;15
1428.0;30;47;24;40;202;33;22;39;13
1434.0;28;45;26;41;202;35;21;37;15
1440.0;25;44;26;40;201;35;25;39;15
1446.0;28;44;25;43;202;33;25;38;12
1452.0;27;46;25;44;201;32;25;35;15
1458.0;24;45;23;49;199;32;27;34;17
1464.0;25;44;24;48;199;32;27;34;17
1470.0;25;43;27;47;197;33;28;33;17
1476.0;25;42;26;45;202;33;29;35;13
1482.0;24;44;24;46;202;30;28;37;15
1488.0;21;46;25;45;205;30;28;34;16
1494.0;22;47;26;45;204;30;22;36;18
1500.0;23;50;24;43;204;31;21;35;19
1506.0;20;47;22;45;205;32;21;38;20
1512.0;20;46;21;44;206;33;22;39;19
1518.0;22;47;17;42;206;32;23;41;20
1524.0;21;48;15;43;209;32;25;37;20
1530.0;22;47;19;41;206;31;24;37;23
1536.0;21;47;20;43;204;32;21;37;25
1542.0;21;44;18;43;204;33;24;39;24
1548.0;22;45;19;39;202;33;21;41;28
1554.0;22;46;19;37;201;32;22;44;27
1560.0;20;48;17;40;203;33;21;40;28
1566.0;19;47;16;43;205;33;19;41;27
1572.0;19;49;15;43;207;31;18;43;25
1578.0;17;46;15;45;206;31;21;43;26
1584.0;20;45;16;47;211;27;21;40;23
1590.0;18;48;16;47;213;27;19;41;21
1596.0;17;47;16;48;215;28;22;37;20
1602.0;18;46;16;47;214;29;25;36;19
1608.0;16;43;19;48;213;31;26;37;17
1614.0;17;42;20;50;213;31;26;35;16
1620.0;14;44;21;49;212;32;27;35;16
1626.0;13;41;20;51;215;33;25;35;17
1632.0;14;42;19;49;216;33;25;36;16
1638.0;13;45;17;51;217;35;24;34;14
1644.0;14;44;16;49;218;38;22;34;15
1650.0;14;42;18;51;213;39;24;34;15
1656.0;15;42;18;48;213;40;25;34;15
1662.0;12;45;20;42;216;38;26;34;17
1668.0;13;47;18;40;216;41;24;35;16
1674.0;14;45;16;44;216;42;22;36;15
1680.0;14;42;19;46;212;41;23;39;14
1686.0;16;43;18;50;212;41;20;36;14
1692.0;15;44;17;48;213;40;22;37;14
1698.0;15;41;18;50;213;40;22;38;13
1704.0;17;41;19;51;215;38;20;36;13
1710.0;16;39;18;50;216;40;19;39;13
1716.0;16;38;17;46;216;41;21;40;15
1722.0;20;37;18;49;212;39;18;42;15
1728.0;21;36;22;50;207;38;18;42;16
1734.0;21;36;23;50;207;37;19;43;14
1740.0;25;34;21;47;206;37;20;42;18
1746.0;29;36;18;46;204;36;21;40;20
1752.0;27;35;19;45;203;38;24;41;18
1758.0;28;34;19;45;202;37;23;41;21
1764.0;26;30;16;46;206;34;25;43;24
1770.0;24;34;16;46;204;35;23;42;26
1776.0;28;36;15;47;202;33;19;43;27
1782.0;26;40;17;46;203;32;20;39;27
1788.0;28;40;18;46;202;33;18;40;25
1794.0;28;39;19;47;203;32;17;38;27
