#auto generated file!
12.0;40;47;33;36;36;40;31;30;37
18.0;38;42;34;36;41;35;32;33;39
24.0;37;42;33;39;46;36;30;33;34
30.0;35;42;33;40;47;35;34;30;34
36.0;33;43;30;38;53;40;29;30;34
42.0;30;41;29;44;54;40;32;30;30
48.0;27;41;25;44;61;41;29;31;31
54.0;26;39;25;44;60;42;28;33;33
60.0;26;39;25;42;62;40;27;39;30
66.0;23;36;23;42;67;41;28;42;28
72.0;24;37;23;44;69;38;28;42;25
78.0;21;37;24;43;69;41;29;43;23
84.0;23;38;21;43;71;39;28;45;22
90.0;22;41;23;44;73;41;24;43;19
96.0;23;41;21;44;76;40;24;44;17
102.0;23;43;20;42;79;40;24;43;16
108.0;25;42;17;43;78;40;26;43;16
114.0;22;41;19;42;80;40;27;41;18
120.0;25;43;21;39;80;39;26;39;18
126.0;24;38;18;41;82;40;26;40;21
132.0;22;40;19;43;81;41;25;39;20
138.0;19;38;18;42;83;40;24;45;21
144.0;17;37;21;38;85;39;27;41;25
150.0;16;37;24;41;80;41;26;39;26
156.0;16;40;24;39;78;40;29;38;26
162.0;19;39;24;39;80;40;26;38;25
168.0;19;40;20;39;81;39;27;40;25
174.0;20;43;18;39;81;40;25;40;24
180.0;20;43;15;39;83;37;23;41;29
186.0;19;44;13;37;85;37;24;42;29
192.0;16;47;10;37;86;39;23;45;27
198.0;17;46;11;38;87;38;20;43;30
204.0;17;45;13;44;86;37;21;40;27
210.0;21;42;13;44;87;35;21;41;26
216.0;18;44;13;42;88;34;23;43;25
222.0;22;47;12;41;89;31;20;43;25
228.0;20;49;11;38;93;33;19;43;24
234.0;20;45;14;38;99;33;16;41;24
240.0;22;43;14;37;98;33;17;42;24
246.0;22;41;14;38;98;33;21;42;21
252.0;24;41;11;38;99;34;20;42;21
258.0;26;41;11;37;99;36;21;39;20
264.0;25;41;11;34;99;36;23;39;22
270.0;22;43;10;35;99;36;23;38;24
276.0;22;42;10;35;99;37;22;40;23
282.0;21;44;11;34;103;38;20;35;24
288.0;20;44;10;33;105;38;21;37;22
294.0;16;47;10;34;107;39;19;40;18
300.0;11;48;11;35;110;39;18;41;17
306.0;12;47;11;35;111;39;16;41;18
312.0;17;42;12;31;114;36;15;43;20
318.0;18;44;12;32;115;33;14;41;21
324.0;21;46;13;31;115;29;15;40;20
330.0;19;45;15;31;119;33;15;38;15
336.0;20;48;15;29;119;33;15;37;14
342.0;19;45;13;30;118;33;16;37;19
348.0;21;45;13;28;116;33;16;37;21
354.0;20;41;12;31;121;33;15;38;19
360.0;17;45;13;30;120;32;17;37;19
366.0;17;45;13;28;120;33;17;37;20
372.0;15;42;15;27;122;37;14;37;21
378.0;15;41;16;29;124;37;13;36;19
384.0;16;43;13;29;126;39;13;36;15
390.0;16;42;14;26;130;36;15;34;17
396.0;17;37;17;27;130;35;17;33;17
402.0;20;34;17;29;127;35;18;31;19
408.0;19;34;17;28;127;36;17;31;21
414.0;20;32;18;26;129;35;18;32;20
420.0;19;35;19;24;128;33;16;31;25
426.0;22;34;17;25;128;33;14;32;25
432.0;22;37;21;27;129;29;12;30;23
438.0;22;35;21;28;130;30;11;29;24
444.0;21;34;21;28;130;32;11;31;22
450.0;20;38;21;27;130;33;11;30;20
456.0;22;37;20;26;131;33;12;32;17
462.0;25;38;20;25;132;32;12;32;14
468.0;23;36;20;25;135;33;13;29;16
474.0;22;38;17;23;138;34;13;29;16
480.0;20;39;16;27;137;36;13;27;15
486.0;19;38;16;31;134;37;13;27;15
492.0;21;37;14;30;134;36;13;29;16
498.0;21;35;16;28;134;36;15;29;16
504.0;19;36;16;30;135;35;13;29;17
510.0;19;37;15;30;133;31;14;30;21
516.0;16;37;15;32;133;32;12;30;23
522.0;19;36;15;32;132;28;14;31;23
528.0;18;34;17;33;133;27;12;32;24
534.0;15;33;18;32;132;29;15;33;23
540.0;15;34;16;32;135;27;15;35;21
546.0;15;34;16;34;133;27;15;36;20
552.0;12;35;14;34;133;28;21;33;20
558.0;13;32;14;37;134;29;22;29;20
564.0;15;30;15;35;133;29;21;29;23
570.0;16;29;14;34;134;29;19;30;25
576.0;16;27;15;34;135;31;18;32;22
582.0;16;26;14;34;135;31;19;33;22
588.0;15;26;15;32;134;31;21;34;22
594.0;16;26;15;30;133;31;23;35;21
600.0;14;25;15;31;133;33;23;35;21
606.0;13;27;18;30;132;32;22;35;21
612.0;14;27;19;30;135;28;22;33;22
618.0;13;27;16;32;136;28;21;33;24
624.0;14;25;14;32;138;29;23;31;24
630.0;12;26;12;31;139;31;25;30;24
636.0;11;24;12;31;139;34;25;32;22
642.0;11;23;12;32;142;35;24;31;20
648.0;9;25;13;30;144;36;24;29;20
654.0;12;26;14;31;144;35;21;30;17
660.0;11;26;14;29;148;36;22;29;15
666.0;12;27;17;26;147;32;25;29;15
672.0;14;28;16;21;151;33;22;32;13
678.0;13;27;15;22;150;33;24;31;15
684.0;12;28;15;23;151;33;26;29;13
690.0;14;29;14;23;153;29;25;29;14
696.0;14;28;14;24;154;28;23;28;17
702.0;13;27;13;25;157;27;23;28;17
708.0;13;29;12;26;157;27;20;29;17
714.0;13;31;11;27;158;25;20;29;16
720.0;12;30;9;26;159;28;16;33;17
726.0;15;29;11;24;158;26;15;34;18
732.0;15;29;10;24;158;25;15;35;19
738.0;17;32;9;25;157;25;15;34;16
744.0;19;34;11;26;155;21;14;35;15
750.0;18;33;13;26;156;20;15;35;14
756.0;21;32;12;26;157;21;14;33;14
762.0;23;31;12;26;158;20;14;32;14
768.0;23;30;13;26;157;22;13;32;14
774.0;22;29;17;26;154;23;16;29;14
780.0;21;29;18;30;152;21;16;29;14
786.0;22;26;19;31;153;24;12;28;15
792.0;21;27;16;30;154;24;13;28;17
798.0;20;26;14;29;156;23;16;29;17
804.0;18;25;12;32;158;21;15;33;16
810.0;13;26;13;32;155;23;13;34;21
816.0;12;28;13;33;154;24;12;36;18
822.0;12;28;13;32;154;25;12;37;17
828.0;13;28;10;32;156;25;12;37;17
834.0;16;29;10;27;156;27;15;33;17
840.0;15;27;14;27;155;27;15;32;18
846.0;14;28;13;29;157;26;14;31;18
852.0;13;29;14;29;156;27;14;28;20
858.0;12;29;15;29;153;27;12;32;21
864.0;14;30;14;26;154;27;14;32;19
870.0;15;30;11;26;155;28;13;32;20
876.0;16;29;12;27;153;28;13;36;16
882.0;15;32;11;26;152;30;11;35;18
888.0;17;30;11;26;153;29;11;35;18
894.0;17;28;12;28;151;30;13;35;16
900.0;15;27;11;26;153;32;16;34;16
906.0;15;27;13;26;151;33;16;34;15
912.0;12;30;12;25;152;34;17;32;16
918.0;12;31;10;25;156;34;18;30;14
924.0;12;30;11;22;157;37;17;30;14
930.0;12;28;11;23;155;39;17;30;15
936.0;11;25;14;24;155;39;15;30;17
942.0;10;25;11;26;156;39;17;28;18
948.0;11;26;10;26;156;38;17;27;19
954.0;12;23;11;27;158;36;15;26;22
960.0;11;25;12;27;159;36;12;25;23
966.0;15;24;10;26;157;36;10;27;25
972.0;15;23;9;29;156;36;13;26;23
978.0;13;23;9;28;157;37;13;28;22
984.0;14;24;12;25;157;39;14;25;20
990.0;13;26;11;25;161;38;13;24;19
996.0;11;26;12;27;162;37;13;23;19
1002.0;14;25;12;26;162;36;14;23;18
1008.0;14;24;11;28;164;34;15;23;17
1014.0;15;24;14;27;162;34;13;23;18
1020.0;15;26;13;30;161;33;12;25;15
1026.0;16;27;11;30;161;34;13;23;15
1032.0;15;29;10;29;161;35;12;23;16
1038.0;14;28;9;30;162;37;11;21;18
1044.0;10;27;13;32;164;37;9;20;18
1050.0;15;25;12;32;163;35;8;21;19
1056.0;14;22;11;33;163;34;10;24;19
1062.0;17;21;11;33;167;31;9;21;20
1068.0;19;21;10;32;168;29;7;21;23
1074.0;22;19;9;26;168;29;7;23;27
1080.0;23;20;9;27;166;28;8;22;27
1086.0;18;21;7;26;172;28;9;24;25
1092.0;19;19;5;26;173;30;10;24;24
1098.0;17;18;3;27;173;31;10;26;25
1104.0;15;18;4;29;172;29;10;29;24
1110.0;15;18;3;30;172;29;12;28;23
1116.0;16;22;4;30;171;26;15;25;21
1122.0;14;20;7;29;172;26;15;26;21
1128.0;17;22;8;27;171;25;12;27;21
1134.0;15;22;10;29;169;26;12;26;21
1140.0;14;21;12;30;169;27;11;26;20
1146.0;15;21;12;31;169;29;8;23;22
1152.0;12;21;11;30;169;30;11;23;23
1158.0;13;22;12;28;167;30;10;24;24
1164.0;13;22;12;28;167;30;11;23;24
1170.0;14;21;12;30;164;36;9;21;23
1176.0;10;18;13;31;165;39;9;22;23
1182.0;11;18;15;31;164;39;8;24;20
1188.0;14;16;16;30;166;40;7;22;19
1194.0;14;18;17;30;166;37;10;20;18
1200.0;17;18;16;31;166;35;10;19;18
1206.0;18;19;15;29;165;33;13;20;18
1212.0;18;20;16;30;166;30;13;21;16
1218.0;19;21;14;29;165;32;11;22;17
1224.0;21;20;13;30;167;31;11;22;15
1230.0;22;17;14;30;166;33;16;20;12
1236.0;22;17;11;28;168;32;17;21;14
1242.0;21;18;10;27;170;33;18;21;12
1248.0;23;19;11;28;169;32;16;22;10
1254.0;21;19;13;29;166;34;17;22;9
1260.0;20;18;13;32;166;34;15;24;8
1266.0;21;17;14;32;168;33;15;23;7
1272.0;20;17;14;31;168;34;15;23;8
1278.0;20;18;14;31;166;35;14;23;9
1284.0;20;15;17;30;167;31;16;25;9
1290.0;19;16;18;33;168;28;12;24;12
1296.0;19;16;22;30;165;28;14;29;7
1302.0;18;17;19;30;167;29;13;30;7
1308.0;17;17;17;31;169;28;13;30;8
1314.0;14;17;18;32;167;28;14;32;8
1320.0;16;17;20;31;164;28;12;32;10
1326.0;15;17;18;35;164;30;11;28;12
1332.0;13;19;19;36;164;29;14;25;11
1338.0;14;21;21;35;163;28;14;22;12
1344.0;15;19;17;35;162;30;15;22;15
1350.0;14;19;19;36;158;31;15;23;15
1356.0;13;21;18;35;156;32;16;22;17
1362.0;14;22;15;33;156;34;17;22;17
1368.0;16;22;16;33;154;36;15;22;16
1374.0;17;23;12;37;153;36;14;24;14
1380.0;18;22;12;39;154;34;15;21;15
1386.0;19;23;9;37;155;33;18;20;16
1392.0;19;23;9;36;152;36;19;21;15
1398.0;18;22;9;40;153;37;16;22;13
1404.0;15;20;12;38;154;37;18;22;14
1410.0;16;20;14;38;154;38;19;21;10
1416.0;17;20;17;35;154;37;18;21;11
1422.0;17;23;17;36;157;36;15;19;10
1428.0;18;25;17;37;156;35;14;17;11
1434.0;14;24;18;37;154;37;14;20;12
1440.0;12;26;20;36;152;38;17;18;11
1446.0;9;29;17;37;147;39;20;20;12
1452.0;14;28;18;37;144;36;19;21;13
1458.0;15;27;16;39;146;34;19;20;14
1464.0;14;24;16;42;143;35;22;20;14
1470.0;14;25;18;40;141;35;22;20;15
1476.0;14;27;20;40;139;38;21;17;14
1482.0;16;25;18;40;140;34;22;20;15
1488.0;16;23;20;41;138;34;22;21;15
1494.0;16;22;20;41;140;34;20;21;16
1500.0;18;23;22;38;141;34;17;22;15
1506.0;18;22;19;37;141;34;19;24;16
1512.0;16;20;19;37;141;33;20;27;17
1518.0;18;20;17;33;145;34;21;28;14
1524.0;17;21;16;34;145;33;20;27;17
1530.0;14;22;15;35;146;37;17;28;16
1536.0;14;25;15;37;146;35;14;26;18
1542.0;11;25;16;37;145;35;14;27;20
1548.0;11;26;16;35;145;36;15;26;20
1554.0;12;25;18;33;144;35;18;26;19
1560.0;10;28;17;32;148;33;17;24;21
1566.0;10;28;14;34;149;34;18;25;18
1572.0;12;27;16;31;148;32;18;24;22
1578.0;11;28;14;32;149;31;17;27;21
1584.0;11;29;14;31;149;31;17;27;21
1590.0;12;29;14;33;147;31;16;27;21
1596.0;12;30;15;35;148;28;15;28;19
1602.0;13;30;13;35;149;28;16;28;18
1608.0;11;33;13;36;147;28;16;28;18
1614.0;11;33;12;38;147;30;14;26;19
1620.0;13;33;12;37;148;25;15;29;18
1626.0;13;32;14;37;148;26;17;28;15
1632.0;16;29;16;40;145;27;16;27;14
1638.0;13;28;17;38;145;27;18;27;17
1644.0;15;28;15;41;140;28;20;28;15
1650.0;14;29;15;40;140;28;20;28;16
1656.0;13;29;14;41;140;30;19;29;15
1662.0;14;28;12;39;140;31;20;31;15
1668.0;13;29;16;40;139;28;22;28;15
1674.0;12;29;14;35;140;31;24;30;15
1680.0;12;27;15;37;144;29;24;27;15
1686.0;12;26;12;38;145;28;24;27;18
1692.0;15;25;13;36;141;30;24;28;18
1698.0;14;26;15;38;144;29;22;26;16
1704.0;15;25;16;38;146;29;21;24;16
1710.0;11;25;18;41;147;29;18;23;18
1716.0;12;24;16;43;148;28;18;22;19
1722.0;12;23;15;39;147;31;21;23;19
1728.0;14;23;14;38;144;31;22;24;20
1734.0;14;21;15;38;145;31;23;22;21
1740.0;16;21;15;35;146;31;21;24;21
1746.0;16;18;12;36;147;30;19;26;26
1752.0;15;19;16;34;146;29;18;28;25
1758.0;15;19;15;34;149;29;18;27;24
1764.0;13;18;19;32;149;31;16;28;24
1770.0;13;17;20;33;151;31;13;28;24
1776.0;11;16;22;33;151;33;13;27;24
1782.0;11;17;22;31;154;31;14;29;21
1788.0;11;18;17;34;153;35;13;26;23
1794.0;12;20;18;30;151;35;14;25;25
