#auto generated file!
12.0;23;26;29;26;21;31;32;25;37
18.0;21;27;27;27;23;30;32;26;37
24.0;21;30;26;29;23;27;30;24;40
30.0;24;31;22;28;23;29;29;23;41
36.0;21;32;18;29;23;29;31;29;38
42.0;23;31;19;29;24;33;26;28;37
48.0;21;30;19;28;25;34;27;29;37
54.0;19;29;20;29;27;34;30;28;34
60.0;19;31;21;30;29;35;25;29;31
66.0;18;30;20;31;30;37;25;30;29
72.0;20;29;22;30;33;37;22;28;29
78.0;18;28;27;31;35;33;27;28;23
84.0;19;30;25;31;37;34;25;26;23
90.0;18;28;25;31;39;33;27;27;22
96.0;14;29;24;32;41;32;28;30;20
102.0;14;27;23;32;41;34;30;33;16
108.0;14;26;21;30;41;37;29;34;18
114.0;15;26;20;27;45;36;26;34;21
120.0;15;28;18;25;44;36;28;34;22
126.0;15;31;19;24;45;35;25;34;22
132.0;15;30;21;26;47;35;21;35;20
138.0;15;30;19;27;48;36;21;34;20
144.0;15;29;16;28;51;38;22;32;19
150.0;11;29;16;31;51;40;20;32;20
156.0;10;29;17;29;53;40;21;31;20
162.0;11;29;14;32;56;38;22;31;17
168.0;10;31;12;31;58;38;23;31;16
174.0;11;31;10;31;58;41;22;30;16
180.0;10;31;8;33;60;43;22;27;16
186.0;11;32;10;32;61;44;19;26;15
192.0;7;30;12;35;62;44;22;26;12
198.0;7;30;10;35;63;43;24;26;12
204.0;10;30;9;34;64;42;25;25;11
210.0;9;30;9;34;65;40;26;24;13
216.0;9;30;10;36;64;40;25;24;12
222.0;11;29;10;39;64;41;21;23;12
228.0;12;27;13;39;66;40;20;21;12
234.0;11;27;13;42;68;39;20;20;10
240.0;11;26;12;43;68;39;19;20;12
246.0;9;27;14;38;69;43;19;20;11
252.0;10;27;15;34;68;42;18;25;11
258.0;9;28;14;37;68;42;16;25;11
264.0;12;25;15;37;68;39;15;26;13
270.0;11;25;16;38;69;36;15;28;12
276.0;15;25;16;39;70;33;13;27;12
282.0;16;26;13;38;73;35;11;25;13
288.0;19;25;13;35;75;33;14;25;11
294.0;17;23;14;33;75;34;15;27;12
300.0;16;24;14;33;74;35;13;28;13
306.0;15;25;11;32;76;36;12;30;13
312.0;14;27;10;32;76;37;12;30;12
318.0;14;26;14;30;78;37;12;29;10
324.0;13;28;12;27;84;32;15;27;12
330.0;13;26;10;30;85;30;16;28;12
336.0;14;26;9;27;87;28;19;28;12
342.0;14;24;9;29;87;28;18;28;13
348.0;14;24;13;26;87;29;16;29;12
354.0;14;26;12;26;88;28;15;29;12
360.0;14;26;14;26;88;27;15;29;11
366.0;13;28;14;25;88;28;14;29;11
372.0;14;27;15;24;90;27;14;28;11
378.0;16;27;17;21;93;26;13;27;10
384.0;15;28;18;21;92;24;12;29;11
390.0;15;27;18;20;92;26;14;29;9
396.0;14;27;19;20;93;25;15;27;10
402.0;15;26;16;18;93;28;19;25;10
408.0;14;25;14;21;93;29;19;24;11
414.0;16;23;14;23;92;29;20;22;11
420.0;12;23;15;24;94;30;21;21;10
426.0;11;23;14;26;95;29;22;22;8
432.0;11;23;17;22;94;29;22;21;11
438.0;12;23;16;19;93;29;22;24;12
444.0;14;24;14;19;95;27;22;23;12
450.0;10;22;16;17;97;32;21;23;12
456.0;11;22;16;19;100;30;19;22;11
462.0;9;23;16;22;100;28;19;21;12
468.0;9;23;16;19;102;29;18;22;12
474.0;8;23;16;20;102;26;17;23;15
480.0;7;26;15;20;104;26;15;25;12
486.0;9;24;12;20;105;26;17;26;11
492.0;10;23;10;22;108;25;16;24;12
498.0;10;23;8;19;108;25;19;25;13
504.0;10;25;9;18;107;25;19;25;12
510.0;9;24;4;20;108;26;20;26;13
516.0;8;22;6;23;108;30;17;25;11
522.0;9;23;7;21;108;31;15;23;13
528.0;9;23;8;21;109;29;17;22;12
534.0;9;23;6;21;110;29;16;24;12
540.0;9;23;7;21;111;29;17;21;12
546.0;8;23;9;18;113;29;17;20;13
552.0;8;25;9;19;114;28;11;20;16
558.0;9;24;11;19;112;30;12;18;15
564.0;9;24;8;20;114;29;13;19;14
570.0;10;23;9;21;114;27;12;20;14
576.0;12;25;8;22;112;24;13;21;13
582.0;10;26;11;23;111;24;11;20;14
588.0;10;26;14;23;108;24;13;21;11
594.0;12;27;15;23;106;24;13;20;10
600.0;11;26;15;23;107;25;13;21;9
606.0;12;27;15;24;108;24;12;21;7
612.0;10;28;16;24;105;25;13;21;8
618.0;9;27;16;26;106;24;13;22;7
624.0;8;28;16;23;107;22;14;22;10
630.0;8;28;19;22;108;22;13;18;12
636.0;7;27;18;23;108;23;13;18;13
642.0;9;27;17;23;108;23;12;18;13
648.0;9;25;15;21;108;25;16;17;14
654.0;10;26;15;19;109;23;18;16;14
660.0;8;29;15;19;108;22;18;16;15
666.0;8;28;13;19;109;25;17;16;15
672.0;6;32;11;20;110;25;16;16;14
678.0;8;32;12;19;111;23;15;17;13
684.0;7;33;12;19;112;23;13;17;14
690.0;6;31;10;20;115;23;14;18;13
696.0;7;30;10;19;115;25;14;18;12
702.0;7;29;11;17;117;26;14;19;10
708.0;7;29;11;14;117;27;15;20;10
714.0;7;27;11;15;118;26;16;20;10
720.0;9;27;12;14;118;24;14;21;11
726.0;7;27;13;13;118;25;15;22;10
732.0;8;25;11;12;120;27;13;23;11
738.0;8;23;11;14;120;26;14;23;11
744.0;10;21;11;14;121;27;15;22;9
750.0;9;21;11;13;121;27;13;25;10
756.0;9;20;10;14;125;26;13;23;10
762.0;11;20;9;15;125;25;13;23;9
768.0;10;20;8;15;126;25;13;23;10
774.0;10;20;8;16;126;24;12;22;12
780.0;9;23;8;16;125;25;11;21;12
786.0;9;22;10;17;124;25;10;20;13
792.0;9;22;10;16;124;24;10;21;14
798.0;10;25;8;16;122;22;9;22;16
804.0;8;25;8;15;123;22;10;21;18
810.0;8;25;10;13;124;20;11;23;16
816.0;9;23;8;16;125;19;11;24;15
822.0;11;24;7;16;124;17;8;27;16
828.0;14;21;8;18;123;14;12;27;13
834.0;14;20;7;17;124;15;13;29;11
840.0;14;17;9;15;123;18;14;29;11
846.0;11;17;9;16;121;21;14;28;13
852.0;10;17;12;15;119;20;14;30;13
858.0;9;20;11;15;120;20;13;29;13
864.0;11;19;11;16;117;19;15;28;14
870.0;11;19;12;17;117;18;15;29;12
876.0;13;17;8;21;121;18;11;30;11
882.0;13;17;8;24;119;17;11;31;10
888.0;14;17;8;25;116;17;12;31;10
894.0;13;16;8;26;118;18;9;30;12
900.0;11;18;8;23;121;18;11;29;11
906.0;11;17;9;24;122;17;9;30;11
912.0;11;16;9;24;121;18;10;30;11
918.0;10;14;10;22;121;17;11;34;11
924.0;9;13;9;24;124;17;10;33;11
930.0;10;13;8;22;122;21;7;35;12
936.0;11;12;9;23;122;21;7;34;11
942.0;11;14;10;22;123;18;6;35;11
948.0;12;16;10;23;123;17;5;33;11
954.0;11;19;10;24;120;17;6;33;10
960.0;13;18;10;26;120;17;6;32;8
966.0;13;18;7;30;120;16;6;31;9
972.0;12;19;11;29;119;16;5;31;8
978.0;8;18;8;34;117;17;7;31;10
984.0;8;19;8;32;117;19;7;30;10
990.0;6;19;7;33;118;19;7;30;11
996.0;6;19;6;34;118;20;8;30;9
1002.0;7;18;7;38;117;18;8;30;7
1008.0;9;18;9;36;117;17;7;29;8
1014.0;9;19;11;35;115;17;5;29;10
1020.0;10;18;12;35;114;17;6;28;10
1026.0;10;18;11;35;116;18;5;26;11
1032.0;11;20;13;32;116;18;4;24;12
1038.0;10;20;12;32;116;17;5;25;13
1044.0;11;18;14;31;119;16;5;25;11
1050.0;10;19;14;32;116;18;4;24;13
1056.0;8;19;13;32;116;18;6;24;14
1062.0;9;17;13;34;115;18;7;22;15
1068.0;11;18;8;33;117;19;6;22;16
1074.0;11;20;8;35;115;17;6;22;16
1080.0;10;21;11;35;115;18;5;24;11
1086.0;9;20;12;32;115;19;8;23;12
1092.0;8;23;12;30;115;15;10;26;11
1098.0;9;23;12;32;114;14;10;27;9
1104.0;9;25;12;30;114;16;10;26;8
1110.0;10;24;12;32;114;15;10;26;7
1116.0;8;23;14;34;110;14;14;26;7
1122.0;6;22;13;35;112;15;14;25;8
1128.0;6;21;14;33;112;16;16;24;8
1134.0;6;21;14;33;112;17;16;24;7
1140.0;6;20;15;31;112;17;17;26;6
1146.0;6;21;13;29;114;20;17;24;6
1152.0;6;22;14;27;114;18;18;25;6
1158.0;7;21;14;28;114;19;16;26;5
1164.0;8;22;15;27;112;20;15;26;5
1170.0;9;23;14;24;114;20;15;26;5
1176.0;10;23;15;23;113;20;14;25;7
1182.0;10;22;14;22;115;20;17;23;7
1188.0;10;23;14;21;115;21;17;22;7
1194.0;11;24;14;21;113;22;15;22;8
1200.0;11;22;15;21;110;24;10;26;11
1206.0;15;22;13;21;112;25;10;23;9
1212.0;15;21;14;22;112;26;9;21;10
1218.0;17;20;12;22;112;25;10;22;10
1224.0;18;22;15;18;111;23;8;23;12
1230.0;17;23;16;17;112;22;9;22;12
1236.0;15;25;16;20;111;22;9;22;10
1242.0;15;22;16;17;110;24;12;23;11
1248.0;15;21;18;18;110;25;10;22;11
1254.0;15;22;17;14;111;24;10;25;12
1260.0;14;22;16;13;110;26;9;27;13
1266.0;13;22;16;13;110;27;8;27;14
1272.0;14;22;14;11;113;28;8;27;13
1278.0;14;21;13;13;112;28;8;27;14
1284.0;14;22;13;12;113;26;9;26;15
1290.0;13;22;12;13;114;26;8;27;15
1296.0;13;21;11;17;113;24;9;28;14
1302.0;13;21;12;17;112;22;10;30;13
1308.0;13;22;12;17;109;22;11;31;13
1314.0;13;21;12;16;110;22;11;31;14
1320.0;13;19;13;17;112;22;11;32;11
1326.0;12;19;13;16;111;22;12;34;11
1332.0;12;22;14;17;113;22;9;32;9
1338.0;12;23;15;16;111;25;9;31;8
1344.0;13;24;15;15;112;24;8;31;8
1350.0;14;22;16;14;112;24;10;29;9
1356.0;12;22;16;17;113;24;9;27;10
1362.0;12;25;18;15;112;27;8;26;7
1368.0;12;25;16;15;114;29;6;24;9
1374.0;9;23;16;15;117;26;7;25;12
1380.0;11;24;13;16;114;26;6;23;17
1386.0;11;24;12;16;113;25;7;23;19
1392.0;10;22;15;18;114;25;6;22;18
1398.0;9;23;17;19;113;24;8;20;17
1404.0;9;22;20;19;111;24;7;20;18
1410.0;9;22;20;18;111;24;9;20;17
1416.0;9;23;20;16;112;24;6;22;18
1422.0;14;24;18;16;112;23;5;21;17
1428.0;14;24;18;17;112;24;5;21;15
1434.0;14;23;17;17;114;21;7;23;14
1440.0;12;24;15;17;113;22;8;24;15
1446.0;11;24;17;16;112;20;11;22;17
1452.0;11;24;20;15;109;19;10;25;17
1458.0;9;23;20;14;109;21;11;27;16
1464.0;7;23;21;13;109;21;12;27;17
1470.0;6;25;21;12;108;20;12;27;19
1476.0;6;26;19;14;110;19;13;25;18
1482.0;6;26;17;15;110;19;13;25;19
1488.0;5;29;19;14;106;22;13;26;16
1494.0;7;27;19;13;106;23;13;27;15
1500.0;7;26;21;12;107;22;14;26;15
1506.0;7;29;19;11;109;21;13;26;15
1512.0;7;28;18;13;107;23;13;25;16
1518.0;5;29;17;14;111;23;14;25;12
1524.0;7;27;18;12;114;23;15;24;10
1530.0;6;25;19;14;115;21;14;26;10
1536.0;5;26;19;15;112;22;16;25;10
1542.0;5;26;17;16;112;22;17;25;10
1548.0;5;26;17;17;112;21;18;23;11
1554.0;6;27;15;17;111;23;17;22;12
1560.0;5;26;18;17;110;25;16;21;12
1566.0;6;27;17;18;106;27;15;22;12
1572.0;7;26;17;19;107;27;13;23;11
1578.0;5;26;17;21;106;28;13;24;10
1584.0;8;28;17;21;106;26;11;25;8
1590.0;8;27;15;23;106;25;10;26;10
1596.0;9;25;15;24;105;25;11;26;10
1602.0;11;25;15;24;105;24;11;27;8
1608.0;10;26;13;22;106;25;10;29;9
1614.0;9;29;12;25;105;25;11;27;7
1620.0;9;30;12;24;105;26;12;27;5
1626.0;10;26;13;24;103;27;15;27;5
1632.0;10;30;13;24;101;30;13;24;5
1638.0;11;28;14;23;101;30;13;24;6
1644.0;11;26;14;23;102;32;13;23;6
1650.0;12;26;14;23;99;34;13;23;6
1656.0;9;26;17;22;97;34;13;24;8
1662.0;10;26;16;21;98;34;14;23;8
1668.0;10;24;17;19;98;35;12;24;11
1674.0;12;24;18;15;99;33;13;24;12
1680.0;11;27;18;15;99;31;14;26;9
1686.0;11;26;15;15;99;31;16;27;10
1692.0;10;28;13;14;98;33;15;28;11
1698.0;8;27;13;16;96;32;16;31;11
1704.0;8;28;14;16;96;29;18;31;10
1710.0;8;28;14;16;96;28;18;31;11
1716.0;7;28;13;17;96;26;19;33;11
1722.0;9;27;15;14;97;27;19;31;11
1728.0;10;26;15;13;95;29;19;31;12
1734.0;8;26;14;14;95;30;18;31;14
1740.0;10;25;10;14;97;30;17;32;15
1746.0;11;25;10;15;101;27;15;33;13
1752.0;14;24;9;16;100;28;15;33;11
1758.0;12;27;8;17;101;30;12;31;12
1764.0;11;28;9;19;101;31;12;28;11
1770.0;9;28;8;23;102;29;13;27;11
1776.0;8;28;10;24;104;28;10;28;10
1782.0;9;25;10;24;105;28;12;27;10
1788.0;9;25;8;27;103;29;13;24;12
1794.0;10;26;9;29;102;27;14;23;10
