#auto generated file!
12.0;44;56;52;41;64;60;33;51;59
18.0;48;57;50;43;67;61;31;51;52
24.0;48;57;45;44;71;62;33;52;48
30.0;50;62;43;44;72;62;33;53;41
36.0;47;62;41;46;72;61;38;55;38
42.0;44;62;40;45;75;61;37;59;37
48.0;41;66;37;47;75;61;33;62;38
54.0;38;66;36;54;78;62;29;60;37
60.0;35;66;36;56;79;59;33;60;36
66.0;35;61;33;63;82;65;32;58;31
72.0;36;61;33;64;85;62;30;59;30
78.0;38;62;31;64;86;61;27;56;35
84.0;39;60;29;67;86;60;28;55;36
90.0;37;65;27;66;87;64;24;54;36
96.0;33;64;29;67;90;65;24;52;36
102.0;30;61;30;67;91;67;24;57;33
108.0;30;61;27;67;95;65;25;57;33
114.0;28;63;26;65;96;66;27;57;32
120.0;29;64;28;62;99;65;26;56;31
126.0;24;64;30;63;99;66;23;60;31
132.0;30;61;30;64;103;64;23;53;32
138.0;29;65;29;67;105;62;24;48;31
144.0;32;67;26;65;106;63;25;47;29
150.0;36;62;31;61;108;61;26;46;29
156.0;39;60;30;57;109;62;25;45;33
162.0;41;62;28;50;107;62;27;54;29
168.0;37;64;28;52;108;64;28;53;26
174.0;35;60;29;57;108;61;26;54;30
180.0;33;62;26;54;114;59;28;56;28
186.0;31;62;23;55;117;59;28;58;27
192.0;27;63;21;53;120;58;26;58;34
198.0;28;62;19;52;121;57;29;56;36
204.0;23;60;20;52;123;58;26;59;39
210.0;25;62;20;51;125;56;25;56;40
216.0;26;61;20;50;126;55;26;57;39
222.0;27;60;21;52;128;56;25;56;35
228.0;26;61;21;52;129;58;28;56;29
234.0;24;62;24;48;132;59;28;53;30
240.0;25;59;25;49;133;58;27;53;31
246.0;24;55;29;50;135;57;26;51;33
252.0;28;58;28;48;136;56;24;49;33
258.0;26;56;30;47;137;58;22;49;35
264.0;25;55;32;46;138;59;24;47;34
270.0;28;55;31;43;137;57;27;46;36
276.0;25;55;30;44;138;60;24;47;37
282.0;30;53;30;42;141;58;24;46;36
288.0;30;52;33;42;138;56;26;49;34
294.0;31;53;35;39;140;56;24;51;31
300.0;32;53;35;42;142;55;23;53;25
306.0;32;51;34;41;144;54;24;54;26
312.0;32;46;32;42;144;54;24;61;25
318.0;34;49;32;37;147;50;24;63;24
324.0;37;48;34;36;143;50;26;65;21
330.0;36;51;28;37;144;51;27;63;23
336.0;33;52;28;37;144;55;26;60;25
342.0;35;53;29;38;143;51;25;62;24
348.0;33;53;29;41;144;48;28;61;23
354.0;33;56;30;42;146;45;27;59;22
360.0;31;58;27;40;145;50;29;56;24
366.0;29;59;27;42;148;51;25;53;26
372.0;26;56;26;41;153;48;24;57;29
378.0;30;53;21;42;153;49;24;56;32
384.0;24;51;22;43;155;49;29;56;31
390.0;22;49;21;46;154;56;27;59;26
396.0;21;51;20;44;152;57;32;58;25
402.0;23;53;20;39;157;60;29;55;24
408.0;23;53;22;39;160;60;23;56;24
414.0;20;51;22;40;162;60;22;57;26
420.0;18;51;23;43;161;59;22;57;26
426.0;17;49;25;46;163;60;25;53;22
432.0;18;47;26;47;163;58;28;53;20
438.0;18;44;29;46;163;59;27;53;21
444.0;17;43;29;48;164;56;29;52;22
450.0;15;43;28;46;168;55;24;54;27
456.0;12;46;28;45;170;57;19;54;29
462.0;14;43;25;43;173;58;18;54;32
468.0;15;44;24;43;173;56;18;56;31
474.0;16;47;21;44;172;58;19;56;27
480.0;20;47;22;44;173;53;17;58;26
486.0;22;47;21;45;172;54;20;55;24
492.0;21;51;18;47;171;57;23;51;21
498.0;23;52;18;48;172;54;23;50;20
504.0;21;48;18;51;174;57;21;45;25
510.0;21;46;16;53;174;56;20;47;27
516.0;21;46;17;51;174;57;19;47;28
522.0;20;47;16;48;176;56;18;49;30
528.0;20;46;15;46;178;57;19;49;30
534.0;24;49;15;47;177;54;17;48;29
540.0;22;48;16;45;176;53;20;51;29
546.0;22;44;18;48;176;53;18;53;28
552.0;23;44;19;46;175;53;20;51;29
558.0;25;44;20;43;178;52;23;47;28
564.0;28;42;20;42;177;51;21;49;30
570.0;26;43;23;47;178;51;21;43;28
576.0;25;46;21;44;179;50;25;41;29
582.0;23;46;23;45;179;51;25;43;25
588.0;22;45;22;46;181;50;27;43;24
594.0;22;46;23;42;181;52;27;45;22
600.0;20;49;23;40;186;52;25;48;17
606.0;21;48;24;41;189;49;24;47;17
612.0;20;48;24;45;189;46;22;48;18
618.0;20;47;24;49;191;45;19;50;15
624.0;24;50;24;50;190;41;14;52;15
630.0;23;54;21;51;189;43;11;53;15
636.0;24;51;24;51;190;39;10;51;20
642.0;24;49;21;50;186;42;12;54;22
648.0;22;47;25;49;186;42;13;56;20
654.0;18;50;23;49;188;42;11;58;21
660.0;20;46;22;52;191;39;14;56;20
666.0;18;46;24;54;190;39;17;52;20
672.0;18;46;22;55;188;39;16;56;20
678.0;18;50;23;53;189;39;14;55;19
684.0;20;50;23;53;186;37;15;54;22
690.0;27;46;20;53;185;38;15;54;22
696.0;27;41;21;56;187;39;16;51;22
702.0;25;42;22;58;188;36;17;50;22
708.0;24;45;20;60;186;34;18;49;24
714.0;25;48;21;58;183;39;16;49;21
720.0;25;49;18;56;182;43;16;50;21
726.0;22;50;20;55;183;46;13;49;22
732.0;24;49;22;55;181;46;13;46;24
738.0;24;51;23;55;178;46;12;45;26
744.0;25;50;23;57;177;47;11;43;27
750.0;20;52;25;57;178;47;15;41;25
756.0;19;51;18;55;183;50;13;46;25
762.0;17;54;13;56;181;52;12;48;27
768.0;16;57;16;54;184;49;14;43;27
774.0;20;55;16;54;182;46;15;45;27
780.0;22;53;14;55;182;44;15;46;29
786.0;24;54;14;53;181;43;17;47;27
792.0;21;55;14;57;181;45;15;46;26
798.0;19;55;11;59;180;49;16;44;27
804.0;19;58;13;60;179;49;14;40;28
810.0;21;60;14;54;181;50;14;39;27
816.0;20;59;17;53;183;52;14;36;26
822.0;18;55;19;55;182;51;16;40;24
828.0;20;53;17;54;183;53;17;40;23
834.0;20;55;16;52;184;55;21;38;19
840.0;21;53;17;54;184;51;22;38;20
846.0;22;49;17;55;185;53;23;37;19
852.0;22;51;18;56;184;51;22;38;18
858.0;22;52;18;58;181;51;22;36;20
864.0;22;52;18;59;182;49;24;36;18
870.0;24;50;19;60;181;47;24;36;19
876.0;23;49;20;62;186;45;23;32;20
882.0;25;48;18;60;190;43;23;34;19
888.0;25;49;17;57;193;40;24;36;19
894.0;26;48;15;57;191;42;26;35;20
900.0;21;49;15;57;190;42;24;37;25
906.0;20;46;17;58;191;42;26;36;24
912.0;20;45;19;57;193;42;25;36;23
918.0;20;45;20;60;193;40;24;35;23
924.0;20;47;20;58;192;40;25;35;23
930.0;21;48;20;57;193;41;25;37;18
936.0;25;47;22;56;192;39;24;36;19
942.0;22;49;23;57;193;41;22;33;20
948.0;26;49;17;59;196;39;23;31;20
954.0;27;48;14;58;200;41;22;31;19
960.0;25;43;12;61;207;39;20;34;19
966.0;25;40;15;61;207;40;19;33;20
972.0;25;42;14;61;202;39;21;35;21
978.0;25;40;16;57;204;39;20;37;22
984.0;24;40;17;58;203;39;20;38;21
990.0;25;42;19;54;202;39;21;37;21
996.0;23;43;24;51;202;38;21;38;20
1002.0;22;41;24;53;201;37;24;38;20
1008.0;23;40;24;52;204;34;26;39;18
1014.0;18;38;26;51;207;36;26;39;19
1020.0;17;40;24;54;207;35;26;36;21
1026.0;18;38;25;53;208;37;25;36;20
1032.0;21;38;24;52;208;36;22;36;23
1038.0;21;40;24;52;206;36;22;34;25
1044.0;23;40;23;54;203;35;24;35;23
1050.0;25;42;22;52;203;35;23;36;22
1056.0;23;44;22;56;202;37;22;35;19
1062.0;23;43;25;57;200;37;18;37;20
1068.0;29;39;23;59;201;38;17;36;18
1074.0;29;37;24;62;200;38;18;37;15
1080.0;24;39;23;58;199;43;19;39;16
1086.0;28;38;24;57;197;41;18;38;19
1092.0;29;38;24;57;199;39;19;37;18
1098.0;27;39;25;57;199;36;20;38;19
1104.0;25;39;25;58;197;36;19;40;21
1110.0;26;42;27;55;198;34;18;37;23
1116.0;27;43;27;53;201;33;17;38;21
1122.0;30;39;26;54;201;33;15;43;19
1128.0;28;38;25;52;203;33;18;44;19
1134.0;28;38;25;50;206;33;19;44;17
1140.0;27;38;24;49;206;35;20;45;16
1146.0;24;39;24;47;207;34;22;46;17
1152.0;22;39;22;50;207;34;22;48;16
1158.0;21;42;18;53;206;33;23;48;16
1164.0;23;39;18;53;205;33;25;48;16
1170.0;26;39;16;57;204;33;21;48;16
1176.0;25;40;14;57;204;32;23;48;17
1182.0;25;41;15;55;205;34;21;46;18
1188.0;25;42;17;55;203;31;23;47;17
1194.0;27;43;19;48;205;33;22;47;16
1200.0;25;43;21;49;200;35;25;47;15
1206.0;28;39;21;51;201;34;23;47;16
1212.0;29;37;22;52;201;35;22;48;14
1218.0;29;38;20;53;199;37;22;46;16
1224.0;30;39;21;53;197;35;22;45;18
1230.0;29;38;21;54;197;35;20;47;19
1236.0;27;40;23;52;199;35;21;45;18
1242.0;25;43;24;51;201;33;20;45;18
1248.0;26;48;22;49;206;32;18;42;17
1254.0;27;45;25;49;201;32;19;43;19
1260.0;28;43;26;47;199;37;18;43;19
1266.0;28;44;22;46;201;37;19;43;20
1272.0;33;44;23;45;200;34;20;40;21
1278.0;30;46;22;47;199;35;20;41;20
1284.0;29;47;23;47;202;34;19;40;19
1290.0;29;47;26;48;199;33;19;41;18
1296.0;25;49;23;44;200;37;22;39;21
1302.0;27;48;21;45;200;36;21;41;21
1308.0;28;47;20;45;199;38;23;41;19
1314.0;26;51;21;45;197;39;23;41;17
1320.0;26;51;23;46;198;37;19;43;17
1326.0;27;53;21;47;197;37;20;41;17
1332.0;25;53;23;45;198;35;19;45;17
1338.0;24;50;20;46;201;35;18;48;18
1344.0;24;51;24;46;199;35;16;46;19
1350.0;27;50;23;46;201;33;18;44;18
1356.0;24;50;26;45;201;33;17;42;22
1362.0;22;50;26;45;204;34;14;42;23
1368.0;21;52;28;42;200;33;18;44;22
1374.0;22;51;25;44;201;34;19;41;23
1380.0;23;53;26;48;199;34;17;39;21
1386.0;24;49;29;49;195;37;18;40;19
1392.0;24;48;30;49;192;36;21;40;20
1398.0;25;48;29;48;196;38;18;39;19
1404.0;28;48;30;48;194;36;17;40;19
1410.0;27;47;32;47;196;35;17;40;19
1416.0;29;46;30;48;194;35;19;40;19
1422.0;28;45;27;49;197;37;18;39;20
1428.0;27;44;28;51;198;38;16;37;21
1434.0;24;46;26;49;196;41;19;34;25
1440.0;21;49;26;49;198;42;17;32;26
1446.0;20;53;24;49;197;40;15;36;26
1452.0;21;51;25;49;195;39;15;37;28
1458.0;20;51;24;50;197;36;18;38;26
1464.0;20;48;23;52;196;38;20;37;26
1470.0;20;49;20;49;198;37;22;38;27
1476.0;16;47;22;47;202;39;21;37;29
1482.0;17;49;20;45;205;37;19;38;30
1488.0;18;47;19;43;208;39;18;38;30
1494.0;18;44;24;44;207;39;18;39;27
1500.0;19;45;20;45;207;39;13;45;27
1506.0;19;46;22;46;205;40;12;42;28
1512.0;21;43;23;42;205;40;13;43;30
1518.0;18;41;25;41;206;45;14;43;27
1524.0;20;43;27;45;206;44;12;41;22
1530.0;16;36;30;45;212;46;11;44;20
1536.0;16;36;30;44;211;46;12;46;19
1542.0;18;33;31;42;209;45;14;48;20
1548.0;17;31;33;40;211;48;17;47;16
1554.0;17;32;29;44;208;49;19;45;17
1560.0;17;32;29;44;205;46;18;47;22
1566.0;19;34;28;41;205;48;18;47;20
1572.0;17;36;28;43;206;45;16;49;20
1578.0;18;38;29;42;205;44;17;46;21
1584.0;20;36;34;40;205;41;16;46;22
1590.0;21;37;37;36;203;42;15;48;21
1596.0;20;36;37;38;203;40;15;51;20
1602.0;20;34;40;39;202;39;17;51;18
1608.0;20;35;39;38;203;43;19;47;16
1614.0;19;35;40;40;201;42;18;48;17
1620.0;21;37;37;38;194;46;17;49;21
1626.0;23;37;35;41;193;45;17;47;22
1632.0;22;37;31;42;197;44;17;46;24
1638.0;21;37;32;41;197;43;19;49;21
1644.0;21;37;31;45;198;41;20;48;19
1650.0;22;38;33;42;195;42;20;51;17
1656.0;21;37;31;40;197;45;17;51;21
1662.0;22;35;29;44;199;45;14;50;22
1668.0;26;34;27;45;197;46;15;46;24
1674.0;24;36;25;48;197;44;17;44;25
1680.0;26;32;26;50;195;44;16;44;27
1686.0;24;36;25;50;200;41;16;42;26
1692.0;22;34;24;51;198;43;20;40;28
1698.0;25;35;24;51;197;43;19;39;27
1704.0;24;36;26;52;200;42;17;40;23
1710.0;27;35;27;53;199;41;18;39;21
1716.0;33;32;27;52;197;40;17;43;19
1722.0;34;34;26;52;196;40;16;44;18
1728.0;34;34;23;49;197;42;17;46;18
1734.0;31;35;25;49;197;43;19;46;15
1740.0;29;35;27;45;198;44;21;44;17
1746.0;28;33;27;46;198;43;22;46;17
1752.0;27;33;28;47;201;45;20;43;16
1758.0;29;30;24;47;200;50;19;41;20
1764.0;30;30;22;50;200;52;17;38;21
1770.0;33;30;24;50;199;49;17;37;21
1776.0;32;36;24;49;195;49;17;38;20
1782.0;30;35;24;49;198;49;18;37;20
1788.0;29;40;24;47;199;47;20;34;20
1794.0;29;40;22;48;196;48;21;35;21
