#auto generated file!
12.0;23;33;21;26;27;22;16;20;22
18.0;23;32;21;26;27;23;15;21;22
24.0;25;33;18;26;28;25;15;19;21
30.0;25;33;18;25;32;24;12;19;22
36.0;24;34;17;27;33;25;10;20;20
42.0;23;35;17;28;35;24;10;19;19
48.0;22;36;17;29;38;26;8;16;18
54.0;23;37;13;29;41;23;10;16;18
60.0;19;34;13;29;41;24;15;18;17
66.0;20;30;14;25;44;25;19;18;15
72.0;17;30;16;26;45;26;20;19;11
78.0;16;32;16;28;46;24;17;19;12
84.0;15;30;16;27;48;26;14;22;12
90.0;15;26;17;27;47;25;16;24;13
96.0;13;25;14;32;47;24;13;25;17
102.0;13;26;14;31;47;23;16;24;16
108.0;14;26;13;31;49;21;17;23;16
114.0;12;26;13;30;51;21;18;23;16
120.0;13;24;13;30;52;20;18;24;16
126.0;13;24;13;31;53;19;18;23;16
132.0;14;24;11;32;55;18;18;24;14
138.0;12;26;10;30;58;19;17;24;14
144.0;14;24;9;32;59;17;16;26;13
150.0;18;23;8;30;60;16;14;28;13
156.0;19;23;8;28;61;16;14;27;14
162.0;17;21;8;29;61;15;13;30;16
168.0;19;22;6;28;58;17;17;29;14
174.0;18;23;7;29;60;18;16;26;13
180.0;18;22;10;28;59;20;16;26;11
186.0;18;22;9;30;61;20;15;24;11
192.0;18;22;9;31;61;19;11;26;13
198.0;15;21;9;30;62;21;13;26;13
204.0;17;19;9;28;64;22;13;26;12
210.0;19;19;9;26;66;19;11;28;13
216.0;16;19;13;27;68;20;10;26;11
222.0;16;17;11;27;71;20;12;24;12
228.0;14;17;12;26;72;23;12;23;11
234.0;14;20;12;24;71;20;12;26;11
240.0;13;20;13;24;70;20;12;27;11
246.0;14;20;11;25;69;21;13;26;11
252.0;13;20;11;25;70;22;10;25;14
258.0;12;21;14;25;70;24;8;22;14
264.0;10;19;13;27;71;24;9;22;15
270.0;15;18;12;25;69;24;10;22;15
276.0;12;18;11;26;70;25;9;24;15
282.0;10;18;11;26;72;25;11;25;12
288.0;10;18;12;25;72;24;10;26;13
294.0;9;18;13;25;72;24;10;25;14
300.0;10;17;12;22;73;29;11;24;12
306.0;10;16;10;24;76;29;9;23;13
312.0;10;16;11;22;77;30;6;24;14
318.0;13;18;10;19;77;28;6;25;14
324.0;10;18;11;18;78;28;7;25;15
330.0;10;20;11;19;77;27;7;26;13
336.0;10;23;11;18;74;25;7;27;15
342.0;10;23;12;20;75;24;7;25;14
348.0;10;22;12;20;77;25;7;26;11
354.0;11;20;10;20;80;26;7;26;10
360.0;11;19;11;19;80;21;10;28;11
366.0;9;18;13;21;80;23;7;29;10
372.0;10;18;10;19;81;22;8;34;8
378.0;11;19;9;20;81;21;9;32;8
384.0;12;16;10;18;82;22;12;30;8
390.0;11;16;9;21;81;22;11;30;9
396.0;11;15;10;20;81;22;11;31;9
402.0;11;15;11;21;79;23;13;28;9
408.0;8;17;10;19;83;22;14;29;8
414.0;9;17;11;19;82;22;13;29;8
420.0;10;19;9;19;82;22;12;26;11
426.0;10;19;8;19;84;20;10;27;13
432.0;11;21;6;20;83;19;9;27;14
438.0;10;21;5;18;86;18;9;28;15
444.0;11;22;6;18;86;21;7;26;13
450.0;12;22;7;16;86;22;8;25;12
456.0;16;23;6;15;88;20;7;25;10
462.0;15;23;6;15;89;21;7;25;9
468.0;17;23;6;17;87;21;5;22;12
474.0;17;24;5;18;86;21;6;21;12
480.0;17;23;6;19;84;21;7;21;12
486.0;16;23;7;20;83;20;7;21;13
492.0;13;24;8;21;84;20;8;20;12
498.0;12;24;8;21;82;22;8;20;13
504.0;11;23;8;21;80;22;9;22;14
510.0;12;22;9;23;81;20;8;22;13
516.0;13;22;6;22;81;19;12;21;14
522.0;12;22;6;21;81;19;14;21;14
528.0;12;21;8;19;79;21;16;21;13
534.0;10;22;10;19;79;23;13;22;12
540.0;9;22;10;18;80;23;14;23;11
546.0;8;23;11;18;77;23;16;23;11
552.0;8;22;10;18;82;23;13;23;11
558.0;9;22;11;19;83;21;10;23;12
564.0;10;23;8;19;84;21;11;22;12
570.0;9;23;9;18;85;21;11;22;12
576.0;8;24;10;20;87;22;11;19;9
582.0;7;20;10;20;88;21;12;21;11
588.0;9;20;9;18;89;20;13;21;11
594.0;10;22;8;15;88;19;16;23;9
600.0;10;23;9;14;89;17;15;24;9
606.0;10;21;9;13;88;17;20;24;8
612.0;10;18;7;16;86;19;21;24;9
618.0;12;17;6;16;88;18;20;24;9
624.0;11;17;6;17;86;18;18;26;11
630.0;12;19;7;20;84;18;17;23;10
636.0;11;18;6;21;85;19;15;24;11
642.0;11;18;6;22;86;18;15;24;10
648.0;13;17;6;21;86;18;16;23;10
654.0;13;17;7;20;87;16;16;22;12
660.0;13;18;10;20;85;16;16;23;9
666.0;12;17;9;19;86;16;17;23;11
672.0;15;17;10;19;85;15;15;24;10
678.0;14;17;11;19;87;16;15;22;9
684.0;16;16;11;20;88;17;12;22;8
690.0;17;16;12;16;86;19;15;22;7
696.0;16;15;9;18;87;23;11;23;8
702.0;17;16;8;18;86;23;10;24;8
708.0;18;16;7;16;88;22;9;25;9
714.0;16;15;7;16;88;23;10;24;11
720.0;17;16;8;17;86;23;10;22;11
726.0;15;15;9;18;87;26;9;21;10
732.0;17;17;7;19;87;26;8;19;10
738.0;15;17;7;19;92;25;7;18;10
744.0;16;16;6;20;91;25;9;16;11
750.0;15;16;6;21;90;25;9;17;11
756.0;16;17;7;20;90;25;7;16;12
762.0;17;18;7;18;91;23;8;15;13
768.0;16;19;6;18;91;22;9;16;13
774.0;12;19;8;19;92;22;10;16;12
780.0;10;17;7;17;94;22;11;18;14
786.0;11;18;8;16;95;21;11;18;12
792.0;9;21;7;16;93;21;11;20;12
798.0;8;20;8;14;93;25;13;19;10
804.0;8;18;8;15;95;26;12;19;9
810.0;9;20;7;14;93;28;11;21;7
816.0;9;22;6;15;93;26;11;19;9
822.0;9;23;6;13;94;24;12;20;9
828.0;10;20;5;12;94;27;10;22;10
834.0;12;18;6;12;94;26;11;22;9
840.0;10;18;7;12;95;26;11;23;8
846.0;10;19;8;12;96;26;8;23;8
852.0;11;18;10;12;97;25;9;21;7
858.0;13;17;8;12;96;24;9;21;10
864.0;14;17;7;12;96;23;11;19;11
870.0;12;19;8;11;97;20;10;21;12
876.0;13;20;8;11;97;19;10;21;11
882.0;13;21;7;10;98;20;9;20;12
888.0;13;19;9;10;98;20;9;20;12
894.0;13;18;9;10;97;18;11;23;11
900.0;13;15;9;12;96;20;12;21;12
906.0;13;14;11;14;98;17;9;23;11
912.0;11;14;10;14;99;16;13;22;11
918.0;6;13;10;13;103;17;14;22;12
924.0;7;15;11;14;100;18;13;20;12
930.0;7;14;11;14;99;20;11;22;12
936.0;7;13;12;14;99;20;11;23;11
942.0;9;15;10;15;99;19;11;23;9
948.0;9;12;9;16;99;19;11;26;9
954.0;9;13;11;18;98;19;9;26;7
960.0;10;14;11;16;97;21;9;25;7
966.0;9;15;8;16;100;21;7;25;9
972.0;10;16;8;16;99;22;6;23;10
978.0;9;16;9;16;98;24;6;24;8
984.0;9;17;8;16;98;23;5;25;9
990.0;8;17;7;16;99;23;6;25;9
996.0;10;15;9;17;100;23;4;22;10
1002.0;9;16;9;15;99;23;4;25;10
1008.0;9;17;9;14;99;21;7;24;10
1014.0;7;19;7;16;100;19;6;26;10
1020.0;9;17;6;16;100;19;6;27;10
1026.0;10;17;6;18;97;18;7;27;10
1032.0;12;19;7;17;97;18;8;23;9
1038.0;12;19;8;17;97;18;8;21;10
1044.0;12;17;10;17;99;17;8;21;9
1050.0;11;16;10;16;97;17;10;25;8
1056.0;13;18;9;17;95;17;10;25;6
1062.0;14;17;9;20;94;17;10;22;7
1068.0;12;18;9;20;96;18;8;22;7
1074.0;11;21;8;18;94;19;10;21;8
1080.0;11;20;7;20;94;20;10;20;8
1086.0;8;21;7;21;93;19;10;23;8
1092.0;8;22;9;20;91;19;9;22;10
1098.0;6;25;11;18;90;21;8;19;12
1104.0;7;25;11;18;91;22;7;19;10
1110.0;9;22;12;19;89;22;7;19;11
1116.0;10;20;15;18;88;24;7;17;11
1122.0;9;21;14;21;89;24;5;16;11
1128.0;9;20;15;19;89;22;7;19;10
1134.0;9;20;16;19;89;21;7;19;10
1140.0;6;22;15;20;88;22;7;19;11
1146.0;7;19;13;18;87;23;7;24;12
1152.0;8;19;13;19;87;22;7;23;12
1158.0;9;20;13;22;84;22;7;24;9
1164.0;11;19;12;22;84;22;8;24;8
1170.0;12;20;11;19;84;24;8;23;9
1176.0;12;20;10;18;85;25;8;23;9
1182.0;15;21;10;17;85;24;9;21;8
1188.0;11;23;10;16;87;24;10;20;9
1194.0;10;21;12;15;87;23;9;22;11
1200.0;9;21;15;17;85;25;9;22;7
1206.0;8;21;14;18;83;25;10;22;9
1212.0;7;21;14;17;84;25;11;22;9
1218.0;6;21;12;17;85;27;14;19;9
1224.0;6;20;11;17;85;25;13;23;10
1230.0;6;18;13;21;84;24;10;24;10
1236.0;6;16;13;20;83;25;13;24;10
1242.0;10;16;15;20;84;24;10;23;8
1248.0;10;14;15;20;85;24;12;22;8
1254.0;10;17;14;20;87;23;10;21;8
1260.0;12;16;14;19;87;23;9;23;7
1266.0;13;16;15;19;89;22;8;22;6
1272.0;13;19;15;17;88;22;9;22;5
1278.0;11;19;13;22;89;20;9;22;5
1284.0;9;17;13;21;90;20;11;23;6
1290.0;8;15;14;21;91;21;12;23;5
1296.0;9;16;13;22;93;20;11;22;4
1302.0;9;15;11;21;95;21;10;24;4
1308.0;8;14;11;20;98;21;10;25;3
1314.0;5;13;10;21;99;20;9;27;6
1320.0;8;10;6;21;102;20;7;29;7
1326.0;8;11;6;21;102;19;9;28;6
1332.0;9;11;5;21;99;22;8;27;8
1338.0;10;11;6;21;98;20;6;29;9
1344.0;7;13;6;21;99;22;7;25;10
1350.0;4;14;9;23;96;23;8;22;11
1356.0;3;16;10;23;95;22;8;22;11
1362.0;4;15;9;24;94;22;7;22;13
1368.0;7;13;8;21;96;24;6;21;14
1374.0;7;13;8;18;101;23;6;19;15
1380.0;6;13;9;17;101;24;7;18;15
1386.0;7;14;10;20;100;24;4;20;11
1392.0;9;14;7;19;99;22;5;23;12
1398.0;8;17;6;19;102;20;4;23;11
1404.0;8;16;7;21;101;21;3;25;8
1410.0;10;16;5;18;102;24;3;24;8
1416.0;10;16;6;19;101;23;4;23;8
1422.0;10;14;7;21;103;24;4;22;5
1428.0;10;15;6;20;104;24;4;20;7
1434.0;9;13;10;20;104;24;6;18;6
1440.0;9;14;9;20;105;24;7;15;7
1446.0;8;15;11;20;105;23;6;15;7
1452.0;9;12;11;20;105;24;6;15;8
1458.0;9;11;10;20;104;24;8;16;8
1464.0;9;11;9;21;104;25;7;16;8
1470.0;10;12;8;20;105;25;9;15;6
1476.0;10;13;9;20;105;24;7;15;7
1482.0;11;13;8;20;103;25;7;16;7
1488.0;11;14;7;20;103;25;6;16;8
1494.0;10;15;7;22;100;25;6;17;8
1500.0;9;16;7;24;100;24;7;15;8
1506.0;8;19;7;22;99;25;7;15;8
1512.0;8;19;7;24;95;25;7;17;8
1518.0;8;18;7;23;94;28;5;18;9
1524.0;9;17;8;23;94;27;8;17;7
1530.0;9;16;8;23;95;29;6;17;7
1536.0;10;15;8;22;95;31;6;16;7
1542.0;11;16;7;22;94;30;6;17;7
1548.0;12;17;7;23;93;29;6;14;9
1554.0;12;17;8;24;92;27;6;15;9
1560.0;15;15;8;23;92;28;6;13;10
1566.0;16;15;6;21;91;30;7;14;10
1572.0;14;15;7;21;91;30;7;14;11
1578.0;12;17;10;19;89;29;7;14;13
1584.0;13;18;9;20;89;28;6;15;12
1590.0;15;18;6;20;90;25;6;17;13
1596.0;16;19;6;21;90;24;6;16;12
1602.0;12;20;9;20;91;24;6;16;12
1608.0;11;19;8;19;93;25;6;17;12
1614.0;10;19;6;20;94;26;6;17;12
1620.0;11;17;6;19;95;24;9;19;10
1626.0;12;19;5;17;95;23;10;20;9
1632.0;14;19;5;16;93;24;11;19;9
1638.0;13;17;6;17;91;24;12;19;11
1644.0;14;18;5;16;91;24;11;20;11
1650.0;13;19;5;17;91;23;10;20;12
1656.0;11;20;6;17;92;22;11;19;12
1662.0;11;20;7;17;92;24;9;18;12
1668.0;12;19;9;18;92;23;8;18;11
1674.0;15;17;8;19;93;23;8;16;11
1680.0;13;17;8;19;94;24;8;17;10
1686.0;11;19;9;22;95;21;7;17;9
1692.0;12;18;10;22;98;18;9;16;7
1698.0;11;18;9;22;98;19;10;15;8
1704.0;11;18;7;24;99;19;9;15;8
1710.0;11;17;8;24;99;19;10;16;6
1716.0;11;17;8;24;100;18;10;16;6
1722.0;11;18;11;22;97;19;8;17;7
1728.0;11;18;11;21;96;19;12;16;6
1734.0;13;16;13;21;95;15;14;17;6
1740.0;13;18;13;21;94;15;14;15;7
1746.0;11;17;11;21;93;18;13;18;8
1752.0;11;16;12;20;95;17;14;19;6
1758.0;13;15;15;19;95;18;11;18;6
1764.0;10;16;17;19;94;18;9;19;8
1770.0;7;15;15;19;97;21;8;18;10
1776.0;6;14;15;19;97;22;8;18;11
1782.0;5;13;12;19;97;22;8;20;14
1788.0;7;13;11;17;97;23;8;22;12
1794.0;11;14;11;18;95;22;6;20;13
