#auto generated file!
12.0;32;27;27;25;22;36;32;36;33
18.0;32;29;24;24;24;37;33;35;32
24.0;30;30;24;25;26;40;30;35;30
30.0;26;33;24;24;28;41;30;35;29
36.0;24;32;23;27;30;41;29;37;27
42.0;24;33;23;26;33;42;28;37;24
48.0;25;32;21;28;35;41;29;38;21
54.0;22;33;24;30;37;40;33;34;17
60.0;19;32;24;32;42;38;31;35;17
66.0;19;31;23;30;43;38;31;36;19
72.0;18;32;23;28;43;41;31;35;19
78.0;18;33;25;28;42;39;31;35;19
84.0;15;33;21;33;42;39;30;38;19
90.0;15;31;16;38;42;41;29;39;19
96.0;20;29;18;40;44;38;24;40;17
102.0;16;30;21;41;44;42;24;36;16
108.0;17;29;22;38;46;40;25;36;17
114.0;19;29;20;41;48;42;21;35;15
120.0;21;30;20;39;49;44;21;34;12
126.0;19;29;21;38;54;43;22;31;13
132.0;18;30;20;37;56;41;22;33;13
138.0;19;31;18;33;55;43;24;34;13
144.0;22;31;18;34;57;40;23;33;12
150.0;24;30;19;33;60;39;24;30;11
156.0;23;33;16;34;60;38;24;29;13
162.0;22;35;15;37;61;38;22;28;12
168.0;21;33;15;37;61;40;20;29;14
174.0;21;34;14;38;65;36;18;30;14
180.0;24;35;14;37;65;34;19;29;13
186.0;24;34;12;33;66;32;21;35;13
192.0;23;31;13;35;64;34;23;32;15
198.0;22;31;13;34;65;31;24;33;17
204.0;21;34;13;31;63;30;26;35;17
210.0;20;33;16;30;67;30;24;34;16
216.0;19;30;16;31;68;33;23;35;15
222.0;19;30;17;31;69;32;24;33;15
228.0;18;31;16;33;72;33;19;35;13
234.0;19;31;16;32;70;33;20;36;13
240.0;18;31;17;31;72;33;20;35;13
246.0;16;35;17;28;73;38;17;35;11
252.0;16;34;16;28;76;38;18;35;9
258.0;16;32;20;25;79;39;17;33;9
264.0;20;32;20;26;78;38;15;32;9
270.0;20;32;19;28;79;37;14;29;12
276.0;21;27;19;29;81;35;17;29;12
282.0;23;22;19;28;82;33;18;30;15
288.0;22;22;17;29;84;34;18;31;13
294.0;19;24;16;28;86;37;18;30;12
300.0;19;24;18;27;85;37;16;32;12
306.0;20;25;18;26;85;35;16;32;13
312.0;17;25;20;25;82;36;16;33;16
318.0;17;26;19;26;82;38;19;29;14
324.0;16;27;17;29;82;38;19;28;14
330.0;17;25;20;29;81;37;20;29;12
336.0;15;22;22;29;82;38;19;30;13
342.0;14;22;25;29;82;38;14;31;15
348.0;14;23;23;30;84;41;13;31;11
354.0;16;26;19;30;84;40;12;32;11
360.0;18;24;19;33;84;40;10;30;12
366.0;17;24;16;30;86;43;13;28;13
372.0;18;25;14;31;87;42;13;26;14
378.0;17;23;15;29;90;43;13;28;12
384.0;18;24;16;28;89;43;13;28;11
390.0;18;23;15;28;91;41;13;29;12
396.0;18;23;17;28;92;39;11;28;14
402.0;16;24;17;29;96;35;12;26;15
408.0;15;28;16;29;96;33;13;24;16
414.0;17;27;16;30;96;29;18;23;14
420.0;15;27;15;34;96;30;16;23;14
426.0;16;26;13;36;98;30;14;23;14
432.0;15;27;12;36;102;29;13;24;12
438.0;15;26;11;35;102;30;11;26;14
444.0;15;24;12;37;101;30;9;24;18
450.0;15;24;10;38;100;31;8;25;19
456.0;17;25;13;34;101;30;8;24;18
462.0;16;25;13;34;101;28;8;22;23
468.0;15;24;13;36;101;29;8;21;23
474.0;14;24;14;34;103;30;7;25;19
480.0;12;24;13;34;106;30;11;23;17
486.0;12;25;13;39;106;29;11;20;15
492.0;11;26;14;40;107;29;11;20;12
498.0;11;26;13;40;108;29;11;19;13
504.0;10;27;13;40;108;29;11;19;13
510.0;11;26;14;40;109;29;12;17;12
516.0;13;23;13;42;109;26;10;21;13
522.0;12;25;13;44;107;25;13;20;11
528.0;11;22;11;44;112;24;15;20;11
534.0;12;20;14;43;112;22;13;22;12
540.0;11;18;12;40;114;25;15;23;12
546.0;10;21;13;42;113;24;14;22;11
552.0;10;24;13;38;115;24;13;22;11
558.0;9;25;12;38;115;23;14;23;11
564.0;9;25;13;37;117;22;12;23;12
570.0;11;24;15;34;118;21;12;23;12
576.0;9;23;16;33;121;22;11;24;11
582.0;8;25;16;30;122;20;13;25;11
588.0;7;24;16;30;120;22;14;25;12
594.0;9;25;16;29;121;22;12;25;11
600.0;8;23;17;28;121;23;15;25;10
606.0;11;25;18;25;122;24;14;24;7
612.0;13;26;16;25;119;23;14;24;10
618.0;14;27;16;24;118;23;11;24;13
624.0;11;28;17;25;118;20;11;26;14
630.0;10;30;14;28;121;21;9;24;13
636.0;11;30;12;26;124;21;8;23;15
642.0;12;30;10;27;123;20;10;21;17
648.0;12;31;11;29;123;20;10;20;14
654.0;9;32;12;27;124;21;12;22;11
660.0;9;32;11;29;122;22;10;23;12
666.0;12;33;10;30;123;20;11;21;10
672.0;9;33;11;32;123;18;13;21;10
678.0;9;31;12;35;124;21;11;17;10
684.0;11;33;11;34;126;20;8;17;10
690.0;11;30;11;34;127;18;8;19;12
696.0;11;30;12;32;126;18;8;21;12
702.0;13;32;11;30;125;18;8;22;11
708.0;12;33;9;30;125;20;8;22;11
714.0;13;30;12;28;126;18;8;22;13
720.0;12;28;12;29;128;18;8;21;14
726.0;13;29;11;28;128;17;9;21;14
732.0;12;30;11;25;128;18;11;20;15
738.0;11;30;8;25;129;20;11;21;15
744.0;10;31;8;25;127;19;11;23;16
750.0;12;32;7;25;128;18;12;21;15
756.0;11;34;7;25;129;16;14;21;13
762.0;9;32;9;26;130;16;14;20;14
768.0;8;30;13;26;130;15;16;18;14
774.0;6;31;12;25;131;16;15;19;15
780.0;7;29;11;24;134;17;16;17;15
786.0;6;30;12;24;134;18;17;17;12
792.0;7;30;14;24;133;18;18;16;10
798.0;8;30;16;27;130;16;17;18;8
804.0;7;27;15;27;131;19;16;19;9
810.0;8;26;13;28;129;19;17;20;10
816.0;12;24;11;26;130;20;19;20;8
822.0;14;26;13;24;129;18;18;19;9
828.0;14;30;12;24;130;18;17;16;9
834.0;13;28;15;23;128;22;16;16;9
840.0;12;28;15;24;128;22;16;16;9
846.0;14;29;11;23;126;22;17;18;10
852.0;13;26;11;24;125;21;19;18;13
858.0;12;26;11;23;126;22;17;19;14
864.0;11;28;12;20;124;23;17;21;14
870.0;12;28;13;21;126;20;17;20;13
876.0;13;26;12;21;127;22;13;21;15
882.0;12;26;12;22;128;21;11;21;17
888.0;12;26;12;22;129;21;11;20;17
894.0;11;24;11;24;129;22;11;21;17
900.0;10;25;12;23;131;23;9;21;16
906.0;9;25;13;24;129;22;11;22;15
912.0;11;25;13;24;130;24;9;24;10
918.0;10;25;13;23;131;25;8;24;11
924.0;9;24;14;22;134;24;8;23;12
930.0;9;25;14;23;131;24;9;23;12
936.0;9;27;16;24;131;24;8;20;11
942.0;9;25;16;24;130;24;7;23;12
948.0;10;27;16;22;128;24;8;24;11
954.0;12;24;15;22;127;26;10;23;11
960.0;13;26;13;25;126;26;7;22;12
966.0;13;27;15;25;126;25;7;22;10
972.0;14;27;15;24;127;25;5;24;9
978.0;13;29;13;23;129;25;5;25;8
984.0;13;29;13;22;129;26;6;25;7
990.0;15;29;14;23;129;24;7;23;6
996.0;13;27;13;23;130;23;10;24;7
1002.0;10;25;12;22;132;28;10;23;8
1008.0;12;26;10;22;129;28;12;23;8
1014.0;14;29;10;23;128;26;9;23;8
1020.0;10;27;13;25;127;26;8;25;9
1026.0;11;26;11;23;127;28;9;26;9
1032.0;12;25;12;20;128;27;9;28;9
1038.0;11;23;11;19;129;29;10;28;10
1044.0;13;22;12;19;128;30;7;29;10
1050.0;13;22;13;18;126;29;7;29;13
1056.0;14;24;11;19;125;31;6;27;13
1062.0;17;24;12;19;127;27;7;27;10
1068.0;17;24;14;19;125;25;8;28;10
1074.0;16;20;13;19;124;29;11;28;10
1080.0;17;21;14;17;124;28;11;28;10
1086.0;17;21;13;17;124;29;9;29;11
1092.0;16;21;12;18;124;30;7;29;13
1098.0;15;22;12;16;125;30;8;30;12
1104.0;15;20;12;16;123;30;10;32;12
1110.0;16;22;10;16;121;28;9;33;15
1116.0;14;23;9;17;122;28;10;34;13
1122.0;11;26;10;17;123;30;9;33;11
1128.0;13;28;9;15;123;29;12;32;9
1134.0;14;29;10;15;125;28;11;29;9
1140.0;14;31;11;15;124;28;11;27;9
1146.0;13;27;17;16;125;28;12;23;9
1152.0;14;26;15;18;124;27;12;22;12
1158.0;13;25;15;17;125;28;12;23;12
1164.0;15;24;13;17;126;27;13;23;12
1170.0;15;25;12;19;126;28;11;24;10
1176.0;16;26;12;18;125;28;11;25;9
1182.0;17;25;12;18;127;28;10;26;7
1188.0;16;24;15;17;125;29;10;27;7
1194.0;17;27;12;15;125;30;10;28;6
1200.0;16;26;12;15;125;31;12;27;6
1206.0;17;28;13;14;125;30;12;27;4
1212.0;19;27;12;14;123;30;12;29;4
1218.0;18;26;11;15;122;30;11;31;6
1224.0;15;26;8;17;124;29;13;31;7
1230.0;14;22;9;18;126;29;17;29;6
1236.0;14;24;8;18;129;26;17;29;5
1242.0;12;24;8;21;131;28;13;29;4
1248.0;12;23;9;21;128;27;14;31;5
1254.0;12;22;9;22;129;27;14;30;5
1260.0;11;22;10;23;128;25;13;32;6
1266.0;10;22;10;23;127;28;14;31;5
1272.0;9;23;9;23;126;28;16;29;7
1278.0;11;22;7;22;126;29;15;28;10
1284.0;11;23;7;23;124;29;15;27;11
1290.0;11;24;8;24;123;29;15;25;11
1296.0;10;26;9;23;122;29;16;24;11
1302.0;11;26;9;22;123;29;16;24;10
1308.0;10;28;10;26;122;26;15;23;10
1314.0;13;27;11;24;122;26;15;23;9
1320.0;11;29;9;25;122;24;17;22;11
1326.0;11;31;11;25;118;23;17;23;11
1332.0;11;33;10;25;118;21;15;23;14
1338.0;7;35;11;25;117;18;18;26;13
1344.0;6;34;10;25;116;19;18;29;13
1350.0;5;32;11;26;115;20;20;30;11
1356.0;8;28;10;25;113;20;19;32;15
1362.0;7;27;12;24;115;20;16;33;16
1368.0;8;30;13;23;115;18;15;34;14
1374.0;8;28;14;24;115;18;15;34;14
1380.0;12;28;13;23;116;18;16;28;16
1386.0;14;25;12;24;115;19;14;30;17
1392.0;14;28;11;24;115;19;12;30;17
1398.0;13;29;10;24;114;26;12;28;14
1404.0;15;30;9;23;111;27;14;31;10
1410.0;15;30;9;24;110;26;14;31;11
1416.0;15;30;10;24;110;25;14;31;11
1422.0;14;28;11;26;111;26;13;31;10
1428.0;13;31;9;25;113;22;15;31;11
1434.0;12;32;8;24;115;22;14;31;12
1440.0;14;35;6;24;115;23;12;31;10
1446.0;15;35;6;22;114;26;9;32;11
1452.0;16;35;7;24;112;26;6;32;12
1458.0;15;31;8;25;111;29;7;31;13
1464.0;14;32;9;24;111;30;8;30;12
1470.0;14;34;8;23;113;28;8;29;13
1476.0;16;34;8;23;114;27;7;29;12
1482.0;15;35;7;21;115;28;5;30;14
1488.0;15;32;7;23;117;26;6;31;13
1494.0;13;32;8;24;120;25;7;28;13
1500.0;14;33;7;28;118;23;6;28;13
1506.0;13;30;8;27;120;22;7;27;16
1512.0;13;32;7;28;119;22;8;28;13
1518.0;11;31;9;26;120;21;10;28;14
1524.0;11;34;6;26;120;21;10;27;15
1530.0;10;35;7;24;121;23;12;26;12
1536.0;11;36;8;23;120;23;10;26;13
1542.0;12;37;9;23;117;24;9;25;14
1548.0;12;37;8;23;113;25;9;27;16
1554.0;12;38;7;24;112;26;8;29;14
1560.0;10;40;6;23;110;28;8;30;15
1566.0;11;41;6;22;110;26;10;32;12
1572.0;11;40;6;23;109;27;11;32;11
1578.0;14;36;6;22;111;25;10;35;11
1584.0;14;33;6;22;110;25;12;36;12
1590.0;15;32;5;21;111;28;12;36;10
1596.0;15;30;6;20;113;26;13;37;10
1602.0;13;31;8;18;114;26;14;36;10
1608.0;15;33;10;17;113;27;11;33;11
1614.0;16;31;9;17;118;26;13;30;10
1620.0;20;30;7;20;117;23;13;28;12
1626.0;21;26;10;20;118;24;12;26;13
1632.0;22;25;10;19;118;24;11;28;13
1638.0;19;24;13;19;118;25;9;28;15
1644.0;17;21;11;21;119;24;12;30;15
1650.0;16;23;11;20;120;26;14;27;13
1656.0;14;26;10;21;121;26;12;27;13
1662.0;14;25;10;21;120;26;11;29;14
1668.0;14;27;10;22;120;25;11;29;12
1674.0;11;25;9;24;117;29;10;33;12
1680.0;11;25;10;23;117;28;8;35;13
1686.0;12;25;9;25;116;27;8;34;14
1692.0;12;22;11;22;117;28;8;36;14
1698.0;14;23;11;24;114;29;8;32;15
1704.0;16;23;14;23;112;29;8;32;13
1710.0;16;21;16;24;112;28;8;34;11
1716.0;14;21;16;23;110;32;9;34;11
1722.0;12;22;14;24;110;31;9;36;12
1728.0;10;21;14;26;109;29;9;37;15
1734.0;8;22;14;27;110;29;9;36;15
1740.0;10;23;13;26;111;28;8;37;14
1746.0;11;22;13;26;111;29;8;37;13
1752.0;10;23;11;27;113;27;13;36;10
1758.0;10;23;12;25;113;27;13;35;12
1764.0;6;30;13;26;111;28;12;32;12
1770.0;9;30;12;25;109;29;13;29;14
1776.0;8;32;12;25;109;30;14;27;13
1782.0;11;34;12;20;111;28;17;25;12
1788.0;8;35;13;19;111;29;16;25;14
1794.0;8;35;14;19;112;29;15;24;14
