#auto generated file!
12.0;58;60;48;53;60;45;41;43;42
18.0;56;57;43;56;66;48;43;43;38
24.0;58;58;37;58;68;54;44;41;32
30.0;57;55;34;60;71;54;43;45;31
36.0;54;56;31;61;72;57;41;45;33
42.0;54;60;29;62;73;54;36;50;32
48.0;53;53;29;64;76;51;39;52;33
54.0;57;51;31;64;77;49;40;50;31
60.0;56;52;29;64;80;46;44;50;29
66.0;57;53;28;64;81;47;39;54;27
72.0;58;54;24;66;85;49;37;51;26
78.0;53;58;27;63;85;47;36;55;26
84.0;52;62;25;62;89;46;34;54;26
90.0;48;61;28;66;90;48;33;49;27
96.0;45;61;27;65;92;49;33;52;26
102.0;43;64;28;67;93;52;29;50;24
108.0;41;65;23;70;93;55;29;49;25
114.0;37;64;26;70;98;54;25;52;24
120.0;35;61;26;74;99;55;23;53;24
126.0;34;62;25;76;98;59;19;53;24
132.0;31;62;25;71;100;62;23;50;26
138.0;28;63;25;71;100;60;25;50;28
144.0;29;61;30;70;102;61;21;48;28
150.0;30;60;31;69;103;54;27;49;27
156.0;30;58;30;71;105;52;29;47;28
162.0;30;57;29;69;110;50;29;47;29
168.0;27;52;27;71;113;54;25;52;29
174.0;21;54;28;70;116;54;29;52;26
180.0;22;53;24;67;118;52;35;52;27
186.0;22;52;22;63;121;52;38;50;30
192.0;25;51;22;62;121;51;41;49;28
198.0;24;51;19;63;125;51;40;50;27
204.0;24;50;18;62;126;50;42;51;27
210.0;25;50;19;63;124;51;41;50;27
216.0;25;52;19;62;124;51;40;50;27
222.0;26;50;18;63;129;51;38;50;25
228.0;26;48;17;64;130;51;38;51;25
234.0;25;48;17;62;129;53;41;50;25
240.0;25;49;19;62;129;50;42;50;24
246.0;25;51;17;59;130;55;41;52;20
252.0;23;50;18;57;131;52;44;53;22
258.0;24;51;20;62;127;54;36;55;21
264.0;24;54;21;65;127;54;34;52;19
270.0;28;55;18;68;125;54;31;52;19
276.0;27;51;19;63;127;57;32;52;22
282.0;25;57;17;60;131;55;30;52;23
288.0;25;61;17;62;129;54;30;50;22
294.0;25;59;18;64;130;54;29;50;21
300.0;26;57;15;66;129;53;32;50;22
306.0;23;56;18;64;130;51;34;50;24
312.0;19;58;19;63;132;50;36;54;19
318.0;18;59;22;60;137;51;32;52;19
324.0;19;58;20;57;139;54;32;50;21
330.0;21;55;20;55;139;57;33;48;22
336.0;21;55;17;56;141;57;30;49;24
342.0;19;50;17;55;145;56;32;50;26
348.0;23;47;15;55;147;53;33;52;25
354.0;22;48;17;55;143;52;36;51;26
360.0;21;50;15;54;144;49;38;51;28
366.0;21;51;15;53;144;49;41;48;28
372.0;23;47;14;49;143;52;44;49;29
378.0;24;46;16;49;146;50;45;48;26
384.0;26;49;15;48;148;50;42;42;30
390.0;28;50;15;45;150;50;40;43;29
396.0;26;49;19;45;151;50;41;44;25
402.0;26;51;19;47;154;49;39;43;22
408.0;27;52;20;52;154;47;35;40;23
414.0;30;50;18;50;154;45;32;45;26
420.0;27;53;18;45;153;45;30;48;31
426.0;32;51;19;44;154;45;30;45;30
432.0;29;49;19;45;158;44;29;44;33
438.0;25;53;20;45;161;44;29;44;29
444.0;26;48;16;49;160;41;31;48;31
450.0;28;50;16;52;155;39;33;46;31
456.0;28;53;15;49;154;38;33;49;31
462.0;29;49;15;50;157;39;34;45;32
468.0;30;48;14;54;158;37;34;43;32
474.0;29;48;14;53;161;37;35;39;34
480.0;28;45;15;54;162;37;37;38;34
486.0;29;46;14;49;164;40;36;40;32
492.0;31;44;18;52;162;39;36;38;30
498.0;29;43;18;54;165;41;35;37;28
504.0;27;44;19;54;165;38;34;41;28
510.0;24;49;20;54;164;36;32;43;28
516.0;23;47;18;54;163;38;33;44;30
522.0;26;44;16;54;167;37;31;42;33
528.0;27;43;15;52;168;44;26;42;33
534.0;30;42;18;52;167;42;25;43;31
540.0;29;42;22;51;167;39;25;43;32
546.0;29;42;21;49;171;39;23;47;29
552.0;30;45;19;47;171;43;25;46;24
558.0;28;41;20;49;172;49;28;44;19
564.0;25;42;20;51;175;52;25;41;19
570.0;24;45;19;52;175;51;27;39;18
576.0;24;43;23;53;176;50;26;39;16
582.0;22;43;24;50;177;49;29;42;14
588.0;23;42;25;49;178;48;26;42;17
594.0;22;42;25;47;176;49;28;44;17
600.0;19;42;26;47;174;49;28;46;19
606.0;19;41;26;45;178;47;28;45;21
612.0;16;45;26;46;177;48;27;44;21
618.0;17;42;26;44;179;48;25;43;26
624.0;13;46;28;42;183;49;22;43;24
630.0;13;45;33;41;180;46;21;46;25
636.0;16;44;34;40;180;46;23;45;22
642.0;16;46;31;41;181;45;22;47;21
648.0;17;48;31;38;185;44;20;46;21
654.0;18;50;26;36;186;44;21;47;22
660.0;21;53;23;35;186;42;21;46;23
666.0;23;50;19;35;186;42;22;49;24
672.0;21;48;22;35;188;42;21;48;25
678.0;21;48;19;40;190;40;19;49;24
684.0;21;48;20;41;190;37;21;47;25
690.0;21;45;22;41;192;37;22;46;24
696.0;21;44;21;41;192;35;21;50;25
702.0;19;44;21;42;192;38;19;52;23
708.0;17;48;22;41;191;39;19;52;21
714.0;16;46;23;38;190;43;18;53;23
720.0;13;45;25;37;191;46;19;50;24
726.0;16;47;24;38;189;43;18;53;22
732.0;13;50;27;38;190;44;16;52;20
738.0;15;52;22;39;191;43;16;53;19
744.0;17;51;20;41;190;43;16;52;20
750.0;15;51;21;40;191;45;16;51;20
756.0;16;53;23;37;193;43;16;50;19
762.0;15;53;24;36;191;41;14;52;24
768.0;14;53;23;37;192;43;14;49;25
774.0;10;54;22;39;193;43;17;49;23
780.0;8;53;22;42;196;46;16;47;20
786.0;11;48;22;43;196;48;18;44;20
792.0;13;52;19;45;195;45;23;40;18
798.0;12;54;19;43;194;46;22;43;17
804.0;15;48;22;45;196;42;25;44;13
810.0;13;46;21;50;196;45;21;45;13
816.0;11;46;19;54;196;48;22;43;11
822.0;12;46;23;50;198;43;22;43;13
828.0;15;50;22;49;193;41;24;42;14
834.0;13;49;20;50;197;38;23;42;18
840.0;16;50;19;46;196;38;21;45;19
846.0;19;53;14;44;198;40;20;46;16
852.0;18;57;18;43;197;39;19;44;15
858.0;17;58;15;42;203;38;19;44;14
864.0;17;56;18;40;201;38;22;44;14
870.0;14;54;20;42;202;41;22;41;14
876.0;14;50;20;43;203;41;21;42;16
882.0;18;47;20;42;204;40;26;37;16
888.0;19;46;22;42;203;39;29;36;14
894.0;17;43;19;41;204;37;31;41;17
900.0;20;43;19;43;202;38;29;39;17
906.0;20;44;20;41;202;39;29;40;15
912.0;18;45;22;42;201;39;26;39;18
918.0;22;38;22;37;203;41;26;41;20
924.0;19;38;22;38;205;40;28;42;18
930.0;21;39;22;39;205;40;26;41;17
936.0;21;38;22;45;208;42;21;37;16
942.0;25;37;23;45;207;44;17;35;17
948.0;23;37;21;44;212;45;15;36;17
954.0;22;37;21;45;212;44;18;35;16
960.0;24;36;21;42;211;43;19;39;15
966.0;29;36;19;38;209;41;21;39;18
972.0;28;31;19;38;208;44;24;38;20
978.0;26;29;17;40;209;43;24;39;23
984.0;26;32;17;40;212;41;22;38;22
990.0;24;36;15;40;209;41;20;43;22
996.0;22;35;14;42;210;41;21;41;24
1002.0;21;35;14;43;215;39;19;40;24
1008.0;19;35;13;45;215;41;18;41;23
1014.0;20;41;14;44;211;41;19;38;22
1020.0;20;43;18;43;211;41;18;35;21
1026.0;22;44;16;44;211;39;17;36;21
1032.0;24;41;15;47;212;39;16;37;19
1038.0;24;38;16;48;216;39;15;34;20
1044.0;21;36;16;51;218;40;13;34;21
1050.0;22;35;16;51;220;37;13;34;22
1056.0;23;42;14;50;216;37;11;39;18
1062.0;23;41;14;53;215;37;13;36;18
1068.0;23;42;15;55;216;33;13;36;17
1074.0;27;39;16;53;217;32;14;35;17
1080.0;23;40;16;51;215;33;15;37;20
1086.0;24;43;16;48;212;34;14;37;22
1092.0;23;45;19;48;213;32;13;36;21
1098.0;22;43;20;50;213;30;14;37;21
1104.0;23;42;17;51;212;35;12;40;18
1110.0;21;43;17;50;208;37;12;42;20
1116.0;21;44;17;50;210;38;9;44;17
1122.0;22;40;17;50;210;38;11;47;15
1128.0;22;38;18;49;213;39;12;44;15
1134.0;25;40;19;49;213;38;11;43;12
1140.0;25;42;22;49;212;32;15;44;9
1146.0;24;39;23;52;213;32;16;43;8
1152.0;27;40;23;49;210;33;14;43;11
1158.0;25;39;24;52;207;33;14;44;12
1164.0;25;39;25;50;207;32;15;44;13
1170.0;25;35;26;46;208;32;16;49;13
1176.0;30;33;24;44;209;32;17;46;15
1182.0;31;34;24;42;208;35;16;45;15
1188.0;26;36;23;40;208;38;15;50;14
1194.0;25;37;23;41;206;39;13;51;15
1200.0;22;37;19;42;204;42;18;50;16
1206.0;21;34;21;45;207;44;14;49;15
1212.0;21;34;17;44;209;49;13;47;16
1218.0;19;33;19;44;210;50;14;46;15
1224.0;18;32;23;41;210;52;14;42;18
1230.0;18;32;24;43;209;51;16;39;18
1236.0;17;31;24;43;210;51;16;38;20
1242.0;19;32;21;41;212;50;17;37;21
1248.0;22;30;20;44;212;49;17;38;18
1254.0;22;26;20;41;212;52;17;40;20
1260.0;23;26;22;37;212;50;17;38;25
1266.0;26;27;21;37;209;51;18;35;26
1272.0;26;25;20;37;209;53;21;36;23
1278.0;26;26;21;35;211;52;21;35;23
1284.0;23;28;20;40;212;54;18;33;22
1290.0;26;26;22;37;213;53;18;33;22
1296.0;25;28;22;34;212;52;19;33;25
1302.0;26;25;23;33;212;55;19;30;27
1308.0;28;26;22;32;216;51;19;33;23
1314.0;25;29;21;34;215;50;20;34;22
1320.0;25;28;20;39;214;46;23;35;20
1326.0;25;29;21;40;215;45;22;35;18
1332.0;23;29;23;40;216;45;21;33;20
1338.0;23;26;23;41;217;42;17;41;20
1344.0;23;26;20;42;216;42;20;41;20
1350.0;22;27;22;41;213;40;22;43;20
1356.0;24;29;23;38;212;39;22;42;21
1362.0;23;29;25;40;210;41;20;43;19
1368.0;23;29;24;41;211;44;16;42;20
1374.0;23;33;22;42;209;43;16;40;22
1380.0;22;33;23;41;210;44;18;39;20
1386.0;18;36;24;41;209;42;16;41;23
1392.0;17;33;24;43;211;41;19;40;22
1398.0;17;33;25;43;212;41;19;40;20
1404.0;17;34;22;45;210;41;22;42;17
1410.0;20;36;18;45;209;41;23;40;18
1416.0;21;40;16;49;213;40;21;34;16
1422.0;22;40;16;48;216;37;20;36;15
1428.0;20;42;18;42;221;39;18;34;16
1434.0;19;43;17;44;222;41;15;35;14
1440.0;17;43;15;45;224;40;13;37;16
1446.0;17;43;13;47;224;41;13;36;16
1452.0;15;44;15;44;221;45;14;38;14
1458.0;17;44;12;46;222;46;12;34;17
1464.0;18;44;11;47;223;45;14;32;16
1470.0;18;45;13;46;225;42;14;33;14
1476.0;21;44;12;45;225;42;14;33;14
1482.0;20;43;10;45;223;44;16;32;17
1488.0;18;42;16;43;223;42;16;31;19
1494.0;18;43;16;43;222;41;19;28;20
1500.0;19;42;17;42;220;41;20;31;18
1506.0;18;40;18;42;219;42;21;32;18
1512.0;19;43;20;43;218;42;20;27;18
1518.0;18;38;24;40;218;43;21;30;18
1524.0;19;38;24;41;217;43;20;29;19
1530.0;21;39;24;43;215;44;19;27;18
1536.0;20;38;24;45;215;44;19;28;17
1542.0;20;38;22;45;216;45;18;27;19
1548.0;22;38;24;42;210;46;19;29;20
1554.0;23;40;21;41;208;47;20;31;19
1560.0;23;40;23;41;207;47;19;29;21
1566.0;23;41;23;39;210;44;24;26;20
1572.0;21;37;23;39;211;47;24;27;21
1578.0;23;38;20;39;210;47;27;29;17
1584.0;21;40;22;37;208;45;26;34;17
1590.0;20;38;22;42;209;41;28;34;16
1596.0;19;40;19;41;209;44;27;36;15
1602.0;18;41;17;42;209;43;29;36;15
1608.0;18;40;18;42;209;45;28;36;14
1614.0;19;39;17;41;213;46;27;32;16
1620.0;19;38;18;41;214;48;26;33;13
1626.0;22;33;16;41;214;49;25;36;14
1632.0;22;32;16;40;217;48;23;36;16
1638.0;22;31;16;40;217;49;21;34;20
1644.0;24;29;17;40;213;53;21;35;18
1650.0;24;27;16;42;211;52;24;38;16
1656.0;25;24;18;46;213;49;24;37;14
1662.0;24;25;17;48;211;47;27;37;14
1668.0;23;27;17;49;211;47;23;38;15
1674.0;22;27;17;50;210;47;25;37;15
1680.0;22;26;19;52;210;47;21;35;18
1686.0;25;28;17;49;210;52;22;33;14
1692.0;25;29;16;45;216;51;21;32;15
1698.0;21;33;18;47;214;47;22;32;16
1704.0;22;33;18;47;215;46;21;32;16
1710.0;22;34;17;47;216;43;24;31;16
1716.0;21;32;16;48;215;43;24;31;20
1722.0;20;31;19;50;214;44;24;30;18
1728.0;22;32;20;47;212;44;20;34;19
1734.0;20;33;20;49;211;45;22;33;17
1740.0;21;35;17;48;212;45;21;33;18
1746.0;21;34;15;49;214;45;20;32;20
1752.0;20;38;15;52;212;40;19;31;23
1758.0;20;34;15;53;210;38;23;30;27
1764.0;17;33;14;51;213;42;25;32;23
1770.0;18;36;15;51;211;39;25;30;25
1776.0;19;36;17;48;208;41;22;30;29
1782.0;24;34;18;48;206;40;21;31;28
1788.0;25;32;17;49;206;41;21;33;26
1794.0;28;31;17;49;206;41;21;33;24
