#auto generated file!
12.0;27;29;36;33;38;37;38;24;28
18.0;27;30;35;35;40;35;36;24;28
24.0;24;29;33;39;39;37;36;24;29
30.0;24;30;27;37;46;38;33;25;30
36.0;22;30;27;35;49;36;34;27;30
42.0;25;32;27;35;51;32;35;28;25
48.0;26;31;25;37;54;29;33;31;24
54.0;23;31;24;37;57;33;30;29;26
60.0;24;32;24;35;60;34;29;28;24
66.0;23;35;23;35;64;34;31;23;22
72.0;23;35;25;37;64;34;30;23;19
78.0;23;35;25;41;64;38;26;24;14
84.0;23;35;25;40;64;38;27;24;14
90.0;22;35;22;40;67;37;28;24;15
96.0;24;36;21;39;68;36;25;25;16
102.0;25;38;18;41;68;35;26;25;14
108.0;23;41;20;39;69;36;22;25;15
114.0;22;41;20;39;70;34;20;27;17
120.0;22;41;20;37;70;35;20;28;17
126.0;21;42;21;38;70;33;18;28;19
132.0;22;42;22;38;72;31;19;29;15
138.0;20;42;17;38;73;30;22;30;18
144.0;18;41;21;37;73;29;24;31;16
150.0;16;40;19;38;75;30;26;28;18
156.0;16;39;19;37;79;31;24;27;18
162.0;18;40;17;35;82;29;22;26;21
168.0;15;41;22;31;83;30;20;27;21
174.0;15;40;23;29;84;29;22;26;22
180.0;14;43;21;30;87;32;20;23;20
186.0;16;46;19;32;84;33;20;22;18
192.0;17;50;19;30;86;33;16;22;17
198.0;18;51;19;31;87;32;17;23;12
204.0;19;54;19;27;85;33;13;24;16
210.0;16;52;18;28;89;34;12;24;17
216.0;17;49;17;31;88;35;13;21;19
222.0;19;48;16;29;91;34;13;22;18
228.0;20;48;16;29;92;37;11;23;14
234.0;18;51;17;30;91;38;8;25;12
240.0;16;50;18;29;92;40;8;23;14
246.0;18;50;16;28;92;41;9;24;12
252.0;14;48;17;28;93;42;12;24;12
258.0;13;46;19;30;95;39;13;24;11
264.0;13;45;20;30;96;37;13;25;11
270.0;14;44;22;28;94;38;15;23;12
276.0;15;46;21;27;95;36;12;24;14
282.0;16;47;20;26;95;37;12;24;13
288.0;16;43;20;23;97;41;13;24;13
294.0;16;41;20;22;99;42;13;26;11
300.0;16;40;22;24;100;41;14;23;10
306.0;16;40;20;25;101;41;15;23;9
312.0;15;42;19;27;101;38;14;26;8
318.0;14;44;15;27;102;36;16;26;10
324.0;11;43;14;27;104;38;17;25;11
330.0;10;43;14;28;104;36;16;27;12
336.0;9;46;11;33;105;36;13;25;12
342.0;11;45;11;31;104;34;15;26;13
348.0;10;44;13;31;105;34;12;26;15
354.0;10;43;12;33;104;37;12;25;14
360.0;10;39;13;33;106;36;13;25;15
366.0;10;37;14;35;105;33;15;27;14
372.0;10;32;17;37;107;33;14;29;11
378.0;10;32;17;35;104;34;13;32;13
384.0;9;32;16;36;102;38;14;30;13
390.0;9;33;18;35;102;36;13;30;14
396.0;10;33;19;36;102;33;12;29;16
402.0;9;33;19;35;102;33;12;30;17
408.0;10;35;20;33;105;33;12;28;14
414.0;13;38;22;34;104;30;11;26;12
420.0;13;38;22;34;107;27;12;22;15
426.0;16;38;21;33;107;26;13;23;13
432.0;13;40;20;29;109;29;13;25;12
438.0;12;37;19;31;110;29;13;27;12
444.0;13;40;19;30;109;28;13;26;12
450.0;14;39;17;31;110;28;14;22;15
456.0;13;39;18;30;108;26;19;21;16
462.0;15;35;21;29;107;26;17;23;17
468.0;15;33;25;29;106;27;16;24;15
474.0;17;33;21;29;107;29;16;24;14
480.0;17;32;26;30;105;26;15;24;15
486.0;17;33;24;30;108;25;14;25;14
492.0;17;32;22;32;109;26;15;27;10
498.0;18;33;21;31;108;26;16;29;8
504.0;17;36;17;31;109;26;15;30;9
510.0;18;35;17;32;109;24;15;30;10
516.0;18;34;17;32;110;24;14;31;10
522.0;19;34;14;31;110;24;13;30;15
528.0;16;31;14;34;112;23;15;31;14
534.0;15;29;14;34;112;26;14;31;15
540.0;13;27;15;34;111;28;16;32;14
546.0;12;28;13;33;112;28;18;32;14
552.0;10;28;14;30;113;28;16;33;18
558.0;8;30;14;28;114;27;16;34;19
564.0;7;28;12;27;115;27;18;37;19
570.0;8;28;14;26;114;30;18;35;17
576.0;9;30;11;26;116;27;18;37;16
582.0;10;31;12;24;115;28;18;37;15
588.0;11;30;12;24;117;28;17;36;15
594.0;10;30;14;23;118;28;17;35;15
600.0;10;32;15;26;118;25;16;32;16
606.0;14;31;13;27;116;23;16;34;16
612.0;17;33;12;25;116;22;17;35;13
618.0;18;32;12;24;118;21;17;34;14
624.0;18;33;13;25;119;21;15;33;13
630.0;20;31;14;29;118;19;14;32;13
636.0;17;31;17;28;119;20;14;31;13
642.0;15;27;17;30;119;20;14;34;14
648.0;18;31;14;25;122;19;13;34;14
654.0;19;32;12;25;120;22;16;31;13
660.0;18;34;12;25;120;21;17;28;15
666.0;17;33;11;23;121;22;19;29;15
672.0;19;30;13;25;119;25;16;31;12
678.0;20;30;14;24;118;24;16;31;13
684.0;19;30;16;23;117;23;16;30;16
690.0;19;31;16;23;119;24;11;30;17
696.0;16;28;14;21;122;28;11;33;17
702.0;16;25;17;22;121;26;13;34;16
708.0;14;31;18;21;123;29;9;30;15
714.0;13;30;16;20;123;27;12;32;17
720.0;13;32;15;21;125;28;11;30;15
726.0;13;29;14;24;122;29;10;31;18
732.0;14;28;13;25;122;29;10;29;20
738.0;14;28;15;26;118;31;10;29;19
744.0;13;32;16;27;117;32;11;27;15
750.0;15;32;16;27;116;31;11;26;16
756.0;16;31;17;27;114;31;9;27;18
762.0;13;32;16;27;115;35;8;26;18
768.0;12;31;15;28;117;35;7;25;20
774.0;14;32;14;27;117;35;8;24;19
780.0;14;31;12;29;115;35;11;26;17
786.0;15;29;10;29;118;35;12;25;17
792.0;16;28;9;31;118;34;13;25;16
798.0;18;29;9;29;117;32;13;25;18
804.0;17;28;11;29;116;31;13;26;19
810.0;16;29;11;28;115;31;14;25;21
816.0;20;28;13;27;116;30;13;23;20
822.0;16;29;11;29;117;29;13;25;21
828.0;16;28;12;31;119;27;15;23;19
834.0;16;28;10;30;120;26;16;23;21
840.0;17;28;10;29;119;28;16;23;20
846.0;17;22;11;27;118;29;20;26;20
852.0;19;22;11;28;118;30;14;29;19
858.0;19;20;14;28;116;32;15;30;16
864.0;20;19;14;30;117;32;13;30;15
870.0;18;18;14;28;119;34;14;33;12
876.0;16;18;13;28;119;35;10;35;16
882.0;16;20;13;29;119;33;9;35;16
888.0;17;19;15;30;121;28;10;35;15
894.0;19;20;14;28;121;29;12;32;15
900.0;18;21;15;29;120;31;12;29;15
906.0;18;21;15;30;122;30;12;27;15
912.0;19;21;15;29;123;30;11;28;14
918.0;20;21;15;29;120;30;12;29;14
924.0;18;20;15;30;119;30;15;30;13
930.0;19;17;14;28;122;31;15;31;13
936.0;17;18;13;30;124;30;13;32;13
942.0;16;17;16;32;122;28;12;33;14
948.0;15;18;16;32;122;27;11;33;16
954.0;13;20;18;31;123;30;9;31;15
960.0;13;18;17;31;125;30;10;32;14
966.0;13;19;19;29;127;27;10;32;14
972.0;14;17;21;28;127;26;10;33;14
978.0;16;19;20;27;123;27;10;32;16
984.0;18;19;17;27;126;24;10;31;18
990.0;18;19;16;29;124;26;7;35;16
996.0;19;21;13;27;126;27;8;33;16
1002.0;17;22;10;26;125;26;12;35;17
1008.0;15;24;10;25;127;25;12;34;18
1014.0;14;23;12;26;127;25;9;37;17
1020.0;15;23;11;26;129;25;10;35;16
1026.0;18;20;14;26;127;25;10;34;16
1032.0;22;21;13;27;125;26;9;33;14
1038.0;21;22;12;26;127;26;9;34;13
1044.0;21;21;14;25;125;26;12;34;12
1050.0;20;22;14;22;127;25;13;35;12
1056.0;20;22;15;22;127;25;13;34;12
1062.0;19;23;14;22;124;26;15;36;11
1068.0;19;22;19;22;123;26;13;32;14
1074.0;21;21;18;22;124;27;9;32;16
1080.0;23;23;16;22;125;26;8;31;16
1086.0;25;21;16;21;125;25;10;30;17
1092.0;24;22;11;20;126;28;10;31;18
1098.0;28;20;14;21;123;27;10;29;18
1104.0;28;18;13;24;123;27;11;29;17
1110.0;27;18;14;26;124;27;12;27;15
1116.0;24;19;10;28;125;27;12;29;16
1122.0;21;18;10;29;125;30;11;29;17
1128.0;20;18;8;29;127;29;9;31;19
1134.0;21;19;8;27;128;27;9;31;20
1140.0;23;18;11;24;128;27;9;31;19
1146.0;21;19;12;24;127;26;12;32;17
1152.0;21;19;14;23;127;25;11;34;16
1158.0;18;16;14;24;127;29;11;35;16
1164.0;17;18;15;23;127;29;11;34;16
1170.0;17;19;16;21;125;31;13;33;15
1176.0;17;20;14;22;124;30;14;31;18
1182.0;15;21;11;22;126;33;13;32;17
1188.0;15;22;12;22;127;31;12;33;16
1194.0;15;21;12;22;127;33;13;31;16
1200.0;12;22;12;22;132;33;13;30;14
1206.0;10;23;11;25;131;29;15;32;14
1212.0;11;25;12;22;132;31;12;31;14
1218.0;12;26;12;19;134;32;13;32;10
1224.0;13;26;14;19;132;31;12;33;10
1230.0;12;26;17;21;132;30;10;31;11
1236.0;13;25;17;23;133;28;9;32;10
1242.0;14;25;17;22;134;27;10;33;8
1248.0;13;26;16;23;133;28;10;33;8
1254.0;15;27;15;23;132;27;10;33;8
1260.0;13;27;15;26;134;25;10;32;8
1266.0;11;26;16;26;131;28;10;34;8
1272.0;12;27;16;26;132;27;8;34;8
1278.0;13;27;15;26;130;29;7;35;8
1284.0;13;26;14;26;130;28;9;36;8
1290.0;13;26;13;26;129;28;9;36;10
1296.0;12;26;13;26;130;28;9;35;11
1302.0;11;27;14;25;133;24;10;34;12
1308.0;10;28;15;28;131;25;11;33;9
1314.0;8;27;14;29;131;22;12;36;11
1320.0;7;28;14;30;130;22;12;35;12
1326.0;10;27;17;28;129;20;16;34;9
1332.0;9;26;18;28;130;20;15;33;11
1338.0;12;26;18;24;131;18;15;35;11
1344.0;13;24;19;24;130;21;13;35;11
1350.0;12;25;19;23;132;21;11;35;12
1356.0;10;23;21;24;133;20;13;35;11
1362.0;10;25;25;25;129;18;13;35;10
1368.0;13;25;21;24;128;19;13;36;11
1374.0;15;28;19;24;126;22;12;36;8
1380.0;13;26;17;25;126;22;16;36;9
1386.0;12;26;16;26;126;21;16;35;12
1392.0;12;25;14;27;126;22;17;35;12
1398.0;12;24;12;28;129;23;17;33;12
1404.0;11;25;13;27;128;21;17;34;14
1410.0;11;26;14;24;129;21;18;36;11
1416.0;12;25;13;21;129;24;20;35;11
1422.0;11;27;14;24;128;22;19;37;8
1428.0;12;29;16;23;127;22;18;37;6
1434.0;13;28;15;21;127;24;19;36;7
1440.0;16;29;14;19;127;26;18;35;6
1446.0;17;31;14;21;127;26;18;29;7
1452.0;17;30;12;19;129;26;18;31;8
1458.0;17;29;12;17;130;26;17;32;10
1464.0;15;31;9;19;134;25;15;31;11
1470.0;14;30;10;21;132;23;15;32;13
1476.0;15;27;11;23;133;23;13;33;12
1482.0;15;29;11;24;133;22;13;31;12
1488.0;14;29;11;25;134;22;14;31;10
1494.0;12;30;11;29;135;21;10;31;11
1500.0;12;28;9;30;137;23;11;30;10
1506.0;11;31;10;30;137;22;9;29;11
1512.0;11;32;9;31;138;20;9;28;12
1518.0;10;30;11;31;137;21;10;29;11
1524.0;10;29;13;30;136;20;12;30;10
1530.0;8;28;14;30;136;21;13;29;11
1536.0;9;29;11;31;135;21;15;30;9
1542.0;11;28;8;30;134;23;15;31;10
1548.0;13;28;8;29;131;25;14;30;12
1554.0;12;28;9;28;132;23;14;32;12
1560.0;12;25;11;27;134;23;13;32;13
1566.0;11;25;10;29;135;22;13;31;14
1572.0;8;24;12;28;135;24;11;31;17
1578.0;10;22;12;29;137;21;10;34;15
1584.0;8;17;15;29;136;21;14;34;16
1590.0;9;19;15;26;139;20;13;34;15
1596.0;9;20;15;26;140;21;13;35;11
1602.0;9;22;14;27;141;20;13;34;10
1608.0;10;22;13;27;142;20;14;32;10
1614.0;10;21;14;27;140;23;14;30;11
1620.0;9;19;13;23;141;23;15;33;14
1626.0;9;19;14;22;139;23;13;34;17
1632.0;9;17;16;20;137;24;16;34;17
1638.0;15;16;16;20;135;26;17;31;14
1644.0;15;18;14;18;136;26;17;32;14
1650.0;15;16;16;20;138;25;18;30;12
1656.0;15;18;17;18;138;26;17;30;11
1662.0;12;18;18;19;137;26;16;31;13
1668.0;12;22;16;21;136;25;14;33;11
1674.0;12;23;15;20;136;27;11;33;13
1680.0;8;25;15;19;138;26;11;32;16
1686.0;9;26;16;21;137;25;11;31;14
1692.0;11;24;16;21;139;24;12;28;15
1698.0;11;22;15;22;140;26;14;26;14
1704.0;12;22;14;27;141;24;14;24;12
1710.0;12;21;15;28;140;24;13;23;14
1716.0;12;22;13;27;141;23;12;24;16
1722.0;12;23;14;25;138;25;13;25;15
1728.0;11;25;14;24;140;28;12;23;13
1734.0;12;26;12;25;140;28;14;19;14
1740.0;12;23;11;25;141;30;14;20;14
1746.0;10;25;10;26;141;31;12;22;13
1752.0;12;22;10;23;140;31;12;25;15
1758.0;11;23;12;26;138;31;13;24;12
1764.0;12;24;11;24;138;30;12;27;12
1770.0;13;23;10;23;139;30;11;30;11
1776.0;15;24;12;21;139;30;10;30;9
1782.0;17;25;11;21;141;31;10;28;6
1788.0;17;24;10;20;142;32;12;27;6
1794.0;18;23;10;21;142;33;13;24;6
