#auto generated file!
12.0;27;32;36;34;33;35;40;36;27
18.0;27;32;32;38;33;37;37;38;26
24.0;26;34;31;39;35;36;36;39;24
30.0;24;35;32;39;37;38;33;37;25
36.0;25;36;31;41;39;32;31;40;25
42.0;28;36;29;41;43;32;27;38;26
48.0;27;35;24;42;47;33;26;39;27
54.0;28;36;23;43;50;36;23;40;21
60.0;26;38;23;43;50;35;21;42;22
66.0;25;40;23;41;51;34;19;45;22
72.0;23;39;21;38;55;37;19;44;24
78.0;24;39;20;37;58;37;19;41;25
84.0;24;39;19;37;60;38;18;40;25
90.0;22;41;18;37;61;37;18;42;24
96.0;22;42;18;37;62;40;18;41;20
102.0;23;42;19;38;63;41;12;42;20
108.0;18;43;17;41;65;42;12;45;17
114.0;17;42;17;40;66;47;11;45;15
120.0;16;43;16;40;66;50;10;43;16
126.0;16;40;12;40;70;50;11;45;16
132.0;15;41;12;40;72;50;11;43;16
138.0;15;39;12;41;72;50;14;44;13
144.0;14;39;13;38;74;51;15;44;12
150.0;14;42;15;36;73;49;14;44;13
156.0;11;44;15;35;75;48;13;44;15
162.0;10;41;16;34;76;50;12;45;16
168.0;11;41;17;36;77;48;15;43;12
174.0;13;40;17;36;81;47;12;42;12
180.0;13;38;18;35;80;48;12;42;14
186.0;12;36;20;35;81;48;12;39;17
192.0;13;35;19;34;82;49;13;38;17
198.0;13;35;20;34;84;45;13;37;19
204.0;12;35;17;33;87;44;16;38;18
210.0;12;36;19;31;88;42;13;38;21
216.0;13;34;18;32;90;41;13;39;20
222.0;11;33;17;34;92;43;13;37;20
228.0;12;33;16;31;93;42;12;37;24
234.0;12;34;16;34;93;41;12;36;22
240.0;14;35;16;32;95;39;14;32;23
246.0;14;34;17;34;98;40;14;30;19
252.0;13;35;16;33;98;39;15;29;22
258.0;16;36;14;31;98;39;16;29;21
264.0;18;37;13;32;103;34;16;29;18
270.0;18;39;16;32;103;34;15;29;14
276.0;20;39;17;31;104;33;13;28;15
282.0;19;38;14;32;104;38;15;27;13
288.0;19;38;12;33;108;35;16;26;13
294.0;20;36;12;33;110;34;14;27;14
300.0;20;37;12;30;110;36;13;29;13
306.0;21;33;15;29;112;35;13;29;13
312.0;21;29;17;28;111;38;12;31;13
318.0;21;28;15;29;112;38;13;31;13
324.0;17;31;14;28;115;36;14;30;15
330.0;15;29;14;27;118;36;14;31;16
336.0;14;29;15;25;119;36;15;34;13
342.0;12;27;18;25;120;38;9;37;14
348.0;11;27;16;26;121;40;11;35;13
354.0;14;26;16;25;124;38;10;36;11
360.0;15;24;17;25;124;38;9;36;12
366.0;17;25;16;26;123;37;10;35;11
372.0;18;25;15;26;124;37;10;34;11
378.0;18;25;15;27;124;37;12;33;9
384.0;19;24;16;27;123;36;9;34;12
390.0;16;24;18;27;125;30;12;36;12
396.0;16;24;19;28;127;30;12;35;9
402.0;14;23;17;28;124;30;12;40;12
408.0;13;23;15;30;122;30;15;41;11
414.0;12;23;16;30;123;28;14;40;14
420.0;13;23;19;27;123;27;13;43;12
426.0;12;23;20;23;124;28;13;43;14
432.0;12;23;22;22;122;29;15;40;15
438.0;13;23;21;24;121;28;18;38;14
444.0;14;21;20;25;119;29;18;39;15
450.0;14;22;20;26;118;29;18;36;17
456.0;15;22;20;26;119;28;18;36;16
462.0;13;19;21;26;121;30;14;36;20
468.0;13;18;19;28;124;30;15;34;19
474.0;11;18;19;26;124;31;17;33;21
480.0;12;15;17;28;126;34;15;35;18
486.0;14;15;18;27;125;34;14;35;18
492.0;13;17;17;28;126;35;12;35;17
498.0;11;19;17;28;125;33;12;34;21
504.0;10;20;17;28;124;38;11;33;19
510.0;11;21;17;28;126;35;11;34;17
516.0;11;21;19;28;127;33;11;35;15
522.0;12;20;18;28;125;37;9;33;18
528.0;12;21;18;28;126;35;10;32;18
534.0;12;23;17;26;125;36;12;31;18
540.0;12;24;19;26;124;34;12;30;19
546.0;11;24;17;26;127;34;13;30;18
552.0;8;24;19;25;127;33;17;29;18
558.0;11;22;17;25;126;32;21;32;14
564.0;10;23;18;24;128;32;20;34;11
570.0;11;23;14;25;130;36;17;35;9
576.0;10;25;12;23;134;36;17;33;10
582.0;8;25;13;24;132;38;17;34;9
588.0;9;28;16;23;128;35;15;36;10
594.0;7;31;14;22;131;37;15;33;10
600.0;9;33;13;22;130;38;13;32;10
606.0;12;32;13;21;126;40;14;32;10
612.0;17;29;15;22;126;37;14;30;10
618.0;15;30;14;23;123;38;15;29;13
624.0;15;30;13;23;126;36;17;27;13
630.0;15;30;12;22;127;37;21;28;8
636.0;12;27;15;23;126;38;23;29;7
642.0;11;27;15;25;126;38;21;29;8
648.0;11;27;15;25;126;38;22;28;8
654.0;12;25;13;26;129;36;22;26;11
660.0;11;26;11;25;129;37;21;28;12
666.0;11;30;12;24;127;36;22;27;11
672.0;11;30;13;25;128;34;20;24;15
678.0;10;28;13;25;127;34;21;26;16
684.0;10;25;16;22;130;34;23;25;15
690.0;9;23;16;21;130;35;23;28;15
696.0;12;23;14;23;127;36;21;28;16
702.0;11;21;16;22;129;37;20;29;15
708.0;14;22;15;24;129;36;19;27;14
714.0;14;22;16;23;132;35;19;26;13
720.0;12;24;16;23;130;34;17;30;14
726.0;11;26;16;24;128;34;19;30;12
732.0;12;27;16;23;127;33;18;32;12
738.0;11;28;17;21;127;31;19;34;12
744.0;10;26;17;20;125;32;21;36;13
750.0;9;27;17;20;125;31;19;38;14
756.0;9;28;17;20;125;32;18;37;14
762.0;7;24;16;23;127;32;21;37;13
768.0;7;27;15;24;127;31;20;36;13
774.0;8;29;14;24;126;33;17;35;14
780.0;11;25;14;24;126;32;17;35;16
786.0;13;27;10;27;127;31;16;35;14
792.0;13;26;13;26;129;31;13;34;15
798.0;13;24;12;25;126;30;14;39;17
804.0;12;24;14;25;127;29;11;39;19
810.0;13;25;15;26;125;29;12;38;17
816.0;10;25;17;28;125;31;12;36;16
822.0;9;26;17;30;126;31;10;36;15
828.0;9;29;14;29;125;33;9;33;19
834.0;8;30;15;31;124;31;7;35;19
840.0;10;31;16;32;122;29;8;34;18
846.0;11;30;14;33;121;28;10;35;18
852.0;12;31;16;33;119;29;9;35;16
858.0;10;34;15;32;118;30;10;35;16
864.0;12;33;14;30;117;33;12;35;14
870.0;13;32;14;31;117;32;12;35;14
876.0;11;32;14;34;116;32;12;35;14
882.0;11;29;14;32;117;33;14;36;14
888.0;11;27;14;31;120;33;13;37;14
894.0;10;27;12;31;120;37;13;36;14
900.0;13;28;12;31;119;36;11;35;15
906.0;13;30;12;29;120;36;11;35;14
912.0;15;31;13;27;117;35;13;36;13
918.0;15;31;11;29;115;34;12;36;17
924.0;16;30;10;27;116;36;12;37;16
930.0;17;30;13;29;115;35;11;36;14
936.0;16;32;14;28;115;33;12;37;13
942.0;16;29;13;30;116;33;13;36;14
948.0;16;27;15;28;115;34;12;38;15
954.0;16;26;12;28;118;34;12;38;16
960.0;16;28;15;28;119;30;12;39;13
966.0;17;27;15;29;118;30;12;39;13
972.0;18;24;16;27;119;30;16;39;11
978.0;15;26;17;30;117;33;14;39;9
984.0;18;25;16;29;115;34;13;40;10
990.0;17;25;16;30;115;36;12;40;9
996.0;16;25;17;26;117;36;15;40;8
1002.0;14;28;18;26;118;37;14;39;6
1008.0;15;28;16;26;118;37;14;38;8
1014.0;16;29;19;24;117;37;10;39;9
1020.0;17;31;18;27;116;36;7;36;12
1026.0;17;30;21;28;115;35;8;34;12
1032.0;17;30;16;31;115;33;12;32;14
1038.0;18;28;17;30;116;35;11;32;13
1044.0;22;28;18;26;118;36;12;29;11
1050.0;21;28;17;27;120;35;13;29;10
1056.0;19;28;17;26;121;35;14;30;10
1062.0;20;28;18;26;119;35;14;32;8
1068.0;18;31;18;25;119;34;15;32;8
1074.0;20;27;17;24;122;34;14;33;9
1080.0;19;27;15;24;121;33;15;34;12
1086.0;17;27;15;25;120;32;18;35;11
1092.0;14;30;13;26;121;33;18;34;11
1098.0;14;29;12;28;123;33;17;33;11
1104.0;13;29;12;32;121;33;17;33;10
1110.0;13;28;9;33;123;33;17;33;11
1116.0;11;29;11;33;123;34;16;30;13
1122.0;14;33;8;29;122;34;15;28;17
1128.0;14;34;8;29;125;34;14;29;13
1134.0;13;34;8;28;124;35;15;31;12
1140.0;13;34;9;29;125;34;14;29;13
1146.0;15;33;10;31;126;33;14;28;10
1152.0;14;32;9;28;127;36;15;29;10
1158.0;17;31;8;27;130;36;13;27;11
1164.0;17;29;9;28;132;34;14;26;11
1170.0;16;32;10;27;133;34;14;24;10
1176.0;16;30;12;29;135;32;13;25;8
1182.0;15;32;11;27;135;32;15;25;8
1188.0;15;32;13;25;134;32;16;25;8
1194.0;16;32;12;25;134;31;16;24;10
1200.0;18;32;14;25;133;29;15;23;11
1206.0;21;32;18;24;132;27;15;21;10
1212.0;23;30;17;25;132;30;15;20;8
1218.0;22;30;17;25;133;30;17;18;8
1224.0;21;31;15;24;134;29;16;20;10
1230.0;18;29;18;20;133;30;18;22;12
1236.0;18;30;16;18;133;30;19;22;14
1242.0;15;32;15;24;132;29;16;22;15
1248.0;13;31;15;25;134;30;17;22;13
1254.0;13;27;15;24;136;28;19;21;17
1260.0;18;27;14;22;133;26;19;22;19
1266.0;17;26;14;23;135;28;18;21;18
1272.0;13;27;13;24;137;30;19;22;15
1278.0;11;26;16;24;136;34;16;20;17
1284.0;12;26;16;24;138;35;15;18;16
1290.0;14;26;15;25;139;35;15;17;14
1296.0;14;24;14;26;139;34;18;17;14
1302.0;13;23;13;28;138;35;19;18;13
1308.0;12;25;14;29;138;34;17;17;14
1314.0;11;24;17;29;138;34;18;16;13
1320.0;12;25;14;29;139;35;18;16;12
1326.0;12;23;13;32;140;37;18;14;11
1332.0;12;21;14;34;138;36;19;14;12
1338.0;12;23;14;33;135;38;20;15;10
1344.0;12;23;15;31;135;40;18;16;10
1350.0;11;23;17;30;134;40;17;17;11
1356.0;14;23;17;31;135;41;17;15;7
1362.0;13;24;15;31;136;38;17;16;10
1368.0;13;23;15;34;135;37;17;17;9
1374.0;15;23;17;32;133;36;17;16;11
1380.0;14;23;14;33;135;38;17;16;10
1386.0;15;24;12;33;136;35;19;16;10
1392.0;15;25;12;34;138;32;19;16;9
1398.0;12;24;11;34;140;31;21;17;10
1404.0;13;24;11;33;140;32;18;19;10
1410.0;12;23;12;31;141;32;16;19;14
1416.0;12;23;12;34;141;32;14;19;13
1422.0;12;23;8;34;139;33;16;20;15
1428.0;16;21;11;34;135;33;16;19;15
1434.0;18;20;11;35;134;30;13;24;15
1440.0;17;21;11;34;135;30;14;24;14
1446.0;16;23;8;37;135;28;13;25;15
1452.0;17;23;10;35;134;27;13;25;16
1458.0;17;23;14;35;133;27;13;25;13
1464.0;19;24;14;32;134;28;14;24;11
1470.0;16;25;17;33;130;28;15;24;12
1476.0;15;27;17;33;129;30;14;24;11
1482.0;15;28;16;33;127;31;16;24;10
1488.0;17;30;13;32;127;29;15;26;11
1494.0;17;33;10;33;128;28;14;27;10
1500.0;13;32;12;31;128;31;14;28;11
1506.0;12;30;12;34;128;30;14;28;12
1512.0;14;28;14;34;126;32;12;28;12
1518.0;14;29;15;32;126;31;11;26;16
1524.0;14;29;14;33;126;31;10;27;16
1530.0;14;29;13;32;126;34;11;26;15
1536.0;14;29;14;32;127;34;10;26;14
1542.0;14;27;14;32;129;33;13;25;13
1548.0;15;24;15;33;129;31;14;26;13
1554.0;16;24;16;32;127;32;14;26;13
1560.0;18;24;16;30;129;31;12;26;14
1566.0;18;23;15;33;127;30;12;26;16
1572.0;17;24;13;34;128;30;13;26;15
1578.0;17;22;14;34;128;31;11;25;18
1584.0;16;25;16;33;128;31;8;25;18
1590.0;15;24;13;33;128;31;10;28;18
1596.0;16;25;12;32;129;29;12;28;17
1602.0;16;26;12;31;128;29;13;30;15
1608.0;18;26;12;29;128;30;13;30;14
1614.0;19;25;13;30;128;33;13;27;12
1620.0;16;28;19;28;128;32;12;26;11
1626.0;12;31;18;29;130;31;12;26;11
1632.0;12;27;16;29;130;32;13;29;12
1638.0;16;28;15;27;128;33;12;31;10
1644.0;17;30;14;27;129;32;13;30;8
1650.0;17;30;18;25;126;34;13;28;9
1656.0;16;31;19;24;124;34;13;28;11
1662.0;17;29;14;22;126;34;14;33;11
1668.0;17;34;12;23;126;35;11;32;10
1674.0;18;34;12;22;128;37;9;32;8
1680.0;15;34;13;22;128;35;11;32;10
1686.0;17;34;13;22;127;35;13;31;8
1692.0;16;37;14;21;127;35;12;32;6
1698.0;15;38;13;23;128;30;15;31;7
1704.0;16;39;12;23;126;31;15;30;8
1710.0;19;39;13;25;125;30;13;26;10
1716.0;17;38;15;25;126;31;11;27;10
1722.0;19;38;16;23;127;30;11;27;9
1728.0;16;37;16;23;127;31;13;27;10
1734.0;18;37;18;19;127;31;14;25;11
1740.0;16;33;19;20;128;31;17;25;11
1746.0;18;32;17;22;126;31;17;24;13
1752.0;18;32;19;23;126;33;17;22;10
1758.0;15;33;19;22;127;36;17;22;9
1764.0;12;32;21;23;126;35;17;24;10
1770.0;14;31;19;23;127;35;17;24;10
1776.0;16;28;20;24;126;33;15;25;13
1782.0;15;28;20;27;127;32;16;23;12
1788.0;14;27;23;26;127;33;16;23;11
1794.0;14;30;22;28;127;29;16;24;10
