#auto generated file!
12.0;40;33;39;32;36;31;28;25;36
18.0;37;34;37;28;45;30;27;26;36
24.0;36;32;38;29;47;28;28;30;32
30.0;32;34;34;32;49;27;28;31;33
36.0;34;33;30;35;47;30;28;32;31
42.0;32;33;33;35;48;28;27;33;31
48.0;34;35;32;33;49;28;24;38;27
54.0;30;36;34;32;53;26;22;39;28
60.0;28;39;35;28;56;31;20;38;25
66.0;25;41;36;29;61;30;20;36;22
72.0;28;40;33;35;60;29;18;37;20
78.0;29;41;29;34;62;29;19;35;22
84.0;27;44;27;31;65;28;22;37;19
90.0;29;45;24;29;64;31;23;36;19
96.0;28;45;23;29;67;33;25;35;15
102.0;26;43;23;31;72;35;26;30;14
108.0;26;42;19;33;77;32;28;30;13
114.0;25;42;21;34;78;35;23;30;12
120.0;20;40;20;34;83;40;23;30;10
126.0;21;39;17;35;84;40;22;32;10
132.0;23;35;15;34;86;40;21;34;12
138.0;24;33;15;39;84;39;23;33;10
144.0;26;34;16;38;83;38;23;32;10
150.0;25;35;16;37;83;37;19;38;10
156.0;23;34;15;40;85;34;20;39;10
162.0;23;35;16;41;85;32;20;40;8
168.0;22;36;16;41;86;34;17;39;9
174.0;20;36;17;40;86;35;19;40;7
180.0;20;36;18;42;88;30;19;39;8
186.0;22;37;18;41;88;31;19;35;9
192.0;21;37;16;42;91;34;15;34;10
198.0;23;36;14;42;91;35;14;35;10
204.0;22;38;16;44;92;30;15;35;8
210.0;23;39;16;43;90;30;16;33;10
216.0;20;40;17;43;89;33;16;32;10
222.0;18;37;17;45;91;31;17;31;13
228.0;17;37;16;43;91;32;18;32;14
234.0;15;39;13;44;92;31;20;31;15
240.0;16;37;12;43;92;34;19;33;14
246.0;16;32;12;43;92;36;19;37;13
252.0;17;28;14;43;94;38;18;35;13
258.0;17;31;12;41;95;37;18;37;12
264.0;15;30;13;40;99;38;16;33;16
270.0;15;29;14;39;99;38;14;36;16
276.0;17;30;14;38;100;37;12;36;16
282.0;15;27;12;33;101;41;15;39;17
288.0;14;26;15;36;101;38;15;39;16
294.0;13;26;15;35;103;34;16;42;16
300.0;14;29;13;32;106;33;16;42;15
306.0;14;29;13;28;107;34;16;44;15
312.0;14;29;13;27;107;36;13;45;16
318.0;13;29;12;26;104;39;12;47;18
324.0;14;28;12;26;105;38;13;47;17
330.0;14;30;11;26;105;39;13;47;15
336.0;14;31;10;28;108;39;14;44;12
342.0;13;31;12;30;107;37;16;40;14
348.0;15;32;9;32;108;35;13;42;14
354.0;13;34;12;34;108;33;13;39;14
360.0;13;32;11;33;109;35;14;39;14
366.0;10;31;16;31;115;34;17;35;11
372.0;9;32;16;32;115;33;15;34;14
378.0;9;33;16;33;115;32;18;31;13
384.0;9;34;15;33;116;32;18;31;12
390.0;9;36;15;33;115;30;17;32;13
396.0;12;35;16;32;116;29;18;30;12
402.0;13;34;14;32;118;31;18;29;11
408.0;11;35;14;33;117;30;18;31;11
414.0;13;34;14;33;115;31;17;32;11
420.0;14;33;16;31;115;31;17;32;11
426.0;14;33;15;31;116;31;14;33;13
432.0;16;33;17;31;116;30;15;28;14
438.0;15;29;18;30;118;33;15;29;13
444.0;13;28;15;30;117;33;19;28;17
450.0;13;27;14;30;117;34;20;28;17
456.0;13;27;15;27;119;36;19;28;16
462.0;9;27;13;27;122;36;21;29;16
468.0;8;25;14;29;122;40;19;28;15
474.0;8;23;13;27;127;40;16;32;14
480.0;8;21;12;28;128;40;17;34;12
486.0;7;23;12;26;129;39;17;33;14
492.0;7;26;14;23;132;39;16;32;11
498.0;8;28;14;22;133;39;15;32;9
504.0;8;28;14;22;132;37;16;33;10
510.0;10;29;17;23;130;33;14;34;10
516.0;10;28;14;24;128;36;16;31;13
522.0;11;25;13;23;128;36;21;30;13
528.0;13;25;11;24;128;36;19;28;16
534.0;15;25;9;23;128;39;19;27;15
540.0;17;27;10;22;127;40;20;24;13
546.0;18;25;9;25;126;41;18;23;15
552.0;19;23;11;27;127;39;17;22;15
558.0;16;24;11;27;127;38;17;24;16
564.0;16;23;10;29;130;37;17;23;15
570.0;16;24;12;30;131;35;17;21;14
576.0;15;24;13;27;130;35;17;23;16
582.0;15;23;11;28;131;34;18;23;17
588.0;18;23;11;25;130;33;18;23;19
594.0;17;22;11;28;131;32;17;22;20
600.0;16;22;11;26;135;31;15;23;21
606.0;16;23;8;21;136;38;14;24;20
612.0;16;24;7;20;137;38;15;24;19
618.0;16;23;7;19;138;39;19;22;17
624.0;16;25;7;20;134;39;16;26;17
630.0;15;23;8;21;136;40;17;27;13
636.0;17;22;9;20;136;40;16;27;13
642.0;19;20;11;21;135;39;14;25;16
648.0;15;21;15;23;136;38;14;24;14
654.0;12;22;17;24;136;38;16;22;13
660.0;11;22;16;24;135;41;14;24;13
666.0;16;21;18;23;134;40;12;24;12
672.0;17;21;17;25;137;40;9;22;12
678.0;16;20;15;27;137;41;13;21;10
684.0;18;20;15;25;137;39;13;22;11
690.0;19;21;15;24;136;38;12;23;12
696.0;18;24;12;25;137;37;12;24;11
702.0;14;23;10;26;136;39;13;24;15
708.0;14;23;9;25;137;39;15;24;14
714.0;15;26;8;26;133;39;18;24;11
720.0;13;25;9;27;132;40;18;24;12
726.0;13;23;11;25;131;41;18;25;13
732.0;16;23;11;24;134;38;15;24;15
738.0;14;23;12;24;133;38;13;24;19
744.0;13;23;14;23;132;38;16;26;15
750.0;13;23;12;25;131;39;17;26;14
756.0;12;24;15;25;131;42;14;25;12
762.0;12;23;13;26;133;42;12;26;13
768.0;13;23;12;28;130;42;11;26;15
774.0;14;23;11;27;132;41;11;28;13
780.0;14;23;14;27;133;40;10;26;13
786.0;15;25;13;29;132;40;8;25;13
792.0;13;24;15;30;130;43;8;23;14
798.0;15;22;16;31;129;42;10;23;12
804.0;14;20;14;30;131;43;13;22;13
810.0;13;17;16;31;131;43;14;23;12
816.0;13;17;15;31;131;42;14;25;12
822.0;16;15;16;30;131;43;15;23;11
828.0;17;17;17;32;130;40;12;24;11
834.0;17;19;15;31;130;39;10;25;14
840.0;18;21;14;32;129;36;9;25;16
846.0;19;20;14;33;128;35;9;25;17
852.0;16;22;14;32;130;36;9;24;17
858.0;14;23;15;30;131;35;7;25;20
864.0;15;23;19;30;131;30;7;24;21
870.0;15;23;19;28;133;30;7;22;23
876.0;15;24;18;29;130;28;9;23;24
882.0;17;24;17;27;132;28;9;23;23
888.0;16;23;14;28;137;27;10;25;20
894.0;16;23;13;30;135;29;11;25;18
900.0;18;21;10;28;135;29;16;24;19
906.0;18;21;10;29;132;29;17;26;18
912.0;15;24;13;30;133;28;16;25;16
918.0;13;27;14;31;137;26;14;23;15
924.0;11;26;14;30;135;29;16;25;14
930.0;11;25;12;31;138;25;17;27;14
936.0;11;27;13;30;137;28;15;28;11
942.0;10;27;12;30;138;28;17;28;10
948.0;8;27;11;31;140;29;17;28;9
954.0;8;26;10;33;141;29;18;26;9
960.0;9;24;10;31;142;29;18;26;11
966.0;11;25;8;31;142;28;19;25;11
972.0;12;24;8;30;142;29;16;27;12
978.0;15;23;8;33;139;32;13;26;11
984.0;15;23;8;33;141;32;12;25;11
990.0;16;23;8;34;143;29;13;22;12
996.0;19;24;9;33;145;27;12;22;9
1002.0;19;23;9;32;143;28;13;22;11
1008.0;20;23;9;33;143;27;12;23;10
1014.0;19;23;10;33;141;26;14;24;10
1020.0;16;23;11;33;141;28;15;24;9
1026.0;18;25;10;33;139;29;14;22;10
1032.0;15;25;12;35;138;28;14;22;11
1038.0;14;25;13;31;145;27;12;22;11
1044.0;13;22;16;30;145;26;15;22;11
1050.0;13;23;18;30;144;25;14;23;10
1056.0;11;25;18;29;143;25;14;25;10
1062.0;12;24;21;30;142;26;15;23;7
1068.0;14;23;21;31;139;27;14;23;8
1074.0;14;23;19;32;139;27;16;22;8
1080.0;17;23;17;33;137;30;14;21;8
1086.0;18;23;17;33;135;30;12;23;9
1092.0;16;23;16;34;133;32;12;23;11
1098.0;16;24;14;33;131;34;12;25;11
1104.0;17;25;15;33;132;31;14;24;9
1110.0;21;25;12;33;133;31;10;24;11
1116.0;20;24;12;32;132;31;11;23;15
1122.0;17;25;11;32;136;31;10;24;14
1128.0;18;24;11;35;136;28;13;22;13
1134.0;17;24;12;36;139;26;12;21;13
1140.0;19;26;10;38;137;28;12;19;11
1146.0;17;27;12;37;136;26;14;22;9
1152.0;18;28;10;37;137;26;13;21;10
1158.0;19;29;10;36;142;26;10;20;8
1164.0;15;30;9;37;143;28;7;21;10
1170.0;19;27;8;37;141;26;9;20;13
1176.0;20;28;8;32;140;27;9;23;13
1182.0;20;28;8;32;140;27;9;22;14
1188.0;21;28;8;33;139;27;9;21;14
1194.0;19;30;10;32;138;28;11;18;14
1200.0;19;29;9;32;140;29;11;19;12
1206.0;16;29;9;32;140;30;12;19;13
1212.0;17;27;10;29;140;30;13;20;14
1218.0;17;27;8;30;142;29;14;19;14
1224.0;15;29;8;32;142;29;12;18;15
1230.0;13;29;9;32;140;30;13;19;15
1236.0;14;29;11;31;141;30;11;21;12
1242.0;15;27;11;30;143;30;10;22;12
1248.0;14;28;13;28;144;29;12;20;12
1254.0;12;25;9;32;146;29;14;20;13
1260.0;13;25;7;31;146;31;14;21;12
1266.0;14;23;8;32;146;32;13;21;11
1272.0;14;22;6;31;148;32;14;23;10
1278.0;14;23;6;31;146;31;14;24;11
1284.0;12;22;8;30;148;33;11;26;10
1290.0;11;22;8;31;147;35;11;27;8
1296.0;11;22;8;31;146;34;12;27;9
1302.0;10;21;11;32;150;31;11;24;10
1308.0;9;21;11;32;151;29;12;24;11
1314.0;11;20;16;31;152;28;11;21;10
1320.0;11;19;18;31;151;28;10;24;8
1326.0;13;19;20;28;148;31;10;21;10
1332.0;13;18;19;28;149;32;9;22;10
1338.0;14;18;18;28;149;33;9;23;8
1344.0;14;17;19;28;150;33;9;22;8
1350.0;14;17;19;29;152;32;10;20;7
1356.0;12;23;17;28;149;30;12;20;9
1362.0;12;22;18;28;149;31;11;20;9
1368.0;12;23;17;28;149;30;11;21;9
1374.0;10;25;20;27;149;31;11;19;8
1380.0;9;26;24;25;150;28;11;19;8
1386.0;12;25;22;22;149;29;11;19;11
1392.0;15;24;18;22;148;30;10;20;13
1398.0;14;23;16;20;150;32;12;20;13
1404.0;13;22;16;21;151;34;12;20;11
1410.0;13;23;17;22;151;31;12;21;10
1416.0;14;21;16;22;151;31;13;22;10
1422.0;11;20;14;23;151;33;16;22;10
1428.0;10;22;13;21;154;32;16;21;11
1434.0;9;21;13;20;154;34;16;22;11
1440.0;7;24;14;20;153;34;14;23;11
1446.0;11;22;14;20;148;34;14;25;12
1452.0;10;21;13;20;148;35;15;26;12
1458.0;9;19;15;22;148;36;15;26;10
1464.0;9;21;16;20;146;37;14;25;12
1470.0;10;24;15;19;146;34;14;25;13
1476.0;13;25;16;19;148;31;14;25;9
1482.0;15;22;14;20;146;37;17;22;7
1488.0;17;20;16;19;144;36;18;23;7
1494.0;12;20;14;20;144;40;21;20;9
1500.0;11;20;11;21;145;41;23;19;9
1506.0;11;19;11;22;146;39;21;20;11
1512.0;11;18;11;23;144;40;20;22;11
1518.0;9;20;15;21;143;37;21;22;12
1524.0;12;21;15;19;143;38;17;22;13
1530.0;12;20;17;19;141;40;14;24;13
1536.0;12;21;15;17;141;41;13;27;13
1542.0;15;20;13;16;141;41;17;26;11
1548.0;15;20;13;15;143;38;16;27;13
1554.0;15;20;10;21;142;37;15;28;12
1560.0;13;23;9;23;142;37;14;28;11
1566.0;12;23;9;22;140;40;13;30;11
1572.0;12;23;12;23;138;41;11;29;11
1578.0;11;20;13;24;139;40;11;29;13
1584.0;9;21;11;25;141;38;13;26;16
1590.0;8;22;11;27;141;37;12;25;17
1596.0;9;24;9;28;141;36;14;24;15
1602.0;11;25;9;26;140;34;16;23;16
1608.0;12;23;10;29;143;32;16;24;11
1614.0;13;20;11;28;143;32;16;25;12
1620.0;13;20;12;27;142;33;16;25;12
1626.0;12;20;12;27;144;34;16;24;11
1632.0;16;23;9;28;143;35;13;23;10
1638.0;19;24;9;28;142;35;11;24;8
1644.0;19;24;6;30;146;32;10;23;10
1650.0;18;23;6;32;145;30;12;24;10
1656.0;16;23;5;34;145;30;12;26;9
1662.0;14;25;4;34;142;33;9;28;11
1668.0;14;24;6;35;143;33;8;25;12
1674.0;13;26;8;36;143;30;8;26;10
1680.0;11;24;9;36;146;29;6;29;10
1686.0;12;24;11;36;143;29;9;28;8
1692.0;11;25;12;35;143;27;8;30;9
1698.0;12;22;12;35;146;25;9;30;9
1704.0;15;21;13;35;144;25;9;29;9
1710.0;14;20;14;35;145;24;9;29;10
1716.0;13;21;14;34;144;26;10;28;10
1722.0;14;21;15;34;144;25;9;28;10
1728.0;14;20;16;34;142;26;12;30;6
1734.0;16;20;16;36;143;23;10;28;8
1740.0;14;20;16;37;143;23;11;27;9
1746.0;15;20;17;36;141;21;13;26;11
1752.0;14;18;20;36;141;21;15;25;10
1758.0;12;17;17;39;141;22;17;24;11
1764.0;12;15;16;40;142;24;17;22;12
1770.0;12;15;15;40;143;23;17;21;14
1776.0;11;17;15;39;142;25;18;19;14
1782.0;15;19;13;38;141;25;16;19;14
1788.0;15;16;11;38;141;28;18;19;14
1794.0;16;18;11;36;141;28;19;16;15
