#auto generated file!
12.0;23;31;27;19;18;18;19;21;34
18.0;23;31;26;18;18;18;19;21;36
24.0;25;33;20;18;20;17;19;23;35
30.0;26;33;21;17;25;17;18;24;29
36.0;25;33;21;16;28;18;18;22;29
42.0;23;35;17;19;28;21;19;22;26
48.0;22;37;15;17;29;22;18;24;26
54.0;22;38;16;16;31;23;16;21;27
60.0;22;39;16;16;33;25;13;19;27
66.0;21;40;15;15;36;25;12;19;27
72.0;19;37;19;14;36;26;16;19;24
78.0;20;35;16;15;38;25;15;20;26
84.0;19;31;16;16;41;25;11;24;27
90.0;19;28;17;15;41;27;11;25;27
96.0;20;27;17;14;43;26;11;24;28
102.0;19;25;17;13;44;28;10;28;26
108.0;18;29;18;15;43;28;9;26;24
114.0;17;31;17;16;43;28;10;27;21
120.0;14;31;19;14;44;29;10;28;21
126.0;16;27;19;13;44;29;10;31;21
132.0;16;27;19;16;45;30;10;28;19
138.0;18;27;20;17;47;26;10;26;19
144.0;17;26;19;17;48;30;8;27;18
150.0;15;27;18;18;48;29;9;28;18
156.0;13;27;19;20;48;27;9;29;18
162.0;11;25;16;21;49;31;12;26;19
168.0;11;25;16;21;52;28;11;25;21
174.0;12;25;16;23;50;28;8;25;23
180.0;12;25;16;25;50;29;9;24;20
186.0;13;25;16;22;50;30;11;25;18
192.0;12;26;17;22;52;30;10;24;17
198.0;13;26;15;22;52;31;11;23;17
204.0;14;26;14;21;53;32;11;21;18
210.0;15;26;14;22;53;32;11;20;17
216.0;14;24;12;21;54;31;12;23;19
222.0;11;23;11;23;55;31;12;23;21
228.0;10;23;13;22;55;34;13;22;18
234.0;10;23;12;21;55;32;15;24;18
240.0;10;22;11;21;55;34;16;24;17
246.0;8;23;10;20;57;35;16;24;17
252.0;4;22;10;20;58;34;18;25;19
258.0;3;21;9;19;58;36;17;24;23
264.0;3;22;9;19;59;36;16;24;22
270.0;5;21;7;19;60;36;15;27;20
276.0;5;18;6;18;64;35;15;28;21
282.0;4;19;5;18;66;36;13;30;19
288.0;4;19;5;18;66;36;16;30;16
294.0;4;22;5;17;67;34;18;30;13
300.0;5;21;3;19;64;35;18;32;13
306.0;6;20;5;18;67;34;15;32;13
312.0;3;17;5;18;68;37;16;32;14
318.0;4;16;6;18;66;36;16;31;17
324.0;4;19;8;19;64;33;17;28;18
330.0;3;22;8;18;63;32;17;30;17
336.0;2;22;9;19;62;32;17;31;16
342.0;1;22;10;17;62;35;17;31;15
348.0;1;26;10;16;63;33;17;29;15
354.0;3;23;10;17;61;34;16;28;18
360.0;4;25;10;18;63;29;18;26;17
366.0;3;27;11;19;63;27;18;28;14
372.0;4;30;12;19;64;25;16;27;13
378.0;5;27;13;23;63;24;16;28;11
384.0;6;26;12;27;62;26;15;25;11
390.0;5;27;14;29;63;25;16;22;9
396.0;6;29;13;29;65;23;16;22;7
402.0;7;29;12;28;65;22;16;25;6
408.0;7;27;14;28;67;22;15;24;6
414.0;8;28;13;29;66;22;17;21;6
420.0;9;27;11;27;68;23;18;21;6
426.0;9;27;10;28;69;24;17;21;5
432.0;11;29;9;28;68;22;19;19;5
438.0;11;31;9;28;68;23;18;17;5
444.0;8;32;10;29;70;23;15;17;6
450.0;8;32;13;26;73;23;14;16;5
456.0;10;33;14;23;74;22;11;17;6
462.0;12;32;14;24;73;22;11;18;4
468.0;12;30;16;25;72;21;12;17;5
474.0;9;31;15;26;73;21;11;19;5
480.0;8;29;13;26;75;20;14;19;6
486.0;9;24;12;25;78;19;17;20;6
492.0;10;26;10;24;78;18;17;20;7
498.0;11;26;10;23;78;19;15;20;8
504.0;9;28;9;24;79;19;11;21;10
510.0;9;29;9;24;79;19;11;20;10
516.0;8;28;8;25;79;19;13;22;8
522.0;10;25;7;24;80;17;15;23;9
528.0;10;24;8;25;81;16;14;24;8
534.0;10;25;6;25;82;20;13;22;7
540.0;10;25;8;24;83;20;12;21;7
546.0;11;25;9;22;84;20;11;19;9
552.0;11;25;10;22;84;18;12;19;9
558.0;11;23;11;20;84;18;14;20;9
564.0;10;21;11;17;86;20;13;20;12
570.0;11;18;11;17;87;24;14;19;9
576.0;11;18;11;17;88;25;12;19;9
582.0;11;18;13;16;88;25;12;19;8
588.0;10;18;11;16;90;27;11;18;9
594.0;7;19;11;16;92;27;11;17;10
600.0;8;19;10;16;92;27;12;16;10
606.0;9;19;9;17;90;26;14;18;8
612.0;10;19;9;15;90;27;13;19;8
618.0;8;19;10;13;90;28;13;19;10
624.0;10;17;9;14;90;28;13;20;9
630.0;12;19;8;14;91;26;11;20;9
636.0;12;19;8;15;92;26;11;19;8
642.0;12;19;7;15;91;26;10;22;8
648.0;12;19;8;14;90;25;10;24;8
654.0;11;19;9;15;90;23;9;24;10
660.0;12;21;10;13;90;20;9;25;10
666.0;13;21;10;11;88;17;13;26;11
672.0;13;20;10;13;86;18;12;23;15
678.0;12;21;10;14;87;18;12;22;14
684.0;11;20;11;15;87;17;13;22;14
690.0;13;20;11;17;87;17;11;23;11
696.0;13;18;12;17;86;18;11;23;12
702.0;13;18;13;17;86;19;9;21;14
708.0;9;20;12;17;85;21;11;19;16
714.0;10;20;11;17;86;22;10;18;16
720.0;9;22;10;18;85;25;9;19;13
726.0;8;23;12;15;85;24;11;18;14
732.0;8;22;11;15;86;26;11;18;13
738.0;8;21;12;15;86;26;11;15;16
744.0;10;21;13;13;85;27;13;14;14
750.0;10;21;12;13;85;27;14;15;13
756.0;8;21;11;14;86;28;14;14;14
762.0;6;19;10;14;86;26;16;16;17
768.0;6;18;10;14;86;30;15;17;14
774.0;6;19;11;14;85;29;14;18;14
780.0;8;19;12;14;83;31;14;15;14
786.0;8;20;9;19;84;27;13;16;14
792.0;9;19;7;23;84;25;13;16;14
798.0;10;21;10;21;84;26;9;15;14
804.0;12;22;10;21;84;24;8;14;15
810.0;12;22;11;22;84;23;8;14;14
816.0;10;22;9;23;87;21;9;15;14
822.0;12;23;8;26;87;20;7;13;14
828.0;11;23;7;27;87;20;7;15;13
834.0;8;22;7;29;89;20;8;14;13
840.0;8;20;9;28;91;19;8;14;13
846.0;8;20;10;27;90;20;9;14;12
852.0;7;20;10;25;89;22;8;16;13
858.0;7;21;12;25;86;20;9;17;13
864.0;7;23;10;24;85;19;10;19;13
870.0;7;22;10;25;85;19;11;19;12
876.0;7;20;11;26;86;19;11;18;12
882.0;6;20;10;26;87;20;10;19;12
888.0;10;22;8;25;86;21;8;19;11
894.0;8;20;7;25;87;21;10;20;12
900.0;8;19;8;25;88;20;10;19;13
906.0;6;19;6;23;88;22;10;20;16
912.0;6;18;7;21;87;22;10;20;19
918.0;6;18;7;21;87;21;12;20;18
924.0;8;18;8;19;87;24;11;21;14
930.0;9;17;11;20;88;23;9;19;14
936.0;9;18;13;19;87;22;10;18;14
942.0;8;18;12;20;87;21;10;18;16
948.0;7;19;12;19;86;21;11;18;17
954.0;7;21;12;21;87;16;12;17;17
960.0;7;17;13;22;89;18;12;18;14
966.0;6;18;13;23;90;17;8;20;15
972.0;4;19;14;21;92;17;9;21;13
978.0;6;21;13;21;91;19;9;16;14
984.0;7;22;13;23;90;17;9;16;13
990.0;7;22;12;24;90;19;8;15;13
996.0;7;19;13;23;92;19;7;16;14
1002.0;10;18;15;23;89;22;5;17;11
1008.0;10;19;13;23;88;22;8;17;10
1014.0;10;20;14;23;87;24;8;15;9
1020.0;9;20;13;25;87;24;7;15;10
1026.0;8;17;13;26;88;25;7;15;11
1032.0;9;15;14;25;89;28;6;15;9
1038.0;9;12;15;27;90;28;6;14;9
1044.0;8;14;14;27;88;27;6;17;9
1050.0;8;17;14;25;89;25;7;18;7
1056.0;8;18;10;26;89;24;8;17;10
1062.0;7;18;9;25;87;25;7;19;13
1068.0;7;19;11;25;85;25;7;19;12
1074.0;9;18;11;25;85;26;7;18;11
1080.0;8;19;11;24;85;26;7;18;12
1086.0;9;19;10;22;87;24;9;18;12
1092.0;9;19;10;20;87;25;12;16;12
1098.0;7;17;11;20;87;25;13;16;14
1104.0;10;17;10;22;86;22;14;17;12
1110.0;10;17;12;21;87;22;12;17;12
1116.0;12;20;11;20;86;21;12;16;12
1122.0;14;19;11;19;86;19;15;15;12
1128.0;14;19;11;19;85;22;13;17;10
1134.0;20;18;12;18;85;20;11;17;9
1140.0;17;18;10;20;85;21;12;18;9
1146.0;16;18;10;18;85;21;14;18;10
1152.0;15;17;13;17;83;22;12;20;11
1158.0;16;16;12;18;83;20;11;24;10
1164.0;16;18;11;17;83;21;12;22;10
1170.0;15;18;11;17;84;20;10;22;13
1176.0;15;18;12;15;85;21;12;21;11
1182.0;14;16;10;17;84;24;13;21;11
1188.0;13;18;9;18;84;21;15;22;10
1194.0;13;18;8;19;84;21;16;22;9
1200.0;13;19;8;17;84;21;17;22;9
1206.0;12;20;7;17;86;20;18;21;9
1212.0;13;18;7;15;86;19;20;22;10
1218.0;16;18;6;13;85;20;20;23;9
1224.0;18;17;9;11;85;18;17;26;9
1230.0;18;18;9;10;86;18;16;26;9
1236.0;16;18;10;10;86;17;15;28;10
1242.0;16;18;10;9;88;18;13;28;10
1248.0;15;17;10;10;88;19;13;28;10
1254.0;13;18;10;9;89;20;13;28;10
1260.0;13;16;12;8;90;20;14;27;10
1266.0;10;15;13;8;92;24;14;24;10
1272.0;10;14;13;7;90;24;15;26;11
1278.0;9;14;13;8;90;23;13;26;14
1284.0;8;14;13;10;92;22;12;26;13
1290.0;8;16;13;9;93;24;10;26;11
1296.0;7;17;12;10;96;24;8;25;11
1302.0;5;18;12;14;95;23;7;23;13
1308.0;11;18;10;13;96;21;8;20;13
1314.0;8;17;10;13;99;21;9;20;13
1320.0;8;17;8;14;98;21;9;22;13
1326.0;7;18;8;16;97;23;10;20;11
1332.0;9;19;6;17;98;21;9;20;11
1338.0;11;18;6;16;96;23;9;21;10
1344.0;11;20;6;14;95;23;8;24;9
1350.0;10;21;5;13;95;23;7;26;10
1356.0;8;20;6;15;95;20;9;27;10
1362.0;8;19;5;15;95;18;11;28;11
1368.0;9;19;5;16;93;18;8;29;13
1374.0;11;16;7;16;93;18;8;29;12
1380.0;10;15;7;16;91;21;9;29;12
1386.0;11;16;6;15;89;21;10;29;13
1392.0;11;16;5;14;93;23;10;26;12
1398.0;12;16;7;14;93;23;9;24;12
1404.0;12;17;5;14;92;25;10;24;11
1410.0;12;17;6;13;92;24;11;25;10
1416.0;13;16;6;12;93;22;12;26;10
1422.0;14;16;5;13;93;21;10;26;12
1428.0;14;18;5;14;92;20;7;28;12
1434.0;12;17;8;13;92;19;8;29;12
1440.0;11;17;9;13;90;19;10;28;13
1446.0;11;17;7;12;89;19;13;29;13
1452.0;11;19;7;11;89;16;14;31;12
1458.0;10;19;7;12;90;16;13;30;13
1464.0;8;17;8;14;90;17;13;32;11
1470.0;8;18;7;13;92;17;12;30;13
1476.0;7;17;8;16;91;16;15;27;13
1482.0;7;17;8;15;91;17;17;25;13
1488.0;5;18;9;13;89;19;17;25;15
1494.0;7;18;11;12;90;20;14;25;13
1500.0;8;16;10;11;91;21;15;24;14
1506.0;9;15;9;13;91;22;12;25;14
1512.0;8;17;10;14;90;23;12;24;12
1518.0;7;16;11;16;91;21;13;24;11
1524.0;4;16;12;17;90;23;12;24;12
1530.0;4;17;12;17;93;22;12;22;11
1536.0;4;17;12;17;97;21;10;21;11
1542.0;5;19;12;18;95;21;10;19;11
1548.0;4;17;11;19;96;22;11;19;11
1554.0;4;19;12;18;97;21;11;19;9
1560.0;5;20;10;19;97;22;10;19;8
1566.0;7;19;10;18;96;23;11;19;7
1572.0;6;19;10;18;96;19;13;20;9
1578.0;7;18;12;15;96;17;16;20;9
1584.0;8;19;10;15;97;16;15;20;10
1590.0;8;20;13;14;96;15;14;21;9
1596.0;8;21;15;15;93;13;14;21;10
1602.0;6;22;16;14;92;17;11;21;11
1608.0;9;21;15;14;92;15;11;21;12
1614.0;9;24;14;13;94;15;10;20;11
1620.0;11;24;12;13;94;16;10;19;11
1626.0;10;26;12;15;90;17;10;19;11
1632.0;8;25;13;15;89;19;11;18;12
1638.0;10;24;11;14;90;17;13;18;13
1644.0;10;23;11;12;92;16;12;22;12
1650.0;11;23;8;13;94;15;11;22;13
1656.0;12;22;8;10;97;16;8;22;15
1662.0;11;22;7;12;94;16;9;23;16
1668.0;12;22;7;12;94;14;10;24;15
1674.0;13;20;7;12;96;14;9;23;16
1680.0;12;20;6;11;95;16;11;25;14
1686.0;13;21;6;11;96;16;10;25;12
1692.0;11;21;8;13;94;18;10;20;15
1698.0;12;22;8;14;93;18;11;19;13
1704.0;12;21;8;14;94;19;12;19;11
1710.0;13;20;10;15;92;16;11;19;14
1716.0;12;20;9;16;91;17;11;20;14
1722.0;12;19;9;18;89;19;11;20;13
1728.0;11;20;9;17;89;19;10;24;11
1734.0;11;19;9;17;90;20;11;23;10
1740.0;12;20;8;18;89;20;10;23;10
1746.0;11;20;6;19;88;22;10;24;10
1752.0;12;18;6;20;89;23;10;22;10
1758.0;14;18;6;20;89;24;8;21;10
1764.0;14;17;8;20;90;24;8;19;10
1770.0;12;18;10;20;90;24;9;19;8
1776.0;12;19;9;20;91;23;10;18;8
1782.0;11;20;8;22;90;24;10;19;6
1788.0;9;21;10;21;90;22;10;19;8
1794.0;8;21;10;20;88;22;12;21;8
