#auto generated file!
12.0;42;52;52;47;57;39;53;48;50
18.0;42;52;53;53;56;40;47;48;49
24.0;41;52;50;54;57;41;45;51;49
30.0;38;56;47;52;60;41;45;52;49
36.0;38;52;49;53;64;41;44;53;46
42.0;39;58;45;50;65;38;43;52;50
48.0;43;59;43;48;67;37;42;57;44
54.0;46;58;42;49;69;37;39;56;44
60.0;43;59;40;50;70;37;38;59;44
66.0;44;56;35;51;73;40;38;58;45
72.0;42;56;36;53;74;41;34;58;46
78.0;41;59;35;55;75;45;36;53;41
84.0;38;57;38;57;76;50;36;51;37
90.0;39;61;35;53;76;53;40;49;34
96.0;35;60;32;53;79;55;40;53;33
102.0;34;61;28;54;81;55;40;53;34
108.0;38;61;27;55;82;57;36;51;33
114.0;34;64;28;48;84;60;39;50;33
120.0;35;63;25;42;89;61;41;48;36
126.0;35;60;22;46;95;59;40;47;36
132.0;34;63;20;46;97;60;41;48;31
138.0;33;67;18;47;99;61;37;48;30
144.0;34;66;17;47;99;62;37;49;29
150.0;33;69;21;45;102;61;38;45;26
156.0;30;70;22;41;105;62;38;47;25
162.0;29;68;23;42;105;60;38;48;27
168.0;31;69;19;43;107;62;37;46;26
174.0;31;66;19;45;110;60;39;44;26
180.0;30;67;22;46;111;59;38;45;22
186.0;33;65;25;44;113;55;33;47;25
192.0;35;63;23;45;114;50;32;50;28
198.0;31;62;25;41;116;48;37;51;29
204.0;28;63;27;41;119;46;33;55;28
210.0;28;66;27;39;122;47;27;56;28
216.0;30;67;27;37;120;48;29;57;25
222.0;31;67;30;35;123;52;26;57;19
228.0;34;63;27;34;124;55;30;57;16
234.0;31;61;27;37;130;50;29;57;18
240.0;30;57;25;35;133;50;27;60;23
246.0;28;51;27;37;135;51;24;61;26
252.0;26;51;24;38;140;50;23;62;26
258.0;25;48;24;40;142;50;24;63;24
264.0;24;50;26;39;140;51;23;58;29
270.0;23;51;22;39;144;52;25;56;28
276.0;21;51;22;38;144;51;25;59;29
282.0;21;49;22;41;145;54;23;59;26
288.0;18;51;21;40;146;55;25;61;23
294.0;19;49;21;36;148;55;27;62;23
300.0;19;49;23;38;146;54;26;65;20
306.0;20;51;21;40;145;51;26;65;21
312.0;20;49;22;39;146;50;28;64;22
318.0;23;49;22;38;147;48;30;61;22
324.0;23;49;22;36;146;44;33;63;24
330.0;23;48;19;33;147;45;32;64;29
336.0;22;49;18;35;148;46;33;63;26
342.0;22;50;18;33;151;48;31;61;26
348.0;19;52;16;32;154;46;34;62;25
354.0;20;53;15;36;158;42;32;59;25
360.0;23;50;19;36;157;44;30;59;22
366.0;22;49;19;34;163;46;31;57;19
372.0;21;51;19;34;159;45;32;58;21
378.0;21;53;21;32;162;45;29;55;22
384.0;24;52;25;34;163;45;25;53;19
390.0;21;54;24;37;162;45;24;52;21
396.0;22;56;26;35;163;43;20;53;22
402.0;21;57;26;39;163;42;20;49;23
408.0;19;57;26;43;161;40;25;47;22
414.0;21;56;26;43;161;41;24;45;23
420.0;20;56;21;45;162;43;23;44;26
426.0;18;56;22;44;158;44;23;46;29
432.0;20;51;21;47;159;45;24;42;31
438.0;18;51;22;46;163;45;23;41;31
444.0;20;51;25;45;164;40;23;42;30
450.0;19;51;23;47;167;41;23;39;30
456.0;21;50;25;48;172;38;22;38;26
462.0;22;54;23;50;172;38;21;35;25
468.0;20;51;23;55;172;40;20;34;25
474.0;19;52;25;54;173;40;18;36;23
480.0;18;56;23;54;175;39;18;35;22
486.0;18;54;25;55;176;39;17;32;24
492.0;20;53;26;55;175;42;16;30;23
498.0;17;51;23;55;175;41;22;31;25
504.0;17;52;24;54;171;43;26;30;23
510.0;20;51;17;52;174;43;27;32;24
516.0;23;50;15;54;177;42;26;31;22
522.0;22;50;13;54;178;43;24;34;22
528.0;21;52;16;56;176;43;20;33;23
534.0;20;52;17;58;175;44;20;32;22
540.0;21;51;15;54;179;45;21;37;17
546.0;22;50;16;52;179;42;22;39;18
552.0;23;50;16;49;180;41;25;37;19
558.0;24;49;16;48;178;42;28;40;15
564.0;24;44;15;51;180;41;30;42;13
570.0;25;46;16;51;179;41;29;40;13
576.0;24;48;18;51;178;40;32;40;9
582.0;24;53;15;51;177;40;30;40;10
588.0;19;57;16;50;177;35;31;41;14
594.0;20;54;20;51;171;33;30;43;18
600.0;23;54;18;53;172;37;25;39;19
606.0;22;53;16;55;170;37;23;45;19
612.0;24;52;18;52;168;39;23;45;19
618.0;26;51;19;47;167;41;25;45;19
624.0;28;51;21;47;166;42;23;45;17
630.0;30;52;23;48;164;42;23;42;16
636.0;29;50;23;49;164;40;26;41;18
642.0;25;47;25;48;163;47;23;40;22
648.0;24;48;25;47;166;46;22;39;23
654.0;23;49;26;45;171;41;20;40;25
660.0;23;48;27;49;170;43;20;38;22
666.0;25;51;25;48;172;45;21;35;18
672.0;22;50;27;49;170;46;20;36;20
678.0;20;52;25;53;171;46;16;37;20
684.0;19;54;23;52;171;47;16;39;19
690.0;19;52;24;52;170;50;16;40;17
696.0;18;50;22;51;172;52;17;42;16
702.0;16;49;22;51;174;52;16;44;16
708.0;15;46;21;49;176;51;19;44;19
714.0;16;49;22;49;177;48;16;43;20
720.0;15;49;24;48;176;52;17;39;20
726.0;15;47;24;50;174;51;19;41;19
732.0;13;47;24;47;177;49;21;41;21
738.0;13;46;24;50;176;48;21;45;17
744.0;11;47;20;50;176;51;22;46;17
750.0;14;47;21;49;176;52;21;42;18
756.0;16;49;23;50;175;51;17;39;20
762.0;17;49;24;47;176;52;17;39;19
768.0;15;49;24;44;178;54;19;42;15
774.0;13;47;24;49;181;49;18;41;18
780.0;16;49;19;50;184;48;14;41;19
786.0;19;45;20;51;186;47;14;39;19
792.0;18;45;21;51;187;47;14;37;20
798.0;15;46;23;51;183;46;15;35;26
804.0;14;43;20;55;185;46;13;37;27
810.0;15;42;21;51;185;46;14;39;27
816.0;15;41;24;48;188;38;20;38;28
822.0;15;40;21;50;188;42;20;39;25
828.0;16;39;22;49;188;41;20;43;22
834.0;17;39;22;50;189;42;18;41;22
840.0;16;42;18;51;191;43;18;39;22
846.0;16;41;19;51;192;39;18;39;25
852.0;16;42;19;50;189;38;18;41;27
858.0;15;38;18;50;188;41;19;45;26
864.0;15;38;19;50;189;40;20;44;25
870.0;16;38;19;50;191;38;17;44;27
876.0;15;44;18;48;195;39;14;43;24
882.0;15;39;21;49;195;36;17;43;25
888.0;14;40;22;49;196;34;17;45;23
894.0;15;39;22;47;195;33;18;47;24
900.0;16;38;22;46;194;35;20;46;23
906.0;15;35;24;45;195;36;21;46;23
912.0;14;37;23;45;200;32;19;47;23
918.0;15;35;23;43;199;31;19;50;25
924.0;14;33;26;41;199;34;20;49;24
930.0;13;32;24;45;198;35;20;49;24
936.0;14;30;24;46;201;35;20;46;24
942.0;16;30;22;46;200;35;20;47;24
948.0;17;28;23;51;202;34;20;46;19
954.0;17;29;23;51;202;34;20;46;18
960.0;16;29;24;51;203;35;19;45;18
966.0;18;29;24;50;199;38;20;43;19
972.0;15;30;24;49;199;41;20;44;18
978.0;17;30;22;49;198;39;23;40;22
984.0;15;32;23;46;197;40;22;43;22
990.0;10;32;21;47;199;41;20;47;23
996.0;10;31;24;47;201;41;19;44;23
1002.0;10;31;24;45;201;40;21;43;25
1008.0;8;27;25;42;202;42;18;48;28
1014.0;8;29;25;41;202;42;17;47;29
1020.0;12;23;23;42;203;39;21;47;30
1026.0;13;24;25;43;203;39;19;45;29
1032.0;15;20;22;46;202;38;23;45;29
1038.0;17;19;21;42;205;39;24;43;30
1044.0;18;21;19;41;207;39;25;42;28
1050.0;17;23;18;37;208;42;25;41;29
1056.0;18;22;21;40;209;38;25;39;28
1062.0;17;26;20;41;203;41;25;41;26
1068.0;18;26;20;40;207;42;24;40;23
1074.0;17;27;21;41;208;39;27;37;23
1080.0;16;26;22;39;206;40;29;38;24
1086.0;18;28;23;41;207;37;28;35;23
1092.0;18;25;21;42;210;37;29;34;24
1098.0;17;25;20;43;213;37;25;34;26
1104.0;15;26;18;45;214;38;21;37;26
1110.0;14;27;15;47;216;40;18;39;24
1116.0;15;27;15;47;218;39;16;42;21
1122.0;15;30;16;46;217;36;20;41;19
1128.0;19;29;12;49;214;36;21;43;17
1134.0;21;30;14;48;213;33;21;43;17
1140.0;21;31;15;49;213;33;18;43;17
1146.0;24;30;17;48;212;32;17;46;14
1152.0;23;31;16;48;210;33;15;49;15
1158.0;24;31;13;46;209;33;16;51;17
1164.0;26;33;12;43;208;36;17;50;15
1170.0;24;32;15;44;207;36;18;49;15
1176.0;24;29;15;44;205;39;18;50;16
1182.0;24;29;15;41;208;36;18;50;19
1188.0;26;26;13;41;211;37;17;49;20
1194.0;27;26;13;38;212;37;18;48;21
1200.0;27;27;14;37;211;39;17;47;21
1206.0;25;31;13;38;208;41;17;46;21
1212.0;26;30;11;42;206;40;18;44;23
1218.0;28;28;12;41;207;40;17;44;23
1224.0;31;30;10;41;207;40;15;44;22
1230.0;32;30;14;40;203;38;16;45;22
1236.0;31;31;13;41;204;39;16;44;21
1242.0;29;30;14;46;204;37;16;45;19
1248.0;28;29;14;46;201;38;18;46;20
1254.0;27;30;15;48;199;36;18;49;18
1260.0;24;30;15;48;198;38;19;51;17
1266.0;25;31;18;48;196;37;18;51;16
1272.0;27;31;17;46;197;38;17;51;16
1278.0;25;34;17;44;194;40;17;53;16
1284.0;24;32;17;45;194;42;15;53;18
1290.0;22;29;15;43;201;41;18;51;20
1296.0;25;31;15;43;200;39;17;48;22
1302.0;28;32;14;41;198;40;17;48;22
1308.0;23;33;14;41;197;42;18;53;19
1314.0;25;37;13;39;193;40;21;51;21
1320.0;27;37;13;38;192;42;22;52;17
1326.0;27;37;13;39;190;43;21;51;19
1332.0;23;37;17;38;187;46;22;49;21
1338.0;24;38;12;38;188;50;26;48;16
1344.0;23;37;15;38;189;47;28;45;18
1350.0;23;37;17;38;192;43;29;42;19
1356.0;22;38;20;36;192;44;29;40;19
1362.0;24;39;19;37;192;44;26;40;19
1368.0;27;41;18;34;193;45;22;38;22
1374.0;26;43;17;33;191;47;23;36;24
1380.0;27;41;20;32;191;46;21;36;26
1386.0;24;40;24;34;187;45;22;36;28
1392.0;22;42;24;34;189;46;22;36;25
1398.0;23;46;23;35;188;42;19;38;26
1404.0;23;43;21;35;188;41;21;41;27
1410.0;25;45;21;37;187;43;20;40;22
1416.0;27;43;23;36;188;43;20;40;20
1422.0;30;43;23;34;189;42;19;42;18
1428.0;27;45;23;36;192;42;20;42;13
1434.0;24;43;22;36;193;41;21;45;15
1440.0;24;38;22;34;193;38;24;47;20
1446.0;22;34;21;36;193;39;26;49;20
1452.0;23;34;21;38;192;41;23;48;20
1458.0;21;35;17;37;194;42;23;48;23
1464.0;20;34;19;35;193;43;24;49;23
1470.0;18;34;18;38;197;48;21;47;19
1476.0;19;34;17;38;200;45;21;46;20
1482.0;17;36;20;39;198;47;18;47;18
1488.0;19;36;21;37;198;47;16;46;20
1494.0;18;37;21;34;199;47;18;47;19
1500.0;21;37;23;33;199;44;17;48;18
1506.0;17;38;22;36;200;43;20;46;18
1512.0;18;42;25;37;199;44;18;45;12
1518.0;20;43;24;35;202;43;15;44;14
1524.0;20;43;26;34;202;42;15;43;15
1530.0;22;43;23;35;201;41;18;43;14
1536.0;19;40;24;38;200;48;15;41;15
1542.0;20;36;23;35;203;49;15;41;18
1548.0;20;36;23;36;204;47;15;39;20
1554.0;20;38;22;36;205;45;20;36;18
1560.0;18;36;19;36;205;49;20;38;19
1566.0;18;40;15;36;203;49;23;36;20
1572.0;21;39;15;34;204;51;22;36;18
1578.0;23;38;14;36;208;49;22;34;16
1584.0;24;39;16;37;208;46;21;34;15
1590.0;25;40;15;36;206;45;21;34;18
1596.0;26;41;18;37;202;43;21;34;18
1602.0;26;42;18;36;205;44;21;32;16
1608.0;23;44;19;36;205;46;19;28;20
1614.0;23;43;20;37;205;46;19;28;19
1620.0;25;43;19;38;204;48;17;28;18
1626.0;24;45;19;39;204;45;18;28;18
1632.0;24;44;15;39;205;43;20;32;18
1638.0;23;42;15;40;204;43;23;32;18
1644.0;25;42;14;40;203;42;24;32;18
1650.0;24;43;15;40;205;42;20;31;20
1656.0;22;49;16;37;202;41;22;31;20
1662.0;24;48;16;37;203;41;21;31;19
1668.0;20;47;18;42;200;43;20;31;19
1674.0;19;45;22;44;199;45;17;30;19
1680.0;19;46;21;42;200;47;19;28;18
1686.0;19;44;19;44;203;46;21;27;17
1692.0;19;45;22;43;202;48;17;25;19
1698.0;17;47;19;45;202;48;18;25;19
1704.0;17;46;17;44;202;49;17;27;21
1710.0;18;48;17;43;205;47;17;25;20
1716.0;18;46;15;47;202;48;19;26;19
1722.0;13;48;16;45;198;52;22;26;20
1728.0;14;48;15;44;201;51;22;26;19
1734.0;19;51;14;44;199;46;20;28;19
1740.0;19;51;11;45;201;49;20;26;18
1746.0;22;47;14;43;205;50;19;23;17
1752.0;24;46;12;43;205;49;19;24;18
1758.0;29;43;12;42;208;45;17;25;19
1764.0;23;43;11;41;212;44;17;25;24
1770.0;21;44;12;41;213;41;21;25;22
1776.0;21;47;12;41;211;41;21;24;22
1782.0;21;47;13;43;208;44;18;24;22
1788.0;24;47;13;48;204;42;20;23;19
1794.0;19;51;13;51;206;42;17;21;20
