#auto generated file!
12.0;31;28;28;25;34;24;25;25;30
18.0;31;28;28;24;35;26;26;24;28
24.0;26;26;25;25;38;28;25;26;31
30.0;31;30;28;22;40;26;21;25;27
36.0;32;29;26;21;41;26;23;27;25
42.0;35;27;25;21;42;26;22;27;25
48.0;30;27;29;24;45;27;19;27;22
54.0;29;27;27;24;47;30;20;25;21
60.0;28;27;25;25;47;33;19;26;20
66.0;28;28;24;26;48;32;17;28;19
72.0;25;30;22;28;46;35;16;29;19
78.0;22;29;22;30;46;33;18;32;18
84.0;23;29;21;29;47;32;17;33;19
90.0;23;25;18;29;47;34;19;36;19
96.0;24;27;17;28;46;36;18;34;20
102.0;21;31;19;27;46;37;17;33;19
108.0;18;33;21;26;44;37;18;34;19
114.0;16;34;25;24;46;31;20;34;20
120.0;17;32;27;25;46;28;21;34;20
126.0;13;31;29;25;48;25;22;35;22
132.0;13;32;28;24;47;26;22;36;22
138.0;16;34;28;24;48;25;21;37;17
144.0;15;33;28;28;51;23;22;34;16
150.0;18;29;27;26;53;23;25;34;15
156.0;18;26;27;27;54;22;25;34;17
162.0;18;26;25;28;54;22;24;36;17
168.0;18;25;25;26;54;22;23;37;20
174.0;20;26;24;26;55;22;25;32;20
180.0;19;28;27;23;60;21;24;32;16
186.0;18;29;28;25;62;21;22;29;16
192.0;18;29;25;23;65;22;22;28;18
198.0;16;30;25;27;64;21;19;29;19
204.0;16;29;23;28;67;20;17;29;21
210.0;15;28;22;31;66;21;19;30;18
216.0;17;29;20;31;68;22;19;28;16
222.0;19;27;18;30;68;25;20;29;14
228.0;20;25;18;30;68;24;17;30;18
234.0;19;27;18;29;69;24;19;27;18
240.0;19;25;18;29;72;25;18;27;17
246.0;18;24;18;28;72;26;16;30;18
252.0;19;25;19;28;72;25;14;29;19
258.0;17;25;17;29;72;26;15;28;21
264.0;17;26;15;28;75;24;19;28;18
270.0;16;25;17;27;77;24;17;28;19
276.0;17;25;17;27;75;24;13;34;18
282.0;16;25;16;27;76;27;12;36;15
288.0;13;25;17;27;77;30;10;37;14
294.0;12;23;16;30;79;29;9;39;13
300.0;12;22;18;29;81;29;10;36;13
306.0;13;20;16;28;82;30;11;37;13
312.0;14;19;14;29;82;30;14;34;14
318.0;15;19;14;30;83;28;15;33;13
324.0;16;18;15;29;83;28;18;30;13
330.0;15;19;15;30;82;26;19;32;12
336.0;18;18;15;31;82;23;19;33;11
342.0;19;19;12;31;83;23;19;34;10
348.0;21;21;13;30;86;20;16;33;10
354.0;19;24;12;31;85;19;18;33;9
360.0;20;26;14;32;85;16;14;34;9
366.0;21;26;13;34;83;15;13;31;14
372.0;22;26;15;33;82;15;12;29;16
378.0;22;23;15;33;85;18;9;31;14
384.0;22;24;12;33;84;19;10;28;18
390.0;21;24;11;34;83;20;12;27;18
396.0;20;23;12;33;83;23;13;27;16
402.0;20;23;13;33;82;22;14;26;17
408.0;20;22;12;35;81;25;15;24;16
414.0;22;21;12;36;81;25;15;23;15
420.0;20;23;14;37;82;23;10;21;20
426.0;19;24;13;35;84;23;12;19;21
432.0;20;21;12;34;83;23;15;21;21
438.0;22;22;11;33;84;23;17;20;18
444.0;23;22;12;32;84;24;17;19;17
450.0;21;22;15;26;87;25;17;20;17
456.0;18;21;18;26;89;25;18;20;15
462.0;17;20;14;25;90;27;21;22;14
468.0;14;21;12;25;88;29;21;24;16
474.0;15;21;10;26;88;29;20;26;15
480.0;13;23;13;24;88;31;19;28;11
486.0;14;22;13;24;89;32;17;29;10
492.0;15;22;12;26;88;33;16;27;11
498.0;16;23;13;26;86;32;16;27;11
504.0;19;25;16;28;89;26;14;21;12
510.0;18;22;13;27;92;29;13;23;13
516.0;18;21;17;25;94;29;11;21;14
522.0;17;21;18;25;93;28;13;23;12
528.0;16;21;17;25;93;32;12;23;11
534.0;17;20;14;23;95;34;13;24;10
540.0;20;21;12;23;93;35;10;27;9
546.0;21;20;10;22;92;34;13;29;9
552.0;17;20;8;21;91;36;14;31;12
558.0;17;21;7;23;89;36;13;32;12
564.0;18;21;6;24;88;35;14;33;11
570.0;16;22;6;23;90;36;13;33;11
576.0;16;22;7;24;90;37;10;33;11
582.0;13;24;6;27;90;37;10;34;9
588.0;13;25;7;26;92;32;12;35;8
594.0;13;24;7;28;89;32;14;37;6
600.0;16;23;7;26;88;32;14;36;8
606.0;16;24;7;24;88;32;13;37;9
612.0;14;22;8;25;87;32;12;40;10
618.0;15;21;10;25;87;30;12;40;10
624.0;15;24;11;22;86;29;12;41;10
630.0;13;25;10;22;86;29;14;37;14
636.0;17;25;10;22;85;29;14;37;11
642.0;14;27;9;24;86;29;14;35;12
648.0;15;29;9;23;85;29;15;34;11
654.0;13;29;11;23;85;30;13;32;14
660.0;13;26;11;25;84;29;16;32;14
666.0;13;26;9;23;85;30;16;34;14
672.0;11;26;10;24;85;29;18;32;15
678.0;11;26;12;23;82;29;22;31;14
684.0;14;25;12;24;81;28;22;31;13
690.0;15;25;10;24;83;28;18;32;15
696.0;15;25;10;25;83;28;17;32;15
702.0;17;25;10;26;81;27;17;32;15
708.0;17;27;11;24;82;28;14;32;15
714.0;17;30;10;23;84;26;12;31;17
720.0;17;31;9;22;84;28;12;31;16
726.0;14;30;10;24;83;29;12;32;16
732.0;14;28;11;27;84;28;11;34;13
738.0;13;30;13;25;82;28;11;35;13
744.0;13;28;12;28;82;28;11;34;14
750.0;13;27;13;25;83;30;11;33;15
756.0;13;28;15;23;82;34;10;31;14
762.0;12;32;13;24;82;33;7;31;16
768.0;16;31;15;24;83;30;6;28;17
774.0;14;32;19;23;83;28;8;27;16
780.0;15;32;16;25;83;26;8;30;15
786.0;14;32;16;24;84;24;9;30;17
792.0;11;31;20;23;83;26;10;30;16
798.0;12;31;22;22;83;26;7;31;16
804.0;12;32;21;23;83;26;7;31;15
810.0;12;31;20;23;83;30;8;30;13
816.0;8;32;17;24;83;32;9;32;13
822.0;9;31;18;24;84;30;10;33;11
828.0;9;29;18;24;86;31;10;33;10
834.0;8;28;20;24;86;32;11;30;11
840.0;9;27;17;27;87;33;11;27;12
846.0;11;28;15;25;86;35;12;28;10
852.0;13;30;15;25;83;33;13;29;9
858.0;12;33;16;25;86;30;11;29;8
864.0;12;34;14;25;85;32;10;28;10
870.0;12;34;13;27;86;32;9;26;11
876.0;16;34;11;26;89;31;9;24;10
882.0;16;34;10;26;90;29;12;23;10
888.0;15;38;8;25;90;30;11;23;10
894.0;14;36;11;24;91;30;11;23;10
900.0;13;33;10;26;93;29;11;23;12
906.0;15;31;9;25;93;30;12;23;12
912.0;13;32;11;25;94;31;11;22;11
918.0;14;34;11;26;94;28;11;22;10
924.0;15;34;10;27;94;30;12;18;10
930.0;16;32;11;28;93;31;11;20;8
936.0;16;32;10;25;97;30;9;22;9
942.0;16;33;9;26;97;28;9;23;9
948.0;15;33;10;27;97;29;8;22;9
954.0;15;32;10;28;100;27;9;21;8
960.0;15;32;11;28;98;29;9;21;7
966.0;16;28;10;28;100;30;10;20;8
972.0;13;27;13;30;102;28;9;19;9
978.0;12;28;13;29;102;26;10;21;9
984.0;11;27;11;30;103;26;11;22;9
990.0;12;27;10;29;106;25;11;21;9
996.0;10;27;10;29;105;25;10;23;11
1002.0;10;26;10;30;107;26;9;22;10
1008.0;9;29;10;29;106;25;9;24;9
1014.0;7;29;11;29;107;26;9;21;11
1020.0;8;30;10;28;107;25;12;20;10
1026.0;9;30;10;27;108;26;10;20;10
1032.0;8;30;10;29;110;27;6;20;10
1038.0;9;33;9;29;110;27;5;20;8
1044.0;11;32;9;28;109;25;7;21;8
1050.0;10;31;9;31;110;22;8;20;9
1056.0;10;33;10;31;108;21;8;19;10
1062.0;11;34;7;31;109;20;10;18;10
1068.0;12;33;9;26;109;22;12;18;9
1074.0;11;31;10;28;109;21;14;18;8
1080.0;12;28;11;28;111;22;12;19;7
1086.0;11;29;10;27;112;22;12;19;8
1092.0;12;29;14;27;110;21;11;18;8
1098.0;15;28;14;26;109;20;11;17;10
1104.0;17;29;14;24;109;20;10;16;11
1110.0;15;29;13;26;108;22;9;17;11
1116.0;18;30;10;27;108;22;7;15;13
1122.0;17;30;11;28;109;21;5;14;15
1128.0;15;28;12;27;109;24;6;14;15
1134.0;15;32;9;26;111;23;6;13;15
1140.0;13;32;12;24;113;22;9;14;11
1146.0;16;32;14;23;110;19;11;13;12
1152.0;15;32;13;22;113;19;10;15;11
1158.0;14;32;13;21;115;20;9;14;12
1164.0;13;29;13;22;116;17;11;14;15
1170.0;12;26;13;22;118;19;12;14;14
1176.0;11;27;10;23;116;23;11;14;15
1182.0;13;27;10;22;114;24;13;13;14
1188.0;12;30;10;23;114;23;12;12;14
1194.0;11;30;8;25;114;23;12;12;15
1200.0;10;32;5;26;114;24;15;13;11
1206.0;7;32;5;26;115;24;16;14;11
1212.0;7;31;6;25;115;23;17;13;13
1218.0;8;27;6;25;116;23;16;15;14
1224.0;8;26;7;25;116;24;13;16;15
1230.0;8;24;8;27;119;22;12;15;15
1236.0;5;23;8;31;119;20;15;16;13
1242.0;8;23;8;28;120;18;15;17;13
1248.0;8;25;8;26;121;18;14;18;12
1254.0;10;26;6;26;124;18;12;15;13
1260.0;10;26;7;24;126;20;12;16;9
1266.0;10;26;9;24;124;19;12;16;10
1272.0;9;26;9;25;123;21;11;17;9
1278.0;7;25;8;25;122;22;11;18;12
1284.0;8;24;10;24;121;22;9;19;13
1290.0;10;25;12;24;121;19;8;19;12
1296.0;8;25;12;24;120;19;10;19;13
1302.0;9;25;8;24;123;19;10;19;13
1308.0;12;23;9;24;122;22;9;17;12
1314.0;12;22;9;23;122;23;10;19;10
1320.0;13;20;9;22;124;23;8;21;10
1326.0;11;19;13;21;123;24;9;21;9
1332.0;11;18;13;21;123;22;11;21;10
1338.0;9;19;14;20;122;21;12;22;11
1344.0;6;19;13;21;125;16;12;24;14
1350.0;6;20;13;22;127;16;12;23;11
1356.0;7;22;13;22;126;14;13;24;9
1362.0;11;20;13;20;125;15;11;25;10
1368.0;11;19;11;20;129;14;10;25;11
1374.0;11;19;11;22;129;14;12;24;8
1380.0;10;19;10;22;130;14;13;25;7
1386.0;9;21;8;23;128;15;12;26;8
1392.0;11;20;7;21;127;16;12;27;9
1398.0;9;21;7;22;126;16;12;27;10
1404.0;8;20;7;22;126;16;12;27;12
1410.0;7;20;10;23;120;15;13;27;15
1416.0;8;19;12;24;120;15;14;24;14
1422.0;11;16;14;24;117;17;15;25;11
1428.0;9;13;14;27;119;18;15;27;8
1434.0;8;11;14;26;119;18;14;27;13
1440.0;8;12;16;25;118;18;14;26;13
1446.0;8;12;18;24;118;17;15;26;12
1452.0;10;11;18;23;118;18;12;29;11
1458.0;9;13;17;22;120;17;12;30;10
1464.0;8;14;15;22;123;18;11;31;8
1470.0;8;14;14;21;123;17;15;28;10
1476.0;8;12;12;21;124;19;13;29;12
1482.0;8;14;11;20;122;19;13;30;13
1488.0;8;13;12;20;118;21;15;30;13
1494.0;7;14;12;22;119;20;14;30;12
1500.0;5;14;13;20;120;21;14;29;14
1506.0;5;14;12;20;119;21;14;31;14
1512.0;5;14;10;18;121;21;14;34;13
1518.0;5;14;9;18;121;23;15;34;11
1524.0;5;15;9;18;121;21;16;32;13
1530.0;4;15;9;19;123;23;17;30;10
1536.0;4;16;10;21;121;22;16;28;12
1542.0;5;18;8;22;120;23;16;27;11
1548.0;3;17;7;20;122;23;17;30;11
1554.0;3;17;8;19;123;24;14;30;12
1560.0;6;17;9;21;123;25;8;31;10
1566.0;6;17;8;25;123;25;8;29;9
1572.0;6;17;10;24;124;26;7;29;7
1578.0;5;15;9;25;126;27;7;29;7
1584.0;4;14;11;23;125;28;9;28;8
1590.0;6;16;12;21;124;26;9;28;8
1596.0;7;14;13;23;124;25;8;28;8
1602.0;7;14;13;27;124;25;7;25;8
1608.0;9;15;15;22;126;25;6;24;8
1614.0;7;16;14;22;128;25;7;25;6
1620.0;8;19;15;21;127;24;9;23;4
1626.0;9;18;13;19;127;26;9;25;4
1632.0;10;20;11;18;129;25;8;25;4
1638.0;10;20;9;18;131;25;8;25;4
1644.0;9;19;10;19;130;25;8;25;5
1650.0;10;19;6;18;131;26;9;26;5
1656.0;10;18;6;20;131;25;9;24;7
1662.0;10;18;7;20;129;26;9;24;7
1668.0;9;19;8;20;128;24;9;23;10
1674.0;9;18;8;20;127;26;9;23;10
1680.0;9;19;8;20;128;24;9;25;8
1686.0;9;21;7;20;127;24;10;24;8
1692.0;9;20;7;22;127;24;9;24;8
1698.0;8;20;8;21;126;25;10;24;8
1704.0;10;20;7;20;125;26;10;24;8
1710.0;10;19;6;20;126;27;12;22;8
1716.0;10;19;7;23;123;25;13;22;8
1722.0;9;19;8;23;122;25;13;24;7
1728.0;9;17;10;23;126;24;10;25;6
1734.0;10;19;9;23;127;24;9;24;5
1740.0;10;18;8;24;129;24;9;22;6
1746.0;8;16;10;24;129;26;8;22;7
1752.0;6;16;7;25;132;26;8;22;8
1758.0;7;16;7;25;131;25;7;24;8
1764.0;5;18;5;24;132;27;7;24;8
1770.0;5;17;6;25;130;29;8;21;9
1776.0;5;17;7;25;129;29;9;20;9
1782.0;4;18;7;27;129;29;8;22;6
1788.0;4;20;5;28;129;27;9;23;5
1794.0;5;20;5;29;126;27;8;23;7
