#auto generated file!
12.0;31;25;44;27;43;47;29;38;46
18.0;29;28;45;29;44;45;27;37;46
24.0;30;28;44;27;49;47;23;38;44
30.0;32;28;42;27;51;50;24;39;37
36.0;29;28;39;29;50;53;25;42;35
42.0;29;31;35;30;49;54;25;41;36
48.0;30;31;32;30;51;55;26;42;33
54.0;32;29;29;33;51;54;24;42;36
60.0;31;30;28;35;51;51;26;42;36
66.0;25;30;32;35;51;52;27;43;35
72.0;22;29;27;38;56;53;34;37;34
78.0;24;31;25;38;57;54;31;38;32
84.0;24;32;25;41;57;53;30;37;31
90.0;25;33;24;41;59;53;30;37;28
96.0;24;34;25;38;58;53;30;36;32
102.0;26;38;24;39;59;54;25;36;29
108.0;27;36;24;38;60;53;26;39;27
114.0;25;37;29;38;61;51;26;39;24
120.0;25;36;28;37;67;50;24;39;24
126.0;26;35;28;36;70;50;19;39;27
132.0;24;35;27;35;73;48;19;42;27
138.0;25;37;25;34;72;48;21;42;26
144.0;26;37;25;31;73;49;18;44;27
150.0;26;37;26;31;75;49;17;41;28
156.0;25;37;26;32;75;54;14;40;27
162.0;23;39;28;32;78;54;15;39;22
168.0;25;40;27;32;79;52;15;39;21
174.0;27;41;26;32;79;48;16;41;20
180.0;28;40;24;31;84;47;15;41;20
186.0;27;36;25;32;85;47;15;42;21
192.0;23;34;29;33;86;48;15;42;20
198.0;23;33;28;32;89;47;18;42;18
204.0;22;33;27;32;92;46;20;39;19
210.0;19;34;27;31;95;44;19;41;20
216.0;18;34;26;32;96;45;18;43;18
222.0;16;35;24;37;96;45;17;40;20
228.0;18;38;21;37;96;47;15;40;18
234.0;17;38;17;39;97;52;15;38;17
240.0;17;38;20;40;96;48;18;38;15
246.0;17;36;23;42;93;48;20;34;17
252.0;14;38;20;40;93;47;22;35;21
258.0;14;38;18;42;91;49;20;33;25
264.0;15;40;17;40;92;52;19;32;23
270.0;17;41;18;40;94;49;17;30;24
276.0;17;42;20;40;93;43;19;29;27
282.0;16;42;24;37;94;44;17;30;26
288.0;17;42;22;37;98;43;18;30;23
294.0;16;48;21;36;100;42;16;30;21
300.0;16;50;16;36;104;44;16;29;19
306.0;15;49;19;36;107;44;16;26;18
312.0;15;48;19;37;107;43;17;27;17
318.0;15;46;19;40;108;43;15;29;15
324.0;19;49;18;38;108;45;14;26;13
330.0;19;48;17;36;110;44;15;27;14
336.0;19;46;15;38;112;45;13;29;13
342.0;18;48;14;37;114;40;15;27;17
348.0;17;46;18;34;116;40;15;27;17
354.0;17;44;20;34;117;39;15;27;17
360.0;18;43;18;34;118;39;14;29;17
366.0;22;40;16;33;117;36;18;32;16
372.0;21;40;16;30;115;36;21;34;17
378.0;23;38;23;30;115;34;16;36;15
384.0;22;39;26;29;116;34;16;32;16
390.0;23;38;24;28;117;36;19;31;14
396.0;22;36;24;29;116;38;20;30;15
402.0;23;35;25;30;117;36;16;31;17
408.0;24;38;24;31;113;36;17;32;15
414.0;23;36;25;31;117;36;17;30;15
420.0;24;34;24;30;119;34;17;31;17
426.0;22;33;26;31;119;35;18;30;16
432.0;21;32;27;31;119;37;18;29;16
438.0;20;31;26;33;121;37;15;28;19
444.0;19;27;24;33;122;40;14;32;19
450.0;18;27;22;32;122;40;15;37;17
456.0;19;29;22;26;121;41;16;41;15
462.0;19;32;24;25;122;39;16;39;14
468.0;19;31;22;25;122;39;18;41;13
474.0;21;30;21;27;123;38;15;43;12
480.0;20;29;23;27;124;38;15;42;12
486.0;18;29;22;27;126;37;14;40;17
492.0;18;30;20;26;127;38;16;36;19
498.0;18;29;18;26;126;37;17;36;23
504.0;19;31;19;25;126;36;17;35;22
510.0;19;34;17;26;125;36;17;34;22
516.0;20;33;17;26;126;36;16;34;22
522.0;18;32;16;24;127;38;18;36;21
528.0;18;33;15;23;129;43;17;34;18
534.0;17;36;16;25;127;42;17;31;19
540.0;18;36;17;24;127;42;16;29;21
546.0;18;37;17;21;130;40;17;29;21
552.0;17;37;16;24;129;40;20;27;20
558.0;15;39;14;30;127;38;18;31;18
564.0;15;40;11;30;127;41;16;32;18
570.0;15;41;12;29;127;42;15;32;17
576.0;15;41;15;26;127;42;14;33;17
582.0;12;40;16;26;129;42;15;34;16
588.0;11;43;16;25;129;41;14;35;16
594.0;13;44;14;26;128;40;16;37;12
600.0;11;43;15;28;126;41;16;37;13
606.0;12;43;16;27;126;42;16;34;14
612.0;12;42;17;28;127;42;16;34;12
618.0;11;41;17;29;128;40;16;33;15
624.0;14;40;16;30;132;36;17;30;15
630.0;14;42;16;31;134;33;16;28;16
636.0;13;43;15;29;135;36;16;27;16
642.0;13;36;14;33;136;35;16;29;18
648.0;11;33;14;32;137;34;19;32;18
654.0;11;36;14;31;137;34;20;32;15
660.0;13;33;17;33;135;30;19;34;16
666.0;16;31;21;28;135;31;19;34;15
672.0;15;32;20;30;138;30;16;35;14
678.0;17;31;18;29;139;30;15;38;13
684.0;17;29;16;28;141;29;19;38;13
690.0;16;29;17;30;142;30;15;37;14
696.0;16;28;18;29;143;29;13;39;15
702.0;10;27;21;31;143;31;16;36;15
708.0;9;26;18;31;142;31;17;38;18
714.0;9;30;19;28;143;30;14;40;17
720.0;11;31;19;31;146;29;12;37;14
726.0;12;32;16;30;146;30;13;37;14
732.0;15;30;17;32;146;29;11;37;13
738.0;13;32;19;32;144;27;11;38;14
744.0;13;33;17;33;145;29;10;36;14
750.0;10;31;15;37;147;27;14;35;14
756.0;8;33;14;33;149;27;14;37;15
762.0;8;33;15;34;149;27;12;36;16
768.0;9;33;16;37;146;26;14;34;15
774.0;11;31;12;36;147;26;17;36;14
780.0;11;32;11;36;147;27;15;35;16
786.0;12;32;10;31;147;29;17;35;17
792.0;15;28;15;32;146;31;14;33;16
798.0;13;27;14;33;148;31;16;33;15
804.0;12;29;13;30;149;33;18;31;15
810.0;14;27;14;30;147;33;17;29;19
816.0;16;26;12;32;146;33;17;28;20
822.0;17;27;11;31;146;32;18;28;20
828.0;20;26;11;32;147;31;16;27;20
834.0;21;25;11;32;146;31;18;27;19
840.0;19;26;10;32;148;31;17;29;18
846.0;16;25;13;32;146;34;19;29;16
852.0;18;28;14;30;145;33;17;29;16
858.0;18;32;18;27;146;31;14;29;15
864.0;16;30;19;25;144;31;16;33;16
870.0;15;33;17;25;144;31;17;33;15
876.0;14;32;18;26;145;30;19;30;16
882.0;17;31;19;27;142;28;22;27;17
888.0;17;34;18;27;141;28;18;28;19
894.0;15;37;17;26;141;28;16;33;17
900.0;13;34;19;23;139;32;18;34;18
906.0;13;35;17;23;140;33;20;30;19
912.0;14;35;16;23;139;36;20;28;19
918.0;15;34;17;26;140;32;20;29;17
924.0;17;36;16;23;139;31;20;28;20
930.0;16;37;14;26;139;33;18;27;20
936.0;14;39;14;25;138;34;18;27;21
942.0;11;40;15;26;140;34;15;28;21
948.0;8;41;13;27;142;34;20;29;16
954.0;5;45;12;24;142;36;21;28;17
960.0;6;44;13;24;143;36;19;27;18
966.0;9;43;13;24;143;36;15;28;19
972.0;9;41;17;25;143;36;13;27;19
978.0;9;38;20;26;144;35;12;27;19
984.0;11;38;21;26;144;35;10;30;15
990.0;10;35;20;25;143;35;11;32;19
996.0;11;33;21;26;145;31;12;31;20
1002.0;12;31;22;28;144;31;13;28;21
1008.0;12;31;23;24;146;28;13;27;26
1014.0;13;31;24;25;148;28;10;26;25
1020.0;12;31;26;25;146;32;10;26;22
1026.0;13;29;26;25;145;35;10;27;20
1032.0;14;28;23;24;143;34;10;29;25
1038.0;13;32;20;22;144;35;11;30;23
1044.0;13;33;20;24;145;33;11;30;21
1050.0;13;30;20;25;145;34;11;32;20
1056.0;12;31;21;24;145;35;11;32;19
1062.0;11;32;22;26;146;33;12;29;19
1068.0;12;32;19;24;144;34;12;32;21
1074.0;12;36;18;22;147;31;12;32;20
1080.0;11;36;17;22;148;33;10;34;19
1086.0;10;36;16;23;150;34;10;31;20
1092.0;10;36;18;24;153;33;10;29;17
1098.0;9;35;17;22;152;35;10;32;18
1104.0;10;32;18;21;152;35;10;31;21
1110.0;10;34;15;21;151;37;11;29;22
1116.0;10;35;14;24;153;37;10;29;18
1122.0;10;32;14;25;154;35;12;30;18
1128.0;9;32;15;27;152;35;13;29;18
1134.0;8;32;12;28;154;36;14;31;15
1140.0;7;29;13;32;155;36;14;30;14
1146.0;10;29;14;29;153;37;14;31;13
1152.0;10;29;13;29;154;37;14;32;12
1158.0;10;31;13;28;153;34;16;33;12
1164.0;9;34;13;28;153;34;11;33;15
1170.0;10;32;13;29;156;33;10;31;16
1176.0;12;34;12;27;156;34;11;29;15
1182.0;10;35;10;28;158;35;10;27;17
1188.0;10;34;9;26;156;35;12;28;20
1194.0;10;33;11;26;157;34;13;27;19
1200.0;11;32;11;25;158;32;15;28;18
1206.0;11;34;11;24;159;33;14;27;17
1212.0;13;32;12;22;161;33;16;24;17
1218.0;13;30;15;23;162;36;14;24;13
1224.0;10;31;18;21;162;37;15;25;11
1230.0;11;30;17;21;161;35;17;26;12
1236.0;11;31;15;23;161;33;19;24;13
1242.0;11;32;15;23;159;32;20;25;13
1248.0;11;34;15;25;160;30;17;25;13
1254.0;11;33;16;25;160;28;18;27;12
1260.0;11;36;16;24;159;27;17;28;12
1266.0;13;34;16;21;157;28;20;27;14
1272.0;13;34;18;21;155;28;16;29;16
1278.0;10;36;17;21;155;29;15;28;19
1284.0;9;38;17;21;157;28;14;29;17
1290.0;11;37;15;21;159;26;16;28;17
1296.0;11;38;16;19;157;26;19;28;16
1302.0;13;39;17;18;155;25;19;27;17
1308.0;13;38;18;21;155;25;16;24;20
1314.0;10;36;18;21;155;25;17;24;24
1320.0;11;34;17;25;156;25;19;23;20
1326.0;13;35;18;25;152;30;17;23;17
1332.0;15;32;19;25;154;28;18;22;17
1338.0;15;33;19;25;154;23;18;25;18
1344.0;16;34;19;24;153;24;19;24;17
1350.0;16;36;20;23;157;22;16;23;17
1356.0;19;37;19;23;155;21;16;24;16
1362.0;20;34;18;21;155;21;17;29;15
1368.0;20;34;18;21;156;19;18;28;16
1374.0;20;33;19;20;160;19;14;32;13
1380.0;19;32;22;19;159;16;19;30;14
1386.0;21;31;23;21;158;14;20;30;12
1392.0;21;28;21;24;161;17;18;27;13
1398.0;21;25;20;25;161;18;18;27;15
1404.0;18;28;20;27;159;17;18;27;16
1410.0;18;31;18;27;162;17;18;26;13
1416.0;17;29;14;28;165;19;20;26;12
1422.0;19;27;15;28;165;24;18;25;9
1428.0;19;28;16;27;166;26;16;22;10
1434.0;20;31;15;29;165;26;15;19;10
1440.0;22;29;17;27;164;29;14;18;10
1446.0;22;28;15;30;166;27;13;19;10
1452.0;23;27;13;28;170;28;13;18;10
1458.0;24;26;13;27;172;30;13;15;10
1464.0;24;21;14;27;175;30;12;15;12
1470.0;22;21;13;27;172;30;13;18;14
1476.0;23;22;11;26;173;29;17;17;12
1482.0;24;24;10;28;172;27;15;19;11
1488.0;22;25;12;27;171;30;13;20;10
1494.0;24;25;14;23;170;29;16;19;10
1500.0;23;25;12;24;167;30;17;21;11
1506.0;23;20;14;28;165;30;15;21;14
1512.0;23;18;15;28;167;32;14;20;13
1518.0;20;22;13;28;167;33;14;20;13
1524.0;19;24;14;28;164;30;16;22;13
1530.0;16;24;14;28;167;29;15;23;14
1536.0;14;24;13;26;169;30;15;24;15
1542.0;16;22;15;28;168;29;12;26;14
1548.0;15;21;17;28;168;28;14;25;14
1554.0;14;19;17;31;168;30;14;26;11
1560.0;14;18;17;33;170;29;12;26;11
1566.0;12;20;18;31;169;28;16;24;12
1572.0;10;21;17;33;166;29;16;25;13
1578.0;12;19;14;35;166;28;17;25;14
1584.0;13;18;15;32;165;27;18;26;16
1590.0;13;19;17;30;167;26;14;30;14
1596.0;12;21;16;30;168;23;17;32;11
1602.0;12;22;14;27;169;27;18;31;10
1608.0;14;23;11;27;169;28;17;34;7
1614.0;14;25;13;24;168;30;14;34;8
1620.0;14;27;11;22;169;30;17;33;7
1626.0;14;25;12;19;168;33;16;34;9
1632.0;12;25;13;20;167;33;16;36;8
1638.0;14;25;13;18;168;30;17;35;10
1644.0;13;24;14;22;166;27;17;36;11
1650.0;12;26;14;22;163;30;15;37;11
1656.0;11;25;12;23;163;33;12;38;13
1662.0;11;25;12;26;162;33;8;41;12
1668.0;11;28;12;29;161;31;6;39;13
1674.0;12;27;16;29;160;28;6;37;15
1680.0;12;29;16;28;159;28;7;36;15
1686.0;13;31;11;29;160;27;7;35;17
1692.0;14;31;12;29;160;26;11;31;16
1698.0;13;30;13;29;157;24;16;32;16
1704.0;14;31;14;29;156;24;15;30;17
1710.0;15;30;14;29;154;23;15;32;18
1716.0;14;28;12;31;154;24;15;33;19
1722.0;14;28;11;32;153;24;16;34;18
1728.0;14;33;9;32;154;24;14;32;18
1734.0;14;33;9;34;155;23;14;30;18
1740.0;15;30;10;35;155;22;12;32;19
1746.0;14;33;10;37;156;22;12;29;17
1752.0;14;32;11;36;155;22;13;30;17
1758.0;14;32;15;35;155;23;13;28;15
1764.0;14;33;16;37;152;23;13;27;15
1770.0;15;32;15;36;156;24;11;28;13
1776.0;17;32;15;34;154;25;8;30;15
1782.0;17;30;14;34;155;22;10;34;14
1788.0;15;29;14;32;155;22;11;36;16
1794.0;18;29;15;30;153;21;13;33;18
