#auto generated file!
12.0;55;54;45;47;58;47;54;46;54
18.0;50;56;41;49;63;50;52;48;51
24.0;51;59;41;50;67;48;46;46;52
30.0;46;56;43;52;73;46;46;47;51
36.0;41;58;44;52;76;46;50;46;47
42.0;42;61;42;56;78;47;43;46;45
48.0;40;62;41;56;82;48;41;48;42
54.0;40;64;40;56;84;48;37;50;41
60.0;37;64;32;54;88;50;38;48;49
66.0;37;65;29;56;87;48;40;50;48
72.0;36;64;26;62;88;49;37;50;48
78.0;33;63;26;65;92;48;32;53;48
84.0;32;62;20;66;94;52;31;54;49
90.0;30;63;23;63;95;52;35;56;43
96.0;32;65;23;62;98;48;32;56;44
102.0;32;63;21;61;99;50;29;59;46
108.0;27;58;24;59;105;50;31;64;42
114.0;26;56;26;57;110;51;28;64;42
120.0;26;57;25;56;112;51;28;62;43
126.0;27;55;24;56;116;46;27;66;43
132.0;27;56;23;53;117;45;27;68;44
138.0;26;57;22;55;119;45;26;67;43
144.0;29;57;21;56;119;46;25;64;43
150.0;31;58;19;57;121;46;25;65;38
156.0;30;61;20;56;120;46;24;68;35
162.0;26;59;20;58;123;44;26;68;36
168.0;24;60;21;53;124;44;27;67;40
174.0;24;65;22;55;124;46;24;63;37
180.0;28;66;20;53;125;46;23;62;37
186.0;23;62;20;49;131;44;27;62;42
192.0;23;59;20;46;135;46;30;61;40
198.0;20;56;21;47;136;46;29;63;42
204.0;21;55;23;45;139;45;32;61;39
210.0;23;54;22;41;141;44;36;61;38
216.0;23;51;23;43;144;43;33;60;40
222.0;23;46;23;45;145;42;32;64;40
228.0;24;47;28;44;145;41;32;65;34
234.0;26;45;30;41;148;41;32;63;34
240.0;24;47;29;42;147;41;33;63;34
246.0;22;49;32;47;147;40;36;58;29
252.0;23;49;32;44;151;40;34;57;30
258.0;23;50;30;44;151;41;35;55;31
264.0;25;50;26;48;152;38;32;55;34
270.0;25;49;25;49;151;38;31;59;33
276.0;26;53;29;47;150;34;31;57;33
282.0;27;58;27;46;152;31;30;55;34
288.0;29;58;23;47;156;31;32;55;29
294.0;27;57;24;48;156;32;34;54;28
300.0;26;60;23;46;160;35;32;53;25
306.0;28;59;22;43;164;34;29;55;26
312.0;28;59;20;45;166;33;29;53;27
318.0;28;57;22;43;169;35;29;52;25
324.0;26;59;24;42;166;37;29;52;25
330.0;26;58;24;40;170;39;26;54;23
336.0;25;56;23;45;171;35;29;54;22
342.0;25;57;21;44;171;38;27;52;25
348.0;27;56;20;44;171;38;27;52;25
354.0;30;55;18;43;170;39;26;51;28
360.0;27;57;17;42;173;37;27;51;29
366.0;24;59;20;41;176;38;24;52;26
372.0;20;59;19;39;180;38;25;51;29
378.0;20;61;21;39;178;36;29;50;26
384.0;18;58;25;41;180;33;26;48;31
390.0;20;57;25;41;181;36;22;48;30
396.0;19;60;23;42;180;34;23;49;30
402.0;20;60;23;44;180;35;23;49;26
408.0;21;59;21;44;178;38;24;48;27
414.0;21;61;23;43;178;42;19;47;26
420.0;20;59;22;42;178;43;21;48;27
426.0;18;62;22;44;176;44;19;50;25
432.0;19;65;24;44;173;44;21;48;22
438.0;21;69;23;42;173;45;21;45;21
444.0;21;64;23;40;173;49;19;47;24
450.0;18;62;23;40;175;51;19;49;23
456.0;20;62;25;42;175;53;18;44;21
462.0;20;63;26;40;173;52;17;46;23
468.0;20;61;26;43;177;51;15;46;21
474.0;20;56;27;44;174;58;14;47;20
480.0;18;58;25;42;178;58;16;43;22
486.0;19;53;27;42;175;59;19;46;20
492.0;20;52;26;42;172;62;18;46;22
498.0;21;50;27;41;171;61;23;45;21
504.0;21;50;26;43;174;59;21;43;23
510.0;21;50;27;40;172;62;24;42;22
516.0;21;51;27;44;173;61;26;38;19
522.0;22;50;26;44;175;59;28;37;19
528.0;21;47;26;44;175;58;27;40;22
534.0;18;50;26;43;174;58;29;40;22
540.0;20;50;26;39;173;59;29;39;25
546.0;18;52;25;40;172;60;27;40;26
552.0;19;50;26;39;177;59;27;40;23
558.0;18;51;24;39;178;57;28;40;25
564.0;21;47;23;37;178;57;29;42;26
570.0;20;43;25;39;181;53;32;42;25
576.0;19;44;23;39;182;56;29;43;25
582.0;17;42;25;44;184;52;30;41;25
588.0;14;42;27;43;184;51;30;45;24
594.0;14;41;23;44;185;49;30;48;26
600.0;14;41;23;45;187;49;30;46;25
606.0;15;41;21;49;186;48;30;47;23
612.0;17;42;23;47;182;52;28;47;22
618.0;16;46;21;43;186;53;29;46;20
624.0;16;39;22;46;188;53;27;50;19
630.0;19;39;23;46;188;54;26;48;17
636.0;18;41;23;44;188;57;23;49;17
642.0;17;43;23;42;189;57;24;49;16
648.0;16;40;27;43;188;53;23;51;19
654.0;16;38;29;43;185;55;24;53;17
660.0;12;41;30;43;186;51;24;53;20
666.0;13;40;27;43;189;49;26;52;21
672.0;14;39;25;42;189;52;25;51;23
678.0;15;42;25;40;188;52;25;49;24
684.0;18;43;26;41;187;52;23;48;22
690.0;19;46;20;40;189;53;24;47;22
696.0;19;50;20;41;187;50;24;50;19
702.0;19;50;21;39;187;51;25;48;20
708.0;18;52;20;39;188;49;25;46;23
714.0;17;53;17;37;192;50;26;45;23
720.0;17;53;17;36;191;46;26;46;28
726.0;16;56;16;35;192;44;24;50;27
732.0;16;56;15;36;194;46;21;50;26
738.0;17;56;16;37;194;41;20;51;28
744.0;15;55;18;40;192;40;22;51;27
750.0;14;55;20;40;191;36;21;54;29
756.0;14;57;19;40;192;39;18;54;27
762.0;17;59;21;40;192;38;20;51;22
768.0;18;61;19;40;195;37;18;50;22
774.0;18;62;18;37;201;35;19;50;20
780.0;18;64;16;38;202;36;21;47;18
786.0;17;61;19;40;202;38;19;48;16
792.0;19;61;19;40;201;37;16;48;19
798.0;17;57;19;40;203;37;16;49;22
804.0;18;53;15;45;206;38;19;46;20
810.0;19;54;15;45;205;39;19;43;21
816.0;19;49;13;48;206;42;22;41;20
822.0;22;49;11;47;207;39;25;39;21
828.0;21;48;13;47;211;36;24;40;20
834.0;25;50;15;41;210;34;26;41;18
840.0;23;52;15;43;212;35;22;42;16
846.0;26;51;14;44;212;31;21;44;17
852.0;26;49;15;41;212;38;19;43;17
858.0;24;46;17;37;214;39;21;43;19
864.0;24;46;17;35;216;36;24;43;19
870.0;23;50;19;37;217;36;22;36;20
876.0;22;52;17;40;215;35;23;37;19
882.0;19;53;16;44;213;38;21;37;19
888.0;21;52;18;41;213;37;20;40;18
894.0;23;52;19;39;211;39;23;39;15
900.0;21;52;19;37;210;41;26;39;15
906.0;20;53;18;37;211;42;28;37;14
912.0;19;51;17;38;215;44;30;34;12
918.0;16;45;20;37;217;45;30;34;16
924.0;18;41;22;35;218;41;32;37;16
930.0;21;40;19;36;216;43;31;38;16
936.0;22;35;17;35;219;43;34;40;15
942.0;21;35;17;36;220;44;34;38;15
948.0;21;34;17;34;221;42;36;39;16
954.0;22;33;24;35;221;40;34;37;14
960.0;23;35;23;33;220;41;31;39;15
966.0;25;38;22;33;220;43;27;37;15
972.0;27;33;20;37;219;43;26;41;14
978.0;26;32;19;36;220;43;29;41;14
984.0;26;30;20;38;214;41;30;45;16
990.0;24;30;20;35;210;45;30;48;18
996.0;25;29;20;34;209;47;29;50;17
1002.0;23;28;21;34;209;45;29;54;17
1008.0;22;31;22;34;212;44;28;51;16
1014.0;22;34;20;38;211;45;27;45;18
1020.0;23;37;17;39;210;41;25;47;21
1026.0;20;39;18;37;211;43;25;47;20
1032.0;18;39;19;42;212;43;20;46;21
1038.0;19;41;19;42;213;42;19;44;21
1044.0;18;41;22;43;211;43;18;41;23
1050.0;16;42;21;42;210;44;22;39;24
1056.0;16;39;16;43;213;40;24;44;25
1062.0;18;43;15;40;216;36;25;43;24
1068.0;21;42;15;38;214;36;27;43;24
1074.0;21;40;16;36;214;36;29;44;24
1080.0;24;39;17;34;211;36;29;44;26
1086.0;22;39;15;36;211;39;29;43;26
1092.0;20;39;16;41;209;38;31;41;25
1098.0;21;35;17;44;209;37;30;39;28
1104.0;23;36;18;36;210;36;30;42;29
1110.0;25;35;17;40;209;35;29;40;30
1116.0;23;39;17;39;210;35;32;39;26
1122.0;23;37;17;40;212;35;34;39;23
1128.0;20;36;17;41;212;33;36;41;24
1134.0;15;37;17;40;215;35;34;43;24
1140.0;16;36;18;42;215;34;34;41;24
1146.0;18;37;18;39;216;38;30;39;25
1152.0;19;38;18;38;216;39;29;36;27
1158.0;16;39;21;34;218;40;27;39;26
1164.0;16;44;21;33;218;44;20;38;26
1170.0;16;42;23;34;218;43;19;41;24
1176.0;16;42;26;33;217;44;20;37;25
1182.0;15;38;27;32;215;46;24;38;25
1188.0;13;35;26;34;215;46;27;37;27
1194.0;13;36;27;34;214;45;26;39;26
1200.0;13;36;29;33;213;47;25;39;25
1206.0;15;38;30;31;210;45;26;39;26
1212.0;17;36;27;34;213;45;24;36;28
1218.0;18;36;26;33;214;46;24;35;28
1224.0;22;33;26;36;206;46;25;35;31
1230.0;21;32;28;38;206;48;22;35;30
1236.0;21;32;26;40;206;47;21;35;32
1242.0;21;35;26;41;206;46;21;33;31
1248.0;25;37;24;38;206;44;21;37;28
1254.0;20;38;25;39;205;45;22;38;28
1260.0;21;37;23;40;205;44;22;38;30
1266.0;21;33;22;42;205;46;23;37;31
1272.0;19;34;22;44;206;45;23;37;30
1278.0;17;33;24;42;207;44;25;40;28
1284.0;16;36;24;45;206;43;23;43;24
1290.0;17;38;22;48;205;40;24;43;23
1296.0;18;38;25;48;203;42;23;42;21
1302.0;15;37;29;48;202;40;24;42;23
1308.0;16;39;30;46;202;39;23;42;23
1314.0;16;36;27;45;205;41;24;39;27
1320.0;16;35;25;46;206;38;26;40;28
1326.0;16;35;25;47;204;40;28;39;26
1332.0;15;34;26;46;202;42;27;42;26
1338.0;17;35;25;46;204;45;26;42;20
1344.0;20;35;23;46;203;41;26;43;23
1350.0;21;39;25;45;203;40;27;40;20
1356.0;16;44;21;43;202;42;26;41;25
1362.0;14;44;19;41;205;41;30;41;25
1368.0;15;44;19;40;204;42;31;42;23
1374.0;15;48;20;37;206;39;31;41;23
1380.0;20;45;18;35;207;39;30;40;26
1386.0;19;45;18;35;206;38;30;43;26
1392.0;20;44;20;36;206;39;29;42;24
1398.0;22;41;20;34;207;38;30;43;25
1404.0;24;38;20;35;207;39;29;43;25
1410.0;25;37;19;33;206;43;31;40;26
1416.0;22;37;21;36;209;41;31;43;20
1422.0;21;37;22;34;212;41;28;43;22
1428.0;19;36;21;38;214;46;26;37;23
1434.0;22;38;17;40;213;45;25;38;22
1440.0;20;39;20;39;212;46;26;36;22
1446.0;22;40;20;36;212;44;26;36;24
1452.0;26;37;16;37;212;47;24;34;27
1458.0;24;38;14;40;212;47;23;34;28
1464.0;27;37;16;37;211;49;22;34;27
1470.0;24;35;18;39;211;50;23;34;26
1476.0;22;34;20;38;213;47;23;34;29
1482.0;17;35;19;39;215;49;25;37;24
1488.0;18;34;20;37;214;46;26;39;26
1494.0;18;34;24;39;214;45;22;36;28
1500.0;16;34;19;38;214;48;23;40;28
1506.0;15;31;22;40;218;45;19;40;30
1512.0;15;36;21;39;218;42;22;38;29
1518.0;16;36;21;42;216;42;20;41;26
1524.0;15;38;24;39;215;40;21;43;25
1530.0;14;40;23;39;212;39;22;42;29
1536.0;14;43;21;41;212;39;24;40;26
1542.0;15;42;21;42;212;40;23;40;25
1548.0;16;40;22;43;212;40;25;38;24
1554.0;17;41;21;42;211;41;24;38;25
1560.0;18;43;15;46;210;43;25;37;23
1566.0;19;41;15;44;212;42;26;39;22
1572.0;22;39;15;47;214;39;24;39;21
1578.0;22;40;14;45;218;37;22;46;16
1584.0;20;41;13;45;218;39;25;46;13
1590.0;20;42;12;47;218;38;24;45;14
1596.0;21;42;13;47;217;39;23;46;12
1602.0;23;42;15;44;217;42;16;48;13
1608.0;25;41;17;42;217;41;15;47;15
1614.0;24;42;18;42;218;38;18;48;12
1620.0;22;40;18;44;216;41;20;46;13
1626.0;26;45;18;41;217;37;18;45;13
1632.0;24;47;19;39;216;37;17;47;14
1638.0;22;48;18;38;215;39;17;48;15
1644.0;21;49;19;37;217;39;14;50;14
1650.0;22;45;21;38;218;37;13;51;15
1656.0;23;43;21;40;217;35;13;50;18
1662.0;24;43;24;40;221;33;10;48;17
1668.0;22;45;23;40;220;33;10;48;19
1674.0;23;42;24;39;221;32;9;49;21
1680.0;25;41;26;38;218;29;11;51;21
1686.0;26;37;28;38;219;28;14;52;18
1692.0;28;36;29;37;219;28;14;53;16
1698.0;24;39;28;32;220;27;19;54;17
1704.0;18;40;24;34;220;26;27;55;16
1710.0;18;40;23;35;221;26;25;53;19
1716.0;20;41;22;35;221;27;22;51;21
1722.0;18;40;24;36;220;27;21;53;21
1728.0;17;41;23;34;221;27;22;54;21
1734.0;15;42;22;34;221;27;23;54;22
1740.0;16;42;23;37;220;27;20;51;24
1746.0;14;42;30;39;220;24;18;50;23
1752.0;13;39;35;39;220;25;18;46;25
1758.0;15;37;36;40;219;26;15;45;27
1764.0;16;38;33;42;219;27;16;46;23
1770.0;19;42;34;40;218;25;17;44;21
1776.0;17;41;31;41;222;23;19;44;22
1782.0;19;37;31;36;224;24;21;44;24
1788.0;18;36;26;38;224;27;20;45;26
1794.0;19;35;25;36;226;28;18;47;26
