#auto generated file!
12.0;46;38;52;29;43;36;47;45;44
18.0;40;41;55;30;45;39;47;45;38
24.0;39;40;49;34;47;43;45;47;36
30.0;38;42;48;34;46;42;48;43;39
36.0;36;39;45;37;54;42;42;45;40
42.0;37;38;42;40;59;45;37;46;36
48.0;33;41;41;41;62;42;35;47;38
54.0;35;43;37;40;65;41;36;46;37
60.0;37;45;35;38;66;48;33;44;34
66.0;38;44;33;40;68;48;32;45;32
72.0;37;45;31;42;70;48;32;44;31
78.0;36;43;33;42;75;48;30;44;29
84.0;36;42;29;45;77;47;31;44;29
90.0;38;43;26;47;79;48;29;41;29
96.0;40;44;26;47;82;45;26;41;29
102.0;39;47;27;43;82;42;30;41;29
108.0;39;48;25;40;83;44;29;41;31
114.0;35;49;27;39;85;45;29;43;28
120.0;37;46;26;41;84;47;31;44;24
126.0;32;46;29;39;87;45;31;45;26
132.0;30;45;25;40;88;45;35;46;26
138.0;28;44;23;42;91;44;35;46;27
144.0;26;43;25;40;93;45;33;48;27
150.0;23;43;31;41;94;42;34;48;24
156.0;26;43;30;39;94;42;28;52;26
162.0;23;45;28;40;97;43;27;52;25
168.0;22;49;27;40;97;44;25;53;23
174.0;24;47;25;37;101;46;27;53;20
180.0;30;43;23;37;101;41;28;58;19
186.0;26;44;21;39;102;44;29;58;17
192.0;23;44;19;40;105;44;29;58;18
198.0;21;44;18;40;109;43;26;61;18
204.0;20;44;18;40;111;42;26;60;19
210.0;24;45;14;39;112;39;27;59;21
216.0;24;43;17;40;113;40;25;57;21
222.0;22;43;16;40;113;42;27;56;21
228.0;24;44;18;39;114;38;28;55;20
234.0;24;43;15;39;115;40;28;53;23
240.0;26;44;16;40;119;39;27;47;22
246.0;23;48;16;36;123;44;21;44;25
252.0;22;45;16;40;123;44;23;43;24
258.0;24;43;19;38;123;42;19;41;31
264.0;25;44;20;36;122;43;21;40;29
270.0;26;44;19;38;122;42;22;43;24
276.0;25;44;18;39;123;39;22;45;25
282.0;25;45;18;39;119;40;20;47;27
288.0;24;45;17;42;122;40;17;46;27
294.0;21;43;19;43;126;38;17;46;27
300.0;21;40;20;43;127;37;15;47;30
306.0;24;44;22;39;128;35;14;46;28
312.0;26;45;20;37;131;34;15;44;28
318.0;23;45;22;35;132;33;17;46;27
324.0;23;43;27;36;133;31;16;46;25
330.0;21;43;28;37;131;34;16;46;24
336.0;20;41;26;37;131;36;22;45;22
342.0;20;40;26;35;131;36;26;43;23
348.0;21;40;28;36;128;37;27;40;23
354.0;21;39;27;38;127;39;27;38;24
360.0;25;36;27;34;128;39;27;39;25
366.0;22;36;31;35;128;37;27;39;25
372.0;22;37;29;38;128;38;26;37;25
378.0;24;37;30;39;129;41;27;32;21
384.0;22;41;29;39;130;43;26;30;20
390.0;21;41;30;40;130;44;23;31;20
396.0;22;38;31;44;135;43;19;30;18
402.0;23;40;28;41;138;41;21;30;18
408.0;24;40;29;40;134;41;22;32;18
414.0;26;40;28;37;136;40;21;34;18
420.0;26;41;27;35;134;41;22;34;20
426.0;24;39;27;36;135;43;19;34;23
432.0;23;40;27;41;133;42;19;32;23
438.0;25;40;26;39;136;40;18;32;24
444.0;24;41;26;41;136;39;17;33;23
450.0;19;41;25;39;140;38;14;34;30
456.0;18;42;24;42;142;34;14;35;29
462.0;18;42;24;40;143;36;13;35;29
468.0;18;41;24;43;144;34;14;35;27
474.0;16;43;22;44;144;34;17;37;23
480.0;15;44;21;44;144;36;18;37;21
486.0;16;45;22;43;144;32;20;38;20
492.0;14;45;20;41;144;33;19;37;27
498.0;14;48;17;41;146;34;18;35;27
504.0;15;47;16;38;146;37;16;34;31
510.0;14;46;18;36;150;37;16;35;28
516.0;11;46;17;35;151;39;15;36;30
522.0;12;50;18;35;151;36;14;37;27
528.0;11;48;18;35;152;36;18;38;24
534.0;8;50;16;34;154;39;19;37;23
540.0;7;50;16;33;156;35;20;41;22
546.0;10;51;16;31;158;37;15;42;20
552.0;10;48;15;32;159;37;16;43;20
558.0;10;49;13;33;156;38;17;45;19
564.0;11;49;12;34;156;38;16;47;17
570.0;13;43;11;33;156;37;19;49;19
576.0;12;41;11;36;156;37;21;48;18
582.0;12;40;13;37;155;37;20;50;16
588.0;12;43;13;35;156;35;19;50;17
594.0;15;43;18;39;156;30;17;45;17
600.0;17;43;18;37;157;29;15;47;17
606.0;18;42;20;36;156;30;15;43;20
612.0;16;41;17;36;156;30;17;44;23
618.0;16;39;17;35;159;31;15;45;23
624.0;17;37;13;39;162;29;18;44;21
630.0;16;41;15;41;163;28;16;42;18
636.0;17;40;13;40;163;28;19;40;20
642.0;15;40;15;39;162;28;24;39;18
648.0;13;41;18;38;165;27;23;40;15
654.0;16;41;22;41;165;27;17;39;12
660.0;15;40;20;41;167;26;19;38;14
666.0;16;41;20;38;167;27;19;38;14
672.0;15;40;17;39;170;28;18;38;15
678.0;15;38;16;38;172;28;17;39;17
684.0;15;36;17;41;171;27;18;38;17
690.0;15;34;16;38;170;28;21;39;19
696.0;13;34;20;41;169;28;17;38;20
702.0;13;35;19;42;168;27;17;37;22
708.0;12;36;20;40;167;26;17;38;24
714.0;11;37;20;44;168;28;13;38;21
720.0;12;36;20;42;166;31;16;37;20
726.0;11;35;21;41;165;31;16;38;22
732.0;14;37;20;40;166;29;16;38;20
738.0;16;34;21;39;166;29;16;40;19
744.0;20;36;18;38;164;28;17;39;20
750.0;19;37;19;38;160;29;17;41;20
756.0;23;36;22;35;162;29;14;39;20
762.0;21;36;21;38;159;29;19;41;16
768.0;21;36;20;36;164;32;14;42;15
774.0;21;37;21;35;162;34;16;41;13
780.0;18;38;23;36;162;33;16;41;13
786.0;16;44;25;37;164;28;17;36;13
792.0;17;45;24;36;166;28;13;39;12
798.0;17;46;23;38;162;29;13;37;15
804.0;20;44;25;37;161;28;14;35;16
810.0;20;45;24;36;161;27;16;32;19
816.0;21;44;20;39;162;27;18;31;18
822.0;23;41;21;36;161;27;19;33;19
828.0;21;38;20;38;162;28;19;34;20
834.0;21;36;22;41;156;31;18;34;21
840.0;21;38;25;42;156;27;18;35;18
846.0;19;40;27;39;157;27;19;34;18
852.0;18;40;31;39;158;26;18;33;17
858.0;18;42;31;38;157;27;17;32;18
864.0;19;40;29;37;158;25;20;32;20
870.0;20;42;29;37;154;27;21;30;20
876.0;20;41;27;41;151;29;20;31;20
882.0;20;43;26;37;151;29;19;33;22
888.0;21;40;29;38;151;29;20;32;20
894.0;20;36;30;36;154;29;22;35;18
900.0;21;35;29;35;156;28;23;33;20
906.0;23;32;28;34;158;31;22;29;23
912.0;22;34;30;33;156;33;19;31;22
918.0;20;35;27;34;155;35;21;30;23
924.0;17;35;28;34;157;32;20;32;25
930.0;16;34;29;37;157;31;18;33;25
936.0;19;34;28;38;158;29;18;34;22
942.0;18;32;26;41;158;30;17;36;22
948.0;16;34;24;43;155;32;15;38;23
954.0;16;35;23;44;154;33;16;38;21
960.0;18;35;22;44;153;34;16;38;20
966.0;17;36;22;45;153;35;15;38;19
972.0;18;37;21;44;152;35;18;37;18
978.0;19;38;22;43;147;35;17;41;18
984.0;20;40;24;39;148;35;19;39;16
990.0;22;41;21;42;147;30;23;38;16
996.0;20;42;21;44;145;36;20;35;17
1002.0;21;40;22;41;146;35;21;35;19
1008.0;22;40;21;43;142;34;22;38;18
1014.0;19;38;21;44;143;33;23;39;20
1020.0;20;35;20;43;143;33;23;39;24
1026.0;19;37;17;42;143;34;22;42;24
1032.0;15;39;21;41;143;36;22;39;24
1038.0;16;38;19;43;141;36;22;41;24
1044.0;14;40;19;38;143;36;26;40;24
1050.0;12;41;14;37;143;35;30;42;26
1056.0;14;41;11;36;146;37;29;39;27
1062.0;12;42;10;35;148;38;31;39;25
1068.0;14;38;7;38;146;39;30;41;27
1074.0;16;36;7;38;144;40;31;43;25
1080.0;15;40;7;38;141;39;31;43;26
1086.0;11;43;10;39;147;36;28;43;23
1092.0;13;42;11;39;145;33;27;47;23
1098.0;17;45;14;38;145;31;24;47;19
1104.0;16;44;15;39;145;30;25;49;17
1110.0;13;42;15;41;147;32;25;49;16
1116.0;10;43;18;39;151;37;18;49;15
1122.0;11;44;21;39;151;36;18;44;16
1128.0;11;43;21;41;151;37;18;42;16
1134.0;9;47;19;41;150;36;19;41;18
1140.0;10;46;18;41;149;33;23;44;16
1146.0;10;44;16;40;152;34;23;45;16
1152.0;9;44;16;41;155;30;23;44;18
1158.0;12;40;18;39;158;29;21;46;17
1164.0;12;41;19;38;158;28;21;44;19
1170.0;13;39;21;39;155;29;21;45;18
1176.0;11;38;20;39;157;30;22;45;18
1182.0;15;39;15;39;157;30;22;42;21
1188.0;15;37;13;39;160;31;21;42;22
1194.0;15;37;14;39;160;29;22;40;24
1200.0;18;39;12;42;158;26;22;42;21
1206.0;23;35;13;40;159;26;20;44;20
1212.0;22;33;14;40;162;29;20;42;18
1218.0;23;35;13;40;159;28;22;42;18
1224.0;22;36;16;43;160;27;21;39;16
1230.0;24;36;15;40;158;28;22;40;17
1236.0;23;40;14;41;158;29;19;39;17
1242.0;22;38;15;44;160;29;15;40;17
1248.0;22;36;16;43;162;28;17;40;16
1254.0;22;34;15;44;164;28;17;40;16
1260.0;22;37;17;45;163;26;16;37;17
1266.0;24;34;13;43;165;30;13;38;20
1272.0;24;33;16;42;167;28;12;36;22
1278.0;25;33;18;43;167;24;13;37;20
1284.0;28;34;17;44;166;26;15;34;16
1290.0;28;36;15;45;163;29;18;33;13
1296.0;28;35;19;43;164;32;17;31;11
1302.0;26;33;20;45;164;31;17;30;14
1308.0;27;32;16;46;164;31;19;30;15
1314.0;24;33;19;44;163;30;21;33;13
1320.0;23;32;19;45;162;31;25;30;13
1326.0;26;30;21;45;161;34;20;32;11
1332.0;26;30;18;49;160;32;18;34;13
1338.0;26;30;16;48;161;32;16;38;13
1344.0;28;32;20;47;161;30;14;37;11
1350.0;22;34;21;46;160;33;15;37;12
1356.0;21;35;18;45;160;33;17;40;11
1362.0;17;35;18;45;160;33;19;41;12
1368.0;16;37;15;43;160;32;21;42;14
1374.0;14;38;16;43;163;34;20;40;12
1380.0;14;36;19;43;163;31;21;39;14
1386.0;15;35;16;43;165;31;21;42;12
1392.0;16;37;17;41;165;33;17;42;12
1398.0;14;39;14;41;167;30;19;42;14
1404.0;13;41;14;37;169;30;22;41;13
1410.0;13;38;15;39;174;28;19;39;15
1416.0;13;36;12;44;173;27;20;38;17
1422.0;12;36;15;40;173;29;21;38;16
1428.0;11;33;15;42;172;28;20;42;17
1434.0;11;34;17;39;171;29;20;41;18
1440.0;12;35;16;39;170;30;19;41;18
1446.0;13;34;16;37;172;30;19;42;17
1452.0;13;35;15;37;175;28;18;42;17
1458.0;11;33;15;40;176;27;20;41;17
1464.0;13;32;14;42;177;26;18;41;17
1470.0;13;31;17;46;178;22;16;42;15
1476.0;16;30;16;44;181;25;16;39;13
1482.0;14;29;15;45;179;28;16;39;15
1488.0;12;29;16;47;180;28;17;35;16
1494.0;10;30;17;50;179;26;18;37;13
1500.0;9;30;16;52;182;25;15;38;13
1506.0;9;29;13;50;184;27;16;40;12
1512.0;8;29;14;50;184;26;17;40;12
1518.0;10;30;16;48;187;26;15;37;11
1524.0;11;32;14;47;186;25;17;36;12
1530.0;10;32;14;45;186;26;18;36;13
1536.0;9;33;15;46;187;26;18;32;14
1542.0;10;34;13;44;188;27;17;34;13
1548.0;14;31;13;44;190;26;13;38;11
1554.0;14;29;15;45;190;25;14;37;11
1560.0;13;33;15;44;187;26;15;36;11
1566.0;15;29;17;42;187;25;14;37;14
1572.0;17;29;15;40;187;26;13;37;16
1578.0;19;28;19;40;184;29;13;36;12
1584.0;18;29;20;40;187;28;11;33;14
1590.0;19;28;19;41;189;26;12;32;14
1596.0;19;27;17;39;191;27;15;31;14
1602.0;19;29;17;41;189;27;14;28;16
1608.0;20;32;18;38;190;25;12;29;16
1614.0;18;31;19;39;190;23;13;29;18
1620.0;17;29;19;38;192;25;14;28;18
1626.0;12;29;22;38;193;24;16;29;17
1632.0;13;28;24;38;195;23;13;30;16
1638.0;13;28;23;38;194;25;18;27;14
1644.0;13;27;23;37;194;25;18;29;14
1650.0;16;28;22;38;193;25;16;30;12
1656.0;15;30;21;37;195;24;16;31;11
1662.0;12;29;19;37;195;28;19;29;12
1668.0;11;28;22;36;194;30;17;32;10
1674.0;13;26;22;37;193;32;18;30;9
1680.0;14;27;20;36;194;32;17;31;9
1686.0;14;27;16;36;195;34;19;29;10
1692.0;13;28;15;41;195;31;17;32;8
1698.0;15;26;15;41;195;32;15;31;10
1704.0;17;25;18;37;187;36;15;32;13
1710.0;16;27;15;42;188;36;13;31;12
1716.0;14;28;16;46;186;35;13;31;11
1722.0;13;29;15;47;183;35;15;32;11
1728.0;15;30;14;44;184;32;14;33;14
1734.0;12;31;15;46;184;31;14;31;16
1740.0;12;32;16;44;183;30;17;31;15
1746.0;12;34;16;44;180;29;19;31;15
1752.0;11;36;15;43;180;31;20;30;14
1758.0;14;35;17;43;179;30;19;31;12
1764.0;13;34;18;45;178;33;16;29;14
1770.0;12;37;19;43;177;34;14;29;15
1776.0;12;39;19;44;175;31;14;30;16
1782.0;13;41;18;43;174;31;13;32;15
1788.0;13;42;23;38;173;29;12;32;18
1794.0;13;42;26;37;170;29;13;32;18
