#auto generated file!
12.0;54;65;53;41;60;52;64;53;48
18.0;48;68;53;45;63;52;57;55;49
24.0;49;65;55;42;64;56;54;59;46
30.0;47;65;50;46;63;59;51;61;48
36.0;45;61;47;48;68;63;48;63;47
42.0;45;61;45;50;74;57;52;61;45
48.0;42;63;47;51;77;60;45;60;45
54.0;44;63;46;54;80;60;43;58;42
60.0;45;59;42;58;82;58;44;60;42
66.0;43;67;44;59;84;52;43;56;42
72.0;38;69;46;63;85;54;44;53;38
78.0;35;71;48;64;87;52;43;52;38
84.0;37;77;44;62;89;51;44;51;35
90.0;36;75;44;64;91;49;44;51;36
96.0;36;77;42;62;91;52;44;49;37
102.0;35;72;43;64;93;52;45;51;35
108.0;32;76;43;60;95;55;44;53;32
114.0;31;76;38;61;95;52;42;58;37
120.0;31;76;38;62;96;52;37;61;37
126.0;32;77;39;57;102;54;34;62;33
132.0;31;79;37;56;103;56;31;64;33
138.0;27;77;36;60;104;58;32;62;34
144.0;30;83;33;62;108;57;31;60;26
150.0;31;84;29;62;110;60;29;61;24
156.0;34;79;34;59;110;58;32;59;25
162.0;28;79;35;62;115;57;31;61;22
168.0;22;80;30;58;124;64;30;62;20
174.0;23;75;35;59;125;64;28;61;20
180.0;25;75;35;55;129;66;26;58;21
186.0;24;75;36;53;130;63;28;59;22
192.0;24;71;36;52;132;65;26;59;25
198.0;24;68;30;53;132;68;28;61;26
204.0;23;75;30;52;134;64;28;59;25
210.0;26;71;27;49;134;63;30;60;30
216.0;25;70;27;50;134;67;30;57;30
222.0;24;68;30;53;142;63;29;53;28
228.0;25;71;27;53;143;65;29;50;27
234.0;26;71;28;54;145;61;29;47;29
240.0;27;68;28;53;147;60;31;50;26
246.0;27;65;28;54;150;58;33;46;29
252.0;25;64;27;50;152;60;30;51;31
258.0;26;63;28;51;152;61;31;48;30
264.0;23;63;28;52;155;62;31;46;30
270.0;23;61;30;52;156;60;32;44;32
276.0;24;61;33;53;155;57;34;41;32
282.0;28;56;31;56;157;55;30;43;34
288.0;26;57;30;53;159;53;31;45;36
294.0;28;58;27;53;160;53;32;44;35
300.0;29;60;26;54;165;48;32;42;34
306.0;26;63;24;51;169;51;31;44;31
312.0;26;59;23;58;168;53;32;41;30
318.0;28;57;23;56;174;53;32;39;28
324.0;26;59;24;57;176;55;32;35;26
330.0;27;60;22;55;178;57;31;34;26
336.0;25;63;23;56;176;57;27;34;29
342.0;23;62;25;58;175;56;28;33;30
348.0;21;60;24;56;178;56;30;37;28
354.0;23;58;23;55;176;58;31;36;30
360.0;19;63;29;54;176;58;29;34;28
366.0;21;65;27;54;177;61;26;34;25
372.0;22;67;25;54;177;60;26;35;24
378.0;23;68;26;52;176;60;26;36;23
384.0;22;68;29;54;179;59;24;34;21
390.0;19;64;33;55;178;58;26;36;21
396.0;22;62;31;54;180;58;23;36;24
402.0;24;61;32;54;180;60;20;34;25
408.0;26;58;33;57;178;59;17;35;27
414.0;25;60;32;59;177;57;17;36;27
420.0;26;58;28;59;176;60;19;38;26
426.0;25;58;27;59;180;60;19;37;25
432.0;23;62;28;58;180;58;20;36;25
438.0;23;63;32;59;178;57;21;35;22
444.0;24;64;30;61;176;55;23;33;24
450.0;22;65;32;61;177;51;24;38;20
456.0;22;68;31;61;177;50;24;35;22
462.0;22;64;34;56;176;50;21;40;27
468.0;18;66;33;58;176;50;24;39;26
474.0;18;67;33;57;174;50;23;39;29
480.0;18;67;31;57;175;50;22;40;30
486.0;16;66;32;55;178;51;22;38;32
492.0;16;66;33;52;180;50;24;36;33
498.0;16;67;32;50;181;48;26;37;33
504.0;20;65;31;50;184;47;25;37;31
510.0;22;66;28;49;184;46;28;36;31
516.0;24;61;29;47;181;42;32;39;35
522.0;25;57;28;48;184;44;30;43;31
528.0;24;58;26;46;186;41;28;45;36
534.0;25;58;29;42;188;42;26;46;34
540.0;25;55;34;42;191;42;25;44;32
546.0;24;59;35;41;190;40;27;44;30
552.0;24;60;35;40;191;34;34;41;31
558.0;25;60;31;42;195;35;35;38;29
564.0;29;58;30;40;197;36;35;40;25
570.0;30;57;32;39;197;35;31;45;24
576.0;28;58;28;37;194;39;35;50;21
582.0;29;55;27;37;193;39;35;53;22
588.0;29;56;27;37;195;39;33;54;20
594.0;31;56;24;40;192;39;32;56;20
600.0;33;57;20;44;193;37;32;54;20
606.0;30;54;21;41;194;36;33;61;20
612.0;29;53;20;44;193;35;34;59;23
618.0;28;53;23;41;192;38;35;60;20
624.0;28;52;23;40;193;38;34;61;21
630.0;27;54;25;41;194;36;33;60;20
636.0;26;57;26;41;193;35;33;59;20
642.0;28;60;24;40;193;37;37;56;15
648.0;26;60;24;40;196;37;37;55;15
654.0;28;60;27;44;198;35;35;51;12
660.0;28;63;25;46;194;35;34;53;12
666.0;29;64;24;49;193;33;31;53;14
672.0;27;60;24;49;196;37;32;50;15
678.0;22;60;23;52;196;40;31;53;13
684.0;21;55;27;52;200;40;28;53;14
690.0;22;57;27;49;202;36;26;56;15
696.0;22;60;27;47;203;39;20;58;14
702.0;23;58;27;48;202;42;17;57;16
708.0;24;58;31;46;201;40;19;55;16
714.0;27;55;29;45;203;38;20;55;18
720.0;25;55;29;47;205;37;16;57;19
726.0;26;55;27;46;205;40;12;55;24
732.0;29;55;29;48;202;36;11;54;26
738.0;30;51;29;50;200;38;14;52;26
744.0;27;55;25;50;200;37;16;50;30
750.0;27;58;23;50;201;37;16;47;31
756.0;24;57;23;48;202;40;16;49;31
762.0;26;56;26;47;202;42;13;48;30
768.0;28;54;24;45;201;43;14;49;32
774.0;26;52;25;45;206;40;15;49;32
780.0;26;50;25;43;210;39;12;51;34
786.0;24;51;26;43;208;44;12;49;33
792.0;24;49;26;41;209;45;15;49;32
798.0;23;53;25;41;210;42;16;52;28
804.0;23;52;25;45;206;42;16;52;29
810.0;24;51;24;43;204;47;17;52;28
816.0;28;54;22;44;205;45;19;47;26
822.0;22;57;27;39;203;49;21;48;24
828.0;25;54;29;38;205;46;25;46;22
834.0;26;56;26;40;209;50;23;43;17
840.0;27;55;25;41;213;50;20;41;18
846.0;31;54;23;41;212;48;22;41;18
852.0;28;57;20;42;213;45;23;41;21
858.0;27;54;23;42;216;46;22;42;18
864.0;28;54;24;41;215;47;24;38;19
870.0;27;53;28;38;217;46;23;37;21
876.0;26;53;24;38;216;46;23;42;22
882.0;29;55;23;37;211;47;23;45;20
888.0;29;50;23;38;210;47;26;45;22
894.0;31;50;23;40;208;44;30;45;19
900.0;29;51;21;41;209;46;29;44;20
906.0;34;51;19;42;212;45;21;45;21
912.0;36;55;19;43;210;42;25;40;20
918.0;34;54;21;45;211;41;24;39;21
924.0;34;52;21;42;209;43;29;39;21
930.0;34;53;21;41;208;47;27;41;18
936.0;33;53;22;42;208;45;28;40;19
942.0;28;53;23;41;209;45;28;41;22
948.0;28;53;23;45;208;44;28;40;21
954.0;26;52;25;47;208;43;28;40;21
960.0;26;49;24;50;202;41;32;42;24
966.0;28;49;23;49;205;40;31;42;23
972.0;26;49;26;47;201;46;28;40;27
978.0;27;49;27;46;201;47;26;39;28
984.0;26;49;26;47;202;45;27;37;31
990.0;24;52;22;49;204;47;27;38;27
996.0;24;50;26;48;205;48;27;38;24
1002.0;20;54;25;45;205;51;27;38;25
1008.0;18;55;28;41;207;48;29;38;26
1014.0;22;55;27;42;203;46;34;36;25
1020.0;20;58;29;40;204;45;33;35;26
1026.0;26;56;28;39;208;44;30;33;26
1032.0;28;54;28;40;208;45;28;34;25
1038.0;30;54;26;41;209;46;25;36;23
1044.0;32;55;20;42;211;47;27;34;22
1050.0;32;54;21;41;211;45;29;35;22
1056.0;33;54;20;39;213;47;24;36;24
1062.0;33;54;18;39;215;43;25;39;24
1068.0;33;54;18;39;212;43;26;40;25
1074.0;33;51;19;38;214;40;27;39;29
1080.0;34;55;20;35;214;40;27;35;30
1086.0;32;56;20;39;217;36;25;35;30
1092.0;33;55;19;41;217;37;28;35;25
1098.0;33;49;17;41;216;40;29;37;28
1104.0;28;50;15;41;218;40;31;38;29
1110.0;30;47;16;42;215;44;29;39;28
1116.0;28;48;16;41;216;45;29;40;27
1122.0;29;49;19;39;214;48;27;41;24
1128.0;31;47;23;41;214;47;25;40;22
1134.0;31;43;21;41;215;48;26;43;22
1140.0;27;44;19;41;215;49;26;42;27
1146.0;27;43;17;42;217;48;27;41;28
1152.0;32;44;16;43;218;47;22;40;28
1158.0;31;41;17;46;215;44;25;43;28
1164.0;28;42;20;48;215;44;22;44;27
1170.0;28;45;21;45;214;48;19;42;28
1176.0;29;45;21;49;212;49;17;43;25
1182.0;30;46;22;52;211;45;17;43;24
1188.0;33;43;20;53;212;44;18;43;24
1194.0;32;41;20;51;210;46;22;43;25
1200.0;31;42;19;51;210;46;22;44;25
1206.0;34;41;18;49;213;42;25;41;27
1212.0;32;37;19;49;216;44;26;40;27
1218.0;28;40;17;48;217;47;24;42;27
1224.0;28;41;19;47;217;46;24;43;25
1230.0;29;39;25;45;218;48;23;41;22
1236.0;28;38;22;47;219;48;27;41;20
1242.0;24;42;21;45;217;50;28;40;23
1248.0;26;40;20;41;215;52;25;44;27
1254.0;26;39;25;37;220;52;23;44;24
1260.0;27;39;26;39;220;52;20;44;23
1266.0;27;40;21;42;221;51;20;46;22
1272.0;31;38;20;42;220;49;21;47;22
1278.0;33;37;20;42;219;53;15;50;21
1284.0;31;38;19;45;218;53;15;50;21
1290.0;29;37;17;46;220;53;15;51;22
1296.0;28;37;20;44;223;48;15;56;19
1302.0;28;33;24;43;226;46;18;54;18
1308.0;26;31;23;42;228;49;19;53;19
1314.0;26;33;25;41;227;52;17;50;19
1320.0;23;34;22;43;228;53;17;50;20
1326.0;21;36;20;43;229;50;20;50;21
1332.0;20;36;21;45;228;49;18;49;24
1338.0;20;39;21;42;231;50;20;46;21
1344.0;20;39;23;39;230;53;20;46;20
1350.0;21;40;22;38;228;56;19;42;24
1356.0;23;38;20;40;230;54;17;44;24
1362.0;24;39;18;39;232;54;16;46;22
1368.0;26;39;17;40;233;54;16;44;21
1374.0;27;40;17;42;234;56;17;37;20
1380.0;29;39;17;39;234;57;21;37;17
1386.0;24;34;17;38;234;59;21;39;24
1392.0;22;34;19;36;236;60;20;39;24
1398.0;24;35;17;33;238;59;23;41;20
1404.0;21;37;20;34;235;61;20;44;18
1410.0;24;37;20;33;235;60;18;46;17
1416.0;24;38;21;32;233;60;18;46;18
1422.0;25;39;20;32;228;59;21;47;19
1428.0;25;36;21;33;226;58;21;47;23
1434.0;27;36;21;33;225;61;17;46;24
1440.0;28;33;22;33;223;64;19;45;23
1446.0;29;37;24;33;224;62;17;46;18
1452.0;27;39;24;35;224;62;17;45;17
1458.0;25;40;21;35;229;58;19;48;15
1464.0;27;41;24;32;227;60;22;43;14
1470.0;27;41;23;35;232;53;18;44;17
1476.0;28;43;19;35;235;49;19;44;18
1482.0;27;43;20;36;235;49;20;42;18
1488.0;30;42;19;35;231;49;23;42;19
1494.0;31;45;17;37;229;50;21;41;19
1500.0;29;41;18;37;231;47;24;43;20
1506.0;29;41;19;41;229;49;21;42;19
1512.0;29;43;18;41;224;50;22;42;21
1518.0;24;44;22;41;223;49;25;44;18
1524.0;23;43;22;43;224;50;24;43;18
1530.0;27;40;23;41;224;52;22;42;19
1536.0;30;42;23;39;223;52;22;39;20
1542.0;31;44;24;37;221;48;25;39;21
1548.0;30;44;27;36;222;52;23;35;21
1554.0;29;46;26;38;221;50;24;35;21
1560.0;27;46;26;40;223;52;23;34;19
1566.0;24;45;26;42;222;53;24;35;19
1572.0;23;46;25;41;223;50;23;37;22
1578.0;24;46;26;37;223;51;26;35;22
1584.0;25;46;27;37;225;51;23;35;21
1590.0;20;50;27;37;224;53;20;39;20
1596.0;20;52;27;37;224;52;19;38;21
1602.0;21;52;27;33;224;52;18;38;25
1608.0;19;51;28;33;230;46;18;40;25
1614.0;20;49;28;35;228;47;16;43;24
1620.0;21;46;28;34;230;50;14;40;27
1626.0;20;45;34;36;229;45;16;39;26
1632.0;19;45;38;38;223;45;19;39;24
1638.0;19;45;36;39;225;46;18;37;25
1644.0;19;45;35;43;226;45;17;36;24
1650.0;17;46;30;44;223;45;20;39;26
1656.0;12;45;29;44;224;45;20;44;27
1662.0;15;44;30;43;224;45;19;45;25
1668.0;20;48;27;39;222;44;19;48;23
1674.0;22;49;26;35;222;45;18;49;24
1680.0;21;53;27;35;221;45;16;45;27
1686.0;22;51;26;33;222;44;18;46;28
1692.0;23;51;27;34;225;41;17;46;26
1698.0;22;52;28;33;225;42;16;46;26
1704.0;22;50;28;32;224;42;18;46;28
1710.0;22;47;30;32;221;41;21;49;27
1716.0;23;48;29;32;223;38;20;51;26
1722.0;25;47;28;33;223;37;20;51;26
1728.0;28;47;26;33;222;38;19;52;25
1734.0;31;48;21;30;225;37;20;52;26
1740.0;28;48;21;31;227;38;17;53;27
1746.0;33;47;15;30;224;41;19;54;27
1752.0;31;47;19;35;222;41;17;53;25
1758.0;33;45;20;33;223;40;16;52;28
1764.0;31;41;18;37;226;41;17;50;29
1770.0;28;43;14;40;228;43;18;49;27
1776.0;24;44;14;42;226;41;19;51;29
1782.0;22;47;14;42;226;43;18;50;28
1788.0;21;45;17;46;224;45;19;50;23
1794.0;18;42;17;45;228;45;18;56;21
