#auto generated file!
12.0;36;47;43;36;31;40;45;30;42
18.0;35;45;43;43;35;43;41;31;34
24.0;37;45;44;43;39;42;36;30;34
30.0;37;45;43;43;40;45;31;31;35
36.0;35;46;38;46;42;46;32;29;36
42.0;32;48;37;47;46;46;31;30;33
48.0;29;51;37;47;46;44;28;35;33
54.0;32;50;33;47;48;47;27;37;29
60.0;31;47;32;47;50;50;27;38;28
66.0;31;50;34;47;52;46;26;39;25
72.0;27;51;32;47;52;50;25;39;27
78.0;26;53;31;50;53;46;25;38;28
84.0;28;49;30;46;55;48;25;40;29
90.0;27;50;34;47;56;46;24;38;28
96.0;28;48;32;47;55;47;24;39;30
102.0;28;44;32;53;55;47;23;39;29
108.0;29;40;27;57;57;46;24;40;30
114.0;28;42;25;55;59;44;25;41;31
120.0;30;41;23;56;59;44;25;44;28
126.0;33;39;21;55;61;46;24;45;26
132.0;36;37;21;57;62;44;23;45;25
138.0;35;38;20;56;65;45;23;43;25
144.0;34;39;17;60;66;45;18;46;25
150.0;34;40;19;56;67;45;19;46;24
156.0;31;43;20;53;70;43;18;47;25
162.0;30;41;20;53;75;43;20;45;23
168.0;28;35;25;54;78;42;25;44;19
174.0;32;36;24;55;78;39;25;43;18
180.0;30;36;24;55;77;42;26;45;15
186.0;29;31;25;53;79;42;29;45;17
192.0;28;31;25;56;78;41;32;44;15
198.0;22;35;26;55;82;42;29;43;16
204.0;21;42;24;54;81;41;30;42;15
210.0;19;43;26;51;82;41;30;42;16
216.0;18;40;23;52;84;45;31;37;20
222.0;19;33;25;49;88;43;31;37;25
228.0;19;33;27;50;88;44;33;35;21
234.0;22;34;24;50;90;41;31;35;23
240.0;22;31;23;48;89;44;34;35;24
246.0;22;32;23;49;85;45;32;38;24
252.0;23;36;22;46;82;46;32;40;23
258.0;25;37;23;42;82;45;33;42;21
264.0;29;36;24;44;86;41;32;38;20
270.0;24;37;24;45;86;40;32;39;23
276.0;26;35;23;45;89;40;28;41;23
282.0;24;36;21;44;91;43;28;40;23
288.0;25;39;23;42;94;40;25;39;23
294.0;26;38;23;42;95;40;24;39;23
300.0;20;38;23;41;98;41;24;41;24
306.0;21;36;27;40;100;39;24;40;23
312.0;22;36;28;38;101;39;23;38;25
318.0;19;36;31;38;102;37;24;38;25
324.0;20;36;32;37;102;36;24;37;26
330.0;20;37;30;37;104;37;22;38;25
336.0;17;38;26;44;103;37;24;35;26
342.0;19;40;27;43;100;34;29;33;25
348.0;20;42;27;41;101;35;27;34;23
354.0;20;42;27;42;102;36;26;33;22
360.0;23;40;24;42;100;34;27;36;24
366.0;28;39;24;38;98;36;24;37;26
372.0;29;40;26;35;102;39;24;31;24
378.0;29;39;28;35;102;39;19;34;25
384.0;30;40;25;34;104;41;19;34;23
390.0;27;39;26;35;106;36;19;34;28
396.0;24;41;24;38;106;38;21;32;26
402.0;22;44;23;38;106;40;22;32;23
408.0;24;39;20;38;110;41;21;33;24
414.0;22;41;22;39;111;39;21;34;21
420.0;21;41;21;38;115;40;20;32;22
426.0;20;44;18;39;115;39;19;35;21
432.0;19;40;16;42;117;38;23;37;18
438.0;21;40;15;43;117;36;23;36;19
444.0;18;38;14;43;119;38;20;38;22
450.0;15;39;13;45;122;40;19;38;19
456.0;17;39;14;45;122;41;17;34;21
462.0;17;40;11;44;122;40;18;36;22
468.0;19;37;10;43;122;41;15;38;25
474.0;21;35;9;44;124;37;21;37;22
480.0;22;37;11;42;125;36;20;35;22
486.0;21;35;15;44;124;39;20;31;21
492.0;20;35;14;43;126;41;18;32;21
498.0;20;34;12;41;130;42;20;31;20
504.0;19;32;14;39;137;40;21;34;14
510.0;19;32;15;37;135;43;21;33;15
516.0;18;32;17;37;135;45;19;34;13
522.0;17;34;17;37;138;42;18;34;13
528.0;18;38;19;34;139;39;16;34;13
534.0;17;37;21;38;141;39;14;33;10
540.0;17;34;21;38;142;40;13;32;13
546.0;16;35;18;41;141;39;14;34;12
552.0;17;34;20;39;141;38;12;36;13
558.0;19;34;19;39;143;37;9;38;12
564.0;20;33;18;39;144;35;12;36;13
570.0;18;34;17;40;141;39;12;35;14
576.0;18;35;15;40;142;41;13;33;13
582.0;20;34;16;41;142;38;12;32;15
588.0;17;33;15;41;144;40;16;32;12
594.0;17;36;18;41;143;40;13;31;11
600.0;18;34;17;42;144;41;12;31;11
606.0;21;33;19;41;142;40;12;34;8
612.0;21;33;18;42;142;40;11;33;10
618.0;20;33;17;42;144;38;13;31;12
624.0;19;30;17;39;142;38;16;35;14
630.0;19;30;18;38;142;39;17;33;14
636.0;18;29;17;38;142;39;17;35;15
642.0;17;30;15;37;144;36;19;35;17
648.0;17;26;17;37;148;35;19;35;16
654.0;16;26;16;37;147;38;18;36;16
660.0;14;26;17;37;149;40;18;35;14
666.0;13;29;16;36;148;42;17;34;15
672.0;11;32;15;36;148;44;18;32;14
678.0;11;30;17;36;149;43;17;34;13
684.0;10;32;20;35;148;41;17;34;13
690.0;11;31;19;35;147;42;16;34;15
696.0;10;29;20;34;150;44;16;33;14
702.0;10;28;23;33;150;41;15;37;13
708.0;12;29;23;33;151;39;15;36;12
714.0;11;33;21;33;152;40;11;35;14
720.0;13;35;19;33;153;39;10;34;14
726.0;12;35;21;32;157;36;9;33;15
732.0;11;33;21;32;158;36;10;34;15
738.0;10;32;22;30;163;35;10;35;13
744.0;10;34;21;32;163;32;9;35;14
750.0;10;35;19;28;167;32;9;37;13
756.0;11;36;15;27;165;33;9;40;14
762.0;9;38;14;25;166;34;10;40;14
768.0;9;37;14;25;167;34;10;40;14
774.0;8;34;16;26;167;33;12;40;14
780.0;6;32;17;27;168;36;12;40;12
786.0;7;32;16;28;166;37;12;41;11
792.0;8;30;19;25;167;37;14;40;10
798.0;8;31;16;26;163;40;16;41;9
804.0;7;28;19;25;164;40;16;41;10
810.0;8;29;19;23;164;37;17;42;11
816.0;8;29;18;25;165;37;17;44;7
822.0;8;27;18;26;167;34;19;42;9
828.0;11;25;17;26;167;32;18;46;8
834.0;9;23;19;26;166;34;17;46;10
840.0;9;23;20;25;167;32;16;48;10
846.0;11;23;21;26;165;32;13;47;12
852.0;11;23;24;25;169;32;12;46;8
858.0;10;25;23;26;168;33;13;45;7
864.0;8;24;23;28;169;35;13;44;6
870.0;10;24;22;28;170;34;13;44;5
876.0;10;26;21;30;170;34;12;42;5
882.0;13;26;21;29;167;34;14;39;7
888.0;13;26;21;29;168;34;14;39;6
894.0;13;25;22;28;168;33;14;39;8
900.0;11;26;20;27;167;34;17;38;10
906.0;9;27;20;28;168;35;13;41;9
912.0;8;28;23;28;168;33;12;41;9
918.0;8;26;23;27;167;31;14;41;13
924.0;7;25;18;29;170;30;13;44;14
930.0;7;27;16;27;170;31;13;43;16
936.0;7;25;18;27;169;32;12;45;15
942.0;10;24;15;27;168;32;15;46;13
948.0;11;26;14;26;165;34;14;43;17
954.0;11;23;20;23;163;36;16;40;18
960.0;11;24;20;24;164;35;19;39;14
966.0;10;26;15;26;163;37;19;37;17
972.0;10;25;15;30;162;37;19;34;18
978.0;12;27;12;30;161;38;17;32;21
984.0;13;28;12;30;157;38;17;33;22
990.0;13;27;12;30;153;40;18;36;21
996.0;10;30;11;30;150;41;18;36;24
1002.0;12;30;13;30;152;40;14;36;23
1008.0;12;30;16;29;151;42;14;33;23
1014.0;13;32;16;29;151;41;12;32;24
1020.0;15;33;17;30;153;39;11;30;22
1026.0;17;30;16;30;155;39;11;31;21
1032.0;17;29;20;32;157;34;11;32;18
1038.0;17;31;19;31;159;35;9;31;18
1044.0;16;32;17;32;160;34;11;31;17
1050.0;15;31;18;34;160;33;10;33;16
1056.0;17;30;16;33;160;32;11;35;16
1062.0;19;30;17;29;162;32;12;34;15
1068.0;20;32;15;28;162;32;11;34;16
1074.0;22;32;15;28;164;29;11;34;15
1080.0;22;29;15;27;164;30;13;35;15
1086.0;22;28;14;25;162;32;16;35;16
1092.0;23;31;11;26;161;30;16;33;19
1098.0;22;30;11;28;162;29;16;34;18
1104.0;22;27;14;28;163;29;14;35;18
1110.0;22;27;15;30;164;29;14;32;17
1116.0;21;28;15;28;165;30;13;32;18
1122.0;19;28;14;31;167;28;12;33;18
1128.0;18;31;15;29;166;27;12;35;17
1134.0;17;32;14;30;167;27;11;35;17
1140.0;17;30;16;31;168;28;11;32;17
1146.0;19;29;15;30;169;30;10;33;15
1152.0;20;29;17;31;170;27;9;33;14
1158.0;18;27;17;28;170;29;9;36;16
1164.0;19;26;20;27;162;29;9;38;20
1170.0;17;25;20;28;163;31;9;39;18
1176.0;17;24;20;28;164;29;11;39;18
1182.0;13;24;20;27;163;32;13;42;16
1188.0;11;26;19;27;162;33;12;45;15
1194.0;11;24;21;28;162;34;11;43;16
1200.0;10;27;20;28;164;33;12;40;16
1206.0;12;26;19;31;168;34;10;37;13
1212.0;13;25;22;30;167;36;11;31;15
1218.0;12;24;21;33;165;35;11;31;18
1224.0;13;23;22;34;165;32;11;31;19
1230.0;15;23;25;34;161;28;10;32;22
1236.0;14;23;27;34;166;28;8;34;16
1242.0;17;21;27;30;167;29;7;34;18
1248.0;16;22;24;30;168;31;9;33;17
1254.0;18;23;25;27;168;31;10;30;18
1260.0;20;25;22;28;169;30;10;27;19
1266.0;22;25;22;27;170;30;10;24;20
1272.0;24;26;20;28;167;30;10;23;22
1278.0;22;25;21;30;168;30;12;24;18
1284.0;22;26;19;33;167;31;12;24;16
1290.0;21;27;15;36;167;29;14;23;18
1296.0;18;27;14;33;167;32;14;23;22
1302.0;20;26;15;32;166;30;14;24;23
1308.0;18;28;14;30;164;33;13;26;24
1314.0;18;28;13;31;167;33;10;26;24
1320.0;16;29;14;34;164;33;13;26;21
1326.0;15;31;15;34;165;30;12;27;21
1332.0;15;32;15;33;163;33;11;30;18
1338.0;15;34;15;32;164;33;10;28;19
1344.0;17;32;15;32;169;31;11;25;18
1350.0;14;31;14;31;166;31;14;28;21
1356.0;16;33;14;29;164;31;13;28;22
1362.0;15;30;16;30;166;30;14;27;22
1368.0;17;29;17;31;165;26;12;30;23
1374.0;19;30;18;29;165;25;12;29;23
1380.0;21;33;19;30;162;23;13;29;20
1386.0;16;34;18;32;160;25;15;31;19
1392.0;13;32;19;34;159;27;17;30;19
1398.0;15;29;19;34;158;28;16;30;21
1404.0;16;29;18;34;156;28;18;29;22
1410.0;18;28;17;33;154;28;21;26;25
1416.0;17;28;19;34;154;29;17;27;25
1422.0;19;31;19;35;151;29;16;28;22
1428.0;20;30;21;33;151;30;14;31;20
1434.0;21;30;22;32;153;29;14;31;18
1440.0;21;30;19;33;152;30;14;31;20
1446.0;23;30;16;34;156;30;12;30;19
1452.0;23;28;15;34;157;33;12;31;17
1458.0;27;24;15;32;156;33;14;33;16
1464.0;27;24;16;31;156;34;12;35;15
1470.0;26;24;17;29;156;36;13;34;15
1476.0;23;31;17;27;158;35;12;34;13
1482.0;23;29;17;29;158;33;14;35;12
1488.0;22;30;15;30;158;31;15;37;12
1494.0;22;30;15;29;155;33;15;38;13
1500.0;19;30;13;28;156;35;14;38;17
1506.0;17;31;12;27;158;31;13;40;21
1512.0;17;33;12;26;158;31;12;40;21
1518.0;15;30;16;28;157;32;14;39;19
1524.0;17;31;18;27;157;33;13;37;17
1530.0;16;28;17;27;159;35;14;35;19
1536.0;12;31;16;28;158;36;17;35;17
1542.0;13;30;14;29;161;37;15;33;18
1548.0;12;31;14;29;163;37;14;32;18
1554.0;12;30;15;31;161;39;13;34;15
1560.0;12;32;13;32;162;39;13;31;16
1566.0;12;33;13;32;163;38;14;30;15
1572.0;14;34;13;31;162;37;13;30;16
1578.0;13;32;14;30;162;38;11;30;20
1584.0;14;31;15;33;161;37;11;29;19
1590.0;15;32;16;32;163;35;9;29;19
1596.0;13;32;15;35;164;35;10;26;20
1602.0;14;33;14;36;161;35;12;27;18
1608.0;15;34;15;36;159;33;10;30;18
1614.0;12;35;14;37;160;32;12;30;18
1620.0;10;36;17;34;159;34;11;31;18
1626.0;11;35;15;35;162;33;12;31;16
1632.0;11;36;16;35;158;32;13;31;18
1638.0;9;36;16;36;159;32;13;31;18
1644.0;8;36;17;37;157;33;11;32;19
1650.0;9;37;15;37;156;33;12;32;19
1656.0;11;35;16;37;154;36;10;35;16
1662.0;12;36;14;37;156;35;9;35;16
1668.0;12;37;13;38;154;34;11;36;15
1674.0;12;35;13;37;154;37;11;37;14
1680.0;15;35;12;41;152;33;8;38;16
1686.0;16;33;14;37;154;32;8;38;18
1692.0;18;31;16;37;154;31;8;38;17
1698.0;17;31;17;37;154;28;13;37;16
1704.0;15;32;16;35;156;29;15;36;16
1710.0;14;31;20;33;158;26;15;38;15
1716.0;13;31;18;33;159;30;14;38;14
1722.0;12;29;17;38;158;30;15;37;14
1728.0;15;29;16;33;157;31;16;38;15
1734.0;14;30;18;34;161;32;11;38;12
1740.0;14;31;18;33;162;34;11;37;10
1746.0;13;30;19;35;160;34;12;37;10
1752.0;12;31;19;35;159;36;13;34;11
1758.0;12;32;18;37;159;40;11;32;9
1764.0;12;30;18;36;161;45;9;31;8
1770.0;11;30;19;36;161;45;6;32;10
1776.0;10;33;17;36;158;46;7;32;11
1782.0;10;29;17;38;159;46;9;33;9
1788.0;11;27;17;42;161;42;11;29;10
1794.0;9;27;18;43;160;39;13;29;12
