#auto generated file!
12.0;52;51;46;42;37;44;40;34;44
18.0;46;54;47;43;40;49;36;36;39
24.0;48;56;39;44;41;49;32;40;41
30.0;46;61;39;42;43;48;31;41;39
36.0;44;61;37;44;45;48;31;39;41
42.0;41;62;39;45;46;45;29;39;44
48.0;40;58;36;50;51;46;27;41;41
54.0;40;59;32;48;54;48;26;42;41
60.0;43;57;31;52;56;46;25;41;39
66.0;44;58;28;51;57;51;21;41;39
72.0;37;60;28;50;59;52;24;43;37
78.0;38;58;29;48;63;48;24;43;39
84.0;40;59;29;44;64;43;26;45;40
90.0;42;56;30;46;65;41;27;46;37
96.0;41;51;28;46;68;43;29;46;38
102.0;38;51;30;47;74;44;25;44;37
108.0;37;51;32;45;80;41;27;40;37
114.0;39;51;31;45;82;40;27;38;37
120.0;38;52;29;45;86;40;26;39;35
126.0;38;51;32;47;87;40;26;38;31
132.0;37;52;33;47;90;40;25;38;28
138.0;38;52;31;42;95;40;30;36;26
144.0;38;52;34;40;96;36;31;37;26
150.0;36;50;34;37;97;43;29;38;26
156.0;36;49;31;38;99;42;31;38;26
162.0;35;47;29;42;100;42;29;39;27
168.0;30;47;24;44;103;40;33;44;25
174.0;27;49;22;47;105;41;29;47;23
180.0;27;47;22;44;107;41;35;42;25
186.0;25;47;22;48;109;40;37;39;23
192.0;29;48;19;49;111;38;34;40;22
198.0;30;45;21;50;112;36;34;41;21
204.0;25;46;26;50;111;36;38;37;21
210.0;23;48;29;45;112;36;36;38;23
216.0;25;41;27;46;114;37;37;40;23
222.0;28;39;28;42;116;36;37;41;23
228.0;28;37;32;40;118;39;34;41;21
234.0;25;36;32;40;120;41;35;42;19
240.0;30;36;32;38;123;39;35;40;17
246.0;25;41;33;38;125;39;33;40;16
252.0;20;40;32;41;126;43;33;41;14
258.0;19;40;35;40;126;43;29;43;15
264.0;21;40;35;38;124;45;29;41;17
270.0;22;37;31;40;126;44;27;46;17
276.0;21;37;34;45;130;40;23;44;16
282.0;22;38;32;43;131;40;21;46;17
288.0;23;33;30;43;133;41;22;46;19
294.0;23;34;29;45;134;42;19;43;21
300.0;28;34;28;44;133;42;18;41;22
306.0;26;33;30;47;131;41;17;42;23
312.0;20;36;30;46;134;42;19;41;22
318.0;19;34;28;47;139;40;20;42;21
324.0;22;34;25;46;140;39;22;43;19
330.0;19;34;23;43;143;39;22;46;21
336.0;15;38;22;43;144;38;23;47;20
342.0;19;37;23;39;147;37;19;46;23
348.0;22;40;22;37;146;34;23;46;20
354.0;20;36;20;39;148;37;23;47;20
360.0;19;39;20;41;148;38;21;44;20
366.0;18;38;20;41;145;39;24;45;20
372.0;18;39;17;42;143;41;24;44;22
378.0;20;40;20;42;144;39;22;41;22
384.0;20;39;22;43;145;41;21;40;19
390.0;17;40;23;42;147;42;20;41;18
396.0;18;41;23;40;149;42;19;38;20
402.0;14;40;23;43;151;42;18;39;20
408.0;13;39;25;43;154;44;20;39;13
414.0;12;38;26;44;156;44;19;39;12
420.0;12;35;23;45;158;48;18;39;12
426.0;14;34;22;46;159;45;18;39;13
432.0;15;37;23;44;159;42;18;40;12
438.0;16;37;24;45;159;42;15;42;10
444.0;18;36;23;44;159;41;14;46;9
450.0;17;37;17;46;160;42;12;47;12
456.0;17;39;15;48;159;41;14;45;12
462.0;14;39;16;46;161;38;15;49;12
468.0;15;38;17;48;163;38;14;45;12
474.0;16;36;15;48;163;42;14;42;14
480.0;18;38;16;46;163;41;14;41;13
486.0;19;37;14;48;164;40;13;41;14
492.0;20;36;15;52;160;37;16;42;12
498.0;20;37;15;50;161;40;14;41;12
504.0;19;36;17;49;162;41;13;42;11
510.0;16;35;17;47;160;43;19;41;12
516.0;15;36;16;47;158;42;21;41;14
522.0;15;35;14;48;159;41;19;43;16
528.0;17;34;14;49;157;40;19;43;17
534.0;15;36;14;47;157;41;19;44;17
540.0;15;36;15;46;158;42;17;44;17
546.0;15;32;16;49;157;41;16;47;17
552.0;15;29;19;47;157;40;17;49;17
558.0;16;30;17;46;160;38;20;45;18
564.0;18;30;25;44;160;34;17;46;16
570.0;20;27;25;47;160;32;15;47;17
576.0;20;28;23;48;159;32;14;46;20
582.0;21;29;24;46;157;34;14;45;20
588.0;19;28;23;44;161;34;17;44;20
594.0;20;30;21;43;162;33;18;44;19
600.0;19;33;19;43;160;32;19;46;19
606.0;20;33;19;40;163;32;17;44;22
612.0;22;33;18;44;161;33;17;42;20
618.0;19;31;20;44;162;34;17;42;21
624.0;18;33;23;40;162;35;18;40;21
630.0;20;34;26;39;162;35;16;37;21
636.0;18;36;27;38;162;36;17;38;18
642.0;18;36;25;38;161;36;17;40;19
648.0;17;39;23;38;161;33;19;43;17
654.0;19;38;22;38;160;33;18;44;18
660.0;20;38;20;40;157;34;17;46;18
666.0;19;37;19;43;157;33;18;47;17
672.0;16;36;19;42;156;35;17;48;21
678.0;15;35;22;43;155;37;15;47;21
684.0;14;35;22;44;155;36;13;49;22
690.0;17;31;20;49;152;39;15;48;19
696.0;16;33;19;49;153;39;14;47;20
702.0;16;33;20;48;153;38;16;46;20
708.0;16;31;19;46;156;36;16;47;23
714.0;19;30;18;45;159;37;17;44;21
720.0;19;31;20;42;160;38;19;44;17
726.0;21;32;20;41;165;36;16;46;13
732.0;20;30;21;40;166;35;18;47;13
738.0;22;33;21;41;165;32;16;47;13
744.0;23;34;21;40;163;31;18;46;14
750.0;21;33;18;39;163;34;22;45;15
756.0;23;35;16;41;161;35;21;44;14
762.0;24;35;17;38;161;35;20;45;15
768.0;20;37;20;37;163;33;18;45;17
774.0;22;35;21;39;158;31;19;44;21
780.0;19;37;21;40;159;29;19;45;21
786.0;19;37;20;40;160;30;20;45;19
792.0;18;38;23;40;158;30;17;45;21
798.0;18;38;25;40;162;28;14;45;20
804.0;18;36;25;39;165;26;13;44;24
810.0;21;35;25;36;162;27;14;43;27
816.0;20;36;26;36;162;26;14;45;25
822.0;19;37;27;34;160;30;11;50;22
828.0;17;36;29;34;157;33;13;49;22
834.0;19;34;25;34;158;32;17;50;21
840.0;21;37;23;33;160;30;19;47;20
846.0;22;36;23;32;159;29;18;49;22
852.0;22;37;21;33;160;29;17;50;21
858.0;20;37;22;36;158;30;19;48;20
864.0;20;39;20;36;161;29;19;49;17
870.0;19;38;20;36;159;30;18;53;17
876.0;20;37;20;36;160;30;18;52;17
882.0;19;36;19;35;162;30;20;51;18
888.0;21;34;20;39;158;28;21;52;17
894.0;19;34;21;40;158;29;20;49;20
900.0;17;32;17;41;160;30;20;52;21
906.0;19;33;15;40;162;27;20;53;21
912.0;20;34;13;37;162;28;22;54;20
918.0;20;37;11;37;164;25;21;52;23
924.0;18;38;11;37;165;23;20;56;22
930.0;17;36;9;41;165;24;20;55;23
936.0;19;37;8;39;164;25;21;57;20
942.0;20;37;8;43;163;22;22;57;18
948.0;20;37;8;47;163;26;18;54;17
954.0;18;37;9;46;164;27;19;54;16
960.0;20;35;12;46;162;24;17;57;17
966.0;19;36;17;45;160;23;17;54;19
972.0;17;36;15;44;161;23;19;55;20
978.0;22;36;19;43;161;24;15;51;19
984.0;21;33;22;42;164;23;16;50;19
990.0;24;33;20;43;163;24;15;50;18
996.0;25;34;17;42;166;24;13;47;22
1002.0;21;38;13;43;163;26;20;44;22
1008.0;19;38;17;42;163;26;20;43;22
1014.0;20;41;14;43;165;27;18;41;21
1020.0;19;43;13;44;168;27;19;38;19
1026.0;13;44;17;44;168;28;19;36;21
1032.0;15;44;19;43;171;26;17;32;23
1038.0;15;46;18;44;171;30;15;29;22
1044.0;15;45;18;44;170;33;16;29;20
1050.0;16;44;20;44;170;31;14;31;20
1056.0;16;46;16;43;170;35;15;32;17
1062.0;15;49;17;44;173;29;16;31;16
1068.0;15;52;15;41;175;29;18;29;16
1074.0;12;52;16;39;175;28;20;30;18
1080.0;13;50;17;35;175;31;21;30;18
1086.0;13;49;20;36;177;29;20;29;17
1092.0;13;49;21;35;178;29;18;30;17
1098.0;16;48;20;34;180;29;13;30;20
1104.0;16;50;19;34;180;29;12;29;21
1110.0;16;49;20;35;181;30;12;26;21
1116.0;16;46;22;34;181;29;12;27;23
1122.0;16;44;20;33;180;30;15;30;22
1128.0;16;44;20;33;179;30;15;31;22
1134.0;16;47;18;35;177;35;13;29;20
1140.0;18;45;17;34;177;36;15;29;19
1146.0;19;43;15;36;175;37;16;30;19
1152.0;15;42;15;37;178;40;15;29;19
1158.0;17;43;15;36;176;40;14;30;19
1164.0;16;43;15;38;177;35;14;30;22
1170.0;14;44;14;38;175;35;18;29;23
1176.0;14;42;16;39;176;34;17;31;21
1182.0;16;42;13;37;178;35;18;30;21
1188.0;14;43;13;33;179;38;15;31;24
1194.0;16;41;12;35;179;40;14;31;22
1200.0;20;38;12;40;178;36;14;33;19
1206.0;18;36;11;40;179;34;14;36;22
1212.0;19;37;11;41;178;33;12;37;22
1218.0;20;38;15;42;179;31;11;37;17
1224.0;22;37;14;44;176;32;12;37;16
1230.0;24;35;13;46;175;30;13;39;15
1236.0;23;36;11;51;176;25;14;40;14
1242.0;24;36;11;48;175;25;18;39;14
1248.0;24;36;12;46;174;28;19;34;17
1254.0;21;35;13;50;174;27;19;35;16
1260.0;17;37;14;47;175;30;19;34;17
1266.0;18;39;10;49;174;29;19;33;19
1272.0;17;42;10;46;173;31;19;34;18
1278.0;19;41;8;47;174;31;19;35;16
1284.0;19;42;8;47;169;33;19;36;17
1290.0;20;40;9;45;172;32;18;38;16
1296.0;18;38;10;45;168;34;22;39;16
1302.0;17;40;10;44;166;36;22;38;17
1308.0;17;41;10;46;165;35;18;39;19
1314.0;16;41;11;45;166;35;19;39;18
1320.0;14;41;13;42;170;34;19;40;17
1326.0;14;40;14;44;172;37;17;37;15
1332.0;13;38;15;47;175;35;14;37;16
1338.0;12;38;15;47;176;34;15;36;17
1344.0;12;38;13;47;175;33;17;39;16
1350.0;14;33;11;49;174;33;18;39;19
1356.0;17;33;10;48;174;32;18;40;18
1362.0;17;32;11;46;174;32;17;40;21
1368.0;16;31;12;47;173;32;17;41;21
1374.0;13;30;15;45;175;30;19;43;20
1380.0;12;31;14;49;174;31;19;40;20
1386.0;13;31;15;51;181;27;16;37;19
1392.0;13;35;18;49;180;27;16;35;17
1398.0;13;38;18;45;178;28;18;34;18
1404.0;11;40;18;47;177;25;18;34;20
1410.0;13;41;16;46;175;27;19;33;20
1416.0;14;43;16;47;175;27;18;34;16
1422.0;13;41;16;47;174;31;18;34;16
1428.0;12;42;15;45;177;30;18;35;16
1434.0;12;43;14;45;177;30;18;34;17
1440.0;13;43;15;44;180;27;17;31;20
1446.0;16;44;16;39;178;27;20;30;20
1452.0;17;45;15;38;179;26;21;30;19
1458.0;17;45;14;38;182;26;19;29;20
1464.0;20;44;15;39;177;25;20;30;20
1470.0;20;42;15;38;180;26;19;32;18
1476.0;23;42;14;38;181;27;19;31;15
1482.0;23;43;14;39;182;26;16;32;15
1488.0;21;43;14;38;183;26;17;33;15
1494.0;20;41;14;38;182;26;17;36;16
1500.0;22;38;13;36;182;27;15;38;19
1506.0;19;40;18;34;179;31;14;37;18
1512.0;21;37;16;37;177;33;14;37;18
1518.0;17;36;18;36;177;32;14;42;18
1524.0;16;39;19;35;175;32;14;46;14
1530.0;17;39;18;30;177;36;14;45;14
1536.0;16;41;22;29;178;35;12;44;13
1542.0;17;42;19;31;179;33;14;41;14
1548.0;18;40;21;34;178;33;14;38;14
1554.0;18;41;20;32;181;30;14;37;17
1560.0;21;41;16;30;181;29;15;39;18
1566.0;23;38;21;33;179;28;15;38;15
1572.0;23;38;18;34;176;29;17;37;18
1578.0;25;38;19;33;177;29;19;36;14
1584.0;24;36;20;33;181;32;18;36;10
1590.0;27;34;19;31;180;33;20;35;11
1596.0;23;33;19;30;182;34;17;35;17
1602.0;23;31;18;31;183;34;17;34;19
1608.0;23;32;21;33;183;31;15;34;18
1614.0;22;33;17;34;184;32;14;35;19
1620.0;20;33;17;31;185;33;14;33;24
1626.0;20;33;18;31;185;33;14;33;23
1632.0;22;33;21;28;183;31;11;37;24
1638.0;21;36;18;29;180;36;10;35;25
1644.0;19;35;20;30;181;37;11;32;25
1650.0;18;36;18;27;180;39;12;33;27
1656.0;21;34;20;24;182;40;10;32;27
1662.0;25;35;17;22;181;39;11;33;27
1668.0;27;34;17;23;180;40;9;33;27
1674.0;24;37;14;21;176;43;13;35;27
1680.0;24;39;15;22;173;43;18;33;23
1686.0;24;38;12;20;173;40;24;33;26
1692.0;23;39;13;20;174;39;25;31;26
1698.0;25;40;16;20;174;36;22;32;25
1704.0;24;43;14;22;173;35;22;32;25
1710.0;27;44;10;24;176;34;20;32;23
1716.0;27;45;10;22;178;34;20;31;23
1722.0;24;43;11;24;179;36;20;30;23
1728.0;20;43;12;26;180;36;20;31;22
1734.0;19;47;10;29;180;33;19;32;21
1740.0;22;42;9;29;178;37;19;30;24
1746.0;24;41;10;29;178;40;18;29;21
1752.0;23;41;10;29;178;41;18;29;21
1758.0;20;42;8;29;176;44;16;32;23
1764.0;20;43;8;31;174;42;16;33;23
1770.0;18;38;14;33;178;38;15;33;23
1776.0;18;41;12;33;178;38;15;31;24
1782.0;21;40;9;35;181;37;13;31;23
1788.0;24;39;11;35;180;37;14;28;22
1794.0;23;41;12;36;181;37;12;30;18
