#auto generated file!
12.0;19;17;17;10;22;18;14;19;14
18.0;15;18;16;11;24;16;15;22;13
24.0;13;19;17;12;22;17;16;22;12
30.0;10;18;15;14;23;18;16;23;13
36.0;8;19;16;15;25;18;15;22;12
42.0;8;19;15;17;25;16;16;22;12
48.0;12;20;15;18;27;15;12;22;9
54.0;15;21;14;18;27;15;11;21;8
60.0;12;22;13;19;28;14;12;22;8
66.0;13;23;13;18;29;16;8;22;8
72.0;12;20;13;16;32;17;6;24;10
78.0;10;21;13;16;34;16;6;24;10
84.0;9;21;10;16;33;18;7;24;12
90.0;9;22;9;17;35;18;7;22;11
96.0;10;21;7;19;35;18;10;21;9
102.0;9;21;7;19;36;18;10;19;11
108.0;10;20;5;17;37;18;12;20;11
114.0;11;20;5;17;37;19;10;21;10
120.0;11;20;5;17;37;20;11;20;9
126.0;12;21;5;16;37;23;9;19;8
132.0;12;20;5;17;39;22;10;18;7
138.0;12;20;4;16;41;21;10;18;8
144.0;11;19;4;16;43;21;10;18;8
150.0;10;21;4;16;45;21;11;16;6
156.0;7;20;3;16;45;21;14;17;7
162.0;7;19;3;17;43;22;14;17;8
168.0;4;19;3;18;44;20;15;19;8
174.0;4;18;4;19;45;19;14;19;8
180.0;4;19;5;20;47;17;12;18;8
186.0;4;18;6;22;48;17;10;20;5
192.0;7;17;5;23;48;16;9;20;5
198.0;6;18;3;23;49;17;8;20;6
204.0;7;18;3;23;49;15;8;21;6
210.0;8;19;3;23;48;15;8;20;6
216.0;9;18;5;25;48;14;6;19;6
222.0;9;18;5;25;47;13;6;19;8
228.0;9;19;6;21;47;13;6;19;10
234.0;9;20;6;19;48;12;7;21;8
240.0;11;19;6;18;48;12;7;21;8
246.0;12;17;7;18;47;12;8;22;7
252.0;10;16;7;17;48;13;9;22;8
258.0;12;16;7;18;49;13;8;20;7
264.0;12;16;7;16;49;15;8;19;8
270.0;14;16;6;14;49;16;6;18;11
276.0;14;18;7;15;49;16;6;16;9
282.0;12;18;6;16;49;16;8;16;9
288.0;9;17;6;19;47;17;9;18;8
294.0;8;15;7;19;48;15;12;18;8
300.0;9;16;5;20;48;15;11;18;8
306.0;9;16;7;18;48;14;13;17;8
312.0;10;16;6;18;48;15;12;17;8
318.0;9;15;8;17;49;13;13;16;10
324.0;7;14;9;17;49;13;13;17;11
330.0;5;16;8;16;50;13;16;16;10
336.0;5;17;9;16;51;12;15;14;11
342.0;5;18;9;14;51;11;15;14;13
348.0;4;17;11;15;50;11;15;16;11
354.0;5;17;11;13;50;12;13;15;14
360.0;3;18;12;13;50;12;12;16;14
366.0;5;18;10;12;50;13;10;18;14
372.0;8;18;10;14;50;13;7;17;13
378.0;9;18;9;15;50;13;7;17;12
384.0;10;17;9;15;48;14;8;18;11
390.0;9;18;9;15;50;13;9;16;11
396.0;8;18;8;14;51;14;8;16;13
402.0;7;18;7;15;51;15;9;16;12
408.0;7;15;7;17;49;17;9;19;10
414.0;7;14;8;18;49;17;8;19;10
420.0;5;15;8;18;50;17;9;18;10
426.0;4;16;7;17;52;16;9;19;10
432.0;4;16;7;17;52;18;9;19;8
438.0;4;17;7;17;53;16;9;19;8
444.0;5;17;8;16;53;15;9;19;8
450.0;4;18;7;16;53;15;10;19;8
456.0;5;17;7;16;53;15;10;19;8
462.0;5;16;6;17;52;14;7;24;9
468.0;4;18;6;19;53;13;7;22;8
474.0;3;19;4;20;53;12;8;23;8
480.0;3;20;4;19;53;12;6;25;8
486.0;3;22;3;17;55;12;7;23;8
492.0;4;22;2;20;57;11;5;21;8
498.0;4;21;2;20;57;11;5;23;7
504.0;4;21;3;21;56;10;5;21;9
510.0;4;21;4;20;55;11;5;21;9
516.0;3;20;5;21;54;10;6;21;10
522.0;3;19;6;22;53;10;6;21;10
528.0;3;18;6;23;54;10;5;20;11
534.0;3;18;7;22;55;12;6;19;8
540.0;3;17;9;19;55;12;7;19;9
546.0;3;15;10;21;55;10;8;19;9
552.0;4;13;11;22;58;9;9;16;8
558.0;6;11;8;23;60;9;10;16;7
564.0;6;11;8;24;59;10;11;15;6
570.0;5;11;7;24;60;10;12;14;7
576.0;5;9;6;23;62;9;12;16;8
582.0;5;9;6;24;63;8;10;16;9
588.0;6;9;6;25;61;7;11;16;9
594.0;6;9;6;26;61;9;11;14;8
600.0;9;9;8;23;63;9;9;12;8
606.0;12;8;7;24;64;8;8;11;8
612.0;11;8;5;23;65;10;10;10;8
618.0;9;9;7;24;65;9;9;10;8
624.0;11;9;9;23;66;7;8;9;8
630.0;12;9;10;19;66;5;9;11;9
636.0;13;9;9;18;65;6;10;12;8
642.0;12;9;8;19;64;7;7;14;10
648.0;11;8;8;20;66;7;7;14;9
654.0;9;6;9;19;68;9;10;14;6
660.0;9;6;7;18;67;11;11;13;8
666.0;7;7;8;19;67;13;9;13;7
672.0;9;9;7;17;68;13;9;14;4
678.0;9;10;7;16;68;16;6;14;4
684.0;10;10;7;16;69;14;6;14;4
690.0;10;11;7;17;69;13;6;13;4
696.0;9;11;8;17;69;15;5;12;4
702.0;10;11;8;16;70;14;5;12;4
708.0;11;9;7;17;70;13;5;12;6
714.0;12;9;8;14;71;14;5;12;5
720.0;11;9;9;15;70;13;6;12;5
726.0;10;9;11;15;68;13;4;14;6
732.0;11;8;10;17;67;15;5;12;5
738.0;10;9;11;16;66;16;5;11;6
744.0;9;9;9;17;67;17;6;11;5
750.0;10;9;9;16;67;16;6;11;6
756.0;11;10;10;16;65;16;6;10;6
762.0;10;8;8;17;65;16;6;12;8
768.0;10;8;8;18;63;16;8;12;7
774.0;10;8;8;18;64;17;7;12;6
780.0;10;10;8;18;64;16;6;13;5
786.0;8;12;6;19;66;17;6;9;7
792.0;8;12;6;19;65;17;5;11;7
798.0;6;13;6;19;65;18;5;11;7
804.0;7;13;6;18;65;19;4;11;7
810.0;6;14;5;19;65;19;4;11;7
816.0;6;15;7;18;65;19;3;12;5
822.0;6;15;7;19;64;19;4;11;5
828.0;6;14;7;18;64;18;5;13;5
834.0;6;14;7;17;63;18;6;13;6
840.0;5;13;7;17;64;18;6;14;6
846.0;4;12;9;16;63;20;6;14;6
852.0;5;11;9;17;62;19;7;14;6
858.0;4;11;8;17;63;20;8;12;7
864.0;3;10;9;18;62;18;9;12;9
870.0;3;10;9;18;60;19;8;15;8
876.0;1;11;10;18;60;21;7;13;9
882.0;1;12;9;19;62;24;5;12;6
888.0;2;12;10;19;63;24;5;9;6
894.0;3;14;11;13;62;24;7;10;6
900.0;4;15;11;13;64;22;7;11;3
906.0;5;15;10;14;63;22;6;12;3
912.0;6;13;8;14;65;22;6;10;6
918.0;5;12;8;13;66;21;8;11;6
924.0;5;12;9;13;66;20;8;11;6
930.0;5;13;8;12;66;21;8;12;5
936.0;6;13;7;12;67;21;7;12;5
942.0;7;11;6;12;69;20;6;12;7
948.0;8;11;6;12;69;18;5;15;6
954.0;12;12;5;11;68;17;7;13;5
960.0;12;12;5;11;69;15;7;14;5
966.0;10;13;4;10;70;16;6;15;6
972.0;10;13;3;10;74;15;7;11;7
978.0;11;14;4;9;74;16;5;11;6
984.0;11;14;5;9;71;18;6;9;7
990.0;11;13;4;8;71;18;7;10;8
996.0;12;11;8;8;69;18;7;10;7
1002.0;12;11;11;8;70;15;6;10;7
1008.0;12;11;12;7;70;15;5;10;8
1014.0;11;13;12;7;68;13;6;13;7
1020.0;10;13;10;8;67;13;7;15;7
1026.0;10;11;11;7;69;14;7;14;7
1032.0;8;14;10;7;68;15;7;15;6
1038.0;6;14;10;8;69;14;7;15;7
1044.0;6;15;10;8;69;15;7;15;5
1050.0;6;14;7;7;71;16;7;15;7
1056.0;6;14;6;9;71;16;6;15;7
1062.0;9;14;8;9;70;15;5;13;7
1068.0;9;14;8;9;70;16;4;13;7
1074.0;9;14;9;9;71;15;4;13;6
1080.0;9;15;7;10;70;15;5;13;6
1086.0;9;14;7;11;70;16;4;13;6
1092.0;7;14;7;12;68;17;4;15;6
1098.0;7;12;6;14;70;18;4;14;5
1104.0;6;10;7;15;70;19;5;14;4
1110.0;6;9;9;17;69;18;5;13;4
1116.0;6;11;8;17;68;18;4;13;5
1122.0;7;10;8;17;69;18;4;12;5
1128.0;8;10;8;16;68;17;5;12;6
1134.0;9;10;6;15;68;16;5;15;6
1140.0;9;12;6;14;69;14;7;15;4
1146.0;9;13;7;14;67;12;8;16;4
1152.0;9;16;6;14;66;11;9;15;4
1158.0;9;18;6;13;65;11;8;15;5
1164.0;8;20;6;13;64;10;8;16;5
1170.0;9;17;6;13;65;9;8;17;6
1176.0;8;17;6;12;66;9;8;19;5
1182.0;8;17;6;12;66;9;8;19;5
1188.0;9;19;7;11;67;9;6;18;4
1194.0;10;19;8;12;64;9;9;16;3
1200.0;10;18;7;14;63;9;10;15;4
1206.0;10;18;9;15;63;8;9;14;4
1212.0;11;16;9;14;66;7;9;14;4
1218.0;12;15;9;13;68;7;9;13;4
1224.0;13;16;10;11;69;9;9;12;1
1230.0;13;14;9;13;70;8;9;13;1
1236.0;12;15;10;13;69;8;9;12;2
1242.0;11;15;10;15;67;7;7;16;2
1248.0;8;15;10;17;67;9;6;17;1
1254.0;7;14;8;16;68;11;7;17;2
1260.0;7;14;8;15;68;12;6;17;3
1266.0;8;14;7;14;66;13;6;19;3
1272.0;7;14;8;14;65;13;6;21;2
1278.0;6;13;10;14;65;14;3;21;4
1284.0;5;14;9;16;64;14;3;21;4
1290.0;4;14;9;15;66;13;3;22;4
1296.0;4;15;10;16;66;12;2;21;4
1302.0;5;12;11;15;67;11;3;21;5
1308.0;6;14;10;16;67;10;5;18;4
1314.0;8;14;7;16;66;13;4;18;4
1320.0;8;14;8;15;65;14;4;18;4
1326.0;8;14;8;13;65;16;6;15;5
1332.0;7;14;9;13;64;16;7;15;5
1338.0;7;14;9;13;66;16;5;15;5
1344.0;6;14;9;12;66;16;7;14;6
1350.0;6;14;8;13;66;15;8;12;8
1356.0;6;14;8;12;66;14;8;13;9
1362.0;6;12;8;10;67;15;8;14;10
1368.0;5;11;10;10;66;15;9;16;8
1374.0;4;13;7;10;66;17;9;15;9
1380.0;5;12;7;10;66;17;9;16;8
1386.0;4;14;8;11;66;16;11;12;8
1392.0;5;14;9;11;67;16;8;12;8
1398.0;6;14;10;12;64;17;8;12;7
1404.0;8;14;7;12;63;17;9;13;7
1410.0;10;15;8;12;63;15;9;11;7
1416.0;9;16;7;15;63;14;7;12;7
1422.0;8;14;7;15;63;13;9;13;8
1428.0;8;13;6;16;64;12;9;15;7
1434.0;10;13;5;14;65;12;7;15;9
1440.0;9;12;4;16;63;13;8;16;9
1446.0;9;12;4;16;62;13;10;16;8
1452.0;9;11;6;17;63;13;9;15;7
1458.0;8;13;7;17;64;13;8;14;6
1464.0;8;12;7;16;65;14;8;15;5
1470.0;8;12;7;17;65;13;8;14;6
1476.0;7;11;8;16;66;14;9;12;7
1482.0;7;12;9;15;63;16;8;14;6
1488.0;7;12;9;15;64;14;9;14;6
1494.0;9;12;8;15;62;13;10;13;8
1500.0;10;12;7;16;63;13;10;12;7
1506.0;11;12;6;16;64;13;9;12;7
1512.0;11;12;7;17;65;11;7;13;7
1518.0;12;11;6;17;65;11;7;14;7
1524.0;13;10;7;17;67;9;7;12;8
1530.0;14;10;7;17;66;9;8;11;8
1536.0;14;10;5;19;65;9;9;10;9
1542.0;14;10;6;19;65;8;8;10;10
1548.0;15;10;8;19;65;7;8;10;8
1554.0;11;11;6;20;65;7;8;13;9
1560.0;9;12;6;18;66;8;8;13;10
1566.0;9;11;6;17;66;8;9;13;11
1572.0;8;12;6;17;64;11;9;12;11
1578.0;10;12;6;18;64;11;8;11;10
1584.0;9;15;5;20;64;10;6;12;9
1590.0;11;14;5;18;63;10;6;13;10
1596.0;10;13;5;18;62;11;6;14;11
1602.0;11;13;4;18;62;13;7;12;10
1608.0;9;13;4;20;64;14;5;11;10
1614.0;9;15;6;19;64;14;4;11;8
1620.0;8;15;6;20;64;15;5;11;6
1626.0;8;16;6;20;64;14;5;11;6
1632.0;9;15;7;18;66;13;6;9;7
1638.0;8;16;6;18;68;12;6;9;7
1644.0;9;14;8;16;67;14;5;10;7
1650.0;8;14;10;17;66;12;6;10;7
1656.0;8;13;11;16;68;11;5;11;7
1662.0;11;13;11;18;67;8;4;12;6
1668.0;8;13;14;18;65;8;3;14;7
1674.0;11;13;13;17;65;7;4;14;6
1680.0;14;13;9;15;64;8;5;14;8
1686.0;13;13;10;13;64;9;5;14;9
1692.0;11;13;9;11;65;9;5;16;11
1698.0;8;12;9;12;67;10;5;18;9
1704.0;6;12;9;13;71;8;7;15;9
1710.0;7;13;9;13;70;8;8;13;9
1716.0;7;13;9;10;69;10;8;14;10
1722.0;7;14;9;11;71;10;6;12;10
1728.0;7;15;8;12;70;10;6;13;9
1734.0;8;14;9;10;70;11;6;13;9
1740.0;8;16;10;11;69;12;6;12;6
1746.0;6;17;10;11;70;12;6;13;5
1752.0;5;16;13;11;71;10;5;15;4
1758.0;5;14;11;10;72;10;7;14;7
1764.0;6;13;12;10;73;10;6;13;7
1770.0;5;14;11;12;73;9;5;14;7
1776.0;5;16;12;12;72;9;4;14;6
1782.0;4;18;12;12;72;10;4;13;5
1788.0;6;20;9;11;71;10;4;13;6
1794.0;5;20;9;11;71;10;4;12;8
