#auto generated file!
12.0;26;24;27;21;22;25;22;29;44
18.0;27;23;23;20;24;28;21;31;43
24.0;27;25;25;20;26;29;20;31;37
30.0;27;24;25;18;27;30;24;31;34
36.0;25;23;24;20;28;29;24;33;34
42.0;23;24;22;21;28;29;24;34;35
48.0;22;26;20;19;33;27;22;34;37
54.0;20;31;20;18;33;30;22;35;31
60.0;18;31;20;21;34;31;19;35;31
66.0;20;31;18;20;32;31;21;35;32
72.0;23;32;16;17;34;31;22;34;31
78.0;24;36;14;18;34;31;22;32;29
84.0;25;38;13;20;35;30;22;33;24
90.0;24;40;13;19;36;29;21;35;23
96.0;21;38;13;19;40;28;19;36;26
102.0;18;41;14;18;41;28;18;38;24
108.0;17;45;13;19;43;27;19;34;23
114.0;18;48;12;18;46;27;18;32;21
120.0;19;46;15;19;48;27;17;31;18
126.0;18;44;18;18;48;28;14;32;20
132.0;18;40;17;21;50;26;15;33;20
138.0;17;40;16;21;50;23;18;34;21
144.0;17;38;13;16;53;25;17;39;22
150.0;16;41;15;16;52;26;15;39;20
156.0;18;40;16;15;56;29;12;37;17
162.0;19;38;14;16;56;30;13;37;17
168.0;19;36;13;13;56;33;13;39;18
174.0;19;38;13;12;60;30;11;41;16
180.0;19;35;15;11;63;29;13;41;14
186.0;19;35;16;11;65;27;11;42;14
192.0;15;36;16;11;66;25;13;42;16
198.0;15;34;13;13;68;28;13;40;16
204.0;13;33;11;14;69;27;13;42;18
210.0;14;29;11;15;69;26;14;42;20
216.0;11;30;11;15;70;23;17;41;22
222.0;10;29;13;15;71;23;17;42;20
228.0;12;28;15;15;72;24;18;39;17
234.0;13;30;14;16;72;26;15;35;19
240.0;12;30;17;16;71;27;13;36;18
246.0;14;32;16;17;71;24;14;34;18
252.0;13;32;17;19;70;23;14;32;20
258.0;12;30;17;19;70;27;13;33;19
264.0;13;29;15;21;67;26;14;34;21
270.0;13;29;15;20;67;26;14;36;20
276.0;14;25;13;20;70;30;12;38;18
282.0;14;26;13;22;73;28;11;35;18
288.0;15;27;14;20;72;29;12;35;16
294.0;14;26;10;20;74;31;11;36;18
300.0;14;25;12;21;76;29;10;36;17
306.0;14;26;10;22;76;28;11;35;18
312.0;16;24;11;23;74;28;11;35;18
318.0;15;26;11;24;72;29;12;36;15
324.0;17;26;11;22;74;26;13;39;12
330.0;15;25;13;23;74;25;13;40;12
336.0;18;23;12;22;75;26;12;40;12
342.0;17;23;16;21;74;27;12;37;13
348.0;16;26;17;20;75;26;11;38;11
354.0;16;23;17;22;76;27;10;39;10
360.0;15;23;18;20;77;26;11;40;10
366.0;12;23;17;22;80;26;13;40;7
372.0;12;26;18;21;81;26;10;38;8
378.0;10;28;19;21;81;28;8;37;8
384.0;12;27;18;20;82;28;8;36;9
390.0;9;26;18;19;84;29;11;36;8
396.0;9;26;17;18;83;28;14;36;9
402.0;11;23;18;18;82;30;15;33;10
408.0;11;23;18;16;84;28;17;34;9
414.0;12;20;20;15;85;27;18;35;8
420.0;15;20;22;17;85;26;17;33;5
426.0;13;21;19;16;88;27;17;33;6
432.0;13;19;19;16;87;25;20;34;7
438.0;12;19;17;13;88;26;20;38;7
444.0;10;21;17;15;84;27;20;38;8
450.0;8;25;17;15;86;27;19;35;8
456.0;8;25;15;16;86;27;18;35;10
462.0;8;28;13;21;85;26;16;32;11
468.0;6;28;15;21;88;29;14;31;8
474.0;4;27;13;21;87;30;16;31;11
480.0;6;29;12;23;86;28;14;32;10
486.0;7;29;12;21;88;26;12;35;10
492.0;7;28;14;22;87;24;13;33;12
498.0;7;29;16;21;86;23;11;35;12
504.0;8;29;16;23;85;22;9;35;13
510.0;6;27;15;26;87;21;10;34;14
516.0;8;26;14;25;89;22;9;35;12
522.0;9;26;14;21;90;22;11;36;11
528.0;11;26;12;26;88;23;9;33;12
534.0;11;23;13;26;87;25;10;32;13
540.0;11;20;15;26;88;25;10;32;13
546.0;11;19;17;26;87;27;11;31;11
552.0;11;21;17;24;89;25;12;30;11
558.0;13;22;15;29;87;26;10;29;9
564.0;10;21;13;30;88;27;12;30;9
570.0;11;21;14;30;87;26;12;30;9
576.0;12;20;11;30;89;28;11;29;10
582.0;13;21;10;28;91;27;10;28;12
588.0;13;23;12;27;88;25;11;29;12
594.0;13;22;15;30;90;23;8;28;11
600.0;12;23;14;30;90;29;8;23;11
606.0;9;21;15;26;92;31;8;24;14
612.0;9;22;13;27;92;29;7;26;15
618.0;7;21;14;30;94;28;6;26;14
624.0;7;23;14;30;94;27;8;24;13
630.0;7;21;13;28;94;31;9;26;11
636.0;7;21;13;28;93;30;14;24;10
642.0;7;24;14;28;92;32;11;21;11
648.0;9;24;14;28;92;31;11;21;10
654.0;11;23;16;29;92;27;11;20;11
660.0;10;24;16;29;94;24;11;22;10
666.0;12;22;15;29;95;24;12;20;11
672.0;12;22;16;28;96;21;13;21;11
678.0;13;23;15;27;95;21;13;24;9
684.0;12;22;14;27;97;20;12;26;10
690.0;11;23;14;27;97;19;12;27;10
696.0;12;23;13;26;97;18;16;27;8
702.0;12;23;13;25;97;20;14;28;8
708.0;10;24;12;27;98;20;15;26;8
714.0;10;25;10;25;99;22;17;25;7
720.0;10;24;8;26;100;23;19;26;4
726.0;12;27;9;26;100;23;17;24;2
732.0;10;27;9;27;102;24;17;22;2
738.0;10;28;8;26;103;25;13;23;4
744.0;10;28;11;23;103;24;11;24;6
750.0;9;26;9;26;104;25;10;24;7
756.0;8;25;10;25;105;25;10;24;8
762.0;7;26;10;25;105;26;10;23;8
768.0;8;25;9;26;106;24;9;23;10
774.0;8;24;9;26;105;23;11;23;11
780.0;8;23;8;26;104;26;11;22;12
786.0;8;21;9;25;102;26;12;21;16
792.0;9;22;10;24;101;27;13;19;15
798.0;11;20;13;24;99;28;13;18;14
804.0;12;21;14;24;98;27;10;19;15
810.0;11;20;13;21;98;27;14;21;15
816.0;10;21;13;20;97;28;12;23;16
822.0;10;20;13;19;98;29;14;21;16
828.0;11;23;10;16;96;31;14;20;19
834.0;14;22;10;18;96;29;13;21;17
840.0;15;20;12;14;97;31;11;20;20
846.0;15;20;12;13;97;32;12;22;17
852.0;15;19;13;14;99;32;11;22;15
858.0;14;20;14;14;99;30;9;25;15
864.0;14;22;11;14;102;28;12;25;12
870.0;12;22;11;15;101;31;13;25;10
876.0;12;22;10;15;101;31;14;24;11
882.0;10;22;11;15;101;29;14;25;13
888.0;10;27;11;14;99;27;13;27;12
894.0;7;29;11;13;99;27;11;30;13
900.0;7;29;12;15;99;26;12;28;12
906.0;9;27;12;18;99;24;13;27;11
912.0;11;26;11;19;100;24;12;28;9
918.0;9;26;11;20;100;24;15;26;9
924.0;8;27;10;18;102;24;13;28;10
930.0;9;26;10;18;104;26;12;24;11
936.0;9;26;10;18;105;26;12;23;11
942.0;9;25;10;17;105;28;13;22;11
948.0;9;22;11;17;105;29;14;23;10
954.0;11;22;9;16;107;29;15;20;11
960.0;12;22;9;18;106;27;16;19;11
966.0;11;21;9;21;106;27;14;19;12
972.0;14;19;8;22;105;28;15;19;10
978.0;15;18;7;22;104;28;17;20;9
984.0;14;18;7;22;105;28;17;20;9
990.0;13;17;8;23;105;27;18;21;8
996.0;13;17;9;22;106;25;18;20;10
1002.0;12;19;10;22;107;25;17;18;10
1008.0;15;19;9;20;109;23;15;19;11
1014.0;13;20;9;21;110;23;15;18;11
1020.0;13;21;8;17;108;22;17;21;13
1026.0;13;23;5;15;108;22;18;23;13
1032.0;16;24;5;15;108;22;16;21;13
1038.0;14;20;6;16;109;23;17;20;15
1044.0;14;20;6;16;109;24;16;20;15
1050.0;12;21;8;16;107;25;17;19;15
1056.0;14;20;6;19;108;25;16;16;16
1062.0;13;19;8;20;108;23;15;18;16
1068.0;11;18;10;20;109;24;16;18;14
1074.0;12;19;9;21;108;26;14;18;13
1080.0;13;20;8;19;108;27;14;18;13
1086.0;11;22;7;16;106;28;16;22;12
1092.0;11;21;6;14;106;29;16;23;14
1098.0;11;19;8;13;104;30;16;26;13
1104.0;11;16;10;13;104;32;14;26;14
1110.0;7;14;11;17;107;27;16;26;15
1116.0;7;16;11;16;107;27;16;25;15
1122.0;7;18;12;14;107;25;17;26;14
1128.0;7;18;11;17;109;23;17;25;13
1134.0;7;17;13;17;109;23;15;25;14
1140.0;10;16;13;20;107;24;10;25;15
1146.0;10;15;14;23;106;25;9;23;15
1152.0;12;18;11;25;106;24;8;22;14
1158.0;13;17;11;26;107;26;6;22;12
1164.0;10;15;10;30;107;26;7;23;12
1170.0;12;13;12;30;105;27;7;22;12
1176.0;11;13;13;31;103;27;8;22;12
1182.0;13;14;12;31;101;26;9;22;12
1188.0;13;13;11;33;99;27;10;23;11
1194.0;15;14;9;30;101;28;11;21;11
1200.0;13;16;9;30;101;27;10;22;12
1206.0;12;16;10;30;100;25;11;22;14
1212.0;10;16;10;31;104;24;10;22;13
1218.0;9;15;10;32;104;26;11;22;11
1224.0;9;14;11;28;105;27;11;23;12
1230.0;10;14;9;30;104;27;11;22;13
1236.0;10;13;10;29;104;28;11;23;12
1242.0;13;15;11;28;102;26;12;22;11
1248.0;12;15;12;26;104;26;12;20;13
1254.0;16;15;9;25;105;25;12;22;11
1260.0;16;15;8;24;105;23;12;23;14
1266.0;13;17;8;23;108;24;12;21;14
1272.0;13;18;8;25;110;21;11;22;12
1278.0;13;18;9;26;109;21;11;24;9
1284.0;12;19;9;27;110;21;12;22;8
1290.0;12;21;9;30;107;21;9;21;10
1296.0;10;21;8;31;105;21;11;23;10
1302.0;10;20;8;30;103;23;12;24;10
1308.0;10;17;8;33;102;20;14;26;10
1314.0;9;19;10;34;101;18;14;26;9
1320.0;9;17;10;35;101;18;14;26;10
1326.0;10;16;9;34;101;18;16;24;12
1332.0;10;17;10;32;101;17;16;25;12
1338.0;10;16;12;32;101;16;15;26;12
1344.0;8;16;13;36;100;17;15;24;11
1350.0;9;15;13;36;101;17;16;24;9
1356.0;10;14;13;37;102;17;15;22;10
1362.0;12;17;14;37;100;17;12;21;10
1368.0;14;17;15;37;100;15;12;19;11
1374.0;15;18;13;36;99;17;12;20;10
1380.0;14;18;14;35;98;18;11;23;9
1386.0;13;18;12;37;97;18;12;23;10
1392.0;12;19;13;38;99;20;7;22;10
1398.0;12;19;12;38;100;22;7;21;9
1404.0;13;20;12;39;98;22;8;19;9
1410.0;13;19;10;39;97;26;8;22;6
1416.0;12;20;8;38;97;24;8;26;7
1422.0;11;20;11;37;99;25;8;22;7
1428.0;12;21;11;37;99;24;8;20;8
1434.0;12;20;11;36;100;24;8;20;9
1440.0;10;21;10;35;99;24;12;20;9
1446.0;10;20;9;34;100;24;13;21;9
1452.0;9;19;11;35;102;24;14;20;6
1458.0;8;20;12;33;103;26;12;19;7
1464.0;8;21;11;31;103;26;13;19;8
1470.0;8;21;10;29;104;25;11;22;10
1476.0;11;20;7;30;103;25;11;23;10
1482.0;13;19;7;30;103;24;12;24;8
1488.0;11;19;8;28;105;20;15;27;7
1494.0;10;19;9;27;104;21;14;29;7
1500.0;9;21;9;25;105;23;12;28;8
1506.0;12;19;10;25;104;24;12;26;8
1512.0;10;18;15;25;103;25;10;26;8
1518.0;10;20;14;25;103;24;9;24;11
1524.0;7;19;14;25;103;25;8;25;14
1530.0;6;20;16;25;103;25;7;24;14
1536.0;6;22;15;26;103;24;6;24;14
1542.0;6;22;15;28;104;21;7;24;13
1548.0;6;21;16;27;103;23;7;25;12
1554.0;5;19;17;26;105;23;8;25;12
1560.0;5;22;15;26;106;21;9;26;10
1566.0;7;22;13;24;106;22;9;27;10
1572.0;6;25;13;24;105;23;8;28;8
1578.0;6;24;14;25;104;23;7;29;8
1584.0;7;25;16;23;106;19;6;29;9
1590.0;6;24;15;23;106;20;6;29;11
1596.0;7;22;17;22;106;21;4;29;12
1602.0;7;21;15;23;105;20;3;32;14
1608.0;9;24;14;17;107;18;3;33;15
1614.0;9;24;14;18;109;17;3;33;13
1620.0;8;24;12;20;109;18;3;33;13
1626.0;7;25;11;20;110;19;2;32;14
1632.0;8;25;13;19;110;20;3;30;12
1638.0;8;26;13;19;108;19;4;29;14
1644.0;7;26;12;18;108;19;5;31;14
1650.0;6;26;13;17;107;20;6;29;16
1656.0;8;24;12;19;107;20;6;29;15
1662.0;8;24;11;19;107;21;7;29;14
1668.0;9;22;13;18;108;22;5;30;13
1674.0;8;23;13;19;106;23;7;29;12
1680.0;8;23;14;16;106;25;8;26;14
1686.0;7;23;15;16;102;27;7;28;15
1692.0;9;19;17;18;104;25;7;29;12
1698.0;10;20;15;18;105;26;5;29;12
1704.0;10;19;16;17;105;27;4;29;13
1710.0;8;19;16;16;108;28;6;28;11
1716.0;11;21;13;15;105;30;7;26;12
1722.0;11;21;14;15;104;30;8;25;12
1728.0;13;21;13;15;103;30;7;24;14
1734.0;10;20;12;15;105;32;7;24;15
1740.0;10;21;11;15;103;32;7;24;17
1746.0;8;21;11;15;103;32;7;26;17
1752.0;9;22;8;13;101;34;9;27;17
1758.0;8;22;10;14;101;33;11;26;15
1764.0;11;24;9;12;102;35;11;23;13
1770.0;11;26;9;11;101;34;11;23;14
1776.0;11;25;9;10;103;34;12;23;13
1782.0;12;26;10;11;102;33;11;23;12
1788.0;11;28;10;10;103;32;12;22;12
1794.0;12;27;9;11;103;33;11;20;14
