#auto generated file!
12.0;22;18;24;13;26;21;24;23;19
18.0;24;18;22;14;27;21;22;23;19
24.0;23;19;22;13;27;20;23;25;18
30.0;23;22;22;13;27;19;23;24;17
36.0;22;24;21;13;27;20;22;24;17
42.0;27;24;19;11;30;21;18;22;18
48.0;26;23;19;13;32;21;19;20;17
54.0;22;23;17;14;35;23;16;20;20
60.0;22;22;16;15;37;24;16;18;20
66.0;21;24;13;16;38;22;16;19;21
72.0;20;24;10;18;40;23;16;20;19
78.0;20;27;10;18;41;22;15;19;18
84.0;22;24;10;22;41;22;16;18;15
90.0;21;23;11;20;44;24;16;16;15
96.0;21;23;11;19;45;25;15;17;14
102.0;20;21;14;19;46;25;14;17;14
108.0;19;21;14;21;45;26;14;17;13
114.0;18;21;16;20;44;25;14;19;13
120.0;20;23;15;20;45;24;14;18;11
126.0;20;25;14;20;46;23;13;17;12
132.0;16;27;15;20;49;23;9;20;11
138.0;14;29;14;19;51;24;10;19;10
144.0;14;26;17;17;52;22;11;21;10
150.0;13;26;18;17;51;23;11;22;9
156.0;13;23;18;18;52;25;11;21;9
162.0;13;22;16;17;53;27;11;21;10
168.0;12;23;17;15;52;26;10;23;12
174.0;10;26;19;15;52;27;10;20;11
180.0;13;25;16;16;52;26;11;21;10
186.0;12;24;16;15;53;29;10;21;10
192.0;10;24;19;15;56;25;9;20;12
198.0;9;25;17;16;58;24;8;22;11
204.0;10;26;14;17;56;24;10;23;10
210.0;7;26;13;17;55;26;10;25;11
216.0;7;25;11;17;54;26;12;27;11
222.0;8;24;12;18;55;24;12;26;11
228.0;8;24;11;18;55;26;13;23;12
234.0;6;23;12;18;54;27;14;24;12
240.0;9;21;10;18;56;26;13;25;12
246.0;8;21;11;21;56;26;13;24;10
252.0;8;20;11;20;57;28;13;23;10
258.0;8;18;14;20;56;28;14;23;9
264.0;9;18;15;22;55;25;14;23;9
270.0;8;19;14;25;57;25;14;21;7
276.0;7;19;12;25;57;26;15;22;7
282.0;8;17;13;25;60;25;14;21;7
288.0;9;17;12;25;60;22;14;23;8
294.0;9;17;11;23;62;22;13;25;8
300.0;6;19;9;24;63;23;11;27;8
306.0;6;20;6;26;62;23;11;28;8
312.0;4;20;7;27;62;22;10;28;10
318.0;4;20;9;26;63;21;10;28;9
324.0;5;21;10;25;64;20;11;26;8
330.0;5;19;11;26;65;20;10;26;8
336.0;5;18;10;25;66;21;9;26;10
342.0;6;17;12;24;67;21;10;26;7
348.0;6;18;10;25;67;20;11;27;6
354.0;5;19;12;26;67;19;10;26;6
360.0;5;21;13;23;69;19;11;25;4
366.0;4;22;12;22;69;19;11;26;5
372.0;5;24;12;23;69;18;11;22;6
378.0;4;25;13;21;68;21;10;22;6
384.0;4;26;11;21;68;21;9;22;8
390.0;5;25;11;23;67;23;8;21;7
396.0;7;26;12;23;65;23;8;20;6
402.0;7;23;13;23;65;24;8;22;5
408.0;9;22;13;23;65;21;8;23;6
414.0;11;21;12;23;66;23;7;22;5
420.0;10;19;12;24;66;22;9;22;6
426.0;11;18;13;23;66;20;10;25;4
432.0;13;17;12;22;66;22;11;25;2
438.0;11;18;11;23;66;19;11;26;5
444.0;13;18;10;21;65;20;10;28;5
450.0;14;19;10;23;67;18;9;25;5
456.0;15;17;12;21;68;18;9;26;4
462.0;16;17;11;19;69;17;10;25;6
468.0;14;20;7;20;71;17;10;24;7
474.0;14;19;6;19;73;16;12;25;6
480.0;14;19;5;19;74;18;12;23;6
486.0;14;20;8;19;75;16;13;22;3
492.0;13;20;8;20;76;15;11;23;4
498.0;15;20;7;20;77;16;10;21;4
504.0;16;19;6;19;76;20;13;18;3
510.0;16;18;4;19;76;20;12;19;6
516.0;14;20;3;18;76;21;14;20;4
522.0;10;21;4;18;75;22;15;19;6
528.0;12;20;5;19;73;22;14;21;4
534.0;9;20;8;18;75;19;16;23;2
540.0;8;21;7;19;77;20;16;21;1
546.0;9;18;9;20;75;20;16;22;1
552.0;7;21;8;20;76;18;15;23;2
558.0;7;22;8;20;76;18;14;23;2
564.0;7;23;5;20;77;19;11;26;2
570.0;8;24;2;19;77;24;11;23;2
576.0;7;24;2;20;76;25;11;22;3
582.0;7;23;2;20;77;25;10;23;3
588.0;8;22;2;20;79;23;9;22;5
594.0;13;23;2;17;79;20;8;22;6
600.0;11;23;2;16;78;20;8;24;8
606.0;11;23;3;15;77;20;8;24;9
612.0;13;24;3;16;76;20;6;23;9
618.0;15;23;4;16;76;20;5;23;8
624.0;15;21;4;17;76;21;6;22;8
630.0;13;22;6;17;75;22;6;22;7
636.0;13;19;6;17;74;22;7;23;9
642.0;13;21;7;17;76;21;4;22;9
648.0;14;17;8;17;78;22;3;21;10
654.0;16;18;7;17;76;23;3;21;9
660.0;16;19;8;16;76;22;3;22;8
666.0;17;17;11;16;73;22;4;22;8
672.0;16;17;11;15;74;23;4;22;8
678.0;14;22;11;16;74;23;4;20;6
684.0;16;21;13;14;73;22;6;19;6
690.0;18;23;13;12;71;21;6;20;6
696.0;17;22;11;12;70;23;8;21;6
702.0;17;23;9;14;70;22;7;21;7
708.0;18;23;8;17;69;23;6;20;6
714.0;16;20;10;16;71;24;6;21;6
720.0;16;21;10;16;72;24;6;20;5
726.0;14;20;11;17;72;24;5;21;6
732.0;16;19;11;16;71;25;6;20;6
738.0;17;19;9;18;72;23;6;21;5
744.0;16;18;7;19;73;23;6;23;5
750.0;17;19;6;18;73;22;8;22;5
756.0;16;20;6;17;75;21;5;25;5
762.0;13;19;6;17;77;21;6;26;5
768.0;13;16;9;17;77;21;5;26;6
774.0;12;18;8;16;79;19;6;26;6
780.0;11;19;8;17;80;19;7;24;5
786.0;10;17;8;17;79;20;8;26;5
792.0;10;18;8;17;79;19;7;26;6
798.0;10;18;9;16;79;20;6;25;7
804.0;10;17;7;17;79;20;7;26;7
810.0;10;17;7;17;79;21;7;25;7
816.0;9;18;7;18;79;22;6;24;7
822.0;10;16;7;17;79;21;6;26;8
828.0;10;17;6;18;78;19;7;27;8
834.0;11;16;6;17;77;21;7;26;9
840.0;9;18;5;17;77;21;7;26;10
846.0;8;17;4;19;77;19;11;24;11
852.0;9;19;4;18;76;21;9;23;11
858.0;8;18;5;18;76;22;8;24;11
864.0;10;16;6;18;75;24;9;21;11
870.0;12;16;8;18;72;23;9;22;10
876.0;12;16;8;18;74;21;9;22;10
882.0;12;18;7;17;75;21;7;23;10
888.0;11;19;9;17;75;21;7;22;9
894.0;12;20;9;17;76;21;6;22;7
900.0;13;19;10;19;73;20;7;22;7
906.0;13;20;10;18;74;19;7;22;7
912.0;11;19;11;21;73;18;7;21;9
918.0;9;19;13;22;73;18;6;21;9
924.0;11;19;12;21;74;18;6;21;8
930.0;12;18;12;20;74;19;4;21;10
936.0;12;16;13;22;74;17;4;20;12
942.0;15;15;10;23;74;16;4;21;12
948.0;13;15;9;23;73;17;4;24;12
954.0;13;14;8;23;72;19;6;25;10
960.0;13;15;8;24;73;17;6;24;10
966.0;13;16;8;26;71;17;6;23;10
972.0;12;19;8;26;71;17;5;23;9
978.0;11;18;8;25;71;19;7;22;9
984.0;11;19;9;23;71;18;7;22;10
990.0;10;20;7;24;72;19;7;22;9
996.0;9;18;6;24;75;20;6;23;9
1002.0;7;21;6;21;75;21;6;24;9
1008.0;8;21;7;21;74;21;6;24;8
1014.0;12;20;8;20;74;20;5;23;8
1020.0;10;18;7;20;76;22;6;22;9
1026.0;9;18;7;20;77;21;8;19;11
1032.0;9;18;10;18;78;21;7;19;10
1038.0;7;19;10;20;78;22;8;16;10
1044.0;5;22;9;21;78;23;6;18;8
1050.0;6;20;9;22;78;23;9;18;5
1056.0;7;20;13;24;77;20;7;18;4
1062.0;8;19;13;23;77;19;10;17;4
1068.0;7;19;16;21;77;19;10;16;5
1074.0;7;18;18;21;75;21;12;15;3
1080.0;7;18;18;21;76;20;12;15;3
1086.0;5;17;17;23;75;21;11;16;5
1092.0;5;18;15;24;74;21;12;17;4
1098.0;7;18;13;23;74;22;12;17;4
1104.0;7;18;13;24;74;22;10;17;5
1110.0;7;18;12;24;76;21;11;16;5
1116.0;8;19;12;22;77;20;11;16;5
1122.0;8;20;14;20;75;20;8;16;9
1128.0;7;21;14;20;77;19;6;17;9
1134.0;8;21;10;21;77;18;8;17;10
1140.0;6;21;10;20;79;18;9;16;11
1146.0;7;19;12;20;80;17;6;18;11
1152.0;8;19;10;20;80;17;7;17;12
1158.0;9;19;10;21;79;17;7;18;10
1164.0;10;16;8;21;80;18;9;19;9
1170.0;7;17;7;21;81;20;10;19;8
1176.0;8;17;8;19;84;20;9;17;8
1182.0;9;17;8;19;85;19;8;15;10
1188.0;12;16;9;19;84;20;8;12;10
1194.0;12;17;10;18;82;20;9;13;9
1200.0;12;18;10;18;81;18;8;15;10
1206.0;13;19;10;17;82;18;8;14;9
1212.0;12;20;10;17;82;19;8;13;9
1218.0;13;19;9;18;83;21;7;14;6
1224.0;14;18;9;16;82;22;9;14;6
1230.0;13;17;9;14;84;22;9;17;5
1236.0;11;19;9;12;85;23;8;18;5
1242.0;12;19;9;11;84;23;10;18;4
1248.0;11;18;9;11;83;24;10;18;6
1254.0;11;18;8;12;84;23;10;17;7
1260.0;11;18;9;13;84;21;9;17;8
1266.0;12;19;9;13;84;20;8;19;6
1272.0;16;19;8;13;83;19;8;18;6
1278.0;15;19;8;14;86;19;6;17;6
1284.0;12;18;7;17;87;21;7;16;5
1290.0;10;21;7;17;87;20;8;15;5
1296.0;8;20;8;16;89;20;10;14;5
1302.0;7;19;9;15;89;20;10;16;5
1308.0;7;20;9;17;88;20;10;14;5
1314.0;9;21;11;17;88;16;10;13;5
1320.0;11;19;9;17;88;17;10;13;6
1326.0;11;17;8;17;89;19;13;12;4
1332.0;9;16;9;17;89;19;12;12;7
1338.0;8;16;8;18;89;19;12;13;7
1344.0;9;16;8;19;86;19;11;13;9
1350.0;9;16;8;20;86;19;10;13;9
1356.0;5;18;9;21;87;18;9;14;9
1362.0;6;17;9;21;88;19;8;13;9
1368.0;6;16;7;22;87;20;8;14;10
1374.0;6;15;7;22;87;22;8;13;10
1380.0;8;15;6;23;85;23;7;14;9
1386.0;9;16;6;23;84;22;7;14;9
1392.0;8;15;6;22;84;22;9;14;10
1398.0;8;16;6;23;83;22;9;14;9
1404.0;7;16;5;23;83;22;10;15;9
1410.0;7;17;6;22;84;22;8;15;9
1416.0;6;16;7;23;83;21;9;16;9
1422.0;6;15;8;23;84;20;8;18;8
1428.0;8;15;6;23;84;18;7;20;9
1434.0;9;15;8;23;84;16;7;20;8
1440.0;9;15;7;24;84;16;8;20;7
1446.0;10;14;6;25;87;13;7;21;7
1452.0;11;14;7;25;86;12;7;20;8
1458.0;13;13;8;23;86;14;8;19;6
1464.0;14;14;8;20;89;13;9;18;5
1470.0;15;12;9;20;89;12;9;17;7
1476.0;14;11;9;20;89;13;9;18;7
1482.0;14;11;9;20;91;14;8;17;6
1488.0;13;12;9;20;90;14;11;16;5
1494.0;13;13;8;19;88;15;11;18;5
1500.0;14;13;7;19;88;16;10;18;5
1506.0;13;13;7;19;89;15;9;19;6
1512.0;12;13;8;18;89;15;10;19;6
1518.0;11;13;9;18;89;15;10;19;6
1524.0;10;13;9;19;88;16;9;19;7
1530.0;9;11;12;19;88;17;8;19;7
1536.0;10;13;12;19;90;17;6;17;6
1542.0;9;14;11;19;90;17;7;18;5
1548.0;7;14;10;20;91;17;7;18;6
1554.0;6;15;13;19;90;18;6;17;6
1560.0;7;16;13;20;90;16;6;18;4
1566.0;6;17;13;19;88;17;7;19;4
1572.0;6;16;12;19;91;18;8;16;4
1578.0;6;19;12;18;90;16;9;15;5
1584.0;3;20;10;21;90;17;10;13;6
1590.0;3;20;10;21;92;16;9;13;6
1596.0;4;19;10;22;90;16;9;12;8
1602.0;4;18;11;22;91;15;8;13;8
1608.0;4;19;11;23;91;13;8;13;8
1614.0;5;18;11;23;91;14;8;12;8
1620.0;4;17;12;22;92;14;9;11;9
1626.0;6;18;12;20;90;14;9;12;9
1632.0;9;16;11;21;91;12;10;12;8
1638.0;10;16;11;19;92;14;9;12;7
1644.0;11;14;10;18;91;13;11;15;7
1650.0;11;14;10;18;90;12;12;14;9
1656.0;11;14;13;17;91;12;11;12;9
1662.0;11;13;10;17;92;12;12;12;11
1668.0;12;13;11;17;92;13;11;10;11
1674.0;12;13;12;15;90;14;9;11;14
1680.0;9;13;11;15;91;14;9;12;16
1686.0;8;15;11;18;89;14;8;12;15
1692.0;7;14;9;15;94;14;9;12;16
1698.0;7;14;8;13;94;17;9;12;16
1704.0;7;14;8;12;94;17;9;14;15
1710.0;5;13;9;12;95;15;9;15;17
1716.0;4;13;9;10;95;16;10;17;16
1722.0;3;13;8;9;95;17;13;17;15
1728.0;4;11;6;9;96;18;13;18;15
1734.0;5;10;7;9;95;18;13;20;13
1740.0;5;12;7;11;96;18;11;20;10
1746.0;3;11;9;11;95;20;12;19;10
1752.0;3;12;7;12;94;21;12;19;10
1758.0;3;11;9;12;94;19;13;19;10
1764.0;4;11;8;13;92;19;15;18;10
1770.0;5;14;10;12;93;17;12;17;10
1776.0;5;14;13;9;93;18;11;17;10
1782.0;4;13;12;9;94;20;12;17;9
1788.0;6;12;13;9;93;19;11;17;10
1794.0;8;12;13;9;89;20;11;19;9
