#auto generated file!
12.0;28;36;32;35;39;29;30;33;38
18.0;29;34;34;34;39;28;33;32;37
24.0;31;38;30;34;39;30;35;29;34
30.0;27;37;30;35;40;31;34;32;34
36.0;29;37;27;34;41;32;35;30;35
42.0;26;38;27;35;44;33;35;34;28
48.0;25;40;29;36;46;31;32;33;28
54.0;24;41;25;39;45;29;33;35;29
60.0;25;39;27;38;46;29;31;35;30
66.0;24;38;24;39;49;29;34;36;27
72.0;25;38;23;40;51;27;32;37;27
78.0;27;39;25;37;55;26;31;36;24
84.0;26;40;26;40;62;25;25;33;23
90.0;25;38;26;42;62;26;25;33;23
96.0;26;37;26;42;63;25;25;35;21
102.0;24;37;24;39;64;30;26;36;20
108.0;27;36;23;37;64;31;25;37;20
114.0;27;36;21;36;66;30;23;41;20
120.0;22;34;22;36;68;31;26;42;19
126.0;20;32;23;33;68;33;26;45;20
132.0;21;32;21;34;72;30;26;43;21
138.0;21;31;23;35;74;30;27;41;18
144.0;23;31;26;37;72;30;25;39;17
150.0;23;32;22;38;75;31;23;38;18
156.0;23;33;19;39;77;32;18;39;20
162.0;21;36;21;39;79;32;16;38;18
168.0;21;36;25;40;78;33;15;37;15
174.0;23;35;26;39;80;32;15;37;13
180.0;21;35;25;39;83;33;14;36;14
186.0;19;35;23;40;84;35;12;36;16
192.0;19;34;22;36;92;32;9;38;18
198.0;19;33;23;34;94;34;7;37;19
204.0;20;34;21;34;95;35;6;36;19
210.0;20;39;22;30;96;30;10;34;19
216.0;22;39;21;29;98;31;12;30;18
222.0;21;38;20;29;96;32;13;33;18
228.0;23;36;24;30;95;29;11;33;19
234.0;20;39;24;28;95;29;13;34;18
240.0;22;38;20;30;99;28;13;35;15
246.0;19;35;20;29;100;33;14;34;16
252.0;17;36;21;27;101;32;14;36;16
258.0;18;33;19;26;100;34;16;38;16
264.0;19;36;19;29;97;33;14;38;15
270.0;20;38;16;30;99;31;15;37;14
276.0;19;36;17;30;100;31;17;36;14
282.0;16;38;17;30;99;33;18;37;12
288.0;16;37;18;31;99;36;18;33;12
294.0;15;38;17;30;100;35;21;34;10
300.0;16;39;14;30;102;35;20;34;10
306.0;16;39;12;30;101;34;21;37;10
312.0;17;38;13;30;98;35;20;38;11
318.0;18;37;13;32;98;36;17;36;13
324.0;17;37;12;32;100;34;17;34;17
330.0;14;37;10;34;98;35;18;34;20
336.0;16;39;12;34;100;30;16;32;21
342.0;11;39;13;35;101;31;19;29;22
348.0;11;40;14;35;99;31;18;31;21
354.0;11;42;17;31;99;30;15;33;22
360.0;12;40;16;34;98;29;16;36;19
366.0;12;41;17;31;97;32;15;38;17
372.0;11;40;16;32;96;33;16;39;17
378.0;10;36;16;34;97;35;16;38;18
384.0;11;34;14;32;98;37;16;39;19
390.0;13;34;16;34;99;35;17;36;16
396.0;13;34;14;33;99;36;19;34;18
402.0;11;33;15;35;98;35;19;34;20
408.0;15;38;16;35;96;34;15;33;18
414.0;14;40;15;37;96;34;15;31;18
420.0;13;43;15;35;99;33;13;31;18
426.0;13;37;13;34;99;38;15;33;18
432.0;14;38;13;33;97;39;17;31;18
438.0;15;39;13;31;99;36;17;33;17
444.0;16;39;13;33;98;35;19;32;15
450.0;15;40;14;30;99;36;16;33;17
456.0;15;40;14;32;98;34;15;33;19
462.0;14;41;13;34;98;34;14;32;20
468.0;17;39;12;36;99;33;12;35;17
474.0;20;40;13;36;99;33;13;34;12
480.0;19;40;12;36;99;34;14;34;12
486.0;20;40;11;36;98;34;14;35;12
492.0;18;42;9;36;98;33;16;37;11
498.0;18;41;8;37;98;32;19;36;11
504.0;15;41;9;36;97;34;19;33;16
510.0;13;39;10;38;98;34;18;33;17
516.0;14;38;13;39;96;34;17;33;16
522.0;16;39;15;36;96;35;18;32;13
528.0;15;34;17;36;96;41;19;31;11
534.0;16;33;17;36;97;39;20;31;11
540.0;15;33;17;34;98;42;16;34;11
546.0;14;30;15;33;99;44;16;35;14
552.0;14;30;15;32;102;45;13;37;12
558.0;14;29;17;31;103;42;14;36;14
564.0;13;28;17;31;103;43;15;37;13
570.0;14;31;17;29;103;41;13;38;14
576.0;13;32;14;31;102;41;15;37;15
582.0;10;31;15;30;102;45;13;39;15
588.0;9;30;14;30;108;46;11;38;14
594.0;10;30;14;29;109;45;11;38;14
600.0;10;29;15;29;110;43;12;36;16
606.0;12;30;15;27;108;38;17;37;16
612.0;9;32;16;29;106;40;17;35;16
618.0;10;34;14;27;105;39;18;35;18
624.0;8;32;16;24;107;39;22;35;17
630.0;10;33;16;26;106;39;20;32;18
636.0;12;34;15;26;109;37;20;32;15
642.0;12;33;13;23;110;38;19;33;19
648.0;14;31;15;24;112;38;19;33;14
654.0;17;27;15;24;115;39;18;33;12
660.0;19;31;15;26;116;35;17;33;8
666.0;23;33;12;26;111;36;14;34;11
672.0;21;34;12;27;110;37;13;36;10
678.0;18;32;12;29;109;35;16;36;13
684.0;18;30;11;29;110;33;18;38;13
690.0;16;30;10;30;108;34;17;38;17
696.0;16;31;11;29;107;35;19;36;16
702.0;16;30;11;30;108;36;20;35;14
708.0;15;30;12;31;108;34;18;38;14
714.0;17;27;11;28;111;32;22;38;14
720.0;15;27;10;30;113;30;22;39;14
726.0;12;31;9;29;113;29;20;42;15
732.0;13;30;9;30;114;29;17;44;14
738.0;12;32;8;30;114;31;16;44;13
744.0;16;33;7;33;111;33;12;43;12
750.0;16;33;10;31;111;34;11;41;13
756.0;16;33;10;32;110;32;13;40;14
762.0;16;36;8;32;110;29;15;40;14
768.0;15;34;7;30;112;30;16;42;14
774.0;15;34;8;31;112;29;16;40;15
780.0;17;32;10;30;113;29;17;37;15
786.0;18;31;11;28;112;29;18;37;16
792.0;19;31;13;29;112;31;18;33;14
798.0;17;34;11;27;113;36;19;31;12
804.0;16;36;10;27;111;36;17;36;11
810.0;18;32;12;27;115;33;16;35;12
816.0;19;32;12;26;115;35;15;33;13
822.0;20;33;14;24;115;34;17;30;13
828.0;18;35;15;25;117;35;14;28;13
834.0;19;34;16;25;119;33;14;27;13
840.0;23;32;17;22;120;33;13;28;12
846.0;20;31;18;22;121;32;13;31;12
852.0;20;32;16;21;122;32;14;30;13
858.0;21;32;13;21;123;31;16;31;12
864.0;20;31;14;21;125;29;18;31;11
870.0;19;31;16;18;125;30;20;31;10
876.0;20;30;16;17;127;31;17;32;10
882.0;23;26;20;19;125;29;16;31;11
888.0;21;27;21;20;124;28;16;30;13
894.0;21;28;17;22;125;30;14;30;13
900.0;20;28;18;23;124;30;15;30;12
906.0;18;29;18;22;126;30;15;31;11
912.0;16;31;17;23;126;29;18;29;11
918.0;16;32;16;24;126;28;18;28;12
924.0;15;35;16;25;127;27;18;26;11
930.0;14;35;16;26;127;27;19;26;10
936.0;13;37;17;28;125;29;17;25;9
942.0;14;37;17;30;126;30;15;24;7
948.0;13;36;17;29;129;29;14;24;9
954.0;14;37;18;27;132;27;15;23;7
960.0;16;37;19;25;131;28;13;23;8
966.0;12;40;18;22;133;29;15;23;8
972.0;11;40;18;21;135;28;15;24;8
978.0;13;39;18;23;135;26;13;26;7
984.0;12;39;17;23;138;28;13;25;5
990.0;12;38;17;25;137;26;13;26;6
996.0;12;38;16;24;136;27;13;28;6
1002.0;11;36;17;23;137;26;13;28;9
1008.0;9;34;17;23;141;24;13;28;11
1014.0;8;34;19;24;140;24;14;27;10
1020.0;9;32;19;24;139;26;15;26;10
1026.0;9;31;19;21;139;26;16;27;12
1032.0;11;28;24;24;141;22;15;26;9
1038.0;11;28;24;24;141;24;14;25;9
1044.0;12;27;22;24;143;23;13;27;9
1050.0;13;24;23;28;141;20;11;28;12
1056.0;11;24;18;25;142;22;14;30;14
1062.0;12;25;20;22;143;23;12;31;12
1068.0;11;25;20;23;142;22;13;32;12
1074.0;9;25;22;23;143;22;13;30;13
1080.0;9;25;23;23;142;21;13;31;13
1086.0;10;28;23;22;141;21;10;31;14
1092.0;10;28;23;21;141;24;8;33;12
1098.0;10;28;24;22;141;24;8;32;11
1104.0;10;25;20;23;145;26;9;32;10
1110.0;14;26;21;24;145;25;8;29;8
1116.0;14;24;20;24;147;25;6;33;7
1122.0;14;23;21;24;146;25;7;32;8
1128.0;14;21;21;25;146;26;7;32;8
1134.0;14;21;24;28;143;26;7;29;8
1140.0;13;20;23;33;143;28;6;26;8
1146.0;13;20;19;34;145;26;5;29;9
1152.0;13;23;18;36;144;24;6;28;8
1158.0;15;22;20;37;143;24;6;25;8
1164.0;14;21;20;36;143;24;8;27;7
1170.0;13;22;19;34;144;25;9;27;7
1176.0;11;24;17;33;143;27;13;25;7
1182.0;12;25;15;33;142;28;13;23;9
1188.0;13;26;15;31;143;25;13;24;10
1194.0;12;25;17;31;141;23;15;25;11
1200.0;15;25;16;31;141;21;15;25;11
1206.0;17;25;17;32;140;19;14;25;11
1212.0;16;26;19;30;140;19;12;25;13
1218.0;16;26;14;31;143;19;13;24;14
1224.0;17;25;15;32;140;20;13;23;15
1230.0;15;26;16;29;141;21;15;23;14
1236.0;16;25;14;31;144;21;12;21;16
1242.0;14;22;13;33;145;24;11;25;13
1248.0;12;22;14;35;146;23;12;25;11
1254.0;13;21;10;37;148;23;12;25;11
1260.0;13;22;10;36;149;22;13;23;12
1266.0;15;22;11;34;149;22;11;24;12
1272.0;15;23;10;32;148;21;13;24;14
1278.0;15;26;11;30;149;19;13;23;14
1284.0;14;24;9;30;151;18;14;27;13
1290.0;12;26;8;32;148;19;14;27;14
1296.0;12;26;8;29;148;22;18;26;11
1302.0;13;26;10;29;147;21;18;27;9
1308.0;12;26;11;30;146;21;17;28;9
1314.0;10;27;12;31;147;23;17;22;11
1320.0;9;28;10;29;147;23;17;25;12
1326.0;8;27;10;31;147;23;17;24;13
1332.0;10;27;12;30;147;26;14;23;11
1338.0;13;27;10;31;147;24;15;22;11
1344.0;16;27;11;32;146;23;12;20;13
1350.0;18;24;9;33;146;24;14;20;12
1356.0;18;22;10;31;147;26;12;20;14
1362.0;15;26;13;31;147;22;11;18;17
1368.0;15;28;13;31;145;20;14;18;16
1374.0;14;28;13;30;145;20;15;17;18
1380.0;15;30;11;30;144;19;16;16;19
1386.0;14;31;12;27;144;24;14;15;19
1392.0;11;31;13;27;144;25;16;16;17
1398.0;10;30;11;27;146;25;18;15;18
1404.0;9;30;10;28;145;27;19;16;16
1410.0;10;32;12;29;145;27;16;15;14
1416.0;10;32;10;30;145;26;16;16;15
1422.0;8;33;11;28;146;26;14;18;16
1428.0;12;31;10;30;146;26;12;17;16
1434.0;14;29;8;30;145;25;13;18;18
1440.0;14;28;9;28;146;24;14;18;19
1446.0;15;28;8;30;147;24;14;17;17
1452.0;16;27;8;30;146;25;15;15;18
1458.0;16;26;10;30;145;28;17;12;16
1464.0;15;26;11;31;145;30;15;13;14
1470.0;12;27;11;29;148;31;15;15;12
1476.0;11;28;10;27;152;27;15;17;13
1482.0;11;28;9;24;152;29;16;17;14
1488.0;11;29;11;22;150;27;18;18;14
1494.0;9;30;11;20;150;27;19;19;15
1500.0;10;29;11;19;150;27;20;21;13
1506.0;12;24;11;17;150;30;20;22;14
1512.0;9;24;14;14;150;30;21;22;16
1518.0;8;23;15;15;151;30;21;23;14
1524.0;7;22;13;17;151;30;21;23;16
1530.0;7;21;12;18;151;30;20;23;18
1536.0;10;22;12;20;151;28;18;20;19
1542.0;11;24;11;21;152;25;17;20;19
1548.0;8;24;11;18;151;26;18;20;24
1554.0;10;26;10;21;148;26;17;20;22
1560.0;9;27;13;23;146;23;17;19;23
1566.0;9;26;15;21;146;25;16;18;24
1572.0;13;27;14;19;146;27;13;20;21
1578.0;12;28;16;18;145;25;14;22;20
1584.0;11;28;18;17;144;26;12;25;19
1590.0;13;28;17;17;142;23;14;25;21
1596.0;14;29;13;18;140;25;14;26;21
1602.0;16;30;15;18;139;25;14;25;18
1608.0;15;29;15;19;140;25;13;26;18
1614.0;16;28;16;21;140;22;13;26;18
1620.0;16;29;16;22;138;23;15;24;17
1626.0;18;29;16;22;138;22;14;23;18
1632.0;19;31;15;22;137;21;13;24;18
1638.0;18;29;16;23;137;20;13;26;18
1644.0;17;29;15;23;138;22;14;25;17
1650.0;17;29;13;25;138;25;15;25;13
1656.0;15;29;17;23;137;27;14;25;13
1662.0;13;28;16;25;138;27;15;23;15
1668.0;13;30;13;25;139;29;14;22;15
1674.0;12;30;13;22;139;31;15;24;14
1680.0;16;29;13;22;139;29;14;25;13
1686.0;16;28;14;21;140;30;14;25;12
1692.0;14;28;14;22;140;31;14;23;14
1698.0;14;29;12;23;141;30;14;23;14
1704.0;12;28;13;26;140;29;15;23;14
1710.0;9;29;14;29;141;29;12;24;13
1716.0;9;30;17;26;142;30;13;22;11
1722.0;10;28;16;25;142;31;14;23;11
1728.0;9;28;14;25;143;31;13;25;12
1734.0;9;29;12;25;144;29;13;27;12
1740.0;10;30;12;22;144;30;14;29;9
1746.0;10;30;10;21;143;36;15;26;9
1752.0;11;30;8;21;142;38;14;28;8
1758.0;10;31;8;23;140;35;16;29;8
1764.0;12;28;10;22;140;35;15;29;9
1770.0;12;26;14;22;141;36;10;29;10
1776.0;11;26;12;22;143;37;10;27;12
1782.0;13;27;14;23;141;36;11;25;10
1788.0;16;27;12;22;140;39;12;23;9
1794.0;15;27;15;21;140;38;13;24;7
