#auto generated file!
12.0;50;50;42;50;59;50;52;29;48
18.0;46;48;43;53;61;52;50;31;46
24.0;47;48;39;53;63;57;44;32;47
30.0;43;49;39;54;67;57;42;29;50
36.0;43;48;40;55;69;55;43;28;49
42.0;42;48;38;55;69;56;46;29;47
48.0;44;48;36;54;70;59;42;35;42
54.0;43;46;35;56;75;58;39;36;42
60.0;37;45;37;54;82;62;36;36;41
66.0;38;43;33;56;85;66;32;36;41
72.0;35;47;27;58;85;65;33;36;44
78.0;34;48;28;61;86;63;32;35;43
84.0;37;47;29;61;89;62;27;36;42
90.0;37;45;30;58;89;61;30;37;43
96.0;37;41;30;55;94;60;29;40;44
102.0;36;40;25;57;95;61;30;42;44
108.0;32;43;28;54;97;58;29;46;43
114.0;32;46;25;55;99;60;30;43;40
120.0;31;49;26;55;99;61;32;40;37
126.0;28;51;27;58;100;57;32;42;35
132.0;30;50;24;59;99;57;39;42;30
138.0;33;51;26;56;99;57;38;41;29
144.0;33;51;27;57;99;57;37;42;27
150.0;33;51;29;53;99;60;36;42;27
156.0;32;51;21;54;100;62;39;45;26
162.0;31;53;21;53;102;63;38;46;23
168.0;31;54;20;51;106;62;38;46;22
174.0;31;56;17;47;110;67;37;44;21
180.0;28;56;16;49;108;71;36;45;21
186.0;27;55;16;49;108;72;36;45;22
192.0;29;56;17;44;110;74;34;44;22
198.0;31;54;18;43;112;72;32;46;22
204.0;31;48;19;42;116;70;33;50;21
210.0;32;53;19;45;114;67;30;50;20
216.0;34;53;18;42;116;65;31;51;20
222.0;32;54;17;43;121;62;29;51;21
228.0;34;53;16;38;124;64;27;51;23
234.0;34;53;14;42;125;60;27;54;21
240.0;32;51;18;42;124;62;25;53;23
246.0;36;51;16;43;125;63;23;53;20
252.0;34;52;15;44;127;61;23;52;22
258.0;34;55;14;44;127;58;24;50;24
264.0;33;55;14;41;130;56;23;49;29
270.0;33;54;13;43;132;59;24;47;25
276.0;29;55;16;39;134;60;25;47;25
282.0;26;54;14;42;140;58;24;47;25
288.0;23;50;17;43;140;55;28;50;24
294.0;24;51;13;44;140;57;28;51;22
300.0;24;52;10;49;140;56;29;49;21
306.0;28;50;13;52;142;53;25;48;19
312.0;30;50;10;52;143;54;25;44;22
318.0;25;50;13;49;145;54;25;47;22
324.0;28;49;14;48;144;54;23;48;22
330.0;25;47;16;50;145;52;22;49;24
336.0;28;43;18;51;146;53;22;48;21
342.0;28;43;17;50;148;51;21;49;23
348.0;27;42;14;47;150;55;25;47;23
354.0;28;43;16;50;149;48;23;52;21
360.0;30;41;16;50;150;46;24;53;20
366.0;29;41;17;52;147;46;22;54;22
372.0;30;38;14;53;149;46;23;57;20
378.0;24;37;14;52;149;46;27;58;23
384.0;23;37;15;51;150;48;25;56;25
390.0;20;40;11;54;155;48;24;55;23
396.0;23;41;12;50;153;48;24;57;22
402.0;21;40;12;51;152;48;23;59;24
408.0;22;39;13;51;152;47;25;58;23
414.0;19;39;13;52;151;48;25;61;22
420.0;15;38;16;52;151;48;28;60;22
426.0;16;37;16;48;153;45;31;59;25
432.0;17;34;14;50;156;45;29;58;27
438.0;16;34;16;51;158;42;29;58;26
444.0;20;34;17;50;159;43;23;58;26
450.0;21;35;18;49;158;44;23;55;27
456.0;21;37;20;49;159;44;22;52;26
462.0;20;38;21;50;161;43;21;49;27
468.0;21;35;22;49;162;41;21;52;27
474.0;22;34;21;51;161;41;21;52;27
480.0;24;36;20;47;162;39;23;53;26
486.0;24;39;16;48;164;40;23;52;24
492.0;22;43;14;44;166;43;22;51;25
498.0;21;42;15;43;166;42;22;53;26
504.0;21;41;17;42;169;41;23;50;26
510.0;21;41;16;40;167;44;24;49;28
516.0;22;42;13;36;169;45;25;50;28
522.0;22;45;13;34;168;45;23;52;28
528.0;24;45;13;34;168;44;24;49;29
534.0;24;47;15;36;170;45;22;43;28
540.0;25;49;15;35;173;44;21;42;26
546.0;24;48;16;34;173;44;24;42;25
552.0;24;48;17;35;170;45;25;42;24
558.0;26;50;15;29;169;43;23;49;26
564.0;25;54;15;30;171;41;23;46;25
570.0;26;55;16;31;170;40;24;46;22
576.0;24;55;21;32;173;36;25;45;19
582.0;25;51;22;33;176;38;23;43;19
588.0;22;51;19;38;178;37;21;43;21
594.0;17;53;20;41;178;34;22;43;22
600.0;17;53;23;38;179;34;19;45;22
606.0;19;51;26;36;180;33;19;43;23
612.0;24;51;23;36;181;34;16;41;24
618.0;21;51;21;37;180;36;17;43;24
624.0;20;48;22;40;179;35;18;45;23
630.0;16;50;23;40;180;37;20;43;21
636.0;16;48;21;40;182;37;20;47;19
642.0;16;43;21;42;185;38;21;46;18
648.0;16;44;21;40;185;37;21;44;22
654.0;16;46;20;38;185;40;21;43;21
660.0;17;46;23;39;186;39;18;43;19
666.0;20;44;24;38;186;36;20;45;17
672.0;21;45;24;37;184;37;17;45;20
678.0;24;44;22;36;184;37;17;45;21
684.0;21;48;26;34;185;37;17;43;19
690.0;22;48;24;36;185;36;16;42;21
696.0;22;47;23;35;185;35;19;44;20
702.0;22;47;21;35;185;34;20;44;22
708.0;25;45;22;33;185;33;22;43;22
714.0;24;46;23;32;185;35;21;42;22
720.0;21;50;23;31;186;33;17;42;27
726.0;23;49;22;31;184;37;17;40;27
732.0;25;50;19;36;187;36;12;38;27
738.0;27;54;20;35;185;36;12;37;24
744.0;29;53;21;35;182;34;15;38;23
750.0;29;52;19;34;184;35;16;39;22
756.0;31;50;20;35;184;35;14;40;21
762.0;33;50;21;33;184;38;16;35;20
768.0;32;47;21;32;185;40;16;38;19
774.0;30;47;22;32;184;40;16;40;19
780.0;30;46;22;32;185;37;18;41;19
786.0;29;46;22;31;186;36;16;42;22
792.0;29;44;25;31;186;35;14;42;24
798.0;24;42;22;30;190;37;16;45;24
804.0;23;43;22;30;194;38;17;43;20
810.0;21;40;22;31;194;39;16;47;20
816.0;21;38;25;32;194;38;13;48;21
822.0;21;39;24;32;193;37;13;50;21
828.0;21;38;23;34;193;38;13;50;20
834.0;23;36;22;33;192;38;13;51;22
840.0;20;36;20;36;194;35;16;50;23
846.0;18;35;21;36;193;36;16;50;25
852.0;19;34;19;39;194;35;15;50;25
858.0;19;36;22;39;191;35;18;52;18
864.0;18;37;20;39;192;34;19;50;21
870.0;17;36;26;40;191;30;21;48;21
876.0;17;38;25;40;192;29;21;47;21
882.0;20;35;26;37;188;30;21;50;23
888.0;24;37;24;34;189;27;22;51;22
894.0;23;36;23;36;191;26;23;52;20
900.0;21;35;24;39;191;27;22;51;20
906.0;21;34;25;38;193;26;22;49;22
912.0;21;35;26;36;193;25;20;48;26
918.0;20;34;23;37;194;27;20;49;26
924.0;21;38;20;37;196;26;19;48;25
930.0;20;37;20;40;194;25;18;47;29
936.0;20;39;16;39;196;25;22;46;27
942.0;20;39;17;39;194;26;25;44;26
948.0;20;35;18;39;194;29;26;46;23
954.0;19;36;20;40;193;27;25;48;22
960.0;18;39;16;39;195;26;27;47;23
966.0;17;40;24;38;196;25;29;40;21
972.0;20;40;24;39;196;28;27;38;18
978.0;21;41;23;40;195;27;28;35;20
984.0;22;38;25;38;197;31;28;34;17
990.0;22;40;23;42;193;32;24;38;16
996.0;23;42;23;44;191;30;22;40;15
1002.0;23;37;23;43;193;30;22;41;18
1008.0;24;38;21;42;197;30;21;41;16
1014.0;21;38;21;43;197;31;22;41;16
1020.0;22;38;21;40;200;34;19;42;14
1026.0;20;41;18;39;203;34;17;44;14
1032.0;20;41;19;40;199;36;16;45;14
1038.0;18;41;20;41;201;39;13;46;11
1044.0;18;41;18;40;201;39;14;46;13
1050.0;19;39;21;40;198;39;16;45;13
1056.0;19;39;20;40;198;42;13;44;15
1062.0;21;43;17;40;197;42;15;42;13
1068.0;22;46;15;38;199;43;11;43;13
1074.0;23;48;15;35;198;45;14;42;10
1080.0;22;47;15;37;196;47;15;39;12
1086.0;19;49;15;37;197;46;15;38;14
1092.0;18;46;14;36;194;47;21;40;14
1098.0;19;47;15;33;196;46;20;39;15
1104.0;21;43;11;34;200;50;19;39;13
1110.0;22;42;10;36;199;47;18;42;14
1116.0;22;40;11;38;198;46;19;43;13
1122.0;21;38;12;40;197;46;20;43;13
1128.0;22;40;11;39;198;48;15;42;15
1134.0;20;42;12;39;197;48;18;40;14
1140.0;20;41;14;38;198;47;17;39;16
1146.0;24;41;14;37;196;45;17;39;17
1152.0;25;39;13;32;198;47;18;39;19
1158.0;27;33;14;35;197;49;17;37;21
1164.0;28;34;14;35;194;47;18;38;22
1170.0;30;32;13;37;195;45;19;39;20
1176.0;27;34;13;36;195;46;19;38;22
1182.0;24;34;14;36;193;47;20;42;20
1188.0;27;33;15;35;191;49;18;43;19
1194.0;28;33;13;35;196;47;18;43;17
1200.0;24;34;16;42;192;47;17;42;16
1206.0;24;35;16;42;190;44;18;42;19
1212.0;26;35;16;40;193;44;17;40;19
1218.0;23;38;17;38;195;40;19;40;20
1224.0;21;36;20;36;194;39;20;43;21
1230.0;22;36;21;39;194;39;19;40;20
1236.0;23;35;16;40;193;40;21;41;21
1242.0;22;30;14;38;200;41;25;39;21
1248.0;20;32;17;41;200;40;23;39;18
1254.0;19;31;17;40;202;41;24;38;18
1260.0;18;31;18;40;205;38;23;41;16
1266.0;18;33;16;45;203;38;22;39;16
1272.0;17;33;20;43;205;36;22;39;15
1278.0;16;34;18;45;206;36;20;38;17
1284.0;14;37;17;43;206;38;17;40;18
1290.0;13;39;16;43;206;35;20;42;16
1296.0;15;39;17;42;205;34;20;41;17
1302.0;17;40;19;43;203;36;18;40;14
1308.0;14;40;20;46;203;37;17;39;14
1314.0;13;44;20;48;198;36;20;34;17
1320.0;14;44;23;47;200;31;18;34;19
1326.0;14;46;21;47;200;32;20;31;19
1332.0;15;48;24;47;201;30;18;32;15
1338.0;16;46;25;45;203;29;16;33;17
1344.0;15;43;22;42;206;31;18;34;19
1350.0;15;43;21;39;207;32;17;38;18
1356.0;14;44;19;39;211;31;16;39;17
1362.0;15;44;18;41;209;30;17;39;17
1368.0;16;47;12;43;209;30;18;38;17
1374.0;12;47;12;41;212;30;18;40;18
1380.0;12;47;12;41;210;33;17;41;17
1386.0;13;44;14;44;208;38;14;40;15
1392.0;12;40;18;43;207;39;15;41;15
1398.0;13;38;16;42;207;40;13;43;18
1404.0;10;40;16;40;208;41;14;43;18
1410.0;10;38;15;42;207;42;13;44;19
1416.0;9;38;16;38;208;41;14;45;21
1422.0;9;40;18;37;206;43;16;42;19
1428.0;10;39;19;39;202;43;17;44;17
1434.0;12;39;19;39;202;45;17;42;15
1440.0;11;38;20;41;203;45;16;42;14
1446.0;11;39;16;41;204;45;18;42;14
1452.0;11;39;15;41;204;42;21;40;17
1458.0;10;39;20;42;203;40;23;38;15
1464.0;10;42;18;41;203;43;24;39;10
1470.0;9;40;18;42;204;41;24;42;10
1476.0;11;41;17;45;200;40;24;42;10
1482.0;11;41;17;44;202;40;23;41;11
1488.0;12;40;17;43;202;39;23;41;13
1494.0;11;37;16;47;203;40;21;42;13
1500.0;16;36;16;45;202;41;22;42;10
1506.0;16;37;16;46;202;44;19;40;10
1512.0;17;39;15;45;201;41;18;41;13
1518.0;14;39;17;42;202;44;20;39;13
1524.0;15;41;18;41;200;41;21;39;14
1530.0;16;43;18;42;199;38;20;39;15
1536.0;14;43;20;46;198;37;18;39;15
1542.0;16;45;16;41;196;41;20;39;16
1548.0;17;43;16;39;200;42;20;36;17
1554.0;16;44;18;38;202;40;19;39;14
1560.0;14;44;16;38;202;42;20;40;14
1566.0;19;47;12;38;201;40;20;39;14
1572.0;19;48;15;39;199;41;19;37;13
1578.0;21;50;18;41;198;40;17;34;11
1584.0;19;50;19;41;199;39;18;33;12
1590.0;19;49;20;41;199;40;19;33;10
1596.0;19;51;17;42;199;42;18;31;11
1602.0;18;46;21;42;200;41;18;31;13
1608.0;18;43;20;42;201;40;18;33;15
1614.0;20;46;17;40;201;39;18;35;14
1620.0;23;44;18;43;199;38;18;34;13
1626.0;21;43;17;45;200;41;17;33;13
1632.0;20;43;17;44;201;40;17;35;13
1638.0;20;43;17;45;202;40;17;33;13
1644.0;18;43;18;46;203;40;16;32;14
1650.0;20;40;18;46;202;41;17;33;13
1656.0;19;43;18;47;201;37;18;34;13
1662.0;18;44;20;43;202;35;19;37;12
1668.0;18;43;20;44;203;33;18;39;12
1674.0;20;44;19;44;200;31;18;41;13
1680.0;18;45;19;44;201;31;17;41;14
1686.0;21;42;17;43;200;30;18;42;17
1692.0;22;43;16;43;200;28;19;41;18
1698.0;20;41;16;45;199;29;18;41;21
1704.0;22;39;17;47;196;28;17;42;22
1710.0;23;37;19;49;195;24;17;43;23
1716.0;22;37;20;48;192;29;19;42;21
1722.0;26;38;14;49;192;32;19;41;19
1728.0;27;41;12;46;189;28;22;45;20
1734.0;27;41;13;48;188;30;23;44;16
1740.0;27;43;13;46;189;31;22;43;16
1746.0;26;42;12;43;187;38;20;42;20
1752.0;25;43;11;46;185;40;18;42;20
1758.0;25;44;9;46;185;42;19;41;19
1764.0;24;47;10;45;186;38;19;39;22
1770.0;22;50;13;46;186;36;13;41;23
1776.0;26;48;12;46;186;35;13;41;23
1782.0;23;47;10;46;187;34;12;43;28
1788.0;22;49;15;47;184;33;11;46;23
1794.0;23;50;12;47;183;35;10;44;26
