#auto generated file!
12.0;25;24;33;25;23;24;33;33;30
18.0;26;25;36;27;26;23;26;35;26
24.0;27;25;35;29;27;24;24;31;28
30.0;25;24;31;29;29;26;25;32;29
36.0;26;26;30;30;31;25;22;34;26
42.0;29;29;27;30;31;25;21;33;25
48.0;29;27;25;32;34;26;24;35;18
54.0;30;28;24;32;38;27;22;34;15
60.0;27;28;25;33;39;28;24;33;13
66.0;26;28;25;31;38;27;24;37;14
72.0;25;29;25;33;38;28;24;36;12
78.0;24;28;23;34;38;28;25;37;13
84.0;23;29;24;34;40;28;25;36;11
90.0;24;28;24;35;40;27;25;34;13
96.0;26;28;23;39;41;27;21;34;11
102.0;25;26;19;41;41;30;21;33;14
108.0;24;24;16;44;43;31;19;37;12
114.0;24;25;16;42;47;30;18;36;12
120.0;19;27;14;44;47;31;17;37;14
126.0;17;24;15;42;48;31;18;40;15
132.0;22;26;16;39;46;30;19;39;13
138.0;22;26;15;40;47;28;19;38;15
144.0;22;28;15;38;49;28;19;37;14
150.0;19;31;15;39;50;27;18;38;13
156.0;20;32;15;38;50;26;20;34;15
162.0;17;33;16;38;49;26;21;35;15
168.0;16;32;16;37;50;28;21;33;17
174.0;15;33;16;36;52;29;19;33;17
180.0;15;32;14;38;51;28;22;32;18
186.0;18;33;14;38;50;27;20;31;19
192.0;18;31;15;38;53;25;20;31;19
198.0;16;32;12;40;55;25;19;31;20
204.0;16;31;13;39;55;27;18;33;18
210.0;18;32;11;38;55;26;17;32;21
216.0;18;35;13;37;54;27;16;32;18
222.0;17;37;16;35;54;29;15;29;18
228.0;17;36;15;35;57;31;15;29;15
234.0;20;36;16;33;58;29;14;29;15
240.0;20;35;20;31;58;30;11;30;15
246.0;18;34;18;30;60;30;14;32;14
252.0;21;31;16;30;58;31;16;33;14
258.0;19;30;14;30;59;32;17;34;15
264.0;18;29;15;29;59;32;17;32;19
270.0;17;28;11;32;65;29;15;34;19
276.0;15;31;8;33;67;30;17;33;16
282.0;14;32;9;33;67;32;18;30;15
288.0;14;32;8;32;67;33;17;30;17
294.0;15;32;11;30;70;30;17;28;17
300.0;15;30;12;31;70;32;17;28;15
306.0;18;30;11;32;68;31;16;27;17
312.0;16;30;12;34;67;33;18;27;13
318.0;16;32;12;35;70;30;15;26;14
324.0;19;33;12;34;70;28;16;25;13
330.0;18;31;11;35;72;29;15;26;13
336.0;17;29;11;33;73;30;16;27;14
342.0;18;32;9;33;74;29;15;27;13
348.0;20;32;9;30;78;27;16;27;11
354.0;19;30;11;30;79;26;19;21;15
360.0;17;28;14;30;81;27;19;22;12
366.0;16;27;13;27;85;27;19;22;14
372.0;17;27;14;26;83;28;20;21;14
378.0;17;26;12;22;84;30;21;24;14
384.0;18;28;12;22;84;25;22;25;14
390.0;17;29;13;23;87;25;21;22;13
396.0;19;29;13;24;86;26;19;25;9
402.0;18;30;12;24;86;25;18;27;10
408.0;17;28;13;24;88;27;21;25;7
414.0;20;28;12;25;88;24;24;22;7
420.0;19;28;12;26;90;23;24;21;7
426.0;17;29;11;26;92;19;24;23;9
432.0;17;29;9;25;91;19;26;25;9
438.0;17;28;10;23;94;19;25;24;10
444.0;14;27;10;23;97;19;22;27;11
450.0;15;26;10;24;98;19;23;23;12
456.0;17;26;9;23;102;20;19;23;11
462.0;15;24;9;24;100;21;19;26;12
468.0;17;22;9;23;101;21;19;26;12
474.0;17;21;8;24;101;23;19;26;11
480.0;14;22;6;25;103;22;18;27;13
486.0;14;23;7;24;103;24;16;26;13
492.0;16;23;8;25;103;23;16;24;12
498.0;18;22;11;26;101;21;14;24;13
504.0;17;23;11;24;104;21;13;25;12
510.0;17;23;9;23;104;21;14;25;14
516.0;16;24;10;24;101;20;14;26;15
522.0;13;22;8;23;102;23;15;26;18
528.0;17;22;6;23;105;25;12;25;15
534.0;16;23;7;24;105;26;12;23;14
540.0;16;22;7;23;103;28;12;25;14
546.0;15;24;8;22;103;28;12;25;13
552.0;15;25;5;22;101;28;12;28;14
558.0;14;23;6;22;104;28;12;26;15
564.0;14;24;6;23;104;27;11;25;16
570.0;13;24;7;23;104;26;12;25;16
576.0;12;23;7;23;107;27;11;24;16
582.0;12;22;8;22;108;25;12;24;17
588.0;12;21;7;23;109;25;13;23;17
594.0;12;22;5;19;110;25;17;24;16
600.0;12;24;7;18;110;26;15;23;15
606.0;15;24;4;19;107;26;16;24;15
612.0;15;22;5;19;108;28;15;23;15
618.0;14;24;7;20;106;27;13;24;15
624.0;15;24;8;21;106;27;14;21;14
630.0;14;21;8;23;109;26;15;21;13
636.0;13;22;10;23;107;27;13;21;14
642.0;14;25;9;23;107;26;10;21;15
648.0;13;29;10;23;108;25;9;20;13
654.0;13;30;9;25;108;22;8;21;14
660.0;15;31;8;23;106;22;7;21;17
666.0;17;30;6;27;106;21;7;20;16
672.0;15;32;7;26;102;23;8;21;16
678.0;16;31;8;25;99;22;11;24;14
684.0;17;34;7;25;98;22;11;24;12
690.0;16;35;8;28;95;23;12;24;9
696.0;15;32;12;30;96;22;12;22;9
702.0;17;31;12;28;97;21;12;23;9
708.0;18;27;10;29;97;21;11;28;9
714.0;19;26;11;26;96;22;11;28;11
720.0;16;24;13;26;99;21;12;27;12
726.0;16;26;10;28;99;23;12;25;11
732.0;15;27;10;26;100;25;11;26;10
738.0;13;27;10;25;98;28;11;25;13
744.0;17;27;9;24;103;24;10;24;12
750.0;17;27;9;26;104;23;10;23;11
756.0;16;24;11;25;106;22;12;23;11
762.0;19;25;10;23;105;21;13;23;11
768.0;20;28;9;22;105;22;11;24;9
774.0;21;27;10;21;105;23;13;21;9
780.0;17;24;10;22;110;27;13;20;7
786.0;19;24;9;23;111;25;12;20;7
792.0;17;24;8;24;112;27;11;19;8
798.0;14;22;11;26;112;27;11;19;8
804.0;15;19;10;29;113;26;11;19;8
810.0;17;19;12;27;112;25;10;19;9
816.0;16;19;12;27;112;25;10;19;10
822.0;14;21;12;28;113;23;10;20;9
828.0;12;20;13;31;113;24;11;18;8
834.0;10;20;12;31;111;25;11;19;11
840.0;11;20;10;30;115;25;10;18;11
846.0;10;21;10;30;114;26;10;16;13
852.0;10;19;13;29;113;26;12;17;11
858.0;9;19;12;32;113;27;11;17;10
864.0;9;19;10;30;114;28;11;19;10
870.0;8;20;12;29;116;28;10;17;10
876.0;10;20;9;30;116;25;9;21;10
882.0;11;21;10;33;115;24;8;21;7
888.0;11;21;12;31;114;23;9;22;7
894.0;12;22;11;28;114;21;12;22;8
900.0;9;23;8;28;112;23;13;23;11
906.0;8;22;7;27;110;25;16;23;12
912.0;11;22;7;27;105;27;16;22;13
918.0;11;23;5;28;106;27;16;19;15
924.0;11;22;5;29;106;28;16;19;14
930.0;12;23;6;28;106;28;16;19;12
936.0;11;23;8;26;106;27;17;19;13
942.0;10;22;8;25;106;27;19;20;13
948.0;13;23;6;25;105;26;18;22;12
954.0;12;22;6;26;108;26;16;21;13
960.0;15;24;7;27;107;24;14;20;12
966.0;16;24;5;26;108;23;14;22;12
972.0;14;30;5;26;105;23;12;22;13
978.0;13;28;7;26;105;25;12;22;12
984.0;12;31;8;26;106;23;12;22;10
990.0;12;31;8;29;105;22;12;20;11
996.0;11;32;7;28;106;20;12;20;14
1002.0;10;29;7;28;106;21;15;20;14
1008.0;7;28;7;30;108;23;14;20;13
1014.0;7;27;7;32;108;22;11;20;16
1020.0;8;25;7;35;106;22;11;21;15
1026.0;8;24;10;34;104;22;11;24;13
1032.0;7;26;10;31;103;22;12;25;14
1038.0;7;26;11;31;103;21;14;23;14
1044.0;7;25;12;29;104;21;14;25;13
1050.0;7;25;11;26;103;23;15;27;13
1056.0;7;24;12;25;104;23;15;29;11
1062.0;9;22;12;25;105;24;15;29;9
1068.0;10;22;11;25;107;24;11;29;11
1074.0;12;22;10;24;108;26;10;28;10
1080.0;12;24;7;23;108;26;12;28;10
1086.0;12;23;8;24;110;24;12;28;9
1092.0;14;24;9;24;110;24;12;26;7
1098.0;16;22;11;23;109;24;13;26;6
1104.0;14;23;9;24;110;25;12;26;7
1110.0;13;21;12;26;108;26;11;26;7
1116.0;12;19;16;25;107;28;9;26;8
1122.0;13;17;15;28;105;29;9;24;10
1128.0;13;20;16;28;105;28;10;24;6
1134.0;13;20;16;26;103;30;12;23;7
1140.0;13;19;17;28;104;30;10;21;8
1146.0;12;16;21;26;104;30;9;24;8
1152.0;16;18;20;24;107;31;6;22;6
1158.0;16;19;17;24;106;32;7;24;5
1164.0;16;16;16;24;109;30;10;24;5
1170.0;16;15;15;25;109;31;12;24;3
1176.0;17;13;13;24;112;34;11;22;4
1182.0;20;13;10;24;113;31;11;21;7
1188.0;19;14;10;24;113;29;12;22;7
1194.0;19;14;10;23;113;29;12;22;8
1200.0;19;14;9;24;114;29;11;24;6
1206.0;19;15;10;24;113;28;11;24;6
1212.0;19;16;11;24;113;26;11;23;7
1218.0;16;16;14;24;114;25;12;24;5
1224.0;18;17;13;24;116;22;13;25;2
1230.0;19;16;12;25;116;23;11;25;3
1236.0;15;17;10;25;116;23;14;26;4
1242.0;15;16;9;27;118;22;13;26;4
1248.0;18;18;7;29;115;23;12;23;5
1254.0;18;18;7;29;114;23;13;22;6
1260.0;18;18;10;27;114;22;13;23;5
1266.0;16;14;11;28;114;21;16;23;7
1272.0;17;13;12;28;113;22;16;23;6
1278.0;16;14;13;26;111;24;17;21;8
1284.0;15;15;13;26;112;24;16;20;9
1290.0;14;14;15;26;113;22;15;21;10
1296.0;13;14;13;28;113;22;14;22;11
1302.0;13;16;14;26;113;23;13;22;10
1308.0;14;15;14;25;113;22;13;24;10
1314.0;12;16;14;25;112;22;16;24;9
1320.0;15;16;16;25;112;19;14;23;10
1326.0;15;18;13;26;114;18;13;23;10
1332.0;14;19;12;25;115;20;12;22;11
1338.0;14;17;12;23;115;21;12;24;12
1344.0;14;14;16;23;114;19;12;26;12
1350.0;15;15;15;21;115;19;13;27;10
1356.0;13;16;15;24;118;17;11;27;9
1362.0;11;17;15;25;118;17;10;28;9
1368.0;11;19;16;24;115;19;9;29;8
1374.0;12;21;15;24;114;17;10;29;8
1380.0;11;22;14;24;116;19;9;28;7
1386.0;12;22;14;26;116;19;7;26;8
1392.0;12;20;13;25;116;22;7;27;8
1398.0;12;20;14;21;117;20;10;27;9
1404.0;12;20;16;23;117;18;10;26;8
1410.0;10;24;16;23;117;18;11;26;5
1416.0;8;24;16;24;115;19;11;25;8
1422.0;8;21;18;26;115;18;12;24;8
1428.0;7;22;19;26;113;18;14;24;7
1434.0;7;22;20;25;108;19;15;26;8
1440.0;6;23;20;26;107;18;14;28;8
1446.0;7;21;19;25;109;17;14;29;9
1452.0;7;23;16;26;109;19;13;29;8
1458.0;11;20;16;25;111;17;16;28;6
1464.0;9;19;17;28;112;15;15;29;6
1470.0;10;19;17;32;112;15;11;26;8
1476.0;9;21;16;33;112;16;9;26;8
1482.0;8;22;15;33;112;16;9;26;9
1488.0;11;23;14;32;112;17;7;26;8
1494.0;10;23;13;31;114;18;6;27;8
1500.0;8;25;13;31;116;17;6;27;7
1506.0;10;26;13;30;115;17;5;27;7
1512.0;11;29;13;28;114;19;6;25;5
1518.0;10;29;12;25;115;20;6;27;6
1524.0;11;28;12;26;115;19;6;27;6
1530.0;11;26;12;25;118;20;5;26;7
1536.0;10;27;11;25;119;20;5;26;7
1542.0;9;28;9;24;118;21;7;25;9
1548.0;9;28;8;23;119;23;7;24;9
1554.0;7;27;9;23;119;22;8;23;12
1560.0;9;29;8;21;121;21;9;22;10
1566.0;9;29;7;20;117;21;10;25;12
1572.0;7;32;7;21;115;20;11;24;13
1578.0;11;29;7;23;111;22;7;27;13
1584.0;10;28;6;22;111;22;8;29;14
1590.0;10;29;7;21;114;22;9;27;11
1596.0;10;27;7;21;114;23;12;27;9
1602.0;11;24;9;20;114;24;12;27;9
1608.0;12;25;9;19;114;25;12;26;8
1614.0;14;24;9;19;117;25;10;25;7
1620.0;14;24;10;18;114;26;11;24;9
1626.0;15;23;7;17;116;27;12;24;9
1632.0;16;24;6;18;115;29;11;23;8
1638.0;16;22;6;18;113;31;13;22;9
1644.0;15;21;8;18;112;32;12;23;9
1650.0;16;22;9;18;114;31;10;20;10
1656.0;19;23;10;16;114;30;10;18;10
1662.0;14;21;8;19;114;31;11;19;13
1668.0;14;23;6;21;115;29;11;19;12
1674.0;14;23;5;21;114;29;12;20;12
1680.0;15;26;4;20;114;26;11;20;14
1686.0;13;27;4;21;114;23;12;20;16
1692.0;13;25;5;20;115;21;11;22;18
1698.0;12;23;6;20;115;22;13;22;17
1704.0;11;23;7;21;116;22;13;24;13
1710.0;11;23;7;19;117;23;11;25;14
1716.0;11;21;9;17;117;23;13;24;15
1722.0;11;20;11;17;117;23;13;24;14
1728.0;14;22;8;14;116;21;14;26;15
1734.0;14;22;8;13;115;22;15;26;15
1740.0;17;22;9;14;113;21;11;27;16
1746.0;17;21;9;17;113;22;10;25;16
1752.0;20;24;10;17;111;21;9;23;15
1758.0;16;25;12;18;110;21;8;23;17
1764.0;16;24;11;18;113;21;8;21;18
1770.0;17;22;10;18;114;21;9;20;19
1776.0;17;22;9;21;111;22;9;20;19
1782.0;18;24;6;22;113;21;9;20;17
1788.0;18;26;6;23;113;21;7;19;17
1794.0;18;25;5;22;113;21;10;20;16
