#auto generated file!
12.0;43;41;46;50;54;45;44;39;38
18.0;43;45;44;52;57;45;37;40;37
24.0;40;46;38;54;62;45;36;42;37
30.0;39;46;38;55;66;45;35;41;35
36.0;39;47;38;55;65;47;34;44;31
42.0;38;49;37;57;66;46;34;45;28
48.0;34;49;37;61;68;45;33;47;26
54.0;38;47;39;58;72;46;32;45;23
60.0;39;47;39;55;73;45;32;47;23
66.0;37;45;41;56;77;45;33;45;21
72.0;36;46;39;54;79;46;34;45;21
78.0;37;49;33;53;81;46;32;43;26
84.0;39;48;34;49;82;45;26;46;31
90.0;37;51;35;49;87;46;23;45;27
96.0;36;52;34;48;89;45;23;45;28
102.0;33;52;37;46;91;45;22;47;27
108.0;33;52;33;49;92;47;22;47;25
114.0;32;56;32;48;92;47;24;44;25
120.0;29;50;32;43;97;49;29;45;26
126.0;31;48;37;42;97;46;28;47;24
132.0;30;48;39;43;94;46;28;48;24
138.0;25;50;37;43;94;44;27;55;25
144.0;25;52;34;43;98;44;24;56;24
150.0;24;54;32;43;102;43;22;57;23
156.0;22;57;29;45;100;41;27;57;22
162.0;25;54;32;43;101;42;28;53;22
168.0;22;54;31;43;104;43;29;53;21
174.0;20;52;31;48;103;43;29;53;21
180.0;24;49;30;48;103;44;26;54;22
186.0;24;47;33;50;103;45;27;52;19
192.0;27;47;31;50;103;44;27;52;19
198.0;29;49;30;52;103;44;29;46;18
204.0;31;46;29;52;105;49;25;44;19
210.0;30;48;28;54;107;47;25;42;19
216.0;29;50;24;56;107;45;24;44;21
222.0;30;51;23;53;106;47;23;46;21
228.0;28;47;26;56;110;43;22;46;22
234.0;28;48;23;57;111;42;25;44;22
240.0;26;49;21;55;111;43;25;47;23
246.0;23;49;24;54;112;45;25;44;24
252.0;26;49;24;53;111;45;25;44;23
258.0;29;51;23;52;111;45;25;42;22
264.0;27;51;23;54;111;47;25;43;19
270.0;28;52;23;54;112;47;23;44;17
276.0;28;49;22;51;115;44;23;45;23
282.0;26;47;24;52;117;42;21;46;25
288.0;28;45;24;50;115;40;21;47;30
294.0;27;42;24;51;116;41;22;47;30
300.0;28;40;26;50;118;41;23;43;31
306.0;27;40;28;50;118;40;25;43;29
312.0;26;38;30;52;118;39;21;45;31
318.0;23;37;32;52;123;38;19;47;29
324.0;21;39;29;51;126;39;19;46;30
330.0;26;41;23;52;126;41;17;44;30
336.0;25;40;20;52;127;44;15;45;32
342.0;24;40;23;50;126;46;15;43;33
348.0;23;40;25;52;125;47;15;43;30
354.0;25;38;24;51;128;47;16;41;30
360.0;28;39;23;50;129;47;17;38;29
366.0;28;40;24;50;127;47;17;40;27
372.0;30;41;25;51;125;48;19;35;26
378.0;30;43;18;54;126;47;22;34;26
384.0;28;46;18;53;127;47;19;34;28
390.0;28;49;15;49;130;51;17;35;26
396.0;29;50;17;50;130;50;18;32;24
402.0;28;52;18;48;129;51;18;34;22
408.0;26;52;14;44;131;58;20;33;22
414.0;26;52;17;41;130;57;22;34;21
420.0;28;52;18;38;128;61;19;34;22
426.0;26;52;19;34;131;61;18;36;23
432.0;25;49;18;35;133;59;21;35;25
438.0;24;51;19;35;134;58;19;37;23
444.0;24;49;19;35;132;59;20;37;25
450.0;22;50;20;35;133;59;21;36;24
456.0;24;46;20;39;133;56;21;36;25
462.0;24;46;19;38;134;57;20;36;26
468.0;24;47;22;36;135;51;22;37;26
474.0;22;49;20;33;136;50;25;41;24
480.0;22;49;20;35;134;45;27;41;27
486.0;22;51;16;39;133;44;27;40;28
492.0;20;51;16;40;134;43;25;41;30
498.0;23;55;14;39;131;45;23;41;29
504.0;23;56;14;43;130;42;26;41;25
510.0;23;59;14;42;132;42;24;39;25
516.0;25;59;17;41;133;41;23;36;25
522.0;18;56;20;42;133;42;23;39;27
528.0;19;53;19;41;134;44;24;39;27
534.0;18;50;21;43;135;40;26;38;29
540.0;19;49;24;43;136;43;20;39;27
546.0;18;47;23;46;140;41;20;41;24
552.0;18;47;24;44;138;42;21;41;25
558.0;20;45;26;49;137;40;20;40;23
564.0;21;44;26;48;136;39;19;43;24
570.0;19;45;26;48;140;38;21;41;22
576.0;17;44;25;49;143;38;21;44;19
582.0;16;46;24;49;144;37;21;44;19
588.0;16;45;23;48;147;37;20;43;21
594.0;17;47;24;48;148;37;18;40;21
600.0;17;45;22;48;152;35;19;42;20
606.0;18;45;21;48;151;37;16;42;22
612.0;21;43;22;50;150;37;17;43;17
618.0;23;45;23;50;149;36;15;44;15
624.0;21;42;22;49;149;36;14;47;20
630.0;20;42;23;48;149;33;15;48;22
636.0;22;43;25;44;151;32;13;50;20
642.0;21;44;24;43;152;33;12;51;20
648.0;22;44;23;41;151;35;12;53;19
654.0;20;41;23;41;152;36;13;52;22
660.0;22;41;20;41;151;37;14;51;23
666.0;19;37;22;41;158;37;10;49;27
672.0;16;38;22;40;162;41;12;45;24
678.0;15;38;20;40;164;42;14;44;23
684.0;15;35;21;42;168;43;12;43;21
690.0;12;38;16;40;169;45;13;45;22
696.0;14;37;17;40;170;45;14;42;21
702.0;14;36;20;40;171;47;12;40;20
708.0;17;37;20;39;171;47;12;40;17
714.0;16;35;20;36;170;47;16;39;21
720.0;16;33;19;39;171;47;16;39;20
726.0;13;35;17;41;172;50;14;37;21
732.0;16;35;18;41;172;48;11;39;20
738.0;11;35;20;40;174;48;12;40;20
744.0;12;35;24;38;176;45;13;37;20
750.0;15;36;22;37;176;43;13;37;21
756.0;16;36;21;39;177;41;13;35;22
762.0;16;35;21;39;174;41;15;37;22
768.0;16;36;21;39;175;41;17;35;20
774.0;16;37;20;45;175;38;15;32;22
780.0;17;36;20;44;176;39;15;31;22
786.0;12;37;20;45;172;38;19;35;22
792.0;10;36;20;47;171;40;17;35;24
798.0;12;33;20;49;174;40;16;33;23
804.0;12;33;17;45;176;41;17;33;26
810.0;12;33;17;47;181;38;16;30;26
816.0;17;31;19;48;180;37;14;30;24
822.0;18;32;21;46;180;37;13;28;25
828.0;18;30;20;47;181;38;13;31;22
834.0;20;30;19;48;180;38;14;31;20
840.0;18;29;18;49;185;36;14;32;19
846.0;20;29;17;49;181;40;14;32;18
852.0;23;29;15;49;182;40;14;30;18
858.0;20;32;13;48;180;42;15;31;19
864.0;18;32;15;46;180;42;16;33;18
870.0;17;32;14;46;182;38;19;34;18
876.0;18;35;16;45;179;35;20;31;21
882.0;17;35;17;45;178;35;20;32;21
888.0;13;37;17;47;179;35;19;32;21
894.0;14;35;20;45;176;34;20;33;23
900.0;9;38;20;43;176;35;19;34;26
906.0;11;41;22;43;175;35;18;35;20
912.0;12;43;20;40;175;36;18;38;18
918.0;13;42;19;37;174;39;20;38;18
924.0;12;41;19;37;171;42;20;40;18
930.0;10;42;17;38;174;45;18;41;15
936.0;12;42;20;34;174;44;17;41;16
942.0;13;45;21;35;173;43;15;40;15
948.0;13;45;20;36;173;41;17;41;14
954.0;13;44;24;36;173;43;18;35;14
960.0;13;45;25;35;175;42;21;33;11
966.0;14;43;22;35;175;42;22;35;12
972.0;16;42;21;37;174;43;19;34;14
978.0;16;43;19;39;175;43;17;33;15
984.0;18;45;14;37;174;44;18;33;17
990.0;19;45;13;38;173;44;17;36;15
996.0;22;46;11;39;173;43;18;34;14
1002.0;21;42;14;38;174;41;17;35;18
1008.0;22;38;16;36;174;41;18;34;21
1014.0;21;37;19;35;174;39;16;36;23
1020.0;22;36;19;34;176;35;17;39;22
1026.0;21;36;19;34;176;36;18;39;21
1032.0;21;38;18;38;176;37;16;38;18
1038.0;22;39;18;40;177;36;14;36;18
1044.0;17;42;16;38;177;37;18;37;18
1050.0;17;41;16;37;180;37;19;37;16
1056.0;15;43;17;39;181;38;15;37;15
1062.0;18;42;14;38;181;36;17;38;16
1068.0;17;41;14;39;181;36;17;40;15
1074.0;18;42;14;38;179;33;19;40;17
1080.0;18;40;17;39;181;31;17;41;16
1086.0;18;42;17;37;178;33;16;43;16
1092.0;16;40;17;42;180;32;18;43;12
1098.0;16;42;14;39;182;34;14;46;13
1104.0;18;40;15;39;181;35;14;46;12
1110.0;16;40;14;40;183;36;17;46;8
1116.0;14;42;13;42;184;35;16;46;8
1122.0;15;39;12;41;184;37;17;46;9
1128.0;14;39;13;40;186;36;19;45;8
1134.0;17;39;12;39;184;35;21;45;8
1140.0;17;39;13;41;184;33;20;46;7
1146.0;15;37;15;42;185;31;22;45;8
1152.0;17;37;17;43;185;30;17;44;10
1158.0;17;38;17;41;183;32;21;41;10
1164.0;15;38;16;39;186;35;18;41;12
1170.0;14;34;20;35;189;35;21;41;11
1176.0;13;35;18;34;190;38;21;42;9
1182.0;14;35;17;31;191;37;25;39;11
1188.0;13;38;19;30;193;37;20;39;11
1194.0;13;35;21;30;194;38;15;41;13
1200.0;11;35;24;26;193;40;15;42;14
1206.0;13;36;25;24;194;37;15;40;16
1212.0;13;35;25;23;196;38;15;38;17
1218.0;10;39;25;24;195;37;17;39;14
1224.0;10;36;25;23;194;41;19;39;13
1230.0;9;35;27;23;194;41;22;36;13
1236.0;10;34;26;23;195;42;20;37;13
1242.0;7;32;26;23;196;44;22;37;13
1248.0;5;31;24;24;198;40;24;38;16
1254.0;7;30;27;26;194;38;25;37;16
1260.0;10;32;25;24;189;39;28;33;20
1266.0;12;35;24;23;189;38;26;35;18
1272.0;11;35;24;26;189;36;26;35;18
1278.0;12;34;24;27;187;37;27;36;16
1284.0;10;32;29;28;184;40;23;38;16
1290.0;11;31;29;26;186;40;22;40;15
1296.0;11;30;27;26;182;35;24;48;17
1302.0;9;29;28;26;182;38;23;48;17
1308.0;11;28;29;26;184;36;26;45;15
1314.0;11;27;28;27;186;37;29;41;14
1320.0;10;27;27;28;185;39;26;43;15
1326.0;11;31;25;30;184;37;27;43;12
1332.0;9;31;24;33;181;39;29;41;13
1338.0;10;29;27;34;182;38;25;41;14
1344.0;12;28;23;35;181;38;25;44;14
1350.0;12;30;24;36;178;39;27;41;13
1356.0;11;30;23;38;183;37;28;38;12
1362.0;12;32;20;36;183;42;26;38;11
1368.0;11;31;19;36;183;45;25;39;11
1374.0;10;28;19;37;182;45;27;39;13
1380.0;11;25;16;39;180;42;28;43;16
1386.0;13;25;17;36;183;42;26;41;17
1392.0;11;24;17;36;187;42;27;36;20
1398.0;14;23;18;34;186;45;23;37;20
1404.0;15;24;16;34;186;45;19;40;21
1410.0;17;27;14;36;186;41;18;40;21
1416.0;17;28;16;34;186;40;18;41;20
1422.0;18;27;16;33;186;39;20;40;21
1428.0;20;29;14;31;186;38;20;41;21
1434.0;21;30;12;29;186;40;20;42;20
1440.0;18;31;11;29;187;43;17;44;20
1446.0;18;30;11;32;186;43;16;42;22
1452.0;17;27;11;33;186;44;14;43;25
1458.0;16;27;13;31;187;42;15;44;25
1464.0;16;26;15;36;184;41;17;39;26
1470.0;15;26;18;38;182;42;17;37;25
1476.0;13;30;20;35;184;43;17;37;21
1482.0;12;33;22;33;182;39;19;39;21
1488.0;11;32;21;34;182;39;19;40;22
1494.0;13;32;20;34;180;40;19;38;24
1500.0;12;29;17;34;182;40;22;41;23
1506.0;12;31;14;31;183;42;23;40;24
1512.0;13;30;13;31;185;41;24;39;24
1518.0;14;32;14;34;182;46;22;33;23
1524.0;17;33;16;34;181;46;20;32;21
1530.0;16;36;16;32;182;46;19;35;18
1536.0;19;35;16;33;183;45;19;34;16
1542.0;19;35;13;33;180;45;17;39;19
1548.0;20;36;12;34;181;41;16;38;22
1554.0;19;38;12;31;180;39;18;41;22
1560.0;18;37;15;30;179;39;21;40;21
1566.0;21;39;15;30;177;38;20;39;21
1572.0;22;39;13;31;179;40;18;40;18
1578.0;20;42;12;31;178;40;17;39;21
1584.0;21;39;12;31;179;39;16;40;23
1590.0;22;38;10;32;182;39;13;40;24
1596.0;22;39;11;32;182;40;15;39;20
1602.0;24;36;12;30;181;42;14;39;22
1608.0;23;37;12;23;179;45;19;39;23
1614.0;23;38;10;25;178;45;19;41;21
1620.0;21;39;9;24;179;44;23;41;20
1626.0;19;37;13;22;178;43;28;38;22
1632.0;17;35;14;24;181;44;22;39;24
1638.0;17;35;15;27;183;44;17;36;26
1644.0;18;38;14;27;182;44;15;35;27
1650.0;19;35;13;26;184;47;13;38;25
1656.0;17;36;17;26;185;47;10;38;24
1662.0;15;39;17;27;187;45;12;36;22
1668.0;14;40;14;28;185;46;13;37;23
1674.0;15;43;15;30;183;42;13;35;24
1680.0;15;43;14;30;188;38;13;35;24
1686.0;15;46;11;31;188;36;17;33;23
1692.0;14;45;10;35;188;36;17;32;23
1698.0;13;46;11;33;187;36;19;31;24
1704.0;17;44;10;34;188;34;19;30;24
1710.0;14;45;12;35;188;34;20;28;24
1716.0;14;46;12;35;189;37;15;28;24
1722.0;15;45;11;36;186;34;16;28;29
1728.0;18;40;13;36;187;34;15;29;28
1734.0;17;40;13;37;189;33;16;29;26
1740.0;18;37;14;38;189;33;17;30;24
1746.0;19;37;13;36;190;34;18;29;24
1752.0;18;38;13;35;189;33;21;26;27
1758.0;21;36;13;37;190;34;19;27;23
1764.0;18;35;16;37;185;36;20;29;24
1770.0;18;36;15;40;185;34;20;29;23
1776.0;16;39;15;40;185;34;21;28;22
1782.0;14;39;14;39;184;35;20;28;27
1788.0;15;39;15;38;187;34;19;30;23
1794.0;15;36;15;40;187;32;18;31;26
