#auto generated file!
12.0;17;18;15;15;22;19;14;17;23
18.0;18;21;14;13;21;21;13;18;21
24.0;22;22;14;13;21;22;11;16;19
30.0;19;24;14;11;22;26;12;17;15
36.0;17;23;13;13;24;28;9;17;16
42.0;16;21;13;15;25;27;11;17;15
48.0;18;17;12;16;26;27;13;13;18
54.0;18;17;11;19;29;27;12;12;15
60.0;19;15;12;18;31;27;11;13;14
66.0;16;13;13;18;35;27;10;14;14
72.0;16;15;14;19;37;24;9;13;13
78.0;17;15;13;21;39;24;7;11;13
84.0;17;17;12;21;41;24;6;9;13
90.0;17;18;13;20;41;22;8;8;13
96.0;15;21;14;17;40;22;8;10;13
102.0;16;21;13;16;41;23;7;11;12
108.0;15;23;14;14;41;22;5;13;13
114.0;16;23;15;14;40;23;5;12;12
120.0;17;22;14;14;39;27;4;12;11
126.0;14;23;13;12;45;23;6;13;11
132.0;15;24;12;9;46;21;7;14;12
138.0;13;24;13;7;48;21;8;14;12
144.0;14;23;14;8;47;21;10;14;9
150.0;12;23;14;9;47;22;10;16;7
156.0;10;21;14;9;48;23;11;16;8
162.0;9;20;15;9;49;23;10;16;9
168.0;8;21;15;7;50;24;10;17;8
174.0;8;22;14;7;51;25;9;17;7
180.0;7;21;15;7;51;24;9;18;8
186.0;6;21;15;9;51;24;9;17;8
192.0;6;22;17;10;51;22;9;15;8
198.0;7;24;15;11;51;22;8;16;6
204.0;5;25;16;13;51;19;8;17;6
210.0;6;25;15;12;52;18;8;17;7
216.0;6;24;13;12;54;18;8;18;7
222.0;6;24;9;12;56;18;8;19;8
228.0;6;21;8;12;56;18;11;19;9
234.0;7;20;7;11;55;20;10;19;11
240.0;8;20;8;11;55;19;9;19;11
246.0;7;22;8;10;56;19;9;18;11
252.0;11;21;8;11;55;18;8;19;9
258.0;11;21;6;11;55;20;7;19;10
264.0;11;20;8;11;55;19;7;19;10
270.0;12;20;9;10;55;16;9;19;10
276.0;12;17;10;10;55;17;9;19;11
282.0;12;17;10;11;55;17;9;18;11
288.0;9;19;9;11;56;17;6;17;16
294.0;8;18;9;11;56;18;5;19;16
300.0;8;17;10;11;55;19;6;19;15
306.0;9;17;9;12;55;18;7;19;14
312.0;10;15;9;12;55;17;8;20;14
318.0;9;17;11;14;55;16;7;20;11
324.0;9;16;10;15;55;16;7;20;12
330.0;8;16;9;16;54;17;7;21;12
336.0;8;17;7;16;52;17;6;23;14
342.0;8;17;8;17;52;15;6;21;16
348.0;8;19;7;17;52;16;4;21;16
354.0;7;21;8;17;53;17;3;21;13
360.0;9;19;8;18;53;16;3;21;13
366.0;9;16;7;17;58;17;4;19;13
372.0;10;17;8;16;57;17;4;21;10
378.0;10;20;11;17;56;16;2;20;8
384.0;9;21;11;16;56;14;2;23;8
390.0;10;20;10;18;56;14;3;20;9
396.0;9;22;11;17;54;15;2;20;10
402.0;8;22;12;19;55;15;1;20;8
408.0;9;23;11;19;55;17;2;15;9
414.0;9;22;12;17;56;17;2;15;10
420.0;9;19;14;15;58;17;1;15;12
426.0;10;19;12;14;59;17;3;15;11
432.0;10;20;10;16;58;17;4;16;9
438.0;10;19;10;16;60;17;3;18;7
444.0;10;19;12;15;60;18;3;16;7
450.0;10;19;11;16;60;19;2;16;7
456.0;10;20;14;16;57;21;3;14;5
462.0;11;19;13;16;58;22;3;12;6
468.0;9;19;13;15;57;21;5;14;7
474.0;10;18;12;15;56;22;7;12;8
480.0;10;16;11;16;56;23;8;12;8
486.0;9;16;11;16;55;23;10;12;8
492.0;6;15;11;15;57;24;10;12;10
498.0;5;14;10;10;59;28;11;11;12
504.0;5;14;11;10;58;26;13;11;12
510.0;7;13;15;11;59;21;12;11;11
516.0;9;12;16;12;59;19;12;11;10
522.0;11;12;15;14;57;17;11;13;10
528.0;11;11;15;14;58;16;11;14;10
534.0;12;9;15;15;59;15;10;14;11
540.0;10;9;12;16;63;16;11;11;12
546.0;11;9;10;16;63;16;10;13;12
552.0;10;8;11;15;65;17;10;11;13
558.0;8;7;12;16;62;20;9;12;14
564.0;9;8;10;16;63;21;7;12;14
570.0;10;8;8;17;63;20;7;13;14
576.0;9;8;7;15;64;20;7;18;12
582.0;9;8;7;15;64;19;8;18;12
588.0;9;7;6;15;65;20;9;19;10
594.0;6;6;6;13;65;22;10;23;9
600.0;6;7;6;13;65;21;10;21;11
606.0;5;7;7;13;67;21;7;21;12
612.0;4;7;7;13;67;22;8;20;12
618.0;6;8;8;14;66;20;8;19;11
624.0;6;8;8;14;67;20;7;19;11
630.0;6;10;7;14;67;19;9;18;10
636.0;4;10;8;15;69;19;10;18;7
642.0;4;10;9;15;68;19;8;20;7
648.0;5;10;8;15;69;19;8;19;7
654.0;3;11;7;16;71;18;8;18;8
660.0;3;13;7;15;72;16;6;18;10
666.0;4;14;8;14;70;17;6;17;10
672.0;5;12;8;12;71;16;7;19;10
678.0;5;12;9;13;68;16;8;21;8
684.0;5;13;9;12;70;15;9;19;8
690.0;4;13;8;14;71;14;8;18;10
696.0;5;11;9;15;71;15;6;18;10
702.0;5;10;8;16;71;17;6;17;10
708.0;3;12;7;17;71;16;6;18;10
714.0;2;12;7;16;72;15;7;20;9
720.0;1;12;8;16;73;14;7;19;10
726.0;1;11;9;17;74;14;6;18;10
732.0;3;11;10;17;74;16;5;16;8
738.0;2;13;10;17;75;17;2;16;8
744.0;2;13;10;17;75;17;3;15;8
750.0;2;12;9;21;75;15;3;15;8
756.0;2;11;9;22;76;14;3;15;8
762.0;2;13;7;22;77;15;2;14;8
768.0;2;14;6;24;78;15;3;12;6
774.0;2;15;8;23;75;16;3;11;7
780.0;4;15;9;23;74;16;3;11;5
786.0;4;15;10;23;73;15;3;10;7
792.0;5;15;7;23;74;14;3;11;8
798.0;5;17;8;20;72;13;4;13;8
804.0;8;19;7;17;71;13;4;13;8
810.0;8;18;6;16;71;14;4;13;10
816.0;8;17;6;16;70;14;5;15;9
822.0;8;17;7;15;72;15;3;15;8
828.0;8;19;6;15;71;15;3;15;8
834.0;7;18;7;13;72;14;6;16;7
840.0;8;20;7;11;72;14;6;14;8
846.0;7;16;8;11;73;14;7;15;9
852.0;8;15;8;12;72;15;7;14;9
858.0;9;15;7;12;71;14;10;14;8
864.0;9;14;7;12;72;15;9;15;7
870.0;8;16;8;12;75;13;8;13;7
876.0;9;16;9;12;74;14;9;10;7
882.0;9;14;7;11;76;16;9;11;7
888.0;8;14;6;9;77;19;10;10;7
894.0;9;13;6;9;77;19;10;10;7
900.0;7;13;7;7;77;20;10;11;8
906.0;9;11;7;8;77;19;11;11;7
912.0;10;11;7;8;77;19;11;11;6
918.0;12;10;7;10;76;16;10;11;8
924.0;13;10;7;11;76;14;10;11;8
930.0;12;12;7;11;75;16;9;10;8
936.0;11;11;8;11;78;19;8;10;4
942.0;8;11;8;12;78;20;8;10;5
948.0;7;10;7;13;77;21;9;10;6
954.0;6;9;10;14;77;19;9;9;7
960.0;7;8;11;14;78;19;9;8;6
966.0;6;9;9;15;78;16;8;10;9
972.0;5;9;9;15;78;16;9;9;10
978.0;4;10;12;15;78;17;8;6;10
984.0;4;10;11;14;79;16;9;7;10
990.0;3;12;11;14;78;16;9;7;10
996.0;2;13;14;13;78;16;7;7;10
1002.0;3;13;12;13;80;16;7;8;8
1008.0;3;14;12;11;79;16;8;9;8
1014.0;2;15;12;11;78;16;9;9;8
1020.0;2;15;10;12;78;16;10;11;6
1026.0;2;16;8;11;79;16;9;13;6
1032.0;3;14;7;11;78;16;11;15;5
1038.0;4;13;6;10;79;16;12;14;6
1044.0;5;15;6;8;79;14;12;14;7
1050.0;6;15;4;8;80;15;11;14;7
1056.0;6;15;4;8;81;14;10;15;7
1062.0;7;15;4;8;80;13;11;16;6
1068.0;7;16;4;8;80;13;10;16;6
1074.0;6;15;4;9;80;13;11;16;6
1080.0;6;16;4;8;80;12;12;16;6
1086.0;5;15;5;9;80;13;9;19;5
1092.0;3;16;6;9;81;13;8;17;7
1098.0;3;18;6;9;82;14;7;14;7
1104.0;4;18;6;9;83;15;6;13;6
1110.0;2;21;4;10;80;15;9;14;5
1116.0;3;22;3;10;79;15;9;14;5
1122.0;4;20;1;12;81;14;9;15;4
1128.0;5;21;1;12;80;13;7;16;5
1134.0;6;22;3;12;78;14;6;16;3
1140.0;6;23;4;12;78;14;6;15;2
1146.0;6;23;4;12;78;14;6;15;2
1152.0;6;24;5;12;77;13;6;15;2
1158.0;5;23;6;12;78;13;7;13;3
1164.0;5;21;6;12;78;15;7;12;4
1170.0;3;20;6;12;79;16;8;12;4
1176.0;3;21;5;13;79;16;9;11;3
1182.0;3;20;5;15;79;15;8;12;3
1188.0;3;19;5;15;80;15;7;13;3
1194.0;6;18;5;14;78;15;8;13;3
1200.0;7;19;5;14;77;15;7;13;3
1206.0;7;17;4;13;77;14;7;17;4
1212.0;8;17;5;12;78;14;5;17;4
1218.0;8;17;4;11;79;13;4;18;6
1224.0;9;17;5;10;78;13;4;18;6
1230.0;9;17;5;11;78;12;5;18;5
1236.0;8;17;5;12;79;13;5;16;5
1242.0;8;18;5;12;79;14;5;14;5
1248.0;8;18;7;12;77;12;6;15;5
1254.0;9;20;7;12;76;12;5;14;5
1260.0;9;20;8;12;74;9;7;15;6
1266.0;9;18;8;13;74;10;9;14;5
1272.0;8;18;8;13;75;9;9;15;5
1278.0;8;17;10;12;74;10;10;15;4
1284.0;8;17;10;12;74;10;11;14;4
1290.0;7;17;11;13;74;10;9;15;4
1296.0;6;18;11;14;73;10;9;14;5
1302.0;7;17;11;14;72;10;9;16;4
1308.0;7;17;12;14;71;11;9;15;4
1314.0;8;17;12;14;71;11;10;15;2
1320.0;10;18;10;14;70;11;10;15;2
1326.0;7;20;9;14;68;11;10;17;4
1332.0;6;20;8;15;69;11;9;18;4
1338.0;8;20;9;14;70;11;8;17;3
1344.0;6;19;8;16;71;12;6;17;5
1350.0;7;18;9;17;71;12;6;15;5
1356.0;7;18;9;17;70;13;6;14;6
1362.0;5;20;8;18;71;12;5;14;7
1368.0;4;19;9;18;71;13;6;13;7
1374.0;4;18;9;16;71;16;6;14;6
1380.0;5;17;8;18;72;16;6;11;7
1386.0;3;17;5;18;72;16;8;13;8
1392.0;4;16;5;20;71;17;7;12;8
1398.0;5;16;5;21;70;15;9;11;8
1404.0;4;17;5;23;70;15;8;9;9
1410.0;4;16;6;20;71;14;10;9;10
1416.0;5;14;5;20;73;14;8;10;11
1422.0;5;14;4;21;71;14;9;11;11
1428.0;5;13;5;22;70;14;9;12;10
1434.0;6;13;5;21;72;14;8;12;9
1440.0;6;12;4;20;74;14;8;12;10
1446.0;5;12;4;23;74;14;6;13;9
1452.0;5;12;5;24;72;15;5;12;10
1458.0;6;12;5;24;71;15;6;12;9
1464.0;5;13;6;24;69;14;7;13;9
1470.0;5;10;7;25;69;14;7;12;11
1476.0;5;12;9;25;66;16;5;13;9
1482.0;6;12;8;24;67;15;6;13;9
1488.0;6;14;7;23;63;16;7;13;11
1494.0;5;12;7;23;62;16;8;13;14
1500.0;7;13;8;23;62;15;8;11;13
1506.0;8;15;6;20;63;21;8;11;8
1512.0;8;14;6;21;64;21;9;9;8
1518.0;8;14;6;20;64;22;9;9;8
1524.0;8;15;5;18;65;21;10;10;8
1530.0;8;11;8;18;66;22;9;11;7
1536.0;8;13;6;18;66;21;9;10;9
1542.0;7;14;7;19;67;18;9;10;9
1548.0;6;14;7;20;66;19;10;10;8
1554.0;7;14;9;19;66;19;8;10;8
1560.0;7;14;8;19;66;19;8;11;8
1566.0;7;16;10;18;65;18;8;11;7
1572.0;9;15;9;15;67;19;8;12;6
1578.0;7;16;10;15;66;20;8;12;6
1584.0;6;16;10;15;67;21;6;12;7
1590.0;5;17;9;15;69;20;7;11;7
1596.0;8;15;7;15;70;18;7;12;8
1602.0;7;15;8;15;70;17;6;12;10
1608.0;6;14;7;15;71;17;6;13;11
1614.0;8;13;5;16;71;17;6;13;11
1620.0;8;14;5;17;72;16;5;13;10
1626.0;7;13;3;17;73;17;8;13;9
1632.0;6;15;3;18;72;18;6;13;9
1638.0;6;16;4;16;71;18;7;14;8
1644.0;4;17;3;15;71;21;8;13;8
1650.0;4;17;3;15;70;21;10;12;8
1656.0;4;18;3;14;70;21;10;12;8
1662.0;5;18;4;12;72;21;9;11;8
1668.0;6;16;4;13;71;22;9;11;8
1674.0;6;16;6;13;71;21;9;9;9
1680.0;6;15;6;12;72;21;11;8;9
1686.0;6;15;8;14;71;18;12;8;8
1692.0;7;16;7;12;72;17;12;6;11
1698.0;8;15;9;12;72;19;11;5;9
1704.0;8;15;7;13;72;19;9;6;11
1710.0;8;17;8;11;72;21;9;5;9
1716.0;9;17;6;10;72;22;11;5;8
1722.0;8;16;5;12;74;21;10;6;8
1728.0;7;16;7;11;75;21;11;6;6
1734.0;8;16;8;10;76;21;9;6;6
1740.0;9;14;6;11;78;19;9;7;7
1746.0;7;16;6;11;77;20;8;7;8
1752.0;6;15;6;12;77;20;9;7;8
1758.0;4;15;6;11;76;19;12;8;9
1764.0;4;16;8;11;73;19;12;9;8
1770.0;5;15;8;12;74;18;11;9;8
1776.0;8;17;6;11;75;17;9;9;8
1782.0;7;16;9;11;76;15;9;10;7
1788.0;7;15;7;10;78;15;9;11;8
1794.0;9;15;4;9;79;15;10;11;8
