#auto generated file!
12.0;49;61;49;42;57;49;48;49;46
18.0;47;59;48;40;61;51;48;49;47
24.0;46;61;50;43;62;47;44;51;46
30.0;41;60;52;42;67;50;42;54;42
36.0;40;59;52;44;68;50;42;54;41
42.0;40;54;52;43;72;51;40;57;41
48.0;33;55;50;47;77;53;43;54;38
54.0;35;61;47;46;81;55;39;49;37
60.0;35;60;40;48;85;53;41;53;35
66.0;35;62;36;50;89;55;40;52;31
72.0;32;61;35;50;92;53;42;57;28
78.0;29;56;32;48;96;55;43;60;31
84.0;26;57;28;52;98;58;42;59;30
90.0;25;59;26;54;100;58;41;56;31
96.0;26;62;32;52;101;55;37;55;30
102.0;23;64;29;52;102;59;37;55;29
108.0;19;58;30;55;104;61;38;56;29
114.0;19;62;30;56;100;60;36;56;31
120.0;21;63;28;56;103;62;36;55;26
126.0;20;61;28;58;107;60;39;52;25
132.0;19;60;28;56;107;61;38;56;25
138.0;17;60;28;57;111;57;39;55;26
144.0;16;60;24;57;112;56;41;55;29
150.0;17;60;25;57;111;56;39;56;29
156.0;18;61;22;58;108;55;40;55;33
162.0;20;60;22;59;109;58;35;53;34
168.0;23;59;25;59;108;55;37;48;36
174.0;25;56;25;61;113;50;33;50;37
180.0;28;55;26;60;115;47;33;47;39
186.0;28;55;24;61;117;50;31;48;36
192.0;30;57;21;62;116;51;29;48;36
198.0;32;59;19;61;114;52;29;49;35
204.0;29;57;18;61;113;55;34;50;33
210.0;28;57;19;60;113;54;38;49;32
216.0;25;59;20;61;111;55;38;47;34
222.0;25;60;23;62;115;56;36;46;27
228.0;25;62;27;58;117;54;31;45;31
234.0;29;59;28;56;119;51;31;47;30
240.0;27;60;26;56;123;51;30;47;30
246.0;25;66;25;53;125;53;29;46;28
252.0;23;65;26;56;130;57;21;44;28
258.0;24;64;27;56;131;56;20;43;29
264.0;25;64;29;54;132;55;19;46;26
270.0;26;64;28;55;131;52;21;46;27
276.0;27;65;29;56;131;54;20;46;22
282.0;22;61;29;54;137;55;22;47;23
288.0;29;59;25;53;135;57;26;45;21
294.0;28;58;26;56;132;57;29;43;21
300.0;25;60;32;54;133;58;27;41;20
306.0;27;59;31;50;134;58;32;39;20
312.0;25;56;32;53;136;55;35;39;19
318.0;25;59;34;49;138;54;34;38;19
324.0;23;59;36;52;138;54;32;35;21
330.0;24;57;35;54;139;53;31;35;22
336.0;26;59;35;52;137;51;31;34;25
342.0;25;58;33;57;137;50;31;35;24
348.0;26;58;30;56;138;50;30;38;24
354.0;25;59;28;55;139;51;32;39;22
360.0;24;58;26;55;139;54;32;37;25
366.0;21;55;29;55;140;54;31;39;26
372.0;24;56;26;53;143;54;30;37;27
378.0;22;55;26;54;144;54;31;40;24
384.0;23;53;25;55;146;51;29;41;27
390.0;26;54;26;54;148;53;28;39;22
396.0;25;53;22;56;147;54;29;41;23
402.0;24;54;24;57;149;54;23;42;23
408.0;24;57;22;52;152;53;23;41;26
414.0;21;57;21;50;155;54;25;44;23
420.0;21;57;23;49;155;55;25;42;23
426.0;19;58;22;48;153;57;24;45;24
432.0;19;54;21;48;152;57;28;44;27
438.0;18;58;22;47;154;58;24;44;25
444.0;19;60;26;44;154;55;25;43;24
450.0;21;62;27;44;149;54;24;44;25
456.0;23;60;30;41;149;54;22;45;26
462.0;25;55;33;43;151;53;22;48;20
468.0;26;54;34;44;157;52;18;46;19
474.0;27;56;32;44;156;50;20;49;16
480.0;28;55;30;44;155;51;22;50;15
486.0;26;54;28;45;157;49;22;52;17
492.0;24;55;28;45;157;51;21;51;18
498.0;19;53;26;46;161;49;25;52;19
504.0;20;52;27;47;160;48;27;52;17
510.0;19;51;22;44;160;52;30;51;21
516.0;21;51;19;40;165;50;27;54;23
522.0;21;52;21;36;167;50;29;51;23
528.0;25;50;20;37;166;48;31;49;24
534.0;25;47;23;37;167;51;31;47;22
540.0;23;43;24;38;167;50;31;50;24
546.0;26;44;25;38;167;50;27;51;22
552.0;24;42;25;36;167;51;28;53;24
558.0;26;40;23;32;170;51;27;56;25
564.0;26;40;21;31;172;48;26;59;27
570.0;28;39;21;32;170;51;24;58;27
576.0;30;39;23;35;169;51;22;54;27
582.0;32;41;20;35;173;49;19;56;25
588.0;30;39;21;38;175;49;19;56;23
594.0;26;38;21;37;176;51;20;57;24
600.0;25;37;23;36;175;52;17;57;28
606.0;24;36;25;34;179;50;15;57;30
612.0;23;32;25;33;179;53;18;57;30
618.0;25;32;22;36;182;52;17;56;28
624.0;25;31;22;37;181;51;17;59;27
630.0;27;29;22;38;183;52;18;57;24
636.0;24;32;19;39;185;50;18;57;26
642.0;24;32;19;39;186;48;19;55;28
648.0;20;33;20;37;188;50;19;58;25
654.0;20;31;19;39;185;49;23;58;26
660.0;21;30;19;43;185;51;22;57;22
666.0;19;32;19;41;184;52;24;58;21
672.0;19;35;20;42;185;52;21;56;20
678.0;18;34;20;43;184;52;21;56;22
684.0;18;34;22;43;183;53;21;53;23
690.0;18;35;24;46;182;50;21;49;25
696.0;18;36;28;49;182;49;19;46;23
702.0;16;37;29;46;183;50;20;44;25
708.0;16;41;28;45;179;50;22;47;22
714.0;17;44;28;45;177;48;24;44;23
720.0;18;47;27;45;178;44;26;41;24
726.0;18;47;29;44;178;44;25;40;25
732.0;21;48;30;42;178;43;24;39;25
738.0;22;47;31;45;177;42;22;39;25
744.0;24;47;30;45;176;43;23;40;22
750.0;20;44;28;48;179;46;21;40;24
756.0;18;43;29;49;181;46;22;38;24
762.0;18;45;26;51;179;45;21;38;27
768.0;18;44;25;56;182;43;18;39;25
774.0;20;43;25;56;183;42;17;39;25
780.0;21;38;28;54;180;42;21;41;25
786.0;20;40;27;54;181;41;21;39;27
792.0;19;39;22;57;185;42;22;38;26
798.0;21;38;21;57;185;40;23;38;27
804.0;21;39;25;52;186;39;23;40;25
810.0;18;39;26;55;186;39;20;41;26
816.0;20;39;25;51;184;40;25;39;27
822.0;20;41;25;49;184;39;28;40;24
828.0;22;39;22;51;184;37;30;42;23
834.0;22;39;20;50;183;37;30;46;23
840.0;22;38;24;51;184;36;29;48;18
846.0;22;37;24;50;185;37;27;49;19
852.0;23;37;20;50;188;36;28;47;21
858.0;23;39;18;46;189;35;30;49;21
864.0;24;40;19;46;194;33;24;52;18
870.0;22;40;20;44;193;34;24;51;22
876.0;20;39;22;46;190;31;26;52;24
882.0;22;37;20;47;192;32;27;52;21
888.0;19;39;22;44;193;33;28;50;22
894.0;19;38;21;44;194;34;27;51;22
900.0;21;39;21;43;194;34;26;50;22
906.0;17;42;20;43;197;36;23;52;20
912.0;17;40;19;45;198;33;23;53;22
918.0;18;40;18;45;199;34;22;53;21
924.0;17;40;17;47;199;34;21;54;21
930.0;16;42;22;47;198;32;18;51;24
936.0;16;40;24;44;196;36;19;52;23
942.0;16;42;24;44;196;35;21;50;22
948.0;16;42;20;48;194;35;21;49;25
954.0;16;44;21;47;195;36;21;44;26
960.0;16;43;20;45;196;38;20;45;27
966.0;18;44;18;42;199;40;17;45;27
972.0;19;43;20;41;197;44;16;42;28
978.0;17;42;22;43;197;45;17;40;27
984.0;18;44;21;42;202;43;17;39;24
990.0;18;43;20;40;204;44;19;41;21
996.0;18;42;20;39;203;45;20;40;23
1002.0;18;45;21;37;202;42;22;42;21
1008.0;16;50;21;38;200;43;21;41;20
1014.0;17;48;24;39;199;46;17;44;16
1020.0;18;46;23;39;198;47;21;42;16
1026.0;19;45;24;39;199;47;17;42;18
1032.0;19;44;24;39;199;48;18;41;18
1038.0;20;42;21;39;199;51;17;43;18
1044.0;21;42;23;39;196;50;16;45;18
1050.0;28;41;21;37;195;49;20;41;18
1056.0;27;41;22;39;197;44;21;40;19
1062.0;30;41;19;42;196;43;20;39;20
1068.0;31;41;19;44;195;42;19;39;20
1074.0;28;40;19;47;194;44;16;41;21
1080.0;30;39;22;46;194;43;13;40;23
1086.0;27;41;19;48;197;41;15;39;23
1092.0;30;39;17;49;196;41;12;40;26
1098.0;28;41;15;51;197;41;13;40;24
1104.0;27;41;15;50;195;42;15;40;25
1110.0;23;43;18;49;195;44;14;40;24
1116.0;20;46;19;48;195;40;16;42;24
1122.0;22;44;19;51;193;38;18;43;22
1128.0;20;48;20;50;190;39;18;41;24
1134.0;20;52;19;52;191;38;16;42;20
1140.0;25;49;18;53;192;39;15;39;20
1146.0;24;46;20;52;192;42;15;39;20
1152.0;25;46;20;50;193;41;17;37;21
1158.0;26;45;22;49;190;41;17;40;20
1164.0;26;45;23;47;191;40;16;39;23
1170.0;28;45;21;41;195;41;18;40;21
1176.0;31;49;21;38;193;42;16;42;18
1182.0;28;51;23;40;194;44;15;36;19
1188.0;27;50;23;38;194;43;15;39;21
1194.0;24;46;22;40;197;47;15;38;21
1200.0;25;48;26;40;199;47;13;35;17
1206.0;24;45;28;41;199;48;14;34;17
1212.0;21;46;26;41;200;48;15;36;17
1218.0;22;49;26;38;200;47;15;37;16
1224.0;22;47;24;37;200;48;15;37;20
1230.0;23;44;24;35;199;49;15;36;25
1236.0;21;46;26;34;195;53;16;36;23
1242.0;22;44;28;36;194;52;14;37;23
1248.0;22;43;24;36;190;54;16;42;23
1254.0;23;43;22;37;192;55;14;42;22
1260.0;24;41;23;39;193;55;11;44;20
1266.0;21;43;17;38;197;51;12;48;23
1272.0;18;41;15;41;198;51;12;52;22
1278.0;18;38;16;40;196;50;14;54;24
1284.0;16;39;17;43;196;51;12;54;22
1290.0;18;41;18;44;192;48;14;51;24
1296.0;21;40;16;45;192;46;15;53;22
1302.0;18;39;20;46;192;48;15;51;21
1308.0;21;37;17;45;191;47;19;55;18
1314.0;20;37;18;47;190;45;19;56;18
1320.0;18;40;19;47;190;45;20;53;18
1326.0;17;41;22;44;190;46;18;51;21
1332.0;16;41;21;43;187;52;20;49;21
1338.0;19;40;19;45;186;51;20;46;24
1344.0;21;38;18;45;187;49;20;48;24
1350.0;20;43;16;45;188;46;21;47;24
1356.0;19;40;20;43;188;47;21;48;24
1362.0;17;42;21;42;193;47;17;50;21
1368.0;17;45;23;45;193;44;19;47;17
1374.0;17;48;22;45;192;43;18;49;16
1380.0;18;48;23;48;194;39;14;49;17
1386.0;17;49;19;46;195;39;17;47;21
1392.0;18;52;19;45;191;41;18;47;19
1398.0;15;49;20;47;194;44;19;45;17
1404.0;17;48;20;52;193;42;17;45;16
1410.0;17;47;21;48;193;42;17;49;16
1416.0;17;47;21;50;196;40;15;49;15
1422.0;17;51;20;47;200;40;14;47;14
1428.0;16;55;21;47;198;41;12;49;11
1434.0;16;53;24;46;199;42;12;47;11
1440.0;16;52;24;44;201;41;11;46;15
1446.0;15;53;23;44;200;42;11;48;14
1452.0;19;47;23;46;197;40;15;50;13
1458.0;21;45;21;47;195;39;17;53;12
1464.0;23;43;23;45;192;40;18;55;11
1470.0;24;47;25;44;188;41;19;50;12
1476.0;24;46;26;43;187;47;17;49;11
1482.0;26;43;22;45;187;47;17;49;14
1488.0;26;40;20;43;187;49;19;52;14
1494.0;27;40;22;45;186;50;20;49;11
1500.0;27;39;23;41;188;49;22;50;11
1506.0;23;40;19;41;190;49;22;53;13
1512.0;24;41;19;39;191;47;23;51;15
1518.0;23;41;20;39;195;47;22;49;14
1524.0;25;38;22;40;196;49;18;47;15
1530.0;29;36;19;38;195;51;20;43;19
1536.0;26;33;21;38;196;54;18;45;19
1542.0;27;34;18;39;198;55;18;43;18
1548.0;28;36;17;39;198;53;18;46;15
1554.0;22;37;16;42;196;56;18;45;18
1560.0;22;36;15;42;199;53;19;44;20
1566.0;22;37;16;46;200;52;19;42;16
1572.0;23;33;18;44;199;57;20;40;16
1578.0;23;33;21;42;198;55;21;40;17
1584.0;24;31;21;42;199;56;19;40;18
1590.0;21;29;20;42;202;58;18;41;19
1596.0;21;28;21;39;200;61;20;40;20
1602.0;22;25;24;40;202;57;24;38;18
1608.0;18;25;21;41;203;60;24;38;20
1614.0;13;26;19;44;203;59;25;38;23
1620.0;13;27;18;45;207;57;24;38;21
1626.0;13;24;17;44;211;58;23;39;21
1632.0;12;25;18;48;209;59;23;38;18
1638.0;12;24;14;49;214;59;22;38;18
1644.0;15;24;13;52;211;55;24;37;19
1650.0;20;27;10;51;207;56;22;39;18
1656.0;20;27;11;50;208;56;21;37;20
1662.0;22;26;11;49;208;58;21;35;20
1668.0;22;28;11;46;209;58;20;37;19
1674.0;22;28;12;44;212;57;19;34;22
1680.0;20;25;10;45;215;59;19;32;25
1686.0;22;27;12;43;218;58;17;30;23
1692.0;24;30;11;40;218;57;19;30;21
1698.0;24;29;12;41;217;59;20;29;19
1704.0;23;31;13;43;215;57;19;31;18
1710.0;22;32;13;40;216;59;17;33;18
1716.0;23;32;14;38;218;57;15;33;20
1722.0;26;32;14;35;220;54;15;34;20
1728.0;24;31;18;34;222;57;14;33;17
1734.0;24;30;20;35;220;55;16;32;18
1740.0;20;34;18;38;219;53;17;31;20
1746.0;19;31;17;39;218;54;19;31;22
1752.0;19;31;14;39;220;53;21;32;21
1758.0;21;29;13;38;221;54;22;31;21
1764.0;22;28;12;34;221;56;21;33;23
1770.0;21;28;12;35;218;57;22;34;23
1776.0;20;31;15;36;217;53;21;36;21
1782.0;25;32;16;35;214;51;21;36;20
1788.0;25;33;19;38;213;47;22;35;18
1794.0;24;31;24;36;210;50;23;34;18
