#auto generated file!
12.0;16;19;27;16;12;19;17;13;11
18.0;16;23;22;17;12;20;14;14;12
24.0;17;22;23;18;15;20;13;12;10
30.0;20;22;23;17;16;20;13;11;8
36.0;20;23;22;17;16;20;12;12;8
42.0;21;21;21;17;16;18;12;16;8
48.0;20;20;21;19;16;19;8;18;9
54.0;19;20;18;20;17;20;6;20;10
60.0;16;22;16;19;17;24;6;19;11
66.0;16;23;15;19;18;23;8;18;10
72.0;17;21;16;19;20;24;8;15;10
78.0;17;22;14;19;21;24;7;15;11
84.0;16;23;14;20;23;22;6;15;11
90.0;15;22;18;17;23;22;8;16;9
96.0;15;22;21;16;24;21;8;14;9
102.0;17;21;20;16;24;23;8;13;8
108.0;17;20;17;17;25;22;9;15;8
114.0;15;21;15;14;26;23;11;17;8
120.0;13;21;14;13;28;23;12;18;8
126.0;13;22;15;11;28;23;13;18;7
132.0;13;23;13;11;30;21;12;18;9
138.0;12;24;12;12;31;21;10;19;9
144.0;13;24;11;12;31;20;12;19;8
150.0;13;23;9;14;32;19;13;20;7
156.0;10;23;8;14;35;19;13;21;7
162.0;10;22;6;14;35;21;13;21;8
168.0;10;17;7;14;35;25;14;19;9
174.0;9;17;9;14;36;25;14;16;10
180.0;10;18;7;14;37;25;14;18;7
186.0;11;19;6;15;34;24;10;20;11
192.0;10;17;8;18;34;22;11;21;9
198.0;10;18;7;18;33;22;11;19;12
204.0;10;18;9;16;35;22;10;17;13
210.0;10;19;8;15;35;22;7;18;16
216.0;7;21;10;14;35;18;9;21;15
222.0;7;20;12;13;35;17;12;20;14
228.0;7;22;9;13;35;17;12;20;15
234.0;8;21;9;14;35;17;10;20;16
240.0;7;21;9;14;37;15;7;23;17
246.0;7;21;11;15;37;14;7;20;18
252.0;7;22;12;14;38;15;5;20;17
258.0;7;20;12;17;38;17;5;19;15
264.0;7;20;12;20;39;16;5;17;14
270.0;8;22;11;19;40;17;4;16;13
276.0;6;23;13;17;39;18;6;15;13
282.0;6;22;12;18;39;18;9;15;11
288.0;8;23;12;17;38;16;10;15;11
294.0;7;22;14;18;41;15;9;15;9
300.0;5;23;15;20;43;13;9;15;7
306.0;5;24;14;19;42;14;9;15;8
312.0;6;23;16;21;39;14;7;16;8
318.0;8;23;12;21;39;14;8;16;9
324.0;5;23;11;23;41;13;7;17;10
330.0;5;24;10;22;41;14;7;18;9
336.0;6;23;9;21;41;13;11;18;8
342.0;3;24;10;20;42;16;11;16;8
348.0;3;22;11;20;42;17;13;15;7
354.0;5;23;11;21;43;17;10;15;5
360.0;6;22;9;23;43;19;7;16;5
366.0;6;23;8;24;42;18;6;16;7
372.0;6;25;9;25;42;16;6;13;8
378.0;7;22;9;24;42;16;7;13;10
384.0;3;20;7;23;44;18;8;15;12
390.0;3;19;8;22;43;19;6;18;12
396.0;5;18;9;22;44;15;5;16;16
402.0;6;20;9;22;44;15;4;14;16
408.0;6;20;9;19;44;17;4;15;16
414.0;8;17;9;20;45;19;3;13;16
420.0;7;17;9;20;47;18;3;13;16
426.0;6;17;10;21;47;17;5;12;15
432.0;5;18;8;21;48;17;6;13;14
438.0;5;17;7;21;49;16;5;16;14
444.0;5;15;7;21;48;17;7;16;14
450.0;3;16;8;21;50;18;7;13;14
456.0;2;16;9;21;51;18;9;12;12
462.0;4;15;8;21;51;17;8;13;13
468.0;4;13;7;23;50;19;9;12;13
474.0;4;13;7;23;50;19;8;13;13
480.0;3;14;6;24;51;17;8;16;11
486.0;5;15;6;22;51;18;8;15;10
492.0;5;16;8;20;51;17;6;15;12
498.0;5;15;7;20;51;19;6;17;10
504.0;6;14;9;17;52;19;6;18;9
510.0;6;14;9;13;55;18;7;21;7
516.0;7;14;7;13;55;16;6;23;9
522.0;6;15;7;14;58;17;6;19;8
528.0;7;16;7;13;58;17;6;19;7
534.0;7;14;8;13;58;16;5;21;8
540.0;11;11;8;12;59;14;5;20;10
546.0;11;10;10;12;58;16;5;20;8
552.0;12;10;11;12;58;15;5;20;7
558.0;11;9;11;13;59;15;5;21;6
564.0;13;9;11;12;59;15;5;20;6
570.0;13;10;10;10;60;14;6;20;7
576.0;14;13;8;11;60;13;6;19;6
582.0;14;12;8;12;60;12;5;20;7
588.0;12;13;7;10;59;13;7;22;7
594.0;11;14;7;11;60;14;8;19;6
600.0;10;14;7;11;60;14;8;20;6
606.0;7;15;8;10;60;15;9;20;6
612.0;7;15;10;9;59;15;8;20;7
618.0;8;17;10;9;59;14;7;18;8
624.0;9;16;9;8;62;14;7;17;8
630.0;11;16;8;8;63;13;7;15;9
636.0;12;16;8;7;63;13;7;15;9
642.0;13;16;6;7;63;13;7;16;9
648.0;14;18;6;6;64;13;6;14;9
654.0;17;18;4;6;64;14;5;13;9
660.0;19;19;4;6;64;14;5;10;9
666.0;20;18;4;6;64;12;6;10;10
672.0;18;18;3;5;66;12;7;12;9
678.0;17;17;3;6;67;13;7;10;10
684.0;17;17;3;6;67;13;8;9;10
690.0;16;17;2;7;67;15;9;8;9
696.0;13;19;2;9;67;13;9;9;9
702.0;13;18;1;11;67;14;9;8;9
708.0;13;17;1;11;66;13;9;9;11
714.0;13;16;1;11;66;14;8;10;11
720.0;11;16;1;11;66;15;8;11;11
726.0;11;15;3;9;68;14;7;12;11
732.0;11;12;3;13;68;15;5;13;10
738.0;10;12;4;13;70;17;3;13;8
744.0;11;12;3;12;71;15;4;12;10
750.0;11;11;3;10;72;16;3;14;10
756.0;10;11;4;11;71;16;2;15;10
762.0;11;10;5;11;73;14;1;16;9
768.0;12;11;5;12;72;14;1;16;7
774.0;16;11;5;11;71;14;0;15;7
780.0;16;11;5;11;71;15;0;14;7
786.0;16;11;5;12;72;15;0;13;6
792.0;18;10;4;11;73;12;2;11;9
798.0;16;10;3;10;74;14;4;10;9
804.0;14;10;3;10;74;15;5;10;9
810.0;12;11;4;10;74;14;5;11;9
816.0;11;10;4;11;75;13;5;11;10
822.0;11;11;4;11;75;13;4;12;9
828.0;11;13;5;11;74;13;4;12;7
834.0;10;14;5;12;73;13;4;12;7
840.0;10;13;5;13;73;13;4;10;9
846.0;11;12;6;13;73;13;4;9;9
852.0;9;12;8;12;71;12;4;13;9
858.0;9;11;10;13;69;12;4;13;9
864.0;8;13;9;13;71;10;5;13;8
870.0;9;14;10;12;71;11;3;13;7
876.0;9;14;8;13;72;10;4;13;7
882.0;9;13;8;13;71;10;5;14;7
888.0;11;11;8;13;72;10;5;14;6
894.0;10;10;9;13;71;10;5;15;7
900.0;12;8;9;12;72;11;4;15;7
906.0;13;10;9;11;74;10;3;13;7
912.0;14;12;9;10;74;10;2;13;6
918.0;13;11;8;11;74;11;2;13;7
924.0;12;11;6;11;74;11;3;13;9
930.0;11;11;6;12;74;13;3;13;7
936.0;8;11;8;13;74;14;5;11;6
942.0;8;11;9;12;73;15;6;10;6
948.0;8;11;8;12;74;13;6;12;6
954.0;10;11;6;13;74;14;6;11;5
960.0;8;11;6;14;72;14;6;14;5
966.0;8;11;4;15;72;14;9;12;5
972.0;6;12;5;15;72;16;7;12;5
978.0;6;12;4;14;71;19;6;11;7
984.0;5;13;3;14;72;19;7;11;6
990.0;4;14;1;11;74;18;6;15;7
996.0;4;14;1;11;74;19;5;15;7
1002.0;6;14;1;10;73;18;5;15;8
1008.0;7;12;1;9;74;17;6;15;9
1014.0;6;12;1;7;75;16;7;16;10
1020.0;6;15;3;7;74;16;6;14;9
1026.0;5;16;3;7;74;15;7;15;8
1032.0;5;16;3;8;74;15;7;15;7
1038.0;5;15;3;8;75;15;7;15;7
1044.0;6;16;3;9;74;15;7;15;5
1050.0;6;16;3;9;73;15;7;15;6
1056.0;6;17;3;10;72;15;8;15;4
1062.0;6;17;4;10;73;14;6;15;5
1068.0;6;17;4;11;73;13;6;17;3
1074.0;4;18;6;11;73;12;6;17;3
1080.0;4;18;7;11;71;12;7;16;4
1086.0;5;18;4;14;70;11;8;16;4
1092.0;6;18;4;14;70;11;7;16;4
1098.0;6;18;4;14;70;11;7;16;4
1104.0;4;17;4;14;70;11;10;16;4
1110.0;5;17;4;12;71;11;10;14;6
1116.0;7;17;4;12;71;9;11;15;4
1122.0;7;14;5;10;71;12;12;15;4
1128.0;7;14;5;10;72;12;11;15;4
1134.0;9;14;5;10;70;12;11;15;4
1140.0;9;15;4;9;70;14;12;15;2
1146.0;10;13;5;9;70;14;12;15;2
1152.0;8;14;5;11;70;15;9;15;3
1158.0;8;14;4;9;71;15;10;16;3
1164.0;8;15;4;8;73;13;10;14;5
1170.0;7;15;5;8;73;13;10;14;5
1176.0;6;15;6;7;73;14;11;13;5
1182.0;5;15;7;7;73;13;11;12;7
1188.0;4;15;7;11;74;11;10;10;8
1194.0;5;17;7;11;71;12;9;9;9
1200.0;4;18;8;12;70;13;7;10;8
1206.0;5;17;7;13;69;13;8;10;8
1212.0;4;20;7;13;67;15;6;10;8
1218.0;5;20;7;12;67;16;5;9;9
1224.0;7;21;5;11;67;15;5;9;10
1230.0;8;16;3;10;72;15;5;11;10
1236.0;6;16;4;10;72;16;5;11;10
1242.0;6;14;4;11;73;16;5;11;10
1248.0;6;12;4;11;74;21;3;11;8
1254.0;7;11;4;10;74;22;4;12;6
1260.0;7;12;4;10;74;23;4;10;6
1266.0;7;11;5;11;75;21;5;9;6
1272.0;6;9;7;11;73;19;7;11;7
1278.0;5;9;9;11;71;19;7;10;9
1284.0;5;9;9;10;71;19;7;10;10
1290.0;5;9;8;12;70;20;7;10;9
1296.0;5;10;8;12;66;19;8;12;10
1302.0;6;9;6;14;63;21;7;14;10
1308.0;7;8;6;13;64;20;7;13;12
1314.0;7;9;6;13;64;20;8;12;11
1320.0;7;10;6;11;64;18;9;13;12
1326.0;7;10;4;12;65;19;10;12;11
1332.0;6;11;4;14;67;17;9;13;9
1338.0;7;12;4;15;68;13;10;13;8
1344.0;7;13;4;13;69;14;9;12;9
1350.0;8;13;5;12;70;13;9;14;6
1356.0;7;14;5;11;71;14;10;11;7
1362.0;7;17;5;10;72;13;10;10;6
1368.0;7;16;4;10;72;13;10;12;6
1374.0;6;16;4;8;72;13;13;13;5
1380.0;5;14;4;9;74;14;12;13;5
1386.0;6;14;4;10;74;16;10;11;5
1392.0;7;15;5;10;75;16;8;10;4
1398.0;6;13;5;10;77;16;8;9;6
1404.0;6;15;4;10;77;15;8;9;6
1410.0;7;15;4;9;75;16;8;10;6
1416.0;6;15;5;9;75;17;7;8;8
1422.0;6;13;6;8;76;15;8;10;8
1428.0;6;13;6;8;76;15;8;10;8
1434.0;5;13;5;8;76;15;8;11;9
1440.0;6;12;4;9;76;15;8;11;9
1446.0;7;12;6;10;77;13;8;10;7
1452.0;8;11;6;9;80;12;8;9;7
1458.0;9;11;8;10;78;12;7;8;7
1464.0;8;10;9;10;79;11;7;8;8
1470.0;7;10;8;11;78;11;7;9;9
1476.0;6;11;9;11;77;11;5;11;9
1482.0;6;11;10;11;76;9;5;13;9
1488.0;5;11;7;11;77;10;6;14;9
1494.0;5;11;6;12;76;10;8;14;8
1500.0;4;11;6;14;75;10;8;14;8
1506.0;4;11;5;14;76;9;8;15;8
1512.0;4;9;4;13;78;10;7;17;8
1518.0;6;10;5;13;77;10;6;15;8
1524.0;5;10;5;14;76;11;5;14;10
1530.0;6;11;4;11;76;12;5;16;9
1536.0;6;11;4;11;77;11;4;16;10
1542.0;5;11;4;12;77;11;4;16;10
1548.0;7;9;1;13;76;11;5;15;13
1554.0;6;8;2;12;76;12;6;15;13
1560.0;8;8;2;12;74;14;7;14;11
1566.0;8;9;2;15;71;14;9;13;9
1572.0;9;10;2;15;70;13;9;13;9
1578.0;8;11;2;14;69;14;9;15;8
1584.0;8;11;2;12;69;15;9;16;8
1590.0;9;11;2;12;70;14;9;15;8
1596.0;8;13;2;12;71;16;8;14;6
1602.0;8;13;3;12;70;15;7;16;6
1608.0;7;14;4;12;70;15;8;15;5
1614.0;7;15;4;12;69;15;8;15;5
1620.0;7;16;4;12;68;15;7;15;6
1626.0;5;15;4;13;69;15;7;16;6
1632.0;4;16;4;13;69;15;8;15;6
1638.0;3;16;5;13;71;14;9;13;6
1644.0;4;15;5;11;72;14;9;14;6
1650.0;4;12;5;13;73;13;9;15;6
1656.0;4;13;5;13;73;13;9;14;6
1662.0;4;13;6;13;72;13;8;15;6
1668.0;4;12;8;13;74;12;7;15;5
1674.0;7;13;7;13;71;12;6;15;6
1680.0;7;14;6;14;72;11;5;16;5
1686.0;5;14;7;15;72;11;5;16;5
1692.0;4;13;9;15;72;9;5;17;6
1698.0;4;11;9;16;70;10;5;18;7
1704.0;4;11;9;17;70;9;5;18;7
1710.0;6;11;10;19;71;8;4;17;4
1716.0;7;11;10;19;72;8;4;16;3
1722.0;8;11;8;19;72;8;4;16;4
1728.0;10;8;6;18;74;12;5;13;4
1734.0;9;8;6;19;73;12;7;12;4
1740.0;10;8;6;18;74;11;7;12;4
1746.0;10;8;6;18;74;12;7;11;4
1752.0;9;9;6;18;74;11;7;9;7
1758.0;9;9;7;16;74;12;7;8;8
1764.0;9;10;7;16;73;12;7;8;8
1770.0;8;10;8;17;73;11;7;8;8
1776.0;8;9;8;16;74;10;8;8;9
1782.0;8;10;8;15;75;11;7;7;9
1788.0;8;14;8;14;75;10;7;5;9
1794.0;9;14;5;14;75;10;7;7;9
