#auto generated file!
12.0;28;20;23;31;30;25;27;20;26
18.0;24;20;22;34;33;26;23;24;24
24.0;22;22;19;38;35;28;19;27;20
30.0;20;21;21;38;36;30;18;28;18
36.0;20;24;21;36;39;28;18;27;17
42.0;19;23;20;36;40;29;18;31;14
48.0;22;23;19;37;40;27;18;31;13
54.0;19;25;18;37;41;24;21;31;14
60.0;19;25;17;39;43;22;21;30;14
66.0;19;27;15;39;45;24;19;27;15
72.0;18;27;14;40;47;23;20;28;13
78.0;18;24;15;40;49;22;20;28;14
84.0;21;26;11;42;48;21;20;29;12
90.0;21;28;10;44;48;21;17;29;12
96.0;19;31;9;45;50;21;14;31;10
102.0;20;30;10;43;52;20;13;31;11
108.0;18;29;9;45;52;20;14;32;11
114.0;18;29;10;41;51;23;15;34;9
120.0;17;28;11;41;53;24;15;33;8
126.0;16;23;13;41;55;25;15;30;12
132.0;16;23;13;38;56;25;14;30;15
138.0;16;24;14;41;54;23;15;29;14
144.0;15;23;14;40;54;22;15;31;16
150.0;17;23;14;37;54;24;16;29;16
156.0;15;23;13;37;57;23;16;31;15
162.0;14;22;14;36;60;24;13;29;18
168.0;14;24;13;35;62;23;13;31;15
174.0;13;26;11;34;62;24;14;30;16
180.0;13;25;11;34;65;25;14;29;14
186.0;12;25;11;34;64;25;13;30;16
192.0;11;22;11;36;64;27;12;29;18
198.0;12;23;11;34;64;24;13;31;18
204.0;9;24;11;35;64;22;15;32;18
210.0;11;24;10;32;63;22;16;34;18
216.0;9;23;10;32;63;24;17;35;17
222.0;10;23;11;34;62;23;18;36;13
228.0;12;26;12;30;65;23;16;33;13
234.0;13;24;11;30;66;23;16;35;12
240.0;12;26;11;30;66;23;15;34;13
246.0;12;24;11;33;67;22;16;32;13
252.0;12;27;9;31;69;23;15;31;13
258.0;11;27;9;29;69;22;18;31;14
264.0;15;29;9;29;68;21;14;30;15
270.0;16;31;9;27;70;20;15;29;13
276.0;17;31;8;25;71;21;15;30;12
282.0;16;33;9;25;71;21;12;33;10
288.0;13;33;8;25;74;24;12;31;10
294.0;12;30;8;26;72;25;13;31;13
300.0;11;30;7;26;74;25;13;31;13
306.0;13;31;6;25;74;24;13;33;11
312.0;13;30;9;25;72;26;12;32;11
318.0;13;28;11;25;72;26;12;33;10
324.0;12;29;9;26;74;28;13;31;8
330.0;10;32;10;24;75;27;12;32;8
336.0;11;33;9;21;77;26;14;31;8
342.0;10;33;10;22;76;27;14;30;8
348.0;9;29;10;25;78;28;14;29;8
354.0;10;29;9;25;78;30;13;28;8
360.0;10;28;9;24;78;30;11;29;11
366.0;11;29;8;26;78;28;12;29;9
372.0;12;26;8;24;79;31;13;28;9
378.0;13;26;6;24;79;28;14;31;9
384.0;12;26;7;24;78;28;12;31;12
390.0;11;26;7;23;79;28;11;32;13
396.0;12;27;6;24;79;28;8;33;13
402.0;15;27;6;24;79;27;9;31;12
408.0;15;23;8;24;83;28;9;29;11
414.0;17;21;8;24;83;29;10;28;10
420.0;16;21;9;21;85;29;12;28;9
426.0;15;22;10;21;86;29;11;27;9
432.0;16;24;8;20;87;29;13;24;9
438.0;15;25;9;20;87;28;13;23;10
444.0;14;24;8;21;88;29;13;23;10
450.0;13;24;7;23;87;29;12;24;11
456.0;11;21;7;24;88;30;11;27;11
462.0;11;22;7;25;87;30;13;24;11
468.0;9;22;10;26;84;30;13;25;11
474.0;9;22;10;25;85;29;16;24;10
480.0;12;21;10;24;82;31;17;23;10
486.0;13;23;12;21;82;30;16;24;9
492.0;13;25;11;22;82;31;13;24;9
498.0;11;26;13;24;82;31;14;20;9
504.0;11;27;14;23;83;29;14;20;9
510.0;11;28;14;22;82;30;13;20;10
516.0;11;28;16;22;83;29;12;20;9
522.0;12;26;14;23;83;28;13;22;9
528.0;13;27;14;21;81;28;14;22;10
534.0;13;28;13;23;82;26;14;21;10
540.0;12;26;12;24;82;27;14;23;10
546.0;14;24;12;23;83;28;12;24;10
552.0;15;25;13;21;83;27;13;24;9
558.0;14;27;14;19;85;27;13;24;7
564.0;15;26;12;20;85;28;14;22;8
570.0;15;27;10;20;85;29;14;22;8
576.0;13;28;9;19;86;31;14;20;10
582.0;13;26;10;18;86;32;14;21;10
588.0;11;25;11;20;87;32;13;20;11
594.0;9;24;12;23;85;28;17;22;10
600.0;10;23;12;23;87;27;16;21;11
606.0;12;24;11;23;90;26;14;22;8
612.0;12;22;13;18;90;27;14;24;10
618.0;13;23;12;18;91;25;12;26;10
624.0;14;23;13;17;91;27;11;25;9
630.0;15;23;15;14;91;28;10;26;8
636.0;16;23;15;14;92;28;9;26;7
642.0;16;21;18;14;91;26;12;25;7
648.0;16;23;20;14;89;25;12;25;6
654.0;15;24;21;14;87;27;11;24;7
660.0;16;23;22;16;86;25;11;24;7
666.0;16;23;22;16;85;23;12;23;10
672.0;16;22;17;17;87;25;12;23;11
678.0;15;24;16;18;86;27;13;21;10
684.0;14;27;16;19;84;28;12;21;9
690.0;16;27;15;19;85;28;10;20;10
696.0;16;28;14;18;83;29;11;20;11
702.0;16;29;12;22;82;29;10;19;11
708.0;15;31;10;23;80;29;8;19;15
714.0;15;29;13;20;81;28;10;18;16
720.0;16;27;10;21;80;29;12;19;16
726.0;14;27;10;21;82;29;11;18;18
732.0;12;27;11;19;83;30;12;21;15
738.0;12;29;10;18;83;30;13;21;14
744.0;11;28;9;17;87;29;11;22;16
750.0;14;26;11;18;85;30;11;20;15
756.0;14;24;11;19;86;29;11;21;15
762.0;13;23;11;20;86;30;9;24;14
768.0;13;23;8;20;87;31;11;23;14
774.0;14;22;8;22;86;30;12;22;14
780.0;17;21;9;25;86;29;10;21;12
786.0;19;21;12;23;85;33;9;17;11
792.0;19;21;13;24;84;30;9;18;12
798.0;18;22;13;24;85;27;8;21;12
804.0;17;22;16;25;84;26;7;21;12
810.0;17;22;14;25;86;24;8;21;13
816.0;18;22;13;22;85;21;9;24;16
822.0;16;23;12;25;83;21;11;26;13
828.0;15;22;14;26;82;23;9;27;12
834.0;16;23;9;27;85;23;8;27;12
840.0;16;23;9;28;84;22;8;27;13
846.0;20;23;8;28;83;20;10;28;10
852.0;19;24;11;27;82;19;9;29;10
858.0;19;24;12;27;81;20;10;28;9
864.0;17;22;9;28;81;23;11;28;11
870.0;14;21;8;29;81;24;11;29;13
876.0;15;21;8;26;80;23;12;31;14
882.0;14;22;9;27;79;23;10;33;13
888.0;13;22;10;29;79;21;12;30;14
894.0;14;21;10;29;80;21;12;29;14
900.0;14;20;9;29;81;20;12;29;16
906.0;14;20;11;29;81;20;13;29;13
912.0;14;18;14;29;81;20;13;28;13
918.0;12;18;15;29;82;19;13;28;14
924.0;11;20;13;29;83;19;15;27;13
930.0;11;18;14;32;83;19;15;26;12
936.0;10;19;14;32;84;18;14;26;13
942.0;10;23;15;30;84;17;13;26;12
948.0;9;24;15;30;84;16;12;26;14
954.0;8;26;14;29;85;17;12;25;14
960.0;6;25;14;28;84;17;18;26;12
966.0;7;25;14;27;83;16;18;27;13
972.0;9;23;15;27;83;18;17;27;11
978.0;10;23;17;25;83;19;15;27;11
984.0;12;22;19;26;84;19;13;24;11
990.0;12;22;18;26;84;22;14;23;9
996.0;13;24;17;26;83;22;14;23;8
1002.0;13;24;15;27;82;25;15;22;7
1008.0;13;24;17;25;87;21;17;19;7
1014.0;13;25;19;24;86;22;16;18;7
1020.0;13;26;19;23;84;21;17;19;8
1026.0;13;26;17;25;87;20;14;20;8
1032.0;13;26;15;25;87;19;16;21;8
1038.0;15;24;15;23;89;19;17;20;8
1044.0;16;22;15;23;89;22;16;20;7
1050.0;16;25;14;26;89;21;14;17;8
1056.0;16;26;15;25;88;21;16;17;6
1062.0;16;28;16;25;88;22;16;16;3
1068.0;16;28;16;24;89;21;16;16;4
1074.0;15;29;17;25;90;20;15;16;3
1080.0;16;29;18;22;90;20;13;17;5
1086.0;17;29;15;23;86;23;11;18;8
1092.0;13;29;15;23;86;23;13;19;9
1098.0;13;28;17;21;86;23;12;21;9
1104.0;14;27;19;23;85;23;10;19;10
1110.0;15;26;19;22;85;22;12;19;10
1116.0;13;25;16;20;86;21;13;21;15
1122.0;14;25;17;20;85;20;14;21;14
1128.0;15;24;17;20;86;19;13;21;15
1134.0;14;20;16;19;88;20;14;24;15
1140.0;16;21;14;21;86;21;13;22;16
1146.0;17;18;14;23;84;23;12;24;15
1152.0;15;19;11;23;85;22;13;24;18
1158.0;12;18;12;25;87;24;11;23;18
1164.0;10;17;13;25;90;26;8;22;19
1170.0;12;18;12;24;91;26;8;21;18
1176.0;11;16;13;25;90;25;9;23;18
1182.0;12;15;15;26;89;21;10;24;18
1188.0;12;16;15;28;88;23;9;23;16
1194.0;12;17;14;28;87;25;11;24;12
1200.0;13;17;13;27;88;26;12;23;11
1206.0;15;18;10;25;89;27;10;24;12
1212.0;17;16;12;25;91;26;9;24;10
1218.0;17;18;12;25;91;25;10;23;9
1224.0;17;21;13;24;93;23;9;21;9
1230.0;17;21;12;24;94;24;9;20;9
1236.0;17;20;13;23;93;24;10;20;10
1242.0;16;20;13;24;93;24;9;21;10
1248.0;16;18;14;23;93;25;9;22;10
1254.0;16;20;15;25;93;25;9;17;10
1260.0;16;20;15;25;94;25;9;17;9
1266.0;15;19;15;25;94;23;9;20;10
1272.0;14;20;14;24;92;22;10;24;10
1278.0;15;21;12;21;90;22;12;26;11
1284.0;17;20;11;21;90;21;11;26;13
1290.0;16;23;12;21;89;20;11;25;13
1296.0;14;23;12;19;90;21;12;26;13
1302.0;12;24;12;17;90;19;15;28;13
1308.0;13;24;12;20;90;18;14;28;11
1314.0;14;24;11;21;90;18;15;27;10
1320.0;12;25;10;24;87;19;16;28;9
1326.0;12;23;11;26;87;19;17;27;8
1332.0;12;23;11;25;86;21;16;27;9
1338.0;13;24;10;25;85;23;14;27;9
1344.0;14;23;10;25;84;26;15;24;9
1350.0;14;23;9;25;85;26;14;25;9
1356.0;12;22;7;26;88;26;14;25;10
1362.0;12;22;6;24;89;27;12;26;12
1368.0;13;24;7;24;87;30;9;26;10
1374.0;12;23;7;23;86;32;10;27;10
1380.0;14;20;9;22;85;31;11;28;10
1386.0;11;19;8;21;88;32;13;28;10
1392.0;11;16;7;23;89;34;14;26;10
1398.0;11;15;7;24;89;32;15;25;12
1404.0;14;13;8;23;89;35;13;22;13
1410.0;14;14;8;21;91;32;13;24;13
1416.0;12;15;7;21;92;31;13;24;15
1422.0;14;15;7;22;93;27;14;25;13
1428.0;16;12;9;23;95;26;14;24;11
1434.0;15;13;11;23;98;25;11;24;10
1440.0;15;13;11;24;99;26;12;20;10
1446.0;15;14;11;24;99;26;12;19;10
1452.0;15;15;9;26;100;25;11;19;10
1458.0;17;15;11;27;99;25;9;19;8
1464.0;17;15;11;27;99;24;10;19;8
1470.0;19;13;10;25;98;24;11;20;10
1476.0;20;14;8;25;99;26;9;18;11
1482.0;21;15;8;26;98;25;11;18;8
1488.0;16;16;9;25;99;26;11;17;11
1494.0;15;16;9;27;98;27;11;17;10
1500.0;17;16;11;24;96;28;12;16;10
1506.0;16;17;11;24;97;27;14;14;10
1512.0;16;17;12;25;96;27;13;14;10
1518.0;16;17;13;24;95;31;11;13;10
1524.0;15;19;14;24;95;31;11;12;9
1530.0;16;19;15;24;93;32;10;13;8
1536.0;16;19;14;24;93;33;10;12;9
1542.0;14;20;14;21;92;35;9;15;10
1548.0;11;20;13;23;92;36;7;17;11
1554.0;11;22;12;23;93;34;7;18;10
1560.0;10;22;13;24;91;33;7;19;11
1566.0;10;18;11;25;91;34;8;22;11
1572.0;13;18;9;25;91;33;7;22;12
1578.0;12;17;9;24;92;35;7;22;12
1584.0;11;18;8;28;93;33;7;22;10
1590.0;10;18;9;25;93;36;7;23;9
1596.0;9;20;12;24;93;34;8;23;7
1602.0;8;21;11;24;94;34;8;23;7
1608.0;6;22;12;23;96;33;10;21;7
1614.0;5;21;13;23;98;31;10;19;10
1620.0;6;19;13;23;98;29;11;19;12
1626.0;7;18;13;21;97;29;13;20;12
1632.0;6;23;14;22;95;28;11;19;12
1638.0;9;23;10;21;98;29;12;16;12
1644.0;11;22;9;19;98;30;14;15;12
1650.0;9;21;9;21;99;29;12;18;12
1656.0;8;21;8;22;98;28;15;18;12
1662.0;8;23;9;21;96;27;15;20;11
1668.0;9;22;8;22;95;27;14;22;11
1674.0;9;19;8;23;97;28;14;21;11
1680.0;9;20;8;22;96;30;12;23;10
1686.0;9;23;6;23;98;30;12;19;10
1692.0;8;24;6;24;97;30;11;19;11
1698.0;7;22;6;24;98;28;13;19;13
1704.0;7;24;6;25;98;29;12;19;10
1710.0;7;23;7;24;98;30;11;20;10
1716.0;7;22;10;21;96;28;12;22;12
1722.0;9;22;10;22;95;27;13;21;11
1728.0;8;21;10;20;95;29;14;21;12
1734.0;9;20;11;19;95;30;14;22;10
1740.0;11;20;11;17;95;30;14;24;8
1746.0;9;22;11;17;96;29;14;24;8
1752.0;6;23;14;17;95;27;15;25;8
1758.0;7;24;14;16;95;27;15;24;8
1764.0;8;26;12;16;96;25;14;24;9
1770.0;10;24;11;16;96;24;15;25;9
1776.0;10;22;11;16;97;24;15;26;9
1782.0;9;23;11;16;99;23;15;26;8
1788.0;8;22;11;14;100;24;12;32;7
1794.0;7;19;12;16;99;22;11;35;9
