#auto generated file!
12.0;37;35;35;37;40;35;39;25;27
18.0;37;38;33;36;40;36;37;24;29
24.0;36;40;33;33;44;35;36;26;27
30.0;30;41;35;36;44;35;34;32;23
36.0;29;41;34;37;42;37;34;37;19
42.0;28;39;36;34;42;40;35;36;20
48.0;30;36;30;37;44;43;35;35;20
54.0;27;35;32;36;49;42;33;36;20
60.0;24;36;31;38;52;40;30;37;22
66.0;26;40;28;37;52;43;28;36;20
72.0;25;40;29;40;54;46;22;36;18
78.0;24;40;31;40;55;44;19;36;21
84.0;25;39;29;41;57;46;18;33;22
90.0;27;40;26;40;58;47;22;30;20
96.0;28;38;27;39;59;47;22;31;19
102.0;26;38;28;40;62;46;21;31;18
108.0;26;38;28;40;62;42;23;32;19
114.0;25;34;29;43;62;43;22;33;19
120.0;24;36;27;47;64;41;23;33;15
126.0;23;36;30;42;68;44;21;31;15
132.0;23;36;30;40;67;44;23;34;13
138.0;23;35;28;39;70;45;25;34;11
144.0;23;34;27;41;70;45;22;36;12
150.0;21;33;28;40;73;44;21;36;14
156.0;21;32;31;38;75;44;20;36;13
162.0;19;30;29;41;78;43;21;38;11
168.0;20;30;28;42;77;43;21;37;12
174.0;18;30;29;39;79;43;22;37;13
180.0;20;27;26;41;80;43;24;36;13
186.0;19;29;24;41;83;39;23;37;15
192.0;20;31;22;40;86;42;21;31;17
198.0;17;32;22;39;86;40;24;32;18
204.0;17;32;19;40;88;41;22;35;16
210.0;16;31;20;37;90;40;24;34;18
216.0;12;27;19;40;93;40;25;36;18
222.0;12;27;18;40;95;39;23;37;19
228.0;14;28;20;40;93;42;20;34;19
234.0;15;30;22;40;94;37;20;33;19
240.0;17;32;21;40;94;36;18;34;18
246.0;17;30;20;41;95;38;18;35;16
252.0;21;31;20;39;95;37;17;34;16
258.0;20;32;21;42;96;37;17;30;15
264.0;19;30;23;40;95;35;18;32;18
270.0;18;32;24;38;95;34;16;32;21
276.0;18;31;23;37;96;34;17;32;22
282.0;17;30;22;35;99;35;18;31;23
288.0;19;32;18;36;100;34;18;31;22
294.0;19;28;21;36;99;38;18;31;20
300.0;16;26;23;37;99;37;21;31;20
306.0;17;29;21;39;97;38;18;32;19
312.0;17;30;23;39;97;36;18;31;19
318.0;17;30;25;37;99;37;18;28;19
324.0;18;27;24;38;99;38;18;30;18
330.0;20;28;23;36;102;39;19;26;17
336.0;19;26;21;34;103;39;18;31;19
342.0;21;28;20;32;104;38;18;32;17
348.0;23;29;19;34;106;37;14;30;18
354.0;20;31;19;34;107;38;14;29;18
360.0;22;31;20;34;109;37;14;26;17
366.0;22;31;20;34;109;34;15;26;19
372.0;21;29;18;35;109;35;16;29;18
378.0;20;28;17;38;111;33;17;29;17
384.0;16;31;16;39;111;33;17;31;16
390.0;15;30;15;41;111;36;15;30;17
396.0;15;30;15;38;112;36;15;29;20
402.0;14;31;17;37;113;36;15;30;17
408.0;12;31;16;42;112;33;16;30;18
414.0;13;31;19;39;112;33;15;30;18
420.0;10;32;14;38;115;32;15;32;22
426.0;9;31;12;39;116;32;18;32;21
432.0;7;33;12;38;118;34;17;31;20
438.0;7;33;12;37;118;37;18;28;20
444.0;7;32;13;38;119;35;20;28;18
450.0;9;29;12;41;118;35;20;28;18
456.0;11;28;11;38;121;31;21;29;20
462.0;11;31;13;37;122;30;18;27;21
468.0;11;30;11;36;122;32;19;28;21
474.0;10;32;12;36;122;33;16;28;21
480.0;13;36;12;38;119;28;17;27;20
486.0;15;37;13;36;117;30;16;28;18
492.0;12;38;14;32;119;32;17;26;20
498.0;15;37;16;32;119;30;15;27;19
504.0;14;35;16;31;119;29;18;29;19
510.0;15;34;16;32;119;30;18;29;17
516.0;15;31;15;34;117;31;17;29;21
522.0;18;31;15;32;120;30;18;29;17
528.0;19;30;14;31;122;32;18;30;14
534.0;17;32;14;30;120;33;19;32;13
540.0;16;35;14;27;122;33;18;33;12
546.0;15;36;17;26;120;32;16;35;13
552.0;18;35;16;27;121;31;15;34;13
558.0;16;35;18;29;125;30;12;34;11
564.0;17;34;19;30;124;29;11;36;10
570.0;17;34;18;28;126;31;12;33;11
576.0;17;32;17;28;128;30;11;34;13
582.0;17;34;16;29;128;29;13;33;11
588.0;17;34;17;30;129;28;10;34;11
594.0;17;37;17;31;130;27;6;34;11
600.0;16;35;18;32;131;26;6;36;10
606.0;17;34;17;30;132;28;6;37;9
612.0;19;36;16;30;133;26;8;34;8
618.0;22;37;18;29;131;25;7;32;9
624.0;21;33;18;29;132;27;8;32;10
630.0;18;33;20;28;132;29;9;31;10
636.0;16;30;18;29;134;29;9;33;12
642.0;14;32;18;32;136;26;9;32;11
648.0;14;34;17;32;138;25;9;30;11
654.0;13;36;15;31;137;25;8;31;14
660.0;12;35;18;31;138;26;6;32;12
666.0;12;33;17;31;140;26;5;32;14
672.0;13;33;17;31;139;25;5;34;13
678.0;14;39;13;30;137;26;6;33;12
684.0;15;41;11;27;138;25;7;36;10
690.0;14;43;12;23;139;23;9;36;11
696.0;12;44;13;22;139;25;9;36;10
702.0;12;44;13;22;139;25;9;36;10
708.0;12;44;13;23;138;22;9;38;11
714.0;16;43;13;21;136;23;9;33;16
720.0;15;42;11;22;136;22;8;34;20
726.0;14;42;13;19;138;19;9;38;18
732.0;13;40;13;20;137;20;12;38;17
738.0;18;38;11;18;138;20;13;37;17
744.0;17;40;12;18;139;22;10;38;14
750.0;17;42;13;19;139;22;7;35;16
756.0;18;37;13;21;142;23;6;35;15
762.0;17;38;13;23;143;22;4;35;15
768.0;16;35;16;26;140;23;5;35;14
774.0;15;38;17;25;140;23;5;33;14
780.0;12;38;16;26;140;22;7;33;16
786.0;12;39;16;27;140;21;6;32;17
792.0;12;39;15;26;139;21;8;32;18
798.0;12;39;15;24;140;22;8;32;18
804.0;13;39;11;23;140;22;11;34;17
810.0;11;41;10;22;138;23;14;35;16
816.0;13;42;13;24;135;24;14;29;16
822.0;11;41;14;23;135;25;14;30;17
828.0;12;41;15;21;136;26;12;31;16
834.0;12;39;16;21;137;24;14;28;19
840.0;13;37;12;25;136;24;16;29;18
846.0;14;39;14;23;137;23;16;28;16
852.0;14;38;15;23;137;23;17;25;18
858.0;14;37;16;23;138;24;15;24;19
864.0;16;37;18;23;134;25;18;23;16
870.0;15;34;17;25;133;26;19;25;16
876.0;14;35;17;29;131;26;16;24;18
882.0;15;35;16;29;129;28;17;23;18
888.0;14;35;18;28;127;29;16;24;19
894.0;17;36;17;29;127;29;17;23;15
900.0;17;37;17;27;127;28;18;24;15
906.0;17;37;20;26;128;29;16;22;15
912.0;17;38;19;25;127;26;16;25;17
918.0;17;39;16;26;127;25;17;25;18
924.0;16;36;17;27;125;25;19;26;19
930.0;17;34;18;23;127;26;18;26;21
936.0;17;34;20;23;128;25;18;25;20
942.0;16;36;17;25;127;26;18;25;20
948.0;15;32;17;26;131;26;21;20;22
954.0;14;30;17;27;132;24;22;23;21
960.0;15;27;16;27;134;24;22;24;21
966.0;17;27;15;27;135;24;22;25;18
972.0;15;28;16;27;135;23;20;25;21
978.0;13;28;17;28;138;23;19;23;21
984.0;12;26;13;29;138;26;18;25;23
990.0;12;24;13;33;137;25;16;27;23
996.0;11;25;13;31;138;27;12;29;24
1002.0;15;28;13;28;137;23;11;30;25
1008.0;15;29;11;27;138;27;11;29;23
1014.0;17;29;14;25;135;26;11;32;21
1020.0;16;30;13;25;136;25;10;33;22
1026.0;19;29;15;26;139;24;10;31;17
1032.0;17;28;14;27;141;23;10;32;18
1038.0;17;27;20;28;142;23;8;29;16
1044.0;16;27;17;27;144;23;10;30;16
1050.0;15;29;18;28;141;24;8;31;16
1056.0;18;29;17;27;140;25;8;33;13
1062.0;15;29;17;26;140;26;10;33;14
1068.0;13;29;18;25;142;30;7;33;13
1074.0;14;29;18;23;141;31;8;32;14
1080.0;15;27;18;23;140;30;9;33;15
1086.0;12;26;17;24;143;33;11;31;13
1092.0;13;26;18;25;141;32;10;32;13
1098.0;11;24;21;23;143;32;12;30;14
1104.0;15;25;19;23;139;34;14;28;13
1110.0;14;26;18;23;138;35;15;28;13
1116.0;15;23;17;23;137;34;14;29;18
1122.0;14;23;17;23;139;29;16;31;18
1128.0;14;22;15;24;139;29;17;32;18
1134.0;16;25;13;23;140;27;17;32;17
1140.0;14;24;16;23;140;27;15;31;20
1146.0;14;25;17;24;140;25;17;31;17
1152.0;16;25;13;25;139;31;17;26;18
1158.0;13;27;13;25;138;32;16;25;21
1164.0;13;27;13;26;138;31;14;26;22
1170.0;17;26;10;26;138;31;14;25;23
1176.0;18;26;9;25;139;34;13;26;20
1182.0;19;22;9;25;140;33;15;28;19
1188.0;17;23;11;23;142;33;13;29;19
1194.0;16;24;10;25;143;30;12;32;18
1200.0;15;22;10;29;145;28;13;32;16
1206.0;15;24;10;30;145;25;12;32;17
1212.0;15;25;11;28;146;29;10;31;15
1218.0;16;25;8;28;148;30;9;33;13
1224.0;14;25;10;28;149;32;8;31;13
1230.0;15;23;9;30;148;34;9;28;14
1236.0;14;22;10;30;146;35;10;28;15
1242.0;13;22;9;31;145;36;11;28;15
1248.0;16;21;10;31;143;38;11;27;13
1254.0;17;20;8;30;146;35;13;29;12
1260.0;18;20;8;30;147;34;13;27;13
1266.0;20;20;10;27;144;32;14;28;15
1272.0;18;21;9;29;144;32;14;29;14
1278.0;14;22;9;30;144;34;14;29;14
1284.0;13;22;11;30;145;33;14;28;14
1290.0;14;22;12;30;146;32;14;26;14
1296.0;17;24;11;29;145;32;16;23;13
1302.0;18;23;8;31;146;31;18;22;13
1308.0;19;25;10;31;147;28;18;23;9
1314.0;17;26;12;31;147;30;15;23;9
1320.0;19;24;13;29;146;31;17;23;8
1326.0;19;23;11;29;145;34;17;22;10
1332.0;20;22;12;31;146;31;18;19;11
1338.0;18;23;15;31;148;30;17;17;11
1344.0;17;24;14;33;150;30;14;18;10
1350.0;20;23;14;36;150;28;13;17;9
1356.0;18;23;12;38;149;26;15;19;10
1362.0;16;26;10;36;153;26;13;21;9
1368.0;18;27;10;34;154;24;14;21;8
1374.0;16;24;10;33;156;28;14;21;8
1380.0;15;25;11;33;157;26;14;21;8
1386.0;14;27;11;34;157;24;12;23;8
1392.0;13;28;9;35;155;25;12;24;9
1398.0;12;24;10;36;155;26;12;26;9
1404.0;12;24;11;34;153;28;12;26;10
1410.0;11;23;12;34;151;30;15;24;10
1416.0;14;23;14;32;147;31;15;25;9
1422.0;14;22;14;32;147;32;14;27;8
1428.0;16;22;14;27;148;33;13;28;9
1434.0;16;22;14;29;145;32;14;28;10
1440.0;15;20;12;29;145;32;13;32;12
1446.0;18;20;12;31;146;30;14;30;9
1452.0;17;20;11;33;144;30;15;28;12
1458.0;16;22;10;34;145;32;14;27;10
1464.0;14;23;11;32;146;35;14;27;8
1470.0;15;24;10;33;144;32;16;27;9
1476.0;13;24;11;34;145;29;16;28;10
1482.0;12;24;11;32;147;29;17;26;12
1488.0;14;26;10;32;146;25;16;27;14
1494.0;16;24;7;29;150;27;16;26;15
1500.0;16;24;9;27;149;27;16;27;15
1506.0;17;24;9;28;146;29;15;28;14
1512.0;15;25;9;30;144;30;13;29;15
1518.0;16;25;8;29;143;29;14;28;18
1524.0;15;25;9;29;142;28;17;28;17
1530.0;15;22;10;33;142;28;20;25;15
1536.0;16;21;10;31;140;26;23;28;15
1542.0;14;24;10;31;140;27;22;29;13
1548.0;13;25;9;31;140;28;22;30;12
1554.0;12;26;7;32;143;28;22;29;11
1560.0;14;26;7;30;142;31;22;28;10
1566.0;15;27;8;32;141;30;19;29;9
1572.0;13;28;11;32;142;28;18;31;7
1578.0;15;26;12;33;143;27;16;28;10
1584.0;15;25;11;31;143;27;15;30;13
1590.0;13;26;13;30;144;27;13;31;13
1596.0;14;30;12;28;142;28;13;29;14
1602.0;12;28;12;30;141;28;12;30;17
1608.0;10;28;12;30;140;30;12;29;19
1614.0;10;24;12;27;142;30;13;33;19
1620.0;14;22;10;29;141;29;14;31;20
1626.0;12;23;11;27;140;30;11;33;23
1632.0;13;22;11;25;142;28;13;32;24
1638.0;13;21;14;26;140;27;12;29;28
1644.0;13;21;12;27;142;27;15;28;25
1650.0;12;22;13;25;142;28;17;26;25
1656.0;12;21;14;24;142;27;15;29;26
1662.0;14;19;15;25;141;28;11;30;27
1668.0;13;22;16;25;141;27;13;29;24
1674.0;13;23;22;24;138;27;12;27;24
1680.0;14;25;19;22;137;28;15;28;22
1686.0;16;25;21;23;136;27;15;28;19
1692.0;15;29;23;23;135;23;16;28;18
1698.0;17;29;20;24;138;24;15;27;16
1704.0;15;29;16;23;143;24;14;27;19
1710.0;17;26;15;22;144;25;15;28;18
1716.0;19;24;14;23;146;25;13;30;16
1722.0;18;26;15;24;146;24;12;31;14
1728.0;18;27;15;25;146;22;12;30;15
1734.0;17;28;14;26;145;23;14;29;14
1740.0;19;28;14;26;143;26;11;27;16
1746.0;21;30;14;24;141;28;10;27;15
1752.0;21;30;14;25;140;28;11;28;13
1758.0;20;32;15;26;137;29;11;25;15
1764.0;18;33;15;26;138;29;14;24;13
1770.0;19;33;17;25;140;29;13;23;11
1776.0;18;36;17;24;139;30;12;23;11
1782.0;17;39;16;24;137;31;12;22;12
1788.0;16;39;18;28;136;28;13;20;12
1794.0;17;39;18;28;136;25;13;21;13
