#auto generated file!
12.0;29;21;29;23;22;29;37;36;24
18.0;33;21;24;24;22;32;37;35;22
24.0;34;24;20;26;23;33;34;36;20
30.0;32;25;21;27;24;33;33;36;19
36.0;31;27;22;22;26;30;33;40;19
42.0;28;28;23;21;29;31;32;40;18
48.0;27;27;21;22;34;31;35;37;16
54.0;24;29;20;23;38;31;34;35;16
60.0;27;31;21;22;37;28;33;38;13
66.0;25;32;18;25;38;28;34;38;12
72.0;25;30;20;29;39;29;31;35;12
78.0;25;30;18;29;40;31;31;36;10
84.0;24;29;20;27;42;30;29;39;10
90.0;23;30;22;25;44;29;26;38;13
96.0;25;29;20;25;45;31;23;39;13
102.0;25;31;18;23;45;31;22;39;16
108.0;23;32;21;20;47;31;22;38;16
114.0;20;32;22;20;50;29;25;38;14
120.0;22;34;24;20;52;28;23;34;13
126.0;19;35;22;21;53;29;24;34;13
132.0;21;35;20;22;56;27;24;32;13
138.0;21;39;20;23;57;26;21;33;10
144.0;22;37;21;23;60;26;19;32;10
150.0;20;34;23;24;59;28;19;33;10
156.0;18;34;19;28;64;29;18;31;9
162.0;18;34;19;28;63;30;21;29;8
168.0;19;33;16;28;61;27;25;31;10
174.0;21;32;15;30;62;25;24;30;11
180.0;22;31;16;29;62;25;25;29;11
186.0;21;30;12;31;66;25;26;26;13
192.0;18;28;13;31;69;26;26;27;12
198.0;17;29;12;32;72;25;26;26;11
204.0;16;28;12;32;73;24;27;27;11
210.0;16;30;11;33;74;26;22;26;12
216.0;13;29;12;33;74;30;20;28;11
222.0;12;28;13;34;76;29;20;28;10
228.0;13;28;12;35;77;29;20;28;8
234.0;14;29;11;35;78;27;20;27;9
240.0;14;30;12;34;78;28;17;26;11
246.0;16;27;16;34;79;26;16;25;11
252.0;15;28;16;33;80;26;16;26;10
258.0;14;27;17;33;82;27;15;25;10
264.0;11;27;17;34;83;29;10;25;14
270.0;11;24;19;34;84;30;8;26;14
276.0;11;22;18;35;86;30;8;24;16
282.0;15;21;19;33;86;28;10;23;15
288.0;11;24;20;33;86;31;7;24;14
294.0;14;23;18;34;86;30;9;23;13
300.0;15;20;19;36;88;29;11;23;9
306.0;12;19;17;36;89;32;12;24;9
312.0;12;17;17;35;91;32;11;24;11
318.0;13;19;16;32;90;30;13;24;13
324.0;13;20;14;32;92;29;14;21;15
330.0;13;21;14;29;92;33;13;19;16
336.0;13;23;14;30;93;30;13;18;16
342.0;15;24;13;29;89;27;14;22;17
348.0;16;24;14;31;87;26;13;24;15
354.0;11;26;16;32;88;25;12;25;15
360.0;12;27;13;32;89;26;11;26;14
366.0;12;27;13;31;90;25;11;28;13
372.0;13;30;16;28;89;23;11;27;13
378.0;11;29;18;25;90;25;12;27;13
384.0;10;30;18;27;89;24;13;28;11
390.0;11;31;19;26;91;25;12;26;9
396.0;11;29;20;25;91;23;14;26;11
402.0;11;27;20;26;92;23;13;26;12
408.0;11;25;22;25;92;24;14;24;13
414.0;14;23;21;29;92;25;12;19;15
420.0;15;23;18;29;93;26;11;19;16
426.0;12;23;18;30;93;27;11;22;14
432.0;12;24;18;26;95;25;12;25;13
438.0;13;26;17;27;95;23;13;26;10
444.0;14;28;15;26;97;24;13;22;11
450.0;13;27;16;26;101;25;12;18;12
456.0;13;26;19;26;102;25;10;17;12
462.0;11;25;19;27;102;25;12;17;12
468.0;11;24;17;29;101;25;11;19;13
474.0;11;23;15;29;102;24;11;22;13
480.0;9;25;14;29;102;24;12;25;10
486.0;10;27;14;27;102;24;12;24;10
492.0;9;24;14;28;104;23;14;24;10
498.0;10;21;15;29;105;21;15;25;9
504.0;10;22;13;29;106;21;17;25;7
510.0;9;20;14;29;109;20;17;22;10
516.0;11;20;15;27;109;22;13;23;10
522.0;9;18;14;29;110;21;11;26;12
528.0;9;20;13;29;109;22;12;26;10
534.0;9;19;11;30;110;24;11;26;10
540.0;7;19;12;27;109;27;13;26;10
546.0;9;19;9;27;110;28;12;23;13
552.0;10;18;10;26;107;30;14;24;11
558.0;11;18;11;24;107;31;14;24;10
564.0;11;18;9;24;108;30;14;27;9
570.0;12;18;11;24;108;29;14;25;9
576.0;12;16;11;25;109;30;16;24;7
582.0;12;16;11;24;111;31;15;23;7
588.0;14;16;12;24;110;30;16;21;7
594.0;14;16;13;25;109;27;17;21;8
600.0;14;17;13;25;108;26;16;22;9
606.0;12;14;16;24;109;26;17;26;6
612.0;12;15;15;23;111;24;17;27;6
618.0;11;15;16;24;112;22;18;27;5
624.0;11;16;15;23;111;23;18;27;6
630.0;10;16;14;24;111;23;16;30;6
636.0;11;15;13;22;108;23;16;35;7
642.0;13;14;12;22;106;22;17;34;10
648.0;13;13;10;25;107;22;18;33;9
654.0;12;14;12;25;107;23;17;32;8
660.0;12;14;13;25;106;23;16;31;10
666.0;10;16;12;23;109;23;16;31;10
672.0;9;17;11;22;108;26;16;30;11
678.0;11;17;13;21;110;25;14;29;10
684.0;12;20;13;22;109;25;12;29;8
690.0;14;19;15;22;109;23;10;27;11
696.0;14;20;14;23;107;25;12;25;10
702.0;13;20;15;21;112;25;11;25;8
708.0;13;18;13;20;115;27;11;25;8
714.0;13;19;11;20;114;26;14;25;8
720.0;15;18;12;20;114;25;12;24;10
726.0;15;21;14;20;112;25;8;25;10
732.0;15;20;13;22;109;24;11;26;10
738.0;15;20;13;22;108;26;10;26;10
744.0;14;21;13;22;108;25;9;28;10
750.0;14;21;13;24;109;20;7;30;12
756.0;14;24;11;25;105;20;5;32;14
762.0;11;23;10;25;106;21;6;32;16
768.0;13;21;10;24;105;22;5;33;17
774.0;13;21;12;26;102;23;5;33;15
780.0;12;22;12;24;105;23;7;34;11
786.0;13;23;11;21;104;24;6;35;13
792.0;11;23;10;23;104;26;7;34;12
798.0;10;23;8;22;104;27;7;36;13
804.0;12;24;9;24;103;27;8;32;11
810.0;13;24;9;23;104;28;6;33;10
816.0;14;23;11;23;103;28;6;32;10
822.0;14;25;9;22;108;28;5;30;9
828.0;14;24;10;22;107;26;8;31;8
834.0;13;24;10;24;109;25;7;32;6
840.0;13;23;11;23;108;27;8;30;7
846.0;9;24;12;27;108;25;9;30;6
852.0;9;25;10;27;109;24;10;31;5
858.0;11;26;7;26;111;22;10;32;5
864.0;13;25;5;27;110;22;9;35;4
870.0;14;26;5;25;112;22;7;34;5
876.0;11;27;9;24;114;23;7;29;6
882.0;10;27;10;24;113;24;8;27;7
888.0;10;28;10;24;112;25;8;26;7
894.0;10;29;13;21;109;23;9;27;9
900.0;12;30;13;19;108;21;9;29;9
906.0;14;27;13;19;110;21;8;28;10
912.0;13;28;15;20;109;20;6;28;11
918.0;13;27;14;22;109;21;8;28;8
924.0;14;28;13;24;109;19;9;28;6
930.0;13;30;13;23;107;18;10;29;7
936.0;14;32;11;21;106;18;11;29;8
942.0;13;31;9;24;111;18;10;26;8
948.0;12;30;9;24;111;16;12;26;10
954.0;11;29;9;23;112;17;11;28;10
960.0;7;29;10;25;111;17;11;30;10
966.0;7;28;10;26;113;15;11;29;11
972.0;7;26;11;26;114;16;11;27;12
978.0;9;26;12;26;113;19;11;25;9
984.0;8;26;11;27;114;20;11;25;8
990.0;8;25;12;26;113;22;12;24;8
996.0;10;24;13;22;114;22;11;25;9
1002.0;9;23;12;23;114;23;9;27;10
1008.0;10;21;12;25;114;23;9;25;11
1014.0;9;20;10;26;114;22;10;25;14
1020.0;9;20;8;25;113;23;12;25;15
1026.0;8;20;9;28;112;25;11;24;13
1032.0;9;20;7;28;112;24;15;23;12
1038.0;7;21;7;28;112;24;14;24;13
1044.0;6;23;8;26;112;24;14;26;11
1050.0;9;25;7;28;112;20;14;25;10
1056.0;8;25;6;29;113;20;15;23;11
1062.0;8;24;8;28;112;20;14;24;12
1068.0;9;25;7;28;111;21;15;24;10
1074.0;12;26;6;27;110;20;11;25;13
1080.0;15;24;7;26;109;19;11;27;12
1086.0;14;24;5;26;110;18;13;28;12
1092.0;14;22;7;25;115;18;9;28;12
1098.0;13;23;9;25;113;20;7;28;12
1104.0;12;24;7;25;115;20;9;27;11
1110.0;11;25;7;25;113;20;11;28;10
1116.0;7;27;5;27;114;21;11;28;10
1122.0;8;26;5;27;113;22;12;28;9
1128.0;7;25;4;30;113;24;14;26;7
1134.0;7;27;5;31;111;23;12;26;8
1140.0;7;25;5;32;111;23;11;27;9
1146.0;9;26;6;31;111;23;9;28;7
1152.0;8;25;8;30;110;25;9;29;6
1158.0;8;23;7;28;111;26;9;29;9
1164.0;9;24;8;29;108;27;11;25;9
1170.0;10;23;8;28;108;27;12;25;9
1176.0;11;20;8;30;109;24;14;26;8
1182.0;13;17;8;27;110;26;14;26;9
1188.0;9;20;8;29;109;29;13;26;7
1194.0;9;20;8;28;109;29;13;27;7
1200.0;10;22;8;30;109;27;11;27;6
1206.0;11;21;9;29;109;27;11;26;7
1212.0;11;20;11;28;109;26;10;27;8
1218.0;8;20;10;29;109;25;10;29;10
1224.0;9;19;7;31;110;23;12;29;10
1230.0;9;17;6;34;110;23;11;32;8
1236.0;11;16;6;32;110;21;14;33;7
1242.0;11;15;6;32;110;22;14;33;7
1248.0;9;14;8;34;109;22;13;36;5
1254.0;11;17;7;34;106;18;15;37;5
1260.0;12;16;6;35;105;19;14;35;8
1266.0;13;16;6;35;105;18;16;32;9
1272.0;12;16;7;35;104;20;15;32;9
1278.0;11;16;7;38;105;21;14;29;9
1284.0;11;18;7;38;104;20;12;31;9
1290.0;8;19;8;40;103;20;13;27;12
1296.0;8;19;8;40;103;20;13;29;10
1302.0;13;19;8;37;103;23;12;24;11
1308.0;14;19;8;37;103;21;14;23;11
1314.0;12;20;9;41;105;20;12;21;10
1320.0;10;19;10;38;104;20;16;22;11
1326.0;12;19;11;36;104;23;15;19;11
1332.0;9;18;10;37;108;25;15;17;11
1338.0;10;19;11;35;109;23;16;18;9
1344.0;11;20;9;35;111;20;15;19;10
1350.0;11;21;8;35;112;20;15;17;11
1356.0;11;20;9;35;113;18;16;17;11
1362.0;10;21;11;33;113;21;15;18;8
1368.0;12;22;11;33;113;23;13;17;6
1374.0;11;24;11;31;110;23;14;19;7
1380.0;11;22;13;30;110;23;14;19;8
1386.0;12;20;13;29;110;24;13;20;9
1392.0;10;21;12;31;111;24;10;22;9
1398.0;13;19;11;31;112;24;12;20;8
1404.0;11;19;9;34;113;24;12;22;6
1410.0;14;19;9;33;112;21;11;23;8
1416.0;11;17;8;34;114;21;12;24;9
1422.0;11;16;11;33;115;20;12;25;7
1428.0;10;15;12;33;117;20;12;25;6
1434.0;10;17;11;34;117;20;11;24;6
1440.0;10;18;10;35;119;20;9;23;6
1446.0;11;17;9;32;120;19;11;24;7
1452.0;8;18;10;34;119;20;10;23;8
1458.0;14;18;10;33;119;18;8;22;8
1464.0;15;17;9;32;118;19;8;23;9
1470.0;15;19;9;30;117;17;10;23;10
1476.0;15;20;10;31;115;15;11;24;9
1482.0;12;20;10;33;114;16;11;24;10
1488.0;14;22;10;30;114;15;9;26;10
1494.0;13;21;10;30;116;14;9;26;11
1500.0;14;20;11;30;118;13;8;25;11
1506.0;14;18;13;32;117;12;10;26;8
1512.0;11;19;12;33;117;14;11;24;9
1518.0;12;19;13;32;118;16;8;24;8
1524.0;12;19;13;31;118;17;10;21;9
1530.0;12;19;13;30;117;16;11;21;11
1536.0;15;18;11;31;118;16;10;21;10
1542.0;15;18;12;29;119;14;10;21;12
1548.0;16;18;11;30;118;13;11;22;11
1554.0;16;17;10;31;120;13;11;21;11
1560.0;13;20;10;32;120;12;12;20;11
1566.0;13;21;10;32;120;11;12;20;11
1572.0;12;21;10;32;121;12;12;20;10
1578.0;10;23;11;32;118;12;10;21;13
1584.0;10;21;11;31;117;13;9;25;13
1590.0;9;21;14;31;117;13;9;24;12
1596.0;9;20;13;31;118;14;10;24;11
1602.0;9;20;14;31;118;14;9;24;11
1608.0;8;20;14;31;118;14;10;25;10
1614.0;9;21;13;31;118;14;10;24;10
1620.0;7;19;11;33;120;14;13;24;9
1626.0;7;20;11;33;118;15;13;24;9
1632.0;6;20;11;35;119;14;14;22;9
1638.0;6;22;9;33;120;14;13;23;10
1644.0;6;24;8;32;118;14;12;25;11
1650.0;8;23;8;30;118;14;12;26;11
1656.0;6;24;7;31;116;15;10;25;16
1662.0;6;26;8;30;115;17;9;25;14
1668.0;6;25;6;31;116;16;11;25;14
1674.0;6;26;6;32;116;17;10;25;12
1680.0;6;26;5;31;115;20;9;25;13
1686.0;5;23;8;30;116;19;9;26;14
1692.0;4;23;8;29;115;18;9;27;17
1698.0;4;24;8;28;115;18;9;28;16
1704.0;3;23;8;27;116;18;10;27;18
1710.0;3;25;7;28;116;18;11;26;16
1716.0;4;25;8;28;116;18;9;26;16
1722.0;4;25;7;27;117;20;9;27;14
1728.0;3;25;10;29;117;17;10;25;14
1734.0;7;24;9;28;116;15;11;25;15
1740.0;9;22;10;28;115;14;9;27;16
1746.0;11;23;9;28;114;16;10;26;13
1752.0;11;26;7;28;115;14;11;27;11
1758.0;10;26;7;28;116;13;12;26;12
1764.0;8;27;9;24;114;14;12;27;15
1770.0;7;27;9;27;114;13;14;25;14
1776.0;8;28;7;24;116;16;9;28;14
1782.0;7;27;9;26;117;15;7;29;13
1788.0;6;28;9;26;117;15;9;28;12
1794.0;6;28;9;24;117;17;10;27;12
