#auto generated file!
12.0;53;40;44;56;61;34;43;53;46
18.0;48;44;43;54;61;40;45;56;39
24.0;46;41;41;54;65;42;46;55;40
30.0;45;41;39;57;67;40;45;56;40
36.0;40;39;35;59;71;41;45;59;41
42.0;35;49;32;57;74;42;39;62;40
48.0;32;51;32;61;78;39;37;62;38
54.0;35;51;32;57;80;37;40;63;35
60.0;32;51;29;57;81;40;40;63;37
66.0;37;49;30;55;84;42;37;62;34
72.0;29;48;27;58;90;40;41;62;35
78.0;31;46;25;57;96;40;41;60;34
84.0;32;44;25;56;96;43;41;56;37
90.0;32;46;28;57;97;41;38;54;37
96.0;29;44;28;57;99;42;41;55;35
102.0;28;46;27;56;100;44;41;53;35
108.0;30;48;26;55;104;42;38;51;36
114.0;27;49;25;59;107;42;39;49;33
120.0;28;48;27;58;111;41;36;49;32
126.0;25;47;28;58;113;45;34;49;31
132.0;21;47;29;55;116;42;37;52;31
138.0;20;47;30;55;117;43;34;53;31
144.0;24;47;35;55;115;40;35;51;28
150.0;24;46;30;60;115;39;32;55;29
156.0;25;44;30;59;118;40;36;50;28
162.0;24;47;25;60;120;38;36;51;29
168.0;27;47;27;59;124;42;31;47;26
174.0;24;50;28;60;125;41;32;44;26
180.0;22;50;25;61;126;39;29;47;31
186.0;23;49;23;58;129;40;27;49;32
192.0;25;49;24;61;128;41;24;48;30
198.0;25;54;21;61;129;40;25;46;29
204.0;25;51;21;60;132;40;27;47;27
210.0;25;55;24;58;130;43;25;45;25
216.0;22;56;27;56;131;42;24;46;26
222.0;25;55;27;54;130;40;25;50;24
228.0;30;52;28;54;128;41;28;49;20
234.0;29;54;33;53;126;43;23;47;22
240.0;27;52;31;56;130;41;21;50;22
246.0;26;52;34;51;133;43;20;51;20
252.0;27;52;31;51;131;43;22;51;22
258.0;26;55;26;48;135;44;22;51;23
264.0;22;58;26;46;137;46;23;48;24
270.0;20;56;24;47;141;44;24;48;26
276.0;22;57;26;46;142;43;22;49;23
282.0;25;56;24;47;141;45;24;49;19
288.0;21;59;25;50;141;42;22;48;22
294.0;22;57;25;52;143;41;19;47;24
300.0;22;57;28;51;143;42;20;46;21
306.0;24;55;25;48;144;45;20;45;24
312.0;23;53;26;49;144;46;23;42;24
318.0;23;52;23;50;147;46;22;40;27
324.0;21;53;20;50;148;43;22;43;30
330.0;25;50;22;44;152;40;28;43;26
336.0;22;53;21;43;156;42;25;40;28
342.0;22;53;22;38;155;44;26;43;27
348.0;22;54;25;38;156;47;20;44;24
354.0;20;57;23;41;160;46;17;41;25
360.0;17;58;21;41;162;45;21;40;25
366.0;14;59;20;45;162;45;24;39;22
372.0;17;61;17;44;161;45;22;40;23
378.0;16;62;16;47;160;43;23;39;24
384.0;15;63;16;48;160;44;21;38;25
390.0;13;61;19;50;159;43;22;40;23
396.0;13;57;19;52;160;42;23;42;22
402.0;12;58;17;55;163;41;22;41;21
408.0;14;59;15;54;161;42;26;40;19
414.0;16;57;15;52;164;40;26;37;23
420.0;19;59;13;52;166;39;25;35;22
426.0;20;57;20;52;165;39;25;39;13
432.0;20;59;21;52;161;43;25;36;13
438.0;20;56;23;48;164;44;25;37;13
444.0;17;56;22;49;166;44;25;39;12
450.0;16;55;21;49;167;47;22;38;15
456.0;18;60;22;48;165;47;13;42;15
462.0;19;61;17;48;166;47;14;43;15
468.0;18;60;17;48;168;49;13;40;17
474.0;20;60;15;47;167;50;13;40;18
480.0;22;60;14;48;167;48;13;37;21
486.0;22;58;14;45;166;51;12;38;24
492.0;20;54;15;45;165;52;15;40;24
498.0;18;55;15;45;167;52;13;40;25
504.0;19;54;15;47;167;49;14;39;26
510.0;18;51;13;49;168;49;14;40;28
516.0;16;55;12;46;169;52;16;39;25
522.0;16;53;16;46;168;52;18;36;25
528.0;17;49;17;46;169;51;15;38;28
534.0;16;49;20;46;165;52;16;42;24
540.0;19;52;17;46;164;51;14;45;22
546.0;21;52;19;45;168;51;12;40;22
552.0;22;54;17;41;169;53;12;38;24
558.0;22;53;18;41;168;54;13;37;24
564.0;23;58;16;38;169;53;14;37;22
570.0;21;52;16;39;172;47;19;38;26
576.0;21;55;13;38;174;47;19;38;25
582.0;21;53;13;39;176;48;24;33;23
588.0;20;51;16;36;175;51;27;31;23
594.0;21;49;19;36;173;48;26;33;25
600.0;23;49;22;36;175;44;21;37;23
606.0;21;51;21;40;175;41;20;35;26
612.0;22;49;21;41;173;41;22;35;26
618.0;19;50;21;43;172;40;23;35;27
624.0;20;48;24;43;175;40;21;33;26
630.0;20;50;23;43;174;39;23;33;25
636.0;18;44;25;47;174;42;22;33;25
642.0;16;44;25;46;176;40;23;36;24
648.0;19;46;26;46;176;36;20;37;24
654.0;18;45;25;47;178;36;21;35;25
660.0;17;46;24;44;179;36;22;36;26
666.0;17;47;24;41;176;34;23;39;29
672.0;14;47;19;43;178;35;23;43;28
678.0;13;44;20;46;177;38;22;41;29
684.0;15;46;21;42;179;38;19;43;27
690.0;16;48;23;42;180;40;17;41;23
696.0;17;49;23;45;177;42;17;39;21
702.0;18;50;24;47;176;43;16;37;19
708.0;19;52;26;47;178;41;12;36;19
714.0;17;53;27;49;183;41;11;33;16
720.0;17;49;23;49;187;42;13;36;14
726.0;17;45;24;50;189;44;12;35;14
732.0;13;43;26;48;192;43;15;38;12
738.0;14;42;27;44;194;47;14;34;14
744.0;11;43;29;42;195;48;16;32;14
750.0;13;45;26;43;192;46;16;33;16
756.0;16;45;21;46;191;43;18;34;16
762.0;20;45;22;44;186;41;14;38;20
768.0;19;44;23;43;186;41;14;38;22
774.0;19;46;19;42;188;39;15;39;23
780.0;16;43;21;46;188;38;15;44;19
786.0;13;45;21;45;188;37;16;46;19
792.0;13;46;19;46;189;36;20;43;18
798.0;12;45;23;47;188;34;20;43;18
804.0;11;48;19;48;186;35;18;43;22
810.0;12;46;21;47;189;40;15;42;18
816.0;16;47;23;43;189;41;16;39;16
822.0;16;43;23;42;189;40;20;43;14
828.0;16;41;21;45;188;40;21;41;17
834.0;19;40;21;45;188;41;20;39;17
840.0;20;42;23;43;185;40;20;40;17
846.0;21;41;22;43;185;37;21;43;17
852.0;23;40;22;44;188;39;18;40;16
858.0;22;40;25;43;191;37;20;36;16
864.0;19;40;29;44;192;35;17;37;17
870.0;20;38;26;42;193;33;21;39;18
876.0;18;39;27;40;190;33;21;40;22
882.0;18;41;27;43;193;31;19;40;18
888.0;20;38;28;42;188;33;23;39;19
894.0;17;38;26;47;192;35;26;35;14
900.0;16;38;27;46;192;33;24;38;16
906.0;18;38;25;46;188;34;24;39;18
912.0;18;38;26;46;188;36;21;40;17
918.0;18;36;28;48;185;39;20;39;17
924.0;16;39;21;45;186;41;19;41;22
930.0;15;38;19;44;183;42;21;42;26
936.0;17;38;16;44;185;43;20;41;26
942.0;19;37;16;41;186;47;20;42;22
948.0;17;36;19;42;186;48;22;41;19
954.0;18;35;20;41;188;52;20;40;16
960.0;18;36;19;42;188;51;22;39;15
966.0;20;35;19;41;187;49;26;40;13
972.0;22;35;18;40;188;48;25;41;13
978.0;22;35;18;37;189;47;22;46;14
984.0;24;32;17;37;191;46;22;46;15
990.0;21;33;19;36;192;46;22;47;14
996.0;21;31;19;37;193;45;21;49;14
1002.0;20;33;16;40;192;47;18;49;15
1008.0;21;29;15;38;190;51;18;52;16
1014.0;22;30;16;37;189;52;17;51;16
1020.0;26;30;17;32;188;55;15;51;16
1026.0;22;31;13;32;191;55;16;52;18
1032.0;21;31;11;34;194;53;18;49;19
1038.0;24;33;11;34;193;50;18;48;19
1044.0;22;35;11;34;192;51;19;48;18
1050.0;20;34;14;35;193;47;19;46;22
1056.0;18;37;16;32;195;46;19;44;23
1062.0;15;40;17;33;194;44;17;46;24
1068.0;14;41;18;36;192;44;15;46;24
1074.0;13;44;18;35;193;43;14;47;23
1080.0;14;45;18;31;194;42;16;45;25
1086.0;15;44;14;33;193;40;20;46;25
1092.0;17;45;15;30;193;39;23;44;24
1098.0;21;45;17;33;191;38;20;45;20
1104.0;22;46;17;32;192;36;19;45;21
1110.0;23;45;16;31;194;38;19;42;22
1116.0;19;48;19;30;195;38;17;43;21
1122.0;20;46;17;32;194;37;17;44;23
1128.0;18;45;17;34;193;35;17;45;26
1134.0;18;42;17;35;190;37;19;47;25
1140.0;19;42;16;35;190;38;17;46;27
1146.0;18;40;17;34;191;39;18;46;27
1152.0;20;41;16;35;191;40;17;43;27
1158.0;22;42;21;32;192;41;13;43;24
1164.0;24;41;22;32;190;38;14;43;26
1170.0;27;43;24;30;188;33;16;45;24
1176.0;26;45;26;30;188;31;20;42;22
1182.0;27;43;24;36;185;30;20;44;21
1188.0;26;39;26;36;185;29;23;45;21
1194.0;27;41;25;34;184;30;25;44;20
1200.0;25;41;22;35;189;34;21;46;17
1206.0;27;42;18;37;189;36;21;45;15
1212.0;30;41;22;36;186;39;20;42;14
1218.0;27;39;20;35;190;40;20;44;15
1224.0;25;42;21;38;187;40;18;40;19
1230.0;22;44;24;38;184;40;17;42;19
1236.0;25;44;23;41;187;42;13;41;14
1242.0;24;44;18;45;184;44;14;41;16
1248.0;25;44;17;46;185;45;14;38;16
1254.0;28;46;15;47;183;43;14;37;17
1260.0;26;46;18;47;183;42;15;36;17
1266.0;24;46;18;45;185;43;14;37;18
1272.0;24;44;16;47;186;40;20;37;16
1278.0;22;45;19;47;187;37;18;38;17
1284.0;19;49;18;48;192;37;18;34;15
1290.0;20;47;18;47;190;41;19;32;16
1296.0;19;44;17;49;189;42;20;34;16
1302.0;16;46;20;52;186;41;21;33;15
1308.0;15;45;18;50;187;42;20;36;17
1314.0;14;43;19;48;189;41;20;36;20
1320.0;13;42;20;46;191;41;16;39;22
1326.0;13;39;19;45;192;45;16;39;22
1332.0;11;37;22;45;191;45;16;38;25
1338.0;11;40;19;45;192;47;16;36;24
1344.0;8;39;18;47;195;47;17;38;21
1350.0;13;37;16;47;197;46;16;39;19
1356.0;14;35;14;47;196;46;18;46;14
1362.0;14;34;16;45;196;50;17;45;13
1368.0;15;34;15;48;196;51;16;44;11
1374.0;14;30;14;54;198;49;16;42;13
1380.0;15;31;14;55;199;50;12;42;12
1386.0;14;29;11;53;199;53;13;41;17
1392.0;16;31;12;49;196;52;15;42;17
1398.0;16;31;11;46;195;53;15;42;21
1404.0;13;31;15;44;196;53;15;42;21
1410.0;14;34;16;46;194;53;14;41;18
1416.0;15;34;18;45;193;53;15;38;19
1422.0;14;32;21;41;196;53;17;39;17
1428.0;16;31;19;43;195;54;20;39;13
1434.0;14;32;18;44;196;52;19;39;16
1440.0;15;32;17;43;197;53;17;37;19
1446.0;16;33;17;42;194;51;20;39;18
1452.0;20;31;18;43;195;50;16;43;14
1458.0;20;34;17;45;193;47;15;44;15
1464.0;20;36;15;45;193;45;16;46;14
1470.0;19;37;15;45;193;44;17;48;12
1476.0;18;39;15;41;196;45;17;46;13
1482.0;15;42;17;40;197;43;16;47;13
1488.0;16;39;17;42;202;41;18;43;12
1494.0;15;40;16;41;201;40;17;44;16
1500.0;19;40;16;39;198;39;16;46;17
1506.0;16;42;21;37;200;37;14;47;16
1512.0;18;42;20;38;198;37;13;47;17
1518.0;22;42;20;39;198;32;16;45;16
1524.0;21;40;21;39;195;35;17;45;17
1530.0;18;38;19;39;198;36;19;48;15
1536.0;20;38;15;37;195;39;20;50;16
1542.0;20;36;18;37;194;38;20;50;17
1548.0;23;33;19;40;194;37;18;48;18
1554.0;22;34;18;38;195;39;18;46;20
1560.0;19;33;19;39;196;40;18;45;21
1566.0;19;36;18;38;196;40;17;43;23
1572.0;19;38;18;39;196;37;19;44;20
1578.0;19;38;19;41;194;37;19;44;19
1584.0;19;38;21;41;196;38;17;43;17
1590.0;22;39;18;40;195;38;15;44;19
1596.0;20;36;21;41;196;39;14;45;18
1602.0;17;34;21;43;198;39;14;45;19
1608.0;16;33;19;44;195;38;17;45;23
1614.0;13;33;19;47;198;37;16;42;25
1620.0;13;35;19;45;198;40;14;43;23
1626.0;14;35;18;47;195;42;13;45;21
1632.0;15;35;16;45;194;44;16;44;21
1638.0;14;34;14;50;197;45;15;43;18
1644.0;14;36;14;49;196;42;14;44;21
1650.0;14;36;13;47;198;41;15;43;23
1656.0;14;37;14;50;196;39;17;40;23
1662.0;12;35;12;49;201;39;19;40;23
1668.0;10;40;14;50;197;40;16;40;23
1674.0;12;39;17;47;198;39;14;40;24
1680.0;12;40;15;46;201;41;15;38;22
1686.0;15;40;14;50;196;40;16;38;21
1692.0;14;42;16;48;197;39;17;38;19
1698.0;15;39;19;48;196;37;14;44;18
1704.0;14;40;20;47;194;35;13;46;21
1710.0;14;41;20;45;198;31;15;46;20
1716.0;12;41;19;44;202;30;15;47;20
1722.0;11;41;18;45;204;30;15;44;22
1728.0;12;37;19;43;201;31;19;46;22
1734.0;10;35;17;45;202;31;22;45;23
1740.0;10;35;17;45;206;30;22;47;18
1746.0;11;37;16;47;205;32;21;44;17
1752.0;12;38;17;45;201;30;21;45;21
1758.0;13;38;20;44;204;32;20;41;18
1764.0;13;38;21;42;204;34;20;41;17
1770.0;14;38;18;41;203;35;24;41;16
1776.0;18;36;17;38;199;41;24;42;15
1782.0;19;36;14;38;199;39;26;44;15
1788.0;20;37;12;41;197;36;26;46;15
1794.0;20;39;13;38;199;34;27;43;17
