#auto generated file!
12.0;31;46;31;47;45;38;42;35;35
18.0;28;42;28;48;49;42;42;37;34
24.0;29;45;26;49;53;39;40;38;31
30.0;35;43;24;45;57;38;38;40;30
36.0;33;45;28;47;56;40;32;39;30
42.0;29;47;27;49;55;41;32;40;30
48.0;28;50;27;48;56;42;29;41;29
54.0;25;51;28;47;57;43;26;43;30
60.0;24;52;24;47;61;45;25;38;34
66.0;24;48;22;48;66;47;22;43;30
72.0;24;47;21;50;66;47;26;42;27
78.0;23;48;21;50;66;46;26;46;24
84.0;22;44;24;47;67;50;24;47;25
90.0;15;47;27;48;69;50;24;47;23
96.0;15;46;28;50;73;50;26;41;21
102.0;15;45;30;52;73;50;24;42;19
108.0;14;46;28;50;72;52;23;44;21
114.0;14;46;27;51;73;48;24;46;21
120.0;14;46;22;52;75;51;23;43;24
126.0;15;42;25;49;76;52;22;45;24
132.0;16;44;24;50;78;51;20;43;24
138.0;16;46;21;50;81;50;16;45;25
144.0;16;47;19;49;82;50;14;46;27
150.0;16;45;21;53;82;48;12;47;26
156.0;17;42;21;53;83;46;14;47;27
162.0;16;45;21;51;84;45;15;47;26
168.0;17;45;23;51;83;43;16;46;26
174.0;15;43;24;49;84;43;19;48;25
180.0;16;41;28;48;86;41;18;49;23
186.0;18;41;28;48;86;43;16;48;22
192.0;20;40;27;47;89;40;17;49;21
198.0;21;41;26;46;92;39;16;49;20
204.0;28;40;23;42;94;43;14;49;17
210.0;29;41;24;44;97;42;12;46;15
216.0;29;39;25;43;102;42;12;43;15
222.0;25;41;26;44;104;42;11;43;14
228.0;26;42;27;45;101;42;13;43;11
234.0;25;39;25;49;103;41;12;44;12
240.0;26;41;25;50;102;40;13;42;11
246.0;21;41;25;51;106;40;13;43;10
252.0;20;42;24;49;107;37;13;44;14
258.0;21;44;24;50;110;34;13;41;13
264.0;22;43;22;49;110;35;14;40;15
270.0;20;44;20;48;109;35;16;41;17
276.0;22;45;20;48;109;37;14;39;16
282.0;21;42;18;49;111;39;14;39;17
288.0;22;41;19;47;111;37;12;43;18
294.0;24;38;20;47;112;37;13;42;17
300.0;24;40;20;43;112;39;15;41;16
306.0;22;37;21;39;115;40;17;45;14
312.0;21;38;20;37;115;43;19;44;13
318.0;22;38;19;36;115;40;20;46;14
324.0;20;39;19;32;117;41;21;47;14
330.0;18;41;17;32;119;43;17;46;17
336.0;15;40;19;34;116;44;18;45;19
342.0;14;39;21;36;115;45;18;45;17
348.0;15;41;23;34;114;44;17;45;17
354.0;14;37;23;36;112;45;16;47;20
360.0;9;36;21;35;116;49;16;46;22
366.0;13;38;22;28;115;48;18;47;21
372.0;14;38;21;28;115;47;19;49;19
378.0;15;42;16;30;115;49;20;46;17
384.0;17;46;16;29;115;46;16;48;17
390.0;15;47;16;29;117;42;19;47;18
396.0;16;45;18;31;116;41;19;47;17
402.0;13;41;22;30;113;41;23;47;20
408.0;13;42;21;31;115;42;17;48;21
414.0;14;40;19;33;114;43;14;48;25
420.0;14;38;18;31;115;45;15;46;28
426.0;11;37;21;33;113;45;17;48;25
432.0;13;39;20;32;113;43;16;49;25
438.0;13;38;16;32;112;46;18;54;21
444.0;13;37;18;34;110;45;18;56;19
450.0;15;36;17;33;109;45;19;55;21
456.0;15;36;17;31;111;48;19;56;17
462.0;14;34;16;31;111;51;21;56;16
468.0;13;37;15;32;112;49;21;55;16
474.0;13;39;16;33;114;46;20;54;15
480.0;13;39;17;32;116;47;20;53;13
486.0;13;38;16;31;117;48;20;53;14
492.0;14;39;17;29;116;47;21;52;15
498.0;15;37;14;28;115;48;24;54;15
504.0;18;33;16;29;119;47;20;54;14
510.0;16;35;17;29;122;44;20;53;14
516.0;13;36;17;31;123;47;19;52;12
522.0;14;37;18;29;125;45;18;47;17
528.0;15;36;14;31;126;45;17;48;18
534.0;17;38;14;32;126;43;16;46;18
540.0;14;36;15;34;124;43;19;46;19
546.0;15;34;14;35;125;42;20;47;18
552.0;14;36;12;36;125;40;24;48;15
558.0;15;37;14;38;126;37;22;46;15
564.0;16;35;14;40;127;38;21;45;14
570.0;19;32;15;38;126;39;19;46;16
576.0;21;33;15;41;124;39;18;43;16
582.0;23;34;17;41;123;33;18;46;15
588.0;22;35;17;40;123;34;17;47;15
594.0;19;35;18;39;124;38;15;48;14
600.0;18;33;19;37;124;41;18;46;14
606.0;19;33;20;35;124;40;19;46;14
612.0;20;35;16;33;128;36;18;49;15
618.0;19;36;10;39;128;35;19;48;16
624.0;19;34;10;40;130;33;21;49;14
630.0;16;34;11;38;130;33;21;50;17
636.0;17;34;12;36;129;32;19;51;20
642.0;16;32;15;36;132;32;19;50;18
648.0;17;35;14;35;131;32;19;48;19
654.0;19;35;13;36;130;32;20;44;21
660.0;20;34;15;37;131;30;19;44;20
666.0;17;35;16;36;131;30;20;43;22
672.0;17;35;14;37;128;31;20;44;24
678.0;15;35;17;36;127;33;21;43;23
684.0;13;33;16;36;128;34;21;44;25
690.0;16;36;16;34;131;33;20;39;25
696.0;16;35;17;35;131;31;22;38;25
702.0;14;36;20;37;130;30;23;37;23
708.0;15;36;24;36;129;30;20;37;23
714.0;14;35;22;37;131;30;19;39;23
720.0;12;38;22;38;131;32;17;37;23
726.0;14;37;18;41;133;29;17;38;23
732.0;15;32;16;45;134;28;16;41;23
738.0;14;30;16;44;136;29;16;43;22
744.0;11;30;16;43;137;29;17;44;23
750.0;14;35;17;37;138;31;17;41;20
756.0;14;32;18;39;139;28;18;41;21
762.0;14;31;18;41;139;30;23;38;16
768.0;16;30;18;40;138;30;25;36;17
774.0;14;31;19;41;140;29;23;35;18
780.0;16;30;16;40;143;29;25;34;17
786.0;17;30;18;38;142;30;22;35;18
792.0;13;28;19;41;142;34;20;37;16
798.0;11;28;15;39;144;36;18;43;16
804.0;11;28;14;39;147;34;22;41;14
810.0;11;30;13;39;145;36;21;39;16
816.0;12;30;12;38;144;36;21;40;17
822.0;14;29;11;37;146;36;21;40;16
828.0;13;26;9;38;151;34;24;40;15
834.0;10;24;9;40;151;34;26;41;15
840.0;10;24;10;42;151;33;24;42;14
846.0;11;25;10;40;148;31;23;44;18
852.0;12;26;9;39;149;29;21;45;20
858.0;11;27;12;38;148;27;22;47;18
864.0;12;29;13;38;148;29;22;44;15
870.0;12;30;15;37;151;28;23;42;12
876.0;12;30;18;33;151;32;22;40;12
882.0;11;29;20;35;151;32;22;40;10
888.0;12;28;20;32;151;34;22;39;12
894.0;13;28;22;32;150;33;20;37;15
900.0;14;28;19;33;151;31;19;40;15
906.0;14;27;15;36;153;32;19;38;16
912.0;14;27;15;38;154;30;18;37;17
918.0;17;27;14;37;156;27;19;38;15
924.0;17;28;14;36;155;29;18;38;15
930.0;17;29;14;39;151;26;19;39;16
936.0;17;28;16;36;148;27;22;41;15
942.0;18;29;15;36;150;26;18;41;17
948.0;17;31;14;35;153;22;21;39;18
954.0;17;32;15;34;153;24;19;39;17
960.0;18;28;18;35;154;26;18;36;17
966.0;18;29;21;33;153;27;16;35;18
972.0;20;30;19;33;152;28;17;33;18
978.0;18;26;20;37;150;29;15;35;20
984.0;19;27;20;36;151;28;14;34;21
990.0;16;25;19;39;151;28;16;34;22
996.0;18;24;18;39;154;26;17;33;21
1002.0;21;28;19;35;149;25;17;33;23
1008.0;22;28;22;34;148;25;18;31;22
1014.0;23;33;21;33;143;31;17;28;21
1020.0;18;34;22;30;145;34;17;31;19
1026.0;17;32;22;30;145;34;18;33;19
1032.0;17;31;21;31;142;36;18;34;20
1038.0;17;31;22;35;142;35;22;28;18
1044.0;17;33;23;37;143;32;21;29;15
1050.0;16;32;23;38;144;32;20;30;15
1056.0;17;32;24;40;142;31;20;29;15
1062.0;15;32;24;39;141;31;21;32;15
1068.0;13;32;24;39;141;31;22;30;18
1074.0;15;32;24;41;139;33;22;29;15
1080.0;19;33;23;41;139;30;22;29;14
1086.0;20;32;20;42;139;32;24;26;15
1092.0;22;32;20;45;139;33;21;24;14
1098.0;21;30;22;45;141;35;19;23;14
1104.0;22;30;19;46;142;34;18;26;13
1110.0;21;29;21;44;142;34;18;28;13
1116.0;25;29;19;44;143;33;19;27;11
1122.0;25;27;17;45;141;34;20;29;12
1128.0;23;28;17;46;140;34;21;30;11
1134.0;22;28;18;44;142;35;18;32;11
1140.0;23;28;19;43;143;32;19;32;11
1146.0;22;30;20;43;142;32;16;33;12
1152.0;24;29;19;45;142;35;17;28;11
1158.0;21;32;19;45;143;36;16;27;11
1164.0;21;33;19;44;144;35;17;27;10
1170.0;21;29;19;40;146;37;19;26;13
1176.0;17;31;16;38;147;37;21;31;12
1182.0;17;32;17;37;147;41;16;31;12
1188.0;16;30;18;41;148;39;15;30;13
1194.0;17;30;19;42;146;40;12;31;13
1200.0;15;27;23;40;146;42;12;30;15
1206.0;17;28;23;39;144;42;12;30;15
1212.0;18;30;21;40;145;40;13;29;14
1218.0;17;29;21;38;145;41;15;30;14
1224.0;18;30;21;38;145;39;14;30;15
1230.0;18;31;19;37;146;39;16;27;17
1236.0;19;30;17;36;146;40;18;27;17
1242.0;19;30;17;34;143;40;20;28;19
1248.0;19;33;17;33;144;39;20;28;17
1254.0;20;34;21;33;142;37;18;25;20
1260.0;19;34;21;32;141;34;19;27;23
1266.0;19;33;20;35;141;36;18;27;21
1272.0;22;30;18;37;138;39;19;27;20
1278.0;21;29;20;35;139;41;19;30;16
1284.0;22;29;23;33;142;41;18;28;14
1290.0;20;31;24;35;139;42;20;28;11
1296.0;17;32;25;35;142;40;21;25;13
1302.0;18;32;25;35;143;41;19;27;10
1308.0;18;31;24;32;143;40;21;29;12
1314.0;16;33;25;33;144;41;19;30;9
1320.0;17;32;28;33;143;41;15;29;12
1326.0;18;34;25;33;144;41;13;29;13
1332.0;19;34;22;33;146;42;13;29;12
1338.0;18;36;21;35;144;39;15;31;11
1344.0;18;32;21;35;151;36;13;29;15
1350.0;20;34;22;35;147;35;15;30;12
1356.0;21;32;24;36;143;38;15;29;12
1362.0;20;31;22;34;145;40;19;28;11
1368.0;18;29;18;36;148;41;21;27;12
1374.0;16;29;19;33;149;42;21;28;13
1380.0;13;31;19;37;151;40;17;28;14
1386.0;16;32;23;37;149;37;17;25;14
1392.0;15;28;23;39;150;38;16;26;15
1398.0;15;26;23;41;150;36;15;26;18
1404.0;15;26;25;37;153;36;14;25;19
1410.0;15;30;24;36;150;36;15;25;19
1416.0;15;28;24;35;152;38;15;25;18
1422.0;13;29;23;37;153;37;16;24;18
1428.0;13;30;22;36;155;38;16;23;17
1434.0;10;31;23;34;157;38;16;22;19
1440.0;11;31;24;34;157;33;17;23;20
1446.0;12;31;24;34;154;32;18;25;20
1452.0;14;28;25;33;154;35;18;23;20
1458.0;12;28;23;34;156;33;20;24;20
1464.0;15;29;23;34;158;31;20;22;18
1470.0;13;32;21;33;160;32;15;28;16
1476.0;11;35;18;33;162;35;12;26;18
1482.0;14;35;19;32;163;34;13;25;15
1488.0;14;35;19;35;162;31;14;26;14
1494.0;16;35;19;34;160;32;14;26;14
1500.0;16;36;19;37;160;30;14;22;16
1506.0;15;34;20;39;159;28;13;24;18
1512.0;15;35;19;40;159;28;13;23;18
1518.0;14;35;21;41;158;26;13;25;17
1524.0;15;34;21;42;156;28;15;22;17
1530.0;15;32;20;40;157;30;14;22;20
1536.0;15;31;20;37;155;35;16;24;17
1542.0;14;30;19;36;152;37;16;27;19
1548.0;16;32;18;34;149;39;16;27;19
1554.0;17;32;19;34;149;37;14;30;18
1560.0;20;33;18;30;149;35;15;32;18
1566.0;20;35;18;31;147;33;17;32;17
1572.0;19;36;20;32;144;32;19;30;18
1578.0;15;36;19;32;146;31;19;31;21
1584.0;14;39;19;34;144;32;17;28;23
1590.0;14;40;17;33;144;32;18;30;22
1596.0;14;38;17;33;142;32;19;31;24
1602.0;13;39;19;31;146;34;18;34;16
1608.0;12;36;19;31;145;35;17;37;18
1614.0;14;32;20;34;143;36;15;37;19
1620.0;17;31;21;35;144;32;16;35;19
1626.0;16;31;21;35;143;34;17;33;20
1632.0;16;30;22;34;142;35;17;32;22
1638.0;12;31;28;34;144;36;14;30;21
1644.0;13;29;28;35;149;34;14;32;16
1650.0;13;28;23;35;147;32;19;32;21
1656.0;13;27;24;32;146;30;20;35;23
1662.0;15;26;23;33;145;30;19;37;22
1668.0;14;27;24;32;141;32;21;36;23
1674.0;17;31;18;33;141;32;21;35;22
1680.0;17;31;18;32;143;32;21;35;21
1686.0;16;31;17;34;142;33;22;34;21
1692.0;19;31;20;34;141;30;19;35;21
1698.0;22;28;18;34;144;29;19;34;22
1704.0;22;26;17;34;144;28;20;35;24
1710.0;19;28;18;35;145;27;19;36;23
1716.0;19;29;17;35;146;27;19;36;22
1722.0;20;29;17;35;144;28;20;35;22
1728.0;15;32;14;39;145;26;22;38;19
1734.0;18;29;16;41;145;31;20;33;17
1740.0;14;32;20;41;146;31;18;32;16
1746.0;15;33;18;47;147;30;16;30;14
1752.0;16;31;18;46;146;32;17;29;15
1758.0;14;31;21;45;145;34;16;29;15
1764.0;15;30;20;47;146;35;14;29;14
1770.0;16;29;21;48;146;37;13;27;13
1776.0;18;30;22;45;148;38;12;27;10
1782.0;17;35;22;42;149;37;10;27;11
1788.0;17;35;21;40;151;36;9;30;11
1794.0;19;33;19;39;150;34;11;30;15
