#auto generated file!
12.0;41;49;49;59;55;58;74;57;58
18.0;40;54;45;61;57;55;74;58;56
24.0;38;54;42;63;62;57;67;64;53
30.0;37;54;42;63;65;58;67;65;49
36.0;37;57;43;67;68;55;59;64;50
42.0;35;61;42;69;76;56;60;58;43
48.0;38;61;41;70;78;57;56;56;43
54.0;37;63;39;75;78;58;53;55;42
60.0;37;64;38;71;80;62;49;59;40
66.0;38;65;43;69;80;63;50;60;32
72.0;37;67;40;66;82;64;47;62;35
78.0;41;67;36;69;85;65;42;59;36
84.0;39;68;34;72;88;67;41;57;34
90.0;39;67;36;70;89;70;40;54;35
96.0;40;67;32;67;94;62;46;57;35
102.0;33;64;30;64;99;64;47;58;41
108.0;33;64;25;63;99;66;52;59;39
114.0;33;65;29;59;106;65;52;57;34
120.0;33;67;29;56;110;70;43;57;35
126.0;37;67;28;60;110;68;43;55;32
132.0;34;67;25;65;111;70;41;53;34
138.0;33;69;26;65;112;72;38;56;29
144.0;31;66;24;61;114;71;42;59;32
150.0;31;70;24;60;117;72;39;57;30
156.0;29;70;27;62;122;75;33;56;26
162.0;29;69;26;63;121;77;35;54;26
168.0;29;73;25;63;122;75;35;53;25
174.0;29;74;25;64;125;77;32;51;23
180.0;35;73;24;62;124;72;31;48;31
186.0;34;71;25;62;125;72;30;49;32
192.0;31;68;25;62;124;74;29;52;35
198.0;32;64;24;61;125;79;31;52;32
204.0;33;64;25;61;126;78;32;52;29
210.0;33;64;25;61;125;78;34;53;27
216.0;33;68;28;56;125;75;35;54;26
222.0;34;69;28;58;124;78;32;54;23
228.0;33;69;29;53;130;74;30;57;25
234.0;38;67;30;52;131;72;28;55;27
240.0;37;68;28;52;133;69;29;57;27
246.0;36;71;28;52;131;69;28;59;26
252.0;35;67;32;54;131;67;30;56;28
258.0;31;68;30;56;130;67;34;59;25
264.0;34;66;28;58;132;67;33;57;25
270.0;34;66;28;56;132;70;31;59;24
276.0;32;68;30;55;136;71;25;59;24
282.0;30;70;30;53;135;70;27;58;27
288.0;30;66;33;52;136;76;25;57;25
294.0;29;69;28;50;139;77;24;60;24
300.0;31;69;26;51;143;71;24;59;26
306.0;32;70;27;53;142;70;21;56;29
312.0;31;71;29;54;143;70;21;58;23
318.0;30;68;29;51;144;70;24;59;25
324.0;28;68;31;52;142;68;21;61;29
330.0;30;65;30;50;144;73;22;60;26
336.0;29;63;34;49;143;67;27;61;27
342.0;30;58;32;52;143;66;28;63;28
348.0;31;57;32;50;149;64;30;61;26
354.0;31;55;30;49;150;65;29;65;26
360.0;34;51;30;47;152;68;30;62;26
366.0;30;57;29;48;151;69;30;59;27
372.0;31;58;29;48;150;64;29;60;31
378.0;31;59;27;50;150;61;32;59;31
384.0;31;60;28;50;152;61;31;58;29
390.0;34;58;29;49;152;62;28;58;30
396.0;34;56;30;48;156;59;28;62;27
402.0;32;57;31;45;156;61;29;59;30
408.0;34;53;33;47;155;61;30;60;27
414.0;32;53;34;44;159;61;33;58;26
420.0;32;51;33;47;160;60;34;57;26
426.0;34;52;33;43;163;59;35;53;28
432.0;34;51;31;44;163;57;36;56;28
438.0;35;53;29;40;163;54;42;55;29
444.0;34;54;27;42;161;54;42;55;31
450.0;32;50;28;44;158;56;45;56;31
456.0;34;47;29;45;159;57;42;55;32
462.0;31;51;30;46;161;55;42;53;31
468.0;34;51;29;50;163;52;42;51;28
474.0;33;52;30;51;161;55;43;50;25
480.0;32;51;31;51;167;52;41;50;25
486.0;30;48;32;54;169;52;39;50;26
492.0;30;47;34;54;173;49;36;51;26
498.0;31;46;30;53;174;50;39;49;28
504.0;34;51;27;51;177;46;33;52;29
510.0;33;52;28;53;177;44;30;54;29
516.0;32;45;27;54;182;48;32;49;31
522.0;28;46;27;53;185;49;32;48;32
528.0;27;46;28;53;188;50;31;46;31
534.0;29;49;26;54;188;50;29;46;29
540.0;26;47;28;54;191;53;29;45;27
546.0;26;47;29;56;190;52;27;44;29
552.0;23;47;30;60;190;55;23;42;30
558.0;26;46;30;57;187;56;21;45;32
564.0;31;46;33;56;189;53;17;45;30
570.0;27;45;31;55;192;55;17;47;31
576.0;24;44;28;61;193;55;18;45;32
582.0;19;45;29;63;195;55;20;45;29
588.0;17;47;30;62;200;52;21;45;26
594.0;17;48;32;63;201;51;19;45;24
600.0;20;48;30;64;205;48;19;46;20
606.0;22;45;29;62;204;45;19;52;22
612.0;23;46;29;59;205;44;19;51;24
618.0;21;48;30;57;204;43;17;51;29
624.0;23;45;31;56;200;44;17;55;29
630.0;23;45;30;58;201;45;17;55;26
636.0;23;46;29;59;203;50;16;50;24
642.0;23;47;26;57;205;53;18;49;22
648.0;23;48;26;53;208;51;18;50;23
654.0;24;48;24;57;208;50;17;49;23
660.0;25;47;24;59;208;47;19;48;23
666.0;23;42;23;59;207;47;20;51;28
672.0;26;41;24;57;208;45;22;54;23
678.0;29;42;24;57;205;46;22;52;23
684.0;30;40;24;58;208;44;25;52;19
690.0;24;40;23;58;213;43;29;51;19
696.0;17;41;22;56;215;46;30;50;23
702.0;19;39;22;59;217;45;26;49;24
708.0;20;36;23;59;216;48;26;48;24
714.0;19;37;26;58;216;49;25;48;22
720.0;21;38;24;58;217;51;23;46;22
726.0;20;38;26;55;216;56;20;47;22
732.0;21;36;27;56;217;55;20;45;23
738.0;20;31;25;59;221;58;18;49;19
744.0;20;31;26;58;220;58;19;46;22
750.0;21;30;25;62;219;58;20;44;21
756.0;20;31;24;64;220;57;20;44;20
762.0;21;33;24;65;216;55;20;47;19
768.0;19;30;26;66;214;59;20;47;19
774.0;18;33;22;62;213;60;25;46;21
780.0;22;32;18;61;213;60;23;50;21
786.0;23;34;17;59;212;61;22;51;21
792.0;21;37;16;59;214;55;25;49;24
798.0;20;36;16;59;218;56;20;50;25
804.0;24;36;14;59;219;56;16;49;27
810.0;24;36;14;61;218;54;19;50;24
816.0;24;37;15;63;215;54;20;52;20
822.0;22;42;16;62;215;53;21;53;16
828.0;24;41;18;61;218;51;21;50;16
834.0;24;42;20;58;217;53;21;50;15
840.0;23;43;19;56;215;48;27;51;18
846.0;24;41;21;55;216;50;27;48;18
852.0;23;40;18;57;219;45;33;45;20
858.0;25;43;19;58;211;42;33;46;23
864.0;26;43;20;56;212;42;30;47;24
870.0;28;46;21;51;213;45;29;46;21
876.0;22;48;24;55;212;45;30;45;19
882.0;20;47;24;56;211;48;31;44;19
888.0;19;46;24;55;212;44;31;49;20
894.0;22;46;22;49;213;45;31;52;20
900.0;23;45;21;55;211;47;32;48;18
906.0;22;43;25;55;211;47;31;50;16
912.0;23;44;25;54;211;46;28;51;18
918.0;25;47;20;54;213;47;28;50;16
924.0;24;46;19;54;211;47;31;53;15
930.0;23;44;19;48;216;49;29;56;16
936.0;22;46;18;52;214;52;28;53;15
942.0;25;48;19;50;215;51;28;47;17
948.0;22;45;17;50;215;54;31;49;17
954.0;21;46;19;48;215;57;31;44;19
960.0;16;48;20;44;216;60;32;43;21
966.0;15;50;18;48;217;55;30;43;24
972.0;12;48;19;48;220;53;29;45;26
978.0;12;47;16;45;219;57;31;46;27
984.0;13;45;17;46;219;57;28;48;27
990.0;13;42;18;46;220;57;29;47;28
996.0;16;47;17;44;221;54;27;47;27
1002.0;16;46;15;45;217;55;28;49;29
1008.0;19;46;15;44;215;54;27;49;31
1014.0;21;50;15;43;210;56;27;49;29
1020.0;20;47;14;45;211;52;27;51;33
1026.0;23;48;16;43;210;54;27;49;30
1032.0;25;49;16;43;215;52;24;48;28
1038.0;25;51;16;44;216;53;21;48;26
1044.0;24;50;17;48;215;52;22;46;26
1050.0;23;49;19;46;215;51;23;48;26
1056.0;25;50;15;49;214;49;23;49;26
1062.0;21;52;18;50;213;51;21;49;25
1068.0;22;51;17;49;212;52;22;50;25
1074.0;22;48;19;49;213;52;24;49;24
1080.0;21;50;21;45;212;53;26;50;22
1086.0;22;51;21;43;208;57;27;52;19
1092.0;22;48;21;46;209;58;27;49;20
1098.0;21;47;22;47;209;60;25;47;22
1104.0;21;49;21;47;208;65;23;44;22
1110.0;19;48;21;47;210;66;24;43;22
1116.0;19;46;19;46;208;68;25;46;23
1122.0;21;47;16;47;210;68;24;47;20
1128.0;23;46;15;48;207;71;22;48;20
1134.0;22;47;15;47;209;74;20;47;19
1140.0;19;45;15;46;215;73;19;47;21
1146.0;22;44;14;46;210;74;23;46;21
1152.0;21;42;15;48;210;74;24;46;20
1158.0;20;41;15;49;210;75;25;45;20
1164.0;21;40;16;51;213;72;24;44;19
1170.0;22;43;15;50;210;74;23;44;19
1176.0;22;42;13;51;211;75;23;43;20
1182.0;24;44;13;47;212;74;23;44;19
1188.0;25;49;11;45;210;70;24;46;20
1194.0;22;51;13;43;208;71;23;46;23
1200.0;22;50;16;44;208;64;27;46;23
1206.0;25;47;15;46;205;65;27;44;26
1212.0;25;47;16;43;207;71;26;43;22
1218.0;28;45;16;46;209;66;27;42;21
1224.0;32;44;18;46;210;62;25;43;20
1230.0;30;44;16;44;208;61;28;46;23
1236.0;28;44;18;40;209;65;28;45;23
1242.0;25;45;17;47;213;63;27;43;20
1248.0;25;46;17;45;217;66;24;42;18
1254.0;28;46;19;45;215;65;24;41;17
1260.0;32;42;19;43;216;59;29;42;18
1266.0;30;40;20;45;217;59;33;37;19
1272.0;27;36;23;42;217;58;35;39;23
1278.0;25;35;24;40;218;57;34;41;26
1284.0;30;33;23;38;219;57;33;40;27
1290.0;25;33;25;37;221;55;32;44;28
1296.0;25;31;24;37;220;55;36;42;30
1302.0;24;33;25;36;220;54;39;39;30
1308.0;22;34;24;39;222;55;38;37;29
1314.0;23;37;23;40;216;56;37;40;28
1320.0;22;38;23;42;220;55;30;43;27
1326.0;20;39;22;41;224;56;28;45;25
1332.0;23;42;25;41;224;54;24;43;24
1338.0;23;38;28;44;225;50;25;46;21
1344.0;23;42;23;47;224;48;23;49;21
1350.0;25;40;17;52;225;48;21;49;23
1356.0;27;45;15;48;225;48;22;47;23
1362.0;25;46;13;49;227;48;22;44;26
1368.0;25;46;13;51;227;49;17;45;27
1374.0;23;45;13;51;229;46;18;48;27
1380.0;21;42;16;52;230;46;15;49;29
1386.0;20;41;18;53;233;43;15;49;28
1392.0;20;39;22;55;230;42;17;46;29
1398.0;22;41;21;53;232;40;20;43;28
1404.0;21;42;22;56;232;36;20;44;27
1410.0;20;43;20;54;230;36;24;46;27
1416.0;19;43;21;54;231;36;25;47;24
1422.0;19;45;19;55;232;36;27;44;23
1428.0;21;43;22;53;230;37;26;44;24
1434.0;21;44;22;55;228;38;22;44;26
1440.0;20;45;21;54;227;37;26;43;27
1446.0;21;44;19;55;226;39;25;48;23
1452.0;22;43;19;56;226;40;26;46;22
1458.0;23;43;18;55;224;39;27;50;21
1464.0;26;42;18;54;225;41;24;51;19
1470.0;23;40;19;56;227;38;22;52;23
1476.0;24;45;19;52;229;41;20;50;20
1482.0;25;43;23;53;230;39;19;50;18
1488.0;25;41;23;52;231;39;21;48;20
1494.0;24;44;23;50;235;38;21;46;19
1500.0;25;45;23;48;235;41;19;47;17
1506.0;22;44;25;46;234;46;19;45;19
1512.0;20;44;25;44;235;46;21;45;20
1518.0;18;45;23;49;234;43;22;46;20
1524.0;18;48;24;49;230;42;22;46;21
1530.0;23;48;23;49;229;43;21;45;19
1536.0;23;50;23;47;229;46;20;44;18
1542.0;20;51;22;47;227;51;21;46;15
1548.0;22;52;23;43;227;50;20;48;15
1554.0;22;49;25;42;228;51;21;49;13
1560.0;20;49;29;41;226;51;23;48;13
1566.0;22;49;28;43;225;49;24;47;13
1572.0;20;48;27;45;225;49;24;48;14
1578.0;20;46;26;47;226;49;22;49;15
1584.0;21;47;24;44;227;49;21;53;14
1590.0;21;49;21;39;225;54;22;53;16
1596.0;20;46;15;38;226;57;28;52;18
1602.0;22;48;13;40;228;52;22;52;23
1608.0;22;46;15;43;226;51;20;52;25
1614.0;22;48;18;44;226;51;17;51;23
1620.0;23;47;16;44;227;52;16;52;23
1626.0;20;47;16;49;227;51;16;52;22
1632.0;22;47;17;48;227;51;18;45;25
1638.0;19;50;22;47;228;53;16;42;23
1644.0;21;49;20;48;229;52;15;43;23
1650.0;24;51;19;49;224;53;13;42;25
1656.0;25;48;21;47;226;50;13;47;23
1662.0;26;52;23;47;223;49;15;45;20
1668.0;28;53;22;47;221;51;15;44;19
1674.0;28;49;21;54;222;48;16;45;17
1680.0;25;50;21;54;225;49;16;45;15
1686.0;26;48;22;54;224;48;15;49;14
1692.0;25;50;20;54;227;47;16;49;12
1698.0;23;53;23;54;227;44;16;49;11
1704.0;21;55;25;54;227;43;16;48;11
1710.0;23;54;26;51;226;43;18;46;13
1716.0;25;52;28;51;226;42;20;43;13
1722.0;27;47;28;53;224;44;21;41;15
1728.0;25;47;29;50;222;46;25;40;16
1734.0;26;49;30;46;220;48;26;39;16
1740.0;25;46;34;44;221;47;23;39;21
1746.0;32;46;34;44;219;45;24;34;22
1752.0;31;44;34;47;221;45;23;34;21
1758.0;32;43;31;49;223;44;23;36;19
1764.0;28;41;32;48;225;44;22;36;24
1770.0;25;42;31;48;219;49;21;38;27
1776.0;24;41;31;49;217;52;23;38;25
1782.0;25;42;29;48;219;53;20;39;25
1788.0;23;43;28;52;217;51;20;40;26
1794.0;26;42;27;49;218;49;20;45;24
