#auto generated file!
12.0;38;32;32;21;40;38;36;31;32
18.0;36;33;31;23;43;37;33;32;32
24.0;33;32;29;26;48;35;32;32;33
30.0;34;32;29;28;51;34;27;33;32
36.0;32;29;28;29;51;33;26;39;33
42.0;30;28;27;29;52;32;28;42;32
48.0;28;31;30;31;54;29;27;39;31
54.0;28;33;30;32;57;27;24;40;29
60.0;26;36;28;33;57;28;25;38;29
66.0;26;36;24;32;60;29;25;39;29
72.0;26;31;23;35;64;29;23;38;31
78.0;23;29;25;32;65;30;24;37;35
84.0;22;31;24;35;68;29;25;35;31
90.0;20;32;26;37;69;32;21;35;28
96.0;18;34;26;36;69;34;20;38;25
102.0;19;33;25;35;68;35;18;39;28
108.0;21;36;22;37;70;31;15;40;28
114.0;23;34;21;37;74;30;15;40;26
120.0;22;34;24;33;75;28;17;41;26
126.0;25;36;23;31;77;31;19;37;21
132.0;25;34;20;31;78;36;16;39;21
138.0;22;34;20;33;78;37;16;40;20
144.0;22;34;17;31;77;37;17;40;25
150.0;18;38;15;32;76;39;16;41;25
156.0;19;34;13;31;77;41;19;40;26
162.0;20;34;16;33;77;39;15;39;27
168.0;19;31;16;32;77;39;16;43;27
174.0;19;32;13;31;77;41;16;48;23
180.0;22;31;14;31;78;38;17;48;21
186.0;22;35;15;29;79;36;19;47;18
192.0;17;37;17;30;78;36;19;49;17
198.0;17;38;16;30;81;36;22;45;15
204.0;17;39;15;30;80;36;23;45;15
210.0;18;43;13;30;81;35;23;44;13
216.0;17;45;14;31;82;35;23;41;12
222.0;17;47;12;30;86;33;21;41;13
228.0;13;48;13;31;85;35;21;40;14
234.0;11;48;14;31;85;34;21;39;17
240.0;11;48;14;33;85;34;22;38;15
246.0;12;49;13;34;84;35;25;34;14
252.0;12;48;13;33;86;35;25;34;14
258.0;13;50;13;32;85;32;25;35;15
264.0;12;49;14;35;85;33;22;33;17
270.0;10;45;14;39;88;31;22;32;19
276.0;13;43;14;38;90;30;21;32;19
282.0;13;43;16;36;95;32;18;31;16
288.0;14;41;19;36;95;32;18;30;15
294.0;18;36;18;36;94;33;19;30;16
300.0;19;35;17;39;95;33;18;32;12
306.0;19;34;16;40;96;33;18;31;13
312.0;18;34;12;39;100;34;16;33;14
318.0;18;33;12;40;102;33;17;34;11
324.0;18;37;13;38;103;33;16;32;10
330.0;15;36;12;39;105;35;16;33;9
336.0;14;38;10;39;108;34;15;34;8
342.0;15;38;9;39;107;33;17;34;8
348.0;12;38;11;38;107;34;15;37;8
354.0;11;39;11;38;107;34;13;36;11
360.0;12;38;10;39;108;34;10;37;12
366.0;11;37;10;38;110;35;10;37;12
372.0;10;38;12;36;109;36;10;34;15
378.0;10;35;13;35;109;37;11;32;18
384.0;10;33;11;36;112;38;13;29;18
390.0;10;33;12;33;115;37;13;29;18
396.0;8;33;15;36;113;38;14;28;15
402.0;8;34;14;38;112;38;16;27;13
408.0;10;34;14;38;112;37;14;28;13
414.0;11;33;14;42;112;36;12;27;13
420.0;13;32;16;43;113;34;9;27;13
426.0;12;33;13;44;113;34;10;28;13
432.0;11;32;14;46;110;35;11;26;15
438.0;10;32;15;45;110;34;10;30;14
444.0;10;33;15;44;110;32;10;31;15
450.0;11;35;15;38;111;34;10;31;15
456.0;11;38;12;38;110;31;10;32;18
462.0;11;34;13;40;113;27;11;34;17
468.0;12;33;12;37;115;28;9;38;16
474.0;12;33;11;36;115;27;9;39;18
480.0;16;32;8;36;116;28;7;40;17
486.0;17;32;7;33;116;31;6;42;16
492.0;19;32;8;32;118;31;5;41;14
498.0;17;32;9;33;117;29;6;41;16
504.0;17;33;10;32;117;30;8;40;13
510.0;16;32;9;31;118;29;9;44;12
516.0;17;33;12;30;114;28;11;43;12
522.0;16;33;8;30;116;28;12;43;14
528.0;13;33;10;30;118;29;10;43;14
534.0;13;34;10;27;119;34;10;38;15
540.0;15;33;8;27;120;35;12;37;13
546.0;15;35;8;27;120;34;13;36;12
552.0;17;37;7;25;120;34;13;36;11
558.0;17;36;7;26;121;34;13;35;11
564.0;16;35;11;24;122;34;10;35;13
570.0;15;34;11;24;123;34;11;35;13
576.0;14;36;12;23;120;36;12;34;13
582.0;17;36;13;23;120;33;12;32;14
588.0;17;36;13;24;118;31;11;32;18
594.0;16;36;15;26;115;31;13;30;18
600.0;18;35;15;26;115;28;16;30;17
606.0;19;35;15;28;116;25;18;28;16
612.0;17;35;15;29;117;26;17;28;16
618.0;16;33;15;32;114;27;18;28;17
624.0;16;32;19;30;117;26;19;27;14
630.0;13;31;21;27;119;27;18;28;16
636.0;15;30;24;26;119;26;18;28;14
642.0;17;30;22;25;121;28;18;28;11
648.0;17;27;21;27;120;28;17;29;14
654.0;14;24;18;27;121;30;16;33;17
660.0;13;25;18;28;124;29;13;32;18
666.0;12;25;19;30;126;23;14;33;18
672.0;14;27;19;27;123;24;15;34;17
678.0;13;29;19;25;126;23;13;33;19
684.0;14;28;17;27;126;29;11;28;20
690.0;16;27;17;26;126;30;12;27;19
696.0;16;25;14;26;125;31;14;29;20
702.0;14;25;14;26;123;31;16;30;21
708.0;13;26;15;28;120;29;17;29;23
714.0;13;28;15;26;121;29;16;29;23
720.0;11;30;15;27;121;29;18;30;19
726.0;12;30;17;28;124;24;17;31;17
732.0;13;30;16;28;126;25;15;30;17
738.0;15;30;16;29;126;26;12;30;16
744.0;13;29;17;28;126;26;15;31;15
750.0;16;27;16;27;127;28;14;29;16
756.0;15;28;16;25;127;30;13;30;16
762.0;15;28;14;25;127;28;14;31;18
768.0;16;28;15;25;127;30;11;30;18
774.0;16;27;15;26;127;30;12;28;19
780.0;12;26;12;25;131;31;16;31;16
786.0;13;24;14;27;130;26;15;35;16
792.0;11;25;17;28;125;27;14;35;18
798.0;12;26;16;24;125;29;13;33;22
804.0;11;26;18;23;125;29;13;32;23
810.0;14;25;18;24;123;30;13;33;20
816.0;13;27;15;23;124;32;12;33;21
822.0;13;27;16;23;125;31;10;34;21
828.0;13;29;16;22;126;31;11;34;18
834.0;12;30;19;23;128;31;11;32;14
840.0;13;29;19;23;125;32;10;34;15
846.0;14;30;18;22;126;32;10;37;11
852.0;15;31;19;25;127;28;9;35;11
858.0;14;32;18;26;125;30;10;33;12
864.0;16;34;17;25;124;29;8;33;14
870.0;12;34;19;25;125;31;7;33;14
876.0;10;31;21;25;124;32;9;34;14
882.0;10;31;21;28;123;31;9;31;16
888.0;11;30;22;27;122;34;9;30;15
894.0;12;30;23;25;120;34;9;31;16
900.0;13;30;22;25;120;37;8;30;15
906.0;15;32;23;25;121;34;8;29;13
912.0;17;32;19;26;124;34;8;29;11
918.0;19;30;18;24;124;34;8;29;14
924.0;19;29;18;23;127;33;8;28;15
930.0;17;28;17;25;128;34;8;28;15
936.0;19;27;17;25;126;34;8;28;16
942.0;21;25;21;23;127;33;8;28;14
948.0;21;25;21;23;127;34;8;27;14
954.0;17;29;19;23;128;32;8;29;15
960.0;19;27;23;20;128;32;8;28;15
966.0;18;25;22;20;129;32;8;31;15
972.0;17;26;18;22;131;31;7;32;16
978.0;19;26;19;22;131;30;7;31;15
984.0;18;26;18;22;131;31;8;31;15
990.0;17;25;16;22;130;32;9;33;16
996.0;17;25;15;21;131;33;8;34;16
1002.0;17;27;13;19;131;36;9;31;17
1008.0;18;28;14;21;131;35;9;30;14
1014.0;20;27;14;19;130;36;9;31;14
1020.0;22;28;14;19;128;35;10;31;13
1026.0;22;30;14;18;129;33;8;30;16
1032.0;22;32;14;20;127;31;9;29;16
1038.0;20;31;13;20;127;34;9;32;14
1044.0;18;34;12;21;127;32;10;34;12
1050.0;15;36;12;21;127;28;12;35;14
1056.0;15;34;14;22;130;25;13;33;14
1062.0;16;35;13;25;131;23;11;32;14
1068.0;15;37;12;25;131;23;12;31;14
1074.0;13;35;12;25;132;23;12;32;16
1080.0;14;33;10;26;134;25;12;31;15
1086.0;18;32;10;28;132;25;10;31;14
1092.0;19;30;11;28;132;28;10;30;12
1098.0;19;31;12;25;134;28;10;29;12
1104.0;20;31;11;24;135;24;13;28;14
1110.0;20;31;11;25;138;23;11;29;12
1116.0;21;29;12;26;137;22;13;28;12
1122.0;21;29;13;26;136;23;13;27;12
1128.0;21;31;12;27;138;21;16;27;7
1134.0;25;28;14;25;139;21;14;27;7
1140.0;23;25;15;26;140;21;13;31;6
1146.0;24;24;13;26;139;21;15;31;7
1152.0;23;25;11;26;140;23;15;28;9
1158.0;21;22;12;26;139;24;13;31;12
1164.0;20;22;14;26;138;24;13;31;12
1170.0;18;24;14;25;137;25;11;33;13
1176.0;17;26;14;25;136;29;10;31;12
1182.0;15;29;15;25;136;30;8;29;13
1188.0;16;30;14;24;137;29;11;28;11
1194.0;16;31;16;27;134;28;13;26;9
1200.0;13;32;15;28;134;29;15;25;9
1206.0;15;30;15;28;135;25;14;29;9
1212.0;12;29;17;28;136;27;13;30;8
1218.0;15;27;22;26;134;27;11;29;9
1224.0;17;27;22;26;135;27;11;28;7
1230.0;16;28;22;27;136;27;9;29;6
1236.0;15;26;23;26;137;27;10;30;6
1242.0;16;25;21;27;136;26;10;30;9
1248.0;17;27;18;25;135;28;9;30;11
1254.0;17;25;18;23;133;29;9;31;15
1260.0;19;26;17;24;133;29;8;30;14
1266.0;18;30;14;23;134;29;8;29;15
1272.0;18;31;16;23;133;28;7;31;13
1278.0;17;30;16;24;131;27;8;32;15
1284.0;18;29;19;20;133;27;8;32;14
1290.0;20;28;19;20;133;27;10;31;12
1296.0;19;28;18;21;135;27;11;30;11
1302.0;20;30;14;21;134;23;12;34;12
1308.0;19;31;15;24;136;21;11;32;11
1314.0;21;32;15;24;136;19;14;31;8
1320.0;20;29;15;25;132;20;17;33;9
1326.0;19;28;16;25;131;20;18;35;8
1332.0;18;27;15;25;132;19;18;36;10
1338.0;19;24;16;28;135;16;17;36;9
1344.0;18;24;14;30;134;17;15;38;10
1350.0;16;25;14;32;135;15;16;35;12
1356.0;18;28;11;31;133;18;16;34;11
1362.0;18;31;14;29;133;19;12;35;9
1368.0;17;30;14;31;134;19;11;35;9
1374.0;16;29;14;30;137;19;13;32;10
1380.0;13;28;13;31;137;19;15;33;11
1386.0;16;28;14;31;133;18;15;34;11
1392.0;14;29;13;32;135;18;14;33;12
1398.0;16;30;10;31;134;16;13;39;11
1404.0;16;29;9;33;133;16;14;38;12
1410.0;18;29;7;34;134;18;14;35;11
1416.0;18;28;8;33;134;18;16;34;11
1422.0;19;27;9;30;133;19;16;37;10
1428.0;22;26;14;27;132;17;14;37;11
1434.0;21;26;15;27;129;18;15;37;12
1440.0;21;26;13;28;133;17;14;34;14
1446.0;26;26;13;28;132;16;13;33;13
1452.0;23;24;13;31;134;18;14;33;10
1458.0;22;25;12;30;137;17;15;32;10
1464.0;23;25;13;28;140;17;15;31;8
1470.0;21;27;14;29;140;17;14;30;8
1476.0;19;33;15;29;139;17;13;29;6
1482.0;18;33;17;31;138;17;12;27;7
1488.0;17;35;15;32;139;16;12;28;6
1494.0;14;32;17;34;137;19;15;24;8
1500.0;12;32;17;34;138;19;16;24;8
1506.0;10;32;17;34;136;19;16;29;7
1512.0;12;31;15;34;137;18;16;30;7
1518.0;13;32;12;34;135;20;17;28;9
1524.0;14;32;12;34;134;21;15;31;7
1530.0;14;33;12;33;133;21;16;31;7
1536.0;13;37;13;33;129;21;17;30;7
1542.0;15;35;12;34;129;20;16;30;9
1548.0;14;37;14;34;130;18;14;31;8
1554.0;12;38;14;31;131;18;16;32;8
1560.0;11;34;15;32;131;17;16;32;12
1566.0;12;33;15;32;131;16;17;32;12
1572.0;12;34;15;33;133;14;17;31;11
1578.0;10;39;15;34;133;14;14;29;12
1584.0;10;40;14;35;133;15;13;27;13
1590.0;13;41;13;34;133;20;14;23;9
1596.0;10;40;14;34;135;21;12;25;9
1602.0;10;42;13;34;132;23;12;24;10
1608.0;10;43;13;35;132;21;12;24;10
1614.0;9;42;16;35;130;20;14;24;10
1620.0;9;42;13;35;128;20;18;23;12
1626.0;9;43;13;35;128;21;17;22;12
1632.0;8;46;11;34;130;22;15;22;12
1638.0;11;46;11;34;131;20;15;22;10
1644.0;10;46;11;32;132;19;16;23;11
1650.0;10;47;10;32;132;18;16;24;11
1656.0;8;45;11;30;133;18;17;26;12
1662.0;6;44;11;30;131;19;18;28;13
1668.0;6;42;11;30;131;21;17;28;14
1674.0;4;39;10;29;134;24;17;30;13
1680.0;5;40;12;28;133;24;17;30;11
1686.0;6;42;11;28;132;28;17;28;8
1692.0;5;40;11;28;132;25;17;31;11
1698.0;5;40;12;28;133;25;17;31;9
1704.0;5;36;16;27;131;26;16;32;11
1710.0;8;32;17;30;132;25;15;30;11
1716.0;9;33;19;28;132;23;15;29;12
1722.0;9;32;21;29;131;22;16;29;11
1728.0;12;32;21;28;129;22;15;31;10
1734.0;14;31;19;28;128;24;14;32;10
1740.0;13;31;22;29;127;23;12;33;10
1746.0;13;29;19;29;128;25;14;32;11
1752.0;13;30;19;31;130;24;11;32;10
1758.0;12;28;18;31;129;23;14;34;11
1764.0;13;28;15;32;129;24;16;32;11
1770.0;14;29;15;31;131;22;17;31;10
1776.0;15;30;15;31;131;20;15;33;10
1782.0;16;27;17;31;131;21;14;33;10
1788.0;16;27;17;31;129;26;15;30;9
1794.0;16;25;15;37;128;26;14;29;10
