#auto generated file!
12.0;36;45;56;44;64;43;50;73;59
18.0;36;48;55;48;66;45;47;73;52
24.0;37;46;48;55;72;44;45;70;53
30.0;39;49;44;51;77;43;41;71;55
36.0;37;51;43;49;77;44;44;69;56
42.0;38;54;38;53;78;44;40;66;59
48.0;42;54;35;51;78;45;45;67;53
54.0;40;52;33;53;79;50;47;66;50
60.0;34;51;31;56;81;50;45;69;53
66.0;34;50;31;58;82;52;44;67;52
72.0;33;48;35;55;84;51;47;69;48
78.0;33;47;38;55;91;56;42;64;44
84.0;34;50;38;54;94;53;37;65;45
90.0;37;52;35;54;96;54;37;65;40
96.0;34;50;32;55;98;59;31;67;44
102.0;35;50;27;59;100;60;26;68;45
108.0;36;53;27;56;104;60;26;67;41
114.0;35;51;26;57;107;63;29;67;35
120.0;34;54;26;56;113;62;26;66;33
126.0;35;55;25;55;118;58;31;61;32
132.0;33;52;25;56;121;62;27;61;33
138.0;32;55;26;54;124;63;24;61;31
144.0;30;54;27;57;123;63;27;61;28
150.0;29;57;29;54;128;62;25;60;26
156.0;31;54;28;50;130;61;24;64;28
162.0;32;51;33;47;131;59;23;65;29
168.0;34;50;32;49;134;59;22;64;26
174.0;33;53;33;50;135;56;23;63;24
180.0;29;52;30;48;138;58;24;65;26
186.0;28;53;34;48;139;57;22;65;24
192.0;27;56;32;48;136;56;20;69;26
198.0;29;54;33;48;134;59;20;68;25
204.0;32;54;29;48;134;58;23;67;25
210.0;31;50;28;49;132;61;24;66;29
216.0;28;51;28;46;136;61;25;67;28
222.0;26;47;30;49;138;61;26;69;24
228.0;25;47;26;52;138;63;25;70;24
234.0;27;44;26;50;135;71;26;66;25
240.0;24;44;28;54;134;69;28;70;19
246.0;23;43;26;51;136;69;29;70;23
252.0;20;43;25;51;134;74;32;66;25
258.0;22;43;28;51;135;71;26;68;26
264.0;19;47;28;50;135;70;27;68;26
270.0;24;46;26;49;134;74;28;65;24
276.0;23;47;26;52;135;73;24;66;24
282.0;22;48;22;53;135;76;22;69;23
288.0;26;49;21;55;132;77;21;67;22
294.0;25;50;20;55;135;74;21;67;23
300.0;24;46;23;53;138;73;23;67;23
306.0;24;43;21;54;137;74;23;68;26
312.0;23;43;20;53;136;72;26;73;24
318.0;28;45;22;50;141;72;22;65;25
324.0;24;44;25;48;140;70;25;66;28
330.0;23;42;24;50;142;72;23;68;26
336.0;22;44;27;50;143;68;25;67;24
342.0;21;42;25;49;144;69;26;66;28
348.0;20;44;24;48;144;69;27;66;28
354.0;20;44;24;48;144;70;27;65;28
360.0;23;45;24;47;144;72;27;62;26
366.0;24;45;24;45;144;71;29;61;27
372.0;27;44;23;42;145;71;29;63;26
378.0;23;47;24;40;149;69;26;63;29
384.0;24;47;22;40;149;70;30;59;29
390.0;25;47;21;42;146;73;30;59;27
396.0;23;47;22;45;146;71;32;59;25
402.0;23;46;25;45;149;67;32;59;24
408.0;25;47;27;44;150;66;27;60;24
414.0;21;41;28;44;150;69;27;62;28
420.0;23;43;29;41;150;68;30;60;26
426.0;28;44;29;40;151;67;28;57;26
432.0;28;42;31;42;152;63;30;57;25
438.0;28;40;26;44;155;64;30;57;26
444.0;27;42;24;41;154;65;33;55;29
450.0;25;42;28;40;155;66;29;54;31
456.0;26;38;33;40;153;63;31;58;28
462.0;25;39;33;42;154;61;31;58;27
468.0;23;41;34;43;156;63;28;56;26
474.0;21;42;35;42;158;61;29;55;27
480.0;22;43;31;46;160;61;29;51;27
486.0;22;43;35;47;161;61;27;51;23
492.0;24;42;33;47;159;59;29;54;23
498.0;25;41;31;49;158;58;28;55;25
504.0;24;41;28;50;160;55;27;60;25
510.0;25;40;30;45;162;55;29;60;24
516.0;22;44;28;44;163;54;30;59;26
522.0;22;49;24;43;163;55;32;57;25
528.0;22;50;23;41;166;56;30;55;27
534.0;26;48;23;48;166;54;30;52;23
540.0;26;45;20;48;167;58;30;53;23
546.0;25;47;21;47;166;61;26;57;20
552.0;26;51;20;49;168;58;25;53;20
558.0;27;48;22;51;167;55;30;48;22
564.0;29;52;21;50;165;59;28;48;18
570.0;28;52;21;50;169;56;24;51;19
576.0;27;50;17;49;169;56;27;55;20
582.0;23;53;17;52;171;52;28;53;21
588.0;25;56;15;53;171;50;27;52;21
594.0;27;54;14;52;176;48;26;52;21
600.0;28;54;17;48;177;49;28;51;18
606.0;29;56;17;45;179;49;25;51;19
612.0;31;56;21;46;181;48;19;50;18
618.0;32;55;22;45;182;46;18;51;19
624.0;32;53;22;45;179;45;21;50;23
630.0;31;53;22;46;181;45;19;48;25
636.0;33;55;21;46;180;44;18;49;24
642.0;30;54;22;43;186;44;19;49;23
648.0;26;52;25;44;188;44;18;47;26
654.0;25;54;24;42;190;47;18;45;25
660.0;25;55;21;41;190;49;17;45;27
666.0;22;54;26;43;190;46;14;43;32
672.0;22;55;27;44;189;45;13;44;31
678.0;20;59;25;43;188;47;15;44;29
684.0;20;58;27;45;188;46;13;42;31
690.0;18;60;25;46;187;47;14;42;31
696.0;22;58;26;48;184;46;16;40;30
702.0;23;57;29;45;182;47;20;41;26
708.0;25;54;25;45;184;51;21;41;24
714.0;25;54;25;47;185;51;20;43;20
720.0;22;58;26;47;184;53;19;45;16
726.0;21;57;26;48;185;48;20;46;19
732.0;17;58;31;46;182;49;21;45;21
738.0;18;55;30;43;183;47;21;46;27
744.0;18;55;26;46;179;53;20;45;28
750.0;18;53;25;48;181;50;23;44;28
756.0;21;51;21;48;182;51;21;44;31
762.0;20;52;20;48;186;53;21;44;26
768.0;23;54;22;49;182;54;17;46;23
774.0;20;55;21;47;182;52;21;46;26
780.0;16;54;20;48;181;55;26;45;25
786.0;15;53;22;47;182;52;28;45;26
792.0;15;49;28;49;180;54;26;44;25
798.0;17;47;30;53;181;53;22;42;25
804.0;15;49;26;53;178;52;22;46;29
810.0;16;48;27;53;180;54;18;42;32
816.0;18;50;27;52;179;52;19;42;31
822.0;19;52;23;49;181;60;14;44;28
828.0;20;49;22;50;179;59;17;44;30
834.0;19;49;21;53;178;59;16;45;30
840.0;19;48;21;54;178;54;20;46;30
846.0;20;47;19;52;178;56;22;44;32
852.0;18;45;23;51;177;60;21;43;32
858.0;22;43;20;53;175;60;22;44;31
864.0;25;43;19;55;174;63;20;43;28
870.0;26;41;21;52;176;65;22;42;25
876.0;29;44;18;52;177;61;24;42;23
882.0;25;42;18;53;178;64;26;42;22
888.0;23;40;20;53;183;63;26;39;23
894.0;22;40;21;55;182;64;28;40;18
900.0;23;39;16;55;184;65;27;41;20
906.0;23;38;16;56;180;63;28;43;23
912.0;21;38;21;55;182;62;28;44;19
918.0;22;35;21;58;186;57;29;44;18
924.0;25;34;21;59;192;52;28;46;13
930.0;26;31;20;62;193;47;28;49;14
936.0;27;33;21;59;194;51;25;47;13
942.0;27;33;23;52;194;50;26;48;17
948.0;26;35;19;51;193;52;27;49;18
954.0;27;35;21;53;194;52;26;49;13
960.0;26;39;21;55;193;54;25;45;12
966.0;26;41;21;53;195;54;24;41;15
972.0;29;40;22;51;197;51;25;40;15
978.0;29;38;27;50;199;49;26;36;16
984.0;27;39;27;53;198;52;21;39;14
990.0;28;40;30;50;197;52;19;36;18
996.0;31;40;33;50;195;50;20;34;17
1002.0;27;37;36;50;196;49;18;35;22
1008.0;23;38;36;47;197;51;18;40;20
1014.0;23;39;35;46;199;49;19;43;17
1020.0;22;38;34;41;202;49;20;46;18
1026.0;21;39;35;42;201;49;22;43;18
1032.0;19;38;34;43;203;47;22;44;20
1038.0;20;36;36;46;204;43;22;43;20
1044.0;23;35;32;47;204;45;20;45;19
1050.0;22;37;33;48;203;45;18;44;20
1056.0;20;38;31;48;204;45;19;42;23
1062.0;22;39;29;45;204;41;19;44;27
1068.0;23;39;29;49;204;41;18;43;24
1074.0;23;41;24;52;207;40;19;46;18
1080.0;23;40;28;54;205;39;17;46;18
1086.0;22;40;26;56;204;42;17;45;18
1092.0;21;41;26;57;202;44;17;42;20
1098.0;24;40;23;56;202;48;17;44;16
1104.0;26;40;24;54;201;46;17;45;17
1110.0;25;38;23;57;200;49;15;45;18
1116.0;29;40;22;57;200;47;15;43;17
1122.0;27;39;20;58;200;47;14;43;22
1128.0;26;39;25;57;197;48;11;43;24
1134.0;25;36;27;56;197;51;13;42;23
1140.0;24;33;29;56;193;56;15;43;21
1146.0;26;37;29;58;191;51;17;40;21
1152.0;21;37;29;59;191;52;15;41;25
1158.0;21;37;26;60;192;51;16;39;28
1164.0;20;37;28;59;192;48;17;39;30
1170.0;19;37;29;55;192;50;18;38;32
1176.0;19;34;28;54;197;51;18;36;33
1182.0;18;35;29;54;198;50;20;35;31
1188.0;19;34;27;53;201;49;19;43;25
1194.0;21;36;30;51;205;43;17;45;22
1200.0;21;38;30;53;202;40;17;44;25
1206.0;21;39;29;51;205;41;17;41;26
1212.0;21;40;32;47;205;42;16;42;25
1218.0;21;42;27;46;208;43;15;46;22
1224.0;20;43;28;43;212;43;14;46;21
1230.0;21;44;26;43;214;40;13;48;21
1236.0;24;43;26;43;213;42;14;47;18
1242.0;21;42;25;44;215;43;13;48;19
1248.0;24;41;22;43;215;41;15;48;21
1254.0;24;36;22;43;214;43;19;49;20
1260.0;21;36;21;40;215;46;22;48;21
1266.0;24;38;20;42;214;42;24;44;22
1272.0;20;38;15;40;214;45;26;48;24
1278.0;19;39;16;39;215;45;24;48;25
1284.0;18;39;15;40;216;44;28;48;22
1290.0;22;40;14;40;216;44;23;45;26
1296.0;21;42;15;41;215;43;24;45;24
1302.0;21;44;17;34;219;46;22;45;22
1308.0;22;46;19;37;215;45;25;45;16
1314.0;24;45;17;36;215;47;27;43;16
1320.0;27;44;18;37;212;48;28;41;15
1326.0;26;44;20;38;214;45;27;40;16
1332.0;27;43;20;44;215;45;23;37;16
1338.0;26;44;21;43;218;43;23;36;16
1344.0;27;45;20;42;217;42;26;35;16
1350.0;25;43;20;44;219;41;25;36;17
1356.0;27;43;20;42;215;41;24;38;20
1362.0;25;41;22;44;216;38;25;40;19
1368.0;25;39;22;43;215;37;24;46;19
1374.0;21;43;20;42;220;35;24;48;17
1380.0;18;40;21;41;219;41;26;48;16
1386.0;19;39;22;41;218;39;26;48;18
1392.0;20;40;21;40;218;37;25;50;19
1398.0;20;39;19;40;219;38;24;51;20
1404.0;25;38;24;36;220;37;22;47;21
1410.0;26;36;24;37;222;36;20;47;22
1416.0;29;33;21;38;223;36;18;49;23
1422.0;27;34;18;36;222;38;20;51;24
1428.0;27;34;21;36;220;39;22;48;23
1434.0;26;32;24;36;220;38;26;43;25
1440.0;24;35;23;36;219;37;26;43;27
1446.0;22;38;21;36;221;37;28;44;23
1452.0;21;34;24;36;222;35;28;48;22
1458.0;20;36;27;38;222;34;27;45;21
1464.0;20;36;27;39;221;37;27;41;22
1470.0;20;37;27;40;222;39;26;39;20
1476.0;20;36;27;46;221;39;24;36;21
1482.0;22;36;29;45;221;38;18;37;24
1488.0;23;34;31;45;218;38;18;39;24
1494.0;21;35;30;41;219;40;22;40;22
1500.0;21;36;29;40;220;37;23;40;24
1506.0;19;37;31;43;217;38;23;38;24
1512.0;18;37;28;44;219;39;23;39;23
1518.0;18;38;30;42;217;39;23;39;24
1524.0;18;37;27;45;216;41;23;40;23
1530.0;18;33;29;44;219;42;24;38;23
1536.0;15;34;30;41;223;43;25;39;20
1542.0;17;32;33;40;221;41;27;42;17
1548.0;19;32;29;41;223;41;27;41;17
1554.0;17;34;29;41;222;41;27;42;17
1560.0;15;35;27;41;220;44;27;42;19
1566.0;15;36;24;40;220;46;25;42;22
1572.0;15;37;25;40;221;47;21;42;22
1578.0;16;37;25;41;215;49;20;44;23
1584.0;17;37;26;43;212;50;19;44;22
1590.0;19;35;24;40;215;49;21;44;23
1596.0;19;38;23;42;214;50;23;43;18
1602.0;20;40;23;41;212;51;19;44;20
1608.0;19;39;23;43;214;50;21;44;17
1614.0;22;40;22;43;212;48;22;42;19
1620.0;22;40;24;45;212;48;19;42;18
1626.0;21;39;25;45;210;46;21;43;20
1632.0;22;34;24;46;211;48;23;43;19
1638.0;19;36;27;45;211;45;24;44;19
1644.0;18;37;27;43;210;45;26;46;18
1650.0;21;34;28;40;210;44;26;47;20
1656.0;19;35;28;42;209;44;25;44;24
1662.0;20;36;27;41;209;45;25;45;22
1668.0;21;37;28;41;209;47;23;41;23
1674.0;23;37;26;42;208;43;22;42;27
1680.0;23;35;24;40;209;44;24;42;29
1686.0;20;36;23;39;208;45;26;44;29
1692.0;25;35;20;37;207;50;24;45;27
1698.0;24;37;19;37;208;48;26;46;25
1704.0;23;36;20;39;213;45;26;46;22
1710.0;24;34;17;37;212;47;28;47;24
1716.0;23;33;20;37;212;48;28;46;23
1722.0;24;36;20;42;213;45;24;43;23
1728.0;24;36;21;43;212;43;24;44;23
1734.0;19;39;19;49;211;41;25;42;25
1740.0;24;37;20;48;212;44;26;38;21
1746.0;26;35;19;48;211;44;27;37;23
1752.0;28;34;17;50;207;45;26;39;24
1758.0;27;33;16;47;203;47;29;42;26
1764.0;29;32;14;48;205;48;26;42;26
1770.0;29;33;17;50;205;45;27;41;23
1776.0;27;33;15;47;201;50;29;44;24
1782.0;24;32;17;48;204;51;29;41;24
1788.0;24;33;18;47;203;51;28;41;25
1794.0;25;33;18;47;202;47;28;42;28
