#auto generated file!
12.0;44;44;39;53;47;46;60;42;45
18.0;41;43;41;53;50;48;54;44;46
24.0;39;47;40;55;53;44;49;47;46
30.0;40;46;40;56;58;43;48;44;45
36.0;38;48;41;56;60;46;44;43;44
42.0;36;51;43;58;64;47;40;41;40
48.0;38;51;35;56;68;53;35;45;39
54.0;39;52;34;54;73;54;33;44;37
60.0;37;52;33;56;75;53;32;44;38
66.0;38;54;29;54;77;56;28;44;40
72.0;36;59;32;49;76;53;30;43;42
78.0;35;58;29;46;76;55;35;42;44
84.0;38;56;29;42;80;55;32;41;47
90.0;34;53;33;41;84;55;30;44;46
96.0;34;51;31;41;87;55;28;46;47
102.0;32;52;29;41;89;52;30;47;48
108.0;29;55;28;42;92;52;27;47;48
114.0;30;59;28;42;89;55;28;49;40
120.0;29;61;32;44;90;54;26;48;36
126.0;27;60;36;45;90;55;29;42;36
132.0;31;58;35;46;93;53;25;44;35
138.0;28;59;37;43;97;56;27;42;31
144.0;29;59;35;42;99;59;26;43;28
150.0;29;57;39;45;100;56;25;43;26
156.0;28;54;33;43;105;57;27;44;29
162.0;30;52;31;44;107;58;27;45;26
168.0;30;51;32;44;109;58;24;46;26
174.0;31;50;30;43;112;55;23;48;28
180.0;30;51;28;48;112;53;22;47;29
186.0;29;48;27;47;115;55;23;48;28
192.0;28;48;26;47;116;54;22;48;31
198.0;28;47;28;46;113;51;24;51;32
204.0;27;48;31;42;116;52;24;47;33
210.0;24;45;30;44;118;49;25;48;37
216.0;21;43;29;45;120;49;25;47;41
222.0;24;44;27;44;120;49;25;51;36
228.0;24;48;28;46;121;45;24;51;33
234.0;24;46;27;45;122;49;21;53;33
240.0;25;45;30;46;123;49;19;52;31
246.0;25;46;34;48;123;48;16;52;28
252.0;24;43;33;52;124;49;21;52;22
258.0;24;42;35;50;126;49;22;49;23
264.0;24;42;35;50;126;52;24;45;22
270.0;24;45;32;44;130;56;26;44;19
276.0;24;45;30;44;135;54;22;45;21
282.0;26;47;27;39;138;56;21;45;21
288.0;24;44;25;43;140;56;21;46;21
294.0;27;43;23;40;141;55;24;45;22
300.0;28;42;23;40;144;54;23;43;23
306.0;28;40;23;43;143;55;22;39;27
312.0;27;43;24;44;145;54;20;38;25
318.0;27;42;22;43;152;51;22;38;23
324.0;27;44;21;41;151;54;21;38;23
330.0;25;44;22;44;149;53;18;38;27
336.0;22;42;25;42;149;53;19;41;27
342.0;23;43;26;44;146;51;19;45;23
348.0;22;46;26;44;147;50;17;46;22
354.0;24;45;27;46;149;47;17;44;21
360.0;22;43;28;44;152;49;19;42;21
366.0;21;44;26;44;151;50;21;43;20
372.0;21;47;29;41;151;49;21;41;20
378.0;21;49;30;40;155;47;19;41;18
384.0;26;51;28;37;154;45;20;39;20
390.0;28;47;28;39;154;47;19;39;19
396.0;23;48;30;40;159;46;19;40;15
402.0;24;50;28;41;160;41;20;43;13
408.0;25;49;29;39;160;41;20;44;13
414.0;27;53;26;36;159;42;18;43;16
420.0;26;49;27;39;161;44;17;41;16
426.0;24;53;23;44;158;40;19;45;14
432.0;24;48;22;46;158;42;19;48;13
438.0;22;42;24;46;159;45;22;45;15
444.0;23;39;22;46;161;46;21;42;20
450.0;22;40;21;47;157;44;23;43;23
456.0;24;41;21;47;157;39;24;44;23
462.0;23;41;22;45;154;41;24;49;21
468.0;23;40;20;43;157;40;26;49;22
474.0;21;40;17;47;160;36;25;51;23
480.0;22;41;18;46;165;38;19;50;21
486.0;20;42;18;45;165;40;20;48;22
492.0;18;44;15;44;170;37;19;49;24
498.0;17;43;14;48;169;38;18;50;23
504.0;20;41;14;47;168;38;22;48;22
510.0;17;42;16;46;169;44;24;45;17
516.0;18;41;14;46;169;49;23;43;17
522.0;16;39;14;44;170;49;25;46;17
528.0;17;39;12;43;175;47;23;46;18
534.0;18;38;15;46;176;43;23;45;16
540.0;19;40;14;48;174;41;25;42;17
546.0;19;41;15;49;172;39;26;40;19
552.0;18;39;12;50;172;41;26;42;20
558.0;17;43;12;49;171;42;24;41;21
564.0;14;42;15;50;171;43;24;40;21
570.0;18;46;18;44;173;41;23;40;17
576.0;22;44;17;45;172;42;21;38;19
582.0;26;47;15;41;174;41;18;38;20
588.0;28;46;14;39;174;41;20;39;19
594.0;28;46;16;41;175;40;19;36;19
600.0;27;47;15;39;174;41;18;40;19
606.0;30;48;13;37;177;40;18;40;17
612.0;27;49;14;39;178;40;17;39;17
618.0;22;47;13;42;179;38;17;42;20
624.0;20;47;13;42;176;39;18;43;22
630.0;19;46;13;44;177;36;20;44;21
636.0;18;48;17;41;177;36;20;44;19
642.0;16;48;16;42;180;35;21;42;20
648.0;14;48;18;44;177;34;22;44;19
654.0;13;48;25;44;177;32;19;43;19
660.0;16;47;27;41;179;29;21;41;19
666.0;20;47;23;37;179;31;19;42;22
672.0;19;44;24;37;182;30;18;42;24
678.0;20;46;23;35;184;28;20;40;24
684.0;20;45;20;35;185;31;18;40;26
690.0;21;46;22;37;186;30;17;39;22
696.0;23;44;21;38;188;29;17;38;22
702.0;24;45;19;39;186;33;20;35;19
708.0;20;44;19;40;186;36;19;36;20
714.0;22;47;18;42;186;39;15;31;20
720.0;23;45;19;41;184;41;14;31;22
726.0;23;44;18;39;187;41;14;31;23
732.0;22;41;20;41;186;40;19;32;19
738.0;23;38;21;41;189;39;21;28;20
744.0;23;38;24;38;190;38;19;29;21
750.0;24;39;22;38;188;37;19;33;20
756.0;23;37;22;39;189;38;15;36;21
762.0;24;37;25;41;188;37;14;35;19
768.0;24;31;24;42;186;42;15;37;19
774.0;25;32;23;41;187;45;14;37;16
780.0;23;33;21;41;188;46;16;36;16
786.0;25;36;21;37;188;44;16;36;17
792.0;25;39;19;40;191;43;17;32;14
798.0;25;40;20;36;191;44;20;30;14
804.0;24;41;19;37;190;46;18;31;14
810.0;23;39;22;38;188;43;20;32;15
816.0;22;39;21;37;186;45;20;35;15
822.0;22;40;22;36;185;47;19;36;13
828.0;22;38;22;37;185;50;19;36;11
834.0;17;36;21;36;185;53;23;40;9
840.0;13;32;23;35;184;53;25;45;10
846.0;12;35;23;34;182;54;25;44;11
852.0;14;33;22;37;179;52;26;47;10
858.0;16;34;22;39;181;50;24;44;10
864.0;15;33;22;42;180;49;22;47;10
870.0;18;34;18;40;179;50;22;46;13
876.0;16;34;18;40;179;51;23;44;15
882.0;18;33;17;37;178;54;26;42;15
888.0;18;35;17;38;176;53;25;43;15
894.0;17;37;16;35;176;53;26;43;17
900.0;18;37;19;33;179;49;26;42;17
906.0;20;35;23;31;181;45;25;44;16
912.0;21;33;24;32;178;48;24;44;16
918.0;18;35;25;33;175;47;24;46;17
924.0;19;33;25;32;178;44;26;45;18
930.0;17;33;27;33;177;45;25;45;18
936.0;17;34;28;27;179;45;25;45;20
942.0;15;33;25;27;181;44;29;44;22
948.0;12;34;27;29;183;40;27;49;19
954.0;11;31;26;33;184;41;26;49;19
960.0;14;34;26;35;182;38;26;48;17
966.0;14;33;25;37;184;39;26;43;19
972.0;17;34;24;37;183;39;24;43;19
978.0;17;33;22;38;184;39;22;44;21
984.0;18;34;21;35;186;40;20;47;19
990.0;21;36;21;34;186;36;16;50;20
996.0;22;35;23;35;185;37;13;50;20
1002.0;19;34;25;35;185;38;14;50;20
1008.0;19;31;23;37;188;37;14;51;20
1014.0;20;31;24;36;185;35;17;52;20
1020.0;20;29;22;37;184;38;17;53;20
1026.0;22;28;19;35;184;41;18;51;22
1032.0;20;27;22;34;184;43;17;51;22
1038.0;18;25;25;33;183;42;18;52;24
1044.0;19;27;24;36;184;43;18;49;20
1050.0;18;26;23;38;185;45;17;46;22
1056.0;19;26;21;40;185;42;17;48;22
1062.0;20;27;20;37;186;41;17;50;22
1068.0;20;25;24;35;186;40;16;50;24
1074.0;20;26;24;35;185;34;18;52;26
1080.0;20;25;26;34;188;32;15;50;30
1086.0;22;29;25;32;188;33;15;48;28
1092.0;20;28;22;33;189;35;17;49;27
1098.0;20;31;19;34;193;34;16;51;22
1104.0;18;29;20;37;193;37;17;48;21
1110.0;18;26;20;38;191;38;18;48;23
1116.0;19;28;20;39;186;37;18;51;22
1122.0;20;31;20;37;184;38;19;50;21
1128.0;18;31;22;35;182;38;19;51;24
1134.0;19;32;22;36;181;41;18;49;22
1140.0;21;31;22;36;180;43;18;47;22
1146.0;19;32;21;38;183;42;21;41;23
1152.0;19;33;19;39;185;41;18;41;25
1158.0;19;36;17;36;186;38;19;44;25
1164.0;17;35;18;37;187;39;18;44;25
1170.0;19;33;19;34;185;38;19;45;28
1176.0;20;36;20;35;184;35;20;45;25
1182.0;16;38;21;34;188;34;17;47;25
1188.0;14;38;19;35;185;37;18;48;26
1194.0;15;39;20;38;185;38;17;46;22
1200.0;15;39;18;40;186;40;17;44;21
1206.0;16;40;17;43;187;40;16;40;21
1212.0;15;43;16;41;186;40;15;39;25
1218.0;15;41;17;41;187;41;15;37;26
1224.0;16;41;19;40;188;43;12;38;23
1230.0;16;38;17;39;189;45;12;41;23
1236.0;14;36;17;38;194;49;12;38;22
1242.0;14;35;18;38;192;49;15;38;21
1248.0;14;34;19;39;191;45;13;42;23
1254.0;14;35;20;34;194;44;13;43;23
1260.0;17;36;20;37;192;38;13;43;24
1266.0;19;38;21;40;189;38;13;39;23
1272.0;21;38;23;36;187;38;13;39;25
1278.0;21;40;21;35;186;37;16;40;24
1284.0;19;41;20;36;186;38;17;42;21
1290.0;18;44;18;38;183;39;20;39;21
1296.0;18;44;18;40;183;39;19;38;21
1302.0;17;46;20;41;183;35;19;39;20
1308.0;19;43;21;38;185;38;16;38;22
1314.0;17;42;21;40;184;39;16;37;24
1320.0;16;42;23;38;185;40;17;36;23
1326.0;15;40;21;40;184;41;17;36;26
1332.0;16;39;23;36;185;44;19;34;24
1338.0;15;37;21;36;183;47;17;39;25
1344.0;14;35;22;37;183;49;16;39;25
1350.0;13;39;22;37;183;48;16;41;21
1356.0;11;38;20;39;183;49;15;42;23
1362.0;13;39;20;40;187;45;16;42;18
1368.0;12;38;19;43;185;44;17;43;19
1374.0;13;38;17;41;188;47;15;44;17
1380.0;16;39;16;42;190;42;14;45;16
1386.0;17;36;18;42;187;43;13;46;18
1392.0;17;36;22;40;187;43;13;44;18
1398.0;16;37;22;37;189;44;14;42;19
1404.0;18;37;25;34;188;47;13;42;16
1410.0;17;37;25;32;188;49;13;42;17
1416.0;18;38;23;33;190;49;14;38;17
1422.0;17;41;24;34;188;45;16;38;17
1428.0;18;39;26;34;185;43;17;39;19
1434.0;21;40;22;34;186;42;16;42;17
1440.0;23;38;25;33;189;44;15;39;14
1446.0;20;41;20;33;187;46;18;40;15
1452.0;19;41;19;35;185;48;16;42;15
1458.0;17;40;21;39;186;48;15;40;14
1464.0;16;39;21;39;183;50;20;40;12
1470.0;14;37;19;41;182;47;25;40;15
1476.0;17;35;19;39;181;49;21;43;16
1482.0;17;34;18;40;181;47;23;43;17
1488.0;17;35;19;39;180;50;21;41;18
1494.0;19;37;20;39;179;49;21;41;15
1500.0;17;39;23;38;177;49;21;41;15
1506.0;15;39;24;38;177;50;19;41;17
1512.0;16;40;24;38;176;48;21;43;14
1518.0;15;42;25;39;175;46;22;42;14
1524.0;13;46;26;38;174;47;21;42;13
1530.0;13;46;28;36;174;44;26;41;12
1536.0;14;44;25;38;178;44;24;42;11
1542.0;12;42;23;41;176;47;22;45;12
1548.0;14;41;23;39;174;45;23;46;15
1554.0;15;44;21;42;176;44;20;47;11
1560.0;17;44;22;41;177;40;21;45;13
1566.0;18;42;26;41;178;40;19;47;9
1572.0;18;44;29;40;176;42;19;43;9
1578.0;16;45;30;39;176;42;19;42;11
1584.0;17;46;34;39;177;41;18;41;7
1590.0;17;46;34;38;176;38;21;41;9
1596.0;19;43;32;37;175;40;21;42;11
1602.0;19;42;31;38;176;42;21;40;11
1608.0;20;41;30;36;175;44;23;40;11
1614.0;18;41;31;35;176;43;26;39;11
1620.0;18;43;31;35;175;41;24;40;13
1626.0;17;42;28;37;173;42;27;42;12
1632.0;16;43;27;38;174;41;26;41;14
1638.0;19;42;26;36;173;44;24;40;16
1644.0;21;40;23;36;175;47;20;41;17
1650.0;20;41;20;39;175;49;18;40;18
1656.0;21;38;19;39;174;50;22;39;18
1662.0;19;38;19;39;177;46;21;41;20
1668.0;23;38;21;39;173;49;22;37;18
1674.0;20;39;20;36;174;50;23;39;19
1680.0;20;39;19;36;173;51;25;40;17
1686.0;21;37;19;35;173;51;25;39;20
1692.0;18;38;21;37;174;46;29;35;22
1698.0;22;36;20;37;176;41;27;39;22
1704.0;19;39;16;36;179;43;30;40;18
1710.0;18;40;17;38;179;43;26;40;19
1716.0;16;41;19;34;180;46;28;39;17
1722.0;15;42;22;34;178;44;30;38;17
1728.0;17;44;22;34;176;44;25;42;16
1734.0;18;46;21;33;174;46;24;44;14
1740.0;20;46;22;32;170;47;25;44;14
1746.0;20;45;24;33;169;45;24;45;15
1752.0;20;44;25;31;171;46;23;44;16
1758.0;19;45;24;32;170;45;23;46;16
1764.0;17;46;23;30;173;47;20;47;17
1770.0;17;48;21;27;174;49;18;48;18
1776.0;17;49;22;30;172;47;18;47;18
1782.0;16;47;25;29;172;48;19;45;19
1788.0;14;51;18;30;174;49;19;45;20
1794.0;14;49;16;31;175;49;18;46;22
