#auto generated file!
12.0;58;56;57;59;47;63;52;47;61
18.0;54;62;56;61;47;65;53;44;58
24.0;48;63;55;63;51;68;47;43;62
30.0;44;61;53;64;53;70;50;46;59
36.0;46;66;52;64;55;69;49;46;53
42.0;44;68;51;69;59;66;45;47;51
48.0;40;71;46;68;67;65;47;45;51
54.0;35;69;48;73;71;66;45;42;51
60.0;38;70;45;73;72;64;44;42;52
66.0;34;72;40;76;75;60;44;44;55
72.0;35;70;43;72;80;57;40;50;53
78.0;32;71;43;71;85;53;40;52;53
84.0;30;72;41;68;87;57;39;55;51
90.0;30;72;35;74;89;59;41;49;51
96.0;29;70;34;79;93;60;38;50;47
102.0;33;69;30;80;97;59;41;49;42
108.0;35;65;31;80;101;57;44;47;40
114.0;37;65;32;78;102;53;49;44;40
120.0;43;63;32;76;103;51;45;44;43
126.0;42;64;37;73;106;54;42;43;39
132.0;43;64;36;73;107;54;40;44;39
138.0;43;66;28;68;110;56;43;44;42
144.0;38;67;27;68;111;59;42;48;40
150.0;37;62;29;70;111;62;41;50;38
156.0;36;59;30;72;113;64;41;48;37
162.0;38;62;29;74;115;62;36;49;35
168.0;36;65;28;71;118;62;36;49;35
174.0;31;67;29;68;121;66;36;48;34
180.0;31;63;26;71;126;63;32;50;38
186.0;31;63;27;70;127;62;32;51;37
192.0;27;64;23;73;126;65;36;51;35
198.0;28;62;24;74;127;67;36;49;33
204.0;28;60;29;75;128;68;36;49;27
210.0;29;61;29;72;133;66;34;52;24
216.0;32;63;27;70;133;63;38;51;23
222.0;31;61;32;70;137;60;39;49;21
228.0;32;59;28;72;140;62;37;48;22
234.0;31;60;28;69;137;66;33;52;24
240.0;31;55;28;67;141;65;35;50;28
246.0;33;58;28;63;145;66;30;47;30
252.0;32;59;30;63;146;67;29;47;27
258.0;26;62;30;64;150;66;21;53;28
264.0;25;63;28;63;154;66;22;53;26
270.0;23;60;30;65;153;67;23;51;28
276.0;23;62;28;65;157;69;20;51;25
282.0;23;60;27;64;161;71;21;48;25
288.0;23;59;26;66;161;70;24;47;24
294.0;22;63;30;67;162;69;23;42;22
300.0;22;64;28;66;165;67;24;42;22
306.0;20;61;30;67;167;67;24;41;23
312.0;20;66;29;68;167;64;23;41;22
318.0;22;64;29;69;169;61;26;41;19
324.0;18;62;30;70;171;62;29;39;19
330.0;16;59;34;68;171;61;32;38;21
336.0;18;61;32;66;172;59;30;40;22
342.0;19;62;30;68;172;57;29;39;24
348.0;21;64;27;70;174;57;26;40;21
354.0;19;64;26;66;176;62;27;41;19
360.0;16;65;28;66;176;62;29;42;16
366.0;19;65;27;68;177;60;28;39;17
372.0;19;68;26;63;177;58;27;41;21
378.0;17;69;26;60;178;58;29;40;23
384.0;17;69;26;61;178;57;28;38;26
390.0;17;65;27;57;178;58;31;39;28
396.0;17;62;30;60;179;53;33;39;27
402.0;18;62;28;60;181;54;31;38;28
408.0;18;60;25;58;184;54;31;41;29
414.0;16;62;25;58;187;56;31;37;28
420.0;19;61;23;59;190;58;29;36;25
426.0;20;63;22;58;193;59;28;37;20
432.0;23;62;15;55;195;62;29;39;20
438.0;22;57;18;55;198;63;28;39;20
444.0;21;62;20;55;194;64;24;41;19
450.0;19;61;20;58;192;66;27;38;19
456.0;19;59;20;57;194;63;32;37;19
462.0;20;53;19;56;199;64;31;39;19
468.0;19;55;23;62;194;58;29;40;20
474.0;23;53;22;62;193;59;27;39;22
480.0;23;53;22;60;190;57;29;42;24
486.0;20;49;22;62;191;57;29;45;25
492.0;22;47;22;64;190;56;30;44;25
498.0;20;49;24;66;191;54;24;44;28
504.0;20;47;23;64;190;56;24;47;29
510.0;20;51;20;61;189;58;26;47;28
516.0;19;51;22;58;191;56;26;48;29
522.0;22;51;19;56;192;55;24;51;30
528.0;18;54;17;53;192;59;26;51;30
534.0;18;52;14;56;197;62;25;48;28
540.0;19;51;19;55;194;59;27;49;27
546.0;18;51;17;58;192;60;26;51;27
552.0;21;48;18;56;194;56;30;53;24
558.0;19;46;17;61;193;56;32;52;24
564.0;19;46;17;59;195;55;32;53;24
570.0;20;50;17;58;199;54;32;48;22
576.0;20;49;20;62;202;55;28;41;23
582.0;17;51;17;67;204;52;24;43;25
588.0;17;51;19;66;201;51;22;46;27
594.0;18;48;16;65;204;51;22;50;26
600.0;23;44;17;68;202;46;24;51;25
606.0;22;45;18;67;202;49;22;50;25
612.0;20;43;22;64;202;48;22;54;25
618.0;22;46;23;62;200;47;24;50;26
624.0;24;49;21;62;198;47;25;48;26
630.0;26;51;24;59;196;49;22;50;23
636.0;25;52;22;61;197;49;23;48;23
642.0;27;53;22;61;195;50;22;48;22
648.0;27;53;24;61;195;46;23;49;22
654.0;24;54;26;60;195;45;24;49;23
660.0;25;59;26;60;197;44;20;51;18
666.0;24;58;27;61;200;40;20;51;19
672.0;25;60;27;62;200;33;23;50;20
678.0;24;61;25;63;200;35;24;50;18
684.0;23;63;24;64;200;35;21;51;19
690.0;22;61;22;62;205;34;22;48;24
696.0;20;59;24;60;207;36;23;46;25
702.0;22;58;26;61;203;37;23;46;24
708.0;25;56;24;61;207;36;21;45;25
714.0;26;56;23;59;205;42;20;45;24
720.0;25;56;22;63;202;40;23;43;26
726.0;24;55;26;60;202;40;24;46;23
732.0;25;57;23;59;203;39;24;43;27
738.0;28;50;24;58;205;35;27;47;26
744.0;23;49;27;57;208;39;25;47;25
750.0;26;50;21;59;211;41;24;47;21
756.0;29;47;20;56;220;37;24;44;23
762.0;28;46;23;51;217;39;26;46;24
768.0;28;45;23;48;222;39;26;46;23
774.0;26;48;20;48;221;42;25;47;23
780.0;22;49;23;51;218;42;24;47;24
786.0;23;48;20;50;220;41;24;48;26
792.0;21;47;24;49;220;41;24;49;25
798.0;22;47;21;51;221;39;24;52;23
804.0;19;44;18;54;220;41;26;53;25
810.0;17;45;18;56;217;41;27;55;24
816.0;14;44;14;61;215;42;26;57;27
822.0;12;49;14;57;215;43;24;57;29
828.0;12;50;12;57;219;44;23;54;29
834.0;11;52;13;59;220;45;21;57;22
840.0;10;51;13;58;223;44;20;58;23
846.0;12;51;17;59;219;41;21;58;22
852.0;15;47;18;58;220;40;25;57;20
858.0;18;45;20;56;218;36;27;58;22
864.0;19;45;22;55;217;33;27;59;23
870.0;18;44;20;54;219;39;25;61;20
876.0;17;44;18;57;219;41;24;60;20
882.0;17;45;17;59;222;40;22;60;18
888.0;18;47;20;59;221;40;19;60;16
894.0;20;46;21;58;222;39;20;59;15
900.0;23;43;19;53;223;39;24;60;16
906.0;23;44;23;52;223;39;23;58;15
912.0;20;43;26;52;225;37;24;59;14
918.0;21;43;31;50;225;38;21;57;14
924.0;22;43;30;49;228;37;24;51;16
930.0;23;44;34;47;230;36;23;48;15
936.0;22;39;33;51;230;37;26;46;16
942.0;24;39;33;49;232;36;30;42;15
948.0;23;44;32;48;229;39;28;39;18
954.0;24;42;29;49;232;40;27;39;18
960.0;22;43;30;46;236;40;25;38;20
966.0;20;45;30;46;236;42;21;38;22
972.0;17;50;27;46;239;43;19;35;24
978.0;17;48;28;45;236;45;21;36;24
984.0;19;46;26;45;235;46;21;37;25
990.0;19;48;26;44;233;46;21;39;24
996.0;19;41;27;46;233;50;23;40;21
1002.0;19;43;25;48;229;50;25;38;23
1008.0;19;44;27;45;231;48;25;39;22
1014.0;17;43;23;45;232;47;29;41;23
1020.0;18;44;23;46;233;45;27;42;22
1026.0;20;42;21;48;230;43;30;42;24
1032.0;19;43;19;47;233;39;29;45;26
1038.0;20;42;20;47;235;40;28;45;23
1044.0;19;44;18;45;233;39;27;47;28
1050.0;20;49;16;48;231;36;26;47;27
1056.0;20;49;14;49;235;33;26;47;27
1062.0;18;47;14;50;235;32;25;49;30
1068.0;17;47;15;51;239;31;26;45;29
1074.0;20;49;17;52;235;30;25;42;30
1080.0;21;47;19;47;235;34;27;40;30
1086.0;21;45;21;47;236;36;24;41;29
1092.0;19;41;21;48;240;38;26;41;26
1098.0;19;43;22;50;240;35;21;41;29
1104.0;19;43;20;48;238;35;27;40;30
1110.0;21;44;20;50;234;39;25;37;30
1116.0;21;44;17;51;234;39;26;38;30
1122.0;19;42;16;50;234;43;25;40;31
1128.0;21;44;18;49;233;44;24;37;30
1134.0;21;45;20;48;232;45;22;38;29
1140.0;21;43;22;50;231;42;21;41;29
1146.0;22;41;23;50;230;42;21;43;28
1152.0;23;40;22;51;233;42;20;42;27
1158.0;23;42;23;49;234;44;20;39;26
1164.0;21;43;26;46;232;44;20;41;27
1170.0;23;43;22;44;232;43;23;44;26
1176.0;22;43;27;44;230;42;23;42;27
1182.0;23;42;30;43;231;39;21;41;30
1188.0;23;44;31;42;234;36;19;43;28
1194.0;25;40;28;41;231;42;21;44;28
1200.0;20;42;26;41;233;41;25;42;30
1206.0;20;41;27;41;233;40;23;44;31
1212.0;22;41;22;41;237;39;22;48;28
1218.0;22;47;19;41;236;39;22;48;26
1224.0;21;47;19;41;232;40;23;50;27
1230.0;22;48;16;43;229;42;21;52;27
1236.0;21;52;15;41;226;44;23;49;29
1242.0;21;49;14;39;223;45;24;52;33
1248.0;20;50;15;41;225;44;25;53;27
1254.0;19;53;14;42;221;43;30;52;26
1260.0;18;51;14;40;221;44;34;53;25
1266.0;16;50;15;39;224;49;30;53;24
1272.0;15;51;16;42;225;47;30;52;22
1278.0;15;51;18;44;223;48;29;48;24
1284.0;14;54;18;44;224;47;25;51;23
1290.0;16;53;17;46;225;43;27;49;24
1296.0;21;56;21;43;228;41;25;45;20
1302.0;22;50;25;42;229;42;25;48;17
1308.0;23;51;25;40;229;41;23;50;18
1314.0;22;50;23;40;229;43;26;48;19
1320.0;25;52;22;40;230;41;28;46;16
1326.0;26;51;20;40;230;40;29;45;19
1332.0;22;48;20;43;230;38;31;47;21
1338.0;22;47;21;44;226;40;35;45;20
1344.0;24;45;22;44;225;42;35;45;18
1350.0;22;44;27;45;224;38;35;48;17
1356.0;20;43;29;44;223;36;34;54;17
1362.0;21;43;28;44;225;40;32;49;18
1368.0;21;42;30;44;227;41;34;45;16
1374.0;23;40;30;44;228;44;31;45;15
1380.0;24;40;30;44;232;45;28;44;13
1386.0;25;43;30;44;228;45;26;45;14
1392.0;26;43;31;41;228;44;29;45;13
1398.0;23;46;33;41;228;40;30;47;12
1404.0;23;49;30;42;225;38;32;47;14
1410.0;24;52;29;44;221;38;33;44;15
1416.0;23;53;29;46;220;38;33;44;14
1422.0;23;52;34;40;223;35;32;47;14
1428.0;27;55;35;39;220;34;28;45;17
1434.0;27;57;33;41;220;33;27;45;17
1440.0;28;58;32;39;220;33;27;45;18
1446.0;30;57;28;36;219;35;29;45;21
1452.0;30;57;24;35;219;40;28;42;25
1458.0;27;57;24;37;221;42;28;40;24
1464.0;27;58;26;36;219;44;28;40;22
1470.0;27;58;23;39;219;44;29;40;21
1476.0;24;55;21;39;219;48;28;40;26
1482.0;27;56;21;38;219;47;24;42;26
1488.0;31;53;22;34;221;46;24;41;28
1494.0;33;56;27;36;219;48;22;39;20
1500.0;31;58;26;37;222;48;18;37;23
1506.0;30;57;26;39;222;48;18;38;22
1512.0;29;55;24;39;222;48;20;39;24
1518.0;30;51;23;43;223;48;21;36;25
1524.0;27;52;24;43;226;52;18;35;23
1530.0;29;48;25;42;228;54;15;33;26
1536.0;30;48;24;39;229;54;19;33;24
1542.0;30;51;23;38;230;53;18;33;24
1548.0;30;50;25;39;233;50;18;31;24
1554.0;29;47;26;40;232;47;22;34;23
1560.0;31;49;27;40;231;45;21;32;24
1566.0;30;50;27;40;231;44;21;30;27
1572.0;29;47;29;38;231;45;21;31;29
1578.0;23;47;27;40;233;47;24;32;27
1584.0;23;47;27;41;230;46;25;32;29
1590.0;26;48;24;46;229;46;21;34;26
1596.0;27;48;25;46;226;45;23;36;24
1602.0;27;47;26;45;226;48;21;37;23
1608.0;28;47;26;45;228;46;20;39;21
1614.0;26;52;28;39;228;44;21;38;24
1620.0;27;52;27;40;227;45;20;35;27
1626.0;28;51;28;40;228;45;20;34;26
1632.0;28;49;29;36;229;51;19;34;25
1638.0;27;50;29;37;230;48;19;34;26
1644.0;24;51;30;39;225;48;21;36;26
1650.0;24;46;30;40;223;51;24;36;26
1656.0;25;45;30;41;224;51;22;34;28
1662.0;24;47;28;44;222;52;21;36;26
1668.0;27;47;26;48;224;45;21;38;24
1674.0;26;49;27;48;222;46;20;39;23
1680.0;26;45;28;46;222;48;21;37;27
1686.0;30;45;25;47;224;45;18;38;28
1692.0;27;49;27;46;224;46;18;36;27
1698.0;29;49;26;44;222;47;18;37;28
1704.0;26;51;25;44;219;49;19;37;30
1710.0;27;52;24;42;213;51;24;37;30
1716.0;27;51;24;42;214;53;23;35;31
1722.0;27;49;25;41;216;52;23;37;30
1728.0;27;46;27;43;217;53;25;37;25
1734.0;25;43;28;43;218;53;26;39;25
1740.0;27;45;28;42;214;51;25;42;26
1746.0;27;45;27;42;217;51;27;42;22
1752.0;27;44;30;36;218;55;28;42;20
1758.0;29;44;27;37;220;56;26;41;20
1764.0;26;47;25;34;222;55;27;47;17
1770.0;27;53;24;35;219;54;28;42;18
1776.0;27;53;22;33;219;53;31;44;18
1782.0;28;50;25;34;220;53;29;44;17
1788.0;26;51;23;32;224;54;26;46;18
1794.0;29;50;21;31;224;55;26;45;19
