#auto generated file!
12.0;27;20;28;29;34;27;19;31;25
18.0;27;20;27;29;34;29;19;33;22
24.0;27;19;29;30;34;28;19;32;22
30.0;21;23;26;30;36;30;18;33;23
36.0;22;23;24;32;38;30;15;33;23
42.0;23;23;23;32;39;28;16;34;22
48.0;20;24;26;34;40;26;14;36;20
54.0;19;26;23;35;41;28;11;36;21
60.0;20;26;25;33;43;28;11;36;18
66.0;24;26;22;31;45;28;11;36;17
72.0;19;24;24;31;45;30;11;37;19
78.0;22;23;23;28;46;25;12;37;24
84.0;21;24;22;29;49;24;17;33;21
90.0;19;25;22;32;49;22;16;34;21
96.0;19;26;23;30;51;23;17;32;19
102.0;18;27;25;32;49;23;16;32;18
108.0;18;29;20;33;48;23;18;32;19
114.0;14;28;20;33;50;22;19;35;19
120.0;13;29;19;33;49;23;18;36;20
126.0;15;30;20;31;50;25;17;34;18
132.0;16;29;20;31;49;24;17;36;18
138.0;15;31;18;28;51;24;19;32;22
144.0;18;30;20;27;52;25;14;31;23
150.0;20;29;17;27;56;25;13;30;23
156.0;21;27;20;25;57;26;13;28;23
162.0;20;27;19;25;58;25;12;30;24
168.0;22;24;20;26;58;25;12;32;21
174.0;21;24;15;27;61;27;11;33;21
180.0;20;22;17;30;62;28;14;28;19
186.0;19;20;18;32;63;26;14;28;20
192.0;18;19;17;33;64;27;14;28;20
198.0;18;19;13;30;64;28;16;30;22
204.0;19;19;12;29;64;31;12;31;23
210.0;21;20;12;27;64;28;13;29;26
216.0;19;20;11;32;62;28;12;29;27
222.0;21;23;9;30;63;29;10;31;24
228.0;19;23;10;31;63;32;8;30;24
234.0;16;21;10;30;67;34;7;31;24
240.0;15;22;10;29;68;34;8;30;24
246.0;16;23;11;28;67;32;9;30;24
252.0;16;24;12;27;68;31;12;31;19
258.0;15;24;10;27;70;34;12;30;18
264.0;16;26;7;30;72;31;10;29;19
270.0;16;25;9;30;70;33;10;28;19
276.0;18;23;9;32;70;32;10;29;17
282.0;18;24;10;33;70;32;10;27;16
288.0;17;26;11;31;70;29;11;29;16
294.0;15;25;13;34;71;28;9;31;14
300.0;16;28;11;34;70;32;7;30;12
306.0;15;29;10;35;69;30;8;30;14
312.0;16;28;12;35;70;30;7;30;12
318.0;15;27;14;35;69;28;9;30;13
324.0;15;25;15;36;70;27;8;29;15
330.0;17;23;16;36;70;27;7;29;15
336.0;16;23;14;34;71;26;8;31;17
342.0;13;25;14;34;71;27;8;30;18
348.0;12;24;14;34;74;27;8;30;17
354.0;12;26;13;32;74;31;7;28;17
360.0;16;26;10;34;73;29;9;27;16
366.0;13;25;6;37;75;28;9;30;17
372.0;15;24;8;36;74;28;9;30;16
378.0;15;26;5;38;75;26;7;29;19
384.0;14;29;6;38;73;27;7;28;18
390.0;14;30;7;34;74;29;8;26;18
396.0;13;30;9;33;77;28;9;26;15
402.0;13;31;7;31;77;27;10;30;14
408.0;13;31;8;30;78;25;9;31;15
414.0;11;31;10;30;78;25;11;28;16
420.0;9;33;11;28;81;26;14;27;11
426.0;11;34;9;29;81;26;12;28;10
432.0;15;34;11;29;81;26;9;27;8
438.0;15;34;12;28;80;26;10;25;10
444.0;15;34;9;27;82;30;9;24;10
450.0;14;35;11;26;80;29;10;23;12
456.0;14;36;10;25;79;27;13;25;11
462.0;12;34;12;23;81;25;15;25;13
468.0;13;35;15;23;79;25;16;21;13
474.0;12;35;13;22;79;27;14;23;15
480.0;13;32;12;23;80;29;11;25;15
486.0;14;32;13;22;80;29;12;24;14
492.0;13;31;10;23;81;30;14;25;13
498.0;13;30;12;21;81;30;14;28;11
504.0;16;32;11;20;82;28;13;27;11
510.0;17;30;9;21;83;28;14;26;12
516.0;15;31;11;21;83;27;13;27;12
522.0;15;26;11;20;85;27;13;29;14
528.0;11;26;10;25;85;29;13;30;11
534.0;10;26;9;24;85;29;15;31;11
540.0;10;25;8;25;86;31;15;29;11
546.0;11;24;8;25;87;32;14;28;11
552.0;13;23;8;25;87;33;14;26;11
558.0;14;23;8;23;88;32;14;26;12
564.0;13;22;9;23;89;33;15;24;12
570.0;11;20;12;27;90;31;13;24;12
576.0;12;19;12;24;93;28;14;25;13
582.0;12;18;12;25;91;29;15;24;14
588.0;13;18;9;25;89;31;14;25;16
594.0;12;17;10;23;91;31;14;26;16
600.0;11;17;10;23;93;31;14;25;16
606.0;11;17;9;23;93;30;15;25;17
612.0;9;16;13;22;95;29;16;24;16
618.0;11;17;13;20;95;28;15;26;15
624.0;11;19;13;19;93;27;16;26;16
630.0;11;20;12;20;91;28;16;26;16
636.0;12;20;11;20;93;30;15;23;16
642.0;13;22;10;20;93;30;14;24;14
648.0;12;24;9;23;91;29;11;26;15
654.0;12;25;9;22;92;28;11;28;13
660.0;13;25;8;22;94;25;11;28;14
666.0;15;27;8;23;93;21;11;28;14
672.0;16;27;7;23;95;19;11;28;14
678.0;18;26;7;22;94;20;12;29;12
684.0;18;25;8;21;94;19;10;32;13
690.0;18;24;8;19;97;19;9;31;15
696.0;17;25;8;17;97;20;10;29;17
702.0;14;25;10;17;95;21;10;29;19
708.0;14;25;10;17;95;22;8;29;20
714.0;11;25;10;17;96;23;10;30;18
720.0;10;29;11;16;95;21;8;31;19
726.0;9;29;12;17;94;23;8;29;19
732.0;12;29;12;15;94;24;9;27;18
738.0;13;28;12;17;95;25;7;26;17
744.0;18;26;13;15;94;24;8;26;16
750.0;16;27;11;17;95;27;7;26;14
756.0;18;27;8;20;93;25;9;27;13
762.0;17;25;10;23;92;25;11;25;12
768.0;18;25;10;23;93;26;11;21;13
774.0;19;23;12;23;92;28;10;20;13
780.0;19;23;13;23;90;28;11;21;12
786.0;18;24;14;22;93;28;10;19;12
792.0;18;22;14;25;92;28;10;19;12
798.0;17;22;13;27;93;26;9;20;13
804.0;15;21;12;28;94;26;14;19;11
810.0;15;20;10;29;95;27;14;20;10
816.0;16;19;11;23;97;27;17;20;10
822.0;16;19;11;20;97;26;19;22;10
828.0;14;20;15;19;96;25;18;22;11
834.0;12;20;13;19;97;25;18;24;12
840.0;12;19;13;19;99;25;18;24;11
846.0;12;19;13;18;96;28;18;25;11
852.0;10;21;14;20;97;27;15;26;10
858.0;10;20;15;21;97;26;15;27;9
864.0;11;20;12;22;97;26;16;27;9
870.0;8;20;10;21;100;23;18;29;11
876.0;10;20;12;22;100;24;16;27;9
882.0;10;19;11;22;100;23;16;26;13
888.0;9;18;12;23;102;24;16;23;13
894.0;8;18;14;21;101;26;16;23;13
900.0;9;18;15;21;101;25;17;22;12
906.0;11;18;16;18;103;23;17;20;14
912.0;11;19;17;20;103;21;15;22;12
918.0;14;19;17;20;102;22;13;22;11
924.0;16;20;18;18;102;23;13;21;9
930.0;14;19;16;19;103;23;13;22;11
936.0;15;18;17;20;102;23;14;21;10
942.0;15;20;17;19;104;21;15;20;9
948.0;15;18;16;20;104;21;13;23;10
954.0;16;18;15;20;103;23;10;23;12
960.0;18;18;12;21;104;21;10;24;12
966.0;20;20;12;19;105;21;9;23;11
972.0;21;20;11;20;106;19;9;25;9
978.0;21;20;12;19;106;19;8;25;10
984.0;21;18;12;21;106;19;9;26;8
990.0;22;16;13;22;107;21;11;21;7
996.0;20;15;15;22;107;23;9;24;5
1002.0;19;16;16;23;108;21;8;23;6
1008.0;19;16;16;21;107;22;7;24;8
1014.0;17;15;15;21;107;22;8;27;8
1020.0;20;16;14;20;106;23;7;26;8
1026.0;18;16;14;19;108;23;7;27;8
1032.0;22;17;13;19;105;21;7;27;9
1038.0;24;15;14;20;103;21;7;27;9
1044.0;24;15;12;20;103;21;7;27;11
1050.0;23;16;11;21;103;21;8;26;11
1056.0;22;14;12;21;103;21;9;26;12
1062.0;18;16;13;22;103;20;12;26;10
1068.0;16;17;16;21;105;21;11;25;8
1074.0;17;16;17;21;105;21;10;26;7
1080.0;17;17;15;21;105;23;10;25;7
1086.0;18;15;14;23;106;21;9;25;9
1092.0;21;14;15;21;105;22;11;25;6
1098.0;21;13;14;23;106;23;11;23;6
1104.0;19;11;12;25;107;25;12;22;7
1110.0;16;13;13;27;109;21;11;22;8
1116.0;13;14;13;29;109;23;10;22;7
1122.0;15;13;13;27;109;23;11;20;9
1128.0;12;13;14;27;113;22;10;20;9
1134.0;12;13;12;25;114;22;12;21;9
1140.0;13;16;13;23;114;19;11;23;8
1146.0;16;15;14;23;114;18;11;22;7
1152.0;16;15;15;23;114;17;13;21;6
1158.0;14;19;14;20;115;18;12;20;8
1164.0;14;18;12;21;117;18;13;20;7
1170.0;12;21;12;19;119;17;13;19;8
1176.0;14;20;9;19;121;18;12;18;9
1182.0;15;20;8;21;118;17;12;19;10
1188.0;14;20;11;23;116;18;14;19;5
1194.0;14;19;10;24;117;19;14;18;5
1200.0;13;16;12;24;118;21;14;18;4
1206.0;12;16;11;23;120;23;13;18;4
1212.0;11;15;11;23;120;25;14;17;4
1218.0;13;14;9;24;119;25;14;17;5
1224.0;12;17;8;23;119;27;12;17;5
1230.0;9;17;7;25;119;27;13;16;7
1236.0;11;16;6;24;120;25;15;17;6
1242.0;11;17;7;24;119;25;16;16;5
1248.0;9;16;8;24;118;24;17;16;8
1254.0;12;16;7;23;119;24;16;15;8
1260.0;10;17;6;21;119;26;15;14;12
1266.0;12;18;7;20;118;27;14;13;11
1272.0;13;18;6;20;119;27;14;13;10
1278.0;12;17;6;22;119;28;13;16;7
1284.0;10;18;5;21;119;30;12;19;6
1290.0;11;19;5;22;120;30;11;17;5
1296.0;11;19;6;23;119;31;9;16;6
1302.0;12;20;6;21;119;29;8;17;8
1308.0;11;21;7;21;117;27;9;18;9
1314.0;12;20;7;20;119;27;10;17;8
1320.0;14;20;8;19;121;26;6;17;9
1326.0;11;18;12;21;121;26;5;16;10
1332.0;12;19;12;20;122;25;6;16;8
1338.0;12;19;13;18;124;23;6;19;6
1344.0;15;21;11;17;123;23;5;19;6
1350.0;16;20;10;18;122;23;6;19;6
1356.0;15;23;10;19;123;21;5;19;5
1362.0;13;23;12;19;123;23;5;17;5
1368.0;15;22;11;21;122;22;4;17;6
1374.0;14;22;10;21;122;22;6;18;5
1380.0;12;21;10;21;120;24;6;20;6
1386.0;11;21;10;20;121;24;7;21;5
1392.0;11;24;10;17;121;24;6;21;6
1398.0;11;22;10;18;121;24;5;21;8
1404.0;11;23;12;16;122;24;5;19;8
1410.0;10;24;11;14;123;26;4;20;8
1416.0;11;23;11;16;123;25;5;18;8
1422.0;11;20;11;19;124;25;4;18;8
1428.0;15;19;9;22;121;27;3;16;8
1434.0;14;18;10;19;122;29;3;17;8
1440.0;13;16;10;21;122;29;4;17;8
1446.0;12;15;13;20;121;30;8;15;6
1452.0;11;17;13;21;120;27;9;17;5
1458.0;11;18;13;22;120;25;9;16;6
1464.0;10;19;11;25;122;22;10;16;5
1470.0;14;17;12;24;120;26;8;15;4
1476.0;11;15;12;26;121;27;8;15;5
1482.0;7;15;13;28;123;26;8;14;6
1488.0;7;16;13;29;123;23;7;14;8
1494.0;7;16;12;27;125;23;9;13;8
1500.0;7;17;11;28;125;22;9;11;10
1506.0;9;16;10;27;123;24;10;12;9
1512.0;10;17;9;24;126;22;10;13;9
1518.0;12;15;10;22;127;22;11;13;8
1524.0;12;16;8;22;126;20;12;15;9
1530.0;12;15;9;22;126;20;10;15;11
1536.0;11;17;7;24;124;23;12;14;8
1542.0;10;20;6;24;124;21;12;13;10
1548.0;10;20;6;24;124;21;10;13;12
1554.0;10;21;5;23;125;21;10;13;12
1560.0;12;22;3;24;126;22;11;10;10
1566.0;10;21;3;22;127;25;13;10;9
1572.0;10;20;3;22;128;26;12;10;9
1578.0;8;21;4;21;129;27;10;10;10
1584.0;9;24;3;20;130;27;9;9;9
1590.0;8;25;2;18;131;25;10;10;11
1596.0;8;24;3;20;131;23;10;11;10
1602.0;8;25;3;21;130;23;10;10;10
1608.0;6;25;4;21;130;25;9;10;10
1614.0;5;24;6;22;129;23;12;10;9
1620.0;7;24;6;20;131;21;11;10;10
1626.0;7;25;3;22;131;21;10;11;10
1632.0;7;24;3;22;131;21;12;11;9
1638.0;7;24;5;22;125;22;13;10;12
1644.0;8;25;5;20;125;21;14;11;11
1650.0;9;26;5;20;125;18;15;10;12
1656.0;8;26;5;20;125;18;15;11;12
1662.0;8;25;7;20;125;18;14;13;10
1668.0;7;24;7;23;125;18;11;16;9
1674.0;9;22;8;23;123;17;11;17;10
1680.0;7;22;8;22;123;19;11;18;10
1686.0;7;24;7;20;123;19;11;17;12
1692.0;6;24;10;19;124;18;9;17;13
1698.0;6;25;10;20;121;18;9;18;13
1704.0;6;25;9;20;124;17;8;17;14
1710.0;5;26;9;22;123;17;7;17;14
1716.0;6;28;10;21;124;15;7;16;13
1722.0;6;27;11;20;124;16;7;16;13
1728.0;7;28;10;19;125;14;7;17;13
1734.0;7;26;13;18;122;14;9;17;14
1740.0;6;27;13;18;120;15;9;19;13
1746.0;7;23;14;22;120;15;7;19;13
1752.0;8;22;15;21;119;14;7;20;14
1758.0;8;22;15;21;120;14;7;20;13
1764.0;8;23;15;20;120;15;8;20;11
1770.0;6;22;14;19;120;14;9;21;15
1776.0;7;20;14;19;118;15;9;24;14
1782.0;7;20;16;18;117;16;9;24;13
1788.0;7;22;16;18;116;16;11;23;11
1794.0;8;23;15;17;116;18;10;22;11
