#auto generated file!
12.0;18;20;10;18;25;22;17;21;29
18.0;19;22;12;19;26;22;14;20;26
24.0;22;21;12;18;26;22;13;23;23
30.0;22;23;12;18;29;21;10;23;22
36.0;20;24;12;20;29;20;10;24;21
42.0;18;27;12;19;31;19;9;25;20
48.0;17;25;11;21;33;18;12;24;19
54.0;20;24;11;23;33;17;11;25;16
60.0;18;23;13;26;34;17;9;25;15
66.0;20;25;10;26;33;18;9;24;15
72.0;17;24;11;24;36;19;7;24;18
78.0;15;23;11;27;37;19;8;22;18
84.0;15;22;11;31;37;19;10;20;15
90.0;15;21;11;29;37;19;11;21;16
96.0;14;22;12;28;36;18;12;21;17
102.0;15;22;10;28;37;20;10;22;16
108.0;16;20;8;28;40;18;11;22;17
114.0;13;20;7;28;42;18;12;23;17
120.0;12;20;8;30;42;17;13;21;17
126.0;13;22;10;29;43;17;10;20;16
132.0;15;24;10;27;43;16;10;21;14
138.0;15;22;12;28;43;18;11;21;10
144.0;15;22;12;28;44;20;11;19;9
150.0;14;22;12;27;43;21;10;21;10
156.0;14;22;14;27;42;20;11;21;9
162.0;13;20;12;26;43;22;12;22;10
168.0;14;20;12;26;44;21;13;23;7
174.0;12;18;15;27;43;21;12;23;9
180.0;15;19;15;27;43;21;10;22;8
186.0;12;20;15;28;43;23;8;22;9
192.0;12;21;10;28;44;24;9;22;10
198.0;11;22;10;32;43;24;9;21;8
204.0;9;23;9;33;43;23;9;21;10
210.0;8;24;9;34;44;23;7;20;11
216.0;7;25;10;34;45;24;5;22;8
222.0;5;25;11;33;45;26;4;23;8
228.0;4;23;11;32;45;27;4;24;10
234.0;4;24;11;31;45;27;5;23;10
240.0;5;22;9;33;48;26;5;23;9
246.0;4;23;8;32;49;26;5;23;10
252.0;6;26;8;28;49;26;4;21;12
258.0;6;26;8;27;50;25;4;23;11
264.0;5;29;9;25;49;24;8;21;10
270.0;5;29;7;25;48;25;7;22;12
276.0;5;26;8;24;51;25;6;23;12
282.0;6;26;8;24;51;24;7;23;11
288.0;6;26;10;23;51;22;8;23;11
294.0;7;23;11;23;52;22;8;24;10
300.0;6;24;10;22;53;22;8;25;10
306.0;6;24;9;20;55;22;9;25;10
312.0;5;23;8;20;58;22;10;23;11
318.0;6;23;7;18;60;23;9;24;10
324.0;7;23;7;18;58;22;12;23;10
330.0;10;22;7;18;58;22;12;22;9
336.0;10;23;5;19;58;22;12;24;7
342.0;10;23;6;21;59;21;10;23;7
348.0;9;23;7;21;60;21;10;21;8
354.0;8;22;8;19;60;22;10;21;10
360.0;7;20;8;20;58;23;9;24;11
366.0;7;20;8;19;58;23;10;25;10
372.0;8;18;9;20;58;22;9;26;10
378.0;10;17;9;20;58;23;11;24;8
384.0;10;15;9;23;57;22;11;25;8
390.0;10;17;8;23;59;22;10;25;6
396.0;10;16;8;22;59;23;10;26;6
402.0;11;14;8;20;59;24;11;26;7
408.0;10;15;9;21;58;25;10;24;8
414.0;9;16;8;20;59;25;11;22;10
420.0;7;16;10;21;59;25;11;23;8
426.0;7;17;10;21;58;27;11;22;7
432.0;8;15;10;23;58;28;11;21;6
438.0;9;17;10;21;59;27;13;19;5
444.0;9;18;8;20;59;29;12;20;5
450.0;10;18;7;19;58;30;12;21;5
456.0;9;17;8;20;58;31;11;21;5
462.0;5;21;9;21;58;27;10;23;6
468.0;5;21;8;21;58;27;10;24;6
474.0;7;21;7;19;58;26;12;26;4
480.0;7;19;7;17;58;28;14;26;4
486.0;7;20;7;17;58;28;14;24;5
492.0;7;20;7;15;58;29;15;22;7
498.0;8;21;7;14;59;28;14;23;6
504.0;7;22;7;15;61;27;11;23;7
510.0;8;21;8;14;60;27;11;24;7
516.0;9;21;7;14;58;28;11;24;8
522.0;7;21;7;14;59;27;11;24;10
528.0;7;21;7;17;58;27;10;22;11
534.0;6;21;6;18;59;28;10;22;10
540.0;5;21;8;18;57;27;10;22;12
546.0;6;20;11;17;58;28;8;21;11
552.0;6;21;9;18;58;28;8;21;11
558.0;5;22;9;17;59;26;10;22;10
564.0;7;22;7;17;58;26;10;23;10
570.0;9;20;5;19;59;26;10;21;11
576.0;9;20;5;18;59;27;12;21;9
582.0;9;19;6;21;59;28;13;20;5
588.0;10;18;7;20;60;29;12;19;5
594.0;10;17;8;20;63;28;10;20;4
600.0;10;19;9;20;62;28;8;20;4
606.0;9;18;10;22;62;27;7;22;3
612.0;10;21;8;21;61;26;7;22;4
618.0;12;20;8;22;60;24;4;24;6
624.0;10;20;8;21;63;23;4;25;6
630.0;10;21;8;19;63;23;6;24;6
636.0;9;22;8;19;64;20;7;25;6
642.0;7;23;8;20;64;19;6;26;7
648.0;9;21;8;20;64;19;6;25;8
654.0;8;21;11;19;62;19;9;24;7
660.0;10;20;10;19;63;19;8;23;8
666.0;11;20;10;19;62;19;9;23;7
672.0;11;19;10;19;63;20;9;22;7
678.0;11;18;10;17;61;23;10;22;8
684.0;12;16;10;18;62;23;9;22;8
690.0;14;18;10;20;61;20;11;19;7
696.0;15;18;11;19;61;18;12;18;8
702.0;13;16;10;19;64;19;12;19;8
708.0;13;16;11;19;65;18;12;18;8
714.0;13;17;10;18;69;18;10;18;7
720.0;15;17;12;18;70;18;9;18;3
726.0;15;19;11;18;68;18;8;19;4
732.0;16;18;9;16;69;18;9;21;4
738.0;18;18;8;14;69;17;10;21;5
744.0;19;17;13;14;68;17;10;19;3
750.0;20;19;13;14;69;16;8;19;2
756.0;19;19;10;14;68;16;9;19;6
762.0;21;19;9;14;68;17;9;16;7
768.0;19;21;8;14;69;17;10;15;7
774.0;18;20;8;15;69;17;9;17;7
780.0;14;19;8;16;68;19;11;18;7
786.0;14;20;8;18;68;16;9;19;8
792.0;13;20;8;19;66;16;10;20;8
798.0;12;19;7;18;66;17;9;21;11
804.0;11;17;8;19;69;17;8;21;10
810.0;10;18;9;21;68;15;10;19;10
816.0;8;18;8;21;70;15;10;21;9
822.0;7;17;7;23;70;15;9;22;10
828.0;6;18;9;22;71;14;9;22;9
834.0;7;16;8;24;69;12;11;22;11
840.0;7;17;8;23;67;14;11;22;11
846.0;9;15;9;23;67;15;10;22;10
852.0;7;15;10;23;67;16;11;22;9
858.0;6;13;11;26;69;16;8;22;9
864.0;8;14;12;23;69;14;7;23;10
870.0;9;15;10;22;70;13;8;23;10
876.0;8;15;11;22;68;15;8;23;10
882.0;8;14;13;22;68;17;7;21;10
888.0;7;13;14;22;70;18;8;20;8
894.0;9;15;11;21;71;17;8;21;7
900.0;8;13;12;20;73;17;9;22;6
906.0;5;14;14;20;73;17;8;22;7
912.0;7;15;13;19;72;17;10;21;6
918.0;8;16;10;20;73;17;11;18;7
924.0;9;15;9;21;75;18;10;16;7
930.0;11;13;12;20;75;18;7;14;10
936.0;12;14;9;19;76;18;6;15;11
942.0;13;14;10;16;75;17;7;16;12
948.0;12;12;12;16;74;17;10;16;11
954.0;12;14;12;15;74;15;10;15;13
960.0;12;12;14;14;77;18;10;14;9
966.0;11;11;14;14;80;18;10;14;8
972.0;13;10;10;13;82;18;9;16;9
978.0;16;9;10;12;82;19;8;16;8
984.0;14;11;10;13;81;20;7;15;9
990.0;14;11;10;13;82;20;8;15;7
996.0;13;12;10;13;81;20;9;15;7
1002.0;12;12;10;12;83;20;9;15;7
1008.0;10;11;10;12;84;19;9;16;9
1014.0;8;7;12;12;85;20;9;18;9
1020.0;10;8;12;12;85;20;8;17;8
1026.0;8;7;12;13;85;19;9;18;9
1032.0;8;6;13;12;84;19;9;19;10
1038.0;8;7;13;13;81;17;9;20;12
1044.0;8;8;13;13;81;16;9;20;12
1050.0;7;9;13;16;81;14;9;20;11
1056.0;7;10;12;17;80;13;10;17;14
1062.0;8;9;13;16;79;14;11;17;13
1068.0;8;10;12;16;79;14;11;17;13
1074.0;9;11;8;14;81;15;12;16;14
1080.0;11;11;8;13;79;14;12;17;15
1086.0;14;11;7;13;81;14;10;16;14
1092.0;17;11;6;11;81;14;11;16;13
1098.0;16;12;5;12;82;15;9;14;15
1104.0;16;12;7;10;82;17;7;14;15
1110.0;16;12;8;9;80;19;9;16;11
1116.0;16;11;9;8;79;19;10;17;11
1122.0;16;13;9;9;80;21;5;16;11
1128.0;16;14;9;9;81;18;4;18;11
1134.0;17;15;9;9;80;19;4;17;10
1140.0;16;16;7;10;78;19;5;16;13
1146.0;16;17;6;10;80;19;5;16;11
1152.0;17;15;7;10;81;19;5;14;12
1158.0;16;16;8;9;81;19;4;14;13
1164.0;16;14;8;8;83;18;4;14;15
1170.0;14;14;10;8;82;18;5;15;14
1176.0;14;14;11;9;82;18;6;14;12
1182.0;13;14;10;11;82;18;7;12;13
1188.0;12;16;12;11;79;18;7;13;12
1194.0;11;17;13;9;77;18;9;12;14
1200.0;11;17;14;10;75;17;10;11;15
1206.0;11;18;16;11;74;17;8;11;14
1212.0;9;18;15;12;74;17;11;10;14
1218.0;9;17;15;10;73;17;14;12;13
1224.0;12;17;14;10;73;16;14;11;13
1230.0;13;17;13;13;71;15;13;12;13
1236.0;13;16;14;13;73;13;14;12;12
1242.0;14;17;14;12;72;14;12;12;13
1248.0;14;17;10;16;73;13;9;15;13
1254.0;15;16;10;18;73;13;9;14;12
1260.0;13;17;11;20;74;11;8;14;12
1266.0;9;17;12;19;76;12;9;15;11
1272.0;9;15;11;20;76;14;10;13;12
1278.0;9;15;13;19;77;14;10;13;10
1284.0;10;15;12;17;77;16;10;13;10
1290.0;10;14;11;17;77;17;10;15;9
1296.0;11;14;11;18;77;17;10;15;7
1302.0;10;15;11;16;77;18;12;15;6
1308.0;10;15;11;16;77;18;11;17;5
1314.0;13;17;10;16;77;18;9;14;6
1320.0;12;19;11;17;78;16;7;12;8
1326.0;10;19;12;17;78;16;7;12;9
1332.0;8;17;13;17;79;18;7;11;10
1338.0;8;17;12;16;80;18;7;11;11
1344.0;7;20;12;14;80;17;8;12;10
1350.0;9;18;12;14;82;17;9;11;8
1356.0;10;18;11;13;81;18;10;11;8
1362.0;11;17;12;12;80;19;10;10;9
1368.0;10;17;11;12;82;19;8;11;10
1374.0;9;17;11;12;81;18;8;12;12
1380.0;6;18;11;12;82;17;9;13;12
1386.0;5;18;11;12;81;18;10;13;12
1392.0;3;20;11;12;82;18;10;13;11
1398.0;2;18;13;13;81;17;10;14;12
1404.0;3;18;13;13;82;16;8;14;13
1410.0;4;19;11;14;81;16;8;14;13
1416.0;5;19;12;13;80;15;10;14;12
1422.0;4;19;12;13;80;18;10;12;12
1428.0;4;18;13;14;83;18;10;10;10
1434.0;4;17;12;13;81;21;11;10;11
1440.0;4;17;13;13;81;21;11;11;9
1446.0;4;18;13;14;82;21;9;10;9
1452.0;5;18;16;15;81;18;8;11;8
1458.0;4;18;17;15;79;17;10;12;8
1464.0;4;19;17;15;78;16;11;12;8
1470.0;6;17;15;16;76;19;12;11;8
1476.0;6;19;16;14;74;18;15;12;6
1482.0;9;18;16;16;72;17;13;14;5
1488.0;9;18;15;16;71;17;13;16;5
1494.0;13;18;16;16;71;14;11;17;4
1500.0;11;16;16;17;73;15;10;19;3
1506.0;9;14;17;17;73;16;9;20;5
1512.0;10;14;14;18;74;16;9;19;6
1518.0;10;12;14;16;74;19;9;20;6
1524.0;9;12;13;14;74;20;9;22;7
1530.0;10;12;11;14;75;17;10;23;8
1536.0;9;13;11;15;74;18;9;24;7
1542.0;9;13;9;16;75;19;9;25;5
1548.0;10;13;11;15;76;18;9;24;4
1554.0;7;15;13;14;77;18;9;22;5
1560.0;7;18;10;13;74;20;9;25;4
1566.0;5;19;10;15;74;20;10;23;4
1572.0;5;19;9;15;74;17;11;25;5
1578.0;5;19;10;15;70;19;9;26;7
1584.0;5;21;7;15;70;20;9;24;9
1590.0;6;20;6;16;72;19;8;23;10
1596.0;7;22;5;17;73;18;6;24;8
1602.0;7;23;4;17;72;18;5;25;9
1608.0;5;23;6;16;73;19;7;23;8
1614.0;6;22;5;16;74;18;8;23;8
1620.0;6;21;7;16;74;18;9;22;7
1626.0;7;20;7;15;69;18;10;24;10
1632.0;6;20;7;17;69;18;10;25;8
1638.0;5;20;9;18;68;19;12;23;6
1644.0;5;21;9;20;69;17;9;23;7
1650.0;5;21;9;20;70;16;8;23;8
1656.0;5;22;7;18;72;19;8;22;7
1662.0;6;25;5;17;72;18;9;21;7
1668.0;7;25;5;17;71;19;8;21;7
1674.0;8;24;6;18;70;20;8;20;6
1680.0;6;24;7;18;68;21;8;21;7
1686.0;6;25;7;18;68;20;9;20;7
1692.0;6;24;8;17;68;20;9;21;7
1698.0;6;25;6;18;67;18;8;24;8
1704.0;6;26;7;18;67;18;8;21;9
1710.0;7;25;9;17;67;18;8;23;6
1716.0;8;22;8;20;67;16;10;22;7
1722.0;8;23;6;19;70;17;11;21;5
1728.0;8;21;7;18;69;19;13;19;6
1734.0;10;21;5;19;67;20;12;21;5
1740.0;10;21;6;18;66;19;12;22;6
1746.0;8;17;7;18;67;19;11;27;6
1752.0;8;17;6;19;67;20;12;26;5
1758.0;7;16;6;21;67;18;14;25;6
1764.0;5;18;7;20;70;18;12;24;6
1770.0;6;18;7;20;70;17;12;24;6
1776.0;7;17;8;20;70;16;11;24;7
1782.0;7;16;8;20;69;16;10;25;9
1788.0;9;16;8;21;69;16;12;23;6
1794.0;9;17;7;20;69;15;13;24;6
