#auto generated file!
12.0;34;31;32;31;37;18;30;27;30
18.0;32;32;29;33;37;19;33;26;29
24.0;27;28;27;35;39;23;31;30;30
30.0;25;27;27;34;41;24;31;31;30
36.0;25;27;28;35;42;24;29;32;28
42.0;27;25;29;36;45;23;28;32;25
48.0;28;26;27;35;45;22;27;32;28
54.0;24;23;28;34;46;22;29;36;28
60.0;24;25;26;31;49;23;28;38;26
66.0;27;25;24;32;51;25;28;34;24
72.0;28;25;23;34;53;25;26;35;21
78.0;28;26;22;36;53;24;25;35;21
84.0;29;25;21;37;57;25;25;34;17
90.0;26;23;21;38;57;26;29;36;14
96.0;27;22;22;38;57;25;28;36;15
102.0;25;24;22;36;58;25;26;39;15
108.0;24;26;20;34;58;27;21;41;19
114.0;21;28;22;32;58;28;22;40;19
120.0;20;28;20;29;58;30;22;41;22
126.0;22;26;19;31;58;30;22;41;21
132.0;21;27;15;35;58;30;21;41;22
138.0;23;24;14;34;60;33;18;43;21
144.0;20;23;14;41;61;30;18;43;20
150.0;22;22;13;39;59;31;21;42;21
156.0;18;22;12;41;59;30;23;43;22
162.0;17;20;13;42;61;32;19;43;23
168.0;16;21;13;43;63;34;19;41;20
174.0;15;24;13;40;64;34;19;41;20
180.0;13;23;12;43;66;34;20;39;20
186.0;13;24;11;40;68;35;18;41;20
192.0;13;24;13;37;71;34;18;40;20
198.0;17;24;14;35;70;33;15;43;19
204.0;19;25;14;36;70;33;14;41;18
210.0;16;27;18;37;70;33;15;39;15
216.0;17;28;16;37;70;33;16;38;15
222.0;14;29;16;38;73;34;17;37;12
228.0;12;27;17;39;73;34;19;36;13
234.0;14;27;18;37;73;35;19;35;12
240.0;13;28;14;38;77;36;17;35;12
246.0;10;28;15;39;77;36;19;34;12
252.0;9;26;15;38;79;35;21;34;13
258.0;10;27;11;36;82;35;23;32;14
264.0;9;26;16;35;85;33;18;33;15
270.0;11;25;17;34;86;35;17;30;15
276.0;13;24;20;36;86;33;16;27;15
282.0;11;26;19;34;89;33;14;27;17
288.0;11;27;19;36;89;32;14;26;16
294.0;11;27;18;37;90;32;13;26;16
300.0;13;25;18;34;91;34;13;28;14
306.0;14;26;19;32;90;33;11;30;15
312.0;14;28;17;30;89;35;13;34;10
318.0;11;25;18;29;94;35;12;34;12
324.0;12;25;17;30;93;36;13;30;14
330.0;10;29;14;31;93;39;13;27;14
336.0;14;28;12;33;92;35;14;27;15
342.0;15;29;10;31;94;33;14;29;15
348.0;15;29;10;29;94;31;16;30;16
354.0;19;27;11;31;95;31;12;27;17
360.0;18;26;10;31;99;31;11;27;17
366.0;17;28;12;31;96;31;10;28;17
372.0;17;30;11;32;95;30;9;27;19
378.0;19;32;12;31;94;27;9;27;19
384.0;21;28;14;29;93;26;9;32;18
390.0;21;28;13;28;96;25;9;31;19
396.0;18;30;14;28;100;23;10;30;17
402.0;20;29;15;28;103;23;11;26;15
408.0;16;30;13;28;104;25;11;28;15
414.0;15;28;11;27;105;28;14;28;14
420.0;12;26;10;27;107;29;14;29;16
426.0;12;25;11;28;106;29;13;30;16
432.0;13;25;10;27;108;28;13;31;15
438.0;13;26;12;28;109;28;12;28;14
444.0;10;27;14;27;108;28;11;28;17
450.0;10;27;16;25;109;28;9;29;17
456.0;10;29;17;22;108;26;10;28;20
462.0;12;28;17;21;107;29;11;28;17
468.0;12;25;16;22;107;30;10;31;17
474.0;14;24;16;20;109;29;10;32;16
480.0;16;23;16;21;111;26;9;32;16
486.0;16;21;17;25;112;26;9;28;16
492.0;15;19;18;27;115;24;10;28;14
498.0;17;18;16;28;115;25;10;27;14
504.0;15;18;17;28;115;25;10;28;14
510.0;15;18;17;28;114;28;9;26;15
516.0;12;19;17;28;115;27;9;27;16
522.0;11;20;16;30;113;26;13;25;16
528.0;13;19;16;31;113;25;12;25;16
534.0;10;19;16;29;116;27;11;26;16
540.0;10;14;19;28;118;29;12;27;13
546.0;9;14;19;27;119;31;12;28;11
552.0;10;15;19;26;117;31;13;27;12
558.0;10;16;22;26;113;30;12;27;14
564.0;12;15;20;27;113;30;13;26;14
570.0;9;15;21;28;111;31;16;25;14
576.0;9;15;19;30;113;30;16;26;12
582.0;12;16;20;29;110;30;17;25;11
588.0;12;16;21;27;110;30;16;25;13
594.0;11;17;22;27;108;30;16;26;13
600.0;10;17;25;26;109;28;15;29;11
606.0;10;14;23;26;110;31;16;30;10
612.0;10;13;23;27;110;31;17;31;8
618.0;11;15;22;26;108;31;17;31;9
624.0;10;16;21;28;108;29;20;33;5
630.0;12;19;20;31;106;30;15;30;7
636.0;12;20;23;29;109;29;14;30;4
642.0;14;22;22;28;110;28;13;28;5
648.0;11;21;23;29;112;28;13;28;5
654.0;9;21;24;30;111;29;14;26;6
660.0;8;21;24;30;112;30;14;26;5
666.0;10;21;23;28;112;31;14;27;4
672.0;10;20;23;27;111;32;15;25;7
678.0;12;19;23;26;113;33;12;24;8
684.0;10;19;20;25;119;32;14;23;8
690.0;11;18;18;25;119;31;15;27;6
696.0;11;18;16;26;121;31;13;26;8
702.0;10;16;14;28;124;28;16;26;8
708.0;11;19;11;27;122;29;16;24;11
714.0;13;19;11;25;122;28;16;25;11
720.0;14;18;10;24;123;30;16;24;11
726.0;16;16;8;25;122;32;14;25;12
732.0;13;17;8;25;122;34;15;24;12
738.0;15;17;8;25;125;31;15;22;12
744.0;13;17;7;27;124;30;16;23;13
750.0;10;18;8;28;123;31;15;24;13
756.0;12;17;7;28;122;31;15;23;15
762.0;11;13;10;32;121;31;14;23;15
768.0;10;15;11;31;120;30;14;23;16
774.0;12;13;11;29;121;31;14;22;17
780.0;14;16;9;26;121;32;12;23;17
786.0;13;15;8;26;121;32;12;26;17
792.0;15;14;12;24;122;30;9;26;18
798.0;13;15;14;25;120;30;10;27;16
804.0;14;16;15;23;123;27;9;28;15
810.0;14;18;15;22;123;28;7;29;14
816.0;12;17;17;22;123;28;7;30;14
822.0;12;16;15;22;124;28;9;33;11
828.0;11;15;15;23;126;25;10;34;11
834.0;10;15;13;26;127;22;10;35;12
840.0;9;15;14;25;126;24;11;34;12
846.0;7;16;12;26;128;23;11;35;12
852.0;7;14;12;25;129;25;12;36;10
858.0;8;15;9;27;127;25;11;36;12
864.0;10;15;9;28;126;23;12;36;11
870.0;13;15;11;28;123;21;12;34;13
876.0;14;15;11;27;125;20;11;34;13
882.0;16;16;8;28;125;21;12;33;11
888.0;20;14;6;32;123;18;12;34;11
894.0;21;13;7;33;123;18;11;33;11
900.0;16;13;7;35;123;19;10;32;15
906.0;13;17;9;35;122;20;9;30;15
912.0;14;17;9;36;123;19;8;30;14
918.0;15;16;9;35;125;20;6;30;14
924.0;14;16;11;37;125;19;5;30;13
930.0;13;19;12;37;124;18;5;31;11
936.0;13;19;13;36;125;17;4;33;10
942.0;13;21;9;33;128;18;4;34;10
948.0;12;23;10;32;129;17;4;33;10
954.0;10;26;10;31;129;16;4;34;10
960.0;11;27;11;31;127;15;5;31;12
966.0;14;27;10;27;127;16;6;30;13
972.0;16;29;9;25;127;18;7;28;11
978.0;17;25;10;27;127;21;7;27;9
984.0;17;24;10;26;128;23;8;26;8
990.0;17;25;10;26;128;23;7;27;7
996.0;19;22;12;23;133;23;6;26;6
1002.0;19;21;11;20;135;22;6;28;8
1008.0;16;23;9;23;135;22;6;27;9
1014.0;18;22;8;25;135;22;5;27;8
1020.0;19;21;10;22;135;21;5;26;11
1026.0;20;20;9;22;135;22;5;27;10
1032.0;18;20;10;22;133;22;7;27;11
1038.0;18;23;10;21;131;22;8;27;10
1044.0;18;25;10;21;130;21;8;27;10
1050.0;16;26;10;21;130;21;9;27;10
1056.0;15;24;9;23;130;21;10;27;11
1062.0;14;24;8;25;130;22;10;25;12
1068.0;15;26;10;26;129;21;8;24;11
1074.0;14;28;7;27;127;21;9;25;12
1080.0;14;28;7;28;125;22;10;24;12
1086.0;14;26;8;28;123;23;12;25;11
1092.0;14;26;10;26;123;23;10;25;13
1098.0;14;26;9;25;123;24;9;26;14
1104.0;11;29;8;25;126;23;9;25;14
1110.0;13;28;9;24;125;22;9;25;15
1116.0;15;29;8;27;124;24;9;21;13
1122.0;14;32;7;26;122;26;10;21;12
1128.0;11;28;8;26;123;26;12;22;14
1134.0;11;28;10;27;121;26;12;21;14
1140.0;10;25;14;26;124;26;11;21;13
1146.0;10;25;14;25;124;25;11;23;13
1152.0;11;22;15;24;125;24;11;23;15
1158.0;10;23;17;27;121;25;13;21;13
1164.0;9;22;20;29;122;23;14;22;9
1170.0;7;26;18;29;125;22;14;21;8
1176.0;10;25;18;29;126;21;11;24;6
1182.0;11;24;18;29;124;19;14;22;9
1188.0;9;25;17;30;123;19;14;24;9
1194.0;8;25;18;30;123;20;14;20;12
1200.0;9;23;18;31;124;19;15;20;11
1206.0;9;23;11;32;127;19;14;24;11
1212.0;10;21;10;31;126;18;15;25;14
1218.0;9;22;14;30;126;17;12;25;15
1224.0;8;25;13;30;123;17;11;26;17
1230.0;9;25;13;28;123;17;11;27;17
1236.0;9;26;10;28;122;18;13;26;18
1242.0;10;29;8;25;123;22;11;23;19
1248.0;9;29;9;26;125;22;12;22;16
1254.0;11;28;13;25;126;20;7;23;17
1260.0;11;29;11;25;125;22;10;25;12
1266.0;12;30;11;25;123;24;9;25;11
1272.0;10;29;13;27;123;24;9;24;11
1278.0;10;28;15;25;124;23;8;26;11
1284.0;10;25;16;26;124;24;8;23;14
1290.0;10;23;12;27;125;22;11;24;16
1296.0;10;21;10;30;127;23;10;25;14
1302.0;12;23;11;28;128;22;9;24;13
1308.0;12;22;12;28;130;21;10;23;12
1314.0;14;23;10;28;127;20;12;25;11
1320.0;14;26;10;27;126;20;12;22;13
1326.0;12;27;10;28;125;20;10;22;16
1332.0;12;25;9;25;126;20;11;25;17
1338.0;13;24;10;22;127;20;12;24;18
1344.0;12;24;11;23;125;19;12;25;19
1350.0;14;23;11;23;123;19;13;25;19
1356.0;14;24;12;24;124;18;16;25;13
1362.0;16;26;10;22;123;19;17;24;13
1368.0;17;25;11;22;121;19;19;25;11
1374.0;16;27;10;21;121;21;18;25;11
1380.0;17;27;11;21;120;22;16;23;13
1386.0;15;29;10;20;119;25;14;26;12
1392.0;13;27;13;20;121;23;14;27;12
1398.0;14;28;14;20;117;24;16;27;10
1404.0;12;27;15;19;118;22;19;27;11
1410.0;11;26;15;17;118;22;18;30;13
1416.0;12;30;13;19;118;19;17;29;13
1422.0;11;31;13;19;118;19;15;30;14
1428.0;9;27;13;20;116;21;17;32;15
1434.0;9;27;13;20;118;23;14;30;16
1440.0;11;26;12;22;116;21;17;30;15
1446.0;11;25;9;21;118;22;19;32;13
1452.0;12;25;8;21;117;21;19;34;13
1458.0;12;26;6;23;116;21;17;34;15
1464.0;12;28;8;22;117;21;15;34;13
1470.0;12;28;10;21;115;22;15;33;14
1476.0;12;30;9;20;116;24;15;31;13
1482.0;13;32;7;19;118;26;14;30;11
1488.0;13;30;7;19;117;27;15;30;12
1494.0;13;28;9;18;118;28;13;29;14
1500.0;12;30;10;19;117;25;15;30;12
1506.0;14;28;10;17;117;25;16;29;14
1512.0;13;31;9;19;116;23;17;28;14
1518.0;14;31;9;20;116;22;17;27;14
1524.0;15;30;8;22;114;23;15;28;15
1530.0;17;27;9;21;115;24;14;27;16
1536.0;19;29;10;21;115;23;12;27;14
1542.0;20;28;11;20;115;22;15;24;15
1548.0;18;32;12;20;114;23;12;24;15
1554.0;18;31;10;22;114;23;10;27;15
1560.0;16;30;12;24;115;25;10;25;13
1566.0;14;33;10;22;114;28;10;28;11
1572.0;13;31;11;22;116;27;10;29;11
1578.0;13;30;14;19;116;26;10;29;13
1584.0;11;28;14;19;116;27;12;32;11
1590.0;10;28;13;19;117;26;15;32;10
1596.0;10;29;13;17;118;28;13;34;8
1602.0;9;27;13;17;117;28;14;34;11
1608.0;10;27;12;18;116;28;13;32;14
1614.0;11;27;14;20;116;28;13;30;11
1620.0;10;28;13;20;117;26;13;29;14
1626.0;12;28;14;19;118;23;12;30;14
1632.0;12;29;12;19;118;23;11;30;16
1638.0;11;32;16;18;117;22;10;28;16
1644.0;9;33;15;18;119;21;10;28;17
1650.0;10;33;19;21;115;20;5;29;18
1656.0;10;33;19;21;115;18;5;29;20
1662.0;8;33;19;20;116;21;6;30;17
1668.0;11;34;18;19;116;20;7;27;18
1674.0;12;32;18;19;115;20;8;28;18
1680.0;13;33;18;19;115;19;8;28;17
1686.0;12;33;17;20;115;19;10;28;16
1692.0;11;34;17;18;113;20;11;32;14
1698.0;13;36;18;17;111;21;10;32;12
1704.0;11;38;18;19;112;19;10;30;13
1710.0;12;35;19;21;112;18;8;31;14
1716.0;12;33;17;25;113;20;10;29;11
1722.0;14;34;15;26;113;20;9;29;10
1728.0;12;33;14;27;116;19;10;30;9
1734.0;13;35;13;27;116;21;10;27;8
1740.0;13;35;12;26;117;23;8;28;8
1746.0;13;35;13;24;118;20;10;30;7
1752.0;15;38;10;26;118;20;8;30;5
1758.0;12;39;11;26;120;19;9;29;5
1764.0;10;37;11;28;120;18;10;31;5
1770.0;12;37;11;26;119;19;9;29;8
1776.0;14;36;10;26;119;19;7;30;9
1782.0;11;37;7;26;119;20;8;31;11
1788.0;10;35;6;26;121;20;11;29;12
1794.0;10;35;6;26;120;21;10;30;12
