#auto generated file!
12.0;46;57;46;64;57;54;57;66;43
18.0;45;59;43;66;63;55;50;68;41
24.0;46;59;43;66;67;57;48;67;37
30.0;49;57;43;64;68;58;44;69;38
36.0;45;60;41;66;72;57;40;68;41
42.0;40;57;36;68;79;57;39;70;44
48.0;38;59;35;71;80;54;42;68;43
54.0;34;62;36;74;82;52;42;68;40
60.0;37;60;36;72;86;52;40;70;37
66.0;41;57;37;71;88;53;37;70;36
72.0;40;57;36;72;90;51;37;72;35
78.0;40;56;33;69;95;54;34;77;32
84.0;40;55;31;68;95;52;36;79;34
90.0;39;58;31;69;96;54;38;73;32
96.0;40;56;31;67;100;54;36;73;33
102.0;40;54;32;70;101;56;38;69;30
108.0;38;55;31;74;103;59;37;63;30
114.0;36;55;33;76;102;58;40;61;29
120.0;36;60;29;78;103;58;38;60;28
126.0;39;59;25;80;103;55;43;60;26
132.0;41;60;33;74;102;55;39;62;24
138.0;41;58;34;76;102;52;40;61;26
144.0;44;59;31;73;104;52;40;64;23
150.0;42;58;31;69;107;54;43;64;22
156.0;40;56;37;67;109;49;46;62;24
162.0;38;54;37;68;110;49;46;60;28
168.0;37;59;35;69;114;51;43;55;27
174.0;36;59;30;69;117;50;38;60;31
180.0;35;60;29;67;120;53;34;59;33
186.0;29;57;30;68;122;57;35;60;32
192.0;28;59;30;68;125;55;33;59;33
198.0;25;56;33;70;129;57;33;55;32
204.0;20;63;26;72;130;59;31;53;36
210.0;20;60;25;72;133;59;31;55;35
216.0;19;62;27;70;133;59;28;58;34
222.0;21;64;24;69;134;63;31;55;29
228.0;25;63;21;71;137;64;31;52;26
234.0;27;64;25;68;136;62;30;50;28
240.0;28;64;24;70;137;59;29;54;25
246.0;30;60;22;72;141;60;27;56;22
252.0;31;60;21;72;143;56;27;57;23
258.0;27;63;23;70;143;56;28;59;21
264.0;26;61;25;70;144;58;27;56;23
270.0;24;63;25;66;144;59;30;59;20
276.0;22;65;25;63;147;57;32;57;22
282.0;22;63;25;66;153;57;31;54;19
288.0;27;60;23;62;156;56;26;57;23
294.0;28;60;23;58;158;59;27;55;22
300.0;29;57;26;56;156;59;28;54;25
306.0;24;61;24;56;159;59;27;54;26
312.0;23;64;22;62;158;61;27;50;23
318.0;22;61;24;59;155;61;33;50;25
324.0;19;64;22;61;154;60;38;47;25
330.0;24;62;23;59;157;59;35;49;22
336.0;25;62;26;56;156;56;36;48;25
342.0;25;60;23;55;161;57;33;52;24
348.0;23;61;23;56;164;57;30;53;23
354.0;24;63;24;57;164;54;29;53;22
360.0;26;61;24;60;165;50;28;51;25
366.0;25;61;25;61;167;52;25;50;24
372.0;21;61;26;55;167;55;22;58;25
378.0;22;56;25;51;168;61;24;59;24
384.0;21;55;25;50;173;60;23;57;26
390.0;21;56;24;54;174;55;25;53;28
396.0;23;53;23;56;174;59;20;53;29
402.0;23;57;25;54;173;57;18;55;28
408.0;23;54;25;55;173;58;19;55;28
414.0;21;53;28;52;179;57;20;52;28
420.0;22;49;30;55;179;55;20;48;32
426.0;24;48;30;57;180;55;19;47;30
432.0;25;49;29;54;183;54;20;46;30
438.0;24;51;28;54;182;56;19;46;30
444.0;27;48;30;55;181;54;18;47;30
450.0;24;49;31;58;182;52;19;46;29
456.0;27;47;32;60;181;53;19;45;26
462.0;30;48;34;58;180;53;19;41;27
468.0;29;49;31;59;181;53;19;41;28
474.0;27;49;32;57;181;55;19;43;27
480.0;26;49;32;53;182;55;21;45;27
486.0;26;49;31;52;183;55;20;46;28
492.0;27;46;33;49;182;55;19;52;27
498.0;33;44;31;50;183;54;20;50;25
504.0;31;42;27;50;185;55;23;49;28
510.0;30;44;28;48;188;54;20;51;27
516.0;32;41;28;49;189;54;17;52;28
522.0;27;39;26;52;194;55;19;49;29
528.0;27;38;25;51;194;54;19;50;32
534.0;29;36;24;53;193;53;22;50;30
540.0;28;36;22;56;192;53;22;51;30
546.0;28;33;22;58;190;55;22;51;31
552.0;27;33;22;57;192;53;27;49;30
558.0;28;34;25;57;192;52;26;48;28
564.0;25;37;25;56;190;54;27;47;29
570.0;24;37;23;54;194;48;27;52;31
576.0;26;35;23;46;195;48;27;53;37
582.0;27;36;21;47;189;52;27;53;38
588.0;26;35;21;44;190;51;27;58;38
594.0;24;35;20;43;189;49;31;59;40
600.0;23;38;21;46;192;47;28;59;36
606.0;23;42;20;42;193;40;31;62;37
612.0;19;46;20;38;200;36;34;62;35
618.0;18;43;24;41;200;37;30;63;34
624.0;19;46;24;43;195;38;25;67;33
630.0;19;44;24;46;194;40;24;69;30
636.0;19;43;27;47;195;42;22;69;26
642.0;16;41;24;50;195;43;21;72;28
648.0;18;39;28;50;194;43;18;72;28
654.0;15;41;24;54;197;44;18;70;27
660.0;16;41;22;55;197;45;18;68;28
666.0;15;43;24;54;194;44;20;66;30
672.0;20;43;24;52;195;46;22;60;28
678.0;19;43;23;57;195;45;24;57;27
684.0;18;45;28;58;192;44;21;58;26
690.0;20;47;28;57;192;42;22;57;25
696.0;17;48;29;56;193;41;21;60;25
702.0;19;48;27;53;195;39;22;61;26
708.0;20;53;26;49;197;40;20;58;27
714.0;19;55;23;49;198;39;21;54;32
720.0;19;55;20;50;201;41;19;56;29
726.0;22;54;18;49;200;45;21;55;26
732.0;20;52;18;47;200;46;24;55;28
738.0;22;53;18;48;198;46;24;52;29
744.0;22;51;22;50;200;41;26;48;30
750.0;21;53;20;51;199;45;24;46;31
756.0;21;51;20;57;202;43;23;44;29
762.0;19;49;21;59;203;44;23;45;27
768.0;19;47;25;56;202;45;24;45;27
774.0;19;45;24;57;204;43;22;48;28
780.0;20;43;23;56;207;42;21;49;29
786.0;19;43;25;53;207;44;21;47;31
792.0;18;46;25;52;209;44;21;44;31
798.0;21;47;25;52;206;43;21;44;31
804.0;20;48;27;54;206;42;21;42;30
810.0;19;49;25;52;210;42;21;42;30
816.0;15;51;26;52;209;41;24;42;30
822.0;13;50;24;49;212;41;25;46;30
828.0;13;49;24;47;214;38;25;49;31
834.0;14;49;24;50;216;37;24;48;28
840.0;17;48;27;52;215;35;22;50;24
846.0;18;48;28;49;216;36;22;50;23
852.0;18;48;24;46;218;35;23;51;27
858.0;18;45;28;47;219;36;23;50;24
864.0;18;47;29;48;217;36;23;52;20
870.0;19;45;28;48;217;39;23;52;19
876.0;22;43;31;45;217;41;23;50;18
882.0;24;40;30;46;218;40;21;52;19
888.0;23;40;30;43;220;39;23;54;18
894.0;24;39;32;43;219;40;23;52;18
900.0;24;41;29;44;217;41;25;50;19
906.0;26;44;30;42;215;41;23;49;20
912.0;24;41;30;43;214;44;24;49;21
918.0;27;39;28;48;211;46;20;50;21
924.0;28;37;26;49;213;46;19;50;22
930.0;27;37;28;47;214;47;18;50;22
936.0;27;37;26;47;219;47;17;53;17
942.0;27;37;23;47;221;49;15;53;18
948.0;26;36;24;47;221;46;16;56;18
954.0;23;36;23;48;224;47;17;57;15
960.0;26;36;22;47;224;46;14;58;17
966.0;25;36;21;45;225;46;14;60;18
972.0;28;36;20;44;222;46;19;55;20
978.0;26;35;19;44;224;45;21;52;24
984.0;23;34;17;46;228;44;20;53;25
990.0;24;35;17;47;228;45;17;51;26
996.0;22;37;19;46;227;47;17;53;22
1002.0;21;35;19;49;228;46;18;53;21
1008.0;16;36;18;50;229;46;18;54;23
1014.0;16;37;18;49;230;47;16;54;23
1020.0;18;38;17;48;229;48;18;49;25
1026.0;18;43;17;48;225;49;19;49;22
1032.0;20;39;21;49;228;49;19;46;19
1038.0;19;41;23;46;227;48;20;45;21
1044.0;18;39;20;50;230;47;18;47;21
1050.0;20;39;22;45;232;46;17;49;20
1056.0;18;37;25;44;231;49;18;48;20
1062.0;19;38;21;45;234;49;18;46;20
1068.0;17;35;21;47;235;51;16;48;20
1074.0;17;37;24;43;234;51;17;46;21
1080.0;19;39;23;41;235;47;17;46;23
1086.0;19;41;21;41;236;45;17;47;23
1092.0;21;40;20;40;239;39;22;45;24
1098.0;22;41;23;36;241;38;22;43;24
1104.0;22;44;19;39;241;40;21;42;22
1110.0;22;46;17;38;240;42;20;42;23
1116.0;21;46;16;37;243;40;21;42;24
1122.0;21;45;15;40;247;41;21;41;19
1128.0;21;45;18;39;246;41;20;41;19
1134.0;17;43;17;37;248;41;19;44;24
1140.0;17;41;20;39;251;41;17;42;22
1146.0;20;41;21;38;249;40;18;41;22
1152.0;18;39;20;40;249;38;19;42;25
1158.0;20;47;18;37;243;41;20;39;25
1164.0;21;48;18;37;243;41;20;38;24
1170.0;19;46;17;39;243;43;22;38;23
1176.0;18;47;15;41;245;42;22;38;22
1182.0;20;50;14;40;237;42;21;41;25
1188.0;21;52;15;38;235;43;22;38;26
1194.0;22;48;17;38;235;42;24;37;27
1200.0;22;50;17;33;238;40;25;39;26
1206.0;22;48;20;34;240;39;22;38;27
1212.0;18;47;19;38;241;39;21;39;28
1218.0;18;47;21;35;241;40;20;38;30
1224.0;20;42;21;37;239;43;21;38;29
1230.0;24;41;20;37;240;43;20;37;28
1236.0;24;40;19;38;237;42;22;39;29
1242.0;26;40;17;39;237;44;25;36;26
1248.0;26;40;17;40;234;45;27;39;22
1254.0;29;41;18;39;237;44;23;39;20
1260.0;28;42;15;42;242;45;18;39;19
1266.0;27;42;16;43;243;45;16;39;19
1272.0;26;41;14;40;244;44;18;38;25
1278.0;28;40;15;42;245;43;15;38;24
1284.0;29;46;15;41;245;42;17;34;21
1290.0;31;48;16;39;249;41;13;35;18
1296.0;27;45;15;40;247;44;13;35;24
1302.0;25;47;16;39;245;43;13;38;24
1308.0;25;45;18;38;245;44;13;38;24
1314.0;24;41;22;35;243;47;14;40;24
1320.0;24;38;21;35;243;49;16;40;24
1326.0;25;38;20;35;246;46;15;40;25
1332.0;27;39;20;33;246;44;16;39;26
1338.0;26;41;20;31;250;43;14;38;27
1344.0;25;42;21;33;251;41;13;37;27
1350.0;27;42;20;33;247;43;14;38;26
1356.0;25;41;24;32;247;45;14;36;26
1362.0;25;41;26;31;247;47;15;35;23
1368.0;24;43;24;33;245;45;17;35;24
1374.0;28;40;25;30;245;47;16;36;23
1380.0;26;39;25;35;240;46;19;36;24
1386.0;25;41;25;33;238;48;19;36;25
1392.0;29;44;23;33;235;50;17;36;23
1398.0;29;40;22;33;234;49;21;38;24
1404.0;26;43;25;32;237;52;16;36;23
1410.0;25;43;24;33;238;49;17;38;23
1416.0;24;44;23;30;239;49;18;38;25
1422.0;21;46;24;29;240;50;15;40;25
1428.0;22;46;23;30;239;51;18;38;23
1434.0;22;45;22;30;236;51;21;41;22
1440.0;21;46;22;30;237;49;21;42;22
1446.0;22;45;26;29;232;45;25;42;24
1452.0;24;44;26;29;231;46;26;42;22
1458.0;23;48;23;32;227;48;26;39;24
1464.0;23;44;25;30;226;49;27;42;24
1470.0;21;45;27;30;222;44;30;47;24
1476.0;24;45;24;34;217;42;31;50;23
1482.0;24;46;29;33;217;44;29;47;21
1488.0;21;48;27;38;218;45;25;48;20
1494.0;22;44;29;39;216;45;23;50;22
1500.0;20;45;28;42;213;45;22;52;23
1506.0;19;46;29;44;214;44;22;48;24
1512.0;18;44;29;46;214;46;23;46;24
1518.0;17;44;30;47;212;45;25;45;25
1524.0;17;43;31;49;210;44;26;47;23
1530.0;21;42;28;48;212;46;23;45;25
1536.0;18;48;27;49;214;44;22;45;23
1542.0;19;48;26;47;213;43;23;46;25
1548.0;15;48;25;47;214;42;24;47;28
1554.0;17;46;21;50;218;41;26;42;29
1560.0;19;43;22;47;218;39;26;47;29
1566.0;18;42;23;46;216;40;28;50;27
1572.0;20;43;24;45;218;36;29;50;25
1578.0;18;45;27;44;218;38;25;52;23
1584.0;17;46;25;45;218;40;26;50;23
1590.0;16;45;27;42;220;42;26;50;22
1596.0;18;48;24;44;217;47;22;48;22
1602.0;16;51;24;45;218;47;21;46;22
1608.0;18;47;25;45;217;50;18;48;22
1614.0;17;49;25;40;220;53;18;50;18
1620.0;14;50;24;39;220;53;20;48;22
1626.0;13;51;24;41;223;51;19;46;22
1632.0;13;49;27;45;222;47;18;46;23
1638.0;11;50;27;44;220;48;21;47;22
1644.0;13;51;28;46;219;48;19;44;22
1650.0;14;49;27;46;217;47;22;46;22
1656.0;16;50;27;45;216;44;21;46;25
1662.0;16;52;27;44;212;48;20;46;25
1668.0;17;51;23;46;210;51;18;49;25
1674.0;16;50;20;46;212;54;19;46;27
1680.0;18;50;19;47;210;54;18;47;27
1686.0;17;47;22;46;213;55;19;45;26
1692.0;18;47;22;43;212;56;22;44;26
1698.0;20;47;24;40;214;56;21;42;26
1704.0;20;42;24;40;214;57;23;44;26
1710.0;21;40;23;41;213;60;24;43;25
1716.0;24;41;24;38;213;61;22;43;24
1722.0;24;47;21;40;210;57;23;46;22
1728.0;23;48;18;39;210;58;25;44;25
1734.0;27;48;17;37;209;60;26;40;26
1740.0;24;49;16;38;211;59;29;40;24
1746.0;22;54;15;38;214;56;29;41;21
1752.0;20;52;17;38;213;56;27;44;23
1758.0;18;52;19;38;210;56;27;45;25
1764.0;17;57;21;39;210;52;28;44;22
1770.0;14;51;20;42;209;58;27;49;20
1776.0;17;52;19;42;210;54;26;51;19
1782.0;20;53;20;42;206;55;27;49;18
1788.0;20;53;18;41;205;56;24;55;18
1794.0;19;58;20;43;203;55;22;52;18
