#auto generated file!
12.0;45;55;57;52;47;50;36;45;63
18.0;44;55;55;49;51;52;33;45;66
24.0;43;56;56;49;56;53;30;43;64
30.0;40;55;56;53;58;51;25;46;66
36.0;39;57;56;52;62;51;25;46;62
42.0;38;56;60;55;66;53;25;43;54
48.0;35;55;58;57;69;59;28;43;46
54.0;33;58;51;59;73;58;31;44;43
60.0;34;58;55;57;75;58;31;43;39
66.0;30;58;52;55;76;57;33;50;39
72.0;28;61;48;56;79;57;32;54;35
78.0;30;62;44;60;79;59;33;51;32
84.0;31;60;44;63;83;56;34;49;30
90.0;31;62;44;60;84;56;31;49;33
96.0;28;61;43;60;86;51;36;52;33
102.0;23;61;46;58;88;52;35;53;34
108.0;22;61;46;56;89;54;33;56;33
114.0;23;65;42;59;88;52;32;55;34
120.0;25;61;38;60;90;50;32;58;36
126.0;26;57;39;61;93;47;29;63;35
132.0;26;56;38;59;94;51;31;60;35
138.0;25;60;36;56;97;49;32;61;34
144.0;29;60;36;56;99;49;35;58;28
150.0;27;61;32;58;100;51;36;61;24
156.0;28;59;34;56;103;54;36;54;26
162.0;28;60;34;53;107;52;35;54;27
168.0;32;59;31;53;109;52;33;53;28
174.0;32;57;30;50;112;55;33;52;29
180.0;32;57;29;53;114;57;31;53;24
186.0;30;60;30;52;115;58;31;50;24
192.0;31;58;31;53;117;59;27;49;25
198.0;34;57;32;51;118;58;29;51;20
204.0;31;61;29;53;118;63;24;50;21
210.0;33;62;30;53;119;59;23;48;23
216.0;35;61;32;52;121;58;23;46;22
222.0;37;62;32;53;123;54;23;42;24
228.0;36;60;33;54;122;54;24;45;22
234.0;34;59;32;54;124;53;23;47;24
240.0;33;56;26;55;126;60;24;47;23
246.0;36;55;26;55;126;59;26;44;23
252.0;37;57;26;53;126;57;26;43;25
258.0;37;59;24;52;131;55;28;40;24
264.0;37;61;21;48;132;55;30;43;23
270.0;36;64;22;47;130;53;37;41;20
276.0;35;65;22;46;131;53;38;38;22
282.0;32;66;22;48;134;51;39;36;22
288.0;32;72;21;49;134;52;36;34;20
294.0;30;70;24;51;135;55;36;32;17
300.0;32;65;25;50;136;52;36;34;20
306.0;36;67;24;47;136;52;37;32;19
312.0;34;65;24;47;138;53;38;31;20
318.0;37;67;25;46;137;55;37;29;17
324.0;36;63;22;50;138;53;36;32;20
330.0;37;64;22;48;139;51;32;35;22
336.0;34;63;23;46;142;53;33;33;23
342.0;32;63;22;45;146;53;31;34;24
348.0;34;65;22;41;149;53;32;35;19
354.0;31;64;26;40;147;54;33;32;23
360.0;36;61;30;41;148;48;31;31;24
366.0;32;63;31;43;149;49;26;29;28
372.0;28;64;29;43;151;49;26;31;29
378.0;26;65;29;44;153;46;24;33;30
384.0;25;64;32;41;155;47;25;33;28
390.0;25;66;30;42;156;50;28;32;21
396.0;23;65;31;44;157;49;29;32;20
402.0;24;60;28;45;158;49;29;34;23
408.0;28;61;26;42;159;50;26;34;24
414.0;28;59;25;41;162;47;27;36;25
420.0;29;57;25;44;161;46;28;36;24
426.0;27;59;25;46;158;48;26;36;25
432.0;29;58;26;44;158;48;27;34;26
438.0;27;60;28;42;161;44;26;36;26
444.0;24;57;27;40;166;45;29;36;26
450.0;25;56;28;40;166;46;31;35;23
456.0;21;51;28;42;171;45;35;35;22
462.0;18;47;33;43;175;40;34;39;21
468.0;19;48;32;45;176;42;29;37;22
474.0;16;45;33;45;177;42;31;37;24
480.0;16;44;34;48;177;39;32;36;24
486.0;17;46;36;48;175;39;30;37;22
492.0;17;43;36;49;178;38;30;36;23
498.0;16;42;33;49;177;42;31;35;25
504.0;15;43;35;48;179;42;28;37;23
510.0;19;39;32;51;180;43;23;42;21
516.0;19;40;35;47;177;45;24;43;20
522.0;20;39;32;48;178;44;24;44;21
528.0;18;38;36;48;177;41;27;44;21
534.0;21;35;35;50;177;42;25;44;21
540.0;24;35;36;49;177;40;23;44;22
546.0;24;33;35;49;177;40;23;45;24
552.0;25;34;32;47;178;40;24;44;26
558.0;24;37;33;47;178;41;21;42;27
564.0;22;38;33;44;183;38;20;41;31
570.0;23;35;30;45;183;41;22;40;31
576.0;23;37;24;44;185;38;24;43;32
582.0;22;39;24;46;184;37;22;42;34
588.0;20;40;26;43;181;37;27;42;34
594.0;18;38;25;43;182;40;29;40;35
600.0;18;37;23;43;186;40;34;34;35
606.0;22;39;23;39;187;39;35;33;33
612.0;21;39;21;46;188;38;34;34;29
618.0;22;35;23;47;190;37;31;36;29
624.0;23;37;22;45;192;40;30;35;26
630.0;21;40;22;44;194;41;27;38;23
636.0;19;35;22;46;194;41;29;41;23
642.0;20;38;23;46;193;43;30;38;19
648.0;20;37;24;44;191;45;28;40;21
654.0;22;34;26;43;187;44;28;43;23
660.0;21;34;26;43;185;45;31;43;22
666.0;21;32;27;44;186;41;29;50;20
672.0;21;34;26;45;184;40;27;53;20
678.0;18;32;28;44;187;41;28;50;22
684.0;20;33;24;39;189;43;28;51;23
690.0;21;34;19;40;188;45;28;51;24
696.0;22;36;16;41;188;44;27;50;26
702.0;25;31;16;37;190;45;26;52;28
708.0;23;32;14;39;192;43;24;53;30
714.0;21;35;15;36;192;45;22;53;31
720.0;19;35;17;38;191;46;22;53;29
726.0;19;33;19;40;191;46;23;53;26
732.0;18;31;21;42;194;45;24;52;23
738.0;16;29;23;41;194;44;24;55;24
744.0;19;29;26;40;189;47;23;49;28
750.0;17;33;28;36;192;48;24;46;26
756.0;15;34;29;37;191;48;21;47;28
762.0;20;33;28;39;195;48;18;46;23
768.0;22;30;29;46;193;45;18;46;21
774.0;25;30;26;46;193;45;18;46;21
780.0;26;33;24;46;192;44;21;44;20
786.0;30;34;24;47;194;44;20;41;16
792.0;25;35;23;45;197;47;22;38;18
798.0;25;36;23;46;197;45;24;36;18
804.0;26;41;22;45;198;45;22;35;16
810.0;23;41;21;46;198;46;23;38;14
816.0;25;42;22;43;202;45;22;36;13
822.0;27;41;22;41;200;40;28;38;13
828.0;27;39;23;39;200;39;28;41;14
834.0;28;41;20;44;198;39;27;41;12
840.0;23;38;19;46;197;41;28;44;14
846.0;20;36;17;46;196;41;33;45;16
852.0;20;39;17;47;193;41;35;45;13
858.0;19;37;17;47;192;40;36;46;16
864.0;19;38;18;45;194;38;34;44;20
870.0;19;39;17;46;191;40;36;43;19
876.0;19;36;18;48;191;42;32;43;21
882.0;18;35;17;50;195;39;31;45;20
888.0;19;37;19;48;195;40;28;45;19
894.0;18;36;20;49;197;37;27;46;20
900.0;20;37;21;49;195;38;24;48;18
906.0;20;40;18;51;194;40;23;47;17
912.0;21;41;18;51;195;37;22;48;17
918.0;20;40;20;49;196;36;20;48;21
924.0;19;43;20;48;196;39;18;45;22
930.0;18;44;19;48;196;39;21;41;24
936.0;17;42;19;47;195;39;25;42;24
942.0;19;43;18;45;195;41;24;40;25
948.0;19;41;18;44;197;41;24;42;24
954.0;15;41;21;44;199;42;23;39;26
960.0;15;39;20;41;202;45;24;40;24
966.0;17;38;21;43;202;46;22;39;22
972.0;15;41;22;44;202;45;21;39;21
978.0;15;39;23;46;201;46;21;41;18
984.0;14;38;23;48;197;45;20;44;21
990.0;20;35;26;48;197;44;17;43;20
996.0;19;36;26;49;198;43;13;43;23
1002.0;21;37;24;50;198;41;14;44;21
1008.0;21;34;26;49;202;38;12;46;22
1014.0;23;33;25;46;200;40;12;47;24
1020.0;24;32;26;49;200;39;13;49;18
1026.0;22;32;23;51;201;38;13;50;20
1032.0;19;32;23;51;203;40;12;49;21
1038.0;19;32;24;53;203;40;12;46;21
1044.0;24;33;20;52;203;40;14;44;20
1050.0;23;35;20;50;204;42;12;47;17
1056.0;24;38;21;47;202;42;12;48;16
1062.0;24;38;21;47;203;42;13;47;15
1068.0;21;39;20;48;204;42;15;45;16
1074.0;25;37;19;46;203;43;15;46;16
1080.0;26;40;16;46;203;42;16;44;17
1086.0;23;38;16;47;204;42;18;45;17
1092.0;23;38;13;47;202;42;21;47;17
1098.0;20;40;15;48;200;40;21;46;20
1104.0;19;42;13;49;199;39;20;49;20
1110.0;19;42;15;51;199;38;17;51;18
1116.0;20;42;17;51;198;39;19;49;15
1122.0;21;41;18;51;196;39;18;50;16
1128.0;20;37;20;54;195;40;17;53;14
1134.0;20;38;19;57;197;37;16;48;18
1140.0;19;37;20;55;199;36;16;48;20
1146.0;15;42;18;52;202;38;15;47;21
1152.0;14;42;15;51;206;37;17;47;21
1158.0;15;43;19;49;206;40;17;47;14
1164.0;11;46;22;47;208;40;16;47;13
1170.0;13;47;20;45;207;39;18;48;13
1176.0;17;46;18;43;210;36;17;48;15
1182.0;16;42;19;41;211;36;22;47;16
1188.0;17;42;17;40;213;37;20;47;17
1194.0;13;43;18;40;215;38;24;45;14
1200.0;14;42;15;40;215;40;24;44;16
1206.0;18;39;15;42;215;41;23;40;17
1212.0;22;44;15;43;209;42;22;36;17
1218.0;24;42;16;42;208;41;24;35;18
1224.0;22;39;18;43;210;41;23;33;21
1230.0;21;39;18;44;210;40;22;36;20
1236.0;20;38;21;45;210;39;20;35;22
1242.0;16;40;19;48;209;38;25;36;19
1248.0;17;41;20;48;209;36;20;37;22
1254.0;15;41;21;50;210;37;15;38;23
1260.0;17;40;19;49;210;37;16;38;24
1266.0;18;37;20;46;212;38;16;38;25
1272.0;17;39;18;46;214;36;16;40;24
1278.0;17;37;20;51;211;36;17;39;22
1284.0;19;38;20;49;213;36;18;37;20
1290.0;21;38;20;48;211;35;18;40;19
1296.0;21;41;15;46;213;34;19;42;19
1302.0;19;41;15;47;212;33;20;41;22
1308.0;16;42;20;47;212;30;20;41;22
1314.0;16;41;18;47;214;29;24;40;21
1320.0;17;40;18;49;215;30;23;37;21
1326.0;19;40;17;47;212;30;24;38;23
1332.0;18;40;20;48;215;28;23;37;21
1338.0;20;43;22;44;218;23;25;36;19
1344.0;23;42;18;43;220;23;22;40;19
1350.0;23;42;20;41;222;22;22;40;18
1356.0;21;43;22;40;223;23;19;41;18
1362.0;21;43;25;41;219;22;21;40;18
1368.0;20;41;26;41;220;22;22;41;17
1374.0;19;40;26;43;221;22;19;42;18
1380.0;19;38;29;44;220;21;18;43;18
1386.0;24;39;32;45;217;17;17;42;17
1392.0;25;40;31;44;220;16;16;40;18
1398.0;23;42;28;41;222;17;14;43;20
1404.0;23;41;27;43;223;16;12;47;18
1410.0;21;45;27;42;224;16;11;47;17
1416.0;22;42;25;41;225;17;16;43;19
1422.0;22;42;23;40;224;16;18;44;21
1428.0;23;39;25;44;224;18;15;42;20
1434.0;25;42;22;42;222;21;18;40;18
1440.0;25;42;22;43;219;21;18;43;17
1446.0;24;40;22;45;218;23;21;41;16
1452.0;24;36;22;46;221;24;20;42;15
1458.0;21;37;21;49;219;26;19;41;17
1464.0;20;37;20;50;221;28;18;38;18
1470.0;22;36;19;48;222;29;19;35;20
1476.0;22;36;18;45;224;31;20;34;20
1482.0;18;39;19;45;225;29;22;32;21
1488.0;18;37;20;44;225;30;22;31;23
1494.0;15;41;20;46;226;29;22;28;23
1500.0;21;39;23;46;225;27;19;28;22
1506.0;20;41;24;45;222;27;21;29;21
1512.0;19;38;27;43;224;28;22;28;21
1518.0;18;37;27;43;224;30;21;30;20
1524.0;19;39;30;41;220;31;22;28;20
1530.0;19;40;29;39;222;31;23;26;21
1536.0;18;39;26;41;219;36;25;26;20
1542.0;19;38;25;42;224;36;25;22;19
1548.0;17;37;25;41;224;39;21;27;19
1554.0;17;37;26;42;227;38;20;24;19
1560.0;15;39;25;45;225;37;21;25;18
1566.0;15;38;25;41;223;39;21;26;22
1572.0;16;40;24;39;220;38;21;29;23
1578.0;16;40;27;37;220;37;23;28;22
1584.0;17;40;27;36;219;37;24;28;22
1590.0;20;38;25;37;220;35;24;26;25
1596.0;19;38;24;39;220;34;26;26;24
1602.0;18;37;23;39;223;33;28;26;23
1608.0;15;39;24;40;221;36;27;29;19
1614.0;17;36;26;41;218;38;30;27;17
1620.0;15;39;26;41;216;38;30;27;18
1626.0;13;38;27;40;218;38;29;27;20
1632.0;14;38;28;41;216;38;26;28;21
1638.0;18;39;29;41;213;36;28;30;16
1644.0;20;40;26;40;213;38;25;33;15
1650.0;18;41;28;42;210;38;23;33;17
1656.0;16;41;28;41;210;37;24;35;18
1662.0;17;40;27;41;209;38;23;36;19
1668.0;19;39;25;41;209;38;23;35;21
1674.0;18;44;24;41;209;38;21;36;19
1680.0;17;43;21;39;209;40;22;37;22
1686.0;15;45;20;40;208;41;21;37;23
1692.0;13;49;21;40;209;39;20;37;22
1698.0;14;51;23;38;208;40;21;35;20
1704.0;13;54;22;36;207;42;20;34;22
1710.0;12;54;21;39;208;41;17;35;23
1716.0;14;53;20;39;210;41;18;33;22
1722.0;16;51;18;40;212;41;18;36;18
1728.0;16;50;18;41;211;42;14;36;22
1734.0;18;49;19;39;210;44;14;34;23
1740.0;19;52;17;38;210;43;12;35;24
1746.0;17;52;16;38;209;44;12;36;26
1752.0;14;52;17;37;209;43;14;38;26
1758.0;15;52;16;37;213;44;11;39;23
1764.0;14;53;15;37;213;43;10;43;22
1770.0;14;54;16;37;212;42;10;41;24
1776.0;16;53;16;39;211;41;13;38;23
1782.0;18;53;16;37;213;37;13;39;24
1788.0;20;53;18;39;211;36;11;38;24
1794.0;17;52;16;41;212;35;12;40;25
