#auto generated file!
12.0;31;30;21;23;47;35;27;30;36
18.0;29;31;21;27;47;36;25;31;33
24.0;27;32;24;27;48;35;23;32;32
30.0;26;33;22;28;48;38;20;30;35
36.0;23;33;21;27;50;37;24;34;31
42.0;22;36;18;27;50;37;26;34;30
48.0;21;35;19;28;52;39;23;36;27
54.0;22;32;17;29;51;42;21;37;29
60.0;21;29;16;29;54;43;21;36;31
66.0;20;30;17;32;54;43;20;35;29
72.0;17;30;20;32;55;42;20;37;27
78.0;17;28;21;34;58;40;22;36;24
84.0;16;28;21;33;58;40;23;35;26
90.0;14;32;18;33;61;42;22;33;25
96.0;15;32;17;33;62;39;23;33;26
102.0;17;30;18;35;62;39;21;33;25
108.0;16;31;16;40;62;37;21;33;24
114.0;16;30;15;41;62;37;22;34;23
120.0;17;30;16;42;63;37;22;32;21
126.0;17;30;16;41;63;37;20;34;22
132.0;19;31;17;41;63;37;19;33;20
138.0;19;32;17;43;63;36;21;30;19
144.0;19;31;15;43;62;38;23;30;19
150.0;19;30;19;43;65;38;20;30;16
156.0;20;31;20;43;63;37;17;33;16
162.0;24;28;21;44;64;37;15;31;16
168.0;25;28;23;43;63;37;17;30;14
174.0;24;30;24;41;64;38;16;31;12
180.0;26;29;20;41;66;41;15;28;14
186.0;27;30;21;40;66;41;14;26;15
192.0;29;33;22;38;68;39;13;24;14
198.0;27;33;20;36;68;41;15;25;15
204.0;28;34;21;36;69;38;14;24;16
210.0;25;33;20;38;72;38;13;21;20
216.0;22;31;21;38;77;39;10;23;19
222.0;20;34;20;36;77;37;13;24;19
228.0;20;35;19;36;77;37;12;25;19
234.0;19;33;19;41;77;36;11;26;18
240.0;17;34;19;40;79;34;14;26;17
246.0;17;34;19;38;81;35;14;27;15
252.0;17;35;19;38;82;35;14;25;15
258.0;18;35;18;37;83;35;14;25;15
264.0;20;35;18;35;86;34;12;25;15
270.0;22;34;19;34;86;34;10;25;16
276.0;24;34;18;31;87;35;10;24;17
282.0;23;35;19;29;89;35;10;24;16
288.0;23;30;17;34;89;35;12;25;15
294.0;22;28;14;35;91;38;13;23;16
300.0;19;29;13;35;93;40;11;24;16
306.0;16;25;17;35;93;45;9;24;16
312.0;16;22;18;35;95;46;8;25;15
318.0;16;21;15;35;96;45;11;26;15
324.0;20;21;11;35;96;43;13;27;14
330.0;20;22;9;34;99;43;12;28;13
336.0;19;20;15;37;96;41;12;27;13
342.0;18;22;14;39;96;40;13;24;14
348.0;18;22;13;37;97;40;15;26;12
354.0;15;23;14;35;97;40;15;28;13
360.0;12;24;17;34;98;42;14;28;11
366.0;14;25;19;34;95;40;15;29;9
372.0;16;21;21;34;94;39;13;32;10
378.0;17;21;22;35;94;37;12;33;9
384.0;17;21;21;36;96;35;10;34;10
390.0;17;19;18;38;99;31;12;34;12
396.0;18;21;16;38;100;27;10;37;13
402.0;17;21;15;40;99;28;10;36;14
408.0;15;20;15;44;99;27;10;37;13
414.0;17;20;15;43;99;28;9;35;14
420.0;17;19;15;42;97;30;10;34;16
426.0;17;20;10;45;98;29;11;35;15
432.0;16;22;10;44;97;29;11;33;18
438.0;14;23;12;42;101;31;9;32;16
444.0;14;23;12;43;99;28;12;34;15
450.0;15;26;13;43;97;27;11;32;16
456.0;14;29;13;43;96;27;11;32;15
462.0;16;28;13;44;98;28;6;34;13
468.0;16;27;15;45;98;27;6;32;14
474.0;15;27;13;44;100;27;8;32;14
480.0;17;28;11;43;101;25;7;33;15
486.0;15;31;11;41;102;23;9;33;15
492.0;19;27;9;38;102;24;10;33;18
498.0;17;24;10;37;105;25;11;33;18
504.0;17;24;9;36;107;25;9;33;20
510.0;16;25;8;38;107;24;8;33;21
516.0;14;25;10;40;107;23;9;32;20
522.0;17;23;13;41;107;22;8;30;19
528.0;17;24;14;41;109;21;8;30;16
534.0;19;22;14;42;108;19;9;29;18
540.0;20;23;15;39;108;17;11;29;18
546.0;19;23;18;38;108;17;11;30;16
552.0;21;22;19;38;107;18;9;30;16
558.0;20;24;19;37;108;20;8;29;15
564.0;19;24;20;39;106;20;8;29;15
570.0;17;23;21;36;105;22;8;32;16
576.0;19;25;21;36;105;21;9;30;14
582.0;19;25;21;34;104;23;10;28;16
588.0;20;23;20;35;104;24;9;28;17
594.0;18;25;19;32;107;23;13;27;16
600.0;17;30;17;32;106;23;13;29;13
606.0;19;30;17;32;107;20;13;29;13
612.0;17;30;16;34;107;20;13;29;14
618.0;18;29;13;34;111;21;14;28;12
624.0;22;32;14;30;109;19;14;29;11
630.0;25;32;14;28;109;17;15;29;11
636.0;23;30;16;27;110;19;14;30;11
642.0;22;30;15;27;109;19;18;28;12
648.0;24;28;13;29;107;20;20;28;11
654.0;26;29;11;32;108;22;17;26;9
660.0;22;30;10;37;109;21;16;26;9
666.0;20;28;12;37;111;20;17;25;10
672.0;21;26;12;37;109;20;18;27;10
678.0;20;27;11;37;110;21;18;28;8
684.0;19;28;9;38;111;20;18;28;9
690.0;18;28;9;37;111;21;18;28;10
696.0;17;29;9;36;112;21;18;28;10
702.0;14;27;9;37;112;20;16;30;15
708.0;14;27;10;36;110;19;18;30;16
714.0;14;26;10;36;111;19;18;28;18
720.0;12;26;12;35;111;19;16;31;18
726.0;12;25;11;37;110;21;16;30;18
732.0;12;24;13;37;109;20;15;30;20
738.0;12;24;13;34;110;22;16;30;19
744.0;11;24;16;33;109;22;17;28;20
750.0;13;23;16;31;109;22;18;29;19
756.0;13;23;15;30;109;24;19;29;18
762.0;18;25;17;27;110;24;15;30;14
768.0;17;27;18;27;111;24;15;29;12
774.0;19;28;18;26;107;25;14;30;13
780.0;17;28;19;23;108;26;14;33;12
786.0;18;28;18;24;109;22;13;34;14
792.0;19;29;15;25;108;25;12;35;12
798.0;17;30;14;28;109;24;13;33;12
804.0;16;30;15;28;110;25;13;30;13
810.0;14;30;17;28;113;27;11;29;11
816.0;14;27;19;28;114;26;11;27;14
822.0;12;27;17;28;115;24;12;28;17
828.0;12;26;16;26;118;24;13;28;17
834.0;13;24;17;25;117;23;15;28;18
840.0;12;24;17;27;118;26;10;29;17
846.0;13;26;17;23;119;25;9;30;18
852.0;15;25;17;24;121;25;8;29;16
858.0;15;27;15;25;120;29;8;28;13
864.0;11;28;16;23;121;26;11;28;16
870.0;12;27;17;23;121;25;11;29;15
876.0;12;27;18;21;120;25;13;29;15
882.0;12;28;18;22;120;26;12;29;13
888.0;11;27;17;23;123;28;10;28;13
894.0;10;24;19;22;124;29;11;29;12
900.0;12;21;21;22;123;28;12;29;12
906.0;11;20;19;21;124;30;13;31;11
912.0;13;17;19;22;125;30;16;27;11
918.0;14;17;19;22;128;30;15;24;11
924.0;14;16;19;26;126;28;15;23;13
930.0;14;16;21;22;126;28;14;24;15
936.0;14;17;20;23;127;28;13;24;14
942.0;13;19;21;25;126;27;10;25;14
948.0;13;21;21;23;127;27;11;26;11
954.0;11;21;22;22;128;26;13;26;11
960.0;10;21;22;21;130;25;13;26;12
966.0;13;20;23;20;130;24;12;25;13
972.0;12;23;25;19;131;25;12;24;9
978.0;14;22;24;19;131;27;11;23;9
984.0;13;23;22;20;131;27;11;24;9
990.0;13;24;20;20;131;29;10;23;10
996.0;15;25;24;18;129;27;10;21;11
1002.0;14;24;24;21;128;26;10;22;11
1008.0;11;23;21;23;129;27;10;25;11
1014.0;11;22;18;25;128;27;12;27;10
1020.0;11;22;14;26;130;27;10;27;13
1026.0;14;21;10;28;130;28;10;25;14
1032.0;16;20;10;29;130;28;9;26;12
1038.0;17;20;9;30;129;26;10;27;12
1044.0;17;22;12;29;129;22;11;25;13
1050.0;16;24;11;26;129;23;14;25;12
1056.0;16;25;11;27;131;20;14;25;11
1062.0;14;28;10;24;130;21;14;27;12
1068.0;13;28;11;25;130;19;14;29;11
1074.0;13;26;10;27;130;17;17;29;11
1080.0;14;27;9;29;131;17;15;27;11
1086.0;15;28;8;30;129;18;16;27;9
1092.0;16;25;7;29;127;19;17;29;11
1098.0;15;26;10;29;125;19;13;31;12
1104.0;14;26;12;28;122;18;15;32;13
1110.0;11;26;11;27;123;20;16;32;14
1116.0;12;26;11;25;125;20;15;32;14
1122.0;9;27;13;25;125;20;14;31;16
1128.0;6;27;9;27;126;24;12;30;19
1134.0;8;27;9;24;124;24;14;31;19
1140.0;9;26;12;25;126;24;16;29;13
1146.0;10;25;12;24;125;26;15;29;14
1152.0;10;24;14;22;123;27;15;29;16
1158.0;10;24;15;21;124;29;14;29;14
1164.0;10;22;16;23;124;27;15;31;12
1170.0;11;22;17;26;124;20;13;32;15
1176.0;8;24;17;28;124;19;18;31;11
1182.0;9;24;14;29;124;20;18;32;10
1188.0;7;23;18;27;124;20;18;33;10
1194.0;8;20;15;28;125;21;20;32;11
1200.0;8;19;12;28;126;23;17;33;14
1206.0;8;15;12;27;126;25;18;33;16
1212.0;9;16;12;27;127;23;17;33;16
1218.0;7;16;15;23;127;24;18;34;16
1224.0;11;16;15;22;125;26;16;33;16
1230.0;11;16;17;22;125;25;14;33;17
1236.0;10;19;16;24;124;25;12;36;14
1242.0;8;18;16;23;124;26;12;37;16
1248.0;10;18;17;22;124;25;10;37;17
1254.0;11;17;16;21;124;25;9;37;20
1260.0;11;18;14;18;124;25;11;38;21
1266.0;13;18;11;19;125;26;8;38;22
1272.0;14;20;11;18;125;25;7;39;21
1278.0;14;21;13;18;123;27;6;39;19
1284.0;14;23;12;20;122;25;6;39;19
1290.0;13;19;13;22;123;25;10;39;16
1296.0;12;20;13;24;123;24;9;37;18
1302.0;15;25;15;21;121;22;8;37;16
1308.0;14;24;15;22;122;24;8;38;13
1314.0;13;24;15;22;123;22;8;39;14
1320.0;12;24;16;21;123;22;9;38;15
1326.0;14;23;13;21;123;22;10;38;16
1332.0;14;24;13;21;123;22;10;37;16
1338.0;17;24;10;22;123;22;10;36;16
1344.0;18;27;8;22;121;20;11;35;18
1350.0;16;30;7;21;123;20;10;34;19
1356.0;11;30;9;22;129;19;8;36;16
1362.0;12;29;8;21;131;19;8;36;16
1368.0;10;28;8;21;132;20;8;36;17
1374.0;10;28;7;24;130;22;8;37;14
1380.0;10;29;8;25;132;22;6;36;12
1386.0;11;31;8;25;132;22;7;32;12
1392.0;13;31;8;25;131;22;7;33;10
1398.0;14;32;8;24;130;24;7;33;8
1404.0;14;33;9;24;132;24;6;30;8
1410.0;13;33;10;26;132;24;4;31;7
1416.0;16;31;11;25;132;25;4;30;6
1422.0;12;32;13;25;131;24;6;30;7
1428.0;11;32;12;26;133;24;8;28;6
1434.0;12;32;12;26;134;26;7;26;5
1440.0;15;28;14;26;132;27;6;26;6
1446.0;16;29;10;24;132;31;6;27;5
1452.0;16;28;10;23;132;30;7;28;6
1458.0;17;28;9;22;132;31;7;27;7
1464.0;17;27;10;19;135;29;8;27;8
1470.0;17;24;10;23;134;31;9;26;6
1476.0;19;22;10;22;134;31;10;25;7
1482.0;16;22;10;23;135;31;11;24;8
1488.0;14;23;10;23;135;31;11;24;9
1494.0;17;24;9;22;137;31;12;20;8
1500.0;17;22;10;22;138;30;11;20;10
1506.0;15;20;10;25;136;32;10;23;9
1512.0;13;20;11;27;137;31;7;24;10
1518.0;11;21;11;28;136;32;7;23;11
1524.0;11;21;13;28;136;29;7;24;11
1530.0;12;23;12;27;135;29;7;23;12
1536.0;10;22;12;27;135;31;9;20;14
1542.0;10;21;10;27;136;34;9;20;13
1548.0;9;22;9;26;135;31;10;22;16
1554.0;11;20;8;29;132;35;10;20;15
1560.0;10;21;10;30;133;33;9;20;14
1566.0;10;22;10;29;134;33;9;20;13
1572.0;8;26;9;28;137;31;8;21;12
1578.0;12;26;9;25;137;32;8;19;12
1584.0;14;27;5;24;136;34;8;19;13
1590.0;16;28;6;23;135;31;7;19;15
1596.0;17;29;7;23;134;30;7;18;15
1602.0;16;30;8;20;135;30;7;20;14
1608.0;16;32;8;21;134;29;7;20;13
1614.0;16;30;10;20;133;30;7;21;13
1620.0;15;29;10;20;133;31;8;21;13
1626.0;15;28;13;18;132;28;7;21;18
1632.0;14;29;15;20;132;26;6;21;17
1638.0;12;31;14;21;130;26;5;23;18
1644.0;11;30;12;22;132;27;8;22;16
1650.0;11;29;12;22;133;27;9;22;15
1656.0;13;26;13;21;135;26;8;22;16
1662.0;12;24;14;23;134;27;6;23;17
1668.0;13;24;14;24;134;23;7;27;14
1674.0;11;23;13;25;138;25;7;27;11
1680.0;14;22;12;23;139;28;8;26;8
1686.0;14;20;13;24;138;30;7;26;8
1692.0;13;22;12;24;136;28;8;29;8
1698.0;10;22;13;24;136;26;9;32;8
1704.0;10;25;13;20;137;24;9;31;11
1710.0;12;24;12;19;138;24;13;29;9
1716.0;12;24;13;19;139;23;13;29;8
1722.0;10;25;11;21;136;24;14;28;11
1728.0;11;23;11;22;137;25;11;27;13
1734.0;14;22;11;23;138;23;11;26;12
1740.0;12;25;9;24;139;23;13;25;10
1746.0;11;24;10;24;137;23;12;28;11
1752.0;11;24;8;28;136;22;11;27;13
1758.0;11;23;11;30;134;22;13;26;10
1764.0;13;26;11;30;134;20;10;26;10
1770.0;12;28;12;28;135;20;10;25;10
1776.0;14;28;11;27;137;20;10;23;10
1782.0;14;27;10;30;137;20;10;20;12
1788.0;15;22;12;31;137;21;8;20;14
1794.0;15;25;13;31;134;19;10;19;14
