#auto generated file!
12.0;29;32;19;23;39;25;35;34;34
18.0;30;32;20;24;41;27;32;33;31
24.0;31;32;16;24;42;29;31;34;31
30.0;30;30;16;28;43;28;28;35;32
36.0;32;30;18;27;45;28;27;35;28
42.0;30;31;21;28;47;28;27;33;25
48.0;28;30;18;31;47;32;26;33;25
54.0;23;29;21;30;49;34;24;37;23
60.0;20;31;20;31;52;35;25;36;20
66.0;18;36;18;31;51;37;23;39;17
72.0;20;31;18;30;52;36;22;43;18
78.0;17;33;18;30;55;36;18;45;18
84.0;15;35;18;31;59;36;18;41;17
90.0;15;35;16;35;60;35;19;40;15
96.0;14;36;16;36;60;35;20;38;15
102.0;15;31;16;38;59;37;24;36;14
108.0;16;33;14;34;63;37;28;34;11
114.0;15;31;15;38;61;34;31;34;11
120.0;19;30;13;37;63;32;29;38;9
126.0;20;31;12;37;62;32;28;38;10
132.0;18;33;13;37;63;31;25;39;11
138.0;19;32;10;38;65;30;24;41;11
144.0;16;33;8;38;67;29;24;42;13
150.0;17;35;8;33;68;29;23;43;14
156.0;16;37;9;34;69;26;24;41;14
162.0;14;37;10;36;71;25;24;41;12
168.0;16;32;12;36;72;25;23;42;12
174.0;17;30;14;34;70;25;21;46;13
180.0;18;30;12;35;70;23;25;45;12
186.0;18;31;12;34;72;21;23;45;14
192.0;17;31;12;36;73;22;21;43;15
198.0;17;31;9;37;74;23;17;45;17
204.0;17;33;10;35;75;23;16;43;18
210.0;16;34;9;37;78;22;15;42;17
216.0;16;31;12;38;77;21;16;42;17
222.0;16;30;11;38;78;21;18;42;16
228.0;17;26;13;39;79;24;16;39;17
234.0;17;27;15;39;75;26;18;37;16
240.0;17;26;15;37;79;26;18;36;16
246.0;16;28;13;37;79;24;19;37;17
252.0;17;30;14;41;78;26;19;33;12
258.0;19;28;13;40;79;26;20;32;13
264.0;18;30;14;40;78;27;20;33;10
270.0;18;30;11;39;80;29;23;30;10
276.0;15;30;11;40;83;30;21;31;9
282.0;16;30;10;39;85;29;21;31;9
288.0;16;29;10;40;86;30;17;31;11
294.0;16;27;12;40;88;29;15;29;14
300.0;19;29;11;41;87;28;13;28;14
306.0;16;27;11;43;89;28;10;30;16
312.0;15;26;11;42;89;29;10;32;16
318.0;15;26;10;40;90;28;11;33;17
324.0;16;28;14;37;88;29;11;31;16
330.0;13;30;17;39;89;29;10;30;13
336.0;13;30;18;38;89;28;10;30;14
342.0;16;30;17;37;86;26;12;31;15
348.0;17;28;17;36;87;24;13;33;15
354.0;18;29;16;34;87;23;15;33;15
360.0;17;28;15;31;91;22;13;34;19
366.0;16;28;11;33;92;23;15;33;19
372.0;13;28;11;34;93;24;17;32;18
378.0;14;28;10;35;94;24;16;33;16
384.0;16;27;11;33;98;21;16;31;17
390.0;15;25;11;36;98;17;17;32;19
396.0;14;23;13;36;100;16;13;34;21
402.0;14;22;12;36;100;17;15;34;20
408.0;17;21;14;36;101;18;15;32;16
414.0;18;20;15;36;98;19;15;32;17
420.0;13;19;16;34;100;21;18;31;18
426.0;12;20;16;34;100;22;16;31;19
432.0;10;22;17;32;99;23;16;33;18
438.0;15;21;16;34;100;22;16;28;18
444.0;15;21;17;34;103;21;18;26;15
450.0;13;22;20;33;104;24;17;23;14
456.0;13;24;18;35;104;23;14;24;15
462.0;12;26;18;33;105;23;14;22;17
468.0;13;26;16;33;106;24;14;23;15
474.0;14;26;16;31;109;23;15;24;12
480.0;15;26;17;29;109;24;12;26;12
486.0;12;26;17;27;110;25;13;26;14
492.0;11;24;16;27;110;25;14;29;14
498.0;11;22;17;26;109;27;15;28;15
504.0;11;22;15;27;109;26;13;31;16
510.0;12;22;14;26;109;26;13;29;19
516.0;8;25;16;28;106;24;16;28;19
522.0;6;26;18;31;106;23;14;29;17
528.0;6;27;18;31;108;25;14;27;14
534.0;7;29;16;30;109;25;12;25;17
540.0;6;27;17;32;109;24;12;25;18
546.0;5;28;15;33;109;24;13;24;19
552.0;7;30;14;34;109;22;12;24;18
558.0;8;27;15;36;108;20;16;26;14
564.0;9;25;17;36;111;19;14;28;11
570.0;13;22;14;35;114;19;17;25;11
576.0;14;18;16;38;113;20;16;26;9
582.0;16;16;18;35;112;19;17;26;11
588.0;15;17;18;35;112;21;14;27;11
594.0;18;19;19;32;109;22;15;28;8
600.0;17;16;16;36;109;22;14;30;10
606.0;16;18;15;35;109;23;12;31;11
612.0;13;18;14;36;112;21;13;32;11
618.0;13;17;14;34;113;20;14;33;12
624.0;13;18;13;34;112;19;13;34;14
630.0;11;18;12;34;112;21;13;34;15
636.0;10;17;12;35;111;21;12;36;16
642.0;8;16;13;33;114;20;13;36;17
648.0;6;16;11;33;114;19;16;37;18
654.0;7;17;11;33;114;19;18;33;18
660.0;5;20;11;33;114;21;18;32;16
666.0;4;22;7;32;116;25;18;30;16
672.0;5;23;8;31;118;25;17;28;15
678.0;6;20;6;31;120;27;17;28;15
684.0;6;23;5;30;121;28;16;27;14
690.0;5;23;5;30;119;31;15;28;14
696.0;9;24;4;31;117;31;15;25;14
702.0;11;25;5;31;115;32;13;25;13
708.0;14;24;7;30;114;29;15;24;13
714.0;17;24;9;28;114;29;14;22;13
720.0;18;24;9;32;112;27;14;21;13
726.0;16;24;10;34;113;27;15;21;10
732.0;16;24;9;35;113;27;17;18;11
738.0;14;24;12;36;112;27;17;16;12
744.0;13;23;13;34;111;27;19;18;12
750.0;13;21;16;30;111;28;20;19;12
756.0;13;21;16;28;113;30;20;18;11
762.0;13;22;17;27;113;31;19;17;11
768.0;12;22;18;26;113;32;20;14;13
774.0;12;23;16;28;115;30;17;14;15
780.0;13;25;15;27;116;33;16;12;13
786.0;13;24;14;27;116;33;16;16;11
792.0;10;25;15;27;116;33;14;17;13
798.0;11;26;14;26;113;34;15;20;11
804.0;12;26;14;24;113;34;16;22;9
810.0;12;27;15;25;112;32;15;24;8
816.0;8;28;15;26;110;32;16;26;9
822.0;7;30;14;25;107;32;18;27;10
828.0;10;28;14;27;107;31;16;26;11
834.0;9;27;16;27;106;31;18;25;11
840.0;10;24;15;31;107;30;18;24;11
846.0;12;24;13;29;108;29;17;24;14
852.0;13;26;14;27;106;27;17;26;14
858.0;15;24;17;26;106;26;15;27;14
864.0;13;25;18;28;104;25;14;30;13
870.0;13;23;17;28;103;27;14;30;15
876.0;15;22;14;28;105;26;13;29;18
882.0;14;21;13;29;106;26;14;31;16
888.0;12;22;14;28;109;25;15;29;16
894.0;11;23;15;26;108;26;16;29;16
900.0;13;26;14;24;108;24;17;29;15
906.0;13;25;14;25;110;23;17;29;14
912.0;12;24;13;27;112;23;16;28;15
918.0;13;23;9;27;114;24;19;29;12
924.0;18;24;7;28;112;22;19;28;12
930.0;16;24;8;27;112;25;18;28;12
936.0;13;26;9;28;112;24;17;29;12
942.0;13;25;9;29;115;22;17;29;11
948.0;13;27;8;27;117;26;15;27;10
954.0;10;28;9;27;116;24;15;29;12
960.0;9;28;9;28;118;23;16;28;11
966.0;11;29;12;25;117;22;16;28;10
972.0;11;28;13;25;116;22;13;30;12
978.0;12;28;13;24;117;22;11;29;14
984.0;10;28;13;26;118;24;11;26;14
990.0;10;28;13;26;117;25;10;26;15
996.0;9;27;12;27;117;24;12;26;16
1002.0;8;27;13;25;119;25;12;26;15
1008.0;7;30;12;26;118;26;11;26;14
1014.0;7;29;15;25;114;27;13;24;16
1020.0;8;30;17;21;114;28;12;25;15
1026.0;12;30;14;21;113;29;12;23;16
1032.0;12;29;14;22;113;29;13;22;16
1038.0;9;30;14;25;114;27;12;21;18
1044.0;10;32;14;25;113;27;13;19;17
1050.0;10;31;13;24;113;27;14;19;19
1056.0;8;28;15;22;112;28;19;18;20
1062.0;10;27;14;21;112;29;20;18;19
1068.0;9;28;14;20;111;30;22;19;17
1074.0;9;26;12;21;114;30;23;20;15
1080.0;12;27;12;18;112;31;22;21;15
1086.0;12;27;13;17;112;29;23;21;16
1092.0;12;27;13;17;111;29;20;22;19
1098.0;15;27;13;17;111;28;19;22;18
1104.0;12;27;17;15;111;30;19;22;17
1110.0;11;29;18;15;110;29;16;25;17
1116.0;11;28;19;15;108;30;16;26;17
1122.0;10;28;21;15;111;32;14;23;16
1128.0;12;27;20;14;111;34;14;21;17
1134.0;11;26;18;14;112;35;11;23;20
1140.0;12;23;15;16;115;36;10;24;19
1146.0;13;22;16;17;117;35;9;23;18
1152.0;12;21;16;15;117;37;9;24;19
1158.0;11;20;15;14;119;40;9;24;18
1164.0;13;17;15;15;120;39;8;25;18
1170.0;13;18;13;15;121;37;10;24;19
1176.0;14;18;13;15;121;37;13;23;16
1182.0;14;20;12;17;120;36;11;24;16
1188.0;13;21;12;16;120;35;12;25;16
1194.0;12;21;13;17;120;36;12;24;15
1200.0;11;20;13;18;122;35;12;22;17
1206.0;12;21;12;20;123;33;11;22;16
1212.0;12;23;13;20;121;34;12;20;15
1218.0;15;22;13;19;121;32;12;21;15
1224.0;15;21;12;22;121;32;11;21;15
1230.0;13;21;11;24;120;34;11;23;13
1236.0;15;20;11;24;120;35;12;20;13
1242.0;14;21;12;27;120;34;11;19;12
1248.0;15;21;12;26;121;32;11;19;13
1254.0;14;23;11;27;121;30;11;19;14
1260.0;12;22;11;27;124;30;11;19;14
1266.0;12;20;9;28;127;31;11;17;15
1272.0;13;20;12;26;127;30;12;16;14
1278.0;12;20;14;28;128;28;13;15;12
1284.0;11;23;16;26;127;28;12;16;11
1290.0;11;24;14;25;130;27;11;16;12
1296.0;11;28;10;26;129;27;12;17;10
1302.0;13;24;12;22;130;28;12;18;11
1308.0;13;24;9;22;132;27;11;20;12
1314.0;10;27;10;20;131;26;11;21;14
1320.0;10;25;10;20;131;25;14;22;13
1326.0;13;23;10;22;131;25;13;20;13
1332.0;13;28;11;19;129;26;12;18;14
1338.0;12;27;11;17;130;26;14;19;14
1344.0;11;25;11;15;129;31;16;18;14
1350.0;11;24;10;17;128;30;15;20;15
1356.0;13;24;11;16;130;28;14;19;15
1362.0;13;23;10;15;130;28;14;19;18
1368.0;13;22;10;17;126;30;13;18;21
1374.0;15;20;9;17;130;29;10;19;21
1380.0;14;21;10;19;130;30;10;17;19
1386.0;14;22;8;18;128;31;13;18;18
1392.0;16;22;8;18;128;27;15;19;17
1398.0;16;20;9;16;128;31;16;20;14
1404.0;16;20;11;16;126;31;17;18;15
1410.0;18;19;11;16;125;28;18;20;15
1416.0;19;19;10;16;127;29;15;21;14
1422.0;17;21;10;18;126;27;16;21;14
1428.0;19;20;11;18;124;28;15;21;14
1434.0;18;19;11;20;124;30;14;20;14
1440.0;17;17;12;21;124;28;15;21;15
1446.0;17;18;12;21;123;27;13;24;15
1452.0;17;16;12;22;125;26;14;22;16
1458.0;15;14;12;25;127;26;12;23;16
1464.0;14;14;13;25;125;26;13;24;16
1470.0;13;14;12;25;125;26;13;25;17
1476.0;15;13;13;24;124;27;12;27;15
1482.0;16;14;11;23;123;26;14;29;14
1488.0;18;14;12;24;121;24;15;31;11
1494.0;18;14;15;25;119;26;12;31;10
1500.0;18;16;14;24;118;29;13;29;9
1506.0;18;15;12;25;115;32;14;31;8
1512.0;17;19;11;24;114;33;12;31;9
1518.0;16;21;11;23;113;34;12;31;9
1524.0;17;23;11;21;113;32;12;29;12
1530.0;16;23;9;22;114;31;12;29;14
1536.0;13;25;9;24;115;29;12;29;14
1542.0;12;20;9;21;113;33;14;31;17
1548.0;12;20;9;26;114;30;13;29;17
1554.0;11;22;8;27;114;30;11;30;17
1560.0;13;22;7;27;115;29;10;30;17
1566.0;15;21;7;26;116;29;10;29;17
1572.0;13;22;6;27;116;26;11;31;18
1578.0;13;21;5;28;116;25;13;30;19
1584.0;11;23;6;29;116;25;13;30;17
1590.0;12;25;4;29;118;24;12;29;17
1596.0;14;27;5;26;117;27;11;30;13
1602.0;13;27;6;24;116;28;12;30;14
1608.0;13;28;6;23;114;28;14;31;13
1614.0;13;26;7;23;113;27;15;30;16
1620.0;14;25;5;22;112;25;19;30;18
1626.0;14;24;7;24;112;26;16;30;17
1632.0;15;23;8;22;117;25;16;29;15
1638.0;17;21;8;21;118;25;14;29;17
1644.0;18;21;8;22;116;25;13;31;16
1650.0;20;24;7;20;114;26;14;29;16
1656.0;22;24;7;22;111;25;15;30;14
1662.0;19;26;7;22;109;24;15;32;16
1668.0;21;28;8;22;107;24;15;29;16
1674.0;23;27;7;23;107;23;15;29;16
1680.0;23;28;7;22;106;27;13;29;15
1686.0;22;26;9;22;104;31;13;30;13
1692.0;20;26;8;22;102;32;14;30;16
1698.0;19;26;7;25;103;29;14;31;16
1704.0;18;27;6;23;102;30;14;31;19
1710.0;18;28;3;25;102;32;16;30;16
1716.0;18;28;4;24;102;32;17;30;15
1722.0;15;31;5;25;101;31;18;30;14
1728.0;16;32;5;27;101;28;18;31;12
1734.0;12;33;6;25;101;29;17;33;14
1740.0;11;33;5;24;102;28;17;34;16
1746.0;11;34;5;25;100;32;15;33;15
1752.0;12;35;5;25;100;30;15;32;16
1758.0;11;33;6;24;98;27;18;37;16
1764.0;10;34;7;27;96;25;20;35;16
1770.0;14;32;6;27;94;25;23;35;14
1776.0;15;33;8;24;96;26;19;33;16
1782.0;17;33;7;28;97;26;16;32;14
1788.0;16;33;6;27;99;27;16;33;13
1794.0;17;28;5;27;98;30;18;34;13
