#auto generated file!
12.0;38;39;46;44;43;42;36;33;29
18.0;43;36;44;42;51;39;33;34;28
24.0;42;36;38;42;54;41;32;37;28
30.0;36;36;35;43;58;42;33;37;30
36.0;37;36;37;43;59;39;29;37;33
42.0;34;36;37;41;62;40;30;38;32
48.0;32;32;36;41;64;40;34;38;33
54.0;33;33;34;42;66;37;34;41;30
60.0;33;35;34;45;66;36;33;39;29
66.0;34;36;33;44;70;35;30;38;30
72.0;32;34;33;43;73;37;27;41;30
78.0;27;38;30;40;79;35;29;43;29
84.0;24;40;29;39;83;34;27;44;30
90.0;28;42;24;40;84;37;27;41;27
96.0;27;40;21;38;90;41;26;39;28
102.0;25;40;21;40;93;41;24;40;26
108.0;27;37;22;38;92;38;27;41;28
114.0;31;35;21;37;96;38;22;41;29
120.0;32;36;21;40;96;36;20;40;29
126.0;29;35;21;44;99;35;18;40;29
132.0;23;32;23;48;101;35;20;39;29
138.0;20;35;25;44;101;38;22;39;26
144.0;20;35;25;47;100;36;20;39;28
150.0;18;35;24;48;101;39;19;40;26
156.0;17;38;24;46;100;36;21;41;27
162.0;16;35;24;46;101;37;22;41;28
168.0;17;32;24;48;100;38;24;41;26
174.0;18;33;28;46;99;35;23;43;25
180.0;17;36;29;42;97;38;22;42;27
186.0;17;37;22;45;98;40;22;42;27
192.0;17;37;22;47;96;40;22;43;26
198.0;15;41;22;45;96;41;21;41;28
204.0;18;43;21;41;98;38;19;43;29
210.0;18;44;22;38;97;39;20;46;26
216.0;19;43;22;36;99;39;21;45;26
222.0;13;44;21;40;101;40;21;46;24
228.0;14;42;20;41;100;42;20;47;24
234.0;17;43;21;42;101;40;21;44;21
240.0;16;44;21;46;100;40;22;40;21
246.0;14;42;24;45;101;40;23;38;23
252.0;14;42;24;45;103;38;23;37;24
258.0;17;40;24;47;104;38;21;38;21
264.0;18;44;21;49;102;40;19;38;19
270.0;19;46;22;44;103;39;18;38;21
276.0;19;47;21;46;106;37;18;37;19
282.0;19;48;20;44;108;36;21;37;17
288.0;20;46;21;42;108;36;21;39;17
294.0;22;45;22;41;106;36;23;39;16
300.0;23;45;22;40;107;36;23;38;16
306.0;22;47;25;38;106;39;20;36;17
312.0;23;44;27;41;105;39;17;34;20
318.0;26;42;27;41;105;39;17;32;21
324.0;23;46;27;40;106;39;18;33;18
330.0;24;45;23;37;108;40;18;35;20
336.0;24;45;20;37;108;39;19;37;21
342.0;21;46;20;38;110;36;20;36;23
348.0;20;45;21;39;112;38;19;35;21
354.0;22;44;22;42;111;37;19;35;18
360.0;22;42;22;42;111;37;19;37;18
366.0;21;38;22;38;111;38;20;41;21
372.0;19;37;22;41;113;36;20;41;21
378.0;18;36;24;42;113;35;23;40;19
384.0;17;38;22;40;116;35;22;41;19
390.0;15;40;24;40;117;35;21;39;19
396.0;15;42;22;40;115;37;20;41;18
402.0;17;42;19;38;118;33;22;42;19
408.0;17;42;21;39;114;34;20;43;20
414.0;17;44;20;36;120;32;20;43;18
420.0;19;43;19;42;120;28;19;43;17
426.0;16;44;18;43;120;29;25;38;17
432.0;15;46;18;43;120;29;27;38;14
438.0;13;45;20;49;123;25;20;38;17
444.0;11;45;19;48;123;24;22;41;17
450.0;12;42;20;48;122;26;20;45;15
456.0;13;43;20;46;126;26;19;42;15
462.0;14;40;22;47;127;27;18;42;13
468.0;14;41;22;44;127;31;15;44;12
474.0;15;41;16;46;126;34;15;43;14
480.0;14;38;15;47;126;34;16;44;16
486.0;16;32;18;51;128;31;18;42;14
492.0;20;31;17;52;127;30;16;41;16
498.0;21;32;19;54;124;26;16;42;16
504.0;20;37;17;55;124;27;13;41;16
510.0;23;34;17;55;125;26;12;40;18
516.0;22;34;14;54;129;26;16;37;18
522.0;21;34;13;58;129;26;15;35;19
528.0;20;30;15;53;131;29;16;38;18
534.0;15;30;13;55;132;31;18;38;18
540.0;17;28;13;55;134;30;18;38;17
546.0;15;29;12;51;134;33;20;39;17
552.0;19;26;13;51;134;31;18;40;18
558.0;17;29;14;46;135;30;17;43;19
564.0;17;29;15;46;136;29;19;40;19
570.0;19;30;17;45;137;27;19;42;14
576.0;17;32;16;47;138;28;18;40;14
582.0;21;29;16;43;138;27;18;44;14
588.0;19;31;15;43;140;25;16;45;16
594.0;19;33;17;44;139;22;15;43;18
600.0;20;32;16;45;138;24;14;42;19
606.0;21;33;16;46;139;24;8;43;20
612.0;23;32;14;45;139;25;9;44;19
618.0;21;30;13;44;141;25;10;45;21
624.0;23;29;11;43;142;27;14;42;19
630.0;22;28;12;43;144;25;16;40;20
636.0;21;28;12;44;144;25;20;37;19
642.0;22;27;12;40;145;28;17;37;22
648.0;19;28;9;41;145;29;20;37;22
654.0;23;27;8;41;145;29;20;35;22
660.0;20;29;11;40;144;29;21;36;20
666.0;18;28;15;38;145;25;19;41;21
672.0;23;30;17;36;144;25;17;36;22
678.0;20;33;18;38;144;24;17;33;23
684.0;21;34;17;37;142;23;18;34;24
690.0;26;39;17;37;139;23;17;32;20
696.0;26;40;16;35;140;25;18;32;18
702.0;26;43;19;37;141;21;17;32;14
708.0;25;43;19;35;142;23;19;30;14
714.0;24;45;18;35;142;24;20;30;12
720.0;21;41;20;38;143;24;19;32;12
726.0;20;44;19;38;143;25;18;31;12
732.0;17;46;17;38;145;25;19;30;13
738.0;15;46;20;35;148;26;16;29;15
744.0;14;49;19;32;148;27;15;30;16
750.0;13;47;19;33;148;28;17;31;14
756.0;16;49;16;33;150;25;14;32;15
762.0;17;49;17;35;150;26;15;28;13
768.0;19;48;16;36;148;24;13;32;14
774.0;18;43;18;37;145;26;15;30;18
780.0;19;43;17;35;148;28;14;30;16
786.0;18;42;16;34;150;27;15;31;17
792.0;20;42;19;36;149;26;15;30;13
798.0;20;42;20;34;151;28;17;26;12
804.0;21;42;17;33;151;29;17;27;13
810.0;22;41;15;34;150;30;17;30;11
816.0;22;38;14;31;147;32;20;34;12
822.0;22;37;14;34;150;30;19;30;14
828.0;19;35;15;38;150;30;20;30;13
834.0;21;35;15;36;154;29;18;30;12
840.0;19;35;15;36;156;27;16;32;14
846.0;18;38;14;37;155;29;14;31;14
852.0;16;39;13;37;156;29;14;31;15
858.0;14;40;13;38;156;28;15;32;14
864.0;14;41;12;37;156;27;17;32;14
870.0;14;43;12;36;155;29;18;33;10
876.0;13;43;9;39;155;33;14;33;11
882.0;15;40;9;41;153;32;14;33;13
888.0;15;38;11;43;149;31;16;33;14
894.0;16;35;9;43;152;31;16;34;14
900.0;15;33;11;40;153;30;19;33;16
906.0;16;36;11;39;151;28;21;36;12
912.0;15;37;12;40;149;27;20;39;11
918.0;14;35;12;43;149;24;22;40;11
924.0;14;37;12;43;146;25;25;40;8
930.0;14;35;13;42;146;25;26;43;6
936.0;19;37;14;41;142;24;20;48;5
942.0;20;37;13;44;143;22;17;46;8
948.0;19;35;15;48;141;24;16;43;9
954.0;19;34;14;50;139;24;16;45;9
960.0;18;33;16;49;141;27;16;41;9
966.0;19;32;16;48;141;26;15;41;12
972.0;18;33;14;45;143;28;18;39;12
978.0;16;32;12;44;143;31;20;39;13
984.0;17;30;11;41;143;35;22;38;13
990.0;19;32;11;38;143;36;21;38;12
996.0;21;32;14;37;143;35;18;38;12
1002.0;20;32;13;38;142;35;17;38;15
1008.0;18;30;12;39;141;38;18;39;15
1014.0;19;32;12;41;138;39;15;38;16
1020.0;20;32;11;41;141;41;15;36;13
1026.0;19;33;12;41;144;41;13;36;11
1032.0;17;35;11;42;144;40;14;37;10
1038.0;18;36;12;42;144;39;13;35;11
1044.0;20;33;12;44;145;37;13;36;10
1050.0;17;33;14;38;143;38;17;37;13
1056.0;21;33;14;39;143;37;13;37;13
1062.0;19;33;17;37;141;37;18;32;16
1068.0;19;34;17;38;144;35;18;30;15
1074.0;19;33;18;36;145;35;17;30;17
1080.0;18;31;20;34;142;35;17;34;19
1086.0;14;33;20;34;143;37;17;32;20
1092.0;16;34;22;36;143;36;16;31;16
1098.0;17;35;19;34;147;32;18;32;16
1104.0;19;35;21;33;148;32;15;34;13
1110.0;19;32;24;33;148;32;15;35;12
1116.0;17;32;29;30;147;32;17;32;14
1122.0;18;31;26;28;149;34;16;35;13
1128.0;20;32;25;28;145;33;16;37;14
1134.0;19;31;26;26;147;37;15;36;13
1140.0;16;30;24;25;146;39;14;38;18
1146.0;16;32;23;23;144;42;14;41;15
1152.0;17;32;20;24;145;45;11;40;16
1158.0;17;32;19;25;145;45;10;40;17
1164.0;15;34;20;25;148;44;13;39;12
1170.0;15;33;19;25;151;44;11;40;12
1176.0;14;32;19;27;150;42;11;42;13
1182.0;15;33;18;27;151;42;10;40;14
1188.0;17;34;20;25;149;39;9;41;16
1194.0;16;35;20;28;150;38;8;43;12
1200.0;16;35;20;29;149;37;8;42;14
1206.0;18;33;17;30;150;36;10;42;14
1212.0;20;30;16;31;151;36;8;40;18
1218.0;21;31;19;29;151;36;9;37;17
1224.0;23;32;19;29;149;35;10;35;18
1230.0;24;31;19;30;148;35;11;34;18
1236.0;27;29;20;30;147;32;11;36;18
1242.0;21;29;19;29;148;34;10;39;21
1248.0;19;30;21;29;149;34;8;38;22
1254.0;19;32;19;28;151;31;7;40;23
1260.0;16;34;20;27;152;33;6;40;22
1266.0;14;35;18;31;155;32;6;38;21
1272.0;15;34;18;30;154;34;5;40;20
1278.0;17;33;17;30;153;35;6;40;19
1284.0;17;34;19;33;148;34;8;39;18
1290.0;18;34;19;32;147;31;11;39;19
1296.0;16;33;21;33;147;31;12;39;18
1302.0;16;31;18;36;149;28;16;38;18
1308.0;15;30;18;36;150;26;17;38;20
1314.0;16;29;15;40;149;27;16;38;20
1320.0;15;29;14;38;148;26;18;40;22
1326.0;15;28;14;36;148;29;17;40;23
1332.0;13;29;16;37;149;27;14;41;24
1338.0;16;28;15;33;151;28;14;41;24
1344.0;17;27;14;32;152;30;15;39;24
1350.0;19;26;14;35;150;30;14;39;23
1356.0;22;25;12;36;151;31;14;38;21
1362.0;20;26;11;36;151;30;16;39;21
1368.0;22;26;13;37;152;27;15;38;20
1374.0;21;26;14;36;153;26;14;40;20
1380.0;19;28;16;38;149;26;15;39;20
1386.0;16;30;17;37;149;26;16;40;19
1392.0;18;27;19;37;150;26;17;37;19
1398.0;21;26;19;36;150;27;15;39;17
1404.0;25;26;19;35;151;27;14;36;17
1410.0;25;28;18;35;151;26;15;37;15
1416.0;26;29;19;32;150;28;15;34;17
1422.0;30;29;20;31;152;28;12;33;15
1428.0;29;29;19;31;149;31;12;33;17
1434.0;27;31;18;32;145;32;16;33;16
1440.0;28;32;16;33;145;33;16;34;13
1446.0;29;32;17;35;147;35;15;30;10
1452.0;25;32;18;37;149;34;14;30;11
1458.0;27;32;16;37;152;34;14;29;9
1464.0;26;32;17;38;153;33;14;27;10
1470.0;23;30;18;40;156;31;14;28;10
1476.0;24;29;14;42;157;33;13;28;10
1482.0;19;31;17;41;158;34;15;27;8
1488.0;21;32;18;41;158;33;13;26;8
1494.0;19;30;17;42;155;36;13;28;10
1500.0;19;30;14;40;157;36;14;30;10
1506.0;19;29;15;38;158;36;15;32;8
1512.0;17;31;13;42;156;34;19;31;7
1518.0;18;32;12;40;155;35;19;30;9
1524.0;20;31;12;36;156;36;20;30;9
1530.0;22;32;12;36;155;31;22;32;8
1536.0;21;33;12;37;153;32;21;32;9
1542.0;22;32;12;37;156;33;18;31;9
1548.0;22;31;11;34;154;37;19;32;10
1554.0;20;35;11;31;153;40;19;31;10
1560.0;22;38;10;28;153;39;18;32;10
1566.0;22;37;11;28;153;37;20;29;13
1572.0;20;35;11;29;153;37;19;32;14
1578.0;18;35;11;31;155;39;16;33;12
1584.0;20;36;12;31;153;36;16;32;14
1590.0;16;34;14;33;150;38;18;31;16
1596.0;18;32;18;32;150;38;15;32;15
1602.0;17;32;18;36;149;36;11;33;18
1608.0;18;34;20;32;149;34;14;34;15
1614.0;17;34;24;34;149;32;13;34;13
1620.0;21;34;21;34;150;29;12;33;16
1626.0;22;30;21;34;151;28;13;33;18
1632.0;22;31;24;33;153;29;10;33;15
1638.0;21;32;23;34;154;29;10;31;16
1644.0;20;33;23;36;156;30;11;29;12
1650.0;20;34;22;36;154;30;12;29;13
1656.0;18;34;21;35;154;32;12;31;13
1662.0;18;35;20;36;155;30;13;30;13
1668.0;16;36;21;37;157;30;14;28;11
1674.0;14;36;23;37;157;30;13;29;11
1680.0;17;35;21;32;158;29;15;32;11
1686.0;19;35;18;31;160;27;16;32;12
1692.0;15;32;20;30;164;28;14;35;12
1698.0;16;34;20;29;165;25;14;37;10
1704.0;15;36;19;29;164;25;15;38;9
1710.0;16;34;17;29;165;29;20;32;8
1716.0;20;33;15;31;167;27;19;29;9
1722.0;20;35;14;26;166;31;16;32;10
1728.0;19;38;14;27;164;29;14;33;12
1734.0;17;37;13;29;166;28;15;33;12
1740.0;19;39;13;28;166;24;16;31;14
1746.0;16;41;13;28;165;22;16;33;16
1752.0;16;40;13;26;162;22;16;37;18
1758.0;14;40;12;26;163;24;15;36;20
1764.0;14;38;11;25;162;25;18;37;20
1770.0;14;41;9;28;160;25;19;34;20
1776.0;12;42;11;26;164;24;18;33;20
1782.0;11;42;11;26;164;24;19;33;20
1788.0;8;42;11;25;165;26;19;34;20
1794.0;12;45;11;26;160;26;17;34;19
