#auto generated file!
12.0;54;49;47;46;53;49;55;45;42
18.0;54;49;48;49;57;49;51;46;37
24.0;51;46;46;51;61;48;50;48;39
30.0;51;49;42;52;64;46;55;46;35
36.0;49;53;41;54;69;42;53;48;31
42.0;47;54;38;59;74;44;48;46;30
48.0;49;51;38;59;79;45;49;44;26
54.0;43;55;34;61;82;45;47;46;27
60.0;42;51;41;60;89;45;40;46;26
66.0;37;52;41;61;91;44;39;50;25
72.0;36;52;37;62;96;42;35;52;28
78.0;40;53;36;61;99;42;34;50;25
84.0;36;52;36;61;102;43;30;52;28
90.0;36;48;40;61;104;44;30;47;30
96.0;36;49;41;60;107;42;27;51;27
102.0;37;48;40;59;108;46;26;51;25
108.0;35;48;38;60;111;49;20;51;28
114.0;32;48;39;62;111;50;19;50;29
120.0;28;48;36;60;113;52;17;52;34
126.0;24;50;35;58;115;55;19;50;34
132.0;22;51;33;53;120;58;19;51;33
138.0;23;52;32;54;123;58;16;50;32
144.0;20;54;31;52;125;59;18;52;29
150.0;20;52;31;51;129;60;19;51;27
156.0;18;54;31;50;129;62;21;48;27
162.0;18;55;25;54;131;63;23;47;24
168.0;19;56;26;53;132;64;23;45;22
174.0;22;54;26;54;131;61;23;45;24
180.0;21;57;25;55;134;58;21;42;27
186.0;23;54;25;54;134;62;18;43;27
192.0;22;53;22;55;136;58;18;48;28
198.0;27;54;15;55;138;59;20;46;26
204.0;29;51;15;55;139;59;19;48;25
210.0;31;49;13;52;142;60;19;49;25
216.0;31;51;14;52;143;59;19;47;24
222.0;29;52;17;54;142;58;21;47;20
228.0;27;54;17;54;142;55;20;50;21
234.0;24;53;17;51;148;55;22;49;21
240.0;23;56;18;53;148;52;21;48;21
246.0;24;56;17;54;146;53;20;49;21
252.0;22;57;18;54;149;55;19;50;16
258.0;22;56;19;53;146;55;17;52;20
264.0;22;55;18;56;147;52;15;53;22
270.0;24;52;17;59;147;47;19;52;23
276.0;21;52;18;63;145;47;20;49;25
282.0;18;48;20;63;145;46;23;51;26
288.0;18;49;26;57;144;46;23;52;25
294.0;17;49;26;57;146;46;22;53;24
300.0;21;51;25;54;145;44;23;53;24
306.0;19;49;23;56;145;45;22;56;25
312.0;20;49;26;55;145;46;19;55;25
318.0;27;49;24;50;144;47;19;55;25
324.0;30;51;26;51;143;48;20;47;24
330.0;30;52;22;51;144;49;18;47;27
336.0;24;55;26;49;148;48;18;47;25
342.0;25;54;26;48;152;47;16;49;23
348.0;23;53;27;50;151;43;19;50;24
354.0;21;50;29;51;153;44;19;51;22
360.0;20;45;30;49;158;45;19;51;23
366.0;23;43;27;52;160;43;19;49;24
372.0;22;43;27;52;160;42;20;49;25
378.0;24;43;25;52;160;44;21;46;25
384.0;25;44;27;52;162;42;19;46;23
390.0;23;43;29;51;162;45;18;46;23
396.0;21;41;29;51;165;44;18;48;23
402.0;17;41;28;48;167;45;20;50;24
408.0;17;42;26;48;169;47;19;51;21
414.0;16;42;26;46;175;49;19;48;19
420.0;17;44;27;45;174;48;20;50;15
426.0;17;44;24;43;172;49;21;52;18
432.0;16;43;25;44;175;46;24;51;16
438.0;16;42;25;45;177;47;24;50;14
444.0;18;41;27;45;179;46;23;46;15
450.0;18;40;26;45;180;44;23;50;14
456.0;18;40;25;46;180;41;25;49;16
462.0;20;37;26;48;180;43;24;48;14
468.0;18;38;28;49;177;45;23;50;12
474.0;17;37;29;50;177;47;22;49;12
480.0;20;39;29;48;177;45;21;48;13
486.0;21;38;29;46;177;45;24;48;12
492.0;19;46;29;44;178;42;21;47;14
498.0;22;43;32;44;176;46;20;47;10
504.0;22;44;27;44;178;47;20;47;11
510.0;21;47;26;44;177;47;18;50;10
516.0;22;46;25;45;175;49;19;50;9
522.0;19;46;25;44;173;49;21;52;11
528.0;20;44;26;48;173;50;20;50;9
534.0;15;47;29;49;176;51;15;50;8
540.0;18;48;29;49;173;47;18;48;10
546.0;20;46;30;47;175;45;18;48;11
552.0;24;47;28;45;174;45;22;45;10
558.0;25;43;28;46;174;44;21;44;15
564.0;21;42;30;49;173;39;24;48;14
570.0;21;40;27;51;174;39;25;51;12
576.0;20;41;23;50;178;40;23;54;11
582.0;18;42;24;51;179;39;21;55;11
588.0;15;42;25;54;180;39;20;52;13
594.0;17;42;23;53;181;38;20;52;14
600.0;20;37;23;50;181;40;21;53;15
606.0;25;35;22;46;179;43;21;53;16
612.0;27;32;18;44;179;43;21;57;19
618.0;24;33;19;46;175;42;21;60;20
624.0;26;35;18;45;175;41;21;60;19
630.0;26;37;18;43;179;40;18;60;19
636.0;18;37;20;44;176;43;20;62;20
642.0;22;35;20;47;174;43;21;58;20
648.0;20;38;22;42;172;44;22;60;20
654.0;17;38;21;43;173;42;22;59;25
660.0;18;38;22;46;172;41;21;58;24
666.0;18;38;21;43;169;46;22;61;22
672.0;18;40;22;45;170;43;27;56;19
678.0;18;40;24;44;173;42;26;55;18
684.0;19;41;25;43;172;42;23;54;21
690.0;24;41;23;44;172;42;21;53;20
696.0;22;41;25;43;172;41;20;53;23
702.0;23;40;25;41;173;43;19;54;22
708.0;23;42;24;41;176;41;19;54;20
714.0;22;42;23;41;175;40;19;58;20
720.0;21;40;23;41;178;43;18;56;20
726.0;20;42;18;43;178;42;17;58;22
732.0;22;42;22;44;173;39;18;59;21
738.0;26;38;22;46;172;40;16;58;22
744.0;27;35;22;47;173;38;17;58;23
750.0;30;30;24;50;172;40;14;56;24
756.0;25;31;24;45;176;39;15;55;30
762.0;24;31;25;43;174;40;17;53;33
768.0;23;33;24;42;173;42;18;52;33
774.0;24;34;24;37;172;42;16;54;37
780.0;24;32;21;38;169;43;16;59;38
786.0;23;36;21;33;167;45;15;62;38
792.0;22;38;19;29;168;46;17;59;42
798.0;21;41;16;30;168;50;16;61;37
804.0;20;43;12;32;168;53;19;59;34
810.0;18;45;15;33;166;53;21;56;33
816.0;18;42;16;33;166;55;20;57;33
822.0;18;39;18;34;170;53;20;59;29
828.0;16;42;21;35;168;55;19;55;29
834.0;14;45;21;36;172;53;20;54;25
840.0;13;45;22;34;174;53;21;53;25
846.0;16;49;20;33;174;48;22;52;26
852.0;19;50;21;32;173;52;21;48;24
858.0;19;51;17;32;172;56;20;50;23
864.0;19;47;17;35;173;55;23;50;21
870.0;19;46;17;34;171;53;27;52;21
876.0;18;48;17;35;172;55;27;48;20
882.0;19;49;20;32;171;54;23;49;23
888.0;21;52;21;33;170;53;23;45;22
894.0;21;54;22;35;169;51;24;44;20
900.0;20;51;18;35;171;55;25;40;25
906.0;23;49;18;38;167;53;26;42;24
912.0;24;51;17;38;167;52;26;42;23
918.0;23;51;16;36;170;48;31;43;22
924.0;25;49;15;35;171;48;35;39;23
930.0;27;50;14;33;171;49;35;43;18
936.0;26;50;16;32;169;49;34;42;22
942.0;27;51;18;30;169;47;35;42;21
948.0;26;51;17;31;173;45;38;41;18
954.0;25;46;18;33;173;45;40;42;18
960.0;23;45;19;33;175;49;37;40;19
966.0;19;49;17;33;173;50;35;41;23
972.0;21;47;16;30;176;50;34;43;23
978.0;19;48;16;31;178;48;35;43;22
984.0;17;49;21;31;175;44;34;44;25
990.0;19;51;22;31;175;43;29;44;26
996.0;20;53;21;31;174;43;29;45;24
1002.0;20;54;22;32;174;38;28;46;26
1008.0;21;51;20;33;176;39;27;42;31
1014.0;19;52;23;37;177;39;26;40;27
1020.0;19;51;23;40;176;42;24;39;26
1026.0;20;54;24;40;175;40;25;39;23
1032.0;23;55;22;41;173;39;26;38;23
1038.0;24;52;23;45;173;39;23;39;22
1044.0;22;51;19;40;175;44;26;39;24
1050.0;22;52;21;37;174;47;25;37;25
1056.0;21;55;20;38;178;46;22;39;21
1062.0;22;49;21;36;182;46;24;39;21
1068.0;20;50;20;37;184;43;25;41;20
1074.0;21;52;21;36;182;46;26;36;20
1080.0;20;53;23;41;181;43;25;36;18
1086.0;21;54;19;40;181;41;26;37;21
1092.0;17;55;17;38;187;40;25;37;24
1098.0;15;55;18;37;188;40;27;37;23
1104.0;16;50;20;37;189;40;27;38;23
1110.0;16;51;19;36;190;42;25;38;23
1116.0;14;51;20;37;190;41;24;40;23
1122.0;19;51;20;38;187;41;21;41;22
1128.0;19;49;19;41;187;39;21;42;23
1134.0;16;49;21;41;185;42;23;42;21
1140.0;17;48;17;41;185;45;22;41;24
1146.0;17;50;17;40;187;47;19;39;24
1152.0;17;50;20;38;187;45;19;40;24
1158.0;19;48;18;37;191;46;19;40;22
1164.0;18;47;18;37;193;43;22;41;21
1170.0;17;45;20;38;197;41;21;40;21
1176.0;15;44;20;40;198;43;23;38;19
1182.0;11;44;20;41;200;43;23;37;21
1188.0;13;44;19;39;200;41;24;37;23
1194.0;12;44;20;39;201;41;27;36;20
1200.0;12;43;16;39;203;46;26;36;19
1206.0;12;43;13;39;207;42;31;35;18
1212.0;12;43;11;41;208;42;32;37;14
1218.0;12;40;12;41;207;42;30;40;16
1224.0;13;41;13;43;205;44;26;41;14
1230.0;14;39;13;42;203;45;28;43;13
1236.0;17;40;12;41;204;44;25;42;15
1242.0;13;41;14;39;206;43;28;40;16
1248.0;16;40;20;38;201;40;27;41;17
1254.0;17;43;19;39;203;42;22;41;14
1260.0;11;44;20;39;205;45;21;41;14
1266.0;9;41;21;40;206;43;23;40;17
1272.0;14;44;19;40;206;40;19;39;19
1278.0;16;45;18;37;205;39;20;40;20
1284.0;16;43;16;37;205;38;23;42;20
1290.0;13;41;17;36;206;41;25;42;19
1296.0;12;44;15;37;206;42;23;42;19
1302.0;14;45;17;35;204;42;23;39;21
1308.0;13;41;19;36;205;44;23;42;17
1314.0;15;40;16;39;204;43;23;44;16
1320.0;16;43;14;36;205;43;18;49;16
1326.0;18;44;13;37;206;41;17;45;19
1332.0;17;45;16;38;203;42;15;46;18
1338.0;18;42;14;42;201;44;17;47;15
1344.0;18;40;16;43;199;42;19;49;14
1350.0;15;38;15;41;201;45;21;51;13
1356.0;17;40;16;37;201;42;24;49;14
1362.0;18;39;18;38;200;40;25;47;15
1368.0;22;37;19;39;200;39;22;45;17
1374.0;19;38;20;38;197;42;21;46;19
1380.0;17;40;19;39;200;42;17;49;17
1386.0;16;41;19;36;201;43;18;51;15
1392.0;15;39;17;35;199;45;19;55;16
1398.0;19;39;16;33;202;44;19;55;13
1404.0;18;41;19;32;203;44;19;50;14
1410.0;15;44;22;30;202;42;23;50;12
1416.0;13;43;25;31;202;40;21;52;13
1422.0;13;43;23;28;203;41;22;54;13
1428.0;13;43;26;30;201;40;21;55;11
1434.0;13;43;28;27;205;42;23;48;11
1440.0;11;40;31;27;206;42;23;48;12
1446.0;16;38;24;27;207;44;26;47;11
1452.0;15;35;22;32;207;47;22;46;14
1458.0;15;38;20;33;204;44;20;48;18
1464.0;15;39;21;34;198;47;19;48;19
1470.0;17;40;20;34;200;47;18;47;17
1476.0;18;43;19;36;199;49;19;45;12
1482.0;18;41;21;36;197;48;20;46;13
1488.0;20;37;23;36;199;43;21;45;16
1494.0;19;39;26;35;198;45;18;43;17
1500.0;17;40;23;37;196;46;22;41;18
1506.0;18;41;23;36;195;43;21;43;20
1512.0;19;41;24;38;194;44;20;44;16
1518.0;18;39;23;39;195;45;21;43;17
1524.0;17;37;22;40;195;45;22;44;18
1530.0;18;41;21;41;194;43;21;44;17
1536.0;19;38;18;43;197;43;21;43;18
1542.0;23;39;17;42;198;42;21;42;16
1548.0;20;39;21;39;199;44;22;41;15
1554.0;21;35;19;42;201;46;20;42;14
1560.0;21;36;19;40;201;48;19;42;14
1566.0;22;35;17;41;200;47;21;42;15
1572.0;23;37;15;44;201;44;22;40;14
1578.0;26;38;16;43;201;44;21;40;11
1584.0;24;40;17;41;202;44;18;41;13
1590.0;21;44;17;44;203;43;12;38;18
1596.0;22;45;19;42;204;46;10;35;17
1602.0;20;46;23;41;201;47;11;35;16
1608.0;23;45;22;40;200;45;12;36;17
1614.0;18;44;20;41;200;43;15;40;19
1620.0;18;41;20;40;201;45;16;40;19
1626.0;17;42;22;41;199;45;14;41;19
1632.0;20;43;20;40;200;40;15;42;20
1638.0;17;44;20;41;201;40;16;43;18
1644.0;18;44;20;39;199;42;19;42;17
1650.0;16;44;20;38;201;41;21;43;16
1656.0;17;45;21;35;200;40;21;44;17
1662.0;19;45;19;38;201;39;19;45;15
1668.0;20;48;18;38;202;41;19;39;15
1674.0;21;47;16;40;200;40;21;41;14
1680.0;19;46;17;43;197;42;19;43;14
1686.0;20;47;17;40;192;44;19;47;14
1692.0;21;45;19;43;195;44;18;43;12
1698.0;19;45;18;41;196;44;21;43;13
1704.0;20;44;19;39;196;42;19;47;14
1710.0;19;40;21;39;197;42;19;49;14
1716.0;19;40;20;38;199;41;21;48;14
1722.0;20;40;20;37;198;43;22;48;12
1728.0;22;40;20;39;199;39;22;47;12
1734.0;19;41;21;40;198;40;23;44;14
1740.0;17;41;23;40;202;40;19;44;14
1746.0;13;41;25;40;202;40;18;44;17
1752.0;15;40;24;39;201;44;16;43;18
1758.0;13;38;22;41;203;42;18;45;18
1764.0;13;35;24;42;202;44;16;46;18
1770.0;13;37;24;44;203;41;16;44;18
1776.0;13;39;24;43;202;40;17;43;19
1782.0;17;38;23;44;199;41;14;44;20
1788.0;22;38;21;43;201;38;15;42;20
1794.0;20;40;16;43;203;38;16;42;22
