#auto generated file!
12.0;49;52;54;47;54;53;45;55;51
18.0;51;52;48;50;61;55;43;52;48
24.0;54;54;41;55;63;53;45;51;44
30.0;51;59;43;54;65;53;43;50;42
36.0;45;60;45;53;70;53;39;51;44
42.0;45;59;45;51;75;53;38;49;45
48.0;47;61;44;50;79;53;34;49;43
54.0;42;62;43;51;81;53;32;49;47
60.0;42;63;37;51;84;52;34;56;41
66.0;37;59;36;51;89;56;32;57;43
72.0;35;58;34;53;97;55;35;53;40
78.0;36;58;35;53;100;51;31;55;41
84.0;40;55;32;54;105;49;32;56;37
90.0;38;51;33;59;106;51;32;58;32
96.0;39;46;31;59;110;55;35;55;30
102.0;41;46;27;58;111;54;37;55;31
108.0;41;46;27;63;113;51;35;52;32
114.0;37;44;23;61;117;53;33;56;36
120.0;35;45;21;58;117;56;36;56;36
126.0;35;47;19;57;120;56;36;56;34
132.0;37;47;19;59;120;58;33;54;33
138.0;39;47;20;59;120;52;33;58;32
144.0;39;44;22;59;119;52;34;60;31
150.0;35;46;19;59;120;52;33;64;32
156.0;36;47;19;58;124;49;33;65;29
162.0;35;47;20;55;127;51;32;62;31
168.0;33;49;19;53;128;55;35;62;26
174.0;32;48;18;52;126;55;38;61;30
180.0;30;46;18;55;130;55;37;59;30
186.0;27;47;17;55;130;56;38;59;31
192.0;25;48;16;58;131;58;35;57;32
198.0;21;48;16;58;131;60;35;60;31
204.0;20;48;16;58;133;58;34;61;32
210.0;21;44;16;57;136;63;32;56;35
216.0;23;45;17;58;136;64;30;56;31
222.0;26;46;16;54;138;68;30;52;30
228.0;25;45;19;55;138;68;29;53;28
234.0;24;44;20;55;143;63;28;56;27
240.0;23;46;19;54;144;63;28;55;28
246.0;22;47;19;52;146;59;28;57;30
252.0;27;47;19;53;145;57;28;57;27
258.0;25;45;23;52;144;57;24;59;31
264.0;23;47;24;53;144;55;25;58;31
270.0;24;47;24;54;146;58;22;57;28
276.0;24;46;27;52;146;56;25;56;28
282.0;25;49;29;46;146;59;23;53;30
288.0;27;44;26;47;149;62;23;52;30
294.0;28;46;28;44;147;64;22;52;29
300.0;29;43;30;44;147;61;23;56;27
306.0;26;44;33;43;149;61;26;53;25
312.0;27;44;29;45;153;58;27;50;27
318.0;26;45;31;44;153;56;29;50;26
324.0;26;45;28;47;151;55;30;50;28
330.0;26;45;27;48;156;57;25;47;29
336.0;22;44;28;51;158;58;21;50;28
342.0;22;43;26;48;160;58;30;48;25
348.0;22;42;22;50;161;60;33;47;23
354.0;24;44;19;47;164;59;34;49;20
360.0;24;42;21;46;166;58;30;50;23
366.0;26;44;20;45;166;53;30;54;22
372.0;25;51;19;45;165;50;28;53;24
378.0;26;52;21;46;164;52;25;55;19
384.0;27;52;23;42;164;50;27;56;19
390.0;27;51;22;46;163;48;29;55;19
396.0;23;51;21;44;163;52;28;59;19
402.0;22;52;23;47;163;47;27;59;20
408.0;20;53;23;46;165;47;25;61;20
414.0;19;52;26;43;165;46;23;63;23
420.0;19;54;27;42;164;45;27;58;24
426.0;20;50;26;40;166;48;28;57;25
432.0;20;48;26;41;170;47;28;55;25
438.0;21;46;30;40;171;46;24;55;27
444.0;21;48;29;41;172;49;23;50;27
450.0;22;46;29;43;172;48;24;48;28
456.0;25;51;26;42;172;45;22;51;26
462.0;25;50;21;40;173;47;22;52;30
468.0;23;54;19;39;175;46;24;50;30
474.0;25;55;17;37;173;48;25;48;32
480.0;24;51;17;41;175;46;26;50;30
486.0;23;48;20;40;171;47;26;53;32
492.0;20;49;23;40;172;46;24;52;34
498.0;20;49;25;37;173;46;23;51;36
504.0;18;50;25;42;177;44;22;47;35
510.0;19;49;22;43;177;43;23;51;33
516.0;22;45;23;46;176;45;22;47;34
522.0;25;42;23;47;174;43;21;54;31
528.0;28;40;26;45;178;42;18;53;30
534.0;27;40;25;47;177;46;21;49;28
540.0;29;40;26;45;180;48;20;47;25
546.0;26;41;25;43;179;50;23;47;26
552.0;26;40;26;44;177;52;20;48;27
558.0;22;36;29;46;179;53;19;47;29
564.0;24;37;29;48;179;53;19;44;27
570.0;23;41;28;45;177;54;19;45;28
576.0;24;39;27;47;180;53;19;44;27
582.0;22;37;30;47;178;52;23;44;27
588.0;22;36;26;45;182;54;23;43;29
594.0;18;39;28;45;183;55;20;47;25
600.0;19;37;28;48;182;52;24;47;23
606.0;19;38;30;50;182;48;22;50;21
612.0;19;38;29;49;184;47;23;48;23
618.0;18;39;27;47;187;47;23;45;27
624.0;17;38;28;46;185;49;20;49;28
630.0;21;39;27;46;185;45;20;48;29
636.0;17;43;25;49;187;42;19;48;30
642.0;21;42;23;49;189;42;18;46;30
648.0;21;45;20;45;187;41;21;48;32
654.0;23;45;20;45;186;43;23;47;28
660.0;24;48;22;43;187;43;23;43;27
666.0;20;49;25;42;189;44;25;41;25
672.0;21;51;28;43;186;45;24;39;23
678.0;22;54;28;42;188;47;19;40;20
684.0;22;55;24;45;190;44;18;42;20
690.0;23;55;21;46;193;45;20;40;17
696.0;23;51;20;47;192;45;21;42;19
702.0;24;48;17;49;194;45;20;43;20
708.0;24;49;17;50;195;46;19;43;17
714.0;26;51;15;51;197;47;15;41;17
720.0;25;51;12;52;200;47;13;42;18
726.0;28;51;14;51;200;42;16;41;17
732.0;30;47;17;50;198;45;16;41;16
738.0;29;47;14;52;201;45;15;38;19
744.0;26;52;11;53;198;46;17;37;20
750.0;24;48;12;56;200;42;16;40;22
756.0;22;49;14;57;198;45;15;39;21
762.0;23;49;13;56;199;47;14;39;20
768.0;21;52;15;59;199;46;15;38;15
774.0;21;50;17;61;199;42;16;39;15
780.0;18;49;17;64;198;44;13;40;17
786.0;17;50;15;63;202;42;15;39;17
792.0;21;47;15;63;204;40;16;39;15
798.0;20;45;16;67;204;38;15;39;16
804.0;18;42;15;65;207;43;14;37;19
810.0;22;39;15;62;207;43;15;36;21
816.0;27;37;13;64;208;43;11;36;21
822.0;21;39;13;63;212;46;13;35;18
828.0;23;39;15;60;210;48;12;35;18
834.0;23;42;13;59;210;49;14;30;20
840.0;22;41;13;58;211;49;15;30;21
846.0;27;41;13;55;212;48;15;31;18
852.0;27;41;15;54;210;46;16;32;19
858.0;31;40;15;54;213;44;17;32;14
864.0;31;39;16;55;213;43;15;34;14
870.0;32;39;16;55;211;42;17;33;15
876.0;33;39;15;51;211;43;16;35;17
882.0;29;39;15;48;211;43;17;41;17
888.0;26;40;16;49;214;43;18;36;18
894.0;23;37;15;49;215;42;20;38;21
900.0;23;38;17;46;215;41;21;38;21
906.0;22;35;17;45;214;45;22;38;22
912.0;23;35;15;44;213;47;19;41;23
918.0;24;38;14;47;211;43;19;43;21
924.0;23;37;17;47;212;43;18;44;19
930.0;23;39;16;51;211;41;20;42;17
936.0;21;40;18;52;212;39;21;41;16
942.0;23;37;20;50;212;40;21;39;18
948.0;23;39;20;46;214;39;21;39;19
954.0;27;36;19;45;215;41;17;39;21
960.0;26;41;19;46;214;36;20;36;22
966.0;21;43;20;45;218;36;20;35;22
972.0;19;44;23;42;220;36;20;37;19
978.0;18;42;22;37;221;36;26;39;19
984.0;19;43;23;33;220;38;27;40;17
990.0;22;43;22;34;219;36;26;40;18
996.0;24;42;21;36;215;35;24;41;22
1002.0;22;44;20;37;214;32;26;41;24
1008.0;21;42;19;39;213;33;28;43;22
1014.0;23;37;23;41;211;33;24;46;22
1020.0;25;39;25;45;214;30;24;42;16
1026.0;26;38;23;45;216;31;23;42;16
1032.0;24;40;26;47;214;30;21;43;15
1038.0;24;42;24;49;214;32;16;44;15
1044.0;24;41;22;47;214;35;17;45;15
1050.0;21;40;24;45;213;35;20;46;16
1056.0;21;37;21;43;213;39;19;47;20
1062.0;23;36;18;44;212;39;21;47;20
1068.0;24;38;17;42;212;38;22;47;20
1074.0;25;41;14;44;211;39;22;45;19
1080.0;23;39;15;45;208;39;24;48;19
1086.0;22;35;16;44;212;40;21;47;23
1092.0;18;36;14;45;210;41;22;51;23
1098.0;21;38;13;44;210;41;24;50;19
1104.0;24;34;14;44;210;40;26;48;20
1110.0;26;30;19;44;209;40;24;48;20
1116.0;23;33;21;43;211;39;24;47;19
1122.0;25;34;19;42;213;40;22;45;20
1128.0;26;37;20;41;209;40;24;43;20
1134.0;25;38;20;42;210;38;25;42;20
1140.0;25;38;19;45;207;39;27;41;19
1146.0;25;37;18;45;208;39;25;43;20
1152.0;23;35;15;47;215;36;23;44;22
1158.0;23;36;16;48;211;38;20;43;25
1164.0;23;38;17;51;209;38;19;44;21
1170.0;24;38;17;47;208;40;21;45;20
1176.0;24;35;18;50;207;44;23;44;15
1182.0;20;31;17;54;209;39;26;46;18
1188.0;21;31;17;54;207;43;26;46;15
1194.0;21;31;16;49;210;44;28;45;16
1200.0;20;31;22;46;214;43;25;42;17
1206.0;19;29;21;48;214;43;24;46;16
1212.0;18;28;22;52;213;41;25;45;16
1218.0;17;27;22;49;214;43;26;46;16
1224.0;19;26;23;50;210;41;28;46;17
1230.0;18;27;21;53;206;43;27;46;19
1236.0;14;31;23;51;205;42;27;46;21
1242.0;14;34;21;50;205;41;28;46;21
1248.0;14;29;24;50;208;42;29;45;19
1254.0;16;27;26;50;207;43;26;47;18
1260.0;15;28;27;48;212;43;23;46;18
1266.0;15;27;29;46;210;45;24;46;18
1272.0;16;28;28;46;210;45;25;45;17
1278.0;17;29;28;43;208;45;25;46;19
1284.0;16;30;26;40;210;46;25;47;20
1290.0;15;31;27;41;211;46;25;45;19
1296.0;17;32;24;42;211;43;26;45;20
1302.0;18;34;27;42;209;42;23;46;19
1308.0;21;31;28;43;211;41;20;48;17
1314.0;18;34;26;41;212;41;21;51;16
1320.0;17;37;23;43;211;41;21;49;18
1326.0;16;37;21;40;214;39;23;49;21
1332.0;17;38;22;40;215;39;22;46;21
1338.0;20;38;23;40;215;35;23;45;21
1344.0;19;37;21;39;218;36;24;44;22
1350.0;20;41;20;39;218;35;23;44;20
1356.0;20;40;21;41;220;36;23;43;16
1362.0;20;41;24;39;221;35;22;44;14
1368.0;22;40;25;40;223;32;20;44;14
1374.0;27;43;22;39;225;31;18;42;13
1380.0;27;44;22;38;224;28;19;43;15
1386.0;26;42;21;38;225;31;18;43;16
1392.0;25;45;20;36;224;30;21;43;16
1398.0;21;47;18;35;222;31;22;45;19
1404.0;19;46;18;34;220;31;22;51;19
1410.0;18;46;16;33;221;32;28;50;16
1416.0;14;45;16;35;219;31;32;50;18
1422.0;16;45;16;37;221;28;28;48;21
1428.0;14;45;14;38;225;27;25;49;23
1434.0;15;43;15;42;224;27;26;48;20
1440.0;18;48;12;41;225;27;26;46;17
1446.0;21;49;13;43;221;25;23;45;20
1452.0;24;47;16;41;223;26;21;45;17
1458.0;23;43;18;41;222;27;21;47;18
1464.0;23;42;17;40;223;30;19;47;19
1470.0;25;43;18;39;219;32;18;46;20
1476.0;26;45;20;40;219;33;18;41;18
1482.0;25;44;20;42;219;33;20;42;15
1488.0;26;43;19;43;221;32;20;42;14
1494.0;27;42;21;44;220;31;20;44;11
1500.0;25;44;19;42;223;30;21;46;10
1506.0;26;41;18;46;224;29;21;45;10
1512.0;25;45;18;44;224;30;20;43;11
1518.0;24;48;19;40;222;33;20;42;12
1524.0;24;47;23;38;224;32;20;42;10
1530.0;23;49;23;42;218;34;20;41;10
1536.0;20;48;22;40;218;37;19;42;14
1542.0;19;51;19;42;215;39;19;41;15
1548.0;19;49;18;42;212;40;21;46;13
1554.0;18;44;20;42;212;40;22;47;15
1560.0;15;44;22;44;210;43;20;48;14
1566.0;16;44;20;43;210;46;19;46;16
1572.0;18;42;20;38;212;46;19;46;19
1578.0;20;38;20;41;212;45;17;47;20
1584.0;19;41;17;42;212;44;13;51;21
1590.0;20;40;16;44;211;44;14;50;21
1596.0;20;40;16;40;208;46;17;54;19
1602.0;22;37;16;40;208;43;19;56;19
1608.0;22;35;16;38;214;41;18;56;20
1614.0;20;38;17;39;212;39;15;55;25
1620.0;21;37;17;39;213;37;17;54;25
1626.0;27;35;19;37;212;38;17;52;23
1632.0;27;38;19;38;213;33;17;52;23
1638.0;25;40;19;40;214;32;16;51;23
1644.0;21;40;22;41;212;36;13;51;24
1650.0;23;41;22;41;213;34;17;47;22
1656.0;21;41;23;42;214;31;19;47;22
1662.0;17;39;24;42;217;32;19;47;23
1668.0;19;39;24;40;215;32;18;49;24
1674.0;22;40;21;39;213;32;21;48;24
1680.0;19;36;22;39;214;32;21;52;25
1686.0;22;36;21;38;217;31;19;52;24
1692.0;24;36;27;35;215;29;21;52;21
1698.0;23;37;26;40;219;27;20;49;19
1704.0;24;38;22;41;219;30;20;48;18
1710.0;20;35;23;42;220;32;20;49;19
1716.0;20;34;27;42;216;34;21;46;20
1722.0;21;35;30;41;215;30;24;47;17
1728.0;22;37;33;40;214;29;24;44;17
1734.0;20;38;31;42;213;28;25;45;18
1740.0;19;39;30;38;211;30;26;49;18
1746.0;22;36;32;38;210;29;24;49;20
1752.0;24;35;28;42;210;30;23;46;22
1758.0;28;37;28;40;209;27;20;51;20
1764.0;28;34;28;43;208;29;19;52;19
1770.0;26;34;28;41;206;31;22;51;21
1776.0;23;32;29;38;211;32;20;57;18
1782.0;24;32;26;36;213;31;22;55;21
1788.0;26;31;25;34;212;31;25;56;20
1794.0;26;33;24;35;215;29;25;55;18
