#auto generated file!
12.0;37;45;52;48;49;54;42;63;40
18.0;36;43;48;52;52;55;39;69;36
24.0;36;45;46;54;55;59;34;65;36
30.0;37;50;45;52;58;52;35;66;35
36.0;34;49;44;52;58;56;33;68;36
42.0;33;46;42;54;62;60;28;67;38
48.0;34;47;40;53;64;60;27;68;37
54.0;35;47;40;52;68;58;26;69;35
60.0;35;51;39;53;68;59;25;71;29
66.0;34;48;41;55;71;58;23;73;27
72.0;32;48;38;55;72;58;26;74;27
78.0;28;46;40;54;73;61;26;72;30
84.0;29;46;39;57;74;60;24;68;33
90.0;28;47;36;53;79;63;26;66;32
96.0;27;48;40;53;77;64;26;62;33
102.0;26;47;40;53;80;65;29;60;30
108.0;25;47;35;55;82;64;31;60;31
114.0;31;47;32;54;83;61;32;58;32
120.0;28;46;33;52;86;62;29;59;35
126.0;30;48;27;54;89;63;30;58;31
132.0;29;49;28;54;90;64;30;58;28
138.0;30;49;28;55;89;63;29;60;27
144.0;31;48;28;58;92;63;27;57;26
150.0;35;52;27;58;91;65;25;54;23
156.0;35;54;22;55;93;62;26;56;27
162.0;30;53;25;59;97;61;23;56;26
168.0;31;54;24;60;102;59;23;54;23
174.0;36;51;27;60;102;57;22;54;21
180.0;34;49;26;65;102;56;19;54;25
186.0;32;52;29;65;103;55;19;54;21
192.0;28;51;28;63;105;57;21;54;23
198.0;26;53;26;67;106;59;19;53;21
204.0;28;51;26;66;109;61;19;52;18
210.0;25;52;25;67;108;61;19;51;22
216.0;25;53;22;63;113;61;22;46;25
222.0;25;54;21;59;114;64;20;45;28
228.0;26;56;21;62;111;61;17;45;31
234.0;25;56;22;61;107;62;19;45;33
240.0;23;56;21;62;109;61;19;48;31
246.0;21;58;20;61;109;62;22;48;29
252.0;20;60;21;58;109;60;24;53;25
258.0;21;59;22;59;114;57;21;48;29
264.0;21;60;20;61;114;58;21;48;27
270.0;22;58;19;61;115;56;21;50;28
276.0;21;55;23;66;117;53;19;45;31
282.0;19;59;22;67;114;55;17;45;32
288.0;18;57;24;66;115;53;15;48;34
294.0;20;56;26;65;116;51;16;49;31
300.0;19;55;29;60;115;50;18;52;32
306.0;19;56;29;59;113;49;17;53;35
312.0;20;53;34;59;110;49;20;50;35
318.0;22;51;31;58;109;48;23;53;35
324.0;23;52;27;57;110;49;25;57;30
330.0;23;49;28;56;113;53;22;57;29
336.0;23;48;26;57;114;55;22;56;29
342.0;24;49;26;58;116;53;20;56;28
348.0;27;49;24;56;116;53;22;57;26
354.0;30;49;22;57;119;53;21;49;30
360.0;24;49;22;58;123;52;22;49;31
366.0;24;51;20;59;120;51;23;49;33
372.0;16;52;20;58;122;52;27;47;36
378.0;17;56;20;61;128;47;25;45;31
384.0;18;57;22;61;128;45;26;45;28
390.0;18;54;23;61;128;44;26;48;28
396.0;18;51;25;61;129;47;21;49;29
402.0;18;50;26;61;128;46;20;51;30
408.0;20;47;25;60;131;48;23;49;27
414.0;23;50;24;61;129;49;22;43;29
420.0;21;49;25;62;129;49;21;48;26
426.0;22;50;23;61;132;48;22;48;24
432.0;23;51;24;63;134;44;18;51;22
438.0;23;50;22;65;135;45;18;51;21
444.0;22;48;24;63;135;44;19;53;22
450.0;22;46;25;59;136;45;21;55;21
456.0;20;45;25;58;134;48;23;57;20
462.0;22;46;26;54;137;49;21;59;16
468.0;23;44;27;52;137;50;18;60;19
474.0;26;48;20;51;139;51;17;58;20
480.0;27;48;21;48;142;52;18;55;19
486.0;25;47;23;47;142;53;20;55;18
492.0;29;48;25;44;143;52;21;51;17
498.0;25;51;24;44;146;50;20;51;19
504.0;24;50;26;44;146;49;21;51;19
510.0;23;49;32;40;145;49;23;51;18
516.0;25;51;29;39;144;48;23;52;19
522.0;21;54;29;39;143;49;22;54;19
528.0;21;52;29;40;144;47;24;54;19
534.0;22;52;27;40;145;45;25;55;19
540.0;27;49;28;41;147;43;26;52;17
546.0;26;47;29;42;149;43;26;50;18
552.0;27;51;28;41;150;43;23;49;18
558.0;29;53;30;38;150;42;22;48;18
564.0;32;46;31;37;154;42;23;47;18
570.0;30;49;30;36;156;42;23;46;18
576.0;29;52;30;38;157;45;18;42;19
582.0;23;53;27;41;159;48;17;43;19
588.0;20;54;28;40;160;46;19;43;20
594.0;21;55;27;43;161;44;17;44;18
600.0;24;51;26;40;163;43;19;45;19
606.0;25;49;23;42;164;43;21;43;20
612.0;26;49;24;45;161;43;19;43;20
618.0;22;49;25;42;160;48;21;44;19
624.0;23;50;25;41;157;47;22;46;19
630.0;24;49;24;44;154;50;22;46;17
636.0;25;50;26;45;151;49;23;44;17
642.0;25;51;25;44;153;47;24;42;19
648.0;25;49;23;46;158;47;23;40;19
654.0;28;45;25;47;156;44;23;41;21
660.0;27;47;24;50;161;45;20;37;19
666.0;28;49;23;47;162;46;21;35;19
672.0;26;48;25;44;163;46;22;36;20
678.0;28;48;25;45;164;41;22;35;22
684.0;29;49;24;43;163;43;22;36;21
690.0;30;47;23;43;164;42;21;38;22
696.0;31;47;21;44;164;41;22;39;21
702.0;31;49;22;42;160;45;21;36;24
708.0;30;48;22;39;162;46;21;34;28
714.0;28;48;24;41;162;46;19;36;26
720.0;29;49;24;41;160;48;21;36;22
726.0;24;50;23;41;161;53;23;34;21
732.0;25;48;22;42;162;51;24;34;22
738.0;24;49;24;41;160;52;25;33;22
744.0;22;49;26;41;161;52;24;34;21
750.0;21;46;24;40;161;53;29;32;24
756.0;23;45;23;46;159;50;28;33;23
762.0;23;45;23;46;159;47;30;33;24
768.0;22;44;21;47;162;42;34;34;24
774.0;20;43;26;46;163;41;37;33;21
780.0;20;41;23;44;165;42;39;34;22
786.0;23;42;19;47;166;42;34;35;22
792.0;22;40;20;48;169;42;33;34;22
798.0;21;41;20;47;169;41;31;36;24
804.0;25;42;17;47;169;39;30;35;26
810.0;25;43;16;46;170;41;27;36;26
816.0;25;41;18;46;172;41;29;35;23
822.0;23;41;17;45;172;40;28;40;24
828.0;27;43;15;45;171;40;25;43;21
834.0;24;46;15;44;170;45;26;42;18
840.0;26;48;17;42;172;43;25;38;19
846.0;28;43;19;43;176;40;27;40;14
852.0;30;43;23;45;174;38;23;42;12
858.0;35;40;22;49;174;36;20;43;11
864.0;37;38;22;46;175;34;21;45;12
870.0;35;38;20;47;174;39;20;43;14
876.0;35;36;21;49;177;40;17;41;14
882.0;34;41;19;47;176;39;15;44;15
888.0;34;41;19;42;175;38;17;48;16
894.0;32;40;21;44;176;36;17;47;17
900.0;32;41;23;43;177;37;14;46;17
906.0;32;42;21;43;175;37;13;48;19
912.0;31;41;21;42;175;38;12;48;22
918.0;29;39;21;43;178;37;12;49;22
924.0;27;37;23;47;178;33;11;48;26
930.0;26;38;24;44;178;33;12;52;23
936.0;23;39;22;44;178;34;15;52;23
942.0;25;39;20;43;178;34;16;51;24
948.0;27;42;18;42;177;34;18;49;23
954.0;23;42;20;44;176;36;18;50;21
960.0;22;42;17;42;176;42;21;46;22
966.0;21;39;19;41;176;43;20;48;23
972.0;21;40;19;41;177;41;21;47;23
978.0;16;40;24;40;178;41;21;49;21
984.0;17;40;23;38;179;41;22;49;21
990.0;16;41;20;38;175;45;22;50;23
996.0;16;41;20;41;173;44;22;51;22
1002.0;15;42;20;39;171;45;23;53;22
1008.0;20;43;18;38;168;46;19;54;24
1014.0;21;41;19;36;168;48;17;54;26
1020.0;20;41;19;39;170;47;15;53;26
1026.0;20;40;23;38;172;47;13;55;22
1032.0;20;43;22;38;174;46;12;56;19
1038.0;20;43;22;38;177;44;15;54;17
1044.0;20;42;20;39;179;46;14;54;16
1050.0;20;41;19;40;179;48;13;57;13
1056.0;19;40;21;38;179;47;16;54;16
1062.0;19;41;21;38;180;44;17;51;19
1068.0;22;41;23;39;179;43;17;48;18
1074.0;20;46;20;40;180;43;16;48;17
1080.0;19;46;20;40;179;45;16;48;17
1086.0;18;45;18;43;180;43;18;47;18
1092.0;18;46;18;41;182;42;18;43;22
1098.0;17;46;19;41;185;40;20;43;19
1104.0;15;48;16;43;186;40;20;44;18
1110.0;16;46;17;41;187;38;19;48;18
1116.0;17;43;19;40;188;39;17;47;20
1122.0;18;40;20;39;187;39;20;49;18
1128.0;17;40;22;36;187;41;18;52;17
1134.0;19;38;25;37;184;41;18;52;16
1140.0;17;37;25;39;179;41;21;53;18
1146.0;15;36;23;38;181;44;24;52;17
1152.0;16;35;18;40;181;44;28;51;17
1158.0;16;37;17;40;182;44;25;50;19
1164.0;15;39;19;44;183;42;21;51;16
1170.0;11;37;19;44;183;43;25;50;18
1176.0;11;37;19;45;184;43;23;48;20
1182.0;12;37;17;48;183;41;21;49;22
1188.0;10;40;16;46;185;42;24;49;18
1194.0;12;40;15;44;185;43;24;49;18
1200.0;10;41;14;48;183;42;25;50;17
1206.0;10;41;15;47;184;42;21;50;20
1212.0;8;43;18;45;185;38;21;52;20
1218.0;8;47;19;44;186;37;21;50;18
1224.0;8;47;16;46;186;37;23;46;21
1230.0;13;49;14;44;186;37;21;44;22
1236.0;14;49;15;43;187;40;22;40;20
1242.0;16;47;15;39;185;43;22;40;23
1248.0;19;46;18;37;182;43;22;40;23
1254.0;20;46;19;38;181;42;23;41;20
1260.0;21;45;18;39;180;43;24;39;21
1266.0;19;43;18;41;183;42;26;39;19
1272.0;18;40;19;40;186;41;25;42;19
1278.0;19;38;20;44;184;42;23;42;18
1284.0;18;39;19;45;186;41;24;43;15
1290.0;18;38;19;48;184;38;27;41;17
1296.0;16;39;20;47;183;41;27;40;17
1302.0;16;38;18;47;185;43;25;42;16
1308.0;16;35;20;48;186;44;24;43;14
1314.0;18;35;17;42;190;47;23;43;15
1320.0;23;36;18;42;185;44;22;43;17
1326.0;21;37;18;40;185;49;20;41;19
1332.0;24;36;17;39;185;48;19;42;20
1338.0;23;35;15;37;186;49;21;42;22
1344.0;22;37;14;37;184;50;19;42;25
1350.0;22;39;12;38;185;46;19;42;27
1356.0;25;40;11;34;185;47;22;41;25
1362.0;20;40;10;36;190;46;22;41;25
1368.0;20;40;11;33;192;48;24;39;23
1374.0;16;39;10;33;196;50;25;39;22
1380.0;20;37;11;34;194;47;26;39;22
1386.0;21;36;12;34;192;44;27;41;23
1392.0;19;38;12;34;191;43;29;40;24
1398.0;17;38;13;33;190;46;29;39;25
1404.0;15;38;11;34;191;46;29;41;25
1410.0;16;37;13;35;188;44;31;43;23
1416.0;17;39;13;35;188;43;31;39;25
1422.0;18;37;13;35;193;41;27;42;24
1428.0;18;37;11;37;195;40;26;44;22
1434.0;17;40;10;35;199;40;23;43;23
1440.0;19;38;13;35;199;40;20;41;25
1446.0;18;35;12;36;197;43;22;44;23
1452.0;18;33;13;41;198;41;19;43;24
1458.0;20;33;16;39;197;45;16;42;22
1464.0;22;33;16;39;198;43;17;41;21
1470.0;24;31;16;42;198;41;17;40;21
1476.0;27;32;15;43;197;43;16;40;17
1482.0;27;37;14;42;197;44;13;40;16
1488.0;25;41;14;44;196;48;9;37;16
1494.0;21;40;16;43;197;47;9;39;18
1500.0;19;39;17;43;198;49;10;35;20
1506.0;21;34;20;43;199;44;14;34;21
1512.0;17;34;21;43;202;40;13;34;26
1518.0;15;33;24;41;202;39;14;33;29
1524.0;15;35;24;42;200;38;15;34;27
1530.0;14;35;23;44;199;41;15;33;26
1536.0;15;36;22;45;198;40;16;34;24
1542.0;13;33;24;45;203;41;14;35;22
1548.0;12;35;18;45;203;41;17;38;21
1554.0;16;34;20;47;205;39;13;34;22
1560.0;15;35;22;48;205;35;14;35;21
1566.0;18;36;22;45;203;36;10;37;23
1572.0;19;32;19;45;204;35;13;37;26
1578.0;19;31;17;43;205;34;16;38;27
1584.0;18;30;21;44;202;32;18;40;25
1590.0;17;33;23;46;203;29;19;38;22
1596.0;15;35;22;48;207;29;16;36;22
1602.0;18;35;26;49;204;27;14;35;22
1608.0;19;35;22;46;206;29;13;38;22
1614.0;20;31;24;44;205;30;17;38;21
1620.0;21;30;23;43;207;29;18;37;22
1626.0;20;30;24;42;207;29;16;40;22
1632.0;20;31;26;40;204;33;15;40;21
1638.0;22;33;24;40;202;35;16;37;21
1644.0;16;32;24;43;206;36;13;37;23
1650.0;16;30;23;45;209;35;10;40;22
1656.0;18;30;21;48;208;35;12;39;19
1662.0;19;31;20;48;207;34;11;39;21
1668.0;21;31;23;46;207;36;8;38;20
1674.0;21;32;22;47;207;39;8;36;18
1680.0;22;33;24;44;208;38;7;40;14
1686.0;22;33;21;44;204;39;11;41;15
1692.0;21;37;22;42;203;39;12;39;15
1698.0;18;38;20;43;206;37;14;38;16
1704.0;14;42;23;42;203;38;12;39;17
1710.0;12;41;25;41;205;42;15;36;13
1716.0;12;37;26;41;207;43;15;39;10
1722.0;15;36;24;45;206;41;13;38;12
1728.0;13;37;25;43;205;42;14;39;12
1734.0;13;38;25;44;205;40;14;38;13
1740.0;14;38;23;40;203;40;17;38;17
1746.0;13;38;24;42;200;41;16;38;18
1752.0;11;39;26;40;201;39;21;37;16
1758.0;11;37;23;40;202;41;21;38;17
1764.0;16;37;23;39;204;39;19;39;14
1770.0;17;37;21;40;204;37;21;40;13
1776.0;13;37;16;43;206;37;23;38;17
1782.0;11;40;15;45;209;34;23;37;16
1788.0;12;39;16;43;212;33;23;36;16
1794.0;10;39;17;46;211;35;21;34;17
