#auto generated file!
12.0;50;65;44;38;41;65;57;54;46
18.0;42;63;41;41;47;64;55;60;47
24.0;40;61;43;42;53;63;54;60;44
30.0;43;59;41;42;56;68;45;65;41
36.0;45;57;42;41;58;68;47;64;38
42.0;35;62;45;42;62;67;45;63;39
48.0;35;67;44;40;63;62;45;67;37
54.0;33;70;43;37;63;61;47;66;40
60.0;35;72;39;37;66;61;47;69;34
66.0;34;67;40;39;70;59;42;72;37
72.0;37;67;39;43;72;56;42;70;34
78.0;37;65;38;44;74;55;45;65;37
84.0;36;65;38;44;80;57;41;64;35
90.0;33;67;33;46;84;59;41;63;34
96.0;31;65;36;47;88;55;41;63;34
102.0;28;63;38;48;89;58;40;65;31
108.0;27;63;38;50;92;59;40;64;27
114.0;28;64;35;51;95;62;37;61;27
120.0;29;65;34;53;95;60;33;60;31
126.0;30;66;30;53;96;60;32;61;32
132.0;32;68;29;54;96;59;30;59;33
138.0;31;67;29;59;96;59;26;60;33
144.0;26;66;27;60;104;57;27;61;32
150.0;26;66;27;61;102;55;26;63;34
156.0;26;68;28;62;103;51;27;62;33
162.0;22;71;27;64;104;51;28;57;36
168.0;23;70;27;65;106;48;28;57;36
174.0;22;70;24;68;109;51;29;54;33
180.0;23;67;22;67;114;50;29;56;32
186.0;20;64;21;65;117;52;28;59;34
192.0;19;66;20;64;119;54;29;57;32
198.0;17;59;22;62;121;59;28;57;35
204.0;20;61;16;63;125;58;25;57;35
210.0;21;61;18;63;129;55;25;58;30
216.0;20;63;18;66;128;56;24;57;28
222.0;22;65;20;64;124;54;26;56;29
228.0;23;63;23;66;128;51;23;55;28
234.0;20;66;24;61;127;56;26;57;23
240.0;18;64;23;63;132;56;22;58;24
246.0;16;65;21;61;135;56;19;57;30
252.0;16;58;27;59;138;58;20;55;29
258.0;19;66;24;57;139;55;22;53;25
264.0;21;65;24;58;138;51;22;53;28
270.0;19;60;28;59;139;49;24;51;31
276.0;19;61;30;58;140;51;20;47;34
282.0;19;56;31;51;146;48;23;52;34
288.0;21;55;33;47;149;48;23;51;33
294.0;23;53;29;47;149;49;22;54;34
300.0;24;55;30;46;149;50;20;55;31
306.0;24;57;27;43;148;54;19;57;31
312.0;18;56;27;45;152;55;19;56;32
318.0;22;52;27;45;154;52;20;57;31
324.0;22;52;25;45;156;52;20;57;31
330.0;24;48;26;50;154;50;19;57;32
336.0;23;51;25;49;153;50;18;56;35
342.0;22;49;25;49;156;50;20;55;34
348.0;24;50;19;51;155;52;21;53;35
354.0;23;49;20;48;156;52;22;54;36
360.0;22;50;21;49;155;53;21;51;38
366.0;21;51;20;47;156;53;22;53;37
372.0;22;50;19;44;157;57;24;51;36
378.0;24;52;21;46;159;55;21;50;32
384.0;30;51;21;46;156;55;21;49;31
390.0;28;55;19;45;160;52;21;53;27
396.0;28;52;19;47;160;46;23;58;27
402.0;27;53;24;44;161;45;22;58;26
408.0;27;53;22;46;162;49;21;55;25
414.0;27;51;21;46;166;49;23;52;25
420.0;25;49;17;47;167;55;21;54;25
426.0;25;46;17;46;167;56;24;53;26
432.0;25;46;17;45;168;54;27;51;27
438.0;26;47;20;45;166;51;28;52;25
444.0;27;46;19;46;167;55;28;52;20
450.0;30;44;20;49;164;52;27;53;21
456.0;29;45;21;47;164;51;29;51;23
462.0;26;45;23;46;165;50;31;53;21
468.0;25;45;24;46;168;51;33;48;20
474.0;23;52;19;47;169;51;33;47;19
480.0;22;49;19;48;171;56;31;48;16
486.0;21;49;19;51;173;55;29;47;16
492.0;20;51;20;52;175;54;24;47;17
498.0;19;51;22;49;173;54;24;49;19
504.0;21;49;21;51;174;49;26;52;17
510.0;18;50;21;51;173;51;22;56;18
516.0;16;55;21;50;172;50;23;54;19
522.0;17;53;22;47;177;52;23;52;17
528.0;19;51;23;45;176;54;24;50;18
534.0;20;50;22;42;173;58;25;51;19
540.0;18;50;19;43;176;57;26;52;19
546.0;22;50;19;45;179;54;23;51;17
552.0;25;53;18;45;176;52;22;51;18
558.0;22;53;20;48;176;51;22;49;19
564.0;18;56;21;48;176;52;20;49;20
570.0;17;56;21;46;177;51;20;48;24
576.0;16;53;22;44;179;52;19;51;24
582.0;16;53;20;45;180;53;18;53;22
588.0;15;53;24;45;181;53;19;52;18
594.0;13;56;30;46;177;51;17;53;17
600.0;13;53;30;49;178;50;17;54;16
606.0;12;55;27;47;179;47;17;59;17
612.0;13;52;25;48;179;51;16;59;17
618.0;10;53;21;49;181;53;18;57;18
624.0;13;54;22;47;180;53;19;55;17
630.0;13;54;22;49;177;53;18;54;20
636.0;13;53;22;47;174;54;20;55;22
642.0;13;53;22;46;176;51;23;56;20
648.0;13;54;22;44;179;50;26;50;22
654.0;13;52;22;45;180;52;26;51;19
660.0;13;51;22;45;180;53;27;49;20
666.0;12;49;25;46;181;53;26;49;19
672.0;13;50;25;46;181;55;24;50;16
678.0;13;49;26;45;180;57;26;48;16
684.0;15;50;26;46;180;55;29;41;18
690.0;18;49;26;46;179;57;30;38;17
696.0;20;47;23;44;180;55;32;42;17
702.0;20;44;21;46;178;53;36;46;16
708.0;16;49;23;43;181;51;38;44;15
714.0;18;51;20;47;181;49;34;46;14
720.0;18;49;20;49;177;50;34;46;17
726.0;20;48;20;51;181;47;32;43;18
732.0;19;47;21;55;178;47;30;44;19
738.0;16;51;22;54;174;49;31;44;19
744.0;17;56;23;53;173;47;33;40;18
750.0;15;50;28;52;176;46;37;37;19
756.0;15;50;26;53;177;47;36;38;18
762.0;18;53;25;50;175;49;35;39;16
768.0;16;53;27;50;175;53;33;37;16
774.0;21;54;27;50;174;53;25;37;19
780.0;20;52;30;47;178;54;26;37;16
786.0;21;48;28;47;178;52;29;37;20
792.0;21;45;28;44;180;53;31;38;20
798.0;22;47;25;43;179;52;32;37;23
804.0;25;45;25;44;176;56;28;38;23
810.0;25;44;25;48;176;56;26;38;22
816.0;25;42;28;46;179;54;24;41;21
822.0;24;43;25;47;180;58;22;37;24
828.0;23;43;24;46;183;56;22;38;25
834.0;24;43;24;47;185;56;21;37;23
840.0;22;43;25;50;181;53;26;36;24
846.0;20;43;28;51;182;54;25;36;21
852.0;22;39;27;47;182;56;26;37;24
858.0;22;44;26;46;185;55;23;36;23
864.0;19;42;23;46;187;55;29;38;21
870.0;17;42;23;44;188;54;32;38;22
876.0;16;44;23;40;190;51;30;41;25
882.0;18;43;23;40;193;50;30;40;23
888.0;21;43;23;40;189;50;30;41;23
894.0;20;42;20;41;191;53;28;43;22
900.0;19;42;18;40;195;54;25;43;24
906.0;16;42;20;42;195;54;26;42;23
912.0;18;44;19;41;195;57;25;41;20
918.0;19;39;19;41;196;58;26;40;22
924.0;22;43;18;43;193;55;25;40;21
930.0;23;42;18;44;192;55;23;42;21
936.0;22;44;18;41;195;58;21;42;19
942.0;21;42;16;43;196;59;20;44;19
948.0;26;39;19;39;197;56;20;44;20
954.0;25;42;19;40;196;54;19;44;21
960.0;28;42;17;42;196;53;19;40;23
966.0;25;44;19;42;192;54;20;40;24
972.0;25;47;17;41;191;53;23;39;24
978.0;25;48;18;42;189;51;25;41;21
984.0;24;45;16;40;192;51;30;39;23
990.0;21;45;15;41;194;52;29;38;25
996.0;18;49;15;40;194;51;28;39;26
1002.0;18;49;15;39;196;49;31;37;26
1008.0;16;46;12;41;199;48;31;38;29
1014.0;15;48;13;40;199;49;29;37;30
1020.0;18;48;13;37;199;46;29;37;33
1026.0;21;48;15;38;198;43;31;39;27
1032.0;23;52;16;40;194;44;28;38;25
1038.0;25;49;15;41;193;46;27;37;27
1044.0;25;54;13;44;194;43;27;37;23
1050.0;25;54;12;41;192;42;28;41;25
1056.0;25;52;17;42;191;40;26;42;25
1062.0;23;55;19;42;193;37;27;43;21
1068.0;23;55;21;40;191;35;27;46;22
1074.0;21;50;21;40;191;36;29;44;28
1080.0;21;49;22;39;193;35;30;44;27
1086.0;21;48;23;43;193;34;28;45;25
1092.0;22;47;25;39;191;35;29;46;26
1098.0;21;46;25;38;193;38;25;47;27
1104.0;20;43;26;40;195;37;29;46;24
1110.0;21;44;26;40;196;38;26;47;22
1116.0;21;45;25;40;198;37;24;48;22
1122.0;18;43;25;36;203;42;25;47;21
1128.0;19;39;25;40;205;43;24;44;21
1134.0;22;41;24;41;201;45;23;44;19
1140.0;19;42;25;42;201;47;22;44;18
1146.0;18;42;24;44;201;46;22;44;19
1152.0;18;44;25;47;202;47;20;41;16
1158.0;18;43;27;44;203;45;22;40;18
1164.0;20;43;24;47;203;44;21;39;19
1170.0;18;44;21;48;201;49;22;37;20
1176.0;16;47;21;47;202;48;23;35;21
1182.0;16;48;18;47;201;48;24;36;22
1188.0;17;50;21;47;195;50;26;35;19
1194.0;17;48;22;47;196;54;24;35;17
1200.0;17;55;18;44;199;54;24;34;15
1206.0;17;53;17;46;201;56;21;34;15
1212.0;18;55;18;42;200;56;20;35;16
1218.0;20;56;18;41;203;53;16;36;17
1224.0;20;54;17;40;203;49;16;42;19
1230.0;22;56;17;40;204;47;12;42;20
1236.0;21;58;15;38;205;46;14;42;21
1242.0;24;55;14;39;207;47;15;39;20
1248.0;25;54;18;38;205;44;15;39;22
1254.0;27;54;20;36;202;43;20;37;21
1260.0;25;53;20;35;203;43;21;38;22
1266.0;23;53;21;34;201;48;25;36;19
1272.0;25;54;19;35;203;49;20;33;22
1278.0;21;56;20;38;203;44;23;35;20
1284.0;21;54;21;35;205;47;24;33;20
1290.0;19;51;20;37;209;46;22;34;22
1296.0;20;52;19;37;209;46;24;32;21
1302.0;22;49;22;34;208;46;24;34;21
1308.0;20;48;21;36;207;47;26;34;21
1314.0;22;50;19;38;208;47;23;34;19
1320.0;23;51;20;38;207;44;23;33;21
1326.0;24;48;22;37;208;46;21;33;21
1332.0;23;40;24;36;209;46;22;34;26
1338.0;24;39;24;34;207;50;24;34;24
1344.0;26;38;26;35;206;50;24;32;23
1350.0;28;33;26;36;207;49;24;35;22
1356.0;30;34;25;39;201;47;24;36;24
1362.0;26;37;28;36;203;45;26;35;24
1368.0;24;35;27;36;203;47;27;37;24
1374.0;23;35;30;36;204;47;25;35;25
1380.0;20;37;30;37;199;47;24;40;26
1386.0;18;37;31;38;198;48;26;39;25
1392.0;14;37;33;33;196;49;28;43;27
1398.0;16;37;32;34;197;49;28;40;27
1404.0;16;36;32;34;198;49;27;41;27
1410.0;14;38;30;34;199;47;28;43;27
1416.0;11;39;29;33;198;46;28;48;28
1422.0;12;39;30;34;200;46;24;48;27
1428.0;16;39;29;34;201;43;23;49;26
1434.0;16;39;30;36;201;43;23;50;22
1440.0;17;42;29;36;202;41;18;53;22
1446.0;19;43;29;35;202;40;18;50;24
1452.0;16;45;26;36;204;39;18;51;25
1458.0;15;48;26;38;205;37;17;49;25
1464.0;14;50;24;37;206;37;17;51;24
1470.0;16;51;22;38;207;38;15;52;21
1476.0;20;49;22;40;208;37;14;51;19
1482.0;19;47;22;39;210;38;14;51;20
1488.0;19;42;23;38;213;38;16;51;20
1494.0;16;41;26;36;216;38;17;49;21
1500.0;15;45;25;36;212;38;15;51;23
1506.0;17;43;24;34;216;40;11;54;21
1512.0;15;42;20;32;217;41;15;57;21
1518.0;13;39;18;34;218;41;20;59;18
1524.0;10;40;16;39;218;41;19;60;17
1530.0;10;40;15;41;219;41;19;57;18
1536.0;11;42;15;40;216;43;19;54;20
1542.0;10;44;14;41;212;47;17;54;21
1548.0;12;42;14;40;210;47;18;55;22
1554.0;15;43;13;39;211;46;16;52;25
1560.0;17;47;16;42;211;44;13;49;21
1566.0;16;42;18;42;211;44;13;53;21
1572.0;11;42;18;41;212;47;16;52;21
1578.0;12;42;15;47;209;50;15;52;18
1584.0;13;43;15;46;210;49;15;48;21
1590.0;16;47;16;46;212;43;14;46;20
1596.0;19;45;18;46;210;42;17;43;20
1602.0;20;45;19;47;210;39;18;43;19
1608.0;17;43;21;48;209;37;20;44;21
1614.0;16;43;20;49;208;38;20;44;22
1620.0;15;44;21;51;204;36;21;45;23
1626.0;17;46;20;53;199;36;18;47;24
1632.0;22;47;17;50;199;36;15;47;27
1638.0;24;45;22;51;196;35;16;48;23
1644.0;21;46;20;52;195;38;18;48;22
1650.0;23;43;21;49;195;40;20;47;22
1656.0;26;46;20;53;192;44;18;45;16
1662.0;25;43;20;54;192;42;17;50;17
1668.0;21;43;20;58;192;43;16;48;19
1674.0;23;42;21;57;194;43;14;47;19
1680.0;24;43;20;55;192;43;15;50;18
1686.0;24;44;21;53;192;45;14;51;16
1692.0;24;47;19;51;193;45;16;49;16
1698.0;25;47;18;51;192;46;14;50;17
1704.0;24;47;19;52;189;47;14;49;19
1710.0;20;46;17;57;192;45;13;50;20
1716.0;18;44;17;52;193;45;17;52;22
1722.0;18;41;18;54;196;43;16;50;24
1728.0;18;38;16;52;196;45;17;50;28
1734.0;17;39;19;51;194;47;16;47;30
1740.0;19;39;18;49;193;45;16;52;29
1746.0;19;37;19;47;196;46;15;53;28
1752.0;21;35;20;46;198;46;16;51;27
1758.0;21;34;19;47;198;46;15;53;27
1764.0;23;34;19;48;198;46;14;53;25
1770.0;24;33;20;43;201;45;12;55;27
1776.0;21;35;16;45;199;46;14;56;28
1782.0;19;33;15;45;202;45;18;55;28
1788.0;21;34;18;43;199;46;18;53;28
1794.0;19;35;18;44;200;44;18;54;28
