#auto generated file!
12.0;23;16;31;22;28;23;24;33;30
18.0;22;20;30;26;30;21;22;31;28
24.0;20;19;29;26;30;23;22;34;27
30.0;20;18;30;28;31;24;21;32;26
36.0;18;20;30;29;33;27;19;29;25
42.0;18;20;31;27;35;28;18;28;25
48.0;10;21;33;27;36;31;17;30;25
54.0;11;22;33;25;37;32;18;29;23
60.0;12;21;32;29;40;31;15;30;20
66.0;12;23;27;30;41;32;17;27;21
72.0;11;23;28;28;42;32;18;26;22
78.0;12;24;29;26;43;33;16;26;21
84.0;15;24;25;26;45;32;17;24;22
90.0;12;25;23;27;48;34;15;25;21
96.0;10;25;23;28;52;30;14;27;21
102.0;11;25;24;27;53;32;13;27;18
108.0;10;27;25;26;54;32;10;28;18
114.0;11;28;23;25;58;31;9;28;17
120.0;11;27;22;26;59;30;8;28;19
126.0;14;29;19;27;59;27;10;28;17
132.0;16;31;16;25;61;30;9;25;17
138.0;17;30;14;25;66;31;9;23;15
144.0;18;30;13;26;67;30;6;24;16
150.0;15;29;13;26;70;30;6;26;15
156.0;17;29;12;24;72;29;6;26;15
162.0;18;32;11;21;75;31;7;23;12
168.0;19;33;11;22;75;31;7;21;11
174.0;19;33;10;23;75;31;6;21;12
180.0;17;33;11;22;75;32;5;22;13
186.0;18;32;12;21;76;31;7;21;12
192.0;15;32;13;21;75;32;9;22;11
198.0;14;33;14;22;73;32;8;22;12
204.0;15;33;12;22;73;31;9;23;12
210.0;15;34;12;21;74;31;8;23;12
216.0;13;34;14;21;76;31;6;22;13
222.0;12;35;14;19;79;31;8;22;10
228.0;11;36;13;21;81;27;8;23;10
234.0;10;37;12;23;79;25;7;24;13
240.0;10;33;13;25;81;24;7;23;14
246.0;10;32;11;25;81;24;8;25;14
252.0;10;32;12;26;81;25;7;26;11
258.0;8;34;14;24;80;26;8;25;11
264.0;8;32;14;26;80;25;7;26;12
270.0;8;31;15;29;80;24;6;25;12
276.0;10;30;14;29;82;23;3;24;15
282.0;13;28;16;26;82;24;4;23;14
288.0;13;28;15;24;83;25;6;21;15
294.0;15;29;12;20;84;25;7;22;16
300.0;16;28;11;23;85;25;8;18;16
306.0;15;29;11;24;83;24;9;20;15
312.0;15;30;10;27;82;23;10;20;13
318.0;16;31;10;28;83;22;9;19;12
324.0;17;32;10;28;82;22;10;17;12
330.0;17;33;10;29;78;26;10;16;11
336.0;17;30;9;28;79;25;12;18;12
342.0;14;28;12;28;80;26;12;19;11
348.0;11;27;14;29;82;26;12;20;9
354.0;11;25;16;29;83;28;12;19;7
360.0;11;22;16;28;83;30;13;19;8
366.0;11;23;14;32;82;29;11;20;8
372.0;13;24;15;33;81;28;8;18;10
378.0;11;26;16;32;83;27;8;18;9
384.0;11;25;14;33;83;24;10;18;12
390.0;12;24;14;34;82;24;10;18;12
396.0;14;25;13;35;83;24;9;18;9
402.0;13;24;12;33;83;25;9;20;11
408.0;14;24;10;31;85;25;8;22;11
414.0;13;27;10;31;83;23;7;25;11
420.0;12;27;10;30;81;24;8;25;13
426.0;11;24;12;29;84;22;9;26;13
432.0;11;27;8;31;83;24;9;25;12
438.0;11;25;12;28;85;24;8;26;11
444.0;10;24;11;31;87;24;7;24;12
450.0;12;22;14;29;88;24;6;23;12
456.0;11;20;18;28;89;23;6;26;9
462.0;9;22;18;31;91;20;7;23;9
468.0;10;22;17;32;91;21;8;23;6
474.0;9;23;14;32;92;20;11;22;7
480.0;10;23;14;32;92;20;10;22;7
486.0;9;25;13;33;94;19;10;20;7
492.0;8;25;16;33;94;18;11;16;9
498.0;6;24;14;36;96;18;11;16;9
504.0;7;23;14;34;96;17;13;16;10
510.0;8;24;15;33;95;16;14;15;10
516.0;8;24;15;34;94;15;12;17;11
522.0;10;25;16;34;93;15;11;14;12
528.0;10;25;16;34;93;13;10;17;12
534.0;9;28;16;32;94;12;10;15;14
540.0;8;29;14;32;95;12;10;17;13
546.0;8;27;14;30;95;14;10;18;14
552.0;8;27;13;33;94;14;11;17;13
558.0;9;27;14;33;93;14;9;17;14
564.0;9;27;13;32;93;15;11;15;15
570.0;11;28;13;30;94;15;10;13;16
576.0;12;26;14;29;93;15;10;14;17
582.0;10;27;12;28;95;15;12;14;17
588.0;13;25;11;30;97;16;9;13;16
594.0;14;24;12;30;96;16;9;14;15
600.0;14;26;12;30;97;14;7;14;16
606.0;14;26;12;30;96;15;7;14;16
612.0;12;26;15;29;96;14;5;15;18
618.0;11;25;15;29;97;13;5;16;19
624.0;11;23;15;30;97;14;5;18;17
630.0;10;22;14;32;98;13;5;20;16
636.0;9;22;15;30;99;13;5;20;17
642.0;12;22;15;28;99;14;4;21;15
648.0;12;24;14;28;100;13;4;20;15
654.0;9;24;11;33;98;14;5;20;16
660.0;9;23;12;32;99;14;5;20;16
666.0;8;22;10;32;100;14;5;22;17
672.0;8;21;11;32;101;16;5;19;17
678.0;8;22;11;31;100;17;7;18;16
684.0;8;22;9;32;99;19;7;18;16
690.0;8;23;9;35;96;21;6;18;14
696.0;9;23;10;32;99;19;5;16;17
702.0;7;23;12;31;99;19;5;19;15
708.0;8;23;12;31;99;19;5;18;15
714.0;9;23;13;31;98;19;5;16;16
720.0;7;23;10;32;98;19;7;17;17
726.0;9;23;9;30;98;19;8;16;18
732.0;11;21;9;29;97;20;8;18;17
738.0;12;21;11;28;95;18;9;20;16
744.0;12;20;12;25;97;19;10;20;15
750.0;11;20;11;25;98;19;9;20;17
756.0;12;21;12;24;99;19;9;18;16
762.0;12;20;12;26;100;18;10;17;15
768.0;13;20;11;25;100;18;10;17;16
774.0;10;21;12;24;100;18;13;18;14
780.0;11;17;11;26;103;18;13;19;12
786.0;12;18;12;23;104;17;14;20;10
792.0;13;16;12;20;105;18;15;21;10
798.0;13;15;14;19;105;18;13;23;10
804.0;12;18;15;19;104;15;14;24;9
810.0;12;19;14;19;103;14;14;23;12
816.0;13;18;15;19;104;15;12;23;11
822.0;12;18;15;21;104;14;13;23;10
828.0;15;18;13;22;105;14;9;24;10
834.0;15;18;14;22;105;14;8;26;8
840.0;15;20;14;22;104;14;9;24;8
846.0;16;21;16;19;103;14;10;22;9
852.0;13;22;16;18;105;13;10;22;11
858.0;16;21;16;18;106;12;7;23;11
864.0;17;19;18;17;103;12;8;22;14
870.0;17;21;17;18;103;13;7;20;14
876.0;18;20;18;16;104;16;9;19;10
882.0;18;21;15;19;104;14;11;19;9
888.0;18;22;16;19;101;13;8;20;13
894.0;19;22;14;19;103;12;7;20;14
900.0;18;22;15;17;103;12;8;20;15
906.0;18;21;14;16;106;13;11;18;13
912.0;18;18;15;17;106;14;12;17;13
918.0;18;18;15;17;107;14;11;18;12
924.0;17;19;13;17;110;14;11;17;12
930.0;17;19;13;17;110;14;11;16;13
936.0;15;22;14;18;109;16;12;13;11
942.0;15;22;14;17;109;17;13;13;10
948.0;13;22;15;16;108;18;14;15;9
954.0;10;25;15;16;109;19;12;15;9
960.0;7;25;15;16;109;19;15;13;11
966.0;5;28;16;15;111;18;15;11;11
972.0;7;26;16;14;110;20;16;11;10
978.0;8;26;16;14;111;18;14;10;13
984.0;8;27;12;14;112;20;11;12;14
990.0;8;27;10;15;113;20;9;13;15
996.0;10;27;8;14;116;20;9;12;14
1002.0;11;27;7;13;118;21;9;12;12
1008.0;10;24;6;13;120;22;8;13;14
1014.0;10;21;8;13;118;21;9;14;16
1020.0;11;21;8;15;116;20;8;14;17
1026.0;11;20;9;17;116;20;8;14;15
1032.0;10;20;7;18;117;21;9;15;13
1038.0;9;22;8;17;118;22;9;13;12
1044.0;11;22;9;18;114;22;9;13;12
1050.0;10;19;10;18;113;22;9;13;16
1056.0;11;21;10;18;113;22;8;13;14
1062.0;10;19;10;20;113;21;9;14;14
1068.0;11;18;11;20;112;20;10;14;14
1074.0;11;17;11;21;113;20;10;14;13
1080.0;11;17;12;21;114;19;10;14;12
1086.0;10;15;12;22;114;20;9;16;12
1092.0;7;14;13;23;114;20;7;16;16
1098.0;7;15;11;21;116;18;8;17;17
1104.0;6;16;12;19;116;18;10;17;16
1110.0;6;16;11;19;115;18;11;17;17
1116.0;8;17;10;19;115;16;11;17;17
1122.0;7;14;9;17;114;18;12;19;20
1128.0;8;15;8;17;113;19;12;20;18
1134.0;9;16;8;17;114;20;12;19;15
1140.0;9;16;11;17;113;19;11;19;15
1146.0;10;17;12;17;113;18;10;20;13
1152.0;12;17;10;17;111;19;11;19;14
1158.0;14;17;11;16;109;17;10;21;15
1164.0;12;15;9;17;110;20;10;23;14
1170.0;11;16;10;16;110;21;9;24;13
1176.0;11;16;10;17;112;19;9;24;12
1182.0;10;19;11;16;113;17;8;25;11
1188.0;12;21;9;15;111;18;9;25;10
1194.0;11;21;10;15;110;19;7;27;10
1200.0;9;20;10;16;115;18;6;26;10
1206.0;9;19;10;16;113;18;9;25;11
1212.0;9;17;11;16;114;17;12;24;10
1218.0;8;17;12;17;115;17;8;25;11
1224.0;10;19;13;16;113;16;8;23;12
1230.0;11;20;12;18;109;18;8;22;12
1236.0;14;19;10;20;106;20;9;20;12
1242.0;11;20;8;23;107;23;6;20;12
1248.0;9;20;8;25;107;24;7;19;11
1254.0;10;19;10;24;107;24;6;20;10
1260.0;9;18;10;26;109;24;6;18;10
1266.0;9;18;10;25;109;24;6;18;11
1272.0;11;15;11;25;108;25;5;17;13
1278.0;11;14;11;25;111;24;6;17;11
1284.0;9;17;10;25;110;24;6;18;11
1290.0;13;19;8;24;109;23;7;18;9
1296.0;13;21;8;21;110;21;9;17;10
1302.0;12;18;9;22;112;23;6;18;10
1308.0;11;18;10;22;111;24;6;19;9
1314.0;12;15;10;21;111;24;7;20;10
1320.0;12;15;10;22;108;24;7;21;11
1326.0;13;13;12;21;110;23;4;23;11
1332.0;11;14;11;21;110;25;4;23;11
1338.0;12;17;10;20;108;22;6;24;11
1344.0;11;18;10;21;106;22;6;23;13
1350.0;13;19;10;20;102;22;8;23;13
1356.0;13;18;9;19;103;23;6;25;14
1362.0;13;18;8;19;104;23;7;25;13
1368.0;13;19;9;17;105;22;8;25;12
1374.0;13;17;10;18;104;23;9;26;10
1380.0;12;16;9;20;107;22;9;26;9
1386.0;11;16;9;18;107;20;12;27;10
1392.0;12;18;9;17;107;18;12;28;9
1398.0;12;20;10;18;107;18;9;26;10
1404.0;12;20;9;19;108;18;8;26;10
1410.0;11;20;9;20;109;21;7;23;10
1416.0;8;17;8;25;107;23;8;23;11
1422.0;9;18;8;22;109;22;10;22;10
1428.0;9;19;7;21;110;21;8;21;14
1434.0;9;19;7;20;110;20;9;22;14
1440.0;9;17;7;20;110;23;9;20;15
1446.0;8;18;10;19;109;24;6;21;15
1452.0;11;18;9;18;109;25;7;21;12
1458.0;10;16;11;20;109;27;4;23;10
1464.0;11;15;13;18;110;26;4;23;10
1470.0;11;15;12;18;111;27;6;23;7
1476.0;11;15;13;18;110;25;8;23;7
1482.0;9;14;14;19;110;27;8;22;7
1488.0;10;14;13;20;109;25;7;23;9
1494.0;13;16;10;21;109;25;6;20;10
1500.0;13;17;11;21;109;23;8;19;9
1506.0;15;15;13;19;109;19;9;21;10
1512.0;13;15;12;20;113;19;7;22;9
1518.0;11;17;13;20;114;19;6;21;9
1524.0;9;17;12;20;113;21;7;22;9
1530.0;10;18;12;21;112;22;7;20;8
1536.0;9;16;13;20;113;20;11;20;8
1542.0;9;17;14;19;114;20;10;20;7
1548.0;9;17;13;18;113;20;13;19;8
1554.0;7;17;11;19;114;19;14;21;8
1560.0;8;14;14;17;112;21;13;23;8
1566.0;8;13;12;19;111;20;12;26;9
1572.0;7;12;13;20;111;18;12;27;10
1578.0;8;12;14;19;110;19;11;27;10
1584.0;6;15;12;21;109;21;10;28;8
1590.0;5;15;13;22;109;21;10;26;9
1596.0;4;16;11;23;110;22;10;26;8
1602.0;7;19;11;19;111;22;8;25;8
1608.0;5;20;11;19;110;21;10;26;8
1614.0;5;20;10;18;113;20;9;26;9
1620.0;4;23;9;18;112;20;8;27;9
1626.0;3;25;7;17;112;21;9;27;9
1632.0;3;23;11;18;111;20;8;26;10
1638.0;3;24;12;20;111;19;6;25;10
1644.0;5;23;12;20;110;19;8;23;10
1650.0;6;25;8;20;110;19;10;22;10
1656.0;3;26;9;22;110;19;12;21;8
1662.0;3;26;9;24;106;19;10;24;9
1668.0;2;25;9;25;107;21;8;24;9
1674.0;3;26;9;25;107;21;7;23;9
1680.0;4;26;9;27;105;20;6;23;10
1686.0;3;26;10;26;105;19;6;25;10
1692.0;2;26;10;28;104;19;7;24;10
1698.0;2;26;11;29;105;20;7;21;9
1704.0;3;25;13;27;104;21;6;22;9
1710.0;4;25;12;26;102;24;5;23;9
1716.0;5;25;12;26;103;21;5;24;9
1722.0;6;24;12;25;102;20;9;24;8
1728.0;7;23;13;24;102;20;10;24;7
1734.0;6;19;14;23;104;20;10;26;8
1740.0;7;18;11;22;107;20;11;24;10
1746.0;10;16;13;20;107;21;10;23;10
1752.0;10;14;14;21;107;21;10;23;10
1758.0;12;14;13;20;107;20;9;24;11
1764.0;11;16;14;20;107;20;9;22;11
1770.0;14;17;14;20;107;21;7;21;9
1776.0;11;19;16;20;105;20;8;22;9
1782.0;11;20;15;20;105;21;8;21;9
1788.0;11;19;14;21;106;20;8;23;8
1794.0;12;21;14;19;105;20;9;23;7
