#auto generated file!
12.0;30;30;34;32;34;32;36;34;28
18.0;29;29;32;31;35;34;36;37;27
24.0;24;33;33;28;38;35;38;34;27
30.0;26;35;30;31;39;39;33;34;23
36.0;24;34;31;33;43;38;31;33;23
42.0;23;35;29;34;43;38;33;33;22
48.0;29;35;29;32;46;36;30;32;21
54.0;27;34;22;35;51;33;32;34;22
60.0;28;32;22;35;52;36;32;32;21
66.0;22;34;25;34;55;35;28;33;24
72.0;24;34;24;35;54;36;28;33;22
78.0;25;34;23;35;55;35;30;33;20
84.0;24;35;21;36;56;33;30;35;20
90.0;24;33;20;35;58;33;32;37;18
96.0;25;36;19;34;56;32;31;39;18
102.0;25;36;18;32;59;32;35;36;17
108.0;26;35;18;32;58;35;32;34;20
114.0;25;34;18;35;57;36;33;33;19
120.0;25;36;21;37;58;32;29;33;19
126.0;26;37;23;37;58;33;27;33;16
132.0;28;35;24;36;58;33;26;34;16
138.0;29;34;25;38;60;34;23;34;13
144.0;29;29;22;40;60;35;24;36;15
150.0;25;29;23;39;61;35;24;37;17
156.0;26;29;24;40;60;34;25;36;16
162.0;26;29;23;37;61;36;24;38;16
168.0;22;29;21;36;65;33;29;39;16
174.0;23;29;22;35;69;33;28;34;17
180.0;21;28;24;34;70;34;31;32;16
186.0;18;29;23;32;72;38;30;31;17
192.0;17;30;22;33;72;39;28;31;18
198.0;18;29;23;34;72;38;28;29;19
204.0;17;31;24;34;71;35;28;32;18
210.0;19;29;23;34;74;36;25;32;18
216.0;15;30;21;33;76;39;23;36;17
222.0;14;31;20;32;77;37;23;38;18
228.0;13;35;19;31;77;39;26;36;14
234.0;15;33;19;30;80;39;26;35;13
240.0;15;34;20;31;79;39;25;35;12
246.0;13;33;21;31;81;41;24;35;11
252.0;9;31;24;30;83;41;26;36;10
258.0;9;30;24;30;84;40;22;37;14
264.0;11;33;19;28;86;42;20;37;14
270.0;13;32;18;30;87;40;21;35;14
276.0;16;37;14;27;88;39;18;33;18
282.0;17;36;15;29;88;38;17;30;20
288.0;20;40;12;28;88;36;17;31;18
294.0;16;40;14;29;87;38;17;31;18
300.0;14;41;13;29;87;37;18;32;19
306.0;14;40;13;30;87;36;19;31;20
312.0;16;39;16;28;86;37;17;31;20
318.0;13;37;17;25;88;38;19;33;20
324.0;15;40;20;24;86;34;15;34;22
330.0;15;44;22;24;87;33;13;33;19
336.0;14;44;22;24;87;33;13;35;18
342.0;16;45;21;22;86;33;16;35;16
348.0;16;49;22;21;84;33;16;34;15
354.0;15;50;20;21;84;33;15;36;16
360.0;13;47;20;23;83;33;19;37;15
366.0;14;48;20;22;83;32;20;36;15
372.0;15;50;21;21;85;30;18;35;15
378.0;15;49;21;21;85;31;21;34;13
384.0;16;48;21;20;87;30;22;33;13
390.0;16;45;20;21;90;31;21;34;12
396.0;14;44;23;22;91;32;20;34;10
402.0;14;46;22;20;95;32;19;33;9
408.0;15;44;26;19;97;30;19;31;9
414.0;14;44;25;20;98;30;20;30;9
420.0;15;46;22;23;98;30;17;30;9
426.0;16;46;24;26;97;28;19;27;7
432.0;15;46;21;27;101;28;20;25;7
438.0;14;45;22;26;102;26;19;27;9
444.0;14;45;21;27;101;27;21;25;9
450.0;16;43;19;24;100;25;22;28;13
456.0;15;43;19;23;102;24;22;27;15
462.0;14;44;17;25;103;24;21;26;16
468.0;13;43;14;28;102;26;20;27;17
474.0;15;42;13;26;104;26;20;29;15
480.0;14;41;14;25;104;27;19;32;14
486.0;15;41;14;24;105;27;16;33;15
492.0;15;39;15;23;107;28;16;34;13
498.0;13;37;15;24;107;27;17;35;15
504.0;11;39;15;25;109;30;16;33;12
510.0;16;40;13;23;110;27;15;33;13
516.0;15;39;12;21;113;28;16;34;12
522.0;15;38;12;23;114;28;16;34;10
528.0;15;40;12;24;112;28;15;33;11
534.0;16;41;11;24;111;28;15;33;11
540.0;14;40;12;24;114;29;17;28;12
546.0;16;38;14;22;112;29;18;31;10
552.0;15;38;13;24;111;28;19;31;11
558.0;11;39;13;26;111;29;19;30;12
564.0;12;35;14;25;111;30;20;33;10
570.0;13;36;13;24;112;30;19;36;7
576.0;13;34;15;22;113;27;17;38;11
582.0;14;33;14;23;112;27;16;40;11
588.0;13;32;15;25;113;26;19;38;9
594.0;14;33;15;23;113;28;20;37;7
600.0;13;31;13;23;112;32;19;38;9
606.0;13;30;12;24;113;32;22;35;9
612.0;13;29;12;23;114;36;22;34;7
618.0;14;29;11;24;113;36;19;37;7
624.0;14;32;11;25;113;31;20;36;8
630.0;15;29;11;25;118;32;16;34;10
636.0;17;29;12;23;117;34;14;34;10
642.0;18;30;12;23;116;32;14;33;12
648.0;15;31;11;23;114;34;17;32;13
654.0;16;30;12;24;114;34;16;32;12
660.0;16;30;11;25;112;31;18;34;13
666.0;15;30;13;26;113;30;18;33;12
672.0;15;30;11;26;116;31;16;34;11
678.0;16;29;11;23;116;32;18;33;12
684.0;17;31;10;23;115;31;17;34;12
690.0;18;33;10;24;116;29;15;34;11
696.0;16;33;10;22;115;31;17;35;11
702.0;14;34;11;23;115;32;16;35;10
708.0;14;36;14;22;114;29;15;35;11
714.0;17;36;12;20;115;30;14;33;13
720.0;16;34;12;20;115;32;14;33;14
726.0;16;33;10;19;118;33;13;33;15
732.0;17;33;10;19;117;34;13;33;14
738.0;16;34;9;20;116;32;13;33;17
744.0;17;37;8;18;116;32;11;35;16
750.0;14;40;8;18;117;30;9;38;16
756.0;14;41;10;20;116;32;10;35;12
762.0;14;38;9;21;120;34;8;35;11
768.0;13;39;12;19;118;35;6;36;12
774.0;11;36;15;20;121;37;6;33;11
780.0;10;33;15;23;121;36;8;31;13
786.0;10;35;12;23;123;37;8;29;13
792.0;8;36;13;23;124;37;9;30;10
798.0;7;33;12;25;126;38;9;31;9
804.0;9;32;10;26;127;38;8;31;9
810.0;12;32;8;26;129;36;7;31;9
816.0;11;30;10;27;129;37;7;31;8
822.0;11;31;8;24;126;42;8;31;9
828.0;13;28;9;25;125;41;7;31;11
834.0;17;26;9;24;126;41;10;27;10
840.0;17;26;8;23;127;40;12;28;9
846.0;16;26;9;26;126;36;13;28;10
852.0;17;29;11;24;125;34;12;27;11
858.0;16;28;13;23;127;34;10;27;12
864.0;17;29;13;22;125;33;10;30;11
870.0;16;28;15;23;126;30;11;29;12
876.0;16;28;14;24;123;31;13;29;12
882.0;16;27;15;23;122;29;13;29;16
888.0;16;27;16;25;121;28;14;27;16
894.0;14;26;15;26;122;28;15;27;17
900.0;13;26;14;26;123;26;18;29;15
906.0;15;27;15;24;122;29;14;29;15
912.0;16;28;16;25;123;29;12;29;12
918.0;15;28;15;28;124;29;12;29;10
924.0;14;29;14;31;123;30;12;28;9
930.0;16;30;16;26;123;30;12;28;9
936.0;19;28;15;26;123;31;12;27;9
942.0;22;28;13;27;121;30;13;26;10
948.0;22;25;11;30;122;28;12;27;13
954.0;23;26;10;29;120;27;10;31;14
960.0;22;25;11;29;120;27;12;30;14
966.0;20;26;11;29;120;27;11;33;13
972.0;19;27;12;28;118;26;9;35;16
978.0;20;25;13;26;117;26;12;35;16
984.0;20;28;12;25;116;25;12;36;16
990.0;19;29;10;23;113;26;16;37;17
996.0;17;29;9;21;113;29;16;38;18
1002.0;17;29;13;24;112;27;16;37;15
1008.0;17;28;15;23;113;28;16;36;14
1014.0;19;29;12;23;113;26;17;36;15
1020.0;22;28;13;22;116;26;16;34;13
1026.0;22;28;12;23;114;26;17;37;11
1032.0;24;26;14;22;113;26;18;36;11
1038.0;27;23;12;20;117;27;18;34;12
1044.0;22;24;15;23;120;27;18;31;10
1050.0;18;26;18;23;122;24;19;31;9
1056.0;16;24;20;25;120;26;18;30;11
1062.0;14;22;22;27;119;27;17;28;14
1068.0;16;20;19;28;119;29;16;32;11
1074.0;16;19;22;27;118;29;17;31;11
1080.0;13;19;23;29;119;29;17;29;12
1086.0;13;20;24;27;117;30;18;30;11
1092.0;14;20;22;28;117;30;19;29;11
1098.0;12;23;22;30;117;31;15;28;12
1104.0;10;21;24;32;116;30;17;27;13
1110.0;9;21;25;32;116;31;15;27;14
1116.0;11;19;24;31;115;32;16;27;15
1122.0;12;21;22;31;109;32;19;27;17
1128.0;11;20;21;31;109;32;23;28;15
1134.0;11;20;17;33;110;31;23;28;17
1140.0;12;20;18;32;111;31;19;29;18
1146.0;12;20;17;31;112;30;21;29;18
1152.0;12;18;18;29;114;30;19;31;19
1158.0;13;18;17;30;114;29;20;34;15
1164.0;16;19;16;29;112;31;19;33;15
1170.0;16;19;14;29;112;32;18;32;18
1176.0;15;19;11;30;113;34;17;32;19
1182.0;16;25;13;30;115;30;16;29;16
1188.0;17;23;12;30;118;31;12;32;15
1194.0;16;25;15;30;116;31;12;31;14
1200.0;14;27;16;28;115;30;12;34;14
1206.0;14;28;16;29;116;29;12;34;12
1212.0;12;29;16;28;118;29;14;31;13
1218.0;14;28;16;29;119;27;17;29;11
1224.0;14;27;17;29;118;26;16;31;12
1230.0;12;29;17;27;119;28;14;32;12
1236.0;12;29;15;26;121;24;16;31;16
1242.0;13;30;17;23;122;25;15;31;14
1248.0;12;31;18;22;122;26;14;32;13
1254.0;14;32;19;23;123;25;13;31;10
1260.0;15;33;18;23;121;25;12;33;10
1266.0;14;35;16;26;123;23;11;32;10
1272.0;15;30;18;24;127;21;12;32;11
1278.0;13;31;18;24;128;20;12;32;12
1284.0;12;32;18;23;128;23;12;32;10
1290.0;11;33;20;22;127;22;12;31;12
1296.0;12;34;18;21;125;22;14;34;10
1302.0;14;33;15;22;124;24;12;34;12
1308.0;12;32;18;25;122;24;12;33;12
1314.0;11;31;18;25;120;23;14;32;16
1320.0;11;29;16;24;121;27;12;32;18
1326.0;12;28;16;25;119;27;11;32;20
1332.0;11;29;17;24;117;27;11;33;21
1338.0;11;26;14;23;116;30;10;36;24
1344.0;11;25;14;21;117;30;15;37;20
1350.0;10;29;16;21;116;29;12;36;21
1356.0;11;27;16;21;118;29;12;35;21
1362.0;10;27;14;25;118;27;14;32;23
1368.0;12;26;14;27;116;28;14;31;22
1374.0;11;29;15;26;117;29;12;30;21
1380.0;13;27;15;27;116;28;12;32;20
1386.0;14;29;15;27;116;27;11;31;20
1392.0;15;29;11;29;118;26;11;32;19
1398.0;16;30;12;30;117;22;11;32;20
1404.0;15;29;12;31;117;25;14;32;15
1410.0;14;32;11;28;117;29;13;33;13
1416.0;15;31;12;29;116;28;15;30;14
1422.0;13;30;14;29;117;28;15;30;14
1428.0;13;26;14;30;120;25;15;30;17
1434.0;14;28;13;29;122;24;14;29;17
1440.0;15;28;14;31;120;24;14;28;16
1446.0;15;27;11;32;121;24;15;30;15
1452.0;15;27;15;33;120;23;15;28;14
1458.0;16;25;12;33;124;23;14;29;14
1464.0;18;22;13;37;121;23;12;27;17
1470.0;15;23;12;37;122;24;12;27;18
1476.0;17;23;12;38;122;23;13;26;16
1482.0;16;24;11;39;122;24;14;24;16
1488.0;15;24;14;41;122;20;13;25;16
1494.0;16;23;13;41;122;18;16;26;15
1500.0;14;24;12;43;125;17;14;25;16
1506.0;13;26;15;43;123;18;12;26;14
1512.0;14;27;14;41;122;22;11;26;13
1518.0;14;26;13;40;122;24;12;22;17
1524.0;12;24;12;40;125;26;12;23;16
1530.0;16;25;9;36;125;25;12;26;16
1536.0;16;28;8;33;126;25;13;24;17
1542.0;19;29;7;31;125;24;9;28;18
1548.0;19;31;6;30;126;26;10;27;15
1554.0;18;33;6;29;126;25;10;27;16
1560.0;16;30;8;28;126;25;8;29;20
1566.0;15;29;10;26;127;26;7;31;19
1572.0;14;31;11;24;126;26;8;33;17
1578.0;16;33;9;26;126;25;7;31;17
1584.0;16;34;8;25;125;26;8;32;16
1590.0;17;34;9;24;126;26;8;31;15
1596.0;14;36;10;25;125;24;8;31;17
1602.0;13;37;12;25;124;24;8;30;17
1608.0;14;37;12;26;125;22;7;31;16
1614.0;13;37;12;26;127;23;7;31;14
1620.0;10;38;12;28;128;22;7;29;16
1626.0;10;38;16;28;127;19;8;28;16
1632.0;11;37;16;29;129;18;8;27;15
1638.0;9;39;16;31;128;20;8;27;12
1644.0;7;41;15;32;127;23;8;25;12
1650.0;8;41;10;32;129;21;10;24;15
1656.0;7;38;12;29;131;23;9;26;15
1662.0;6;41;13;28;132;23;6;26;15
1668.0;6;39;14;27;128;25;8;25;18
1674.0;8;36;12;27;131;24;9;26;17
1680.0;9;38;13;27;133;24;9;21;16
1686.0;9;38;13;28;134;22;9;22;15
1692.0;8;37;14;27;134;26;9;21;14
1698.0;7;36;14;27;134;25;9;23;15
1704.0;7;34;13;26;137;27;10;21;15
1710.0;7;35;13;26;137;26;11;23;12
1716.0;7;32;15;28;137;24;11;22;14
1722.0;7;31;16;26;138;25;13;21;13
1728.0;7;28;19;25;134;24;14;23;16
1734.0;9;26;20;21;135;23;12;28;16
1740.0;8;29;19;21;136;25;10;27;15
1746.0;9;29;18;22;134;25;12;25;16
1752.0;10;28;18;22;134;24;11;27;16
1758.0;10;28;17;22;134;25;10;29;15
1764.0;8;27;18;21;133;28;12;27;16
1770.0;9;28;17;24;135;27;7;27;16
1776.0;8;28;19;23;135;27;9;29;12
1782.0;10;28;18;23;137;27;7;29;11
1788.0;14;27;15;26;134;26;8;31;9
1794.0;15;27;16;24;134;26;9;30;9
