#auto generated file!
12.0;19;24;26;20;22;21;17;29;22
18.0;20;25;26;16;24;21;19;28;21
24.0;20;27;25;18;25;22;17;28;18
30.0;20;27;21;17;26;23;18;30;18
36.0;22;28;19;16;26;24;18;30;17
42.0;23;25;18;16;28;23;17;32;18
48.0;20;25;19;17;28;24;19;31;17
54.0;21;25;17;15;31;25;18;30;18
60.0;21;24;17;17;33;26;18;29;15
66.0;20;24;15;17;33;27;17;31;16
72.0;18;24;17;18;36;28;16;30;13
78.0;16;22;17;18;38;25;16;30;18
84.0;17;20;16;19;40;24;16;31;17
90.0;15;20;17;21;40;25;15;30;17
96.0;17;20;16;20;42;23;14;30;18
102.0;19;20;18;20;43;22;14;28;16
108.0;18;20;18;21;42;23;13;29;16
114.0;18;19;24;19;42;20;13;28;17
120.0;17;19;25;20;41;21;12;29;16
126.0;17;17;26;22;43;20;12;26;17
132.0;15;19;24;24;45;20;10;26;17
138.0;14;21;22;23;45;21;10;28;16
144.0;14;23;21;20;46;20;11;29;16
150.0;16;23;20;19;46;20;11;29;16
156.0;15;24;23;18;46;20;9;29;16
162.0;16;22;21;21;47;22;8;28;15
168.0;19;24;18;20;47;21;9;27;15
174.0;17;24;15;21;50;21;10;26;16
180.0;17;25;16;21;49;21;8;26;17
186.0;19;25;15;23;48;20;8;25;17
192.0;19;23;15;22;48;20;8;28;17
198.0;16;23;15;25;48;22;11;28;12
204.0;19;22;14;26;50;21;10;28;10
210.0;19;19;12;28;53;22;11;27;9
216.0;18;21;12;28;53;21;12;27;8
222.0;14;21;15;28;52;21;14;27;8
228.0;16;18;15;29;55;19;13;28;7
234.0;17;18;13;29;57;21;12;26;7
240.0;19;17;14;28;56;20;12;26;8
246.0;18;17;14;29;56;21;13;25;7
252.0;17;17;15;28;56;20;12;24;11
258.0;17;18;14;27;53;20;15;24;12
264.0;21;19;12;26;56;20;14;20;12
270.0;20;20;12;24;57;16;16;22;13
276.0;21;19;11;23;57;19;15;23;12
282.0;19;20;10;22;58;20;14;24;13
288.0;20;22;13;19;61;20;12;21;12
294.0;16;21;16;19;60;21;13;22;12
300.0;17;22;15;17;61;18;13;25;12
306.0;17;19;18;18;60;19;13;24;12
312.0;16;19;19;18;61;20;12;24;11
318.0;15;19;20;18;61;20;12;25;10
324.0;15;20;22;20;62;21;11;21;8
330.0;17;20;20;20;63;21;10;21;8
336.0;14;19;18;20;67;21;11;22;8
342.0;13;20;20;20;65;20;11;22;9
348.0;13;21;17;20;65;23;10;20;11
354.0;10;21;15;21;66;23;12;20;12
360.0;10;17;15;21;70;23;12;21;11
366.0;9;17;18;21;69;23;12;22;9
372.0;11;17;18;21;70;22;11;21;9
378.0;11;15;17;23;69;22;14;20;9
384.0;12;17;16;22;69;22;14;20;8
390.0;10;19;16;22;71;20;15;20;7
396.0;12;16;13;22;71;20;17;19;10
402.0;12;17;13;22;71;19;17;19;10
408.0;9;15;13;21;73;21;18;19;11
414.0;8;16;12;22;74;21;15;22;10
420.0;8;15;13;22;74;19;15;23;11
426.0;9;17;13;21;72;18;14;22;14
432.0;10;17;17;21;74;17;12;20;12
438.0;11;17;17;20;73;17;11;22;12
444.0;8;17;16;21;74;18;8;24;14
450.0;9;17;15;20;74;18;6;25;16
456.0;13;16;15;21;74;19;5;23;14
462.0;12;18;12;24;73;20;6;22;13
468.0;11;19;10;21;75;19;10;23;12
474.0;9;21;10;19;79;20;10;23;9
480.0;9;20;11;18;81;19;11;22;9
486.0;9;20;10;18;81;18;12;22;10
492.0;10;18;10;17;82;19;11;22;11
498.0;13;18;9;16;83;20;12;20;9
504.0;12;19;10;17;81;21;13;18;9
510.0;12;20;9;16;81;21;15;19;7
516.0;11;20;10;17;81;22;14;17;8
522.0;10;20;8;17;84;24;13;16;8
528.0;8;19;10;17;82;24;15;17;8
534.0;8;18;11;17;81;24;15;19;7
540.0;9;17;10;18;80;25;16;17;8
546.0;7;18;11;17;78;25;19;16;9
552.0;8;17;13;17;76;27;18;16;8
558.0;5;20;11;16;77;26;20;16;9
564.0;5;21;12;15;77;28;19;14;9
570.0;4;22;11;17;78;27;19;13;9
576.0;4;21;11;18;78;26;18;15;9
582.0;5;20;11;17;80;25;17;15;10
588.0;4;19;9;18;82;24;17;17;10
594.0;5;20;9;18;82;24;18;15;9
600.0;7;20;10;21;80;24;16;15;7
606.0;6;20;8;23;80;25;15;17;6
612.0;9;20;7;24;80;25;13;16;6
618.0;7;19;7;28;80;24;11;16;8
624.0;7;18;7;27;80;25;11;16;9
630.0;6;16;9;29;81;25;10;17;7
636.0;6;18;7;26;83;26;9;18;7
642.0;4;18;8;26;83;27;10;17;7
648.0;3;19;8;24;82;29;10;17;8
654.0;3;19;5;24;82;29;11;17;10
660.0;5;19;5;23;82;28;11;16;11
666.0;3;22;6;23;82;28;9;16;11
672.0;3;21;8;22;83;30;6;16;11
678.0;3;20;10;20;81;30;7;18;11
684.0;3;21;10;18;80;30;6;19;13
690.0;4;20;10;20;78;30;7;19;12
696.0;5;19;9;19;78;32;6;20;12
702.0;5;21;10;17;79;31;6;19;12
708.0;8;18;11;18;81;29;7;18;10
714.0;8;18;10;17;80;30;7;20;10
720.0;10;18;10;18;79;28;7;20;10
726.0;7;18;11;18;78;28;8;20;12
732.0;7;19;12;18;78;28;8;19;11
738.0;7;18;10;19;78;28;9;22;9
744.0;9;17;10;17;77;29;9;22;10
750.0;7;20;9;16;80;30;10;20;8
756.0;9;20;11;16;77;29;12;19;7
762.0;10;20;10;15;77;29;13;19;7
768.0;11;19;10;15;79;28;13;18;7
774.0;11;18;10;16;80;27;12;21;5
780.0;9;20;9;20;79;27;11;19;6
786.0;9;19;10;17;81;25;13;20;6
792.0;9;19;10;16;81;25;12;21;7
798.0;9;18;9;16;82;28;11;21;6
804.0;8;16;12;14;82;29;10;20;9
810.0;6;19;11;14;84;28;9;19;10
816.0;7;20;8;15;86;26;7;18;13
822.0;6;18;8;15;87;27;7;18;14
828.0;7;17;7;14;87;28;7;19;14
834.0;9;18;6;13;90;26;6;19;13
840.0;6;16;6;14;91;28;7;19;13
846.0;6;14;8;15;89;28;7;20;13
852.0;6;14;7;14;88;27;8;20;16
858.0;6;14;8;14;89;24;9;20;16
864.0;6;13;7;15;91;23;7;22;16
870.0;4;17;5;15;92;22;6;23;16
876.0;2;18;5;15;95;23;6;22;14
882.0;2;20;4;14;97;22;4;23;14
888.0;4;18;5;14;94;21;5;24;15
894.0;4;15;6;14;95;22;7;25;12
900.0;2;14;7;15;95;22;8;25;12
906.0;1;14;8;14;93;24;7;25;14
912.0;1;15;10;11;96;25;6;26;10
918.0;2;15;9;11;96;26;6;25;10
924.0;2;17;7;11;95;25;9;24;10
930.0;3;17;6;14;95;24;9;23;9
936.0;4;18;5;16;94;22;8;24;9
942.0;5;18;5;17;94;21;9;23;8
948.0;6;18;6;17;93;20;11;21;8
954.0;6;19;6;17;91;23;10;19;9
960.0;6;20;6;18;92;23;8;18;9
966.0;5;21;7;19;90;25;8;17;8
972.0;7;25;6;19;89;24;8;15;7
978.0;7;25;7;19;90;24;9;14;5
984.0;9;25;7;19;88;24;8;15;5
990.0;10;23;7;20;86;23;11;14;6
996.0;10;22;8;19;88;23;12;13;5
1002.0;11;21;10;20;89;23;11;12;3
1008.0;12;20;9;20;88;23;13;12;3
1014.0;14;19;9;20;86;21;15;12;4
1020.0;14;19;7;19;87;21;14;14;5
1026.0;14;18;7;22;86;22;14;14;3
1032.0;13;20;7;21;84;24;14;14;3
1038.0;14;21;9;22;82;22;14;14;2
1044.0;15;21;8;23;84;21;14;11;3
1050.0;13;20;10;23;85;21;13;10;5
1056.0;12;21;11;20;86;20;12;13;5
1062.0;12;20;12;19;87;22;11;13;4
1068.0;11;20;10;19;88;22;11;13;6
1074.0;13;20;11;18;85;22;10;15;6
1080.0;13;19;11;17;87;21;9;15;8
1086.0;12;19;12;18;87;20;10;14;8
1092.0;12;19;12;20;86;19;9;13;10
1098.0;11;21;11;18;85;21;10;12;11
1104.0;10;24;10;17;84;22;10;10;13
1110.0;8;23;10;20;82;22;10;10;15
1116.0;8;24;11;26;80;23;8;9;11
1122.0;7;25;13;26;81;22;8;9;9
1128.0;7;25;13;25;82;24;7;9;8
1134.0;9;23;10;24;80;24;8;11;11
1140.0;9;24;10;25;80;24;8;9;11
1146.0;9;24;8;25;80;23;8;11;12
1152.0;8;24;7;24;80;22;10;11;14
1158.0;8;23;8;23;81;20;13;12;12
1164.0;9;25;8;24;82;16;13;12;11
1170.0;9;25;8;24;83;17;11;12;11
1176.0;9;25;8;25;84;16;11;11;11
1182.0;11;27;9;24;83;15;10;13;8
1188.0;10;27;10;26;83;16;8;12;8
1194.0;11;26;10;26;83;15;7;13;9
1200.0;11;24;8;27;83;17;6;15;9
1206.0;13;24;9;27;83;16;5;15;8
1212.0;14;24;8;25;84;18;5;15;7
1218.0;15;23;10;25;84;16;5;15;7
1224.0;14;23;9;22;85;18;7;16;6
1230.0;14;22;8;23;86;18;6;17;6
1236.0;13;20;9;24;87;18;6;16;7
1242.0;13;20;10;22;89;17;7;15;7
1248.0;13;22;9;22;89;18;5;15;7
1254.0;11;21;9;23;87;19;7;15;8
1260.0;12;20;9;21;84;21;8;16;9
1266.0;12;20;10;21;82;20;7;18;10
1272.0;10;20;12;22;82;20;5;19;10
1278.0;8;21;11;20;84;20;6;19;11
1284.0;9;22;10;19;84;21;6;18;11
1290.0;11;20;9;20;82;24;8;17;9
1296.0;11;20;10;21;79;24;9;16;10
1302.0;11;20;11;19;79;25;10;14;11
1308.0;11;19;12;19;81;22;10;16;10
1314.0;10;17;12;19;82;22;11;18;9
1320.0;10;17;13;17;83;22;10;18;10
1326.0;11;17;14;15;84;24;8;16;11
1332.0;11;16;13;14;84;23;8;18;13
1338.0;9;16;12;15;84;23;7;21;13
1344.0;10;16;14;15;84;24;7;19;11
1350.0;11;16;15;16;87;22;6;18;9
1356.0;9;15;14;17;87;24;5;20;9
1362.0;11;17;13;15;87;22;5;20;10
1368.0;12;16;12;15;87;21;6;21;10
1374.0;11;17;10;16;88;19;7;21;11
1380.0;12;18;10;16;89;19;7;18;11
1386.0;13;18;8;17;89;18;8;18;11
1392.0;13;18;9;15;88;19;9;18;11
1398.0;14;18;8;15;88;18;9;19;11
1404.0;14;19;7;15;85;17;11;20;12
1410.0;15;19;8;14;85;18;12;19;10
1416.0;17;18;9;13;85;19;10;18;11
1422.0;16;18;9;14;85;21;9;17;11
1428.0;15;18;9;13;85;24;10;17;9
1434.0;15;16;11;11;84;27;12;16;8
1440.0;13;15;11;12;85;27;12;16;9
1446.0;12;14;11;11;86;27;12;18;9
1452.0;12;14;12;12;85;28;10;17;10
1458.0;13;15;11;11;84;31;11;15;9
1464.0;13;15;10;11;85;27;13;17;9
1470.0;11;19;11;11;86;26;10;18;8
1476.0;9;17;12;12;83;28;10;21;8
1482.0;9;15;14;12;85;27;10;19;9
1488.0;6;16;16;12;84;26;10;21;9
1494.0;8;17;13;12;85;24;9;22;10
1500.0;7;17;13;14;84;25;12;18;10
1506.0;6;18;14;13;84;26;11;18;10
1512.0;8;17;13;15;85;22;12;17;11
1518.0;9;15;13;15;87;23;11;19;8
1524.0;8;15;13;18;87;21;11;19;8
1530.0;9;15;15;17;85;23;10;19;7
1536.0;10;16;16;16;85;22;9;18;8
1542.0;8;18;16;16;85;22;10;18;7
1548.0;9;17;15;15;84;23;11;18;8
1554.0;8;18;15;14;85;23;11;19;7
1560.0;9;17;14;15;85;23;12;19;6
1566.0;9;15;15;16;84;26;12;18;5
1572.0;12;16;14;16;82;26;10;18;6
1578.0;12;17;13;18;83;27;9;16;5
1584.0;15;18;12;18;84;26;7;15;5
1590.0;14;19;9;18;87;26;7;15;5
1596.0;14;18;9;19;86;27;7;15;5
1602.0;15;16;9;18;85;29;6;16;6
1608.0;18;15;11;18;83;27;6;17;5
1614.0;18;14;11;19;86;27;4;17;4
1620.0;16;15;12;19;86;25;5;19;3
1626.0;17;16;11;18;86;26;4;19;3
1632.0;16;17;10;19;86;26;3;19;4
1638.0;15;17;10;19;85;25;5;20;4
1644.0;14;18;10;21;83;24;6;19;5
1650.0;14;17;9;23;84;23;6;19;5
1656.0;14;15;9;23;81;23;8;21;6
1662.0;12;14;9;24;80;22;10;21;8
1668.0;12;14;9;24;82;21;11;22;5
1674.0;11;15;9;24;82;19;13;21;6
1680.0;10;16;9;25;82;20;12;20;6
1686.0;8;17;10;26;83;20;9;19;8
1692.0;8;16;8;27;85;20;8;19;9
1698.0;8;15;9;25;87;21;7;17;11
1704.0;8;16;8;26;89;23;5;15;10
1710.0;10;15;8;25;89;23;6;13;11
1716.0;9;15;9;24;89;23;7;12;12
1722.0;9;17;11;22;86;25;8;11;11
1728.0;7;18;11;23;87;26;8;9;11
1734.0;9;18;9;23;87;26;7;9;12
1740.0;10;18;9;21;88;27;7;10;10
1746.0;9;18;8;22;90;26;8;10;9
1752.0;8;17;10;23;91;26;8;10;7
1758.0;7;17;10;23;89;26;8;11;9
1764.0;7;14;11;25;88;25;8;13;9
1770.0;6;16;10;23;89;26;8;15;7
1776.0;8;14;12;22;90;24;7;14;9
1782.0;8;14;12;20;91;21;10;14;10
1788.0;8;13;14;22;92;21;7;14;9
1794.0;9;13;17;21;93;21;5;14;7
