#auto generated file!
12.0;23;33;24;15;19;26;31;22;27
18.0;20;31;26;17;23;26;32;22;23
24.0;21;34;24;16;23;26;32;24;20
30.0;21;36;22;18;25;25;31;24;18
36.0;23;35;23;18;27;25;29;24;16
42.0;21;34;21;18;31;24;27;29;15
48.0;22;33;19;19;32;22;29;28;16
54.0;25;32;17;21;35;23;28;24;15
60.0;25;32;17;20;38;23;25;23;17
66.0;21;31;18;20;41;25;24;23;17
72.0;21;31;19;20;42;24;24;22;17
78.0;18;32;18;19;44;27;21;22;19
84.0;17;30;18;19;46;31;21;20;18
90.0;17;33;15;20;47;31;19;21;17
96.0;14;32;16;21;50;32;14;24;17
102.0;14;32;14;22;53;32;16;23;14
108.0;13;34;14;24;52;33;14;22;14
114.0;13;35;14;26;51;36;11;21;13
120.0;13;34;14;26;53;35;10;21;14
126.0;15;33;13;25;54;34;10;19;17
132.0;13;32;15;27;53;34;10;19;17
138.0;12;30;18;28;53;34;7;20;18
144.0;13;31;15;30;52;33;7;22;17
150.0;10;30;15;30;53;33;9;24;16
156.0;10;30;15;30;53;32;10;26;14
162.0;10;30;17;29;53;32;10;26;13
168.0;10;31;17;30;54;30;13;22;13
174.0;12;34;16;28;53;28;14;22;13
180.0;11;33;15;27;54;31;15;22;12
186.0;16;29;12;26;56;30;17;22;12
192.0;13;31;11;25;57;30;19;22;12
198.0;15;33;11;26;56;28;17;21;13
204.0;16;35;12;26;56;28;14;22;11
210.0;15;35;12;25;55;27;17;23;11
216.0;15;33;10;25;56;28;20;21;12
222.0;14;36;9;25;56;28;19;21;12
228.0;12;34;8;26;55;28;18;24;15
234.0;12;33;8;25;55;28;18;27;14
240.0;12;32;11;23;58;30;15;28;11
246.0;12;32;9;24;61;30;14;27;11
252.0;14;33;10;24;62;28;12;25;12
258.0;14;33;12;25;62;28;11;23;12
264.0;13;33;10;24;63;26;11;26;14
270.0;13;29;13;27;65;22;13;25;13
276.0;14;28;12;30;64;21;12;26;13
282.0;13;28;13;30;65;21;12;26;12
288.0;14;26;15;32;64;21;10;28;10
294.0;13;26;13;31;65;22;13;27;10
300.0;13;26;13;27;64;24;15;27;11
306.0;14;25;15;22;65;24;15;26;14
312.0;14;24;15;22;65;24;16;27;13
318.0;14;25;15;22;64;27;13;28;12
324.0;17;26;13;21;64;29;13;26;11
330.0;18;26;12;22;63;29;12;29;9
336.0;16;25;10;23;65;27;14;28;12
342.0;18;25;13;21;66;24;15;27;11
348.0;19;24;15;22;68;24;14;24;10
354.0;19;22;19;25;66;22;14;22;11
360.0;18;23;19;24;68;22;15;24;7
366.0;16;24;18;24;69;21;15;25;8
372.0;19;24;21;21;69;21;16;20;9
378.0;17;23;16;22;71;23;17;20;11
384.0;16;24;15;23;73;27;14;19;9
390.0;17;22;17;21;72;27;12;20;12
396.0;19;22;17;20;72;25;12;21;12
402.0;16;21;16;19;73;26;13;22;14
408.0;16;21;14;19;75;26;13;22;14
414.0;16;24;14;18;75;27;13;20;13
420.0;14;20;13;22;75;30;14;21;11
426.0;12;20;14;22;74;34;12;20;12
432.0;13;19;13;23;76;34;11;20;11
438.0;13;19;17;23;75;31;10;20;12
444.0;12;19;18;23;74;32;11;20;11
450.0;10;18;20;23;75;30;11;21;12
456.0;10;21;15;23;78;27;11;21;14
462.0;10;23;12;21;78;26;12;23;15
468.0;12;23;12;20;77;26;14;22;14
474.0;15;22;12;20;77;24;14;22;14
480.0;13;22;14;22;76;23;13;22;15
486.0;13;23;13;22;79;23;14;22;11
492.0;13;23;13;21;79;23;14;21;13
498.0;13;23;11;22;78;21;18;21;13
504.0;12;25;12;25;78;22;16;19;11
510.0;13;24;11;24;78;23;16;21;10
516.0;11;25;12;23;76;21;19;20;13
522.0;11;24;12;24;78;22;19;18;12
528.0;13;24;10;26;78;22;17;19;11
534.0;11;23;10;27;78;21;18;19;13
540.0;10;23;11;26;77;20;18;20;15
546.0;11;25;12;26;76;20;16;20;14
552.0;12;28;12;24;77;19;15;21;12
558.0;12;28;13;26;76;20;12;22;11
564.0;11;30;11;27;77;23;10;21;10
570.0;14;27;11;26;77;25;9;19;12
576.0;12;25;9;26;80;25;9;20;14
582.0;13;22;8;25;80;26;10;20;16
588.0;14;26;9;23;79;24;13;20;12
594.0;16;27;9;22;77;22;12;21;14
600.0;17;28;9;20;79;24;12;18;13
606.0;16;27;8;19;79;26;13;17;15
612.0;17;27;9;17;77;27;12;18;16
618.0;14;28;10;20;77;27;12;17;15
624.0;13;27;11;23;78;25;12;17;14
630.0;13;26;11;23;78;25;13;18;13
636.0;15;25;11;22;80;23;13;17;14
642.0;10;28;14;20;80;23;14;17;14
648.0;9;28;13;20;81;23;13;18;15
654.0;9;27;13;22;82;23;11;18;15
660.0;6;27;14;23;85;20;12;18;15
666.0;9;28;12;24;84;20;11;18;14
672.0;10;30;12;27;84;18;9;18;12
678.0;8;29;10;26;84;20;9;20;14
684.0;9;31;11;26;82;21;9;17;14
690.0;9;34;11;27;78;21;8;17;15
696.0;9;33;11;27;78;20;10;18;14
702.0;11;31;9;29;80;19;9;17;15
708.0;7;33;11;31;81;18;8;16;15
714.0;7;32;12;31;84;18;7;13;16
720.0;9;32;13;30;84;18;8;12;14
726.0;9;31;13;29;86;19;9;13;11
732.0;10;28;12;30;86;20;9;13;12
738.0;11;28;11;30;86;19;9;14;12
744.0;14;27;10;28;85;20;9;13;14
750.0;14;27;11;27;87;18;10;12;14
756.0;12;29;11;27;88;16;10;12;15
762.0;12;30;11;28;87;17;8;12;15
768.0;13;29;11;27;87;17;8;14;14
774.0;14;28;10;29;88;17;8;14;12
780.0;11;27;10;31;88;17;9;15;12
786.0;12;25;11;31;88;17;9;14;13
792.0;11;24;10;30;86;17;11;18;13
798.0;11;25;11;28;88;18;11;17;11
804.0;13;28;9;28;87;17;10;16;12
810.0;15;30;9;27;89;14;10;17;9
816.0;17;29;8;25;91;15;10;16;9
822.0;16;29;8;25;91;14;10;17;10
828.0;17;30;7;28;92;16;7;16;7
834.0;15;31;7;26;93;17;8;16;7
840.0;15;31;9;24;93;17;8;17;6
846.0;12;31;10;23;93;16;9;19;7
852.0;14;27;11;23;93;16;11;17;8
858.0;12;25;11;24;95;16;10;21;6
864.0;11;26;13;24;95;14;7;23;7
870.0;10;25;14;26;93;15;6;21;10
876.0;12;23;14;24;95;16;6;21;9
882.0;14;21;13;25;95;16;8;19;9
888.0;16;20;12;24;93;17;8;20;10
894.0;16;21;12;23;92;17;9;20;10
900.0;16;21;12;22;94;15;8;20;12
906.0;15;22;11;22;95;15;7;21;12
912.0;15;23;12;21;94;16;6;21;12
918.0;16;23;11;21;94;18;6;20;11
924.0;15;23;7;19;98;20;8;19;11
930.0;14;21;7;18;102;21;8;18;11
936.0;15;19;8;18;102;21;10;17;10
942.0;15;18;8;17;103;21;10;17;11
948.0;18;19;7;16;104;19;10;19;8
954.0;17;19;5;20;102;19;11;17;10
960.0;17;20;4;20;105;18;10;17;9
966.0;18;20;5;19;103;17;9;18;11
972.0;17;18;6;19;104;17;9;19;11
978.0;16;18;6;19;104;16;11;19;11
984.0;15;18;7;20;108;16;7;17;12
990.0;14;17;7;20;109;16;7;17;13
996.0;13;18;7;19;109;16;7;18;13
1002.0;14;18;7;17;110;17;6;19;12
1008.0;13;18;8;18;111;18;6;17;11
1014.0;13;18;9;17;111;18;7;18;9
1020.0;12;17;9;18;111;18;8;19;8
1026.0;10;17;9;16;111;19;8;20;10
1032.0;11;18;7;16;112;19;11;18;8
1038.0;10;19;10;14;112;17;11;19;8
1044.0;11;20;9;14;114;17;10;17;8
1050.0;11;18;10;15;113;16;10;18;9
1056.0;10;16;13;14;112;18;11;18;8
1062.0;10;18;13;15;112;18;10;16;8
1068.0;10;18;13;15;112;16;9;16;11
1074.0;9;19;12;16;111;18;11;15;9
1080.0;9;19;12;17;111;18;10;15;9
1086.0;8;19;12;17;110;21;11;15;7
1092.0;8;18;13;16;110;22;11;16;6
1098.0;9;16;12;18;110;23;10;17;5
1104.0;9;15;13;19;110;23;9;17;5
1110.0;10;15;16;19;110;20;9;16;5
1116.0;7;16;17;21;109;20;8;17;5
1122.0;7;14;18;22;109;19;8;18;5
1128.0;9;14;18;24;108;20;6;18;3
1134.0;9;15;15;21;110;19;6;20;5
1140.0;9;17;12;21;109;21;7;19;5
1146.0;7;15;14;21;109;21;9;19;5
1152.0;7;14;15;19;109;21;9;20;6
1158.0;9;11;15;21;108;22;8;19;7
1164.0;10;11;15;21;107;23;7;18;8
1170.0;10;14;14;21;104;24;8;17;8
1176.0;11;15;15;20;104;22;9;17;7
1182.0;12;15;15;19;106;23;7;17;6
1188.0;12;16;18;20;104;20;7;16;7
1194.0;13;16;18;18;102;19;7;20;7
1200.0;14;13;17;20;103;18;7;20;8
1206.0;14;14;16;20;102;16;8;21;9
1212.0;14;15;16;21;100;17;6;23;8
1218.0;13;15;19;18;100;17;7;21;10
1224.0;15;13;17;18;99;17;8;21;12
1230.0;13;13;18;18;98;18;9;22;11
1236.0;14;14;17;19;98;18;9;23;8
1242.0;11;17;17;19;96;18;11;21;10
1248.0;10;19;21;17;94;19;9;22;9
1254.0;8;18;18;19;96;19;9;20;13
1260.0;10;17;20;17;96;19;9;21;11
1266.0;12;19;17;16;95;20;10;21;10
1272.0;10;20;15;19;95;17;11;21;12
1278.0;8;19;14;17;97;18;14;20;13
1284.0;10;17;13;18;98;17;12;22;13
1290.0;11;16;15;20;95;17;12;23;11
1296.0;11;17;14;20;95;15;13;22;13
1302.0;12;18;12;21;95;15;13;21;13
1308.0;13;18;10;19;97;13;16;20;14
1314.0;12;19;12;20;98;13;15;19;12
1320.0;14;20;11;21;98;14;13;17;12
1326.0;16;20;10;22;98;15;11;17;11
1332.0;16;21;10;21;98;15;10;17;12
1338.0;14;21;10;22;97;17;10;17;12
1344.0;14;22;8;22;97;15;10;20;12
1350.0;14;23;7;20;99;15;11;18;13
1356.0;12;23;9;20;99;16;11;17;13
1362.0;9;25;9;18;97;17;12;18;15
1368.0;9;23;8;18;99;15;10;21;17
1374.0;9;25;7;17;100;16;9;21;16
1380.0;11;26;6;14;99;18;9;22;15
1386.0;12;25;5;14;98;20;9;24;13
1392.0;13;27;5;12;99;18;8;24;14
1398.0;10;26;5;15;101;19;9;22;13
1404.0;12;27;5;15;101;16;9;22;13
1410.0;9;27;7;15;101;17;8;23;13
1416.0;8;26;7;15;100;22;7;22;13
1422.0;10;27;9;14;97;22;7;22;12
1428.0;9;26;9;15;97;22;7;22;13
1434.0;9;24;10;17;97;22;7;22;12
1440.0;10;23;10;19;95;22;7;22;12
1446.0;9;22;9;19;94;22;9;24;12
1452.0;8;21;9;21;93;24;9;24;11
1458.0;5;22;10;23;92;25;8;25;10
1464.0;6;21;11;22;91;24;11;25;9
1470.0;7;20;11;23;91;23;10;26;9
1476.0;9;21;12;24;89;22;8;26;9
1482.0;6;22;11;23;89;25;9;28;7
1488.0;7;21;10;24;91;23;8;30;6
1494.0;7;22;10;24;91;23;9;27;7
1500.0;8;25;9;25;91;23;8;24;7
1506.0;8;26;9;24;93;25;9;20;6
1512.0;8;26;9;26;91;25;9;20;6
1518.0;7;27;10;26;89;26;8;21;6
1524.0;6;27;5;27;92;26;8;22;7
1530.0;8;25;3;27;92;26;11;20;8
1536.0;10;24;2;25;92;27;11;20;9
1542.0;9;23;4;25;94;25;11;21;8
1548.0;8;23;9;23;96;26;11;17;7
1554.0;10;20;8;22;99;25;10;19;7
1560.0;11;21;9;20;99;26;10;16;8
1566.0;11;23;8;19;99;27;9;16;8
1572.0;10;23;9;19;98;28;9;17;7
1578.0;9;23;8;19;99;30;9;16;7
1584.0;8;22;6;21;100;30;10;16;7
1590.0;7;25;5;23;100;27;8;17;8
1596.0;8;25;5;22;101;27;8;17;7
1602.0;9;26;6;23;98;27;7;18;6
1608.0;7;25;6;22;99;27;7;18;9
1614.0;8;27;9;20;99;27;7;17;6
1620.0;7;27;10;21;97;27;8;16;7
1626.0;7;27;8;22;98;27;7;15;9
1632.0;5;26;9;24;99;27;7;15;8
1638.0;7;26;10;23;97;27;6;16;8
1644.0;6;26;9;21;96;27;9;17;9
1650.0;7;27;10;19;95;26;9;17;10
1656.0;9;29;11;16;93;25;10;18;9
1662.0;7;30;10;17;91;28;11;18;8
1668.0;8;29;13;16;91;27;9;21;6
1674.0;8;29;12;16;90;30;9;21;5
1680.0;9;28;9;17;90;29;12;22;4
1686.0;8;25;10;20;90;26;13;23;5
1692.0;11;25;9;20;89;25;13;23;5
1698.0;12;24;9;20;89;25;13;22;6
1704.0;13;24;7;23;88;22;13;21;9
1710.0;14;22;8;23;86;22;14;20;11
1716.0;15;21;9;21;88;21;13;19;13
1722.0;13;20;11;22;87;20;14;19;14
1728.0;13;21;10;23;87;20;15;18;13
1734.0;13;21;10;23;87;20;17;18;11
1740.0;12;23;12;24;88;20;13;19;9
1746.0;13;24;14;23;86;20;12;19;9
1752.0;12;24;15;24;87;20;11;20;7
1758.0;10;23;16;24;85;20;11;22;9
1764.0;10;22;14;24;87;19;11;25;8
1770.0;10;21;15;26;87;21;11;23;6
1776.0;9;21;14;26;89;20;9;23;9
1782.0;8;21;14;26;89;19;8;24;11
1788.0;8;21;15;27;88;16;10;23;12
1794.0;9;20;13;29;89;16;12;22;10
