#auto generated file!
12.0;28;37;38;36;23;15;28;40;35
18.0;28;36;38;34;24;18;28;42;32
24.0;24;34;38;35;30;18;25;44;32
30.0;22;33;38;39;31;19;21;44;33
36.0;25;36;36;36;36;18;20;43;30
42.0;28;36;32;39;37;21;18;40;29
48.0;29;34;33;38;37;21;20;37;31
54.0;27;35;33;40;39;19;20;37;30
60.0;26;32;33;43;40;22;20;35;29
66.0;21;34;34;43;43;25;19;35;26
72.0;24;38;30;40;46;28;22;33;19
78.0;25;39;25;40;45;29;22;35;20
84.0;24;39;22;45;46;28;21;39;16
90.0;24;38;19;47;49;27;19;39;18
96.0;21;37;20;47;50;26;20;37;22
102.0;21;32;20;43;53;25;20;43;23
108.0;19;31;21;43;53;27;20;46;20
114.0;16;33;21;46;55;28;19;42;20
120.0;13;35;21;46;56;28;18;43;20
126.0;14;36;19;47;56;29;18;44;17
132.0;13;35;22;43;53;30;19;45;20
138.0;16;40;22;40;54;26;19;42;21
144.0;18;41;19;36;57;22;22;43;22
150.0;19;40;21;37;56;23;21;40;23
156.0;13;39;22;38;57;23;22;40;26
162.0;15;40;17;37;60;23;24;38;26
168.0;15;39;18;36;61;22;24;38;27
174.0;14;39;19;39;64;21;23;37;24
180.0;14;40;20;36;64;22;23;36;25
186.0;15;41;22;38;65;24;19;33;23
192.0;15;37;25;38;64;24;20;33;24
198.0;17;37;27;37;64;24;16;35;23
204.0;17;31;28;33;67;28;20;36;20
210.0;17;31;27;34;68;26;20;36;21
216.0;13;28;25;36;73;28;19;39;19
222.0;15;29;26;36;72;26;18;39;19
228.0;16;25;27;35;70;28;18;40;21
234.0;16;26;26;30;69;28;18;43;24
240.0;21;24;23;31;73;26;17;43;22
246.0;24;24;22;31;74;25;18;42;20
252.0;22;27;20;33;74;26;18;40;20
258.0;22;28;18;33;76;27;19;36;21
264.0;17;30;21;32;77;30;19;38;16
270.0;14;29;20;32;78;32;21;39;15
276.0;15;27;20;34;82;30;20;38;14
282.0;16;28;18;35;84;31;18;37;13
288.0;20;28;20;32;84;28;19;38;11
294.0;19;28;16;34;84;29;20;40;10
300.0;18;30;16;34;85;26;21;36;14
306.0;17;31;17;37;86;26;22;31;13
312.0;16;30;16;38;88;26;19;32;15
318.0;14;29;15;37;91;25;18;37;14
324.0;13;28;16;37;93;25;18;38;12
330.0;13;29;17;39;95;25;16;37;9
336.0;10;28;16;43;96;24;17;36;10
342.0;10;28;15;40;99;24;20;37;7
348.0;12;29;14;38;97;21;22;40;7
354.0;13;27;16;37;99;22;19;39;8
360.0;15;26;13;38;102;20;17;38;11
366.0;15;28;13;37;104;22;15;37;9
372.0;18;25;10;39;106;24;13;36;9
378.0;18;24;11;37;105;25;14;36;10
384.0;17;23;10;39;106;25;12;38;10
390.0;16;24;10;38;103;27;11;39;12
396.0;15;23;9;37;104;29;9;41;13
402.0;17;24;9;38;103;28;7;43;11
408.0;19;24;10;37;103;26;7;42;12
414.0;19;20;10;35;105;30;8;38;15
420.0;17;19;13;32;106;32;9;38;14
426.0;16;22;14;33;104;31;9;38;13
432.0;16;22;14;31;106;31;8;38;14
438.0;18;21;15;31;108;31;9;34;13
444.0;16;21;13;30;110;34;11;34;11
450.0;16;23;14;32;111;31;9;34;10
456.0;15;24;14;32;113;29;7;35;11
462.0;14;26;14;32;113;28;9;33;11
468.0;15;27;15;32;113;26;8;33;11
474.0;14;26;15;30;113;28;9;34;11
480.0;11;28;15;30;114;27;7;34;14
486.0;11;24;13;29;114;29;11;32;17
492.0;12;25;12;29;112;28;11;31;20
498.0;12;26;14;28;112;28;13;29;18
504.0;14;22;14;27;115;28;13;30;17
510.0;17;22;14;26;117;24;14;30;16
516.0;15;21;14;28;118;23;15;29;17
522.0;17;22;14;25;118;23;16;29;16
528.0;17;22;13;24;119;24;15;30;16
534.0;14;25;16;24;119;23;17;31;11
540.0;15;26;15;24;118;22;17;31;12
546.0;12;25;15;23;122;24;14;32;13
552.0;13;24;17;21;124;21;16;31;13
558.0;16;23;18;20;121;23;15;31;13
564.0;15;23;23;21;121;23;14;28;12
570.0;15;23;21;19;122;23;16;29;12
576.0;16;24;21;21;120;24;15;27;12
582.0;17;24;20;21;120;23;14;25;16
588.0;19;25;21;21;121;22;13;24;14
594.0;19;24;21;21;125;23;12;22;13
600.0;23;24;17;20;124;24;12;24;12
606.0;20;24;16;19;125;23;12;24;17
612.0;22;25;15;18;126;26;12;22;14
618.0;21;25;14;20;127;22;12;22;17
624.0;22;24;13;20;127;21;12;24;17
630.0;18;25;12;21;129;22;13;23;17
636.0;16;28;13;20;128;22;12;25;16
642.0;16;30;13;21;127;21;11;25;16
648.0;15;29;14;21;128;22;13;22;16
654.0;13;29;14;21;128;24;12;21;18
660.0;13;26;15;21;128;26;12;21;18
666.0;12;24;13;25;129;23;13;20;21
672.0;12;24;13;25;129;24;12;19;22
678.0;13;24;12;26;130;23;11;21;20
684.0;12;26;14;27;130;20;13;21;17
690.0;14;26;13;24;132;20;16;20;15
696.0;12;25;15;24;135;21;14;20;14
702.0;13;25;15;24;138;20;13;19;13
708.0;15;25;14;25;137;21;11;21;11
714.0;18;24;14;25;135;20;10;23;11
720.0;15;24;13;23;135;19;11;27;13
726.0;15;26;13;25;134;19;11;27;10
732.0;14;24;14;26;134;19;12;25;12
738.0;14;25;14;27;132;18;12;24;14
744.0;12;28;17;26;132;19;12;23;11
750.0;12;29;16;24;133;21;11;23;11
756.0;11;32;17;23;132;19;11;25;10
762.0;9;32;17;28;133;19;10;25;7
768.0;6;34;17;27;133;20;9;27;7
774.0;6;35;16;25;133;19;10;28;8
780.0;8;32;18;25;131;18;9;27;12
786.0;9;32;17;21;131;15;15;27;13
792.0;8;31;17;22;133;15;15;27;12
798.0;10;31;17;24;129;16;14;28;11
804.0;11;29;16;24;127;17;14;29;13
810.0;11;27;14;23;128;17;16;28;16
816.0;9;27;16;23;132;17;15;25;16
822.0;10;27;15;26;129;18;16;23;16
828.0;12;25;13;28;129;18;16;24;15
834.0;15;25;15;29;129;15;15;24;13
840.0;15;27;17;27;129;15;13;24;13
846.0;14;24;18;30;129;18;12;24;11
852.0;12;25;19;29;129;19;11;23;13
858.0;16;25;18;27;125;21;14;23;11
864.0;19;24;16;28;127;20;14;21;11
870.0;19;25;16;30;124;20;15;21;10
876.0;17;26;16;29;127;21;13;20;11
882.0;19;26;17;27;127;21;13;19;11
888.0;18;25;17;25;127;22;12;22;12
894.0;17;25;14;25;127;23;14;19;16
900.0;17;26;11;23;128;24;16;18;17
906.0;12;28;10;23;132;23;17;19;16
912.0;13;30;11;22;132;24;13;20;15
918.0;11;33;12;22;132;26;12;19;13
924.0;10;32;16;22;132;26;11;19;12
930.0;9;34;16;22;132;26;9;19;13
936.0;10;35;17;22;132;24;7;20;13
942.0;7;35;17;25;131;26;7;21;11
948.0;8;36;16;24;132;23;9;21;11
954.0;9;31;15;24;133;22;9;22;15
960.0;9;27;15;26;132;22;12;23;14
966.0;13;25;13;26;132;22;14;23;12
972.0;16;25;13;25;128;24;13;25;11
978.0;13;26;15;24;129;23;14;24;12
984.0;12;26;15;23;130;24;15;23;12
990.0;12;23;13;24;132;24;15;24;13
996.0;13;23;15;21;132;21;15;26;14
1002.0;12;23;15;22;137;19;13;25;14
1008.0;9;22;15;21;138;20;14;26;15
1014.0;9;22;15;22;139;21;12;26;14
1020.0;6;23;16;25;135;23;13;24;15
1026.0;6;23;18;24;134;21;10;25;19
1032.0;6;23;16;25;137;20;11;24;18
1038.0;6;23;14;25;139;20;11;24;18
1044.0;6;21;18;25;136;21;11;23;19
1050.0;9;21;17;25;133;23;10;21;21
1056.0;9;20;19;24;131;22;13;21;21
1062.0;8;18;17;26;132;25;15;19;20
1068.0;8;18;15;26;133;23;16;19;22
1074.0;9;19;16;25;132;26;15;18;20
1080.0;10;21;15;26;131;27;15;17;18
1086.0;10;20;14;27;132;27;13;19;18
1092.0;11;23;14;24;133;26;12;19;18
1098.0;9;22;12;28;132;25;14;20;18
1104.0;12;22;11;26;132;25;15;21;16
1110.0;12;22;12;26;130;24;16;22;16
1116.0;12;23;12;26;128;24;16;23;16
1122.0;9;24;17;24;128;24;15;23;16
1128.0;9;25;17;25;126;25;13;22;18
1134.0;9;24;15;23;127;24;17;22;19
1140.0;8;23;13;24;129;25;16;24;18
1146.0;10;23;12;25;130;24;16;24;16
1152.0;10;22;13;24;128;25;17;23;18
1158.0;10;24;12;26;127;26;13;24;18
1164.0;10;23;14;24;127;26;16;24;16
1170.0;11;23;16;24;126;26;16;22;16
1176.0;11;24;18;23;128;25;13;22;16
1182.0;11;25;16;26;127;25;13;22;15
1188.0;12;23;15;27;124;27;14;23;15
1194.0;13;24;17;25;124;27;11;24;15
1200.0;13;24;16;26;124;27;12;23;15
1206.0;13;24;17;23;123;27;13;22;18
1212.0;15;24;19;22;125;26;11;20;18
1218.0;17;22;17;21;125;23;12;23;20
1224.0;16;24;14;21;124;24;13;23;21
1230.0;14;22;14;20;125;24;17;23;21
1236.0;16;23;15;19;122;23;18;23;21
1242.0;16;26;14;18;122;21;20;20;23
1248.0;15;29;12;18;123;21;18;21;23
1254.0;15;29;13;20;123;22;19;21;18
1260.0;16;30;11;20;123;23;17;21;19
1266.0;14;29;11;18;125;19;20;24;20
1272.0;14;30;14;19;126;17;14;25;21
1278.0;15;31;13;17;128;17;11;26;22
1284.0;16;31;11;17;130;17;13;23;22
1290.0;16;30;11;18;133;17;12;23;20
1296.0;15;30;9;18;132;19;11;27;19
1302.0;15;30;9;17;131;20;12;27;19
1308.0;13;30;10;18;132;21;15;25;16
1314.0;12;28;10;15;134;24;14;27;16
1320.0;10;29;10;15;135;23;15;27;16
1326.0;13;28;9;14;136;23;15;27;15
1332.0;14;28;5;14;137;21;18;28;15
1338.0;14;27;5;13;138;22;17;28;16
1344.0;15;25;5;16;138;22;16;28;15
1350.0;11;25;3;17;140;22;18;28;16
1356.0;11;23;3;19;138;24;16;29;17
1362.0;12;23;2;18;139;24;16;29;17
1368.0;11;23;5;18;139;23;15;29;17
1374.0;11;23;4;17;140;25;14;29;17
1380.0;12;26;5;17;137;26;15;28;14
1386.0;11;25;7;16;136;28;15;27;15
1392.0;13;25;7;17;134;28;16;29;11
1398.0;11;25;7;17;133;30;17;29;11
1404.0;11;27;8;17;132;31;17;27;10
1410.0;11;26;10;14;132;34;16;27;10
1416.0;10;25;9;18;131;35;13;27;12
1422.0;11;26;6;19;132;34;13;26;13
1428.0;11;25;6;21;132;32;14;27;12
1434.0;15;26;7;20;131;29;14;27;11
1440.0;15;25;6;24;132;30;13;24;11
1446.0;14;27;7;26;130;28;12;26;10
1452.0;13;31;9;24;128;29;11;25;10
1458.0;12;32;10;22;128;28;10;24;14
1464.0;12;33;10;21;128;28;10;25;13
1470.0;13;33;9;22;130;29;11;21;12
1476.0;12;34;10;22;126;33;10;23;10
1482.0;13;32;10;21;128;32;10;22;12
1488.0;12;32;10;22;129;31;10;22;12
1494.0;11;34;10;23;128;31;11;22;10
1500.0;10;35;10;23;126;35;9;23;9
1506.0;11;33;10;23;126;35;11;23;8
1512.0;9;33;11;23;125;38;12;23;6
1518.0;12;30;12;24;125;39;10;20;8
1524.0;11;30;9;26;127;42;8;19;8
1530.0;11;29;9;24;127;43;8;20;9
1536.0;11;27;10;21;128;42;10;20;11
1542.0;10;28;12;21;126;43;8;23;9
1548.0;9;30;13;21;126;42;7;23;9
1554.0;10;28;12;23;126;42;8;22;9
1560.0;11;30;10;23;126;39;8;23;10
1566.0;12;29;10;23;127;39;7;23;10
1572.0;12;29;10;23;125;39;9;23;10
1578.0;11;28;11;25;124;39;10;22;10
1584.0;11;28;13;25;125;36;8;23;11
1590.0;11;30;13;22;123;36;7;24;14
1596.0;6;31;13;23;121;35;9;25;17
1602.0;7;28;12;26;121;35;9;28;14
1608.0;6;27;13;26;122;34;9;29;14
1614.0;7;26;14;30;121;34;9;25;14
1620.0;9;26;14;33;120;32;9;26;11
1626.0;9;25;13;34;121;30;9;28;11
1632.0;9;26;11;35;119;34;8;27;11
1638.0;10;30;12;35;118;29;7;26;13
1644.0;12;30;12;34;118;29;8;25;12
1650.0;12;32;11;32;117;29;10;27;10
1656.0;9;35;13;29;114;27;12;28;13
1662.0;9;37;14;29;112;28;12;27;12
1668.0;9;38;12;28;112;28;11;29;13
1674.0;11;35;10;28;113;28;11;30;14
1680.0;12;37;9;25;115;26;13;28;15
1686.0;12;38;11;23;115;28;9;27;17
1692.0;12;38;11;21;118;29;10;27;14
1698.0;11;39;12;20;119;29;8;29;13
1704.0;10;37;13;21;118;31;9;30;11
1710.0;11;35;13;22;117;33;10;29;10
1716.0;8;36;12;25;116;33;9;31;10
1722.0;7;37;12;24;115;34;8;31;12
1728.0;6;35;14;23;115;36;8;30;13
1734.0;6;34;12;25;115;34;10;31;13
1740.0;7;32;14;26;113;33;9;33;13
1746.0;7;30;14;25;116;33;8;33;14
1752.0;6;30;14;27;116;31;8;31;17
1758.0;5;32;15;24;113;32;10;33;16
1764.0;6;31;18;22;114;31;11;31;16
1770.0;6;29;14;24;115;33;9;33;17
1776.0;7;28;12;22;115;36;10;31;19
1782.0;9;28;15;23;115;32;10;31;17
1788.0;6;27;15;23;115;34;11;32;17
1794.0;9;27;15;21;114;32;14;33;15
