#auto generated file!
12.0;33;31;28;30;31;39;31;35;32
18.0;35;29;27;32;34;39;29;35;30
24.0;32;30;26;34;35;38;27;35;33
30.0;31;33;26;34;42;38;23;35;28
36.0;30;31;24;35;43;39;22;38;28
42.0;31;30;26;37;44;38;21;40;23
48.0;33;26;25;35;46;42;20;39;24
54.0;29;26;25;36;45;44;20;40;25
60.0;25;26;24;37;46;46;19;41;26
66.0;25;25;21;36;47;46;17;42;31
72.0;26;25;19;37;47;46;19;44;27
78.0;24;26;22;36;49;43;18;47;25
84.0;20;27;22;35;49;47;18;47;25
90.0;20;25;25;34;50;45;17;49;25
96.0;22;25;21;32;52;45;20;47;26
102.0;22;25;18;36;54;41;19;45;30
108.0;20;25;17;37;55;40;18;46;32
114.0;20;27;16;34;58;39;20;46;30
120.0;22;27;20;32;57;37;18;48;29
126.0;24;28;23;31;59;38;18;45;24
132.0;24;32;21;32;59;37;18;44;23
138.0;26;33;20;34;61;37;15;44;20
144.0;30;32;17;33;61;37;17;42;21
150.0;28;33;18;34;63;36;18;42;18
156.0;23;33;18;35;65;35;18;43;20
162.0;22;35;18;35;66;35;18;42;19
168.0;20;32;18;35;69;35;19;44;18
174.0;19;29;19;35;71;32;20;42;23
180.0;18;27;21;35;71;34;19;43;22
186.0;17;25;22;39;74;34;17;40;22
192.0;20;24;20;35;74;32;19;46;20
198.0;20;23;21;37;76;31;19;45;18
204.0;21;23;22;37;75;33;18;45;16
210.0;20;24;23;35;76;33;18;45;16
216.0;20;25;23;34;77;35;17;45;14
222.0;21;28;22;37;77;33;15;42;15
228.0;21;27;18;38;78;32;19;42;15
234.0;21;28;19;38;81;31;17;41;14
240.0;25;29;17;37;84;29;18;39;12
246.0;29;29;15;37;86;27;17;38;12
252.0;29;31;14;37;86;24;16;37;16
258.0;25;27;12;37;89;25;17;41;17
264.0;23;28;11;38;92;25;19;37;17
270.0;22;30;10;38;92;23;25;33;17
276.0;20;30;10;42;91;21;24;36;16
282.0;18;30;11;39;95;23;24;33;17
288.0;16;30;14;39;98;23;26;31;13
294.0;16;30;14;37;101;23;23;32;14
300.0;16;32;16;35;101;23;22;33;12
306.0;14;35;16;37;102;25;16;33;12
312.0;14;35;15;34;106;28;15;29;14
318.0;17;39;12;36;105;27;13;28;13
324.0;18;37;11;35;107;28;14;27;13
330.0;17;37;12;34;108;28;15;27;12
336.0;20;35;12;34;111;26;16;25;11
342.0;20;35;11;34;112;28;14;25;11
348.0;23;34;10;34;112;28;12;24;13
354.0;21;33;12;32;114;30;11;25;12
360.0;21;32;13;30;113;29;12;26;14
366.0;20;29;16;30;112;28;13;24;18
372.0;18;31;14;32;113;26;16;22;18
378.0;17;31;14;36;110;23;16;26;17
384.0;18;30;13;35;111;24;15;27;17
390.0;18;29;15;35;111;25;16;24;17
396.0;17;29;13;35;112;28;18;23;15
402.0;14;28;15;32;113;28;19;23;18
408.0;15;25;16;32;114;27;22;21;18
414.0;16;26;16;31;115;26;22;20;18
420.0;16;27;16;34;113;26;23;17;18
426.0;16;28;16;31;115;25;24;17;18
432.0;16;29;16;31;116;27;22;17;16
438.0;15;30;15;32;118;27;22;16;15
444.0;13;32;16;32;116;26;22;17;16
450.0;14;33;14;33;117;27;22;15;15
456.0;15;33;14;33;119;27;18;15;16
462.0;15;30;17;32;121;23;20;15;17
468.0;17;30;17;28;121;26;20;14;17
474.0;18;30;15;27;121;27;19;15;18
480.0;16;31;16;26;121;26;22;15;17
486.0;13;31;17;26;123;26;20;17;17
492.0;13;30;16;24;122;27;21;18;19
498.0;11;30;18;25;124;21;22;21;18
504.0;8;30;17;28;123;22;23;22;17
510.0;5;29;19;31;122;22;24;22;16
516.0;7;31;20;31;122;21;21;22;15
522.0;7;31;22;31;122;21;20;22;14
528.0;9;31;20;27;122;23;21;24;13
534.0;10;28;21;26;125;22;21;24;13
540.0;12;27;19;24;125;23;22;26;12
546.0;15;28;19;25;123;23;21;23;13
552.0;16;28;19;25;125;22;21;21;13
558.0;15;29;18;27;126;22;18;21;14
564.0;18;29;19;27;125;22;17;18;15
570.0;18;30;17;27;126;22;16;18;16
576.0;15;30;17;26;130;22;16;20;14
582.0;14;31;18;26;130;22;14;21;14
588.0;12;31;20;23;132;21;12;24;15
594.0;10;33;22;22;129;23;13;24;14
600.0;12;33;21;23;130;21;11;25;14
606.0;14;31;21;21;130;24;13;23;13
612.0;15;31;17;23;130;28;14;22;10
618.0;18;31;15;25;129;27;13;21;11
624.0;21;29;12;23;130;28;13;22;12
630.0;21;27;11;23;132;28;14;24;10
636.0;20;27;11;23;129;31;17;24;8
642.0;21;28;9;25;130;29;16;23;9
648.0;19;26;9;24;132;29;15;24;12
654.0;16;26;10;26;130;30;14;24;14
660.0;17;27;9;27;129;29;11;26;15
666.0;16;24;8;28;130;33;11;26;14
672.0;16;23;8;29;129;32;12;26;15
678.0;17;20;7;29;131;33;13;25;15
684.0;16;21;7;29;131;33;14;24;15
690.0;15;21;8;29;130;35;13;24;15
696.0;17;19;9;31;128;34;16;23;13
702.0;17;21;6;31;130;35;14;24;12
708.0;15;21;10;30;130;33;15;23;13
714.0;14;18;13;30;130;31;16;23;15
720.0;14;19;13;31;130;33;15;23;12
726.0;16;17;9;33;131;35;15;22;12
732.0;18;17;8;35;130;36;14;20;12
738.0;21;20;8;35;127;37;13;20;9
744.0;20;23;8;33;129;35;13;20;9
750.0;19;24;8;34;128;35;12;20;10
756.0;20;22;9;34;128;32;11;23;11
762.0;18;22;9;34;128;32;11;25;11
768.0;14;24;8;35;125;31;12;28;13
774.0;14;22;9;36;125;31;13;27;13
780.0;13;21;9;34;128;30;15;30;10
786.0;13;21;7;34;125;31;15;32;12
792.0;15;23;6;33;125;32;13;30;13
798.0;15;23;8;31;126;30;12;31;14
804.0;16;21;8;34;127;29;11;30;14
810.0;17;22;7;34;129;27;13;29;12
816.0;15;23;7;35;129;27;12;29;13
822.0;16;22;7;36;129;27;8;31;14
828.0;13;20;8;36;129;28;7;32;17
834.0;14;20;8;34;131;27;9;32;15
840.0;12;20;9;35;133;27;9;30;15
846.0;12;20;13;34;132;26;10;30;13
852.0;12;22;13;35;133;26;10;27;12
858.0;12;23;13;34;132;28;10;27;11
864.0;17;23;12;32;131;27;10;25;13
870.0;19;22;14;30;130;27;12;25;11
876.0;17;23;15;30;130;27;12;24;12
882.0;16;20;17;30;130;27;13;28;9
888.0;14;19;17;30;132;27;14;27;10
894.0;14;21;19;30;133;26;13;27;7
900.0;11;23;19;29;133;25;13;28;9
906.0;11;21;19;31;133;25;14;27;9
912.0;11;22;17;31;134;26;14;24;11
918.0;12;22;18;32;133;26;14;21;12
924.0;12;24;18;31;133;25;14;20;13
930.0;12;24;18;31;130;26;15;22;12
936.0;13;28;16;30;130;27;13;20;13
942.0;10;29;16;28;131;27;14;20;15
948.0;11;30;16;28;129;28;12;23;13
954.0;11;29;16;30;126;27;12;24;15
960.0;12;29;16;26;126;28;12;26;15
966.0;12;31;16;26;126;29;11;26;13
972.0;12;28;17;26;124;29;16;27;11
978.0;12;29;19;26;122;28;16;29;9
984.0;15;29;20;24;120;28;19;27;8
990.0;15;30;19;26;120;27;17;28;8
996.0;15;30;17;27;122;26;15;29;9
1002.0;16;30;16;30;121;25;16;28;8
1008.0;16;29;15;31;120;27;16;28;8
1014.0;14;29;13;32;119;28;16;30;9
1020.0;12;30;14;35;117;26;17;29;10
1026.0;11;27;16;34;118;27;18;25;14
1032.0;11;29;14;33;116;28;18;25;16
1038.0;11;28;16;32;119;29;17;24;14
1044.0;10;27;15;33;120;29;16;24;16
1050.0;9;27;15;33;117;30;17;24;18
1056.0;11;26;18;32;115;32;16;22;18
1062.0;15;26;17;31;114;30;17;22;18
1068.0;13;28;17;33;112;32;15;23;17
1074.0;13;28;16;35;113;32;13;23;17
1080.0;15;28;16;33;113;32;13;24;16
1086.0;16;29;16;32;115;31;12;24;15
1092.0;12;28;16;34;116;33;11;27;13
1098.0;12;27;16;36;117;33;10;27;12
1104.0;10;29;16;36;120;34;7;25;13
1110.0;10;28;17;35;121;33;8;24;14
1116.0;10;28;15;33;121;36;10;22;15
1122.0;8;27;14;35;121;36;15;21;13
1128.0;8;27;12;38;125;35;15;18;12
1134.0;9;25;15;37;126;34;13;17;14
1140.0;8;27;12;37;129;32;12;19;14
1146.0;8;27;12;39;128;30;11;21;14
1152.0;9;27;12;39;127;30;11;21;14
1158.0;11;28;11;39;127;29;13;20;12
1164.0;8;28;10;38;131;29;12;20;14
1170.0;10;28;10;37;133;29;10;19;14
1176.0;9;26;12;35;134;27;10;23;14
1182.0;10;28;11;34;135;24;9;25;14
1188.0;10;30;9;32;136;23;11;24;15
1194.0;14;28;10;32;133;22;12;25;14
1200.0;15;28;8;32;130;22;13;25;17
1206.0;16;27;11;31;131;21;12;24;17
1212.0;16;26;10;31;132;22;13;24;16
1218.0;16;23;10;32;130;24;15;25;15
1224.0;18;23;11;32;131;23;13;25;14
1230.0;18;23;9;32;128;26;15;23;16
1236.0;17;24;8;34;126;23;16;24;18
1242.0;15;23;10;34;129;22;14;24;19
1248.0;17;23;10;33;129;23;13;22;20
1254.0;15;23;12;33;128;26;13;22;18
1260.0;15;23;13;33;128;26;13;25;14
1266.0;16;18;15;32;130;27;14;23;15
1272.0;17;18;21;27;131;25;14;22;15
1278.0;16;20;20;24;134;26;12;22;16
1284.0;15;23;19;21;136;26;13;23;14
1290.0;16;24;17;17;136;27;15;24;14
1296.0;16;26;16;18;137;26;16;23;12
1302.0;14;25;16;20;137;28;15;24;11
1308.0;13;25;17;21;138;28;15;23;10
1314.0;13;26;18;19;136;29;16;23;10
1320.0;11;26;17;19;136;29;18;23;11
1326.0;13;26;16;17;138;31;15;21;13
1332.0;15;25;15;19;139;30;12;23;12
1338.0;13;25;19;18;140;32;11;23;9
1344.0;12;26;19;16;136;34;13;23;11
1350.0;15;26;21;16;136;30;11;24;11
1356.0;17;26;18;17;134;32;11;25;10
1362.0;15;25;21;19;132;31;11;29;7
1368.0;17;24;18;20;132;32;13;27;7
1374.0;19;25;17;19;128;33;14;28;7
1380.0;18;27;16;19;130;32;13;28;7
1386.0;18;28;14;20;131;32;14;28;5
1392.0;16;29;14;19;133;31;14;30;4
1398.0;16;27;16;19;136;31;16;25;4
1404.0;18;29;14;19;135;30;14;25;6
1410.0;18;28;13;19;135;28;13;29;7
1416.0;17;26;12;22;133;29;12;31;8
1422.0;16;24;11;25;131;29;15;30;9
1428.0;13;25;14;27;130;26;16;30;9
1434.0;13;27;15;25;130;26;14;31;9
1440.0;11;24;14;28;131;27;14;31;10
1446.0;9;23;13;29;130;30;14;34;8
1452.0;11;21;17;27;133;26;11;34;10
1458.0;10;21;16;27;135;25;11;35;10
1464.0;11;25;16;25;137;21;10;35;10
1470.0;12;25;16;27;135;21;8;34;12
1476.0;10;25;18;25;135;23;8;33;13
1482.0;11;25;13;26;135;25;6;35;14
1488.0;13;26;11;26;136;23;7;35;13
1494.0;13;28;12;26;136;24;10;30;11
1500.0;12;27;11;26;134;24;12;29;15
1506.0;15;23;13;29;133;21;12;29;15
1512.0;16;23;13;26;133;22;14;30;13
1518.0;15;23;13;26;131;22;15;34;11
1524.0;16;23;13;24;131;23;14;34;12
1530.0;18;23;12;25;132;24;12;35;9
1536.0;19;22;9;25;134;26;11;34;10
1542.0;21;21;9;25;134;27;13;32;8
1548.0;16;20;9;23;136;28;15;34;9
1554.0;16;22;10;21;138;27;16;32;8
1560.0;16;21;9;20;138;26;16;35;9
1566.0;16;22;11;19;137;25;16;36;8
1572.0;17;22;12;20;139;22;15;33;10
1578.0;17;21;13;22;140;21;13;33;10
1584.0;14;22;12;20;142;22;15;32;11
1590.0;14;22;12;20;141;25;16;32;8
1596.0;13;21;9;20;142;27;16;32;10
1602.0;11;23;10;21;142;28;14;33;8
1608.0;11;24;9;20;145;28;14;33;6
1614.0;13;24;9;21;144;27;15;30;7
1620.0;10;24;8;22;143;30;17;28;8
1626.0;12;25;8;20;142;29;19;28;7
1632.0;13;26;9;21;139;27;20;27;8
1638.0;12;27;14;19;138;27;19;24;10
1644.0;8;25;13;20;139;27;18;27;13
1650.0;9;27;14;20;139;25;16;26;14
1656.0;8;28;13;21;139;25;15;27;14
1662.0;9;28;12;20;137;26;16;26;16
1668.0;8;29;13;22;135;26;17;26;14
1674.0;9;28;12;24;136;26;16;27;12
1680.0;9;28;11;26;135;24;17;28;12
1686.0;7;27;14;23;136;27;14;30;12
1692.0;9;27;13;24;138;27;13;27;12
1698.0;10;25;12;27;137;27;12;28;12
1704.0;13;24;12;28;137;25;12;27;12
1710.0;12;26;11;26;138;24;11;27;15
1716.0;12;26;11;30;137;21;8;28;17
1722.0;13;26;9;29;137;20;9;28;19
1728.0;13;27;9;29;138;20;6;29;19
1734.0;13;23;9;28;141;21;6;32;17
1740.0;16;23;9;27;141;19;4;33;18
1746.0;17;21;8;27;142;18;5;34;18
1752.0;19;20;11;26;141;16;8;31;18
1758.0;18;18;8;28;142;16;9;33;18
1764.0;17;18;6;28;145;17;9;34;16
1770.0;15;18;5;30;144;18;10;34;16
1776.0;16;14;7;31;145;16;9;34;18
1782.0;13;15;8;33;143;19;9;34;16
1788.0;13;14;10;32;139;20;11;35;16
1794.0;15;16;10;32;138;21;11;34;13
