#auto generated file!
12.0;49;60;57;46;52;53;63;60;60
18.0;47;62;50;47;52;59;62;59;62
24.0;46;59;48;45;55;61;62;61;63
30.0;51;56;50;45;62;59;54;62;61
36.0;52;56;49;47;64;64;50;62;56
42.0;57;58;49;50;64;61;50;59;52
48.0;53;61;48;47;69;63;48;60;51
54.0;50;61;46;49;76;60;45;62;51
60.0;49;64;49;50;81;59;44;59;45
66.0;48;63;43;50;83;64;46;60;43
72.0;44;63;43;56;85;63;43;58;45
78.0;40;62;43;57;88;62;43;59;46
84.0;44;63;39;57;93;58;41;59;46
90.0;43;67;37;60;94;56;38;60;45
96.0;42;65;36;61;94;62;38;60;42
102.0;42;65;38;65;96;60;35;59;40
108.0;37;67;33;72;99;59;35;59;39
114.0;35;72;35;65;103;58;33;61;38
120.0;37;67;36;69;103;59;33;61;35
126.0;34;68;35;66;107;60;31;66;33
132.0;37;71;38;61;108;59;31;60;35
138.0;35;70;37;68;109;57;30;56;38
144.0;34;73;35;69;109;55;31;56;38
150.0;35;74;38;70;113;55;26;53;36
156.0;30;74;35;69;115;62;27;55;33
162.0;27;71;36;67;116;62;31;57;33
168.0;24;69;39;66;120;63;29;54;36
174.0;25;69;37;66;121;62;30;53;37
180.0;25;65;38;68;124;60;27;54;39
186.0;28;66;36;71;128;55;30;49;37
192.0;25;65;37;70;127;55;30;49;42
198.0;28;66;34;67;127;59;29;46;44
204.0;25;62;35;71;127;59;30;45;46
210.0;27;61;33;71;129;62;29;45;43
216.0;30;60;27;72;131;63;33;45;39
222.0;31;62;29;72;133;58;33;50;32
228.0;34;62;28;71;135;57;32;49;32
234.0;32;64;25;66;139;59;32;53;30
240.0;35;60;28;57;139;62;32;56;31
246.0;31;59;32;60;141;66;30;51;30
252.0;31;61;30;59;141;68;27;52;31
258.0;28;59;31;60;143;74;26;51;28
264.0;31;59;30;57;145;74;27;53;24
270.0;31;58;32;56;146;74;24;56;23
276.0;31;57;27;58;153;73;25;54;22
282.0;32;58;23;57;153;72;28;57;20
288.0;36;55;22;58;153;76;25;57;18
294.0;38;52;22;60;152;74;21;60;21
300.0;38;52;21;55;155;77;20;61;21
306.0;37;49;21;56;155;77;19;60;26
312.0;39;53;24;55;155;73;16;57;28
318.0;38;51;24;55;158;71;19;56;28
324.0;37;49;24;59;161;70;18;55;27
330.0;36;52;22;60;161;71;19;55;24
336.0;39;51;22;61;161;69;18;54;25
342.0;38;52;20;58;167;65;16;55;29
348.0;39;50;19;60;170;65;20;50;27
354.0;35;51;21;63;167;66;19;49;29
360.0;34;53;25;64;165;61;22;51;25
366.0;35;53;24;62;165;58;25;50;28
372.0;35;60;20;55;163;59;26;51;31
378.0;34;57;20;55;165;58;30;53;28
384.0;34;60;22;54;165;58;29;49;29
390.0;32;57;19;59;174;62;26;47;24
396.0;24;56;18;61;175;64;25;51;26
402.0;25;54;19;64;174;59;27;50;28
408.0;22;60;21;61;171;59;31;50;25
414.0;19;59;21;63;173;58;31;49;27
420.0;17;60;20;65;174;60;31;46;27
426.0;14;56;20;65;179;59;33;44;30
432.0;15;53;20;66;181;57;31;46;31
438.0;18;51;22;64;182;58;32;43;30
444.0;17;52;20;64;185;58;33;41;30
450.0;22;55;17;59;186;55;33;47;26
456.0;24;59;15;57;186;57;27;49;26
462.0;26;57;20;59;186;57;24;46;25
468.0;25;53;22;59;186;57;23;47;28
474.0;22;53;21;60;182;56;27;46;33
480.0;29;50;18;59;187;56;26;44;31
486.0;26;49;20;60;187;58;26;46;28
492.0;25;50;24;63;190;53;23;46;26
498.0;27;47;25;65;187;54;23;44;28
504.0;30;47;24;66;185;53;23;44;28
510.0;27;49;26;69;183;53;21;42;30
516.0;28;51;23;67;186;53;20;43;29
522.0;26;50;22;65;190;57;21;43;26
528.0;26;49;25;64;189;53;20;45;29
534.0;22;51;30;62;190;51;19;43;32
540.0;27;51;28;55;193;50;20;44;32
546.0;29;50;23;54;197;53;25;41;28
552.0;30;53;24;51;197;54;24;37;30
558.0;30;50;23;51;196;54;24;41;31
564.0;25;51;23;53;198;53;25;42;30
570.0;23;49;22;53;199;56;26;45;27
576.0;24;48;23;52;202;59;22;44;26
582.0;24;51;19;49;200;56;27;44;30
588.0;24;48;22;50;198;57;24;46;31
594.0;22;46;19;50;196;62;26;47;32
600.0;25;40;20;50;199;54;28;48;36
606.0;24;44;21;47;198;51;28;50;37
612.0;24;42;23;49;195;54;27;47;39
618.0;25;42;22;45;201;55;26;47;37
624.0;26;41;22;47;202;54;28;48;32
630.0;26;44;21;45;202;55;30;46;31
636.0;25;44;23;43;203;54;29;47;32
642.0;23;43;24;44;206;53;27;44;36
648.0;29;47;21;42;207;52;26;44;32
654.0;31;44;22;43;207;52;29;43;29
660.0;30;44;20;41;209;52;29;47;28
666.0;28;42;20;47;208;52;30;46;27
672.0;26;42;24;45;204;54;28;50;27
678.0;26;41;25;46;206;56;25;50;25
684.0;25;44;23;45;209;57;22;53;22
690.0;20;47;24;48;208;55;27;50;21
696.0;19;44;24;47;209;54;26;54;23
702.0;17;42;27;48;207;54;24;55;26
708.0;22;44;27;49;205;54;24;55;20
714.0;22;41;24;52;206;54;26;55;20
720.0;21;44;26;51;205;54;25;55;19
726.0;18;46;25;50;208;52;26;57;18
732.0;17;47;26;49;208;56;26;54;17
738.0;17;46;24;48;207;55;26;58;19
744.0;15;47;25;47;208;53;27;59;19
750.0;17;44;27;44;209;57;29;56;17
756.0;21;43;24;47;208;51;34;57;15
762.0;18;45;23;48;211;54;32;54;15
768.0;19;46;22;49;208;56;31;52;17
774.0;18;46;21;51;208;55;30;54;17
780.0;16;44;23;50;210;56;33;55;13
786.0;18;48;21;51;208;53;31;59;11
792.0;16;50;21;52;210;53;30;58;10
798.0;15;49;21;54;207;54;33;56;11
804.0;13;48;19;55;207;51;33;56;18
810.0;17;48;19;53;203;52;30;58;20
816.0;18;46;22;52;201;51;29;59;22
822.0;19;46;21;53;205;50;29;57;20
828.0;17;47;21;53;206;48;28;59;21
834.0;15;48;22;56;204;48;26;59;22
840.0;18;44;20;57;206;49;25;62;19
846.0;20;44;22;54;206;48;26;61;19
852.0;20;46;20;50;206;48;28;57;25
858.0;22;47;21;50;208;49;23;59;21
864.0;22;45;19;52;210;49;26;56;21
870.0;23;44;20;53;212;51;26;53;18
876.0;27;44;24;53;210;49;25;52;16
882.0;29;47;21;51;213;48;26;49;16
888.0;28;47;22;49;210;52;28;44;20
894.0;29;47;23;48;212;47;28;44;22
900.0;30;43;26;52;216;46;25;39;23
906.0;34;38;30;51;216;42;28;38;23
912.0;33;39;29;52;219;42;29;35;22
918.0;33;40;28;51;219;43;27;34;25
924.0;32;42;29;54;219;41;24;36;23
930.0;31;40;30;53;219;42;26;34;25
936.0;27;42;34;55;219;44;23;33;23
942.0;25;42;34;55;218;45;24;33;24
948.0;27;46;32;52;217;44;24;31;27
954.0;25;48;36;53;214;44;24;30;26
960.0;26;46;34;54;213;46;24;29;28
966.0;26;45;32;55;210;47;25;30;30
972.0;26;47;31;54;209;48;26;26;33
978.0;28;47;29;52;213;48;25;27;31
984.0;31;45;27;52;212;49;19;29;36
990.0;29;43;27;54;214;47;20;31;35
996.0;30;42;29;57;210;46;20;30;36
1002.0;29;43;31;55;214;44;17;31;36
1008.0;25;42;28;56;217;44;22;31;35
1014.0;26;46;29;51;220;43;23;30;32
1020.0;26;46;29;53;223;43;22;30;28
1026.0;25;46;25;55;223;43;21;35;27
1032.0;26;45;22;53;225;48;23;35;23
1038.0;24;46;23;53;224;47;26;33;24
1044.0;25;46;21;50;226;47;25;39;21
1050.0;25;43;19;53;225;46;25;43;21
1056.0;22;41;23;53;223;46;28;42;22
1062.0;21;43;25;51;222;48;28;41;21
1068.0;22;44;23;51;218;49;29;43;21
1074.0;21;43;23;48;215;50;26;47;27
1080.0;23;42;22;48;219;47;25;47;27
1086.0;24;42;21;48;218;45;26;47;29
1092.0;28;41;23;49;216;44;28;44;27
1098.0;28;39;25;49;217;45;27;46;24
1104.0;26;39;24;50;217;47;29;46;22
1110.0;25;39;25;54;219;41;26;48;23
1116.0;29;40;24;53;220;39;28;45;22
1122.0;30;41;25;52;217;40;26;45;24
1128.0;29;39;24;54;217;40;30;41;26
1134.0;26;37;22;54;218;40;34;41;28
1140.0;27;38;23;53;218;39;30;45;27
1146.0;26;37;24;53;218;43;31;42;26
1152.0;26;35;25;53;223;40;37;38;23
1158.0;26;34;25;54;224;37;39;38;23
1164.0;24;33;27;52;224;37;38;39;26
1170.0;24;38;24;51;219;38;39;42;25
1176.0;27;39;24;48;218;40;38;44;22
1182.0;27;37;27;48;218;40;39;43;21
1188.0;28;39;31;48;218;38;34;41;23
1194.0;27;38;30;48;217;40;33;44;23
1200.0;28;38;30;49;217;39;30;45;24
1206.0;26;36;27;52;217;38;33;46;25
1212.0;29;37;28;50;216;36;34;47;23
1218.0;30;37;26;52;216;37;33;46;23
1224.0;32;37;26;50;217;36;29;48;25
1230.0;30;38;24;48;216;41;26;50;27
1236.0;29;38;23;46;215;43;29;50;27
1242.0;33;34;23;46;218;41;27;51;27
1248.0;33;32;24;46;219;42;28;53;23
1254.0;35;31;25;48;219;42;26;54;20
1260.0;37;31;23;48;223;40;24;53;21
1266.0;37;33;24;51;223;37;24;50;21
1272.0;33;34;23;52;225;37;22;51;23
1278.0;34;37;20;51;225;38;21;51;23
1284.0;33;38;19;51;226;37;21;51;24
1290.0;33;37;17;49;225;36;26;51;26
1296.0;28;35;20;52;227;34;24;55;25
1302.0;23;37;18;53;230;36;24;53;26
1308.0;30;38;20;56;232;33;20;49;22
1314.0;29;40;19;55;230;38;21;49;19
1320.0;28;42;22;52;228;41;17;50;20
1326.0;26;48;17;54;225;41;20;51;18
1332.0;24;49;19;51;223;41;23;50;20
1338.0;26;49;17;50;220;43;25;50;20
1344.0;29;47;19;49;217;44;27;49;19
1350.0;32;49;19;47;220;40;21;50;22
1356.0;29;47;20;47;220;43;22;49;23
1362.0;29;44;18;48;219;43;21;53;25
1368.0;25;42;19;49;221;45;19;52;28
1374.0;29;43;20;46;221;44;22;52;23
1380.0;27;41;18;40;228;49;22;51;24
1386.0;28;40;17;40;228;48;19;56;24
1392.0;28;43;16;36;227;49;18;56;27
1398.0;23;43;16;36;228;51;21;54;28
1404.0;29;43;18;33;228;49;19;54;27
1410.0;28;44;19;34;230;46;19;53;27
1416.0;28;40;18;36;231;47;22;52;26
1422.0;26;38;17;39;232;46;24;53;25
1428.0;26;37;17;38;230;41;33;53;25
1434.0;25;32;18;38;233;44;35;51;24
1440.0;28;34;20;36;238;39;32;50;23
1446.0;28;33;22;36;231;38;36;52;24
1452.0;27;35;20;38;231;37;36;49;27
1458.0;32;34;18;36;232;42;33;49;24
1464.0;31;31;19;33;237;42;33;50;24
1470.0;30;34;17;33;240;40;32;51;23
1476.0;31;35;17;35;240;41;32;53;16
1482.0;26;35;16;37;239;44;30;56;17
1488.0;25;35;18;35;240;46;29;55;17
1494.0;20;34;18;37;242;48;27;55;19
1500.0;22;33;18;36;241;47;26;56;21
1506.0;20;32;18;40;241;47;28;56;18
1512.0;19;33;16;40;241;49;29;55;18
1518.0;17;36;15;41;242;46;32;56;15
1524.0;19;35;19;42;243;44;26;55;17
1530.0;20;35;20;42;243;42;25;56;17
1536.0;22;35;20;41;243;41;24;54;20
1542.0;23;38;18;44;241;36;23;56;21
1548.0;22;38;18;45;242;36;22;57;20
1554.0;21;37;21;46;241;34;24;54;22
1560.0;21;35;17;47;244;35;24;54;23
1566.0;19;35;18;45;246;33;26;52;26
1572.0;26;33;16;45;245;35;21;52;27
1578.0;25;34;19;46;245;35;21;50;25
1584.0;27;34;16;47;247;34;20;50;25
1590.0;26;37;16;48;250;32;19;50;22
1596.0;28;38;21;43;249;34;20;47;20
1602.0;28;37;23;42;247;35;18;50;20
1608.0;27;39;23;44;246;37;17;49;18
1614.0;27;37;24;41;248;39;21;46;17
1620.0;24;36;24;44;248;37;23;45;19
1626.0;27;36;24;42;246;38;20;47;20
1632.0;23;34;20;45;246;38;23;47;24
1638.0;20;37;20;46;247;40;20;45;25
1644.0;19;41;18;44;248;41;19;46;24
1650.0;18;40;17;42;248;44;22;47;22
1656.0;17;42;20;47;246;42;18;47;21
1662.0;14;47;20;49;246;43;14;46;21
1668.0;15;42;21;47;248;43;18;47;19
1674.0;18;42;21;48;245;42;15;47;22
1680.0;18;44;23;46;244;39;17;48;21
1686.0;17;47;26;43;244;42;15;47;19
1692.0;16;52;27;41;241;43;13;47;20
1698.0;17;48;26;45;239;44;12;47;22
1704.0;19;46;23;43;239;47;15;46;22
1710.0;19;45;25;44;239;48;16;44;20
1716.0;19;44;24;45;240;48;20;45;15
1722.0;21;44;25;45;239;49;20;43;14
1728.0;18;48;27;45;239;45;19;43;16
1734.0;16;46;26;44;238;47;18;46;19
1740.0;14;45;27;39;240;46;23;47;19
1746.0;17;46;27;38;239;47;23;43;20
1752.0;17;44;24;39;242;45;25;43;21
1758.0;19;46;23;39;241;41;26;44;21
1764.0;19;44;22;41;240;45;25;46;18
1770.0;19;42;26;39;237;46;22;49;20
1776.0;26;38;23;41;237;44;18;50;23
1782.0;23;41;31;39;238;43;16;51;18
1788.0;21;38;31;41;241;45;18;48;17
1794.0;21;38;30;40;236;48;19;47;21
