#auto generated file!
12.0;20;27;22;29;24;30;31;28;19
18.0;20;28;20;27;25;30;31;28;21
24.0;18;25;21;28;26;34;29;27;22
30.0;20;27;16;28;28;31;33;22;25
36.0;21;27;17;27;27;33;31;21;26
42.0;20;27;19;28;29;31;26;24;26
48.0;19;25;19;31;31;28;28;24;25
54.0;20;27;17;35;30;28;24;25;24
60.0;23;26;15;34;30;27;26;28;21
66.0;20;27;13;36;30;30;27;28;19
72.0;22;29;12;34;29;31;25;27;21
78.0;22;31;13;36;30;31;22;25;20
84.0;24;31;11;33;30;33;21;28;19
90.0;24;27;12;34;30;35;22;27;19
96.0;23;27;13;34;32;31;21;27;22
102.0;22;27;17;34;33;32;21;25;19
108.0;20;29;16;33;34;31;21;25;21
114.0;17;28;14;34;39;32;19;24;23
120.0;21;28;13;34;41;34;15;24;20
126.0;23;27;11;32;43;36;13;23;22
132.0;21;25;11;33;47;33;14;20;26
138.0;21;24;14;29;48;36;14;21;23
144.0;18;25;13;26;51;35;15;22;25
150.0;19;27;10;28;51;34;15;22;24
156.0;19;30;9;27;53;32;15;22;23
162.0;21;29;10;28;56;30;14;19;23
168.0;20;29;10;28;56;31;13;18;25
174.0;18;28;9;26;58;33;13;19;26
180.0;18;28;9;24;60;31;13;22;25
186.0;16;25;9;24;61;35;12;23;25
192.0;14;25;10;23;62;39;11;22;24
198.0;14;23;11;23;62;40;11;23;23
204.0;13;26;11;23;61;38;12;25;21
210.0;14;27;10;22;63;36;12;26;20
216.0;15;32;10;21;64;36;11;26;15
222.0;15;30;14;20;63;34;13;25;16
228.0;15;31;14;20;64;36;11;24;15
234.0;15;29;15;19;65;35;14;23;15
240.0;15;28;14;19;64;35;15;25;15
246.0;18;29;12;18;64;37;15;26;11
252.0;15;29;11;19;67;38;15;26;10
258.0;12;31;13;20;68;38;12;26;10
264.0;12;33;13;21;68;35;10;25;13
270.0;10;32;12;22;70;37;9;25;13
276.0;9;34;14;23;69;33;11;26;11
282.0;11;35;14;22;68;35;9;23;13
288.0;12;35;13;23;71;33;8;21;14
294.0;12;34;13;22;71;35;10;19;14
300.0;12;34;13;21;71;36;9;20;14
306.0;12;30;13;22;72;33;11;22;15
312.0;12;29;13;24;75;29;11;23;14
318.0;12;30;14;23;73;27;11;25;15
324.0;13;27;15;23;74;27;12;23;16
330.0;15;27;15;23;75;27;11;24;13
336.0;14;30;14;23;78;26;11;22;12
342.0;9;33;15;22;79;27;13;20;12
348.0;7;34;15;22;82;25;13;21;11
354.0;7;34;14;22;84;24;13;22;10
360.0;8;33;13;24;84;23;12;23;10
366.0;8;33;13;23;86;22;11;24;10
372.0;8;32;13;25;86;23;11;22;10
378.0;8;32;11;22;85;26;12;23;11
384.0;9;31;11;23;85;24;13;22;12
390.0;9;32;11;23;85;22;12;24;12
396.0;9;34;12;23;83;21;13;26;9
402.0;8;34;13;22;85;21;14;26;7
408.0;8;37;11;21;86;18;11;29;9
414.0;8;38;10;21;86;16;12;28;11
420.0;8;37;10;24;85;16;12;27;11
426.0;8;38;10;26;83;16;12;27;10
432.0;8;38;10;25;86;18;11;25;9
438.0;9;35;10;24;86;20;11;26;9
444.0;8;32;11;25;89;23;10;25;7
450.0;8;28;11;24;91;23;8;28;9
456.0;8;31;10;24;92;22;9;25;9
462.0;9;30;10;22;94;20;8;26;11
468.0;10;29;11;22;92;20;8;24;14
474.0;11;30;10;24;91;19;6;24;15
480.0;10;29;9;24;92;20;6;24;16
486.0;11;29;9;25;92;20;6;23;15
492.0;9;29;12;24;90;22;7;24;13
498.0;9;28;12;25;89;22;7;25;13
504.0;8;27;12;24;90;22;7;27;13
510.0;6;29;12;26;90;20;8;26;13
516.0;6;30;13;24;91;19;10;25;12
522.0;6;28;13;22;91;18;11;28;13
528.0;6;26;14;20;91;19;13;28;13
534.0;6;27;14;23;91;18;12;26;13
540.0;6;28;11;23;95;17;11;26;13
546.0;7;30;10;22;95;17;9;27;13
552.0;9;29;8;24;93;18;8;27;14
558.0;8;29;12;25;93;16;6;28;13
564.0;6;27;12;29;95;15;5;28;13
570.0;7;26;12;31;93;15;7;28;11
576.0;8;26;14;30;91;16;8;27;10
582.0;8;24;15;31;91;16;9;24;12
588.0;5;25;15;29;90;19;9;26;12
594.0;4;25;14;28;91;21;7;27;13
600.0;5;26;14;27;91;21;7;27;12
606.0;4;26;16;28;91;18;8;28;11
612.0;5;26;16;26;94;18;8;26;11
618.0;5;26;16;26;95;18;7;26;11
624.0;6;25;18;26;95;17;8;25;10
630.0;6;27;18;28;93;18;8;23;9
636.0;7;27;17;26;93;20;9;23;8
642.0;6;26;16;27;93;21;10;22;9
648.0;7;24;13;28;94;21;10;22;11
654.0;8;25;11;28;93;20;12;22;11
660.0;9;26;11;25;89;21;15;22;12
666.0;10;24;11;24;88;23;14;24;12
672.0;9;26;12;24;87;24;15;22;11
678.0;10;25;12;25;87;24;15;21;11
684.0;11;23;12;28;87;22;15;20;12
690.0;10;23;12;28;90;23;14;20;10
696.0;10;22;11;27;91;23;16;20;10
702.0;9;21;11;24;92;23;16;22;12
708.0;8;21;11;24;94;23;15;22;12
714.0;8;21;12;25;96;19;15;22;12
720.0;8;23;10;24;96;19;17;20;13
726.0;9;20;9;23;98;19;16;21;15
732.0;10;20;9;23;98;21;15;20;14
738.0;8;20;12;21;98;21;16;21;13
744.0;8;20;11;21;96;21;16;23;14
750.0;8;19;12;20;96;22;17;22;14
756.0;8;19;12;17;100;20;16;22;16
762.0;6;20;14;17;101;20;15;21;16
768.0;6;20;14;16;102;21;16;19;16
774.0;5;22;13;15;103;22;17;18;15
780.0;6;25;11;17;104;21;15;18;13
786.0;5;23;14;19;105;19;14;19;12
792.0;7;22;14;21;106;18;13;17;12
798.0;7;21;14;21;106;17;14;18;12
804.0;5;19;15;21;106;16;15;20;13
810.0;6;19;13;22;105;16;16;18;15
816.0;5;18;15;23;103;18;15;19;14
822.0;5;21;15;22;101;18;13;19;16
828.0;5;21;14;22;101;19;13;19;16
834.0;5;21;14;21;101;20;14;19;15
840.0;6;19;16;21;100;19;14;21;14
846.0;9;20;15;20;101;19;15;17;14
852.0;9;19;17;20;100;20;17;17;11
858.0;9;20;15;19;101;20;18;19;9
864.0;11;21;13;15;101;21;17;20;11
870.0;11;20;14;15;99;19;20;21;11
876.0;8;20;15;14;98;21;21;22;11
882.0;8;18;15;15;97;19;23;24;11
888.0;9;18;15;16;98;18;22;23;11
894.0;10;19;15;15;99;20;18;22;12
900.0;10;22;16;14;98;22;16;22;10
906.0;14;18;16;14;97;21;18;22;10
912.0;15;17;16;16;98;19;13;23;13
918.0;18;16;16;17;97;19;11;24;12
924.0;18;15;14;19;98;20;10;24;12
930.0;21;14;13;18;98;18;11;24;13
936.0;22;12;14;18;97;20;10;24;13
942.0;22;13;13;17;96;20;11;25;13
948.0;20;13;10;17;96;20;12;27;15
954.0;22;11;10;16;95;23;11;26;16
960.0;21;11;10;15;95;24;13;26;15
966.0;20;11;11;15;96;23;11;27;16
972.0;19;13;11;15;99;23;10;23;17
978.0;21;13;11;19;99;24;8;22;13
984.0;22;12;12;20;96;24;10;21;13
990.0;20;12;12;20;97;23;10;23;13
996.0;22;12;13;20;97;22;11;24;9
1002.0;21;12;13;20;101;20;11;22;10
1008.0;22;14;12;21;99;17;13;22;10
1014.0;19;15;14;18;99;18;13;23;11
1020.0;13;17;14;22;99;17;13;24;11
1026.0;13;15;14;21;98;19;14;25;11
1032.0;13;12;14;19;99;17;16;27;13
1038.0;12;15;11;21;98;16;18;27;12
1044.0;12;16;11;23;97;15;19;27;10
1050.0;13;16;11;24;96;15;17;27;11
1056.0;12;14;12;24;98;15;17;28;10
1062.0;11;15;10;23;100;17;15;27;12
1068.0;13;14;11;24;100;18;15;24;11
1074.0;16;14;12;24;99;15;16;23;11
1080.0;13;16;12;23;99;15;17;24;11
1086.0;14;16;13;24;98;13;17;24;11
1092.0;15;16;10;22;97;14;21;24;11
1098.0;15;17;9;21;95;15;21;25;12
1104.0;14;16;9;24;96;15;21;24;11
1110.0;15;17;7;21;97;16;21;25;11
1116.0;16;16;8;22;96;15;21;26;10
1122.0;14;18;7;25;97;14;19;26;10
1128.0;14;19;9;27;96;14;16;26;9
1134.0;14;19;10;28;95;13;16;26;9
1140.0;12;20;10;28;96;14;15;25;10
1146.0;12;20;11;28;96;13;16;24;10
1152.0;12;21;11;27;98;14;14;24;9
1158.0;13;20;10;27;100;13;15;22;10
1164.0;12;19;9;26;100;15;15;24;10
1170.0;13;19;8;26;100;18;14;21;11
1176.0;15;20;8;22;99;19;13;24;10
1182.0;15;19;10;21;100;19;12;22;12
1188.0;15;17;9;20;100;21;12;23;13
1194.0;16;17;7;23;97;22;13;23;12
1200.0;16;17;8;23;98;22;11;22;13
1206.0;16;17;9;25;97;23;11;19;13
1212.0;16;17;11;24;98;25;7;18;14
1218.0;16;17;11;24;98;26;7;15;16
1224.0;16;20;11;23;98;26;7;16;13
1230.0;16;19;11;24;98;25;7;18;12
1236.0;16;18;10;22;100;25;7;19;13
1242.0;16;17;8;21;98;27;10;21;12
1248.0;17;19;8;22;98;27;9;20;10
1254.0;17;19;7;22;99;28;9;20;9
1260.0;15;20;7;22;100;26;9;21;10
1266.0;14;19;7;23;103;26;7;21;10
1272.0;15;19;7;21;104;27;9;21;7
1278.0;15;17;7;21;104;28;10;20;8
1284.0;15;17;8;20;104;28;9;20;9
1290.0;13;18;9;22;103;28;8;20;9
1296.0;12;17;10;23;104;28;8;21;7
1302.0;13;16;9;21;103;30;8;21;9
1308.0;13;17;10;21;104;29;8;21;7
1314.0;11;16;11;20;104;29;9;22;8
1320.0;9;17;10;21;104;29;8;22;10
1326.0;7;20;10;23;105;27;6;22;10
1332.0;8;21;11;24;106;25;4;22;9
1338.0;8;22;12;24;105;25;4;22;8
1344.0;8;22;14;25;105;25;4;20;7
1350.0;7;23;16;25;105;22;4;19;9
1356.0;9;22;12;24;107;23;5;19;9
1362.0;9;24;15;24;106;22;6;17;7
1368.0;8;26;12;24;108;22;7;16;7
1374.0;8;26;13;24;106;22;7;17;7
1380.0;8;25;9;22;106;21;10;20;9
1386.0;7;26;10;24;106;21;10;18;8
1392.0;6;27;10;26;108;20;9;16;8
1398.0;8;25;9;26;107;19;10;17;9
1404.0;9;23;9;25;108;20;11;15;10
1410.0;8;23;10;27;107;20;11;15;9
1416.0;8;21;10;30;105;20;11;15;10
1422.0;6;22;10;29;109;18;11;16;9
1428.0;5;22;9;29;110;21;10;14;10
1434.0;7;22;9;28;109;20;10;14;11
1440.0;7;22;11;26;107;22;7;16;12
1446.0;8;23;13;23;107;22;8;15;11
1452.0;8;22;11;24;108;21;7;16;13
1458.0;8;21;10;25;108;21;8;16;13
1464.0;10;21;9;23;110;21;10;16;10
1470.0;11;21;10;24;108;21;11;14;10
1476.0;10;23;9;25;108;21;11;14;9
1482.0;10;20;11;25;112;21;8;14;9
1488.0;10;20;9;26;113;20;11;14;7
1494.0;9;19;11;30;113;16;13;14;5
1500.0;9;19;11;30;112;16;13;13;7
1506.0;12;18;9;30;111;15;11;16;8
1512.0;11;14;11;29;110;15;13;18;9
1518.0;10;15;10;28;111;16;12;18;10
1524.0;10;17;10;27;107;15;15;19;10
1530.0;10;17;12;27;106;15;17;17;9
1536.0;9;18;12;24;107;15;17;20;8
1542.0;9;19;10;25;109;17;17;17;7
1548.0;9;18;12;25;109;15;17;17;8
1554.0;9;17;11;25;110;14;18;19;7
1560.0;8;18;12;26;110;16;14;20;6
1566.0;9;17;12;26;109;16;13;21;7
1572.0;9;17;11;24;108;17;14;22;8
1578.0;9;17;11;23;110;16;16;21;7
1584.0;10;15;12;23;111;16;16;20;7
1590.0;12;14;12;22;111;18;15;20;6
1596.0;11;16;13;19;112;21;14;19;5
1602.0;12;16;14;18;111;22;10;21;6
1608.0;13;16;15;17;111;21;9;21;7
1614.0;14;16;16;15;108;21;10;23;7
1620.0;14;16;16;16;109;19;10;22;8
1626.0;12;16;18;15;109;20;11;22;7
1632.0;11;16;18;17;108;18;12;22;8
1638.0;10;16;18;17;108;19;11;23;8
1644.0;10;17;16;18;110;19;9;23;8
1650.0;9;19;12;19;112;18;10;21;10
1656.0;9;20;12;20;112;15;9;22;11
1662.0;11;22;13;22;109;14;8;22;9
1668.0;12;21;13;21;107;15;9;22;10
1674.0;11;21;13;21;107;18;7;20;12
1680.0;12;21;15;20;107;20;6;20;9
1686.0;12;21;15;21;106;21;7;18;9
1692.0;9;20;15;21;107;23;9;16;10
1698.0;9;21;13;21;109;25;7;16;9
1704.0;9;21;13;22;109;24;7;16;9
1710.0;8;20;14;22;109;25;7;15;10
1716.0;8;21;16;23;107;23;7;16;9
1722.0;7;24;15;21;108;21;8;18;8
1728.0;9;25;14;21;107;21;8;17;8
1734.0;8;23;14;20;108;22;9;18;8
1740.0;8;21;14;21;109;22;8;19;8
1746.0;7;24;15;20;108;23;6;20;7
1752.0;11;22;15;19;106;25;5;19;8
1758.0;11;22;13;19;108;26;5;19;7
1764.0;10;25;13;17;107;26;5;20;7
1770.0;9;28;13;17;106;25;6;18;8
1776.0;9;28;12;19;104;24;7;20;7
1782.0;6;29;13;20;105;23;7;19;8
1788.0;4;31;14;21;102;22;7;20;9
1794.0;5;30;12;20;101;24;7;22;9
