#auto generated file!
12.0;19;12;16;14;12;10;21;22;14
18.0;21;14;14;16;12;9;20;22;12
24.0;19;14;15;16;12;10;20;23;11
30.0;20;15;15;16;13;10;17;24;10
36.0;20;17;13;13;13;10;18;26;10
42.0;19;20;8;13;15;10;19;25;11
48.0;18;20;9;13;18;9;19;25;9
54.0;17;20;12;12;18;11;16;25;9
60.0;17;20;12;12;17;14;15;24;9
66.0;13;22;15;11;17;16;15;23;8
72.0;12;23;15;11;18;16;13;24;8
78.0;11;22;15;10;19;16;12;26;9
84.0;10;25;13;9;19;17;11;28;8
90.0;10;26;12;9;20;17;12;26;8
96.0;9;22;14;9;21;17;12;28;8
102.0;10;22;16;8;22;16;12;26;8
108.0;12;22;16;8;23;15;9;26;9
114.0;10;23;15;8;25;15;9;23;12
120.0;8;21;15;10;27;15;9;23;12
126.0;9;22;13;10;26;14;12;23;11
132.0;7;22;14;10;26;13;12;26;10
138.0;8;22;13;8;29;10;12;26;12
144.0;7;21;11;9;30;10;14;26;12
150.0;6;21;12;8;31;11;15;24;12
156.0;8;21;11;9;31;11;15;24;10
162.0;9;21;12;10;33;10;14;21;10
168.0;7;21;11;10;35;9;13;22;12
174.0;8;21;8;11;36;11;13;21;11
180.0;7;24;7;10;37;12;10;24;9
186.0;7;24;7;9;36;12;9;27;9
192.0;6;26;7;9;37;12;9;26;8
198.0;8;26;8;10;39;11;6;24;8
204.0;7;26;8;8;39;12;6;24;10
210.0;8;26;7;10;40;12;6;23;8
216.0;8;25;6;9;41;11;6;25;9
222.0;8;25;6;9;41;11;6;26;8
228.0;9;25;7;8;41;11;6;25;8
234.0;4;27;8;8;42;12;5;26;8
240.0;4;25;6;8;44;14;5;26;8
246.0;4;23;9;7;44;13;5;26;9
252.0;4;21;8;9;45;13;5;26;9
258.0;5;20;9;10;45;15;4;24;8
264.0;6;20;10;9;46;14;3;24;8
270.0;6;20;9;10;47;14;3;24;7
276.0;8;19;10;10;48;11;3;24;7
282.0;8;19;7;7;48;12;5;26;8
288.0;7;22;6;7;48;11;4;27;8
294.0;10;21;5;7;48;13;7;23;6
300.0;10;20;5;7;47;12;6;27;6
306.0;8;20;4;8;46;12;7;27;8
312.0;7;19;4;9;46;12;8;27;8
318.0;8;17;6;11;45;10;8;27;8
324.0;9;16;5;11;46;10;8;25;10
330.0;8;16;6;9;47;11;7;25;11
336.0;9;17;5;9;47;10;7;24;12
342.0;11;18;6;8;48;9;6;24;10
348.0;9;19;7;8;49;8;7;22;11
354.0;9;18;7;7;49;7;7;24;12
360.0;9;20;7;6;50;8;6;23;11
366.0;10;20;6;7;51;8;6;22;10
372.0;10;20;7;6;50;7;5;22;13
378.0;9;21;6;6;51;10;3;23;11
384.0;9;20;6;7;50;9;4;24;11
390.0;8;17;8;7;50;11;2;25;12
396.0;10;18;8;9;48;10;2;24;11
402.0;9;18;9;9;48;10;3;23;11
408.0;9;19;8;9;47;10;4;22;12
414.0;9;20;6;10;47;10;4;21;13
420.0;6;21;6;12;48;9;4;22;12
426.0;6;20;6;12;47;11;4;22;12
432.0;5;20;5;12;49;11;4;22;12
438.0;6;21;3;11;49;11;4;22;13
444.0;5;20;4;11;49;10;4;21;16
450.0;7;20;4;12;48;11;4;20;14
456.0;7;22;5;12;48;11;2;20;13
462.0;7;21;7;10;48;13;2;19;13
468.0;9;22;9;9;49;13;1;19;9
474.0;8;20;9;9;50;14;2;20;8
480.0;8;19;9;8;51;15;3;18;9
486.0;8;19;8;9;52;15;2;18;9
492.0;8;18;9;9;51;16;2;17;10
498.0;8;18;11;8;51;14;2;17;11
504.0;8;16;10;8;52;13;4;18;11
510.0;8;16;10;8;51;13;4;19;11
516.0;10;16;9;10;50;12;5;16;12
522.0;8;16;11;10;49;12;6;16;12
528.0;8;15;11;11;49;12;6;16;12
534.0;8;14;11;11;50;13;5;16;12
540.0;8;16;10;10;51;14;4;16;11
546.0;8;16;9;11;52;14;4;15;11
552.0;8;16;9;11;53;14;4;15;10
558.0;8;17;10;12;53;12;3;16;9
564.0;8;17;10;15;52;12;2;16;8
570.0;8;18;11;13;52;14;2;15;7
576.0;7;18;13;12;53;13;2;15;7
582.0;6;18;13;13;54;13;3;14;6
588.0;7;15;12;13;55;14;5;13;6
594.0;8;14;14;13;56;14;5;12;4
600.0;7;14;13;11;56;16;6;13;4
606.0;6;16;11;11;55;16;7;11;7
612.0;6;15;11;11;56;16;6;12;7
618.0;6;14;8;13;58;16;6;13;6
624.0;7;14;5;15;58;16;6;12;7
630.0;9;13;5;15;58;16;6;10;8
636.0;8;13;5;16;58;16;7;10;7
642.0;10;14;5;17;58;15;7;10;4
648.0;8;14;5;19;60;14;7;10;3
654.0;8;15;3;18;59;16;6;11;4
660.0;8;13;4;19;59;14;6;12;5
666.0;9;13;5;17;58;13;6;13;6
672.0;8;14;5;18;59;13;4;14;5
678.0;7;13;5;18;59;14;4;13;7
684.0;7;14;5;17;60;12;5;13;7
690.0;7;14;5;18;59;12;5;13;7
696.0;6;15;4;17;60;12;5;14;7
702.0;6;16;4;16;60;12;5;14;7
708.0;5;16;5;17;59;12;5;14;7
714.0;5;16;5;17;59;12;5;14;7
720.0;5;16;6;15;59;13;7;12;7
726.0;3;15;8;14;60;12;9;12;7
732.0;3;16;8;14;62;11;9;12;5
738.0;4;16;6;15;62;11;8;13;5
744.0;3;18;6;17;62;10;9;10;5
750.0;3;18;5;18;64;10;8;10;4
756.0;3;17;7;17;64;10;7;12;3
762.0;4;16;8;17;64;10;8;11;2
768.0;4;16;6;18;64;11;8;11;2
774.0;3;16;6;18;63;12;8;12;2
780.0;3;17;6;16;62;12;8;12;4
786.0;5;19;5;16;61;10;8;12;4
792.0;3;18;6;15;61;11;9;12;5
798.0;2;14;8;15;62;11;10;12;6
804.0;1;15;8;17;60;12;10;13;4
810.0;3;15;6;17;59;10;9;12;9
816.0;5;13;6;16;59;11;7;14;9
822.0;6;12;8;15;61;11;6;14;7
828.0;6;13;8;14;60;13;6;14;6
834.0;6;12;7;14;60;14;6;15;6
840.0;5;13;7;14;61;14;6;14;6
846.0;5;11;8;15;59;15;7;14;6
852.0;5;11;7;15;59;15;6;14;8
858.0;3;12;8;16;59;12;5;15;10
864.0;4;12;6;16;59;12;5;16;10
870.0;4;11;10;16;58;13;5;13;10
876.0;4;13;9;16;58;14;5;12;9
882.0;4;13;12;15;58;13;5;12;8
888.0;3;14;9;18;58;11;5;12;10
894.0;3;14;10;19;57;13;5;10;9
900.0;3;15;10;21;57;13;5;9;7
906.0;3;15;10;21;57;13;5;8;8
912.0;3;14;11;22;57;12;5;7;9
918.0;6;13;13;21;57;11;3;7;9
924.0;6;12;11;22;60;9;4;7;9
930.0;5;13;11;22;58;10;3;7;11
936.0;5;12;11;23;59;10;3;8;9
942.0;5;11;11;23;60;11;3;9;7
948.0;4;11;10;22;61;10;4;10;8
954.0;4;10;10;22;62;10;4;11;7
960.0;5;11;11;23;61;10;3;10;6
966.0;5;11;11;22;61;11;4;9;6
972.0;5;11;12;22;60;12;4;8;6
978.0;5;12;12;24;61;11;3;7;5
984.0;6;12;12;22;62;13;3;7;3
990.0;6;13;12;21;62;13;3;7;3
996.0;6;15;10;22;62;13;2;7;3
1002.0;6;15;11;22;62;13;2;7;2
1008.0;6;17;12;21;61;14;1;7;1
1014.0;4;18;10;19;63;14;3;8;1
1020.0;3;18;10;18;63;15;4;8;1
1026.0;3;15;9;18;65;16;5;8;1
1032.0;4;15;9;17;66;16;4;8;1
1038.0;4;16;8;17;66;15;4;9;1
1044.0;5;16;7;15;66;15;4;10;2
1050.0;5;15;6;15;64;15;4;11;5
1056.0;6;13;8;15;63;15;4;11;5
1062.0;4;14;9;13;64;15;4;12;5
1068.0;7;13;8;14;64;13;4;12;5
1074.0;7;14;8;13;64;15;4;10;5
1080.0;7;14;8;13;65;14;4;10;5
1086.0;7;15;7;13;64;14;4;10;6
1092.0;7;14;6;14;64;13;4;11;7
1098.0;8;13;6;14;64;13;4;11;7
1104.0;10;16;6;13;63;14;2;9;7
1110.0;10;16;7;12;63;14;2;9;7
1116.0;9;16;6;13;62;13;3;12;6
1122.0;8;17;6;16;62;11;3;12;5
1128.0;8;16;6;16;65;11;3;10;5
1134.0;8;17;6;15;65;11;3;10;5
1140.0;8;17;5;16;66;10;3;10;5
1146.0;9;19;3;16;67;9;3;9;5
1152.0;9;19;3;16;67;9;3;9;5
1158.0;9;19;2;14;67;9;4;9;7
1164.0;8;18;2;13;68;10;4;10;7
1170.0;6;17;5;14;68;10;4;10;6
1176.0;8;20;5;13;65;10;3;10;6
1182.0;9;19;5;12;64;10;4;12;5
1188.0;10;19;4;11;64;10;5;13;4
1194.0;9;16;4;11;65;10;7;13;5
1200.0;7;15;3;12;65;9;6;17;6
1206.0;5;16;3;10;65;10;7;18;6
1212.0;6;14;2;10;64;11;9;19;5
1218.0;4;14;2;9;64;13;10;19;5
1224.0;4;14;2;9;64;13;9;19;6
1230.0;4;13;2;10;63;13;12;18;5
1236.0;2;12;2;10;63;14;12;19;6
1242.0;3;13;3;10;62;14;11;18;6
1248.0;4;11;3;10;63;14;11;16;8
1254.0;4;11;3;10;65;15;11;12;9
1260.0;5;11;4;9;65;15;11;11;9
1266.0;5;10;4;7;66;17;11;10;10
1272.0;5;7;3;7;67;17;12;12;10
1278.0;7;7;2;9;67;15;12;11;10
1284.0;8;7;2;8;67;16;11;11;10
1290.0;6;9;4;7;67;19;9;11;8
1296.0;5;9;4;7;68;19;9;11;8
1302.0;5;11;4;7;72;17;6;11;7
1308.0;5;12;4;7;74;17;4;11;6
1314.0;6;11;3;7;74;16;5;11;7
1320.0;6;11;3;7;74;18;5;10;6
1326.0;4;10;6;7;75;18;4;11;5
1332.0;3;9;7;7;75;18;4;12;5
1338.0;2;10;6;8;74;19;4;11;6
1344.0;3;10;7;8;73;17;3;12;7
1350.0;4;12;8;7;72;16;3;13;5
1356.0;4;11;7;8;74;15;3;13;5
1362.0;3;13;4;10;72;15;5;13;5
1368.0;3;13;4;11;71;15;5;14;4
1374.0;3;12;4;9;72;16;7;13;4
1380.0;3;12;3;10;73;15;7;13;4
1386.0;3;13;4;11;73;14;6;11;5
1392.0;3;11;4;12;73;15;8;9;5
1398.0;3;11;3;11;73;16;7;10;6
1404.0;3;11;1;13;73;16;7;10;6
1410.0;3;12;1;13;72;17;7;10;5
1416.0;3;12;0;14;71;17;6;10;7
1422.0;4;12;0;13;71;18;5;11;6
1428.0;4;12;0;13;71;18;4;12;6
1434.0;4;11;0;13;70;18;4;14;6
1440.0;3;11;0;13;71;18;5;14;5
1446.0;3;11;2;13;71;17;5;14;4
1452.0;3;12;2;12;71;17;4;15;4
1458.0;3;13;4;13;69;17;4;13;4
1464.0;3;12;5;14;68;17;3;13;5
1470.0;5;12;6;13;67;17;3;12;5
1476.0;5;12;6;15;66;18;2;12;4
1482.0;5;12;6;15;66;18;1;12;5
1488.0;5;12;6;14;67;18;1;12;5
1494.0;5;10;6;15;67;17;2;12;6
1500.0;5;11;6;15;68;18;2;11;4
1506.0;5;12;8;14;69;15;3;10;4
1512.0;5;14;9;14;68;15;3;9;3
1518.0;3;15;7;12;68;15;6;10;4
1524.0;3;15;6;13;70;13;6;8;6
1530.0;3;14;7;12;70;14;5;9;6
1536.0;3;14;7;12;70;15;5;9;5
1542.0;3;14;4;13;72;14;5;10;5
1548.0;3;12;6;13;70;14;4;12;6
1554.0;3;12;5;13;70;14;5;12;6
1560.0;4;12;5;13;70;14;5;12;5
1566.0;4;13;5;13;70;14;5;11;5
1572.0;4;13;4;13;70;13;5;13;5
1578.0;3;13;5;11;70;17;4;12;5
1584.0;3;13;6;12;70;15;6;11;4
1590.0;2;11;6;15;70;14;9;11;2
1596.0;2;10;5;16;71;15;8;10;3
1602.0;2;11;7;18;69;14;7;9;3
1608.0;3;10;8;19;69;14;6;8;3
1614.0;6;10;7;17;68;15;6;8;3
1620.0;7;9;8;18;68;13;6;8;3
1626.0;6;10;8;18;67;13;6;8;4
1632.0;7;10;7;17;67;13;5;8;6
1638.0;8;10;6;15;71;12;6;7;5
1644.0;8;10;8;14;69;11;7;9;4
1650.0;8;11;7;14;69;11;7;9;4
1656.0;8;11;9;12;68;11;7;10;4
1662.0;7;11;10;10;67;11;8;11;5
1668.0;6;11;10;8;67;13;8;10;7
1674.0;5;12;10;8;67;14;8;9;7
1680.0;5;13;10;9;68;13;7;9;6
1686.0;6;13;10;9;68;13;7;9;5
1692.0;5;13;12;8;67;14;8;9;4
1698.0;6;13;11;8;68;15;6;9;4
1704.0;6;13;11;9;68;14;5;9;5
1710.0;4;13;10;9;69;14;6;10;5
1716.0;3;13;10;10;68;13;6;11;6
1722.0;4;12;10;10;69;12;7;10;6
1728.0;4;12;9;12;69;10;7;10;7
1734.0;4;14;8;13;68;9;8;10;6
1740.0;4;14;8;14;67;9;8;10;6
1746.0;5;14;8;14;68;9;7;9;6
1752.0;4;12;6;15;69;9;8;11;6
1758.0;5;12;7;15;68;8;7;12;6
1764.0;4;11;8;15;68;7;7;12;8
1770.0;5;11;7;16;68;7;6;13;7
1776.0;4;10;9;14;68;6;8;13;8
1782.0;3;9;7;14;68;8;9;15;7
1788.0;5;9;5;13;69;8;9;15;7
1794.0;3;8;5;13;70;8;10;14;9
