#auto generated file!
12.0;15;15;18;10;13;12;14;16;17
18.0;13;16;16;10;12;14;15;18;16
24.0;13;14;16;12;15;14;14;17;15
30.0;14;14;17;13;15;14;13;17;13
36.0;15;16;16;13;14;15;11;15;15
42.0;14;14;15;14;14;17;11;16;15
48.0;14;13;14;15;15;17;12;17;13
54.0;13;12;11;17;16;18;13;17;13
60.0;11;15;11;17;17;17;12;17;13
66.0;12;14;11;17;17;17;12;15;15
72.0;11;15;11;18;16;16;14;15;14
78.0;13;15;9;18;17;18;13;16;11
84.0;13;13;10;19;17;18;13;15;12
90.0;11;16;10;19;19;16;12;15;12
96.0;11;16;9;18;19;18;14;14;11
102.0;14;15;8;18;19;21;11;13;11
108.0;13;12;10;17;22;21;12;14;9
114.0;13;12;10;17;23;21;12;13;9
120.0;12;14;12;17;21;19;11;14;10
126.0;13;15;12;17;22;19;10;13;9
132.0;12;15;11;17;21;20;10;15;9
138.0;13;17;11;18;22;19;10;12;8
144.0;13;17;10;19;22;17;11;13;8
150.0;12;16;9;18;23;18;10;16;8
156.0;14;16;9;19;23;17;8;15;9
162.0;13;16;7;19;24;17;9;14;11
168.0;12;16;9;20;24;16;7;15;11
174.0;12;17;9;20;24;16;7;14;11
180.0;11;16;10;20;24;17;7;13;12
186.0;11;16;9;20;25;17;9;13;10
192.0;11;16;10;19;25;16;8;15;10
198.0;10;16;11;20;25;18;8;13;9
204.0;10;13;9;21;23;19;11;15;9
210.0;12;13;9;19;23;23;11;11;9
216.0;10;13;8;19;23;24;13;11;9
222.0;10;16;9;19;24;23;12;11;6
228.0;10;16;11;19;24;21;13;11;5
234.0;8;16;10;18;25;23;13;12;5
240.0;8;16;10;17;25;23;12;13;6
246.0;9;15;10;15;27;24;12;11;7
252.0;9;18;8;15;27;24;12;10;7
258.0;9;18;9;16;28;22;12;10;6
264.0;7;19;9;15;28;22;15;8;7
270.0;7;19;7;16;28;22;15;8;8
276.0;7;19;7;15;29;21;16;9;7
282.0;8;17;6;13;29;23;16;11;7
288.0;7;16;8;11;30;26;14;13;5
294.0;7;14;7;11;30;27;15;13;6
300.0;8;14;8;9;30;27;14;12;8
306.0;9;16;9;9;29;26;12;11;9
312.0;9;15;10;8;29;23;13;13;10
318.0;9;16;10;8;30;21;12;14;10
324.0;7;17;10;9;31;18;11;15;12
330.0;8;18;12;8;31;16;10;15;12
336.0;8;18;12;8;30;17;9;16;12
342.0;8;21;12;6;31;15;11;15;11
348.0;7;17;12;6;33;19;9;16;11
354.0;8;17;11;8;32;17;7;16;14
360.0;7;20;9;9;32;17;7;16;13
366.0;5;20;10;8;33;17;7;17;13
372.0;4;20;9;7;36;14;11;17;12
378.0;7;19;9;7;36;16;9;16;11
384.0;8;19;8;7;37;14;9;17;11
390.0;8;20;9;9;36;15;7;16;10
396.0;10;19;9;9;37;15;7;14;10
402.0;8;19;9;9;37;14;7;15;12
408.0;8;18;10;9;40;14;5;15;11
414.0;7;17;9;10;40;15;6;16;10
420.0;7;18;9;10;40;15;5;17;9
426.0;8;16;6;11;40;16;7;17;9
432.0;8;16;8;12;40;16;5;16;9
438.0;7;16;8;13;42;16;6;16;6
444.0;7;15;8;13;41;16;8;16;6
450.0;8;15;7;14;42;16;7;16;5
456.0;10;15;8;15;43;15;4;16;4
462.0;10;15;9;15;43;14;3;17;4
468.0;10;15;8;14;43;13;3;18;6
474.0;12;14;7;13;43;14;3;18;6
480.0;11;15;6;14;44;14;4;17;5
486.0;13;16;6;14;44;13;4;16;4
492.0;12;15;6;15;44;12;3;18;5
498.0;12;15;5;16;44;12;2;20;4
504.0;13;14;5;15;45;14;3;17;4
510.0;12;14;5;16;44;14;4;17;4
516.0;9;17;5;16;45;15;3;18;2
522.0;9;15;5;15;47;16;2;18;3
528.0;9;14;6;15;47;15;2;18;4
534.0;8;14;6;15;49;15;1;18;4
540.0;9;14;5;14;49;15;2;18;4
546.0;12;13;5;15;46;15;3;18;3
552.0;14;14;7;16;46;12;2;17;2
558.0;14;14;6;16;45;13;2;16;4
564.0;13;14;6;16;45;13;3;17;3
570.0;12;15;8;17;44;12;2;17;3
576.0;11;15;8;18;45;12;2;17;2
582.0;12;16;7;21;44;10;2;14;4
588.0;14;16;7;18;44;10;3;14;4
594.0;13;17;7;18;44;9;3;15;4
600.0;12;16;6;20;44;9;3;16;4
606.0;12;17;5;19;44;11;3;16;3
612.0;11;19;2;16;45;11;5;15;6
618.0;12;21;2;14;47;11;5;14;4
624.0;10;19;2;14;47;12;7;15;4
630.0;10;19;2;14;48;12;6;15;4
636.0;11;17;2;15;47;12;7;15;4
642.0;11;17;2;13;46;14;7;15;5
648.0;10;16;5;11;48;14;7;14;5
654.0;10;16;5;10;48;14;6;15;6
660.0;10;15;5;10;48;12;7;16;7
666.0;10;17;5;10;48;13;6;15;6
672.0;11;16;5;11;48;13;7;15;4
678.0;12;16;4;10;49;13;7;15;4
684.0;13;14;3;10;50;13;7;15;5
690.0;11;14;1;10;50;14;9;16;5
696.0;8;11;1;12;49;15;10;17;7
702.0;8;11;2;13;50;14;9;16;7
708.0;8;11;1;12;50;14;11;16;7
714.0;8;14;2;12;49;14;9;15;7
720.0;6;15;2;12;51;15;8;14;7
726.0;6;16;2;12;50;14;10;14;6
732.0;6;16;2;12;52;14;9;12;7
738.0;8;14;2;12;52;14;10;11;7
744.0;8;15;2;11;52;15;9;11;7
750.0;8;13;1;12;51;17;9;11;8
756.0;8;12;3;13;49;18;8;11;8
762.0;7;14;4;13;49;17;8;11;7
768.0;6;14;3;17;49;17;8;11;5
774.0;5;15;3;17;49;18;6;12;5
780.0;6;15;1;17;48;18;6;14;5
786.0;6;16;1;17;46;15;6;17;6
792.0;7;13;1;18;46;16;6;18;5
798.0;7;13;1;17;47;16;6;17;6
804.0;8;14;1;19;46;15;6;16;5
810.0;8;13;2;17;46;17;6;15;6
816.0;8;14;3;17;46;16;6;16;4
822.0;9;13;4;16;45;16;7;16;4
828.0;8;14;5;16;45;15;7;15;5
834.0;8;14;5;16;46;15;8;13;5
840.0;6;15;6;16;47;14;6;14;6
846.0;6;16;6;16;46;14;6;14;6
852.0;7;16;9;15;47;15;6;12;3
858.0;8;17;8;15;44;15;7;12;4
864.0;9;18;6;15;43;14;8;13;4
870.0;8;19;6;14;43;15;8;12;5
876.0;7;17;7;12;41;14;8;18;6
882.0;7;15;8;14;40;14;7;17;8
888.0;5;14;8;15;40;14;8;18;8
894.0;5;15;9;15;38;14;7;19;8
900.0;5;15;8;14;38;16;8;18;8
906.0;4;16;8;12;38;17;8;21;6
912.0;3;16;9;12;38;18;7;20;7
918.0;2;19;8;12;36;18;7;20;8
924.0;4;18;8;12;37;16;9;21;5
930.0;6;17;8;12;37;14;8;21;7
936.0;7;16;8;12;37;16;7;20;7
942.0;6;15;9;14;37;17;6;19;7
948.0;5;17;10;14;37;17;7;16;7
954.0;5;17;11;14;35;20;6;16;6
960.0;6;19;10;12;35;21;6;16;5
966.0;5;16;13;12;36;19;8;15;6
972.0;6;13;13;10;36;23;9;15;5
978.0;5;13;11;11;38;21;8;15;8
984.0;2;14;10;11;41;21;8;15;8
990.0;2;14;11;10;42;21;8;14;8
996.0;2;13;11;8;42;21;7;18;8
1002.0;2;12;12;8;39;21;7;18;11
1008.0;3;12;10;8;40;20;7;19;11
1014.0;3;13;10;10;43;18;5;17;11
1020.0;4;12;10;10;42;17;6;18;11
1026.0;4;12;11;10;44;16;7;17;9
1032.0;5;14;11;10;43;15;6;17;9
1038.0;5;15;11;10;43;14;5;18;9
1044.0;4;16;9;11;44;14;6;17;9
1050.0;5;16;8;11;44;14;6;17;9
1056.0;6;14;8;13;44;14;6;17;8
1062.0;3;16;10;12;45;13;7;17;7
1068.0;3;16;10;11;46;13;6;18;7
1074.0;3;15;10;12;48;13;5;15;9
1080.0;2;15;12;12;48;13;5;14;9
1086.0;3;15;10;12;48;12;5;16;9
1092.0;2;15;10;12;49;11;4;17;10
1098.0;2;14;10;12;50;12;4;16;10
1104.0;1;12;11;12;52;12;5;15;10
1110.0;3;13;11;11;52;13;6;13;8
1116.0;3;12;12;11;53;14;4;13;8
1122.0;4;14;11;10;53;14;3;12;9
1128.0;5;10;9;11;54;14;3;15;9
1134.0;5;11;8;13;54;11;4;15;9
1140.0;2;12;9;13;55;13;4;13;9
1146.0;2;13;8;10;57;13;5;15;7
1152.0;3;12;8;11;57;14;5;14;6
1158.0;4;13;7;12;58;13;3;15;5
1164.0;5;13;5;12;59;13;5;15;3
1170.0;4;12;4;12;58;14;6;15;5
1176.0;4;12;3;10;58;16;6;16;5
1182.0;3;12;3;10;56;16;7;17;6
1188.0;3;14;3;10;56;18;7;15;4
1194.0;3;15;4;10;55;18;5;15;5
1200.0;4;13;3;10;55;19;5;15;6
1206.0;4;14;3;8;55;21;6;12;7
1212.0;4;14;3;8;55;21;6;12;7
1218.0;4;16;2;9;54;20;6;11;8
1224.0;3;15;2;11;54;19;6;11;9
1230.0;3;15;3;11;54;19;6;10;9
1236.0;3;15;3;11;54;20;7;9;8
1242.0;1;15;4;10;53;19;8;10;10
1248.0;1;14;5;11;53;20;6;9;11
1254.0;1;16;5;12;53;21;6;7;9
1260.0;1;16;4;13;53;20;6;7;10
1266.0;1;16;4;13;52;20;6;7;11
1272.0;3;15;4;12;52;18;6;9;11
1278.0;4;15;5;12;53;17;5;8;11
1284.0;5;14;4;14;52;16;5;8;12
1290.0;6;14;4;14;51;16;5;9;11
1296.0;5;15;4;13;52;15;5;9;12
1302.0;7;15;3;12;50;18;5;9;11
1308.0;7;16;2;12;51;18;5;9;10
1314.0;5;15;4;11;51;18;6;10;10
1320.0;4;15;4;10;52;18;6;12;9
1326.0;6;15;3;10;55;16;4;12;9
1332.0;6;17;3;8;55;16;4;11;10
1338.0;4;18;2;9;55;17;4;11;10
1344.0;7;20;2;9;54;16;3;9;10
1350.0;7;20;3;8;55;15;3;9;10
1356.0;8;18;3;8;54;15;3;9;12
1362.0;8;18;3;8;53;16;3;8;13
1368.0;8;17;3;8;52;16;3;9;14
1374.0;9;17;4;8;50;16;5;9;12
1380.0;6;17;6;10;50;15;4;9;13
1386.0;6;17;4;9;52;16;4;10;12
1392.0;5;14;6;8;52;18;5;11;11
1398.0;6;14;6;8;53;19;4;12;8
1404.0;5;16;6;10;51;18;5;11;8
1410.0;5;16;6;8;51;18;6;12;8
1416.0;5;17;6;8;51;17;6;12;8
1422.0;6;17;7;7;50;15;7;12;9
1428.0;6;15;8;9;51;15;7;12;7
1434.0;5;17;9;8;50;16;4;13;8
1440.0;4;16;9;9;50;16;4;13;9
1446.0;5;16;8;10;50;16;3;13;9
1452.0;5;16;8;10;50;15;3;13;10
1458.0;7;15;8;11;49;15;3;13;9
1464.0;7;16;8;11;48;15;3;13;9
1470.0;7;16;8;11;49;13;4;14;8
1476.0;7;16;5;11;51;13;5;14;8
1482.0;8;15;4;9;53;13;5;15;8
1488.0;8;16;3;7;53;14;7;15;7
1494.0;8;15;3;8;52;15;8;14;7
1500.0;8;18;3;9;50;15;8;13;6
1506.0;7;19;4;10;48;14;8;13;7
1512.0;4;19;4;9;49;15;7;16;7
1518.0;5;20;3;9;47;17;8;16;5
1524.0;5;18;4;9;48;19;9;14;4
1530.0;7;18;4;8;49;17;7;16;4
1536.0;8;18;3;8;49;17;7;16;4
1542.0;6;19;4;10;46;17;10;15;3
1548.0;5;14;4;9;47;16;9;17;9
1554.0;9;13;3;10;48;15;8;14;10
1560.0;11;12;2;11;48;15;8;12;11
1566.0;9;14;1;10;49;16;8;12;11
1572.0;9;14;1;10;50;16;8;12;10
1578.0;7;14;2;8;50;17;8;12;12
1584.0;5;10;5;8;51;16;9;14;12
1590.0;7;10;4;7;50;16;10;14;12
1596.0;7;9;3;8;51;19;10;13;10
1602.0;5;10;4;8;52;20;9;12;10
1608.0;5;10;5;7;53;20;10;10;10
1614.0;6;11;5;8;52;19;11;9;9
1620.0;7;12;6;8;50;19;10;10;8
1626.0;6;12;4;8;49;20;9;11;11
1632.0;5;14;4;7;48;20;9;11;12
1638.0;6;14;4;6;48;20;9;11;12
1644.0;6;12;4;5;49;20;9;11;14
1650.0;6;12;5;5;49;19;7;13;14
1656.0;7;12;6;4;50;17;7;13;14
1662.0;7;12;6;4;50;17;8;14;12
1668.0;8;11;6;4;50;17;7;16;11
1674.0;7;12;5;4;51;17;7;16;11
1680.0;6;13;3;4;51;17;8;15;13
1686.0;8;13;3;4;51;17;7;14;13
1692.0;7;14;3;3;53;17;7;14;12
1698.0;7;15;2;3;55;16;7;14;11
1704.0;7;14;2;5;57;15;7;12;11
1710.0;6;14;3;3;58;16;8;11;11
1716.0;6;15;2;3;59;17;7;11;10
1722.0;7;15;2;3;59;18;6;9;11
1728.0;9;15;3;3;58;18;5;9;10
1734.0;8;15;3;4;57;19;5;10;9
1740.0;7;14;3;3;57;19;5;13;9
1746.0;7;14;4;3;56;20;6;11;9
1752.0;8;14;4;4;56;20;5;10;9
1758.0;5;15;4;5;56;20;5;11;9
1764.0;4;15;5;5;58;19;5;10;9
1770.0;4;16;5;5;59;17;4;11;9
1776.0;4;16;5;6;59;17;4;11;8
1782.0;5;18;4;7;60;16;5;8;7
1788.0;6;17;4;8;61;16;5;7;6
1794.0;8;16;4;8;62;15;4;7;6
