#auto generated file!
12.0;46;56;47;36;53;47;37;44;44
18.0;47;52;49;37;57;47;36;43;42
24.0;47;49;47;38;62;48;35;42;42
30.0;43;49;44;42;64;46;38;44;40
36.0;42;49;38;43;67;47;36;48;40
42.0;41;51;35;42;75;47;33;50;36
48.0;37;52;37;43;77;43;34;50;37
54.0;38;50;37;46;78;39;34;51;37
60.0;36;50;36;48;79;39;32;54;36
66.0;37;51;38;50;77;41;26;55;35
72.0;37;52;37;48;77;40;28;57;34
78.0;36;52;35;46;77;41;28;61;34
84.0;38;54;30;43;79;46;29;55;36
90.0;34;61;26;42;79;46;30;54;38
96.0;34;62;29;43;79;48;29;49;37
102.0;30;64;29;41;80;49;30;51;36
108.0;29;65;33;40;81;46;29;52;35
114.0;32;69;31;38;86;47;26;46;35
120.0;30;68;27;37;86;53;27;45;37
126.0;27;67;25;39;88;52;29;48;35
132.0;25;67;21;42;89;50;33;52;31
138.0;23;65;22;47;86;51;33;48;35
144.0;26;61;22;46;88;51;32;49;35
150.0;27;58;22;45;90;54;29;47;38
156.0;24;58;22;48;88;54;29;47;40
162.0;24;55;22;48;92;52;30;48;39
168.0;26;54;20;48;94;53;29;47;39
174.0;28;52;19;46;95;52;36;46;36
180.0;30;54;21;42;97;49;36;47;34
186.0;27;52;23;44;99;45;33;52;35
192.0;26;51;25;44;102;46;31;53;32
198.0;25;51;32;42;106;44;29;53;28
204.0;25;51;33;44;105;45;26;53;28
210.0;25;48;34;47;104;48;27;49;28
216.0;27;46;35;49;108;49;22;46;28
222.0;32;40;34;46;111;49;22;47;29
228.0;29;40;31;48;113;47;25;49;28
234.0;27;38;30;48;115;46;29;49;28
240.0;28;37;30;46;118;46;27;50;28
246.0;25;41;31;48;118;46;28;50;23
252.0;26;39;29;54;117;48;28;49;20
258.0;25;42;31;52;118;47;28;44;23
264.0;23;42;32;52;122;46;25;45;23
270.0;19;43;28;49;126;46;25;49;25
276.0;18;44;30;49;129;46;23;47;24
282.0;21;46;28;50;130;46;22;45;22
288.0;20;48;28;48;132;42;20;48;24
294.0;20;47;28;48;133;42;24;45;23
300.0;20;47;30;41;135;43;28;44;22
306.0;20;49;30;42;135;41;26;45;22
312.0;17;49;31;39;137;40;27;44;26
318.0;18;46;28;41;136;40;29;46;26
324.0;18;46;26;43;137;41;28;47;24
330.0;17;47;26;44;139;40;25;47;25
336.0;17;47;24;47;139;38;25;49;24
342.0;17;46;24;52;143;37;25;44;22
348.0;19;47;23;54;143;40;23;41;20
354.0;22;46;24;52;145;38;22;40;21
360.0;24;50;23;53;144;34;21;41;20
366.0;26;45;27;51;144;35;21;42;19
372.0;25;49;26;51;143;35;22;42;17
378.0;24;49;24;54;143;33;24;42;17
384.0;19;51;22;55;146;33;25;43;16
390.0;18;48;24;54;146;33;26;44;17
396.0;17;48;20;58;146;35;25;43;18
402.0;20;48;20;59;144;34;24;44;17
408.0;22;47;21;59;144;30;26;44;17
414.0;18;47;23;57;143;31;27;45;19
420.0;17;45;22;58;146;30;24;48;20
426.0;16;46;26;56;145;30;27;46;18
432.0;21;44;23;56;144;31;28;44;19
438.0;22;45;21;56;147;34;26;42;17
444.0;21;45;22;54;151;32;29;41;15
450.0;22;47;20;51;152;32;30;40;16
456.0;23;43;19;50;154;31;31;40;19
462.0;21;45;18;49;154;35;27;43;18
468.0;19;47;15;53;156;32;26;40;22
474.0;17;48;16;54;156;33;24;39;23
480.0;17;47;18;50;156;37;25;36;24
486.0;16;46;18;48;157;38;25;37;25
492.0;18;47;16;49;159;40;23;35;23
498.0;16;50;15;52;157;38;24;36;22
504.0;16;47;14;54;156;38;28;36;21
510.0;19;44;15;53;157;40;22;38;22
516.0;21;44;16;51;156;41;22;38;21
522.0;19;44;15;50;153;42;23;37;27
528.0;22;43;14;50;154;41;25;37;24
534.0;20;41;15;48;154;43;23;42;24
540.0;17;41;17;51;155;40;23;42;24
546.0;15;42;15;50;159;43;22;41;23
552.0;15;42;17;49;160;43;23;36;25
558.0;18;42;14;48;162;39;27;38;22
564.0;16;42;14;54;164;38;27;33;22
570.0;15;39;14;52;165;41;29;34;21
576.0;16;39;16;48;165;43;29;35;19
582.0;16;41;15;48;167;41;28;36;18
588.0;18;42;14;48;166;43;28;35;16
594.0;15;45;16;47;161;43;28;37;18
600.0;14;43;16;46;161;42;32;38;18
606.0;14;41;14;46;164;44;31;39;17
612.0;15;41;17;46;161;44;30;39;17
618.0;14;42;18;48;161;43;25;41;18
624.0;16;43;13;50;166;45;22;38;17
630.0;14;41;12;53;170;44;22;35;19
636.0;15;42;16;51;168;43;22;34;19
642.0;17;44;13;50;167;40;20;39;20
648.0;17;41;15;49;170;42;18;38;20
654.0;18;42;15;49;170;43;16;39;18
660.0;19;41;15;49;166;44;15;42;19
666.0;18;41;17;50;163;42;17;42;20
672.0;18;42;16;48;164;46;15;41;20
678.0;18;41;15;44;171;45;14;41;21
684.0;17;44;19;43;168;43;13;42;21
690.0;20;42;20;43;164;44;16;40;21
696.0;21;44;18;44;166;41;15;42;19
702.0;21;45;15;47;167;40;15;41;19
708.0;18;48;16;42;168;37;18;40;23
714.0;17;45;17;43;168;38;18;41;23
720.0;16;47;16;42;165;40;18;43;23
726.0;17;43;20;45;167;36;18;41;23
732.0;14;45;20;46;169;37;18;40;21
738.0;14;46;18;47;172;39;19;38;17
744.0;18;46;19;46;172;37;18;37;17
750.0;18;49;17;45;172;36;18;38;17
756.0;18;50;16;44;170;35;19;40;18
762.0;19;53;19;45;173;31;17;36;17
768.0;18;53;15;47;177;30;16;36;18
774.0;18;53;15;45;173;32;17;37;20
780.0;17;57;15;42;175;31;17;36;20
786.0;15;56;16;42;178;28;21;36;18
792.0;15;55;22;39;180;30;20;35;14
798.0;18;54;20;42;182;32;17;34;11
804.0;16;53;23;39;181;33;18;34;13
810.0;15;53;23;40;180;32;19;35;13
816.0;17;48;20;41;180;31;19;39;15
822.0;16;48;21;40;178;32;21;38;16
828.0;15;54;22;35;177;32;22;39;14
834.0;14;56;21;38;175;28;21;42;15
840.0;12;54;23;37;176;26;25;41;16
846.0;10;52;26;37;178;27;24;41;15
852.0;11;51;25;34;180;29;23;41;16
858.0;11;49;25;35;180;31;25;40;14
864.0;9;49;24;35;182;34;23;39;15
870.0;9;49;22;35;182;36;20;41;16
876.0;9;48;20;34;182;37;19;43;18
882.0;10;48;22;31;181;40;18;42;18
888.0;11;42;24;32;178;42;18;46;17
894.0;13;43;23;32;181;42;17;44;15
900.0;15;42;23;31;180;42;16;45;16
906.0;16;44;22;32;178;40;17;44;17
912.0;14;48;25;35;179;37;15;43;14
918.0;15;45;21;35;181;36;16;45;16
924.0;18;44;19;36;181;35;15;44;18
930.0;16;48;19;35;182;37;12;44;17
936.0;16;47;20;34;181;37;11;47;17
942.0;14;47;19;36;181;35;13;48;17
948.0;12;46;19;38;181;36;13;49;16
954.0;14;46;18;38;179;34;14;49;18
960.0;13;46;17;36;176;38;16;50;18
966.0;13;47;19;37;174;38;20;45;17
972.0;14;48;19;34;174;38;24;42;17
978.0;12;50;20;35;172;38;21;44;18
984.0;14;52;18;37;172;37;20;44;16
990.0;13;52;17;37;174;41;17;43;16
996.0;12;52;16;37;175;41;19;44;14
1002.0;17;49;14;35;178;41;20;43;13
1008.0;20;43;17;34;177;42;22;39;16
1014.0;20;44;17;34;178;41;21;39;16
1020.0;19;46;19;33;176;42;21;40;14
1026.0;20;45;19;35;173;40;22;40;16
1032.0;21;46;19;36;173;39;21;40;15
1038.0;22;47;19;34;174;39;20;41;14
1044.0;21;45;20;36;175;39;17;42;15
1050.0;25;47;23;35;170;38;14;41;17
1056.0;24;46;21;36;172;38;15;38;20
1062.0;25;46;25;35;168;39;18;35;19
1068.0;23;45;25;36;168;41;18;34;20
1074.0;21;44;26;35;168;42;18;35;21
1080.0;20;41;24;37;170;42;19;36;21
1086.0;18;39;25;40;171;38;20;36;23
1092.0;24;37;25;39;171;35;18;37;24
1098.0;23;36;25;39;169;35;18;38;27
1104.0;23;40;24;39;165;34;21;37;27
1110.0;23;39;21;39;166;34;23;38;27
1116.0;25;36;21;41;163;38;24;40;22
1122.0;25;37;21;43;163;40;22;37;22
1128.0;25;38;20;42;167;39;20;35;24
1134.0;25;40;20;44;165;40;20;34;22
1140.0;19;40;21;44;167;38;19;36;26
1146.0;20;42;17;42;167;42;21;39;20
1152.0;22;41;15;39;169;42;21;40;21
1158.0;23;43;17;39;167;41;20;40;20
1164.0;23;43;19;37;166;41;20;43;18
1170.0;21;41;18;40;168;41;20;42;19
1176.0;20;39;21;39;170;42;17;42;20
1182.0;21;43;22;39;170;38;18;40;19
1188.0;23;42;20;39;170;39;20;39;18
1194.0;22;42;18;38;168;41;23;40;18
1200.0;19;44;17;39;171;40;21;40;19
1206.0;18;44;17;42;170;42;19;38;20
1212.0;19;48;19;43;167;42;18;39;15
1218.0;20;47;18;44;163;44;20;39;15
1224.0;20;44;15;42;165;45;19;41;19
1230.0;19;46;16;44;164;44;19;41;17
1236.0;17;44;14;46;165;44;22;38;20
1242.0;15;44;17;44;169;44;21;36;20
1248.0;17;44;17;41;168;45;20;37;21
1254.0;17;45;14;41;167;46;19;39;22
1260.0;17;45;15;41;167;48;18;38;21
1266.0;19;42;16;41;165;49;21;38;19
1272.0;20;39;16;40;164;47;23;40;21
1278.0;16;41;17;40;163;46;19;42;26
1284.0;19;42;16;42;163;43;18;42;25
1290.0;24;43;18;39;164;38;18;43;23
1296.0;23;40;19;41;165;36;18;44;24
1302.0;18;35;21;42;163;39;19;46;27
1308.0;17;37;18;43;166;37;20;46;26
1314.0;18;39;17;39;165;35;23;47;27
1320.0;19;43;16;36;169;36;21;45;25
1326.0;18;44;18;34;174;34;23;39;26
1332.0;20;44;18;39;173;30;23;37;26
1338.0;20;46;21;37;173;29;22;39;23
1344.0;17;44;21;37;174;32;22;39;24
1350.0;16;41;21;39;173;34;22;38;26
1356.0;15;38;21;40;176;37;23;37;23
1362.0;17;37;20;40;175;39;23;38;21
1368.0;17;37;15;41;175;37;26;38;24
1374.0;17;39;13;38;179;37;27;38;22
1380.0;15;40;15;42;178;38;23;38;21
1386.0;11;39;16;40;179;40;24;40;21
1392.0;10;37;14;40;181;41;24;42;21
1398.0;10;37;14;39;182;38;24;43;23
1404.0;11;38;14;39;183;41;26;40;18
1410.0;13;35;15;38;184;40;25;39;21
1416.0;14;36;13;36;185;43;26;38;19
1422.0;13;35;15;39;185;41;24;39;19
1428.0;13;36;15;35;190;40;25;38;18
1434.0;14;35;16;36;190;42;21;38;18
1440.0;13;33;16;37;191;40;22;38;20
1446.0;13;30;16;37;195;40;24;37;18
1452.0;13;30;16;37;199;39;21;37;18
1458.0;14;30;17;37;200;38;20;37;17
1464.0;17;33;16;41;200;33;18;36;16
1470.0;18;31;15;40;200;34;21;36;15
1476.0;17;30;14;40;200;34;19;37;19
1482.0;16;28;17;42;201;33;19;36;18
1488.0;19;29;18;43;200;33;17;35;16
1494.0;18;30;17;43;200;35;16;34;17
1500.0;20;31;13;48;195;35;16;37;15
1506.0;20;30;16;46;195;35;14;39;15
1512.0;18;33;15;45;195;36;14;39;15
1518.0;19;31;15;45;191;37;13;44;15
1524.0;20;33;14;45;189;37;13;42;17
1530.0;22;32;16;44;186;38;12;40;20
1536.0;21;30;16;44;186;35;14;40;24
1542.0;19;32;18;45;183;35;14;41;23
1548.0;17;30;20;42;182;36;17;42;24
1554.0;18;33;23;40;179;38;16;41;22
1560.0;21;30;24;36;183;34;19;41;22
1566.0;20;33;21;36;183;35;19;42;21
1572.0;19;32;20;36;185;36;19;44;19
1578.0;19;33;20;37;183;36;19;45;18
1584.0;22;32;18;37;184;37;18;46;16
1590.0;22;34;15;37;184;36;21;43;18
1596.0;16;33;14;35;187;41;21;44;19
1602.0;17;32;13;38;187;39;20;45;19
1608.0;17;35;14;37;185;38;21;47;16
1614.0;20;33;17;39;183;38;20;46;14
1620.0;24;33;16;39;183;39;16;45;15
1626.0;22;33;17;41;182;41;14;43;17
1632.0;21;34;18;43;181;39;16;40;18
1638.0;20;34;16;42;181;38;17;41;21
1644.0;20;34;18;41;180;40;17;41;19
1650.0;18;34;17;42;181;38;19;42;19
1656.0;16;33;16;45;182;40;21;40;17
1662.0;18;34;14;43;181;39;21;42;18
1668.0;19;33;13;42;182;40;20;40;21
1674.0;19;37;13;42;182;43;14;40;20
1680.0;21;38;12;41;181;40;16;39;22
1686.0;21;37;12;43;182;41;17;38;19
1692.0;23;36;12;42;183;41;17;37;19
1698.0;22;35;13;39;183;43;17;38;20
1704.0;21;37;15;38;181;42;19;38;19
1710.0;22;36;16;39;179;41;20;39;18
1716.0;25;33;15;40;177;39;23;38;20
1722.0;27;32;16;42;175;39;22;36;21
1728.0;22;34;14;44;179;40;19;38;20
1734.0;25;32;13;46;177;41;18;38;20
1740.0;24;33;14;46;180;39;14;41;19
1746.0;28;33;15;45;177;36;17;40;19
1752.0;28;34;16;44;180;30;16;41;21
1758.0;26;35;19;45;179;29;16;43;18
1764.0;27;37;17;41;180;32;16;44;16
1770.0;31;32;19;42;178;30;16;43;19
1776.0;32;31;19;40;179;32;14;39;24
1782.0;34;33;21;40;179;31;13;37;22
1788.0;34;31;23;40;178;27;15;37;25
1794.0;34;32;19;39;179;30;17;35;25
