#auto generated file!
12.0;55;59;53;44;63;55;60;45;46
18.0;49;58;55;48;65;60;53;50;42
24.0;48;58;54;49;70;59;54;47;41
30.0;44;59;51;50;74;63;54;49;36
36.0;46;61;48;53;75;64;48;49;36
42.0;44;61;47;55;77;62;48;48;38
48.0;41;62;46;56;76;61;55;46;37
54.0;40;58;47;60;80;60;52;46;37
60.0;37;56;47;63;81;61;51;48;36
66.0;38;58;47;62;82;60;50;49;34
72.0;35;55;47;64;83;60;50;49;37
78.0;33;56;41;65;87;67;44;52;35
84.0;33;54;41;62;91;67;45;54;33
90.0;35;55;38;62;95;64;42;56;33
96.0;34;54;38;62;97;61;40;59;35
102.0;31;54;38;60;101;62;43;57;34
108.0;29;58;37;61;100;61;44;57;33
114.0;31;59;38;61;100;61;41;57;32
120.0;33;57;39;58;102;61;41;57;32
126.0;33;58;38;60;104;60;39;57;31
132.0;35;57;39;61;102;60;39;54;33
138.0;33;58;44;62;101;59;39;51;33
144.0;30;55;41;65;102;61;40;56;30
150.0;32;54;40;66;102;58;39;57;32
156.0;32;58;39;63;102;59;39;56;32
162.0;31;56;40;64;105;61;36;56;31
168.0;30;54;40;69;106;61;36;52;32
174.0;27;53;40;67;109;60;37;55;32
180.0;29;51;39;67;111;60;38;55;30
186.0;30;52;35;67;118;57;36;55;30
192.0;31;51;37;67;121;52;39;53;29
198.0;31;51;35;68;121;51;40;54;29
204.0;31;47;35;66;123;52;39;54;33
210.0;30;42;35;65;124;53;42;55;34
216.0;29;45;37;64;125;55;38;54;33
222.0;29;47;36;65;128;54;36;55;30
228.0;31;49;34;64;130;56;37;53;26
234.0;28;52;33;67;133;54;35;52;26
240.0;28;50;32;65;138;54;32;55;26
246.0;34;53;30;64;136;54;27;55;27
252.0;34;52;31;64;139;54;27;56;23
258.0;35;48;28;61;139;57;27;58;27
264.0;32;49;28;61;139;57;29;58;27
270.0;32;49;24;59;143;57;29;58;29
276.0;27;50;23;60;147;58;26;57;32
282.0;25;53;22;59;147;55;28;59;32
288.0;27;53;23;56;149;58;26;55;33
294.0;31;49;27;57;151;56;25;51;33
300.0;28;51;27;59;152;53;26;53;31
306.0;30;49;21;57;154;53;30;53;33
312.0;34;51;22;56;151;54;27;54;31
318.0;33;51;20;54;155;53;29;55;30
324.0;34;52;22;56;157;52;27;52;28
330.0;33;54;22;58;157;52;25;53;26
336.0;28;55;23;59;158;52;27;54;24
342.0;28;53;26;60;157;54;23;55;24
348.0;29;49;27;55;163;55;23;54;25
354.0;32;47;27;52;163;57;23;54;25
360.0;30;46;29;54;163;58;22;54;24
366.0;28;45;25;56;166;60;24;55;21
372.0;25;49;22;50;166;62;27;55;24
378.0;22;49;22;47;168;60;26;57;29
384.0;22;46;21;49;168;61;27;56;30
390.0;20;48;17;52;169;59;30;56;29
396.0;21;49;18;51;174;58;29;55;25
402.0;21;47;21;51;177;61;25;52;25
408.0;22;46;22;48;177;62;23;54;26
414.0;23;48;22;48;178;58;24;54;25
420.0;24;48;20;47;182;59;22;54;24
426.0;23;48;22;47;182;58;23;55;22
432.0;21;51;23;45;183;61;19;54;23
438.0;23;54;25;44;183;57;17;55;22
444.0;23;54;23;44;183;58;17;57;21
450.0;20;56;26;43;184;58;17;57;19
456.0;22;57;27;40;185;55;15;58;21
462.0;21;55;23;42;188;54;18;59;20
468.0;21;55;21;42;189;53;18;62;19
474.0;19;59;20;41;191;52;17;61;20
480.0;20;53;24;34;194;53;20;57;25
486.0;19;57;22;36;194;53;20;53;26
492.0;19;57;20;39;194;54;19;51;27
498.0;19;59;20;39;191;54;17;51;30
504.0;20;61;18;39;193;52;17;48;32
510.0;24;56;13;39;197;50;19;48;34
516.0;20;56;14;42;197;49;20;49;33
522.0;23;54;13;45;198;48;18;47;34
528.0;22;54;13;46;200;47;17;47;34
534.0;24;54;15;46;201;45;17;48;30
540.0;20;55;16;45;199;45;23;48;29
546.0;21;53;19;45;196;46;25;46;29
552.0;21;53;18;46;197;47;24;49;25
558.0;23;52;17;44;199;46;27;48;24
564.0;22;50;21;44;197;48;25;48;25
570.0;24;50;23;45;196;47;25;44;26
576.0;21;51;23;44;200;47;26;44;24
582.0;23;50;21;45;201;45;27;44;24
588.0;20;51;22;49;196;45;27;46;24
594.0;22;52;23;50;193;45;26;46;23
600.0;21;54;20;50;194;49;26;44;22
606.0;22;51;21;49;195;51;26;46;19
612.0;24;49;21;50;196;48;26;46;20
618.0;25;46;21;49;194;52;30;45;18
624.0;22;47;23;52;193;53;30;42;18
630.0;23;46;26;47;190;54;31;45;18
636.0;24;45;27;46;189;55;29;46;19
642.0;24;48;27;48;187;52;28;46;20
648.0;25;51;27;47;183;53;27;48;19
654.0;23;53;29;46;182;54;25;50;18
660.0;25;52;30;46;182;52;24;48;21
666.0;26;49;28;47;181;48;23;51;27
672.0;29;51;27;47;179;46;23;51;27
678.0;22;54;27;47;180;48;25;52;25
684.0;22;53;26;47;181;47;24;55;25
690.0;20;57;26;46;183;45;24;52;27
696.0;20;55;24;44;183;50;26;52;26
702.0;22;55;23;42;183;53;24;51;27
708.0;23;53;24;44;182;52;25;50;27
714.0;19;52;25;47;181;53;24;50;29
720.0;19;51;24;47;181;53;22;52;31
726.0;21;49;26;45;176;53;25;53;32
732.0;24;51;26;43;174;53;27;53;29
738.0;20;49;26;46;172;55;26;54;32
744.0;20;49;26;50;170;53;29;52;31
750.0;26;48;24;52;171;52;26;50;31
756.0;23;51;21;53;173;52;27;51;29
762.0;21;53;19;51;176;55;26;49;30
768.0;16;52;25;50;175;52;25;52;33
774.0;16;53;25;48;179;49;25;51;34
780.0;17;54;22;49;180;43;29;51;35
786.0;18;55;20;50;182;43;28;50;34
792.0;17;54;24;50;183;42;29;49;32
798.0;16;54;23;48;185;40;28;52;34
804.0;18;52;21;45;187;41;30;55;31
810.0;18;55;20;46;186;44;25;54;32
816.0;21;53;20;46;189;44;24;55;28
822.0;25;52;21;41;188;42;24;58;29
828.0;25;55;20;41;191;43;24;57;24
834.0;22;54;18;42;191;46;26;58;23
840.0;21;54;21;38;192;44;29;58;23
846.0;22;55;18;36;195;47;25;59;23
852.0;21;51;17;36;197;47;26;59;26
858.0;20;54;17;36;195;48;27;56;27
864.0;22;53;20;38;195;45;25;52;30
870.0;25;51;22;39;199;43;22;50;29
876.0;22;50;22;42;200;41;24;50;29
882.0;21;57;21;42;199;40;23;50;27
888.0;25;56;19;42;199;40;23;50;26
894.0;24;57;17;47;199;40;22;45;29
900.0;24;55;18;51;200;39;22;45;26
906.0;24;52;21;47;204;40;25;42;25
912.0;23;53;23;47;205;41;24;42;22
918.0;21;52;25;48;206;42;23;42;21
924.0;20;54;25;48;205;43;21;40;24
930.0;20;58;23;47;202;46;22;39;23
936.0;20;55;22;46;200;46;23;40;28
942.0;18;52;22;45;203;49;24;40;27
948.0;19;51;19;46;204;50;25;40;26
954.0;20;47;20;48;202;50;24;41;28
960.0;22;45;18;51;203;49;24;37;31
966.0;23;44;22;49;202;48;25;36;31
972.0;24;48;23;51;200;48;21;37;28
978.0;24;52;20;49;199;51;19;39;27
984.0;24;52;21;48;198;52;14;42;29
990.0;22;53;24;44;199;49;16;43;30
996.0;22;53;25;46;201;52;14;39;28
1002.0;21;51;23;44;205;52;15;39;30
1008.0;20;50;25;46;205;50;15;39;30
1014.0;20;55;24;42;206;50;14;38;31
1020.0;24;57;25;40;205;47;13;37;32
1026.0;22;52;27;42;205;45;16;39;32
1032.0;23;55;22;41;205;44;18;41;31
1038.0;22;57;22;41;207;39;19;41;32
1044.0;23;60;21;39;205;39;23;43;27
1050.0;20;58;22;42;202;42;25;42;27
1056.0;18;56;24;44;203;43;27;43;22
1062.0;17;53;28;46;204;42;26;43;21
1068.0;15;55;27;44;203;43;21;46;26
1074.0;16;55;28;44;197;44;23;47;26
1080.0;16;56;25;44;198;43;23;49;26
1086.0;16;55;29;44;198;44;22;45;27
1092.0;16;56;28;48;197;42;22;44;27
1098.0;17;56;29;43;197;42;22;50;24
1104.0;19;55;27;44;199;41;24;48;23
1110.0;17;54;22;45;202;42;25;50;23
1116.0;18;55;23;46;203;42;22;49;22
1122.0;19;59;21;51;201;40;24;47;18
1128.0;20;61;20;51;205;42;23;42;16
1134.0;20;60;18;51;208;39;23;43;18
1140.0;20;60;19;50;212;40;23;41;15
1146.0;15;60;19;48;211;41;25;44;17
1152.0;16;56;17;49;210;45;24;44;19
1158.0;16;56;16;53;207;44;23;43;22
1164.0;16;57;20;50;206;43;26;42;20
1170.0;18;57;19;49;203;44;27;44;19
1176.0;18;58;19;50;202;44;24;42;23
1182.0;15;54;25;51;204;42;22;41;26
1188.0;16;53;25;51;204;41;20;40;30
1194.0;14;52;25;48;207;41;20;42;31
1200.0;19;49;22;50;206;46;22;35;31
1206.0;17;46;20;48;208;50;22;41;28
1212.0;14;44;23;49;210;50;20;40;30
1218.0;14;45;23;48;212;48;23;38;29
1224.0;13;47;23;49;213;42;27;36;30
1230.0;13;48;21;52;212;43;23;40;28
1236.0;15;46;26;51;213;44;20;39;26
1242.0;14;45;28;51;214;43;19;39;27
1248.0;16;43;27;48;216;45;20;38;27
1254.0;17;41;25;48;213;51;19;39;27
1260.0;17;43;27;48;211;51;20;35;28
1266.0;22;41;25;48;213;48;24;34;25
1272.0;23;40;24;47;216;47;25;35;23
1278.0;24;37;21;50;216;48;25;33;26
1284.0;25;38;22;49;217;47;23;33;26
1290.0;22;38;26;49;216;49;25;32;23
1296.0;19;40;23;51;217;49;27;31;23
1302.0;21;39;21;51;217;49;25;32;25
1308.0;24;40;22;54;216;43;25;33;23
1314.0;22;39;24;52;218;44;21;33;27
1320.0;25;39;27;52;219;42;21;29;26
1326.0;25;37;24;52;219;43;25;29;26
1332.0;24;37;25;49;216;45;27;33;24
1338.0;23;39;24;48;215;44;25;37;25
1344.0;21;42;27;47;216;43;24;37;23
1350.0;21;41;25;47;221;42;24;35;24
1356.0;22;40;26;46;218;42;24;41;21
1362.0;24;41;24;48;216;44;23;41;19
1368.0;21;41;24;48;216;45;24;43;18
1374.0;20;43;22;46;218;48;26;40;17
1380.0;17;46;20;45;218;48;26;41;19
1386.0;16;46;20;44;217;46;29;42;20
1392.0;16;44;24;42;215;48;28;42;21
1398.0;17;42;27;42;215;47;30;42;18
1404.0;18;41;28;40;214;48;29;43;19
1410.0;18;40;27;39;215;48;33;42;18
1416.0;19;42;23;36;217;51;31;42;19
1422.0;19;42;24;40;216;52;26;42;19
1428.0;18;41;26;40;216;53;25;43;18
1434.0;16;44;25;43;215;56;23;43;15
1440.0;17;45;27;43;213;55;22;42;16
1446.0;15;46;24;42;215;55;22;40;21
1452.0;19;45;20;41;216;54;22;42;21
1458.0;20;45;21;39;215;52;22;44;22
1464.0;18;49;18;40;213;52;21;47;22
1470.0;17;50;23;39;213;50;20;48;20
1476.0;18;46;26;40;213;51;21;45;20
1482.0;18;45;22;39;214;50;25;46;21
1488.0;16;44;24;38;214;51;25;46;22
1494.0;18;45;23;39;210;50;28;46;21
1500.0;18;45;24;40;211;49;28;44;21
1506.0;19;42;23;42;215;49;25;46;19
1512.0;19;42;24;44;215;51;24;41;20
1518.0;23;43;25;46;211;51;21;42;18
1524.0;25;39;24;45;214;51;22;41;19
1530.0;25;39;25;47;213;51;22;41;17
1536.0;23;39;24;51;211;55;21;41;15
1542.0;21;40;21;54;212;54;22;41;15
1548.0;20;43;20;48;211;55;23;43;17
1554.0;24;44;21;48;210;51;21;46;15
1560.0;19;45;23;49;209;51;20;48;16
1566.0;20;46;22;49;211;52;21;45;14
1572.0;18;48;23;47;208;52;24;45;15
1578.0;17;52;23;49;207;52;21;43;16
1584.0;14;51;26;48;209;51;21;42;18
1590.0;14;48;28;47;212;50;23;38;20
1596.0;17;51;28;46;210;51;24;35;18
1602.0;19;51;25;45;209;52;25;36;18
1608.0;19;53;28;45;208;54;24;32;17
1614.0;18;53;24;45;212;50;21;34;23
1620.0;20;56;22;44;207;53;22;31;25
1626.0;23;53;24;42;205;53;22;32;26
1632.0;18;52;28;41;204;56;21;34;26
1638.0;19;56;27;39;204;53;21;32;29
1644.0;21;56;27;38;204;54;23;29;28
1650.0;20;55;26;37;203;54;26;29;30
1656.0;21;53;25;36;203;54;25;32;31
1662.0;21;50;25;40;205;56;24;29;30
1668.0;24;50;27;43;202;56;23;28;27
1674.0;25;49;27;47;204;57;21;26;24
1680.0;20;51;28;48;201;57;22;28;25
1686.0;20;48;27;50;200;53;28;29;25
1692.0;21;46;26;51;200;52;29;31;24
1698.0;17;45;28;49;203;52;30;31;25
1704.0;20;42;25;48;201;56;29;32;27
1710.0;19;48;26;45;200;57;28;30;27
1716.0;22;49;24;42;202;56;29;32;24
1722.0;20;48;28;41;201;57;29;35;21
1728.0;22;49;27;41;205;53;29;32;22
1734.0;20;51;27;40;204;53;26;35;24
1740.0;19;51;23;43;204;55;23;35;27
1746.0;18;54;22;48;204;55;25;32;22
1752.0;16;55;23;48;204;53;27;31;23
1758.0;14;54;26;47;206;51;28;32;22
1764.0;17;52;26;44;207;53;24;33;24
1770.0;17;52;25;46;208;52;23;33;24
1776.0;14;53;26;46;208;51;21;37;24
1782.0;14;55;26;44;207;51;22;36;25
1788.0;13;56;28;43;208;49;20;37;26
1794.0;14;54;26;45;209;49;20;38;25
