#auto generated file!
12.0;25;16;19;30;14;23;15;23;25
18.0;21;16;17;30;17;25;16;24;24
24.0;16;16;18;28;19;27;18;26;22
30.0;14;18;15;29;20;28;17;25;24
36.0;15;17;15;31;22;28;14;26;22
42.0;18;17;13;30;24;27;13;27;21
48.0;17;14;13;30;24;28;16;27;21
54.0;17;14;13;29;26;30;14;28;19
60.0;18;17;12;25;29;29;14;27;19
66.0;17;19;12;25;31;29;15;26;16
72.0;18;16;12;27;33;28;15;26;15
78.0;17;17;11;26;33;28;15;27;16
84.0;18;17;13;26;33;26;15;27;15
90.0;17;21;11;26;34;25;14;27;15
96.0;18;22;13;24;37;25;12;26;13
102.0;15;20;14;22;41;28;13;25;12
108.0;14;19;15;24;42;27;14;23;12
114.0;13;21;14;25;45;25;13;22;12
120.0;15;21;14;23;46;24;14;22;11
126.0;20;21;15;21;45;21;15;21;11
132.0;17;20;15;21;48;21;14;23;11
138.0;16;20;15;21;49;24;11;23;11
144.0;15;18;16;17;51;25;13;23;12
150.0;15;18;12;20;52;27;12;23;11
156.0;17;20;10;18;55;25;13;21;11
162.0;19;18;12;18;55;26;13;20;9
168.0;16;20;12;17;55;27;9;23;11
174.0;14;18;14;17;54;27;8;24;14
180.0;14;18;13;17;55;26;8;27;12
186.0;16;19;13;17;54;26;8;25;12
192.0;14;19;12;17;56;25;8;25;14
198.0;14;19;12;18;57;25;7;24;14
204.0;13;19;13;18;57;26;7;23;14
210.0;14;19;12;17;55;28;8;24;13
216.0;12;18;13;18;54;31;7;23;14
222.0;10;19;14;18;55;31;7;24;12
228.0;11;20;14;19;55;30;6;22;13
234.0;9;18;15;20;56;32;6;22;12
240.0;10;18;17;19;56;31;6;21;12
246.0;9;16;16;20;58;29;8;22;12
252.0;10;15;15;21;62;27;7;19;14
258.0;8;17;16;21;63;27;9;16;13
264.0;8;17;16;21;63;28;9;16;12
270.0;6;19;14;23;64;25;11;16;12
276.0;7;17;14;25;64;25;10;15;13
282.0;8;16;14;24;65;26;12;15;10
288.0;8;19;12;23;67;26;12;14;9
294.0;9;17;14;23;68;26;12;14;7
300.0;10;18;13;22;69;26;12;12;8
306.0;11;17;12;21;70;26;11;14;8
312.0;10;17;12;19;72;27;10;15;8
318.0;10;18;12;19;72;26;10;15;8
324.0;10;19;10;15;73;23;12;17;11
330.0;10;18;9;15;74;24;13;16;11
336.0;9;21;11;15;71;25;13;16;9
342.0;8;22;10;17;71;25;13;16;8
348.0;9;24;9;19;72;23;12;14;8
354.0;9;23;9;19;73;22;12;14;9
360.0;8;27;9;17;71;24;10;16;8
366.0;8;26;9;17;71;22;10;18;9
372.0;10;24;9;19;70;24;8;17;9
378.0;9;22;10;19;70;24;11;16;9
384.0;7;22;11;15;72;25;13;16;9
390.0;9;23;9;15;73;25;12;14;10
396.0;9;24;9;15;73;27;11;14;8
402.0;8;24;10;14;75;27;11;13;8
408.0;8;24;10;15;74;27;10;13;9
414.0;10;27;9;14;75;28;7;11;9
420.0;14;25;9;14;76;26;7;10;9
426.0;16;25;9;14;76;26;7;9;8
432.0;14;26;12;14;77;24;5;9;9
438.0;13;26;10;13;77;26;7;9;9
444.0;9;26;8;14;80;27;6;10;10
450.0;8;27;8;15;79;25;8;11;9
456.0;6;23;7;18;80;25;10;13;8
462.0;7;23;6;18;80;25;10;13;8
468.0;8;23;5;19;80;26;11;13;5
474.0;7;23;7;18;81;23;12;12;7
480.0;7;21;6;19;82;22;10;14;9
486.0;8;19;5;18;85;22;10;15;8
492.0;8;19;7;16;87;18;10;17;8
498.0;7;22;7;15;87;17;11;16;8
504.0;7;22;8;16;86;19;9;16;7
510.0;8;21;8;16;86;18;8;17;8
516.0;6;21;9;17;86;18;7;18;8
522.0;5;22;8;18;85;18;6;18;10
528.0;5;22;10;17;85;17;4;18;12
534.0;5;22;8;16;84;21;4;18;12
540.0;5;22;8;16;83;22;4;18;12
546.0;7;20;8;16;82;23;4;17;13
552.0;6;20;11;14;81;24;5;16;13
558.0;7;19;11;16;81;22;7;14;13
564.0;7;17;10;16;84;22;7;17;10
570.0;8;16;9;16;85;23;7;14;12
576.0;9;17;5;16;86;23;9;13;12
582.0;9;17;6;17;84;23;10;14;10
588.0;6;16;7;18;82;23;10;16;12
594.0;8;17;7;15;84;22;8;19;10
600.0;8;19;6;14;84;22;7;19;11
606.0;8;21;6;17;83;20;7;20;8
612.0;9;20;6;17;81;18;10;21;8
618.0;9;20;7;17;83;20;9;19;6
624.0;9;19;7;16;83;21;9;20;6
630.0;8;19;6;16;82;22;11;19;7
636.0;8;22;8;17;80;22;10;17;6
642.0;8;18;10;17;78;22;10;17;10
648.0;7;20;10;17;77;21;10;18;10
654.0;6;21;11;18;78;20;10;16;10
660.0;7;20;11;18;79;19;9;16;11
666.0;7;20;12;19;77;20;10;15;10
672.0;6;20;13;18;76;21;11;15;10
678.0;6;22;13;17;76;20;9;15;12
684.0;8;22;9;20;76;19;8;15;13
690.0;6;23;7;20;77;19;9;17;12
696.0;7;23;8;19;77;20;8;19;9
702.0;11;25;7;20;75;17;8;17;10
708.0;11;24;9;18;74;17;9;17;11
714.0;12;23;10;16;74;17;10;17;11
720.0;13;23;9;18;74;15;10;18;10
726.0;15;23;7;21;75;14;10;17;8
732.0;16;23;6;21;75;15;10;17;7
738.0;14;22;6;22;75;14;10;19;8
744.0;14;19;7;22;74;16;10;19;9
750.0;12;17;7;22;75;18;10;21;8
756.0;12;17;5;22;73;19;12;22;8
762.0;13;18;5;20;74;19;10;21;10
768.0;14;19;5;17;76;19;9;21;10
774.0;17;20;4;17;74;17;7;24;10
780.0;17;19;3;16;75;20;7;23;10
786.0;18;20;4;14;74;20;6;23;11
792.0;20;21;3;13;73;20;7;23;10
798.0;19;21;4;13;72;20;6;25;10
804.0;19;20;5;13;72;20;6;25;10
810.0;20;18;4;13;72;22;6;24;11
816.0;16;18;5;12;72;23;7;24;13
822.0;15;19;5;15;74;21;6;21;14
828.0;15;18;5;16;73;22;7;20;14
834.0;13;21;3;17;73;22;6;19;16
840.0;12;23;2;17;72;22;6;19;17
846.0;11;21;2;19;74;22;6;19;16
852.0;10;21;2;20;73;22;8;19;15
858.0;10;20;3;20;74;23;7;18;15
864.0;11;19;3;21;73;24;6;18;15
870.0;13;16;2;21;77;24;7;17;13
876.0;13;16;4;21;77;24;8;17;10
882.0;11;16;4;23;75;23;8;18;12
888.0;11;17;4;24;75;21;8;18;12
894.0;11;15;5;23;78;22;9;17;10
900.0;9;15;5;23;78;23;10;17;10
906.0;10;15;5;23;79;24;8;16;10
912.0;10;16;5;23;77;25;9;16;9
918.0;9;16;5;25;78;24;5;20;8
924.0;8;17;6;22;79;24;5;20;9
930.0;10;19;5;22;79;23;3;19;10
936.0;11;17;6;20;80;24;4;18;10
942.0;10;15;5;22;81;24;6;18;9
948.0;9;17;7;20;81;22;7;19;8
954.0;10;19;7;20;81;20;7;17;9
960.0;8;19;9;20;81;21;6;16;10
966.0;6;18;10;21;84;21;6;16;8
972.0;6;18;12;21;84;20;7;15;7
978.0;5;18;14;20;80;23;7;16;7
984.0;7;19;12;20;81;23;6;15;7
990.0;7;18;12;19;81;22;7;16;8
996.0;8;19;12;16;82;21;8;15;9
1002.0;7;19;13;16;82;20;8;16;9
1008.0;8;19;14;16;82;17;9;16;9
1014.0;7;20;14;17;81;18;9;16;8
1020.0;7;20;14;16;80;18;11;15;9
1026.0;7;18;15;17;78;18;11;15;11
1032.0;10;18;14;15;80;17;10;15;11
1038.0;11;20;13;16;80;16;9;14;11
1044.0;11;20;10;16;81;18;12;13;9
1050.0;11;20;12;14;80;19;12;15;7
1056.0;12;19;11;18;79;18;10;16;7
1062.0;11;22;12;19;77;19;7;17;6
1068.0;12;20;12;18;80;19;7;17;5
1074.0;12;20;13;18;80;18;6;18;5
1080.0;12;19;14;19;79;18;4;19;6
1086.0;12;19;14;24;75;18;2;19;7
1092.0;10;18;15;25;75;16;4;19;8
1098.0;11;16;12;27;76;14;7;18;9
1104.0;9;17;11;28;78;13;4;18;12
1110.0;9;15;12;27;78;14;5;19;11
1116.0;8;15;11;27;79;14;5;18;13
1122.0;8;16;11;28;78;14;6;18;11
1128.0;8;15;11;28;78;14;6;19;11
1134.0;11;15;9;27;79;14;6;17;12
1140.0;10;14;7;28;79;13;6;19;14
1146.0;8;16;7;28;78;13;7;18;15
1152.0;6;17;9;28;78;13;7;19;13
1158.0;6;18;6;28;78;15;8;20;11
1164.0;8;20;6;29;74;16;8;18;11
1170.0;7;21;6;29;74;18;5;19;11
1176.0;8;20;8;29;73;17;7;19;9
1182.0;8;18;6;28;75;19;7;19;10
1188.0;6;18;6;28;75;18;6;19;14
1194.0;9;18;6;24;76;16;6;20;15
1200.0;9;19;6;26;76;15;7;19;13
1206.0;9;19;7;25;76;15;7;21;11
1212.0;8;19;8;23;76;16;8;21;11
1218.0;7;19;9;22;76;15;9;23;10
1224.0;8;20;9;20;77;15;9;24;8
1230.0;7;19;9;20;79;17;9;22;8
1236.0;7;17;8;20;82;16;9;22;9
1242.0;7;16;7;20;80;17;8;23;12
1248.0;4;16;9;20;80;16;10;23;12
1254.0;5;16;10;20;81;14;10;23;11
1260.0;4;17;9;20;82;13;9;25;11
1266.0;2;17;10;20;84;12;8;25;12
1272.0;1;17;11;21;83;11;8;25;13
1278.0;3;17;10;20;83;11;9;25;12
1284.0;3;18;8;21;84;11;9;24;12
1290.0;3;17;8;21;85;12;9;22;13
1296.0;3;17;9;21;85;13;9;21;12
1302.0;3;17;9;21;86;13;10;20;11
1308.0;4;15;10;20;85;14;11;22;9
1314.0;4;17;9;22;84;13;10;22;9
1320.0;4;17;8;23;83;14;11;22;8
1326.0;6;19;8;22;85;12;11;21;6
1332.0;6;19;6;22;88;11;12;19;7
1338.0;6;21;5;22;89;10;10;19;8
1344.0;7;23;4;22;87;10;10;19;8
1350.0;5;22;5;21;89;9;8;21;10
1356.0;4;22;7;23;89;9;7;21;8
1362.0;6;20;6;23;88;8;8;22;9
1368.0;7;20;7;23;87;7;8;23;8
1374.0;8;20;7;20;89;6;7;24;9
1380.0;9;20;6;20;88;6;7;25;9
1386.0;9;21;6;19;89;8;7;23;8
1392.0;9;22;4;19;90;8;7;23;8
1398.0;10;22;3;20;91;9;7;22;6
1404.0;10;23;4;19;88;11;6;23;6
1410.0;8;26;6;17;89;12;5;21;6
1416.0;8;26;8;17;88;10;5;23;5
1422.0;8;25;8;14;88;12;7;22;6
1428.0;8;25;7;14;88;12;7;23;6
1434.0;7;25;10;14;88;11;6;23;6
1440.0;7;25;10;14;88;11;5;25;5
1446.0;8;25;10;14;89;10;4;25;5
1452.0;6;23;8;14;90;13;5;22;9
1458.0;8;21;8;14;88;12;7;23;9
1464.0;7;21;9;14;87;14;9;22;7
1470.0;6;21;8;12;87;17;9;22;8
1476.0;4;21;7;13;86;19;11;21;8
1482.0;5;22;5;13;86;19;11;21;8
1488.0;7;23;6;14;86;18;8;20;8
1494.0;8;24;6;13;87;18;8;19;7
1500.0;9;24;6;12;87;20;7;18;7
1506.0;8;24;8;15;87;21;5;17;5
1512.0;8;23;8;15;88;21;5;17;5
1518.0;10;21;9;15;88;20;4;18;5
1524.0;8;20;12;18;89;18;5;17;3
1530.0;6;21;11;18;89;18;8;17;2
1536.0;6;20;12;19;90;18;9;13;3
1542.0;6;21;11;19;91;18;8;13;3
1548.0;6;19;9;18;93;19;9;13;4
1554.0;8;20;7;17;94;19;7;14;4
1560.0;7;19;7;19;97;20;6;13;2
1566.0;9;19;7;20;98;19;5;13;0
1572.0;12;19;7;18;97;17;5;15;0
1578.0;11;20;7;18;96;18;5;15;0
1584.0;12;21;6;17;97;16;5;14;2
1590.0;11;22;6;15;96;17;4;17;2
1596.0;10;22;6;14;97;17;5;17;2
1602.0;11;20;6;14;95;17;5;19;3
1608.0;11;19;7;13;93;15;7;20;5
1614.0;11;19;7;12;94;15;7;20;5
1620.0;11;18;8;12;95;16;7;20;3
1626.0;10;17;8;12;95;15;6;23;4
1632.0;9;17;8;12;95;16;9;22;2
1638.0;9;17;8;13;95;15;9;23;1
1644.0;9;17;6;14;93;15;9;24;3
1650.0;9;18;6;15;93;14;7;23;5
1656.0;7;17;6;16;94;14;8;22;6
1662.0;5;17;7;17;94;14;7;23;6
1668.0;5;17;8;17;95;13;7;22;6
1674.0;5;17;9;16;95;13;6;23;6
1680.0;3;16;11;17;95;12;7;23;6
1686.0;3;17;9;18;95;13;9;21;5
1692.0;3;16;9;22;96;13;8;18;5
1698.0;3;15;10;22;96;12;9;19;4
1704.0;3;14;10;23;94;11;9;19;7
1710.0;2;13;10;23;93;12;10;18;9
1716.0;2;13;12;21;94;11;10;19;8
1722.0;4;11;11;21;93;12;10;19;9
1728.0;3;11;11;24;92;11;12;18;8
1734.0;1;11;12;24;91;11;12;19;9
1740.0;1;9;14;22;92;11;12;19;10
1746.0;4;8;11;21;92;12;12;20;10
1752.0;4;7;12;19;92;14;11;22;9
1758.0;6;7;9;19;91;13;12;23;10
1764.0;6;8;8;20;91;12;13;22;10
1770.0;7;7;8;22;93;14;10;19;10
1776.0;9;8;8;17;92;16;11;17;12
1782.0;9;9;6;16;92;17;14;16;11
1788.0;9;8;5;17;92;17;15;16;11
1794.0;7;10;5;20;90;18;14;14;12
