#auto generated file!
12.0;36;41;36;44;33;56;46;38;30
18.0;37;46;34;43;36;55;40;41;28
24.0;36;46;34;39;38;59;36;45;27
30.0;32;48;34;42;40;58;32;47;27
36.0;33;45;32;39;42;60;30;51;28
42.0;32;44;30;41;45;57;32;53;26
48.0;28;45;30;40;48;51;35;56;27
54.0;31;48;31;41;47;52;33;53;24
60.0;31;49;27;38;48;53;33;54;27
66.0;32;48;27;36;50;52;33;57;25
72.0;36;48;25;35;56;52;32;55;21
78.0;31;50;23;37;59;57;31;52;20
84.0;29;51;19;37;60;57;32;52;23
90.0;28;56;17;37;62;57;30;50;23
96.0;28;53;16;38;65;55;29;51;25
102.0;27;54;16;39;67;54;30;48;25
108.0;27;55;16;40;67;52;29;50;24
114.0;26;52;20;38;67;54;31;49;23
120.0;23;51;20;39;70;57;32;48;20
126.0;23;48;19;41;71;53;34;51;20
132.0;21;43;23;40;76;53;32;54;18
138.0;20;42;24;42;77;50;30;55;20
144.0;20;38;24;46;80;46;30;53;23
150.0;20;37;26;48;80;42;28;54;25
156.0;22;38;24;47;81;43;25;55;25
162.0;23;33;27;47;85;40;27;52;26
168.0;24;36;28;48;84;40;26;49;25
174.0;25;36;27;43;86;41;26;52;24
180.0;26;37;27;42;89;38;26;53;22
186.0;24;39;29;41;92;38;27;51;19
192.0;25;40;30;39;91;38;27;51;19
198.0;23;40;29;41;93;38;24;50;22
204.0;24;39;29;43;93;36;27;49;20
210.0;25;39;27;38;91;39;26;48;27
216.0;25;43;25;40;88;41;25;45;28
222.0;24;43;27;38;93;41;21;46;27
228.0;22;46;28;39;95;38;19;48;25
234.0;21;44;29;38;97;40;16;53;22
240.0;19;42;30;37;97;40;17;53;25
246.0;17;40;28;39;99;42;19;52;24
252.0;15;39;28;38;99;44;21;51;25
258.0;15;37;25;39;99;45;22;53;25
264.0;16;38;22;38;101;44;24;53;24
270.0;18;39;24;38;104;43;19;52;23
276.0;17;39;26;37;105;42;22;50;22
282.0;16;42;24;36;107;41;24;48;22
288.0;15;42;23;35;107;41;25;48;24
294.0;16;43;22;33;110;40;26;48;22
300.0;15;44;19;33;110;38;24;54;23
306.0;15;44;20;35;111;38;22;53;22
312.0;16;41;21;38;111;41;18;54;20
318.0;16;44;22;35;111;43;17;54;18
324.0;17;45;22;37;113;42;18;50;16
330.0;17;45;21;36;114;39;18;51;19
336.0;17;42;21;36;115;43;18;52;16
342.0;17;44;24;35;115;43;16;51;15
348.0;17;47;22;37;116;44;16;47;14
354.0;20;47;19;38;115;45;15;46;15
360.0;21;47;20;39;117;42;17;44;13
366.0;19;49;22;39;117;42;19;43;10
372.0;19;47;22;39;120;40;19;44;10
378.0;15;45;21;43;121;37;20;46;12
384.0;14;48;20;45;123;37;17;45;11
390.0;16;45;17;42;124;38;18;45;15
396.0;15;46;18;44;125;38;15;45;14
402.0;14;45;18;40;127;42;14;44;16
408.0;16;44;19;39;129;42;11;44;16
414.0;13;43;22;38;129;42;11;44;18
420.0;11;43;21;42;129;42;14;42;16
426.0;12;47;21;41;128;40;16;38;17
432.0;13;48;22;39;126;43;19;33;17
438.0;12;51;20;40;129;44;18;31;15
444.0;12;55;17;42;128;43;18;31;14
450.0;15;56;15;43;126;42;16;30;17
456.0;11;58;17;43;126;41;16;30;18
462.0;12;55;16;44;129;42;13;31;18
468.0;11;54;19;44;129;39;11;34;19
474.0;11;53;20;43;131;37;12;33;20
480.0;8;57;20;43;133;36;11;32;20
486.0;7;56;20;43;138;36;9;32;19
492.0;7;55;17;43;138;38;12;32;18
498.0;7;50;20;45;139;38;14;30;17
504.0;9;47;20;46;140;37;13;28;20
510.0;11;45;22;46;140;37;15;26;18
516.0;10;45;21;43;141;39;14;28;19
522.0;10;45;19;44;143;41;13;28;17
528.0;9;46;20;44;141;39;14;29;18
534.0;11;46;20;41;141;38;15;31;17
540.0;12;47;18;41;142;37;16;32;15
546.0;13;46;18;39;141;38;17;32;16
552.0;13;47;15;37;142;39;18;33;16
558.0;15;44;14;38;142;40;17;35;15
564.0;15;43;14;35;145;38;17;37;16
570.0;17;44;13;34;147;36;15;36;18
576.0;17;45;13;35;146;33;15;35;21
582.0;14;43;13;34;146;35;18;35;22
588.0;14;43;13;34;146;35;17;36;22
594.0;15;41;16;34;145;36;18;34;21
600.0;18;38;17;32;144;38;22;34;17
606.0;16;39;15;31;145;39;22;34;19
612.0;15;39;16;31;144;39;20;36;20
618.0;15;38;18;31;146;37;18;37;20
624.0;15;38;21;31;146;36;18;37;18
630.0;14;38;18;31;147;37;19;37;19
636.0;15;36;21;29;147;36;17;39;20
642.0;15;37;18;31;146;37;17;39;20
648.0;14;38;18;33;146;37;17;36;21
654.0;12;35;20;35;146;38;17;35;22
660.0;13;35;17;33;145;38;19;37;23
666.0;11;37;17;33;148;39;17;34;24
672.0;12;35;17;33;150;37;19;34;23
678.0;12;39;18;34;151;36;15;33;22
684.0;12;39;17;34;153;37;15;33;20
690.0;13;39;17;31;150;38;20;33;19
696.0;12;39;17;31;151;37;18;34;21
702.0;16;37;16;32;153;39;16;33;18
708.0;15;37;17;34;152;36;16;34;19
714.0;14;36;16;33;152;38;17;34;20
720.0;12;37;19;32;152;39;17;34;18
726.0;12;38;17;32;151;39;18;35;18
732.0;12;36;19;34;153;39;18;32;17
738.0;14;37;14;35;150;38;20;34;18
744.0;9;36;11;37;154;39;24;33;17
750.0;13;37;11;38;154;38;20;35;14
756.0;14;38;14;36;155;40;19;32;12
762.0;15;38;14;36;154;40;21;31;11
768.0;16;38;14;34;155;40;19;33;11
774.0;17;34;15;34;158;40;19;34;9
780.0;17;37;13;36;160;37;18;34;8
786.0;17;35;11;36;161;37;20;33;10
792.0;17;36;8;38;160;37;20;33;11
798.0;17;35;11;35;163;36;18;33;12
804.0;20;33;13;37;163;33;14;34;13
810.0;20;34;13;36;165;32;15;35;10
816.0;21;33;14;34;165;32;14;37;10
822.0;19;31;14;33;166;34;15;35;13
828.0;17;34;14;33;165;35;15;35;12
834.0;18;34;14;35;165;32;14;33;15
840.0;19;32;14;34;164;31;15;35;16
846.0;19;31;17;35;164;32;14;34;14
852.0;18;31;15;36;165;30;13;36;16
858.0;16;31;15;35;165;31;12;37;18
864.0;16;31;13;34;165;35;11;38;17
870.0;16;32;13;36;164;34;10;36;19
876.0;16;32;13;33;164;34;8;38;22
882.0;17;33;17;34;163;31;7;38;20
888.0;17;36;13;31;163;31;8;41;20
894.0;17;34;13;30;162;32;9;42;21
900.0;16;36;13;31;162;30;9;43;20
906.0;17;35;14;32;165;29;10;40;18
912.0;16;34;12;32;167;32;9;38;20
918.0;17;33;12;32;167;34;9;37;19
924.0;19;32;10;30;168;33;8;39;21
930.0;18;30;11;32;167;31;11;36;24
936.0;17;32;14;34;166;29;11;36;21
942.0;16;34;17;34;166;31;9;32;21
948.0;14;37;18;34;166;31;9;34;17
954.0;15;37;17;33;166;30;12;33;17
960.0;20;34;15;33;166;32;12;31;17
966.0;19;32;13;34;168;32;13;33;16
972.0;22;32;14;35;165;32;13;30;17
978.0;22;31;15;33;168;35;12;28;16
984.0;22;27;17;33;164;34;15;30;18
990.0;24;27;15;31;165;37;15;31;15
996.0;22;27;14;34;166;34;17;30;16
1002.0;19;27;16;32;165;37;17;30;17
1008.0;19;25;19;30;167;34;17;31;18
1014.0;19;21;19;28;174;32;17;32;18
1020.0;22;20;20;29;174;29;16;33;17
1026.0;20;24;20;28;173;31;15;32;17
1032.0;20;24;20;30;170;29;17;30;20
1038.0;21;25;19;30;168;29;16;32;20
1044.0;23;25;20;31;165;31;17;29;19
1050.0;19;27;18;28;162;33;22;32;19
1056.0;19;26;18;25;166;34;23;31;18
1062.0;19;27;15;25;168;31;27;31;17
1068.0;17;24;15;27;171;29;29;31;17
1074.0;17;24;13;25;171;31;30;30;19
1080.0;15;27;14;24;169;37;28;29;17
1086.0;14;28;14;23;171;37;27;30;16
1092.0;14;25;14;19;171;39;26;33;19
1098.0;13;24;15;20;173;41;24;29;21
1104.0;13;24;17;20;174;40;24;27;21
1110.0;14;23;18;20;173;40;24;27;21
1116.0;15;24;16;22;175;40;22;26;20
1122.0;15;27;17;24;172;43;21;24;17
1128.0;16;27;15;27;172;45;18;23;17
1134.0;15;28;18;26;174;43;19;23;14
1140.0;17;25;18;25;175;46;17;23;14
1146.0;18;25;19;24;175;44;16;25;14
1152.0;14;26;18;23;176;46;17;27;13
1158.0;15;29;16;24;177;46;16;26;11
1164.0;13;32;18;23;178;46;12;26;12
1170.0;12;31;16;24;178;48;14;26;11
1176.0;12;30;16;23;179;48;14;28;10
1182.0;12;31;17;22;178;47;13;30;10
1188.0;13;30;18;22;178;44;13;31;11
1194.0;12;30;16;24;177;44;14;33;10
1200.0;11;28;17;25;177;44;18;33;7
1206.0;11;30;15;23;176;46;20;32;7
1212.0;14;29;14;25;175;47;18;32;6
1218.0;16;31;12;25;174;49;14;32;7
1224.0;14;31;14;25;171;48;15;36;6
1230.0;12;31;15;25;170;48;16;37;6
1236.0;14;29;13;27;174;47;17;33;6
1242.0;13;28;16;27;173;46;13;37;7
1248.0;15;26;15;29;173;45;17;34;6
1254.0;12;27;15;30;172;44;18;35;7
1260.0;11;30;16;31;173;40;18;32;9
1266.0;10;33;16;28;173;40;19;30;11
1272.0;9;33;16;29;173;40;18;29;13
1278.0;8;34;16;32;169;43;16;27;15
1284.0;8;35;20;30;167;42;16;25;17
1290.0;8;33;20;28;170;43;18;24;16
1296.0;11;31;20;30;170;42;18;21;17
1302.0;12;31;23;30;167;43;18;21;15
1308.0;12;30;22;27;169;46;16;23;15
1314.0;13;31;19;29;169;45;19;21;14
1320.0;15;33;18;28;167;44;19;21;15
1326.0;12;34;17;29;166;44;20;22;16
1332.0;11;34;17;31;164;44;20;23;16
1338.0;14;31;18;32;164;43;22;23;13
1344.0;16;28;20;29;166;45;20;23;13
1350.0;18;30;21;30;166;42;18;21;14
1356.0;16;30;22;31;165;42;19;21;14
1362.0;14;31;24;34;166;35;19;22;15
1368.0;15;32;23;35;166;31;19;22;17
1374.0;12;32;21;35;167;31;22;24;16
1380.0;11;33;20;34;168;35;20;23;16
1386.0;15;33;19;34;168;35;18;24;14
1392.0;15;34;21;37;168;35;17;22;11
1398.0;14;37;19;37;169;32;15;22;15
1404.0;13;35;18;36;172;34;15;22;15
1410.0;15;34;17;34;173;37;15;20;15
1416.0;15;34;18;33;176;36;12;20;16
1422.0;16;35;18;34;175;35;10;20;17
1428.0;15;33;17;36;172;36;11;21;19
1434.0;16;33;17;37;171;35;9;21;21
1440.0;15;33;16;36;171;35;10;23;21
1446.0;16;33;16;34;172;32;10;26;21
1452.0;17;35;15;40;169;31;13;22;18
1458.0;18;33;16;40;167;32;13;22;19
1464.0;20;34;13;40;167;30;13;23;20
1470.0;22;36;10;37;169;32;12;24;18
1476.0;20;36;11;34;170;32;11;27;19
1482.0;19;35;12;34;171;31;11;27;20
1488.0;20;34;12;32;171;29;13;28;21
1494.0;18;33;13;32;172;34;12;29;17
1500.0;17;34;13;33;169;35;12;30;17
1506.0;16;35;13;32;172;35;9;30;18
1512.0;15;34;15;32;172;38;9;28;17
1518.0;14;35;14;34;171;39;9;26;18
1524.0;14;35;15;32;171;44;7;24;18
1530.0;14;35;17;29;172;42;8;22;21
1536.0;14;30;20;28;176;40;8;22;22
1542.0;14;31;22;28;176;37;10;23;19
1548.0;14;31;24;26;176;35;11;23;20
1554.0;13;34;24;25;177;33;10;27;17
1560.0;13;31;23;26;178;36;10;26;17
1566.0;12;30;21;26;179;38;12;25;17
1572.0;13;29;20;26;181;38;13;24;16
1578.0;14;30;20;25;178;39;14;23;17
1584.0;14;32;18;22;179;38;13;25;19
1590.0;16;31;13;25;176;41;13;25;20
1596.0;16;29;15;25;178;42;11;25;19
1602.0;17;28;14;25;179;41;11;26;19
1608.0;18;29;14;27;176;42;11;26;17
1614.0;20;33;11;26;177;40;10;29;14
1620.0;21;34;8;27;175;38;13;29;15
1626.0;19;35;9;26;174;38;13;31;15
1632.0;18;38;9;26;176;39;11;31;12
1638.0;20;37;10;27;176;36;10;33;11
1644.0;21;35;8;31;176;35;11;33;10
1650.0;21;36;8;29;175;36;12;33;10
1656.0;18;36;9;28;174;36;15;32;12
1662.0;18;39;7;25;174;37;14;32;14
1668.0;19;39;8;24;174;36;12;33;15
1674.0;21;39;8;25;176;36;9;31;15
1680.0;19;39;10;28;174;34;8;33;15
1686.0;13;36;10;30;176;34;10;37;14
1692.0;12;33;9;31;179;36;10;35;15
1698.0;12;35;9;30;177;36;10;36;15
1704.0;13;36;8;28;183;33;9;35;15
1710.0;14;36;7;27;183;33;12;34;14
1716.0;11;36;7;26;183;36;11;35;15
1722.0;11;35;9;26;182;38;12;34;13
1728.0;10;34;12;29;175;39;13;34;14
1734.0;10;33;15;30;176;38;12;32;14
1740.0;10;33;15;32;173;37;16;30;14
1746.0;11;32;14;33;172;36;17;32;13
1752.0;14;29;16;33;172;34;18;32;12
1758.0;14;30;16;34;172;36;16;30;12
1764.0;12;30;18;35;169;38;17;30;11
1770.0;10;31;19;31;170;37;18;34;10
1776.0;12;31;19;32;164;38;15;39;10
1782.0;12;29;20;32;161;39;16;40;11
1788.0;13;32;20;31;162;35;18;39;10
1794.0;13;34;19;30;161;36;17;40;10
