#auto generated file!
12.0;36;32;34;36;38;35;41;34;34
18.0;36;31;29;35;42;37;40;38;32
24.0;33;32;26;37;43;39;38;39;33
30.0;33;31;24;43;42;41;35;42;29
36.0;33;35;26;45;42;42;28;41;28
42.0;34;35;23;49;44;40;25;42;28
48.0;30;36;25;47;47;41;25;40;29
54.0;27;37;26;46;46;44;27;40;27
60.0;28;39;27;45;49;42;22;40;28
66.0;27;40;29;44;53;44;20;40;23
72.0;26;38;29;44;53;46;20;40;24
78.0;25;38;27;45;53;48;24;38;22
84.0;23;35;26;46;57;49;24;41;19
90.0;23;38;27;44;59;46;22;38;23
96.0;23;35;26;44;61;46;23;41;21
102.0;22;37;26;44;62;45;21;42;21
108.0;19;38;23;45;65;47;21;42;20
114.0;20;38;22;47;66;46;19;41;21
120.0;21;43;18;47;68;44;21;38;20
126.0;25;40;22;45;70;45;18;35;20
132.0;22;38;26;41;74;47;17;36;19
138.0;22;39;26;40;76;46;15;34;22
144.0;25;38;27;39;76;46;15;33;21
150.0;24;37;28;38;75;47;16;34;21
156.0;23;36;28;40;75;49;15;33;21
162.0;24;31;29;40;75;52;16;34;19
168.0;23;33;30;39;76;50;18;34;17
174.0;21;32;28;40;77;49;20;35;18
180.0;21;35;24;39;79;49;20;37;16
186.0;22;33;28;37;80;48;16;36;20
192.0;21;35;23;38;81;49;16;37;20
198.0;19;34;22;35;84;50;17;38;21
204.0;19;33;24;34;89;49;17;35;20
210.0;21;31;23;37;89;48;19;36;16
216.0;24;34;25;37;90;42;20;31;17
222.0;27;34;25;36;91;40;17;30;20
228.0;27;33;23;35;91;44;18;32;17
234.0;24;32;24;34;93;45;18;32;18
240.0;23;30;25;33;95;41;22;33;18
246.0;23;31;28;31;95;42;18;34;18
252.0;23;32;26;30;96;42;21;32;18
258.0;23;35;22;31;97;40;22;31;19
264.0;21;34;21;34;97;39;23;31;20
270.0;18;35;21;33;99;37;27;32;18
276.0;18;36;23;36;96;37;26;31;17
282.0;19;38;20;34;98;37;28;28;18
288.0;20;40;18;34;99;35;29;29;16
294.0;21;38;23;35;99;30;24;30;20
300.0;17;37;22;38;101;31;24;30;20
306.0;18;40;21;37;104;28;24;28;20
312.0;15;40;18;36;107;29;23;29;23
318.0;12;41;17;39;109;26;26;26;24
324.0;11;41;16;41;111;27;24;26;23
330.0;13;40;16;39;114;27;22;25;24
336.0;12;40;16;39;114;28;19;27;25
342.0;14;40;17;41;111;28;19;29;21
348.0;14;39;18;40;108;30;20;29;22
354.0;15;40;18;37;110;33;20;29;18
360.0;15;39;20;34;112;33;20;27;20
366.0;12;43;22;36;112;33;18;29;15
372.0;14;41;20;39;110;35;15;30;16
378.0;17;38;20;39;109;35;15;30;17
384.0;17;38;19;39;107;36;17;31;16
390.0;15;39;19;39;111;37;16;31;13
396.0;13;36;19;37;114;38;17;35;11
402.0;16;36;15;37;115;38;17;35;11
408.0;15;36;17;36;116;36;17;34;13
414.0;16;36;16;39;117;38;13;33;12
420.0;15;36;16;39;117;38;15;30;14
426.0;15;36;16;40;116;38;17;29;13
432.0;16;33;19;35;120;38;18;28;13
438.0;18;26;18;36;124;38;17;31;12
444.0;18;26;18;37;126;33;18;33;11
450.0;18;27;17;36;127;30;21;32;12
456.0;23;28;16;37;126;31;17;32;10
462.0;20;28;16;38;126;32;19;31;10
468.0;17;27;17;40;125;34;18;32;10
474.0;16;27;15;38;129;34;18;33;10
480.0;14;28;14;35;130;36;21;32;10
486.0;15;29;13;37;128;34;19;33;12
492.0;16;32;11;38;125;34;19;35;10
498.0;16;30;11;37;129;34;20;34;9
504.0;16;31;11;32;130;34;20;36;10
510.0;18;28;9;29;132;33;22;37;12
516.0;15;26;11;31;132;32;22;36;15
522.0;17;27;15;28;131;32;19;33;18
528.0;15;30;16;31;130;34;18;32;14
534.0;18;30;16;29;127;36;17;32;15
540.0;15;30;18;29;128;34;14;33;19
546.0;16;33;18;27;131;34;13;32;16
552.0;16;33;19;27;130;36;12;31;16
558.0;13;35;18;28;132;34;12;33;15
564.0;11;36;19;27;134;36;12;30;15
570.0;10;33;19;27;137;34;13;31;16
576.0;12;30;18;28;138;35;12;32;15
582.0;12;30;19;29;137;37;10;31;15
588.0;12;30;19;31;135;37;12;33;11
594.0;13;33;18;33;134;37;12;29;11
600.0;12;33;21;33;135;34;13;28;11
606.0;11;34;20;34;137;34;11;30;9
612.0;12;32;20;34;139;35;11;27;10
618.0;15;31;19;34;139;32;12;27;11
624.0;10;36;19;33;138;32;14;27;11
630.0;9;35;19;33;138;33;15;28;10
636.0;8;35;17;36;138;32;14;30;10
642.0;8;33;16;38;139;33;14;29;10
648.0;7;31;17;39;139;33;16;29;9
654.0;5;32;20;41;140;33;15;26;8
660.0;4;32;19;40;140;35;15;26;9
666.0;5;33;16;38;141;35;16;27;9
672.0;6;34;15;37;142;31;14;29;12
678.0;5;34;17;38;143;30;14;29;10
684.0;5;32;17;37;145;31;15;27;11
690.0;6;33;16;36;145;31;14;27;12
696.0;7;33;16;36;145;32;15;26;10
702.0;8;30;19;37;145;30;17;24;10
708.0;8;30;21;36;145;31;17;23;9
714.0;9;32;25;32;141;31;16;25;9
720.0;11;33;20;32;141;33;16;24;10
726.0;13;32;23;32;141;31;14;22;12
732.0;14;30;23;31;142;28;18;22;12
738.0;15;31;22;33;143;30;14;22;10
744.0;15;33;22;36;143;29;13;19;10
750.0;15;31;21;38;141;28;16;21;9
756.0;15;31;19;40;143;27;17;19;9
762.0;15;30;15;41;143;29;17;19;11
768.0;14;31;17;40;143;30;17;18;10
774.0;12;32;16;40;141;29;21;18;11
780.0;13;33;15;41;140;30;19;20;9
786.0;11;33;15;39;140;31;18;23;10
792.0;14;31;15;38;140;28;16;27;11
798.0;16;27;14;40;139;30;16;27;11
804.0;17;27;14;38;139;29;16;27;13
810.0;14;28;17;36;140;29;17;28;11
816.0;17;26;17;35;141;29;15;29;11
822.0;18;28;17;32;140;30;16;25;14
828.0;17;30;16;29;140;32;17;25;14
834.0;17;30;16;27;138;35;18;25;14
840.0;22;27;15;25;138;36;17;24;16
846.0;20;27;13;25;139;36;19;26;15
852.0;18;27;15;24;140;33;16;28;19
858.0;17;28;18;25;139;32;11;30;20
864.0;15;28;17;23;140;33;12;30;22
870.0;15;28;18;25;142;31;12;30;19
876.0;12;27;18;25;144;31;12;29;22
882.0;15;27;18;27;143;31;11;24;24
888.0;15;31;18;26;141;31;11;23;24
894.0;15;30;16;28;141;30;11;24;25
900.0;16;31;15;29;141;30;10;25;23
906.0;16;29;16;30;141;29;12;24;23
912.0;17;31;17;27;137;31;13;25;22
918.0;17;32;18;27;136;29;15;25;21
924.0;16;32;21;27;135;27;15;24;23
930.0;17;32;18;26;136;28;17;21;25
936.0;16;32;22;27;135;28;19;19;22
942.0;16;33;24;26;135;29;18;19;20
948.0;15;33;25;30;136;27;19;19;16
954.0;16;33;24;33;138;26;18;19;13
960.0;16;33;19;32;138;26;21;19;16
966.0;16;32;19;30;138;28;22;18;17
972.0;15;31;19;30;138;29;25;18;15
978.0;16;31;17;26;138;29;30;18;15
984.0;15;30;18;26;139;27;31;19;15
990.0;17;30;17;28;136;27;31;21;13
996.0;16;30;21;27;134;28;30;24;10
1002.0;18;31;21;26;137;28;29;22;8
1008.0;17;31;18;27;139;27;27;25;9
1014.0;18;30;15;27;141;28;28;25;8
1020.0;19;31;16;25;141;29;25;25;9
1026.0;18;31;17;25;141;29;25;26;8
1032.0;19;30;14;24;142;29;23;30;9
1038.0;22;29;16;24;143;30;19;29;8
1044.0;23;28;16;24;146;28;18;29;8
1050.0;23;28;16;26;146;27;17;29;8
1056.0;18;30;14;28;148;30;16;31;5
1062.0;18;30;17;30;148;28;13;30;6
1068.0;19;26;18;29;147;32;11;33;5
1074.0;18;26;16;27;148;33;13;33;6
1080.0;19;29;15;27;147;34;12;31;6
1086.0;18;30;15;27;145;33;10;33;9
1092.0;18;26;18;30;145;30;9;32;12
1098.0;18;25;18;29;145;29;12;33;11
1104.0;18;28;18;26;144;26;14;33;13
1110.0;17;26;18;28;145;27;15;32;12
1116.0;15;25;18;29;147;27;16;32;11
1122.0;15;26;18;29;148;28;16;32;8
1128.0;13;28;18;30;147;29;13;35;7
1134.0;12;29;20;30;148;29;10;33;9
1140.0;12;30;19;28;143;31;11;34;12
1146.0;17;31;17;27;139;31;10;35;13
1152.0;18;31;16;25;139;32;12;35;12
1158.0;18;29;17;27;141;28;12;39;9
1164.0;18;31;17;27;141;27;12;37;10
1170.0;18;31;14;27;141;27;15;37;10
1176.0;17;31;13;26;139;27;19;36;12
1182.0;18;32;12;28;138;27;18;34;13
1188.0;16;31;13;27;140;27;20;34;12
1194.0;19;33;10;25;141;26;19;36;11
1200.0;22;32;10;26;142;26;16;35;11
1206.0;21;30;9;27;143;28;19;34;9
1212.0;20;29;8;26;143;30;20;35;9
1218.0;21;27;8;24;142;30;22;37;9
1224.0;20;27;8;23;141;31;21;37;12
1230.0;21;26;8;22;140;31;21;37;14
1236.0;18;29;8;24;139;31;20;38;13
1242.0;17;27;8;27;140;32;20;36;13
1248.0;19;28;10;22;141;33;17;37;13
1254.0;19;28;12;23;141;32;16;36;13
1260.0;19;27;11;23;143;33;16;36;12
1266.0;18;27;13;25;144;33;14;34;12
1272.0;16;26;12;24;145;34;15;33;15
1278.0;17;26;13;24;142;31;18;35;14
1284.0;18;24;13;23;145;30;18;37;12
1290.0;19;23;13;22;144;31;16;37;15
1296.0;20;23;13;23;142;32;16;35;16
1302.0;18;23;13;23;143;32;18;35;15
1308.0;17;24;10;23;145;31;18;38;14
1314.0;16;26;12;23;146;32;17;38;10
1320.0;16;27;14;21;146;30;17;39;10
1326.0;17;27;13;22;146;30;18;37;10
1332.0;16;28;13;21;144;28;20;40;10
1338.0;15;29;14;21;144;29;18;38;12
1344.0;17;29;14;21;145;27;20;35;12
1350.0;16;30;17;19;143;25;20;38;12
1356.0;17;26;16;19;145;26;20;38;13
1362.0;16;28;18;18;146;28;16;35;15
1368.0;15;29;18;18;149;28;16;32;15
1374.0;14;29;17;20;149;28;15;31;17
1380.0;12;30;17;20;150;29;14;30;18
1386.0;12;30;16;19;148;26;16;33;20
1392.0;11;31;14;20;147;28;16;34;19
1398.0;11;33;13;22;149;26;12;36;18
1404.0;11;33;14;21;152;26;10;36;17
1410.0;9;33;13;24;149;23;12;39;18
1416.0;9;35;13;25;148;22;10;38;20
1422.0;12;34;13;23;150;25;9;36;18
1428.0;11;33;14;23;153;27;8;35;16
1434.0;14;32;12;22;151;29;8;34;18
1440.0;12;31;14;22;151;29;7;35;19
1446.0;12;28;14;23;151;31;8;34;19
1452.0;11;28;14;26;152;30;9;32;18
1458.0;11;28;13;27;156;28;8;29;20
1464.0;15;26;16;28;158;28;5;26;18
1470.0;10;23;18;27;156;32;8;27;19
1476.0;9;22;18;28;158;33;7;28;17
1482.0;9;24;19;28;159;30;8;25;18
1488.0;11;22;22;28;157;28;11;24;17
1494.0;11;22;24;28;158;28;13;22;14
1500.0;12;21;23;28;160;27;13;24;12
1506.0;12;22;21;29;159;27;14;25;11
1512.0;13;19;20;30;157;29;14;26;12
1518.0;16;21;22;30;157;26;14;23;11
1524.0;15;24;23;28;155;26;14;23;12
1530.0;15;23;26;26;155;29;14;21;11
1536.0;15;25;26;23;156;29;14;22;10
1542.0;14;27;25;24;151;30;15;22;12
1548.0;14;26;25;24;152;30;15;24;10
1554.0;13;27;25;24;154;29;15;22;11
1560.0;14;28;24;25;153;29;15;20;12
1566.0;15;27;24;27;150;30;14;23;10
1572.0;15;28;25;25;148;31;12;24;12
1578.0;16;31;28;25;149;28;12;22;9
1584.0;15;32;26;24;145;30;12;24;12
1590.0;15;31;24;24;146;29;14;24;13
1596.0;14;31;25;23;145;31;15;24;12
1602.0;13;26;25;25;147;28;18;25;13
1608.0;14;23;26;25;148;29;19;22;14
1614.0;16;23;24;25;149;28;19;22;14
1620.0;17;22;27;25;145;28;21;23;12
1626.0;16;24;27;25;146;28;19;23;12
1632.0;16;24;26;25;147;26;18;24;14
1638.0;17;24;25;28;145;29;19;23;10
1644.0;9;26;24;30;147;29;20;25;10
1650.0;6;30;23;30;150;30;18;24;9
1656.0;7;31;22;31;150;30;15;26;8
1662.0;8;31;23;30;150;30;16;25;7
1668.0;9;32;22;28;150;31;16;24;8
1674.0;11;33;20;31;148;31;14;24;8
1680.0;10;33;21;32;148;30;12;26;8
1686.0;10;33;21;32;147;30;11;27;9
1692.0;11;33;22;31;146;29;13;27;8
1698.0;13;33;23;33;144;28;10;28;8
1704.0;13;33;24;30;145;28;9;29;9
1710.0;15;30;26;30;147;28;7;28;9
1716.0;15;32;26;30;147;26;9;26;9
1722.0;15;34;21;32;148;27;8;25;10
1728.0;17;35;18;32;148;28;7;24;11
1734.0;17;36;17;34;150;25;8;21;12
1740.0;18;32;18;32;151;27;9;20;13
1746.0;19;30;17;29;151;28;11;21;14
1752.0;17;29;19;30;152;28;10;20;15
1758.0;15;33;18;30;153;28;9;20;14
1764.0;12;32;17;33;155;24;13;22;12
1770.0;13;33;17;30;155;23;13;23;13
1776.0;12;34;15;29;154;21;13;25;17
1782.0;11;34;15;29;153;22;12;25;19
1788.0;12;36;14;30;152;20;13;26;17
1794.0;14;35;13;31;151;21;13;25;17
