#auto generated file!
12.0;42;37;27;39;41;46;46;42;30
18.0;39;36;30;40;46;45;43;40;31
24.0;40;33;30;43;51;43;41;40;29
30.0;38;34;31;41;53;43;35;46;29
36.0;35;32;34;44;53;43;33;44;32
42.0;34;32;32;45;57;44;33;44;29
48.0;34;29;30;42;59;48;32;49;27
54.0;31;31;32;43;61;47;31;47;27
60.0;31;33;32;42;65;48;28;47;24
66.0;31;34;31;42;65;48;26;46;27
72.0;27;34;30;45;66;48;25;46;29
78.0;27;35;28;44;68;46;24;48;30
84.0;25;37;28;45;72;44;25;44;30
90.0;26;37;32;43;70;46;27;41;28
96.0;26;38;34;41;71;47;25;42;26
102.0;27;37;33;40;72;50;26;42;23
108.0;26;37;30;40;73;52;25;41;26
114.0;23;39;26;41;76;56;22;43;24
120.0;23;37;27;42;75;55;25;42;24
126.0;23;37;26;40;76;54;26;45;23
132.0;23;35;25;43;75;56;27;43;23
138.0;23;34;26;48;79;51;27;40;22
144.0;23;36;26;52;80;48;25;37;23
150.0;23;35;25;50;81;47;27;38;24
156.0;23;36;24;46;83;46;31;38;23
162.0;24;38;27;44;88;44;29;37;19
168.0;22;40;24;41;90;45;30;38;20
174.0;22;40;22;43;91;46;30;37;19
180.0;21;43;23;46;92;45;27;35;18
186.0;18;42;25;48;93;48;25;34;17
192.0;20;42;28;47;89;49;26;30;19
198.0;20;43;25;45;90;48;26;33;20
204.0;22;45;22;45;91;44;26;35;20
210.0;22;46;21;45;91;43;25;35;22
216.0;22;45;20;44;94;40;25;37;23
222.0;18;43;25;47;95;38;25;37;22
228.0;18;44;26;48;94;40;27;33;20
234.0;16;43;25;46;100;39;27;34;20
240.0;16;43;22;48;101;37;27;34;22
246.0;14;44;22;49;102;37;27;33;22
252.0;15;43;20;49;107;36;24;33;23
258.0;18;47;20;49;105;33;22;35;21
264.0;17;47;24;47;109;30;21;34;21
270.0;16;46;25;47;110;30;22;33;21
276.0;18;45;23;45;110;35;21;33;20
282.0;18;46;23;48;113;34;18;32;18
288.0;17;41;24;46;115;40;18;32;17
294.0;18;41;24;42;114;43;15;32;21
300.0;18;40;23;41;117;47;13;31;20
306.0;18;38;24;41;120;47;12;29;21
312.0;20;38;21;39;122;47;11;27;25
318.0;17;40;17;41;123;46;14;27;25
324.0;17;40;17;40;123;44;17;28;24
330.0;16;43;15;42;123;47;18;28;18
336.0;17;43;12;40;123;47;19;31;18
342.0;18;41;14;42;119;46;20;32;18
348.0;17;42;15;47;119;45;18;31;16
354.0;18;44;13;46;120;43;18;31;17
360.0;17;44;13;46;122;41;17;32;18
366.0;17;45;13;44;121;40;20;32;18
372.0;20;43;13;46;121;42;18;30;17
378.0;20;44;12;45;120;45;19;28;17
384.0;16;43;11;45;125;43;23;29;15
390.0;16;44;13;42;124;42;25;30;14
396.0;14;42;15;41;125;44;25;30;14
402.0;13;41;11;41;130;45;24;30;15
408.0;14;39;10;42;131;44;23;31;16
414.0;11;35;10;43;133;45;22;34;17
420.0;11;34;11;43;134;47;25;29;16
426.0;15;32;11;44;136;49;21;26;16
432.0;14;34;11;43;135;47;20;31;15
438.0;15;38;9;43;135;47;19;31;13
444.0;14;39;11;41;135;47;21;30;12
450.0;16;38;11;41;136;48;16;30;14
456.0;16;38;10;44;136;46;15;29;16
462.0;14;38;10;43;136;46;17;31;15
468.0;15;39;11;40;137;47;16;31;14
474.0;15;37;10;39;135;49;18;30;17
480.0;15;36;10;38;136;49;19;29;18
486.0;13;34;12;41;137;49;19;30;15
492.0;15;34;13;38;138;46;18;32;16
498.0;14;37;12;40;137;47;14;33;16
504.0;14;37;10;45;137;47;15;33;12
510.0;15;39;12;46;138;44;12;31;13
516.0;17;37;13;45;141;42;13;28;14
522.0;15;38;15;45;142;41;14;26;14
528.0;14;37;17;46;142;42;12;26;14
534.0;16;37;13;45;143;40;14;27;15
540.0;15;37;14;44;142;40;14;30;14
546.0;16;33;12;47;139;41;17;31;14
552.0;15;33;10;48;138;40;19;31;16
558.0;15;34;12;50;139;39;17;29;15
564.0;16;35;14;46;140;40;17;28;14
570.0;15;37;17;44;138;38;16;29;16
576.0;13;39;17;47;141;37;11;28;17
582.0;14;37;17;47;142;37;11;30;15
588.0;13;37;20;49;139;35;7;32;18
594.0;15;37;21;47;138;37;8;31;16
600.0;14;37;20;47;140;38;8;32;14
606.0;11;36;20;45;143;39;9;34;13
612.0;13;36;19;44;143;37;11;34;13
618.0;16;35;19;44;142;33;12;34;15
624.0;16;34;17;42;147;31;13;33;17
630.0;15;35;14;40;148;31;13;35;19
636.0;15;34;15;38;146;33;13;37;19
642.0;14;34;13;38;144;36;12;38;21
648.0;12;32;11;40;143;40;12;38;22
654.0;14;32;13;41;143;39;12;34;22
660.0;15;31;16;40;143;37;17;34;17
666.0;14;28;17;41;144;36;18;34;18
672.0;14;30;20;40;146;36;18;32;14
678.0;15;29;24;42;146;34;17;31;12
684.0;16;27;23;43;150;33;15;31;12
690.0;18;26;22;40;150;32;16;35;11
696.0;18;25;20;41;149;34;16;36;11
702.0;16;27;20;42;147;37;17;33;11
708.0;14;29;18;43;150;37;16;32;11
714.0;15;29;18;43;148;39;15;31;12
720.0;12;30;20;43;149;39;14;31;12
726.0;13;27;22;46;148;39;14;31;10
732.0;15;26;20;43;149;39;15;33;10
738.0;16;27;16;45;149;38;15;32;12
744.0;17;26;16;47;151;38;11;30;14
750.0;16;25;17;48;154;37;11;29;13
756.0;16;27;15;48;154;37;11;28;14
762.0;14;26;15;49;154;35;12;28;17
768.0;15;28;13;48;152;33;13;29;19
774.0;14;29;13;45;151;35;13;30;20
780.0;16;28;13;44;152;35;15;28;19
786.0;16;26;12;42;151;37;19;30;17
792.0;17;27;11;39;152;37;19;32;16
798.0;16;28;10;41;152;36;16;35;16
804.0;16;27;12;42;155;35;16;33;14
810.0;16;30;11;41;153;36;16;34;13
816.0;18;30;12;40;153;33;16;32;16
822.0;19;28;13;40;151;32;16;32;19
828.0;16;28;12;40;150;34;15;35;20
834.0;13;27;12;43;153;36;14;33;19
840.0;14;27;12;42;155;36;13;33;18
846.0;11;28;12;42;156;37;17;31;16
852.0;15;27;13;40;155;36;15;32;17
858.0;16;24;11;37;157;37;17;31;20
864.0;14;21;14;37;158;38;19;34;15
870.0;11;25;12;37;159;39;20;32;15
876.0;11;24;11;38;158;39;22;32;15
882.0;12;24;12;37;160;36;20;32;17
888.0;13;26;13;37;159;34;21;31;16
894.0;11;27;12;39;159;33;23;30;16
900.0;11;28;14;39;159;35;23;27;14
906.0;13;28;13;39;160;33;24;25;15
912.0;12;31;14;39;160;33;22;24;15
918.0;16;33;16;38;157;33;20;25;12
924.0;19;33;17;35;157;34;18;23;14
930.0;18;36;20;34;153;32;20;23;14
936.0;17;36;16;36;153;33;20;22;17
942.0;17;35;16;37;152;33;19;22;19
948.0;19;34;15;37;149;37;17;22;20
954.0;17;35;16;38;145;37;17;26;19
960.0;17;35;16;37;145;37;18;26;19
966.0;18;33;19;35;144;38;18;26;19
972.0;16;33;22;35;141;33;20;26;24
978.0;14;30;25;34;139;40;17;25;26
984.0;15;29;27;33;139;40;20;23;24
990.0;15;30;25;31;135;43;21;25;25
996.0;16;30;25;31;135;41;20;30;22
1002.0;16;31;24;31;137;43;18;28;22
1008.0;13;31;21;27;139;47;21;29;22
1014.0;15;32;19;27;142;42;20;31;22
1020.0;16;31;18;27;142;43;22;31;20
1026.0;18;30;18;26;141;42;21;35;19
1032.0;18;27;17;28;140;43;20;39;18
1038.0;18;27;17;31;138;43;22;38;16
1044.0;18;27;17;34;137;42;22;37;16
1050.0;17;33;15;34;138;43;21;35;14
1056.0;15;30;14;34;140;42;25;37;13
1062.0;14;27;16;35;140;43;27;36;12
1068.0;12;27;18;34;138;43;29;39;10
1074.0;14;25;18;37;137;40;29;38;12
1080.0;12;25;19;37;138;40;31;36;12
1086.0;12;25;18;36;137;39;31;39;13
1092.0;12;25;17;37;138;37;28;41;15
1098.0;13;25;17;38;136;36;31;39;15
1104.0;12;28;19;36;136;35;30;39;15
1110.0;14;28;22;35;136;33;29;37;16
1116.0;16;30;23;32;135;34;27;38;15
1122.0;16;33;21;32;135;33;25;41;14
1128.0;17;31;21;35;134;32;21;44;15
1134.0;14;32;23;37;134;30;19;45;16
1140.0;15;31;24;35;137;31;15;46;16
1146.0;16;32;23;35;136;30;16;47;15
1152.0;14;32;23;35;138;28;17;46;17
1158.0;13;36;20;34;138;29;19;43;18
1164.0;13;36;25;31;136;31;19;44;15
1170.0;13;36;27;31;133;29;21;45;15
1176.0;12;33;26;33;130;30;22;46;18
1182.0;12;33;26;37;131;27;21;48;15
1188.0;13;30;23;36;131;28;23;49;17
1194.0;17;29;22;34;131;28;23;49;17
1200.0;16;33;20;35;132;29;21;49;15
1206.0;16;33;20;36;132;32;18;49;14
1212.0;17;32;20;35;131;32;22;46;15
1218.0;14;33;22;33;134;31;23;42;18
1224.0;15;33;22;35;133;34;23;40;15
1230.0;15;33;25;38;131;33;22;39;14
1236.0;17;35;24;38;130;32;22;40;12
1242.0;18;34;26;37;131;33;20;40;11
1248.0;19;33;27;34;130;38;19;40;10
1254.0;19;36;26;33;132;36;20;38;10
1260.0;20;39;26;33;130;35;19;38;10
1266.0;23;38;24;33;130;34;18;40;10
1272.0;22;40;22;32;132;32;18;40;12
1278.0;21;41;22;33;132;29;18;42;12
1284.0;24;38;22;35;129;30;17;41;14
1290.0;21;39;23;38;128;29;17;42;13
1296.0;22;41;24;35;126;30;17;41;14
1302.0;19;36;24;38;125;32;19;40;17
1308.0;23;36;24;37;123;33;19;40;15
1314.0;23;36;23;35;124;35;19;39;16
1320.0;19;38;21;35;124;35;18;40;20
1326.0;17;41;21;36;125;32;19;43;16
1332.0;14;42;22;35;127;35;21;40;14
1338.0;12;45;20;34;127;34;22;41;15
1344.0;15;44;16;32;129;33;22;40;19
1350.0;17;45;13;31;127;33;20;42;22
1356.0;18;44;13;32;126;35;23;40;19
1362.0;14;46;12;35;126;31;25;39;22
1368.0;16;46;11;32;129;31;23;39;23
1374.0;13;49;12;32;129;32;22;39;22
1380.0;13;48;14;33;125;32;22;41;22
1386.0;13;49;14;33;128;32;20;42;19
1392.0;12;48;16;32;130;32;18;43;19
1398.0;12;49;16;29;132;32;18;42;20
1404.0;10;49;14;29;134;32;18;42;22
1410.0;8;45;19;31;134;32;17;43;21
1416.0;9;46;19;30;134;29;20;43;20
1422.0;10;47;20;31;134;29;17;43;19
1428.0;11;50;17;31;133;29;15;46;18
1434.0;14;48;17;33;130;27;14;46;21
1440.0;13;50;18;31;131;27;14;45;21
1446.0;18;50;17;34;130;27;15;41;18
1452.0;18;46;17;32;133;27;14;45;18
1458.0;16;49;18;32;132;27;13;44;19
1464.0;18;49;16;32;132;27;13;44;19
1470.0;17;50;15;31;134;28;13;43;19
1476.0;16;50;14;33;136;28;13;43;17
1482.0;14;48;15;33;136;30;14;44;16
1488.0;14;48;16;33;137;30;14;43;15
1494.0;16;48;16;32;136;32;12;43;15
1500.0;17;51;17;32;135;31;12;43;12
1506.0;16;47;20;36;133;32;12;41;13
1512.0;18;46;18;36;133;32;15;39;13
1518.0;15;47;15;38;135;34;16;39;11
1524.0;15;48;16;38;136;33;16;37;11
1530.0;15;47;18;37;137;31;16;38;11
1536.0;15;50;19;36;136;27;19;37;11
1542.0;16;52;17;37;138;28;17;33;12
1548.0;18;51;16;38;137;27;16;35;12
1554.0;19;53;15;37;135;26;18;37;10
1560.0;16;56;16;38;135;22;21;36;10
1566.0;20;53;14;35;136;24;21;36;11
1572.0;19;54;14;35;136;24;20;37;11
1578.0;21;50;15;35;136;23;21;39;10
1584.0;21;49;15;33;134;25;24;39;10
1590.0;18;49;16;37;137;24;25;36;8
1596.0;17;49;17;35;136;23;27;37;9
1602.0;23;45;14;35;136;22;26;37;12
1608.0;27;46;13;39;134;19;23;35;14
1614.0;25;46;14;37;134;20;20;36;18
1620.0;26;45;15;37;134;21;18;36;18
1626.0;22;43;15;37;136;24;16;38;19
1632.0;19;44;17;37;137;26;14;37;19
1638.0;19;44;18;37;136;25;13;38;20
1644.0;19;44;16;37;135;26;14;36;23
1650.0;19;39;14;38;137;25;16;37;25
1656.0;19;40;15;37;134;26;18;36;25
1662.0;21;40;14;36;138;27;18;36;20
1668.0;19;41;13;40;138;27;17;36;19
1674.0;22;38;16;37;138;29;16;35;19
1680.0;22;36;13;39;140;29;17;35;19
1686.0;22;37;17;40;138;28;18;32;18
1692.0;26;37;17;37;138;28;19;34;14
1698.0;29;40;18;36;138;25;19;33;12
1704.0;28;39;18;33;138;27;22;30;15
1710.0;26;39;18;33;139;27;22;29;17
1716.0;27;38;17;35;136;28;20;32;17
1722.0;24;36;16;40;134;28;21;32;19
1728.0;25;39;17;39;134;29;20;29;18
1734.0;26;37;17;40;132;29;18;31;20
1740.0;27;37;17;37;132;30;18;29;23
1746.0;22;39;20;37;133;29;19;30;21
1752.0;20;39;19;36;135;30;19;30;22
1758.0;21;38;19;35;139;29;19;30;20
1764.0;21;39;16;37;138;31;19;30;19
1770.0;21;39;17;35;140;31;20;29;18
1776.0;17;40;20;35;142;31;18;27;20
1782.0;19;41;19;34;140;33;18;25;21
1788.0;19;38;21;33;139;33;19;26;22
1794.0;19;36;22;33;143;33;18;27;19
