#auto generated file!
12.0;38;37;41;49;44;49;37;46;49
18.0;35;38;40;51;44;52;35;46;49
24.0;36;38;38;51;46;50;34;49;48
30.0;37;41;36;49;47;51;32;49;48
36.0;34;44;39;48;46;47;34;51;47
42.0;34;43;41;47;48;49;32;52;44
48.0;32;42;40;47;54;50;32;52;41
54.0;29;44;40;52;55;49;33;48;40
60.0;28;42;39;52;57;49;31;52;40
66.0;28;43;36;52;59;52;29;56;35
72.0;30;44;27;52;58;58;31;56;34
78.0;30;45;26;55;59;57;33;53;32
84.0;30;48;23;58;58;60;29;53;31
90.0;30;49;25;58;61;60;26;52;29
96.0;27;46;24;56;65;57;29;51;35
102.0;22;45;25;54;68;59;29;52;36
108.0;22;42;23;56;70;63;31;50;33
114.0;23;41;22;60;69;63;29;49;34
120.0;20;44;22;60;68;62;29;49;36
126.0;21;46;27;56;68;63;27;49;33
132.0;23;46;28;54;70;61;24;50;34
138.0;22;45;27;53;72;62;25;50;34
144.0;22;44;27;50;76;61;27;49;34
150.0;24;45;26;47;80;60;26;51;31
156.0;25;43;28;48;82;57;27;49;31
162.0;25;42;25;48;82;61;25;50;32
168.0;25;43;25;46;86;59;27;51;28
174.0;24;46;23;44;86;58;27;52;30
180.0;25;46;22;45;85;57;27;53;30
186.0;27;49;24;46;83;54;27;50;30
192.0;31;48;25;42;85;54;30;49;26
198.0;35;48;26;40;85;55;27;47;27
204.0;35;48;24;40;86;52;27;48;30
210.0;33;50;27;43;90;49;24;47;27
216.0;31;47;27;45;90;51;23;48;28
222.0;33;47;28;43;94;49;19;51;26
228.0;33;47;27;43;95;46;22;51;26
234.0;31;45;23;41;96;50;23;52;29
240.0;30;48;22;40;97;47;22;57;27
246.0;27;47;21;40;99;48;21;59;28
252.0;28;48;21;42;101;48;21;55;26
258.0;28;51;20;39;100;48;27;53;24
264.0;23;52;19;40;105;50;26;51;24
270.0;22;48;20;42;104;50;29;51;24
276.0;17;49;22;40;107;50;30;50;25
282.0;20;47;22;39;111;47;31;49;24
288.0;20;50;19;42;110;45;33;49;22
294.0;22;50;18;43;109;43;35;49;21
300.0;20;49;18;45;112;42;35;49;20
306.0;20;50;17;45;115;42;34;46;21
312.0;19;46;17;49;118;42;31;46;22
318.0;18;49;20;45;119;39;31;44;25
324.0;16;52;21;43;120;38;29;42;29
330.0;18;50;21;43;122;37;31;41;27
336.0;20;49;23;46;123;34;29;39;27
342.0;18;49;23;46;124;36;29;41;24
348.0;21;43;23;46;128;38;29;42;20
354.0;22;41;23;43;129;41;26;44;21
360.0;23;40;23;43;129;43;27;41;21
366.0;22;39;21;42;132;42;29;42;21
372.0;20;39;22;40;133;46;31;42;17
378.0;20;40;21;40;135;45;29;41;19
384.0;24;36;22;39;141;44;27;41;16
390.0;23;33;22;38;144;46;24;44;16
396.0;23;35;18;35;146;47;25;44;17
402.0;23;36;17;36;148;47;23;44;16
408.0;21;36;17;35;148;45;24;47;17
414.0;19;38;15;37;147;42;24;52;16
420.0;19;41;15;38;148;42;23;47;17
426.0;21;43;14;38;146;46;20;45;17
432.0;20;44;14;38;147;46;20;45;16
438.0;20;43;16;35;147;46;20;47;16
444.0;19;44;16;35;147;43;20;47;19
450.0;19;44;14;34;146;47;22;46;18
456.0;19;45;17;35;147;44;25;42;16
462.0;20;44;18;35;147;44;23;40;19
468.0;20;46;18;35;146;44;23;36;22
474.0;19;44;18;37;149;42;22;38;21
480.0;18;44;19;37;148;42;23;39;20
486.0;20;46;20;35;146;40;24;42;17
492.0;21;50;19;37;148;39;21;42;13
498.0;20;51;20;33;148;39;20;43;16
504.0;18;49;20;33;148;38;22;48;14
510.0;16;47;24;32;151;39;22;46;13
516.0;14;49;27;31;151;43;20;43;12
522.0;15;48;29;32;149;42;18;44;13
528.0;14;47;26;35;152;43;16;43;14
534.0;17;48;29;34;154;38;15;38;17
540.0;18;47;31;38;152;34;13;41;16
546.0;20;46;30;40;152;33;12;41;16
552.0;22;45;25;41;153;33;12;41;18
558.0;22;45;25;43;150;32;13;41;19
564.0;21;47;25;44;150;32;11;41;19
570.0;23;46;23;42;150;34;13;38;21
576.0;22;44;23;40;152;37;11;40;21
582.0;24;42;21;40;154;36;13;39;21
588.0;22;42;18;40;153;35;16;42;22
594.0;21;45;20;40;153;32;19;38;22
600.0;20;44;19;39;151;36;20;39;22
606.0;19;42;17;39;153;36;21;40;23
612.0;20;44;20;39;151;39;19;40;18
618.0;23;41;21;42;151;38;18;39;17
624.0;23;41;24;41;151;37;23;32;18
630.0;23;41;28;41;150;38;18;33;18
636.0;22;39;27;42;150;42;20;31;17
642.0;20;39;26;45;150;44;19;31;16
648.0;21;41;27;44;146;46;15;30;20
654.0;22;44;26;40;144;45;20;32;17
660.0;22;39;27;41;144;48;18;32;19
666.0;24;36;30;40;146;48;17;32;17
672.0;25;37;29;35;152;46;15;32;19
678.0;26;36;25;34;155;48;15;33;18
684.0;25;37;24;32;152;50;17;34;19
690.0;23;39;22;32;154;51;17;34;18
696.0;20;40;22;29;155;51;17;36;20
702.0;19;44;21;27;153;51;19;34;22
708.0;18;47;20;25;154;50;18;34;24
714.0;18;44;26;22;155;48;21;34;22
720.0;18;42;29;19;156;48;20;34;24
726.0;19;40;32;19;158;46;20;34;22
732.0;18;41;33;22;158;45;17;36;20
738.0;17;39;32;22;158;48;20;36;18
744.0;18;37;31;24;159;45;21;36;19
750.0;16;33;30;25;163;46;21;40;16
756.0;16;37;30;25;163;45;20;35;19
762.0;19;38;27;24;165;45;16;35;21
768.0;17;39;30;25;170;44;13;34;18
774.0;17;38;28;25;170;42;17;33;20
780.0;19;36;26;29;169;41;18;33;19
786.0;21;34;27;28;167;41;19;31;22
792.0;19;38;27;26;168;44;15;31;22
798.0;19;38;20;25;168;48;17;34;21
804.0;18;38;19;26;167;48;18;34;22
810.0;19;38;17;27;168;47;19;34;21
816.0;19;39;16;26;168;51;18;33;20
822.0;19;36;19;26;169;50;17;33;21
828.0;21;35;18;29;170;49;17;31;20
834.0;25;35;16;27;172;47;14;35;19
840.0;24;36;17;27;171;46;14;33;22
846.0;19;36;19;31;172;47;15;33;18
852.0;18;34;17;34;172;47;17;32;19
858.0;19;32;17;34;173;47;17;31;20
864.0;16;33;18;35;173;49;16;29;21
870.0;18;32;17;35;172;48;19;30;19
876.0;20;33;20;35;173;47;15;31;16
882.0;22;32;17;33;169;43;22;32;20
888.0;25;33;13;32;164;43;22;33;25
894.0;23;34;11;32;164;42;23;34;27
900.0;22;35;10;33;162;46;23;32;27
906.0;22;37;12;35;164;43;22;34;21
912.0;22;36;16;35;164;40;21;32;24
918.0;19;37;16;37;164;40;22;32;23
924.0;20;39;15;36;163;41;25;32;19
930.0;22;41;18;34;163;41;24;30;17
936.0;20;40;20;30;165;41;24;30;20
942.0;19;42;18;30;165;41;24;31;20
948.0;19;40;17;31;166;43;21;34;19
954.0;18;39;17;31;167;41;23;35;19
960.0;19;37;19;31;168;40;20;35;21
966.0;16;40;21;30;168;40;20;30;25
972.0;15;43;21;30;170;35;17;32;27
978.0;14;42;19;30;174;34;21;30;26
984.0;13;43;20;32;172;33;19;31;27
990.0;16;45;22;31;171;33;16;30;26
996.0;17;41;21;31;173;35;16;29;27
1002.0;18;42;21;30;172;37;14;31;25
1008.0;17;41;20;29;171;37;16;33;26
1014.0;16;44;18;30;168;36;17;35;26
1020.0;19;43;17;30;167;34;20;37;23
1026.0;20;42;12;35;168;36;18;37;22
1032.0;22;40;12;37;166;35;20;38;20
1038.0;22;38;15;35;167;38;20;38;17
1044.0;20;39;17;37;167;39;20;36;15
1050.0;23;37;18;36;167;35;19;39;16
1056.0;22;36;21;32;169;37;21;36;16
1062.0;19;38;23;32;170;38;19;39;12
1068.0;22;40;22;32;171;34;19;38;12
1074.0;24;39;20;31;170;37;19;38;12
1080.0;23;39;23;31;168;37;18;35;16
1086.0;23;37;24;30;169;38;19;34;16
1092.0;21;37;26;31;170;40;18;35;12
1098.0;20;38;23;32;170;41;17;37;12
1104.0;20;39;20;34;170;38;18;38;13
1110.0;20;41;16;33;168;42;15;39;16
1116.0;20;42;16;34;167;41;13;41;16
1122.0;21;41;16;33;164;42;15;42;16
1128.0;17;41;17;36;166;44;15;41;13
1134.0;18;42;19;34;164;45;14;40;14
1140.0;19;41;20;34;162;43;17;39;15
1146.0;22;41;22;32;161;41;19;39;13
1152.0;20;42;24;33;156;43;22;36;14
1158.0;18;45;20;31;157;45;21;39;14
1164.0;21;41;20;32;154;47;21;39;15
1170.0;21;39;23;30;156;44;18;45;14
1176.0;21;39;21;30;157;45;16;46;15
1182.0;21;40;23;31;159;41;19;41;15
1188.0;20;40;21;32;160;43;17;42;15
1194.0;20;39;21;32;160;42;18;43;15
1200.0;21;37;21;31;160;42;20;44;14
1206.0;17;37;22;31;165;38;20;45;15
1212.0;14;38;19;30;165;40;23;46;15
1218.0;14;40;17;29;163;39;25;47;16
1224.0;14;41;18;29;164;40;17;50;17
1230.0;13;39;19;30;163;39;18;50;19
1236.0;12;35;19;31;163;41;17;51;21
1242.0;11;36;20;31;163;40;20;51;18
1248.0;12;37;20;32;162;42;20;48;17
1254.0;14;33;18;31;162;44;21;48;19
1260.0;16;32;17;32;163;44;20;49;17
1266.0;18;34;21;35;161;42;19;45;15
1272.0;18;36;19;34;162;46;16;45;14
1278.0;16;41;19;34;162;46;15;42;15
1284.0;16;44;17;36;163;44;15;42;13
1290.0;17;44;17;34;163;44;14;41;16
1296.0;15;45;20;32;163;43;13;44;15
1302.0;16;43;20;33;163;43;14;44;14
1308.0;14;41;22;32;164;44;12;44;17
1314.0;14;42;21;32;166;43;11;43;18
1320.0;14;43;23;34;161;44;9;43;19
1326.0;15;43;23;36;160;41;11;43;18
1332.0;16;40;22;37;161;41;11;43;19
1338.0;14;40;20;36;161;40;12;46;21
1344.0;17;41;19;35;161;40;13;46;18
1350.0;18;43;19;35;160;40;14;42;19
1356.0;18;41;21;33;162;39;13;43;20
1362.0;16;41;20;35;159;37;16;45;21
1368.0;17;43;20;36;158;36;15;46;19
1374.0;17;48;20;38;157;37;14;41;18
1380.0;20;47;20;36;157;38;13;42;17
1386.0;18;48;19;37;156;41;10;45;16
1392.0;18;50;18;34;156;41;12;44;17
1398.0;20;50;16;32;163;40;10;43;16
1404.0;20;50;16;31;163;39;11;45;15
1410.0;20;50;14;30;164;41;11;44;16
1416.0;17;48;18;33;165;37;14;42;16
1422.0;19;47;18;36;161;37;16;43;13
1428.0;17;48;19;36;158;39;16;43;14
1434.0;15;46;18;38;161;40;14;43;15
1440.0;15;48;19;36;162;40;15;42;13
1446.0;12;47;21;35;162;44;16;41;12
1452.0;12;44;23;38;162;42;13;42;14
1458.0;14;46;23;39;160;41;12;41;14
1464.0;11;47;25;38;160;42;11;42;14
1470.0;11;50;25;39;159;44;9;42;11
1476.0;13;49;24;41;159;43;8;39;14
1482.0;14;45;22;42;158;43;10;40;16
1488.0;15;44;21;38;159;41;13;42;17
1494.0;14;45;23;38;159;35;14;43;19
1500.0;12;44;22;38;159;36;16;43;20
1506.0;14;45;20;34;162;32;16;47;20
1512.0;16;44;18;35;162;33;16;45;21
1518.0;17;44;21;37;163;30;17;42;19
1524.0;16;46;20;37;161;30;18;43;19
1530.0;17;44;17;36;163;30;21;43;19
1536.0;15;46;16;33;166;32;23;41;18
1542.0;17;46;18;33;167;29;22;39;19
1548.0;15;48;21;35;161;32;22;40;16
1554.0;18;44;23;33;163;35;19;37;18
1560.0;18;45;23;32;161;37;19;37;18
1566.0;18;41;21;37;163;38;18;39;15
1572.0;19;41;24;37;161;38;16;39;15
1578.0;22;42;23;35;161;38;15;37;17
1584.0;22;44;18;33;160;41;16;37;19
1590.0;20;46;16;33;159;43;19;37;17
1596.0;20;46;16;33;160;44;20;36;15
1602.0;20;45;17;33;162;46;17;36;14
1608.0;20;49;15;36;161;46;18;34;11
1614.0;21;44;16;37;160;45;20;34;13
1620.0;24;43;16;35;161;43;22;31;15
1626.0;23;46;15;38;160;39;22;31;16
1632.0;27;47;13;37;161;39;18;33;15
1638.0;25;47;14;38;161;37;20;33;15
1644.0;24;47;13;39;160;39;20;32;16
1650.0;27;45;17;36;159;41;19;32;14
1656.0;27;43;16;37;161;42;16;33;15
1662.0;23;42;16;37;163;44;15;35;15
1668.0;23;42;16;39;162;44;15;35;14
1674.0;22;42;15;43;162;47;10;35;14
1680.0;20;42;17;40;166;47;5;34;19
1686.0;20;42;18;39;168;46;6;33;18
1692.0;21;42;16;38;169;47;9;32;16
1698.0;21;40;17;41;169;46;7;33;16
1704.0;22;35;16;41;166;46;7;38;19
1710.0;20;33;16;43;168;46;10;37;17
1716.0;17;36;15;47;164;45;10;40;16
1722.0;18;36;14;49;164;37;11;42;19
1728.0;20;33;14;49;166;39;13;39;17
1734.0;23;33;14;49;164;37;13;40;17
1740.0;23;36;14;48;165;34;15;36;19
1746.0;20;35;16;47;163;36;17;35;21
1752.0;20;35;15;49;165;37;16;34;19
1758.0;18;39;15;49;165;35;17;34;18
1764.0;23;37;16;47;165;34;17;33;18
1770.0;23;37;17;45;166;37;16;32;17
1776.0;26;38;15;46;163;35;14;32;21
1782.0;25;41;15;41;163;34;17;34;20
1788.0;21;40;13;44;162;36;19;35;20
1794.0;17;41;13;44;164;37;19;32;23
