#auto generated file!
12.0;56;53;54;41;47;51;54;48;56
18.0;51;54;51;39;50;54;55;52;54
24.0;55;54;49;37;50;56;52;57;50
30.0;55;51;49;38;52;57;51;60;47
36.0;56;52;49;43;55;57;44;59;45
42.0;50;57;51;42;59;60;43;59;39
48.0;49;59;42;49;65;61;36;55;44
54.0;50;59;40;51;65;60;35;55;45
60.0;55;63;38;49;70;57;34;54;40
66.0;53;63;36;47;76;58;34;54;39
72.0;51;63;34;49;81;61;27;54;40
78.0;46;62;34;47;85;63;29;58;36
84.0;46;62;32;47;88;63;29;56;37
90.0;42;60;33;45;89;65;25;58;43
96.0;45;60;32;47;89;65;25;58;39
102.0;43;62;28;46;93;62;27;57;42
108.0;42;60;28;45;98;62;29;58;38
114.0;42;64;22;44;100;60;29;60;39
120.0;39;59;22;41;103;60;31;65;40
126.0;34;61;24;42;102;61;29;66;41
132.0;34;61;28;46;103;63;27;62;36
138.0;31;61;28;47;107;62;27;65;32
144.0;32;59;29;47;110;61;29;62;31
150.0;35;59;30;47;110;60;27;65;27
156.0;35;60;29;47;111;61;23;62;32
162.0;34;60;31;44;113;60;24;63;31
168.0;28;58;33;46;117;63;21;63;31
174.0;28;61;30;43;120;63;22;62;31
180.0;29;63;29;42;122;64;20;61;30
186.0;28;61;27;45;125;66;18;62;28
192.0;27;61;29;44;127;64;19;61;28
198.0;26;60;31;43;128;65;20;60;27
204.0;27;62;31;43;126;62;21;61;27
210.0;27;59;35;43;125;58;20;61;32
216.0;25;58;32;44;127;56;23;63;32
222.0;25;61;29;45;128;54;26;65;27
228.0;26;57;31;47;130;51;24;64;30
234.0;25;58;30;48;130;51;24;60;34
240.0;24;60;28;48;131;50;27;60;32
246.0;22;60;28;52;133;49;26;59;31
252.0;25;62;26;53;133;50;26;57;28
258.0;27;62;23;53;134;51;24;58;28
264.0;29;59;26;56;136;50;20;57;27
270.0;31;60;26;51;137;55;24;54;22
276.0;32;61;28;49;139;52;22;54;23
282.0;27;60;31;47;140;52;24;55;24
288.0;31;57;29;40;145;56;22;58;22
294.0;34;54;27;35;145;59;24;58;24
300.0;32;58;23;37;147;61;26;57;19
306.0;37;55;23;37;147;59;22;62;18
312.0;37;53;26;36;147;58;25;63;15
318.0;35;51;24;37;152;57;28;60;16
324.0;36;50;23;38;152;58;31;56;16
330.0;37;49;22;39;155;59;31;53;15
336.0;36;47;20;41;158;60;30;53;15
342.0;38;43;21;40;163;61;28;50;16
348.0;40;45;21;38;162;55;28;54;17
354.0;39;44;18;40;161;54;27;56;21
360.0;36;48;19;39;163;54;26;53;22
366.0;36;45;19;45;163;51;25;55;21
372.0;34;42;25;42;163;50;27;56;21
378.0;33;44;25;45;164;50;26;56;17
384.0;34;47;20;47;165;50;22;58;17
390.0;33;43;17;47;167;50;21;61;21
396.0;33;43;20;47;166;52;19;60;20
402.0;33;43;20;42;169;50;22;63;18
408.0;31;41;21;44;174;50;23;59;17
414.0;31;44;19;47;179;48;22;52;18
420.0;34;43;16;49;177;50;21;52;18
426.0;35;42;21;46;178;49;21;47;21
432.0;36;42;21;43;181;48;20;48;21
438.0;35;42;22;42;181;46;22;46;24
444.0;39;39;21;43;181;47;24;43;23
450.0;38;40;24;40;174;50;25;44;25
456.0;32;42;28;43;176;47;21;45;26
462.0;31;41;28;44;178;46;19;45;28
468.0;31;42;25;44;173;45;21;49;30
474.0;33;41;22;44;175;45;21;50;29
480.0;35;41;25;43;173;44;20;50;29
486.0;34;40;27;41;173;47;21;51;26
492.0;32;44;25;41;174;50;20;48;26
498.0;31;42;26;40;175;48;22;48;28
504.0;28;42;23;43;173;49;27;48;27
510.0;30;43;21;41;175;51;27;45;27
516.0;32;44;21;40;174;46;28;46;29
522.0;34;44;20;38;174;46;27;47;30
528.0;33;43;20;38;175;45;26;48;32
534.0;31;43;19;42;177;42;24;53;29
540.0;32;41;17;45;178;43;24;51;29
546.0;32;37;19;45;181;42;24;48;32
552.0;31;38;19;43;179;41;26;50;33
558.0;33;37;18;46;180;44;24;52;26
564.0;34;40;15;45;184;44;18;54;26
570.0;36;42;17;46;183;39;16;55;26
576.0;39;41;20;44;181;37;17;57;24
582.0;35;43;20;45;180;39;18;55;25
588.0;33;42;20;48;180;39;17;56;25
594.0;32;41;21;49;179;39;16;56;27
600.0;32;41;24;47;179;42;18;51;26
606.0;32;44;25;45;181;41;17;49;26
612.0;31;44;27;46;182;40;18;49;23
618.0;32;43;25;49;185;39;19;47;21
624.0;29;44;23;51;188;39;23;45;18
630.0;31;43;21;50;186;39;23;48;19
636.0;28;44;21;50;185;44;19;47;22
642.0;25;43;23;48;185;48;20;49;19
648.0;25;44;22;49;183;49;22;47;19
654.0;25;44;25;48;182;49;21;46;20
660.0;23;42;28;47;181;47;24;45;23
666.0;24;40;26;43;187;50;24;44;22
672.0;21;42;23;44;184;51;26;44;25
678.0;25;43;23;41;185;49;29;41;24
684.0;24;41;23;41;184;51;30;43;23
690.0;20;41;23;44;185;51;30;44;22
696.0;23;46;23;45;182;50;31;41;19
702.0;22;49;23;45;182;51;29;41;18
708.0;23;53;23;45;181;51;30;39;15
714.0;20;53;22;44;182;50;30;42;17
720.0;20;52;23;45;179;50;27;46;18
726.0;23;50;24;44;180;49;25;45;20
732.0;23;52;26;47;179;53;18;45;17
738.0;20;50;25;52;177;52;19;47;18
744.0;21;53;23;53;175;51;20;46;18
750.0;21;51;26;52;177;51;20;43;19
756.0;21;53;26;49;177;51;21;44;18
762.0;16;52;27;48;178;51;22;47;19
768.0;19;54;26;42;180;45;24;50;20
774.0;19;54;27;38;181;46;23;51;21
780.0;21;55;27;40;183;42;22;51;19
786.0;22;54;25;37;182;43;21;53;23
792.0;22;52;29;35;182;44;19;53;24
798.0;20;53;27;36;181;44;18;57;24
804.0;20;54;25;33;183;46;18;59;22
810.0;25;54;24;35;182;49;17;53;21
816.0;25;57;22;34;183;49;19;52;19
822.0;24;56;22;34;183;49;20;51;21
828.0;25;55;23;38;184;48;18;48;21
834.0;26;55;21;39;185;46;18;49;21
840.0;26;55;23;39;187;45;19;46;20
846.0;24;56;23;39;186;44;20;48;20
852.0;27;56;22;37;185;43;18;48;24
858.0;22;60;18;38;185;50;16;47;24
864.0;23;58;19;38;182;49;17;50;24
870.0;20;57;23;40;184;51;16;49;20
876.0;19;57;23;40;187;51;16;46;21
882.0;18;55;19;43;190;50;14;46;25
888.0;18;51;18;42;192;49;14;50;26
894.0;21;52;17;43;191;48;14;48;26
900.0;22;48;18;43;193;49;16;46;25
906.0;17;50;17;43;190;48;17;52;26
912.0;19;48;19;42;191;50;15;49;27
918.0;23;48;21;43;190;51;15;46;23
924.0;23;49;20;38;194;48;17;49;22
930.0;20;49;22;39;195;50;15;50;20
936.0;23;51;20;36;196;48;17;50;19
942.0;23;52;20;36;194;50;15;49;21
948.0;23;48;16;39;194;50;15;54;21
954.0;27;46;16;38;198;49;14;50;22
960.0;27;43;16;39;199;48;11;56;21
966.0;25;40;18;39;199;47;13;56;23
972.0;26;42;16;41;198;47;16;53;21
978.0;22;45;19;41;203;44;14;50;22
984.0;22;45;17;41;205;47;16;46;21
990.0;21;43;17;40;207;47;17;46;22
996.0;19;41;18;42;207;48;16;47;22
1002.0;21;36;17;42;207;50;18;48;21
1008.0;20;35;17;47;206;49;17;43;26
1014.0;17;34;16;49;204;52;19;43;26
1020.0;15;35;18;47;204;47;22;48;24
1026.0;16;34;19;48;208;42;23;47;23
1032.0;18;35;19;43;209;42;26;45;23
1038.0;18;37;21;43;209;40;23;48;21
1044.0;19;39;22;42;210;42;21;46;19
1050.0;19;40;22;39;212;41;20;47;20
1056.0;18;38;22;42;210;40;27;41;22
1062.0;18;41;23;45;207;39;27;39;21
1068.0;20;40;21;43;207;36;28;39;26
1074.0;21;43;23;40;206;39;27;37;24
1080.0;22;43;19;39;206;43;24;41;23
1086.0;20;44;20;40;205;43;26;38;24
1092.0;21;41;18;41;205;47;23;38;26
1098.0;27;41;19;41;204;48;20;36;24
1104.0;25;39;19;40;207;46;25;35;24
1110.0;25;42;20;38;207;47;27;35;19
1116.0;25;40;22;39;208;43;27;36;20
1122.0;26;41;25;41;207;41;24;35;20
1128.0;20;40;22;41;208;43;30;38;18
1134.0;20;42;23;38;207;41;31;38;20
1140.0;20;42;23;38;204;44;30;38;21
1146.0;20;42;24;35;202;44;35;39;19
1152.0;18;48;20;33;201;42;36;36;26
1158.0;17;46;20;38;201;41;36;34;27
1164.0;17;43;17;40;203;41;37;35;27
1170.0;19;47;18;38;202;41;37;33;25
1176.0;18;41;19;39;205;43;33;38;24
1182.0;20;41;23;38;204;44;30;40;20
1188.0;18;42;26;37;203;42;33;41;18
1194.0;17;38;26;37;207;41;32;42;20
1200.0;19;39;24;38;207;39;31;42;21
1206.0;20;40;23;40;207;38;30;43;19
1212.0;20;41;21;42;206;38;29;46;17
1218.0;24;42;22;44;205;37;25;46;15
1224.0;26;43;19;44;204;37;23;49;15
1230.0;27;41;20;45;204;36;22;49;16
1236.0;30;43;22;44;203;35;20;48;15
1242.0;31;41;28;43;199;34;23;43;18
1248.0;33;39;27;46;197;35;23;42;18
1254.0;29;43;30;47;195;36;20;43;17
1260.0;29;45;29;47;192;38;23;39;18
1266.0;31;42;28;44;191;37;24;43;20
1272.0;33;43;27;44;189;38;23;43;20
1278.0;33;44;26;43;191;38;20;46;19
1284.0;33;44;24;41;191;39;20;46;22
1290.0;35;47;25;40;189;38;22;44;20
1296.0;35;46;24;40;189;40;24;41;21
1302.0;28;45;21;43;188;45;26;41;23
1308.0;26;47;21;43;188;44;25;43;23
1314.0;26;45;22;42;188;44;28;43;22
1320.0;25;42;24;44;186;44;29;44;22
1326.0;26;40;26;44;184;43;31;45;21
1332.0;27;37;26;45;187;41;29;44;24
1338.0;28;38;28;44;187;41;30;42;22
1344.0;30;34;29;46;187;42;27;42;23
1350.0;28;35;27;45;190;41;28;43;23
1356.0;30;34;27;45;188;39;28;46;23
1362.0;28;36;26;46;186;38;32;46;22
1368.0;25;36;23;49;188;37;32;49;21
1374.0;24;39;24;47;188;36;32;51;19
1380.0;25;42;29;44;192;32;28;51;17
1386.0;25;46;28;44;193;34;28;48;14
1392.0;26;47;26;46;193;36;25;48;13
1398.0;25;46;27;49;192;36;28;45;12
1404.0;26;43;24;48;193;37;29;46;14
1410.0;29;43;24;47;194;36;25;49;13
1416.0;33;43;24;45;193;38;22;49;13
1422.0;31;43;26;45;191;38;22;48;16
1428.0;29;42;26;42;191;43;23;50;14
1434.0;30;40;29;42;193;41;23;49;13
1440.0;30;44;28;40;195;40;23;46;14
1446.0;29;45;25;38;196;41;28;44;14
1452.0;29;43;24;36;199;43;31;42;13
1458.0;26;43;22;36;199;44;32;40;18
1464.0;26;43;19;36;201;41;35;41;18
1470.0;23;44;19;37;202;38;38;42;17
1476.0;22;43;21;38;200;38;36;42;20
1482.0;23;43;19;38;199;40;33;43;22
1488.0;26;44;17;36;202;36;30;45;24
1494.0;26;45;18;35;203;37;27;45;24
1500.0;25;45;17;35;205;37;28;46;22
1506.0;26;46;19;37;204;37;31;42;18
1512.0;26;44;21;36;205;36;29;44;19
1518.0;26;46;22;33;203;35;27;48;20
1524.0;25;46;22;35;202;35;26;49;20
1530.0;25;43;21;36;200;39;25;53;18
1536.0;24;43;17;35;200;40;29;53;19
1542.0;26;41;18;34;198;38;28;57;20
1548.0;26;41;15;39;195;42;23;57;22
1554.0;29;40;16;38;194;44;23;56;20
1560.0;28;41;14;38;193;45;24;58;19
1566.0;28;39;16;38;195;45;24;57;18
1572.0;29;40;15;38;195;46;22;56;19
1578.0;30;43;15;36;191;43;28;55;19
1584.0;30;42;20;36;190;43;29;50;20
1590.0;29;43;20;40;193;42;28;48;17
1596.0;28;45;19;41;194;38;27;48;20
1602.0;28;42;17;42;196;38;28;49;20
1608.0;27;41;17;42;193;38;31;50;21
1614.0;28;47;16;40;194;38;26;47;24
1620.0;28;50;16;42;191;39;23;49;22
1626.0;26;53;13;40;193;39;21;51;24
1632.0;24;51;15;40;194;41;22;47;26
1638.0;24;49;15;42;198;40;21;45;26
1644.0;24;49;19;42;198;40;17;46;25
1650.0;24;47;19;42;199;44;15;46;24
1656.0;21;50;18;44;198;46;13;43;27
1662.0;23;48;18;45;199;47;13;42;25
1668.0;19;51;18;45;202;45;13;43;24
1674.0;20;49;15;46;205;44;12;46;23
1680.0;22;51;16;46;205;46;9;42;23
1686.0;21;50;20;47;204;46;11;38;23
1692.0;20;45;22;48;205;43;15;39;23
1698.0;23;45;21;44;205;44;14;40;24
1704.0;21;41;23;45;206;43;14;41;26
1710.0;19;45;24;42;204;44;13;42;27
1716.0;21;42;23;47;206;42;14;38;27
1722.0;22;42;21;45;206;43;16;41;24
1728.0;19;43;20;45;209;45;16;39;24
1734.0;17;40;23;47;209;46;17;39;22
1740.0;18;41;21;44;210;46;18;40;22
1746.0;20;42;21;45;209;48;19;39;17
1752.0;19;42;21;40;210;50;18;39;21
1758.0;21;42;21;43;207;49;18;40;19
1764.0;22;42;20;42;210;45;19;41;19
1770.0;22;42;23;44;207;43;19;43;17
1776.0;21;42;22;43;208;45;18;40;21
1782.0;18;40;22;44;206;44;20;43;23
1788.0;17;41;21;43;206;42;23;44;23
1794.0;16;42;20;44;207;40;22;45;24
