#auto generated file!
12.0;30;30;33;30;27;41;34;34;31
18.0;28;29;34;30;29;43;30;38;29
24.0;27;29;35;31;31;45;27;37;28
30.0;28;28;34;29;31;45;25;41;29
36.0;26;30;31;32;32;49;22;43;25
42.0;28;32;30;35;31;49;22;39;24
48.0;25;32;29;35;35;50;23;39;22
54.0;24;32;30;35;37;50;20;39;23
60.0;26;33;28;36;40;45;21;39;22
66.0;26;31;25;38;41;48;21;39;21
72.0;23;30;26;38;42;48;21;40;22
78.0;21;27;24;40;43;48;21;46;20
84.0;23;26;24;40;44;45;21;46;21
90.0;22;25;24;39;46;47;19;47;21
96.0;22;26;23;40;48;42;22;44;23
102.0;20;28;23;38;51;45;19;45;21
108.0;20;26;23;40;53;46;18;45;19
114.0;16;26;27;41;53;48;15;45;19
120.0;21;26;22;41;54;45;12;47;22
126.0;19;28;20;41;56;43;13;46;24
132.0;17;31;22;40;57;41;13;45;24
138.0;16;32;18;44;58;43;15;42;22
144.0;18;31;18;46;59;42;15;40;21
150.0;18;31;19;46;60;42;14;39;21
156.0;21;30;16;45;61;38;17;39;23
162.0;22;29;12;45;64;35;17;41;25
168.0;24;29;13;42;65;36;14;40;27
174.0;26;30;14;41;66;37;14;38;24
180.0;27;29;14;42;65;39;14;38;22
186.0;26;32;15;42;66;35;16;36;22
192.0;24;34;16;43;68;33;16;36;20
198.0;26;35;15;41;67;35;18;33;20
204.0;29;37;14;39;66;33;19;33;20
210.0;28;37;14;42;65;33;18;34;19
216.0;29;34;16;42;65;34;17;31;22
222.0;27;31;16;43;63;38;17;32;23
228.0;28;31;15;42;64;40;18;31;21
234.0;25;35;13;42;65;42;18;28;22
240.0;26;36;12;44;67;43;13;28;21
246.0;24;34;14;43;70;40;15;28;22
252.0;23;30;14;42;71;41;16;30;23
258.0;20;28;16;44;71;42;14;31;24
264.0;19;28;16;44;70;43;13;32;25
270.0;20;27;18;46;73;40;15;31;20
276.0;19;28;17;44;74;44;14;31;19
282.0;17;25;18;46;74;45;16;32;17
288.0;19;27;18;46;75;45;16;30;14
294.0;21;27;18;42;73;46;17;30;16
300.0;24;30;16;43;73;45;20;26;13
306.0;25;31;17;43;73;44;20;26;11
312.0;19;32;21;41;74;44;19;28;12
318.0;18;29;22;39;78;45;17;29;13
324.0;22;28;18;38;80;46;16;28;14
330.0;22;29;17;39;81;42;16;28;16
336.0;19;29;18;41;81;43;16;27;16
342.0;19;31;19;40;83;40;15;27;16
348.0;18;32;19;36;88;38;16;27;16
354.0;16;32;19;37;89;38;13;28;18
360.0;17;34;17;36;90;38;12;29;17
366.0;14;38;17;37;89;35;12;31;17
372.0;12;38;20;37;89;31;13;33;17
378.0;14;40;22;35;87;29;16;32;15
384.0;16;42;22;35;87;28;16;30;14
390.0;15;43;20;35;85;31;17;31;13
396.0;14;44;21;36;86;33;12;32;12
402.0;16;43;22;34;86;31;14;31;13
408.0;16;43;25;32;89;30;14;32;9
414.0;18;43;25;32;89;29;16;30;8
420.0;15;45;23;29;92;31;17;29;9
426.0;14;45;22;29;92;31;18;27;12
432.0;14;42;20;30;94;31;17;27;15
438.0;16;40;20;32;94;29;15;28;16
444.0;17;38;21;32;93;29;15;29;16
450.0;16;40;21;31;93;31;13;29;16
456.0;14;38;23;32;94;32;13;31;13
462.0;14;38;24;35;94;30;12;30;13
468.0;15;38;24;33;92;32;11;32;13
474.0;14;38;27;35;93;32;11;29;11
480.0;12;39;27;35;91;30;11;30;15
486.0;9;40;25;36;93;32;11;31;13
492.0;8;37;26;36;94;31;11;35;12
498.0;8;37;28;35;95;29;12;34;12
504.0;10;37;27;32;96;28;12;34;14
510.0;12;34;23;29;99;28;15;35;15
516.0;13;33;23;28;99;28;16;36;14
522.0;15;33;22;25;100;28;16;37;14
528.0;18;33;17;25;102;28;15;38;14
534.0;14;33;17;30;102;29;17;36;12
540.0;15;34;19;31;102;29;15;36;9
546.0;16;33;19;33;104;27;12;36;10
552.0;19;31;18;36;103;26;11;36;10
558.0;18;31;17;34;103;27;14;35;11
564.0;21;31;14;34;104;28;14;33;11
570.0;20;30;17;35;103;25;14;35;11
576.0;18;31;17;33;104;25;16;35;11
582.0;22;30;15;33;104;26;16;33;11
588.0;21;31;13;31;109;25;15;32;13
594.0;19;30;14;32;109;25;16;29;16
600.0;18;33;15;31;110;22;14;29;18
606.0;17;34;15;33;109;20;14;31;17
612.0;18;35;13;30;109;21;15;33;16
618.0;15;35;12;35;110;21;14;32;16
624.0;13;34;12;29;110;25;17;34;16
630.0;14;37;14;24;112;27;16;31;15
636.0;14;32;16;26;110;27;16;30;19
642.0;15;31;18;27;111;26;12;30;20
648.0;15;29;18;27;111;26;18;29;17
654.0;14;30;19;27;112;29;17;25;17
660.0;14;30;20;28;114;26;15;25;18
666.0;14;31;15;30;117;26;14;25;18
672.0;16;32;12;32;117;25;14;23;19
678.0;15;31;15;30;117;25;14;24;19
684.0;13;24;17;31;114;25;17;26;23
690.0;13;25;15;30;115;28;16;28;20
696.0;16;25;16;30;115;29;14;27;18
702.0;16;25;15;28;116;28;14;28;20
708.0;17;26;14;26;118;29;12;28;20
714.0;17;23;15;28;117;30;13;28;19
720.0;18;23;14;28;115;32;12;29;19
726.0;19;24;13;29;113;31;13;31;17
732.0;16;23;13;29;115;32;13;31;18
738.0;17;24;10;29;116;34;14;30;16
744.0;17;23;11;30;113;34;13;32;17
750.0;14;25;11;35;113;32;12;29;19
756.0;14;27;11;33;112;33;11;30;19
762.0;15;28;7;33;109;36;14;29;19
768.0;16;28;7;32;109;38;12;30;18
774.0;13;25;9;35;110;36;10;31;21
780.0;12;24;13;32;111;34;9;33;22
786.0;13;23;13;33;110;34;8;33;23
792.0;11;26;13;32;110;33;10;34;21
798.0;12;25;13;33;109;34;9;36;19
804.0;13;24;12;31;113;32;12;35;18
810.0;16;22;16;28;115;34;8;33;18
816.0;15;22;14;29;117;34;9;34;16
822.0;13;21;14;30;118;35;9;34;16
828.0;14;21;11;32;117;36;9;34;16
834.0;11;23;11;33;118;36;10;33;15
840.0;13;22;9;27;120;35;12;34;18
846.0;14;23;10;25;122;32;12;35;17
852.0;12;23;11;25;123;32;12;36;16
858.0;11;25;11;23;120;34;11;37;18
864.0;12;27;11;25;119;32;9;38;17
870.0;13;25;12;26;120;31;8;37;18
876.0;13;27;15;23;120;29;8;37;18
882.0;12;27;15;26;123;28;8;36;15
888.0;12;27;14;27;123;29;8;35;15
894.0;8;27;15;27;124;31;10;35;13
900.0;9;25;11;28;127;33;11;34;12
906.0;10;25;10;28;126;35;12;34;10
912.0;11;22;9;29;125;33;14;36;11
918.0;13;24;8;30;123;32;15;34;11
924.0;11;24;11;33;123;30;12;35;11
930.0;12;25;10;33;120;31;13;32;14
936.0;11;26;16;33;116;35;12;30;11
942.0;12;24;15;33;117;36;11;30;12
948.0;13;20;15;36;118;36;14;26;12
954.0;14;21;13;37;117;34;15;26;13
960.0;15;20;10;38;117;35;14;27;14
966.0;15;18;11;38;115;37;15;26;15
972.0;14;18;10;38;116;37;14;25;18
978.0;13;18;12;35;115;41;15;24;17
984.0;14;20;14;37;112;37;16;25;15
990.0;14;21;13;35;113;37;17;25;15
996.0;14;29;12;33;112;34;16;24;16
1002.0;16;31;15;29;111;32;17;23;16
1008.0;17;31;16;28;110;31;19;24;14
1014.0;16;31;16;27;108;33;19;23;17
1020.0;16;32;16;28;107;33;21;23;14
1026.0;16;30;16;29;105;33;21;25;15
1032.0;17;31;13;28;109;31;18;27;16
1038.0;17;32;17;26;109;28;17;28;16
1044.0;19;32;18;26;109;31;16;26;13
1050.0;18;32;18;25;109;34;15;28;11
1056.0;19;35;19;26;109;34;15;22;11
1062.0;18;35;19;25;110;35;14;22;12
1068.0;18;34;19;24;112;36;15;21;11
1074.0;18;33;18;27;113;35;14;22;10
1080.0;18;31;17;28;112;36;13;24;11
1086.0;16;32;16;29;111;36;15;25;10
1092.0;16;31;16;29;112;36;15;25;10
1098.0;16;31;15;31;111;37;14;26;9
1104.0;18;32;13;32;112;36;12;27;8
1110.0;19;31;11;34;111;36;11;27;10
1116.0;20;29;11;34;112;35;14;27;8
1122.0;19;27;12;35;113;33;17;27;7
1128.0;19;25;12;34;113;36;14;28;9
1134.0;17;25;15;34;115;34;13;28;9
1140.0;17;24;13;35;117;32;13;31;8
1146.0;16;22;14;35;118;31;14;31;9
1152.0;17;21;16;35;120;30;12;29;10
1158.0;17;22;16;36;116;31;11;29;12
1164.0;16;22;16;34;116;29;13;31;13
1170.0;18;22;15;34;115;30;14;30;12
1176.0;18;21;13;33;115;32;14;29;15
1182.0;16;22;13;32;115;32;14;30;16
1188.0;18;21;15;30;114;30;15;32;15
1194.0;15;23;14;30;117;30;14;32;15
1200.0;14;23;13;31;119;31;13;33;13
1206.0;14;23;12;33;118;33;12;32;13
1212.0;14;23;13;33;120;32;12;32;11
1218.0;12;24;13;34;119;33;12;33;10
1224.0;14;24;15;33;119;34;10;29;12
1230.0;14;26;12;32;121;33;12;31;9
1236.0;14;27;10;31;124;31;10;33;10
1242.0;13;26;8;32;128;30;8;36;9
1248.0;14;24;5;30;128;32;7;39;11
1254.0;12;24;7;28;129;33;7;37;13
1260.0;11;23;10;25;129;36;7;36;13
1266.0;10;26;11;25;127;36;7;35;13
1272.0;10;27;12;24;127;36;9;33;12
1278.0;11;25;12;21;125;40;9;34;13
1284.0;12;27;12;21;127;40;5;34;12
1290.0;13;27;11;20;127;37;7;35;13
1296.0;13;26;11;21;128;36;8;35;12
1302.0;13;23;14;23;128;36;8;34;11
1308.0;13;23;12;24;128;33;8;37;12
1314.0;16;25;12;23;126;34;7;36;11
1320.0;16;23;13;24;125;32;9;38;10
1326.0;20;22;13;23;126;30;9;34;13
1332.0;21;21;10;24;126;30;10;36;12
1338.0;21;19;13;26;126;30;10;35;10
1344.0;21;19;14;26;127;28;10;35;10
1350.0;18;21;14;26;128;29;10;35;9
1356.0;21;21;13;27;129;28;8;33;10
1362.0;20;20;15;26;129;25;7;35;13
1368.0;21;21;14;25;130;26;7;35;11
1374.0;21;21;13;26;130;26;9;34;10
1380.0;20;21;12;26;129;29;9;34;10
1386.0;17;20;14;24;126;30;11;37;11
1392.0;15;19;14;24;130;29;10;36;13
1398.0;15;19;13;25;129;30;9;35;15
1404.0;14;21;14;24;131;30;8;35;13
1410.0;14;25;13;24;129;29;9;34;13
1416.0;15;25;12;24;130;30;7;33;14
1422.0;15;26;12;23;132;29;8;32;13
1428.0;14;25;14;24;135;28;9;29;12
1434.0;13;23;15;26;136;28;9;28;12
1440.0;12;19;14;25;138;30;10;27;15
1446.0;10;21;15;25;140;29;11;25;14
1452.0;10;23;15;21;142;28;10;25;16
1458.0;11;24;14;20;139;30;11;24;17
1464.0;11;23;13;21;139;29;11;27;16
1470.0;11;22;13;22;139;29;11;24;19
1476.0;12;19;13;22;139;28;12;26;19
1482.0;11;19;13;21;142;29;10;27;18
1488.0;12;18;14;21;141;29;9;27;19
1494.0;10;17;15;22;143;29;9;26;19
1500.0;12;19;14;22;141;28;10;24;20
1506.0;11;19;12;23;141;27;9;28;20
1512.0;11;18;11;24;143;28;9;27;19
1518.0;12;18;11;24;144;28;9;27;17
1524.0;12;17;9;23;146;25;11;28;19
1530.0;12;17;8;24;145;27;11;27;19
1536.0;11;19;9;23;143;28;12;26;19
1542.0;12;18;9;24;142;29;12;24;20
1548.0;13;18;8;25;142;29;12;24;19
1554.0;13;14;9;24;144;29;13;25;19
1560.0;12;14;10;24;143;28;15;26;18
1566.0;12;17;10;24;144;27;14;27;15
1572.0;12;17;10;24;143;27;14;28;15
1578.0;10;17;11;25;143;24;16;31;13
1584.0;8;19;10;26;144;23;16;31;13
1590.0;7;20;8;26;143;25;18;32;11
1596.0;7;20;11;29;141;23;19;32;8
1602.0;8;20;6;29;142;24;19;32;10
1608.0;9;21;8;26;142;24;16;32;12
1614.0;10;22;9;26;140;22;20;29;12
1620.0;9;22;10;23;139;24;18;30;15
1626.0;9;23;11;25;136;24;19;28;15
1632.0;9;27;8;25;135;24;20;28;14
1638.0;12;26;9;29;135;22;16;26;15
1644.0;16;25;6;28;134;25;13;26;17
1650.0;15;24;8;29;133;25;13;26;17
1656.0;15;23;9;29;134;25;13;26;16
1662.0;15;23;8;30;134;26;13;25;16
1668.0;13;23;7;31;135;25;15;27;14
1674.0;15;25;8;28;135;27;14;27;11
1680.0;16;25;9;28;133;29;13;26;11
1686.0;16;22;10;29;132;29;13;26;13
1692.0;13;22;13;29;132;28;13;26;14
1698.0;9;23;12;29;132;28;14;26;17
1704.0;12;24;11;28;129;29;13;25;19
1710.0;12;24;11;27;130;30;12;25;19
1716.0;15;27;10;26;127;28;13;23;21
1722.0;14;25;11;28;128;26;14;25;19
1728.0;14;24;14;26;129;27;13;25;18
1734.0;13;24;11;27;127;30;13;27;18
1740.0;13;23;11;27;123;32;14;29;18
1746.0;15;22;12;29;119;33;13;30;17
1752.0;12;22;12;27;121;34;16;33;13
1758.0;13;22;10;30;120;32;17;32;14
1764.0;13;23;10;31;118;33;16;34;12
1770.0;16;23;12;31;121;31;12;32;12
1776.0;14;23;12;29;120;32;13;35;12
1782.0;13;24;13;27;121;32;12;35;13
1788.0;13;24;13;27;123;30;11;36;13
1794.0;14;24;12;26;122;30;9;37;16
