#auto generated file!
12.0;43;57;46;65;49;46;59;51;34
18.0;42;59;44;69;51;46;55;51;33
24.0;37;62;43;74;56;44;50;52;32
30.0;37;60;45;76;58;50;43;51;30
36.0;33;55;44;76;60;53;42;55;32
42.0;33;56;41;78;63;53;42;54;30
48.0;32;56;39;77;65;55;45;54;27
54.0;32;57;41;77;67;54;44;53;25
60.0;36;54;35;78;69;56;41;53;28
66.0;29;54;36;76;72;60;41;56;26
72.0;29;55;36;77;72;63;36;56;26
78.0;29;58;36;78;72;63;36;54;24
84.0;27;60;32;78;76;63;36;52;26
90.0;28;60;34;76;77;63;37;47;28
96.0;27;57;36;73;83;66;35;47;26
102.0;28;59;34;72;87;64;32;46;28
108.0;28;56;32;69;90;67;35;43;30
114.0;28;58;31;68;94;65;34;44;28
120.0;29;61;31;61;97;65;33;47;26
126.0;30;60;30;63;101;60;32;48;26
132.0;28;61;32;62;105;58;33;49;22
138.0;25;66;29;61;106;58;32;50;23
144.0;24;67;30;61;106;58;31;51;22
150.0;26;64;31;58;108;56;30;53;24
156.0;27;62;32;57;110;55;31;55;21
162.0;25;62;31;56;114;55;30;55;22
168.0;26;61;31;53;117;57;29;54;22
174.0;26;63;24;59;118;56;28;57;19
180.0;26;58;25;58;121;52;29;60;21
186.0;26;56;22;58;124;55;27;61;21
192.0;26;57;23;57;126;55;21;63;22
198.0;27;60;26;56;129;51;19;58;24
204.0;26;57;28;55;133;47;19;60;25
210.0;25;56;28;55;139;49;18;59;21
216.0;26;58;30;54;136;51;19;59;17
222.0;24;56;26;56;137;52;20;61;18
228.0;22;52;27;53;144;52;18;60;22
234.0;22;53;30;49;144;56;17;60;19
240.0;21;49;33;47;148;56;20;58;18
246.0;20;48;33;48;151;56;17;59;18
252.0;16;50;35;48;153;57;15;60;16
258.0;19;49;33;47;154;55;16;59;18
264.0;17;49;33;43;154;57;18;60;19
270.0;16;52;34;38;155;56;14;64;21
276.0;18;53;31;39;153;55;13;62;26
282.0;21;50;33;39;155;53;15;58;26
288.0;22;48;30;41;157;52;16;55;29
294.0;21;48;30;41;157;50;16;56;31
300.0;22;48;30;41;155;54;16;54;30
306.0;22;44;27;40;158;53;18;57;31
312.0;25;45;25;41;159;52;17;57;29
318.0;25;43;24;43;157;54;19;57;28
324.0;27;39;25;42;160;53;20;57;27
330.0;25;37;25;43;158;53;19;61;29
336.0;28;38;26;41;157;55;21;59;25
342.0;29;37;26;44;154;54;25;56;25
348.0;30;37;26;48;153;53;25;56;22
354.0;28;36;25;48;158;55;26;51;23
360.0;27;35;26;49;159;54;28;52;20
366.0;29;36;26;48;160;54;28;48;21
372.0;27;37;27;50;160;52;29;43;25
378.0;26;35;29;50;161;51;30;43;25
384.0;27;37;29;51;159;51;29;44;23
390.0;25;39;27;52;158;53;27;43;26
396.0;22;39;27;52;162;56;26;43;23
402.0;22;38;28;52;163;52;26;45;24
408.0;21;38;27;52;165;49;29;46;23
414.0;20;37;25;54;168;47;28;49;22
420.0;21;39;23;52;166;51;29;48;21
426.0;21;39;24;54;168;52;27;45;20
432.0;25;39;23;52;169;51;28;42;21
438.0;26;40;22;51;170;50;27;44;20
444.0;24;41;22;52;169;50;26;44;22
450.0;24;42;24;52;171;50;23;43;21
456.0;25;42;23;52;170;50;24;44;20
462.0;28;42;20;54;171;48;24;42;21
468.0;24;43;22;50;175;48;24;46;18
474.0;22;45;21;53;176;48;25;45;15
480.0;22;43;22;54;176;48;28;43;14
486.0;23;42;21;54;180;45;29;43;13
492.0;22;44;21;52;182;45;30;43;11
498.0;21;47;20;53;181;44;26;46;12
504.0;22;46;19;53;180;42;29;46;13
510.0;23;48;18;50;182;42;29;45;13
516.0;23;47;15;55;179;39;29;46;17
522.0;24;48;14;55;180;39;28;45;17
528.0;27;48;13;52;180;40;26;45;19
534.0;25;45;13;50;185;40;29;44;19
540.0;25;43;15;48;183;40;31;45;20
546.0;24;42;18;47;186;36;31;44;22
552.0;27;40;17;50;186;32;29;44;25
558.0;24;40;21;51;183;34;28;41;28
564.0;25;43;23;45;181;35;29;43;26
570.0;25;39;23;45;180;37;30;44;27
576.0;26;35;22;47;182;41;28;45;24
582.0;24;38;21;47;184;39;27;46;24
588.0;25;40;22;47;185;39;23;43;26
594.0;29;38;25;49;187;39;21;39;23
600.0;28;38;25;51;187;39;20;38;24
606.0;26;38;23;49;189;42;21;41;21
612.0;22;35;26;49;190;48;19;42;19
618.0;22;37;24;48;190;49;19;40;21
624.0;23;38;23;48;190;46;19;41;22
630.0;22;39;24;48;190;45;20;40;22
636.0;20;40;25;48;193;44;18;40;22
642.0;22;42;23;51;195;43;16;38;20
648.0;22;43;21;53;191;43;19;39;19
654.0;19;43;22;53;193;42;19;40;19
660.0;17;43;20;52;193;47;19;40;19
666.0;15;48;16;56;192;46;21;40;16
672.0;15;49;13;55;195;48;22;37;16
678.0;15;48;13;57;196;46;24;37;14
684.0;18;48;14;54;196;47;21;37;15
690.0;16;51;16;55;196;45;22;35;14
696.0;17;51;15;55;194;47;20;37;14
702.0;17;51;18;54;189;46;22;36;17
708.0;19;52;18;49;192;46;21;34;19
714.0;19;48;16;48;195;47;21;34;22
720.0;18;47;20;49;193;46;18;34;25
726.0;17;45;21;51;191;48;18;34;25
732.0;14;45;23;51;192;48;20;33;24
738.0;15;45;22;53;191;48;21;34;21
744.0;16;45;22;56;190;45;22;35;19
750.0;20;45;23;56;191;40;20;34;21
756.0;19;49;24;54;191;37;21;34;21
762.0;18;49;24;56;190;37;18;36;22
768.0;19;52;23;51;189;37;21;35;23
774.0;18;49;22;49;189;40;21;37;25
780.0;22;49;23;50;187;36;22;39;22
786.0;27;47;21;48;189;35;23;38;22
792.0;22;49;20;51;191;35;24;39;19
798.0;20;50;19;53;189;34;25;40;20
804.0;21;47;18;55;188;35;26;38;22
810.0;18;48;22;56;187;35;25;38;21
816.0;20;47;15;52;189;37;24;38;28
822.0;20;48;14;46;193;36;25;38;30
828.0;19;49;15;48;194;36;24;38;27
834.0;19;47;17;48;192;35;24;41;27
840.0;23;46;18;47;196;34;18;40;28
846.0;24;46;18;48;196;38;16;37;27
852.0;26;45;19;46;195;38;18;38;25
858.0;22;48;18;46;194;38;19;36;29
864.0;22;49;18;44;193;36;21;37;30
870.0;21;50;20;42;193;35;20;38;31
876.0;22;50;21;40;193;36;19;39;30
882.0;25;49;23;40;194;37;17;37;28
888.0;23;53;22;44;193;34;22;35;24
894.0;22;52;23;44;196;35;20;34;24
900.0;22;51;24;44;195;34;20;36;24
906.0;24;49;24;47;192;34;20;36;24
912.0;21;50;25;49;191;36;21;36;21
918.0;20;53;26;49;187;34;23;38;20
924.0;23;46;25;47;192;35;23;39;20
930.0;27;44;24;44;193;38;22;38;20
936.0;29;42;24;45;191;42;20;37;20
942.0;29;47;25;44;190;43;18;34;20
948.0;28;47;22;45;190;45;16;38;19
954.0;25;45;25;47;192;45;15;38;18
960.0;22;43;29;46;196;44;13;39;18
966.0;21;37;29;47;197;46;15;41;17
972.0;23;36;30;47;196;46;15;41;16
978.0;23;37;30;46;197;44;14;42;17
984.0;20;39;28;45;197;49;14;41;17
990.0;21;40;30;41;197;45;17;40;19
996.0;21;42;25;42;194;45;16;40;25
1002.0;19;43;26;43;193;43;16;38;29
1008.0;21;42;23;45;192;44;15;38;30
1014.0;21;40;23;45;190;45;17;40;29
1020.0;22;40;24;44;191;44;19;40;26
1026.0;28;39;24;43;186;40;21;41;28
1032.0;24;35;26;43;188;44;24;37;29
1038.0;20;38;28;42;188;46;22;36;30
1044.0;20;41;27;44;190;41;23;34;30
1050.0;21;41;27;45;189;41;26;34;26
1056.0;19;42;27;42;193;40;26;35;26
1062.0;16;40;21;46;194;40;26;37;30
1068.0;16;40;22;49;193;41;24;36;29
1074.0;18;35;25;48;197;43;22;37;25
1080.0;22;35;26;49;195;41;20;36;26
1086.0;20;35;28;45;198;41;22;34;27
1092.0;18;37;25;45;197;43;22;33;30
1098.0;18;38;24;44;194;45;22;33;32
1104.0;18;42;23;43;193;45;21;33;32
1110.0;18;43;23;45;198;43;21;29;30
1116.0;20;45;24;47;194;41;17;31;31
1122.0;19;46;25;48;195;40;18;29;30
1128.0;21;41;22;51;198;42;20;26;29
1134.0;23;39;24;49;200;40;21;26;28
1140.0;20;38;26;49;197;42;25;27;26
1146.0;18;40;25;48;196;43;26;27;27
1152.0;22;39;24;47;196;44;22;29;27
1158.0;22;37;22;50;198;43;22;28;28
1164.0;20;37;23;52;198;40;26;26;28
1170.0;20;34;27;52;197;40;26;28;26
1176.0;22;35;26;48;195;43;29;26;26
1182.0;22;37;26;48;194;43;30;27;23
1188.0;22;41;24;47;194;41;27;30;24
1194.0;21;41;25;43;194;40;28;29;29
1200.0;18;43;27;42;194;41;27;28;30
1206.0;16;41;25;47;195;42;26;32;26
1212.0;21;41;25;47;194;40;25;33;24
1218.0;20;44;28;46;198;37;25;32;20
1224.0;19;45;26;45;202;38;26;31;18
1230.0;16;45;28;42;202;37;26;34;20
1236.0;17;45;24;43;203;38;25;35;20
1242.0;22;44;24;42;203;41;23;34;17
1248.0;24;43;24;40;206;44;21;31;17
1254.0;23;46;23;37;206;42;24;30;19
1260.0;23;45;20;38;205;44;26;30;19
1266.0;24;46;23;36;203;46;25;30;17
1272.0;20;47;26;33;205;48;25;29;17
1278.0;22;49;24;33;206;45;24;29;18
1284.0;19;50;27;32;206;45;24;31;16
1290.0;17;49;34;34;207;43;20;30;16
1296.0;16;49;32;33;204;41;22;37;16
1302.0;17;47;34;30;205;43;21;37;16
1308.0;17;46;30;29;206;42;24;37;19
1314.0;19;45;27;31;203;46;22;40;17
1320.0;19;43;28;32;203;45;21;41;18
1326.0;21;42;28;34;201;42;21;43;18
1332.0;21;42;29;39;202;39;20;40;18
1338.0;18;44;27;38;203;38;22;39;21
1344.0;18;44;29;40;205;36;21;37;20
1350.0;19;44;27;40;206;37;18;37;22
1356.0;21;42;26;41;205;38;19;36;22
1362.0;19;41;27;39;207;39;18;35;25
1368.0;20;37;29;38;205;37;21;38;25
1374.0;20;37;29;40;205;33;21;42;23
1380.0;22;39;25;38;203;37;18;46;22
1386.0;23;41;23;42;199;38;18;47;19
1392.0;24;39;21;47;198;39;15;48;19
1398.0;21;41;24;43;201;37;17;45;21
1404.0;21;43;25;39;196;37;17;49;23
1410.0;21;42;24;40;197;36;15;50;25
1416.0;27;41;26;34;199;39;16;48;20
1422.0;28;37;26;36;203;36;15;48;21
1428.0;25;36;23;36;208;36;16;51;19
1434.0;25;37;25;36;207;39;15;50;16
1440.0;25;40;28;36;207;38;11;49;16
1446.0;23;40;27;36;206;40;12;49;17
1452.0;21;40;26;36;206;40;13;52;16
1458.0;23;37;24;36;206;39;13;54;18
1464.0;20;36;24;36;208;45;13;49;19
1470.0;19;35;24;33;207;48;17;46;21
1476.0;19;37;23;29;212;49;16;45;20
1482.0;21;37;25;25;209;48;18;46;21
1488.0;18;41;25;25;206;50;21;44;20
1494.0;15;41;27;24;206;50;22;43;22
1500.0;14;39;29;27;204;51;21;42;23
1506.0;18;41;27;26;202;56;19;41;20
1512.0;17;43;24;27;201;57;20;42;19
1518.0;18;41;25;25;199;57;22;44;19
1524.0;18;45;28;24;200;55;20;41;19
1530.0;20;41;26;23;200;55;22;43;20
1536.0;18;41;24;24;197;56;21;47;22
1542.0;21;40;24;28;193;57;19;46;22
1548.0;22;40;23;30;193;54;19;46;23
1554.0;24;42;21;29;194;55;20;44;21
1560.0;23;44;19;30;192;54;21;46;21
1566.0;23;43;19;34;194;51;22;43;21
1572.0;24;47;19;36;193;46;22;42;21
1578.0;25;46;20;35;191;50;21;42;20
1584.0;23;44;18;37;191;49;21;44;23
1590.0;23;47;19;37;192;45;21;44;22
1596.0;22;50;23;36;191;45;20;43;20
1602.0;22;52;26;35;192;45;15;47;16
1608.0;24;49;24;34;192;45;17;48;17
1614.0;22;50;27;37;192;46;15;44;17
1620.0;21;49;25;42;191;43;13;48;18
1626.0;23;50;22;40;194;43;12;48;18
1632.0;22;48;23;40;193;42;11;48;23
1638.0;21;48;23;42;195;42;9;46;24
1644.0;22;46;22;41;195;43;9;47;25
1650.0;20;46;25;43;192;42;9;51;22
1656.0;20;48;22;45;191;44;9;51;20
1662.0;19;48;22;47;190;40;11;54;19
1668.0;19;45;25;45;192;39;11;55;19
1674.0;20;49;23;43;192;41;9;53;20
1680.0;18;47;25;44;199;39;12;50;16
1686.0;20;46;28;40;197;39;13;50;17
1692.0;19;48;24;42;200;38;14;51;14
1698.0;18;51;25;44;200;34;15;49;14
1704.0;15;52;27;45;198;35;16;47;15
1710.0;13;50;26;44;201;35;21;44;16
1716.0;12;47;24;43;206;37;21;43;17
1722.0;14;43;23;44;204;36;22;43;21
1728.0;20;43;21;44;202;36;22;42;20
1734.0;23;41;25;39;200;38;21;43;20
1740.0;20;41;23;38;202;38;19;47;22
1746.0;20;41;22;37;205;39;15;50;21
1752.0;18;41;20;39;204;41;16;49;22
1758.0;21;38;21;40;204;42;17;46;21
1764.0;21;39;24;37;209;41;15;46;18
1770.0;21;42;21;37;206;43;16;45;19
1776.0;21;39;19;35;210;44;16;48;18
1782.0;19;39;22;35;209;44;18;46;18
1788.0;16;41;21;37;209;43;22;44;17
1794.0;13;44;20;34;213;44;23;45;14
