#auto generated file!
12.0;48;43;34;49;52;51;38;34;41
18.0;49;39;33;51;57;49;40;36;36
24.0;46;41;36;47;57;52;40;37;34
30.0;42;45;33;43;57;53;40;38;39
36.0;42;47;33;44;56;55;37;37;39
42.0;40;48;31;47;58;56;36;39;35
48.0;40;54;27;47;62;55;34;39;32
54.0;41;54;29;48;63;57;32;39;27
60.0;42;51;27;49;66;58;32;42;23
66.0;44;53;22;48;68;54;32;43;26
72.0;40;56;23;47;68;56;30;46;24
78.0;37;59;26;47;70;54;28;47;22
84.0;33;54;26;46;72;58;30;47;24
90.0;30;53;29;45;74;60;27;49;23
96.0;29;48;31;44;79;57;26;52;24
102.0;28;53;31;38;82;57;25;53;23
108.0;30;50;28;38;86;54;27;50;27
114.0;30;51;31;36;89;49;26;54;24
120.0;29;50;30;38;89;48;26;54;26
126.0;29;53;31;36;90;46;27;52;26
132.0;27;54;32;36;89;46;28;51;27
138.0;26;54;29;40;91;45;27;51;27
144.0;25;55;23;42;96;44;27;51;27
150.0;26;54;22;42;100;44;25;49;28
156.0;24;53;22;44;104;42;25;47;29
162.0;23;53;20;43;103;44;25;48;31
168.0;25;56;22;42;106;44;24;47;24
174.0;25;56;20;43;107;44;24;49;22
180.0;26;53;20;44;110;46;23;45;23
186.0;24;53;20;42;114;45;24;46;22
192.0;29;49;20;42;114;45;24;48;19
198.0;29;50;21;44;113;49;24;45;15
204.0;29;50;21;44;114;50;22;45;15
210.0;32;47;20;44;115;48;24;44;16
216.0;32;45;19;45;114;49;23;47;16
222.0;32;45;19;44;116;47;22;48;17
228.0;30;48;19;44;116;47;24;46;16
234.0;27;49;18;45;115;50;24;46;16
240.0;28;51;23;44;116;48;21;42;17
246.0;26;55;20;42;114;48;24;43;18
252.0;25;52;22;39;117;50;25;43;17
258.0;24;49;24;41;117;49;26;41;19
264.0;20;49;26;39;121;50;25;42;18
270.0;21;52;22;40;121;51;24;42;17
276.0;19;53;21;41;123;51;25;44;13
282.0;14;53;22;43;125;49;25;44;15
288.0;16;52;23;41;128;50;23;44;13
294.0;17;55;25;43;126;43;23;46;12
300.0;19;55;23;42;130;41;21;44;15
306.0;22;51;23;41;129;37;25;46;16
312.0;22;54;25;41;129;35;24;47;13
318.0;21;52;28;41;129;34;27;46;12
324.0;19;48;31;39;132;35;28;45;13
330.0;20;45;33;34;132;39;28;47;12
336.0;23;47;34;34;131;38;26;46;11
342.0;21;51;31;35;131;37;26;48;10
348.0;25;53;25;34;133;36;25;49;10
354.0;23;52;24;36;133;39;24;47;12
360.0;22;52;23;36;132;39;19;52;15
366.0;21;52;23;34;130;43;18;53;16
372.0;20;45;20;34;136;45;18;50;22
378.0;23;46;18;35;132;47;20;48;21
384.0;20;49;22;36;132;44;20;47;20
390.0;21;47;22;37;134;44;21;46;18
396.0;23;47;21;37;133;42;22;46;19
402.0;25;48;21;34;133;45;23;43;18
408.0;23;47;19;33;137;45;24;43;19
414.0;22;49;18;33;140;46;24;42;16
420.0;23;49;18;32;144;45;21;43;15
426.0;24;52;18;34;143;38;21;42;18
432.0;23;51;22;34;145;36;20;40;19
438.0;23;51;23;33;145;37;20;39;19
444.0;24;54;22;32;144;37;22;41;14
450.0;23;55;22;31;142;38;22;43;14
456.0;23;55;21;30;143;37;21;45;15
462.0;23;55;20;31;145;36;22;44;14
468.0;22;52;18;30;143;39;22;46;18
474.0;22;56;17;29;145;34;22;47;18
480.0;24;55;19;27;144;33;24;48;16
486.0;21;52;23;27;144;34;25;46;18
492.0;19;49;24;27;143;37;28;46;17
498.0;16;48;22;28;142;44;27;45;18
504.0;18;46;17;31;140;47;29;46;16
510.0;21;47;20;34;138;44;28;44;14
516.0;24;47;20;35;139;42;23;44;16
522.0;22;49;16;34;142;45;21;48;13
528.0;23;49;15;35;143;46;20;45;14
534.0;20;52;16;33;145;43;20;47;14
540.0;20;53;15;34;146;43;17;46;16
546.0;21;56;15;35;145;43;15;45;15
552.0;20;52;14;33;147;43;16;50;15
558.0;19;51;14;32;147;46;19;48;14
564.0;19;48;12;32;147;44;21;52;15
570.0;20;48;12;29;147;41;22;52;19
576.0;20;48;13;31;146;41;19;54;18
582.0;22;50;13;32;144;40;16;56;17
588.0;18;47;17;32;143;40;15;58;20
594.0;17;45;15;33;146;42;16;56;20
600.0;18;43;17;31;150;42;17;52;20
606.0;17;43;15;33;151;41;18;52;20
612.0;14;45;17;36;149;43;16;50;20
618.0;15;42;18;33;148;43;17;53;21
624.0;14;42;17;34;151;40;17;56;19
630.0;13;41;18;35;152;44;17;51;19
636.0;12;42;16;37;157;41;17;46;22
642.0;12;42;16;34;158;45;17;44;22
648.0;17;44;16;35;156;43;18;42;19
654.0;15;43;21;34;156;42;19;43;17
660.0;17;44;23;33;155;40;21;41;16
666.0;19;43;23;31;155;41;20;41;17
672.0;20;41;22;32;154;41;23;42;15
678.0;20;40;20;31;155;41;26;42;15
684.0;21;35;17;32;155;44;27;41;18
690.0;20;34;16;31;156;42;29;39;23
696.0;18;36;16;35;156;41;28;36;24
702.0;19;34;16;36;158;42;26;34;25
708.0;18;36;18;34;158;45;23;35;23
714.0;19;36;17;35;159;41;22;36;25
720.0;20;38;16;33;162;40;22;38;21
726.0;17;39;13;34;168;44;22;37;16
732.0;16;40;14;35;166;44;21;38;16
738.0;17;39;15;35;167;42;24;37;14
744.0;18;37;18;37;166;41;21;37;15
750.0;17;35;15;36;167;40;24;40;16
756.0;17;34;16;34;170;41;24;39;15
762.0;21;34;16;32;170;38;25;37;17
768.0;21;36;16;35;169;37;25;34;17
774.0;19;34;17;36;168;40;25;35;16
780.0;21;31;16;35;167;45;24;37;14
786.0;19;30;16;38;168;44;21;39;15
792.0;21;32;16;39;165;42;24;37;14
798.0;18;33;19;41;161;46;23;36;13
804.0;17;36;17;42;162;45;19;38;14
810.0;20;35;17;42;159;43;21;34;19
816.0;20;35;19;44;159;41;21;33;18
822.0;19;35;21;43;160;39;19;34;20
828.0;18;34;21;42;162;38;17;35;23
834.0;18;34;21;41;160;36;18;38;24
840.0;16;35;24;42;159;35;19;36;24
846.0;16;35;22;41;159;36;18;40;23
852.0;17;35;22;43;159;35;18;37;24
858.0;15;34;21;40;165;35;18;37;25
864.0;16;31;20;40;167;33;21;38;24
870.0;18;33;20;40;168;30;21;39;21
876.0;19;34;19;40;169;31;22;40;16
882.0;19;34;17;38;169;32;23;43;15
888.0;17;36;16;37;170;32;24;44;14
894.0;17;33;17;37;171;31;22;48;14
900.0;16;33;16;38;171;32;22;48;14
906.0;17;34;15;39;172;30;22;46;15
912.0;14;34;16;37;174;32;21;45;17
918.0;15;35;18;36;172;33;18;47;16
924.0;13;34;17;35;176;33;18;47;17
930.0;9;36;19;39;178;29;16;44;20
936.0;12;35;16;37;180;26;19;47;18
942.0;14;35;16;37;182;25;16;47;18
948.0;14;35;14;40;180;27;16;45;19
954.0;14;38;14;38;180;29;15;42;20
960.0;16;39;11;37;179;31;16;41;20
966.0;18;37;13;37;179;32;18;39;17
972.0;18;40;12;37;177;31;20;38;17
978.0;18;38;12;38;179;31;22;35;17
984.0;18;35;11;36;178;32;25;37;18
990.0;18;34;12;38;177;32;24;37;18
996.0;17;31;12;38;180;31;25;38;18
1002.0;17;31;12;37;181;31;24;38;19
1008.0;17;30;11;38;180;31;24;38;21
1014.0;18;31;12;33;181;32;22;41;20
1020.0;21;31;13;31;179;30;21;42;22
1026.0;19;35;9;32;180;32;18;43;22
1032.0;19;33;10;35;176;34;18;42;23
1038.0;17;36;10;38;176;34;17;40;22
1044.0;21;35;9;37;174;33;17;43;21
1050.0;19;34;8;36;176;35;17;44;21
1056.0;20;35;9;32;174;41;16;42;21
1062.0;19;32;11;30;177;45;17;40;19
1068.0;17;33;13;29;177;45;15;44;17
1074.0;20;30;13;32;177;45;16;39;18
1080.0;20;30;15;31;179;43;15;39;18
1086.0;20;31;16;28;179;45;16;38;17
1092.0;20;31;16;28;178;43;18;39;17
1098.0;23;32;13;32;177;44;19;35;15
1104.0;21;31;13;31;181;45;19;32;17
1110.0;26;30;14;30;182;44;15;32;17
1116.0;25;31;17;31;181;45;15;29;16
1122.0;26;33;15;32;183;45;13;25;18
1128.0;22;36;15;30;187;43;13;26;18
1134.0;25;34;12;30;188;43;12;28;18
1140.0;23;35;12;32;184;46;16;26;16
1146.0;21;36;14;30;184;47;15;26;17
1152.0;20;34;16;31;183;46;16;25;19
1158.0;15;35;17;32;184;44;18;23;22
1164.0;14;32;20;32;181;46;22;22;21
1170.0;12;31;19;31;182;45;26;23;21
1176.0;14;32;16;32;182;45;26;23;20
1182.0;16;32;17;31;183;39;26;26;20
1188.0;13;32;18;32;184;38;27;28;18
1194.0;13;34;18;31;184;35;23;31;21
1200.0;13;33;20;32;184;35;22;30;21
1206.0;15;34;19;32;184;33;21;31;21
1212.0;18;32;16;32;188;35;21;29;19
1218.0;20;30;15;32;190;36;18;28;21
1224.0;17;27;16;35;191;39;15;31;19
1230.0;17;27;18;35;190;39;13;30;21
1236.0;18;28;19;35;191;38;12;30;19
1242.0;17;31;17;36;189;41;12;29;18
1248.0;17;30;14;36;190;40;11;32;20
1254.0;19;30;16;35;191;39;10;31;19
1260.0;19;36;14;34;185;38;12;32;20
1266.0;18;37;15;33;186;39;13;29;20
1272.0;20;38;15;36;185;39;12;27;18
1278.0;16;42;15;32;182;41;12;29;21
1284.0;14;40;16;31;183;40;15;31;20
1290.0;12;40;16;31;184;41;16;29;21
1296.0;13;41;15;30;184;38;17;28;24
1302.0;14;41;16;32;183;35;19;28;22
1308.0;13;40;16;32;184;36;20;28;21
1314.0;14;43;17;30;185;37;19;30;15
1320.0;13;40;21;32;184;37;20;27;16
1326.0;17;39;21;32;183;36;20;27;15
1332.0;18;36;21;33;186;35;19;29;13
1338.0;14;35;23;33;189;34;19;28;15
1344.0;11;38;23;32;190;34;19;27;16
1350.0;12;37;23;31;190;34;18;30;15
1356.0;10;36;23;32;189;35;19;32;14
1362.0;7;35;22;32;187;38;19;32;18
1368.0;8;34;22;30;189;37;18;34;18
1374.0;12;31;22;31;189;38;15;35;17
1380.0;10;32;24;32;188;40;16;32;16
1386.0;10;32;25;31;187;42;13;34;16
1392.0;10;33;24;29;188;41;14;35;16
1398.0;10;35;21;29;191;38;14;34;18
1404.0;11;38;21;26;194;36;13;34;17
1410.0;13;37;22;23;192;37;14;35;17
1416.0;14;39;19;22;191;39;16;34;16
1422.0;15;37;15;25;189;39;18;35;17
1428.0;18;37;12;29;189;38;17;35;15
1434.0;18;35;15;30;189;34;17;36;16
1440.0;18;37;15;27;187;32;18;36;20
1446.0;15;40;14;32;187;32;15;35;20
1452.0;17;41;15;29;190;32;13;35;18
1458.0;18;38;16;31;189;26;17;35;20
1464.0;17;39;16;28;191;27;17;35;20
1470.0;17;37;15;31;190;27;16;36;21
1476.0;20;36;12;29;191;27;18;34;23
1482.0;21;38;14;28;185;27;19;33;25
1488.0;23;40;12;29;186;28;21;30;21
1494.0;20;41;14;29;184;28;24;31;19
1500.0;19;38;13;29;182;28;27;33;21
1506.0;20;33;14;30;183;31;22;37;20
1512.0;21;32;15;30;183;31;22;36;20
1518.0;20;31;14;33;182;31;21;36;22
1524.0;23;28;15;34;178;31;20;39;22
1530.0;23;28;18;34;174;30;21;41;21
1536.0;29;29;14;37;172;32;16;42;19
1542.0;27;31;15;37;174;33;14;41;18
1548.0;28;30;12;39;175;35;14;40;17
1554.0;27;28;13;40;174;32;15;41;20
1560.0;28;27;11;41;176;31;16;41;19
1566.0;27;24;12;42;175;32;17;41;20
1572.0;27;24;13;41;175;30;18;43;19
1578.0;27;24;13;41;174;31;19;44;17
1584.0;26;25;15;42;174;30;22;44;12
1590.0;25;27;13;41;179;32;18;42;13
1596.0;22;28;14;39;179;32;19;41;16
1602.0;21;29;17;35;179;33;19;40;17
1608.0;20;29;18;39;176;33;17;41;17
1614.0;21;28;18;37;175;31;20;44;16
1620.0;20;28;18;40;175;29;19;43;18
1626.0;19;26;19;43;175;31;19;43;15
1632.0;18;25;20;40;176;35;18;42;16
1638.0;19;24;24;41;175;33;17;39;18
1644.0;19;25;27;39;174;34;16;39;17
1650.0;20;23;27;41;175;33;19;36;16
1656.0;21;22;29;39;177;33;16;37;16
1662.0;21;24;27;38;178;34;13;37;18
1668.0;22;25;28;38;176;33;13;37;18
1674.0;20;27;26;35;177;33;16;40;16
1680.0;23;27;22;34;177;33;19;39;16
1686.0;22;28;23;31;177;31;24;37;17
1692.0;23;27;23;29;175;32;26;38;17
1698.0;23;26;19;30;177;34;25;39;17
1704.0;25;30;22;31;172;34;24;38;14
1710.0;23;28;21;33;175;34;24;36;16
1716.0;22;29;23;31;175;34;26;36;14
1722.0;18;28;21;34;175;34;28;37;15
1728.0;18;30;22;34;176;32;27;36;15
1734.0;18;28;21;34;177;33;25;36;18
1740.0;18;32;21;36;177;35;18;37;16
1746.0;18;33;19;34;176;35;20;40;15
1752.0;14;33;20;30;175;36;21;44;17
1758.0;16;33;19;30;176;35;21;43;17
1764.0;16;32;19;30;178;31;23;43;18
1770.0;13;33;20;30;179;31;22;41;21
1776.0;12;34;20;30;178;31;24;41;20
1782.0;12;34;22;29;177;35;23;42;16
1788.0;13;34;20;30;176;40;22;40;15
1794.0;16;35;22;29;176;37;21;41;13
