#auto generated file!
12.0;55;56;48;57;35;41;44;48;36
18.0;51;61;45;57;37;42;40;53;34
24.0;50;60;41;52;41;48;39;51;38
30.0;45;58;37;56;43;51;40;55;35
36.0;42;58;38;57;44;53;36;54;38
42.0;44;59;33;59;45;53;36;55;36
48.0;45;63;34;57;46;51;36;52;36
54.0;42;61;36;57;47;52;36;51;38
60.0;37;62;36;58;49;50;34;54;40
66.0;36;65;36;57;50;52;34;53;37
72.0;35;66;36;58;53;52;30;55;35
78.0;33;66;35;58;54;54;31;55;34
84.0;34;66;35;60;58;53;30;51;33
90.0;31;63;35;61;60;54;28;53;35
96.0;29;62;36;61;63;53;31;51;34
102.0;30;64;37;58;62;51;31;52;35
108.0;29;64;38;59;64;47;31;53;35
114.0;27;62;35;61;67;48;33;57;30
120.0;28;61;36;59;70;45;34;61;26
126.0;26;62;33;60;71;46;34;62;26
132.0;26;62;34;65;75;49;32;55;22
138.0;26;59;32;64;82;48;31;56;22
144.0;28;57;32;66;84;48;29;56;20
150.0;27;59;34;66;84;52;24;55;19
156.0;26;56;35;67;85;55;23;56;17
162.0;23;56;32;67;87;52;25;59;19
168.0;21;52;36;69;89;50;25;58;20
174.0;21;52;36;69;89;51;22;59;21
180.0;20;52;33;69;92;53;22;59;20
186.0;20;53;31;68;95;52;22;60;19
192.0;25;50;29;69;96;51;19;58;23
198.0;27;47;29;68;98;48;18;60;25
204.0;31;45;28;66;100;47;18;61;24
210.0;33;50;27;64;100;44;17;62;23
216.0;30;49;30;63;100;47;24;57;20
222.0;28;46;31;62;105;47;23;59;19
228.0;27;45;27;62;108;47;25;59;20
234.0;29;45;26;62;107;50;25;58;18
240.0;26;46;26;59;112;51;23;58;19
246.0;23;48;23;59;114;50;22;60;21
252.0;23;50;25;55;116;51;25;58;17
258.0;23;48;24;53;118;50;27;58;19
264.0;23;44;28;56;122;46;26;55;20
270.0;23;46;29;52;123;50;25;54;18
276.0;20;46;29;53;123;52;24;55;18
282.0;20;42;22;53;124;55;29;55;20
288.0;24;41;24;59;121;53;30;50;18
294.0;24;39;25;58;122;58;26;50;18
300.0;24;38;26;55;122;58;29;51;17
306.0;27;42;26;51;126;52;28;52;16
312.0;26;38;26;55;129;51;26;51;18
318.0;23;35;22;56;133;48;29;54;20
324.0;24;36;25;54;128;48;30;53;22
330.0;24;37;25;53;130;50;27;51;23
336.0;20;37;24;55;130;50;28;52;24
342.0;23;34;21;57;133;53;29;49;21
348.0;20;35;26;52;134;52;24;51;26
354.0;17;36;27;52;136;54;23;50;25
360.0;15;37;27;50;138;55;24;51;23
366.0;14;36;28;47;141;56;24;49;25
372.0;14;35;26;46;145;53;25;51;25
378.0;15;39;25;45;145;51;25;51;24
384.0;14;41;20;47;149;55;22;48;24
390.0;14;40;20;47;148;57;27;46;21
396.0;11;41;21;45;151;57;23;47;24
402.0;11;42;21;44;153;56;24;46;23
408.0;12;43;18;42;153;58;24;45;25
414.0;11;40;19;46;153;59;22;47;23
420.0;10;38;19;47;151;58;25;50;22
426.0;9;37;18;49;150;59;23;50;25
432.0;11;38;17;50;150;57;23;49;25
438.0;11;40;15;52;150;55;25;46;26
444.0;12;41;17;50;151;49;27;49;24
450.0;14;43;17;48;152;49;25;51;21
456.0;12;44;18;50;155;46;25;51;19
462.0;12;44;19;50;157;43;23;50;22
468.0;13;46;21;49;151;44;27;49;20
474.0;13;45;21;45;152;45;31;49;19
480.0;16;44;20;45;152;44;31;48;20
486.0;15;47;17;47;154;44;29;48;19
492.0;20;45;19;46;155;44;22;50;19
498.0;21;46;14;46;155;46;24;49;19
504.0;24;46;14;44;157;45;22;48;20
510.0;25;45;13;46;156;45;24;47;19
516.0;27;43;14;47;155;45;23;49;17
522.0;24;41;17;47;157;46;19;48;21
528.0;21;40;22;50;155;42;20;49;21
534.0;20;41;23;50;159;43;19;45;20
540.0;19;38;23;50;160;44;20;45;21
546.0;17;36;23;51;162;44;20;45;22
552.0;19;33;24;54;161;44;19;45;21
558.0;18;36;24;52;163;45;20;42;20
564.0;19;33;26;53;161;45;21;41;21
570.0;19;32;25;52;159;47;22;41;23
576.0;16;35;23;51;159;49;21;42;24
582.0;17;34;21;51;161;49;20;44;23
588.0;18;35;23;47;159;53;21;43;21
594.0;19;37;25;50;158;53;19;41;18
600.0;24;35;26;48;159;55;14;41;18
606.0;22;34;26;46;159;56;18;40;19
612.0;22;34;30;46;160;55;17;38;18
618.0;23;30;28;45;161;55;18;41;19
624.0;21;32;30;45;163;54;18;41;16
630.0;20;31;27;40;163;53;23;45;18
636.0;18;34;29;40;162;52;24;44;17
642.0;17;37;28;38;164;51;24;41;20
648.0;19;37;28;40;164;50;22;41;19
654.0;18;38;26;40;166;49;21;43;19
660.0;16;34;25;39;165;54;23;45;19
666.0;18;33;25;39;168;52;22;44;19
672.0;22;32;24;36;169;52;22;44;19
678.0;23;31;25;37;169;51;20;45;19
684.0;22;27;21;39;172;53;18;44;24
690.0;23;28;25;37;170;52;18;44;23
696.0;24;27;24;39;167;48;19;48;24
702.0;24;30;25;40;170;45;21;48;17
708.0;24;30;27;39;171;45;21;43;20
714.0;27;30;23;38;170;46;25;40;21
720.0;27;29;22;37;171;47;24;38;25
726.0;25;30;25;36;172;48;22;38;24
732.0;23;29;27;37;174;46;23;38;23
738.0;27;29;28;37;173;46;24;36;20
744.0;25;33;27;38;172;47;21;36;21
750.0;26;32;26;40;173;45;22;37;19
756.0;28;32;24;43;175;47;19;37;15
762.0;29;32;22;46;173;48;19;38;13
768.0;27;32;22;48;170;50;19;35;17
774.0;23;32;22;50;168;53;20;35;17
780.0;22;35;24;48;164;52;21;37;17
786.0;26;37;22;49;162;53;20;34;17
792.0;30;39;21;47;162;53;18;34;16
798.0;30;40;19;47;164;51;19;35;15
804.0;27;36;21;47;167;52;19;35;16
810.0;22;39;20;48;167;50;19;40;15
816.0;19;39;20;50;166;54;19;38;15
822.0;21;38;22;49;167;53;19;38;13
828.0;21;36;22;50;164;53;17;41;16
834.0;20;35;24;50;163;51;20;42;15
840.0;21;38;24;50;164;48;19;40;16
846.0;23;37;26;49;166;46;17;40;16
852.0;22;38;26;48;163;47;17;41;18
858.0;25;42;22;47;160;47;17;43;17
864.0;26;44;21;45;158;47;18;43;18
870.0;26;42;19;48;156;47;20;41;21
876.0;25;44;17;49;154;46;18;43;24
882.0;24;45;16;53;154;46;18;43;21
888.0;24;41;16;53;153;46;19;43;25
894.0;24;41;17;55;155;46;17;42;23
900.0;23;40;19;60;152;45;22;38;21
906.0;24;39;18;56;155;46;22;38;22
912.0;23;40;17;56;155;46;22;39;22
918.0;23;39;18;53;157;44;24;42;20
924.0;22;42;19;55;156;44;22;41;19
930.0;22;46;21;50;159;46;19;38;19
936.0;20;43;21;49;155;45;21;41;25
942.0;20;43;23;49;153;45;22;41;24
948.0;23;43;23;48;157;43;20;37;26
954.0;24;43;26;49;158;43;17;34;26
960.0;24;42;26;48;158;44;17;34;27
966.0;24;41;26;49;158;44;17;34;27
972.0;23;42;28;49;157;44;16;33;28
978.0;25;41;28;50;157;44;16;32;27
984.0;25;42;25;48;160;43;18;31;28
990.0;26;43;25;45;159;45;18;30;29
996.0;26;44;24;46;157;43;20;32;28
1002.0;26;43;21;46;157;47;18;34;28
1008.0;27;40;21;46;158;50;17;33;28
1014.0;26;40;20;47;158;51;21;32;25
1020.0;25;35;22;48;164;51;22;32;21
1026.0;26;36;22;52;162;48;22;30;22
1032.0;22;38;21;53;161;49;23;30;23
1038.0;20;40;20;54;161;50;22;32;21
1044.0;19;41;19;53;159;51;24;34;20
1050.0;20;42;16;51;159;53;25;33;21
1056.0;16;47;18;49;159;52;25;35;19
1062.0;17;45;18;48;160;52;25;37;18
1068.0;17;44;17;50;161;48;25;41;17
1074.0;18;43;20;48;161;51;24;39;16
1080.0;17;47;20;44;163;50;23;39;17
1086.0;19;44;21;43;163;49;23;44;14
1092.0;21;43;19;42;162;49;20;48;16
1098.0;22;45;17;41;166;45;18;51;15
1104.0;22;44;19;42;165;46;20;47;15
1110.0;23;45;16;45;163;44;20;47;17
1116.0;22;49;16;43;162;45;19;47;17
1122.0;24;48;15;42;161;44;19;51;16
1128.0;23;42;16;46;162;44;18;50;19
1134.0;21;46;18;47;161;42;16;48;21
1140.0;21;46;16;47;161;44;13;50;22
1146.0;19;45;17;51;157;45;17;45;24
1152.0;18;47;17;50;155;46;17;42;28
1158.0;19;48;18;46;157;46;20;40;26
1164.0;24;45;23;46;157;46;17;37;25
1170.0;24;44;21;47;157;47;19;36;25
1176.0;22;45;22;47;157;49;18;39;21
1182.0;25;42;22;47;158;48;21;38;19
1188.0;21;40;25;47;160;47;19;40;21
1194.0;21;40;27;46;160;43;21;43;19
1200.0;21;42;28;42;160;45;20;42;20
1206.0;23;42;25;43;158;46;19;44;20
1212.0;21;40;24;39;160;48;21;44;23
1218.0;25;42;22;39;159;48;22;40;23
1224.0;23;42;19;40;158;49;21;42;26
1230.0;24;44;21;38;158;49;19;40;27
1236.0;25;42;21;37;159;49;22;39;26
1242.0;23;41;18;39;161;50;22;38;28
1248.0;22;42;15;37;161;53;22;38;30
1254.0;22;44;15;38;159;53;19;39;31
1260.0;20;45;17;39;159;52;18;39;31
1266.0;18;44;16;38;163;50;20;39;32
1272.0;19;43;18;39;161;50;18;39;33
1278.0;20;42;18;39;163;50;15;38;35
1284.0;20;40;21;39;163;51;15;41;30
1290.0;22;41;22;37;164;51;16;39;28
1296.0;18;41;23;34;168;50;17;40;29
1302.0;17;40;24;35;168;51;15;42;28
1308.0;21;37;26;37;169;49;15;40;26
1314.0;22;38;24;39;169;49;16;38;25
1320.0;18;39;25;38;166;50;20;37;27
1326.0;17;38;26;39;165;50;19;39;27
1332.0;20;37;29;37;165;49;16;41;26
1338.0;20;36;27;38;170;48;15;42;24
1344.0;19;34;26;37;169;47;18;48;22
1350.0;21;32;27;38;170;46;18;48;20
1356.0;21;29;26;40;172;46;17;47;22
1362.0;21;29;25;41;175;47;14;46;22
1368.0;24;28;29;36;177;45;17;41;23
1374.0;26;27;25;34;174;50;19;44;21
1380.0;26;31;25;31;174;50;18;42;23
1386.0;25;31;27;31;173;47;19;42;25
1392.0;25;31;26;31;173;49;22;40;23
1398.0;24;32;25;33;171;48;22;40;25
1404.0;25;32;25;32;173;44;22;41;26
1410.0;23;31;26;32;173;45;23;42;25
1416.0;22;32;27;33;173;47;24;43;19
1422.0;21;30;25;34;174;47;26;43;20
1428.0;23;30;23;32;173;46;26;46;21
1434.0;23;30;21;35;176;46;22;45;22
1440.0;22;33;16;33;176;47;25;47;21
1446.0;19;35;16;34;178;44;24;47;23
1452.0;19;35;17;33;178;43;24;47;24
1458.0;18;35;17;34;176;42;22;48;28
1464.0;16;36;21;30;177;41;21;49;29
1470.0;17;34;23;29;179;41;20;50;27
1476.0;18;32;22;29;176;43;25;51;24
1482.0;19;31;22;32;176;44;20;51;25
1488.0;21;31;20;32;175;46;18;52;25
1494.0;21;32;18;32;177;47;17;55;21
1500.0;20;34;16;31;179;44;19;55;22
1506.0;20;34;16;32;180;41;20;55;22
1512.0;23;36;16;32;176;41;18;54;24
1518.0;24;39;19;29;173;42;17;55;22
1524.0;22;38;21;28;172;44;15;55;25
1530.0;22;43;22;28;174;42;12;56;21
1536.0;21;42;21;31;172;40;14;55;24
1542.0;18;44;21;29;176;39;15;53;25
1548.0;16;46;25;28;175;37;15;53;25
1554.0;12;48;20;30;171;40;17;52;30
1560.0;14;47;21;31;173;38;17;52;27
1566.0;16;46;22;32;171;39;16;49;29
1572.0;14;45;22;33;170;37;16;50;33
1578.0;15;43;22;35;169;38;18;49;31
1584.0;16;41;21;36;170;35;21;47;33
1590.0;13;42;24;37;170;38;21;43;32
1596.0;15;47;23;35;169;40;20;41;30
1602.0;14;50;23;38;167;40;18;42;28
1608.0;11;47;24;41;166;42;17;44;28
1614.0;12;49;24;43;167;41;13;43;28
1620.0;13;46;27;41;166;43;13;42;29
1626.0;12;45;28;41;169;44;16;40;25
1632.0;16;43;31;39;169;46;17;39;20
1638.0;16;37;29;43;171;46;18;39;21
1644.0;16;36;29;42;172;45;20;38;22
1650.0;16;35;31;39;171;46;22;37;23
1656.0;12;37;29;36;171;46;21;40;28
1662.0;15;39;27;37;171;46;21;37;27
1668.0;16;38;25;38;171;47;21;39;25
1674.0;14;37;24;34;174;50;23;36;28
1680.0;15;41;26;34;176;47;22;33;26
1686.0;18;38;25;36;177;44;21;34;27
1692.0;19;39;23;38;179;43;21;33;25
1698.0;20;39;24;32;181;43;24;33;24
1704.0;21;40;24;33;179;42;25;31;25
1710.0;17;41;23;34;182;41;25;29;28
1716.0;17;40;23;32;180;42;24;30;32
1722.0;18;39;24;34;183;39;27;27;29
1728.0;20;42;25;35;180;42;25;25;26
1734.0;23;42;25;34;183;38;23;22;30
1740.0;26;37;23;34;187;38;23;22;30
1746.0;26;33;25;35;188;37;22;26;28
1752.0;26;32;26;37;184;37;25;25;28
1758.0;22;32;26;42;184;34;27;26;27
1764.0;20;32;29;40;185;31;29;30;24
1770.0;15;31;31;41;184;34;25;30;29
1776.0;14;28;28;41;186;34;27;32;30
1782.0;16;27;30;40;189;34;27;31;26
1788.0;15;24;31;41;189;33;29;33;25
1794.0;17;24;29;41;189;32;29;34;25
