#auto generated file!
12.0;13;22;16;18;14;16;13;12;16
18.0;13;24;14;18;14;17;13;11;16
24.0;13;21;13;19;14;20;15;11;14
30.0;13;17;14;19;15;23;14;11;14
36.0;13;16;15;19;15;25;12;11;14
42.0;12;16;15;20;16;25;14;10;12
48.0;11;14;17;22;16;24;15;10;11
54.0;12;12;15;23;17;24;15;10;12
60.0;9;13;15;23;18;23;15;11;13
66.0;11;14;15;23;18;20;13;13;13
72.0;12;15;13;22;18;22;13;14;11
78.0;13;12;11;23;20;22;12;15;12
84.0;11;14;12;23;20;22;11;16;11
90.0;10;13;13;22;20;20;13;18;11
96.0;10;15;13;21;19;22;11;17;12
102.0;10;16;12;20;21;21;11;17;12
108.0;10;17;13;19;22;21;10;18;10
114.0;12;17;13;19;23;20;11;16;9
120.0;12;16;13;19;25;20;11;16;8
126.0;14;15;15;19;24;20;10;15;8
132.0;14;15;14;19;25;17;12;16;8
138.0;13;15;12;21;25;16;12;18;8
144.0;11;17;11;21;27;15;11;16;11
150.0;13;17;13;19;29;13;10;16;10
156.0;12;17;14;18;30;11;9;19;10
162.0;14;16;13;19;30;11;8;19;10
168.0;13;16;15;18;31;11;7;19;10
174.0;11;19;14;18;31;11;6;19;11
180.0;9;19;14;18;31;12;7;19;11
186.0;9;18;15;17;32;12;8;18;11
192.0;7;18;15;17;32;12;9;20;10
198.0;7;18;13;17;34;11;11;18;11
204.0;7;19;10;16;34;11;11;21;11
210.0;8;18;11;17;34;11;10;21;10
216.0;10;15;12;18;33;14;10;20;8
222.0;11;15;11;18;32;14;12;19;8
228.0;9;11;13;16;34;14;11;22;10
234.0;9;13;12;17;33;13;10;21;12
240.0;10;14;12;16;33;13;10;22;10
246.0;10;14;12;17;33;12;10;22;10
252.0;10;15;14;17;33;12;9;22;8
258.0;11;17;15;18;34;11;7;19;8
264.0;11;16;14;17;36;11;10;16;9
270.0;13;16;13;16;35;11;11;17;8
276.0;11;16;14;18;35;12;10;19;5
282.0;9;18;15;18;33;15;11;18;3
288.0;9;17;15;19;32;15;11;19;3
294.0;8;17;13;17;35;17;9;20;4
300.0;7;15;10;19;37;18;10;20;4
306.0;5;16;11;18;37;19;10;19;5
312.0;4;15;11;18;38;18;10;21;5
318.0;5;14;11;19;39;17;8;19;8
324.0;6;12;10;20;38;19;8;20;7
330.0;6;14;11;20;38;18;8;20;5
336.0;5;14;11;20;37;18;9;20;6
342.0;8;14;11;19;39;18;7;19;5
348.0;8;14;10;19;41;17;6;18;7
354.0;8;15;10;19;42;16;8;17;5
360.0;7;14;9;21;43;16;8;17;5
366.0;7;15;8;23;44;14;8;16;5
372.0;6;13;6;23;46;15;8;17;6
378.0;4;12;6;22;48;18;7;17;6
384.0;4;11;7;21;47;17;8;17;8
390.0;5;11;8;19;48;18;8;15;8
396.0;8;10;9;19;48;18;8;13;7
402.0;9;11;10;20;48;20;8;10;4
408.0;9;11;9;21;48;21;8;9;4
414.0;10;10;8;20;47;23;8;9;5
420.0;9;11;8;19;47;23;8;10;5
426.0;8;12;8;19;47;24;8;8;6
432.0;9;12;8;19;47;24;7;8;6
438.0;8;12;7;19;47;23;9;8;7
444.0;7;11;7;16;48;25;9;11;6
450.0;7;11;7;17;49;25;8;11;5
456.0;9;10;7;18;50;24;7;9;6
462.0;9;10;7;16;49;24;8;10;7
468.0;8;9;8;16;49;23;8;10;9
474.0;8;9;7;18;50;21;7;11;9
480.0;8;11;10;18;49;20;6;10;8
486.0;9;11;10;17;48;20;6;10;9
492.0;11;10;10;15;48;19;6;11;10
498.0;10;12;9;16;49;17;8;10;9
504.0;9;14;11;16;46;18;8;9;9
510.0;8;14;10;17;47;18;9;7;10
516.0;6;13;8;18;51;18;8;7;11
522.0;5;14;9;14;50;19;9;9;11
528.0;3;17;8;12;52;20;8;9;11
534.0;3;19;9;12;54;18;7;8;10
540.0;3;18;7;13;53;18;7;8;13
546.0;4;17;8;15;55;17;5;8;11
552.0;5;16;8;16;53;16;6;9;11
558.0;6;18;7;15;54;17;6;9;8
564.0;8;19;5;15;55;16;7;8;7
570.0;7;20;6;16;55;15;6;10;5
576.0;6;21;6;16;55;14;6;9;7
582.0;5;21;6;16;54;12;7;13;6
588.0;6;22;5;14;53;13;6;15;6
594.0;7;22;2;11;54;12;6;17;9
600.0;6;22;1;12;54;14;6;18;7
606.0;5;19;2;12;56;14;7;18;7
612.0;5;18;1;12;55;16;7;18;8
618.0;5;17;3;13;54;15;7;17;9
624.0;7;16;3;14;56;16;5;15;8
630.0;5;16;6;16;55;15;5;15;7
636.0;6;16;6;15;56;15;4;15;7
642.0;7;17;5;17;56;13;3;17;5
648.0;5;19;8;16;55;14;3;15;5
654.0;5;20;6;16;55;14;4;15;5
660.0;6;19;4;16;55;15;5;14;6
666.0;6;17;4;17;57;13;6;15;5
672.0;6;17;3;17;57;14;6;16;4
678.0;4;19;3;16;60;13;6;15;4
684.0;4;21;2;16;60;13;6;15;3
690.0;5;22;2;17;57;12;7;14;4
696.0;5;23;2;17;56;12;7;14;4
702.0;5;21;2;17;57;12;6;16;4
708.0;5;21;3;15;54;14;7;17;4
714.0;5;20;4;15;54;13;6;17;6
720.0;5;19;5;14;56;13;6;16;6
726.0;5;18;6;12;57;12;6;16;8
732.0;5;18;7;12;57;13;5;16;7
738.0;6;17;7;11;54;14;6;18;7
744.0;8;15;6;11;54;15;7;17;7
750.0;7;14;5;12;53;16;8;17;8
756.0;7;14;5;13;54;14;8;17;8
762.0;5;15;5;12;55;16;9;17;6
768.0;5;17;5;11;55;15;8;18;6
774.0;6;17;5;12;54;15;8;17;6
780.0;7;16;3;12;55;16;6;19;6
786.0;8;17;2;13;56;14;7;17;6
792.0;7;16;2;14;56;14;6;18;7
798.0;7;17;2;13;57;13;6;17;8
804.0;6;17;2;13;58;12;5;18;9
810.0;5;18;3;14;58;12;4;17;9
816.0;5;18;3;14;58;13;4;17;8
822.0;8;17;4;14;58;12;4;18;5
828.0;9;18;5;14;58;10;4;17;5
834.0;10;15;4;14;60;9;3;17;8
840.0;7;14;8;15;60;9;4;14;9
846.0;7;16;8;14;61;8;3;13;10
852.0;6;16;7;13;62;9;5;12;10
858.0;8;15;8;13;61;11;6;11;7
864.0;8;15;7;13;61;11;6;11;8
870.0;7;14;8;14;64;11;7;9;6
876.0;7;13;9;15;64;10;5;10;7
882.0;5;12;9;15;65;10;6;10;8
888.0;4;13;8;15;65;10;6;11;8
894.0;5;15;7;16;62;10;6;11;8
900.0;6;14;7;15;61;10;7;11;9
906.0;5;15;6;17;61;10;7;11;8
912.0;5;15;6;17;60;11;7;11;8
918.0;4;14;7;16;61;11;7;11;9
924.0;3;15;7;16;61;12;8;11;7
930.0;3;12;8;15;63;12;6;13;8
936.0;2;13;7;15;62;12;6;15;8
942.0;4;14;9;13;60;13;6;15;6
948.0;4;12;8;13;61;15;6;14;7
954.0;4;12;6;13;62;14;7;14;8
960.0;4;13;7;13;61;13;6;15;8
966.0;4;10;8;15;59;14;7;15;8
972.0;4;10;8;16;60;14;6;14;8
978.0;4;10;9;16;61;14;6;13;7
984.0;6;10;9;17;61;13;5;12;7
990.0;6;9;10;17;62;13;5;12;6
996.0;6;9;9;16;62;14;5;12;7
1002.0;6;9;8;17;61;14;5;12;8
1008.0;7;10;9;15;60;14;4;12;9
1014.0;8;10;10;15;58;15;4;12;8
1020.0;7;10;10;17;58;15;3;12;8
1026.0;7;12;10;16;58;14;3;12;8
1032.0;8;11;9;16;59;14;3;12;8
1038.0;9;11;12;14;59;11;4;12;8
1044.0;8;12;12;14;59;11;7;11;6
1050.0;10;11;10;16;60;10;6;11;6
1056.0;10;12;10;18;59;9;6;10;6
1062.0;11;13;8;20;59;9;4;10;6
1068.0;11;11;7;19;59;9;5;12;7
1074.0;12;11;6;20;60;8;5;12;6
1080.0;10;11;5;19;62;9;5;12;7
1086.0;10;10;6;19;61;11;5;11;7
1092.0;10;9;5;19;63;12;6;11;5
1098.0;11;11;4;20;63;10;5;11;5
1104.0;11;11;4;20;63;10;5;11;5
1110.0;12;11;4;19;63;10;5;11;5
1116.0;12;11;4;18;61;12;5;12;5
1122.0;12;12;5;18;59;11;5;12;6
1128.0;12;12;3;17;57;12;6;13;8
1134.0;12;11;3;17;57;12;7;13;8
1140.0;12;11;4;18;57;11;6;13;8
1146.0;10;11;4;17;57;11;5;13;12
1152.0;10;11;3;15;57;11;5;15;13
1158.0;10;11;3;14;58;10;6;15;13
1164.0;11;11;3;14;60;10;6;14;11
1170.0;11;11;3;14;60;9;6;14;12
1176.0;10;11;4;15;60;10;6;15;9
1182.0;11;13;4;12;60;11;6;14;9
1188.0;10;13;4;12;61;11;6;16;7
1194.0;11;12;4;14;60;12;4;15;8
1200.0;9;13;4;13;58;13;7;14;9
1206.0;10;12;4;12;58;13;8;14;9
1212.0;11;12;4;11;58;12;9;14;9
1218.0;13;11;5;12;57;12;7;14;9
1224.0;13;11;5;12;56;13;7;14;9
1230.0;11;11;5;14;57;13;6;15;8
1236.0;10;12;5;15;55;14;7;15;7
1242.0;9;10;4;13;58;13;8;16;9
1248.0;10;10;4;13;60;13;8;14;8
1254.0;10;12;3;11;61;13;7;14;9
1260.0;9;12;1;13;61;14;7;15;8
1266.0;10;12;2;13;60;15;7;14;7
1272.0;9;12;2;14;60;17;6;14;6
1278.0;8;13;1;12;60;17;7;15;7
1284.0;6;13;1;14;59;16;8;16;7
1290.0;7;11;1;14;58;16;8;17;8
1296.0;7;12;2;14;56;17;8;17;7
1302.0;8;13;2;13;57;18;7;15;7
1308.0;8;14;2;15;56;18;6;13;8
1314.0;8;13;4;16;57;18;6;12;6
1320.0;8;12;4;15;57;20;5;14;5
1326.0;9;12;1;16;56;20;5;15;6
1332.0;9;11;1;16;57;19;7;15;5
1338.0;11;11;1;16;59;19;5;14;4
1344.0;10;11;2;17;58;19;5;14;4
1350.0;10;9;3;18;59;19;6;12;4
1356.0;11;9;3;18;58;19;8;11;3
1362.0;10;7;4;17;57;21;8;13;3
1368.0;7;7;5;18;56;21;9;12;5
1374.0;7;8;5;18;56;21;9;11;5
1380.0;7;10;4;17;56;20;9;11;6
1386.0;8;10;6;14;56;17;8;15;6
1392.0;10;10;6;11;57;17;7;14;8
1398.0;11;10;5;9;59;19;5;16;6
1404.0;9;10;6;9;59;20;5;17;5
1410.0;7;13;6;10;59;18;4;18;5
1416.0;6;12;6;9;59;19;6;17;6
1422.0;7;11;6;9;58;18;7;17;7
1428.0;6;11;7;11;58;19;7;16;5
1434.0;5;12;5;11;59;18;6;18;6
1440.0;6;14;4;11;57;18;8;16;6
1446.0;4;15;5;10;57;18;9;16;6
1452.0;3;16;6;10;56;17;7;16;9
1458.0;3;16;7;10;57;17;5;16;9
1464.0;3;17;5;10;57;17;5;17;9
1470.0;1;18;5;12;56;18;4;17;9
1476.0;1;17;4;13;54;20;4;18;9
1482.0;2;17;3;15;54;19;3;20;7
1488.0;1;18;4;16;53;18;4;19;7
1494.0;3;18;4;16;53;17;4;17;8
1500.0;2;18;6;19;52;16;4;15;8
1506.0;3;16;6;18;51;17;5;15;9
1512.0;4;14;5;20;51;17;4;16;9
1518.0;5;13;5;21;52;16;4;15;9
1524.0;5;13;6;20;52;15;6;14;9
1530.0;6;14;6;19;55;12;7;15;6
1536.0;5;15;7;18;54;12;7;16;6
1542.0;5;15;7;18;54;11;9;16;5
1548.0;5;15;8;17;55;11;11;13;5
1554.0;5;15;9;19;54;10;11;13;4
1560.0;5;14;9;18;54;9;11;13;7
1566.0;4;14;7;20;54;8;12;14;7
1572.0;5;16;8;19;52;7;12;14;7
1578.0;5;16;6;19;53;6;11;16;8
1584.0;5;18;6;19;53;5;11;16;7
1590.0;6;17;6;16;56;5;10;18;6
1596.0;7;17;6;16;55;6;10;18;5
1602.0;7;17;5;18;56;8;7;17;5
1608.0;6;17;4;17;57;8;8;17;6
1614.0;5;16;4;16;59;8;8;18;6
1620.0;4;16;5;16;60;8;9;17;5
1626.0;3;15;6;16;61;8;9;15;7
1632.0;2;16;5;17;60;10;9;15;6
1638.0;2;18;4;17;60;9;9;15;6
1644.0;2;18;4;17;59;10;8;16;6
1650.0;3;18;5;17;57;11;7;17;5
1656.0;5;17;6;17;56;10;8;16;5
1662.0;6;16;6;17;56;10;7;17;5
1668.0;5;16;7;15;55;13;7;16;6
1674.0;4;15;9;14;56;13;8;15;6
1680.0;4;15;5;15;55;11;12;17;6
1686.0;6;15;5;15;54;12;10;17;6
1692.0;4;16;3;16;56;12;10;17;6
1698.0;5;17;3;16;56;13;8;16;6
1704.0;4;16;5;14;59;13;8;15;6
1710.0;6;16;5;12;59;13;9;15;5
1716.0;7;16;4;12;58;12;9;17;5
1722.0;6;17;4;12;58;11;9;18;5
1728.0;7;18;5;12;57;12;7;17;5
1734.0;5;19;4;13;58;12;7;17;5
1740.0;6;18;4;11;55;13;9;19;5
1746.0;7;17;3;13;55;13;10;17;5
1752.0;8;16;3;13;56;13;8;17;6
1758.0;8;14;2;14;57;13;9;17;6
1764.0;8;14;3;13;57;13;9;19;4
1770.0;8;15;3;13;58;13;6;19;5
1776.0;8;13;4;16;59;13;7;16;4
1782.0;8;12;3;18;59;13;8;14;5
1788.0;8;12;3;17;59;14;8;14;5
1794.0;5;13;2;18;61;13;8;16;4
