#auto generated file!
12.0;27;22;35;33;29;20;27;30;37
18.0;28;23;34;32;28;20;28;31;36
24.0;25;21;26;33;32;24;30;31;38
30.0;25;25;23;32;38;24;27;30;36
36.0;25;27;24;33;41;20;28;30;32
42.0;30;26;23;32;47;18;25;29;30
48.0;29;27;20;34;49;17;27;29;28
54.0;30;29;20;32;48;19;29;26;27
60.0;31;29;21;32;47;21;27;24;28
66.0;26;29;23;35;49;20;28;24;26
72.0;26;28;23;36;52;23;26;25;21
78.0;24;29;23;36;53;22;25;25;23
84.0;22;28;23;38;55;21;23;26;24
90.0;18;29;22;38;60;21;22;24;26
96.0;19;28;22;35;62;19;24;26;25
102.0;19;29;21;35;63;19;23;26;25
108.0;21;28;20;36;60;19;25;26;25
114.0;19;27;23;33;61;22;24;28;23
120.0;19;26;18;34;62;21;24;31;25
126.0;19;25;16;34;63;21;23;30;29
132.0;19;28;14;32;64;22;23;30;28
138.0;17;28;11;33;64;25;23;30;29
144.0;16;26;14;34;65;24;24;31;26
150.0;13;26;16;36;66;26;25;28;24
156.0;13;26;15;33;68;25;26;29;25
162.0;13;24;17;32;68;26;28;28;24
168.0;11;26;13;33;73;26;28;28;22
174.0;13;24;15;32;73;28;27;28;20
180.0;12;25;15;31;74;27;29;28;19
186.0;14;23;13;32;75;31;27;26;19
192.0;14;23;13;34;74;30;24;27;21
198.0;14;22;14;33;75;30;24;26;22
204.0;13;25;16;31;81;29;18;25;22
210.0;13;25;15;33;82;31;17;25;19
216.0;13;27;14;34;82;30;15;27;18
222.0;13;27;14;35;81;30;13;30;17
228.0;14;28;13;36;82;29;13;30;15
234.0;11;29;13;35;83;29;12;29;19
240.0;11;31;13;37;84;28;10;28;18
246.0;11;32;13;36;85;29;8;28;18
252.0;11;35;14;34;85;29;7;28;17
258.0;10;35;14;31;86;27;8;30;19
264.0;10;37;13;32;83;27;9;32;17
270.0;12;34;11;33;83;25;12;31;19
276.0;11;36;12;33;82;27;11;34;14
282.0;13;36;12;32;80;28;10;33;16
288.0;16;33;13;30;79;28;10;36;15
294.0;15;35;14;28;79;26;10;34;19
300.0;16;36;17;26;80;23;10;34;18
306.0;18;36;19;26;80;21;10;32;18
312.0;17;36;20;26;80;21;10;32;18
318.0;18;35;23;28;78;22;10;30;16
324.0;17;34;24;30;80;22;10;27;16
330.0;18;36;24;28;80;23;8;27;16
336.0;16;36;21;29;80;25;10;28;15
342.0;14;33;23;27;80;29;10;29;15
348.0;14;33;24;27;79;28;11;30;14
354.0;17;31;24;30;78;29;9;28;14
360.0;18;31;20;31;79;31;8;27;15
366.0;18;33;20;31;80;30;7;24;17
372.0;16;32;22;30;83;31;8;21;17
378.0;17;32;22;31;84;31;8;20;15
384.0;16;33;21;31;85;31;8;20;15
390.0;16;32;20;30;85;33;8;19;17
396.0;15;33;18;30;85;33;8;21;17
402.0;18;34;18;27;83;34;8;22;16
408.0;17;36;15;26;82;36;9;22;17
414.0;18;34;16;26;87;34;7;21;17
420.0;20;34;18;27;89;29;6;19;18
426.0;17;36;17;30;89;29;7;19;16
432.0;18;38;16;26;90;30;8;18;16
438.0;19;35;16;26;91;33;9;16;15
444.0;17;36;17;25;92;33;9;16;15
450.0;17;35;18;25;90;31;12;16;16
456.0;19;35;15;29;88;32;10;16;16
462.0;15;35;13;31;92;32;10;17;15
468.0;15;34;14;33;91;33;9;15;16
474.0;13;31;15;34;92;34;7;17;17
480.0;11;31;14;32;91;35;7;20;19
486.0;11;32;15;32;91;37;7;19;16
492.0;10;30;13;32;94;36;11;19;15
498.0;11;29;15;30;94;35;12;19;15
504.0;11;31;12;29;94;37;14;17;15
510.0;14;31;10;28;94;34;15;18;16
516.0;14;30;12;28;92;35;13;19;17
522.0;15;30;13;27;92;33;12;20;18
528.0;16;31;12;25;94;31;12;21;18
534.0;15;34;13;24;91;32;11;22;18
540.0;16;34;11;22;92;32;13;21;19
546.0;16;34;11;20;95;32;15;22;15
552.0;17;33;12;21;96;29;13;24;15
558.0;14;33;9;25;96;33;12;24;14
564.0;13;32;10;25;97;36;13;20;14
570.0;12;31;11;25;97;38;12;22;12
576.0;13;32;12;25;95;33;12;26;12
582.0;12;32;12;24;95;32;14;28;11
588.0;10;32;12;22;96;33;13;29;13
594.0;10;35;11;21;96;30;13;30;14
600.0;9;35;12;20;97;30;13;28;16
606.0;10;35;14;20;94;31;13;29;14
612.0;9;35;16;20;95;28;14;29;14
618.0;10;35;15;20;97;28;13;27;15
624.0;11;35;14;18;98;28;14;26;16
630.0;11;35;15;16;99;28;13;28;15
636.0;10;35;18;16;97;25;13;28;18
642.0;10;33;17;18;98;24;13;29;18
648.0;8;32;18;18;98;25;14;31;16
654.0;6;31;17;17;100;25;16;33;15
660.0;9;29;16;17;102;23;15;35;14
666.0;10;30;15;17;102;24;14;34;14
672.0;11;28;17;16;104;22;14;33;15
678.0;13;26;18;19;104;23;13;30;14
684.0;13;24;19;20;104;24;12;31;13
690.0;14;26;19;18;105;23;11;30;14
696.0;11;26;19;18;107;23;13;27;16
702.0;12;24;20;17;107;22;13;29;16
708.0;10;23;18;19;108;26;12;28;16
714.0;9;20;20;19;108;28;13;28;15
720.0;9;23;20;20;110;26;12;28;12
726.0;8;24;17;23;113;23;14;28;10
732.0;11;22;16;22;112;24;14;29;10
738.0;12;22;15;21;113;25;14;26;12
744.0;13;24;17;18;114;23;11;25;15
750.0;11;22;17;22;112;23;13;27;13
756.0;11;22;17;21;116;23;11;28;11
762.0;10;22;18;20;115;23;11;30;11
768.0;11;21;19;21;114;23;10;30;11
774.0;14;21;19;22;112;22;8;31;11
780.0;15;21;19;21;111;26;8;28;11
786.0;15;20;16;22;114;26;10;25;12
792.0;13;21;16;21;115;27;10;25;12
798.0;13;23;16;21;113;26;12;23;13
804.0;14;25;15;23;112;26;15;19;11
810.0;16;25;14;23;113;27;15;18;9
816.0;17;24;16;22;113;27;18;16;7
822.0;16;25;15;20;115;25;18;18;8
828.0;19;25;14;18;117;24;20;16;7
834.0;18;24;13;19;118;23;19;17;9
840.0;17;23;13;21;119;23;18;17;9
846.0;19;22;14;21;119;22;16;17;10
852.0;19;21;14;21;120;22;14;16;13
858.0;17;20;14;22;120;21;14;15;17
864.0;18;22;12;23;121;21;14;15;14
870.0;19;22;11;24;121;21;15;15;12
876.0;20;21;11;23;119;22;15;18;11
882.0;18;22;12;22;119;23;13;18;13
888.0;16;20;12;22;119;23;17;18;13
894.0;19;20;9;24;120;19;18;19;12
900.0;19;19;10;26;120;19;17;19;11
906.0;17;21;10;26;119;20;17;19;11
912.0;17;22;10;25;119;19;16;21;11
918.0;19;21;10;25;117;19;16;22;11
924.0;18;21;12;25;114;20;14;24;12
930.0;18;22;11;25;114;20;13;24;13
936.0;17;22;12;26;114;20;14;23;12
942.0;14;24;10;26;114;21;12;27;12
948.0;14;24;9;26;114;22;11;28;12
954.0;16;26;9;29;111;22;11;24;12
960.0;16;26;7;30;112;25;10;22;12
966.0;14;26;8;32;112;24;11;21;12
972.0;12;25;8;33;111;24;13;22;12
978.0;12;26;7;33;112;24;13;22;11
984.0;12;28;6;32;113;24;13;21;11
990.0;11;25;6;33;111;26;13;21;14
996.0;13;26;4;29;110;27;15;23;13
1002.0;15;28;3;26;110;25;14;25;14
1008.0;13;28;2;25;112;25;15;27;13
1014.0;12;31;3;24;111;23;18;25;13
1020.0;11;28;4;26;112;21;21;25;12
1026.0;13;30;5;25;112;19;18;24;14
1032.0;12;30;6;25;114;20;18;20;15
1038.0;11;32;5;26;113;22;17;20;14
1044.0;10;32;5;26;114;23;16;21;13
1050.0;11;32;6;24;115;22;16;22;12
1056.0;10;32;7;22;116;23;16;23;11
1062.0;9;31;9;21;117;24;15;22;12
1068.0;9;31;10;21;116;26;13;23;11
1074.0;8;32;9;21;117;24;13;24;12
1080.0;11;30;10;22;116;24;14;24;9
1086.0;10;31;9;24;117;23;13;23;10
1092.0;9;30;11;25;117;21;14;23;10
1098.0;9;33;8;25;117;21;13;22;12
1104.0;9;34;8;24;115;22;12;23;13
1110.0;11;33;9;25;116;24;11;22;9
1116.0;10;33;9;24;116;24;10;22;12
1122.0;10;31;8;22;116;26;12;24;11
1128.0;10;32;11;19;116;27;12;24;9
1134.0;13;31;11;19;114;25;12;25;10
1140.0;14;30;14;18;113;26;13;24;8
1146.0;14;29;15;19;112;26;13;24;8
1152.0;12;28;14;21;113;26;13;24;9
1158.0;12;28;12;22;112;24;15;25;10
1164.0;11;28;11;22;112;23;17;26;10
1170.0;10;26;11;21;114;24;19;26;9
1176.0;10;26;11;21;114;23;17;27;11
1182.0;8;26;9;22;114;23;18;27;13
1188.0;8;28;10;21;113;22;19;28;11
1194.0;7;29;11;20;114;22;21;26;10
1200.0;7;31;10;19;115;23;22;25;8
1206.0;7;32;10;19;114;24;20;26;8
1212.0;10;29;11;19;115;22;19;27;8
1218.0;10;30;10;19;115;21;18;30;7
1224.0;9;29;12;18;115;21;17;31;8
1230.0;7;30;13;19;115;21;16;34;5
1236.0;10;31;12;19;113;20;14;32;9
1242.0;8;31;12;20;114;20;15;30;10
1248.0;10;31;13;19;113;21;14;30;9
1254.0;10;34;10;19;110;24;14;29;10
1260.0;9;33;9;19;112;21;15;31;11
1266.0;9;35;9;18;112;23;13;31;10
1272.0;9;34;9;18;115;23;13;29;10
1278.0;7;34;9;18;115;24;14;29;10
1284.0;10;33;8;19;115;24;12;29;10
1290.0;11;32;9;20;114;25;11;30;8
1296.0;10;32;12;19;115;25;10;31;6
1302.0;11;34;15;20;113;22;10;29;6
1308.0;13;35;12;22;114;21;9;29;5
1314.0;13;34;12;22;113;22;11;29;4
1320.0;13;34;12;23;112;21;13;28;4
1326.0;13;34;14;21;114;19;11;28;6
1332.0;14;36;13;22;113;18;12;27;5
1338.0;13;33;13;25;114;19;12;26;5
1344.0;12;34;14;23;112;18;15;24;8
1350.0;12;34;15;23;110;18;15;24;9
1356.0;13;33;13;21;110;23;13;22;12
1362.0;13;36;12;22;108;22;14;22;11
1368.0;13;38;11;19;107;24;13;23;12
1374.0;15;32;12;20;105;27;16;23;10
1380.0;14;32;11;22;104;28;16;24;9
1386.0;16;31;11;21;102;28;17;21;13
1392.0;17;32;10;23;106;25;16;19;12
1398.0;16;31;12;22;105;27;14;21;12
1404.0;16;32;10;21;104;27;14;24;12
1410.0;17;29;12;20;103;28;16;22;13
1416.0;16;26;11;19;108;30;16;20;14
1422.0;16;25;9;20;112;28;16;20;14
1428.0;19;26;10;19;111;26;14;21;14
1434.0;21;28;8;20;110;25;14;21;13
1440.0;22;27;9;20;111;23;13;21;14
1446.0;18;28;10;19;112;25;13;22;13
1452.0;18;27;10;20;112;25;12;21;15
1458.0;19;27;9;20;112;26;12;21;14
1464.0;19;27;9;19;113;24;12;24;13
1470.0;22;22;7;22;112;25;12;26;12
1476.0;21;24;6;20;113;24;12;29;11
1482.0;21;23;7;23;111;23;12;26;14
1488.0;19;23;8;23;110;24;12;25;16
1494.0;17;22;9;22;112;24;14;26;14
1500.0;13;23;11;21;114;25;15;24;14
1506.0;11;23;9;24;115;25;16;24;13
1512.0;13;23;10;21;117;22;16;25;13
1518.0;12;23;11;21;113;25;17;25;13
1524.0;13;23;12;20;114;27;14;26;11
1530.0;12;23;11;19;116;28;12;28;11
1536.0;14;25;10;18;116;27;10;28;12
1542.0;15;26;11;18;116;26;8;27;13
1548.0;15;25;12;15;117;26;7;30;13
1554.0;14;26;11;16;117;25;9;28;14
1560.0;15;26;9;16;113;27;9;27;18
1566.0;15;27;6;18;114;28;9;27;16
1572.0;18;26;8;19;116;26;7;26;14
1578.0;14;28;10;21;116;28;7;25;11
1584.0;14;27;9;19;116;29;7;27;12
1590.0;14;28;11;20;112;29;7;28;11
1596.0;12;29;10;23;112;28;9;25;12
1602.0;10;30;10;24;113;28;9;26;10
1608.0;12;32;8;22;116;29;8;25;8
1614.0;14;29;6;19;116;31;7;27;11
1620.0;15;29;6;20;117;30;8;24;11
1626.0;14;27;8;23;118;28;6;23;13
1632.0;14;27;9;23;118;27;8;21;13
1638.0;12;28;9;23;117;27;10;20;14
1644.0;14;29;8;21;116;25;12;19;16
1650.0;13;31;8;22;119;23;14;18;12
1656.0;12;33;7;21;120;22;15;18;12
1662.0;11;32;7;22;120;21;15;18;14
1668.0;13;30;8;24;122;19;16;18;10
1674.0;16;31;7;23;123;16;14;19;11
1680.0;17;31;7;22;121;16;16;19;11
1686.0;16;29;9;23;119;18;15;20;11
1692.0;18;28;9;24;119;19;14;19;10
1698.0;18;26;10;23;120;18;14;21;10
1704.0;14;28;7;23;122;19;15;20;12
1710.0;13;30;7;24;121;20;14;21;10
1716.0;14;28;7;26;122;20;9;23;11
1722.0;15;27;6;26;123;20;8;25;10
1728.0;16;25;5;27;124;21;9;23;10
1734.0;15;24;5;25;126;22;9;24;10
1740.0;14;23;6;25;126;21;9;24;12
1746.0;15;23;7;24;125;22;9;20;15
1752.0;15;21;8;25;127;22;9;19;14
1758.0;18;23;6;24;123;22;9;20;15
1764.0;16;25;6;25;122;20;10;21;15
1770.0;15;25;7;23;123;20;12;20;15
1776.0;15;24;7;21;125;20;12;20;16
1782.0;16;24;6;20;128;20;11;19;16
1788.0;15;23;7;20;126;20;12;21;16
1794.0;17;25;8;20;125;19;9;19;18
