#auto generated file!
12.0;43;43;31;42;44;37;50;46;54
18.0;41;43;32;43;48;38;48;44;53
24.0;42;43;34;43;51;37;47;42;51
30.0;43;45;31;48;51;38;44;42;48
36.0;41;46;33;47;54;41;39;41;48
42.0;37;48;34;46;59;41;36;42;47
48.0;32;49;36;45;63;43;34;42;46
54.0;29;46;38;44;66;44;33;45;45
60.0;27;50;42;44;69;42;32;43;41
66.0;28;48;43;45;70;43;31;43;39
72.0;31;48;37;46;72;47;31;41;37
78.0;31;50;38;45;74;47;28;42;35
84.0;30;50;37;46;76;45;29;42;35
90.0;30;52;35;45;78;46;30;39;35
96.0;28;53;34;43;79;50;33;38;32
102.0;29;53;35;40;80;51;31;36;35
108.0;27;56;37;38;81;54;30;35;32
114.0;28;54;36;36;86;56;29;35;30
120.0;30;53;33;40;87;52;26;40;29
126.0;31;53;34;41;87;52;26;40;26
132.0;33;50;35;41;89;50;26;41;25
138.0;32;51;32;42;90;45;31;44;23
144.0;32;53;29;42;92;46;30;45;21
150.0;34;50;28;40;96;46;32;44;20
156.0;32;49;26;42;97;47;31;43;23
162.0;32;50;25;42;99;45;28;45;24
168.0;32;53;23;43;100;43;23;50;23
174.0;33;52;26;43;102;42;23;46;23
180.0;28;53;29;42;100;42;26;48;22
186.0;24;52;32;44;102;41;26;49;20
192.0;29;54;30;44;102;41;25;47;18
198.0;32;53;27;45;103;40;25;49;16
204.0;33;55;24;45;103;41;26;48;15
210.0;35;56;22;43;105;43;26;46;14
216.0;31;57;20;44;108;45;25;44;16
222.0;32;55;20;44;108;47;22;45;17
228.0;31;53;23;43;109;49;19;46;17
234.0;27;54;21;47;110;47;19;49;16
240.0;27;60;16;49;111;42;17;49;19
246.0;28;60;18;49;113;42;17;47;16
252.0;33;59;16;50;113;41;17;43;18
258.0;29;61;18;52;112;43;15;41;19
264.0;29;61;16;54;113;41;14;41;21
270.0;28;57;17;53;114;44;13;42;22
276.0;26;57;18;50;116;47;13;41;22
282.0;27;58;18;50;120;45;13;38;21
288.0;29;57;15;50;121;47;13;39;19
294.0;28;54;15;49;122;46;14;40;22
300.0;27;54;14;50;121;46;16;39;23
306.0;22;54;13;53;124;48;15;38;23
312.0;21;51;12;51;123;48;17;40;27
318.0;21;52;14;48;124;50;18;42;21
324.0;21;52;16;49;124;49;19;40;20
330.0;21;54;18;47;124;46;22;39;19
336.0;23;54;18;45;123;45;23;40;19
342.0;22;56;18;48;124;43;23;40;16
348.0;25;52;18;49;126;42;20;42;16
354.0;24;54;19;49;127;41;19;40;17
360.0;24;53;17;51;126;41;19;41;18
366.0;24;48;18;55;127;42;22;38;16
372.0;24;51;17;54;130;39;19;39;17
378.0;27;45;19;52;133;38;19;40;17
384.0;24;49;22;49;133;40;20;37;16
390.0;25;48;22;43;134;40;20;37;21
396.0;23;48;21;45;135;40;20;38;20
402.0;22;46;21;40;137;43;22;42;17
408.0;19;47;20;42;138;43;21;42;18
414.0;19;47;21;45;137;42;20;43;16
420.0;17;46;22;45;139;42;21;42;16
426.0;16;47;20;41;140;41;21;45;19
432.0;18;44;22;42;140;39;20;45;20
438.0;24;42;17;41;140;38;26;45;17
444.0;24;41;16;42;141;37;25;46;18
450.0;24;42;14;40;143;37;24;46;20
456.0;19;43;14;37;144;40;25;50;18
462.0;19;39;15;36;145;37;30;51;18
468.0;18;41;14;36;145;34;31;53;18
474.0;18;40;19;32;146;32;29;54;20
480.0;24;39;18;31;145;36;27;51;19
486.0;22;37;21;29;148;36;27;50;20
492.0;22;39;25;28;147;38;24;51;16
498.0;19;39;21;28;149;41;26;51;16
504.0;19;40;19;27;149;42;28;49;17
510.0;17;41;22;27;149;41;27;49;17
516.0;19;40;24;29;146;40;26;51;15
522.0;19;40;20;28;149;40;28;49;17
528.0;19;43;20;31;147;43;23;49;15
534.0;17;46;22;32;146;47;20;47;13
540.0;17;45;21;33;147;46;21;47;13
546.0;19;42;21;35;148;41;23;46;15
552.0;18;46;21;42;148;41;21;44;9
558.0;17;45;20;42;148;41;22;44;11
564.0;18;45;23;40;150;39;22;41;12
570.0;17;46;25;39;150;39;21;41;12
576.0;18;47;24;43;147;35;24;39;13
582.0;17;46;25;41;149;34;23;40;15
588.0;15;44;27;43;153;32;22;40;14
594.0;14;46;22;46;154;33;22;42;11
600.0;14;48;20;44;157;33;21;41;12
606.0;13;49;20;44;155;35;18;43;13
612.0;11;48;17;47;156;37;18;43;13
618.0;12;43;14;50;156;37;21;44;13
624.0;12;43;14;50;157;34;22;42;16
630.0;16;40;17;50;155;34;22;41;15
636.0;24;42;13;49;156;31;23;39;13
642.0;23;44;17;48;155;30;22;40;11
648.0;24;44;18;47;159;29;19;39;11
654.0;23;42;19;45;158;30;18;43;12
660.0;20;43;19;44;156;32;19;44;13
666.0;20;43;17;43;159;31;21;44;12
672.0;24;42;18;41;156;32;24;43;10
678.0;22;43;19;43;156;32;24;40;11
684.0;20;41;19;45;159;32;21;41;12
690.0;18;42;17;46;157;33;20;40;17
696.0;19;43;14;44;158;35;22;36;19
702.0;20;42;13;47;159;36;21;35;17
708.0;19;44;11;43;160;40;17;38;18
714.0;22;47;12;39;159;41;16;37;17
720.0;20;46;11;38;158;41;17;40;19
726.0;18;49;11;41;161;39;14;38;19
732.0;18;46;14;39;160;39;16;41;17
738.0;19;42;14;39;162;39;16;43;16
744.0;22;42;18;40;160;38;16;42;12
750.0;24;40;15;42;161;41;20;38;9
756.0;24;38;13;42;164;39;22;39;9
762.0;23;41;16;45;164;35;21;36;9
768.0;24;41;15;45;163;36;21;36;9
774.0;24;42;17;46;163;35;20;32;11
780.0;22;44;21;41;164;34;19;33;12
786.0;22;44;20;40;164;34;19;33;14
792.0;20;41;19;45;166;33;19;31;16
798.0;21;41;18;46;165;34;20;27;18
804.0;21;40;19;45;167;36;17;26;19
810.0;22;39;17;47;166;33;18;29;19
816.0;21;41;14;51;166;31;15;31;20
822.0;21;43;17;50;163;30;17;28;21
828.0;18;45;18;50;163;31;17;27;21
834.0;18;44;18;51;161;33;18;26;21
840.0;19;42;17;50;163;32;18;29;20
846.0;22;40;19;47;165;31;16;30;20
852.0;21;43;18;47;162;32;19;29;19
858.0;23;40;20;46;160;34;16;30;21
864.0;21;40;21;49;158;34;16;32;19
870.0;22;38;19;50;156;38;17;32;18
876.0;24;39;18;46;155;41;18;34;15
882.0;21;39;22;48;154;40;17;30;19
888.0;28;40;20;49;152;36;18;27;20
894.0;26;37;19;48;154;36;19;31;20
900.0;28;38;20;46;154;33;20;33;18
906.0;30;37;21;43;154;34;21;34;16
912.0;32;36;19;43;155;37;23;29;16
918.0;32;37;18;45;157;35;22;30;14
924.0;29;36;19;42;160;36;21;34;13
930.0;28;34;20;44;161;37;19;34;13
936.0;25;34;19;45;166;35;20;33;13
942.0;26;37;17;46;165;38;14;35;12
948.0;23;37;16;46;163;37;18;35;15
954.0;23;35;21;48;163;36;16;32;16
960.0;23;35;19;47;164;38;14;36;14
966.0;24;34;18;45;165;39;15;33;17
972.0;20;38;17;45;166;39;14;33;18
978.0;20;37;14;44;169;41;13;36;16
984.0;18;36;13;44;167;44;13;38;17
990.0;16;36;14;47;168;44;11;33;21
996.0;15;35;15;47;169;44;13;31;21
1002.0;15;37;12;47;167;41;15;30;26
1008.0;15;39;12;50;168;40;11;31;24
1014.0;14;39;15;49;168;39;12;29;25
1020.0;14;40;17;47;170;34;14;32;22
1026.0;13;42;17;45;170;35;15;32;21
1032.0;13;44;18;43;171;35;14;32;20
1038.0;13;41;19;40;174;36;12;34;21
1044.0;15;41;16;41;174;36;13;35;19
1050.0;20;41;14;41;172;36;12;35;19
1056.0;19;42;14;41;170;37;13;36;18
1062.0;21;45;12;40;172;35;11;38;16
1068.0;17;45;12;43;171;35;13;39;15
1074.0;17;46;11;42;173;36;11;38;16
1080.0;13;48;13;42;173;36;11;36;18
1086.0;13;44;16;42;173;35;10;39;18
1092.0;15;45;14;41;174;35;11;39;16
1098.0;17;41;16;39;173;36;13;41;14
1104.0;19;41;18;39;174;33;13;39;14
1110.0;18;40;16;41;170;36;13;41;15
1116.0;19;43;15;40;169;35;14;41;14
1122.0;20;43;12;40;171;33;14;42;15
1128.0;20;42;12;41;173;31;14;41;16
1134.0;21;43;13;41;171;29;13;43;16
1140.0;20;46;15;38;171;28;14;43;15
1146.0;19;44;16;40;174;25;15;42;15
1152.0;22;41;18;41;175;26;14;40;13
1158.0;21;38;15;40;177;27;16;42;14
1164.0;19;38;17;43;178;22;17;43;13
1170.0;19;38;18;44;177;22;17;43;12
1176.0;20;38;18;43;180;23;15;41;12
1182.0;19;39;18;44;178;23;16;41;12
1188.0;18;39;18;45;181;22;16;39;12
1194.0;16;37;19;45;182;22;16;40;13
1200.0;15;40;20;44;184;20;16;38;13
1206.0;14;39;16;47;189;19;16;38;12
1212.0;14;39;19;46;188;18;14;38;14
1218.0;12;39;19;46;188;19;16;38;13
1224.0;11;41;20;45;188;23;16;35;11
1230.0;10;39;17;46;188;24;18;36;12
1236.0;10;36;20;50;191;22;12;37;12
1242.0;9;38;19;51;190;22;11;40;10
1248.0;13;35;20;51;190;22;12;38;9
1254.0;14;36;19;50;191;21;13;37;9
1260.0;11;36;21;51;188;19;15;40;9
1266.0;11;38;19;50;186;20;12;43;11
1272.0;12;36;18;50;187;22;13;43;9
1278.0;17;35;17;49;185;24;16;37;10
1284.0;16;34;17;48;184;25;15;39;12
1290.0;16;32;17;43;184;27;17;41;13
1296.0;15;31;17;45;182;27;18;42;13
1302.0;15;29;18;46;184;26;18;42;12
1308.0;14;27;19;45;182;26;16;48;13
1314.0;11;27;14;44;185;31;19;46;13
1320.0;11;29;14;43;183;32;21;43;14
1326.0;12;26;12;42;183;34;24;45;12
1332.0;15;25;10;42;179;38;24;45;12
1338.0;16;26;8;43;180;38;22;43;14
1344.0;17;27;8;41;178;43;21;39;16
1350.0;15;29;9;44;182;41;21;36;13
1356.0;12;30;9;45;184;40;20;36;14
1362.0;14;30;9;43;187;40;18;36;13
1368.0;16;30;10;42;184;39;20;34;15
1374.0;18;34;11;38;183;40;16;34;16
1380.0;18;34;12;39;183;42;14;35;13
1386.0;19;35;12;42;184;40;11;34;13
1392.0;19;34;10;40;185;40;14;33;15
1398.0;23;33;13;38;181;38;14;34;16
1404.0;27;35;11;34;183;35;12;36;17
1410.0;22;37;10;34;185;34;13;37;18
1416.0;24;38;8;34;183;34;13;37;19
1422.0;23;36;9;35;185;35;14;36;17
1428.0;20;37;10;39;183;36;14;35;16
1434.0;20;36;13;38;185;34;15;35;14
1440.0;20;40;16;37;184;33;14;35;11
1446.0;19;43;14;36;182;34;13;37;12
1452.0;22;45;13;35;179;35;14;35;12
1458.0;24;43;13;35;179;36;17;34;9
1464.0;24;40;14;33;181;38;18;33;9
1470.0;20;39;17;37;181;38;20;30;8
1476.0;20;39;20;37;181;37;17;31;8
1482.0;19;38;21;39;179;39;16;32;7
1488.0;19;37;18;39;177;38;14;37;11
1494.0;19;39;18;38;177;37;14;37;11
1500.0;16;39;16;37;181;39;16;35;11
1506.0;10;39;16;39;179;43;18;34;12
1512.0;9;38;16;36;184;44;17;34;12
1518.0;11;38;20;33;185;42;14;33;14
1524.0;11;37;19;33;185;44;15;34;12
1530.0;11;38;17;33;185;45;14;33;14
1536.0;12;36;14;33;185;45;14;36;15
1542.0;12;32;13;33;188;45;17;34;16
1548.0;11;34;13;32;188;47;17;35;13
1554.0;12;33;15;32;185;47;18;35;13
1560.0;14;29;15;33;182;48;19;35;15
1566.0;15;32;15;31;181;47;20;38;11
1572.0;14;32;16;33;180;48;21;37;9
1578.0;18;33;16;33;180;44;20;38;8
1584.0;18;32;17;32;181;43;19;39;9
1590.0;14;31;19;35;182;46;15;39;9
1596.0;13;33;19;37;179;45;17;36;11
1602.0;12;31;22;35;179;45;17;35;14
1608.0;13;30;20;35;180;46;21;34;11
1614.0;13;33;16;41;181;44;21;31;10
1620.0;16;33;17;39;177;46;21;32;9
1626.0;15;33;16;36;178;45;24;31;12
1632.0;17;34;17;35;177;45;23;32;10
1638.0;17;33;17;35;176;44;24;32;12
1644.0;14;35;17;34;173;44;25;31;17
1650.0;17;36;14;36;171;46;23;29;18
1656.0;16;33;13;35;171;46;26;30;20
1662.0;14;34;14;34;172;46;28;30;18
1668.0;15;30;14;32;174;50;24;31;20
1674.0;15;30;15;31;176;50;23;32;18
1680.0;16;29;12;33;175;47;25;31;22
1686.0;14;31;13;33;174;50;23;32;20
1692.0;18;30;16;31;173;49;20;33;20
1698.0;18;30;14;30;172;46;19;33;28
1704.0;19;33;16;28;173;45;19;32;25
1710.0;18;32;14;32;171;45;20;33;25
1716.0;16;31;16;32;171;46;19;33;26
1722.0;16;28;19;32;172;46;19;35;23
1728.0;15;28;18;32;174;47;21;32;23
1734.0;15;28;15;34;175;47;22;32;22
1740.0;15;30;16;33;174;49;21;30;22
1746.0;18;30;17;32;173;49;19;30;22
1752.0;18;29;17;33;175;48;19;29;22
1758.0;22;30;17;35;176;46;19;27;18
1764.0;23;32;15;34;177;43;20;29;17
1770.0;20;34;17;34;179;41;20;28;17
1776.0;22;34;17;32;181;39;19;27;19
1782.0;24;32;17;33;181;38;19;30;16
1788.0;24;34;16;32;178;37;20;33;16
1794.0;25;33;17;37;176;35;19;33;15
