#auto generated file!
12.0;23;28;23;19;27;31;27;23;39
18.0;21;28;22;22;28;29;30;24;36
24.0;19;31;21;26;31;31;25;23;33
30.0;17;31;20;30;33;31;25;24;29
36.0;18;31;18;31;32;32;25;24;29
42.0;18;34;15;33;34;31;27;22;26
48.0;17;32;15;33;35;32;27;23;26
54.0;18;33;16;31;36;31;27;24;24
60.0;18;36;15;28;42;32;27;21;21
66.0;14;38;14;27;44;34;27;22;20
72.0;17;36;14;27;45;34;25;22;20
78.0;15;37;16;28;45;37;19;23;20
84.0;16;34;13;31;47;39;17;24;19
90.0;14;37;10;34;50;38;15;22;20
96.0;15;37;9;33;53;37;15;21;20
102.0;14;34;8;33;52;35;18;23;23
108.0;13;34;8;31;54;36;16;24;24
114.0;17;32;7;31;55;31;14;28;25
120.0;17;31;7;31;55;33;15;28;23
126.0;18;31;8;28;56;34;16;28;21
132.0;17;32;8;29;56;34;14;28;22
138.0;18;33;7;29;56;33;14;29;21
144.0;17;30;8;29;57;33;17;30;19
150.0;15;31;7;31;59;34;16;29;18
156.0;15;31;8;29;59;33;18;30;17
162.0;14;32;7;29;61;33;18;31;15
168.0;16;33;7;29;61;33;17;29;15
174.0;16;33;7;30;63;31;15;30;15
180.0;17;33;5;29;64;33;15;33;11
186.0;16;33;7;31;65;34;15;29;10
192.0;15;33;6;33;66;37;11;28;11
198.0;17;32;7;33;64;35;11;29;12
204.0;15;32;10;33;65;33;9;30;13
210.0;16;29;10;32;67;35;8;28;15
216.0;14;29;11;30;66;38;7;29;16
222.0;13;28;11;29;67;37;6;31;18
228.0;12;26;11;29;70;37;6;31;18
234.0;13;27;11;26;70;37;7;31;18
240.0;13;28;13;24;72;37;8;29;16
246.0;12;25;11;22;74;37;11;30;18
252.0;10;26;12;21;74;36;12;31;18
258.0;11;26;13;21;76;36;13;29;15
264.0;10;28;14;23;79;32;12;27;15
270.0;12;27;15;23;81;27;12;28;15
276.0;14;26;15;22;82;27;12;28;14
282.0;15;24;14;22;85;27;11;28;14
288.0;16;25;12;21;86;25;10;29;16
294.0;16;28;15;20;87;23;10;27;14
300.0;18;27;15;19;85;21;13;29;13
306.0;17;27;14;20;86;22;11;29;14
312.0;16;30;14;20;86;20;11;28;15
318.0;16;32;12;22;85;21;11;28;13
324.0;15;29;11;23;85;23;11;28;15
330.0;18;26;11;25;84;20;13;27;16
336.0;17;25;9;25;86;19;15;27;17
342.0;16;25;8;24;87;20;14;28;18
348.0;15;24;8;24;88;21;12;28;20
354.0;14;25;9;24;88;20;13;26;21
360.0;14;26;9;27;89;21;12;25;17
366.0;17;26;11;26;89;19;11;25;16
372.0;18;27;10;27;89;20;14;23;12
378.0;18;29;11;25;89;23;12;23;10
384.0;16;30;13;24;86;24;12;22;13
390.0;15;29;14;25;84;22;16;22;13
396.0;13;29;15;27;83;22;17;21;13
402.0;11;27;16;27;85;23;16;21;14
408.0;11;28;16;26;86;23;16;21;13
414.0;12;31;15;23;83;24;18;22;12
420.0;12;30;15;23;85;22;17;24;12
426.0;9;29;14;25;85;24;19;22;13
432.0;12;28;12;26;85;25;17;19;16
438.0;11;27;16;28;82;24;17;19;16
444.0;11;27;14;28;82;24;17;21;16
450.0;11;28;13;28;82;23;17;22;16
456.0;10;25;13;28;86;25;16;21;16
462.0;11;25;15;28;86;26;16;19;14
468.0;9;26;15;29;85;27;16;20;13
474.0;9;26;18;25;86;26;14;25;11
480.0;11;26;17;26;85;25;13;25;12
486.0;12;25;16;27;85;25;13;26;11
492.0;15;26;16;24;85;24;14;24;12
498.0;19;25;16;25;85;25;12;24;9
504.0;19;22;14;25;85;26;15;24;10
510.0;20;25;13;25;85;25;13;25;9
516.0;19;24;12;24;86;27;13;25;10
522.0;17;25;15;25;84;26;12;25;11
528.0;17;26;19;24;82;24;12;24;12
534.0;15;25;23;22;80;26;12;26;11
540.0;13;25;27;21;81;22;14;27;10
546.0;13;24;26;21;82;21;16;27;10
552.0;12;22;26;23;83;22;15;28;9
558.0;14;22;27;22;87;21;12;26;9
564.0;13;23;25;20;85;24;13;28;9
570.0;12;24;24;19;83;24;12;30;12
576.0;13;23;23;19;83;23;11;33;12
582.0;13;23;19;22;83;23;15;30;12
588.0;12;22;17;21;84;26;15;30;13
594.0;12;25;14;20;84;26;15;31;13
600.0;14;26;15;20;86;24;13;31;11
606.0;15;26;15;20;87;24;13;30;10
612.0;14;25;14;21;89;25;14;29;9
618.0;9;23;12;24;89;28;13;32;10
624.0;10;22;12;25;88;28;14;32;9
630.0;8;24;11;24;90;26;13;35;9
636.0;8;23;11;25;92;27;12;35;7
642.0;8;23;12;25;92;27;12;33;8
648.0;7;23;12;24;94;26;13;34;7
654.0;7;23;13;25;93;28;12;32;7
660.0;6;23;14;24;95;25;14;32;7
666.0;7;21;11;26;95;26;14;31;9
672.0;8;23;10;25;94;26;15;31;8
678.0;10;25;9;25;95;26;13;28;9
684.0;10;25;9;23;97;26;13;29;8
690.0;8;23;11;24;98;25;15;27;9
696.0;9;22;12;25;98;26;15;27;6
702.0;9;25;13;25;97;24;15;27;5
708.0;7;24;13;27;100;26;13;27;3
714.0;9;27;11;28;100;27;11;24;3
720.0;10;26;10;28;102;28;10;23;3
726.0;9;23;11;28;104;29;10;23;3
732.0;11;21;9;28;106;28;10;23;4
738.0;13;21;10;31;106;25;8;22;4
744.0;13;19;9;33;107;25;7;21;6
750.0;13;18;7;33;107;26;7;21;8
756.0;13;19;8;33;107;26;7;20;7
762.0;11;22;9;33;107;26;7;18;7
768.0;12;23;10;30;107;26;7;19;6
774.0;11;22;11;30;106;25;8;20;7
780.0;12;22;10;34;104;26;9;18;5
786.0;13;24;11;33;103;25;8;17;6
792.0;16;24;10;31;103;24;9;17;6
798.0;14;25;10;33;104;23;8;16;7
804.0;15;22;9;32;105;22;10;17;8
810.0;14;23;12;31;105;20;12;17;6
816.0;15;26;11;32;105;20;10;14;7
822.0;14;25;10;32;107;22;8;13;9
828.0;13;26;9;33;108;21;9;13;8
834.0;14;23;9;33;110;20;9;14;8
840.0;11;21;8;33;112;22;10;15;8
846.0;10;23;7;30;113;22;10;15;10
852.0;10;23;7;29;111;23;10;15;12
858.0;10;24;7;29;113;20;9;16;12
864.0;8;25;8;26;113;18;10;20;12
870.0;9;26;6;27;113;17;10;19;13
876.0;9;25;7;27;112;19;9;18;14
882.0;8;25;7;30;112;20;7;17;14
888.0;6;27;7;31;112;20;5;18;14
894.0;6;30;6;29;112;21;3;20;13
900.0;5;30;5;28;112;22;3;20;15
906.0;5;29;5;27;112;22;4;21;15
912.0;5;27;6;25;112;23;4;22;16
918.0;6;26;7;27;113;21;6;21;13
924.0;8;24;9;27;110;19;7;24;12
930.0;7;24;10;27;110;19;8;24;11
936.0;5;23;9;26;111;19;11;24;12
942.0;7;22;8;27;109;19;10;24;14
948.0;8;22;7;29;111;19;9;21;14
954.0;11;20;6;26;112;19;9;22;15
960.0;14;23;6;25;110;18;9;20;15
966.0;13;23;9;24;112;18;8;18;15
972.0;13;22;9;24;112;18;9;19;14
978.0;12;22;9;25;113;18;9;19;13
984.0;12;20;10;24;114;18;9;22;11
990.0;11;20;11;22;113;18;9;23;13
996.0;11;22;11;22;114;16;9;22;13
1002.0;12;23;14;21;114;13;9;22;12
1008.0;12;22;15;21;114;12;11;20;13
1014.0;10;23;15;23;116;11;10;20;12
1020.0;10;23;14;24;115;11;11;20;12
1026.0;11;22;13;26;116;9;10;21;12
1032.0;10;22;13;25;116;9;10;23;12
1038.0;9;20;16;26;116;8;8;22;15
1044.0;9;18;17;27;115;9;8;23;14
1050.0;9;18;17;25;114;9;7;26;15
1056.0;10;17;16;24;116;11;8;27;11
1062.0;8;15;15;22;115;15;10;28;12
1068.0;10;15;14;22;116;15;10;28;10
1074.0;11;16;13;20;115;16;11;27;11
1080.0;11;16;12;20;116;16;10;28;11
1086.0;13;19;12;19;117;15;9;27;9
1092.0;12;20;12;19;117;16;10;27;7
1098.0;13;18;14;20;115;16;10;27;7
1104.0;10;18;16;19;116;17;12;25;7
1110.0;10;16;17;18;115;16;13;26;9
1116.0;12;16;15;18;117;13;15;26;8
1122.0;12;17;14;19;116;14;15;25;8
1128.0;12;16;17;20;117;15;12;24;7
1134.0;11;17;17;20;114;15;12;23;11
1140.0;12;17;16;20;117;15;12;24;7
1146.0;11;18;15;22;116;15;11;24;8
1152.0;11;20;16;23;117;15;10;21;7
1158.0;13;19;15;22;116;16;12;20;7
1164.0;14;20;13;20;116;17;11;23;6
1170.0;14;23;12;20;117;17;12;20;5
1176.0;13;24;12;19;118;15;14;21;4
1182.0;14;22;11;20;119;16;13;21;4
1188.0;13;23;12;19;119;15;12;22;5
1194.0;12;24;13;16;118;16;11;23;7
1200.0;12;24;12;17;119;17;11;23;5
1206.0;11;27;13;19;116;19;11;20;4
1212.0;12;27;11;20;116;18;12;19;5
1218.0;12;29;10;18;117;16;14;20;4
1224.0;10;29;11;19;116;16;14;19;6
1230.0;8;30;11;18;115;14;15;22;7
1236.0;8;27;10;18;116;13;17;22;9
1242.0;8;30;8;18;113;14;18;22;9
1248.0;8;30;9;20;113;12;18;22;8
1254.0;9;29;9;21;113;11;17;22;9
1260.0;10;29;8;21;114;10;18;22;8
1266.0;9;28;8;21;112;11;18;23;10
1272.0;9;28;11;22;113;9;15;25;8
1278.0;10;29;10;22;112;8;13;26;10
1284.0;13;25;9;22;111;7;16;26;11
1290.0;11;25;9;23;111;7;16;25;13
1296.0;10;23;9;23;113;7;17;26;12
1302.0;9;23;10;19;114;9;18;26;12
1308.0;8;25;7;19;114;9;20;25;13
1314.0;10;26;9;19;112;9;18;25;12
1320.0;11;26;9;18;112;10;16;26;12
1326.0;11;22;11;16;113;11;19;26;11
1332.0;9;23;9;17;113;12;18;27;12
1338.0;12;22;9;17;112;13;16;25;14
1344.0;11;20;9;17;115;13;15;27;13
1350.0;10;21;8;19;116;12;15;26;13
1356.0;8;21;10;19;118;11;15;25;13
1362.0;7;20;11;20;119;12;11;26;14
1368.0;7;22;11;21;115;11;12;28;13
1374.0;5;21;12;20;118;11;10;30;13
1380.0;8;20;13;19;116;13;9;30;12
1386.0;9;19;13;19;117;12;9;31;11
1392.0;8;18;12;21;118;11;10;31;11
1398.0;7;20;12;22;117;11;11;31;9
1404.0;7;20;15;22;115;13;11;30;7
1410.0;6;20;15;22;114;12;14;30;7
1416.0;5;23;12;24;114;16;12;29;5
1422.0;6;24;12;24;114;14;10;31;5
1428.0;6;24;13;23;115;15;10;29;5
1434.0;6;22;15;21;114;17;9;30;6
1440.0;5;21;17;19;116;18;8;31;5
1446.0;6;22;14;22;117;19;7;28;5
1452.0;6;22;13;22;117;20;8;27;5
1458.0;6;24;12;23;118;18;5;26;8
1464.0;6;22;11;24;118;20;3;26;10
1470.0;7;18;14;24;116;18;4;27;12
1476.0;9;17;14;24;117;19;4;24;12
1482.0;9;19;13;25;116;20;5;24;9
1488.0;9;19;14;26;116;21;5;22;8
1494.0;10;21;11;27;116;19;5;22;9
1500.0;9;22;11;27;116;18;6;24;7
1506.0;13;21;10;27;115;16;6;25;7
1512.0;12;24;10;27;118;15;5;23;6
1518.0;13;25;9;26;118;14;3;25;7
1524.0;12;25;8;22;119;16;3;25;10
1530.0;12;24;9;26;118;15;3;21;12
1536.0;13;25;11;27;116;15;3;19;11
1542.0;16;24;12;25;113;14;3;19;14
1548.0;17;26;11;24;114;14;3;17;14
1554.0;19;24;11;23;115;14;3;17;14
1560.0;17;24;13;22;116;14;2;19;13
1566.0;17;24;11;22;116;13;3;21;13
1572.0;17;24;11;25;116;14;3;21;9
1578.0;15;26;14;22;118;13;3;20;9
1584.0;14;26;13;25;117;13;2;20;10
1590.0;13;26;14;23;117;14;3;20;10
1596.0;12;22;13;23;119;13;5;22;11
1602.0;14;22;13;23;117;13;5;21;12
1608.0;12;22;10;21;118;16;6;23;12
1614.0;12;22;13;22;116;15;10;20;10
1620.0;9;24;13;22;118;14;9;21;10
1626.0;11;21;14;21;121;13;6;21;12
1632.0;11;20;13;21;121;14;8;21;11
1638.0;12;20;14;20;121;16;7;19;11
1644.0;13;20;14;21;117;17;8;19;11
1650.0;13;19;15;20;115;19;9;20;10
1656.0;13;20;15;20;115;19;8;20;10
1662.0;15;19;15;20;116;18;7;21;9
1668.0;12;21;14;22;116;18;7;21;9
1674.0;9;18;16;22;116;19;9;23;8
1680.0;9;19;16;25;115;18;9;21;8
1686.0;9;21;16;25;113;17;9;22;8
1692.0;9;23;13;25;113;17;12;21;7
1698.0;8;23;13;26;113;17;11;21;8
1704.0;10;21;12;25;112;17;13;22;8
1710.0;10;22;12;26;112;18;11;21;8
1716.0;9;20;10;29;113;19;10;20;10
1722.0;9;24;10;29;110;18;10;20;10
1728.0;10;24;9;26;110;18;10;20;13
1734.0;12;22;11;25;110;17;8;21;14
1740.0;13;23;11;26;110;18;9;19;11
1746.0;13;21;12;25;111;18;8;20;12
1752.0;11;23;10;28;112;17;6;21;12
1758.0;11;23;9;28;112;18;6;22;11
1764.0;11;23;8;26;112;20;8;22;10
1770.0;11;21;8;25;114;19;10;22;10
1776.0;14;20;7;23;115;17;12;21;11
1782.0;14;18;9;25;112;18;13;20;11
1788.0;15;17;10;24;114;18;14;19;9
1794.0;13;17;12;25;112;22;11;19;9
