#auto generated file!
12.0;39;47;50;47;47;41;51;44;54
18.0;39;47;48;43;51;43;55;44;50
24.0;33;46;47;44;52;46;56;48;48
30.0;32;45;47;42;54;46;56;51;47
36.0;36;47;44;41;57;48;51;48;48
42.0;33;45;41;39;61;49;52;51;49
48.0;31;47;40;40;59;52;51;52;48
54.0;34;45;38;43;60;53;45;56;46
60.0;34;47;36;45;62;54;40;57;45
66.0;35;49;34;44;64;53;38;58;45
72.0;36;51;30;44;67;51;37;59;45
78.0;38;48;28;45;76;53;34;57;41
84.0;37;46;25;49;79;55;32;54;43
90.0;37;44;25;50;82;54;31;56;41
96.0;38;44;27;49;82;55;31;56;38
102.0;35;45;27;52;85;55;32;56;33
108.0;32;49;30;51;87;53;35;54;29
114.0;35;48;28;50;89;51;36;54;29
120.0;37;49;29;50;91;51;35;52;26
126.0;37;46;27;50;94;52;38;52;24
132.0;37;47;27;51;94;55;34;54;21
138.0;33;49;27;48;96;56;32;55;24
144.0;34;48;31;49;96;55;32;50;25
150.0;34;50;29;46;96;56;34;53;22
156.0;33;48;33;47;96;55;33;52;23
162.0;28;49;32;47;99;53;36;53;23
168.0;30;52;34;44;98;51;34;54;23
174.0;30;50;36;45;102;49;34;51;23
180.0;29;50;35;43;104;51;33;50;25
186.0;30;50;33;45;105;51;31;53;22
192.0;23;52;32;49;107;51;31;50;25
198.0;23;52;28;50;108;49;32;52;26
204.0;22;54;29;51;107;50;32;51;24
210.0;20;55;29;50;109;54;31;50;22
216.0;20;57;32;47;109;50;31;52;22
222.0;17;61;32;48;111;49;31;49;22
228.0;20;64;33;42;110;49;33;44;25
234.0;20;60;31;46;112;48;29;46;28
240.0;20;62;32;49;113;46;25;45;28
246.0;22;61;30;49;113;48;27;45;25
252.0;23;60;28;51;116;46;27;45;24
258.0;21;57;26;55;119;44;29;46;23
264.0;21;56;25;56;118;51;26;43;24
270.0;21;53;26;56;123;49;26;44;22
276.0;22;51;25;54;125;51;25;47;20
282.0;22;48;24;55;123;52;30;45;21
288.0;22;50;22;52;122;54;31;46;21
294.0;25;48;23;51;122;54;30;46;21
300.0;25;47;23;50;124;54;30;46;21
306.0;22;47;22;49;122;59;32;48;19
312.0;21;44;25;48;125;57;28;50;22
318.0;21;43;26;49;124;57;27;50;23
324.0;22;42;28;50;125;55;23;50;25
330.0;24;42;29;50;124;52;22;53;24
336.0;28;41;26;50;123;50;23;55;24
342.0;26;41;32;47;127;48;22;55;22
348.0;29;41;27;46;130;48;21;54;24
354.0;31;40;27;48;132;43;21;55;23
360.0;30;41;24;49;131;44;23;58;20
366.0;28;45;23;48;132;44;21;60;19
372.0;26;47;21;52;133;44;20;60;17
378.0;26;49;21;52;132;44;20;60;16
384.0;30;48;19;51;132;44;19;60;17
390.0;23;48;21;53;133;46;21;59;16
396.0;24;46;21;53;132;47;19;61;17
402.0;24;43;22;52;133;47;16;62;21
408.0;22;44;22;55;133;46;17;60;21
414.0;24;44;25;52;133;43;18;59;22
420.0;27;41;19;59;132;47;17;53;25
426.0;27;39;19;57;133;51;18;52;24
432.0;26;38;20;56;134;53;19;51;23
438.0;24;39;22;54;136;50;19;49;27
444.0;23;39;20;55;140;46;20;52;25
450.0;22;37;21;53;141;47;20;49;30
456.0;22;39;23;52;141;45;18;50;30
462.0;26;43;21;49;143;45;19;47;27
468.0;31;41;20;49;142;43;19;48;27
474.0;30;38;19;50;143;43;19;52;26
480.0;31;35;19;58;146;42;16;50;23
486.0;30;35;22;53;145;45;19;47;24
492.0;26;36;23;53;145;49;14;49;25
498.0;25;30;23;54;145;52;15;52;24
504.0;24;26;23;54;147;55;19;49;23
510.0;22;28;25;54;148;54;20;46;23
516.0;24;33;23;53;147;52;22;44;22
522.0;26;34;22;51;147;50;22;46;22
528.0;28;37;19;53;147;49;21;44;22
534.0;27;36;19;55;150;49;21;41;22
540.0;28;35;20;57;151;44;22;41;22
546.0;24;36;22;59;151;44;25;34;25
552.0;21;33;21;57;156;46;24;36;26
558.0;20;34;21;54;159;47;24;36;25
564.0;20;34;20;53;159;51;25;33;25
570.0;18;35;18;52;159;51;25;35;27
576.0;17;34;17;53;160;49;24;38;28
582.0;19;32;19;47;163;48;23;42;27
588.0;19;34;17;46;164;50;23;46;21
594.0;19;33;16;46;162;51;29;44;20
600.0;24;32;16;45;162;49;28;44;20
606.0;24;32;19;45;161;47;28;43;21
612.0;23;37;18;48;159;46;28;43;18
618.0;25;35;14;47;163;48;23;44;21
624.0;24;41;13;47;166;48;20;41;20
630.0;25;39;13;44;165;50;22;43;19
636.0;23;39;11;41;165;53;22;44;22
642.0;24;32;12;42;168;52;23;46;21
648.0;21;34;12;39;173;49;21;47;24
654.0;23;34;13;33;174;49;20;47;27
660.0;20;34;14;34;173;49;21;48;27
666.0;20;32;17;34;172;47;16;55;27
672.0;22;32;18;39;174;44;16;51;24
678.0;19;32;15;37;179;48;16;50;24
684.0;20;30;16;38;176;48;18;50;24
690.0;23;32;17;35;174;50;15;48;26
696.0;25;33;16;32;177;47;16;48;26
702.0;27;35;13;29;181;47;16;49;23
708.0;26;35;15;30;177;51;18;48;20
714.0;27;35;14;28;179;47;21;50;19
720.0;27;41;13;30;179;42;19;51;18
726.0;26;43;14;33;177;42;17;52;16
732.0;25;41;14;37;177;42;18;51;15
738.0;24;45;12;38;179;39;18;52;13
744.0;26;44;13;38;178;40;19;50;12
750.0;26;42;14;41;177;39;18;49;14
756.0;30;41;18;35;176;37;18;49;16
762.0;23;45;19;35;175;36;22;49;16
768.0;27;45;20;32;174;37;19;50;16
774.0;28;46;18;34;174;36;17;50;17
780.0;29;42;20;35;175;37;15;50;17
786.0;28;42;20;37;176;36;14;51;16
792.0;29;39;22;38;173;35;17;52;15
798.0;29;40;20;38;172;34;18;54;15
804.0;27;41;22;39;173;36;11;54;17
810.0;28;41;19;39;170;36;13;54;20
816.0;27;39;22;42;169;39;12;51;19
822.0;25;43;20;42;170;40;12;49;19
828.0;25;42;20;40;169;44;12;48;20
834.0;25;38;18;44;167;42;14;49;23
840.0;29;38;15;47;165;40;14;50;22
846.0;27;41;18;48;163;39;16;50;18
852.0;26;40;21;43;165;40;16;52;17
858.0;27;39;23;43;166;41;14;51;16
864.0;27;40;22;43;166;40;15;51;16
870.0;24;43;22;42;167;36;17;51;18
876.0;20;46;18;42;167;40;16;50;21
882.0;19;46;16;46;164;41;17;49;22
888.0;19;45;18;47;164;42;16;47;22
894.0;22;48;20;46;163;43;13;46;19
900.0;18;48;18;43;165;44;15;49;20
906.0;17;45;22;42;165;47;15;48;19
912.0;20;46;23;42;167;45;14;44;19
918.0;19;45;26;40;169;43;16;42;20
924.0;15;45;27;40;171;43;18;41;20
930.0;18;43;29;41;169;45;16;41;18
936.0;19;43;28;38;170;43;18;44;17
942.0;17;45;27;39;169;42;22;44;15
948.0;16;44;30;41;169;38;24;43;15
954.0;20;42;28;40;170;38;22;45;15
960.0;19;43;28;39;167;37;25;45;17
966.0;20;43;26;39;167;38;24;46;17
972.0;18;43;22;41;168;38;25;49;16
978.0;17;41;20;41;172;39;24;49;17
984.0;16;43;20;40;173;40;22;50;16
990.0;18;40;18;39;173;42;21;50;19
996.0;14;39;17;38;173;45;24;51;19
1002.0;14;40;17;39;174;48;19;49;20
1008.0;14;38;20;39;172;47;22;47;21
1014.0;14;39;24;40;172;43;16;50;22
1020.0;15;39;22;39;173;43;17;51;21
1026.0;14;37;23;38;175;43;20;49;21
1032.0;15;35;22;39;175;43;21;51;19
1038.0;12;38;23;36;174;45;21;52;19
1044.0;10;40;21;35;174;47;22;50;21
1050.0;10;40;21;35;174;45;23;51;21
1056.0;10;39;20;35;176;45;25;49;21
1062.0;9;41;18;35;178;40;26;49;24
1068.0;10;41;18;34;182;40;23;49;23
1074.0;11;39;20;38;184;42;18;47;21
1080.0;14;37;20;37;188;40;17;47;20
1086.0;13;37;22;40;188;38;15;44;23
1092.0;12;39;23;41;185;40;16;42;22
1098.0;16;38;24;43;186;35;16;42;20
1104.0;14;40;24;42;184;34;15;42;25
1110.0;13;42;24;42;185;36;16;42;20
1116.0;13;44;23;38;185;38;17;43;19
1122.0;15;45;22;37;183;38;17;41;22
1128.0;13;44;20;36;185;36;20;42;24
1134.0;15;44;20;34;184;35;22;42;24
1140.0;17;44;20;34;184;33;22;41;25
1146.0;19;43;21;34;182;32;21;45;23
1152.0;19;42;23;28;184;33;20;48;23
1158.0;20;41;24;29;183;33;18;49;23
1164.0;20;39;23;31;183;34;19;49;22
1170.0;21;40;21;33;182;36;17;50;20
1176.0;19;41;24;32;183;34;18;51;18
1182.0;15;42;26;33;183;35;16;52;18
1188.0;18;39;25;32;184;36;15;52;19
1194.0;18;40;25;31;187;33;15;53;18
1200.0;18;42;24;28;187;36;14;54;17
1206.0;16;42;23;29;188;35;16;53;18
1212.0;16;45;23;31;191;33;17;49;15
1218.0;15;46;24;35;190;28;17;48;17
1224.0;13;47;25;35;192;26;18;46;18
1230.0;11;48;22;39;191;29;17;45;18
1236.0;12;46;18;40;190;28;19;47;20
1242.0;12;48;17;39;187;28;19;47;23
1248.0;13;49;15;40;189;32;19;42;21
1254.0;15;49;14;37;190;34;18;43;20
1260.0;17;50;11;37;192;34;19;42;18
1266.0;17;49;11;36;189;37;21;42;18
1272.0;21;48;11;37;188;33;22;43;17
1278.0;21;48;12;37;185;33;25;42;17
1284.0;21;45;14;41;184;36;22;41;16
1290.0;24;44;14;39;186;36;20;41;16
1296.0;25;41;12;41;185;37;20;45;14
1302.0;24;39;14;42;185;38;20;46;12
1308.0;24;37;15;42;185;39;20;46;12
1314.0;21;35;15;44;185;37;22;48;13
1320.0;22;32;19;46;183;37;21;48;12
1326.0;24;33;18;42;182;39;21;49;12
1332.0;22;35;21;42;183;41;20;45;11
1338.0;21;34;22;44;182;39;22;42;14
1344.0;24;34;20;45;183;37;21;42;14
1350.0;27;34;18;45;181;37;19;43;16
1356.0;31;34;15;45;180;39;18;43;15
1362.0;30;35;16;48;179;37;19;43;13
1368.0;28;33;15;50;182;37;18;43;14
1374.0;28;36;12;50;184;37;17;41;15
1380.0;26;38;14;49;180;36;17;44;16
1386.0;24;39;17;50;179;38;16;43;14
1392.0;24;40;16;47;179;39;18;41;16
1398.0;23;40;18;46;180;36;20;42;15
1404.0;21;44;16;41;184;38;18;41;17
1410.0;22;45;18;39;186;36;19;37;18
1416.0;23;44;20;36;187;37;19;36;18
1422.0;23;45;21;36;186;38;19;34;18
1428.0;27;46;19;35;187;36;21;33;16
1434.0;26;44;18;36;187;35;21;33;20
1440.0;29;41;22;34;186;36;23;32;17
1446.0;30;41;24;37;186;33;21;32;16
1452.0;32;40;22;38;186;36;21;30;15
1458.0;30;40;21;39;188;35;22;29;16
1464.0;26;41;21;36;189;35;24;30;18
1470.0;27;46;22;34;189;34;23;29;16
1476.0;28;45;22;34;189;32;22;29;19
1482.0;26;44;24;33;191;32;23;30;17
1488.0;21;43;24;35;192;31;23;32;19
1494.0;19;44;27;36;189;34;21;32;18
1500.0;16;43;28;36;189;34;20;35;19
1506.0;17;43;25;36;189;35;23;35;17
1512.0;20;43;25;37;188;38;19;34;16
1518.0;20;42;25;40;189;36;18;35;15
1524.0;22;42;25;40;190;34;21;34;12
1530.0;22;42;26;41;189;33;21;35;11
1536.0;23;41;24;38;189;33;25;34;13
1542.0;22;38;23;37;194;31;23;38;14
1548.0;19;40;22;39;192;31;24;41;12
1554.0;19;41;22;36;197;33;20;40;12
1560.0;21;42;20;37;198;32;18;40;12
1566.0;19;41;19;35;200;34;18;40;14
1572.0;19;39;22;35;200;35;20;39;11
1578.0;18;40;18;37;199;36;20;41;11
1584.0;23;39;17;36;196;35;19;41;14
1590.0;21;39;14;36;197;37;19;41;16
1596.0;20;42;13;37;196;35;19;43;15
1602.0;20;39;13;37;196;36;17;45;17
1608.0;17;41;16;37;197;34;16;42;20
1614.0;17;40;18;38;195;33;17;41;21
1620.0;15;40;17;38;199;34;18;40;19
1626.0;17;40;15;40;198;35;14;43;18
1632.0;16;38;15;40;198;38;13;41;21
1638.0;14;39;17;38;197;39;14;41;21
1644.0;15;42;17;37;201;38;17;37;16
1650.0;14;46;15;38;201;40;17;34;15
1656.0;13;46;14;41;198;41;18;33;16
1662.0;15;46;12;40;200;41;18;34;14
1668.0;16;45;14;42;199;40;15;34;15
1674.0;17;42;16;41;200;40;15;35;14
1680.0;16;43;16;40;201;39;16;34;15
1686.0;17;41;18;38;199;43;13;37;14
1692.0;18;41;17;39;199;41;13;36;16
1698.0;17;39;15;39;198;40;16;36;20
1704.0;22;38;19;36;196;38;13;39;19
1710.0;24;39;16;38;196;37;14;37;19
1716.0;22;42;17;37;196;34;16;38;18
1722.0;22;40;19;39;192;35;16;40;17
1728.0;18;41;18;37;192;39;19;40;16
1734.0;17;40;17;38;194;39;18;39;18
1740.0;18;43;18;39;194;37;17;34;20
1746.0;16;47;14;39;195;36;17;34;22
1752.0;16;46;16;40;196;39;15;33;19
1758.0;17;46;18;38;194;39;15;34;19
1764.0;19;46;16;39;197;39;14;35;15
1770.0;19;47;19;37;196;36;12;36;18
1776.0;19;43;20;35;200;37;13;38;15
1782.0;18;45;20;35;201;35;13;39;14
1788.0;15;43;23;36;204;35;14;37;13
1794.0;13;45;24;35;204;36;13;38;12
