#auto generated file!
12.0;55;35;39;56;49;59;34;47;46
18.0;48;37;36;58;52;57;37;48;47
24.0;45;38;37;58;57;56;39;48;42
30.0;39;37;39;57;62;57;39;46;44
36.0;39;37;39;56;65;56;39;46;43
42.0;38;35;40;59;68;58;38;43;41
48.0;38;37;42;60;69;58;38;41;37
54.0;39;40;37;60;70;59;38;40;37
60.0;40;43;33;60;74;58;35;41;36
66.0;39;47;30;59;78;60;32;43;32
72.0;42;46;27;56;80;60;33;43;33
78.0;38;47;29;56;83;59;30;43;35
84.0;33;48;30;56;85;58;31;46;33
90.0;32;50;31;55;88;57;28;47;32
96.0;31;50;33;53;90;55;29;50;29
102.0;30;49;37;48;95;55;26;52;28
108.0;34;45;30;52;97;56;26;54;26
114.0;38;44;30;50;99;57;24;55;23
120.0;40;43;30;48;102;54;26;54;23
126.0;42;38;33;46;103;54;27;56;21
132.0;41;38;32;45;105;52;27;59;21
138.0;40;42;30;45;106;52;27;58;20
144.0;37;41;29;44;107;54;29;59;20
150.0;36;42;31;42;110;55;30;56;18
156.0;29;43;33;39;112;55;31;58;20
162.0;30;45;30;38;113;56;30;57;21
168.0;27;49;31;42;113;51;31;56;20
174.0;30;50;31;43;111;52;30;55;18
180.0;30;49;32;40;110;50;34;55;20
186.0;30;48;32;38;114;50;32;56;20
192.0;30;49;29;40;117;44;37;55;19
198.0;30;48;29;39;116;48;36;55;19
204.0;32;49;29;41;114;45;36;55;19
210.0;30;50;29;44;114;45;35;53;20
216.0;32;50;28;43;117;42;35;53;20
222.0;36;54;27;38;118;41;33;52;21
228.0;35;53;32;35;117;42;35;51;20
234.0;33;53;31;35;121;43;34;48;22
240.0;28;55;32;35;122;44;36;50;18
246.0;27;56;28;34;126;46;35;52;16
252.0;28;50;30;33;128;47;31;54;19
258.0;32;50;29;33;131;47;30;53;15
264.0;26;54;30;30;135;46;28;52;19
270.0;30;51;34;28;139;45;26;51;16
276.0;29;46;35;28;139;46;30;49;18
282.0;28;44;34;31;144;47;31;46;15
288.0;27;45;33;32;146;47;30;48;12
294.0;29;50;30;29;146;45;32;46;13
300.0;27;48;28;34;145;44;34;45;15
306.0;31;44;30;34;147;44;32;44;14
312.0;32;44;29;33;145;47;32;43;15
318.0;32;45;31;32;148;44;31;43;14
324.0;30;49;32;31;148;44;30;41;15
330.0;29;50;28;32;149;44;33;40;15
336.0;27;54;26;30;151;45;30;39;18
342.0;26;55;25;28;152;46;29;40;19
348.0;25;53;24;28;154;46;29;41;20
354.0;21;55;22;31;158;47;28;39;19
360.0;20;54;20;32;158;47;30;39;20
366.0;18;54;18;33;159;49;31;39;19
372.0;19;53;17;35;161;47;29;39;20
378.0;20;49;17;39;160;51;23;43;18
384.0;21;49;20;41;160;48;21;42;18
390.0;22;46;21;39;162;49;22;42;17
396.0;22;45;21;39;160;51;20;44;18
402.0;24;43;19;38;157;54;22;45;18
408.0;22;43;19;40;158;54;23;42;19
414.0;21;42;19;40;160;53;24;40;21
420.0;21;44;19;38;161;53;21;40;23
426.0;23;41;21;38;162;51;20;39;25
432.0;23;36;23;37;163;53;20;41;24
438.0;21;38;21;38;160;51;24;41;26
444.0;21;40;21;36;162;48;23;40;29
450.0;22;40;19;40;163;44;23;42;27
456.0;18;40;17;42;161;49;26;42;25
462.0;17;39;16;38;163;49;27;44;27
468.0;18;41;15;38;162;46;27;46;27
474.0;22;41;18;35;157;47;28;47;25
480.0;23;36;19;36;160;49;28;47;22
486.0;22;37;21;38;162;47;25;48;20
492.0;18;36;20;38;164;46;27;49;22
498.0;20;37;17;36;163;50;29;48;20
504.0;18;41;18;38;165;44;28;44;24
510.0;19;41;16;34;168;44;26;46;26
516.0;21;38;18;35;172;43;24;45;24
522.0;23;38;21;35;173;40;21;46;23
528.0;22;38;22;34;173;40;19;45;27
534.0;20;38;20;34;174;43;19;48;24
540.0;18;37;20;37;173;43;21;48;23
546.0;18;38;20;35;173;42;22;48;24
552.0;18;36;20;36;172;41;22;47;28
558.0;18;36;20;35;175;44;19;47;26
564.0;18;37;19;35;173;43;21;46;28
570.0;18;36;20;34;177;44;18;46;27
576.0;19;34;19;35;178;45;17;44;29
582.0;19;34;16;38;179;40;17;48;29
588.0;18;33;15;38;182;40;18;47;29
594.0;18;33;13;40;183;38;17;48;30
600.0;22;37;15;40;180;36;11;49;30
606.0;21;38;15;45;180;37;9;48;27
612.0;19;39;13;43;182;39;9;45;31
618.0;17;41;12;43;184;38;12;44;29
624.0;16;40;10;43;185;40;13;46;27
630.0;19;40;11;43;184;38;11;48;26
636.0;19;41;11;42;181;38;12;53;23
642.0;14;43;11;41;183;38;15;52;23
648.0;16;45;12;40;179;37;16;51;24
654.0;19;41;12;40;183;37;15;47;26
660.0;20;44;13;39;180;37;17;46;24
666.0;20;43;13;39;181;37;16;45;26
672.0;16;41;13;41;181;38;17;47;26
678.0;17;40;12;39;184;37;18;50;23
684.0;14;40;13;40;183;38;19;49;24
690.0;14;41;11;41;184;37;18;49;25
696.0;14;42;12;39;185;39;17;44;28
702.0;15;41;11;41;186;39;16;44;27
708.0;14;41;13;38;187;40;16;42;29
714.0;17;41;14;37;185;40;14;43;29
720.0;20;41;16;35;188;36;16;41;27
726.0;19;42;15;36;191;36;19;37;25
732.0;19;44;16;36;191;34;18;38;24
738.0;19;41;16;39;192;34;16;38;25
744.0;19;43;18;40;190;32;16;37;25
750.0;17;42;20;44;189;30;17;35;26
756.0;19;41;23;47;188;28;17;32;25
762.0;18;41;21;45;191;28;17;34;25
768.0;19;39;21;49;193;25;15;35;24
774.0;18;39;18;49;193;24;17;36;26
780.0;18;37;22;50;190;23;18;37;25
786.0;19;36;21;53;189;25;18;37;22
792.0;17;35;20;57;189;29;18;33;22
798.0;15;38;19;54;190;31;18;34;21
804.0;15;39;19;52;189;32;18;34;22
810.0;15;38;21;52;189;32;17;33;23
816.0;17;36;25;48;188;31;21;34;20
822.0;19;37;24;48;188;30;21;36;17
828.0;19;40;24;53;185;31;21;31;16
834.0;18;40;26;53;184;31;23;28;17
840.0;17;37;25;51;185;32;28;30;15
846.0;15;35;26;47;184;35;29;31;18
852.0;15;38;26;48;185;34;25;32;17
858.0;14;40;25;49;185;34;24;32;17
864.0;15;36;24;49;187;34;24;33;18
870.0;14;35;25;46;190;34;21;36;19
876.0;14;37;26;48;187;32;18;37;21
882.0;14;42;26;49;184;28;18;40;19
888.0;14;41;26;49;187;26;21;39;17
894.0;15;44;24;50;189;27;20;38;13
900.0;17;45;23;51;190;28;16;38;12
906.0;15;47;25;51;187;27;16;37;15
912.0;16;45;26;51;183;32;17;37;13
918.0;16;45;20;53;184;32;18;38;14
924.0;18;47;20;52;184;31;15;34;19
930.0;21;44;19;49;186;31;16;35;19
936.0;19;46;22;49;185;29;15;36;19
942.0;20;46;20;49;186;28;16;37;18
948.0;23;42;20;48;186;28;19;35;19
954.0;24;42;20;45;188;29;18;33;21
960.0;20;42;21;49;189;31;18;29;21
966.0;20;45;22;46;189;32;17;30;19
972.0;22;43;23;43;188;32;21;30;18
978.0;21;41;21;44;189;35;21;31;17
984.0;22;39;22;44;188;33;22;31;19
990.0;23;39;22;43;191;30;24;30;18
996.0;24;38;23;47;187;28;23;30;20
1002.0;24;39;26;45;188;25;23;31;19
1008.0;26;39;28;45;186;22;24;29;21
1014.0;26;36;29;48;185;25;21;31;19
1020.0;24;35;31;49;186;24;21;33;17
1026.0;24;33;34;50;186;25;20;33;15
1032.0;21;34;31;51;187;23;23;34;16
1038.0;21;36;31;48;185;27;24;32;16
1044.0;17;37;34;43;185;30;25;31;18
1050.0;17;36;31;45;185;31;25;31;19
1056.0;17;36;29;44;186;32;25;30;21
1062.0;16;33;28;48;184;31;25;32;23
1068.0;16;33;29;50;188;29;23;34;18
1074.0;14;34;26;47;188;30;24;35;22
1080.0;14;35;27;51;189;28;23;34;19
1086.0;15;37;24;52;187;28;21;35;21
1092.0;12;40;22;52;185;30;24;36;19
1098.0;14;41;22;50;182;31;22;41;17
1104.0;14;42;22;48;183;32;20;39;20
1110.0;16;41;20;50;183;33;20;39;18
1116.0;17;38;26;47;183;33;20;39;17
1122.0;17;40;27;43;189;32;18;39;15
1128.0;17;37;25;43;189;31;20;41;17
1134.0;19;35;24;43;191;31;21;40;16
1140.0;18;35;25;39;192;32;21;40;18
1146.0;18;33;30;38;194;32;19;38;18
1152.0;17;34;30;32;194;34;20;42;17
1158.0;18;31;27;32;194;33;21;43;21
1164.0;20;29;27;33;196;32;22;43;18
1170.0;21;28;27;36;198;32;20;41;17
1176.0;19;27;23;36;198;35;20;45;17
1182.0;22;26;23;36;197;35;20;46;15
1188.0;23;27;20;39;197;33;21;44;16
1194.0;23;25;21;38;198;34;20;44;17
1200.0;23;24;24;39;198;35;18;41;18
1206.0;22;25;21;39;197;33;22;43;18
1212.0;23;26;20;39;196;34;20;42;20
1218.0;25;28;17;39;197;34;21;40;19
1224.0;26;29;18;38;194;37;21;39;18
1230.0;26;30;16;37;195;36;21;37;22
1236.0;24;31;14;36;198;35;22;38;22
1242.0;24;32;15;37;198;35;24;36;19
1248.0;23;32;14;37;198;37;21;38;20
1254.0;20;33;15;37;197;38;19;40;21
1260.0;19;31;16;33;197;37;25;42;20
1266.0;19;29;16;33;198;36;24;46;19
1272.0;22;28;15;35;198;42;18;48;14
1278.0;21;27;17;37;196;42;17;47;16
1284.0;22;27;14;40;196;40;17;45;19
1290.0;21;26;14;39;200;38;16;44;22
1296.0;23;27;15;41;195;38;18;45;18
1302.0;19;27;16;40;195;44;17;46;16
1308.0;20;29;13;39;196;46;16;43;18
1314.0;21;28;13;41;196;47;15;41;18
1320.0;21;28;13;41;195;47;13;44;18
1326.0;22;24;15;40;195;47;13;44;20
1332.0;24;24;18;34;199;46;16;40;19
1338.0;22;26;16;35;198;45;18;40;20
1344.0;23;24;15;34;197;46;20;41;20
1350.0;19;25;14;40;197;43;20;42;20
1356.0;19;24;19;40;196;46;14;43;19
1362.0;22;25;20;41;193;42;13;45;19
1368.0;23;29;19;39;193;41;11;45;20
1374.0;23;28;18;38;191;47;10;44;21
1380.0;25;30;17;38;190;49;10;40;21
1386.0;25;28;19;39;188;48;12;41;20
1392.0;23;27;18;40;185;50;12;45;20
1398.0;22;26;22;42;186;47;12;45;18
1404.0;22;24;23;41;186;45;14;44;21
1410.0;23;24;25;36;186;44;13;46;23
1416.0;26;23;30;36;181;43;13;46;22
1422.0;26;23;29;37;179;41;13;48;24
1428.0;28;24;25;38;182;40;12;48;23
1434.0;30;24;27;37;180;40;12;48;22
1440.0;28;23;25;39;180;38;15;53;19
1446.0;30;23;25;40;178;34;16;54;20
1452.0;31;23;22;37;183;33;17;53;21
1458.0;27;22;24;37;183;35;16;55;21
1464.0;28;25;19;35;184;37;16;56;20
1470.0;26;24;19;38;184;36;17;55;21
1476.0;28;24;18;37;187;37;19;51;19
1482.0;29;24;16;37;189;39;18;50;18
1488.0;29;26;16;36;189;38;20;48;18
1494.0;32;28;16;34;189;37;19;47;18
1500.0;29;27;14;36;190;36;20;47;21
1506.0;28;28;17;33;191;32;20;50;21
1512.0;31;29;19;33;193;30;18;44;23
1518.0;31;30;18;31;192;31;18;46;23
1524.0;29;28;19;33;195;31;19;43;23
1530.0;25;28;16;33;197;31;21;44;25
1536.0;21;31;15;34;199;31;24;42;23
1542.0;20;29;15;32;201;35;23;43;22
1548.0;22;26;15;34;203;37;21;41;21
1554.0;21;25;16;35;203;38;22;38;22
1560.0;22;27;12;36;203;38;22;38;22
1566.0;23;30;12;34;204;36;21;37;23
1572.0;23;29;14;35;202;36;20;36;25
1578.0;24;27;17;35;204;35;20;37;21
1584.0;23;27;14;35;206;34;20;39;22
1590.0;24;28;12;37;208;33;17;38;23
1596.0;21;28;13;39;211;35;18;36;19
1602.0;18;29;16;37;211;36;18;38;17
1608.0;16;31;16;42;206;39;16;38;16
1614.0;17;32;15;42;206;37;18;36;17
1620.0;14;36;12;42;207;38;20;34;17
1626.0;16;38;10;43;206;35;20;34;18
1632.0;16;35;9;46;204;38;18;34;20
1638.0;16;30;10;48;203;38;16;36;23
1644.0;15;32;10;47;203;40;15;38;20
1650.0;15;33;11;48;203;39;13;39;19
1656.0;16;32;12;46;207;42;12;37;16
1662.0;15;33;14;46;207;40;14;38;13
1668.0;15;35;15;42;209;41;13;37;13
1674.0;18;36;14;42;210;38;12;37;13
1680.0;18;37;15;41;212;37;10;39;11
1686.0;16;39;17;40;212;37;8;39;12
1692.0;16;40;15;40;211;36;9;43;10
1698.0;15;40;14;43;210;31;12;44;11
1704.0;16;39;14;42;213;31;12;43;10
1710.0;19;37;14;39;214;31;11;44;11
1716.0;20;33;13;39;215;34;15;39;12
1722.0;19;33;16;39;213;32;14;38;16
1728.0;16;32;16;41;212;32;16;39;16
1734.0;14;32;17;41;210;33;17;39;17
1740.0;13;32;16;40;208;33;22;39;17
1746.0;14;31;17;41;206;31;21;41;18
1752.0;14;33;17;38;206;31;23;40;18
1758.0;13;36;19;36;207;29;27;40;13
1764.0;14;35;21;39;205;30;25;38;13
1770.0;14;36;22;39;204;29;26;38;12
1776.0;18;36;19;40;202;27;26;37;15
1782.0;21;36;18;40;202;26;28;35;14
1788.0;22;35;19;40;203;26;29;34;12
1794.0;21;37;18;41;203;22;33;34;11
