#auto generated file!
12.0;25;27;28;26;21;20;24;19;20
18.0;23;28;27;23;26;21;24;20;18
24.0;19;30;26;23;29;19;26;21;17
30.0;18;30;24;27;28;22;26;21;14
36.0;17;27;24;29;29;22;25;23;14
42.0;16;26;24;30;29;23;25;21;16
48.0;14;27;24;29;31;23;22;24;16
54.0;14;29;21;30;32;22;22;23;17
60.0;15;30;20;29;35;24;21;23;13
66.0;17;31;18;27;36;26;20;24;11
72.0;16;32;17;28;37;26;17;26;11
78.0;16;32;19;29;37;26;15;26;10
84.0;15;34;17;28;38;26;15;24;13
90.0;14;34;21;29;39;22;15;24;12
96.0;16;33;19;26;39;21;17;26;13
102.0;15;34;18;29;41;21;13;25;14
108.0;17;32;16;26;46;21;16;24;12
114.0;17;32;14;26;47;21;17;25;11
120.0;16;32;13;25;47;22;16;26;13
126.0;14;32;15;25;49;20;16;26;13
132.0;15;32;13;23;52;20;16;26;13
138.0;15;34;13;23;53;20;14;25;13
144.0;16;34;14;19;54;24;12;25;12
150.0;15;31;16;18;57;24;13;24;12
156.0;13;32;19;18;56;25;12;23;12
162.0;16;29;16;20;60;26;12;22;9
168.0;13;31;17;17;63;25;14;21;9
174.0;10;30;16;18;66;27;12;22;9
180.0;11;28;17;18;69;27;12;20;8
186.0;12;28;17;16;69;28;12;20;8
192.0;12;29;17;15;67;29;13;19;9
198.0;14;29;15;15;67;29;12;20;9
204.0;15;28;14;14;65;30;12;25;7
210.0;13;28;13;14;69;30;11;26;6
216.0;13;27;12;14;71;30;12;25;6
222.0;14;26;10;15;72;30;10;25;8
228.0;13;27;10;15;73;28;9;25;10
234.0;14;27;11;13;71;27;9;28;10
240.0;10;30;11;13;72;26;8;29;11
246.0;13;30;8;13;72;25;13;25;11
252.0;13;30;9;12;74;25;11;23;13
258.0;14;28;8;12;76;28;11;22;11
264.0;10;33;7;10;79;26;12;22;11
270.0;8;33;5;12;78;27;13;23;11
276.0;7;30;3;12;82;29;11;21;15
282.0;7;29;3;11;83;29;10;23;15
288.0;6;30;4;11;83;28;10;23;15
294.0;8;30;5;12;84;27;10;20;14
300.0;10;30;4;14;85;27;10;18;12
306.0;12;28;4;15;83;26;8;21;13
312.0;13;27;5;15;84;27;7;20;12
318.0;11;26;6;15;84;28;10;18;12
324.0;12;26;7;14;85;27;7;21;11
330.0;12;26;5;16;82;28;9;19;13
336.0;14;25;4;15;83;27;9;21;12
342.0;17;23;4;15;84;29;7;20;11
348.0;16;25;6;13;83;28;9;21;9
354.0;15;25;11;11;80;27;10;21;10
360.0;15;24;12;13;82;28;7;19;10
366.0;14;22;12;13;81;29;6;21;12
372.0;14;22;11;14;81;28;8;21;11
378.0;13;22;11;15;80;31;9;20;9
384.0;14;22;12;15;81;28;10;20;8
390.0;15;20;13;16;85;25;10;20;6
396.0;16;21;12;15;85;26;10;19;6
402.0;16;21;12;15;85;27;10;18;6
408.0;15;22;12;17;85;26;9;18;6
414.0;14;22;13;17;84;24;9;17;10
420.0;13;25;10;17;83;25;10;19;8
426.0;13;22;9;16;83;24;11;20;12
432.0;13;22;9;15;85;20;10;22;14
438.0;11;22;11;15;85;20;12;23;11
444.0;10;22;12;15;85;21;15;22;8
450.0;10;21;13;14;83;23;14;24;8
456.0;10;18;15;16;82;24;14;24;7
462.0;12;15;17;16;83;24;11;24;8
468.0;10;16;18;17;84;26;9;23;7
474.0;11;15;16;17;84;25;9;23;10
480.0;11;16;17;18;83;25;9;20;11
486.0;12;18;16;18;82;26;7;20;11
492.0;11;21;19;17;82;25;6;20;9
498.0;11;20;18;16;83;23;9;21;9
504.0;12;23;17;16;82;22;8;20;10
510.0;9;21;15;20;84;22;9;20;10
516.0;9;23;15;17;86;22;9;22;7
522.0;9;23;15;18;85;21;10;23;6
528.0;9;23;14;19;86;21;10;22;6
534.0;11;22;14;22;85;19;9;20;8
540.0;11;22;13;24;85;18;10;20;7
546.0;10;22;13;23;84;20;10;22;6
552.0;10;23;10;22;86;20;13;20;6
558.0;9;25;10;20;88;18;14;20;6
564.0;8;25;13;20;90;18;14;18;4
570.0;8;26;12;19;90;18;14;18;5
576.0;10;25;13;19;90;19;12;18;4
582.0;9;26;14;18;92;19;12;17;3
588.0;8;24;15;19;94;17;12;17;4
594.0;9;23;14;20;93;17;13;17;4
600.0;11;23;12;21;94;17;11;16;5
606.0;7;23;11;24;96;18;12;13;6
612.0;6;21;10;23;100;15;14;13;8
618.0;6;21;10;24;98;15;15;13;8
624.0;6;18;10;24;98;15;15;16;8
630.0;5;19;12;24;95;16;16;16;7
636.0;7;19;11;22;95;19;17;15;5
642.0;8;20;8;21;93;20;15;16;9
648.0;8;21;8;22;91;19;14;18;9
654.0;7;20;9;21;92;19;13;17;12
660.0;9;19;7;21;93;19;11;18;13
666.0;8;19;7;20;92;19;12;21;12
672.0;10;18;10;18;90;17;13;22;12
678.0;8;21;11;15;91;17;13;23;11
684.0;10;20;10;17;94;17;11;21;10
690.0;8;21;10;18;94;18;9;23;9
696.0;8;21;9;15;94;20;9;25;9
702.0;7;19;9;15;98;20;8;23;11
708.0;8;17;10;16;98;19;8;21;13
714.0;7;17;11;14;97;22;7;21;14
720.0;7;18;11;15;97;20;9;20;13
726.0;10;18;7;16;98;19;9;20;13
732.0;11;17;8;17;98;18;8;18;15
738.0;10;18;10;18;96;17;6;17;18
744.0;11;18;10;19;96;16;6;15;19
750.0;11;18;10;19;95;17;7;15;18
756.0;11;17;11;19;95;17;7;15;18
762.0;9;18;12;17;97;18;7;16;16
768.0;8;18;12;17;97;19;8;15;16
774.0;8;18;12;17;98;18;9;15;15
780.0;9;18;12;16;100;18;8;15;14
786.0;8;19;14;18;101;18;9;14;9
792.0;7;17;14;18;100;19;10;14;11
798.0;7;17;15;17;99;18;12;14;11
804.0;6;18;13;17;100;18;12;17;9
810.0;6;16;11;17;101;19;15;17;8
816.0;7;17;11;15;99;20;15;18;8
822.0;9;16;13;14;97;21;14;18;8
828.0;8;18;14;14;97;21;13;17;8
834.0;6;16;17;13;97;22;12;17;10
840.0;7;16;12;15;97;22;13;18;10
846.0;6;18;11;14;98;23;13;16;11
852.0;4;18;9;15;99;22;14;16;13
858.0;6;18;10;13;99;21;13;17;13
864.0;6;19;8;14;100;21;12;18;12
870.0;6;20;9;15;102;18;10;18;12
876.0;6;20;8;15;102;19;10;19;11
882.0;7;20;6;16;102;18;11;19;11
888.0;8;20;6;17;101;21;7;19;11
894.0;8;21;7;18;101;20;7;19;9
900.0;6;22;8;18;100;20;8;18;10
906.0;7;21;10;17;100;20;8;17;10
912.0;7;21;13;16;96;18;11;18;10
918.0;6;19;13;15;97;21;12;17;10
924.0;6;17;12;16;97;22;12;19;9
930.0;4;16;10;19;97;23;12;19;10
936.0;4;15;10;19;96;25;13;19;9
942.0;3;15;10;19;96;23;14;21;9
948.0;4;16;10;19;98;21;14;20;8
954.0;4;17;10;19;98;20;14;19;9
960.0;5;18;10;17;99;20;11;19;11
966.0;4;19;9;18;98;21;12;18;11
972.0;5;20;9;18;98;21;11;20;8
978.0;6;21;8;18;97;23;9;21;7
984.0;6;22;10;16;97;20;9;22;8
990.0;7;21;10;15;98;19;9;22;9
996.0;7;19;8;17;100;20;12;19;8
1002.0;8;18;8;17;102;20;11;19;7
1008.0;9;17;8;18;102;18;12;20;6
1014.0;8;18;8;18;100;17;12;22;7
1020.0;9;18;9;15;101;16;12;22;8
1026.0;9;20;9;15;100;16;13;21;7
1032.0;10;23;7;15;99;16;13;20;7
1038.0;10;22;8;15;98;17;13;19;8
1044.0;9;22;5;14;101;20;11;19;9
1050.0;8;23;5;15;102;20;12;18;7
1056.0;8;24;5;16;101;21;11;18;6
1062.0;9;22;6;16;104;20;11;16;6
1068.0;11;23;5;16;104;18;11;17;5
1074.0;13;23;4;16;104;16;11;17;6
1080.0;12;21;5;17;103;16;10;20;6
1086.0;10;20;8;19;101;17;10;19;6
1092.0;7;21;8;21;101;16;12;18;6
1098.0;7;21;9;22;97;19;12;18;5
1104.0;6;19;11;24;100;18;10;17;5
1110.0;6;19;11;24;100;18;10;17;5
1116.0;6;21;10;23;100;16;10;17;7
1122.0;8;21;11;23;98;16;10;17;6
1128.0;8;20;11;25;99;16;6;20;5
1134.0;7;20;10;24;101;16;6;21;5
1140.0;7;20;10;22;100;15;9;21;6
1146.0;7;19;10;21;99;16;8;21;9
1152.0;9;16;8;22;99;16;8;22;10
1158.0;7;15;7;23;98;18;9;23;10
1164.0;8;17;6;23;97;18;8;23;10
1170.0;8;19;8;21;98;17;6;23;10
1176.0;8;20;8;21;97;17;7;23;9
1182.0;8;20;7;22;96;17;9;23;8
1188.0;8;20;6;21;95;18;9;23;10
1194.0;9;20;7;22;95;16;11;22;8
1200.0;8;22;6;21;95;17;9;24;8
1206.0;8;22;6;20;93;16;9;26;10
1212.0;10;22;6;18;93;17;8;26;10
1218.0;10;22;7;16;93;16;9;26;11
1224.0;9;22;7;16;92;16;11;26;11
1230.0;15;18;6;18;92;15;10;22;14
1236.0;13;17;8;18;92;16;10;22;14
1242.0;12;17;8;19;93;16;11;22;12
1248.0;12;16;7;18;93;17;11;22;14
1254.0;13;17;7;18;93;18;10;20;14
1260.0;12;17;8;17;96;20;9;18;13
1266.0;14;20;6;16;96;18;8;18;14
1272.0;13;21;7;17;95;17;8;19;13
1278.0;15;20;8;17;96;15;7;19;13
1284.0;15;19;7;16;95;16;11;19;12
1290.0;15;18;8;15;96;17;11;18;12
1296.0;15;17;10;14;98;18;9;17;12
1302.0;16;17;12;15;95;18;7;17;13
1308.0;16;19;13;15;93;18;6;16;14
1314.0;16;20;13;14;93;17;6;15;16
1320.0;17;17;12;14;95;21;4;14;16
1326.0;15;19;11;16;93;20;5;15;16
1332.0;12;21;13;15;93;21;7;16;12
1338.0;14;22;11;14;93;20;8;15;13
1344.0;15;21;11;15;94;18;8;15;13
1350.0;15;20;10;16;95;19;9;15;11
1356.0;14;20;13;14;91;20;9;17;12
1362.0;13;21;14;13;90;21;9;18;11
1368.0;11;20;15;15;90;19;6;21;13
1374.0;10;22;15;14;90;18;7;21;13
1380.0;10;24;14;15;88;17;7;22;13
1386.0;9;25;13;15;88;17;8;23;12
1392.0;7;27;12;15;88;17;8;23;13
1398.0;8;28;12;16;87;17;8;23;11
1404.0;9;28;12;18;86;19;5;22;11
1410.0;10;27;12;19;86;18;5;24;9
1416.0;12;27;13;20;82;16;5;24;11
1422.0;12;26;12;20;84;17;5;23;11
1428.0;12;25;13;20;82;18;6;21;13
1434.0;13;25;14;21;80;18;5;21;13
1440.0;14;23;15;21;81;19;6;18;13
1446.0;15;23;14;20;80;18;7;20;13
1452.0;15;22;14;20;78;19;8;21;13
1458.0;14;21;15;20;78;20;8;20;14
1464.0;14;21;14;19;79;20;8;21;14
1470.0;13;21;13;18;78;20;9;26;12
1476.0;15;22;13;18;78;19;10;25;10
1482.0;16;23;14;17;77;16;12;23;12
1488.0;14;23;14;18;78;16;9;27;11
1494.0;12;23;14;20;76;18;10;26;11
1500.0;14;22;14;21;78;16;10;26;9
1506.0;14;22;14;18;79;17;10;28;8
1512.0;11;24;15;14;80;16;11;30;9
1518.0;11;24;11;15;81;16;12;30;10
1524.0;12;23;11;14;82;16;12;29;11
1530.0;12;24;11;17;80;16;14;24;12
1536.0;13;22;8;19;79;20;14;22;13
1542.0;14;22;8;20;79;19;16;20;12
1548.0;16;23;9;16;81;18;16;19;12
1554.0;16;24;10;18;80;17;13;18;14
1560.0;17;23;11;17;82;15;15;20;10
1566.0;17;21;9;20;85;11;13;23;11
1572.0;14;21;10;22;85;11;12;22;13
1578.0;13;23;9;21;86;12;11;22;13
1584.0;10;23;12;23;84;12;9;22;15
1590.0;9;23;13;22;84;12;12;22;13
1596.0;6;24;17;23;82;13;12;23;10
1602.0;7;23;17;21;84;12;11;22;13
1608.0;7;21;17;20;86;12;11;23;13
1614.0;7;21;18;20;89;11;11;22;11
1620.0;8;21;16;19;89;12;12;22;11
1626.0;8;22;15;19;86;11;12;22;15
1632.0;9;21;16;19;86;10;12;22;15
1638.0;11;18;14;18;87;11;16;22;13
1644.0;12;19;13;18;87;13;15;22;11
1650.0;15;18;12;15;88;13;14;22;13
1656.0;14;18;13;14;87;14;16;21;13
1662.0;13;18;12;14;88;13;15;21;16
1668.0;12;19;9;14;89;12;16;22;17
1674.0;13;19;7;15;90;13;14;23;16
1680.0;12;20;7;15;91;12;15;22;16
1686.0;12;21;7;15;91;12;13;23;16
1692.0;14;20;5;15;91;12;12;23;18
1698.0;13;19;6;15;91;12;12;24;18
1704.0;11;20;9;15;89;12;12;25;17
1710.0;12;20;9;16;89;13;11;25;15
1716.0;13;20;10;16;89;13;9;26;14
1722.0;13;22;12;16;88;12;9;25;13
1728.0;13;22;8;17;90;12;8;26;14
1734.0;13;22;9;16;89;14;9;26;12
1740.0;14;24;7;16;91;15;8;25;10
1746.0;13;22;9;17;92;15;8;24;10
1752.0;16;23;8;17;93;12;8;23;10
1758.0;17;21;8;17;93;13;8;25;8
1764.0;16;21;8;17;92;15;8;26;7
1770.0;13;23;9;17;90;16;10;25;7
1776.0;13;22;9;19;92;14;10;24;7
1782.0;11;21;9;18;95;14;10;24;8
1788.0;12;20;9;16;94;15;11;26;7
1794.0;13;19;10;14;96;15;11;25;7
