#auto generated file!
12.0;33;32;32;30;34;38;31;26;34
18.0;34;34;31;34;34;35;29;28;31
24.0;36;37;30;35;34;34;26;28;30
30.0;40;37;30;35;35;36;22;30;25
36.0;39;39;28;35;38;37;23;28;23
42.0;36;37;31;34;39;38;25;28;22
48.0;30;40;30;34;40;40;26;29;21
54.0;30;40;28;33;42;39;26;34;18
60.0;31;45;25;32;44;36;26;35;16
66.0;29;45;25;34;45;36;22;39;15
72.0;27;47;26;34;47;36;20;38;15
78.0;26;49;24;34;48;37;21;35;16
84.0;25;49;24;33;49;31;24;37;18
90.0;23;49;23;33;52;31;24;38;17
96.0;28;46;23;33;53;29;23;39;16
102.0;26;47;24;32;53;28;23;38;19
108.0;27;47;24;29;55;27;26;38;17
114.0;25;48;24;28;54;28;26;38;19
120.0;20;52;24;29;55;28;25;38;19
126.0;17;49;25;28;58;31;27;36;19
132.0;18;47;29;28;58;32;24;35;19
138.0;18;46;28;26;56;31;25;36;24
144.0;20;44;28;26;58;28;26;34;26
150.0;21;44;33;24;60;26;25;35;22
156.0;19;41;33;26;65;28;22;33;23
162.0;20;40;34;26;65;28;21;32;24
168.0;21;39;37;23;67;29;19;34;21
174.0;20;39;35;21;68;32;20;34;21
180.0;18;38;35;22;69;31;20;36;21
186.0;16;36;29;24;69;34;25;36;21
192.0;16;35;29;24;71;36;23;35;21
198.0;17;37;29;24;71;38;20;33;21
204.0;18;40;26;27;68;38;21;32;20
210.0;18;39;24;30;71;34;20;32;22
216.0;18;40;27;29;71;32;19;33;21
222.0;20;41;24;27;76;31;17;32;22
228.0;20;38;23;27;76;31;16;36;23
234.0;22;34;23;29;78;28;17;37;22
240.0;24;35;21;29;79;27;19;35;21
246.0;24;35;20;27;81;27;19;36;21
252.0;23;35;21;28;83;29;18;34;19
258.0;25;34;21;25;86;28;17;33;21
264.0;27;35;25;22;87;27;16;33;18
270.0;25;33;27;23;90;26;18;30;18
276.0;27;33;24;24;90;27;16;31;18
282.0;25;34;24;24;90;28;19;29;17
288.0;26;33;22;24;90;32;19;30;14
294.0;23;31;22;26;92;31;21;30;14
300.0;22;31;21;25;91;32;23;31;14
306.0;24;29;18;25;92;33;24;30;15
312.0;25;30;17;25;92;33;22;30;16
318.0;20;32;13;26;94;36;24;29;16
324.0;18;31;13;27;96;38;23;30;14
330.0;16;33;15;27;98;40;19;29;13
336.0;17;33;14;26;100;40;17;31;12
342.0;18;32;11;26;101;41;17;33;11
348.0;17;32;9;28;100;43;14;34;13
354.0;15;31;9;28;101;43;15;34;14
360.0;16;36;8;27;100;42;15;32;14
366.0;16;33;8;28;98;41;15;37;14
372.0;18;32;8;26;100;41;15;36;14
378.0;16;31;9;26;102;38;15;38;15
384.0;15;30;12;25;102;41;12;36;17
390.0;14;31;13;25;102;38;12;38;17
396.0;10;34;16;24;104;38;12;36;16
402.0;12;35;17;25;104;36;10;36;15
408.0;13;36;20;25;103;35;10;34;14
414.0;13;33;21;25;105;37;10;32;14
420.0;14;34;19;26;105;37;12;32;11
426.0;14;34;18;24;106;37;11;33;13
432.0;12;35;17;24;108;34;11;35;14
438.0;12;33;18;24;109;33;11;36;14
444.0;14;32;16;23;112;31;14;36;12
450.0;16;29;17;25;114;31;14;35;9
456.0;15;27;17;26;113;31;14;37;10
462.0;16;27;16;27;115;31;11;37;10
468.0;16;27;14;27;116;30;12;37;11
474.0;17;28;11;26;116;32;13;36;11
480.0;17;26;10;28;115;31;15;35;13
486.0;17;27;10;28;116;29;15;32;16
492.0;17;26;11;28;118;31;13;32;14
498.0;20;25;11;28;118;32;13;33;10
504.0;23;23;12;23;118;30;16;34;11
510.0;21;26;9;23;118;31;15;35;12
516.0;24;26;8;22;120;29;14;34;13
522.0;24;24;9;21;124;26;15;32;15
528.0;24;25;10;22;122;26;16;32;13
534.0;24;25;9;23;122;27;17;32;11
540.0;22;25;9;24;118;28;18;35;11
546.0;23;24;8;23;118;28;19;37;10
552.0;23;25;10;24;117;29;20;35;7
558.0;24;26;9;26;118;29;19;34;5
564.0;21;25;10;30;121;26;20;32;5
570.0;20;27;11;30;120;25;21;31;5
576.0;18;25;13;29;120;25;22;31;7
582.0;16;23;13;25;123;27;24;29;10
588.0;18;20;13;26;122;29;23;28;11
594.0;18;20;17;27;122;25;21;28;12
600.0;17;21;18;28;118;27;21;28;12
606.0;17;23;18;28;118;24;21;27;14
612.0;14;22;16;28;117;24;23;31;15
618.0;14;21;17;29;119;24;21;31;14
624.0;18;20;17;28;122;23;20;29;13
630.0;17;20;16;29;124;21;21;28;14
636.0;18;16;17;28;125;21;19;29;17
642.0;21;15;16;27;124;21;20;29;17
648.0;19;18;18;28;126;19;18;29;15
654.0;21;19;18;29;127;18;16;29;13
660.0;23;20;18;28;124;18;16;30;13
666.0;26;19;18;28;122;21;16;28;12
672.0;26;19;20;26;124;20;16;28;11
678.0;26;22;17;27;123;21;17;27;10
684.0;26;21;18;26;123;21;19;25;11
690.0;23;23;17;28;122;21;21;25;10
696.0;21;25;19;27;124;20;19;24;11
702.0;21;25;18;26;127;22;19;22;10
708.0;22;25;17;26;126;21;19;24;10
714.0;22;25;16;24;126;24;20;25;8
720.0;24;25;16;24;127;25;20;23;6
726.0;24;25;14;24;131;25;16;23;8
732.0;23;24;14;24;132;25;17;23;8
738.0;22;24;16;23;133;26;17;23;6
744.0;21;23;16;25;133;26;15;25;6
750.0;25;27;14;26;130;23;15;24;6
756.0;21;26;16;25;130;24;15;26;7
762.0;21;27;16;27;130;24;16;22;7
768.0;19;28;17;30;129;24;13;24;6
774.0;16;30;18;27;129;26;11;28;5
780.0;13;34;15;27;128;26;11;29;7
786.0;11;32;15;27;128;27;15;27;8
792.0;13;30;13;26;128;29;15;28;8
798.0;14;32;14;27;128;28;14;25;8
804.0;13;30;12;26;129;29;16;26;9
810.0;13;28;16;28;127;28;16;25;9
816.0;12;27;18;30;128;26;14;26;9
822.0;12;27;15;32;130;23;13;25;13
828.0;12;29;15;32;128;24;14;23;13
834.0;10;30;13;32;130;24;13;25;13
840.0;9;31;12;31;131;24;15;24;13
846.0;9;31;12;32;129;25;13;24;15
852.0;12;30;10;33;128;25;15;23;14
858.0;10;30;11;35;128;26;14;22;14
864.0;12;31;12;34;128;28;13;22;10
870.0;12;30;10;36;129;33;12;21;7
876.0;13;31;9;36;128;30;12;23;8
882.0;12;31;7;34;129;31;14;23;9
888.0;10;30;7;34;131;31;14;22;11
894.0;7;29;7;35;131;35;15;21;10
900.0;8;26;8;35;129;35;16;22;11
906.0;10;28;8;36;127;34;16;20;11
912.0;9;28;9;34;129;33;13;22;13
918.0;10;28;9;36;130;33;11;21;12
924.0;10;29;8;38;131;33;11;20;10
930.0;10;30;8;37;131;30;13;21;10
936.0;12;29;8;40;129;29;14;19;10
942.0;14;28;11;40;131;27;12;18;9
948.0;13;28;10;37;132;28;10;21;11
954.0;11;30;11;33;136;27;8;21;13
960.0;13;28;9;34;134;27;13;19;13
966.0;13;27;8;35;136;27;15;19;10
972.0;14;28;10;34;134;27;15;17;11
978.0;16;25;10;35;132;27;16;18;11
984.0;15;25;11;35;134;26;15;18;11
990.0;13;26;10;39;133;27;14;14;14
996.0;15;27;14;36;132;26;13;13;14
1002.0;15;25;12;37;134;25;13;15;14
1008.0;16;26;10;37;133;28;12;16;12
1014.0;16;26;8;38;133;27;11;19;12
1020.0;15;24;9;41;132;26;13;18;12
1026.0;19;28;8;37;129;24;14;18;13
1032.0;20;29;10;36;132;22;10;19;12
1038.0;21;30;10;35;131;22;10;19;12
1044.0;22;30;11;33;133;21;8;20;12
1050.0;21;29;11;34;131;20;13;19;12
1056.0;18;28;14;34;131;22;13;20;10
1062.0;16;26;13;34;131;23;14;22;11
1068.0;14;27;16;32;132;21;16;19;13
1074.0;14;27;13;32;133;24;14;19;14
1080.0;14;28;12;32;133;23;14;20;14
1086.0;14;28;13;32;132;23;15;20;13
1092.0;14;28;13;31;135;23;15;19;12
1098.0;13;31;14;34;133;22;13;18;12
1104.0;14;30;14;33;136;21;13;19;10
1110.0;14;29;13;34;136;20;14;19;11
1116.0;17;28;14;33;139;19;14;17;9
1122.0;14;27;15;31;141;19;14;17;12
1128.0;14;24;15;31;140;19;16;17;14
1134.0;16;22;13;29;143;23;12;17;15
1140.0;18;21;11;30;144;22;12;16;16
1146.0;19;19;13;31;143;20;13;17;15
1152.0;19;19;12;32;144;22;10;17;15
1158.0;18;20;12;31;142;23;12;17;15
1164.0;19;20;11;30;142;23;13;16;16
1170.0;20;22;11;29;140;26;13;16;13
1176.0;17;23;11;28;140;27;13;19;12
1182.0;16;23;11;28;136;26;15;19;16
1188.0;14;21;13;26;136;27;14;21;18
1194.0;14;22;12;27;135;26;15;21;18
1200.0;14;24;13;26;133;26;18;20;16
1206.0;13;24;13;27;135;24;18;21;15
1212.0;12;26;14;25;135;23;20;20;15
1218.0;12;27;16;25;135;24;17;19;15
1224.0;11;31;13;24;132;27;17;19;16
1230.0;10;31;12;26;133;28;15;19;16
1236.0;8;29;12;27;134;28;14;20;18
1242.0;9;31;12;30;134;29;11;19;15
1248.0;11;29;13;31;136;29;10;18;13
1254.0;11;29;14;31;135;30;10;18;12
1260.0;9;31;15;31;133;30;10;19;12
1266.0;8;32;14;32;134;31;11;18;10
1272.0;7;29;16;34;130;30;13;21;10
1278.0;7;27;17;35;129;31;11;23;10
1284.0;7;25;16;37;130;32;12;22;9
1290.0;7;26;14;37;131;30;14;22;9
1296.0;7;27;12;36;134;28;12;22;12
1302.0;7;26;12;36;134;28;12;21;14
1308.0;7;26;10;37;134;27;12;21;16
1314.0;8;28;9;33;134;27;14;23;14
1320.0;11;29;10;30;135;27;11;22;15
1326.0;12;27;10;28;133;29;13;22;16
1332.0;13;29;11;29;133;28;13;21;13
1338.0;13;28;12;30;134;29;10;21;13
1344.0;12;28;9;34;133;31;12;18;13
1350.0;13;27;8;32;132;31;10;23;14
1356.0;14;25;9;30;132;32;12;23;13
1362.0;17;23;8;26;131;34;15;23;13
1368.0;15;23;7;25;131;36;19;23;11
1374.0;13;24;8;25;133;36;17;21;13
1380.0;12;27;10;24;133;34;17;20;13
1386.0;11;25;12;23;133;36;16;21;13
1392.0;12;23;13;22;132;37;15;22;14
1398.0;13;23;14;22;130;36;16;23;13
1404.0;10;19;16;24;131;34;18;25;13
1410.0;9;20;14;24;128;35;17;25;18
1416.0;6;21;16;24;128;34;17;25;19
1422.0;6;22;15;26;127;36;12;27;19
1428.0;7;22;13;26;130;38;13;25;16
1434.0;7;20;15;28;133;36;13;24;14
1440.0;6;17;15;31;136;34;13;26;12
1446.0;7;16;13;32;137;32;12;27;14
1452.0;7;16;12;30;137;33;14;26;15
1458.0;7;15;12;29;137;32;15;28;15
1464.0;7;17;12;27;136;34;13;29;15
1470.0;7;17;12;24;136;34;15;30;15
1476.0;9;17;12;25;135;33;15;29;15
1482.0;10;16;12;26;134;33;16;33;10
1488.0;9;17;12;26;133;32;17;32;12
1494.0;11;17;12;26;133;32;17;32;10
1500.0;12;16;13;26;132;31;18;32;10
1506.0;12;17;13;28;130;32;19;29;10
1512.0;10;18;13;29;129;31;19;31;10
1518.0;11;18;16;28;130;29;18;30;10
1524.0;11;21;18;26;128;30;17;29;10
1530.0;11;24;17;26;126;32;17;27;10
1536.0;10;23;16;25;127;32;18;29;10
1542.0;8;21;19;25;126;31;17;29;14
1548.0;9;23;18;24;128;30;16;30;12
1554.0;9;22;18;23;131;26;19;32;10
1560.0;5;23;18;23;134;26;21;31;9
1566.0;6;23;17;27;135;27;18;28;9
1572.0;5;28;13;26;134;25;19;29;11
1578.0;5;29;13;26;135;24;18;28;12
1584.0;7;26;15;26;135;25;20;26;10
1590.0;8;30;13;25;137;25;18;26;8
1596.0;7;30;14;25;135;26;19;26;8
1602.0;7;29;15;25;134;26;19;27;8
1608.0;9;29;13;24;134;26;18;27;10
1614.0;10;30;12;27;134;26;17;26;8
1620.0;11;28;10;27;135;27;16;28;8
1626.0;11;27;12;26;134;27;16;28;9
1632.0;12;24;13;26;132;28;18;28;9
1638.0;11;26;15;29;130;27;16;28;8
1644.0;11;26;14;31;128;25;17;28;10
1650.0;11;26;12;32;129;24;15;30;11
1656.0;13;25;7;34;132;26;16;28;9
1662.0;11;26;9;32;133;25;16;28;10
1668.0;12;27;9;30;134;27;16;26;9
1674.0;12;25;10;30;135;28;14;26;10
1680.0;11;24;11;32;133;28;15;27;9
1686.0;14;23;10;34;130;30;13;26;10
1692.0;14;23;10;34;130;29;12;27;11
1698.0;10;24;10;32;134;29;12;27;12
1704.0;12;23;12;31;135;26;13;28;10
1710.0;11;23;12;30;136;26;11;29;12
1716.0;12;24;15;28;134;26;11;30;10
1722.0;11;25;17;29;132;28;10;28;10
1728.0;11;25;20;29;130;27;11;27;10
1734.0;10;23;21;32;132;26;10;24;12
1740.0;8;24;22;32;132;25;9;23;15
1746.0;10;24;19;34;132;26;8;22;15
1752.0;10;24;21;36;130;25;8;22;14
1758.0;10;23;18;38;129;25;9;22;16
1764.0;11;24;16;37;130;24;9;24;15
1770.0;12;26;15;38;129;23;10;21;16
1776.0;10;30;13;39;130;25;5;20;18
1782.0;8;31;13;37;131;26;6;21;17
1788.0;8;29;16;35;132;25;5;22;18
1794.0;8;29;15;29;133;28;6;22;20
