#auto generated file!
12.0;17;29;18;25;20;17;15;21;18
18.0;17;27;21;24;21;17;15;21;17
24.0;15;24;18;26;24;17;16;20;20
30.0;16;23;18;28;26;17;13;22;17
36.0;14;23;20;25;27;16;15;24;16
42.0;14;22;20;26;27;20;14;23;14
48.0;13;23;17;26;27;20;16;24;14
54.0;13;24;16;26;29;19;15;24;14
60.0;16;24;16;24;31;19;12;26;12
66.0;16;23;17;24;31;17;11;26;15
72.0;18;23;16;21;33;18;11;27;13
78.0;18;24;13;23;33;18;11;28;12
84.0;15;26;16;23;33;19;10;26;12
90.0;14;26;16;21;34;18;10;27;14
96.0;15;23;16;22;34;17;10;29;14
102.0;15;26;16;20;34;17;9;29;14
108.0;11;28;17;21;33;18;10;29;13
114.0;11;25;16;23;33;20;10;27;15
120.0;10;26;15;23;33;23;9;27;14
126.0;13;27;13;25;34;23;6;27;12
132.0;11;28;13;24;35;23;8;25;13
138.0;12;25;12;24;38;22;9;25;13
144.0;10;23;13;25;39;26;10;22;12
150.0;9;24;11;24;41;27;10;22;12
156.0;8;25;9;23;42;27;11;22;13
162.0;9;27;8;24;42;26;6;25;13
168.0;10;28;9;24;41;25;3;26;14
174.0;9;28;11;22;42;26;3;26;13
180.0;8;26;10;24;44;27;5;25;11
186.0;6;26;9;21;47;27;5;25;14
192.0;6;25;9;19;47;26;7;26;15
198.0;6;24;8;19;51;25;7;24;16
204.0;6;24;10;17;51;27;7;23;15
210.0;6;27;7;17;50;27;8;23;15
216.0;7;28;9;17;49;27;7;24;12
222.0;6;27;9;17;51;26;8;25;11
228.0;6;26;9;17;50;26;9;25;12
234.0;6;27;9;16;51;25;9;25;12
240.0;5;27;9;15;53;24;9;23;15
246.0;5;27;9;16;53;23;9;23;15
252.0;5;28;10;17;54;22;7;23;14
258.0;9;23;12;17;53;26;6;23;11
264.0;10;22;11;17;56;27;5;21;11
270.0;11;21;10;17;58;23;7;21;12
276.0;12;20;10;17;58;23;6;21;13
282.0;11;20;9;17;59;24;5;22;13
288.0;9;20;9;16;61;26;6;21;12
294.0;9;18;9;17;62;25;5;23;12
300.0;9;19;10;17;61;25;4;24;11
306.0;8;20;12;17;62;24;6;19;12
312.0;10;16;11;18;62;22;11;20;10
318.0;9;16;12;19;63;20;10;21;10
324.0;8;17;11;19;61;21;11;21;11
330.0;9;18;7;17;61;21;11;26;10
336.0;9;18;5;17;62;19;9;29;12
342.0;9;18;4;16;62;18;9;31;13
348.0;12;17;4;17;62;16;7;32;13
354.0;11;16;3;16;60;16;11;34;13
360.0;11;15;3;16;60;16;11;35;13
366.0;11;16;4;16;62;15;10;34;12
372.0;11;16;4;17;63;16;9;32;12
378.0;13;16;5;16;63;15;9;32;11
384.0;12;17;6;15;65;17;8;31;9
390.0;12;17;7;15;65;16;5;32;11
396.0;10;16;6;17;69;16;4;31;11
402.0;11;17;5;18;69;17;5;28;10
408.0;12;16;4;18;70;17;6;27;10
414.0;12;19;5;16;69;17;7;27;8
420.0;10;20;6;16;69;18;8;24;9
426.0;10;21;6;18;69;18;6;20;12
432.0;9;22;5;17;71;18;6;20;12
438.0;8;21;6;15;71;19;7;20;13
444.0;8;19;6;15;73;18;7;19;15
450.0;8;20;6;15;74;18;7;20;12
456.0;10;20;6;15;74;17;7;20;11
462.0;8;17;8;15;74;19;9;20;10
468.0;8;15;10;16;74;19;11;18;9
474.0;9;15;9;16;75;18;10;18;10
480.0;9;14;9;16;76;19;9;18;10
486.0;9;12;9;17;77;19;7;19;11
492.0;9;10;10;18;77;19;7;19;11
498.0;9;10;11;19;76;19;6;17;13
504.0;8;10;11;20;77;20;6;18;10
510.0;10;10;11;20;76;20;6;15;12
516.0;10;11;13;21;76;19;6;13;11
522.0;10;11;12;22;76;20;5;14;10
528.0;10;12;12;20;77;18;5;14;12
534.0;9;13;11;20;78;18;5;14;12
540.0;9;13;12;17;79;18;6;14;12
546.0;8;15;10;16;80;18;8;13;12
552.0;8;14;10;16;79;19;10;12;12
558.0;8;13;9;16;79;20;10;13;12
564.0;10;10;7;17;80;21;11;13;11
570.0;10;10;6;18;80;22;11;14;9
576.0;8;11;8;17;80;22;10;15;9
582.0;9;14;9;17;79;22;7;15;8
588.0;10;14;7;15;81;23;7;16;7
594.0;11;13;8;15;81;21;7;17;7
600.0;11;13;8;16;81;20;6;18;7
606.0;12;13;9;14;80;19;8;17;8
612.0;10;13;8;14;80;20;10;18;7
618.0;9;14;8;15;77;21;10;18;8
624.0;5;13;10;14;76;23;9;21;9
630.0;7;13;9;16;76;22;8;20;9
636.0;7;15;6;17;76;21;7;22;9
642.0;9;14;6;17;76;21;6;23;8
648.0;8;15;6;18;77;20;5;24;7
654.0;10;14;5;18;76;20;5;24;8
660.0;10;15;4;18;76;19;6;23;9
666.0;10;18;5;16;76;19;6;21;9
672.0;8;16;6;16;78;19;6;24;7
678.0;9;17;6;15;75;19;7;24;8
684.0;8;17;6;16;76;18;7;25;7
690.0;8;18;6;17;76;19;7;23;6
696.0;8;18;5;18;77;16;7;26;5
702.0;9;18;5;19;76;16;7;25;5
708.0;9;18;5;18;77;15;8;25;5
714.0;9;18;5;19;77;15;9;24;4
720.0;11;17;4;21;78;14;9;22;4
726.0;12;17;4;21;78;14;7;23;4
732.0;13;17;6;20;77;14;4;21;8
738.0;11;16;7;20;77;14;6;21;8
744.0;12;14;7;21;76;13;8;22;7
750.0;12;13;8;20;76;13;7;23;8
756.0;12;15;7;19;77;13;8;23;6
762.0;10;13;9;20;77;13;8;23;7
768.0;10;13;8;19;80;12;9;23;6
774.0;9;12;9;18;79;16;8;22;7
780.0;8;12;7;19;79;16;10;22;7
786.0;8;13;6;20;78;18;12;21;4
792.0;8;14;5;19;79;16;10;22;7
798.0;5;15;5;17;80;15;11;23;9
804.0;7;14;5;16;77;15;11;25;10
810.0;6;14;5;16;77;17;10;24;11
816.0;7;13;6;16;77;16;9;24;12
822.0;8;12;6;15;77;17;9;24;12
828.0;10;11;8;15;77;16;9;25;9
834.0;10;10;9;14;74;16;8;29;10
840.0;10;9;9;14;74;15;7;33;9
846.0;10;10;9;13;76;15;7;32;8
852.0;10;11;8;13;76;13;7;32;10
858.0;10;13;7;12;76;12;8;31;11
864.0;13;11;6;11;75;13;7;31;13
870.0;13;10;8;11;75;13;6;30;14
876.0;13;10;7;10;76;13;7;31;13
882.0;12;11;6;11;79;12;7;29;13
888.0;11;11;7;11;79;12;6;28;15
894.0;11;13;8;10;79;15;5;25;14
900.0;11;14;9;12;79;13;4;24;14
906.0;10;15;9;13;80;13;3;23;14
912.0;8;19;12;12;77;13;3;26;10
918.0;9;19;14;13;76;12;4;23;10
924.0;9;20;16;12;75;12;3;24;9
930.0;10;19;15;11;75;12;4;24;10
936.0;10;20;12;12;75;12;4;25;10
942.0;9;19;11;12;75;11;7;25;11
948.0;10;22;12;11;73;10;7;24;11
954.0;8;23;12;14;72;10;6;23;12
960.0;10;24;10;14;72;10;7;21;12
966.0;9;24;8;13;72;13;8;20;13
972.0;10;22;9;12;71;13;9;21;13
978.0;11;19;9;13;72;13;11;21;11
984.0;10;20;9;13;70;13;11;21;13
990.0;8;20;10;14;69;14;10;21;14
996.0;6;20;11;14;68;16;9;23;13
1002.0;6;19;11;15;68;16;9;24;12
1008.0;6;23;9;15;67;16;9;24;11
1014.0;5;21;10;16;68;15;8;25;12
1020.0;7;21;11;15;66;13;9;25;13
1026.0;6;22;14;15;64;12;9;26;12
1032.0;7;21;16;14;65;11;9;25;12
1038.0;6;21;14;15;63;11;11;25;14
1044.0;6;22;9;17;62;12;12;26;14
1050.0;4;22;8;17;63;13;13;26;14
1056.0;4;22;9;19;63;13;12;25;13
1062.0;4;23;8;18;62;18;10;23;14
1068.0;5;22;10;24;62;19;8;17;13
1074.0;5;24;10;23;65;19;7;15;12
1080.0;5;22;7;22;69;17;9;15;14
1086.0;6;23;7;24;69;17;8;15;11
1092.0;6;25;9;23;67;17;6;15;12
1098.0;6;25;8;22;68;18;6;16;11
1104.0;6;25;8;21;68;17;6;19;10
1110.0;7;25;9;22;67;17;6;19;8
1116.0;6;24;6;25;68;19;7;19;6
1122.0;6;23;5;25;68;18;8;20;7
1128.0;6;23;6;25;68;18;7;20;7
1134.0;6;24;5;25;69;18;7;21;5
1140.0;6;25;6;25;68;18;6;22;4
1146.0;7;25;6;25;68;16;5;21;7
1152.0;8;25;6;22;69;17;5;21;7
1158.0;10;22;6;21;70;18;5;21;7
1164.0;11;22;4;21;69;18;6;22;7
1170.0;10;23;6;20;71;17;7;21;5
1176.0;9;23;6;20;71;17;7;22;5
1182.0;9;24;7;18;70;17;8;22;5
1188.0;9;23;7;18;68;16;7;23;9
1194.0;8;22;8;16;69;15;6;26;10
1200.0;8;23;7;16;71;16;6;25;8
1206.0;10;22;8;15;71;16;7;25;6
1212.0;11;21;8;14;71;17;8;24;6
1218.0;14;20;8;16;71;17;7;22;5
1224.0;14;20;8;17;70;16;7;22;6
1230.0;13;21;9;19;68;15;7;22;6
1236.0;12;21;8;19;69;17;7;20;7
1242.0;10;21;8;19;69;18;5;22;8
1248.0;10;20;8;19;71;18;4;23;7
1254.0;11;19;7;20;72;20;4;21;6
1260.0;13;21;7;18;71;19;4;21;6
1266.0;12;22;8;16;73;17;6;23;3
1272.0;14;21;8;16;73;17;6;21;4
1278.0;11;19;10;16;73;17;7;22;5
1284.0;11;19;7;16;77;17;6;22;5
1290.0;11;18;7;16;76;17;8;21;6
1296.0;11;16;7;17;76;18;7;21;7
1302.0;9;18;8;17;76;17;7;21;7
1308.0;5;19;10;18;76;16;7;21;8
1314.0;4;18;10;18;76;17;7;22;8
1320.0;5;19;11;17;77;15;8;20;8
1326.0;6;18;11;18;77;16;6;19;9
1332.0;5;18;12;17;76;18;6;19;9
1338.0;6;17;12;17;77;17;7;18;9
1344.0;8;17;11;16;77;16;6;18;11
1350.0;9;17;10;16;75;17;7;19;10
1356.0;10;19;8;17;75;18;7;17;9
1362.0;11;21;8;14;75;18;7;16;10
1368.0;13;21;8;12;75;18;7;16;10
1374.0;11;18;8;14;77;18;6;16;12
1380.0;10;21;9;13;76;19;6;16;10
1386.0;9;20;11;14;75;19;5;16;11
1392.0;12;21;10;12;75;18;5;18;9
1398.0;11;23;9;11;75;18;6;19;8
1404.0;12;22;9;12;75;18;6;17;9
1410.0;10;21;8;13;76;18;6;18;10
1416.0;7;20;8;16;76;18;8;19;8
1422.0;8;20;7;16;76;16;8;20;9
1428.0;6;21;7;16;77;15;9;21;8
1434.0;7;22;6;16;78;14;7;23;7
1440.0;6;21;6;15;79;14;7;23;9
1446.0;7;21;6;15;81;14;7;20;9
1452.0;8;21;6;18;83;14;4;19;7
1458.0;8;20;7;20;83;14;3;18;7
1464.0;11;20;6;20;83;13;2;17;8
1470.0;13;19;6;18;83;14;2;17;8
1476.0;13;19;6;19;82;15;2;18;6
1482.0;13;19;5;19;81;18;2;19;4
1488.0;10;19;7;19;81;17;4;17;6
1494.0;11;19;7;19;80;17;4;17;6
1500.0;11;17;6;18;80;17;4;20;7
1506.0;11;19;9;16;78;17;4;19;7
1512.0;10;17;9;16;77;17;6;19;9
1518.0;8;16;9;15;76;19;6;21;10
1524.0;7;18;9;15;76;18;5;23;9
1530.0;7;19;9;16;75;18;5;22;9
1536.0;5;19;9;18;74;18;5;21;11
1542.0;6;19;8;18;74;16;7;21;11
1548.0;7;20;7;20;74;16;6;20;10
1554.0;9;20;6;19;75;14;6;21;10
1560.0;9;18;7;19;75;12;9;21;10
1566.0;10;18;7;17;77;11;6;25;9
1572.0;9;17;7;17;77;10;7;25;11
1578.0;9;17;8;18;77;8;7;26;10
1584.0;10;17;8;18;77;8;8;24;10
1590.0;8;17;7;19;78;10;7;23;11
1596.0;7;18;7;20;77;11;9;21;10
1602.0;7;17;7;19;76;12;10;21;11
1608.0;7;18;5;16;77;14;15;18;10
1614.0;7;18;6;15;78;13;13;18;12
1620.0;8;18;6;15;78;13;10;18;14
1626.0;8;18;8;14;78;14;9;18;13
1632.0;9;17;8;14;78;15;10;16;13
1638.0;11;15;8;14;80;14;9;16;13
1644.0;11;13;10;15;80;13;9;16;13
1650.0;11;13;8;15;81;14;10;16;12
1656.0;9;13;8;16;81;14;10;16;13
1662.0;8;10;9;16;81;16;8;18;14
1668.0;8;11;8;16;81;16;9;18;13
1674.0;8;10;7;16;83;16;11;15;14
1680.0;9;11;9;17;81;16;9;15;13
1686.0;12;12;7;17;79;16;10;14;13
1692.0;12;12;6;17;77;17;11;16;12
1698.0;12;12;4;19;79;15;12;15;12
1704.0;12;16;5;19;77;15;12;15;9
1710.0;13;17;4;20;77;15;10;14;10
1716.0;12;17;5;22;76;16;10;13;9
1722.0;12;18;6;25;75;13;10;14;7
1728.0;9;15;8;26;75;14;9;16;8
1734.0;10;14;12;25;75;13;8;16;7
1740.0;11;14;12;23;75;16;6;15;8
1746.0;11;13;13;23;75;17;7;15;6
1752.0;13;12;15;21;73;18;8;14;6
1758.0;13;12;13;22;70;18;9;15;8
1764.0;13;10;12;22;69;20;11;15;8
1770.0;14;10;13;24;67;19;10;14;9
1776.0;15;10;13;25;66;17;8;17;9
1782.0;15;9;11;27;66;18;8;17;9
1788.0;16;9;10;29;64;21;6;16;9
1794.0;18;9;10;29;63;22;5;16;8
