#auto generated file!
12.0;15;16;21;14;28;23;27;27;19
18.0;13;15;21;14;29;25;26;28;19
24.0;13;16;18;15;30;27;26;30;15
30.0;12;15;19;14;30;29;25;31;15
36.0;14;14;18;14;30;29;24;31;16
42.0;12;16;16;16;30;30;26;29;15
48.0;11;16;18;18;29;33;26;27;12
54.0;11;16;21;17;32;30;22;27;14
60.0;12;16;21;17;34;31;19;27;13
66.0;10;17;22;19;34;31;18;26;13
72.0;10;17;23;18;34;33;17;24;14
78.0;9;16;22;19;34;33;16;26;15
84.0;10;15;24;20;35;32;15;25;14
90.0;10;15;23;22;35;31;14;27;13
96.0;11;15;20;22;36;30;16;27;13
102.0;11;14;19;21;36;32;16;26;15
108.0;11;15;20;22;36;32;14;26;14
114.0;11;16;16;23;37;32;14;27;14
120.0;11;16;14;23;39;33;13;26;15
126.0;13;16;14;21;39;34;13;26;14
132.0;12;17;15;26;40;31;11;24;14
138.0;11;18;15;28;42;28;9;25;14
144.0;9;18;15;29;41;27;12;25;14
150.0;9;17;17;28;43;27;11;25;13
156.0;8;16;17;27;45;27;11;25;14
162.0;8;15;18;27;46;25;12;24;15
168.0;7;15;17;29;46;24;13;23;16
174.0;8;17;18;29;47;23;13;21;14
180.0;10;21;17;27;49;21;12;20;13
186.0;9;21;15;29;52;19;13;19;13
192.0;9;24;14;29;52;19;11;20;12
198.0;9;22;16;31;53;20;11;17;11
204.0;10;22;13;31;54;20;11;19;10
210.0;13;24;13;30;54;18;10;18;10
216.0;12;23;14;31;54;17;11;19;9
222.0;12;24;15;29;55;16;9;20;10
228.0;12;25;15;27;56;16;9;20;10
234.0;12;27;12;28;57;16;10;19;9
240.0;12;25;11;27;58;16;8;22;11
246.0;12;26;12;27;57;15;8;22;11
252.0;11;28;12;25;57;15;8;21;13
258.0;11;28;10;26;57;16;9;20;13
264.0;14;26;7;26;58;18;9;19;13
270.0;14;27;8;25;59;19;8;20;10
276.0;18;25;10;22;59;21;6;20;9
282.0;19;24;9;20;61;22;7;19;9
288.0;16;24;7;20;63;23;8;19;10
294.0;14;28;7;19;65;21;7;18;11
300.0;15;27;7;19;63;19;9;17;14
306.0;15;28;7;19;63;19;7;18;14
312.0;15;23;8;20;64;18;10;18;14
318.0;16;22;8;20;63;18;12;18;13
324.0;16;20;9;17;64;18;11;18;17
330.0;15;20;10;20;64;17;10;18;16
336.0;12;24;9;21;63;18;11;18;14
342.0;14;22;9;23;65;16;11;17;13
348.0;11;21;9;25;67;17;12;17;11
354.0;11;21;11;24;67;17;11;17;11
360.0;11;20;12;23;67;17;12;16;12
366.0;11;19;11;22;68;17;14;15;13
372.0;12;22;9;21;66;17;15;16;12
378.0;10;22;9;23;66;17;15;18;10
384.0;10;23;8;25;66;20;12;17;9
390.0;9;20;11;22;66;22;9;20;11
396.0;9;19;12;23;64;22;9;23;9
402.0;10;19;12;23;65;21;9;22;9
408.0;10;20;10;21;65;22;10;23;9
414.0;11;20;9;20;66;21;11;23;9
420.0;11;19;9;22;65;21;10;23;10
426.0;8;21;10;21;65;21;12;20;12
432.0;8;23;10;21;64;20;13;20;11
438.0;7;23;10;19;66;20;12;22;11
444.0;7;25;7;19;67;24;11;20;10
450.0;6;25;8;18;66;25;13;19;10
456.0;5;26;8;22;67;23;12;19;8
462.0;4;25;9;24;68;23;11;19;7
468.0;5;24;9;22;72;23;9;19;7
474.0;6;25;8;23;74;24;7;17;6
480.0;8;22;8;23;73;23;9;18;6
486.0;8;23;8;22;73;21;10;18;7
492.0;9;23;9;21;71;21;9;19;8
498.0;9;23;9;22;73;19;10;18;7
504.0;8;24;10;18;75;20;9;19;7
510.0;8;22;9;18;76;20;9;20;8
516.0;8;23;9;19;74;18;8;21;10
522.0;7;24;7;20;73;19;9;21;10
528.0;8;25;7;23;72;21;8;18;8
534.0;9;26;5;22;72;19;9;20;8
540.0;10;26;5;22;72;18;8;22;7
546.0;9;23;5;21;74;18;10;21;9
552.0;9;25;5;20;74;18;9;20;10
558.0;9;25;3;20;74;18;10;20;11
564.0;13;25;2;21;73;15;11;21;9
570.0;9;22;4;23;73;17;10;21;11
576.0;10;22;4;24;73;18;8;20;11
582.0;8;22;5;25;72;17;11;20;10
588.0;11;21;8;24;72;18;9;19;8
594.0;12;20;7;21;72;18;11;20;9
600.0;12;22;5;19;72;19;12;20;9
606.0;11;23;5;19;72;19;11;21;9
612.0;12;24;4;20;72;19;10;21;8
618.0;15;24;3;18;75;19;7;21;8
624.0;16;24;4;18;74;18;8;21;7
630.0;15;24;5;18;74;18;6;21;9
636.0;11;24;6;19;76;18;7;19;10
642.0;14;24;7;19;77;17;6;18;8
648.0;16;24;6;16;77;17;7;20;7
654.0;16;23;6;16;77;16;6;20;10
660.0;15;23;5;14;77;19;6;21;10
666.0;13;22;6;15;79;18;8;18;11
672.0;11;22;7;16;78;18;9;19;10
678.0;11;21;7;15;79;16;10;21;10
684.0;10;21;7;15;79;16;13;20;9
690.0;10;20;8;16;79;16;12;21;8
696.0;10;18;7;18;80;18;12;19;8
702.0;8;18;8;17;80;22;11;18;8
708.0;4;20;7;19;84;24;9;17;6
714.0;5;18;7;20;84;21;10;16;9
720.0;5;18;6;20;85;21;9;17;9
726.0;6;16;5;20;84;22;8;19;10
732.0;7;15;5;20;84;23;8;19;9
738.0;6;15;5;20;85;23;7;20;9
744.0;4;17;4;17;88;23;8;21;8
750.0;5;17;3;18;88;23;8;22;6
756.0;6;18;3;17;88;24;7;22;5
762.0;5;17;6;16;88;24;3;22;9
768.0;6;17;6;15;87;25;5;22;7
774.0;6;15;7;16;88;27;6;18;7
780.0;7;16;10;15;86;24;5;20;7
786.0;6;15;10;16;87;24;6;20;6
792.0;6;13;10;16;87;23;7;20;8
798.0;6;14;9;18;86;22;6;20;9
804.0;6;14;9;18;87;21;7;20;8
810.0;6;15;9;17;87;21;7;19;9
816.0;6;16;10;18;86;20;6;19;9
822.0;8;16;10;18;87;21;5;19;6
828.0;8;16;10;16;86;22;4;22;6
834.0;8;16;10;15;87;21;4;22;7
840.0;7;17;11;14;86;22;5;21;7
846.0;7;20;11;13;87;22;4;19;7
852.0;7;20;8;15;88;20;5;21;6
858.0;7;21;8;15;87;20;6;19;7
864.0;7;20;8;15;89;20;7;18;6
870.0;8;20;8;16;89;19;7;17;6
876.0;8;17;7;17;86;18;7;21;9
882.0;9;19;7;15;86;20;7;21;6
888.0;7;22;7;15;86;20;6;20;7
894.0;6;21;7;14;86;22;8;20;6
900.0;6;22;6;13;86;21;9;20;7
906.0;8;22;5;13;86;20;9;20;7
912.0;8;21;4;14;89;18;10;19;7
918.0;8;20;5;13;90;18;9;17;10
924.0;8;20;2;14;90;19;9;18;10
930.0;7;18;3;18;90;19;9;20;6
936.0;8;18;2;18;90;19;8;20;7
942.0;7;19;2;18;90;20;9;20;5
948.0;7;20;2;20;87;19;10;20;5
954.0;9;18;3;18;88;21;10;18;5
960.0;9;18;3;19;87;19;10;19;6
966.0;7;18;4;18;90;15;9;20;9
972.0;8;18;1;22;89;16;9;20;7
978.0;10;18;2;20;90;14;10;20;6
984.0;9;19;2;19;92;13;10;18;8
990.0;8;20;2;21;92;14;9;18;6
996.0;8;20;3;22;92;14;8;17;6
1002.0;9;20;3;21;92;14;8;16;7
1008.0;9;20;3;20;94;13;7;16;8
1014.0;11;20;3;19;94;13;7;16;7
1020.0;12;17;5;19;95;14;5;17;6
1026.0;13;17;6;17;94;14;6;17;6
1032.0;13;18;6;16;94;15;5;18;5
1038.0;13;15;6;19;95;15;6;15;6
1044.0;13;16;6;18;94;15;7;16;5
1050.0;12;14;6;18;94;15;7;17;7
1056.0;9;12;8;17;94;16;7;17;10
1062.0;9;12;8;17;95;16;6;17;10
1068.0;8;12;9;16;96;16;7;15;11
1074.0;8;12;8;17;96;16;9;14;10
1080.0;6;13;9;17;96;16;7;16;10
1086.0;7;14;9;15;98;14;9;15;9
1092.0;5;14;8;14;98;14;9;17;11
1098.0;6;14;9;13;98;15;8;17;10
1104.0;5;14;9;13;99;14;8;17;11
1110.0;5;14;9;15;98;13;9;17;10
1116.0;5;15;9;14;98;13;10;16;10
1122.0;6;15;8;16;97;11;10;18;9
1128.0;6;12;8;18;96;13;10;19;8
1134.0;6;10;7;17;97;13;9;23;8
1140.0;7;10;7;17;97;12;8;24;8
1146.0;7;10;7;18;96;12;8;24;8
1152.0;12;9;7;18;95;12;8;22;7
1158.0;11;9;6;18;95;15;8;21;7
1164.0;11;9;6;19;94;17;7;22;5
1170.0;9;8;8;19;93;16;9;23;5
1176.0;9;7;9;19;93;17;9;22;5
1182.0;10;8;8;20;91;16;9;22;6
1188.0;12;7;7;20;91;18;9;22;4
1194.0;11;6;7;21;91;17;9;22;6
1200.0;9;6;8;21;92;17;10;21;6
1206.0;8;6;7;22;91;17;9;23;7
1212.0;11;8;7;22;89;16;8;23;6
1218.0;13;11;6;22;88;14;7;24;5
1224.0;13;14;6;21;90;15;5;23;3
1230.0;12;12;7;20;91;16;7;21;4
1236.0;8;12;6;20;91;17;9;20;7
1242.0;8;12;6;19;91;15;11;21;7
1248.0;6;11;6;20;92;14;11;22;8
1254.0;7;10;7;18;92;14;10;24;8
1260.0;7;11;6;19;92;15;8;24;8
1266.0;8;12;6;19;92;12;6;25;10
1272.0;8;14;7;17;91;13;6;27;7
1278.0;8;13;10;16;90;12;6;27;8
1284.0;9;13;9;16;90;11;6;28;8
1290.0;10;12;7;17;89;11;8;28;8
1296.0;12;11;6;18;89;10;7;28;9
1302.0;13;11;5;20;87;10;7;28;9
1308.0;13;13;9;18;86;10;8;27;6
1314.0;13;13;9;18;88;10;9;26;4
1320.0;12;13;9;19;88;9;8;26;6
1326.0;13;12;8;20;87;9;9;26;6
1332.0;12;13;9;18;88;8;10;25;7
1338.0;14;14;8;19;88;8;11;21;7
1344.0;10;16;7;19;91;9;11;20;7
1350.0;12;16;7;18;92;9;12;18;6
1356.0;11;15;8;18;92;9;12;18;7
1362.0;11;15;7;18;91;11;12;19;6
1368.0;9;15;7;17;93;12;10;21;6
1374.0;9;14;7;22;91;11;10;20;6
1380.0;9;15;9;23;89;9;8;22;6
1386.0;8;15;10;24;90;7;10;22;4
1392.0;7;18;10;22;89;7;12;22;3
1398.0;8;20;10;20;87;8;12;22;3
1404.0;7;19;9;21;87;9;12;22;4
1410.0;8;18;10;19;89;9;12;21;4
1416.0;9;19;11;19;89;8;11;20;4
1422.0;9;19;12;19;91;10;9;18;3
1428.0;6;18;12;18;89;11;9;20;7
1434.0;6;18;13;17;88;10;9;21;8
1440.0;4;15;13;21;89;11;10;19;8
1446.0;5;16;12;21;89;13;7;19;8
1452.0;5;16;12;22;91;13;7;19;5
1458.0;6;16;10;22;91;11;8;19;7
1464.0;6;15;10;20;93;11;9;19;7
1470.0;6;14;10;21;91;12;8;21;7
1476.0;6;13;10;20;92;11;12;20;6
1482.0;6;13;10;20;92;10;13;19;7
1488.0;6;12;10;20;92;10;15;17;8
1494.0;9;10;10;19;93;12;13;17;7
1500.0;10;10;9;21;91;12;12;19;6
1506.0;9;10;10;22;91;12;12;19;5
1512.0;7;11;11;24;89;11;14;19;4
1518.0;6;12;10;23;90;11;10;23;5
1524.0;6;12;10;23;90;12;9;22;6
1530.0;7;12;12;22;90;11;8;21;7
1536.0;8;11;13;23;86;11;9;21;8
1542.0;6;14;13;25;87;10;9;19;7
1548.0;5;14;15;24;85;10;11;20;6
1554.0;7;11;14;25;90;10;9;16;8
1560.0;8;12;12;28;90;9;8;16;7
1566.0;7;11;12;27;91;10;7;16;9
1572.0;5;11;13;26;91;11;8;17;8
1578.0;6;11;11;24;93;11;8;18;8
1584.0;5;11;12;26;94;10;6;16;10
1590.0;6;10;14;25;91;11;6;18;9
1596.0;6;10;14;25;92;12;5;17;9
1602.0;7;10;15;24;91;12;4;16;11
1608.0;7;9;14;24;92;13;4;16;11
1614.0;7;8;13;24;94;12;4;17;11
1620.0;7;9;14;24;94;10;6;17;9
1626.0;6;9;14;25;95;11;5;16;9
1632.0;7;9;10;24;97;11;5;16;11
1638.0;7;10;8;20;100;12;5;18;10
1644.0;9;9;9;20;100;12;5;16;10
1650.0;9;9;9;18;101;12;5;17;10
1656.0;9;10;9;15;101;13;5;17;11
1662.0;9;11;10;17;96;14;4;18;11
1668.0;11;12;10;19;95;14;4;18;7
1674.0;11;10;12;21;93;15;4;18;6
1680.0;10;11;12;21;94;15;5;16;6
1686.0;11;11;11;19;95;15;4;16;8
1692.0;11;12;14;17;93;15;4;16;8
1698.0;11;13;12;17;93;15;5;19;5
1704.0;12;13;11;16;96;15;3;19;5
1710.0;13;14;10;14;97;15;2;18;7
1716.0;13;16;11;14;97;13;3;17;6
1722.0;13;12;11;16;94;14;3;20;7
1728.0;12;12;9;16;96;14;5;19;7
1734.0;11;13;10;15;95;11;5;20;10
1740.0;10;13;10;14;98;11;4;19;11
1746.0;11;14;8;13;97;11;3;19;14
1752.0;12;17;9;15;97;12;2;18;8
1758.0;12;17;9;14;97;12;2;18;9
1764.0;12;16;9;14;99;12;2;18;8
1770.0;12;18;8;15;97;12;3;18;7
1776.0;11;19;9;12;96;12;4;18;9
1782.0;8;19;9;13;95;12;6;19;9
1788.0;8;18;9;13;94;12;6;20;10
1794.0;7;19;12;12;91;12;7;20;10
