#auto generated file!
12.0;34;33;52;51;39;47;51;54;49
18.0;35;33;50;49;38;49;48;56;52
24.0;36;35;45;50;40;53;48;55;48
30.0;32;35;42;50;43;54;47;53;54
36.0;28;37;41;50;45;59;44;54;52
42.0;30;41;42;49;47;60;40;54;47
48.0;29;42;41;49;49;58;39;53;50
54.0;30;45;38;45;54;59;40;51;48
60.0;30;46;42;42;57;57;37;51;48
66.0;32;50;41;48;59;54;34;47;45
72.0;28;50;43;48;59;56;33;51;42
78.0;30;50;41;51;63;56;34;50;35
84.0;31;52;38;52;66;56;35;48;32
90.0;31;50;38;52;68;57;34;47;33
96.0;36;47;39;51;71;56;30;43;37
102.0;32;46;38;55;78;54;29;45;33
108.0;32;49;36;56;82;50;30;45;30
114.0;29;49;31;57;85;53;31;44;31
120.0;30;48;32;58;88;52;31;42;29
126.0;29;48;32;58;89;54;29;43;28
132.0;28;48;31;58;92;57;25;44;27
138.0;25;46;31;58;93;56;29;45;27
144.0;27;48;29;59;93;55;31;44;24
150.0;29;50;26;61;95;52;32;41;24
156.0;30;50;28;57;94;53;28;43;27
162.0;26;49;30;63;95;54;24;44;25
168.0;24;47;34;61;98;55;23;42;26
174.0;24;47;33;65;99;57;20;40;25
180.0;24;49;30;66;103;57;20;37;24
186.0;26;50;31;66;103;56;20;37;21
192.0;24;50;33;64;104;57;19;37;22
198.0;24;52;32;60;104;61;18;37;22
204.0;22;53;33;58;106;59;18;41;20
210.0;20;51;31;58;106;61;18;42;23
216.0;22;47;30;58;109;57;22;42;23
222.0;21;49;29;58;109;55;22;40;27
228.0;20;50;29;56;111;53;21;40;30
234.0;16;49;26;56;114;52;25;42;30
240.0;15;47;27;55;113;53;27;46;27
246.0;15;43;28;55;114;54;33;43;25
252.0;17;43;25;56;116;50;36;41;26
258.0;20;41;22;52;118;52;38;41;26
264.0;18;40;22;50;122;57;34;43;24
270.0;23;38;21;49;123;58;28;45;25
276.0;24;39;24;46;123;53;32;44;25
282.0;24;38;24;44;123;54;32;42;29
288.0;23;36;22;49;126;53;34;41;26
294.0;23;35;23;50;129;52;36;37;25
300.0;20;36;24;52;129;52;35;38;24
306.0;22;37;25;54;133;48;35;33;23
312.0;23;36;26;50;137;48;32;34;24
318.0;22;35;26;47;139;47;32;35;27
324.0;22;35;24;49;143;48;29;34;26
330.0;22;38;22;46;143;49;30;35;25
336.0;22;42;20;47;143;48;31;36;21
342.0;24;40;19;45;143;48;29;38;24
348.0;26;45;20;44;139;47;26;40;23
354.0;24;44;21;43;141;46;27;40;24
360.0;21;48;22;41;141;47;25;40;25
366.0;18;47;22;41;141;47;27;40;27
372.0;17;50;20;40;140;49;30;38;26
378.0;18;52;21;39;141;49;26;37;27
384.0;20;50;20;39;140;52;24;39;26
390.0;20;50;20;41;139;52;24;39;25
396.0;23;50;18;39;139;51;27;39;24
402.0;24;48;16;39;139;49;30;42;23
408.0;22;47;19;38;140;50;30;41;23
414.0;21;47;20;37;141;49;25;44;26
420.0;22;51;18;36;142;47;23;45;26
426.0;20;47;19;37;142;50;24;47;24
432.0;18;47;17;35;143;51;25;47;27
438.0;18;48;16;32;145;50;29;46;26
444.0;18;44;19;36;145;50;29;47;22
450.0;16;46;21;36;145;51;29;47;19
456.0;14;46;20;37;148;51;26;46;22
462.0;15;46;20;37;149;49;29;42;23
468.0;14;46;22;37;148;51;28;41;23
474.0;12;47;20;37;150;53;26;43;22
480.0;13;45;22;39;148;53;25;43;22
486.0;16;45;22;39;148;56;22;41;21
492.0;16;44;20;39;146;59;21;42;23
498.0;14;45;19;39;149;57;23;40;24
504.0;16;41;18;41;152;56;26;39;21
510.0;15;42;19;41;149;56;27;41;20
516.0;17;42;20;38;152;54;22;41;24
522.0;19;41;21;37;153;52;22;43;22
528.0;19;41;22;36;154;56;20;41;21
534.0;17;41;24;38;156;52;22;41;19
540.0;20;41;23;41;151;53;24;38;19
546.0;20;45;21;43;148;52;24;40;17
552.0;21;43;21;45;147;52;22;42;17
558.0;22;43;21;44;150;48;23;40;19
564.0;22;44;21;44;150;49;23;39;18
570.0;18;45;23;45;149;49;22;41;18
576.0;20;45;22;43;151;49;21;41;18
582.0;22;43;21;39;151;50;20;44;20
588.0;25;42;19;41;150;51;18;44;20
594.0;21;45;17;42;152;50;18;43;22
600.0;19;42;20;44;151;49;19;41;25
606.0;22;40;20;45;151;50;16;43;23
612.0;20;40;18;47;151;50;19;41;24
618.0;19;38;19;47;151;51;18;45;22
624.0;24;35;19;45;151;52;20;45;19
630.0;26;34;20;49;152;49;18;44;18
636.0;21;36;22;48;150;48;17;46;22
642.0;23;37;22;48;149;47;20;44;20
648.0;23;36;25;44;149;46;20;45;22
654.0;25;36;20;44;149;46;21;44;25
660.0;23;36;21;47;148;46;20;45;24
666.0;22;35;23;48;150;44;19;44;25
672.0;21;36;24;47;150;43;18;46;25
678.0;22;36;26;46;151;41;20;41;27
684.0;22;40;27;45;152;40;19;41;24
690.0;23;40;29;44;152;42;18;43;19
696.0;21;40;30;46;148;43;19;43;20
702.0;22;38;28;47;150;42;21;41;21
708.0;23;38;27;49;149;40;19;44;21
714.0;20;38;29;46;149;41;22;44;21
720.0;23;37;27;44;149;41;23;46;20
726.0;23;38;28;44;151;39;22;48;17
732.0;29;35;26;45;150;41;18;49;17
738.0;31;36;26;50;149;40;16;44;18
744.0;24;38;26;54;150;40;14;46;18
750.0;22;37;23;53;153;39;17;47;19
756.0;23;36;22;54;156;36;18;46;19
762.0;24;35;23;53;157;34;18;47;19
768.0;25;34;23;52;154;36;20;45;21
774.0;26;33;24;54;152;34;19;44;24
780.0;23;34;27;54;150;35;20;46;21
786.0;22;35;26;52;151;39;21;45;19
792.0;21;35;25;52;154;38;18;45;22
798.0;22;35;24;52;154;38;16;46;23
804.0;23;36;23;53;155;38;13;45;24
810.0;26;34;22;50;158;39;12;46;23
816.0;24;36;23;51;156;40;12;47;21
822.0;24;35;21;48;156;40;15;52;19
828.0;23;33;22;50;157;43;13;51;18
834.0;23;37;21;47;157;44;12;49;20
840.0;20;36;20;50;159;40;14;49;22
846.0;22;41;18;50;160;38;17;45;19
852.0;23;41;20;48;158;38;19;45;18
858.0;20;42;23;47;160;34;19;46;19
864.0;22;43;20;49;162;34;15;48;17
870.0;24;41;19;47;163;36;14;47;19
876.0;23;41;20;44;163;38;13;49;19
882.0;22;40;23;45;164;38;14;48;16
888.0;21;38;24;44;165;37;14;48;19
894.0;19;39;26;46;165;38;13;45;19
900.0;21;37;24;46;167;37;12;44;22
906.0;21;38;24;46;166;37;13;42;23
912.0;23;38;23;51;165;38;14;39;19
918.0;26;38;21;52;166;37;14;36;20
924.0;24;37;24;51;166;37;14;34;23
930.0;25;35;23;51;166;39;15;35;21
936.0;29;37;23;48;165;38;16;36;18
942.0;32;38;21;45;164;38;13;37;22
948.0;30;40;20;46;162;38;15;36;23
954.0;31;39;21;49;163;36;12;36;23
960.0;29;39;19;49;165;36;14;32;27
966.0;29;37;21;46;167;37;16;35;22
972.0;27;38;21;46;169;36;14;36;23
978.0;24;41;20;46;171;34;13;36;25
984.0;25;42;23;44;169;35;12;37;23
990.0;25;41;21;46;172;35;10;39;21
996.0;24;38;18;50;171;35;11;40;23
1002.0;23;39;19;50;172;36;11;35;25
1008.0;24;36;17;52;169;41;8;38;25
1014.0;22;39;18;53;169;40;8;40;21
1020.0;26;39;17;48;169;44;9;39;19
1026.0;26;35;20;42;168;46;11;42;20
1032.0;24;36;18;41;169;47;12;42;21
1038.0;23;39;16;36;169;48;17;43;19
1044.0;24;38;18;38;168;46;15;43;20
1050.0;21;40;18;38;169;45;15;42;22
1056.0;17;41;18;38;172;46;15;42;21
1062.0;16;43;19;38;173;44;14;44;19
1068.0;16;44;18;34;174;45;16;42;21
1074.0;18;45;18;30;174;45;15;41;24
1080.0;19;43;20;32;178;43;15;39;21
1086.0;23;39;18;34;180;41;14;40;21
1092.0;21;39;18;37;178;42;16;38;21
1098.0;19;39;18;37;178;42;18;38;21
1104.0;20;39;22;36;178;41;20;32;22
1110.0;22;40;24;34;182;42;18;30;18
1116.0;22;38;23;32;184;45;18;33;15
1122.0;22;37;25;34;181;46;19;31;15
1128.0;23;36;20;36;183;45;21;31;15
1134.0;21;35;20;36;182;44;24;33;15
1140.0;19;36;20;36;185;43;23;34;14
1146.0;16;40;21;35;185;45;20;33;15
1152.0;21;43;20;35;184;42;20;29;16
1158.0;21;41;21;33;186;44;20;29;15
1164.0;21;46;22;34;183;43;21;28;12
1170.0;18;46;21;36;181;43;19;32;14
1176.0;17;43;20;36;183;43;20;34;14
1182.0;18;44;20;37;183;44;19;32;13
1188.0;20;42;21;36;182;46;19;31;13
1194.0;21;40;21;36;179;49;19;32;13
1200.0;21;41;21;36;176;52;19;32;12
1206.0;23;41;22;35;173;51;23;30;12
1212.0;22;43;16;34;176;49;26;32;12
1218.0;23;47;16;33;177;49;24;28;13
1224.0;22;46;14;35;178;49;23;29;14
1230.0;22;48;13;37;175;47;22;33;13
1236.0;23;45;13;39;178;48;19;33;12
1242.0;20;45;14;38;177;45;20;36;15
1248.0;22;42;16;36;177;43;22;36;16
1254.0;20;40;16;38;177;43;22;36;18
1260.0;21;39;18;35;178;40;21;36;22
1266.0;21;36;18;34;178;41;22;37;23
1272.0;20;35;21;36;177;37;20;40;24
1278.0;17;32;23;35;181;39;19;40;24
1284.0;19;31;24;35;183;34;20;40;24
1290.0;19;30;23;34;181;35;21;42;25
1296.0;20;30;19;37;178;36;25;42;23
1302.0;20;34;18;38;180;33;25;40;22
1308.0;15;32;22;39;179;32;27;41;23
1314.0;14;35;23;39;182;31;26;41;19
1320.0;15;35;21;39;182;28;26;44;20
1326.0;14;36;19;41;180;26;27;44;23
1332.0;15;33;18;44;183;25;28;42;22
1338.0;13;33;18;43;185;25;26;44;23
1344.0;12;39;19;42;185;25;26;40;22
1350.0;12;36;17;41;186;26;25;44;23
1356.0;13;37;20;38;187;26;27;44;18
1362.0;14;38;23;42;190;25;19;43;16
1368.0;16;39;23;40;190;27;19;40;16
1374.0;14;38;19;40;193;28;20;40;18
1380.0;16;39;22;38;190;28;20;40;17
1386.0;17;38;24;38;192;26;20;39;16
1392.0;21;34;23;40;195;23;20;39;15
1398.0;20;35;25;43;194;22;18;39;14
1404.0;20;36;27;44;187;25;19;39;13
1410.0;18;38;23;44;188;26;20;38;15
1416.0;19;38;23;42;186;25;20;42;15
1422.0;20;38;21;43;187;24;20;40;17
1428.0;19;37;22;42;187;27;20;40;16
1434.0;19;38;18;42;188;25;22;43;15
1440.0;19;37;19;39;191;24;19;46;16
1446.0;20;38;19;34;193;25;20;45;16
1452.0;21;34;18;33;191;30;22;45;16
1458.0;19;32;18;32;192;32;22;46;17
1464.0;19;37;16;31;194;32;19;43;19
1470.0;18;36;17;30;195;34;21;41;18
1476.0;17;33;16;34;197;34;21;40;18
1482.0;19;33;15;34;198;34;21;39;17
1488.0;19;35;16;36;195;32;23;37;17
1494.0;17;37;18;39;196;31;22;33;17
1500.0;20;33;19;39;194;32;23;35;15
1506.0;21;32;18;40;191;34;25;36;13
1512.0;21;33;17;40;189;35;27;36;12
1518.0;18;33;17;41;189;36;26;38;12
1524.0;18;33;15;44;184;39;25;39;13
1530.0;19;33;17;41;185;36;23;38;18
1536.0;20;31;18;40;186;36;23;40;16
1542.0;23;27;18;42;189;35;21;39;16
1548.0;20;28;18;45;189;34;20;40;16
1554.0;17;29;21;43;189;33;19;42;17
1560.0;18;29;20;40;193;31;20;41;18
1566.0;15;28;19;40;197;34;22;41;14
1572.0;12;31;18;39;198;34;22;43;13
1578.0;14;33;17;38;196;34;24;42;12
1584.0;13;33;16;39;195;37;24;43;10
1590.0;17;32;17;37;194;37;24;43;9
1596.0;17;29;19;39;193;35;22;44;12
1602.0;17;29;16;39;195;37;23;43;11
1608.0;18;29;13;39;195;36;24;43;13
1614.0;18;31;15;39;193;36;24;42;12
1620.0;17;30;15;39;194;34;25;40;16
1626.0;16;30;10;41;191;35;27;42;18
1632.0;14;32;11;43;192;31;27;44;16
1638.0;18;32;11;42;192;31;22;47;15
1644.0;14;35;13;41;190;33;19;50;15
1650.0;16;33;14;42;189;35;14;51;16
1656.0;16;32;11;40;188;37;17;49;20
1662.0;16;32;14;38;189;35;16;49;21
1668.0;15;33;16;38;188;34;19;47;20
1674.0;15;35;18;40;189;31;20;45;17
1680.0;18;36;20;39;190;32;18;41;16
1686.0;17;37;18;40;191;34;18;41;14
1692.0;18;34;18;39;190;34;20;42;15
1698.0;16;34;20;36;192;33;21;42;16
1704.0;15;37;20;33;194;30;20;44;17
1710.0;16;33;23;33;195;26;20;43;21
1716.0;19;31;24;33;194;26;22;42;19
1722.0;17;31;26;34;194;26;20;43;19
1728.0;15;35;24;33;198;25;19;44;17
1734.0;18;35;21;35;198;30;17;40;16
1740.0;17;35;22;32;202;29;19;38;16
1746.0;22;35;21;31;200;27;20;39;15
1752.0;24;35;18;29;198;29;23;40;14
1758.0;23;34;14;35;198;30;18;42;16
1764.0;20;37;13;36;196;33;18;41;16
1770.0;19;39;11;37;199;32;19;40;14
1776.0;22;37;11;33;198;33;21;40;15
1782.0;17;35;12;35;200;31;22;40;18
1788.0;16;35;13;36;199;28;24;38;21
1794.0;15;35;11;36;198;31;26;36;22
