#auto generated file!
12.0;46;46;48;43;54;61;55;49;38
18.0;44;48;43;45;54;59;54;55;38
24.0;43;52;38;51;55;58;54;54;35
30.0;39;52;38;51;59;60;50;62;29
36.0;39;50;37;53;61;60;48;62;30
42.0;39;49;40;53;67;59;46;63;24
48.0;33;49;43;54;66;59;47;62;27
54.0;31;52;40;50;67;60;49;64;27
60.0;30;52;38;53;71;56;50;65;25
66.0;32;50;39;56;77;59;45;59;23
72.0;33;46;40;55;77;60;44;57;28
78.0;34;48;35;54;75;60;45;60;29
84.0;33;47;33;58;77;60;42;58;32
90.0;29;51;32;57;80;62;40;57;32
96.0;29;49;34;57;80;58;42;58;33
102.0;27;51;34;55;81;60;39;62;31
108.0;23;52;33;54;84;64;39;60;31
114.0;22;55;29;51;86;63;39;63;32
120.0;23;54;29;51;89;63;40;59;32
126.0;26;53;30;52;92;61;36;57;33
132.0;23;53;31;50;94;62;34;59;34
138.0;22;58;31;49;94;64;31;56;35
144.0;26;59;28;49;100;63;30;56;29
150.0;24;60;30;49;100;63;27;59;28
156.0;28;60;28;44;110;62;23;60;25
162.0;25;60;26;46;114;64;24;56;25
168.0;22;59;24;49;119;62;27;55;23
174.0;23;59;24;48;123;61;27;56;19
180.0;20;61;23;50;124;61;23;57;21
186.0;19;63;19;47;124;61;23;58;26
192.0;21;66;22;45;125;59;24;55;23
198.0;22;62;22;43;126;64;25;54;22
204.0;22;62;25;41;128;60;25;55;22
210.0;24;63;29;40;131;58;22;51;22
216.0;23;63;30;41;131;57;21;52;22
222.0;24;61;27;41;135;55;23;51;23
228.0;27;62;24;40;135;56;21;53;22
234.0;25;60;23;43;137;57;22;54;19
240.0;27;56;24;44;141;61;21;47;19
246.0;25;57;24;43;142;61;22;46;20
252.0;23;58;21;43;144;65;22;47;17
258.0;24;53;24;45;144;65;21;46;18
264.0;25;55;18;46;147;64;22;45;18
270.0;22;54;17;46;147;63;25;47;19
276.0;25;52;16;45;148;60;29;47;18
282.0;23;50;20;43;148;61;31;48;16
288.0;24;49;21;44;150;60;26;49;17
294.0;25;43;20;47;151;59;29;49;17
300.0;23;44;22;50;152;60;28;47;14
306.0;27;47;23;45;152;60;29;43;14
312.0;26;45;18;47;154;61;26;45;18
318.0;28;48;17;46;154;62;24;44;17
324.0;28;48;16;45;154;61;24;45;19
330.0;28;48;16;47;152;61;23;46;19
336.0;25;47;23;49;152;61;23;45;15
342.0;27;44;26;48;154;58;26;43;14
348.0;28;43;30;48;152;55;26;44;14
354.0;28;46;30;45;153;55;26;45;12
360.0;33;49;20;44;156;55;23;47;13
366.0;30;48;19;46;157;55;21;49;15
372.0;33;49;17;46;161;52;18;49;15
378.0;34;51;12;44;165;50;19;49;16
384.0;35;51;15;45;164;48;18;49;15
390.0;30;53;19;43;163;50;15;50;17
396.0;27;54;19;42;160;48;16;56;18
402.0;26;52;22;44;162;43;15;57;19
408.0;24;53;23;43;162;45;14;56;20
414.0;24;51;22;45;157;45;18;56;22
420.0;21;52;23;50;155;44;22;49;24
426.0;22;54;21;48;157;42;24;48;24
432.0;22;54;19;51;160;44;22;46;22
438.0;20;55;17;47;160;48;21;49;23
444.0;21;56;17;47;161;46;22;49;21
450.0;21;57;19;48;162;48;18;49;18
456.0;23;58;18;48;164;46;15;49;19
462.0;22;58;20;51;163;45;15;47;19
468.0;18;56;20;53;162;47;16;47;21
474.0;18;56;18;50;165;48;18;46;21
480.0;19;55;20;48;164;46;20;45;23
486.0;20;52;20;49;164;44;23;45;23
492.0;20;55;21;49;162;43;24;43;23
498.0;23;53;21;46;161;46;22;44;24
504.0;23;50;23;50;160;42;22;50;20
510.0;18;52;23;48;161;38;21;52;27
516.0;16;55;23;45;162;39;21;51;28
522.0;18;56;23;44;161;39;20;49;30
528.0;21;53;22;46;163;40;23;41;31
534.0;21;51;21;46;163;35;25;44;34
540.0;20;53;19;48;163;33;25;43;36
546.0;24;50;19;46;164;33;27;41;36
552.0;23;48;17;46;165;35;27;43;36
558.0;22;49;19;46;165;32;31;41;35
564.0;23;48;20;45;164;34;32;40;34
570.0;24;49;19;45;168;30;28;42;35
576.0;22;50;20;44;168;29;26;46;35
582.0;25;49;21;44;166;29;27;46;33
588.0;27;47;19;47;167;30;21;49;33
594.0;27;46;19;47;169;32;18;47;35
600.0;19;46;20;49;170;32;19;49;36
606.0;21;47;20;50;169;32;17;47;37
612.0;23;48;21;50;166;32;16;47;37
618.0;22;51;23;48;166;31;19;44;36
624.0;22;53;21;49;167;33;16;45;34
630.0;26;52;20;48;168;31;15;48;32
636.0;25;51;23;50;167;34;15;46;29
642.0;29;46;25;50;169;36;15;44;26
648.0;27;45;24;51;167;37;16;45;28
654.0;32;42;23;53;166;38;13;45;28
660.0;31;45;25;50;167;37;13;44;28
666.0;28;45;26;51;166;35;14;46;29
672.0;25;46;22;53;166;34;19;48;27
678.0;24;45;19;53;167;38;19;49;26
684.0;23;44;21;51;169;38;19;49;26
690.0;23;44;19;50;172;39;17;48;28
696.0;23;45;19;48;172;40;20;45;28
702.0;22;43;23;45;172;41;22;47;25
708.0;20;44;20;44;173;41;25;47;26
714.0;19;44;18;45;176;42;23;45;28
720.0;21;46;17;46;173;41;21;46;29
726.0;24;45;17;49;169;42;25;43;26
732.0;23;44;17;48;171;42;25;43;27
738.0;21;46;17;49;167;42;24;45;29
744.0;23;45;19;53;166;40;26;44;24
750.0;19;45;24;52;167;40;24;42;27
756.0;19;43;24;55;168;40;20;42;29
762.0;18;42;28;56;165;42;21;39;29
768.0;17;42;26;55;168;43;17;43;29
774.0;20;42;23;55;172;41;15;44;28
780.0;23;42;20;52;171;43;18;43;28
786.0;21;38;20;54;170;46;20;44;27
792.0;21;38;22;57;171;46;19;42;24
798.0;23;38;23;56;170;44;19;43;24
804.0;18;40;24;57;169;43;20;44;25
810.0;18;42;26;54;170;41;17;46;26
816.0;20;42;27;53;170;41;16;44;27
822.0;22;39;30;51;172;39;19;42;26
828.0;21;44;28;50;173;39;19;43;23
834.0;21;41;30;46;174;41;18;48;21
840.0;20;40;33;47;175;42;18;43;22
846.0;20;35;38;49;169;44;21;43;21
852.0;21;35;35;50;168;43;19;44;25
858.0;24;38;34;48;169;42;17;44;24
864.0;28;39;32;49;169;40;18;42;23
870.0;28;35;34;51;170;39;18;40;25
876.0;30;34;35;52;170;37;21;37;24
882.0;27;36;35;51;170;38;21;35;27
888.0;26;41;32;49;166;41;20;37;28
894.0;23;43;32;48;165;40;23;37;29
900.0;24;44;33;46;165;44;24;35;25
906.0;24;42;32;44;168;43;22;37;28
912.0;26;43;32;45;169;43;18;37;27
918.0;25;43;28;45;170;45;18;37;29
924.0;27;42;24;44;170;47;19;39;28
930.0;28;42;24;42;172;51;18;38;25
936.0;24;40;28;43;176;49;17;36;27
942.0;22;41;31;40;178;47;18;35;28
948.0;19;41;33;39;178;46;19;35;30
954.0;22;44;29;38;180;46;21;35;25
960.0;24;43;30;40;181;40;20;36;26
966.0;24;42;32;37;182;40;22;36;25
972.0;22;40;34;40;183;40;23;36;22
978.0;21;43;37;42;184;38;18;37;20
984.0;18;45;36;43;186;39;16;37;20
990.0;18;46;33;43;188;41;17;35;19
996.0;20;45;31;44;188;44;15;35;18
1002.0;22;46;34;45;187;42;13;32;19
1008.0;19;46;33;42;190;40;15;35;20
1014.0;19;44;33;42;191;40;17;35;19
1020.0;16;45;29;43;191;40;18;38;20
1026.0;16;44;32;43;191;40;18;36;20
1032.0;16;44;31;42;191;40;22;33;21
1038.0;16;43;30;42;190;40;24;33;22
1044.0;15;43;28;43;188;41;30;31;21
1050.0;16;46;28;42;185;42;29;32;20
1056.0;17;47;27;42;183;43;26;36;19
1062.0;21;51;23;42;182;45;21;37;18
1068.0;18;51;24;41;183;45;23;36;19
1074.0;18;50;26;40;182;45;23;38;18
1080.0;20;49;24;39;184;42;23;40;19
1086.0;23;50;22;38;183;43;20;43;18
1092.0;26;49;22;38;181;41;21;43;19
1098.0;26;49;22;37;181;42;21;41;21
1104.0;22;49;22;36;181;44;22;45;19
1110.0;23;51;23;36;181;45;22;46;13
1116.0;22;53;20;37;181;43;20;51;13
1122.0;25;52;22;36;181;42;19;51;12
1128.0;24;51;26;38;180;44;16;51;10
1134.0;25;50;26;36;181;43;17;49;13
1140.0;28;48;26;34;182;40;18;50;14
1146.0;27;46;22;35;185;38;22;48;17
1152.0;27;44;20;35;189;35;24;49;17
1158.0;28;48;19;34;191;35;20;46;19
1164.0;24;49;19;35;192;36;21;46;18
1170.0;26;44;21;32;193;37;20;48;19
1176.0;26;39;19;37;196;37;18;50;18
1182.0;20;37;20;35;201;35;19;56;17
1188.0;22;32;23;37;203;34;20;52;17
1194.0;23;33;25;35;201;31;22;51;19
1200.0;24;34;22;38;199;33;20;50;20
1206.0;22;35;24;37;196;37;19;46;24
1212.0;21;33;27;37;199;38;17;45;23
1218.0;20;30;27;34;202;41;18;44;24
1224.0;19;30;27;34;203;41;18;45;23
1230.0;18;29;30;34;202;42;18;44;23
1236.0;21;28;30;33;200;42;19;43;24
1242.0;21;28;30;36;203;39;16;43;24
1248.0;22;28;26;41;205;37;14;43;24
1254.0;21;29;27;43;204;37;14;41;24
1260.0;20;33;32;43;201;36;13;40;22
1266.0;22;37;30;45;201;32;14;36;23
1272.0;22;40;25;45;202;33;13;35;25
1278.0;23;38;24;46;202;35;12;35;25
1284.0;20;37;25;47;202;35;13;36;25
1290.0;21;34;25;47;199;36;15;36;27
1296.0;21;35;26;44;202;36;14;38;24
1302.0;26;35;24;43;198;38;14;40;22
1308.0;25;36;24;42;200;38;12;43;20
1314.0;21;38;24;39;202;40;15;42;19
1320.0;21;39;22;40;202;41;12;45;18
1326.0;20;39;23;40;205;41;12;44;16
1332.0;20;39;22;40;206;40;13;42;18
1338.0;16;38;21;39;207;40;15;45;19
1344.0;15;38;22;41;206;41;14;46;17
1350.0;17;37;20;42;208;40;15;42;19
1356.0;17;38;21;43;208;39;15;39;20
1362.0;15;37;19;41;212;41;15;41;19
1368.0;14;37;16;41;209;44;19;41;19
1374.0;12;39;15;41;208;46;23;37;19
1380.0;13;40;14;41;205;43;27;38;19
1386.0;13;39;15;39;206;41;32;36;19
1392.0;17;40;15;38;207;43;29;35;16
1398.0;18;39;15;40;208;41;29;31;19
1404.0;20;39;14;39;209;42;25;34;18
1410.0;20;39;18;39;209;40;26;35;14
1416.0;19;36;18;39;208;40;25;37;18
1422.0;21;32;19;39;203;38;26;41;21
1428.0;23;33;17;39;200;38;23;46;21
1434.0;25;30;17;41;197;39;26;45;20
1440.0;25;30;17;44;199;39;23;45;18
1446.0;23;31;19;43;198;41;21;44;20
1452.0;24;33;20;44;198;41;22;39;19
1458.0;26;38;17;45;200;38;22;37;17
1464.0;26;39;16;47;199;39;24;34;16
1470.0;26;41;13;48;195;39;24;36;18
1476.0;25;41;14;50;193;38;23;37;19
1482.0;25;42;16;48;191;40;21;36;21
1488.0;26;42;16;47;190;40;20;37;22
1494.0;24;39;18;45;192;41;21;37;23
1500.0;21;39;19;43;193;42;21;38;24
1506.0;23;40;19;41;193;46;17;36;25
1512.0;24;39;20;41;191;47;16;39;23
1518.0;24;40;20;44;192;44;16;39;21
1524.0;26;40;19;44;191;46;15;41;18
1530.0;25;40;16;45;191;47;17;41;18
1536.0;24;43;16;40;193;49;17;40;18
1542.0;24;43;17;38;193;49;14;41;21
1548.0;24;47;18;37;191;45;18;41;19
1554.0;23;46;18;37;192;42;23;38;21
1560.0;22;50;18;40;192;38;21;38;21
1566.0;21;51;17;41;192;38;21;39;20
1572.0;22;48;17;42;188;42;22;40;19
1578.0;23;47;19;43;186;42;22;39;19
1584.0;26;44;16;44;187;41;25;40;17
1590.0;24;43;18;45;182;41;27;44;16
1596.0;23;41;20;45;184;42;27;42;16
1602.0;23;40;21;41;183;41;28;46;17
1608.0;23;33;22;40;185;46;27;45;19
1614.0;23;33;20;43;186;47;26;45;17
1620.0;25;32;20;38;188;44;28;49;16
1626.0;25;33;20;38;187;44;30;46;17
1632.0;26;32;20;38;185;43;28;49;19
1638.0;25;34;20;39;184;42;27;49;20
1644.0;21;32;18;41;186;39;28;51;24
1650.0;20;32;19;42;183;41;30;52;21
1656.0;21;31;23;40;181;45;30;51;18
1662.0;21;32;22;40;180;44;32;52;17
1668.0;20;35;20;38;183;42;32;53;17
1674.0;20;38;19;37;185;43;31;52;15
1680.0;21;38;21;39;186;42;30;49;14
1686.0;21;38;23;39;185;42;28;50;14
1692.0;18;37;20;42;189;39;26;51;18
1698.0;16;38;22;42;188;38;28;50;18
1704.0;18;36;18;45;190;38;26;52;17
1710.0;21;35;18;43;188;39;26;52;18
1716.0;20;35;16;46;186;39;25;56;17
1722.0;20;39;14;49;186;39;23;54;16
1728.0;20;37;16;47;187;39;23;53;18
1734.0;18;36;20;46;189;37;21;51;22
1740.0;19;36;17;47;192;38;18;51;22
1746.0;21;37;16;46;189;37;20;52;22
1752.0;20;41;19;49;192;37;19;46;17
1758.0;21;38;21;51;190;40;21;43;15
1764.0;20;38;21;50;191;42;18;44;16
1770.0;18;38;20;52;191;40;17;45;19
1776.0;19;35;20;55;192;40;19;42;18
1782.0;17;36;18;56;194;37;21;40;21
1788.0;18;36;18;56;193;37;22;40;20
1794.0;22;35;18;54;195;38;24;37;17
