#auto generated file!
12.0;13;16;10;20;18;12;15;15;11
18.0;11;16;10;22;18;12;12;17;12
24.0;10;16;11;22;19;10;12;18;12
30.0;11;17;10;21;19;10;10;20;12
36.0;10;17;9;20;19;13;11;20;11
42.0;9;16;8;20;20;13;14;18;12
48.0;7;17;10;19;20;14;16;16;11
54.0;10;20;8;16;20;14;16;15;11
60.0;9;20;8;17;20;14;16;15;11
66.0;9;20;9;19;21;13;13;16;10
72.0;12;20;7;18;24;12;12;14;11
78.0;12;20;8;16;24;11;14;15;10
84.0;12;18;9;15;27;11;14;14;10
90.0;11;20;10;15;28;12;11;13;10
96.0;12;21;12;11;29;12;11;13;9
102.0;12;22;13;11;29;14;9;13;7
108.0;13;22;10;13;28;14;9;13;8
114.0;12;25;7;11;29;14;9;15;8
120.0;11;25;9;11;29;13;8;14;10
126.0;10;24;8;12;28;14;9;15;10
132.0;11;24;7;11;27;14;10;15;11
138.0;10;24;9;11;26;15;8;16;11
144.0;10;24;9;12;28;14;8;16;9
150.0;10;23;9;14;28;15;7;17;7
156.0;11;22;8;14;30;15;7;17;6
162.0;10;23;7;14;30;16;7;18;5
168.0;9;22;7;14;31;15;7;19;6
174.0;10;22;6;14;32;14;7;19;6
180.0;9;23;5;16;31;11;8;21;6
186.0;8;23;6;15;31;12;7;21;7
192.0;7;23;5;15;33;12;7;20;8
198.0;7;20;5;17;32;12;8;21;8
204.0;8;21;6;16;32;12;7;20;8
210.0;9;19;5;15;32;14;9;22;5
216.0;8;20;5;16;32;13;9;21;6
222.0;10;20;3;17;33;13;9;20;5
228.0;12;19;1;18;32;15;10;18;5
234.0;10;20;2;19;32;16;8;17;6
240.0;10;19;3;17;31;14;12;17;7
246.0;8;20;3;16;31;13;12;18;9
252.0;9;18;3;17;32;13;11;19;8
258.0;7;18;5;17;32;14;11;19;7
264.0;8;18;5;16;33;15;11;17;7
270.0;8;18;5;16;33;16;10;17;7
276.0;8;18;3;16;33;19;10;17;6
282.0;9;18;3;17;33;19;7;18;6
288.0;7;19;3;14;34;19;10;19;5
294.0;9;19;4;15;33;19;7;18;6
300.0;7;19;3;16;32;22;9;16;6
306.0;7;19;3;16;34;23;7;16;5
312.0;6;21;2;15;35;24;6;16;5
318.0;6;20;0;15;36;24;5;17;7
324.0;7;19;1;15;36;22;6;17;7
330.0;6;19;1;16;37;21;7;16;7
336.0;7;19;2;17;36;20;7;17;5
342.0;6;18;3;16;35;19;7;18;8
348.0;5;17;4;17;33;19;10;17;8
354.0;5;17;4;16;35;19;9;19;6
360.0;6;16;3;15;34;20;10;20;6
366.0;6;14;6;15;33;20;13;19;4
372.0;7;15;5;14;32;21;11;18;7
378.0;6;14;5;14;35;22;9;17;8
384.0;6;14;6;14;35;22;8;17;8
390.0;5;14;7;14;35;19;10;18;8
396.0;7;13;7;12;36;17;9;20;9
402.0;6;12;7;12;36;17;10;19;11
408.0;7;14;5;10;38;16;11;20;9
414.0;6;13;6;12;39;15;11;21;7
420.0;7;14;7;11;40;14;9;20;8
426.0;6;15;8;12;40;14;7;21;7
432.0;6;15;9;12;40;13;8;20;7
438.0;5;15;8;12;40;14;7;20;9
444.0;3;15;8;13;42;14;6;21;8
450.0;2;15;8;13;41;14;6;22;9
456.0;2;16;8;12;41;15;6;22;8
462.0;1;16;8;12;42;15;8;20;8
468.0;3;17;7;12;42;15;7;18;9
474.0;3;17;7;12;43;14;7;18;9
480.0;3;18;8;12;44;14;6;18;7
486.0;4;19;8;13;44;12;7;17;6
492.0;4;17;8;13;45;12;7;17;7
498.0;3;17;8;13;45;13;6;18;7
504.0;3;15;8;16;46;12;5;19;6
510.0;3;16;9;16;46;9;5;21;5
516.0;3;15;10;17;47;10;3;21;4
522.0;3;14;9;17;48;11;3;21;4
528.0;3;13;9;18;46;11;7;20;3
534.0;3;13;10;17;46;11;7;19;4
540.0;3;13;12;16;46;11;6;19;4
546.0;3;12;12;16;46;10;5;21;5
552.0;4;13;14;15;46;8;6;19;5
558.0;5;13;13;16;46;8;6;19;4
564.0;6;14;14;15;46;7;6;18;4
570.0;6;13;12;15;46;6;8;19;5
576.0;6;14;13;15;46;5;8;19;4
582.0;6;14;11;16;46;4;8;19;6
588.0;6;15;10;15;46;4;9;19;6
594.0;6;16;9;16;45;7;8;18;5
600.0;6;13;11;15;45;8;11;17;4
606.0;7;10;12;16;46;8;12;16;3
612.0;7;10;11;17;46;7;12;17;3
618.0;7;10;12;18;45;8;10;17;3
624.0;6;11;11;15;48;8;10;17;4
630.0;6;10;11;16;48;8;9;17;5
636.0;6;12;10;15;48;9;8;17;5
642.0;7;12;11;13;51;9;6;16;5
648.0;8;12;10;14;52;10;4;16;4
654.0;7;11;10;14;51;11;5;16;5
660.0;7;11;9;15;51;11;5;16;5
666.0;6;11;9;13;53;11;5;17;5
672.0;8;10;9;14;53;13;4;16;3
678.0;6;8;8;14;54;14;7;16;3
684.0;6;8;7;13;56;14;6;15;5
690.0;6;8;9;11;56;13;6;14;7
696.0;5;9;8;11;55;14;7;13;8
702.0;6;9;9;11;55;13;7;13;7
708.0;7;9;8;11;56;14;8;11;6
714.0;6;9;8;11;56;14;9;11;6
720.0;5;10;7;11;55;15;9;10;8
726.0;8;10;6;10;57;15;7;10;7
732.0;8;10;6;9;56;15;7;12;7
738.0;10;9;6;8;55;15;7;13;7
744.0;6;9;5;9;56;17;7;13;8
750.0;6;11;3;9;56;17;9;12;7
756.0;5;11;2;11;56;16;10;12;7
762.0;3;11;3;12;58;15;8;12;8
768.0;6;10;3;11;56;15;9;12;8
774.0;4;10;4;10;59;16;9;11;7
780.0;6;9;5;10;59;16;10;10;5
786.0;7;10;4;10;58;18;11;10;2
792.0;5;11;2;12;58;19;10;10;3
798.0;5;10;3;14;59;18;9;10;2
804.0;6;12;5;12;59;17;9;9;1
810.0;7;11;5;11;59;16;10;9;2
816.0;7;11;4;11;59;17;9;9;3
822.0;5;12;5;12;58;16;10;9;3
828.0;5;13;4;12;57;16;10;10;3
834.0;5;13;2;12;56;18;10;11;3
840.0;5;12;5;12;57;14;10;11;4
846.0;6;12;6;12;56;14;10;10;4
852.0;5;12;5;14;56;14;10;9;5
858.0;5;11;4;14;56;13;10;10;7
864.0;4;11;4;14;56;14;9;10;8
870.0;4;12;3;14;55;15;9;10;8
876.0;5;13;4;14;55;14;7;10;8
882.0;6;13;5;13;54;16;6;9;8
888.0;6;13;5;13;54;15;5;10;9
894.0;4;13;5;14;53;16;6;10;9
900.0;5;10;6;14;54;14;6;12;9
906.0;6;10;4;14;53;16;7;12;8
912.0;5;11;3;13;53;17;8;13;7
918.0;6;11;3;14;53;17;6;13;7
924.0;6;12;2;16;53;17;6;11;7
930.0;7;14;2;15;54;17;5;11;5
936.0;7;13;4;13;55;16;5;11;6
942.0;7;14;4;14;55;15;5;10;6
948.0;6;13;4;16;54;15;5;11;6
954.0;7;12;5;16;54;17;5;10;4
960.0;6;12;5;17;55;16;5;10;4
966.0;6;12;5;17;54;16;6;9;5
972.0;6;13;5;17;53;15;6;10;5
978.0;6;14;6;16;52;15;6;10;5
984.0;6;12;6;16;53;15;4;11;7
990.0;7;11;6;17;52;15;5;10;7
996.0;8;10;6;17;52;14;5;10;8
1002.0;8;11;6;17;52;14;4;10;8
1008.0;8;11;8;17;54;13;3;11;5
1014.0;9;12;8;17;55;11;2;12;4
1020.0;11;12;7;17;55;9;3;12;4
1026.0;10;12;7;18;55;9;4;11;4
1032.0;10;11;5;18;56;11;4;11;4
1038.0;10;10;5;19;57;11;4;10;4
1044.0;9;12;4;19;58;10;4;11;3
1050.0;8;15;3;18;58;8;5;12;3
1056.0;8;15;3;18;58;8;6;11;3
1062.0;7;14;5;19;58;9;6;10;2
1068.0;7;14;5;17;59;8;5;13;2
1074.0;6;15;5;16;59;8;5;14;2
1080.0;6;17;4;16;59;8;5;14;1
1086.0;6;17;5;15;59;7;5;14;2
1092.0;5;18;5;14;59;6;5;15;3
1098.0;6;18;4;14;59;7;6;13;3
1104.0;6;17;4;14;58;8;7;13;3
1110.0;4;18;5;14;55;8;7;15;4
1116.0;7;17;4;14;55;9;6;14;4
1122.0;8;15;2;16;55;9;6;15;4
1128.0;8;14;3;17;56;8;6;13;5
1134.0;7;17;3;17;55;9;6;13;3
1140.0;7;17;4;18;54;10;5;13;2
1146.0;8;18;5;17;53;11;4;13;1
1152.0;8;18;7;18;53;9;2;14;1
1158.0;10;17;6;18;55;10;2;12;0
1164.0;9;18;6;18;56;9;2;12;0
1170.0;9;19;5;18;56;8;3;12;0
1176.0;10;19;6;15;56;9;4;10;1
1182.0;11;18;6;14;55;9;5;10;2
1188.0;10;20;6;14;55;9;4;10;2
1194.0;10;18;5;15;55;8;7;10;2
1200.0;9;18;5;17;56;8;5;10;2
1206.0;9;18;5;17;56;9;5;10;1
1212.0;7;18;6;16;56;9;5;10;3
1218.0;6;17;7;17;56;9;5;10;3
1224.0;9;15;5;15;56;10;6;10;4
1230.0;8;16;5;14;57;11;4;10;5
1236.0;8;16;5;13;57;10;6;10;5
1242.0;7;19;4;14;56;11;6;8;5
1248.0;7;18;7;14;56;10;6;7;5
1254.0;5;18;7;14;57;10;6;6;7
1260.0;4;19;8;14;57;8;6;6;8
1266.0;5;19;8;14;57;8;4;7;8
1272.0;4;17;10;13;57;10;5;7;7
1278.0;4;17;9;13;57;11;6;7;6
1284.0;5;17;10;12;57;12;5;6;6
1290.0;7;16;9;12;57;11;5;7;6
1296.0;8;15;8;13;58;10;4;7;7
1302.0;8;14;8;11;58;11;5;9;6
1308.0;8;12;6;12;59;11;6;10;6
1314.0;7;13;5;12;58;12;5;10;8
1320.0;7;13;4;11;58;13;6;10;8
1326.0;5;13;4;11;58;13;6;10;10
1332.0;4;14;4;10;57;14;7;10;10
1338.0;5;12;4;10;57;15;7;10;10
1344.0;5;11;5;11;58;14;7;10;9
1350.0;5;11;6;11;57;15;6;8;11
1356.0;6;11;5;11;58;14;6;9;10
1362.0;8;11;8;9;58;15;6;9;6
1368.0;7;11;8;8;59;15;6;10;6
1374.0;8;11;9;8;59;14;5;10;6
1380.0;7;11;9;9;60;14;6;9;5
1386.0;8;11;7;9;60;16;5;9;5
1392.0;8;10;8;9;61;16;5;9;4
1398.0;7;11;7;9;61;16;5;10;4
1404.0;7;11;7;9;60;16;4;10;6
1410.0;5;10;6;9;61;17;6;10;6
1416.0;5;10;5;10;62;16;5;11;6
1422.0;6;10;6;11;58;16;6;11;6
1428.0;7;9;6;11;58;16;6;11;6
1434.0;6;8;4;12;59;16;6;11;8
1440.0;5;9;5;13;58;14;5;11;10
1446.0;5;11;5;13;56;13;5;12;10
1452.0;6;13;5;12;55;14;4;12;9
1458.0;7;13;4;14;54;13;6;11;8
1464.0;7;13;3;15;55;13;6;12;6
1470.0;6;14;4;15;54;13;7;12;5
1476.0;7;14;3;15;54;11;8;13;5
1482.0;6;13;3;15;54;11;9;14;5
1488.0;8;13;3;13;54;11;10;14;4
1494.0;9;13;4;13;54;11;9;14;3
1500.0;10;14;3;13;53;11;7;14;5
1506.0;9;13;4;12;52;11;8;16;5
1512.0;9;15;4;12;50;11;8;16;5
1518.0;8;15;4;11;49;12;8;16;7
1524.0;7;16;5;10;50;12;8;16;6
1530.0;8;16;5;9;51;11;8;16;6
1536.0;8;16;4;9;54;11;6;16;6
1542.0;8;16;3;9;56;11;6;15;6
1548.0;7;17;3;8;55;11;6;16;7
1554.0;7;17;4;9;56;11;7;15;4
1560.0;8;17;4;8;55;12;8;14;4
1566.0;9;20;3;10;54;12;6;13;3
1572.0;8;19;4;11;54;12;5;14;3
1578.0;5;19;4;10;54;13;7;14;4
1584.0;5;17;3;11;55;13;6;15;5
1590.0;3;18;3;11;56;13;7;14;5
1596.0;1;16;4;11;56;15;7;15;5
1602.0;0;16;4;10;57;15;8;16;4
1608.0;0;16;4;10;57;15;7;17;4
1614.0;0;17;6;8;56;15;8;17;3
1620.0;2;16;6;7;56;15;8;17;3
1626.0;1;14;7;7;55;16;8;18;4
1632.0;1;16;7;6;54;14;9;18;5
1638.0;1;16;7;5;55;15;9;18;4
1644.0;1;17;7;5;55;15;9;17;4
1650.0;1;17;7;5;56;15;8;16;5
1656.0;1;17;6;5;56;15;8;16;6
1662.0;2;18;5;4;58;15;7;15;6
1668.0;3;18;6;2;57;14;7;17;6
1674.0;3;16;6;3;57;14;8;16;7
1680.0;2;15;7;4;57;15;7;17;6
1686.0;2;15;9;4;57;14;5;17;7
1692.0;3;14;9;5;57;13;5;18;6
1698.0;4;13;10;6;56;13;6;17;5
1704.0;4;15;8;7;56;13;7;16;4
1710.0;4;14;8;8;56;13;6;16;5
1716.0;4;14;8;8;56;13;6;16;5
1722.0;4;14;8;7;56;12;6;17;6
1728.0;4;14;8;6;57;12;5;17;7
1734.0;4;13;8;6;57;12;6;17;7
1740.0;4;12;7;6;58;13;6;15;9
1746.0;5;9;7;5;58;12;6;17;11
1752.0;7;10;6;6;57;10;6;17;11
1758.0;8;10;8;5;61;8;3;17;10
1764.0;7;11;9;6;60;7;4;16;10
1770.0;8;9;9;6;60;7;3;18;10
1776.0;7;9;8;7;61;6;3;18;11
1782.0;8;10;6;6;62;7;4;17;10
1788.0;8;10;5;7;62;6;4;17;11
1794.0;8;9;4;7;63;6;5;16;12
