#auto generated file!
12.0;33;20;26;27;28;32;26;19;29
18.0;29;22;25;28;33;33;23;17;30
24.0;29;20;25;31;34;35;21;18;27
30.0;28;21;23;31;38;32;21;18;28
36.0;28;20;26;32;39;31;21;17;26
42.0;27;23;28;30;39;29;21;18;25
48.0;29;24;28;30;39;29;21;16;24
54.0;30;23;29;30;41;28;20;15;24
60.0;30;25;28;31;42;27;18;18;21
66.0;32;25;29;31;43;27;17;17;19
72.0;27;24;31;33;45;27;16;19;18
78.0;25;24;30;33;47;26;15;19;21
84.0;25;21;29;33;47;28;14;22;21
90.0;23;22;28;35;47;29;14;22;20
96.0;20;27;28;36;48;27;14;23;17
102.0;21;26;21;36;53;29;12;25;17
108.0;19;29;18;36;52;27;13;27;19
114.0;20;29;18;34;54;28;14;26;17
120.0;19;26;15;37;57;27;17;25;17
126.0;20;25;14;37;57;26;16;26;19
132.0;20;22;14;37;58;26;16;25;22
138.0;18;22;15;34;59;27;16;27;22
144.0;16;23;15;34;59;28;17;26;22
150.0;17;23;12;38;59;30;18;25;18
156.0;18;27;13;37;58;31;16;24;16
162.0;17;27;12;35;58;31;18;24;18
168.0;17;25;8;36;59;33;20;24;18
174.0;17;25;7;35;60;36;20;24;16
180.0;17;25;8;33;61;35;21;25;15
186.0;21;24;9;31;62;36;19;24;14
192.0;23;24;9;31;61;32;22;26;12
198.0;21;23;9;30;63;33;21;27;13
204.0;17;21;11;29;62;34;24;27;15
210.0;17;21;10;29;65;33;23;25;17
216.0;17;22;10;27;66;32;24;24;18
222.0;20;21;10;24;68;33;21;26;17
228.0;20;20;10;23;67;34;21;30;15
234.0;18;21;11;24;69;32;22;30;13
240.0;19;22;12;24;67;32;19;31;14
246.0;16;23;12;24;67;32;19;32;15
252.0;17;24;13;25;66;25;21;33;16
258.0;16;24;14;26;67;22;22;35;14
264.0;16;26;14;25;67;25;19;35;13
270.0;15;26;14;26;69;26;18;32;14
276.0;17;24;14;27;71;25;17;32;13
282.0;14;23;12;25;75;27;20;32;12
288.0;13;22;11;25;79;26;22;30;12
294.0;13;24;13;26;80;23;22;28;11
300.0;9;27;9;25;83;23;24;27;13
306.0;9;24;10;25;83;28;24;24;13
312.0;10;26;11;25;82;25;22;25;14
318.0;9;27;13;26;81;26;21;24;13
324.0;10;29;13;24;80;25;21;23;15
330.0;9;30;10;28;81;26;19;22;15
336.0;11;30;12;27;80;27;18;19;16
342.0;12;29;13;28;80;25;16;17;20
348.0;12;28;11;30;82;23;18;16;20
354.0;11;25;13;33;83;22;17;17;19
360.0;11;29;14;31;84;23;16;15;17
366.0;10;31;11;34;87;24;14;14;15
372.0;12;30;10;35;88;24;10;16;15
378.0;13;30;11;33;88;22;9;19;15
384.0;15;32;9;31;89;23;9;18;14
390.0;12;30;10;32;92;23;9;19;13
396.0;10;31;9;31;92;25;9;18;15
402.0;11;29;11;29;92;24;11;18;15
408.0;14;31;7;27;91;23;11;19;17
414.0;10;31;6;29;92;23;11;20;18
420.0;11;31;8;28;93;24;10;19;16
426.0;12;34;7;28;95;25;8;18;13
432.0;11;31;9;28;95;27;10;18;11
438.0;11;27;7;28;97;28;11;19;12
444.0;11;26;6;30;98;28;12;18;11
450.0;9;27;6;32;97;30;12;17;10
456.0;8;27;9;30;98;29;12;19;8
462.0;8;27;10;29;97;30;11;21;7
468.0;6;26;10;28;98;30;13;21;8
474.0;7;25;9;27;100;29;14;20;9
480.0;8;24;12;25;100;27;14;21;9
486.0;8;24;11;24;101;28;14;20;10
492.0;7;24;12;29;102;26;10;20;10
498.0;7;24;13;29;102;29;9;18;9
504.0;8;23;11;29;102;29;10;19;9
510.0;9;25;11;30;102;25;11;19;8
516.0;9;24;12;30;100;25;12;18;10
522.0;8;25;12;29;99;25;11;20;11
528.0;11;25;9;29;98;25;9;22;12
534.0;11;24;9;29;97;24;8;24;14
540.0;12;21;10;27;96;25;11;24;14
546.0;12;24;10;26;96;27;9;22;14
552.0;16;24;9;26;92;26;8;23;16
558.0;17;25;8;25;92;24;8;26;15
564.0;17;26;7;25;92;24;9;27;13
570.0;17;25;9;24;90;24;10;27;14
576.0;17;24;10;24;93;24;10;26;12
582.0;17;24;10;25;93;25;7;27;12
588.0;18;25;10;27;93;24;6;27;10
594.0;17;27;11;28;92;23;6;27;9
600.0;15;27;12;29;94;22;6;28;7
606.0;16;24;13;29;95;23;5;28;7
612.0;20;26;9;28;94;21;5;31;6
618.0;22;26;9;27;92;22;5;31;6
624.0;21;27;10;25;92;22;4;32;7
630.0;22;26;10;23;92;21;5;33;8
636.0;17;27;12;22;93;21;4;35;9
642.0;15;30;13;21;90;23;4;32;12
648.0;15;31;13;21;89;23;6;31;11
654.0;17;31;12;22;88;24;4;31;11
660.0;17;29;12;23;89;25;4;29;12
666.0;17;28;15;24;90;25;3;26;12
672.0;20;26;16;24;89;23;5;25;12
678.0;18;26;19;25;87;23;7;25;10
684.0;17;28;15;24;90;24;8;23;11
690.0;18;28;16;23;88;24;7;23;13
696.0;15;27;14;25;86;23;9;28;13
702.0;15;26;14;23;88;23;10;28;13
708.0;13;26;14;23;89;22;8;30;15
714.0;15;26;15;23;91;20;8;29;13
720.0;17;24;17;21;92;19;10;29;11
726.0;14;28;15;22;93;18;12;26;12
732.0;13;29;15;19;96;20;11;27;10
738.0;10;28;17;18;98;20;12;25;12
744.0;8;28;17;19;98;22;11;26;11
750.0;10;25;18;20;98;19;11;25;14
756.0;13;23;16;20;99;19;11;23;16
762.0;14;23;17;21;98;19;10;23;15
768.0;14;22;19;20;100;16;10;23;16
774.0;13;25;15;20;100;15;14;24;14
780.0;13;25;14;20;101;15;15;25;12
786.0;12;24;16;19;102;16;15;25;11
792.0;10;25;15;22;102;17;14;23;12
798.0;12;25;12;23;100;18;14;23;13
804.0;13;26;12;22;100;18;14;22;13
810.0;15;25;11;22;103;20;12;19;13
816.0;13;27;7;25;102;19;12;21;14
822.0;12;27;6;26;102;17;13;23;14
828.0;14;27;5;25;102;18;12;22;15
834.0;14;27;5;25;101;19;13;21;15
840.0;12;28;6;23;104;17;14;23;13
846.0;11;27;7;23;103;17;14;23;15
852.0;8;27;12;23;104;19;14;20;13
858.0;7;29;12;25;106;16;15;19;11
864.0;9;27;11;24;106;15;16;20;12
870.0;10;25;13;27;106;14;13;19;13
876.0;8;26;13;27;104;15;14;19;14
882.0;8;23;11;25;104;15;16;21;17
888.0;10;24;12;26;101;15;15;20;17
894.0;10;24;11;25;101;16;16;21;16
900.0;9;24;12;25;100;16;16;22;16
906.0;7;22;15;25;101;16;18;20;16
912.0;8;20;16;26;103;16;16;20;15
918.0;8;19;13;26;105;19;15;19;16
924.0;9;19;12;26;108;17;15;19;15
930.0;10;18;12;26;109;17;15;19;14
936.0;12;18;13;26;108;17;14;20;12
942.0;13;19;12;26;109;16;14;20;11
948.0;11;18;11;28;109;16;16;21;10
954.0;11;16;10;27;112;15;17;20;12
960.0;12;16;8;26;112;18;16;20;12
966.0;14;16;7;25;109;18;15;23;13
972.0;15;16;7;25;112;18;13;23;11
978.0;16;16;8;25;111;17;12;24;11
984.0;14;18;7;23;113;16;12;24;13
990.0;14;18;6;23;112;18;13;27;9
996.0;14;17;7;24;110;18;12;28;10
1002.0;13;19;7;22;108;19;13;29;10
1008.0;13;16;8;21;106;21;14;29;12
1014.0;11;19;9;24;109;20;9;26;13
1020.0;10;21;8;25;109;22;9;24;12
1026.0;11;20;9;24;108;21;7;26;14
1032.0;13;19;9;24;108;21;6;27;13
1038.0;13;19;10;22;108;20;7;30;11
1044.0;13;21;9;22;109;19;7;31;9
1050.0;14;22;9;24;111;18;6;30;6
1056.0;16;22;10;22;110;19;7;29;5
1062.0;15;21;9;23;111;20;7;28;6
1068.0;13;22;10;24;109;18;8;30;6
1074.0;13;21;8;25;109;18;7;29;10
1080.0;13;22;7;24;110;16;8;29;11
1086.0;14;24;8;23;111;18;9;26;7
1092.0;14;24;6;24;109;19;9;28;7
1098.0;11;27;9;22;107;21;8;28;7
1104.0;11;28;9;21;107;20;8;27;9
1110.0;9;30;8;21;108;18;8;28;10
1116.0;10;31;5;18;107;23;9;28;9
1122.0;11;29;5;16;109;25;9;27;9
1128.0;12;28;4;15;111;24;10;27;9
1134.0;13;25;8;13;111;24;12;25;9
1140.0;13;25;8;14;110;26;11;23;10
1146.0;11;27;6;12;110;28;10;26;10
1152.0;11;25;7;14;110;28;12;23;10
1158.0;10;25;5;14;111;28;11;24;12
1164.0;7;24;5;15;111;29;13;23;13
1170.0;7;23;6;14;111;29;12;23;15
1176.0;7;21;8;15;109;29;12;24;15
1182.0;9;22;9;16;110;27;7;25;15
1188.0;10;23;8;15;110;27;7;23;17
1194.0;15;23;7;15;111;25;8;22;14
1200.0;14;22;6;16;113;26;7;24;12
1206.0;14;21;9;17;113;26;6;23;11
1212.0;15;19;7;16;113;25;7;25;13
1218.0;12;18;9;15;115;24;9;25;13
1224.0;11;17;12;14;114;24;9;26;13
1230.0;12;18;13;15;114;22;8;25;13
1236.0;12;18;11;15;115;22;10;24;13
1242.0;11;18;11;16;113;19;9;27;16
1248.0;10;20;12;17;115;20;7;24;15
1254.0;9;20;12;17;115;18;6;27;16
1260.0;9;19;11;14;116;18;7;29;17
1266.0;9;18;13;14;116;18;7;28;17
1272.0;7;19;14;16;119;16;7;26;16
1278.0;7;17;13;18;119;15;8;27;16
1284.0;6;17;13;20;118;15;8;26;17
1290.0;7;17;13;20;123;14;8;21;17
1296.0;8;18;14;19;122;15;7;20;17
1302.0;8;18;13;17;122;14;9;20;19
1308.0;8;20;14;16;119;14;8;21;20
1314.0;6;20;14;14;119;15;7;23;22
1320.0;4;21;16;14;118;17;6;25;19
1326.0;5;22;15;17;119;17;6;23;16
1332.0;6;19;15;17;121;17;6;23;16
1338.0;6;20;14;16;120;19;8;23;14
1344.0;7;21;12;15;123;18;8;23;13
1350.0;8;19;11;17;123;19;8;21;14
1356.0;9;20;12;17;122;18;9;20;13
1362.0;10;21;12;17;120;17;9;21;13
1368.0;10;21;13;18;119;15;10;21;13
1374.0;10;21;15;18;120;15;8;22;11
1380.0;10;19;15;19;121;14;10;21;11
1386.0;11;19;14;19;122;15;9;21;10
1392.0;11;19;14;19;121;16;9;22;9
1398.0;11;21;14;17;122;16;10;21;8
1404.0;10;21;15;17;120;18;9;22;8
1410.0;11;22;14;18;119;20;9;20;7
1416.0;11;21;13;19;119;21;9;20;7
1422.0;12;22;13;19;118;20;7;22;7
1428.0;12;24;13;20;119;21;6;20;5
1434.0;10;24;14;19;119;23;5;21;5
1440.0;10;22;13;20;121;23;5;18;8
1446.0;10;23;13;23;119;22;4;18;8
1452.0;9;23;12;23;118;23;4;21;7
1458.0;11;23;11;21;120;22;5;20;7
1464.0;12;23;10;22;121;20;5;20;7
1470.0;14;22;9;20;121;21;6;22;5
1476.0;13;21;9;21;122;22;6;21;5
1482.0;12;19;9;24;123;23;6;20;4
1488.0;13;20;8;24;124;21;7;19;4
1494.0;11;20;10;26;124;20;6;18;5
1500.0;11;20;9;25;123;21;7;17;7
1506.0;12;18;8;25;122;20;8;20;7
1512.0;14;18;9;24;123;19;7;19;7
1518.0;14;19;9;24;123;19;6;21;5
1524.0;14;21;6;23;123;21;6;21;5
1530.0;13;21;7;22;120;21;6;22;8
1536.0;13;23;6;22;121;20;5;22;8
1542.0;13;23;7;21;123;19;6;19;9
1548.0;14;19;8;22;124;19;10;17;7
1554.0;13;20;8;22;124;17;10;16;10
1560.0;12;18;9;25;122;17;10;18;9
1566.0;12;17;9;28;120;18;7;18;11
1572.0;12;16;7;30;121;19;6;18;11
1578.0;12;19;8;34;117;17;5;16;12
1584.0;11;22;8;33;115;18;7;16;10
1590.0;12;20;9;32;114;20;6;18;9
1596.0;12;21;9;32;114;20;7;17;8
1602.0;11;23;10;29;113;19;8;18;9
1608.0;8;22;9;29;115;20;11;19;7
1614.0;7;22;7;32;115;21;11;19;6
1620.0;8;22;7;30;116;19;11;22;5
1626.0;10;24;5;26;117;22;10;20;6
1632.0;8;24;5;24;119;22;10;21;7
1638.0;10;24;8;22;121;23;9;18;5
1644.0;12;24;7;23;120;23;7;17;7
1650.0;9;24;7;25;120;24;7;17;7
1656.0;8;24;8;24;120;24;8;16;8
1662.0;8;23;8;24;121;24;7;17;8
1668.0;8;23;8;22;122;23;9;18;7
1674.0;9;22;9;22;121;24;9;17;7
1680.0;10;21;9;22;123;23;7;18;7
1686.0;10;21;10;23;123;22;7;17;7
1692.0;13;24;8;23;121;21;6;17;7
1698.0;12;24;10;22;121;19;6;15;11
1704.0;14;23;10;21;121;21;5;16;9
1710.0;12;24;11;22;120;20;5;17;9
1716.0;12;25;11;23;118;19;4;17;11
1722.0;13;25;12;20;118;20;5;16;11
1728.0;13;23;12;19;118;23;5;16;11
1734.0;13;22;12;19;121;24;5;15;9
1740.0;12;21;17;20;121;22;5;13;9
1746.0;13;23;18;16;123;18;5;14;10
1752.0;14;22;16;16;126;19;5;14;8
1758.0;15;22;14;18;127;17;3;17;7
1764.0;15;24;11;19;125;16;3;19;8
1770.0;14;24;11;20;126;16;3;17;9
1776.0;12;24;11;21;126;17;3;16;10
1782.0;11;23;15;22;124;17;4;17;7
1788.0;10;22;16;21;125;18;4;17;7
1794.0;9;22;13;21;125;23;5;15;7
