#auto generated file!
12.0;14;25;17;6;15;17;15;12;19
18.0;15;27;16;8;15;17;14;12;16
24.0;15;28;15;7;15;19;14;11;16
30.0;17;27;16;8;15;19;11;13;14
36.0;18;25;14;10;16;17;11;16;13
42.0;15;29;12;10;17;17;12;14;14
48.0;12;29;12;9;20;17;10;17;14
54.0;13;25;13;9;20;17;11;18;14
60.0;12;27;10;10;21;16;11;20;13
66.0;14;28;7;8;22;17;12;20;12
72.0;15;28;7;10;21;17;10;21;11
78.0;15;24;7;13;21;17;11;21;11
84.0;15;23;7;14;20;17;12;21;11
90.0;14;25;7;14;20;19;10;20;11
96.0;14;23;7;16;24;20;7;20;9
102.0;14;24;6;16;25;18;6;22;9
108.0;10;24;6;19;25;20;5;21;10
114.0;13;23;6;19;26;19;5;24;5
120.0;12;21;7;19;28;18;5;26;4
126.0;12;19;8;18;29;17;6;26;5
132.0;12;19;8;18;30;14;6;26;7
138.0;11;17;8;19;31;15;9;24;6
144.0;10;17;8;19;32;16;9;22;7
150.0;11;17;8;18;32;19;7;22;6
156.0;10;18;9;20;32;19;6;21;5
162.0;9;18;7;22;34;17;5;21;7
168.0;11;20;8;21;35;17;3;18;7
174.0;9;20;9;19;35;18;4;18;8
180.0;9;20;9;17;35;19;4;18;9
186.0;7;18;7;16;38;23;5;17;9
192.0;8;18;7;18;39;19;7;16;8
198.0;8;19;6;18;39;17;8;16;9
204.0;8;21;2;16;43;16;8;18;8
210.0;7;23;3;15;43;16;8;18;7
216.0;7;24;4;16;42;13;9;17;8
222.0;7;23;4;17;42;13;9;18;7
228.0;7;23;4;17;43;13;9;17;7
234.0;7;22;4;17;44;13;10;16;7
240.0;8;20;6;18;42;14;10;17;5
246.0;8;19;6;16;43;16;9;18;5
252.0;9;18;5;17;44;15;10;18;4
258.0;8;18;6;16;44;16;10;18;4
264.0;8;18;7;15;46;16;9;18;3
270.0;8;16;6;16;46;19;8;18;3
276.0;8;17;7;15;46;20;7;17;3
282.0;7;15;10;15;47;21;6;17;2
288.0;8;16;7;15;49;21;8;15;1
294.0;9;16;7;15;49;19;7;17;1
300.0;11;16;7;17;49;18;6;15;1
306.0;9;14;7;17;52;18;6;16;1
312.0;8;12;8;19;53;16;7;16;1
318.0;8;11;7;22;53;15;6;16;2
324.0;9;11;6;24;53;13;6;16;2
330.0;9;9;6;25;54;13;6;15;3
336.0;8;10;6;25;55;12;7;14;3
342.0;8;10;6;25;55;12;8;14;2
348.0;9;9;6;25;55;13;7;14;2
354.0;9;9;5;22;55;13;9;14;4
360.0;9;9;5;23;55;13;9;13;4
366.0;8;8;5;24;55;13;9;12;6
372.0;8;7;6;25;54;13;8;13;6
378.0;8;10;7;24;54;12;6;12;7
384.0;11;10;7;25;52;11;6;12;6
390.0;12;11;6;25;52;10;6;13;5
396.0;11;12;7;24;52;10;6;14;4
402.0;11;10;8;25;52;8;5;15;6
408.0;11;10;9;24;53;8;4;15;6
414.0;11;8;10;24;52;9;4;15;7
420.0;10;10;13;23;50;8;4;15;7
426.0;8;11;10;25;50;9;5;16;6
432.0;9;14;9;24;50;9;4;16;5
438.0;10;12;8;23;52;11;5;16;3
444.0;11;11;8;23;52;10;6;16;3
450.0;11;12;8;23;50;10;7;16;3
456.0;12;11;9;22;49;11;7;16;3
462.0;10;12;7;22;50;12;8;16;3
468.0;9;11;6;23;49;13;8;18;3
474.0;8;11;4;24;50;12;9;17;5
480.0;9;13;4;22;50;13;8;17;4
486.0;9;13;4;21;51;11;8;19;4
492.0;11;12;5;19;54;12;6;17;4
498.0;12;12;5;18;54;13;6;18;2
504.0;12;11;5;18;55;11;8;18;2
510.0;12;10;6;18;55;10;8;19;2
516.0;12;10;6;17;56;10;7;19;3
522.0;12;9;6;16;55;10;8;21;3
528.0;12;12;4;14;55;12;7;22;2
534.0;13;12;3;14;54;15;8;18;3
540.0;13;12;3;14;53;15;8;19;3
546.0;11;13;3;11;54;15;8;20;5
552.0;10;12;7;11;52;16;6;21;5
558.0;9;12;7;10;54;18;6;20;4
564.0;10;11;7;11;54;17;6;20;4
570.0;9;11;7;11;55;16;6;21;4
576.0;7;11;10;12;56;16;5;19;4
582.0;7;11;10;11;55;16;6;20;4
588.0;6;10;10;12;54;16;8;19;5
594.0;6;11;8;14;54;17;6;18;6
600.0;6;12;9;14;54;16;6;17;6
606.0;6;13;7;13;54;15;6;19;7
612.0;6;12;9;13;54;15;7;18;6
618.0;6;13;9;12;54;15;6;21;4
624.0;7;13;8;14;54;14;6;21;3
630.0;7;13;7;14;55;13;5;20;6
636.0;6;13;5;15;54;15;6;19;7
642.0;6;12;7;15;51;16;6;20;7
648.0;6;11;8;15;52;18;6;17;7
654.0;6;11;8;16;53;18;6;15;7
660.0;7;11;8;16;53;18;6;15;6
666.0;7;12;8;15;53;18;6;14;7
672.0;8;12;7;14;51;20;7;14;7
678.0;8;12;8;12;51;19;7;14;9
684.0;9;13;9;10;51;19;7;13;9
690.0;8;13;8;10;51;19;7;15;9
696.0;8;11;9;10;52;18;6;17;9
702.0;8;11;10;12;51;17;6;17;8
708.0;9;10;11;12;51;16;7;17;7
714.0;9;10;11;13;51;15;9;16;6
720.0;9;11;12;12;52;13;8;17;6
726.0;11;11;12;13;51;11;8;16;7
732.0;11;14;11;13;52;11;7;15;6
738.0;11;14;11;13;52;11;7;15;6
744.0;11;13;11;15;52;12;7;14;5
750.0;10;12;12;16;53;13;7;12;5
756.0;11;11;11;17;51;13;7;12;7
762.0;12;10;11;18;51;13;7;12;6
768.0;12;10;11;18;51;15;8;11;4
774.0;9;8;11;20;52;16;7;11;6
780.0;8;7;10;21;52;16;8;12;6
786.0;9;11;8;19;51;16;8;12;6
792.0;10;11;9;17;52;15;6;14;6
798.0;7;11;10;16;51;15;8;17;5
804.0;5;13;9;16;50;15;7;19;6
810.0;6;14;8;15;51;15;7;19;5
816.0;6;15;7;15;53;14;7;18;5
822.0;5;15;5;15;53;15;8;19;5
828.0;5;17;5;15;52;15;8;19;4
834.0;5;19;5;15;53;14;7;17;5
840.0;6;18;8;16;51;14;8;15;4
846.0;6;20;8;16;51;14;6;15;4
852.0;5;19;8;16;53;14;7;14;4
858.0;5;21;8;16;52;14;8;12;4
864.0;6;21;9;15;52;14;7;13;3
870.0;6;22;8;15;51;14;8;14;2
876.0;6;23;4;17;51;16;7;14;2
882.0;5;21;4;18;52;15;8;15;2
888.0;5;20;4;18;51;16;9;16;1
894.0;4;19;4;16;51;18;9;17;2
900.0;4;18;4;15;51;18;9;18;3
906.0;4;18;5;14;52;19;9;17;2
912.0;5;17;5;13;53;18;8;18;3
918.0;7;18;5;14;52;15;6;17;6
924.0;8;19;5;13;51;15;5;19;5
930.0;9;17;5;14;52;15;5;19;4
936.0;10;16;5;14;50;15;7;19;4
942.0;10;13;5;14;52;16;8;17;5
948.0;8;13;7;14;52;15;8;17;6
954.0;8;13;7;16;51;15;6;19;5
960.0;7;15;7;13;51;14;9;18;6
966.0;5;17;7;13;52;14;7;19;6
972.0;5;17;7;15;52;14;6;19;5
978.0;6;16;7;15;52;15;7;18;4
984.0;5;16;7;14;50;19;7;14;8
990.0;6;15;9;14;50;19;6;13;8
996.0;6;15;9;16;51;18;7;11;7
1002.0;6;17;7;16;52;17;7;11;7
1008.0;5;18;6;16;50;18;6;13;8
1014.0;5;19;5;15;50;19;5;15;7
1020.0;6;20;5;15;49;18;5;16;6
1026.0;5;20;5;14;51;18;5;16;6
1032.0;6;18;5;14;53;17;6;15;6
1038.0;7;17;5;15;52;19;6;13;6
1044.0;7;16;5;15;52;18;8;13;6
1050.0;7;16;5;14;51;17;8;14;8
1056.0;7;17;4;13;51;16;10;14;8
1062.0;6;18;4;12;52;15;10;14;9
1068.0;4;17;5;12;51;15;12;16;8
1074.0;6;18;5;12;49;14;11;16;9
1080.0;6;16;3;13;51;17;11;15;8
1086.0;6;19;3;12;50;18;9;16;7
1092.0;7;20;4;11;50;19;8;14;7
1098.0;7;19;6;11;49;17;9;14;8
1104.0;8;18;3;12;48;19;10;15;7
1110.0;8;18;3;15;47;17;10;15;7
1116.0;9;17;2;15;46;17;10;16;8
1122.0;9;18;2;16;46;16;11;15;7
1128.0;10;18;3;15;47;16;9;14;8
1134.0;11;17;3;16;47;16;8;15;7
1140.0;10;14;3;18;46;18;8;15;8
1146.0;10;16;3;17;47;17;8;15;7
1152.0;9;17;6;16;48;17;5;14;8
1158.0;9;16;6;16;48;17;5;14;9
1164.0;10;15;7;17;48;17;5;13;8
1170.0;11;15;6;15;48;17;5;14;9
1176.0;9;13;7;16;49;17;6;13;10
1182.0;9;13;7;16;51;16;6;13;9
1188.0;6;12;6;14;52;20;7;14;9
1194.0;6;11;8;14;51;21;4;14;11
1200.0;7;11;5;13;51;22;5;15;11
1206.0;8;9;6;12;52;23;6;15;9
1212.0;8;8;6;12;53;24;7;14;8
1218.0;6;9;6;12;53;24;7;14;9
1224.0;5;8;6;14;55;23;8;13;8
1230.0;6;8;6;14;56;23;7;12;8
1236.0;4;9;7;15;55;22;8;12;8
1242.0;4;9;7;16;57;21;7;11;8
1248.0;4;9;7;14;56;21;9;11;9
1254.0;4;10;8;13;57;19;10;10;9
1260.0;6;10;7;13;57;18;10;12;7
1266.0;9;11;8;12;56;16;10;12;6
1272.0;8;11;10;12;55;15;10;13;6
1278.0;7;11;11;12;58;14;10;11;6
1284.0;7;10;10;14;59;15;9;10;6
1290.0;7;10;10;14;59;13;9;11;7
1296.0;7;12;9;14;59;11;10;11;7
1302.0;6;14;9;13;59;12;10;11;6
1308.0;5;15;12;14;60;10;7;11;6
1314.0;4;15;14;16;59;10;5;11;6
1320.0;5;13;14;15;60;10;5;11;7
1326.0;6;14;13;14;60;9;6;12;6
1332.0;6;14;12;16;60;9;6;13;4
1338.0;6;15;10;16;59;10;5;15;4
1344.0;6;15;10;17;57;10;6;16;3
1350.0;7;15;12;17;56;10;6;13;4
1356.0;8;15;10;16;56;10;5;15;5
1362.0;10;15;10;15;55;9;6;15;5
1368.0;9;15;9;16;54;8;6;16;7
1374.0;10;15;5;15;57;10;5;16;7
1380.0;9;15;7;14;58;10;5;15;7
1386.0;11;14;7;13;60;10;6;14;5
1392.0;12;13;7;14;65;8;5;11;5
1398.0;11;12;7;14;68;7;5;11;5
1404.0;11;10;7;13;69;7;5;13;5
1410.0;11;10;8;13;69;7;5;12;5
1416.0;10;10;6;13;71;8;5;12;5
1422.0;11;8;6;13;69;10;5;13;5
1428.0;11;8;7;13;69;9;5;13;5
1434.0;9;9;8;12;71;9;5;12;5
1440.0;7;10;9;12;71;9;5;13;4
1446.0;6;10;9;11;72;9;5;13;5
1452.0;7;10;10;9;73;11;4;12;4
1458.0;7;10;8;9;74;12;4;12;4
1464.0;9;10;8;8;73;12;5;11;4
1470.0;10;10;8;8;72;13;4;11;4
1476.0;7;10;8;10;72;11;5;12;5
1482.0;7;9;9;10;72;12;4;12;5
1488.0;8;7;10;10;73;10;5;12;5
1494.0;8;8;8;9;74;9;5;12;7
1500.0;8;8;7;9;71;10;5;15;7
1506.0;7;7;5;10;71;10;8;15;7
1512.0;5;7;5;10;71;10;8;17;7
1518.0;5;9;5;9;70;10;8;17;7
1524.0;7;10;5;9;69;8;8;17;7
1530.0;7;10;6;9;68;9;7;17;7
1536.0;8;10;4;11;70;10;5;16;6
1542.0;8;10;5;12;69;10;5;15;6
1548.0;7;12;5;12;69;11;4;14;6
1554.0;8;12;4;12;68;11;5;14;6
1560.0;8;11;4;13;68;11;5;13;7
1566.0;6;11;4;14;70;11;5;13;6
1572.0;7;11;4;15;69;12;4;13;5
1578.0;7;11;4;16;71;11;5;11;4
1584.0;6;11;5;16;71;12;6;10;3
1590.0;6;10;6;17;70;12;6;10;3
1596.0;5;11;4;17;69;12;6;12;4
1602.0;5;11;5;17;68;12;6;12;4
1608.0;5;12;5;20;68;12;4;11;3
1614.0;5;13;4;20;69;13;4;9;3
1620.0;5;13;3;20;69;14;4;9;3
1626.0;5;12;2;20;68;14;5;9;5
1632.0;4;12;4;21;67;12;5;11;4
1638.0;5;11;4;20;66;13;4;11;6
1644.0;7;12;4;21;64;13;3;11;5
1650.0;4;12;5;17;66;14;3;12;7
1656.0;3;12;5;17;67;16;2;11;7
1662.0;4;12;4;15;68;14;4;12;7
1668.0;6;12;4;15;69;13;3;11;7
1674.0;5;12;3;15;69;14;4;11;7
1680.0;6;12;3;14;68;14;4;12;7
1686.0;5;13;3;14;68;16;3;11;7
1692.0;6;12;4;15;68;17;3;9;6
1698.0;6;12;5;14;67;17;4;8;7
1704.0;7;11;4;14;68;18;4;8;6
1710.0;7;12;4;13;68;17;3;8;8
1716.0;7;11;2;13;69;16;6;9;7
1722.0;6;9;2;15;69;16;6;11;6
1728.0;5;9;2;16;68;17;6;10;7
1734.0;3;11;2;16;67;17;6;12;6
1740.0;4;11;2;15;69;15;6;12;6
1746.0;5;12;1;16;67;16;6;12;5
1752.0;6;9;1;17;67;16;6;13;5
1758.0;5;10;1;17;67;17;5;13;5
1764.0;6;10;1;17;67;17;4;13;5
1770.0;5;10;2;17;67;18;4;13;4
1776.0;6;11;2;16;67;16;4;14;4
1782.0;5;12;3;15;67;14;5;15;4
1788.0;6;13;4;14;66;13;5;15;4
1794.0;7;12;4;14;64;13;8;14;4
