#auto generated file!
12.0;34;56;33;39;52;42;52;44;58
18.0;35;56;32;40;57;45;47;47;51
24.0;37;56;30;41;65;45;49;47;40
30.0;37;59;31;40;68;49;43;48;35
36.0;34;63;28;41;69;50;42;48;35
42.0;31;63;29;40;72;52;41;50;32
48.0;29;63;28;41;75;53;40;49;32
54.0;29;66;23;42;76;54;37;50;33
60.0;31;66;25;42;80;54;37;47;28
66.0;26;63;28;41;85;54;35;48;30
72.0;25;60;26;41;85;57;34;50;32
78.0;22;58;26;46;87;57;30;48;36
84.0;21;59;27;47;87;57;30;51;31
90.0;24;61;27;45;88;54;26;54;31
96.0;22;62;26;42;88;54;31;55;30
102.0;20;63;26;37;92;52;32;58;30
108.0;22;64;26;33;92;52;30;59;32
114.0;23;61;27;37;94;53;28;56;31
120.0;22;58;29;39;97;55;24;58;28
126.0;25;54;30;38;100;55;25;55;28
132.0;25;53;30;36;101;55;26;56;28
138.0;24;53;26;36;105;55;26;56;29
144.0;27;54;28;36;105;54;27;53;26
150.0;29;52;31;34;106;56;26;49;27
156.0;28;51;31;31;106;59;29;49;26
162.0;29;51;37;31;107;54;26;49;26
168.0;29;50;36;32;110;53;26;50;24
174.0;27;45;32;31;111;57;30;51;26
180.0;26;47;32;32;113;56;29;50;25
186.0;26;45;30;35;114;53;30;53;24
192.0;25;44;28;35;115;56;29;56;22
198.0;23;46;27;36;115;56;30;56;21
204.0;21;47;25;35;120;56;29;56;21
210.0;22;51;22;40;117;57;27;51;23
216.0;25;49;24;37;122;56;27;50;20
222.0;23;45;21;41;122;59;28;50;21
228.0;23;44;19;43;124;59;29;51;18
234.0;25;44;20;39;126;58;28;49;21
240.0;26;45;18;36;129;55;28;50;23
246.0;23;46;18;33;131;57;27;53;22
252.0;23;47;19;33;135;57;26;50;20
258.0;22;50;19;33;136;57;26;49;18
264.0;21;47;20;31;136;58;26;53;18
270.0;22;45;17;32;135;61;24;53;21
276.0;23;43;18;34;138;58;22;53;21
282.0;20;42;17;35;139;60;23;52;22
288.0;21;41;16;37;141;61;21;50;22
294.0;20;41;18;41;141;53;21;52;23
300.0;22;42;19;40;141;54;21;48;23
306.0;24;39;21;39;139;56;20;49;23
312.0;24;40;23;37;140;55;19;49;23
318.0;24;40;22;38;140;54;21;48;23
324.0;26;39;19;38;140;56;21;46;25
330.0;27;40;22;37;140;51;21;47;25
336.0;25;37;23;38;140;52;20;45;30
342.0;24;42;22;38;139;51;21;47;26
348.0;20;42;26;40;139;49;21;47;26
354.0;14;40;27;45;141;47;20;50;26
360.0;17;38;26;43;140;48;22;50;26
366.0;20;38;25;45;142;50;21;48;21
372.0;20;38;26;47;141;49;19;48;22
378.0;23;36;28;48;137;51;17;50;20
384.0;21;35;29;52;137;51;17;50;18
390.0;23;35;27;51;138;51;19;51;15
396.0;26;35;25;52;136;47;20;52;17
402.0;26;38;26;53;138;42;19;54;14
408.0;24;42;24;57;139;40;17;53;14
414.0;22;43;28;53;139;43;16;54;12
420.0;24;44;30;51;139;43;17;51;11
426.0;23;41;26;52;142;42;19;51;14
432.0;23;45;25;49;140;40;22;50;16
438.0;24;44;24;47;139;41;23;50;18
444.0;24;42;27;48;141;40;20;48;20
450.0;24;41;27;47;139;39;24;47;22
456.0;27;38;25;47;143;39;22;48;21
462.0;27;35;24;48;142;44;23;44;23
468.0;21;34;25;46;142;42;26;47;27
474.0;21;33;22;48;141;42;27;49;27
480.0;21;33;25;47;142;42;26;48;26
486.0;20;34;27;46;142;39;27;48;27
492.0;17;35;23;48;147;40;25;48;27
498.0;19;38;23;50;147;35;27;46;25
504.0;19;37;20;51;149;35;26;48;25
510.0;17;39;20;52;148;35;24;47;28
516.0;17;34;23;50;146;40;24;47;29
522.0;16;35;27;47;148;41;23;47;26
528.0;18;33;27;49;148;43;23;43;26
534.0;15;35;24;46;149;42;27;44;28
540.0;17;35;22;44;151;43;29;43;26
546.0;19;33;22;45;149;40;25;51;26
552.0;20;36;21;45;151;42;20;50;25
558.0;23;35;20;47;151;40;18;49;27
564.0;18;35;18;48;151;44;19;48;29
570.0;16;37;17;47;155;42;20;47;29
576.0;18;37;18;44;154;43;21;44;31
582.0;20;37;16;44;156;40;20;45;32
588.0;19;35;21;43;158;42;17;44;31
594.0;20;36;19;47;160;44;15;41;28
600.0;21;40;17;46;162;41;16;40;27
606.0;18;40;16;49;160;42;18;44;23
612.0;18;40;16;50;162;42;18;44;20
618.0;16;41;16;50;160;44;15;47;21
624.0;14;39;15;49;163;45;15;48;22
630.0;15;44;16;51;160;41;15;48;20
636.0;16;45;14;53;160;38;15;45;24
642.0;17;47;14;54;159;35;19;45;20
648.0;17;46;15;54;158;36;20;46;18
654.0;17;48;17;51;157;34;20;49;17
660.0;18;50;24;46;156;35;19;46;16
666.0;16;48;24;46;156;35;20;47;18
672.0;15;43;25;47;157;38;20;44;21
678.0;18;41;25;46;156;39;21;43;21
684.0;16;45;22;45;156;42;21;42;21
690.0;18;46;18;40;156;41;22;45;24
696.0;19;48;18;38;157;42;21;45;22
702.0;20;51;18;33;159;41;21;46;21
708.0;22;50;16;34;159;41;22;45;21
714.0;22;51;17;33;158;44;18;47;20
720.0;21;50;17;36;159;44;18;47;18
726.0;19;48;14;38;159;45;21;47;19
732.0;19;51;14;37;159;43;24;44;19
738.0;20;52;12;37;163;39;21;46;20
744.0;21;49;13;38;164;38;21;46;20
750.0;22;50;15;36;165;37;20;44;21
756.0;23;49;17;36;166;36;22;41;20
762.0;23;42;21;38;167;37;21;39;22
768.0;20;42;21;39;170;37;20;40;21
774.0;23;45;21;35;170;36;21;42;17
780.0;23;41;20;34;169;40;22;41;20
786.0;24;40;22;31;168;44;24;38;19
792.0;23;40;24;33;169;44;26;33;18
798.0;23;40;24;34;169;43;24;34;19
804.0;24;40;26;32;169;43;23;36;17
810.0;24;42;26;32;171;40;24;34;17
816.0;22;43;24;31;171;41;25;33;20
822.0;21;47;23;32;171;42;24;28;22
828.0;20;46;24;32;170;40;24;31;23
834.0;20;46;20;36;169;41;25;30;23
840.0;19;46;18;35;171;40;26;29;26
846.0;18;47;20;37;171;45;21;30;21
852.0;21;47;22;33;171;45;22;28;21
858.0;20;49;22;34;171;44;21;31;18
864.0;22;49;25;35;170;43;22;29;15
870.0;22;48;28;33;169;43;25;29;13
876.0;22;48;26;33;168;42;27;28;16
882.0;22;45;28;30;169;37;33;28;18
888.0;20;47;25;30;168;36;34;31;19
894.0;24;45;26;32;166;36;33;29;19
900.0;24;45;28;31;163;35;35;29;20
906.0;21;43;28;33;167;34;33;29;22
912.0;18;44;23;35;168;36;35;30;21
918.0;21;45;23;33;167;36;31;32;22
924.0;24;43;22;32;166;37;32;33;21
930.0;24;42;19;34;167;35;36;33;20
936.0;24;43;21;34;166;37;31;34;20
942.0;26;41;21;35;165;39;28;35;20
948.0;28;44;20;35;168;38;26;36;15
954.0;27;47;20;35;169;35;27;35;15
960.0;25;52;16;36;168;34;27;36;16
966.0;20;52;19;36;170;35;24;35;19
972.0;21;52;20;37;167;34;23;37;19
978.0;21;56;21;35;167;34;23;35;18
984.0;17;54;20;39;168;38;20;37;17
990.0;17;52;19;40;168;37;20;40;17
996.0;15;53;20;42;168;31;19;42;20
1002.0;14;53;19;42;169;32;18;41;22
1008.0;13;53;21;40;172;33;18;38;22
1014.0;14;53;19;39;172;33;19;38;23
1020.0;16;54;16;36;174;34;21;36;23
1026.0;14;52;18;38;174;35;17;37;25
1032.0;12;52;18;40;175;34;17;37;25
1038.0;11;51;17;41;176;34;17;38;25
1044.0;10;50;18;41;177;35;18;39;22
1050.0;13;49;17;39;178;33;20;38;23
1056.0;12;47;16;38;177;36;18;41;25
1062.0;17;45;13;44;176;33;19;42;21
1068.0;14;46;14;43;175;33;17;44;24
1074.0;13;46;15;41;177;35;16;46;21
1080.0;14;44;14;40;175;39;18;46;20
1086.0;14;49;15;40;175;38;17;43;19
1092.0;12;49;15;42;179;35;16;43;19
1098.0;13;47;15;39;180;37;18;41;20
1104.0;13;44;18;39;183;34;17;41;21
1110.0;13;44;14;41;184;33;19;40;22
1116.0;12;44;17;40;182;36;20;40;19
1122.0;14;45;18;39;184;36;17;40;17
1128.0;14;45;16;38;181;38;19;41;18
1134.0;13;42;17;38;182;37;19;43;19
1140.0;14;41;17;35;182;40;19;45;17
1146.0;15;43;18;33;182;39;18;45;17
1152.0;18;43;20;35;181;36;17;43;17
1158.0;16;43;18;40;184;36;17;40;16
1164.0;14;45;19;36;185;36;19;40;16
1170.0;13;44;24;38;182;33;18;40;18
1176.0;15;44;28;36;181;36;17;38;15
1182.0;15;43;28;35;183;36;18;37;15
1188.0;17;44;29;35;181;35;18;38;13
1194.0;16;41;30;34;182;37;21;37;12
1200.0;13;42;27;35;184;36;23;36;14
1206.0;14;42;22;40;180;35;23;38;16
1212.0;17;44;20;43;181;32;20;35;18
1218.0;19;41;19;44;178;32;22;36;19
1224.0;20;40;19;44;179;34;24;34;16
1230.0;22;41;23;41;180;33;24;30;16
1236.0;21;42;23;42;181;31;23;31;16
1242.0;23;39;25;40;183;33;21;31;15
1248.0;20;37;20;38;183;32;26;36;18
1254.0;19;37;19;38;185;30;24;38;20
1260.0;19;38;16;38;184;31;24;38;22
1266.0;18;38;18;38;184;32;23;38;21
1272.0;19;40;17;39;185;33;23;36;18
1278.0;19;40;18;39;181;36;24;35;18
1284.0;19;42;17;40;182;34;21;38;17
1290.0;19;43;19;38;180;33;19;40;19
1296.0;20;42;21;41;182;32;16;39;17
1302.0;23;43;21;38;184;35;15;37;14
1308.0;20;46;18;38;183;36;18;36;15
1314.0;19;47;18;38;181;38;19;36;14
1320.0;17;46;17;37;184;39;18;36;16
1326.0;16;48;16;38;184;38;18;40;12
1332.0;17;47;19;37;183;36;18;40;13
1338.0;17;47;17;40;184;36;17;42;10
1344.0;15;47;14;41;184;35;20;43;11
1350.0;16;46;13;39;186;34;20;44;12
1356.0;17;47;14;37;184;30;25;43;13
1362.0;17;48;12;35;185;33;23;43;14
1368.0;20;47;12;36;184;33;24;42;12
1374.0;20;47;13;34;186;31;24;43;12
1380.0;19;48;12;32;187;31;24;43;14
1386.0;19;46;11;34;192;28;24;44;12
1392.0;17;46;12;39;190;31;22;42;11
1398.0;18;40;15;37;192;32;22;39;15
1404.0;18;41;14;37;190;32;21;41;16
1410.0;15;44;15;38;189;35;16;42;16
1416.0;14;43;13;39;191;36;17;40;17
1422.0;16;44;15;37;189;38;15;39;17
1428.0;17;45;17;36;186;38;15;38;18
1434.0;17;47;16;36;192;36;14;36;16
1440.0;18;49;16;35;190;34;14;41;13
1446.0;18;46;19;34;188;35;14;41;15
1452.0;18;42;20;35;189;34;17;40;15
1458.0;18;45;21;35;188;33;19;39;12
1464.0;17;43;22;34;191;33;24;35;11
1470.0;16;43;22;35;194;31;21;37;11
1476.0;17;42;20;35;195;33;22;34;12
1482.0;16;35;20;34;198;34;23;36;14
1488.0;15;34;19;35;198;37;20;37;15
1494.0;17;32;18;34;198;36;21;36;18
1500.0;19;32;19;33;196;35;21;36;19
1506.0;18;35;19;33;196;35;21;36;17
1512.0;19;35;18;33;196;37;20;36;16
1518.0;19;37;16;33;194;39;19;35;18
1524.0;19;35;19;35;194;38;16;36;18
1530.0;21;36;16;36;196;36;14;38;17
1536.0;20;40;18;33;201;34;14;36;14
1542.0;21;40;18;33;200;32;13;35;18
1548.0;18;42;17;33;201;32;13;36;18
1554.0;18;43;15;35;202;28;13;37;19
1560.0;17;46;17;36;201;27;11;35;20
1566.0;18;44;20;35;202;26;10;34;21
1572.0;17;45;21;35;200;25;12;34;21
1578.0;17;43;21;33;203;27;13;33;20
1584.0;16;44;20;31;204;28;12;33;22
1590.0;17;44;21;31;204;26;11;33;23
1596.0;19;44;21;31;204;26;11;32;22
1602.0;21;44;24;29;202;26;11;33;20
1608.0;18;47;23;29;202;28;12;33;18
1614.0;18;47;28;29;202;26;13;30;17
1620.0;20;44;28;31;206;25;12;28;16
1626.0;17;46;27;28;208;27;9;28;20
1632.0;17;44;25;28;209;30;9;29;19
1638.0;16;42;21;28;211;31;10;31;20
1644.0;12;44;22;27;210;31;12;33;19
1650.0;13;45;18;30;208;32;11;32;21
1656.0;12;46;17;31;210;31;11;31;21
1662.0;12;47;16;32;209;28;10;33;23
1668.0;15;48;15;30;208;27;10;34;23
1674.0;15;47;18;31;203;29;11;35;21
1680.0;16;47;17;31;199;33;10;38;19
1686.0;16;43;17;34;200;31;9;39;21
1692.0;16;43;19;33;199;31;9;39;21
1698.0;16;43;20;30;199;32;9;38;23
1704.0;17;42;20;32;201;31;9;38;20
1710.0;15;41;16;32;202;33;12;39;20
1716.0;17;40;16;31;201;33;12;38;22
1722.0;16;41;16;30;201;31;13;41;21
1728.0;18;41;17;29;199;34;14;40;18
1734.0;18;39;18;29;200;30;17;41;18
1740.0;17;40;19;31;199;29;16;43;16
1746.0;17;38;19;30;197;28;19;44;18
1752.0;16;35;23;28;196;28;19;42;23
1758.0;18;33;23;28;193;27;20;43;25
1764.0;18;33;25;32;192;23;18;46;23
1770.0;16;36;22;34;191;25;18;45;23
1776.0;20;33;21;34;191;23;17;45;26
1782.0;17;32;23;34;192;24;18;45;25
1788.0;16;35;22;36;189;24;19;43;26
1794.0;15;36;20;35;191;23;22;42;26
