#auto generated file!
12.0;24;15;25;22;26;21;16;22;19
18.0;21;17;23;22;26;23;19;23;16
24.0;22;19;22;22;29;23;17;22;14
30.0;22;22;21;21;32;22;17;20;13
36.0;19;19;19;25;33;24;16;21;14
42.0;16;19;17;25;36;25;17;20;15
48.0;16;19;16;26;37;26;19;18;13
54.0;16;20;16;27;37;25;19;18;12
60.0;15;20;18;29;36;27;17;18;10
66.0;14;19;18;29;38;30;16;15;11
72.0;15;19;16;30;41;25;17;17;10
78.0;15;19;14;31;41;26;16;17;11
84.0;16;18;13;31;41;25;18;18;10
90.0;17;18;13;31;41;24;18;19;9
96.0;17;20;13;30;43;24;16;18;9
102.0;14;19;17;26;44;25;17;18;10
108.0;10;21;18;26;46;26;16;17;10
114.0;12;22;16;26;46;27;15;16;10
120.0;13;22;17;27;47;28;11;16;9
126.0;11;23;15;27;47;29;13;15;10
132.0;12;23;13;27;48;30;12;15;10
138.0;11;24;13;27;50;31;11;14;9
144.0;8;22;12;27;51;33;13;13;11
150.0;8;21;12;27;51;32;14;14;11
156.0;6;21;12;27;55;31;14;12;12
162.0;6;22;15;27;53;29;15;11;12
168.0;5;22;14;26;56;30;15;11;11
174.0;9;21;15;23;57;29;14;11;11
180.0;9;21;15;25;55;30;13;11;11
186.0;10;24;13;22;56;31;13;11;10
192.0;10;24;14;22;57;30;13;13;7
198.0;9;25;14;23;57;31;12;11;8
204.0;9;26;14;23;57;31;10;12;8
210.0;10;26;11;21;56;31;11;15;9
216.0;13;25;9;21;56;31;11;15;9
222.0;13;24;9;20;56;33;11;15;9
228.0;13;23;10;22;56;31;10;15;10
234.0;11;22;12;22;58;31;8;15;11
240.0;10;21;13;22;58;32;9;15;10
246.0;10;20;15;24;61;27;10;14;9
252.0;12;17;15;24;60;25;12;15;10
258.0;11;16;14;27;62;23;12;16;9
264.0;10;15;14;27;62;24;13;15;10
270.0;9;14;11;28;64;23;13;18;10
276.0;8;14;9;28;64;25;13;20;9
282.0;7;15;9;30;65;23;12;20;9
288.0;7;15;12;29;65;22;12;19;9
294.0;6;14;12;29;64;22;11;25;7
300.0;7;18;9;28;63;24;12;23;6
306.0;8;17;7;29;65;25;10;22;7
312.0;8;16;9;27;66;24;9;22;9
318.0;8;18;12;26;65;20;9;22;10
324.0;9;18;12;26;65;19;9;23;9
330.0;10;17;13;25;67;19;8;21;10
336.0;8;19;12;27;66;19;8;21;10
342.0;9;19;12;25;67;19;10;19;10
348.0;9;20;11;26;67;21;8;19;9
354.0;11;22;10;26;67;21;7;15;11
360.0;11;23;10;26;67;20;7;14;12
366.0;14;24;11;26;65;18;6;13;13
372.0;14;24;11;26;64;19;7;13;12
378.0;14;22;12;24;62;25;5;12;14
384.0;14;21;11;25;62;25;4;13;15
390.0;14;19;10;23;63;25;5;13;18
396.0;11;20;8;21;64;23;8;15;20
402.0;11;20;10;22;65;22;7;15;18
408.0;11;19;11;21;66;24;8;14;16
414.0;11;19;12;21;65;25;8;14;15
420.0;8;20;15;19;66;26;7;15;14
426.0;9;19;16;19;65;23;7;17;15
432.0;9;18;15;21;64;23;8;17;15
438.0;7;19;15;22;64;22;7;18;16
444.0;7;20;15;23;63;23;6;15;18
450.0;7;21;16;22;63;22;4;15;20
456.0;7;22;16;23;63;25;4;12;18
462.0;7;23;14;21;62;24;8;11;20
468.0;6;21;15;23;63;24;10;11;17
474.0;5;24;14;23;61;27;10;12;14
480.0;5;23;13;22;63;29;8;12;15
486.0;4;23;14;21;64;29;7;13;15
492.0;2;23;12;21;66;29;8;12;17
498.0;2;22;13;21;66;29;8;13;16
504.0;4;21;15;22;67;26;6;14;15
510.0;4;21;14;19;68;25;7;17;15
516.0;5;22;13;17;66;26;8;17;16
522.0;4;22;12;18;67;26;9;16;16
528.0;4;24;13;19;69;24;10;14;13
534.0;4;23;13;18;69;24;12;12;15
540.0;5;25;14;19;70;23;10;11;13
546.0;5;27;14;16;70;23;10;11;14
552.0;5;24;12;17;71;23;11;11;16
558.0;5;21;12;18;72;23;8;14;17
564.0;4;21;11;18;72;24;9;15;16
570.0;4;20;10;18;71;25;10;15;17
576.0;3;19;10;18;71;24;10;17;18
582.0;3;19;11;17;71;25;9;17;18
588.0;4;20;11;19;70;24;9;18;15
594.0;4;19;10;20;70;23;10;19;15
600.0;4;18;9;20;72;25;10;18;14
606.0;3;16;9;22;72;24;10;20;14
612.0;3;18;9;22;71;24;8;20;15
618.0;3;19;10;23;72;24;9;19;11
624.0;4;19;11;21;72;25;7;20;11
630.0;6;19;11;22;74;24;5;18;11
636.0;7;17;9;21;74;24;5;21;12
642.0;6;17;11;21;77;23;3;19;13
648.0;5;16;11;19;77;24;5;19;14
654.0;6;16;10;20;77;25;5;19;12
660.0;8;16;10;18;77;22;5;20;14
666.0;8;17;10;17;77;22;5;20;14
672.0;9;16;9;19;77;23;6;19;12
678.0;9;16;11;18;77;22;7;16;14
684.0;9;18;10;17;76;22;8;16;14
690.0;9;17;11;17;77;22;8;17;12
696.0;10;15;9;14;76;24;10;19;13
702.0;10;16;10;15;76;25;9;18;11
708.0;10;16;10;13;75;27;9;18;12
714.0;12;20;11;11;74;28;8;17;9
720.0;13;20;12;11;70;29;9;17;9
726.0;13;19;14;13;70;27;10;16;8
732.0;12;18;13;13;71;28;9;18;8
738.0;13;19;12;12;71;30;7;18;8
744.0;12;18;10;11;73;30;7;19;10
750.0;12;18;11;13;75;27;7;18;9
756.0;12;18;11;12;76;28;8;16;9
762.0;12;16;10;15;75;28;8;16;10
768.0;12;18;9;15;75;27;8;16;10
774.0;12;19;7;17;76;28;8;14;9
780.0;11;18;8;17;75;29;10;15;7
786.0;11;16;10;16;76;29;9;14;9
792.0;11;18;8;16;76;30;9;14;8
798.0;10;17;9;16;77;29;9;15;8
804.0;9;18;9;16;79;26;10;15;8
810.0;9;19;7;17;78;26;10;15;9
816.0;9;18;8;14;77;28;10;17;9
822.0;8;18;7;13;79;25;13;17;10
828.0;8;18;7;13;78;22;15;18;11
834.0;8;18;6;14;79;21;14;19;11
840.0;9;21;6;15;78;18;13;20;10
846.0;8;21;6;15;77;19;14;20;10
852.0;8;22;6;14;78;20;12;19;11
858.0;10;23;7;15;79;19;11;18;8
864.0;10;23;9;15;78;20;10;17;8
870.0;7;25;8;16;78;21;11;16;8
876.0;7;23;10;16;79;21;12;16;6
882.0;7;23;10;16;77;21;13;17;6
888.0;9;21;10;17;76;22;13;16;6
894.0;8;22;10;17;76;22;13;15;7
900.0;8;19;9;18;77;22;14;15;8
906.0;8;20;9;20;78;20;12;15;8
912.0;9;18;10;20;78;19;13;16;7
918.0;9;17;9;21;79;18;14;17;6
924.0;10;18;9;19;78;19;14;17;6
930.0;10;18;8;19;79;20;12;18;6
936.0;10;19;9;18;79;20;13;18;4
942.0;8;18;9;20;79;20;13;19;4
948.0;9;16;9;18;79;20;14;19;6
954.0;8;15;8;18;81;20;16;19;5
960.0;9;17;8;18;79;21;14;19;5
966.0;10;17;6;19;79;19;14;19;7
972.0;11;15;6;19;80;20;13;19;7
978.0;12;14;9;18;79;21;13;16;8
984.0;9;16;9;19;76;21;16;15;9
990.0;7;16;10;19;76;22;16;16;8
996.0;9;15;10;19;75;21;17;16;8
1002.0;10;14;11;19;73;21;16;17;9
1008.0;11;15;10;18;73;22;17;16;8
1014.0;11;15;12;20;72;23;17;13;7
1020.0;11;16;12;21;72;22;17;11;8
1026.0;10;13;12;23;72;23;17;14;6
1032.0;9;13;10;24;73;21;21;13;6
1038.0;9;13;9;25;74;18;22;13;7
1044.0;10;15;8;24;74;17;21;15;6
1050.0;9;17;9;27;74;16;18;14;6
1056.0;9;18;10;26;75;14;17;14;7
1062.0;9;20;10;25;76;14;14;15;7
1068.0;10;23;8;27;75;13;13;14;7
1074.0;10;22;9;27;76;14;11;15;6
1080.0;11;22;9;25;77;14;12;13;7
1086.0;12;20;9;24;77;16;11;13;8
1092.0;15;19;9;24;78;17;9;11;8
1098.0;14;19;9;23;79;16;8;14;8
1104.0;12;20;10;22;79;16;7;14;10
1110.0;12;19;10;22;77;17;10;14;9
1116.0;13;17;9;20;80;17;11;13;10
1122.0;13;18;8;23;79;18;8;13;10
1128.0;14;18;7;24;79;16;8;14;10
1134.0;12;19;8;23;78;16;10;13;11
1140.0;11;19;5;24;77;18;10;14;12
1146.0;9;16;6;25;79;17;10;17;11
1152.0;9;16;3;29;78;16;9;16;14
1158.0;9;19;4;27;77;17;9;15;13
1164.0;9;20;6;26;78;18;7;18;8
1170.0;8;21;8;27;78;17;5;16;10
1176.0;6;23;9;25;80;19;4;14;10
1182.0;8;21;9;26;77;22;6;12;9
1188.0;8;21;10;23;78;22;5;12;11
1194.0;7;19;8;23;80;21;6;15;11
1200.0;7;18;9;24;79;20;6;15;12
1206.0;9;16;9;28;79;19;7;13;10
1212.0;8;16;8;30;79;19;8;14;8
1218.0;8;16;6;30;82;19;8;14;7
1224.0;10;18;6;27;82;17;7;15;8
1230.0;9;18;5;28;84;17;7;15;7
1236.0;8;18;6;27;85;17;7;15;7
1242.0;8;18;6;25;86;18;6;17;6
1248.0;7;18;6;22;87;19;8;17;6
1254.0;8;17;6;22;89;20;8;15;5
1260.0;8;17;5;23;89;19;8;16;5
1266.0;8;15;7;22;90;19;8;16;5
1272.0;10;16;7;22;88;18;9;15;5
1278.0;12;17;8;21;85;18;9;14;6
1284.0;10;17;6;25;85;18;10;13;6
1290.0;10;15;7;25;83;18;9;16;7
1296.0;10;15;5;25;85;18;9;15;8
1302.0;10;16;5;23;84;17;13;14;8
1308.0;10;13;6;22;84;17;15;16;7
1314.0;8;15;8;22;83;17;12;16;9
1320.0;8;16;8;21;85;17;11;16;8
1326.0;8;19;8;20;85;18;11;14;7
1332.0;8;21;10;17;84;18;10;15;7
1338.0;10;20;9;17;84;18;10;14;8
1344.0;10;19;9;17;82;18;10;15;10
1350.0;12;16;10;20;82;17;7;15;11
1356.0;10;17;10;20;84;16;7;15;11
1362.0;9;17;10;21;85;15;6;16;11
1368.0;7;18;10;19;87;15;8;13;13
1374.0;7;17;8;19;87;14;9;16;13
1380.0;7;18;7;19;86;15;9;16;13
1386.0;6;17;9;17;86;17;9;16;13
1392.0;6;16;10;18;85;17;9;18;11
1398.0;9;17;10;18;82;17;10;17;10
1404.0;8;16;12;16;82;17;10;17;12
1410.0;9;18;10;17;81;18;10;17;10
1416.0;11;19;9;17;82;17;9;16;10
1422.0;12;19;7;18;79;18;8;15;14
1428.0;13;21;8;17;78;17;7;15;14
1434.0;14;20;7;19;77;19;6;16;12
1440.0;13;20;7;19;77;18;7;16;13
1446.0;13;21;5;19;77;19;6;18;12
1452.0;15;18;5;18;78;19;5;19;13
1458.0;12;18;5;19;77;20;6;19;14
1464.0;16;18;5;19;76;19;7;18;12
1470.0;11;19;6;17;77;18;8;20;14
1476.0;13;17;6;15;80;17;8;21;13
1482.0;13;16;7;16;78;18;6;21;15
1488.0;14;17;5;15;79;19;6;21;14
1494.0;15;18;6;15;78;21;5;18;14
1500.0;18;17;6;14;79;20;5;18;13
1506.0;18;16;6;14;81;19;5;19;12
1512.0;16;16;5;15;83;19;5;18;13
1518.0;16;16;5;17;81;20;6;17;12
1524.0;13;18;5;17;80;20;7;18;12
1530.0;12;19;6;18;78;20;7;17;13
1536.0;15;21;4;16;78;21;5;17;13
1542.0;14;21;4;16;80;21;4;17;13
1548.0;14;21;4;17;79;21;4;18;12
1554.0;12;19;4;17;81;19;7;18;13
1560.0;10;19;5;16;81;20;6;20;13
1566.0;9;18;6;17;82;19;5;21;13
1572.0;9;18;5;16;81;19;6;21;15
1578.0;8;20;8;17;82;18;5;20;12
1584.0;8;19;7;17;80;18;7;21;13
1590.0;9;17;7;19;79;17;8;21;13
1596.0;8;18;6;18;80;17;8;19;16
1602.0;8;17;7;19;81;16;9;19;14
1608.0;6;17;7;20;82;16;10;19;13
1614.0;6;17;7;22;81;16;9;20;12
1620.0;7;16;8;21;82;17;9;19;11
1626.0;5;18;7;20;79;19;10;18;14
1632.0;4;18;7;23;81;20;8;18;11
1638.0;3;17;7;23;80;21;10;18;11
1644.0;4;18;6;23;78;22;10;19;10
1650.0;5;17;6;23;80;22;10;18;9
1656.0;4;19;7;22;80;22;10;17;9
1662.0;4;20;7;20;81;21;11;16;10
1668.0;4;18;7;21;82;21;10;17;10
1674.0;6;18;7;25;82;21;10;14;7
1680.0;7;20;7;23;82;20;11;14;6
1686.0;8;19;6;23;83;19;10;15;7
1692.0;8;20;6;22;81;19;9;17;8
1698.0;9;19;6;21;81;19;8;18;9
1704.0;8;19;6;20;81;19;11;18;8
1710.0;7;18;5;21;83;20;11;17;8
1716.0;8;16;5;22;85;20;11;16;7
1722.0;9;16;4;23;85;21;10;15;7
1728.0;10;16;5;24;85;21;10;14;5
1734.0;11;18;4;24;85;20;8;15;5
1740.0;12;16;5;24;85;20;5;16;7
1746.0;13;14;5;26;84;19;6;16;7
1752.0;12;14;6;27;83;17;7;16;8
1758.0;12;14;5;26;84;16;7;17;9
1764.0;12;14;7;25;84;16;7;17;8
1770.0;10;13;7;26;86;16;6;17;9
1776.0;9;14;8;26;83;15;6;18;11
1782.0;9;14;10;25;83;14;7;19;9
1788.0;9;14;10;24;81;15;8;20;9
1794.0;9;14;11;24;79;17;8;19;9
