#auto generated file!
12.0;46;43;54;60;62;53;41;49;52
18.0;45;43;52;61;68;50;39;50;52
24.0;42;41;51;59;73;52;38;51;53
30.0;43;42;49;59;78;59;34;51;45
36.0;46;47;44;56;82;58;32;50;45
42.0;42;50;39;60;85;61;32;52;39
48.0;39;52;38;61;89;58;32;52;39
54.0;38;49;34;66;93;61;28;52;39
60.0;44;47;35;65;93;60;30;48;38
66.0;36;50;30;62;96;61;36;50;39
72.0;32;49;31;59;101;60;34;53;41
78.0;29;52;33;59;101;60;33;53;40
84.0;27;48;34;56;103;62;37;52;41
90.0;26;52;33;58;106;59;37;50;39
96.0;24;50;32;55;109;58;37;55;40
102.0;23;53;30;55;110;58;36;56;39
108.0;24;51;30;52;110;58;39;56;40
114.0;24;54;32;52;113;59;37;53;36
120.0;25;55;34;51;115;57;33;54;36
126.0;26;56;27;53;117;57;33;58;33
132.0;27;56;27;51;119;55;28;62;35
138.0;26;54;26;53;121;54;27;62;37
144.0;26;50;23;53;124;56;26;63;39
150.0;27;49;23;53;128;56;25;63;36
156.0;28;51;22;53;130;56;23;59;38
162.0;32;52;24;50;133;54;20;60;35
168.0;29;53;24;45;136;53;25;60;35
174.0;27;51;21;47;140;52;27;59;36
180.0;26;52;21;46;137;57;25;59;37
186.0;27;53;19;44;138;59;26;60;34
192.0;25;56;18;44;139;59;26;62;31
198.0;24;52;17;46;139;63;28;63;28
204.0;24;54;18;46;147;56;28;63;24
210.0;22;52;21;48;148;57;27;60;25
216.0;24;50;24;46;149;57;28;55;27
222.0;25;55;20;48;150;54;25;54;29
228.0;26;56;21;51;151;56;22;53;24
234.0;27;57;21;49;153;56;24;50;23
240.0;29;57;23;46;152;55;25;52;21
246.0;28;55;24;44;153;54;27;52;23
252.0;27;48;26;43;156;54;32;55;19
258.0;26;46;25;44;156;56;32;57;18
264.0;26;50;24;41;156;55;29;59;20
270.0;25;49;24;40;159;55;31;59;18
276.0;26;49;24;38;160;55;32;55;21
282.0;26;48;24;33;159;59;33;57;21
288.0;24;45;26;36;162;58;35;54;20
294.0;22;44;24;39;168;58;32;53;20
300.0;21;48;19;39;168;58;30;57;20
306.0;21;48;20;40;166;58;27;58;22
312.0;23;51;22;40;166;52;24;59;23
318.0;26;53;21;39;168;49;23;58;23
324.0;27;52;20;38;167;46;27;58;25
330.0;29;55;22;37;166;46;26;55;24
336.0;29;53;21;38;166;48;24;55;26
342.0;28;54;19;36;168;49;23;57;26
348.0;29;56;19;36;169;45;22;56;28
354.0;27;55;18;40;172;46;24;49;29
360.0;25;56;16;43;169;48;24;50;29
366.0;23;56;20;44;171;48;24;49;25
372.0;29;57;20;43;174;45;23;49;20
378.0;29;55;19;48;174;44;24;49;18
384.0;26;55;20;48;179;44;24;45;19
390.0;33;52;18;46;178;44;25;44;20
396.0;31;51;18;44;178;44;26;47;21
402.0;29;52;17;45;177;44;26;48;22
408.0;26;54;21;44;178;40;27;46;24
414.0;25;57;19;48;181;38;24;45;23
420.0;25;60;15;51;181;38;20;47;23
426.0;23;62;16;51;179;38;22;46;23
432.0;23;60;15;48;182;39;24;45;24
438.0;22;64;15;46;181;36;27;43;26
444.0;19;68;15;47;181;36;26;42;26
450.0;24;63;15;47;182;37;24;42;26
456.0;22;64;15;47;185;36;24;42;25
462.0;25;63;14;48;182;36;24;43;25
468.0;23;63;15;50;181;36;23;45;24
474.0;24;61;17;49;178;39;21;46;25
480.0;21;60;18;50;181;41;24;43;22
486.0;20;54;18;56;181;42;24;46;19
492.0;24;51;17;51;185;44;25;47;16
498.0;24;47;15;54;184;45;26;47;18
504.0;20;46;17;55;184;47;24;49;18
510.0;20;42;17;54;190;47;21;50;19
516.0;21;40;16;57;192;47;20;51;16
522.0;20;37;18;57;196;47;20;49;16
528.0;24;39;19;57;195;47;18;50;11
534.0;21;41;17;58;196;48;18;48;13
540.0;20;38;13;60;198;48;18;50;15
546.0;19;39;13;61;197;50;17;46;18
552.0;20;40;13;58;196;49;15;49;20
558.0;21;37;11;57;198;49;13;52;22
564.0;21;38;9;54;199;50;12;55;22
570.0;18;40;12;53;204;51;15;49;18
576.0;15;38;17;53;202;51;17;48;19
582.0;16;42;15;59;200;49;10;48;21
588.0;16;43;14;59;199;49;10;51;19
594.0;17;45;13;58;198;47;10;52;20
600.0;16;48;11;53;198;46;14;51;23
606.0;17;48;13;50;197;46;15;50;24
612.0;17;48;15;48;199;43;15;47;28
618.0;15;49;16;45;199;42;16;49;29
624.0;17;52;15;45;200;38;15;49;29
630.0;18;52;12;46;200;36;17;48;31
636.0;16;51;12;47;201;37;19;46;31
642.0;17;50;14;52;195;37;18;47;30
648.0;19;49;16;48;191;37;22;48;30
654.0;18;48;17;47;192;38;23;48;29
660.0;19;47;19;47;190;40;24;45;29
666.0;19;45;16;48;193;41;22;47;29
672.0;19;46;15;49;195;37;21;49;29
678.0;18;50;16;46;198;39;21;48;24
684.0;20;50;15;42;199;43;23;46;22
690.0;18;51;15;41;201;44;24;46;20
696.0;20;47;15;42;203;44;22;46;21
702.0;22;48;16;40;201;44;23;45;21
708.0;22;45;15;43;203;44;25;41;22
714.0;23;45;16;45;202;42;24;41;22
720.0;24;46;15;43;201;41;28;38;24
726.0;29;43;17;41;203;44;27;38;18
732.0;31;44;18;42;202;43;28;36;16
738.0;33;42;18;45;201;42;27;36;16
744.0;33;44;17;45;201;41;24;36;19
750.0;31;45;15;44;202;43;23;35;22
756.0;28;44;17;45;203;43;23;33;24
762.0;28;44;18;48;202;39;22;34;25
768.0;29;45;18;44;203;41;22;35;23
774.0;29;44;21;41;204;44;23;34;20
780.0;27;43;21;40;205;43;27;33;21
786.0;31;41;22;41;201;43;23;38;20
792.0;26;41;23;38;204;44;24;40;20
798.0;23;42;25;40;204;39;25;42;20
804.0;24;41;25;40;203;36;25;45;21
810.0;19;40;25;40;208;37;25;45;21
816.0;20;41;25;43;208;36;22;43;22
822.0;20;40;24;39;209;39;22;44;23
828.0;23;39;28;36;207;41;20;41;25
834.0;21;42;25;38;205;42;21;41;25
840.0;23;42;26;38;204;44;22;37;24
846.0;23;43;30;40;204;42;21;34;23
852.0;25;40;28;41;206;41;19;35;25
858.0;21;39;28;41;207;40;21;37;26
864.0;20;40;30;40;206;42;18;38;26
870.0;15;41;30;39;207;40;18;39;31
876.0;15;41;28;39;209;39;15;40;34
882.0;16;40;28;40;208;39;14;43;32
888.0;18;36;30;43;208;38;15;42;30
894.0;17;36;28;44;211;41;11;43;29
900.0;19;37;26;43;209;40;13;45;28
906.0;20;39;26;40;207;38;13;49;28
912.0;22;40;27;41;207;38;12;48;25
918.0;24;43;23;40;204;39;13;50;24
924.0;25;41;22;37;208;39;14;49;25
930.0;24;40;20;39;208;38;15;50;26
936.0;22;39;21;41;211;34;15;50;27
942.0;22;35;23;40;210;32;20;51;27
948.0;22;36;23;37;210;33;17;52;30
954.0;20;35;24;37;209;34;18;54;29
960.0;20;39;23;37;208;31;21;53;28
966.0;20;41;23;37;207;33;21;52;26
972.0;13;41;21;35;213;38;20;52;27
978.0;15;41;23;34;214;37;18;53;25
984.0;15;41;22;34;216;38;18;53;23
990.0;15;39;23;35;217;35;18;56;22
996.0;12;39;21;35;214;37;18;60;24
1002.0;13;40;23;37;212;39;18;56;22
1008.0;15;37;22;39;213;37;17;60;20
1014.0;15;35;19;41;214;38;17;62;19
1020.0;19;32;20;39;216;35;21;59;19
1026.0;21;32;21;40;213;36;21;56;20
1032.0;23;35;20;40;214;33;22;55;18
1038.0;20;38;23;40;214;34;22;51;18
1044.0;19;36;22;42;216;30;22;53;20
1050.0;20;36;22;41;214;28;23;55;21
1056.0;20;37;24;42;211;30;22;53;21
1062.0;20;40;24;43;206;30;21;51;25
1068.0;20;41;25;44;206;30;20;50;24
1074.0;22;40;27;47;205;26;20;53;20
1080.0;23;41;23;48;206;25;20;51;23
1086.0;22;41;21;50;205;25;18;55;23
1092.0;23;41;20;50;208;23;18;56;21
1098.0;24;39;20;49;206;28;19;57;18
1104.0;25;38;19;52;205;30;18;55;18
1110.0;25;39;19;55;206;30;17;53;16
1116.0;22;40;20;54;207;29;15;56;17
1122.0;24;42;20;52;210;27;14;55;16
1128.0;24;43;19;53;208;30;14;52;17
1134.0;23;44;20;53;211;28;15;50;16
1140.0;24;43;18;52;210;30;17;52;14
1146.0;22;42;18;52;209;34;17;52;14
1152.0;20;45;19;48;209;34;17;52;16
1158.0;21;45;19;45;207;36;17;55;15
1164.0;22;44;21;44;210;37;14;50;18
1170.0;24;41;22;46;206;38;16;47;20
1176.0;20;41;23;45;206;36;20;48;21
1182.0;23;42;24;44;203;36;20;48;20
1188.0;22;44;24;46;204;38;16;48;18
1194.0;22;47;23;46;205;40;15;46;16
1200.0;26;49;23;45;204;39;14;45;15
1206.0;24;49;20;48;202;41;14;46;16
1212.0;24;48;20;46;202;39;19;46;16
1218.0;24;47;20;46;201;38;18;47;19
1224.0;26;45;21;44;201;39;22;43;19
1230.0;27;43;23;41;203;41;23;46;13
1236.0;26;41;24;40;205;41;24;47;12
1242.0;28;41;25;39;204;39;21;47;16
1248.0;30;43;24;40;204;38;18;47;16
1254.0;24;44;24;38;206;38;21;51;14
1260.0;22;45;24;36;208;38;21;48;18
1266.0;22;47;22;37;208;39;23;47;15
1272.0;24;48;21;37;208;40;21;44;17
1278.0;24;47;21;37;208;36;20;49;18
1284.0;21;49;20;36;209;37;22;50;16
1290.0;19;46;22;36;211;43;18;50;15
1296.0;18;45;22;36;213;41;18;51;16
1302.0;18;44;18;35;212;49;18;49;17
1308.0;20;38;19;38;208;53;17;50;17
1314.0;22;39;20;45;209;49;14;44;18
1320.0;23;40;20;45;208;49;16;43;16
1326.0;25;39;23;44;205;49;15;44;16
1332.0;22;39;23;43;207;50;17;44;15
1338.0;19;39;22;44;207;50;16;45;18
1344.0;21;37;20;44;206;49;18;48;17
1350.0;21;34;21;42;206;49;22;49;16
1356.0;23;35;22;43;201;52;22;47;15
1362.0;23;34;24;41;202;50;23;48;15
1368.0;22;33;24;42;207;48;23;46;15
1374.0;20;34;26;42;207;47;22;45;17
1380.0;17;36;26;45;206;47;20;46;17
1386.0;16;34;25;44;204;44;23;50;20
1392.0;16;36;26;44;205;41;23;49;20
1398.0;16;36;25;44;204;40;25;48;22
1404.0;16;38;24;46;205;39;26;45;21
1410.0;20;37;19;44;208;40;23;47;22
1416.0;23;40;14;44;207;42;19;50;21
1422.0;22;41;16;44;206;42;23;43;23
1428.0;24;41;14;42;209;40;27;40;23
1434.0;24;42;13;43;207;44;25;38;24
1440.0;23;43;15;45;206;41;26;38;23
1446.0;25;44;13;42;206;43;26;38;23
1452.0;24;42;15;40;206;44;28;39;22
1458.0;20;42;17;36;208;41;27;42;27
1464.0;19;42;19;36;205;42;29;43;25
1470.0;20;46;20;37;204;42;29;37;25
1476.0;21;41;18;42;207;41;26;36;28
1482.0;21;40;21;42;210;37;24;37;28
1488.0;22;41;21;42;211;38;23;36;26
1494.0;23;39;21;42;211;39;22;37;26
1500.0;23;39;22;42;208;34;22;41;29
1506.0;27;36;23;40;209;33;24;41;27
1512.0;29;36;21;42;208;37;23;41;23
1518.0;28;33;21;42;206;41;24;42;23
1524.0;28;32;21;41;207;42;23;46;20
1530.0;29;32;21;43;209;41;23;43;19
1536.0;29;32;25;41;210;41;23;43;16
1542.0;29;33;22;36;216;41;23;43;17
1548.0;27;35;23;36;216;41;24;43;15
1554.0;27;33;21;35;217;40;24;45;18
1560.0;24;27;22;35;219;41;29;42;21
1566.0;27;25;20;34;218;45;31;39;21
1572.0;27;26;21;34;220;45;28;38;21
1578.0;29;25;21;34;222;45;23;41;20
1584.0;28;29;18;32;227;43;21;41;21
1590.0;24;31;18;32;228;43;21;42;21
1596.0;24;29;19;31;228;42;25;39;23
1602.0;23;31;19;33;227;42;25;37;23
1608.0;24;32;18;36;226;41;23;37;23
1614.0;22;32;18;33;225;41;24;40;25
1620.0;23;35;18;32;225;43;21;41;22
1626.0;26;33;18;36;224;42;17;42;22
1632.0;25;33;17;35;224;42;16;40;28
1638.0;24;33;16;35;224;44;15;39;30
1644.0;23;34;19;36;223;47;12;36;30
1650.0;24;34;20;32;224;48;11;38;29
1656.0;21;33;20;34;229;48;11;38;26
1662.0;19;32;21;36;231;49;9;39;24
1668.0;19;35;21;33;232;47;12;39;22
1674.0;21;33;20;33;233;48;11;38;23
1680.0;20;34;20;33;231;50;12;37;23
1686.0;22;36;19;30;234;51;14;32;22
1692.0;18;38;22;31;233;47;14;35;22
1698.0;16;37;20;33;233;46;15;39;21
1704.0;16;35;19;34;233;48;14;41;20
1710.0;17;36;17;38;232;46;12;43;19
1716.0;19;32;14;43;234;46;12;41;19
1722.0;13;34;14;40;234;45;15;41;24
1728.0;16;34;19;38;233;44;14;39;23
1734.0;15;33;16;40;235;44;15;37;25
1740.0;16;34;16;38;235;40;16;39;26
1746.0;18;35;15;35;236;41;15;40;25
1752.0;17;32;16;35;239;40;14;41;26
1758.0;18;31;17;34;240;39;15;40;26
1764.0;17;31;17;35;239;44;16;39;22
1770.0;17;31;18;34;240;43;16;40;21
1776.0;15;28;17;35;242;43;17;41;22
1782.0;16;29;15;32;244;42;15;45;22
1788.0;18;29;14;31;244;42;14;45;23
1794.0;17;29;15;33;245;39;17;43;22
