#auto generated file!
12.0;54;50;51;50;46;44;37;49;39
18.0;50;52;52;48;49;45;37;51;36
24.0;49;51;49;49;54;44;39;50;35
30.0;43;53;49;50;57;44;36;50;38
36.0;44;53;45;51;56;45;35;53;38
42.0;43;52;42;56;57;47;30;56;37
48.0;40;56;42;56;60;49;30;51;36
54.0;40;54;42;58;63;46;32;52;33
60.0;39;52;40;60;65;45;33;51;35
66.0;38;55;39;57;65;47;34;53;32
72.0;42;51;37;59;69;45;29;52;36
78.0;41;49;36;56;71;51;26;55;35
84.0;41;48;38;54;72;53;24;54;36
90.0;43;52;40;49;74;51;25;52;34
96.0;42;51;37;51;76;50;25;52;36
102.0;39;52;36;54;77;49;26;50;37
108.0;36;52;33;56;79;52;22;52;38
114.0;39;51;30;58;82;52;21;50;37
120.0;41;50;31;57;84;53;23;49;32
126.0;36;49;31;57;87;52;26;48;34
132.0;36;50;29;57;90;55;23;50;30
138.0;38;52;29;54;90;57;20;50;30
144.0;38;53;27;54;92;55;20;52;29
150.0;39;50;26;56;99;52;21;50;27
156.0;39;48;24;51;100;53;22;53;30
162.0;38;48;24;52;102;53;21;53;29
168.0;37;49;23;52;99;57;21;53;29
174.0;36;51;25;51;98;56;23;53;27
180.0;34;51;26;53;98;58;23;50;27
186.0;33;51;27;50;102;57;19;50;31
192.0;32;51;28;51;104;54;19;49;32
198.0;32;52;28;53;104;55;19;50;27
204.0;28;50;31;53;107;56;19;50;26
210.0;32;48;26;53;110;57;19;49;26
216.0;31;50;29;49;113;51;22;52;23
222.0;31;50;30;46;116;51;17;52;27
228.0;30;49;34;47;117;49;17;52;25
234.0;31;52;33;48;118;48;16;49;25
240.0;29;52;33;46;121;46;17;52;24
246.0;25;54;31;46;122;49;18;52;23
252.0;25;53;30;45;121;50;20;53;23
258.0;22;52;28;44;123;47;24;55;25
264.0;21;46;29;45;126;51;25;54;23
270.0;21;49;28;44;129;50;22;56;21
276.0;23;51;28;45;127;48;23;55;20
282.0;27;52;26;45;128;46;22;52;22
288.0;28;52;21;41;131;47;24;53;23
294.0;24;50;22;40;132;50;25;53;24
300.0;23;50;18;40;133;51;25;54;26
306.0;21;51;16;42;133;49;30;52;26
312.0;20;50;22;42;131;49;27;54;25
318.0;20;46;26;43;131;47;30;53;24
324.0;20;44;27;44;135;48;30;48;24
330.0;23;46;27;43;135;43;29;50;24
336.0;25;49;23;44;134;40;29;52;24
342.0;24;48;23;45;135;38;28;55;24
348.0;26;47;23;47;135;38;26;54;24
354.0;25;48;25;49;135;43;22;52;21
360.0;27;45;25;46;136;44;23;51;23
366.0;26;43;25;46;136;45;23;54;22
372.0;25;42;23;46;137;47;22;54;24
378.0;26;41;24;45;135;47;24;51;27
384.0;26;40;26;41;138;48;23;51;27
390.0;25;38;29;43;138;47;25;51;24
396.0;25;38;28;42;141;45;27;50;24
402.0;26;43;27;39;144;44;27;49;21
408.0;25;44;29;40;144;42;25;51;20
414.0;25;45;26;38;147;43;26;49;21
420.0;25;46;26;39;147;43;27;51;16
426.0;25;50;25;38;148;40;28;51;15
432.0;25;55;19;41;148;41;25;53;13
438.0;22;54;20;42;147;41;24;55;15
444.0;24;54;20;46;147;39;20;54;16
450.0;24;51;21;45;147;41;19;56;16
456.0;24;49;22;46;147;40;22;53;17
462.0;24;52;21;43;146;36;22;56;20
468.0;25;51;21;41;149;36;20;55;22
474.0;26;52;17;41;153;36;19;56;20
480.0;23;50;17;40;155;37;20;54;24
486.0;23;46;18;39;159;33;20;58;24
492.0;23;45;19;41;160;31;20;57;24
498.0;18;44;20;41;165;34;20;54;24
504.0;18;46;18;38;169;35;17;54;25
510.0;17;45;18;38;170;36;17;53;26
516.0;16;47;16;37;175;34;17;53;25
522.0;17;47;15;37;176;34;18;51;25
528.0;18;47;14;39;181;33;14;51;23
534.0;19;48;16;40;178;32;14;51;22
540.0;19;49;17;39;178;31;15;50;22
546.0;18;49;19;37;174;34;16;52;21
552.0;18;52;19;38;175;30;17;51;20
558.0;19;52;17;38;175;29;20;49;21
564.0;20;53;18;38;175;29;19;47;21
570.0;17;53;15;38;175;29;24;48;21
576.0;17;51;18;37;176;28;21;48;24
582.0;12;48;23;34;177;32;22;48;24
588.0;9;47;24;37;177;34;18;49;25
594.0;9;46;28;39;177;33;15;48;25
600.0;9;46;27;37;177;34;13;50;27
606.0;13;45;25;34;175;38;16;49;25
612.0;11;45;27;33;174;38;15;50;27
618.0;12;46;24;29;177;37;18;54;23
624.0;11;47;24;29;177;36;16;55;25
630.0;14;48;26;30;180;33;15;50;24
636.0;15;48;25;34;177;30;17;50;24
642.0;16;49;23;30;182;28;17;51;24
648.0;18;47;22;31;184;29;17;49;23
654.0;16;47;20;33;186;28;15;50;25
660.0;14;49;22;31;187;27;15;49;26
666.0;14;48;20;33;187;27;16;51;24
672.0;15;44;19;33;186;31;18;49;25
678.0;14;45;15;36;184;32;23;46;25
684.0;13;45;16;35;185;34;23;46;23
690.0;16;44;14;32;188;35;22;45;24
696.0;22;42;17;31;184;36;22;41;25
702.0;21;42;16;32;181;40;23;41;24
708.0;20;42;17;34;185;40;19;40;23
714.0;19;42;17;32;185;38;19;44;24
720.0;21;42;21;32;184;40;14;47;19
726.0;24;41;20;33;181;40;14;50;17
732.0;24;41;22;32;180;40;11;51;19
738.0;25;40;23;32;181;39;11;48;21
744.0;24;38;23;35;179;39;12;44;26
750.0;23;39;24;37;180;41;12;41;23
756.0;23;37;24;38;184;42;16;36;20
762.0;22;38;21;39;185;42;17;37;19
768.0;18;40;22;35;188;43;18;37;19
774.0;18;40;22;35;188;44;17;37;19
780.0;18;43;18;32;188;43;19;38;21
786.0;19;42;19;34;191;43;18;33;21
792.0;18;41;19;36;191;40;18;34;23
798.0;18;43;18;34;191;37;19;37;23
804.0;17;41;18;36;190;39;23;35;21
810.0;17;39;21;35;192;38;25;35;18
816.0;20;38;20;34;192;38;27;34;17
822.0;20;36;20;34;194;38;27;33;18
828.0;22;34;19;32;193;38;29;34;19
834.0;21;30;21;33;195;39;28;32;21
840.0;23;30;22;33;193;42;28;31;18
846.0;22;30;19;34;192;42;29;34;18
852.0;20;29;17;34;187;48;33;33;19
858.0;24;30;17;32;186;45;30;36;20
864.0;26;30;19;33;185;45;29;35;18
870.0;21;31;18;30;190;48;27;37;18
876.0;21;32;17;29;193;44;25;37;22
882.0;19;31;19;33;193;45;23;36;21
888.0;17;30;20;36;193;47;22;35;20
894.0;18;30;21;37;192;45;23;37;17
900.0;18;29;24;37;191;47;21;35;18
906.0;17;32;25;39;188;47;21;37;14
912.0;17;31;28;38;185;46;21;40;14
918.0;14;32;30;38;184;48;19;40;15
924.0;11;32;30;39;184;48;20;40;16
930.0;11;33;28;37;184;49;21;40;17
936.0;11;34;27;39;183;47;22;41;16
942.0;13;34;26;40;181;47;20;39;20
948.0;13;34;28;39;182;44;21;39;20
954.0;12;35;27;40;182;44;19;39;22
960.0;15;33;29;38;181;45;19;37;23
966.0;18;32;27;38;186;42;17;38;22
972.0;19;33;25;36;187;39;17;42;22
978.0;17;33;27;35;187;40;17;43;21
984.0;17;32;26;33;187;39;17;48;21
990.0;16;34;25;33;189;36;17;51;19
996.0;14;34;29;32;190;36;16;50;19
1002.0;17;31;27;30;189;38;18;51;19
1008.0;14;33;29;28;192;38;20;52;14
1014.0;16;32;25;28;192;39;18;54;16
1020.0;17;28;25;30;194;40;18;48;20
1026.0;16;31;27;30;193;39;19;49;16
1032.0;20;32;22;29;191;36;21;54;15
1038.0;19;34;23;27;189;33;22;60;13
1044.0;19;35;23;29;187;34;20;58;15
1050.0;18;36;19;29;188;34;23;58;15
1056.0;18;38;19;28;189;35;22;57;14
1062.0;19;36;18;31;189;34;22;57;14
1068.0;21;33;19;31;190;32;24;55;15
1074.0;19;33;20;35;190;29;24;54;16
1080.0;19;35;19;34;192;31;23;54;13
1086.0;18;36;16;30;191;32;27;55;15
1092.0;15;35;17;31;190;31;28;53;20
1098.0;16;32;22;32;191;27;27;52;21
1104.0;17;31;23;34;192;28;24;52;19
1110.0;18;28;24;33;193;32;24;51;17
1116.0;19;29;21;35;189;32;28;51;16
1122.0;18;28;20;38;186;32;27;55;16
1128.0;20;30;22;37;184;33;26;54;14
1134.0;23;29;21;38;183;32;25;56;13
1140.0;22;29;21;38;180;34;27;56;13
1146.0;21;32;19;38;181;31;24;56;18
1152.0;18;37;18;36;180;34;24;57;16
1158.0;16;37;17;38;179;35;26;58;14
1164.0;18;41;19;35;179;34;24;56;14
1170.0;16;39;18;36;182;37;23;54;15
1176.0;16;40;17;35;182;37;28;52;13
1182.0;16;38;18;33;182;40;26;51;16
1188.0;18;38;18;33;185;38;26;47;17
1194.0;17;39;20;33;186;33;32;43;17
1200.0;17;39;19;35;186;32;33;41;18
1206.0;16;38;17;37;185;36;30;45;16
1212.0;20;38;18;35;187;35;27;45;15
1218.0;22;36;17;33;187;39;25;48;13
1224.0;21;37;17;32;189;38;24;49;13
1230.0;22;35;17;33;184;42;25;47;15
1236.0;20;36;17;32;186;42;26;48;13
1242.0;22;32;15;30;188;44;27;50;12
1248.0;19;33;15;32;187;44;26;50;14
1254.0;25;34;19;32;184;41;25;46;14
1260.0;25;36;19;32;181;44;22;44;17
1266.0;25;33;22;34;183;45;23;40;15
1272.0;23;33;20;34;183;46;25;43;13
1278.0;20;34;17;36;181;47;26;45;14
1284.0;23;37;19;32;180;46;24;46;13
1290.0;23;39;18;34;178;45;26;45;12
1296.0;24;36;18;37;178;46;25;44;12
1302.0;24;32;19;37;182;45;20;46;15
1308.0;24;31;16;40;181;47;21;46;14
1314.0;23;31;15;43;184;44;21;47;12
1320.0;25;31;20;43;180;43;20;47;11
1326.0;23;33;17;42;183;41;21;49;11
1332.0;25;33;18;38;185;46;19;46;10
1338.0;25;31;20;36;186;46;19;46;11
1344.0;26;29;16;36;188;44;22;46;13
1350.0;27;30;19;35;186;40;19;48;16
1356.0;28;30;18;36;185;38;20;46;19
1362.0;27;30;20;36;183;38;22;45;19
1368.0;26;28;19;39;181;34;21;48;24
1374.0;25;30;19;42;183;34;19;48;20
1380.0;23;29;18;43;181;33;22;48;23
1386.0;20;30;17;41;186;37;21;45;23
1392.0;20;28;17;42;186;40;21;44;22
1398.0;20;29;18;43;185;42;20;43;20
1404.0;24;30;19;40;186;41;21;40;19
1410.0;24;30;19;38;188;43;21;39;18
1416.0;23;29;19;36;189;45;21;40;18
1422.0;21;31;19;37;187;44;20;41;20
1428.0;19;32;21;38;190;44;18;38;20
1434.0;21;32;20;36;191;44;20;38;18
1440.0;22;32;20;36;190;41;24;38;17
1446.0;23;33;19;38;188;43;23;36;17
1452.0;20;35;17;38;185;41;26;39;19
1458.0;17;37;17;39;184;39;29;39;19
1464.0;21;34;16;39;185;40;28;38;19
1470.0;21;33;17;41;182;39;26;41;20
1476.0;23;36;18;41;182;37;24;41;18
1482.0;26;36;19;40;183;32;22;43;19
1488.0;28;35;18;41;185;32;20;43;18
1494.0;24;35;19;44;185;31;22;41;19
1500.0;22;39;18;40;185;34;24;37;21
1506.0;23;37;14;38;188;32;25;37;26
1512.0;23;35;17;36;186;34;26;38;25
1518.0;23;36;17;38;184;31;28;36;27
1524.0;24;33;16;37;186;32;27;36;29
1530.0;21;34;16;40;185;34;26;36;28
1536.0;24;29;17;38;185;32;29;37;29
1542.0;24;32;20;36;185;33;26;37;27
1548.0;25;31;18;40;185;34;22;37;28
1554.0;23;32;21;41;186;33;20;37;27
1560.0;22;32;21;43;186;33;19;40;24
1566.0;22;31;21;42;185;34;20;43;22
1572.0;20;32;21;41;184;35;20;45;22
1578.0;16;31;18;43;187;35;21;47;22
1584.0;19;31;15;36;190;40;19;48;22
1590.0;20;30;16;36;191;41;16;46;24
1596.0;18;29;17;38;191;43;13;46;25
1602.0;17;30;14;42;191;43;11;46;26
1608.0;18;28;14;45;196;43;11;44;21
1614.0;20;29;16;46;196;42;12;44;15
1620.0;22;28;18;44;197;40;12;44;15
1626.0;21;29;19;45;199;37;12;42;16
1632.0;19;33;19;44;198;37;15;40;15
1638.0;18;31;19;44;201;38;17;39;13
1644.0;16;34;18;44;205;38;15;36;14
1650.0;18;31;16;44;207;39;13;38;14
1656.0;16;35;16;45;207;33;14;38;16
1662.0;19;37;16;40;207;33;14;40;14
1668.0;22;41;14;38;207;29;17;39;13
1674.0;24;39;11;40;208;28;18;39;13
1680.0;23;38;11;40;210;30;15;39;14
1686.0;23;41;11;42;205;30;15;38;15
1692.0;22;43;12;37;204;31;16;38;17
1698.0;25;41;12;37;202;30;17;40;16
1704.0;25;41;9;38;201;30;17;39;20
1710.0;24;38;10;39;201;30;18;40;20
1716.0;25;39;12;36;201;29;17;41;20
1722.0;27;40;11;39;199;29;16;39;20
1728.0;22;39;10;44;200;32;15;39;19
1734.0;24;39;13;45;199;31;17;34;18
1740.0;26;37;12;45;202;31;18;32;17
1746.0;27;36;13;41;201;32;22;32;16
1752.0;29;33;14;39;203;31;23;32;16
1758.0;23;36;16;38;205;31;23;34;14
1764.0;24;33;17;37;207;30;22;34;16
1770.0;23;32;16;35;204;31;23;37;19
1776.0;23;31;15;37;204;31;23;37;19
1782.0;21;31;15;38;204;30;24;37;20
1788.0;17;32;16;39;204;29;23;39;21
1794.0;13;32;18;40;203;29;25;39;21
