#auto generated file!
12.0;35;47;38;49;35;45;33;37;41
18.0;32;48;35;50;35;48;33;36;43
24.0;32;50;39;50;35;49;31;30;44
30.0;30;47;39;50;39;49;32;31;43
36.0;33;47;38;46;41;45;36;34;40
42.0;33;45;37;48;42;46;35;35;39
48.0;33;46;38;47;43;46;33;39;35
54.0;30;45;34;50;47;48;34;40;32
60.0;32;44;33;44;49;48;35;40;35
66.0;27;43;33;42;53;48;32;49;33
72.0;29;43;33;44;53;43;30;53;32
78.0;26;41;31;48;53;44;30;49;38
84.0;22;41;32;47;57;45;28;49;39
90.0;20;41;29;49;60;46;27;51;37
96.0;20;44;28;48;62;48;25;52;33
102.0;21;44;25;48;64;49;25;49;35
108.0;20;47;23;46;65;53;25;47;34
114.0;25;49;23;44;65;55;24;45;30
120.0;26;49;24;44;66;57;22;43;29
126.0;22;48;23;48;67;58;20;46;28
132.0;24;51;23;48;68;58;18;46;24
138.0;25;49;26;50;71;54;15;46;24
144.0;26;48;24;51;73;53;18;46;21
150.0;25;50;23;52;74;55;18;43;20
156.0;28;50;21;53;76;55;16;43;18
162.0;29;54;20;53;77;51;17;41;18
168.0;29;55;22;49;74;49;19;42;21
174.0;30;51;21;47;78;50;20;44;19
180.0;29;50;19;45;80;51;22;47;17
186.0;25;51;18;45;81;56;23;45;16
192.0;25;56;15;44;82;55;20;46;17
198.0;24;57;16;45;84;50;21;44;19
204.0;21;60;16;41;89;49;18;47;19
210.0;23;58;18;40;90;48;15;47;21
216.0;24;53;18;37;93;50;14;49;22
222.0;23;53;17;37;94;46;19;49;22
228.0;17;54;16;37;97;41;22;50;26
234.0;14;56;20;39;100;40;16;48;27
240.0;13;55;23;38;102;40;14;47;28
246.0;15;51;23;38;104;40;16;46;27
252.0;15;51;21;39;104;40;16;48;26
258.0;15;51;22;39;105;42;15;46;25
264.0;15;51;21;39;105;44;15;44;26
270.0;17;49;22;37;105;41;15;47;27
276.0;14;51;22;36;107;39;18;46;27
282.0;15;49;22;35;106;44;19;47;23
288.0;15;47;21;35;109;46;19;48;20
294.0;15;47;27;33;108;43;19;46;22
300.0;17;45;25;36;108;40;19;47;23
306.0;18;45;26;35;109;38;21;44;24
312.0;16;47;26;37;108;38;20;45;23
318.0;19;46;27;35;111;35;21;46;20
324.0;20;47;26;35;111;36;19;47;19
330.0;23;47;23;32;113;33;19;49;21
336.0;24;48;23;33;119;32;17;46;18
342.0;24;48;23;33;121;30;17;45;19
348.0;27;45;23;35;121;28;15;50;16
354.0;26;44;24;31;120;28;17;52;18
360.0;24;45;24;31;123;27;16;52;18
366.0;23;44;21;30;125;26;17;53;21
372.0;21;45;22;30;126;24;17;54;21
378.0;23;43;20;28;125;32;19;51;19
384.0;22;43;14;30;124;29;20;54;24
390.0;20;43;13;33;125;30;18;53;25
396.0;20;40;14;36;125;29;19;52;25
402.0;18;40;14;36;125;29;21;53;24
408.0;18;40;15;35;123;32;19;53;25
414.0;17;41;15;37;123;34;18;51;24
420.0;16;42;19;36;124;30;18;52;23
426.0;16;42;21;35;124;30;19;51;22
432.0;14;42;19;34;126;31;16;53;25
438.0;15;42;20;33;125;33;16;50;26
444.0;14;44;20;32;127;34;16;49;24
450.0;12;46;19;31;124;33;20;50;25
456.0;13;45;22;33;123;33;19;51;21
462.0;15;46;21;32;124;35;18;47;22
468.0;20;47;20;29;122;36;19;43;24
474.0;22;43;19;32;123;38;21;41;21
480.0;19;44;18;34;122;38;25;40;20
486.0;21;42;17;32;124;37;28;38;21
492.0;19;43;18;33;124;37;27;37;22
498.0;21;46;17;31;124;36;29;36;20
504.0;20;48;17;31;125;40;27;33;19
510.0;20;48;18;33;124;37;26;33;21
516.0;19;49;15;33;125;40;23;36;20
522.0;14;47;12;36;130;41;22;38;20
528.0;11;47;12;35;131;42;22;40;20
534.0;12;43;15;35;133;38;21;43;20
540.0;14;42;15;36;131;38;23;44;17
546.0;12;42;15;40;133;36;21;43;18
552.0;13;41;15;42;132;38;19;43;17
558.0;13;42;17;41;130;38;17;43;19
564.0;15;41;16;44;129;36;15;44;20
570.0;17;38;15;46;130;35;16;43;20
576.0;18;39;16;45;129;37;15;41;20
582.0;20;36;18;45;131;39;10;40;21
588.0;19;34;18;45;129;40;13;38;24
594.0;17;33;18;44;132;38;13;41;24
600.0;16;34;18;41;133;39;13;41;25
606.0;16;37;20;41;133;41;13;38;21
612.0;21;34;23;39;134;38;14;37;20
618.0;22;35;20;40;136;37;15;37;18
624.0;22;36;20;40;135;38;14;36;19
630.0;22;35;22;40;133;36;16;36;20
636.0;20;35;22;40;134;38;15;34;22
642.0;22;35;20;43;135;34;18;34;19
648.0;24;33;22;42;134;32;18;36;19
654.0;23;34;21;41;135;35;18;34;19
660.0;24;36;20;38;135;36;18;35;18
666.0;21;37;21;37;134;37;20;34;19
672.0;23;36;19;39;138;38;17;33;17
678.0;23;36;16;42;137;38;16;36;16
684.0;25;38;16;44;135;35;16;35;16
690.0;23;36;16;44;137;36;17;35;16
696.0;17;36;15;43;140;38;18;36;17
702.0;21;34;17;44;138;33;19;39;15
708.0;21;33;19;43;138;34;16;35;21
714.0;19;33;19;45;138;34;16;35;21
720.0;19;33;20;46;137;34;16;35;20
726.0;18;34;19;46;137;33;17;34;22
732.0;20;30;24;44;135;36;15;36;20
738.0;17;28;25;46;134;38;14;38;20
744.0;17;29;24;43;135;39;13;37;23
750.0;19;29;23;44;135;40;12;36;22
756.0;21;26;25;46;136;37;11;37;21
762.0;20;25;25;44;138;40;11;35;22
768.0;21;26;25;41;138;42;10;35;22
774.0;24;26;23;38;137;43;11;35;23
780.0;21;23;26;40;136;46;16;34;18
786.0;19;22;25;43;135;46;16;35;19
792.0;19;22;22;43;134;46;16;36;22
798.0;20;22;21;42;133;47;18;37;20
804.0;19;19;22;43;133;48;20;36;20
810.0;20;19;26;44;131;46;18;35;21
816.0;22;21;26;42;132;44;19;35;19
822.0;19;18;25;44;133;45;21;35;20
828.0;18;18;24;45;131;47;23;34;20
834.0;17;19;26;41;134;47;20;33;23
840.0;16;21;27;40;137;42;20;35;22
846.0;16;18;29;40;138;42;23;33;21
852.0;18;21;26;40;135;40;25;36;19
858.0;20;21;25;39;133;38;28;38;18
864.0;20;22;23;40;135;39;24;39;18
870.0;22;24;19;42;136;39;25;38;15
876.0;26;24;19;44;139;39;20;37;12
882.0;26;26;17;43;143;38;21;34;12
888.0;24;26;15;44;144;38;20;34;15
894.0;22;28;17;43;143;36;21;34;16
900.0;19;28;16;44;146;37;22;34;14
906.0;21;28;12;44;146;38;23;34;14
912.0;20;31;10;48;144;37;23;34;13
918.0;20;30;8;49;141;36;25;37;14
924.0;19;31;11;47;140;38;25;35;14
930.0;14;33;10;50;138;41;24;36;14
936.0;14;30;12;50;141;41;21;35;16
942.0;15;28;12;52;142;43;20;31;17
948.0;15;30;13;51;142;43;18;29;19
954.0;15;29;14;45;144;46;19;29;19
960.0;15;31;14;43;144;47;16;32;18
966.0;13;31;17;47;142;45;16;33;16
972.0;17;29;16;46;141;46;15;32;18
978.0;18;31;14;43;141;43;18;31;21
984.0;18;31;12;42;144;42;17;32;22
990.0;17;29;14;45;144;41;18;31;21
996.0;18;28;15;44;146;40;18;32;19
1002.0;21;25;12;42;150;40;18;33;19
1008.0;17;27;11;44;150;39;17;33;22
1014.0;19;26;12;44;148;39;19;31;22
1020.0;20;25;14;43;148;38;19;31;22
1026.0;25;25;13;38;148;37;21;30;23
1032.0;24;22;14;37;150;37;26;28;22
1038.0;22;24;16;37;150;35;23;29;24
1044.0;24;22;13;35;149;37;26;29;25
1050.0;25;24;16;33;149;35;26;25;27
1056.0;27;23;16;34;149;34;25;26;26
1062.0;26;24;16;36;149;31;25;26;27
1068.0;26;24;18;35;149;30;24;27;27
1074.0;25;24;19;34;150;29;25;28;26
1080.0;19;27;19;34;151;32;27;28;23
1086.0;20;29;18;31;152;34;26;26;24
1092.0;19;28;18;31;154;34;26;28;22
1098.0;23;29;19;31;155;30;23;30;20
1104.0;18;27;18;32;154;31;28;33;19
1110.0;21;26;19;36;152;29;26;31;20
1116.0;21;26;18;37;151;30;28;30;19
1122.0;23;27;16;39;153;31;23;30;18
1128.0;21;27;20;40;153;29;21;30;19
1134.0;22;29;21;39;151;30;19;31;18
1140.0;23;29;20;38;151;32;18;32;17
1146.0;24;27;22;41;152;27;17;32;18
1152.0;28;25;20;38;153;28;18;32;18
1158.0;28;25;20;39;152;28;17;32;19
1164.0;26;28;20;36;151;28;18;32;21
1170.0;25;30;17;37;150;27;18;36;20
1176.0;25;30;20;34;149;28;17;38;19
1182.0;26;27;22;35;146;30;14;39;21
1188.0;27;28;17;36;150;28;15;37;22
1194.0;22;27;20;36;151;31;17;35;21
1200.0;22;30;17;39;150;30;18;35;19
1206.0;23;30;18;39;150;30;18;34;18
1212.0;25;29;21;38;150;30;14;35;18
1218.0;19;31;20;40;153;29;14;36;18
1224.0;20;31;17;40;155;28;13;37;19
1230.0;19;31;15;40;156;28;15;38;18
1236.0;19;28;14;42;156;26;18;37;20
1242.0;16;32;16;39;160;24;18;35;20
1248.0;15;34;16;39;159;24;18;36;19
1254.0;18;32;18;37;160;23;19;38;15
1260.0;17;34;18;37;160;23;19;37;15
1266.0;16;34;21;34;163;23;17;35;17
1272.0;16;34;20;31;163;25;17;38;16
1278.0;17;34;22;29;160;28;15;37;18
1284.0;18;33;20;29;160;29;13;37;21
1290.0;20;28;20;28;159;30;16;40;19
1296.0;20;25;16;29;163;30;18;40;19
1302.0;20;25;13;32;164;30;13;41;22
1308.0;22;27;13;29;163;31;12;41;22
1314.0;18;28;13;31;166;30;11;42;21
1320.0;19;28;15;27;165;31;12;41;22
1326.0;19;28;16;30;166;29;8;43;21
1332.0;19;29;16;33;165;29;8;42;19
1338.0;19;31;17;33;164;31;9;40;16
1344.0;19;31;16;32;165;29;9;42;17
1350.0;17;31;18;33;165;28;11;39;18
1356.0;18;33;18;31;166;27;12;39;16
1362.0;18;33;18;33;163;27;13;39;16
1368.0;18;32;20;33;163;29;14;38;13
1374.0;21;33;22;32;162;29;15;33;13
1380.0;23;32;20;33;161;30;16;31;14
1386.0;24;32;18;30;164;33;15;31;13
1392.0;21;32;19;26;166;31;16;33;16
1398.0;20;33;18;24;167;32;18;31;17
1404.0;20;34;18;23;170;29;20;31;15
1410.0;19;34;20;22;169;27;20;31;18
1416.0;16;33;23;23;167;30;19;32;17
1422.0;17;32;21;24;166;29;21;32;18
1428.0;15;33;20;30;163;29;22;32;16
1434.0;15;34;20;32;163;29;19;31;17
1440.0;13;36;20;32;163;29;19;31;17
1446.0;12;37;21;34;166;31;16;31;12
1452.0;15;34;22;33;168;32;14;30;12
1458.0;14;31;24;36;170;28;15;32;10
1464.0;13;31;26;37;170;25;17;29;12
1470.0;13;30;27;40;167;27;18;26;12
1476.0;17;29;26;39;166;28;15;28;12
1482.0;17;28;21;38;165;30;17;31;13
1488.0;14;29;20;38;169;32;17;30;11
1494.0;12;30;18;39;174;32;16;29;10
1500.0;13;30;17;38;175;30;16;29;12
1506.0;14;30;19;41;175;28;15;28;10
1512.0;13;29;21;42;176;27;14;29;9
1518.0;14;29;22;44;175;28;13;25;10
1524.0;12;32;21;45;173;27;14;25;11
1530.0;9;33;19;46;172;30;13;27;11
1536.0;10;30;19;45;175;27;14;29;11
1542.0;11;30;20;46;171;28;15;28;11
1548.0;10;28;19;47;169;30;16;29;12
1554.0;9;27;21;44;166;32;16;30;15
1560.0;9;27;20;44;165;34;15;30;16
1566.0;10;26;22;43;165;35;14;28;17
1572.0;11;27;23;44;164;34;15;25;17
1578.0;10;26;21;42;163;36;16;27;19
1584.0;9;26;18;43;164;36;18;28;18
1590.0;8;28;18;41;163;35;16;29;22
1596.0;7;27;15;43;162;38;17;31;20
1602.0;6;28;14;43;163;38;15;33;20
1608.0;6;25;14;40;163;38;15;35;24
1614.0;8;25;14;40;163;39;17;33;21
1620.0;8;25;15;42;162;40;15;34;19
1626.0;7;26;17;42;160;40;16;34;18
1632.0;7;29;19;40;162;37;18;32;16
1638.0;9;29;17;43;159;37;17;30;19
1644.0;9;29;17;44;157;37;19;29;19
1650.0;11;29;19;42;156;37;20;28;18
1656.0;11;30;21;40;158;38;19;26;17
1662.0;11;29;21;38;161;37;19;28;16
1668.0;11;31;16;40;162;37;19;29;15
1674.0;12;32;15;38;160;39;21;29;14
1680.0;12;33;13;36;160;40;21;31;14
1686.0;14;31;11;35;161;42;24;29;13
1692.0;13;33;13;32;164;39;25;29;12
1698.0;13;36;11;31;163;38;20;31;17
1704.0;13;36;12;30;165;39;18;32;15
1710.0;14;33;11;31;163;42;16;32;18
1716.0;10;35;10;32;161;44;16;31;21
1722.0;9;33;12;31;161;43;18;32;21
1728.0;9;33;10;31;160;46;19;30;22
1734.0;8;33;14;28;159;47;19;29;23
1740.0;7;32;16;30;160;47;18;29;21
1746.0;10;32;14;31;159;45;15;31;23
1752.0;10;34;13;31;159;43;17;31;22
1758.0;10;36;11;32;161;38;16;36;20
1764.0;13;38;10;34;164;35;18;32;16
1770.0;14;37;10;35;164;33;15;34;18
1776.0;16;36;9;36;164;36;14;31;18
1782.0;18;35;10;34;164;35;14;32;18
1788.0;18;31;11;34;163;39;15;31;18
1794.0;17;30;10;35;164;37;16;34;17
