#auto generated file!
12.0;44;41;57;41;36;45;43;45;38
18.0;40;40;57;42;39;46;43;46;37
24.0;39;41;50;38;42;47;42;53;38
30.0;42;41;46;40;42;45;44;55;35
36.0;40;43;45;41;44;46;40;56;35
42.0;41;43;41;40;45;48;40;57;35
48.0;40;43;39;38;46;49;41;57;37
54.0;37;44;38;41;47;52;37;59;35
60.0;36;47;35;42;51;51;37;57;34
66.0;33;44;36;46;53;51;35;57;35
72.0;30;45;39;44;55;50;33;58;36
78.0;31;46;37;46;58;52;32;55;33
84.0;28;49;35;46;60;49;34;56;33
90.0;25;49;36;47;61;50;33;56;33
96.0;25;54;35;46;61;46;32;57;34
102.0;23;53;33;48;64;47;32;58;32
108.0;24;51;31;51;66;46;29;58;34
114.0;24;51;33;47;67;46;33;57;32
120.0;25;49;30;49;67;44;33;56;37
126.0;28;48;28;50;68;51;29;56;32
132.0;26;49;28;48;69;51;28;56;35
138.0;28;49;29;49;72;50;26;54;33
144.0;30;51;31;49;72;48;24;54;31
150.0;30;49;30;52;72;46;25;55;31
156.0;27;52;30;50;74;50;20;54;33
162.0;25;47;29;50;77;49;24;56;33
168.0;25;48;33;45;80;49;26;54;30
174.0;25;48;34;43;83;48;28;50;31
180.0;27;48;35;42;85;48;24;49;32
186.0;31;48;34;40;86;50;23;47;31
192.0;30;51;30;42;85;48;25;45;34
198.0;29;53;27;41;88;48;24;42;38
204.0;28;51;27;40;92;50;24;39;39
210.0;26;48;26;41;95;53;22;40;39
216.0;22;50;29;47;94;52;22;39;35
222.0;25;50;29;47;96;49;24;39;31
228.0;26;48;32;50;99;44;28;42;21
234.0;27;49;31;49;100;47;26;39;22
240.0;28;50;28;46;104;45;28;37;24
246.0;26;49;29;48;106;45;27;33;27
252.0;27;47;30;47;110;42;25;33;29
258.0;28;46;27;49;111;43;26;33;27
264.0;26;46;25;49;114;48;24;31;27
270.0;26;46;26;47;116;45;23;31;30
276.0;26;51;25;48;115;45;22;31;27
282.0;27;50;23;48;116;46;23;32;25
288.0;29;52;22;49;116;46;22;29;25
294.0;22;53;22;49;114;46;25;30;29
300.0;22;53;23;49;116;50;21;30;26
306.0;21;54;26;48;119;47;21;29;25
312.0;17;56;27;46;120;47;22;31;24
318.0;17;57;26;46;120;46;22;31;25
324.0;17;54;25;44;124;46;24;34;22
330.0;16;53;24;45;128;46;22;33;23
336.0;18;49;25;44;129;47;19;35;24
342.0;17;46;24;42;133;49;19;35;25
348.0;19;44;23;43;134;50;17;41;19
354.0;19;45;23;43;137;51;19;39;14
360.0;20;42;21;44;137;50;19;42;15
366.0;19;42;21;42;139;52;18;40;17
372.0;20;44;22;38;140;53;19;38;16
378.0;20;42;20;35;142;54;20;39;18
384.0;19;45;19;34;145;54;19;40;15
390.0;21;43;19;33;146;51;23;38;16
396.0;24;40;20;31;144;56;22;38;15
402.0;19;43;21;30;145;52;24;38;18
408.0;21;44;16;29;149;48;29;38;16
414.0;21;44;16;27;150;51;26;37;18
420.0;18;47;16;26;147;46;26;43;21
426.0;20;42;18;27;150;48;27;40;18
432.0;22;42;15;28;152;45;25;41;20
438.0;21;40;15;29;154;46;25;38;22
444.0;23;34;15;32;153;49;29;37;18
450.0;24;34;16;32;154;49;29;36;16
456.0;25;35;21;32;152;49;24;35;17
462.0;24;33;20;37;150;45;23;39;19
468.0;22;29;24;34;153;42;21;44;21
474.0;26;30;25;33;153;37;20;44;22
480.0;25;29;24;33;156;37;20;43;23
486.0;23;27;23;32;158;37;22;44;24
492.0;22;30;23;31;160;38;19;43;24
498.0;23;29;21;35;158;41;19;40;24
504.0;23;31;20;36;160;39;20;38;23
510.0;24;32;21;36;159;39;19;38;22
516.0;22;34;22;36;159;39;17;41;20
522.0;24;33;22;36;157;40;17;40;21
528.0;21;35;23;34;159;41;15;43;19
534.0;19;34;24;34;159;43;15;44;18
540.0;19;33;24;36;158;44;12;44;20
546.0;18;34;21;38;157;44;13;47;18
552.0;18;36;17;38;160;42;15;45;19
558.0;17;38;17;40;157;42;17;42;20
564.0;17;40;18;38;156;42;14;43;22
570.0;15;39;18;41;157;38;13;47;22
576.0;14;41;20;36;158;38;13;46;24
582.0;16;41;18;37;158;40;12;45;23
588.0;16;41;17;39;158;42;11;42;24
594.0;15;41;16;39;160;41;14;41;23
600.0;15;39;17;40;160;41;14;42;22
606.0;18;37;16;43;163;42;14;40;17
612.0;17;35;16;44;161;43;17;41;16
618.0;22;37;12;43;161;41;17;39;18
624.0;22;36;13;44;164;41;14;38;18
630.0;20;33;13;46;165;43;14;38;18
636.0;21;36;13;44;164;42;12;39;19
642.0;22;36;15;43;162;43;12;39;18
648.0;21;36;14;45;160;43;11;40;20
654.0;21;35;15;44;158;43;13;41;20
660.0;17;37;19;42;160;42;15;40;18
666.0;16;38;17;43;161;42;15;37;21
672.0;18;39;19;39;161;40;16;36;22
678.0;14;42;17;39;161;41;18;33;25
684.0;15;41;15;39;161;40;18;34;27
690.0;16;43;14;41;163;39;20;32;22
696.0;15;40;16;40;166;38;21;31;23
702.0;12;43;16;41;165;37;18;35;23
708.0;15;44;16;39;164;38;14;34;26
714.0;14;43;18;41;162;39;14;35;24
720.0;13;44;17;38;164;41;14;34;25
726.0;12;40;13;36;168;44;19;33;25
732.0;13;36;13;37;167;46;19;33;26
738.0;13;37;11;35;169;46;15;35;29
744.0;15;36;10;39;168;45;17;32;28
750.0;15;37;10;38;170;44;18;32;26
756.0;18;34;12;38;170;41;19;32;26
762.0;18;37;11;36;171;42;19;31;25
768.0;18;36;13;36;175;42;17;29;24
774.0;17;36;14;39;176;41;15;32;20
780.0;21;34;14;40;178;38;16;32;17
786.0;21;33;13;38;180;35;19;34;17
792.0;20;35;13;37;180;32;19;36;18
798.0;17;33;14;39;182;33;16;38;18
804.0;18;38;13;35;184;34;16;33;19
810.0;17;38;14;36;182;32;17;35;19
816.0;16;38;17;37;182;32;14;35;19
822.0;15;38;18;38;181;33;16;37;14
828.0;15;39;17;38;181;33;16;36;15
834.0;14;42;18;37;181;32;17;35;14
840.0;14;42;16;38;184;30;15;35;16
846.0;15;42;16;36;184;30;15;36;16
852.0;10;44;18;37;184;28;16;35;18
858.0;10;43;19;36;184;29;15;36;18
864.0;10;43;19;37;184;28;14;35;20
870.0;7;43;19;36;183;31;12;36;23
876.0;8;42;16;36;185;31;11;37;24
882.0;10;42;17;38;183;29;10;39;22
888.0;12;40;16;41;182;30;10;40;19
894.0;11;41;17;43;182;29;9;41;17
900.0;12;42;18;42;181;26;9;41;19
906.0;15;43;21;42;178;26;8;40;17
912.0;16;41;23;41;176;28;9;40;16
918.0;18;44;21;41;172;30;8;42;14
924.0;20;42;23;41;170;32;7;42;13
930.0;20;41;21;41;170;33;10;42;12
936.0;21;42;21;39;169;33;11;43;11
942.0;18;43;20;42;171;34;12;39;11
948.0;19;42;16;40;173;32;14;42;12
954.0;17;39;18;42;174;30;16;41;13
960.0;17;39;13;46;176;32;17;38;12
966.0;18;38;16;45;174;31;17;38;13
972.0;20;36;13;45;179;31;15;37;14
978.0;18;35;17;44;176;29;18;39;14
984.0;18;35;15;43;176;31;19;40;13
990.0;18;36;14;42;179;31;16;41;13
996.0;21;37;16;42;179;28;13;41;13
1002.0;22;38;16;38;180;24;13;43;16
1008.0;19;38;17;36;177;29;15;45;14
1014.0;17;39;13;32;177;33;19;45;15
1020.0;16;36;16;32;177;34;21;44;14
1026.0;16;36;16;31;179;32;22;45;13
1032.0;16;36;15;33;178;31;22;44;15
1038.0;18;36;15;32;176;31;21;46;15
1044.0;19;34;15;31;174;33;21;48;15
1050.0;17;36;15;31;174;32;20;47;18
1056.0;17;36;14;31;174;34;18;48;18
1062.0;18;39;12;30;173;34;18;50;16
1068.0;17;38;11;33;175;35;18;47;16
1074.0;18;33;11;34;177;35;16;51;15
1080.0;18;32;11;34;177;37;17;49;15
1086.0;16;36;13;32;175;37;17;49;15
1092.0;17;34;16;33;170;38;18;48;16
1098.0;16;34;15;30;173;38;21;44;19
1104.0;16;36;17;27;174;40;19;42;19
1110.0;17;36;17;27;172;40;20;42;19
1116.0;18;35;19;27;170;40;19;43;19
1122.0;17;35;14;28;172;40;19;47;18
1128.0;16;36;12;29;171;41;17;49;19
1134.0;18;34;11;29;171;44;15;50;18
1140.0;23;34;11;31;170;43;14;48;16
1146.0;22;35;12;31;171;42;15;45;17
1152.0;25;37;11;32;169;41;12;45;18
1158.0;26;37;14;34;163;39;14;47;16
1164.0;21;36;14;33;164;38;18;45;21
1170.0;19;36;15;33;165;38;19;46;19
1176.0;19;36;16;33;166;38;18;47;17
1182.0;18;38;17;33;166;34;18;49;17
1188.0;15;37;18;32;169;35;18;49;17
1194.0;18;36;17;33;171;36;15;46;18
1200.0;19;38;18;34;170;35;15;43;18
1206.0;23;37;17;33;168;35;16;43;18
1212.0;22;40;17;34;167;32;16;44;18
1218.0;24;40;19;34;161;31;13;44;24
1224.0;21;39;19;35;161;32;13;47;23
1230.0;20;40;19;38;163;28;12;49;21
1236.0;16;39;22;40;159;33;11;49;21
1242.0;16;39;22;39;157;32;13;50;22
1248.0;18;40;23;41;156;34;12;46;20
1254.0;19;35;20;44;157;34;10;49;22
1260.0;20;32;16;47;159;34;10;49;23
1266.0;20;30;19;46;163;29;13;47;23
1272.0;22;30;18;46;162;29;18;43;22
1278.0;22;31;14;45;158;36;20;43;21
1284.0;26;29;15;45;159;35;22;40;19
1290.0;28;27;16;45;160;34;21;40;19
1296.0;25;31;18;44;160;35;16;41;20
1302.0;23;32;20;41;160;35;14;44;21
1308.0;20;30;20;42;161;34;13;43;27
1314.0;21;31;19;42;162;34;13;41;27
1320.0;21;32;20;40;164;33;13;40;27
1326.0;21;29;19;39;165;32;16;43;26
1332.0;17;32;19;39;170;29;18;42;24
1338.0;19;33;20;38;169;31;20;39;21
1344.0;17;37;22;38;165;32;21;38;20
1350.0;15;35;24;42;166;30;20;35;23
1356.0;16;32;25;45;167;32;20;34;19
1362.0;18;35;23;43;167;33;20;33;18
1368.0;19;33;24;43;166;33;17;34;21
1374.0;18;36;25;44;167;31;12;35;22
1380.0;16;36;22;46;167;31;15;37;20
1386.0;16;32;21;50;164;33;18;37;19
1392.0;17;32;21;50;164;31;21;35;19
1398.0;20;33;18;49;164;30;20;37;19
1404.0;19;31;20;43;164;31;21;40;21
1410.0;17;33;19;41;163;33;24;41;19
1416.0;18;30;18;40;166;35;24;41;18
1422.0;16;29;20;38;168;36;22;42;19
1428.0;18;29;21;38;170;35;21;39;19
1434.0;15;29;22;37;173;38;19;38;19
1440.0;17;29;20;36;173;37;22;33;23
1446.0;17;31;20;36;175;36;21;33;21
1452.0;18;28;17;40;176;39;20;32;20
1458.0;18;31;17;38;178;39;18;31;20
1464.0;17;31;18;37;177;39;18;33;20
1470.0;17;33;16;37;177;41;16;32;21
1476.0;16;34;18;38;177;44;13;29;21
1482.0;17;37;16;38;177;41;13;29;22
1488.0;18;35;16;39;175;42;13;30;22
1494.0;21;35;15;38;174;39;14;35;19
1500.0;17;38;17;39;173;38;15;36;17
1506.0;16;41;14;39;173;36;18;33;20
1512.0;19;40;13;37;173;38;19;35;16
1518.0;19;38;15;35;172;40;21;34;16
1524.0;20;36;17;38;174;40;17;34;14
1530.0;19;38;16;35;172;42;22;34;12
1536.0;18;36;17;35;172;42;22;37;11
1542.0;17;36;17;33;174;41;23;37;12
1548.0;19;40;15;29;178;42;20;35;12
1554.0;19;35;15;32;177;42;20;38;12
1560.0;21;35;18;29;179;42;18;37;11
1566.0;23;31;20;28;179;41;18;38;12
1572.0;21;32;22;30;177;41;19;36;12
1578.0;19;33;18;32;180;42;20;36;10
1584.0;21;34;18;33;180;41;18;36;9
1590.0;22;33;18;32;182;38;24;34;7
1596.0;23;33;19;35;181;38;21;31;9
1602.0;21;30;20;41;180;40;19;32;7
1608.0;21;30;20;43;182;34;19;33;8
1614.0;21;35;21;40;181;31;20;33;8
1620.0;23;34;17;41;182;33;21;31;8
1626.0;19;35;18;39;182;35;23;30;9
1632.0;15;34;19;42;181;36;22;30;11
1638.0;14;34;18;41;182;38;22;29;12
1644.0;14;32;19;40;183;38;23;29;12
1650.0;16;32;18;40;182;37;23;29;13
1656.0;15;32;17;41;182;38;20;31;14
1662.0;13;32;13;42;183;40;21;32;14
1668.0;14;33;11;42;180;41;21;32;16
1674.0;15;33;11;42;181;40;19;34;15
1680.0;17;33;10;43;181;41;19;30;16
1686.0;16;34;12;41;180;40;24;28;15
1692.0;14;36;11;39;183;40;26;28;13
1698.0;10;35;11;42;183;39;27;31;12
1704.0;8;37;14;42;183;36;26;32;12
1710.0;8;38;14;40;184;37;25;31;13
1716.0;8;34;13;41;185;39;22;32;16
1722.0;10;33;14;42;185;38;21;31;16
1728.0;11;32;14;41;184;35;26;32;15
1734.0;12;33;14;41;186;34;24;32;14
1740.0;12;37;12;40;186;36;21;33;13
1746.0;11;38;11;41;185;35;20;34;15
1752.0;14;36;15;38;185;37;20;31;14
1758.0;15;37;12;41;186;34;20;32;13
1764.0;15;40;9;40;185;33;18;34;16
1770.0;17;39;9;38;185;33;18;35;16
1776.0;18;43;12;38;180;32;14;36;17
1782.0;16;44;13;34;182;31;17;36;17
1788.0;16;42;14;33;180;33;16;40;16
1794.0;18;36;12;33;181;32;16;43;19
