#auto generated file!
12.0;44;56;48;59;58;60;63;49;43
18.0;43;58;49;60;60;61;59;48;42
24.0;39;58;46;63;63;66;56;49;40
30.0;39;62;42;64;67;63;57;47;39
36.0;38;60;42;66;70;61;58;48;37
42.0;37;60;45;63;71;61;57;48;38
48.0;38;57;46;59;73;60;55;50;42
54.0;35;56;49;56;78;59;50;58;39
60.0;31;54;46;59;78;62;52;59;39
66.0;32;55;44;60;81;59;53;60;36
72.0;32;52;46;58;82;63;54;59;34
78.0;37;55;47;58;83;58;50;63;29
84.0;38;51;42;60;86;58;49;64;32
90.0;38;53;39;60;92;58;48;62;30
96.0;39;57;38;56;97;56;45;66;26
102.0;40;55;39;58;97;54;45;65;27
108.0;43;58;38;56;100;56;42;63;24
114.0;46;57;37;52;101;56;39;63;29
120.0;45;55;39;56;100;54;39;63;29
126.0;44;52;37;54;104;56;39;62;32
132.0;45;56;32;49;106;58;41;62;31
138.0;48;58;28;53;113;53;34;64;29
144.0;44;58;28;53;113;55;34;63;32
150.0;44;58;29;54;116;55;32;59;33
156.0;45;56;32;53;118;53;34;57;32
162.0;41;55;32;56;120;56;35;55;30
168.0;39;51;28;58;121;58;37;58;30
174.0;39;52;29;58;124;59;32;57;30
180.0;37;50;29;59;125;59;32;56;33
186.0;37;54;29;59;126;59;31;54;31
192.0;35;56;26;60;130;56;29;56;32
198.0;34;57;28;58;129;59;29;58;28
204.0;34;60;29;61;133;54;24;59;26
210.0;31;59;32;63;133;53;24;60;25
216.0;30;56;34;64;132;52;23;61;28
222.0;26;56;35;61;132;54;24;62;30
228.0;26;60;33;59;135;50;30;60;27
234.0;25;64;27;61;138;47;29;63;26
240.0;25;61;27;60;140;48;28;65;26
246.0;26;62;28;57;140;48;26;66;27
252.0;28;60;30;58;140;48;26;63;27
258.0;28;58;29;58;145;48;28;60;26
264.0;32;56;27;53;145;50;28;61;28
270.0;29;54;31;54;144;50;25;63;30
276.0;31;50;28;55;148;49;25;63;31
282.0;34;48;31;56;148;53;24;61;25
288.0;32;48;33;57;145;55;22;61;27
294.0;30;50;30;57;148;59;21;58;27
300.0;30;50;26;60;149;59;20;60;26
306.0;29;51;24;61;150;55;20;62;28
312.0;28;54;23;61;151;56;17;62;28
318.0;28;51;25;61;152;58;15;60;30
324.0;26;49;23;63;155;58;16;63;27
330.0;24;50;20;63;158;59;16;62;28
336.0;26;50;19;65;160;53;17;59;31
342.0;26;51;17;65;162;54;16;57;32
348.0;30;48;19;65;164;51;18;54;31
354.0;27;49;20;65;168;50;19;52;30
360.0;27;50;19;65;167;48;23;50;31
366.0;29;51;21;64;168;46;22;49;30
372.0;30;52;20;63;174;42;22;49;28
378.0;28;53;19;64;177;40;20;50;29
384.0;27;52;24;63;176;43;22;50;23
390.0;22;49;26;59;180;46;21;53;24
396.0;23;48;27;55;180;45;21;53;28
402.0;21;50;26;55;179;46;25;51;27
408.0;20;50;28;54;180;45;25;49;29
414.0;18;45;26;55;182;46;29;49;30
420.0;18;48;26;54;182;46;28;51;27
426.0;20;50;23;53;182;46;29;50;27
432.0;20;53;19;53;181;48;31;51;24
438.0;19;55;20;54;181;51;26;53;21
444.0;26;54;19;55;184;52;25;48;17
450.0;24;53;18;57;185;51;25;48;19
456.0;21;53;18;58;183;51;27;49;20
462.0;22;50;22;52;183;49;29;49;24
468.0;24;47;23;57;180;47;28;48;26
474.0;24;49;27;57;179;45;27;46;26
480.0;25;47;25;59;176;50;24;48;26
486.0;25;48;26;59;177;46;24;51;24
492.0;25;46;24;63;177;48;24;48;25
498.0;25;44;25;62;175;50;28;45;26
504.0;23;42;23;62;182;52;30;39;27
510.0;20;43;23;62;185;51;26;42;28
516.0;19;45;25;61;185;53;23;39;30
522.0;19;48;25;63;184;51;20;41;29
528.0;16;47;21;62;183;55;21;44;31
534.0;15;47;23;61;182;55;20;45;32
540.0;15;48;24;59;179;58;20;47;30
546.0;16;48;21;59;177;58;20;47;34
552.0;17;48;22;59;177;56;20;48;33
558.0;19;46;21;58;176;59;22;49;30
564.0;25;45;21;53;176;58;22;48;32
570.0;20;47;19;53;181;58;21;51;30
576.0;17;47;22;55;182;60;19;48;30
582.0;18;46;23;53;183;62;18;47;30
588.0;19;48;26;54;185;59;18;46;25
594.0;21;48;24;53;186;56;18;47;27
600.0;20;49;23;54;185;57;21;46;25
606.0;20;48;22;56;188;58;21;43;24
612.0;20;48;23;54;185;54;21;46;29
618.0;21;47;22;55;183;53;25;46;28
624.0;22;47;24;56;185;52;23;44;27
630.0;20;46;27;53;183;54;27;46;24
636.0;17;50;27;54;182;54;27;46;23
642.0;18;46;23;55;184;58;26;47;23
648.0;22;49;22;54;186;53;25;49;20
654.0;20;48;22;54;187;53;26;50;20
660.0;19;47;24;55;187;53;22;51;22
666.0;18;50;23;50;186;55;26;50;22
672.0;18;47;24;49;190;57;25;51;19
678.0;17;48;24;51;191;56;23;51;19
684.0;17;50;25;49;191;57;23;48;20
690.0;16;49;27;51;192;55;23;49;18
696.0;17;50;28;51;190;56;23;48;17
702.0;19;51;26;49;189;56;25;47;18
708.0;20;49;25;46;187;58;28;49;18
714.0;20;47;25;46;190;59;25;51;17
720.0;17;49;27;49;188;57;20;49;24
726.0;18;49;30;48;190;55;17;50;23
732.0;19;46;31;48;190;56;15;52;23
738.0;20;47;26;47;192;59;15;53;21
744.0;16;48;28;45;195;61;17;48;22
750.0;17;48;24;45;197;58;17;50;24
756.0;20;47;19;44;202;57;23;45;23
762.0;19;44;17;46;201;56;24;47;26
768.0;20;44;18;46;204;53;25;45;25
774.0;23;43;19;43;203;52;24;46;27
780.0;23;43;21;49;201;51;22;45;25
786.0;28;41;24;50;200;46;22;45;24
792.0;28;38;24;54;199;46;21;46;24
798.0;28;38;23;54;200;46;23;45;23
804.0;25;39;24;54;199;45;23;47;24
810.0;23;39;20;52;199;48;26;48;25
816.0;22;40;22;50;202;50;25;47;22
822.0;25;38;21;52;205;49;26;46;18
828.0;21;37;21;53;205;51;28;46;18
834.0;26;39;25;52;202;47;25;45;19
840.0;28;40;26;48;199;48;29;43;19
846.0;33;42;22;51;199;45;28;46;14
852.0;33;40;21;51;199;45;27;48;16
858.0;31;40;18;51;198;44;28;53;17
864.0;30;44;13;50;201;43;28;52;19
870.0;34;46;12;46;200;44;24;54;20
876.0;36;45;13;48;196;42;23;57;20
882.0;37;45;14;48;199;41;21;56;19
888.0;33;48;14;48;199;39;21;55;23
894.0;32;48;15;47;201;39;21;54;23
900.0;34;50;14;47;199;42;20;52;22
906.0;32;49;15;45;199;47;20;53;20
912.0;32;46;16;46;199;46;19;53;23
918.0;32;49;16;47;199;45;18;51;23
924.0;30;50;17;41;198;46;21;49;28
930.0;29;48;20;46;196;44;19;49;29
936.0;27;50;21;48;193;42;19;48;32
942.0;26;45;21;50;195;43;20;48;32
948.0;25;41;22;49;198;45;19;51;30
954.0;24;41;22;50;198;44;22;48;31
960.0;26;41;22;53;197;45;19;43;34
966.0;28;40;24;54;195;48;14;44;33
972.0;24;42;23;57;197;46;13;47;31
978.0;30;38;27;56;197;46;13;43;30
984.0;29;36;30;60;195;45;13;41;31
990.0;30;36;28;61;195;46;12;43;29
996.0;25;36;31;61;195;46;13;44;29
1002.0;24;37;32;62;194;44;13;46;28
1008.0;22;38;30;58;195;48;13;47;29
1014.0;23;39;33;59;196;48;12;43;27
1020.0;25;39;35;55;199;50;9;42;26
1026.0;24;39;33;52;200;47;12;45;28
1032.0;24;41;31;52;198;46;12;47;29
1038.0;21;40;32;50;201;47;12;48;29
1044.0;24;38;28;51;205;49;16;43;26
1050.0;27;39;30;52;203;50;14;42;23
1056.0;26;39;29;52;202;53;17;41;21
1062.0;27;44;30;58;201;51;12;38;19
1068.0;23;42;30;59;205;53;13;37;18
1074.0;24;41;27;61;206;52;15;37;17
1080.0;27;41;30;57;207;48;15;36;19
1086.0;25;42;29;55;207;49;18;36;19
1092.0;26;40;30;56;206;49;16;36;21
1098.0;29;42;29;55;208;48;15;35;19
1104.0;27;39;29;54;213;47;16;35;20
1110.0;27;41;26;54;216;46;14;38;18
1116.0;27;40;26;55;215;44;13;40;20
1122.0;26;39;27;54;220;42;15;39;18
1128.0;24;39;29;53;221;41;14;39;20
1134.0;28;41;26;50;225;41;17;35;17
1140.0;32;36;25;47;227;42;15;38;18
1146.0;30;36;23;48;226;45;17;38;17
1152.0;32;39;20;49;224;44;18;37;17
1158.0;32;45;19;50;221;43;16;39;15
1164.0;29;44;20;50;221;45;18;40;13
1170.0;28;45;21;48;222;43;18;42;13
1176.0;26;48;20;49;222;43;20;39;13
1182.0;28;48;23;48;219;42;21;36;15
1188.0;28;47;23;48;220;42;24;36;12
1194.0;29;43;22;48;219;46;26;37;10
1200.0;28;42;22;45;221;47;25;35;15
1206.0;29;41;22;42;221;49;26;33;17
1212.0;28;41;18;40;221;50;29;35;18
1218.0;27;43;23;42;221;49;26;32;17
1224.0;29;41;25;45;223;51;23;30;13
1230.0;26;44;26;50;222;49;21;29;13
1236.0;27;42;26;49;222;48;21;29;16
1242.0;25;39;27;44;224;51;20;33;17
1248.0;26;39;23;44;227;51;22;29;19
1254.0;26;39;23;44;224;53;20;32;19
1260.0;26;41;23;45;223;53;17;34;18
1266.0;27;45;22;42;222;54;15;34;19
1272.0;25;45;24;41;223;51;16;34;21
1278.0;25;41;23;44;222;52;18;33;22
1284.0;27;40;23;42;221;56;19;31;21
1290.0;26;40;23;47;221;57;16;28;22
1296.0;27;41;21;48;220;54;16;34;19
1302.0;26;41;20;48;221;51;17;37;19
1308.0;23;39;19;50;220;55;20;35;19
1314.0;23;37;21;54;220;55;16;31;23
1320.0;24;38;24;50;220;57;14;29;24
1326.0;23;39;22;49;222;58;13;31;23
1332.0;22;41;24;44;224;54;15;34;22
1338.0;22;41;23;45;221;53;12;40;23
1344.0;21;45;24;44;218;52;15;41;20
1350.0;16;43;23;44;218;55;16;43;22
1356.0;17;41;23;47;218;54;17;41;22
1362.0;16;43;24;46;216;55;18;40;22
1368.0;17;45;27;46;216;52;18;39;20
1374.0;17;42;25;44;217;55;17;42;21
1380.0;19;43;26;44;217;56;16;41;18
1386.0;19;42;21;42;218;54;19;41;24
1392.0;21;39;22;40;216;51;20;41;30
1398.0;21;41;22;41;219;52;17;41;26
1404.0;20;40;27;37;219;50;18;40;29
1410.0;21;39;22;40;220;51;21;38;28
1416.0;20;43;22;38;219;53;20;39;26
1422.0;19;43;24;37;218;53;19;40;27
1428.0;21;39;23;40;218;51;19;43;26
1434.0;22;40;21;41;218;50;21;42;25
1440.0;21;39;22;40;220;48;23;42;25
1446.0;18;41;19;41;222;49;25;41;24
1452.0;18;41;23;39;223;52;23;38;23
1458.0;18;42;24;41;223;52;22;36;22
1464.0;16;44;23;39;224;52;22;39;21
1470.0;18;45;21;37;222;53;24;38;22
1476.0;19;46;19;34;224;50;29;35;24
1482.0;18;49;17;38;225;47;27;35;24
1488.0;18;50;21;39;224;46;25;34;23
1494.0;16;49;23;39;223;46;26;36;22
1500.0;12;48;28;39;219;49;27;37;21
1506.0;16;47;29;38;219;48;26;35;22
1512.0;14;47;26;41;219;49;28;35;21
1518.0;16;48;26;43;219;46;26;36;20
1524.0;18;49;21;41;216;48;28;36;23
1530.0;18;48;20;40;219;44;29;40;22
1536.0;18;46;20;40;217;45;29;42;23
1542.0;20;45;19;40;219;44;31;38;24
1548.0;17;43;18;42;220;45;31;40;24
1554.0;16;45;15;42;219;44;32;43;24
1560.0;17;47;20;40;218;41;29;43;25
1566.0;16;48;20;40;223;39;28;41;25
1572.0;19;48;19;40;224;40;29;38;23
1578.0;19;46;18;40;223;44;29;38;23
1584.0;15;45;17;43;224;46;30;35;25
1590.0;17;41;17;46;222;47;33;37;20
1596.0;15;43;20;47;223;48;29;37;18
1602.0;16;40;20;48;222;48;27;39;20
1608.0;17;41;20;50;224;45;25;39;19
1614.0;16;42;23;49;222;48;22;40;18
1620.0;18;41;23;48;222;46;21;41;20
1626.0;20;37;24;47;225;47;19;42;19
1632.0;17;42;24;44;225;47;20;41;20
1638.0;18;41;22;42;229;49;19;40;20
1644.0;20;39;22;44;230;47;19;37;22
1650.0;17;39;21;43;228;49;21;40;22
1656.0;18;37;22;42;228;48;23;41;21
1662.0;15;41;22;44;229;46;21;43;19
1668.0;17;40;21;42;232;46;22;42;18
1674.0;21;40;21;41;230;51;19;39;18
1680.0;23;43;21;39;231;49;15;41;18
1686.0;24;43;20;38;229;51;13;44;18
1692.0;22;40;20;39;230;52;13;44;20
1698.0;24;40;20;39;228;52;14;43;20
1704.0;23;41;21;38;224;55;14;43;21
1710.0;25;41;18;38;225;56;13;44;20
1716.0;27;42;18;39;226;55;12;39;22
1722.0;24;42;18;41;231;51;10;39;24
1728.0;23;42;18;40;233;52;10;38;24
1734.0;21;41;23;39;229;53;12;38;24
1740.0;20;42;23;41;228;52;13;37;24
1746.0;21;42;22;43;226;49;17;35;25
1752.0;22;37;26;40;226;51;20;34;24
1758.0;21;36;24;43;227;51;18;33;27
1764.0;24;38;22;41;228;49;19;30;29
1770.0;22;35;23;40;232;49;19;31;29
1776.0;23;34;20;44;234;49;15;33;28
1782.0;25;35;22;40;236;49;16;32;25
1788.0;21;37;22;42;236;46;19;33;24
1794.0;20;38;27;37;237;44;20;33;24
