#auto generated file!
12.0;32;28;32;34;41;35;24;34;30
18.0;32;29;34;34;41;38;22;34;26
24.0;30;30;35;32;44;36;24;34;25
30.0;28;31;33;31;45;37;24;37;24
36.0;31;31;32;31;45;35;26;39;20
42.0;29;29;28;33;45;36;29;41;20
48.0;28;28;28;29;48;41;33;37;18
54.0;26;28;29;30;49;40;31;39;18
60.0;29;26;30;29;50;39;31;37;19
66.0;30;26;27;30;51;39;29;37;21
72.0;28;28;26;30;51;39;29;38;21
78.0;27;26;30;32;54;37;26;39;19
84.0;29;25;29;33;57;36;24;40;17
90.0;27;25;29;34;61;34;19;41;20
96.0;27;26;27;34;63;35;19;42;17
102.0;24;25;25;36;67;36;18;45;14
108.0;24;25;25;36;66;35;19;47;13
114.0;25;23;23;36;68;32;24;45;14
120.0;26;22;21;36;70;33;23;47;12
126.0;21;27;23;36;71;31;22;46;13
132.0;20;24;25;35;71;32;24;45;14
138.0;20;27;25;36;72;32;21;43;14
144.0;22;26;24;38;73;31;19;43;14
150.0;22;26;20;36;76;33;19;42;16
156.0;22;27;19;36;76;39;20;37;14
162.0;24;27;19;39;76;41;16;35;13
168.0;22;28;19;39;79;41;14;34;14
174.0;21;27;19;39;83;39;15;35;12
180.0;22;26;20;40;85;38;12;35;12
186.0;24;28;20;41;84;36;9;36;12
192.0;26;33;24;42;82;35;8;30;10
198.0;28;32;23;41;84;33;11;30;8
204.0;26;33;24;41;82;33;12;32;7
210.0;23;34;23;38;86;34;10;33;9
216.0;21;33;23;39;86;32;10;34;12
222.0;20;33;23;39;85;32;12;34;12
228.0;21;32;21;39;87;29;12;36;13
234.0;19;33;22;36;86;28;13;37;16
240.0;17;35;19;35;90;26;17;35;16
246.0;19;37;18;35;91;26;15;34;15
252.0;17;35;18;34;89;26;15;41;15
258.0;15;36;17;32;92;26;16;42;14
264.0;14;34;20;29;89;29;17;41;17
270.0;12;35;19;29;89;31;16;43;16
276.0;11;34;21;28;92;31;18;42;13
282.0;11;33;22;26;94;32;16;41;15
288.0;14;29;20;28;94;32;15;43;15
294.0;13;28;21;30;93;31;17;42;15
300.0;17;27;18;31;95;29;17;41;15
306.0;19;24;18;30;94;29;20;41;15
312.0;20;25;17;28;96;28;20;41;15
318.0;20;26;18;27;96;30;18;39;16
324.0;22;27;15;28;98;31;16;37;16
330.0;20;27;14;27;97;32;15;39;19
336.0;19;26;14;27;97;31;15;41;20
342.0;19;26;16;25;98;30;14;42;20
348.0;18;26;17;26;99;31;14;41;18
354.0;15;24;18;25;100;34;13;43;18
360.0;17;27;17;25;99;34;11;43;17
366.0;13;29;16;25;99;34;11;45;18
372.0;13;29;15;25;100;36;10;43;19
378.0;16;28;16;24;99;35;12;42;18
384.0;18;29;18;25;99;33;13;40;15
390.0;17;29;19;23;97;33;18;40;14
396.0;15;31;21;23;92;33;20;39;16
402.0;15;33;19;26;95;30;20;35;17
408.0;15;32;18;27;97;31;19;34;17
414.0;15;30;16;27;97;35;18;36;16
420.0;15;31;16;28;99;34;17;34;16
426.0;19;30;17;28;98;33;15;34;16
432.0;18;29;16;29;97;33;17;35;16
438.0;17;30;13;29;101;32;16;35;17
444.0;17;29;14;29;102;32;16;35;16
450.0;17;28;15;28;106;33;13;35;15
456.0;17;26;17;28;108;33;14;33;14
462.0;14;24;15;28;112;35;15;31;16
468.0;10;23;14;29;112;36;18;31;17
474.0;11;23;17;27;113;36;16;32;15
480.0;10;22;19;29;113;33;15;33;16
486.0;12;22;19;30;110;32;16;33;16
492.0;12;24;18;29;111;33;15;33;15
498.0;12;22;20;26;111;37;15;35;12
504.0;12;23;19;24;113;38;13;32;16
510.0;11;26;17;22;115;39;13;35;12
516.0;11;28;16;22;117;36;14;35;11
522.0;10;30;16;23;117;36;13;33;12
528.0;10;30;17;23;119;34;12;34;11
534.0;10;28;14;27;121;32;11;35;12
540.0;10;30;15;24;120;33;13;35;10
546.0;8;32;16;23;120;32;14;35;10
552.0;7;33;17;21;120;32;12;35;13
558.0;9;31;19;21;120;31;12;35;12
564.0;10;32;17;22;120;31;12;34;12
570.0;12;31;13;22;118;32;12;36;14
576.0;11;32;14;22;118;31;12;37;13
582.0;13;29;12;21;122;32;12;37;12
588.0;13;30;13;22;122;31;12;38;9
594.0;13;30;11;23;124;29;12;37;11
600.0;12;28;13;22;127;28;15;36;9
606.0;8;30;13;24;127;27;15;37;9
612.0;10;30;14;23;126;26;14;36;11
618.0;8;29;14;23;127;26;17;35;11
624.0;9;31;15;21;128;26;16;33;11
630.0;7;29;17;18;129;27;13;36;14
636.0;5;29;18;16;132;27;15;35;13
642.0;9;24;18;15;131;29;15;34;15
648.0;9;25;17;17;132;29;14;33;14
654.0;8;25;14;18;135;29;13;34;14
660.0;10;23;14;18;137;28;12;34;14
666.0;14;23;11;19;136;29;12;32;14
672.0;12;21;14;17;137;30;13;32;14
678.0;13;20;13;16;137;30;13;33;15
684.0;14;19;13;18;136;30;14;31;15
690.0;9;19;14;20;136;32;15;30;15
696.0;9;20;15;20;138;31;14;29;14
702.0;10;20;15;20;140;31;11;29;14
708.0;9;21;14;21;140;31;10;30;14
714.0;7;25;14;22;138;33;7;30;14
720.0;9;25;12;23;138;32;9;31;11
726.0;8;25;12;23;138;34;9;30;11
732.0;10;23;13;23;135;35;9;31;11
738.0;10;19;14;26;134;37;8;31;11
744.0;10;17;14;27;136;35;9;28;14
750.0;9;18;13;27;133;37;11;28;14
756.0;10;18;16;27;130;37;11;29;12
762.0;11;19;15;30;133;35;10;28;9
768.0;8;19;17;28;134;36;10;28;10
774.0;9;18;17;29;136;34;10;27;10
780.0;9;19;16;28;138;33;10;27;10
786.0;10;20;17;28;138;32;10;24;11
792.0;10;19;17;24;139;32;9;24;16
798.0;12;21;18;23;141;30;7;25;13
804.0;10;21;18;24;142;33;6;24;12
810.0;12;23;17;23;142;31;7;24;11
816.0;13;24;15;21;140;29;9;27;12
822.0;14;25;17;22;139;29;8;25;11
828.0;14;25;17;19;138;34;7;26;10
834.0;13;25;17;18;137;37;6;25;12
840.0;13;25;17;18;137;39;6;25;10
846.0;12;24;14;19;138;40;6;26;11
852.0;11;24;15;23;138;38;5;26;10
858.0;11;25;15;27;137;37;4;25;9
864.0;7;23;17;28;137;36;8;24;10
870.0;10;21;17;27;134;36;9;24;12
876.0;10;21;17;29;134;34;10;25;10
882.0;13;23;16;27;133;33;10;24;11
888.0;15;24;17;26;134;30;9;24;11
894.0;14;24;17;27;134;29;12;24;9
900.0;15;22;17;27;133;29;13;24;10
906.0;15;21;16;30;136;27;11;26;8
912.0;14;22;16;27;138;27;12;24;10
918.0;12;23;16;27;137;28;11;28;8
924.0;11;24;18;25;137;27;9;28;11
930.0;11;25;17;24;139;27;9;26;12
936.0;12;24;17;25;138;26;9;24;15
942.0;13;25;17;22;138;26;8;25;16
948.0;12;25;17;22;137;24;11;23;19
954.0;12;24;17;22;136;25;11;24;19
960.0;11;24;15;24;136;25;12;23;20
966.0;11;25;14;24;135;27;12;26;16
972.0;12;26;15;23;140;27;10;23;14
978.0;12;26;13;24;141;28;10;22;14
984.0;10;30;14;22;140;29;7;22;16
990.0;11;28;12;24;140;29;7;21;18
996.0;8;28;15;25;142;28;7;21;16
1002.0;7;26;15;27;143;28;9;21;14
1008.0;8;25;14;27;143;28;11;21;13
1014.0;10;23;12;28;143;30;10;23;11
1020.0;7;22;12;31;142;28;10;24;14
1026.0;8;23;13;28;140;29;11;24;14
1032.0;9;25;13;28;142;27;13;19;14
1038.0;8;25;13;27;141;29;16;18;13
1044.0;7;24;12;24;141;30;19;19;14
1050.0;7;26;14;24;140;29;19;18;13
1056.0;6;28;14;23;140;27;19;18;15
1062.0;8;28;14;23;138;27;20;17;15
1068.0;8;29;14;24;137;29;18;19;12
1074.0;7;25;11;21;140;30;19;21;16
1080.0;8;25;12;19;142;28;20;22;14
1086.0;10;23;12;19;141;30;18;23;14
1092.0;12;24;12;19;141;28;17;24;13
1098.0;12;22;13;17;140;30;16;25;15
1104.0;10;23;11;19;138;32;15;24;18
1110.0;10;22;11;23;138;32;11;26;17
1116.0;11;22;12;22;138;33;11;27;14
1122.0;12;22;15;20;139;33;10;24;15
1128.0;11;19;16;20;143;31;12;25;13
1134.0;11;20;16;22;140;32;12;25;12
1140.0;9;18;16;24;140;33;14;24;12
1146.0;12;16;16;22;141;33;14;26;10
1152.0;11;18;16;24;138;33;13;25;12
1158.0;12;16;15;26;139;34;11;25;12
1164.0;13;14;15;26;141;35;11;25;10
1170.0;13;15;13;29;139;37;10;23;11
1176.0;13;15;13;28;136;38;10;25;12
1182.0;12;15;13;29;135;38;11;24;13
1188.0;14;17;10;29;134;36;14;22;14
1194.0;14;17;10;31;132;34;16;22;14
1200.0;16;16;11;30;130;33;18;23;13
1206.0;17;17;11;29;133;33;16;23;11
1212.0;15;18;8;31;133;32;16;26;11
1218.0;15;18;10;31;137;31;14;24;10
1224.0;15;21;10;29;138;31;12;26;8
1230.0;13;22;12;29;139;32;11;25;7
1236.0;10;23;14;30;141;31;9;25;7
1242.0;12;23;12;30;142;31;8;23;9
1248.0;11;23;13;29;143;31;8;22;10
1254.0;11;25;16;28;142;28;8;23;9
1260.0;12;25;17;28;144;26;8;23;7
1266.0;12;24;17;30;145;27;6;22;7
1272.0;11;24;15;31;146;28;6;22;7
1278.0;11;24;15;32;146;29;6;20;7
1284.0;14;21;13;32;145;29;5;21;10
1290.0;12;23;13;30;143;29;7;23;10
1296.0;11;22;17;29;140;30;10;21;10
1302.0;10;21;18;27;142;29;10;24;9
1308.0;7;20;15;29;145;30;13;23;8
1314.0;9;21;12;31;145;29;13;22;8
1320.0;9;23;11;31;143;27;14;24;8
1326.0;11;26;12;29;139;27;15;23;8
1332.0;12;25;11;29;139;28;15;23;8
1338.0;14;26;9;28;138;29;14;24;8
1344.0;12;26;10;28;139;28;16;24;7
1350.0;12;28;9;26;140;28;14;24;9
1356.0;11;29;9;27;141;28;12;25;8
1362.0;11;28;12;28;142;25;12;25;7
1368.0;8;28;14;30;140;26;13;24;7
1374.0;10;25;14;32;140;26;11;23;9
1380.0;11;22;13;32;140;27;10;25;10
1386.0;11;26;14;32;137;29;11;24;6
1392.0;10;26;13;29;140;28;14;22;8
1398.0;10;26;12;30;139;29;14;22;8
1404.0;11;24;12;31;138;30;11;23;10
1410.0;11;24;10;32;138;31;14;19;11
1416.0;11;25;9;32;137;27;12;22;15
1422.0;10;22;11;31;137;28;14;23;14
1428.0;12;22;15;28;137;28;13;23;12
1434.0;10;22;16;27;137;28;14;23;13
1440.0;13;21;14;30;140;27;13;21;11
1446.0;12;20;13;30;139;28;14;20;14
1452.0;14;19;13;30;137;27;15;19;16
1458.0;15;20;10;31;135;28;14;22;15
1464.0;14;18;11;33;134;29;13;23;15
1470.0;14;19;13;34;134;27;13;21;15
1476.0;16;20;12;34;133;27;12;22;14
1482.0;19;24;11;31;129;27;14;21;14
1488.0;22;23;9;31;130;28;15;18;14
1494.0;22;22;9;30;131;27;14;19;16
1500.0;20;23;10;31;129;28;15;18;16
1506.0;22;24;12;29;128;30;13;16;16
1512.0;20;24;12;29;128;32;12;16;17
1518.0;18;22;14;30;127;33;11;17;18
1524.0;17;22;17;29;124;36;13;15;17
1530.0;16;23;16;29;125;38;12;16;15
1536.0;12;22;14;30;125;38;15;18;16
1542.0;12;23;14;31;127;35;16;16;16
1548.0;12;23;16;31;127;32;19;15;15
1554.0;12;23;16;32;125;32;15;18;17
1560.0;11;22;15;31;128;33;15;17;18
1566.0;9;22;17;30;126;32;17;18;19
1572.0;10;24;15;33;123;31;14;19;21
1578.0;11;21;16;35;126;31;13;17;20
1584.0;10;23;16;35;128;30;13;16;19
1590.0;9;24;15;36;127;29;15;15;20
1596.0;11;23;15;36;125;28;17;16;19
1602.0;14;21;15;33;127;27;17;15;21
1608.0;15;24;15;30;128;27;15;15;21
1614.0;14;24;17;31;130;25;14;16;19
1620.0;11;24;17;31;129;26;15;16;21
1626.0;9;25;18;32;130;27;13;19;17
1632.0;9;26;17;30;131;28;14;20;15
1638.0;12;25;15;30;129;29;11;22;17
1644.0;11;26;15;32;130;27;14;22;13
1650.0;12;25;16;32;130;27;13;21;14
1656.0;10;26;16;31;131;28;15;20;13
1662.0;9;26;16;28;135;27;16;19;14
1668.0;13;26;13;28;137;26;14;20;13
1674.0;12;26;13;26;137;27;13;20;16
1680.0;11;27;13;26;138;27;12;19;17
1686.0;11;29;14;25;137;27;11;19;17
1692.0;13;26;13;25;139;25;11;21;17
1698.0;10;26;14;29;139;25;10;20;17
1704.0;12;27;14;29;135;28;13;18;14
1710.0;11;29;13;28;134;30;13;18;14
1716.0;13;26;13;29;133;29;16;16;15
1722.0;11;26;12;28;134;29;18;18;14
1728.0;14;26;11;27;132;31;20;17;12
1734.0;15;26;12;25;134;30;18;18;12
1740.0;15;24;13;28;134;29;17;18;12
1746.0;14;24;11;28;135;29;16;19;14
1752.0;14;25;14;28;135;29;15;18;12
1758.0;15;26;13;29;136;28;14;20;9
1764.0;14;24;15;28;138;27;14;20;10
1770.0;14;25;15;27;138;29;14;21;7
1776.0;13;25;15;25;137;31;14;23;7
1782.0;12;25;17;25;137;30;15;21;8
1788.0;17;21;15;25;139;27;15;21;10
1794.0;18;21;12;28;139;26;15;21;10
