#auto generated file!
12.0;17;21;12;20;24;16;16;21;23
18.0;15;22;12;22;25;18;11;20;25
24.0;14;22;11;23;26;18;11;20;25
30.0;11;21;12;25;27;19;10;19;26
36.0;11;20;12;23;26;20;12;20;26
42.0;13;20;12;22;26;20;12;20;25
48.0;13;18;11;21;28;22;13;20;24
54.0;11;17;13;22;28;21;14;20;24
60.0;11;17;13;23;27;21;14;22;22
66.0;10;20;12;21;27;22;13;22;23
72.0;9;22;13;20;27;19;12;24;24
78.0;13;19;13;20;30;19;12;24;20
84.0;13;19;13;21;31;21;13;24;15
90.0;13;17;14;20;30;25;13;23;15
96.0;13;17;15;20;29;26;12;24;14
102.0;14;19;14;21;30;26;12;22;12
108.0;15;20;12;22;31;24;12;21;13
114.0;15;21;13;20;33;24;12;20;12
120.0;12;20;12;23;33;22;14;21;13
126.0;12;20;13;24;34;22;13;19;13
132.0;12;19;11;23;34;23;12;19;17
138.0;16;19;10;22;35;22;12;19;15
144.0;18;18;12;23;35;23;11;17;13
150.0;19;20;9;24;35;22;11;17;13
156.0;18;19;11;26;33;21;13;16;13
162.0;17;17;12;27;34;20;13;16;14
168.0;18;17;11;26;35;20;12;17;14
174.0;17;20;11;26;35;18;11;17;15
180.0;17;19;10;27;36;18;11;18;14
186.0;18;20;9;25;36;19;12;20;11
192.0;18;19;10;23;36;18;12;20;14
198.0;19;20;7;23;38;18;11;20;14
204.0;18;20;6;22;39;17;12;22;14
210.0;15;21;8;23;37;17;11;22;16
216.0;14;18;8;22;40;15;16;22;15
222.0;16;19;7;25;39;13;16;22;13
228.0;13;21;7;25;39;15;15;21;14
234.0;10;22;5;24;43;14;16;21;15
240.0;10;19;7;23;44;16;16;20;15
246.0;12;16;6;24;44;18;13;21;16
252.0;13;16;5;23;44;19;12;22;16
258.0;12;16;5;25;45;18;12;22;15
264.0;13;16;7;26;45;20;9;22;12
270.0;12;16;8;26;44;21;9;21;13
276.0;13;16;7;26;43;23;10;21;11
282.0;16;18;7;24;43;20;10;21;11
288.0;15;18;6;23;44;19;10;24;11
294.0;17;19;5;20;46;19;11;23;10
300.0;18;19;5;18;47;20;11;22;10
306.0;20;21;5;17;48;19;10;22;8
312.0;17;23;6;17;48;16;12;22;9
318.0;16;23;6;16;48;19;11;22;9
324.0;13;23;6;15;50;21;11;23;8
330.0;14;22;6;15;50;21;11;24;7
336.0;12;22;6;15;51;22;11;22;9
342.0;14;23;6;14;52;21;10;22;8
348.0;15;24;4;14;53;19;11;23;7
354.0;16;23;4;14;54;18;11;24;6
360.0;15;24;3;14;56;18;10;24;6
366.0;13;21;4;14;56;18;10;26;8
372.0;12;19;3;13;56;22;9;26;10
378.0;12;20;5;14;56;22;8;24;9
384.0;11;22;5;14;55;20;7;23;13
390.0;11;23;3;13;56;19;8;23;14
396.0;12;24;5;14;56;19;8;21;11
402.0;12;22;8;15;56;18;8;21;10
408.0;10;22;8;17;56;19;9;20;9
414.0;9;23;10;19;55;19;11;17;7
420.0;10;21;6;19;57;20;13;17;7
426.0;11;22;7;19;56;20;11;17;7
432.0;12;19;8;19;57;20;10;17;8
438.0;10;21;7;18;58;19;12;18;7
444.0;11;22;6;17;56;19;10;20;9
450.0;11;23;5;17;55;20;8;21;10
456.0;13;22;6;18;54;20;7;20;10
462.0;16;23;6;15;54;20;7;19;10
468.0;15;23;6;15;53;22;7;20;9
474.0;14;22;6;14;55;22;7;20;10
480.0;12;22;9;13;56;22;7;18;11
486.0;12;22;9;13;55;23;7;18;11
492.0;13;20;13;12;56;23;7;17;9
498.0;11;20;11;10;58;24;8;19;9
504.0;11;20;8;12;59;24;6;20;10
510.0;8;18;11;13;59;25;7;19;10
516.0;9;18;10;15;59;24;7;19;9
522.0;9;17;14;16;58;21;7;19;9
528.0;8;18;14;15;59;22;7;18;9
534.0;8;17;14;16;59;21;7;18;10
540.0;7;21;15;14;59;21;6;18;9
546.0;7;21;15;13;60;21;5;19;9
552.0;9;23;12;11;60;21;5;19;10
558.0;8;23;11;11;62;20;5;20;10
564.0;9;23;10;11;62;18;5;20;12
570.0;10;23;9;14;62;15;5;19;13
576.0;10;23;11;13;62;14;6;19;12
582.0;10;26;10;13;63;14;6;18;10
588.0;9;26;10;13;64;15;6;20;7
594.0;10;25;9;13;64;17;7;19;6
600.0;10;25;8;12;65;16;7;19;8
606.0;9;27;7;11;65;17;7;20;7
612.0;6;26;7;11;64;18;8;21;9
618.0;7;26;5;12;64;16;8;22;10
624.0;11;25;5;10;67;15;7;21;9
630.0;12;25;5;10;67;17;7;19;8
636.0;15;25;5;10;67;15;6;18;9
642.0;13;26;5;12;65;18;6;17;8
648.0;13;25;4;12;66;18;5;19;8
654.0;13;25;5;11;64;18;7;20;7
660.0;12;25;8;11;62;17;9;19;7
666.0;11;25;8;13;61;17;8;17;10
672.0;10;25;10;12;59;19;8;17;10
678.0;11;25;12;10;61;18;6;17;10
684.0;11;22;11;12;62;17;8;17;10
690.0;12;22;10;12;60;18;8;17;11
696.0;12;25;6;11;61;19;8;17;11
702.0;11;25;6;12;62;18;9;16;11
708.0;11;24;6;11;64;17;11;17;9
714.0;12;22;6;12;64;18;9;17;10
720.0;9;19;6;12;66;20;9;20;9
726.0;10;19;8;10;65;20;9;20;9
732.0;8;19;10;10;66;20;9;20;8
738.0;8;20;8;9;66;20;9;19;11
744.0;6;20;7;9;64;22;11;19;12
750.0;8;18;6;10;64;22;13;19;10
756.0;9;18;6;9;65;23;15;17;8
762.0;9;19;6;9;63;23;15;18;8
768.0;8;18;5;9;63;23;16;19;9
774.0;7;18;5;9;62;24;17;20;8
780.0;8;19;4;9;61;27;15;19;8
786.0;9;18;3;8;61;28;16;19;8
792.0;12;17;4;9;59;29;15;18;7
798.0;10;16;6;11;59;27;16;19;6
804.0;10;17;6;11;59;27;14;19;7
810.0;9;15;8;13;58;24;17;19;7
816.0;9;13;8;13;57;22;18;21;9
822.0;6;15;11;13;59;22;16;20;8
828.0;9;13;10;13;61;22;14;21;7
834.0;9;11;10;14;60;22;14;22;8
840.0;10;12;9;14;61;21;14;21;8
846.0;9;11;11;16;63;19;12;21;8
852.0;10;11;9;15;63;21;10;23;8
858.0;10;10;9;17;63;22;11;21;7
864.0;11;10;10;16;62;22;10;21;8
870.0;10;11;8;16;63;21;10;23;8
876.0;12;11;7;16;62;22;11;21;8
882.0;11;11;10;15;64;21;10;20;8
888.0;12;11;11;14;64;21;10;19;8
894.0;11;13;8;16;63;20;9;20;10
900.0;11;13;8;17;63;20;9;19;10
906.0;10;13;6;18;64;20;9;20;10
912.0;7;13;7;16;65;20;10;20;12
918.0;9;13;7;18;65;16;8;23;11
924.0;9;14;5;18;63;16;7;22;16
930.0;9;14;5;18;64;16;8;22;14
936.0;10;14;5;19;64;15;9;21;13
942.0;10;14;5;17;65;15;9;22;13
948.0;12;14;6;17;64;14;8;22;13
954.0;12;14;7;20;65;12;8;20;12
960.0;11;14;7;19;67;12;8;20;12
966.0;12;12;6;19;66;12;10;21;12
972.0;12;15;7;18;65;11;11;20;11
978.0;12;14;6;20;66;10;10;21;11
984.0;11;14;8;20;65;9;12;21;10
990.0;12;15;8;20;67;9;10;21;8
996.0;13;18;8;19;66;8;9;20;9
1002.0;14;17;6;20;68;7;10;18;10
1008.0;14;16;7;19;71;6;11;17;9
1014.0;16;16;9;19;71;5;10;15;9
1020.0;14;16;10;19;71;6;10;13;11
1026.0;12;17;10;19;69;7;10;14;12
1032.0;12;17;10;19;69;7;11;12;13
1038.0;12;15;9;19;71;9;9;10;16
1044.0;10;17;9;18;71;9;9;12;15
1050.0;11;18;10;17;71;9;8;12;14
1056.0;10;22;8;15;70;8;10;13;14
1062.0;10;23;8;15;71;7;10;13;13
1068.0;12;22;6;14;71;7;9;17;12
1074.0;12;23;6;14;71;7;9;17;11
1080.0;11;23;6;14;72;7;10;17;10
1086.0;11;22;6;14;73;7;9;17;11
1092.0;10;22;8;13;73;7;11;16;10
1098.0;8;22;9;13;75;7;12;15;9
1104.0;7;23;8;12;76;8;11;17;8
1110.0;9;22;8;14;74;8;11;16;8
1116.0;8;22;9;15;74;7;12;17;6
1122.0;8;19;10;16;74;6;14;17;6
1128.0;6;17;8;17;75;7;13;18;9
1134.0;6;15;9;17;75;8;13;17;10
1140.0;8;15;11;18;74;9;11;16;8
1146.0;9;16;11;17;75;10;8;14;10
1152.0;8;18;11;16;73;10;8;15;11
1158.0;8;18;11;15;74;11;8;14;11
1164.0;8;19;9;16;75;12;5;14;12
1170.0;7;20;9;16;75;11;5;14;13
1176.0;6;21;9;16;75;11;6;14;12
1182.0;7;22;9;14;76;10;6;14;12
1188.0;5;20;10;15;79;9;7;13;12
1194.0;6;18;10;15;80;9;7;15;10
1200.0;7;18;10;13;81;11;7;14;9
1206.0;6;19;9;10;80;11;7;17;11
1212.0;7;19;8;9;81;13;6;17;10
1218.0;9;20;7;10;80;12;4;18;10
1224.0;10;20;6;10;81;10;6;18;9
1230.0;10;20;6;12;80;8;6;18;10
1236.0;8;21;5;15;78;10;6;19;8
1242.0;8;20;6;15;79;12;5;17;8
1248.0;5;20;5;15;80;13;6;19;7
1254.0;6;19;7;13;79;12;7;19;8
1260.0;7;20;7;13;76;13;6;18;10
1266.0;8;20;7;12;76;14;6;18;9
1272.0;9;20;7;11;75;15;7;17;9
1278.0;7;21;7;12;75;16;7;16;9
1284.0;7;18;7;12;75;16;7;19;9
1290.0;7;19;7;11;75;15;7;18;11
1296.0;7;20;7;11;75;15;7;16;12
1302.0;6;18;8;11;77;15;9;17;9
1308.0;6;19;8;10;77;15;10;16;9
1314.0;6;20;8;10;77;16;8;15;10
1320.0;4;18;10;11;77;16;7;15;12
1326.0;4;16;9;10;79;16;8;15;13
1332.0;4;17;8;10;78;18;7;14;14
1338.0;5;18;9;11;77;17;6;16;11
1344.0;4;19;11;11;78;17;6;15;9
1350.0;4;18;11;13;78;16;6;15;9
1356.0;3;17;11;13;78;17;6;16;9
1362.0;2;17;13;13;79;19;5;13;9
1368.0;2;18;13;12;77;21;4;16;7
1374.0;3;16;14;13;76;21;4;15;8
1380.0;2;13;15;14;76;22;5;16;7
1386.0;3;11;14;15;75;23;6;16;7
1392.0;5;13;13;16;73;22;6;17;5
1398.0;6;12;14;16;71;21;6;18;6
1404.0;5;13;14;16;70;19;6;19;8
1410.0;7;13;15;14;70;18;7;19;7
1416.0;5;13;16;16;69;18;6;20;7
1422.0;6;13;17;15;68;15;8;21;7
1428.0;7;13;18;15;68;13;9;21;6
1434.0;9;15;16;16;69;12;8;20;5
1440.0;11;14;14;16;70;12;9;19;5
1446.0;10;15;12;16;70;12;7;21;7
1452.0;10;16;11;16;69;14;5;21;8
1458.0;8;18;11;16;69;15;5;20;8
1464.0;9;16;12;14;71;13;4;22;9
1470.0;9;16;12;14;70;12;7;22;8
1476.0;8;13;12;19;69;13;6;22;8
1482.0;10;12;12;19;69;11;6;23;8
1488.0;10;12;11;17;70;12;6;22;10
1494.0;11;13;11;18;69;13;5;21;9
1500.0;9;14;10;18;69;13;6;21;10
1506.0;6;15;10;18;70;12;7;21;11
1512.0;6;16;9;18;70;12;5;22;12
1518.0;5;16;8;18;69;11;6;22;15
1524.0;6;17;8;17;70;11;3;24;14
1530.0;8;15;7;17;70;12;4;22;15
1536.0;7;16;8;17;69;12;5;22;14
1542.0;9;17;4;16;72;12;5;22;13
1548.0;9;17;3;16;73;13;5;21;13
1554.0;10;17;6;13;74;14;4;20;12
1560.0;8;16;6;12;74;14;4;21;15
1566.0;9;15;6;12;73;14;6;19;16
1572.0;9;15;6;13;73;14;6;18;16
1578.0;11;15;5;13;73;14;7;16;16
1584.0;10;18;5;14;74;13;4;17;15
1590.0;9;17;7;17;75;12;3;15;15
1596.0;8;18;8;17;75;11;3;15;15
1602.0;7;18;6;17;76;12;3;15;16
1608.0;9;15;6;18;77;13;4;15;13
1614.0;8;16;7;19;76;12;4;15;13
1620.0;9;16;8;20;76;13;4;13;11
1626.0;7;18;7;22;75;11;5;13;12
1632.0;8;18;6;22;75;12;6;12;11
1638.0;6;18;7;22;74;12;6;15;10
1644.0;6;17;8;22;74;11;8;15;9
1650.0;6;17;9;21;73;12;8;15;9
1656.0;8;17;7;21;73;12;8;15;9
1662.0;10;16;6;19;74;15;8;14;8
1668.0;9;16;6;19;75;14;12;12;7
1674.0;8;18;7;20;73;14;10;13;7
1680.0;10;17;8;20;72;14;10;13;6
1686.0;7;17;9;19;71;14;9;16;8
1692.0;6;16;9;19;74;13;10;15;8
1698.0;7;15;8;18;74;13;12;15;8
1704.0;8;14;8;15;75;13;14;16;7
1710.0;5;14;9;14;76;14;13;17;8
1716.0;6;13;7;14;76;13;14;17;10
1722.0;5;15;7;13;75;15;12;19;9
1728.0;6;15;8;13;74;19;9;19;7
1734.0;6;15;7;10;75;17;10;20;10
1740.0;5;12;7;11;74;18;9;23;11
1746.0;4;13;7;11;75;18;9;23;10
1752.0;8;13;9;11;74;16;9;19;11
1758.0;8;12;10;10;75;16;7;19;13
1764.0;7;12;8;13;74;16;8;19;13
1770.0;9;12;8;13;75;15;7;19;12
1776.0;8;12;7;13;76;15;8;20;11
1782.0;8;12;6;15;76;14;9;20;10
1788.0;7;14;7;13;76;13;10;22;8
1794.0;6;14;7;12;77;14;11;21;8
