#auto generated file!
12.0;26;33;30;38;26;36;20;39;32
18.0;26;32;28;37;28;34;22;41;32
24.0;27;31;25;39;29;36;21;42;30
30.0;26;31;27;38;31;37;21;40;29
36.0;28;29;26;39;30;41;20;43;24
42.0;28;24;26;37;35;40;19;46;25
48.0;29;26;22;32;37;42;23;45;24
54.0;29;26;22;28;39;44;21;47;24
60.0;27;25;24;30;42;41;21;45;25
66.0;25;28;22;30;45;45;19;44;22
72.0;20;29;23;31;47;43;20;43;24
78.0;17;30;24;33;46;41;21;42;26
84.0;19;28;26;34;48;44;19;39;23
90.0;17;31;28;32;49;41;19;39;24
96.0;16;31;29;31;53;39;18;41;22
102.0;15;33;26;34;54;34;18;42;24
108.0;15;32;24;37;54;35;17;42;24
114.0;15;31;25;36;54;38;16;43;22
120.0;16;30;25;34;53;40;16;44;22
126.0;15;28;24;32;56;42;17;44;22
132.0;19;28;23;30;56;41;15;45;23
138.0;20;26;19;29;59;41;16;48;22
144.0;22;27;21;31;60;35;14;49;21
150.0;23;27;19;32;62;34;15;48;20
156.0;25;27;17;33;63;34;15;45;21
162.0;24;27;20;32;62;34;15;46;20
168.0;24;22;19;33;66;33;13;48;22
174.0;25;21;17;31;66;33;15;50;22
180.0;26;22;17;29;66;33;15;50;22
186.0;24;19;18;28;69;35;15;48;24
192.0;25;19;17;30;70;34;14;49;22
198.0;23;19;17;32;70;35;14;48;22
204.0;22;20;15;32;70;39;14;47;21
210.0;20;20;17;32;71;38;16;46;20
216.0;18;19;11;31;72;39;13;48;29
222.0;17;17;11;30;74;41;17;47;26
228.0;16;21;13;31;78;36;19;43;23
234.0;16;21;14;30;78;38;18;42;23
240.0;17;24;12;31;82;37;15;40;22
246.0;13;24;15;33;84;39;14;39;19
252.0;13;25;17;34;84;37;14;39;17
258.0;12;25;18;35;85;35;17;37;16
264.0;13;26;16;33;87;37;19;33;16
270.0;11;26;16;32;88;37;19;34;17
276.0;11;29;19;32;88;36;17;30;18
282.0;10;26;21;30;91;38;15;32;17
288.0;8;26;21;30;92;36;15;35;17
294.0;8;27;20;29;93;36;15;35;17
300.0;8;26;19;31;93;34;16;36;17
306.0;9;27;16;30;94;34;19;34;17
312.0;10;28;15;31;92;35;17;34;18
318.0;12;29;16;30;92;34;15;33;19
324.0;10;29;16;33;95;32;14;34;17
330.0;12;29;18;33;94;31;11;35;17
336.0;13;28;14;34;94;31;11;35;20
342.0;12;30;15;34;94;31;10;34;20
348.0;11;30;17;34;94;32;8;36;18
354.0;11;30;19;33;94;29;8;35;21
360.0;12;29;18;35;93;30;11;34;18
366.0;11;28;17;33;96;29;16;35;15
372.0;13;30;13;31;98;27;17;35;16
378.0;14;28;15;31;97;26;18;36;15
384.0;14;28;18;29;96;24;18;38;15
390.0;14;27;18;32;95;23;18;38;15
396.0;15;24;17;34;97;26;17;36;14
402.0;16;23;17;35;95;27;16;38;13
408.0;16;24;18;34;95;29;14;38;12
414.0;17;23;20;35;94;27;16;33;15
420.0;17;23;22;33;95;29;13;29;19
426.0;16;22;21;32;97;30;15;29;18
432.0;15;23;21;33;97;26;17;30;18
438.0;14;26;25;29;97;27;15;30;17
444.0;15;26;26;27;100;28;14;29;15
450.0;16;24;26;28;101;26;12;33;14
456.0;17;27;23;26;104;26;11;33;13
462.0;16;26;24;27;105;26;10;32;14
468.0;15;25;21;27;104;26;12;33;17
474.0;14;24;18;29;104;26;16;35;14
480.0;14;24;15;30;104;28;15;33;17
486.0;12;25;16;31;105;28;13;33;17
492.0;12;22;16;33;105;28;17;33;14
498.0;13;22;15;33;105;30;17;32;13
504.0;12;22;14;32;106;32;16;32;14
510.0;10;23;16;33;110;31;14;29;14
516.0;10;22;15;35;110;33;13;26;16
522.0;10;23;14;34;108;30;15;29;17
528.0;8;22;14;33;111;32;14;30;16
534.0;8;20;14;34;111;31;15;30;17
540.0;7;19;15;33;112;32;14;31;17
546.0;9;17;15;37;112;33;10;30;17
552.0;10;17;14;37;113;32;9;29;19
558.0;9;18;11;38;113;32;11;30;18
564.0;8;20;9;38;113;35;12;28;17
570.0;10;19;9;37;114;37;10;28;16
576.0;11;20;8;36;115;34;12;29;15
582.0;11;20;5;34;115;35;17;27;16
588.0;12;21;5;36;114;33;16;28;15
594.0;12;22;6;35;114;33;15;26;17
600.0;11;21;6;33;116;35;16;26;16
606.0;11;21;5;32;113;35;19;28;16
612.0;11;19;8;31;114;32;19;29;17
618.0;12;20;8;31;114;32;17;28;18
624.0;12;20;9;27;113;31;18;28;22
630.0;12;22;8;26;116;29;18;27;22
636.0;11;23;12;26;115;30;18;28;17
642.0;11;23;16;26;110;32;18;27;17
648.0;10;23;17;25;109;32;19;27;18
654.0;10;23;17;25;110;31;19;27;18
660.0;13;24;16;25;110;31;17;27;17
666.0;13;22;19;24;110;28;17;27;20
672.0;13;20;17;24;111;29;18;27;21
678.0;14;23;15;26;114;26;15;23;24
684.0;15;25;13;24;114;25;15;26;23
690.0;15;25;14;25;115;27;12;27;20
696.0;15;27;12;26;114;28;13;26;19
702.0;14;27;14;25;113;25;14;28;20
708.0;16;28;14;23;115;23;16;30;15
714.0;15;28;15;22;114;23;16;30;17
720.0;15;30;18;22;113;22;14;30;16
726.0;17;30;21;23;115;18;13;31;12
732.0;16;32;19;22;119;18;13;31;10
738.0;17;34;20;20;119;18;12;31;9
744.0;16;33;20;18;118;17;14;33;11
750.0;16;35;18;18;117;16;14;30;16
756.0;15;35;19;19;114;17;14;31;16
762.0;15;35;18;19;113;18;13;33;16
768.0;16;36;18;18;113;16;13;37;13
774.0;17;36;19;18;116;15;12;35;12
780.0;16;35;19;20;116;17;11;34;12
786.0;17;35;19;20;117;17;9;34;12
792.0;19;34;17;18;118;18;10;34;12
798.0;17;33;17;22;116;18;12;32;13
804.0;17;29;15;21;118;22;11;33;14
810.0;17;29;18;22;116;24;9;31;14
816.0;17;31;19;20;115;24;10;30;14
822.0;17;31;16;22;113;25;12;30;14
828.0;15;33;17;21;112;25;13;31;13
834.0;15;33;17;22;112;26;13;31;11
840.0;10;34;17;22;115;23;15;32;12
846.0;9;34;19;23;114;25;16;28;12
852.0;10;33;18;23;115;24;17;30;10
858.0;12;35;17;23;115;23;17;29;9
864.0;12;35;17;26;114;24;15;29;8
870.0;12;34;17;26;116;24;15;29;7
876.0;10;34;17;25;116;25;17;27;9
882.0;11;34;16;23;117;24;17;28;10
888.0;12;40;13;24;117;23;17;26;8
894.0;16;36;13;22;121;22;14;26;10
900.0;16;35;12;22;121;22;13;28;11
906.0;15;37;11;25;120;23;15;25;9
912.0;15;38;10;27;121;23;14;25;7
918.0;16;35;12;27;118;25;15;25;7
924.0;15;35;14;24;119;25;15;25;8
930.0;14;35;12;25;121;24;14;27;8
936.0;14;34;10;27;120;24;13;27;11
942.0;15;35;10;28;121;24;12;27;8
948.0;14;34;10;28;121;23;13;29;8
954.0;13;34;10;28;125;23;12;29;6
960.0;12;33;10;29;126;21;12;28;9
966.0;13;33;9;25;126;22;12;29;11
972.0;13;31;10;25;127;24;12;27;11
978.0;11;30;10;25;127;25;13;27;12
984.0;11;29;11;26;126;25;12;28;12
990.0;10;28;11;28;125;24;16;25;13
996.0;11;26;13;28;126;23;15;24;14
1002.0;9;26;14;30;124;25;15;24;13
1008.0;9;26;16;28;127;23;14;24;13
1014.0;9;26;13;28;132;22;10;27;13
1020.0;9;26;13;28;131;22;12;26;13
1026.0;8;26;13;28;130;23;12;26;14
1032.0;11;26;13;27;130;24;12;24;13
1038.0;9;25;14;26;129;24;11;25;17
1044.0;9;25;12;24;131;25;11;25;18
1050.0;9;22;12;24;131;27;10;26;19
1056.0;10;21;11;26;131;27;11;26;17
1062.0;9;22;11;25;130;27;14;25;17
1068.0;9;21;13;26;129;27;14;26;15
1074.0;12;21;14;25;129;27;13;25;14
1080.0;12;21;13;27;130;27;13;24;13
1086.0;14;21;14;23;131;28;13;23;13
1092.0;15;20;13;23;129;27;15;24;14
1098.0;15;20;13;22;129;25;14;28;14
1104.0;12;22;12;22;129;25;13;29;16
1110.0;12;23;11;19;129;26;13;32;15
1116.0;11;25;12;24;127;26;9;30;16
1122.0;9;25;11;25;124;26;10;31;19
1128.0;9;24;10;25;124;26;9;32;21
1134.0;8;24;10;25;124;26;9;34;20
1140.0;10;24;9;22;127;29;9;33;17
1146.0;9;23;10;23;126;28;8;33;20
1152.0;10;23;9;23;123;29;9;33;21
1158.0;11;22;9;24;122;28;9;34;21
1164.0;10;22;9;22;122;29;10;34;22
1170.0;12;22;9;21;122;30;10;32;22
1176.0;13;21;11;21;122;30;10;31;21
1182.0;12;24;11;22;121;29;12;28;21
1188.0;11;24;11;21;123;29;11;29;21
1194.0;11;26;9;20;125;27;9;31;22
1200.0;15;24;10;20;123;26;15;29;18
1206.0;16;26;9;20;123;25;14;29;18
1212.0;14;28;8;19;122;25;13;30;21
1218.0;15;31;9;19;119;24;15;29;19
1224.0;15;33;8;18;120;22;16;30;18
1230.0;16;35;9;16;121;21;14;26;22
1236.0;14;34;10;17;124;22;12;26;21
1242.0;15;34;9;18;125;22;12;27;18
1248.0;16;34;10;20;127;20;12;25;16
1254.0;16;35;11;19;126;20;13;25;15
1260.0;15;36;11;18;127;19;13;23;18
1266.0;13;35;12;20;127;19;12;24;18
1272.0;13;38;9;20;126;19;13;25;17
1278.0;14;37;8;18;127;19;13;25;19
1284.0;11;34;10;16;126;22;15;26;20
1290.0;11;33;10;15;126;23;16;26;20
1296.0;11;31;10;16;125;23;17;28;19
1302.0;9;31;9;17;125;23;17;27;22
1308.0;8;30;9;18;126;25;15;30;19
1314.0;9;32;9;18;127;23;17;29;16
1320.0;10;36;10;19;124;24;15;28;14
1326.0;11;35;11;18;123;26;13;28;15
1332.0;11;35;11;19;123;27;13;25;16
1338.0;13;32;7;19;124;26;13;28;18
1344.0;12;31;7;19;124;27;11;29;20
1350.0;14;30;8;18;123;27;9;30;21
1356.0;12;31;8;20;121;27;12;29;20
1362.0;11;29;8;22;122;28;12;29;19
1368.0;11;28;9;22;123;27;12;29;19
1374.0;11;29;9;21;124;28;12;28;18
1380.0;12;26;8;22;124;28;13;30;17
1386.0;12;26;7;20;124;31;14;30;16
1392.0;12;25;7;20;123;31;15;29;18
1398.0;13;25;8;22;123;31;14;27;17
1404.0;13;24;7;22;123;32;16;27;16
1410.0;10;26;7;21;125;30;18;27;16
1416.0;9;22;9;24;124;28;19;29;16
1422.0;9;25;9;22;126;28;17;28;16
1428.0;10;26;8;22;127;27;18;27;15
1434.0;9;27;9;22;128;27;16;26;16
1440.0;10;28;11;22;127;27;15;24;16
1446.0;9;29;11;23;127;26;15;24;16
1452.0;10;30;11;21;127;23;17;23;18
1458.0;9;29;10;21;128;23;18;22;20
1464.0;8;27;10;19;128;23;21;24;20
1470.0;5;26;14;19;128;22;20;25;21
1476.0;5;27;14;21;128;19;20;26;20
1482.0;5;28;12;21;128;19;21;28;18
1488.0;5;28;11;22;128;19;20;28;19
1494.0;7;28;10;23;126;21;20;27;18
1500.0;7;27;14;23;124;19;20;28;18
1506.0;7;27;15;25;123;18;19;27;19
1512.0;8;28;16;25;125;18;16;25;19
1518.0;8;26;15;25;124;21;16;26;19
1524.0;7;23;16;26;123;22;17;27;19
1530.0;7;25;15;26;123;22;17;26;19
1536.0;7;26;13;28;123;22;17;25;19
1542.0;8;25;12;28;125;20;17;25;20
1548.0;8;27;11;29;122;25;14;23;21
1554.0;8;27;13;28;122;25;15;21;21
1560.0;8;24;13;29;122;27;17;21;19
1566.0;8;23;14;29;121;27;17;21;20
1572.0;8;23;12;29;122;26;18;22;20
1578.0;11;24;14;27;123;24;17;21;19
1584.0;8;22;15;27;123;25;18;20;22
1590.0;10;21;16;26;124;24;17;21;21
1596.0;10;20;16;25;122;27;18;22;20
1602.0;10;17;17;25;124;27;17;22;21
1608.0;13;18;16;27;122;27;16;22;19
1614.0;14;19;13;28;121;29;13;23;20
1620.0;15;21;15;27;120;27;13;23;19
1626.0;15;21;15;29;119;27;12;22;20
1632.0;14;22;14;30;121;26;12;23;18
1638.0;11;21;13;30;123;24;14;24;20
1644.0;12;20;13;30;123;25;13;24;20
1650.0;15;21;15;28;124;24;12;24;17
1656.0;16;21;12;29;122;26;16;23;15
1662.0;15;20;13;28;124;27;14;25;14
1668.0;18;21;11;31;124;27;11;25;12
1674.0;18;24;11;29;125;23;14;24;12
1680.0;18;22;11;28;126;23;12;27;13
1686.0;17;22;12;24;130;23;13;25;14
1692.0;15;22;13;27;130;23;11;25;14
1698.0;13;22;13;26;127;27;12;27;13
1704.0;11;22;14;26;127;28;12;27;13
1710.0;10;22;13;25;130;26;14;27;13
1716.0;12;23;13;25;126;25;13;27;16
1722.0;11;23;12;26;125;24;12;30;17
1728.0;12;24;13;26;125;23;12;28;17
1734.0;16;22;14;26;124;23;11;29;15
1740.0;17;23;17;27;124;23;9;26;14
1746.0;17;24;15;25;127;23;10;24;15
1752.0;16;25;15;23;126;24;11;24;16
1758.0;16;24;14;23;125;23;13;26;16
1764.0;13;26;14;24;126;26;10;27;14
1770.0;12;26;13;26;126;27;8;27;15
1776.0;14;27;12;24;127;28;9;26;13
1782.0;14;27;12;24;128;27;10;26;12
1788.0;14;25;11;26;128;28;10;23;15
1794.0;14;26;11;26;124;30;10;23;16
