#auto generated file!
12.0;22;33;24;34;20;26;23;39;29
18.0;23;31;24;35;24;26;24;39;24
24.0;21;28;25;34;25;27;26;38;26
30.0;18;30;23;35;25;27;27;38;27
36.0;17;29;24;35;29;28;26;37;25
42.0;15;30;24;34;30;27;28;37;25
48.0;18;32;23;32;33;25;27;37;23
54.0;18;33;20;33;32;25;30;39;20
60.0;16;33;19;36;33;25;31;37;20
66.0;17;33;18;37;35;25;28;38;19
72.0;20;32;18;37;35;26;28;36;18
78.0;22;32;16;40;35;29;28;33;15
84.0;19;30;17;39;36;29;27;37;16
90.0;15;32;18;37;41;27;27;38;15
96.0;16;30;19;38;44;25;27;38;13
102.0;16;29;17;36;51;28;25;32;16
108.0;18;31;15;37;51;29;21;34;14
114.0;14;32;17;36;51;30;21;35;14
120.0;13;31;17;37;54;28;21;33;16
126.0;12;31;17;33;55;31;20;33;18
132.0;11;30;18;33;55;32;18;32;21
138.0;12;33;17;32;57;34;15;29;21
144.0;13;34;17;33;60;33;11;29;20
150.0;10;34;14;32;60;35;12;32;21
156.0;10;34;13;30;60;38;10;33;22
162.0;10;35;12;31;60;37;12;31;22
168.0;9;32;15;29;59;39;14;29;24
174.0;8;32;17;29;61;37;15;28;23
180.0;7;33;18;27;61;39;13;30;22
186.0;7;32;19;30;63;38;11;31;19
192.0;11;32;19;29;64;34;11;32;18
198.0;13;33;18;29;64;36;10;30;17
204.0;14;34;17;28;63;35;12;29;18
210.0;14;33;17;27;66;37;16;25;15
216.0;13;33;19;28;67;36;15;25;14
222.0;12;31;19;28;70;37;16;23;14
228.0;11;33;16;27;70;38;18;23;14
234.0;13;32;17;27;71;35;16;24;15
240.0;13;31;16;27;74;33;16;26;14
246.0;12;32;16;28;74;33;16;26;13
252.0;13;28;16;29;76;34;18;25;11
258.0;13;27;15;31;77;34;19;24;10
264.0;11;25;13;35;78;37;17;22;12
270.0;11;26;14;36;77;35;15;23;13
276.0;11;28;15;31;79;33;18;22;13
282.0;9;26;15;31;82;33;17;22;15
288.0;8;26;14;30;80;33;18;22;19
294.0;10;26;15;31;79;31;18;24;16
300.0;10;24;18;31;77;34;16;23;17
306.0;9;23;19;31;79;33;15;23;18
312.0;12;25;18;32;80;29;15;23;16
318.0;11;26;24;28;81;28;16;22;14
324.0;12;25;26;29;81;29;15;21;12
330.0;14;24;23;28;81;29;15;22;14
336.0;11;27;22;28;81;31;13;23;14
342.0;10;28;21;29;82;30;13;23;14
348.0;10;28;20;29;83;30;13;23;14
354.0;12;25;20;29;85;31;11;22;15
360.0;11;24;21;31;87;29;10;24;13
366.0;10;25;20;31;88;30;10;23;13
372.0;11;25;20;32;88;28;9;22;15
378.0;12;25;19;31;87;28;11;21;16
384.0;13;23;17;34;86;27;9;23;18
390.0;14;24;13;35;85;25;11;23;20
396.0;11;23;12;37;84;24;14;22;23
402.0;9;21;13;36;84;25;14;22;26
408.0;10;21;14;36;83;25;13;22;26
414.0;11;18;15;37;82;26;12;24;25
420.0;12;17;16;37;82;25;9;26;26
426.0;10;19;13;35;85;26;10;28;24
432.0;12;21;13;35;85;26;6;30;22
438.0;13;20;16;32;85;25;8;30;21
444.0;12;19;15;33;86;26;10;30;19
450.0;13;19;13;30;88;27;10;30;20
456.0;14;18;14;32;89;23;9;31;20
462.0;13;18;15;34;90;22;10;30;18
468.0;15;18;14;35;88;22;9;28;21
474.0;16;19;14;35;88;20;9;29;20
480.0;16;21;15;36;87;19;12;26;18
486.0;14;25;16;34;86;19;12;27;17
492.0;14;28;16;32;86;20;12;26;16
498.0;15;30;17;34;85;20;8;27;14
504.0;15;30;16;32;88;20;10;26;13
510.0;13;30;18;33;89;21;7;27;12
516.0;12;27;17;34;90;23;10;27;10
522.0;11;29;15;35;90;24;10;25;11
528.0;13;28;15;35;89;24;10;25;11
534.0;12;28;17;34;89;23;8;25;14
540.0;14;28;17;34;89;23;6;25;14
546.0;16;27;15;35;91;21;7;24;14
552.0;11;28;13;37;94;21;9;25;12
558.0;11;28;14;38;93;22;9;23;12
564.0;11;29;14;39;94;21;10;22;10
570.0;14;25;12;36;95;21;12;25;10
576.0;11;27;11;33;98;26;11;24;9
582.0;11;26;11;30;97;25;13;25;12
588.0;11;26;10;31;96;26;12;25;13
594.0;14;26;8;33;95;25;11;23;15
600.0;13;26;9;31;93;24;15;23;16
606.0;13;23;6;33;94;24;15;24;18
612.0;15;23;7;32;94;23;14;25;17
618.0;14;24;7;30;98;24;14;24;15
624.0;13;23;8;34;99;25;11;22;15
630.0;13;23;8;34;99;24;12;22;15
636.0;15;23;9;32;99;23;14;22;13
642.0;17;22;10;31;99;22;12;21;16
648.0;13;24;10;33;98;23;11;21;17
654.0;11;25;10;32;99;26;6;21;20
660.0;11;26;13;30;99;22;9;20;20
666.0;13;28;11;32;99;18;10;18;21
672.0;13;28;13;32;96;20;8;19;21
678.0;14;27;12;32;97;20;8;18;22
684.0;13;27;14;30;99;21;9;19;18
690.0;14;28;17;27;100;21;9;17;17
696.0;13;28;18;28;101;20;10;16;16
702.0;13;28;16;28;101;21;11;16;16
708.0;14;29;16;29;100;20;10;17;15
714.0;13;30;15;29;100;23;10;18;12
720.0;15;30;10;30;98;25;11;20;11
726.0;16;31;9;31;98;26;8;20;11
732.0;17;28;9;31;99;26;9;20;11
738.0;16;28;11;31;100;23;10;21;10
744.0;17;27;11;32;100;24;10;21;8
750.0;15;25;15;30;100;23;10;22;10
756.0;13;25;16;31;100;24;10;21;10
762.0;13;25;13;27;102;25;12;21;12
768.0;10;24;16;29;99;23;13;23;13
774.0;9;23;16;31;99;25;12;23;12
780.0;10;23;16;33;99;24;11;22;12
786.0;10;23;16;34;99;22;11;21;14
792.0;11;21;15;34;98;22;12;21;16
798.0;12;19;13;33;97;23;12;24;17
804.0;13;18;13;33;96;23;11;27;16
810.0;12;20;12;31;100;23;10;25;17
816.0;15;24;11;32;102;19;7;26;14
822.0;14;22;12;32;104;19;6;26;15
828.0;13;20;13;31;106;20;7;26;14
834.0;12;22;13;32;106;19;9;25;12
840.0;11;23;13;32;108;18;8;25;12
846.0;10;27;10;34;106;17;8;25;13
852.0;8;26;10;36;105;17;10;25;13
858.0;9;26;10;34;105;16;9;27;14
864.0;6;27;10;34;106;18;9;28;12
870.0;6;27;10;30;106;19;10;28;14
876.0;5;27;12;30;105;20;9;30;12
882.0;6;26;11;30;105;19;11;30;12
888.0;7;27;8;30;105;20;11;29;13
894.0;7;25;8;32;105;22;11;29;11
900.0;6;23;9;31;104;22;11;31;13
906.0;6;21;9;29;107;23;8;36;11
912.0;8;22;7;28;110;23;11;31;10
918.0;8;21;7;27;112;24;9;30;12
924.0;8;20;5;27;113;25;8;32;12
930.0;9;19;7;27;111;25;8;31;13
936.0;10;19;8;28;112;24;7;31;11
942.0;10;19;10;27;114;23;7;29;11
948.0;11;21;8;29;113;21;7;29;11
954.0;11;20;7;30;113;20;9;29;11
960.0;9;21;10;30;111;18;10;26;15
966.0;5;19;12;29;112;20;10;28;15
972.0;2;21;12;27;113;20;10;31;14
978.0;3;22;11;26;116;18;9;31;14
984.0;4;20;13;25;117;20;9;28;14
990.0;5;21;11;26;114;21;9;29;14
996.0;6;23;9;27;115;20;9;28;13
1002.0;7;24;10;27;116;17;9;28;12
1008.0;10;22;10;23;117;17;11;28;12
1014.0;10;25;10;22;118;15;12;25;13
1020.0;10;26;9;22;118;17;13;24;11
1026.0;11;25;11;24;116;18;12;25;8
1032.0;10;25;9;24;117;18;11;27;9
1038.0;12;23;9;25;116;19;12;24;10
1044.0;12;23;10;23;117;18;14;23;10
1050.0;12;22;10;24;117;17;13;25;10
1056.0;13;21;10;22;117;18;13;26;10
1062.0;13;19;12;20;114;18;15;27;12
1068.0;13;19;10;21;113;19;15;27;13
1074.0;13;20;8;19;114;16;18;30;12
1080.0;12;18;10;20;114;19;16;29;12
1086.0;13;16;12;20;112;22;15;28;12
1092.0;14;16;13;21;113;22;13;29;9
1098.0;15;20;12;22;113;22;11;26;9
1104.0;15;20;12;23;114;20;12;26;8
1110.0;14;19;12;24;115;18;11;28;9
1116.0;15;19;10;26;113;19;12;27;9
1122.0;14;19;13;25;112;20;10;26;11
1128.0;15;17;14;26;113;21;10;23;11
1134.0;12;18;13;27;112;20;11;23;14
1140.0;14;17;13;26;113;19;11;23;14
1146.0;15;16;14;25;112;20;11;23;14
1152.0;13;17;14;23;114;20;11;25;13
1158.0;17;17;15;21;111;20;12;25;12
1164.0;14;16;17;21;112;23;13;23;11
1170.0;13;15;18;21;113;24;11;23;12
1176.0;13;13;18;22;114;21;12;25;12
1182.0;12;13;19;24;113;21;10;26;12
1188.0;12;15;18;23;118;20;9;24;11
1194.0;12;18;17;24;117;18;9;26;9
1200.0;15;18;17;25;117;18;8;25;7
1206.0;13;19;18;24;116;17;9;26;8
1212.0;13;20;18;23;115;19;8;24;10
1218.0;13;21;17;22;114;26;10;19;8
1224.0;11;20;16;23;112;29;9;21;9
1230.0;10;21;16;24;110;28;8;22;11
1236.0;10;21;16;24;113;27;8;21;10
1242.0;15;19;15;25;112;26;9;19;10
1248.0;15;20;14;23;109;28;9;20;12
1254.0;15;19;11;23;110;29;8;21;14
1260.0;14;21;11;22;110;28;8;21;15
1266.0;13;23;14;19;111;28;8;19;15
1272.0;13;25;13;19;108;26;7;21;18
1278.0;14;25;15;19;110;26;6;20;15
1284.0;14;25;15;19;109;29;5;20;14
1290.0;15;26;15;20;108;30;7;18;11
1296.0;13;27;14;19;109;30;9;17;12
1302.0;11;25;14;23;110;29;10;15;13
1308.0;11;26;12;20;111;29;11;17;13
1314.0;11;25;12;20;109;28;13;19;13
1320.0;11;23;11;20;108;28;13;21;15
1326.0;12;23;11;21;108;28;11;22;14
1332.0;8;25;9;22;108;29;12;22;15
1338.0;7;26;10;22;108;28;11;21;17
1344.0;7;26;9;18;109;28;11;23;19
1350.0;7;25;9;18;110;29;11;24;17
1356.0;7;25;10;20;112;28;14;21;13
1362.0;9;25;9;18;112;27;15;23;12
1368.0;9;24;9;20;112;27;16;23;10
1374.0;11;23;9;20;113;27;16;20;11
1380.0;12;22;9;19;113;26;18;21;10
1386.0;14;22;7;20;113;26;18;20;10
1392.0;12;22;7;20;112;26;20;21;10
1398.0;10;24;8;18;112;26;18;24;10
1404.0;10;21;9;19;111;25;18;25;12
1410.0;11;22;8;17;110;25;16;28;13
1416.0;8;21;10;18;113;26;16;26;12
1422.0;11;22;9;18;113;25;15;26;11
1428.0;9;24;9;18;115;26;15;23;11
1434.0;8;22;11;15;116;25;13;26;14
1440.0;10;21;13;15;117;24;10;25;15
1446.0;10;20;13;13;117;24;12;24;17
1452.0;10;19;13;13;120;25;12;23;15
1458.0;9;19;15;14;117;24;13;24;15
1464.0;10;19;14;15;116;26;12;23;15
1470.0;10;17;11;18;116;29;13;21;15
1476.0;9;18;12;17;116;28;14;21;15
1482.0;10;16;12;16;116;29;13;22;16
1488.0;10;16;13;17;115;28;13;26;12
1494.0;12;17;12;17;115;26;12;26;13
1500.0;13;17;12;17;117;26;11;28;9
1506.0;13;17;10;16;117;29;10;29;9
1512.0;10;16;13;17;118;28;12;30;6
1518.0;10;17;14;20;118;27;10;28;6
1524.0;11;16;14;21;118;26;9;29;6
1530.0;12;16;14;23;117;25;9;28;6
1536.0;10;16;14;21;114;28;10;30;7
1542.0;8;15;14;21;115;27;13;29;8
1548.0;9;17;11;24;114;25;12;30;8
1554.0;10;17;9;23;115;23;13;30;10
1560.0;8;16;8;26;115;24;12;29;12
1566.0;9;19;6;26;115;24;12;29;10
1572.0;8;19;5;26;115;26;12;29;10
1578.0;8;17;6;23;113;26;19;29;9
1584.0;11;19;4;21;111;29;18;30;7
1590.0;11;19;6;20;110;30;16;30;8
1596.0;12;20;6;20;107;33;16;29;7
1602.0;12;20;7;20;108;31;14;31;7
1608.0;12;22;7;20;107;31;15;29;7
1614.0;13;23;7;22;105;29;12;31;8
1620.0;13;23;8;23;106;28;12;29;8
1626.0;10;22;9;24;106;28;14;29;8
1632.0;10;21;8;25;106;29;13;29;9
1638.0;11;21;10;25;108;27;12;29;7
1644.0;10;22;11;25;107;28;11;28;8
1650.0;10;22;12;27;106;28;10;27;8
1656.0;12;22;12;28;106;28;9;27;6
1662.0;12;22;13;29;108;28;5;28;5
1668.0;12;23;13;27;108;28;5;28;6
1674.0;13;24;13;27;105;28;7;27;6
1680.0;12;25;13;26;107;29;7;26;5
1686.0;10;25;13;26;110;30;7;25;4
1692.0;9;26;14;25;110;30;6;25;5
1698.0;11;25;14;25;108;32;9;21;5
1704.0;10;25;17;26;105;30;10;23;4
1710.0;7;27;17;25;105;30;10;25;4
1716.0;7;30;15;23;105;32;8;25;5
1722.0;8;29;12;25;104;33;10;25;4
1728.0;8;28;12;23;101;35;12;26;5
1734.0;8;28;11;26;101;36;11;24;5
1740.0;7;28;13;25;102;34;11;26;4
1746.0;8;26;11;24;101;32;14;28;6
1752.0;8;26;10;22;100;33;15;29;7
1758.0;6;24;12;20;101;36;13;30;8
1764.0;6;24;13;22;103;30;13;31;8
1770.0;3;27;15;21;103;29;12;32;8
1776.0;6;28;12;22;101;28;13;32;8
1782.0;6;28;12;23;100;28;11;32;10
1788.0;7;29;13;23;101;25;11;30;11
1794.0;7;30;15;23;100;25;11;29;10
