#auto generated file!
12.0;44;39;34;33;45;37;44;41;43
18.0;45;38;34;34;47;40;39;42;41
24.0;46;40;32;33;48;42;37;42;40
30.0;41;42;32;33;48;44;36;44;40
36.0;46;39;31;34;51;45;38;45;31
42.0;46;44;31;34;54;46;35;44;26
48.0;42;45;31;37;55;45;39;43;23
54.0;42;43;27;41;57;44;39;43;24
60.0;37;44;27;41;63;47;37;41;23
66.0;37;45;26;39;67;44;35;43;24
72.0;40;47;25;39;67;47;32;42;21
78.0;39;48;25;39;69;47;29;44;20
84.0;36;52;23;39;70;47;29;44;20
90.0;33;51;24;40;71;47;28;46;20
96.0;33;55;23;40;72;45;23;47;22
102.0;33;55;22;40;72;46;21;48;23
108.0;30;55;25;41;75;43;21;48;22
114.0;30;55;28;43;78;40;20;47;19
120.0;27;53;27;43;83;39;23;47;18
126.0;23;53;28;44;84;36;22;50;20
132.0;23;53;28;44;85;38;21;51;17
138.0;21;51;28;43;86;39;24;54;14
144.0;21;51;28;45;87;37;25;54;12
150.0;18;49;28;47;90;38;26;50;14
156.0;19;48;28;45;90;41;26;49;14
162.0;16;52;25;43;94;40;26;49;15
168.0;17;50;25;41;96;43;23;49;16
174.0;18;50;23;41;97;40;26;48;17
180.0;22;52;21;40;96;39;27;47;16
186.0;20;51;19;40;102;39;23;48;18
192.0;16;48;20;42;104;41;23;47;19
198.0;15;50;18;41;105;40;23;46;22
204.0;16;49;15;41;107;41;25;45;21
210.0;16;48;16;42;110;42;21;46;19
216.0;14;47;15;43;110;38;23;49;21
222.0;14;46;12;41;112;39;22;49;25
228.0;14;45;13;40;113;43;24;44;24
234.0;15;46;11;40;114;44;20;44;26
240.0;12;47;12;42;116;43;21;41;26
246.0;11;46;13;42;117;42;21;42;26
252.0;10;43;11;46;117;41;20;43;29
258.0;11;43;12;45;117;39;21;45;27
264.0;13;43;11;40;119;40;22;48;24
270.0;12;43;14;40;120;39;22;47;23
276.0;9;42;12;46;122;41;21;44;23
282.0;14;42;13;44;122;40;18;47;20
288.0;14;42;15;43;122;39;20;46;19
294.0;13;42;18;43;125;38;21;43;17
300.0;13;42;15;44;125;35;24;45;17
306.0;14;43;16;44;123;36;24;46;14
312.0;15;45;16;45;123;35;21;47;13
318.0;14;46;19;46;124;35;18;46;12
324.0;14;45;17;46;123;35;22;43;15
330.0;18;45;16;42;123;36;22;43;15
336.0;17;45;17;43;123;36;22;42;15
342.0;18;44;17;41;120;37;21;45;17
348.0;16;46;17;41;120;39;20;44;17
354.0;15;45;18;38;121;39;21;45;18
360.0;13;41;15;40;122;46;21;44;18
366.0;13;42;20;38;124;48;20;38;17
372.0;12;40;21;38;128;46;19;40;16
378.0;13;40;20;38;127;48;16;41;17
384.0;11;38;19;40;126;49;17;43;17
390.0;11;41;18;40;124;47;17;45;17
396.0;13;36;18;41;128;46;17;46;15
402.0;13;35;18;40;128;44;20;46;16
408.0;13;35;20;42;126;44;19;46;15
414.0;13;36;18;43;124;46;21;43;16
420.0;16;37;18;43;123;45;19;42;17
426.0;19;38;18;39;125;44;18;44;15
432.0;19;37;18;38;124;44;18;45;17
438.0;17;40;20;38;123;43;21;41;17
444.0;15;41;19;38;125;47;21;38;16
450.0;16;42;20;34;125;47;19;38;19
456.0;18;43;16;32;125;43;20;40;23
462.0;18;44;14;29;128;42;21;40;24
468.0;16;42;14;27;131;44;21;40;25
474.0;16;40;14;28;129;42;24;42;25
480.0;20;35;16;28;130;40;26;39;26
486.0;22;34;15;29;131;45;23;39;22
492.0;19;35;17;29;134;50;17;39;20
498.0;24;36;14;28;134;50;15;39;20
504.0;22;35;13;30;135;51;14;38;22
510.0;22;34;13;29;137;53;15;35;22
516.0;21;36;12;30;137;54;16;32;22
522.0;18;37;14;30;136;53;14;34;24
528.0;18;40;13;32;136;53;13;31;24
534.0;17;41;13;33;135;52;13;31;25
540.0;16;41;13;31;136;53;10;33;27
546.0;17;43;16;33;135;49;13;31;23
552.0;16;41;18;32;135;49;13;35;21
558.0;16;40;20;32;134;47;15;35;21
564.0;17;40;19;34;135;47;15;34;19
570.0;19;38;19;35;136;46;15;32;20
576.0;15;37;19;34;136;47;13;36;23
582.0;18;38;21;35;135;47;11;34;21
588.0;19;35;25;37;137;47;11;32;17
594.0;18;35;24;36;142;43;13;33;16
600.0;20;40;23;34;144;41;13;32;13
606.0;17;40;22;33;145;41;14;34;14
612.0;18;37;22;35;144;40;16;35;13
618.0;17;37;23;37;144;40;14;35;13
624.0;15;34;22;40;143;39;14;38;15
630.0;17;32;21;41;143;38;13;35;20
636.0;16;32;16;41;143;40;16;35;21
642.0;19;28;18;42;143;41;12;36;21
648.0;19;27;19;42;143;41;11;36;22
654.0;18;27;21;41;143;39;13;37;21
660.0;19;26;21;40;144;40;13;35;22
666.0;23;26;21;39;144;39;14;31;23
672.0;23;27;19;38;145;37;14;35;22
678.0;21;26;20;38;144;37;13;37;24
684.0;16;27;24;40;141;38;14;37;23
690.0;16;28;21;41;141;35;15;37;26
696.0;15;27;21;41;140;35;19;37;25
702.0;13;30;18;43;144;34;14;38;26
708.0;13;29;18;42;143;34;13;42;26
714.0;13;32;20;43;139;33;15;41;24
720.0;16;34;19;43;137;34;14;39;24
726.0;15;35;21;40;137;34;16;38;24
732.0;16;34;22;38;138;32;16;36;28
738.0;14;34;20;36;139;30;18;41;28
744.0;12;34;18;36;139;33;15;41;32
750.0;15;33;16;40;137;31;17;40;31
756.0;18;37;15;37;140;31;12;41;29
762.0;20;35;16;37;139;31;12;42;28
768.0;20;31;18;37;139;30;14;41;30
774.0;21;29;22;37;137;30;17;42;25
780.0;24;32;21;37;134;31;16;41;24
786.0;22;33;20;36;136;34;16;40;23
792.0;22;33;21;32;138;36;16;39;23
798.0;23;33;19;32;136;38;17;38;24
804.0;22;32;19;31;135;40;19;38;24
810.0;21;31;21;31;135;38;19;40;24
816.0;26;34;19;30;138;36;17;38;22
822.0;21;38;20;29;139;35;19;38;21
828.0;21;38;22;27;139;36;18;36;23
834.0;22;37;24;28;137;36;17;36;23
840.0;20;37;22;26;139;37;19;37;23
846.0;20;37;19;26;137;39;17;37;28
852.0;19;37;21;29;137;39;16;35;27
858.0;17;37;22;31;138;39;15;36;25
864.0;18;37;21;33;136;41;16;36;22
870.0;20;36;18;32;137;40;20;34;23
876.0;20;34;20;34;138;38;20;35;21
882.0;20;34;19;32;138;39;21;36;21
888.0;21;33;17;33;139;38;22;36;21
894.0;23;35;16;30;140;36;24;36;20
900.0;23;32;18;30;140;36;26;35;20
906.0;25;34;18;31;137;36;25;35;19
912.0;25;33;18;33;138;36;25;36;16
918.0;25;34;15;33;138;33;28;40;14
924.0;25;36;13;34;139;35;25;41;12
930.0;19;35;14;35;140;32;32;40;13
936.0;20;34;12;36;138;32;31;43;14
942.0;19;34;13;33;141;33;28;43;16
948.0;21;34;9;33;144;36;26;40;17
954.0;20;36;9;34;144;36;25;39;17
960.0;23;39;9;31;145;35;26;38;14
966.0;20;39;9;33;148;36;27;36;12
972.0;20;37;10;35;148;35;27;36;12
978.0;21;35;10;36;150;36;24;35;13
984.0;21;35;11;37;151;35;21;33;16
990.0;21;34;14;36;151;38;19;32;15
996.0;20;36;13;37;150;36;19;33;16
1002.0;21;36;15;38;148;35;18;32;17
1008.0;23;34;18;40;149;34;16;31;15
1014.0;21;34;19;38;148;34;15;30;21
1020.0;17;33;17;40;148;35;16;33;21
1026.0;19;31;17;39;148;36;15;33;22
1032.0;17;33;20;39;147;38;13;31;22
1038.0;17;34;17;37;150;37;13;33;22
1044.0;18;35;16;35;148;37;14;35;22
1050.0;18;34;15;34;148;36;16;35;24
1056.0;16;34;15;35;151;33;14;36;26
1062.0;15;37;15;34;156;29;13;34;27
1068.0;15;37;16;32;158;31;11;32;28
1074.0;12;35;13;34;158;34;12;34;28
1080.0;11;36;13;32;157;36;12;34;29
1086.0;15;34;14;31;158;38;12;33;25
1092.0;15;32;16;32;158;38;12;32;25
1098.0;13;32;15;34;159;37;14;32;24
1104.0;15;33;18;31;160;35;12;34;22
1110.0;14;33;17;30;162;35;11;35;23
1116.0;15;35;18;29;159;35;11;36;22
1122.0;13;33;17;30;158;36;12;39;22
1128.0;14;33;14;31;158;37;14;40;19
1134.0;17;29;11;30;161;39;12;41;20
1140.0;16;30;12;29;160;41;11;45;16
1146.0;18;30;11;28;159;41;11;42;20
1152.0;17;30;9;28;158;46;12;41;19
1158.0;19;32;10;27;159;44;12;40;17
1164.0;18;32;11;28;157;44;11;39;20
1170.0;17;33;9;26;159;46;11;38;21
1176.0;15;33;11;29;156;42;15;41;18
1182.0;12;33;13;28;157;39;16;41;21
1188.0;11;34;13;29;155;40;15;40;23
1194.0;10;34;14;28;152;43;13;44;22
1200.0;12;34;15;31;152;41;11;45;19
1206.0;9;35;14;33;154;39;10;43;23
1212.0;9;37;13;31;156;40;9;42;23
1218.0;10;34;13;30;162;41;7;42;21
1224.0;10;34;14;29;163;41;8;42;19
1230.0;13;33;17;29;161;38;9;40;20
1236.0;11;33;17;27;159;37;11;45;20
1242.0;13;34;16;26;159;37;12;45;18
1248.0;15;34;18;25;160;36;12;42;18
1254.0;17;33;16;24;156;38;14;45;17
1260.0;16;30;15;25;159;40;15;44;16
1266.0;16;31;15;24;161;40;14;43;16
1272.0;16;31;17;22;161;43;15;42;13
1278.0;13;32;16;22;163;44;15;40;15
1284.0;14;34;16;24;167;41;9;37;18
1290.0;14;36;16;24;166;38;10;38;18
1296.0;12;36;14;24;166;40;9;41;18
1302.0;15;37;10;26;165;38;9;41;19
1308.0;18;36;10;24;164;35;9;43;21
1314.0;14;37;12;25;165;34;10;45;18
1320.0;14;36;11;27;165;35;9;46;17
1326.0;13;36;9;30;167;35;8;44;18
1332.0;16;37;11;31;165;32;9;42;17
1338.0;14;37;17;30;165;32;10;39;16
1344.0;13;37;18;30;163;32;12;38;17
1350.0;13;36;17;30;164;32;14;36;18
1356.0;13;34;18;29;164;32;12;34;24
1362.0;13;33;17;27;166;34;12;36;22
1368.0;11;34;14;27;166;31;15;35;27
1374.0;10;33;15;27;166;30;15;37;27
1380.0;8;33;15;27;165;32;16;38;26
1386.0;10;34;17;29;161;32;14;36;27
1392.0;11;32;17;29;162;34;15;36;24
1398.0;12;32;18;32;157;31;18;36;24
1404.0;13;32;19;33;156;30;18;36;23
1410.0;12;33;18;34;157;31;18;35;22
1416.0;15;32;17;34;154;29;22;34;23
1422.0;15;34;18;35;152;30;23;34;19
1428.0;13;35;16;35;152;35;21;36;17
1434.0;15;32;14;37;153;35;19;38;17
1440.0;15;31;15;36;154;34;20;39;16
1446.0;18;31;14;30;155;33;20;42;17
1452.0;17;31;11;33;157;33;20;42;16
1458.0;18;32;13;30;159;34;18;41;15
1464.0;17;29;16;30;158;33;18;43;16
1470.0;18;30;16;30;158;34;17;40;17
1476.0;15;27;16;32;159;35;18;39;19
1482.0;10;30;17;29;161;31;24;40;18
1488.0;13;30;16;27;160;34;21;41;18
1494.0;12;31;14;29;163;33;22;38;18
1500.0;12;33;15;29;164;35;20;35;17
1506.0;13;32;14;27;161;40;20;36;17
1512.0;14;33;14;26;161;39;20;38;15
1518.0;14;35;13;25;165;39;19;38;12
1524.0;15;34;14;24;166;39;19;38;11
1530.0;13;36;13;24;169;37;18;38;12
1536.0;12;34;14;25;170;36;18;38;13
1542.0;11;35;16;27;169;34;17;35;16
1548.0;10;33;20;29;167;36;14;34;17
1554.0;11;33;20;31;166;37;12;34;16
1560.0;11;34;19;31;167;36;10;34;18
1566.0;15;31;18;29;170;38;10;32;17
1572.0;16;29;18;29;171;38;9;33;17
1578.0;16;30;18;29;170;36;10;33;18
1584.0;13;31;20;30;166;35;10;34;21
1590.0;16;33;17;29;167;33;10;35;20
1596.0;14;33;16;29;168;35;12;35;18
1602.0;14;36;16;29;167;33;14;31;20
1608.0;13;37;15;31;167;31;16;31;19
1614.0;11;39;14;31;167;29;16;33;20
1620.0;11;38;15;32;166;30;15;35;18
1626.0;9;41;16;30;168;31;17;34;14
1632.0;9;41;18;32;168;28;19;35;10
1638.0;10;38;18;33;167;27;21;36;10
1644.0;10;39;22;38;164;27;17;34;9
1650.0;11;40;23;38;163;25;17;35;8
1656.0;12;39;24;38;161;23;19;36;8
1662.0;11;39;22;36;160;28;18;35;11
1668.0;13;36;23;34;158;28;20;34;14
1674.0;15;32;23;36;158;27;20;34;15
1680.0;17;33;19;34;158;27;21;36;15
1686.0;18;30;18;36;162;28;19;35;14
1692.0;15;30;20;36;163;27;20;34;15
1698.0;15;28;20;37;163;28;20;35;14
1704.0;14;28;18;37;162;31;24;34;12
1710.0;16;28;16;35;160;35;23;33;14
1716.0;16;27;16;37;160;37;23;32;12
1722.0;17;27;14;33;163;37;23;33;13
1728.0;15;28;13;32;163;38;24;34;13
1734.0;14;28;14;34;163;39;22;33;13
1740.0;17;28;14;31;164;40;19;32;15
1746.0;17;27;16;29;165;37;17;34;18
1752.0;16;28;15;32;166;35;17;35;16
1758.0;14;26;16;34;167;34;17;36;16
1764.0;14;25;15;31;168;35;20;35;17
1770.0;13;29;13;31;168;35;19;37;15
1776.0;11;30;9;33;171;36;16;38;16
1782.0;12;32;10;33;170;36;13;39;15
1788.0;13;31;9;34;170;36;14;37;16
1794.0;13;30;12;35;171;36;12;35;16
