#auto generated file!
12.0;30;18;18;13;22;16;17;18;18
18.0;26;19;17;13;23;19;19;19;15
24.0;22;20;18;15;25;19;18;20;13
30.0;19;22;15;17;28;21;17;20;11
36.0;17;22;17;17;29;21;17;18;12
42.0;14;23;17;19;29;21;15;18;14
48.0;11;23;18;19;29;25;14;16;15
54.0;10;24;18;19;29;23;14;16;17
60.0;11;26;14;18;31;23;14;16;17
66.0;8;26;14;20;35;23;12;16;16
72.0;8;26;14;19;36;23;12;18;14
78.0;7;26;10;20;37;23;10;21;16
84.0;7;27;8;19;39;23;10;21;16
90.0;7;27;7;20;41;22;10;22;14
96.0;7;23;7;21;42;22;12;25;11
102.0;6;23;8;21;43;20;12;25;12
108.0;6;23;7;21;42;22;12;26;11
114.0;7;25;6;20;43;20;9;29;11
120.0;6;25;7;21;41;20;9;29;12
126.0;6;26;6;21;43;20;8;29;11
132.0;6;23;11;20;45;16;9;31;9
138.0;7;24;10;20;45;16;10;29;9
144.0;8;26;10;18;44;18;10;28;8
150.0;8;27;10;17;45;18;9;28;8
156.0;5;28;10;17;46;17;10;29;8
162.0;7;27;9;16;46;19;9;29;8
168.0;8;27;8;16;46;20;8;26;11
174.0;9;27;8;16;46;19;9;26;10
180.0;10;25;9;16;47;19;11;25;8
186.0;9;24;7;16;47;20;11;27;9
192.0;10;24;7;16;46;19;10;28;10
198.0;9;24;7;13;46;19;13;26;13
204.0;9;27;7;13;44;18;13;25;14
210.0;11;28;7;14;44;17;12;24;13
216.0;8;29;8;12;45;20;14;23;11
222.0;9;28;11;13;46;19;14;21;9
228.0;8;27;10;15;48;16;17;20;9
234.0;7;29;10;16;49;19;15;19;6
240.0;8;29;9;18;49;17;16;18;6
246.0;7;30;9;18;51;16;15;18;6
252.0;9;31;8;18;53;15;14;16;6
258.0;11;29;8;18;52;18;13;15;6
264.0;10;29;8;18;53;19;13;15;5
270.0;7;27;10;18;53;20;13;17;5
276.0;6;25;8;19;53;22;14;18;5
282.0;6;23;9;18;56;20;14;17;7
288.0;5;23;8;17;57;21;14;17;8
294.0;4;23;7;17;59;22;16;16;6
300.0;4;23;7;18;60;22;14;16;6
306.0;3;23;6;18;60;23;14;14;9
312.0;4;23;6;19;59;22;13;15;9
318.0;4;24;6;19;60;22;12;14;9
324.0;4;21;6;20;62;21;13;14;9
330.0;8;20;7;19;61;20;14;12;9
336.0;9;17;7;19;62;20;13;13;10
342.0;8;18;6;20;63;20;12;12;11
348.0;9;18;7;20;63;20;11;12;10
354.0;8;18;8;20;63;21;12;12;8
360.0;8;17;10;17;66;19;12;12;9
366.0;6;15;10;16;66;19;13;14;11
372.0;7;13;11;15;66;20;13;15;10
378.0;9;11;12;14;66;21;12;15;10
384.0;9;11;12;14;67;21;11;15;10
390.0;9;13;11;15;66;19;12;15;10
396.0;9;13;13;14;64;20;13;12;12
402.0;10;14;10;15;66;19;13;12;11
408.0;9;14;9;15;66;22;12;12;11
414.0;6;11;9;16;71;22;12;11;12
420.0;7;13;9;17;70;21;11;12;10
426.0;7;15;11;17;69;20;10;12;9
432.0;6;15;11;17;70;20;12;12;7
438.0;7;14;13;16;73;18;11;11;7
444.0;9;13;12;16;73;18;10;12;7
450.0;9;13;13;15;73;19;9;12;7
456.0;11;13;10;15;73;20;9;11;8
462.0;12;15;11;15;71;19;10;11;6
468.0;11;15;10;15;70;19;11;12;7
474.0;11;15;10;18;69;19;9;12;7
480.0;9;15;11;18;71;18;9;12;7
486.0;10;15;11;17;72;16;10;11;8
492.0;8;17;8;17;73;17;11;11;8
498.0;13;16;6;18;71;17;10;12;7
504.0;12;18;8;20;69;19;8;10;6
510.0;11;16;9;19;70;20;9;10;6
516.0;12;14;10;17;70;20;10;11;6
522.0;10;14;11;18;70;20;10;11;6
528.0;10;13;11;18;69;20;10;11;8
534.0;10;13;11;19;70;20;9;9;9
540.0;10;14;9;19;71;21;10;9;7
546.0;8;15;9;20;74;21;10;8;5
552.0;9;14;10;18;74;21;11;8;5
558.0;9;14;9;18;74;22;9;9;6
564.0;7;16;10;17;74;24;6;11;5
570.0;7;16;9;19;74;22;5;13;5
576.0;6;16;12;20;73;22;5;11;5
582.0;4;16;12;21;72;21;5;12;7
588.0;7;16;10;19;73;20;5;14;6
594.0;5;16;11;18;73;19;6;14;8
600.0;4;16;11;17;73;20;7;14;8
606.0;3;17;11;17;73;21;7;14;7
612.0;3;17;11;18;73;22;7;13;6
618.0;4;18;10;18;71;23;7;12;7
624.0;5;19;10;19;72;22;7;8;8
630.0;3;16;11;21;74;22;5;9;9
636.0;3;16;10;22;75;20;5;10;9
642.0;4;15;9;20;76;21;7;10;8
648.0;5;16;8;21;78;20;6;10;6
654.0;4;17;8;21;78;20;7;9;6
660.0;4;16;10;21;77;20;6;9;7
666.0;5;16;9;20;77;21;6;9;7
672.0;6;16;8;21;77;21;7;7;7
678.0;7;17;7;20;77;21;7;7;7
684.0;7;16;7;22;78;20;7;8;5
690.0;7;16;6;23;79;19;7;8;5
696.0;7;16;8;22;78;20;5;8;6
702.0;6;16;8;21;77;22;4;10;6
708.0;5;14;9;21;76;20;6;12;7
714.0;3;16;9;23;75;21;5;12;6
720.0;3;16;11;23;75;23;3;10;6
726.0;3;16;12;22;75;23;6;8;5
732.0;2;16;11;22;74;24;7;8;6
738.0;4;15;9;23;74;21;6;8;10
744.0;6;15;10;22;72;20;7;9;9
750.0;6;13;10;23;72;18;7;10;11
756.0;6;14;11;23;72;17;7;10;10
762.0;6;12;13;21;73;17;8;9;11
768.0;7;13;13;20;73;16;9;8;11
774.0;7;12;12;21;76;16;7;7;12
780.0;5;13;12;22;76;15;6;8;13
786.0;7;12;14;20;78;14;4;9;12
792.0;7;12;13;22;79;13;4;8;12
798.0;9;14;13;20;78;13;5;7;11
804.0;8;14;15;20;78;13;6;7;9
810.0;8;14;15;20;78;14;6;6;9
816.0;8;14;14;21;78;15;5;7;8
822.0;8;16;12;22;79;16;2;8;7
828.0;9;15;13;22;80;14;2;8;7
834.0;10;14;13;23;79;14;3;8;6
840.0;11;13;12;23;79;14;3;10;5
846.0;11;12;13;20;79;16;3;11;5
852.0;8;14;15;17;81;14;6;9;6
858.0;8;14;14;16;79;16;8;9;6
864.0;8;14;15;16;78;15;8;8;8
870.0;9;14;14;15;79;15;8;8;8
876.0;8;16;15;14;79;14;8;8;8
882.0;8;15;14;14;77;15;10;8;9
888.0;8;17;12;17;76;17;9;8;6
894.0;7;18;12;15;77;17;9;9;6
900.0;6;18;9;14;79;19;8;9;8
906.0;6;17;10;15;80;17;7;10;8
912.0;5;17;10;14;80;15;8;10;11
918.0;5;17;9;14;81;15;8;11;10
924.0;6;18;8;13;82;14;8;11;10
930.0;5;15;7;13;85;14;9;12;10
936.0;7;15;5;13;85;13;10;12;10
942.0;6;15;5;13;86;13;10;12;10
948.0;9;15;5;13;86;14;9;12;7
954.0;10;16;4;15;85;15;8;11;6
960.0;9;16;4;16;83;15;8;12;7
966.0;8;14;5;16;84;15;8;12;8
972.0;7;13;6;16;83;14;9;14;8
978.0;7;13;7;18;82;12;10;14;7
984.0;6;14;7;18;83;12;9;13;8
990.0;7;13;6;18;84;12;7;14;9
996.0;6;12;7;18;84;14;5;14;10
1002.0;5;13;6;18;83;16;4;15;10
1008.0;5;13;6;15;85;16;6;15;9
1014.0;6;12;5;17;85;16;5;15;9
1020.0;7;12;5;15;85;19;5;14;8
1026.0;8;11;6;16;85;19;5;14;6
1032.0;8;11;6;16;84;20;6;13;6
1038.0;8;11;7;16;83;21;6;13;5
1044.0;7;13;8;15;84;22;4;12;5
1050.0;11;12;9;17;81;19;3;12;6
1056.0;12;11;7;16;81;20;6;11;6
1062.0;13;12;6;16;81;19;6;12;5
1068.0;11;12;8;17;81;17;6;14;4
1074.0;10;13;7;18;81;17;6;13;5
1080.0;9;13;6;19;82;18;4;14;5
1086.0;9;13;6;20;81;18;4;14;5
1092.0;9;12;7;18;81;19;4;14;6
1098.0;6;14;8;15;81;18;4;16;8
1104.0;6;13;9;16;81;19;4;17;5
1110.0;6;15;8;16;80;18;5;17;5
1116.0;6;15;8;14;80;19;6;17;5
1122.0;8;15;7;14;77;19;5;17;8
1128.0;8;15;5;13;78;21;7;17;6
1134.0;8;15;5;13;78;22;7;17;5
1140.0;7;16;5;14;79;21;7;16;5
1146.0;6;15;6;12;79;22;8;17;5
1152.0;5;14;6;13;80;21;7;18;6
1158.0;6;14;4;15;81;20;7;18;5
1164.0;7;14;4;15;82;19;6;18;5
1170.0;6;13;4;16;81;19;7;18;6
1176.0;5;13;4;17;81;17;9;19;5
1182.0;4;11;6;18;82;17;9;18;5
1188.0;6;12;7;16;82;17;8;17;5
1194.0;3;14;8;16;82;17;7;18;5
1200.0;6;17;7;16;80;17;7;16;4
1206.0;5;17;7;16;81;17;8;15;4
1212.0;5;18;6;15;82;17;8;16;3
1218.0;5;17;8;16;82;16;7;16;3
1224.0;5;15;8;16;83;17;8;16;2
1230.0;6;15;7;16;83;16;8;16;3
1236.0;6;13;8;15;84;17;8;16;3
1242.0;7;12;9;15;82;16;8;16;5
1248.0;7;13;8;15;82;16;9;15;5
1254.0;10;13;8;12;80;15;10;17;5
1260.0;10;13;9;12;79;15;10;17;5
1266.0;12;12;10;11;79;17;7;17;5
1272.0;12;11;11;12;79;17;8;15;5
1278.0;11;12;9;13;80;14;10;15;6
1284.0;11;12;9;14;80;14;9;15;6
1290.0;12;11;10;15;80;15;7;14;6
1296.0;9;13;9;14;81;16;6;16;6
1302.0;10;11;10;14;82;15;7;15;6
1308.0;10;10;10;13;82;16;6;16;7
1314.0;8;11;10;13;83;17;7;14;7
1320.0;7;11;9;13;85;18;6;14;7
1326.0;7;12;6;10;84;18;8;17;8
1332.0;6;14;5;11;84;17;11;16;6
1338.0;6;13;7;9;83;16;11;19;6
1344.0;5;14;7;11;82;16;12;17;6
1350.0;5;13;5;11;84;15;13;17;7
1356.0;6;12;6;11;84;15;13;16;7
1362.0;8;11;6;11;84;15;10;17;8
1368.0;7;11;6;11;84;15;10;18;8
1374.0;8;11;8;10;81;13;12;19;8
1380.0;8;11;8;9;81;15;11;19;8
1386.0;8;10;8;10;79;15;12;19;9
1392.0;6;10;8;10;79;12;15;21;9
1398.0;8;10;9;10;79;13;14;19;8
1404.0;8;11;10;11;79;11;13;19;8
1410.0;9;10;10;11;79;11;12;18;10
1416.0;10;12;9;11;81;10;10;18;9
1422.0;8;14;7;13;81;12;8;17;10
1428.0;8;14;7;13;83;11;10;15;9
1434.0;8;14;6;13;81;13;10;17;8
1440.0;8;15;7;16;82;11;7;17;7
1446.0;8;15;8;15;82;11;7;17;7
1452.0;8;16;8;15;81;11;9;16;6
1458.0;6;17;9;15;83;11;7;16;6
1464.0;6;17;8;15;84;11;8;16;5
1470.0;8;17;9;14;83;12;8;14;5
1476.0;7;17;8;15;82;13;8;14;6
1482.0;6;16;11;16;80;14;7;13;7
1488.0;5;15;11;15;79;19;7;13;6
1494.0;4;15;13;15;78;20;6;14;5
1500.0;4;16;12;16;78;20;7;12;5
1506.0;4;16;11;15;79;20;7;11;7
1512.0;6;16;7;14;83;18;6;12;8
1518.0;5;15;10;14;81;20;6;13;6
1524.0;3;16;10;14;83;20;7;12;5
1530.0;3;16;9;13;84;19;6;15;5
1536.0;3;16;8;12;82;23;7;14;5
1542.0;3;16;7;13;83;22;7;15;4
1548.0;3;15;6;14;84;21;6;16;5
1554.0;2;15;7;13;84;20;7;16;6
1560.0;3;14;8;13;82;20;5;17;8
1566.0;4;14;7;12;84;19;5;17;8
1572.0;6;12;6;11;85;19;7;18;6
1578.0;8;11;7;11;87;19;4;15;8
1584.0;7;14;8;10;86;19;5;14;7
1590.0;8;15;8;9;85;19;5;13;8
1596.0;7;15;7;10;86;19;5;12;9
1602.0;7;15;9;11;86;18;5;12;7
1608.0;9;15;9;11;86;17;5;12;6
1614.0;7;15;10;12;85;18;4;13;6
1620.0;9;15;9;14;83;18;4;13;5
1626.0;8;16;8;14;84;18;5;13;4
1632.0;7;15;8;15;84;18;5;14;4
1638.0;7;15;6;16;85;18;5;14;4
1644.0;7;15;6;14;84;21;5;13;5
1650.0;8;16;7;14;84;20;5;11;5
1656.0;6;16;5;12;85;21;6;13;6
1662.0;7;16;5;11;85;21;6;13;6
1668.0;9;18;6;9;82;21;7;13;5
1674.0;8;17;6;8;82;21;8;13;7
1680.0;9;17;5;7;81;19;9;15;8
1686.0;10;18;5;6;81;17;8;17;8
1692.0;7;17;4;7;82;19;8;18;8
1698.0;7;16;4;8;81;22;7;18;7
1704.0;7;16;4;7;82;22;6;19;7
1710.0;7;16;4;8;80;23;6;19;7
1716.0;7;16;5;6;80;22;5;20;9
1722.0;7;16;4;6;80;22;5;20;10
1728.0;7;17;3;8;80;21;4;19;11
1734.0;5;17;4;10;79;20;4;19;12
1740.0;3;18;6;13;78;19;2;18;13
1746.0;3;17;6;13;78;19;2;18;14
1752.0;5;15;6;14;79;19;3;17;12
1758.0;6;16;5;16;80;18;4;16;9
1764.0;6;15;5;18;82;17;4;16;7
1770.0;5;13;5;19;81;18;6;16;7
1776.0;4;17;3;21;77;19;6;17;6
1782.0;4;17;4;22;77;18;6;18;4
1788.0;3;18;3;21;76;20;6;18;5
1794.0;3;18;3;21;76;20;5;18;6
