#auto generated file!
12.0;15;16;13;14;21;20;12;15;14
18.0;14;16;13;14;22;21;12;15;13
24.0;15;16;12;15;23;21;9;16;13
30.0;16;17;11;14;24;20;9;16;13
36.0;13;20;10;13;25;21;8;19;11
42.0;12;21;11;12;27;20;8;17;12
48.0;12;21;10;12;27;20;9;15;14
54.0;12;21;12;12;27;19;9;15;13
60.0;12;21;12;13;27;18;10;15;12
66.0;10;18;14;15;27;18;12;15;11
72.0;9;18;12;16;29;18;11;17;10
78.0;7;18;11;15;28;19;11;19;12
84.0;6;17;12;16;27;17;12;20;13
90.0;4;15;13;17;27;18;12;22;12
96.0;4;15;15;15;28;20;11;21;11
102.0;4;14;13;14;28;20;14;22;11
108.0;4;14;11;14;29;21;13;23;11
114.0;6;14;11;13;30;23;13;19;11
120.0;8;15;9;14;31;24;12;17;10
126.0;8;16;10;17;31;25;11;12;10
132.0;8;16;8;17;32;25;11;10;13
138.0;7;15;8;16;33;24;11;11;15
144.0;6;14;7;20;31;23;12;12;15
150.0;6;15;6;20;32;24;12;10;15
156.0;5;16;7;19;33;23;11;11;15
162.0;5;15;6;19;36;23;12;11;13
168.0;6;15;8;19;37;22;12;11;10
174.0;5;16;7;18;38;22;12;12;10
180.0;5;15;8;18;38;22;11;12;11
186.0;7;14;9;17;37;22;12;12;10
192.0;7;17;7;16;37;21;13;13;9
198.0;5;15;8;16;37;21;16;13;9
204.0;5;15;7;17;37;21;15;15;8
210.0;5;14;9;17;37;21;14;16;7
216.0;5;15;8;17;38;19;14;16;8
222.0;6;15;5;17;39;18;14;17;9
228.0;7;15;3;17;38;18;13;19;10
234.0;8;14;5;14;38;18;13;21;9
240.0;9;15;3;15;40;15;12;20;11
246.0;9;13;3;15;40;15;14;20;11
252.0;8;14;3;16;38;14;15;22;10
258.0;6;17;4;15;39;15;15;21;8
264.0;5;16;5;15;40;16;13;22;8
270.0;5;15;4;15;41;18;12;23;7
276.0;8;13;5;11;43;22;11;20;7
282.0;9;14;5;10;43;20;10;21;8
288.0;9;15;5;9;43;22;8;23;6
294.0;8;15;5;9;43;23;7;24;6
300.0;10;15;5;8;41;24;7;26;4
306.0;8;14;5;8;41;24;9;26;5
312.0;10;14;5;10;41;23;8;24;5
318.0;8;13;9;10;42;23;8;22;5
324.0;10;12;12;10;42;21;9;18;6
330.0;11;12;10;9;44;22;10;16;6
336.0;12;13;10;10;44;20;8;17;6
342.0;10;15;9;10;45;20;7;18;6
348.0;11;15;9;10;45;18;7;19;6
354.0;11;15;8;9;44;20;8;19;6
360.0;11;18;7;9;44;21;5;17;8
366.0;13;18;7;9;45;18;6;17;7
372.0;12;19;8;10;47;14;6;17;7
378.0;10;18;8;10;50;14;5;17;8
384.0;10;21;8;10;50;13;4;17;7
390.0;11;20;8;10;52;13;3;16;7
396.0;11;21;9;9;51;11;3;18;7
402.0;11;24;9;10;51;11;2;16;6
408.0;11;25;9;11;50;10;3;17;4
414.0;11;23;10;10;49;11;3;18;5
420.0;8;24;10;11;48;13;3;17;6
426.0;7;24;11;9;49;12;3;18;7
432.0;8;22;11;9;51;13;4;15;7
438.0;8;21;11;8;49;14;5;15;9
444.0;8;21;11;9;49;13;5;15;9
450.0;8;20;10;10;49;15;4;16;8
456.0;10;20;10;10;49;13;5;15;8
462.0;9;22;9;10;48;13;6;15;8
468.0;7;22;10;11;48;13;7;15;7
474.0;7;22;11;11;47;13;8;13;8
480.0;6;21;11;12;48;13;8;13;8
486.0;5;20;10;14;49;13;8;14;7
492.0;6;21;9;13;49;13;8;12;9
498.0;4;21;10;12;51;13;10;12;7
504.0;4;22;10;11;53;13;9;11;7
510.0;3;22;9;11;52;13;9;13;8
516.0;4;22;8;10;54;16;6;11;9
522.0;5;22;7;9;55;15;7;11;9
528.0;6;22;6;9;55;14;8;10;10
534.0;6;22;4;9;55;15;7;12;10
540.0;7;21;3;8;55;15;7;12;12
546.0;7;21;5;8;56;15;8;10;10
552.0;7;19;4;9;57;15;8;10;11
558.0;7;19;4;9;59;15;6;10;11
564.0;5;19;5;10;60;15;4;12;10
570.0;6;19;5;11;59;15;4;11;10
576.0;6;19;6;9;60;14;5;11;10
582.0;6;18;8;8;59;13;5;13;10
588.0;6;18;9;8;59;13;6;12;9
594.0;4;18;7;9;60;14;6;14;8
600.0;6;18;6;9;60;14;8;12;7
606.0;6;17;5;10;61;15;8;11;7
612.0;6;19;7;10;60;13;8;11;6
618.0;7;18;7;10;59;12;8;12;7
624.0;8;19;6;10;59;13;10;8;7
630.0;8;20;6;10;59;13;8;8;8
636.0;8;21;5;11;59;13;9;7;7
642.0;7;21;5;10;60;13;8;7;9
648.0;7;21;5;10;59;14;8;7;9
654.0;6;22;4;10;60;14;8;7;9
660.0;6;22;5;10;61;14;7;7;8
666.0;8;23;4;10;61;13;7;7;7
672.0;8;23;4;10;61;13;6;7;8
678.0;9;21;5;11;61;13;6;7;7
684.0;7;21;5;12;58;14;7;8;8
690.0;6;21;5;13;56;14;7;8;10
696.0;7;23;6;14;55;13;6;8;8
702.0;7;22;7;12;56;13;6;9;8
708.0;8;22;10;10;55;12;5;9;9
714.0;8;20;9;12;56;12;5;8;10
720.0;8;20;9;11;57;11;6;9;9
726.0;8;20;9;9;58;12;5;11;8
732.0;6;19;11;9;57;11;9;10;8
738.0;8;18;7;10;56;13;8;12;8
744.0;9;18;10;8;57;12;7;11;8
750.0;7;18;11;8;57;12;8;11;8
756.0;5;18;11;8;56;12;8;13;9
762.0;4;19;13;9;55;10;7;14;9
768.0;4;17;12;9;57;10;6;14;11
774.0;6;17;10;10;55;12;6;14;10
780.0;6;17;8;11;55;11;8;16;8
786.0;8;17;6;13;56;11;7;16;6
792.0;8;17;10;12;55;12;6;14;6
798.0;6;16;11;13;55;13;5;15;6
804.0;6;16;11;13;53;15;7;14;5
810.0;5;14;11;15;54;16;8;13;4
816.0;4;16;11;15;55;13;8;14;4
822.0;4;15;10;15;55;15;7;13;6
828.0;2;15;11;14;55;17;7;13;6
834.0;2;16;11;15;54;16;7;13;6
840.0;3;15;10;14;55;16;8;13;6
846.0;4;14;10;13;55;15;8;13;8
852.0;4;13;11;12;57;15;9;10;9
858.0;4;13;10;12;58;15;10;10;8
864.0;4;13;11;10;59;15;11;10;7
870.0;7;12;11;9;59;16;11;8;7
876.0;9;11;7;10;61;17;9;9;7
882.0;9;11;7;9;60;17;11;9;7
888.0;9;11;8;8;60;17;11;9;7
894.0;9;11;7;10;59;17;10;9;8
900.0;9;12;7;10;59;18;9;9;7
906.0;8;12;9;7;61;20;9;10;4
912.0;7;12;9;6;60;21;9;10;6
918.0;7;11;9;7;60;21;8;11;6
924.0;7;11;9;7;60;21;8;12;5
930.0;6;11;10;6;60;21;7;15;4
936.0;7;11;9;5;61;21;8;14;4
942.0;7;13;8;5;61;20;7;15;4
948.0;6;12;8;7;61;19;6;16;5
954.0;6;13;8;10;60;18;6;15;4
960.0;4;14;10;10;60;17;6;16;3
966.0;4;15;11;9;60;15;6;17;3
972.0;3;17;12;11;60;13;6;14;4
978.0;6;17;12;9;58;13;5;15;5
984.0;6;18;10;10;59;14;4;15;4
990.0;5;17;8;11;61;14;4;17;3
996.0;5;15;9;12;60;14;5;17;3
1002.0;1;15;10;14;60;14;5;17;4
1008.0;2;13;10;14;60;14;5;18;4
1014.0;3;13;10;14;59;14;4;19;4
1020.0;3;14;8;15;59;14;4;20;3
1026.0;3;15;6;15;59;14;4;21;3
1032.0;3;15;6;15;58;14;4;22;3
1038.0;3;14;6;15;58;13;4;23;4
1044.0;4;14;6;15;58;13;4;23;3
1050.0;5;14;7;13;61;11;4;21;4
1056.0;4;15;8;12;62;10;4;20;5
1062.0;4;14;7;14;62;8;5;20;6
1068.0;1;15;7;14;64;8;6;18;7
1074.0;1;13;8;15;63;10;8;16;6
1080.0;2;14;7;16;63;9;8;15;6
1086.0;3;16;9;15;62;10;7;12;6
1092.0;5;16;8;15;61;10;8;11;6
1098.0;6;16;7;16;61;9;8;11;6
1104.0;6;17;7;16;61;10;7;10;6
1110.0;5;18;8;17;61;10;7;10;4
1116.0;6;18;8;17;60;11;7;9;4
1122.0;6;18;7;16;61;11;7;10;4
1128.0;5;19;6;15;61;13;7;10;4
1134.0;5;18;5;15;61;14;7;12;3
1140.0;6;16;5;15;61;13;8;12;4
1146.0;5;17;4;13;61;14;8;14;4
1152.0;5;15;5;13;60;14;9;15;4
1158.0;4;12;5;16;59;13;9;17;5
1164.0;4;12;5;16;59;14;9;16;5
1170.0;4;15;3;16;57;14;10;15;6
1176.0;2;13;4;17;58;17;9;15;5
1182.0;3;14;5;16;58;17;9;14;4
1188.0;2;14;6;17;58;16;9;14;4
1194.0;4;15;5;16;56;17;10;13;4
1200.0;5;14;5;17;54;18;9;14;4
1206.0;6;13;4;17;54;17;8;16;5
1212.0;5;12;5;17;55;17;8;16;5
1218.0;6;11;6;19;54;13;10;16;5
1224.0;6;12;8;16;53;13;11;17;4
1230.0;7;12;6;18;51;13;11;17;5
1236.0;6;11;7;20;51;13;10;17;5
1242.0;7;11;6;24;50;10;10;17;5
1248.0;8;11;6;25;50;10;9;17;4
1254.0;8;11;6;24;51;10;9;16;5
1260.0;8;10;3;24;53;12;8;16;6
1266.0;9;9;3;23;53;13;7;17;6
1272.0;9;10;4;20;54;12;7;16;8
1278.0;7;10;5;20;54;13;7;16;8
1284.0;9;11;4;18;54;13;5;15;11
1290.0;10;12;5;17;54;14;4;15;9
1296.0;10;12;7;17;53;14;3;15;9
1302.0;7;13;8;17;53;13;4;15;10
1308.0;7;14;6;16;54;14;4;14;11
1314.0;7;13;7;16;55;14;5;13;10
1320.0;6;13;7;16;53;18;6;12;9
1326.0;7;11;5;15;54;18;6;13;11
1332.0;5;11;6;14;57;18;5;13;11
1338.0;5;10;5;16;58;17;7;13;9
1344.0;5;10;4;14;60;16;7;14;10
1350.0;4;13;5;14;58;16;7;14;9
1356.0;3;14;6;16;59;15;6;13;8
1362.0;3;13;6;17;60;14;7;13;7
1368.0;3;13;4;18;61;13;6;14;8
1374.0;3;13;3;19;61;14;6;13;8
1380.0;3;13;3;18;61;11;9;13;9
1386.0;5;12;3;17;61;11;8;13;10
1392.0;4;12;3;19;63;9;6;15;9
1398.0;4;12;3;15;64;9;6;15;12
1404.0;3;10;5;17;63;10;5;15;12
1410.0;4;10;6;18;63;10;4;14;11
1416.0;6;11;6;17;63;10;4;12;11
1422.0;7;10;6;15;62;10;4;13;13
1428.0;7;10;6;15;62;10;4;12;14
1434.0;8;9;7;14;64;9;4;12;13
1440.0;6;11;6;13;65;9;4;13;13
1446.0;5;11;7;11;66;9;3;15;13
1452.0;6;11;7;11;67;9;2;15;12
1458.0;5;12;8;10;68;8;4;16;9
1464.0;5;11;6;10;71;8;4;16;9
1470.0;5;10;6;11;71;8;4;18;7
1476.0;4;12;6;12;72;7;3;18;6
1482.0;3;10;7;12;70;9;4;18;7
1488.0;2;11;7;13;70;9;5;16;7
1494.0;3;11;7;13;70;9;5;15;7
1500.0;6;11;6;11;71;9;4;14;8
1506.0;6;11;5;11;70;10;4;15;8
1512.0;6;10;4;12;71;10;3;15;9
1518.0;6;11;4;11;70;11;3;15;9
1524.0;5;13;4;12;69;11;2;16;8
1530.0;5;14;4;12;69;10;1;16;9
1536.0;4;13;5;12;69;10;2;16;9
1542.0;4;13;5;13;68;11;2;16;8
1548.0;4;14;6;12;67;11;3;17;6
1554.0;3;15;5;12;66;13;3;17;6
1560.0;3;15;4;14;65;13;4;17;5
1566.0;4;15;2;14;64;14;4;16;7
1572.0;4;14;2;14;65;14;3;16;8
1578.0;4;15;2;14;65;15;2;16;7
1584.0;5;14;2;14;65;16;1;16;7
1590.0;6;13;2;14;67;16;1;14;7
1596.0;7;12;1;15;67;17;2;14;5
1602.0;7;13;2;14;67;16;2;15;4
1608.0;6;13;4;14;67;15;2;15;4
1614.0;8;12;4;14;67;15;2;14;4
1620.0;7;13;3;15;68;15;2;13;4
1626.0;7;11;4;16;67;15;2;13;5
1632.0;6;10;4;17;67;13;3;15;5
1638.0;4;11;5;19;66;11;6;14;4
1644.0;5;12;5;20;64;9;6;14;5
1650.0;8;12;4;18;64;10;5;14;5
1656.0;6;12;4;20;64;11;5;13;5
1662.0;7;10;3;21;65;11;5;13;5
1668.0;6;12;3;20;67;12;6;11;3
1674.0;6;11;2;19;68;13;8;10;3
1680.0;6;12;2;19;67;14;5;9;6
1686.0;6;12;2;18;68;15;3;11;5
1692.0;7;10;3;19;69;12;4;10;6
1698.0;7;11;3;17;68;13;4;11;6
1704.0;6;12;3;16;68;13;3;11;8
1710.0;8;10;4;16;67;13;3;9;10
1716.0;6;9;3;17;68;14;5;8;10
1722.0;5;9;3;18;68;15;5;8;9
1728.0;5;9;4;16;70;16;5;8;7
1734.0;6;7;5;17;69;15;6;7;8
1740.0;8;6;4;17;69;15;5;7;9
1746.0;7;6;4;17;69;15;6;7;9
1752.0;5;8;6;16;70;14;6;7;8
1758.0;6;8;7;16;67;15;6;8;7
1764.0;4;7;6;17;66;16;7;9;8
1770.0;4;7;6;18;66;15;7;9;8
1776.0;4;8;4;17;67;16;5;11;8
1782.0;4;8;4;17;68;15;5;11;8
1788.0;4;8;4;15;68;16;5;12;8
1794.0;3;7;4;16;69;17;4;12;8
