#auto generated file!
12.0;45;41;40;41;46;38;40;45;34
18.0;44;43;37;40;48;42;40;46;30
24.0;40;44;34;40;50;43;41;51;27
30.0;41;45;35;37;53;43;37;53;26
36.0;41;48;37;38;55;42;34;48;27
42.0;44;49;36;38;55;45;32;47;24
48.0;42;52;35;37;57;44;32;48;23
54.0;42;51;34;40;61;44;29;48;21
60.0;41;52;36;39;61;46;21;50;24
66.0;41;53;34;40;61;45;16;55;25
72.0;37;50;31;42;65;44;17;56;28
78.0;30;47;33;42;68;46;20;55;29
84.0;31;46;34;43;70;40;21;53;32
90.0;29;44;29;44;74;36;29;54;31
96.0;28;45;28;45;77;36;31;51;29
102.0;25;45;28;47;81;36;28;52;28
108.0;24;46;25;51;81;40;25;48;30
114.0;24;46;22;53;84;43;26;45;27
120.0;23;47;21;48;83;43;29;46;30
126.0;19;47;18;46;86;47;30;47;30
132.0;24;47;16;40;86;48;27;49;33
138.0;27;44;19;40;85;49;25;49;32
144.0;25;45;19;37;86;48;25;52;33
150.0;20;42;19;39;90;46;28;53;33
156.0;18;42;18;38;91;48;31;51;33
162.0;20;42;20;37;90;48;30;50;33
168.0;18;44;17;38;89;47;33;52;32
174.0;19;43;14;37;92;48;36;50;31
180.0;19;43;15;39;94;44;40;46;30
186.0;20;45;14;40;93;42;37;47;32
192.0;22;48;14;39;98;38;36;47;28
198.0;22;46;17;39;97;39;33;49;28
204.0;22;48;16;44;98;38;31;48;25
210.0;18;48;17;42;98;38;32;50;27
216.0;18;48;20;41;97;39;29;50;28
222.0;19;52;19;41;99;40;29;49;22
228.0;19;49;20;41;99;38;31;50;23
234.0;20;47;21;42;101;34;32;49;24
240.0;18;46;24;43;103;36;32;48;20
246.0;21;46;22;47;102;37;30;47;18
252.0;20;46;24;47;102;37;30;47;17
258.0;20;48;25;45;103;39;25;45;20
264.0;20;47;25;40;107;38;28;46;19
270.0;18;50;24;35;110;41;28;45;19
276.0;18;51;25;33;112;41;25;46;19
282.0;20;52;21;35;111;41;24;44;22
288.0;20;49;20;38;111;43;26;42;21
294.0;16;47;20;41;111;41;27;42;25
300.0;18;44;19;45;111;39;27;43;24
306.0;20;44;20;47;112;38;25;43;21
312.0;21;41;21;45;113;38;28;42;21
318.0;23;41;20;49;113;36;25;39;24
324.0;25;41;20;50;111;36;24;38;25
330.0;25;40;20;49;113;35;26;39;23
336.0;25;44;22;48;111;34;25;40;21
342.0;26;45;22;44;113;34;25;41;20
348.0;28;43;22;45;113;31;23;44;21
354.0;27;41;24;43;114;30;26;43;22
360.0;28;42;24;42;113;29;25;43;24
366.0;27;42;22;41;113;30;26;43;26
372.0;27;44;21;38;114;33;25;40;28
378.0;28;43;20;41;115;36;22;40;25
384.0;28;41;20;44;114;36;23;41;23
390.0;23;41;21;46;115;38;23;42;21
396.0;23;42;22;46;114;39;22;43;19
402.0;23;44;22;47;117;38;19;42;18
408.0;20;40;19;49;120;41;20;42;19
414.0;23;42;17;49;125;41;17;39;17
420.0;21;43;16;49;126;40;15;43;17
426.0;20;43;14;47;127;41;15;45;18
432.0;20;40;16;45;130;41;15;45;18
438.0;21;37;20;44;132;39;15;47;15
444.0;20;37;20;39;135;39;16;50;14
450.0;18;32;20;39;140;40;14;50;17
456.0;17;33;18;37;144;41;14;48;18
462.0;18;36;17;37;142;42;14;47;17
468.0;15;41;17;39;142;44;15;42;15
474.0;13;37;15;38;142;46;17;42;20
480.0;14;37;14;38;141;50;16;40;20
486.0;15;35;14;38;145;46;19;39;19
492.0;16;34;9;41;148;43;16;42;21
498.0;17;35;9;40;149;45;17;41;17
504.0;22;34;12;38;152;41;18;38;15
510.0;22;37;14;35;152;39;16;42;13
516.0;22;37;12;33;153;42;17;38;16
522.0;24;39;13;32;152;43;20;36;11
528.0;25;40;16;34;148;40;20;37;10
534.0;26;39;14;34;147;40;20;38;12
540.0;27;41;12;34;152;36;19;36;13
546.0;28;39;14;34;152;37;19;36;11
552.0;26;38;15;35;153;38;20;33;12
558.0;21;37;17;34;155;37;21;32;16
564.0;19;36;16;34;160;40;18;31;16
570.0;17;36;17;35;160;41;18;32;14
576.0;18;37;19;33;156;42;17;33;15
582.0;16;38;19;30;156;43;16;36;16
588.0;15;37;19;31;156;46;15;34;17
594.0;17;33;19;33;156;44;16;34;18
600.0;17;33;18;31;157;42;16;39;17
606.0;20;32;19;33;156;40;13;38;19
612.0;21;34;18;30;156;40;13;40;18
618.0;22;33;15;32;157;40;10;44;17
624.0;23;37;12;32;157;35;11;45;18
630.0;24;32;13;32;155;35;13;46;20
636.0;18;32;19;33;153;37;11;46;21
642.0;19;31;17;32;152;41;11;48;19
648.0;18;31;20;30;155;42;10;45;19
654.0;17;33;19;31;156;39;11;46;18
660.0;19;35;17;30;154;35;15;47;18
666.0;18;33;19;32;157;37;13;43;18
672.0;18;34;23;29;160;36;12;42;16
678.0;18;35;20;29;161;34;13;42;18
684.0;16;37;19;31;158;35;12;41;21
690.0;16;38;18;31;161;35;12;39;20
696.0;16;37;14;32;162;39;13;43;14
702.0;15;37;15;32;160;38;13;44;16
708.0;17;37;14;30;163;37;14;42;16
714.0;17;35;15;31;162;39;12;41;18
720.0;17;33;16;31;165;40;15;36;17
726.0;16;34;17;30;166;38;17;37;15
732.0;19;31;18;26;167;39;18;37;15
738.0;19;32;19;25;166;42;16;34;17
744.0;22;33;20;22;165;36;16;36;20
750.0;22;34;18;25;165;34;16;36;20
756.0;21;34;16;26;165;35;17;38;18
762.0;20;35;18;27;166;35;15;37;17
768.0;19;33;18;28;165;36;15;37;19
774.0;17;34;19;28;164;38;14;37;19
780.0;14;33;21;27;166;39;15;35;20
786.0;13;36;19;28;166;35;16;36;21
792.0;12;37;19;33;164;32;17;36;20
798.0;12;35;20;31;163;35;18;36;20
804.0;13;35;22;31;162;35;16;35;21
810.0;14;37;22;30;162;34;18;32;21
816.0;9;36;22;29;162;36;19;36;21
822.0;8;36;20;30;162;35;20;36;23
828.0;6;35;22;33;162;34;20;37;21
834.0;8;33;21;36;160;35;21;38;18
840.0;7;32;22;37;161;36;21;39;15
846.0;7;30;19;38;160;39;23;40;14
852.0;8;31;20;34;159;37;24;41;16
858.0;9;30;21;34;159;39;23;39;16
864.0;10;29;19;36;162;37;21;40;16
870.0;11;30;19;35;162;38;19;41;15
876.0;12;26;21;37;162;38;20;40;14
882.0;12;28;25;37;158;38;21;38;13
888.0;11;32;26;36;160;36;18;37;14
894.0;10;32;30;36;160;36;17;37;12
900.0;10;30;30;35;160;35;15;41;14
906.0;14;32;27;33;160;33;17;39;15
912.0;13;32;26;35;160;35;14;41;14
918.0;16;32;30;34;157;33;14;42;12
924.0;17;30;29;35;158;37;15;40;9
930.0;18;32;27;32;159;34;14;43;11
936.0;19;34;25;32;160;35;14;40;11
942.0;18;33;24;34;160;35;14;42;10
948.0;20;32;21;35;160;37;13;42;10
954.0;23;30;19;34;159;38;15;41;11
960.0;20;33;19;32;158;40;17;42;9
966.0;17;32;19;33;158;40;15;46;10
972.0;14;32;14;33;159;42;15;47;14
978.0;15;31;15;32;159;44;16;46;12
984.0;17;31;12;34;159;44;14;47;12
990.0;17;32;12;34;161;44;11;45;14
996.0;17;30;11;35;165;42;12;44;14
1002.0;17;31;12;33;164;42;11;45;15
1008.0;16;31;11;35;162;46;10;43;16
1014.0;20;30;12;34;163;46;10;42;13
1020.0;18;27;13;38;163;44;12;40;15
1026.0;17;28;14;37;162;44;11;43;14
1032.0;19;30;9;36;164;43;17;40;12
1038.0;19;32;8;39;161;41;17;41;12
1044.0;16;34;9;43;160;43;13;41;11
1050.0;18;34;9;43;157;43;13;41;12
1056.0;18;33;9;47;156;43;14;40;10
1062.0;20;33;9;47;156;43;14;39;9
1068.0;20;32;9;44;156;43;18;37;11
1074.0;20;33;10;42;155;44;18;36;12
1080.0;19;31;9;38;157;43;23;36;14
1086.0;19;33;8;40;154;43;22;36;15
1092.0;19;32;9;41;153;39;24;38;15
1098.0;19;35;9;38;157;37;24;37;14
1104.0;19;35;9;37;154;39;22;39;16
1110.0;20;35;11;38;152;38;21;38;17
1116.0;21;37;9;38;151;37;22;35;20
1122.0;21;38;7;37;157;37;19;35;19
1128.0;17;37;7;38;160;38;18;39;16
1134.0;16;38;8;40;158;36;19;38;17
1140.0;14;37;11;39;159;38;19;38;15
1146.0;14;35;12;37;157;38;18;41;18
1152.0;13;32;11;39;158;38;18;43;18
1158.0;14;34;10;39;158;40;17;42;16
1164.0;14;36;11;40;156;37;17;42;17
1170.0;15;38;14;42;156;33;13;40;19
1176.0;15;37;14;49;155;31;13;37;19
1182.0;15;39;12;48;159;28;10;41;18
1188.0;15;37;12;49;159;28;11;44;15
1194.0;15;36;10;49;161;29;8;48;14
1200.0;15;33;12;50;161;27;9;46;17
1206.0;17;33;13;50;163;25;11;45;13
1212.0;18;36;12;50;160;28;10;45;11
1218.0;15;35;13;51;159;29;12;44;12
1224.0;15;32;12;48;162;30;12;45;14
1230.0;16;32;11;48;160;32;11;46;14
1236.0;15;32;13;46;158;32;12;48;14
1242.0;13;29;13;49;159;32;13;51;11
1248.0;13;29;17;46;158;32;14;51;10
1254.0;13;28;18;46;158;31;14;50;12
1260.0;11;28;18;47;158;33;17;46;12
1266.0;13;27;20;46;162;26;17;45;14
1272.0;15;29;21;45;159;22;20;48;11
1278.0;18;31;22;40;159;23;18;48;11
1284.0;18;30;22;41;157;22;18;52;10
1290.0;19;30;22;41;157;20;20;50;11
1296.0;20;32;21;45;156;20;16;47;13
1302.0;19;30;19;44;153;25;19;47;14
1308.0;16;30;19;44;153;28;22;41;17
1314.0;14;28;21;45;153;31;23;39;16
1320.0;14;30;21;44;154;31;24;38;14
1326.0;17;31;19;44;154;30;23;36;16
1332.0;19;34;23;46;149;31;21;32;15
1338.0;18;31;21;46;151;33;21;35;14
1344.0;20;31;19;44;151;35;19;36;15
1350.0;18;35;19;41;151;33;22;35;16
1356.0;22;37;18;39;150;34;20;36;14
1362.0;21;35;14;41;155;35;21;36;12
1368.0;20;35;12;40;157;37;22;37;10
1374.0;21;35;12;41;156;37;22;36;10
1380.0;23;30;13;43;156;37;23;36;9
1386.0;22;29;13;42;160;35;22;36;11
1392.0;24;29;14;39;161;37;21;32;13
1398.0;24;26;12;42;163;39;19;31;14
1404.0;23;26;11;38;168;39;20;31;14
1410.0;24;25;11;38;168;40;19;31;14
1416.0;23;26;12;39;169;39;18;29;15
1422.0;22;29;13;38;169;35;17;31;16
1428.0;20;31;16;39;171;35;16;30;12
1434.0;18;32;15;37;173;36;15;31;13
1440.0;18;34;14;37;171;39;17;30;10
1446.0;17;34;14;36;169;40;21;29;10
1452.0;14;38;16;36;171;39;17;29;10
1458.0;13;43;15;37;171;37;18;29;7
1464.0;13;41;14;38;170;37;19;29;9
1470.0;13;39;13;39;168;40;20;30;8
1476.0;13;36;14;40;167;40;20;31;9
1482.0;12;36;14;39;167;40;18;32;12
1488.0;11;37;12;41;168;39;16;34;12
1494.0;11;36;12;41;167;41;16;35;11
1500.0;9;40;13;41;167;38;17;33;12
1506.0;9;39;13;40;171;36;17;34;11
1512.0;9;37;13;40;172;34;17;35;13
1518.0;12;37;13;40;169;36;14;35;14
1524.0;12;34;14;41;170;34;15;36;14
1530.0;13;37;14;39;172;34;14;32;15
1536.0;17;35;12;38;172;38;13;29;16
1542.0;21;30;17;35;170;40;11;27;19
1548.0;22;30;18;37;170;43;9;24;17
1554.0;23;30;19;34;169;42;12;25;16
1560.0;22;33;20;34;169;40;11;27;14
1566.0;20;34;20;34;167;42;10;28;15
1572.0;21;32;22;36;166;42;7;28;16
1578.0;24;32;20;36;166;43;7;26;16
1584.0;25;31;16;36;165;45;10;28;14
1590.0;25;31;15;34;163;44;13;30;15
1596.0;25;29;15;38;162;42;13;29;17
1602.0;32;26;13;38;162;41;14;27;17
1608.0;32;25;14;36;162;41;14;29;17
1614.0;27;22;16;38;162;41;17;32;15
1620.0;27;26;15;38;163;40;13;33;15
1626.0;27;26;16;39;163;39;13;31;16
1632.0;26;26;13;43;160;40;13;33;16
1638.0;26;28;13;39;162;42;12;32;16
1644.0;26;29;12;39;161;45;13;32;13
1650.0;22;31;13;39;159;49;16;30;11
1656.0;20;31;12;41;159;47;17;31;12
1662.0;22;29;11;45;160;46;17;31;9
1668.0;23;28;11;44;160;45;18;31;10
1674.0;25;28;12;41;159;44;20;33;8
1680.0;24;27;11;40;161;49;20;31;7
1686.0;22;29;11;40;162;48;18;31;9
1692.0;21;27;14;33;161;50;17;33;14
1698.0;22;28;13;34;161;48;18;32;14
1704.0;19;30;15;35;160;48;19;33;11
1710.0;19;29;16;38;162;46;17;29;14
1716.0;22;31;13;40;161;45;18;29;11
1722.0;20;32;16;41;160;44;18;29;10
1728.0;21;32;18;41;159;41;19;27;12
1734.0;22;31;21;40;158;40;19;27;12
1740.0;21;30;22;39;157;43;19;26;13
1746.0;23;33;21;40;157;43;18;25;10
1752.0;22;34;18;43;158;42;20;24;9
1758.0;24;33;16;43;158;40;22;23;11
1764.0;18;33;20;46;159;36;19;24;15
1770.0;17;33;21;46;157;35;17;28;16
1776.0;14;35;23;48;155;35;16;26;18
1782.0;13;34;24;45;154;38;16;27;19
1788.0;18;31;24;48;152;42;12;26;17
1794.0;16;31;26;44;155;43;11;27;17
