#auto generated file!
12.0;34;52;53;55;46;47;55;47;41
18.0;33;55;48;58;48;45;49;50;44
24.0;35;56;50;62;49;44;48;47;39
30.0;36;57;45;61;52;42;51;46;40
36.0;36;55;47;59;57;43;48;46;39
42.0;34;57;45;59;62;44;45;46;38
48.0;34;58;49;58;62;44;38;51;36
54.0;32;57;49;57;65;46;39;50;35
60.0;28;57;49;56;67;47;40;49;37
66.0;24;56;47;56;69;50;43;51;34
72.0;25;59;51;52;71;51;37;50;34
78.0;27;58;48;50;72;51;37;54;33
84.0;24;56;49;49;74;50;43;52;33
90.0;22;59;45;51;77;49;42;57;28
96.0;24;55;47;50;79;47;40;59;29
102.0;29;47;44;53;79;47;40;63;28
108.0;27;49;45;47;82;48;37;64;31
114.0;27;48;46;48;87;49;31;62;32
120.0;25;46;45;47;91;50;34;62;30
126.0;27;49;42;50;92;49;28;56;37
132.0;29;52;42;52;91;45;29;55;35
138.0;29;51;41;56;90;45;30;56;32
144.0;30;50;37;54;96;45;33;55;30
150.0;29;55;37;56;96;46;31;54;26
156.0;31;51;37;55;97;46;28;57;28
162.0;30;52;33;57;99;43;29;59;28
168.0;31;51;32;56;101;43;28;58;30
174.0;31;52;31;55;103;44;25;57;32
180.0;30;51;24;54;109;45;23;62;32
186.0;29;51;26;53;114;43;22;60;32
192.0;26;52;27;50;117;45;19;61;33
198.0;24;54;26;54;116;46;19;61;30
204.0;26;52;27;55;118;46;18;60;28
210.0;24;52;29;57;122;49;14;56;27
216.0;25;49;29;55;125;48;16;55;28
222.0;27;49;26;57;125;50;15;54;27
228.0;26;46;29;56;128;52;16;53;24
234.0;26;46;30;55;128;52;19;50;24
240.0;24;46;25;56;129;51;21;52;26
246.0;23;44;25;55;131;53;20;52;27
252.0;23;41;23;56;135;56;21;50;25
258.0;23;42;22;54;135;56;21;51;26
264.0;24;42;22;50;138;59;20;49;26
270.0;22;43;22;52;140;58;21;49;23
276.0;21;43;22;51;143;56;19;50;25
282.0;22;45;22;50;143;55;18;51;24
288.0;24;45;22;50;143;54;19;52;21
294.0;22;45;24;51;146;53;17;51;21
300.0;20;46;26;47;148;53;19;51;20
306.0;21;45;24;45;148;52;26;50;19
312.0;22;45;26;41;148;54;24;50;20
318.0;22;45;23;40;148;55;26;51;20
324.0;25;45;21;40;151;54;20;52;22
330.0;23;46;17;40;153;56;19;55;21
336.0;23;48;19;40;156;55;20;53;16
342.0;21;44;22;43;156;54;22;52;16
348.0;22;44;19;44;156;50;21;53;21
354.0;21;46;19;43;158;48;21;53;21
360.0;21;47;19;42;157;50;22;51;21
366.0;21;51;20;39;157;48;22;53;19
372.0;19;53;24;34;155;47;26;54;18
378.0;20;50;23;35;154;47;30;56;15
384.0;21;48;23;34;155;49;26;57;17
390.0;21;46;22;34;157;48;25;58;19
396.0;17;50;23;35;153;47;28;60;17
402.0;17;50;22;30;155;47;27;65;17
408.0;21;53;24;28;150;48;25;63;18
414.0;22;54;24;30;152;47;23;61;17
420.0;20;55;25;29;153;46;24;63;15
426.0;22;51;27;29;156;44;22;65;14
432.0;24;48;26;30;156;41;21;66;18
438.0;25;46;26;31;153;43;22;66;18
444.0;25;49;23;31;151;43;25;64;19
450.0;25;47;22;29;151;47;26;63;20
456.0;25;44;26;28;150;48;26;64;19
462.0;23;45;24;30;149;49;26;63;21
468.0;27;44;21;31;155;49;23;63;17
474.0;27;41;18;34;156;48;20;64;22
480.0;25;45;20;32;154;47;21;62;24
486.0;26;43;15;35;153;48;25;64;21
492.0;25;48;15;40;153;44;25;60;20
498.0;24;50;15;39;153;44;26;57;22
504.0;23;50;17;40;153;47;26;49;25
510.0;22;49;17;41;156;46;22;50;27
516.0;24;49;16;41;154;45;24;50;27
522.0;25;52;15;43;153;46;20;48;28
528.0;24;52;14;42;153;45;24;49;27
534.0;23;54;16;39;152;49;23;49;25
540.0;21;54;17;39;154;48;24;51;22
546.0;19;54;22;39;151;50;22;49;24
552.0;23;51;21;40;152;53;22;45;23
558.0;27;45;20;40;152;56;21;45;24
564.0;25;49;19;42;153;54;20;46;22
570.0;25;51;21;42;156;50;22;41;22
576.0;26;49;23;41;157;44;27;40;23
582.0;28;51;21;38;159;44;26;41;22
588.0;30;52;17;37;160;43;26;39;26
594.0;28;54;19;39;160;42;22;38;28
600.0;27;53;20;39;160;44;20;39;28
606.0;32;52;16;38;164;45;21;37;25
612.0;35;50;16;41;159;43;22;39;25
618.0;32;49;19;38;160;44;23;39;26
624.0;35;45;20;39;162;38;23;41;27
630.0;35;45;19;40;163;38;21;46;23
636.0;36;44;20;38;164;39;23;44;22
642.0;34;44;20;37;166;41;26;41;21
648.0;32;46;18;42;167;40;22;42;21
654.0;28;43;17;42;172;40;25;42;21
660.0;27;43;16;42;174;40;22;43;23
666.0;29;42;12;41;176;39;25;43;23
672.0;29;40;12;42;178;40;26;42;21
678.0;26;40;18;40;174;42;26;44;20
684.0;29;39;21;38;174;39;25;44;21
690.0;30;42;19;33;176;39;26;48;17
696.0;27;44;22;31;180;37;26;48;15
702.0;27;48;21;30;180;35;26;49;14
708.0;31;48;21;30;178;34;24;50;14
714.0;31;47;22;33;177;33;25;49;13
720.0;32;51;20;33;175;30;27;47;15
726.0;35;53;18;34;174;30;26;43;17
732.0;32;54;18;36;178;30;26;40;16
738.0;33;56;16;36;177;31;25;40;16
744.0;29;54;21;43;174;29;27;40;13
750.0;31;52;22;40;176;31;25;38;15
756.0;30;51;24;40;173;30;21;42;19
762.0;31;46;24;36;179;30;21;43;20
768.0;31;45;25;37;180;28;24;40;20
774.0;31;49;24;37;181;27;26;36;19
780.0;27;52;23;37;181;28;25;39;18
786.0;22;49;24;37;181;34;25;41;17
792.0;20;50;23;40;185;31;24;41;16
798.0;21;51;21;39;188;32;22;41;15
804.0;22;50;20;42;188;31;21;42;14
810.0;22;51;19;43;188;29;23;42;13
816.0;21;52;19;46;187;30;23;39;13
822.0;16;53;19;46;188;31;24;40;13
828.0;12;54;19;48;185;33;19;45;15
834.0;14;52;20;47;185;34;18;44;16
840.0;14;49;20;49;183;32;20;45;18
846.0;12;52;22;48;184;31;22;43;16
852.0;13;50;22;49;184;30;20;46;16
858.0;11;51;23;48;179;33;22;47;16
864.0;12;47;23;47;179;32;21;50;19
870.0;12;45;23;45;180;33;22;49;21
876.0;11;46;25;45;183;32;24;45;19
882.0;12;47;26;43;184;29;24;43;22
888.0;12;46;28;39;185;31;25;44;20
894.0;12;40;27;40;187;34;24;42;24
900.0;12;40;31;39;186;34;24;42;22
906.0;14;39;28;39;188;34;26;40;22
912.0;9;43;29;38;188;38;21;45;19
918.0;8;42;28;36;188;38;25;44;21
924.0;10;38;27;35;189;37;28;43;23
930.0;10;36;27;36;193;37;26;43;22
936.0;9;36;27;40;189;40;25;43;21
942.0;10;35;29;39;188;40;25;43;21
948.0;9;34;29;42;187;39;27;43;20
954.0;12;33;29;41;189;37;26;44;19
960.0;15;35;26;39;190;35;25;45;20
966.0;15;37;26;38;193;32;26;44;19
972.0;15;42;22;39;192;31;28;45;16
978.0;15;44;20;40;192;32;23;48;16
984.0;15;41;21;43;193;30;21;51;15
990.0;19;41;20;41;193;26;23;53;14
996.0;21;44;19;43;191;25;23;52;12
1002.0;19;42;19;41;191;25;25;52;16
1008.0;20;41;19;40;189;24;25;54;18
1014.0;19;45;19;39;190;25;23;52;18
1020.0;21;50;19;35;189;25;20;51;20
1026.0;24;49;15;36;188;27;22;51;18
1032.0;27;47;16;34;189;26;23;50;18
1038.0;29;45;17;33;186;28;24;50;18
1044.0;27;48;19;31;186;28;24;48;19
1050.0;26;50;18;31;185;30;22;51;17
1056.0;26;48;20;33;185;31;22;49;16
1062.0;24;45;21;35;185;31;23;48;18
1068.0;24;46;21;39;184;32;20;46;18
1074.0;22;46;21;43;182;30;20;44;22
1080.0;21;47;22;41;184;32;19;44;20
1086.0;23;44;25;40;184;33;18;44;19
1092.0;20;42;26;42;185;36;19;41;19
1098.0;18;44;26;43;187;40;18;36;18
1104.0;18;40;24;46;189;39;14;39;21
1110.0;20;38;24;48;188;37;13;41;21
1116.0;20;41;27;51;187;33;12;39;20
1122.0;19;43;30;46;191;32;13;38;18
1128.0;19;43;30;47;192;33;13;37;16
1134.0;18;42;28;49;192;32;18;34;17
1140.0;20;41;26;48;195;32;20;34;14
1146.0;23;40;23;49;195;35;17;32;16
1152.0;19;40;24;52;194;35;14;35;17
1158.0;21;37;22;49;196;36;17;34;18
1164.0;18;38;23;48;196;36;17;35;19
1170.0;23;37;24;47;192;40;13;34;20
1176.0;19;40;23;49;191;44;11;35;18
1182.0;19;41;21;51;193;40;10;34;21
1188.0;21;43;19;49;197;39;9;34;19
1194.0;22;43;18;45;199;36;12;35;20
1200.0;25;45;17;45;199;35;13;32;19
1206.0;23;45;17;43;201;36;14;33;18
1212.0;23;43;20;42;202;34;14;35;17
1218.0;26;42;20;42;200;33;15;36;16
1224.0;25;41;23;39;200;33;16;35;18
1230.0;24;41;25;42;203;30;16;35;14
1236.0;24;39;25;41;200;30;16;39;16
1242.0;25;40;26;42;197;30;18;38;14
1248.0;25;40;24;43;195;32;18;38;15
1254.0;24;43;26;41;192;34;15;38;17
1260.0;17;40;26;45;192;37;18;36;19
1266.0;20;40;26;45;191;37;19;33;19
1272.0;18;39;23;47;191;40;18;34;20
1278.0;18;41;20;45;191;36;21;35;23
1284.0;17;39;19;45;191;37;21;36;25
1290.0;18;39;18;44;192;35;23;36;25
1296.0;17;41;17;40;194;35;22;36;28
1302.0;20;42;18;40;193;36;19;34;28
1308.0;16;45;20;43;193;37;17;34;25
1314.0;14;45;17;43;193;36;17;37;28
1320.0;16;42;17;41;193;37;20;37;27
1326.0;14;42;18;42;193;37;19;40;25
1332.0;15;42;20;41;193;40;19;39;21
1338.0;20;40;20;40;193;40;17;39;21
1344.0;20;39;20;43;193;39;18;38;20
1350.0;22;40;18;44;188;40;17;42;19
1356.0;19;40;18;44;191;41;20;39;18
1362.0;22;38;19;44;191;39;20;39;18
1368.0;21;38;22;42;191;39;19;40;18
1374.0;21;38;22;45;190;36;20;40;18
1380.0;20;39;24;45;190;34;22;35;21
1386.0;18;40;24;44;190;36;22;36;20
1392.0;20;41;26;41;188;36;20;35;23
1398.0;19;42;29;41;187;35;22;33;22
1404.0;20;42;28;40;190;33;21;36;20
1410.0;18;40;30;41;190;36;20;35;20
1416.0;19;38;34;39;194;35;22;32;17
1422.0;21;39;30;38;195;33;27;30;17
1428.0;19;41;26;37;193;34;29;31;20
1434.0;22;39;25;37;194;32;29;29;23
1440.0;19;41;23;38;193;32;29;32;23
1446.0;19;44;23;34;195;30;27;30;28
1452.0;19;46;22;34;194;28;25;33;29
1458.0;20;45;20;35;193;25;27;34;31
1464.0;19;49;17;36;192;24;29;35;29
1470.0;18;46;18;40;192;22;29;39;26
1476.0;15;43;19;38;193;23;28;41;30
1482.0;14;43;21;40;191;27;26;40;28
1488.0;18;44;23;40;190;26;25;39;25
1494.0;19;42;22;42;190;23;25;40;27
1500.0;21;43;23;40;190;22;22;42;27
1506.0;24;45;23;39;185;27;22;39;26
1512.0;25;45;25;38;187;27;21;39;23
1518.0;26;43;29;40;186;31;19;34;22
1524.0;26;44;27;43;184;33;17;34;22
1530.0;25;45;27;41;185;30;19;34;24
1536.0;26;44;26;40;184;32;18;34;26
1542.0;28;48;23;43;186;30;17;32;23
1548.0;26;47;24;47;186;30;19;31;20
1554.0;24;46;23;47;189;30;17;32;22
1560.0;23;49;22;47;189;34;18;29;19
1566.0;22;48;24;48;188;36;20;27;17
1572.0;20;46;23;48;191;35;22;27;18
1578.0;20;47;24;44;190;36;20;28;21
1584.0;18;46;24;42;188;37;22;30;23
1590.0;19;43;22;40;188;38;25;32;23
1596.0;19;43;23;39;190;36;24;32;24
1602.0;18;45;22;37;190;37;23;35;23
1608.0;19;44;21;39;190;37;23;33;24
1614.0;19;44;21;42;189;35;21;37;22
1620.0;20;44;19;44;188;35;24;36;20
1626.0;20;45;19;42;186;36;24;39;19
1632.0;18;46;20;39;186;37;24;40;20
1638.0;19;47;21;40;182;37;25;40;19
1644.0;18;52;21;41;178;34;24;42;20
1650.0;18;52;24;39;177;34;23;43;20
1656.0;20;49;24;38;178;34;25;43;19
1662.0;18;51;24;39;179;33;26;40;20
1668.0;18;48;23;40;177;34;27;41;22
1674.0;15;48;23;40;180;36;25;38;25
1680.0;19;47;24;39;180;36;23;36;26
1686.0;18;47;24;40;179;35;25;33;29
1692.0;16;48;26;38;179;37;27;36;23
1698.0;16;46;24;39;179;38;25;40;23
1704.0;16;44;27;41;178;38;26;40;20
1710.0;19;43;30;40;177;36;26;39;20
1716.0;25;43;26;38;176;39;24;39;20
1722.0;25;42;24;37;180;38;24;40;20
1728.0;26;44;22;34;181;38;24;40;21
1734.0;24;40;21;33;184;39;25;41;23
1740.0;21;42;23;34;183;37;24;41;25
1746.0;21;39;22;36;183;40;26;43;20
1752.0;21;40;23;38;183;41;21;43;20
1758.0;18;42;24;41;180;40;24;42;19
1764.0;20;43;24;44;177;39;22;41;20
1770.0;21;43;24;44;175;40;20;39;24
1776.0;22;44;24;43;173;37;24;39;24
1782.0;22;44;25;38;175;38;27;39;22
1788.0;23;43;25;37;175;39;26;38;24
1794.0;23;40;22;40;176;38;28;39;24
