#auto generated file!
12.0;34;34;26;39;38;38;31;42;38
18.0;30;37;25;38;38;42;33;41;36
24.0;24;38;22;35;44;46;33;43;35
30.0;21;41;22;35;47;47;30;44;33
36.0;22;40;24;34;48;46;31;44;31
42.0;23;40;22;33;50;47;28;47;30
48.0;24;43;22;35;49;42;25;50;30
54.0;25;44;24;35;53;41;24;48;26
60.0;25;48;24;35;54;39;21;48;26
66.0;26;50;22;38;54;39;23;44;24
72.0;21;49;18;44;56;36;25;44;27
78.0;22;49;20;41;59;37;25;42;25
84.0;23;51;22;39;58;40;22;43;22
90.0;23;48;24;38;60;40;24;41;22
96.0;23;49;25;39;62;37;25;42;18
102.0;22;53;25;39;62;36;22;44;17
108.0;23;48;25;40;63;36;22;47;16
114.0;22;47;27;41;64;34;25;43;17
120.0;24;47;26;39;65;33;27;44;15
126.0;23;48;25;38;66;34;26;46;14
132.0;21;50;24;38;70;34;24;46;13
138.0;22;47;26;40;71;33;23;45;13
144.0;21;47;25;39;70;31;24;45;18
150.0;20;50;23;39;68;31;25;44;20
156.0;19;50;25;40;67;30;24;43;22
162.0;19;46;26;40;68;33;25;40;23
168.0;17;44;27;38;70;34;24;47;19
174.0;17;43;24;37;76;37;22;51;13
180.0;16;40;23;39;79;34;23;52;14
186.0;18;38;20;40;82;36;21;52;13
192.0;16;38;22;37;84;37;22;51;13
198.0;18;38;24;36;82;37;21;49;15
204.0;13;40;23;37;87;38;19;47;16
210.0;13;39;23;36;85;41;19;47;17
216.0;17;39;24;34;84;43;15;48;16
222.0;20;38;19;35;83;45;15;48;17
228.0;19;39;21;33;86;43;14;47;18
234.0;17;37;19;33;87;47;12;47;21
240.0;17;36;21;33;85;50;13;47;18
246.0;16;40;20;33;86;51;12;46;16
252.0;15;39;21;36;86;46;12;47;18
258.0;18;39;23;33;86;45;11;48;17
264.0;18;41;24;34;86;43;12;47;15
270.0;17;38;22;33;87;48;11;50;14
276.0;19;36;16;35;87;48;13;53;13
282.0;19;34;18;33;91;46;15;50;14
288.0;20;34;19;34;91;45;13;49;15
294.0;20;35;18;32;95;43;14;48;15
300.0;21;35;18;30;98;40;15;45;18
306.0;18;33;19;32;101;41;14;45;17
312.0;18;31;18;32;102;42;16;44;17
318.0;19;32;17;30;102;43;16;44;17
324.0;22;34;14;30;100;40;15;47;18
330.0;21;31;13;26;103;42;16;48;20
336.0;24;31;14;25;108;40;18;43;17
342.0;22;26;17;26;107;44;17;42;19
348.0;20;28;19;28;109;44;17;41;14
354.0;21;30;20;29;106;44;17;42;11
360.0;19;31;23;31;107;44;13;40;12
366.0;19;30;23;32;108;46;14;37;11
372.0;21;30;20;36;107;45;15;33;13
378.0;20;31;19;36;110;42;14;34;14
384.0;20;30;20;34;110;42;14;35;15
390.0;18;30;17;35;113;44;11;36;16
396.0;15;29;21;35;112;43;14;33;18
402.0;12;31;21;36;111;43;15;34;17
408.0;11;33;23;36;111;43;15;33;15
414.0;12;33;22;35;111;45;15;33;14
420.0;13;36;18;35;112;44;14;33;15
426.0;12;36;16;39;112;46;14;33;12
432.0;12;36;16;38;113;46;12;33;14
438.0;14;31;17;38;115;45;13;32;15
444.0;14;29;18;36;116;42;15;34;16
450.0;14;29;17;37;117;44;13;33;16
456.0;14;27;18;36;116;43;13;35;18
462.0;12;28;18;37;116;40;14;34;21
468.0;14;28;17;37;118;38;16;32;20
474.0;16;28;21;34;116;38;16;33;18
480.0;18;30;20;35;117;35;17;31;17
486.0;18;31;19;33;117;37;16;37;12
492.0;19;33;19;28;114;38;18;37;14
498.0;15;34;20;30;114;39;16;36;16
504.0;12;35;19;31;113;37;18;35;20
510.0;14;37;18;31;115;36;16;34;19
516.0;15;37;18;29;117;37;17;34;16
522.0;15;33;18;29;119;39;14;36;17
528.0;16;32;18;29;120;40;15;32;18
534.0;15;34;16;29;122;41;14;34;15
540.0;15;37;15;29;123;39;14;35;13
546.0;15;37;14;32;127;41;14;29;11
552.0;17;35;16;30;130;37;15;30;10
558.0;16;37;14;29;131;36;15;30;12
564.0;15;35;16;29;132;35;16;30;12
570.0;16;38;17;29;131;33;16;28;12
576.0;17;33;17;31;129;35;18;26;14
582.0;17;34;15;30;131;37;17;26;13
588.0;15;34;16;30;130;37;18;25;15
594.0;14;33;17;31;132;36;17;27;13
600.0;15;32;18;29;135;35;17;26;13
606.0;14;32;17;31;134;34;17;25;16
612.0;15;30;18;30;134;35;17;24;17
618.0;11;32;17;32;134;36;17;25;16
624.0;14;32;18;31;132;36;18;24;15
630.0;15;32;15;33;134;37;18;23;13
636.0;14;32;18;32;134;35;18;23;14
642.0;13;32;14;33;132;37;19;26;14
648.0;13;31;13;32;131;41;19;27;13
654.0;14;32;14;30;134;40;17;27;12
660.0;15;32;14;30;135;38;13;31;12
666.0;16;32;14;30;135;38;13;29;13
672.0;16;30;13;30;140;36;13;29;13
678.0;16;30;13;29;140;33;13;32;14
684.0;16;30;14;32;138;33;13;30;14
690.0;15;28;16;33;139;36;12;29;12
696.0;15;31;16;31;140;33;10;29;15
702.0;14;34;15;31;138;33;10;27;18
708.0;14;33;16;29;138;33;11;30;16
714.0;14;33;17;29;138;33;10;30;16
720.0;13;32;15;31;138;32;10;30;19
726.0;11;30;12;32;140;35;10;30;20
732.0;12;31;12;33;138;34;12;31;17
738.0;11;34;11;34;136;34;13;31;16
744.0;10;33;12;34;137;35;11;31;17
750.0;9;35;11;33;138;35;11;30;18
756.0;10;37;9;33;138;33;9;33;18
762.0;12;36;9;32;137;34;11;32;17
768.0;14;32;12;33;138;35;10;30;16
774.0;13;32;14;34;139;34;9;32;13
780.0;13;35;15;36;134;35;10;29;13
786.0;14;36;15;33;133;35;12;30;12
792.0;16;37;14;33;132;33;15;28;12
798.0;17;38;11;32;133;35;16;25;13
804.0;17;38;11;31;133;35;16;26;13
810.0;17;32;11;33;135;36;15;27;14
816.0;16;28;10;32;140;38;15;28;13
822.0;15;28;7;33;141;38;14;29;15
828.0;13;27;7;33;141;40;14;29;16
834.0;13;28;6;34;139;38;16;30;16
840.0;15;28;6;35;139;39;16;28;14
846.0;15;30;6;34;139;35;17;29;15
852.0;15;32;8;36;137;34;17;28;13
858.0;13;31;6;35;142;30;18;30;15
864.0;16;30;5;36;140;30;16;33;14
870.0;18;29;6;34;138;31;18;32;14
876.0;16;29;9;36;136;32;17;32;13
882.0;18;27;10;35;137;31;16;34;12
888.0;18;28;11;35;138;32;12;34;12
894.0;21;28;12;32;138;30;11;34;14
900.0;20;31;12;33;136;28;11;35;14
906.0;19;31;12;33;137;30;11;36;11
912.0;15;32;15;35;138;31;11;33;10
918.0;15;32;16;35;137;31;11;32;11
924.0;15;32;15;33;137;34;11;31;12
930.0;14;33;15;30;137;35;12;31;13
936.0;15;32;14;30;139;37;11;32;10
942.0;18;30;13;29;142;36;10;32;10
948.0;16;31;14;29;142;35;11;31;11
954.0;16;29;14;31;140;36;9;34;11
960.0;18;26;17;33;142;35;10;29;10
966.0;16;25;13;30;148;38;10;30;10
972.0;14;25;15;30;150;38;10;29;9
978.0;11;25;17;30;150;36;12;30;9
984.0;13;24;17;30;151;33;12;30;10
990.0;13;25;17;31;149;32;13;31;9
996.0;15;25;15;31;150;31;13;32;8
1002.0;15;26;15;33;150;31;9;30;11
1008.0;14;28;16;35;153;28;8;28;10
1014.0;11;31;13;32;153;27;11;29;13
1020.0;13;32;13;34;150;26;10;29;13
1026.0;12;32;12;34;148;26;11;31;14
1032.0;12;33;11;34;147;26;12;30;15
1038.0;11;35;12;33;145;26;12;32;14
1044.0;10;36;11;33;145;29;12;32;12
1050.0;7;36;11;31;147;30;12;35;11
1056.0;8;35;14;32;146;30;13;32;10
1062.0;9;36;15;29;144;27;15;34;11
1068.0;8;36;16;31;145;27;14;33;10
1074.0;10;37;11;29;145;25;14;36;13
1080.0;7;37;14;30;144;26;13;36;13
1086.0;6;34;14;33;145;26;13;38;11
1092.0;4;32;14;33;150;30;12;37;8
1098.0;6;30;14;31;152;34;12;34;7
1104.0;4;28;14;31;155;34;9;35;10
1110.0;4;28;14;34;153;33;9;35;10
1116.0;5;29;15;35;153;30;7;35;11
1122.0;7;28;14;34;155;31;9;34;8
1128.0;8;27;13;34;154;30;10;36;8
1134.0;6;26;17;32;156;29;8;37;9
1140.0;5;26;18;33;159;27;8;36;8
1146.0;6;26;18;32;157;26;10;36;9
1152.0;6;25;18;33;156;26;11;37;8
1158.0;7;23;18;34;155;23;15;37;8
1164.0;6;23;19;34;155;24;15;35;9
1170.0;6;24;17;33;154;25;16;33;12
1176.0;8;26;16;32;156;23;15;31;13
1182.0;6;25;19;32;153;23;16;30;16
1188.0;5;26;17;32;154;23;21;28;14
1194.0;7;26;17;34;155;25;17;27;12
1200.0;8;25;18;33;155;25;17;27;12
1206.0;9;25;20;31;155;26;14;29;11
1212.0;10;24;18;29;155;27;15;29;13
1218.0;12;23;16;28;156;25;13;32;15
1224.0;11;24;17;29;155;24;13;31;16
1230.0;14;24;18;27;155;25;13;28;16
1236.0;15;24;18;28;154;26;11;28;16
1242.0;16;24;17;27;155;26;11;28;16
1248.0;16;23;15;30;153;27;12;27;17
1254.0;15;24;15;30;153;28;14;25;16
1260.0;18;24;19;31;151;28;12;24;13
1266.0;20;25;16;31;151;30;11;23;13
1272.0;21;25;19;29;149;31;10;23;13
1278.0;22;23;18;27;150;32;11;23;14
1284.0;23;25;16;26;150;32;11;23;14
1290.0;20;24;18;25;150;32;12;24;15
1296.0;23;25;14;27;151;29;11;24;16
1302.0;20;25;18;29;150;26;11;23;18
1308.0;18;24;21;28;150;28;11;23;17
1314.0;18;27;22;25;148;28;13;26;13
1320.0;16;26;19;26;151;29;13;27;13
1326.0;17;25;18;25;150;29;11;28;17
1332.0;16;25;18;25;150;29;10;31;16
1338.0;18;24;17;24;148;30;11;32;16
1344.0;18;25;16;29;146;33;8;31;14
1350.0;17;28;15;28;142;33;11;31;15
1356.0;19;31;15;26;143;32;9;31;14
1362.0;18;30;15;24;142;33;8;35;15
1368.0;21;30;15;23;142;33;9;33;14
1374.0;20;30;16;22;143;34;11;31;13
1380.0;17;32;17;21;144;35;12;29;13
1386.0;18;31;19;20;142;36;10;29;15
1392.0;16;34;19;21;143;33;11;29;14
1398.0;15;31;19;22;146;32;11;31;13
1404.0;16;31;18;20;147;33;11;33;11
1410.0;15;33;19;20;149;30;10;34;10
1416.0;17;33;17;21;149;30;12;34;7
1422.0;17;32;18;21;150;31;12;32;7
1428.0;17;36;18;19;150;30;10;32;8
1434.0;19;33;20;20;149;27;11;32;9
1440.0;19;34;20;17;149;28;11;32;10
1446.0;21;30;19;19;151;25;12;32;11
1452.0;21;34;18;17;151;21;13;35;10
1458.0;20;34;17;17;152;22;13;36;9
1464.0;20;35;18;16;153;21;13;35;9
1470.0;20;35;21;18;153;20;12;33;8
1476.0;15;37;20;20;155;21;12;32;8
1482.0;15;36;20;20;153;23;11;33;9
1488.0;16;36;19;20;151;25;13;31;9
1494.0;19;36;15;20;151;24;13;35;7
1500.0;20;35;15;21;152;22;13;33;9
1506.0;18;32;17;22;152;21;16;33;9
1512.0;16;33;19;24;152;20;14;32;10
1518.0;15;31;19;25;153;20;15;31;11
1524.0;14;30;21;25;154;19;15;30;12
1530.0;16;32;17;24;154;21;16;28;12
1536.0;17;31;16;24;155;23;13;29;12
1542.0;18;32;15;23;153;26;12;30;11
1548.0;21;30;11;24;152;28;13;28;13
1554.0;19;29;9;23;154;30;14;31;11
1560.0;18;29;11;23;154;33;13;31;8
1566.0;18;32;11;24;150;31;15;32;7
1572.0;16;32;13;24;148;32;17;32;6
1578.0;15;32;13;24;150;32;16;34;4
1584.0;14;31;13;21;150;32;19;36;4
1590.0;13;30;14;21;151;31;21;34;5
1596.0;12;28;13;21;152;30;23;33;8
1602.0;11;30;12;19;153;31;22;32;10
1608.0;9;30;10;19;155;34;21;33;9
1614.0;11;28;12;22;155;33;20;28;11
1620.0;11;27;12;22;154;32;18;29;15
1626.0;7;27;12;23;154;35;19;27;16
1632.0;7;29;7;23;157;37;16;25;19
1638.0;7;30;9;21;157;39;17;23;17
1644.0;6;28;11;23;155;38;18;23;18
1650.0;5;29;12;20;154;37;20;25;18
1656.0;6;24;13;21;155;37;20;25;19
1662.0;7;23;14;20;154;39;20;24;19
1668.0;9;23;15;20;160;37;16;24;16
1674.0;10;22;11;27;159;37;14;27;13
1680.0;10;24;12;29;156;36;14;28;11
1686.0;12;21;12;31;155;35;14;30;10
1692.0;12;20;13;30;156;34;13;32;10
1698.0;11;24;10;31;158;34;14;28;10
1704.0;10;26;11;34;157;32;14;26;10
1710.0;9;26;9;36;157;33;15;26;9
1716.0;12;25;6;40;154;33;16;26;8
1722.0;12;25;5;40;153;33;18;28;6
1728.0;12;24;5;40;153;34;20;26;6
1734.0;9;26;6;39;154;33;20;26;7
1740.0;8;25;7;38;156;28;23;28;7
1746.0;9;28;7;39;158;26;22;25;6
1752.0;9;29;8;39;157;26;20;26;6
1758.0;9;28;8;38;156;27;19;28;7
1764.0;8;26;10;36;157;27;21;28;7
1770.0;8;25;13;33;154;29;17;30;11
1776.0;8;27;13;33;154;27;18;32;8
1782.0;8;29;13;34;150;27;19;30;10
1788.0;7;30;13;34;151;27;20;27;11
1794.0;7;27;12;35;153;27;20;28;11
