#auto generated file!
12.0;16;21;13;12;25;20;13;21;9
18.0;16;21;13;12;23;20;13;22;10
24.0;16;22;14;12;24;20;10;22;10
30.0;17;20;15;11;27;19;9;20;12
36.0;13;18;15;11;27;18;10;22;16
42.0;11;18;15;11;29;19;11;21;15
48.0;11;19;15;13;30;19;9;20;14
54.0;12;19;12;14;31;21;9;19;13
60.0;11;20;11;13;30;21;8;21;15
66.0;8;22;13;13;30;21;7;21;15
72.0;9;22;13;15;30;21;6;19;15
78.0;8;23;12;16;31;21;6;18;15
84.0;7;21;14;15;34;22;6;18;13
90.0;6;21;12;16;34;22;7;20;12
96.0;6;21;11;16;37;22;5;21;11
102.0;7;20;12;16;36;21;5;21;12
108.0;8;19;11;19;38;19;5;20;11
114.0;9;20;11;16;38;19;3;21;13
120.0;9;20;11;16;38;19;3;21;13
126.0;8;20;9;16;37;18;4;22;16
132.0;9;19;9;18;38;17;5;20;15
138.0;10;17;10;16;38;16;6;20;17
144.0;7;16;10;18;40;17;7;19;16
150.0;8;18;9;20;41;16;7;18;13
156.0;7;17;9;21;41;16;7;19;13
162.0;7;17;9;24;42;13;7;17;14
168.0;7;16;7;26;44;13;6;16;15
174.0;8;17;5;24;44;15;5;16;16
180.0;8;20;6;21;43;16;5;17;14
186.0;8;21;6;21;43;16;6;17;12
192.0;8;21;7;21;41;14;7;18;13
198.0;9;21;7;19;41;13;7;18;15
204.0;8;21;5;19;42;13;8;19;15
210.0;7;20;5;18;44;14;9;19;14
216.0;8;18;4;19;42;12;11;21;15
222.0;7;18;7;17;43;11;10;22;15
228.0;8;18;7;20;43;10;8;21;15
234.0;8;17;8;19;44;13;5;21;15
240.0;10;14;9;19;44;15;4;21;14
246.0;11;13;10;19;44;14;4;22;13
252.0;11;13;12;19;44;14;7;19;11
258.0;11;13;12;18;46;14;7;20;9
264.0;11;14;10;17;45;15;8;20;10
270.0;11;14;9;18;46;16;6;18;12
276.0;10;13;9;18;45;18;7;18;12
282.0;7;13;11;19;46;17;8;18;11
288.0;8;13;13;16;49;16;9;16;10
294.0;9;13;13;14;49;17;8;16;11
300.0;9;11;12;15;49;17;9;17;11
306.0;9;10;10;15;51;19;9;18;9
312.0;9;12;13;13;49;17;10;16;11
318.0;8;10;16;13;48;17;11;17;10
324.0;8;11;14;13;50;18;10;18;8
330.0;9;11;11;13;51;19;11;17;8
336.0;11;12;11;13;49;19;10;16;9
342.0;12;12;9;12;50;18;10;15;12
348.0;12;12;9;12;50;16;12;16;11
354.0;10;12;11;12;52;16;11;16;10
360.0;9;12;11;13;53;16;10;17;9
366.0;7;13;10;13;53;18;10;17;9
372.0;9;14;9;14;53;16;8;17;10
378.0;8;13;10;14;54;16;9;17;9
384.0;8;11;11;14;54;16;9;18;9
390.0;8;12;11;12;54;16;10;18;9
396.0;8;14;11;11;54;15;9;18;10
402.0;8;15;12;7;55;15;10;18;10
408.0;9;16;10;8;55;16;8;19;9
414.0;9;15;13;8;56;14;9;17;9
420.0;9;13;11;9;59;15;8;17;9
426.0;7;15;12;8;57;15;8;19;9
432.0;8;15;12;9;58;14;8;18;8
438.0;7;15;15;9;57;14;6;18;9
444.0;8;14;14;10;58;14;7;17;8
450.0;8;13;11;11;58;14;8;17;10
456.0;9;13;10;10;60;14;8;17;9
462.0;9;9;11;10;59;14;7;21;10
468.0;7;9;12;11;60;14;7;20;10
474.0;7;10;11;10;61;14;5;24;8
480.0;6;10;8;11;61;17;4;25;8
486.0;5;10;7;12;60;19;4;25;8
492.0;6;9;8;13;60;19;4;23;8
498.0;7;9;7;13;60;19;4;23;8
504.0;7;11;8;13;58;18;5;22;8
510.0;8;9;7;13;58;18;7;21;9
516.0;6;8;7;11;58;22;7;20;11
522.0;6;9;5;14;58;22;8;17;11
528.0;5;9;6;15;58;23;8;16;10
534.0;5;9;4;17;56;24;8;17;10
540.0;7;9;4;18;55;23;8;17;9
546.0;8;9;4;17;57;23;8;16;8
552.0;9;8;4;17;57;22;7;18;8
558.0;10;8;4;17;58;21;8;18;6
564.0;10;7;4;17;59;20;10;16;7
570.0;10;7;5;17;60;18;12;15;6
576.0;8;8;7;18;60;18;11;13;7
582.0;8;8;8;18;59;19;8;13;9
588.0;6;8;8;19;58;20;9;13;9
594.0;5;10;6;18;58;21;13;13;6
600.0;5;9;8;17;58;22;15;10;6
606.0;5;9;9;17;58;19;14;13;6
612.0;5;10;9;15;58;19;15;13;6
618.0;5;10;8;16;58;21;12;12;8
624.0;5;9;6;13;58;25;15;11;8
630.0;7;8;6;14;59;23;14;11;8
636.0;8;8;6;16;58;25;10;10;9
642.0;7;7;6;16;59;27;10;10;8
648.0;8;6;5;15;61;27;10;10;8
654.0;8;6;6;15;60;28;10;10;7
660.0;8;8;6;15;56;29;7;12;9
666.0;8;5;5;14;57;30;7;13;11
672.0;8;5;5;14;57;29;10;14;8
678.0;7;7;8;12;57;25;9;17;8
684.0;7;7;7;13;57;25;9;15;10
690.0;7;9;6;12;59;25;8;15;9
696.0;8;8;5;13;58;24;9;16;9
702.0;10;8;3;12;57;23;9;16;12
708.0;10;9;3;12;58;23;8;15;12
714.0;9;8;4;13;58;23;8;15;12
720.0;10;8;5;14;58;22;8;14;11
726.0;10;9;5;13;59;21;8;14;11
732.0;11;9;4;11;59;22;8;14;12
738.0;10;9;4;11;59;23;10;13;11
744.0;12;10;4;10;59;19;12;13;11
750.0;11;8;4;10;61;19;11;13;13
756.0;10;8;5;10;61;17;12;13;14
762.0;10;6;5;11;63;16;12;14;13
768.0;15;7;6;11;63;16;10;11;11
774.0;15;7;7;9;63;17;10;11;11
780.0;13;8;8;10;64;15;11;12;9
786.0;12;8;9;10;65;15;10;12;9
792.0;13;8;9;11;65;15;9;12;8
798.0;13;7;8;11;65;15;11;12;8
804.0;15;6;8;10;63;15;12;12;9
810.0;18;7;8;9;64;14;10;13;7
816.0;18;6;9;10;65;14;9;11;8
822.0;18;7;9;10;63;14;9;11;9
828.0;20;7;10;10;61;13;8;13;8
834.0;20;7;9;11;62;12;8;13;8
840.0;19;7;8;12;64;12;8;14;6
846.0;17;6;11;12;64;13;8;14;5
852.0;16;5;12;12;64;13;9;14;5
858.0;14;5;10;13;64;14;11;14;5
864.0;13;6;11;15;64;14;8;14;5
870.0;13;6;11;15;66;13;8;13;5
876.0;12;6;9;16;68;12;7;13;7
882.0;12;6;9;17;67;13;7;12;7
888.0;12;10;9;15;68;12;8;12;4
894.0;12;12;9;15;69;13;6;11;3
900.0;12;12;9;15;67;14;7;11;3
906.0;11;12;9;15;67;13;6;12;5
912.0;10;11;10;16;67;16;4;12;4
918.0;10;12;10;15;67;16;4;12;4
924.0;10;12;13;14;66;16;6;10;3
930.0;7;11;13;15;69;17;6;9;3
936.0;9;11;13;15;67;18;7;8;2
942.0;10;11;12;15;67;19;7;7;2
948.0;9;10;12;15;67;18;9;7;3
954.0;10;11;12;15;68;18;6;6;4
960.0;10;10;12;15;69;19;5;6;4
966.0;11;10;13;15;69;19;5;6;2
972.0;9;12;13;17;67;18;6;7;1
978.0;10;12;12;15;65;20;7;8;1
984.0;11;12;12;15;65;21;4;9;1
990.0;11;12;11;15;65;20;5;9;2
996.0;12;12;10;15;66;19;6;7;3
1002.0;12;13;9;15;65;19;7;7;3
1008.0;11;14;10;13;65;18;9;7;3
1014.0;11;14;10;13;65;17;9;7;4
1020.0;11;14;9;15;67;17;8;6;3
1026.0;10;13;7;15;67;17;10;7;4
1032.0;10;12;8;16;67;15;10;8;4
1038.0;9;14;8;15;66;18;9;7;4
1044.0;10;14;6;14;66;19;10;7;4
1050.0;11;12;5;13;66;21;11;8;3
1056.0;11;11;7;14;67;21;9;8;2
1062.0;11;11;8;13;68;18;9;9;3
1068.0;11;11;8;14;68;18;8;9;3
1074.0;11;10;9;14;69;15;7;11;4
1080.0;10;10;8;12;71;16;7;11;5
1086.0;9;9;7;12;71;18;10;9;5
1092.0;9;9;8;11;70;19;10;10;4
1098.0;9;10;8;11;71;18;10;10;3
1104.0;8;11;7;13;71;18;11;10;1
1110.0;7;10;7;14;71;18;9;11;3
1116.0;7;10;7;14;71;18;10;10;3
1122.0;6;8;7;14;71;20;11;10;3
1128.0;6;8;7;15;70;20;11;11;2
1134.0;7;8;7;15;70;20;11;9;3
1140.0;7;7;7;15;70;22;9;10;3
1146.0;8;6;6;14;70;21;8;13;4
1152.0;8;6;7;14;68;22;8;13;4
1158.0;8;6;7;17;69;21;6;11;5
1164.0;10;6;4;16;70;20;7;11;6
1170.0;8;6;4;19;70;21;7;11;4
1176.0;6;6;5;19;71;22;6;12;3
1182.0;4;5;5;18;71;23;7;13;4
1188.0;6;6;4;17;69;21;9;14;4
1194.0;8;7;4;15;68;21;7;15;5
1200.0;8;7;5;14;70;21;7;15;3
1206.0;9;7;5;14;68;18;7;15;7
1212.0;10;8;6;14;68;18;6;14;6
1218.0;6;9;7;14;68;19;6;15;6
1224.0;6;9;6;13;69;20;5;15;7
1230.0;7;10;7;13;68;19;5;15;6
1236.0;7;9;8;13;69;20;5;14;5
1242.0;6;9;10;14;69;19;5;13;5
1248.0;6;9;10;14;72;16;6;12;5
1254.0;5;10;9;14;72;17;6;12;5
1260.0;5;8;10;14;74;17;7;11;4
1266.0;4;8;9;15;74;16;6;13;5
1272.0;3;8;9;15;73;17;6;14;5
1278.0;3;11;7;13;73;16;8;14;5
1284.0;3;13;6;13;75;14;7;14;5
1290.0;4;15;5;11;74;14;8;14;5
1296.0;4;15;5;10;73;15;8;15;5
1302.0;4;15;6;9;73;16;8;14;5
1308.0;4;12;7;10;74;17;7;14;5
1314.0;6;12;7;9;74;15;7;14;6
1320.0;6;12;7;10;72;15;8;14;6
1326.0;6;12;6;10;72;15;9;14;6
1332.0;5;11;6;11;71;15;10;15;6
1338.0;6;13;6;10;69;14;10;15;7
1344.0;6;13;6;9;71;13;10;15;7
1350.0;5;12;7;9;70;11;12;17;7
1356.0;6;11;9;10;70;11;11;16;6
1362.0;6;11;6;8;67;14;13;17;8
1368.0;7;12;6;7;68;11;13;16;10
1374.0;7;10;6;10;68;11;13;14;11
1380.0;6;11;5;9;67;12;15;14;11
1386.0;7;12;4;11;67;11;13;14;11
1392.0;7;10;5;13;65;14;11;14;11
1398.0;7;11;5;12;64;15;11;14;11
1404.0;9;12;6;14;64;15;8;12;10
1410.0;10;12;4;15;63;14;9;14;9
1416.0;12;12;3;12;65;16;9;13;8
1422.0;12;13;4;14;64;15;8;12;8
1428.0;11;13;4;14;63;14;8;14;9
1434.0;10;12;4;12;65;15;8;15;9
1440.0;9;12;5;12;64;15;8;16;9
1446.0;9;15;5;12;65;15;8;15;6
1452.0;9;16;4;14;65;15;6;15;6
1458.0;10;17;5;12;64;15;8;13;6
1464.0;10;18;5;11;64;14;9;13;6
1470.0;9;20;6;12;62;13;9;14;5
1476.0;9;20;7;12;62;14;8;14;4
1482.0;10;20;7;12;60;14;7;15;5
1488.0;8;19;6;14;63;12;8;15;5
1494.0;8;16;7;13;63;12;7;14;10
1500.0;8;17;8;12;63;11;6;16;9
1506.0;9;16;7;11;63;11;8;17;8
1512.0;12;17;7;11;62;12;7;13;9
1518.0;13;16;6;11;63;12;8;11;10
1524.0;10;15;5;13;63;11;9;13;11
1530.0;9;15;4;13;63;12;8;16;10
1536.0;9;14;5;13;64;12;6;16;11
1542.0;8;13;6;12;64;13;7;18;9
1548.0;9;10;7;11;64;13;10;18;8
1554.0;9;10;7;10;62;13;12;18;9
1560.0;9;10;6;10;61;14;12;17;11
1566.0;8;11;6;10;61;15;12;16;11
1572.0;8;12;5;10;61;17;11;15;11
1578.0;8;12;6;11;61;18;10;14;10
1584.0;8;10;6;11;61;19;10;14;11
1590.0;8;10;8;13;61;17;8;14;11
1596.0;7;9;9;10;62;17;8;15;13
1602.0;8;9;9;10;62;18;6;16;12
1608.0;8;9;9;9;62;18;7;17;11
1614.0;9;11;10;9;62;18;7;16;8
1620.0;8;11;11;10;61;17;7;15;10
1626.0;7;12;11;10;60;18;6;15;11
1632.0;6;13;13;11;61;17;7;12;10
1638.0;6;11;12;11;63;18;7;11;11
1644.0;6;12;13;10;64;19;7;10;9
1650.0;5;14;10;10;65;22;5;10;9
1656.0;4;14;11;10;65;19;6;12;9
1662.0;4;14;13;10;65;15;8;12;9
1668.0;5;15;11;10;65;16;7;11;10
1674.0;5;15;10;10;66;15;8;12;9
1680.0;4;16;11;10;66;17;8;10;8
1686.0;5;16;10;10;66;17;8;10;8
1692.0;8;15;11;12;63;17;7;9;8
1698.0;9;13;11;10;66;16;8;9;8
1704.0;9;13;10;10;67;15;7;11;8
1710.0;7;14;10;10;69;16;6;12;6
1716.0;5;15;9;11;69;16;5;12;8
1722.0;6;14;9;11;69;15;4;12;10
1728.0;6;15;8;10;69;14;4;14;10
1734.0;5;15;8;10;70;14;4;14;10
1740.0;4;15;8;11;70;14;4;14;10
1746.0;3;15;7;12;70;16;4;13;10
1752.0;3;15;8;12;70;14;4;13;11
1758.0;4;14;7;12;72;13;4;13;11
1764.0;3;15;6;12;73;13;3;13;12
1770.0;3;15;6;12;72;12;3;13;14
1776.0;5;15;5;11;75;13;2;11;13
1782.0;5;14;5;11;75;14;5;11;10
1788.0;6;14;5;11;72;14;7;12;9
1794.0;7;15;6;11;71;15;7;11;7
