#auto generated file!
12.0;28;23;32;17;32;32;25;26;25
18.0;26;25;31;19;33;31;24;28;23
24.0;26;25;33;19;33;27;23;29;25
30.0;28;25;32;21;33;29;20;28;24
36.0;26;24;32;21;35;29;22;27;24
42.0;27;25;29;22;37;28;21;27;24
48.0;24;24;29;24;38;32;20;27;22
54.0;25;24;29;21;40;32;20;26;23
60.0;23;28;26;22;41;35;15;31;19
66.0;23;27;25;26;44;32;15;30;18
72.0;23;26;25;23;45;33;14;29;22
78.0;21;27;23;24;45;33;14;29;24
84.0;21;27;21;25;46;32;16;29;23
90.0;17;28;22;24;47;30;16;30;26
96.0;18;29;22;26;47;29;14;29;26
102.0;18;30;19;26;52;30;12;30;23
108.0;20;30;17;28;53;28;11;33;20
114.0;19;30;16;30;53;29;10;33;20
120.0;17;31;15;31;54;29;11;32;20
126.0;16;31;15;29;54;32;10;32;21
132.0;15;32;14;31;55;30;9;31;23
138.0;15;31;13;32;54;30;9;32;24
144.0;13;34;13;28;54;32;10;32;24
150.0;12;33;15;29;55;33;12;30;21
156.0;11;32;13;30;57;34;12;31;20
162.0;11;32;13;30;57;34;12;33;18
168.0;11;32;13;29;57;33;13;33;19
174.0;13;31;12;28;59;34;14;31;18
180.0;15;30;11;28;60;37;13;31;15
186.0;12;28;11;25;61;35;20;32;16
192.0;12;27;10;26;62;36;18;32;17
198.0;15;24;9;27;63;41;19;28;14
204.0;17;22;10;27;64;40;19;28;13
210.0;16;21;12;27;64;38;18;30;14
216.0;13;23;13;29;65;37;15;31;14
222.0;14;23;11;31;65;37;14;29;16
228.0;14;21;11;29;65;36;15;32;17
234.0;12;21;11;29;67;36;16;30;18
240.0;12;21;10;32;70;37;17;27;14
246.0;14;19;11;33;71;35;18;25;14
252.0;16;17;8;33;70;38;19;26;13
258.0;18;15;9;35;70;39;17;24;13
264.0;16;18;7;35;73;39;19;22;11
270.0;13;18;5;36;74;38;21;25;10
276.0;12;17;7;36;74;36;22;26;10
282.0;11;19;8;35;73;37;23;25;9
288.0;8;22;7;35;74;38;22;25;9
294.0;9;24;8;35;75;38;20;24;7
300.0;9;25;9;35;74;37;18;24;9
306.0;9;23;11;37;73;36;15;25;11
312.0;10;21;11;36;73;36;15;27;11
318.0;12;19;15;33;73;36;13;25;14
324.0;12;21;15;30;73;36;14;26;13
330.0;12;21;17;28;73;38;16;25;10
336.0;14;20;16;27;74;40;13;26;10
342.0;12;21;13;27;74;40;15;25;13
348.0;9;21;16;27;74;40;14;25;14
354.0;11;22;19;26;73;40;11;26;12
360.0;10;20;17;24;76;40;12;27;14
366.0;9;20;16;27;76;36;14;26;16
372.0;11;18;14;27;78;35;15;25;17
378.0;10;20;15;26;79;34;15;24;17
384.0;13;21;12;25;79;31;16;25;18
390.0;12;23;10;26;80;31;15;26;17
396.0;11;22;10;28;80;30;16;26;17
402.0;9;22;9;28;80;30;16;27;19
408.0;9;20;11;27;81;32;16;29;15
414.0;10;19;12;26;79;34;15;28;17
420.0;10;20;13;23;79;33;15;28;19
426.0;10;21;12;22;77;33;17;29;19
432.0;12;17;15;23;74;32;17;30;20
438.0;10;18;15;24;71;34;17;31;20
444.0;10;19;15;23;72;33;18;30;20
450.0;10;19;16;25;73;35;16;29;17
456.0;10;19;16;27;74;39;12;27;16
462.0;10;20;14;29;74;36;13;27;17
468.0;10;18;14;31;74;37;13;27;16
474.0;11;18;13;31;75;36;13;27;16
480.0;11;18;13;30;76;38;10;28;16
486.0;13;17;12;29;79;37;9;30;14
492.0;14;17;12;28;79;37;9;29;15
498.0;15;16;13;29;80;35;11;27;14
504.0;15;16;13;30;79;38;12;26;11
510.0;14;17;14;31;79;36;10;29;10
516.0;14;21;13;31;79;35;10;28;9
522.0;11;21;11;34;79;35;10;30;9
528.0;12;21;14;34;78;35;8;29;9
534.0;12;22;14;34;79;34;9;28;8
540.0;12;22;11;34;79;33;8;29;12
546.0;11;22;13;34;79;33;8;29;11
552.0;12;24;11;33;80;31;10;30;9
558.0;10;25;13;32;81;31;12;28;8
564.0;10;25;13;31;82;33;12;27;7
570.0;12;25;11;29;85;31;14;26;7
576.0;10;25;9;31;86;33;12;26;8
582.0;8;26;8;33;88;33;11;26;7
588.0;8;27;9;32;90;34;9;25;6
594.0;7;29;9;32;90;33;10;22;8
600.0;7;31;7;32;91;35;10;20;7
606.0;8;31;9;30;90;34;9;21;8
612.0;9;30;10;31;91;33;10;20;6
618.0;9;31;9;32;93;29;10;20;7
624.0;8;30;9;32;93;28;11;22;7
630.0;9;30;12;29;92;27;13;19;9
636.0;10;29;11;31;92;25;13;19;10
642.0;10;28;10;31;95;26;13;18;9
648.0;10;29;11;30;96;26;12;18;8
654.0;11;30;12;30;94;26;10;18;9
660.0;10;32;10;28;95;27;11;19;8
666.0;10;32;11;26;92;28;11;21;9
672.0;12;33;11;24;90;26;13;21;10
678.0;16;34;8;22;91;25;11;23;10
684.0;18;34;8;19;91;28;10;23;9
690.0;17;33;9;21;89;26;11;24;10
696.0;17;33;8;21;90;26;10;24;11
702.0;18;29;7;21;91;26;11;26;11
708.0;14;31;8;21;93;26;12;25;10
714.0;14;31;7;20;93;26;12;26;11
720.0;14;30;5;21;93;27;10;29;11
726.0;12;31;5;22;91;27;12;29;11
732.0;14;33;5;21;92;26;12;27;10
738.0;15;32;6;21;94;24;11;27;10
744.0;16;32;5;21;97;23;9;28;9
750.0;13;31;6;25;95;27;10;28;5
756.0;15;28;8;23;95;30;9;27;5
762.0;16;29;8;22;93;31;8;25;8
768.0;16;30;5;23;93;31;9;27;6
774.0;14;29;6;23;93;31;10;27;7
780.0;14;27;6;23;92;31;8;30;9
786.0;15;28;6;23;89;31;7;32;9
792.0;15;26;6;22;91;32;10;30;8
798.0;16;25;7;21;91;31;11;29;9
804.0;16;26;10;21;90;31;10;27;9
810.0;16;26;10;22;89;29;11;26;11
816.0;16;27;10;23;88;27;11;25;13
822.0;17;27;10;22;88;27;12;23;14
828.0;18;24;12;23;86;25;14;23;15
834.0;19;21;11;23;87;24;16;25;14
840.0;20;19;11;22;89;23;16;25;15
846.0;17;19;13;21;91;23;16;25;15
852.0;19;19;13;22;92;25;12;24;14
858.0;17;18;16;21;94;25;12;23;14
864.0;17;17;18;23;94;25;14;20;12
870.0;19;17;18;23;96;24;12;19;12
876.0;16;14;18;24;96;26;12;21;13
882.0;14;13;16;26;95;26;12;23;15
888.0;15;14;16;28;95;25;9;25;13
894.0;13;13;14;26;96;28;9;26;15
900.0;14;13;13;25;98;28;10;24;15
906.0;13;13;13;25;99;30;10;22;15
912.0;14;14;12;23;101;27;8;25;16
918.0;13;16;10;24;102;27;8;24;16
924.0;14;16;10;26;101;24;8;26;15
930.0;14;17;9;26;101;24;9;26;14
936.0;14;17;8;26;101;26;10;22;16
942.0;13;18;8;27;99;29;7;21;18
948.0;13;17;8;27;101;29;8;19;18
954.0;12;17;7;25;105;28;9;20;17
960.0;11;20;7;24;104;29;8;20;17
966.0;11;18;8;25;106;29;6;21;16
972.0;11;18;10;26;104;29;6;21;15
978.0;11;19;10;27;105;27;8;20;13
984.0;10;18;11;27;107;26;8;20;13
990.0;8;19;14;27;106;23;8;21;14
996.0;7;21;14;26;107;24;9;21;11
1002.0;6;24;12;27;108;23;8;21;11
1008.0;6;24;13;26;107;23;10;21;10
1014.0;7;26;13;27;108;23;10;18;8
1020.0;8;27;15;27;108;21;8;18;8
1026.0;9;25;16;26;110;19;8;19;8
1032.0;10;23;17;25;111;19;8;18;9
1038.0;11;22;19;27;112;18;7;18;6
1044.0;11;23;17;29;111;17;9;18;5
1050.0;15;23;18;26;109;16;9;21;3
1056.0;16;22;16;27;110;18;8;20;3
1062.0;15;20;16;26;110;19;10;20;4
1068.0;13;22;16;26;109;21;11;19;3
1074.0;11;22;16;25;108;23;13;18;4
1080.0;12;22;18;23;109;22;12;17;5
1086.0;11;22;16;25;110;21;10;19;6
1092.0;10;22;16;24;111;20;10;20;7
1098.0;11;22;15;25;111;21;9;18;8
1104.0;14;25;15;25;110;17;11;17;6
1110.0;14;22;15;26;109;20;11;18;5
1116.0;15;21;14;28;108;19;11;19;5
1122.0;14;22;14;28;108;19;9;21;5
1128.0;13;23;12;31;106;17;10;24;4
1134.0;11;25;11;31;106;18;8;25;5
1140.0;9;26;11;33;105;20;8;24;4
1146.0;9;25;10;32;105;22;8;23;6
1152.0;11;25;12;32;104;22;6;22;6
1158.0;12;26;10;30;103;23;8;22;6
1164.0;13;25;9;32;101;23;7;24;6
1170.0;12;30;11;29;100;24;8;20;6
1176.0;11;30;11;28;101;25;6;21;7
1182.0;12;30;12;26;102;24;7;21;6
1188.0;8;31;9;25;104;26;7;22;8
1194.0;8;31;9;26;104;23;7;20;12
1200.0;9;31;9;28;104;22;6;20;11
1206.0;10;29;8;27;104;21;6;22;13
1212.0;9;30;7;26;105;20;7;21;15
1218.0;7;29;9;25;104;21;10;21;14
1224.0;11;27;10;24;102;19;12;20;15
1230.0;13;28;10;25;101;18;12;18;15
1236.0;15;28;10;23;102;18;13;18;13
1242.0;13;28;9;23;102;18;14;20;13
1248.0;15;27;9;22;102;16;15;20;14
1254.0;16;27;8;23;103;16;14;18;15
1260.0;16;26;9;21;103;15;16;19;15
1266.0;15;25;9;22;104;15;15;21;14
1272.0;16;24;8;21;104;16;15;22;14
1278.0;14;25;7;24;103;16;17;21;13
1284.0;13;24;7;28;102;16;16;19;15
1290.0;13;25;6;28;100;17;17;19;15
1296.0;13;24;6;26;101;18;19;20;13
1302.0;15;23;7;25;102;17;19;21;11
1308.0;12;21;7;27;103;18;21;21;10
1314.0;11;21;9;26;103;21;19;20;10
1320.0;11;21;8;28;101;23;20;19;9
1326.0;13;20;7;27;101;24;20;18;10
1332.0;12;23;6;27;102;21;19;19;11
1338.0;10;22;6;27;100;23;19;20;13
1344.0;13;23;6;23;101;22;18;20;14
1350.0;15;20;6;24;102;23;15;21;14
1356.0;15;20;6;22;104;22;14;23;14
1362.0;14;19;9;24;104;23;13;22;12
1368.0;15;19;8;24;104;25;13;20;12
1374.0;16;21;8;24;104;24;11;21;11
1380.0;15;16;9;24;104;28;12;22;10
1386.0;14;16;10;25;103;26;11;22;13
1392.0;13;17;8;26;106;25;10;22;13
1398.0;9;17;9;24;111;25;11;20;14
1404.0;11;17;8;24;112;26;9;21;12
1410.0;11;17;9;24;110;25;9;21;14
1416.0;10;20;10;23;114;23;9;17;14
1422.0;12;19;9;24;113;24;8;17;14
1428.0;13;20;9;25;113;23;8;16;13
1434.0;16;18;9;24;110;27;8;14;14
1440.0;15;18;9;24;109;24;10;16;15
1446.0;15;18;11;25;108;25;8;15;15
1452.0;15;19;12;25;106;25;7;17;14
1458.0;15;19;10;25;106;27;9;17;12
1464.0;14;18;10;26;107;27;10;15;13
1470.0;12;18;11;26;105;27;11;18;12
1476.0;13;18;10;28;105;27;9;20;10
1482.0;11;18;9;29;106;27;9;21;10
1488.0;12;16;10;26;106;29;10;20;11
1494.0;13;16;10;28;104;25;13;19;12
1500.0;12;20;10;26;105;24;15;18;10
1506.0;11;18;8;26;107;25;14;20;11
1512.0;13;17;8;27;107;25;12;22;9
1518.0;10;19;7;26;105;27;12;24;10
1524.0;9;19;8;26;106;26;15;22;9
1530.0;9;18;7;25;109;25;16;22;9
1536.0;11;22;6;25;106;23;16;21;10
1542.0;11;23;6;22;109;23;16;22;8
1548.0;14;23;5;24;109;23;12;22;8
1554.0;15;24;6;22;110;23;12;21;7
1560.0;15;24;6;23;108;25;12;20;7
1566.0;15;25;8;21;106;26;9;23;7
1572.0;13;24;8;24;106;25;8;24;8
1578.0;11;25;10;26;104;27;8;23;6
1584.0;14;23;12;27;103;24;7;23;7
1590.0;15;23;11;26;102;23;8;23;9
1596.0;14;22;14;27;103;23;7;20;10
1602.0;15;21;16;30;102;23;4;19;10
1608.0;15;24;13;28;102;24;3;20;11
1614.0;15;23;12;30;101;25;3;20;11
1620.0;17;24;8;31;104;24;5;16;11
1626.0;15;22;8;29;105;25;8;17;11
1632.0;19;21;9;27;104;24;7;17;12
1638.0;20;22;8;27;103;22;7;17;14
1644.0;18;23;7;27;104;21;9;17;14
1650.0;19;21;6;26;104;21;11;20;12
1656.0;18;20;8;25;106;19;11;21;12
1662.0;19;20;5;27;106;18;11;20;14
1668.0;19;21;5;25;106;18;11;21;14
1674.0;17;20;4;25;108;19;11;20;16
1680.0;18;19;5;28;106;18;12;21;13
1686.0;16;20;5;28;106;18;12;21;14
1692.0;15;18;6;27;107;17;13;23;14
1698.0;14;18;7;26;109;18;11;24;13
1704.0;13;17;8;26;111;19;9;24;13
1710.0;14;18;7;26;110;19;9;25;12
1716.0;14;18;8;27;110;19;8;25;11
1722.0;13;18;9;28;109;20;6;24;13
1728.0;12;18;8;29;109;21;7;23;13
1734.0;13;17;8;29;107;23;7;25;11
1740.0;11;17;7;30;110;24;6;23;12
1746.0;9;18;8;30;108;23;6;24;14
1752.0;11;18;8;30;109;21;7;22;14
1758.0;9;20;9;30;108;19;7;23;15
1764.0;9;20;13;30;107;20;5;23;13
1770.0;9;21;11;28;108;22;7;20;14
1776.0;11;19;12;27;110;21;7;20;13
1782.0;11;18;14;26;110;21;8;18;14
1788.0;11;16;15;26;112;19;8;19;14
1794.0;11;18;14;25;114;18;7;19;14
