#auto generated file!
12.0;24;27;21;34;26;21;19;27;21
18.0;23;28;17;34;26;24;20;28;20
24.0;23;28;13;37;25;27;18;29;20
30.0;24;28;12;36;24;25;22;32;17
36.0;23;31;12;35;30;23;21;28;17
42.0;23;33;13;37;29;22;19;28;16
48.0;22;32;12;39;30;25;17;26;17
54.0;27;32;14;34;32;24;15;27;15
60.0;26;33;13;32;34;24;18;27;13
66.0;26;31;15;33;34;22;17;28;14
72.0;25;30;15;34;36;20;17;27;16
78.0;24;29;18;35;36;20;17;28;13
84.0;25;30;16;32;39;22;19;28;9
90.0;23;28;11;30;40;23;22;32;11
96.0;21;24;10;34;40;22;24;33;12
102.0;19;22;11;34;40;24;25;33;12
108.0;18;21;11;33;42;25;25;34;11
114.0;16;21;10;34;43;26;24;34;12
120.0;14;23;11;34;44;23;20;35;16
126.0;12;28;11;32;43;23;22;32;17
132.0;11;28;11;33;43;22;22;33;17
138.0;10;24;13;35;43;23;20;34;18
144.0;10;24;14;31;45;23;20;34;19
150.0;10;27;13;29;48;25;18;33;17
156.0;12;25;12;29;50;24;18;33;17
162.0;13;27;12;28;52;23;18;32;15
168.0;13;27;12;30;52;23;17;30;16
174.0;12;28;12;33;53;24;18;30;10
180.0;12;27;14;31;53;24;18;30;11
186.0;14;28;14;31;53;25;16;27;12
192.0;14;30;11;31;53;25;16;26;14
198.0;13;30;8;33;54;28;13;26;15
204.0;13;31;10;34;53;27;13;25;14
210.0;13;30;8;34;57;28;13;24;13
216.0;15;31;11;31;57;28;13;21;13
222.0;14;31;11;28;56;29;15;23;13
228.0;13;31;11;26;59;29;16;24;11
234.0;13;29;10;25;60;31;15;24;13
240.0;14;26;11;28;62;28;16;22;13
246.0;13;24;11;30;64;27;15;26;10
252.0;11;24;9;31;69;25;14;22;15
258.0;11;23;10;30;70;25;14;21;16
264.0;11;25;10;29;72;23;13;22;15
270.0;10;23;11;29;73;23;13;22;16
276.0;11;23;11;30;73;23;10;21;18
282.0;11;21;14;30;75;20;11;21;17
288.0;11;19;13;30;77;20;11;22;17
294.0;10;19;12;31;77;22;12;21;16
300.0;12;21;11;29;76;20;15;20;16
306.0;11;20;11;27;78;20;15;22;16
312.0;11;20;11;28;78;21;15;21;15
318.0;12;20;11;29;77;19;15;21;16
324.0;12;21;13;28;76;20;14;20;16
330.0;11;23;12;28;76;19;12;23;16
336.0;11;21;10;31;77;22;12;22;14
342.0;12;24;11;28;78;24;10;21;12
348.0;12;24;10;28;78;26;11;20;11
354.0;11;24;12;28;77;26;11;20;11
360.0;12;25;12;29;74;25;11;21;11
366.0;12;24;11;29;74;26;12;21;11
372.0;13;25;12;29;72;25;11;20;13
378.0;11;27;13;28;72;26;12;19;12
384.0;10;25;12;29;73;28;12;17;14
390.0;11;24;13;28;74;27;10;18;15
396.0;11;26;12;28;74;26;12;19;12
402.0;9;25;13;28;75;27;12;19;12
408.0;9;23;13;30;74;26;13;21;11
414.0;10;22;15;29;72;26;14;22;10
420.0;11;25;12;29;72;25;12;23;11
426.0;14;25;13;29;71;22;12;24;10
432.0;13;23;14;32;72;22;14;22;8
438.0;13;23;12;31;71;27;12;24;7
444.0;14;23;15;28;74;28;8;24;6
450.0;15;21;13;29;76;26;10;24;6
456.0;15;21;13;28;78;23;8;28;6
462.0;13;20;13;27;81;25;9;26;6
468.0;14;21;10;26;80;25;10;27;7
474.0;14;19;11;25;81;24;10;27;9
480.0;14;19;8;26;82;26;10;26;9
486.0;13;21;10;23;83;24;11;26;9
492.0;12;23;9;21;83;25;11;27;9
498.0;15;24;9;19;81;24;14;26;8
504.0;12;25;9;20;83;26;12;26;7
510.0;11;24;10;18;82;25;13;27;10
516.0;11;24;11;16;81;26;15;26;10
522.0;12;24;11;15;83;23;16;25;11
528.0;12;27;13;15;82;20;16;23;12
534.0;12;27;10;18;81;19;17;21;15
540.0;11;27;8;18;84;20;16;21;15
546.0;12;28;8;18;82;21;16;22;13
552.0;11;24;9;17;82;20;18;24;15
558.0;10;24;8;20;82;19;17;25;15
564.0;8;24;9;21;81;22;16;27;12
570.0;13;23;8;20;82;20;17;26;11
576.0;14;22;10;22;82;20;16;24;10
582.0;14;22;9;22;84;19;15;25;10
588.0;14;23;8;24;84;18;17;23;9
594.0;13;20;11;24;86;19;18;22;7
600.0;11;21;11;26;86;20;20;21;4
606.0;11;23;9;23;86;22;20;22;4
612.0;11;23;7;25;85;22;18;23;6
618.0;12;26;7;22;86;22;18;21;6
624.0;10;26;7;22;86;24;16;22;7
630.0;11;27;6;22;85;24;15;23;7
636.0;10;26;6;24;85;24;13;22;10
642.0;10;25;9;23;86;19;10;24;14
648.0;10;26;9;22;86;19;10;24;14
654.0;10;25;11;23;85;20;9;22;15
660.0;13;26;9;23;83;19;11;22;14
666.0;12;26;8;24;84;21;8;23;14
672.0;8;26;8;24;86;23;8;22;15
678.0;9;24;8;24;87;22;9;21;16
684.0;8;25;10;23;88;20;8;23;15
690.0;7;25;10;23;89;18;7;23;18
696.0;7;25;11;23;89;20;7;21;17
702.0;9;24;10;24;88;20;8;20;17
708.0;10;21;10;22;90;19;10;22;16
714.0;11;18;11;22;87;21;10;25;15
720.0;12;19;9;23;86;23;10;25;13
726.0;13;21;10;22;87;19;11;24;13
732.0;15;21;9;22;87;20;11;26;9
738.0;12;24;9;21;87;21;11;24;11
744.0;11;26;9;23;86;21;10;23;11
750.0;12;26;7;24;88;20;8;26;9
756.0;13;26;8;24;88;20;9;22;10
762.0;13;26;8;24;88;20;10;21;10
768.0;13;27;8;24;88;20;10;20;10
774.0;13;27;8;23;88;20;9;20;12
780.0;16;28;8;22;86;17;8;21;14
786.0;16;29;8;22;86;16;10;20;13
792.0;15;29;9;22;83;15;13;21;13
798.0;16;30;10;23;83;14;11;21;12
804.0;16;29;10;24;82;14;10;21;14
810.0;15;28;11;26;79;15;13;20;13
816.0;14;28;12;26;79;16;11;21;13
822.0;15;26;14;24;80;16;11;21;13
828.0;15;27;14;23;80;17;9;23;12
834.0;16;26;14;23;79;19;10;22;11
840.0;15;26;13;23;79;20;11;23;10
846.0;15;26;14;23;80;21;8;23;10
852.0;15;27;14;24;81;19;9;20;11
858.0;15;26;13;24;84;19;9;17;13
864.0;13;26;13;24;84;18;13;19;10
870.0;11;29;13;25;81;18;13;21;9
876.0;10;31;15;24;81;17;12;21;9
882.0;15;30;15;21;83;19;12;18;7
888.0;16;31;13;22;85;16;13;18;6
894.0;15;32;12;20;85;15;15;17;9
900.0;12;29;12;20;86;17;15;18;11
906.0;12;30;12;17;89;15;14;19;12
912.0;12;29;13;17;90;17;12;19;11
918.0;13;29;12;16;89;17;13;19;12
924.0;12;28;12;17;90;16;11;22;12
930.0;11;26;9;19;89;17;12;24;13
936.0;10;24;7;22;89;19;13;24;12
942.0;10;26;6;21;88;22;12;24;11
948.0;10;24;6;23;88;22;12;24;11
954.0;10;25;4;23;88;24;12;23;11
960.0;11;23;5;21;88;24;15;23;10
966.0;11;24;5;20;90;21;16;23;10
972.0;10;25;6;19;89;21;16;23;11
978.0;11;25;6;19;87;24;16;20;12
984.0;11;27;7;19;88;24;15;19;10
990.0;9;28;10;19;90;23;14;19;8
996.0;10;27;11;20;92;20;13;19;8
1002.0;10;27;10;19;91;20;13;23;7
1008.0;10;29;10;18;90;20;10;23;10
1014.0;9;28;10;19;91;20;10;23;10
1020.0;9;28;9;18;89;21;10;24;12
1026.0;10;27;9;17;87;22;11;24;13
1032.0;11;28;10;14;87;24;9;24;13
1038.0;11;27;12;16;86;25;9;24;10
1044.0;14;24;11;20;85;23;9;25;9
1050.0;12;22;13;19;88;23;9;24;10
1056.0;10;24;14;18;87;23;10;25;9
1062.0;14;26;10;19;86;22;11;25;7
1068.0;13;26;10;20;88;19;11;25;8
1074.0;13;23;7;22;89;20;12;27;7
1080.0;14;24;7;23;89;20;9;28;6
1086.0;11;24;4;24;87;20;11;31;8
1092.0;12;25;4;22;87;19;10;32;9
1098.0;11;26;5;22;89;20;7;30;10
1104.0;10;26;5;21;88;21;7;30;12
1110.0;11;26;7;22;88;19;7;29;11
1116.0;14;26;7;22;88;17;6;29;11
1122.0;11;28;7;22;88;17;7;28;12
1128.0;10;28;6;22;89;16;10;28;11
1134.0;10;27;7;24;87;16;8;28;13
1140.0;9;25;8;24;86;17;10;29;12
1146.0;9;26;7;24;85;17;11;29;12
1152.0;9;28;9;22;87;17;11;27;10
1158.0;10;28;9;22;86;18;10;27;10
1164.0;10;28;8;22;83;18;12;28;11
1170.0;10;29;8;22;83;20;11;26;11
1176.0;11;31;9;23;83;20;7;27;9
1182.0;12;31;9;22;82;20;6;28;10
1188.0;11;31;8;23;83;21;6;27;10
1194.0;11;30;11;22;84;21;7;25;9
1200.0;12;26;10;21;87;21;10;24;9
1206.0;14;27;9;21;88;20;9;23;9
1212.0;13;28;10;20;87;21;9;24;8
1218.0;16;28;8;20;89;19;10;22;8
1224.0;14;27;8;21;89;20;11;22;8
1230.0;14;23;11;20;89;21;10;20;12
1236.0;15;22;11;20;91;19;11;20;11
1242.0;14;23;9;21;90;18;9;24;12
1248.0;12;23;12;21;89;17;11;25;10
1254.0;13;24;10;23;88;17;13;23;9
1260.0;11;24;11;24;89;16;14;23;8
1266.0;10;23;12;25;88;16;14;23;9
1272.0;10;22;11;25;87;17;16;22;10
1278.0;12;21;14;26;85;15;14;23;10
1284.0;10;23;13;25;89;14;12;24;10
1290.0;10;23;13;26;88;14;13;22;11
1296.0;11;25;12;27;88;16;10;22;9
1302.0;13;26;12;25;87;15;10;21;11
1308.0;13;27;13;23;87;15;12;22;8
1314.0;14;26;12;25;88;15;12;22;6
1320.0;13;28;12;25;89;16;10;21;6
1326.0;12;27;11;27;90;17;9;20;7
1332.0;11;25;10;29;90;18;9;21;7
1338.0;10;24;8;29;89;19;9;24;8
1344.0;10;23;9;30;89;19;11;22;7
1350.0;10;23;10;29;88;20;10;23;7
1356.0;9;22;10;28;88;20;12;23;8
1362.0;9;20;13;27;89;21;11;21;9
1368.0;11;19;15;26;88;21;12;19;9
1374.0;13;18;14;27;91;20;9;19;9
1380.0;13;18;13;29;92;20;8;19;8
1386.0;13;17;15;29;92;20;7;18;9
1392.0;12;18;13;29;91;21;8;19;9
1398.0;11;18;13;30;92;21;8;18;9
1404.0;14;17;13;30;92;18;6;18;12
1410.0;15;18;11;30;92;17;7;19;11
1416.0;14;20;10;29;91;17;8;20;11
1422.0;13;22;12;27;91;15;8;23;9
1428.0;14;20;11;26;94;16;9;22;8
1434.0;14;19;15;25;94;17;8;21;7
1440.0;13;19;15;25;94;17;8;23;6
1446.0;15;20;13;24;93;17;9;22;7
1452.0;16;20;12;24;95;18;9;20;6
1458.0;15;20;13;25;95;19;8;20;5
1464.0;14;20;11;27;95;20;8;20;5
1470.0;16;19;8;26;95;19;9;22;6
1476.0;17;17;9;26;94;18;10;23;6
1482.0;17;19;9;26;92;19;10;22;6
1488.0;17;19;9;25;93;18;10;23;6
1494.0;15;20;9;26;93;19;10;22;6
1500.0;15;18;10;26;92;17;11;23;8
1506.0;14;19;10;24;93;18;11;23;8
1512.0;13;20;10;24;93;18;11;22;9
1518.0;14;21;10;21;95;16;12;22;9
1524.0;12;19;9;18;96;19;14;23;10
1530.0;12;20;9;17;96;18;14;24;10
1536.0;12;21;10;16;96;17;13;26;9
1542.0;11;22;12;14;97;17;12;26;9
1548.0;11;18;10;16;99;17;13;27;9
1554.0;10;21;6;16;98;18;13;28;10
1560.0;9;20;8;17;99;17;14;27;9
1566.0;8;20;8;16;100;16;12;27;13
1572.0;7;21;7;17;100;17;11;27;13
1578.0;7;23;7;17;99;17;10;27;13
1584.0;8;22;8;17;99;17;10;26;13
1590.0;7;22;8;18;99;20;7;26;13
1596.0;8;21;7;18;101;22;8;25;10
1602.0;9;21;5;18;104;23;9;25;6
1608.0;10;22;5;17;104;24;9;23;6
1614.0;9;22;5;17;105;25;8;23;6
1620.0;10;18;5;17;105;25;8;25;7
1626.0;6;19;7;16;107;24;10;23;8
1632.0;6;19;7;16;107;23;8;24;10
1638.0;6;19;9;15;107;22;8;24;10
1644.0;7;20;8;14;107;22;8;26;8
1650.0;7;19;8;15;110;21;8;24;8
1656.0;7;19;7;16;112;20;8;24;7
1662.0;7;17;8;15;113;22;7;24;7
1668.0;6;17;9;15;111;22;8;24;8
1674.0;5;17;7;15;110;22;9;26;9
1680.0;6;17;6;13;111;21;10;25;11
1686.0;6;15;5;14;112;21;13;22;12
1692.0;8;16;4;14;113;21;13;20;11
1698.0;7;17;6;15;111;20;15;19;10
1704.0;8;19;4;15;108;19;17;20;10
1710.0;9;19;5;16;106;18;16;20;11
1716.0;9;17;5;16;107;19;16;21;10
1722.0;7;17;4;17;107;19;17;23;9
1728.0;7;17;5;19;102;18;18;24;10
1734.0;6;18;6;18;101;16;18;26;11
1740.0;6;20;7;18;100;16;17;25;11
1746.0;6;20;5;17;103;16;17;25;11
1752.0;7;22;6;16;103;13;15;24;14
1758.0;11;21;7;15;102;13;17;23;11
1764.0;12;20;10;14;101;13;15;23;12
1770.0;14;19;11;14;103;12;16;20;11
1776.0;15;17;11;14;103;14;15;21;10
1782.0;13;18;11;14;105;15;14;22;8
1788.0;13;21;17;14;101;12;12;21;9
1794.0;11;26;17;13;99;14;11;20;9
