#auto generated file!
12.0;31;33;43;22;26;39;33;21;22
18.0;32;34;41;22;32;37;28;22;22
24.0;31;34;40;24;34;34;30;22;21
30.0;31;34;37;25;34;34;29;24;22
36.0;31;34;33;24;36;34;31;25;22
42.0;28;35;32;23;36;36;30;29;21
48.0;28;37;29;24;39;35;31;30;17
54.0;24;38;29;25;41;35;30;32;16
60.0;25;39;28;24;43;32;24;36;19
66.0;22;39;28;25;47;32;22;35;20
72.0;21;39;25;29;51;29;21;35;20
78.0;22;38;23;31;54;29;19;31;23
84.0;23;37;23;30;55;31;17;32;22
90.0;23;36;21;29;57;29;22;31;22
96.0;22;35;23;30;57;31;22;30;20
102.0;24;35;23;29;57;32;18;31;21
108.0;22;40;21;29;55;31;18;34;20
114.0;20;36;21;29;57;33;21;34;19
120.0;19;32;19;36;57;37;18;31;21
126.0;18;34;21;35;58;37;14;31;22
132.0;20;33;20;35;55;37;16;33;21
138.0;20;35;21;34;58;37;16;32;17
144.0;22;34;21;37;58;35;15;32;16
150.0;24;34;20;36;61;35;13;31;16
156.0;24;32;20;34;62;33;13;33;19
162.0;22;32;23;31;64;36;12;32;18
168.0;22;30;21;30;69;36;12;31;19
174.0;21;30;20;30;70;35;13;32;19
180.0;18;30;20;28;71;37;15;33;18
186.0;18;29;21;28;73;35;16;33;17
192.0;19;29;17;27;74;37;20;32;15
198.0;19;26;20;28;74;38;20;32;13
204.0;18;28;21;28;74;38;17;33;13
210.0;20;27;17;29;75;39;16;33;14
216.0;21;26;14;30;76;39;19;31;14
222.0;20;26;13;30;75;41;22;30;13
228.0;17;27;12;29;76;42;22;31;14
234.0;18;27;12;30;78;44;20;27;14
240.0;16;25;14;32;79;41;22;28;13
246.0;20;23;16;29;79;38;22;27;16
252.0;22;24;15;30;80;39;23;25;12
258.0;20;24;17;28;80;40;25;23;13
264.0;19;25;16;25;79;37;25;28;16
270.0;19;27;16;27;77;36;26;26;16
276.0;21;31;13;28;76;35;22;27;17
282.0;22;31;14;28;76;33;21;26;19
288.0;22;31;12;28;77;34;20;26;20
294.0;20;31;13;27;78;34;20;26;21
300.0;21;33;12;26;78;36;17;26;21
306.0;19;33;16;27;77;36;17;30;15
312.0;18;34;17;27;76;37;19;27;15
318.0;18;32;18;27;76;37;20;28;14
324.0;20;30;20;26;74;37;18;31;14
330.0;19;29;18;26;74;41;19;31;13
336.0;17;27;19;29;74;40;20;31;13
342.0;14;28;21;30;76;40;19;30;12
348.0;13;29;21;33;71;39;21;31;12
354.0;13;29;19;33;71;38;21;31;15
360.0;14;28;18;33;71;39;20;31;16
366.0;13;29;17;33;72;37;22;30;17
372.0;12;30;18;33;74;37;18;32;16
378.0;13;31;18;35;76;37;16;30;14
384.0;13;33;18;33;77;35;14;33;14
390.0;12;33;18;33;80;37;10;32;15
396.0;13;33;17;31;82;36;13;33;12
402.0;14;32;18;32;81;34;15;30;14
408.0;15;33;17;34;81;33;13;30;14
414.0;19;33;16;33;82;33;13;31;10
420.0;15;33;14;32;84;33;13;31;15
426.0;13;30;17;32;84;33;13;33;15
432.0;12;31;17;34;84;34;12;31;15
438.0;11;33;16;33;85;34;12;31;15
444.0;13;30;17;35;86;34;11;30;14
450.0;12;30;18;36;87;33;11;31;12
456.0;13;28;18;37;91;33;10;29;11
462.0;14;25;19;37;90;32;12;28;13
468.0;14;23;20;37;88;32;13;27;16
474.0;13;23;18;36;88;36;11;29;16
480.0;13;23;16;36;91;35;12;27;17
486.0;14;20;16;35;92;35;10;29;19
492.0;13;22;14;36;93;33;13;26;20
498.0;13;22;14;37;93;33;15;24;19
504.0;13;24;14;35;95;32;15;25;17
510.0;14;23;14;33;95;32;16;27;16
516.0;12;25;14;34;96;31;16;27;15
522.0;14;25;14;32;96;33;14;28;14
528.0;12;23;15;31;98;33;15;29;14
534.0;13;24;18;30;101;31;12;27;14
540.0;14;27;15;28;101;32;12;26;15
546.0;13;25;17;31;99;31;14;25;15
552.0;12;25;18;30;100;31;12;25;17
558.0;16;27;15;30;98;30;11;26;17
564.0;16;27;13;29;100;30;11;29;15
570.0;17;26;11;31;103;30;10;30;12
576.0;17;26;11;32;103;30;12;28;11
582.0;16;24;14;33;103;27;10;31;12
588.0;11;26;15;35;100;27;12;33;11
594.0;11;27;12;34;100;28;12;36;10
600.0;10;25;15;33;98;27;14;37;11
606.0;13;25;14;33;99;26;14;36;10
612.0;12;26;13;32;98;26;16;36;11
618.0;14;24;11;33;97;28;15;37;11
624.0;14;24;12;34;97;28;13;36;12
630.0;15;22;13;34;99;30;12;35;10
636.0;17;20;13;33;101;30;12;34;10
642.0;18;22;12;33;103;31;13;31;7
648.0;19;21;12;33;103;30;12;32;8
654.0;19;21;14;32;103;30;12;30;9
660.0;20;22;15;31;102;27;12;30;11
666.0;19;22;19;30;101;27;14;28;10
672.0;16;23;19;33;99;26;15;27;12
678.0;16;23;18;33;100;27;15;27;11
684.0;18;24;17;31;99;28;15;27;11
690.0;18;21;19;27;101;29;15;25;15
696.0;18;23;15;26;104;30;14;24;16
702.0;20;19;17;26;105;31;15;24;13
708.0;18;18;16;26;107;31;15;25;14
714.0;18;17;17;26;109;31;12;25;15
720.0;15;18;17;26;112;31;13;25;13
726.0;15;15;19;24;112;32;13;27;13
732.0;13;17;18;24;113;33;13;27;12
738.0;13;18;16;22;111;34;14;29;13
744.0;11;19;17;24;107;34;14;29;15
750.0;13;20;18;21;107;34;12;30;15
756.0;13;19;16;20;107;36;12;31;16
762.0;12;21;16;22;108;35;12;28;16
768.0;15;20;18;21;108;33;10;27;18
774.0;14;19;17;22;109;31;11;27;20
780.0;15;20;17;25;110;29;11;26;17
786.0;15;20;16;24;109;29;13;25;19
792.0;15;19;16;25;109;32;16;22;16
798.0;20;20;15;22;109;31;15;23;15
804.0;19;21;13;20;109;35;17;22;14
810.0;17;20;14;20;109;33;19;24;14
816.0;17;19;13;19;111;32;18;26;15
822.0;16;19;15;21;112;28;18;26;15
828.0;15;21;11;21;113;29;19;26;15
834.0;16;18;11;25;112;28;19;26;15
840.0;15;18;13;24;112;28;19;27;14
846.0;14;19;14;26;111;25;20;27;14
852.0;14;18;14;27;112;23;19;29;14
858.0;13;18;12;26;116;21;20;28;16
864.0;14;18;13;25;117;20;19;28;16
870.0;15;17;12;24;119;20;16;32;15
876.0;17;17;11;23;121;21;13;31;16
882.0;18;16;14;24;120;22;11;30;15
888.0;18;17;16;24;119;22;10;29;15
894.0;21;18;14;25;119;21;8;30;14
900.0;14;19;15;25;120;23;13;29;12
906.0;16;19;17;24;122;26;11;26;9
912.0;17;20;13;23;123;27;13;25;9
918.0;16;23;12;23;123;26;16;24;7
924.0;13;23;13;24;124;27;15;24;7
930.0;12;23;13;28;122;25;17;23;7
936.0;12;23;10;27;122;26;18;25;7
942.0;12;22;11;27;121;28;17;25;7
948.0;12;24;12;29;118;27;16;24;8
954.0;11;22;15;28;116;28;16;25;9
960.0;12;22;14;27;117;26;16;25;11
966.0;12;23;12;27;116;27;17;24;12
972.0;12;23;16;27;117;25;17;24;9
978.0;11;25;16;29;117;25;14;23;10
984.0;12;25;15;28;117;24;16;21;12
990.0;12;25;14;28;119;24;14;22;12
996.0;15;24;14;27;121;24;11;23;11
1002.0;16;24;13;26;120;24;13;23;11
1008.0;14;27;11;26;122;23;10;26;11
1014.0;13;28;12;26;123;22;9;27;10
1020.0;13;27;10;23;123;24;9;31;10
1026.0;14;24;11;20;124;26;13;28;10
1032.0;14;25;9;20;125;25;14;27;11
1038.0;16;23;8;20;126;25;14;28;10
1044.0;15;23;8;18;124;29;15;27;11
1050.0;14;23;8;19;124;29;15;27;11
1056.0;17;22;6;21;122;28;13;29;12
1062.0;15;22;6;21;125;29;11;29;12
1068.0;15;24;8;21;127;30;9;26;10
1074.0;15;26;6;23;126;28;9;28;9
1080.0;17;25;7;20;127;27;12;27;8
1086.0;16;25;7;18;127;29;13;25;10
1092.0;16;24;10;20;127;25;14;25;9
1098.0;14;24;13;20;129;24;13;24;9
1104.0;17;23;11;22;126;24;13;22;12
1110.0;14;24;11;21;128;23;11;26;12
1116.0;13;24;11;19;128;24;12;27;12
1122.0;13;23;12;19;127;23;13;29;11
1128.0;11;23;12;19;126;23;14;29;13
1134.0;11;23;11;20;126;22;14;29;14
1140.0;10;24;11;19;125;22;13;31;15
1146.0;10;26;9;21;124;23;12;30;15
1152.0;11;25;8;18;123;27;13;29;16
1158.0;10;26;9;18;124;25;13;28;17
1164.0;10;25;11;18;122;23;15;29;17
1170.0;8;26;13;17;122;24;12;28;20
1176.0;11;25;11;18;121;25;13;28;18
1182.0;12;22;12;18;124;26;12;29;15
1188.0;12;22;13;20;119;24;15;28;17
1194.0;11;23;15;21;117;26;12;27;18
1200.0;10;23;14;23;117;24;11;29;19
1206.0;11;23;12;24;115;25;12;30;18
1212.0;11;23;12;24;116;26;11;30;17
1218.0;12;21;11;24;118;25;11;31;17
1224.0;14;20;10;26;116;23;13;34;14
1230.0;16;20;10;24;114;22;18;33;13
1236.0;16;20;13;24;116;22;14;32;13
1242.0;16;21;13;23;118;23;12;31;13
1248.0;14;22;11;25;120;24;13;29;12
1254.0;16;22;13;22;118;24;13;29;13
1260.0;17;20;15;22;120;26;11;27;12
1266.0;15;18;14;24;121;25;12;28;13
1272.0;14;18;15;23;121;29;14;25;11
1278.0;13;18;15;23;122;29;14;25;11
1284.0;14;18;14;20;123;28;15;28;10
1290.0;14;19;14;20;125;28;13;25;12
1296.0;15;20;12;22;125;27;12;24;13
1302.0;14;22;12;20;124;27;14;24;13
1308.0;12;23;11;20;125;26;15;24;14
1314.0;12;22;13;24;122;25;15;24;13
1320.0;14;22;12;25;122;25;13;21;16
1326.0;16;19;14;26;120;23;15;21;16
1332.0;16;18;15;24;120;24;15;20;18
1338.0;17;18;15;25;120;22;16;18;19
1344.0;15;14;16;28;121;23;15;19;19
1350.0;16;13;18;27;121;23;16;17;19
1356.0;14;14;21;28;122;25;15;14;17
1362.0;15;18;17;27;121;26;13;15;18
1368.0;14;16;18;27;121;27;16;14;17
1374.0;17;17;17;26;120;28;12;17;16
1380.0;16;18;18;25;120;29;12;18;14
1386.0;17;18;17;29;121;26;12;17;13
1392.0;17;19;18;26;119;27;11;18;15
1398.0;16;17;16;24;121;27;13;19;17
1404.0;16;18;15;22;119;28;15;20;17
1410.0;15;20;14;22;117;28;16;21;17
1416.0;15;20;15;23;117;27;17;19;17
1422.0;15;19;17;22;117;28;16;17;19
1428.0;14;19;15;22;116;28;19;19;18
1434.0;13;18;16;24;120;29;18;18;14
1440.0;14;21;16;23;120;27;17;18;14
1446.0;13;20;17;23;121;27;17;16;16
1452.0;14;19;15;23;122;26;18;16;17
1458.0;14;22;15;23;121;27;17;15;16
1464.0;14;23;13;23;122;28;17;16;14
1470.0;15;22;14;21;123;29;17;15;14
1476.0;14;23;14;22;124;28;16;16;13
1482.0;16;22;16;19;126;29;15;15;12
1488.0;17;24;17;20;126;27;13;13;13
1494.0;15;26;18;23;127;25;14;10;12
1500.0;13;24;16;23;128;24;13;11;18
1506.0;12;19;15;23;130;24;12;16;19
1512.0;13;19;16;22;130;24;11;16;19
1518.0;12;18;15;24;128;26;11;17;19
1524.0;12;20;14;24;128;26;10;18;18
1530.0;13;19;15;23;125;26;11;18;20
1536.0;13;21;13;21;129;26;11;19;17
1542.0;11;23;13;21;128;27;11;21;15
1548.0;11;23;13;22;129;26;11;22;13
1554.0;12;25;13;20;129;28;11;20;12
1560.0;11;23;14;21;129;27;11;22;12
1566.0;14;25;13;21;129;27;12;20;9
1572.0;14;22;13;21;130;29;12;20;9
1578.0;15;22;13;21;129;29;12;21;8
1584.0;14;23;12;22;129;29;12;21;8
1590.0;15;24;14;24;125;29;10;22;7
1596.0;14;24;12;27;125;29;10;23;6
1602.0;13;24;14;27;126;26;9;23;8
1608.0;15;23;12;28;127;26;10;21;8
1614.0;15;24;14;28;126;27;10;18;8
1620.0;15;24;15;25;126;23;12;19;11
1626.0;16;22;16;27;125;22;10;20;12
1632.0;18;23;15;24;126;21;10;21;12
1638.0;15;21;16;24;125;23;10;20;16
1644.0;16;23;14;26;125;23;10;22;11
1650.0;15;23;16;28;123;26;9;20;10
1656.0;16;22;13;25;123;26;12;23;10
1662.0;14;25;13;23;124;26;13;21;11
1668.0;14;22;15;23;125;27;14;21;9
1674.0;12;21;18;25;126;27;14;21;6
1680.0;11;22;16;26;127;25;14;22;7
1686.0;11;21;16;27;125;26;12;23;9
1692.0;12;20;13;29;126;26;14;21;9
1698.0;10;18;12;31;127;27;15;19;11
1704.0;9;18;14;32;125;28;14;19;11
1710.0;8;17;15;31;125;31;10;22;11
1716.0;7;19;16;33;125;32;7;21;10
1722.0;9;17;16;34;121;33;7;21;12
1728.0;9;17;15;34;120;34;9;21;11
1734.0;10;18;17;33;118;33;10;20;11
1740.0;12;19;17;32;117;32;12;19;10
1746.0;11;21;18;31;116;32;12;19;10
1752.0;10;22;19;32;117;32;10;19;9
1758.0;9;21;18;35;117;31;10;20;9
1764.0;10;22;18;35;117;30;8;22;8
1770.0;8;25;19;35;115;27;9;23;9
1776.0;9;24;20;32;114;29;10;23;9
1782.0;10;23;16;33;113;29;10;24;12
1788.0;12;22;15;34;113;28;9;25;12
1794.0;12;22;14;31;111;28;12;27;13
