#auto generated file!
12.0;53;58;38;48;46;36;55;44;52
18.0;50;59;40;47;48;36;53;46;51
24.0;47;59;43;47;48;36;52;45;53
30.0;46;59;43;46;49;36;53;48;50
36.0;42;61;45;44;54;37;53;44;50
42.0;43;61;47;47;53;38;50;46;45
48.0;47;63;39;50;55;39;43;44;50
54.0;48;62;37;50;55;38;45;42;53
60.0;49;58;35;50;56;39;45;43;55
66.0;50;58;36;47;59;38;41;44;57
72.0;48;58;32;47;67;38;39;49;52
78.0;53;57;34;48;70;40;32;48;48
84.0;46;53;39;49;68;41;32;51;51
90.0;47;54;37;47;68;45;30;51;51
96.0;47;57;37;51;69;44;29;48;48
102.0;43;61;33;51;74;46;26;48;48
108.0;44;57;30;55;78;45;29;48;44
114.0;42;59;29;50;84;45;29;48;44
120.0;38;63;33;50;84;44;25;50;43
126.0;40;61;28;48;88;46;25;51;43
132.0;38;57;27;48;92;46;27;50;45
138.0;35;56;29;47;94;48;25;49;47
144.0;34;54;30;51;95;46;24;49;47
150.0;35;52;32;50;97;44;23;51;46
156.0;30;52;30;49;104;46;23;47;49
162.0;28;50;33;51;106;44;23;46;49
168.0;28;49;30;54;106;48;25;45;45
174.0;29;48;30;53;110;48;24;45;43
180.0;25;49;26;54;116;50;23;46;41
186.0;24;51;27;52;119;52;22;46;37
192.0;22;52;26;52;119;53;24;43;39
198.0;23;54;25;51;119;55;23;41;39
204.0;24;50;25;52;121;56;24;43;35
210.0;26;51;23;52;122;54;23;44;35
216.0;28;51;19;57;124;52;23;45;31
222.0;29;56;21;53;120;52;24;45;30
228.0;28;57;25;51;120;52;23;45;29
234.0;31;60;21;53;116;53;24;46;26
240.0;30;62;22;54;119;52;24;43;24
246.0;31;63;19;54;119;55;26;41;22
252.0;29;64;19;53;120;57;24;42;22
258.0;27;64;17;52;120;56;28;45;21
264.0;27;63;16;50;121;59;29;45;20
270.0;25;63;19;50;120;61;29;44;19
276.0;26;61;19;48;122;62;31;43;18
282.0;27;58;15;46;124;62;36;44;18
288.0;23;57;18;48;126;60;35;44;19
294.0;22;56;15;53;130;57;30;46;21
300.0;21;57;16;52;131;56;27;47;23
306.0;23;55;18;50;132;55;26;48;23
312.0;19;53;19;55;132;54;26;49;23
318.0;19;52;20;53;135;54;27;49;21
324.0;22;51;20;52;134;54;26;48;23
330.0;22;50;20;52;135;58;27;45;21
336.0;23;53;18;52;136;55;28;43;22
342.0;24;49;22;51;137;56;27;45;19
348.0;23;48;22;54;135;55;27;45;21
354.0;21;48;23;54;136;53;31;45;19
360.0;20;47;23;51;137;52;30;49;21
366.0;21;49;22;50;139;52;30;45;22
372.0;23;50;25;48;142;51;29;42;20
378.0;24;49;27;45;143;51;27;45;19
384.0;26;47;28;44;145;51;26;43;20
390.0;27;48;28;41;144;49;27;43;23
396.0;26;48;31;42;143;49;24;45;22
402.0;28;49;27;39;144;46;24;47;26
408.0;31;48;24;41;146;46;23;47;24
414.0;28;45;21;44;148;46;25;49;24
420.0;27;43;22;45;149;46;25;47;26
426.0;26;41;22;45;151;44;27;47;27
432.0;25;38;22;45;154;45;28;46;27
438.0;26;40;23;43;155;45;24;47;27
444.0;24;40;21;45;155;46;23;46;30
450.0;21;43;20;43;156;47;24;46;30
456.0;20;45;17;45;157;45;27;47;27
462.0;19;42;16;46;154;44;31;49;29
468.0;18;42;16;43;158;47;31;50;25
474.0;20;45;17;40;154;51;31;49;23
480.0;22;44;14;41;153;51;31;50;24
486.0;20;48;14;40;154;48;32;50;24
492.0;19;49;16;42;154;48;31;48;23
498.0;19;52;16;42;153;47;29;49;23
504.0;20;54;15;43;148;47;29;51;23
510.0;21;56;16;41;146;43;32;51;24
516.0;23;54;16;42;148;45;29;50;23
522.0;24;55;14;44;148;43;27;52;23
528.0;23;52;16;47;148;44;27;50;23
534.0;23;51;16;47;147;46;25;50;25
540.0;23;52;17;47;147;46;25;51;22
546.0;21;50;16;48;149;47;26;52;21
552.0;21;48;18;50;150;47;27;51;18
558.0;21;43;20;51;154;47;26;50;18
564.0;22;50;19;50;154;46;26;48;15
570.0;20;52;20;47;153;47;26;48;17
576.0;17;54;21;45;153;47;25;49;19
582.0;16;56;22;43;153;44;24;53;19
588.0;16;56;25;43;152;44;21;52;21
594.0;19;56;25;42;152;46;17;50;23
600.0;20;55;25;43;156;45;16;50;20
606.0;19;55;23;42;159;43;16;50;23
612.0;15;55;23;43;159;45;16;50;24
618.0;16;55;21;43;162;44;17;48;24
624.0;19;57;21;38;165;43;17;47;23
630.0;20;55;21;40;164;48;16;44;22
636.0;20;53;18;38;164;50;17;48;22
642.0;19;56;17;36;164;51;18;47;22
648.0;20;52;16;38;164;50;17;49;24
654.0;18;54;17;37;164;49;16;51;24
660.0;15;56;16;35;166;49;17;50;26
666.0;20;55;17;38;165;49;15;45;26
672.0;19;58;16;33;166;51;17;45;25
678.0;19;58;15;35;166;50;17;44;26
684.0;17;57;18;36;166;49;16;45;26
690.0;15;51;18;37;170;53;15;45;26
696.0;16;50;17;40;172;51;14;43;27
702.0;17;52;17;38;174;51;18;39;24
708.0;19;51;15;39;174;52;13;40;27
714.0;21;52;13;40;175;50;12;40;27
720.0;22;51;13;41;178;46;13;40;26
726.0;22;52;12;43;173;47;13;40;28
732.0;22;53;13;42;177;45;12;39;27
738.0;22;52;15;46;176;43;13;40;23
744.0;22;53;14;44;176;45;15;37;24
750.0;22;48;17;47;177;44;14;40;21
756.0;20;49;17;46;177;44;15;40;22
762.0;23;51;17;42;178;45;15;36;23
768.0;25;48;20;41;177;45;15;37;22
774.0;26;45;23;42;176;41;17;39;21
780.0;25;46;22;45;177;40;17;36;22
786.0;26;45;22;45;178;39;17;36;22
792.0;25;45;23;45;176;41;17;35;23
798.0;19;45;24;45;179;44;16;35;23
804.0;19;41;20;46;182;45;18;37;22
810.0;21;40;23;43;181;48;17;38;19
816.0;23;44;20;42;182;46;17;35;21
822.0;22;41;21;41;182;44;18;39;22
828.0;19;42;20;40;183;45;16;42;23
834.0;23;36;24;40;181;42;19;43;22
840.0;19;37;27;41;183;40;19;41;23
846.0;18;37;31;39;184;39;19;42;21
852.0;17;39;30;38;184;42;18;40;22
858.0;14;40;23;43;187;41;18;42;22
864.0;14;40;25;42;186;40;19;41;23
870.0;14;40;24;43;184;44;21;39;21
876.0;14;39;22;42;184;43;22;39;25
882.0;14;39;21;44;183;44;21;41;23
888.0;12;37;21;44;186;44;19;42;25
894.0;13;36;21;45;184;42;20;43;26
900.0;12;37;21;46;186;43;20;41;24
906.0;13;39;21;46;184;44;20;39;24
912.0;15;40;18;43;186;41;24;42;21
918.0;16;39;18;42;189;41;22;43;20
924.0;20;35;17;36;190;45;22;43;22
930.0;22;37;18;35;188;42;21;42;25
936.0;23;40;18;34;188;40;22;41;24
942.0;22;41;19;35;189;42;23;39;20
948.0;20;41;19;35;191;40;21;43;20
954.0;20;38;16;34;191;43;22;46;20
960.0;19;37;15;31;191;43;23;49;22
966.0;21;40;15;33;193;41;22;46;19
972.0;23;41;14;33;193;38;22;48;18
978.0;24;45;18;32;190;35;23;45;18
984.0;24;45;17;31;189;35;21;49;19
990.0;21;46;18;33;193;33;21;45;20
996.0;21;46;17;34;190;34;26;44;18
1002.0;22;45;14;37;190;33;27;44;18
1008.0;22;45;14;38;187;36;27;44;17
1014.0;22;46;15;36;187;37;24;44;19
1020.0;23;47;17;37;187;37;24;42;16
1026.0;25;47;18;34;187;38;20;46;15
1032.0;24;48;22;32;187;36;19;47;15
1038.0;23;47;21;32;194;38;17;43;15
1044.0;20;48;20;31;197;38;16;45;15
1050.0;21;45;23;31;197;37;17;43;16
1056.0;22;47;20;32;197;38;20;39;15
1062.0;19;50;19;33;197;39;19;39;15
1068.0;20;54;17;35;195;40;18;36;15
1074.0;22;54;17;31;195;40;19;38;14
1080.0;24;54;17;28;194;39;21;39;14
1086.0;23;50;17;28;190;41;21;42;18
1092.0;29;47;16;28;190;38;23;41;18
1098.0;28;48;16;31;188;38;20;40;21
1104.0;27;47;17;33;189;37;20;38;22
1110.0;24;50;13;33;190;38;20;39;23
1116.0;20;53;14;33;188;37;21;41;23
1122.0;20;51;18;34;190;36;20;39;22
1128.0;21;51;20;35;188;35;18;40;22
1134.0;22;52;20;34;185;36;18;40;23
1140.0;21;52;18;37;187;36;19;37;23
1146.0;18;52;16;37;185;39;20;38;25
1152.0;17;51;15;38;185;37;21;41;25
1158.0;17;49;16;40;184;39;20;40;25
1164.0;15;51;15;41;185;38;23;38;24
1170.0;15;50;16;41;181;39;22;39;27
1176.0;17;53;18;38;180;37;21;40;26
1182.0;18;52;18;39;183;37;21;40;22
1188.0;18;53;17;38;183;37;20;42;22
1194.0;14;55;16;41;183;35;21;44;21
1200.0;15;55;22;38;179;34;20;46;21
1206.0;18;55;21;38;181;33;16;47;21
1212.0;19;56;19;39;182;34;16;46;19
1218.0;16;55;19;39;184;31;14;48;24
1224.0;13;56;20;40;182;34;15;46;24
1230.0;17;58;18;39;181;36;13;47;21
1236.0;19;57;17;38;182;37;12;48;20
1242.0;20;56;15;43;183;38;12;44;19
1248.0;22;55;15;42;184;35;13;44;20
1254.0;21;54;14;40;186;35;15;45;20
1260.0;21;54;15;41;181;38;15;46;19
1266.0;20;52;16;41;183;38;18;45;17
1272.0;20;51;18;43;181;39;16;43;19
1278.0;19;48;13;46;180;42;18;46;18
1284.0;20;48;11;47;180;45;18;43;18
1290.0;21;48;13;47;180;47;14;42;18
1296.0;20;49;14;49;179;42;16;43;18
1302.0;20;51;14;52;178;39;15;40;21
1308.0;18;53;12;51;178;39;15;42;22
1314.0;18;53;13;52;180;38;16;41;19
1320.0;19;53;12;51;182;36;15;42;20
1326.0;20;50;10;54;183;38;16;38;21
1332.0;18;49;12;53;186;38;16;36;22
1338.0;21;50;13;49;185;38;16;37;21
1344.0;19;50;14;47;186;36;16;38;24
1350.0;20;51;17;46;186;34;14;39;23
1356.0;28;49;15;46;186;32;13;38;23
1362.0;27;48;14;46;182;32;20;38;23
1368.0;25;47;14;41;185;32;22;41;23
1374.0;22;49;10;41;190;32;21;40;25
1380.0;21;47;13;38;194;31;19;42;25
1386.0;17;43;14;41;195;35;21;41;23
1392.0;16;44;15;41;196;35;19;43;21
1398.0;16;44;13;41;196;33;20;44;23
1404.0;16;43;13;40;199;33;18;45;23
1410.0;17;42;14;41;198;36;16;44;22
1416.0;15;43;17;41;195;36;17;43;23
1422.0;16;42;17;43;197;35;16;44;20
1428.0;15;42;20;41;195;34;19;44;20
1434.0;14;42;18;39;195;37;19;45;21
1440.0;13;39;20;43;196;37;18;44;20
1446.0;12;44;20;44;196;35;18;45;16
1452.0;13;46;18;44;197;37;16;42;17
1458.0;14;48;12;46;197;35;16;44;18
1464.0;14;49;14;48;194;36;14;43;18
1470.0;16;46;15;50;192;38;10;45;18
1476.0;16;44;15;47;191;38;11;46;22
1482.0;13;46;13;46;191;40;11;49;21
1488.0;16;43;16;46;185;42;11;51;20
1494.0;15;44;14;45;187;44;11;51;19
1500.0;15;46;11;46;184;43;13;53;19
1506.0;16;50;12;47;185;36;12;53;19
1512.0;18;49;11;47;182;39;12;54;18
1518.0;19;47;13;47;182;38;13;52;19
1524.0;21;47;14;44;181;37;11;53;22
1530.0;25;47;14;44;183;38;10;48;21
1536.0;26;42;15;45;182;37;12;51;20
1542.0;24;41;18;44;182;39;13;49;20
1548.0;26;39;18;43;181;39;16;47;21
1554.0;25;39;19;44;181;41;18;44;19
1560.0;28;43;20;43;181;38;18;42;17
1566.0;29;41;19;45;182;38;17;41;18
1572.0;29;39;19;43;179;37;21;43;20
1578.0;27;41;16;44;181;35;21;44;21
1584.0;29;38;13;47;185;37;20;43;18
1590.0;26;36;14;50;189;37;20;43;15
1596.0;26;34;15;50;191;38;20;42;14
1602.0;26;34;14;50;189;37;24;41;15
1608.0;23;36;15;49;194;35;25;40;13
1614.0;20;34;18;49;193;36;24;40;16
1620.0;21;33;20;48;194;33;25;41;15
1626.0;19;32;22;48;196;33;23;41;16
1632.0;22;29;23;43;197;35;24;39;18
1638.0;24;31;23;43;195;35;22;38;19
1644.0;22;32;26;46;195;36;19;36;18
1650.0;21;32;23;42;193;35;23;39;22
1656.0;21;33;23;46;190;33;24;39;21
1662.0;23;33;21;44;191;37;22;39;20
1668.0;21;36;21;41;192;40;23;37;19
1674.0;21;33;22;43;191;42;23;36;19
1680.0;22;32;23;44;189;43;23;35;19
1686.0;19;35;24;43;189;41;25;34;20
1692.0;21;34;22;44;189;43;23;33;21
1698.0;21;33;18;45;191;43;23;33;23
1704.0;24;34;16;46;190;41;20;32;27
1710.0;22;33;17;46;189;42;20;33;28
1716.0;22;34;16;45;190;41;20;35;27
1722.0;19;37;15;46;190;38;20;34;31
1728.0;22;40;13;43;189;38;19;35;31
1734.0;24;40;14;43;187;37;20;37;28
1740.0;20;41;17;44;186;32;24;39;27
1746.0;21;39;16;43;187;31;27;40;26
1752.0;19;39;18;46;186;32;27;38;25
1758.0;18;39;17;48;188;30;26;39;25
1764.0;18;37;15;47;186;34;27;40;26
1770.0;18;40;17;43;188;34;21;45;24
1776.0;21;39;17;41;192;31;23;42;24
1782.0;20;39;18;40;191;31;23;42;26
1788.0;21;38;23;39;192;35;21;38;23
1794.0;22;37;20;40;194;36;22;35;24
