#auto generated file!
12.0;26;31;36;31;41;35;29;30;31
18.0;26;29;38;32;41;34;27;32;31
24.0;21;28;41;33;44;35;25;31;32
30.0;19;26;37;36;49;34;27;32;30
36.0;20;30;37;36;54;32;26;29;26
42.0;18;32;34;36;57;29;25;32;27
48.0;18;31;36;35;58;29;26;31;26
54.0;19;32;32;36;59;30;27;31;24
60.0;24;31;25;36;60;30;26;33;25
66.0;22;32;20;33;62;34;26;34;27
72.0;25;34;19;33;63;32;25;34;25
78.0;25;36;20;33;64;35;18;36;23
84.0;25;34;24;33;66;32;17;36;23
90.0;22;34;22;34;69;32;18;37;22
96.0;21;32;22;33;70;36;16;38;22
102.0;23;33;21;32;70;32;17;38;24
108.0;26;34;20;30;69;34;16;37;24
114.0;27;35;19;28;69;37;16;36;23
120.0;28;35;17;30;68;36;15;36;25
126.0;28;38;17;29;69;34;20;33;22
132.0;28;38;17;29;71;34;19;32;22
138.0;28;38;17;28;71;34;19;33;22
144.0;26;38;20;26;72;33;21;35;19
150.0;27;37;19;26;70;36;21;35;19
156.0;29;37;17;24;71;39;22;35;16
162.0;28;37;17;24;72;39;21;36;16
168.0;27;39;18;22;72;36;20;38;18
174.0;24;38;19;24;71;36;23;38;17
180.0;24;36;17;25;70;34;22;41;21
186.0;25;34;20;26;70;34;21;40;20
192.0;28;35;19;29;70;32;18;40;19
198.0;29;34;18;29;71;34;17;39;19
204.0;31;35;17;27;74;31;18;39;18
210.0;30;34;18;32;73;29;18;36;20
216.0;30;33;21;33;72;26;19;36;20
222.0;31;33;19;33;77;26;17;36;18
228.0;28;31;20;35;80;28;16;32;20
234.0;26;34;20;36;81;29;16;31;17
240.0;21;32;18;38;79;29;21;31;21
246.0;24;32;22;38;76;27;20;33;18
252.0;24;33;22;36;77;26;18;37;17
258.0;28;29;20;37;78;27;19;36;16
264.0;29;30;17;38;79;29;20;35;13
270.0;27;30;16;39;78;32;20;35;13
276.0;30;32;14;40;78;30;21;34;11
282.0;29;30;16;39;78;31;23;33;11
288.0;26;30;18;38;83;30;23;32;10
294.0;29;29;22;39;82;29;20;29;11
300.0;28;26;20;38;86;32;19;32;9
306.0;28;26;18;38;87;31;21;32;9
312.0;26;26;16;37;88;32;20;33;12
318.0;28;26;14;37;88;34;20;31;12
324.0;27;29;11;39;91;33;15;31;14
330.0;23;28;9;41;91;35;15;32;16
336.0;21;27;9;40;91;35;18;34;15
342.0;22;28;11;38;92;33;16;37;13
348.0;21;29;10;36;92;32;16;38;16
354.0;19;31;9;31;93;31;17;40;19
360.0;16;31;10;33;95;31;17;39;18
366.0;16;32;10;33;94;30;18;41;16
372.0;15;33;12;31;92;30;18;42;17
378.0;13;29;12;32;94;30;19;42;19
384.0;12;28;10;35;92;34;20;41;18
390.0;12;29;11;37;92;34;19;40;16
396.0;14;27;12;37;91;35;18;42;14
402.0;12;32;16;33;89;35;16;42;15
408.0;14;30;14;32;90;36;17;43;14
414.0;13;31;12;30;95;37;15;40;17
420.0;12;29;13;26;96;40;15;42;17
426.0;10;28;14;27;98;39;15;43;16
432.0;10;30;11;27;100;39;13;45;15
438.0;12;31;9;30;98;40;11;43;16
444.0;13;31;10;29;99;41;12;43;12
450.0;13;31;11;27;98;41;17;41;11
456.0;12;33;11;27;96;42;16;42;11
462.0;13;34;11;31;97;41;12;40;11
468.0;14;34;10;29;98;40;12;41;12
474.0;14;32;10;31;98;38;16;40;11
480.0;13;31;11;32;94;39;17;40;13
486.0;13;31;12;31;96;40;16;38;13
492.0;14;33;14;26;97;40;17;36;13
498.0;17;31;15;26;97;39;19;33;13
504.0;16;28;14;22;101;38;22;34;15
510.0;16;28;12;22;103;38;20;35;16
516.0;15;27;10;23;103;36;20;37;19
522.0;16;26;8;25;102;37;21;38;17
528.0;14;27;9;28;105;37;16;40;14
534.0;14;29;10;28;107;35;12;41;14
540.0;14;30;8;30;108;34;14;42;10
546.0;13;30;11;32;105;31;13;44;11
552.0;12;33;11;33;105;29;13;42;12
558.0;13;31;13;37;105;30;11;38;12
564.0;17;31;12;37;104;29;14;35;11
570.0;14;32;15;39;105;29;13;34;9
576.0;15;30;12;39;106;30;12;34;12
582.0;18;29;11;37;108;31;11;32;13
588.0;18;30;11;36;108;31;10;33;13
594.0;22;32;10;33;107;28;12;32;14
600.0;21;31;11;32;105;27;15;33;15
606.0;20;30;14;31;104;28;16;31;16
612.0;16;33;14;30;104;30;18;30;15
618.0;20;32;14;29;103;29;18;31;14
624.0;17;33;14;30;105;29;18;31;13
630.0;18;35;11;30;105;29;21;30;11
636.0;19;36;11;29;106;29;21;28;11
642.0;18;37;8;27;108;28;24;26;14
648.0;19;37;7;25;108;28;25;26;15
654.0;20;39;8;25;108;25;23;27;15
660.0;18;38;9;27;107;26;22;29;14
666.0;17;39;10;29;106;26;20;31;12
672.0;18;40;14;28;108;25;18;27;12
678.0;18;41;12;28;109;26;16;29;11
684.0;15;40;13;28;108;26;16;29;15
690.0;15;37;12;29;112;26;11;31;17
696.0;14;34;13;32;113;27;11;29;17
702.0;13;33;14;32;113;28;11;29;17
708.0;13;32;12;34;113;28;10;30;18
714.0;13;30;13;31;114;29;11;33;16
720.0;13;30;14;31;114;28;12;31;17
726.0;14;26;13;32;115;29;13;32;16
732.0;17;24;12;34;113;29;12;32;17
738.0;17;22;11;36;111;27;13;34;19
744.0;17;22;12;36;108;27;15;34;19
750.0;18;22;13;35;108;29;15;31;19
756.0;18;22;14;35;111;28;14;30;18
762.0;18;21;11;35;110;27;15;29;24
768.0;18;21;12;34;110;27;16;30;22
774.0;19;21;9;35;108;28;15;31;24
780.0;16;21;11;36;108;30;15;32;21
786.0;15;22;12;37;108;29;15;31;21
792.0;17;21;14;35;108;28;16;31;20
798.0;18;21;11;35;109;27;19;31;19
804.0;15;20;14;37;111;26;18;29;20
810.0;15;20;15;37;111;26;16;30;20
816.0;13;19;14;39;113;28;14;31;19
822.0;12;21;16;38;110;29;14;31;19
828.0;11;21;15;37;111;28;15;31;21
834.0;13;22;14;36;111;28;16;30;20
840.0;13;21;14;35;111;25;17;31;23
846.0;11;20;15;37;114;25;17;29;22
852.0;12;21;15;37;112;27;16;28;22
858.0;13;21;16;35;112;26;15;30;22
864.0;13;22;17;35;113;29;11;31;19
870.0;12;24;17;33;115;30;11;30;18
876.0;12;24;17;33;115;31;11;31;16
882.0;12;26;19;34;113;33;12;29;12
888.0;10;26;22;32;113;32;12;29;14
894.0;10;28;20;34;113;32;11;29;13
900.0;9;30;19;30;114;32;10;31;15
906.0;10;29;22;31;115;33;8;29;13
912.0;10;28;20;30;118;33;7;32;12
918.0;12;26;20;31;114;33;6;32;16
924.0;11;26;21;32;113;32;8;30;17
930.0;12;25;23;30;112;33;9;30;16
936.0;13;27;22;29;113;35;7;28;16
942.0;11;26;23;31;111;36;7;30;15
948.0;11;25;19;31;113;32;11;31;17
954.0;12;25;19;31;115;32;10;30;16
960.0;13;24;16;34;116;32;6;28;21
966.0;13;24;17;34;118;31;7;27;19
972.0;15;23;19;33;117;31;8;27;17
978.0;14;23;17;36;120;30;9;25;16
984.0;15;20;14;41;120;29;10;25;16
990.0;16;19;14;40;119;28;11;25;18
996.0;15;19;14;39;118;26;13;28;18
1002.0;15;19;13;40;116;27;14;28;18
1008.0;14;19;12;42;115;27;13;29;19
1014.0;14;19;9;43;118;27;13;29;18
1020.0;15;18;9;43;121;27;11;28;18
1026.0;15;18;8;41;124;27;9;28;20
1032.0;15;20;7;42;124;27;10;26;19
1038.0;14;19;6;43;123;28;10;28;19
1044.0;17;19;7;43;120;27;10;29;18
1050.0;16;21;9;40;120;28;9;29;18
1056.0;15;21;9;38;118;31;10;28;20
1062.0;14;22;8;36;118;33;14;26;19
1068.0;13;22;10;35;119;33;15;26;17
1074.0;15;22;11;35;120;34;14;23;16
1080.0;16;20;11;35;120;36;13;24;15
1086.0;18;20;12;34;122;34;13;23;14
1092.0;19;23;12;30;122;34;11;25;14
1098.0;20;21;13;32;121;31;9;26;17
1104.0;20;20;13;33;119;31;7;28;19
1110.0;17;20;15;32;118;30;7;30;21
1116.0;18;22;15;31;117;30;6;32;19
1122.0;17;22;13;29;118;31;8;33;19
1128.0;16;25;12;28;118;32;11;31;17
1134.0;15;25;15;26;118;30;11;31;19
1140.0;17;24;16;28;121;28;10;27;19
1146.0;16;24;16;30;120;27;10;27;20
1152.0;16;23;14;31;119;27;11;28;21
1158.0;13;23;13;31;119;32;12;27;20
1164.0;11;21;14;33;118;31;16;26;20
1170.0;11;21;13;34;117;29;19;26;20
1176.0;12;24;14;31;117;29;14;27;22
1182.0;12;25;14;32;117;28;14;27;21
1188.0;14;25;13;32;115;24;18;30;19
1194.0;15;27;13;31;116;24;16;30;18
1200.0;11;25;14;34;117;26;17;29;17
1206.0;13;21;18;29;118;27;20;27;17
1212.0;13;22;15;30;120;27;22;25;16
1218.0;16;20;14;32;121;25;20;26;16
1224.0;13;22;14;32;124;22;20;25;18
1230.0;13;24;14;31;126;21;21;24;16
1236.0;16;26;12;32;124;19;18;23;20
1242.0;16;27;13;32;121;19;17;24;21
1248.0;14;28;14;30;122;20;15;25;22
1254.0;12;32;12;29;123;20;14;27;21
1260.0;13;33;12;30;122;20;15;24;21
1266.0;12;34;13;33;124;20;12;23;19
1272.0;11;33;12;34;124;22;11;24;19
1278.0;12;32;13;33;122;22;11;28;17
1284.0;11;33;11;29;123;25;10;30;18
1290.0;12;30;12;30;122;27;9;31;17
1296.0;12;32;13;27;122;26;9;31;18
1302.0;13;34;11;28;121;23;11;32;17
1308.0;12;33;12;30;123;19;11;31;19
1314.0;11;34;12;32;120;20;13;28;20
1320.0;12;33;12;34;116;20;15;28;20
1326.0;11;35;12;34;118;21;13;27;19
1332.0;12;34;12;32;119;23;14;25;19
1338.0;13;34;11;30;120;23;18;23;18
1344.0;13;37;10;30;118;25;18;22;17
1350.0;11;40;13;28;119;25;17;21;16
1356.0;12;34;11;29;119;25;19;23;18
1362.0;13;34;9;30;120;26;19;24;15
1368.0;11;34;10;30;120;23;19;25;18
1374.0;12;32;12;30;120;24;19;25;16
1380.0;12;32;14;31;119;23;19;25;15
1386.0;13;33;12;30;120;24;18;25;15
1392.0;14;32;10;31;120;27;18;24;14
1398.0;13;30;10;31;119;30;21;24;12
1404.0;13;28;9;34;123;30;17;25;11
1410.0;12;28;8;36;122;31;18;23;12
1416.0;10;29;8;34;123;30;17;25;14
1422.0;11;29;8;34;123;32;15;23;15
1428.0;12;31;8;33;125;31;12;25;13
1434.0;14;30;10;33;124;34;12;23;10
1440.0;19;27;11;30;124;32;13;22;12
1446.0;19;30;12;31;123;31;10;23;11
1452.0;20;31;12;31;124;30;8;22;12
1458.0;21;30;12;33;122;30;10;20;12
1464.0;18;31;12;34;124;27;10;20;14
1470.0;16;33;9;32;124;28;11;20;17
1476.0;17;31;9;33;123;29;13;20;15
1482.0;15;31;11;33;122;30;13;20;15
1488.0;13;34;11;33;123;27;13;21;15
1494.0;12;36;10;34;124;26;13;21;14
1500.0;12;38;12;33;123;25;15;19;13
1506.0;12;39;11;33;125;23;15;19;13
1512.0;11;38;14;34;127;22;9;21;14
1518.0;12;38;13;34;129;22;10;19;13
1524.0;14;35;11;33;131;24;13;17;12
1530.0;13;35;11;34;132;23;12;17;13
1536.0;12;34;11;33;134;23;13;15;15
1542.0;12;34;11;34;134;21;13;16;15
1548.0;12;32;11;37;135;19;15;15;14
1554.0;11;35;11;31;134;21;15;18;14
1560.0;10;33;14;32;134;19;13;19;16
1566.0;10;34;13;32;135;21;11;17;17
1572.0;9;32;11;34;136;19;11;20;18
1578.0;10;32;12;32;138;19;11;18;18
1584.0;11;31;12;32;138;20;10;19;17
1590.0;11;31;13;34;138;23;9;19;12
1596.0;12;29;13;34;139;25;9;20;9
1602.0;12;27;13;31;138;25;10;23;11
1608.0;12;26;13;30;140;25;10;23;11
1614.0;10;24;12;30;139;24;12;26;13
1620.0;11;25;11;28;138;25;12;26;14
1626.0;11;25;11;29;137;21;16;27;13
1632.0;9;27;12;29;137;21;15;28;12
1638.0;9;29;11;29;136;20;16;28;12
1644.0;10;29;11;29;136;23;14;28;10
1650.0;12;26;16;28;135;22;11;28;12
1656.0;12;26;15;27;136;22;10;29;13
1662.0;12;27;13;24;136;23;10;32;13
1668.0;14;30;11;22;138;24;9;30;12
1674.0;12;31;12;22;139;24;9;30;11
1680.0;16;29;12;22;140;24;7;29;11
1686.0;15;28;13;22;140;25;7;29;11
1692.0;13;30;13;19;143;26;9;28;9
1698.0;13;29;10;17;144;25;12;31;9
1704.0;13;29;11;17;144;24;11;30;11
1710.0;14;32;11;15;142;24;12;29;11
1716.0;16;32;10;15;141;23;14;29;10
1722.0;15;32;10;15;143;23;16;29;7
1728.0;13;30;10;15;145;23;17;30;7
1734.0;9;31;11;15;143;25;17;30;9
1740.0;6;32;11;15;143;27;16;31;9
1746.0;7;30;8;17;142;28;13;33;12
1752.0;7;29;8;17;143;26;13;32;15
1758.0;9;25;9;17;141;26;11;34;18
1764.0;10;25;10;14;141;26;13;35;16
1770.0;10;25;11;13;136;28;14;37;16
1776.0;10;25;15;13;134;28;13;37;15
1782.0;12;24;13;14;134;29;13;38;13
1788.0;13;24;12;15;134;29;14;38;11
1794.0;13;27;10;14;133;30;15;35;13
