#auto generated file!
12.0;36;23;24;26;37;37;32;20;35
18.0;32;23;25;32;38;36;30;21;33
24.0;30;21;24;30;40;36;28;25;36
30.0;28;25;22;31;42;35;27;27;33
36.0;25;26;21;33;43;36;27;27;32
42.0;25;24;21;32;44;38;26;30;30
48.0;27;23;22;30;43;36;26;32;31
54.0;29;24;21;31;44;38;24;34;25
60.0;28;27;20;30;44;38;25;35;23
66.0;27;27;20;32;46;41;23;34;20
72.0;26;28;18;32;47;42;20;35;22
78.0;28;28;20;33;48;37;17;37;22
84.0;26;28;24;32;47;33;19;39;22
90.0;24;29;23;32;49;34;19;39;21
96.0;23;31;21;35;50;36;19;38;17
102.0;22;31;21;34;51;37;18;40;16
108.0;20;30;22;35;54;35;19;40;15
114.0;18;30;22;36;55;33;19;40;17
120.0;19;27;19;37;58;33;22;39;16
126.0;22;26;19;37;57;35;20;40;14
132.0;23;24;21;36;57;34;20;41;14
138.0;22;23;21;36;58;34;21;41;14
144.0;21;23;22;36;58;35;19;40;16
150.0;23;25;20;36;59;33;16;42;16
156.0;26;24;19;34;59;35;17;38;18
162.0;24;25;19;34;61;33;19;39;16
168.0;20;25;21;34;63;34;16;40;17
174.0;20;26;19;34;63;34;17;42;15
180.0;20;25;19;33;65;34;18;39;17
186.0;17;26;20;31;67;36;17;38;18
192.0;19;26;20;28;69;37;18;36;17
198.0;20;26;22;28;67;36;16;37;18
204.0;20;25;19;29;70;37;17;35;18
210.0;16;25;19;30;71;36;16;38;19
216.0;18;25;18;32;71;37;12;38;19
222.0;15;25;17;28;73;39;14;38;21
228.0;16;28;18;29;72;37;12;38;20
234.0;17;27;17;31;73;35;12;37;21
240.0;18;24;17;35;74;32;12;37;21
246.0;17;23;18;33;76;31;11;38;23
252.0;19;23;17;33;75;30;12;37;24
258.0;21;25;16;33;78;30;11;34;22
264.0;16;25;18;33;80;31;11;33;23
270.0;16;26;18;33;83;29;11;32;22
276.0;15;27;18;35;84;29;10;31;21
282.0;15;26;21;34;86;29;8;28;23
288.0;16;27;17;36;87;28;8;27;24
294.0;16;26;17;37;91;28;7;29;19
300.0;16;24;18;37;95;27;7;27;19
306.0;14;28;18;35;95;30;7;25;18
312.0;13;31;19;34;95;31;5;24;18
318.0;16;30;18;34;97;29;6;21;19
324.0;15;29;17;35;98;28;10;22;16
330.0;13;32;17;37;98;26;12;20;15
336.0;13;32;15;36;100;29;14;18;13
342.0;17;32;13;31;105;26;14;20;12
348.0;17;32;12;33;107;23;14;20;12
354.0;18;31;13;32;105;26;13;19;13
360.0;19;26;12;33;106;27;14;20;13
366.0;17;27;13;31;107;29;13;20;13
372.0;16;27;13;33;105;29;14;20;13
378.0;15;26;14;34;105;30;13;22;11
384.0;19;24;14;34;103;31;11;23;11
390.0;20;22;11;34;104;30;11;27;11
396.0;18;23;9;32;105;29;14;31;9
402.0;19;23;11;29;106;29;13;30;10
408.0;19;24;12;31;106;27;13;29;9
414.0;18;25;13;30;104;25;14;31;10
420.0;18;20;11;33;105;26;13;33;11
426.0;21;21;11;32;106;25;13;32;9
432.0;20;21;12;31;107;25;13;31;10
438.0;16;21;15;31;107;26;12;32;10
444.0;15;24;16;32;108;25;9;32;9
450.0;16;23;15;33;109;25;8;32;9
456.0;14;21;12;33;112;25;9;32;12
462.0;13;21;10;32;111;25;12;33;13
468.0;13;18;9;33;111;28;10;33;15
474.0;16;18;9;31;114;29;7;35;11
480.0;15;20;9;29;113;30;8;34;12
486.0;16;21;10;26;115;30;9;33;10
492.0;14;22;11;25;115;31;10;32;10
498.0;18;22;9;27;114;29;12;31;8
504.0;20;22;9;30;111;31;12;28;7
510.0;18;21;9;28;113;31;13;26;11
516.0;21;20;9;26;115;31;13;24;11
522.0;21;19;10;26;114;32;14;23;11
528.0;16;19;10;24;114;34;15;25;13
534.0;16;19;10;25;114;32;16;25;13
540.0;17;21;9;26;114;29;17;25;12
546.0;16;19;10;26;112;30;18;24;15
552.0;15;19;11;25;117;30;16;22;15
558.0;18;18;9;27;116;30;16;22;14
564.0;18;20;10;27;117;30;14;20;14
570.0;18;21;12;26;116;29;12;21;15
576.0;17;20;14;27;117;29;10;22;14
582.0;16;22;11;27;117;30;11;22;14
588.0;17;21;11;26;116;32;13;21;13
594.0;17;22;11;25;118;33;12;21;11
600.0;17;23;11;28;118;33;13;17;10
606.0;17;22;11;29;117;33;13;17;11
612.0;17;20;11;29;116;33;13;20;11
618.0;13;19;12;28;117;32;15;20;14
624.0;12;19;12;30;114;32;16;20;15
630.0;13;19;12;29;116;32;17;18;14
636.0;13;19;11;31;114;31;20;17;14
642.0;12;19;11;31;115;30;21;16;15
648.0;10;21;13;29;114;32;19;16;16
654.0;11;23;11;30;115;32;18;14;16
660.0;13;22;11;27;117;31;18;16;15
666.0;14;21;9;29;115;32;18;17;15
672.0;11;22;9;30;115;31;18;18;16
678.0;11;21;8;31;117;31;16;19;16
684.0;10;19;12;32;117;30;18;19;13
690.0;11;21;12;30;117;31;17;18;13
696.0;11;22;11;29;120;31;15;20;11
702.0;11;23;10;30;116;31;14;22;13
708.0;13;22;13;27;116;30;16;22;11
714.0;14;22;13;29;117;28;14;21;12
720.0;14;22;13;27;120;28;13;19;14
726.0;14;21;12;26;121;29;12;20;15
732.0;15;23;11;26;121;27;12;19;16
738.0;13;23;12;25;123;26;13;21;14
744.0;13;24;10;26;122;26;12;21;16
750.0;11;24;12;25;121;28;13;21;15
756.0;14;22;11;24;120;28;14;21;16
762.0;17;23;9;24;122;26;13;21;15
768.0;19;22;9;25;122;25;15;20;13
774.0;14;25;13;26;120;26;16;17;13
780.0;16;23;12;27;121;25;13;18;15
786.0;17;24;12;28;120;25;15;14;15
792.0;16;25;11;28;117;25;17;16;15
798.0;18;26;13;28;119;24;17;13;12
804.0;19;25;14;25;120;25;15;12;15
810.0;16;27;15;26;121;26;16;11;12
816.0;18;26;14;28;120;25;16;12;11
822.0;17;25;18;27;121;24;15;13;10
828.0;17;27;18;26;119;24;15;15;9
834.0;12;28;18;27;118;23;14;18;12
840.0;12;27;19;26;119;22;11;20;14
846.0;13;26;19;26;119;21;14;20;12
852.0;12;25;15;31;123;21;13;19;11
858.0;11;24;16;33;125;19;13;17;12
864.0;12;25;15;30;126;15;11;21;15
870.0;13;21;15;30;126;16;12;22;15
876.0;11;19;17;32;123;17;14;20;17
882.0;15;16;12;34;123;19;14;20;17
888.0;14;17;11;34;121;20;15;22;16
894.0;13;18;11;33;122;20;16;22;15
900.0;13;17;11;29;123;21;16;23;17
906.0;12;19;12;30;123;20;14;22;18
912.0;12;18;14;31;121;21;14;23;16
918.0;10;20;16;32;122;21;13;23;13
924.0;13;18;19;29;119;21;13;24;14
930.0;13;19;19;24;120;20;13;27;15
936.0;13;18;17;25;121;18;15;26;17
942.0;13;17;17;24;122;17;17;25;18
948.0;11;18;18;23;121;17;18;27;17
954.0;13;21;15;20;122;16;20;29;14
960.0;14;21;15;20;121;16;19;30;14
966.0;15;20;15;21;120;17;16;33;13
972.0;15;17;19;21;125;15;12;33;13
978.0;19;16;19;24;125;12;11;31;13
984.0;17;15;18;25;127;12;12;32;12
990.0;20;15;14;28;126;12;11;33;11
996.0;17;14;14;29;124;12;14;33;13
1002.0;18;14;15;28;127;13;11;32;12
1008.0;18;15;16;27;127;14;12;30;11
1014.0;15;15;15;26;129;14;10;32;14
1020.0;16;14;14;26;129;17;8;32;14
1026.0;16;13;15;25;129;17;10;32;13
1032.0;16;13;15;25;129;17;11;30;14
1038.0;17;14;16;26;130;15;9;31;12
1044.0;16;14;14;27;130;17;9;31;12
1050.0;17;15;10;25;131;20;11;32;9
1056.0;15;16;11;25;133;19;10;31;10
1062.0;15;17;10;25;136;20;10;29;8
1068.0;15;18;12;26;135;19;9;29;7
1074.0;16;18;13;26;134;17;7;31;8
1080.0;17;18;11;27;135;19;7;28;8
1086.0;17;17;12;26;136;20;8;26;8
1092.0;17;16;12;26;135;19;9;27;9
1098.0;19;17;11;24;133;20;9;29;8
1104.0;17;16;11;21;136;20;9;32;8
1110.0;16;18;10;20;135;21;11;31;8
1116.0;14;20;10;19;134;21;8;35;9
1122.0;15;23;9;17;133;21;8;36;8
1128.0;16;27;9;17;132;20;8;34;7
1134.0;16;25;11;16;131;19;10;34;8
1140.0;13;26;10;18;130;21;10;33;9
1146.0;14;28;10;16;133;19;9;31;10
1152.0;14;29;11;16;133;19;10;28;10
1158.0;17;28;12;15;133;19;10;26;10
1164.0;19;28;13;15;132;18;9;26;10
1170.0;20;28;12;16;133;18;7;28;8
1176.0;16;27;14;15;134;19;6;32;7
1182.0;16;27;13;18;134;19;6;29;8
1188.0;16;28;15;19;134;16;5;29;8
1194.0;15;30;15;19;134;16;5;29;7
1200.0;13;33;16;18;134;16;4;29;7
1206.0;13;30;17;16;134;15;6;32;7
1212.0;15;30;19;19;134;16;4;26;7
1218.0;15;30;16;20;133;17;5;27;7
1224.0;12;30;15;19;136;18;6;26;8
1230.0;12;28;15;19;136;18;6;26;10
1236.0;11;26;15;20;137;19;8;25;9
1242.0;11;26;16;21;136;20;8;23;9
1248.0;10;25;15;21;135;20;12;20;12
1254.0;9;22;14;21;134;24;9;25;12
1260.0;8;22;14;22;136;21;11;24;12
1266.0;8;22;15;22;135;22;11;23;12
1272.0;7;24;15;22;136;23;7;23;13
1278.0;9;27;13;21;137;23;7;23;10
1284.0;12;27;16;17;134;22;9;23;10
1290.0;12;27;16;18;134;21;9;22;11
1296.0;14;26;17;16;133;22;9;21;12
1302.0;12;25;16;17;135;22;9;20;14
1308.0;13;24;17;20;135;21;6;21;13
1314.0;14;25;17;19;134;21;6;20;14
1320.0;14;26;18;20;132;22;5;19;14
1326.0;14;25;17;23;132;21;6;20;12
1332.0;16;22;16;22;134;21;7;21;11
1338.0;15;24;17;21;132;19;6;21;15
1344.0;16;20;15;20;133;20;7;23;16
1350.0;16;20;15;22;132;19;7;23;16
1356.0;16;19;15;23;130;20;8;23;16
1362.0;14;18;16;24;130;18;9;25;16
1368.0;13;17;15;24;131;16;9;25;20
1374.0;13;19;19;24;127;17;8;25;18
1380.0;12;18;19;23;125;18;9;25;21
1386.0;11;21;19;20;126;20;12;24;17
1392.0;13;21;21;20;125;21;12;25;12
1398.0;13;20;21;21;129;20;12;23;11
1404.0;13;19;21;22;131;21;11;23;9
1410.0;12;17;19;21;131;22;13;23;12
1416.0;12;16;18;23;131;20;13;24;13
1422.0;12;15;18;23;130;22;10;25;15
1428.0;13;14;17;24;130;21;12;23;16
1434.0;16;12;17;25;131;21;11;23;14
1440.0;17;14;17;23;134;18;11;26;10
1446.0;18;15;14;23;137;18;9;25;11
1452.0;16;14;13;25;136;19;10;26;11
1458.0;15;15;14;30;133;19;10;24;10
1464.0;15;18;15;28;134;19;9;24;8
1470.0;14;17;14;29;135;18;11;24;8
1476.0;11;20;17;30;135;17;12;22;6
1482.0;10;21;17;29;134;17;13;23;6
1488.0;11;20;14;29;133;17;14;24;8
1494.0;10;22;15;27;135;18;12;22;9
1500.0;11;22;14;27;133;18;12;21;12
1506.0;11;23;13;26;132;19;12;22;12
1512.0;12;22;13;25;132;17;12;24;13
1518.0;13;25;15;25;131;17;9;25;10
1524.0;11;25;16;25;130;19;9;26;9
1530.0;12;25;16;25;130;19;8;26;9
1536.0;14;25;12;24;131;19;9;25;11
1542.0;14;24;12;24;129;20;9;26;12
1548.0;15;23;13;28;129;19;7;24;12
1554.0;16;23;13;26;128;18;8;24;14
1560.0;14;25;13;27;129;20;6;24;12
1566.0;13;22;13;26;130;21;8;24;13
1572.0;12;19;11;26;130;25;9;25;13
1578.0;12;20;12;27;128;24;7;27;13
1584.0;13;18;13;29;125;21;10;27;14
1590.0;13;18;13;28;127;22;10;24;15
1596.0;14;20;11;30;126;23;9;21;16
1602.0;15;24;11;28;124;24;9;22;13
1608.0;15;24;11;28;127;26;9;17;13
1614.0;15;26;9;28;128;23;8;19;14
1620.0;13;25;9;30;127;24;9;19;14
1626.0;15;24;9;28;126;22;11;20;15
1632.0;11;24;9;28;128;23;12;20;15
1638.0;9;26;9;29;127;23;14;18;15
1644.0;9;25;7;30;124;24;19;20;12
1650.0;9;25;7;31;124;24;19;21;10
1656.0;7;28;6;31;124;24;19;21;10
1662.0;7;26;6;32;124;23;20;22;10
1668.0;8;26;6;33;123;23;20;22;9
1674.0;8;25;4;34;125;22;22;20;10
1680.0;6;26;5;34;125;22;22;20;10
1686.0;10;26;7;34;125;22;19;19;8
1692.0;9;28;9;34;125;20;17;20;8
1698.0;9;27;10;34;124;21;17;19;9
1704.0;11;27;10;32;125;20;16;19;10
1710.0;15;24;10;31;126;17;16;20;11
1716.0;15;23;11;31;127;14;16;20;13
1722.0;15;21;12;34;125;14;13;21;15
1728.0;16;23;12;32;126;14;11;21;15
1734.0;14;22;14;33;124;15;11;23;14
1740.0;13;27;16;35;123;13;9;22;12
1746.0;13;26;16;34;125;15;9;22;10
1752.0;13;27;14;32;127;16;9;24;8
1758.0;13;27;14;30;127;17;9;24;9
1764.0;14;25;14;30;128;19;8;24;8
1770.0;15;26;14;31;132;17;6;22;7
1776.0;11;25;13;33;133;18;7;23;7
1782.0;9;22;16;35;131;19;6;24;8
1788.0;11;20;17;34;129;19;8;23;9
1794.0;13;19;17;33;128;19;8;23;10
