#auto generated file!
12.0;22;15;23;24;17;24;15;26;34
18.0;18;20;19;27;20;24;15;26;31
24.0;20;20;18;30;20;24;16;25;27
30.0;18;19;18;30;19;25;18;26;27
36.0;19;20;17;32;19;25;17;24;27
42.0;21;19;14;31;19;25;19;27;25
48.0;22;18;14;33;19;24;22;26;22
54.0;19;19;13;37;20;25;20;27;20
60.0;18;19;14;36;22;26;18;26;21
66.0;21;18;12;34;22;25;20;28;20
72.0;22;19;11;33;23;28;19;26;19
78.0;21;19;12;33;24;28;20;24;19
84.0;20;20;12;29;28;28;17;24;22
90.0;18;21;12;29;29;30;16;26;19
96.0;13;23;13;28;30;29;18;26;20
102.0;13;24;13;28;31;29;16;27;19
108.0;11;24;13;28;33;28;17;27;19
114.0;12;24;14;28;31;30;18;27;16
120.0;11;22;13;27;34;30;19;28;16
126.0;13;23;15;24;36;29;18;27;15
132.0;11;22;18;23;38;29;17;27;15
138.0;9;22;15;25;39;28;17;32;13
144.0;10;24;14;24;42;27;19;28;12
150.0;9;24;11;24;40;26;19;30;17
156.0;9;22;13;25;41;26;18;30;16
162.0;11;20;11;27;44;26;17;33;11
168.0;10;19;13;27;46;25;17;32;11
174.0;12;19;15;27;46;25;15;31;10
180.0;13;17;15;27;47;25;15;31;10
186.0;13;17;14;26;49;25;15;30;11
192.0;14;19;11;29;51;22;15;31;8
198.0;15;20;11;29;51;23;14;28;9
204.0;17;20;10;28;52;24;12;30;7
210.0;19;20;11;29;55;23;8;29;6
216.0;18;19;8;29;54;24;10;28;10
222.0;18;20;9;30;56;24;9;27;7
228.0;18;22;10;30;57;25;7;24;7
234.0;17;22;10;28;58;25;9;25;6
240.0;17;23;10;28;58;26;9;24;5
246.0;16;24;10;26;59;28;10;22;5
252.0;16;23;10;28;60;25;10;22;6
258.0;15;25;8;28;62;24;11;22;5
264.0;13;24;9;27;65;24;10;23;5
270.0;13;23;10;26;67;23;11;22;5
276.0;12;24;10;25;68;27;9;21;4
282.0;11;23;11;24;70;26;9;22;4
288.0;11;23;11;25;70;25;10;20;5
294.0;9;23;10;25;70;25;12;19;7
300.0;9;23;9;26;73;23;11;18;8
306.0;9;24;9;27;73;21;10;19;8
312.0;7;22;12;25;74;19;13;20;8
318.0;9;20;11;27;75;19;12;21;6
324.0;8;20;8;28;79;18;11;21;7
330.0;8;21;8;26;80;18;11;20;8
336.0;8;23;8;26;80;17;10;20;8
342.0;9;23;8;25;81;16;10;18;10
348.0;7;25;8;23;80;17;11;17;12
354.0;6;27;10;22;82;16;8;18;11
360.0;8;30;6;20;81;18;8;18;11
366.0;11;26;11;19;80;18;7;17;11
372.0;9;27;12;20;79;19;7;16;11
378.0;8;30;11;20;77;18;8;17;11
384.0;10;29;10;21;76;18;7;18;11
390.0;10;29;10;22;75;17;6;20;11
396.0;9;29;10;23;75;15;8;20;11
402.0;9;30;11;24;72;17;8;21;8
408.0;9;28;10;24;73;18;8;22;8
414.0;11;27;11;25;74;16;9;21;6
420.0;9;27;10;25;73;19;9;22;6
426.0;10;25;7;24;77;20;8;23;6
432.0;11;21;6;25;79;20;8;24;6
438.0;13;19;6;25;79;19;10;24;5
444.0;12;18;7;25;79;18;12;22;7
450.0;9;19;7;25;79;20;11;22;8
456.0;8;21;7;26;81;18;12;21;6
462.0;8;20;9;26;81;18;10;21;7
468.0;9;19;9;26;80;20;8;21;8
474.0;8;19;9;28;79;20;7;21;9
480.0;7;20;8;27;79;22;6;22;9
486.0;7;20;6;28;80;20;7;22;10
492.0;10;22;6;24;80;21;7;20;10
498.0;11;24;6;24;79;20;7;19;10
504.0;11;25;7;22;78;20;9;18;10
510.0;10;25;7;22;78;21;10;18;9
516.0;7;25;8;22;78;22;11;17;10
522.0;9;26;8;23;78;20;9;18;9
528.0;8;26;9;23;79;20;9;17;9
534.0;9;26;10;24;78;20;6;18;9
540.0;10;23;10;20;78;21;8;16;14
546.0;10;25;9;20;79;21;8;15;13
552.0;10;26;9;19;77;21;8;17;13
558.0;8;24;9;19;77;25;9;17;12
564.0;8;21;9;20;79;24;11;18;10
570.0;8;20;12;20;78;23;11;18;10
576.0;10;18;12;22;76;22;10;18;12
582.0;9;16;12;22;80;20;11;17;13
588.0;7;17;15;20;80;21;11;18;11
594.0;7;17;16;19;80;21;9;19;12
600.0;7;14;13;20;80;22;12;19;13
606.0;7;13;14;20;78;23;12;23;10
612.0;8;13;12;20;80;22;12;23;10
618.0;8;14;12;20;80;22;11;23;10
624.0;7;15;12;21;82;21;10;23;9
630.0;9;15;13;20;84;20;8;22;9
636.0;10;14;15;20;83;20;8;21;9
642.0;11;14;15;18;80;21;9;23;9
648.0;10;13;15;17;82;20;8;25;10
654.0;12;13;13;16;83;23;6;25;9
660.0;10;13;13;17;84;22;7;24;10
666.0;9;12;13;18;85;20;9;24;10
672.0;8;11;13;19;84;22;9;23;11
678.0;8;10;15;20;81;22;9;23;12
684.0;8;10;15;18;83;21;10;24;11
690.0;9;10;13;16;86;20;10;24;12
696.0;12;9;10;17;86;18;13;22;13
702.0;13;10;8;19;87;18;15;19;11
708.0;14;11;9;18;86;17;13;21;11
714.0;11;11;8;19;87;19;13;21;11
720.0;10;14;10;19;88;19;11;20;9
726.0;9;15;11;18;88;19;10;20;10
732.0;12;14;12;16;91;18;7;18;12
738.0;11;17;13;14;93;15;7;19;11
744.0;13;17;12;15;93;16;7;18;9
750.0;15;19;12;14;92;14;6;20;8
756.0;13;18;10;15;92;14;6;21;11
762.0;10;20;11;15;92;15;5;21;11
768.0;9;18;13;15;94;16;4;20;11
774.0;8;18;13;16;92;15;3;22;13
780.0;7;16;12;18;92;16;4;23;12
786.0;7;18;11;15;94;16;8;21;10
792.0;9;17;10;15;94;16;9;19;11
798.0;8;17;10;15;93;18;8;20;11
804.0;5;17;9;17;94;18;9;21;10
810.0;6;14;8;18;96;18;9;22;9
816.0;7;15;7;17;97;18;9;21;9
822.0;9;13;7;17;97;19;7;22;9
828.0;10;10;7;17;97;19;8;23;9
834.0;9;11;6;16;100;17;6;25;10
840.0;9;11;7;16;101;16;6;25;9
846.0;8;12;9;14;100;16;6;25;10
852.0;7;13;7;16;98;17;9;25;8
858.0;7;12;6;15;98;18;11;25;8
864.0;6;12;6;17;97;18;12;24;8
870.0;8;13;7;15;97;16;12;24;8
876.0;10;13;6;15;99;16;11;22;8
882.0;11;14;6;16;98;18;7;21;9
888.0;10;15;7;15;100;16;8;21;8
894.0;10;16;7;15;100;16;8;21;7
900.0;10;18;4;13;99;17;7;23;9
906.0;9;17;5;15;99;17;7;22;9
912.0;9;19;6;15;100;16;6;21;8
918.0;8;19;5;17;100;17;6;20;8
924.0;10;19;4;15;100;17;6;22;7
930.0;10;15;3;16;101;20;8;20;7
936.0;8;16;2;17;100;20;9;20;8
942.0;8;15;2;17;101;21;8;20;8
948.0;9;13;2;16;101;22;9;19;9
954.0;11;13;3;16;99;22;9;19;8
960.0;11;13;3;14;100;21;12;17;9
966.0;11;14;4;11;99;21;13;19;8
972.0;13;14;4;11;99;19;12;19;9
978.0;11;14;4;11;99;20;11;20;10
984.0;11;14;3;9;98;20;13;21;11
990.0;12;14;5;9;97;18;14;20;11
996.0;13;15;6;9;98;18;12;18;11
1002.0;12;15;5;9;101;16;13;17;12
1008.0;13;13;6;9;102;14;14;16;13
1014.0;13;12;6;11;100;11;15;18;14
1020.0;14;12;5;11;99;13;13;20;13
1026.0;14;10;5;12;101;13;13;19;13
1032.0;15;10;4;12;102;12;13;18;14
1038.0;15;11;6;13;101;12;12;17;13
1044.0;15;12;7;13;100;10;14;17;12
1050.0;14;11;7;13;100;12;14;18;11
1056.0;15;13;8;11;102;10;11;17;13
1062.0;12;12;8;11;104;11;12;17;13
1068.0;12;10;8;13;104;10;13;17;13
1074.0;11;11;8;13;103;11;14;17;12
1080.0;10;9;12;13;100;11;15;21;9
1086.0;10;10;10;13;103;12;12;22;8
1092.0;10;10;7;13;104;16;11;21;8
1098.0;11;12;8;13;104;15;9;21;7
1104.0;10;15;8;12;105;15;8;21;6
1110.0;11;18;7;13;103;13;8;21;6
1116.0;10;18;8;13;102;14;7;22;6
1122.0;11;18;7;14;101;15;9;20;5
1128.0;13;15;6;14;103;15;10;19;5
1134.0;12;17;6;12;102;14;11;22;4
1140.0;14;17;5;12;101;15;10;22;4
1146.0;17;17;6;12;101;15;9;19;4
1152.0;17;16;8;10;100;14;12;18;5
1158.0;18;15;8;10;100;14;12;18;5
1164.0;16;14;10;12;101;13;11;19;4
1170.0;15;15;9;13;102;12;10;20;4
1176.0;15;16;7;14;104;11;12;17;4
1182.0;14;16;8;15;105;11;10;16;5
1188.0;14;16;7;17;104;11;9;16;6
1194.0;13;17;6;17;104;11;10;15;7
1200.0;13;17;4;18;105;12;8;15;8
1206.0;14;18;5;18;105;12;7;14;7
1212.0;14;19;6;17;105;13;7;13;6
1218.0;12;19;5;18;106;12;9;14;5
1224.0;14;20;6;16;105;13;8;13;5
1230.0;13;22;6;15;104;13;8;13;6
1236.0;12;20;5;17;103;15;9;13;6
1242.0;11;21;6;15;103;15;9;14;6
1248.0;11;19;5;15;105;15;9;14;7
1254.0;10;18;5;15;106;16;9;13;8
1260.0;13;19;6;16;103;15;5;14;9
1266.0;12;17;8;17;101;18;3;15;9
1272.0;10;19;6;18;101;20;4;14;8
1278.0;11;18;8;18;100;20;4;13;8
1284.0;10;16;9;17;99;19;4;16;10
1290.0;10;17;9;17;99;18;5;14;11
1296.0;10;16;9;17;99;18;5;14;12
1302.0;9;15;9;18;99;17;4;16;13
1308.0;10;14;10;19;97;17;4;18;11
1314.0;10;14;11;17;99;16;5;17;11
1320.0;9;17;10;16;96;18;7;16;11
1326.0;9;17;8;14;95;19;7;19;12
1332.0;10;16;7;16;99;19;6;19;8
1338.0;9;17;6;19;99;19;6;20;5
1344.0;8;17;5;20;98;19;6;19;8
1350.0;8;16;6;19;98;21;7;18;7
1356.0;7;15;5;18;97;23;8;18;9
1362.0;9;15;5;20;97;23;7;16;8
1368.0;8;15;4;21;97;23;9;14;9
1374.0;7;16;4;22;95;22;10;14;10
1380.0;7;17;6;23;94;22;8;13;10
1386.0;6;17;6;22;94;23;8;13;11
1392.0;6;18;7;20;94;22;9;12;12
1398.0;8;14;8;23;94;17;11;14;11
1404.0;8;14;9;23;95;16;11;14;10
1410.0;8;14;10;20;95;18;11;14;10
1416.0;8;16;10;19;95;20;11;13;8
1422.0;9;16;9;20;95;19;11;14;7
1428.0;9;16;9;20;96;16;12;15;7
1434.0;8;13;10;21;96;14;10;18;10
1440.0;8;13;12;20;95;14;11;17;10
1446.0;10;12;12;20;95;15;11;15;10
1452.0;10;12;11;18;95;16;12;16;10
1458.0;7;13;12;17;95;19;12;15;10
1464.0;7;12;11;18;97;19;12;15;9
1470.0;7;12;11;19;95;17;14;16;9
1476.0;6;12;12;18;96;17;13;18;8
1482.0;5;12;11;20;95;17;14;19;7
1488.0;5;13;10;20;97;14;15;19;7
1494.0;4;14;12;21;97;12;16;18;6
1500.0;3;15;11;19;97;13;15;20;7
1506.0;3;19;9;17;95;12;19;20;6
1512.0;4;19;11;18;93;13;16;18;8
1518.0;3;20;11;18;94;13;16;17;8
1524.0;5;20;10;18;96;14;14;16;7
1530.0;6;20;10;17;95;14;14;17;7
1536.0;7;19;8;15;96;15;15;17;8
1542.0;7;19;8;15;95;14;16;18;8
1548.0;7;18;8;16;95;13;15;18;10
1554.0;6;17;9;18;94;17;13;18;8
1560.0;9;17;9;17;95;16;10;19;8
1566.0;9;17;10;16;94;16;10;20;8
1572.0;8;16;10;16;94;17;10;20;9
1578.0;9;14;10;17;92;19;11;20;8
1584.0;11;15;10;15;92;19;9;21;8
1590.0;9;13;11;15;92;20;10;21;9
1596.0;7;13;9;15;97;17;12;20;10
1602.0;7;11;9;16;97;18;11;20;11
1608.0;8;11;8;16;96;16;15;19;11
1614.0;9;9;8;17;98;17;16;16;10
1620.0;7;9;8;17;100;16;17;17;9
1626.0;8;10;8;18;101;14;16;14;11
1632.0;10;10;12;17;101;13;14;12;11
1638.0;11;10;11;18;102;13;12;13;10
1644.0;9;10;10;18;102;13;13;14;11
1650.0;8;9;12;18;102;12;13;15;11
1656.0;10;11;11;16;100;13;13;15;11
1662.0;9;14;11;14;99;15;14;14;10
1668.0;9;15;12;12;99;17;13;14;9
1674.0;9;16;11;15;101;16;13;13;6
1680.0;10;12;9;19;100;17;14;13;6
1686.0;11;12;8;18;102;15;15;13;6
1692.0;10;11;9;18;102;15;15;13;7
1698.0;9;13;8;16;101;16;15;16;6
1704.0;8;14;6;17;100;15;13;18;9
1710.0;7;16;6;18;98;17;11;18;9
1716.0;5;15;9;16;98;18;12;18;9
1722.0;8;15;10;16;97;18;12;16;8
1728.0;7;15;10;17;96;19;10;18;8
1734.0;7;15;9;18;96;20;11;16;8
1740.0;7;14;9;17;98;18;11;18;8
1746.0;7;13;11;17;98;18;12;14;10
1752.0;4;13;9;18;98;19;13;15;11
1758.0;4;12;9;16;99;19;12;17;12
1764.0;4;14;9;19;97;19;10;17;11
1770.0;2;15;9;19;96;21;10;17;11
1776.0;3;15;10;19;96;19;12;15;11
1782.0;3;14;12;20;97;19;11;14;10
1788.0;5;16;11;21;96;18;10;14;9
1794.0;5;14;11;21;97;19;10;14;9
