#auto generated file!
12.0;39;30;38;33;30;35;28;35;42
18.0;38;29;35;34;36;35;26;35;42
24.0;34;28;31;36;39;37;28;38;39
30.0;34;27;31;33;42;37;27;41;38
36.0;32;27;27;33;44;37;28;45;37
42.0;30;29;26;34;46;37;27;47;34
48.0;28;29;26;35;46;37;28;47;34
54.0;25;30;24;36;47;36;27;50;35
60.0;23;30;21;37;48;41;26;49;35
66.0;21;33;21;36;50;41;24;49;35
72.0;24;35;20;37;53;43;23;45;30
78.0;24;35;19;39;53;44;22;45;29
84.0;24;33;22;40;54;46;22;44;25
90.0;23;35;19;39;57;44;22;45;26
96.0;23;34;21;40;62;45;25;40;20
102.0;26;32;24;38;61;42;25;42;20
108.0;24;36;21;40;63;40;24;40;22
114.0;24;36;18;39;64;45;21;42;21
120.0;23;39;17;38;64;45;19;44;21
126.0;18;46;14;39;63;47;16;46;21
132.0;17;44;20;36;64;46;16;46;21
138.0;16;44;23;34;67;44;16;46;20
144.0;13;41;23;38;69;45;15;49;17
150.0;11;40;20;37;70;45;14;55;18
156.0;12;37;22;40;72;41;16;53;17
162.0;14;39;20;37;75;41;16;53;15
168.0;14;40;18;37;75;42;15;53;16
174.0;11;40;19;35;76;43;18;52;16
180.0;11;39;20;33;77;44;16;53;17
186.0;11;39;19;34;80;45;19;48;15
192.0;11;39;15;35;86;45;19;46;14
198.0;13;36;15;34;87;44;19;47;15
204.0;16;37;15;34;87;42;19;46;14
210.0;18;35;14;35;87;41;18;48;14
216.0;17;36;12;36;88;38;22;45;16
222.0;17;38;11;33;87;38;22;46;18
228.0;16;36;12;33;85;42;23;47;16
234.0;16;37;13;34;85;42;24;45;14
240.0;15;38;14;34;87;40;25;45;12
246.0;14;40;13;34;86;39;24;45;15
252.0;15;39;14;37;88;36;23;45;13
258.0;13;37;14;38;90;36;22;46;14
264.0;12;39;9;40;90;34;22;48;16
270.0;10;38;9;41;92;36;21;47;16
276.0;14;37;9;39;95;35;20;45;16
282.0;15;39;10;35;97;33;20;46;15
288.0;18;37;10;35;98;32;19;47;14
294.0;17;38;8;33;100;32;20;47;15
300.0;20;41;8;31;98;32;17;48;15
306.0;23;38;9;32;101;29;17;45;16
312.0;20;38;10;35;101;26;17;46;17
318.0;19;38;12;35;103;26;16;43;18
324.0;17;38;14;35;103;24;18;42;19
330.0;18;37;13;34;103;25;22;41;17
336.0;17;36;15;34;104;27;20;40;17
342.0;17;35;15;35;105;30;19;38;16
348.0;20;34;14;34;105;28;19;38;18
354.0;18;33;15;36;104;34;18;36;16
360.0;18;33;18;35;104;35;16;35;16
366.0;19;34;16;37;101;39;16;36;12
372.0;20;33;16;41;99;39;15;34;13
378.0;17;34;15;40;104;41;15;32;12
384.0;17;36;13;41;104;37;15;34;13
390.0;17;34;14;39;103;39;16;37;11
396.0;17;31;17;39;102;41;14;40;9
402.0;17;30;18;36;104;42;15;38;10
408.0;17;29;23;37;107;40;10;36;11
414.0;19;34;18;37;105;41;10;36;10
420.0;15;32;21;39;107;40;9;37;10
426.0;15;31;21;39;107;38;9;39;11
432.0;15;30;20;42;108;35;10;39;11
438.0;16;30;20;42;109;36;9;35;13
444.0;16;29;22;39;110;36;9;35;14
450.0;17;28;21;37;109;35;13;35;15
456.0;18;27;22;36;109;37;11;36;14
462.0;20;28;23;37;108;34;12;36;12
468.0;18;29;20;36;110;34;12;39;12
474.0;19;30;17;36;109;35;13;37;14
480.0;18;30;14;38;109;35;14;37;15
486.0;14;30;14;39;109;33;16;39;16
492.0;13;30;14;39;109;35;16;39;15
498.0;14;28;16;38;107;35;15;39;18
504.0;13;29;16;39;106;33;16;39;19
510.0;14;29;18;40;106;32;18;39;14
516.0;16;29;18;41;106;29;22;38;11
522.0;17;30;18;41;108;27;19;38;12
528.0;15;30;18;43;109;27;20;37;11
534.0;15;29;19;42;109;30;19;35;12
540.0;13;31;17;39;108;36;18;36;12
546.0;12;30;22;37;105;35;16;40;13
552.0;13;32;21;39;106;31;16;40;12
558.0;13;34;18;42;107;30;15;39;12
564.0;14;33;19;41;108;30;15;37;13
570.0;15;31;20;41;107;30;16;38;12
576.0;16;31;19;41;108;32;16;33;14
582.0;17;32;19;39;105;33;16;32;17
588.0;19;32;19;38;106;31;18;30;17
594.0;18;31;21;39;105;33;19;27;17
600.0;19;30;24;35;105;33;18;29;17
606.0;17;34;22;34;105;35;17;29;17
612.0;21;33;23;33;107;32;13;30;18
618.0;19;34;22;33;105;30;16;32;19
624.0;18;33;19;31;108;30;19;34;18
630.0;15;33;18;34;109;31;17;34;19
636.0;15;36;17;31;111;33;16;34;17
642.0;15;35;17;32;111;32;15;35;18
648.0;15;37;15;31;113;32;14;34;19
654.0;19;34;15;33;113;32;15;34;15
660.0;18;31;14;34;114;33;19;34;13
666.0;15;31;13;35;116;33;19;36;12
672.0;16;31;13;33;115;38;21;31;12
678.0;16;30;13;32;117;39;18;29;16
684.0;15;31;12;31;117;40;18;28;18
690.0;16;29;13;33;120;39;16;30;14
696.0;16;30;11;33;121;36;18;31;14
702.0;15;27;11;34;123;38;18;27;17
708.0;16;29;10;31;122;38;19;27;18
714.0;13;29;11;30;123;37;22;28;17
720.0;14;26;14;31;125;34;22;28;16
726.0;12;26;15;33;123;31;24;30;16
732.0;17;26;12;35;121;30;21;33;15
738.0;18;25;14;33;122;29;21;33;15
744.0;17;27;16;31;123;29;22;32;13
750.0;16;28;15;29;124;30;22;29;17
756.0;17;29;14;31;123;30;23;28;15
762.0;15;30;14;30;125;29;23;29;15
768.0;14;31;15;28;125;30;23;28;16
774.0;12;29;17;26;126;31;22;30;17
780.0;13;30;18;25;124;31;24;29;16
786.0;12;30;16;26;126;31;23;30;16
792.0;12;30;15;29;125;33;23;29;14
798.0;13;29;14;32;125;34;21;27;15
804.0;11;29;15;32;124;33;22;27;17
810.0;10;28;13;36;127;33;20;25;18
816.0;8;29;13;36;127;34;16;27;20
822.0;8;29;16;34;127;34;15;26;21
828.0;9;29;17;31;129;31;17;27;20
834.0;9;29;16;31;128;32;21;27;17
840.0;11;28;17;30;128;33;19;28;16
846.0;13;27;19;30;130;32;17;27;15
852.0;12;26;18;29;133;31;17;31;13
858.0;13;25;18;29;135;31;17;31;11
864.0;13;24;17;29;133;33;17;31;13
870.0;11;25;17;29;133;34;15;28;18
876.0;10;26;15;29;135;32;15;30;18
882.0;8;28;17;29;136;30;18;28;16
888.0;8;29;16;29;139;28;19;27;15
894.0;8;29;15;29;141;27;18;28;15
900.0;10;28;13;27;143;29;17;27;16
906.0;10;27;13;28;142;29;20;25;16
912.0;9;29;15;29;140;29;22;23;14
918.0;6;31;16;26;141;29;22;24;15
924.0;8;31;14;28;143;29;17;23;17
930.0;9;29;13;27;142;29;16;24;21
936.0;9;30;14;29;141;28;16;23;20
942.0;13;30;12;28;142;27;16;24;18
948.0;12;30;13;30;138;26;14;25;22
954.0;12;31;15;33;138;26;12;25;18
960.0;12;30;12;35;139;26;14;24;18
966.0;10;31;11;34;138;27;16;28;15
972.0;12;32;13;33;136;24;17;30;13
978.0;13;33;14;33;137;24;14;29;13
984.0;13;29;15;34;136;24;14;32;13
990.0;14;29;14;32;135;25;13;32;16
996.0;13;30;13;31;134;27;13;34;15
1002.0;13;29;14;26;133;26;16;35;18
1008.0;13;31;13;26;133;27;16;34;17
1014.0;14;29;15;25;135;25;15;34;18
1020.0;14;28;14;25;131;28;17;35;18
1026.0;12;27;15;22;130;29;20;35;20
1032.0;9;27;17;22;132;29;20;35;19
1038.0;7;28;18;20;133;29;22;34;19
1044.0;8;25;18;21;138;26;21;34;19
1050.0;10;21;21;22;136;28;22;32;18
1056.0;12;22;18;21;137;29;23;32;16
1062.0;10;24;17;22;139;30;22;29;17
1068.0;11;25;19;23;140;30;20;27;15
1074.0;11;25;17;23;142;30;21;28;13
1080.0;10;30;18;22;140;31;20;26;13
1086.0;12;31;17;20;141;31;18;25;15
1092.0;12;30;15;22;142;32;19;24;14
1098.0;13;35;15;20;138;34;18;23;14
1104.0;15;37;12;22;137;33;17;24;13
1110.0;13;33;17;23;135;36;15;24;14
1116.0;12;35;14;23;136;35;15;24;16
1122.0;13;36;15;24;135;34;13;25;15
1128.0;14;33;17;25;136;33;12;25;15
1134.0;13;31;17;24;137;33;15;24;16
1140.0;12;31;18;24;139;32;15;24;15
1146.0;12;32;16;25;138;32;18;23;14
1152.0;11;31;19;25;135;33;20;24;12
1158.0;13;29;18;24;133;34;19;24;16
1164.0;12;29;19;26;130;33;20;23;18
1170.0;12;29;19;27;130;36;17;22;18
1176.0;11;29;20;28;132;36;17;22;15
1182.0;11;30;20;28;131;36;16;21;17
1188.0;11;32;20;25;134;35;16;21;16
1194.0;10;35;16;24;136;36;15;21;17
1200.0;10;34;16;24;136;37;15;21;17
1206.0;11;35;16;25;136;35;15;20;17
1212.0;10;33;16;24;133;39;18;21;16
1218.0;9;31;15;25;134;37;18;22;19
1224.0;11;31;14;26;135;36;18;22;17
1230.0;10;33;14;27;137;36;18;21;14
1236.0;9;32;15;25;137;39;19;24;10
1242.0;12;31;15;26;136;39;18;23;10
1248.0;14;32;13;24;134;40;19;26;8
1254.0;14;30;13;26;135;41;18;26;7
1260.0;16;29;15;26;135;37;20;25;7
1266.0;15;28;12;27;133;39;24;24;8
1272.0;14;28;13;24;134;38;24;26;9
1278.0;18;25;12;23;136;37;25;28;6
1284.0;18;27;13;22;136;37;24;26;7
1290.0;16;26;14;21;135;36;25;27;10
1296.0;17;27;14;21;130;35;29;25;12
1302.0;14;26;15;20;131;37;29;26;12
1308.0;14;29;13;17;132;37;28;27;13
1314.0;15;27;13;21;132;35;25;28;14
1320.0;15;26;12;20;132;36;23;30;16
1326.0;15;27;14;19;133;32;25;29;16
1332.0;19;27;17;19;133;29;24;26;16
1338.0;19;28;17;19;133;27;27;25;15
1344.0;18;30;17;19;132;26;26;26;16
1350.0;17;30;17;19;133;27;24;27;16
1356.0;16;32;14;19;134;26;25;31;13
1362.0;15;31;14;20;137;27;26;28;12
1368.0;14;30;14;18;137;28;27;29;13
1374.0;17;31;14;18;136;27;26;29;12
1380.0;17;32;14;17;136;27;25;27;15
1386.0;18;31;14;18;137;29;24;26;13
1392.0;17;32;13;19;137;31;22;26;13
1398.0;16;34;13;19;135;32;21;26;14
1404.0;15;35;13;19;136;29;19;26;18
1410.0;12;38;14;20;139;26;20;26;15
1416.0;10;40;14;18;140;28;19;26;15
1422.0;14;37;11;21;140;29;19;26;13
1428.0;14;37;11;23;140;29;17;27;12
1434.0;14;37;12;23;138;29;18;27;12
1440.0;14;38;11;23;138;28;19;26;13
1446.0;13;37;12;22;138;30;16;28;14
1452.0;14;35;13;22;139;31;18;26;12
1458.0;15;35;13;23;137;30;19;26;12
1464.0;15;33;11;27;137;31;17;26;13
1470.0;13;33;13;25;136;32;18;27;13
1476.0;12;33;14;27;134;31;22;28;9
1482.0;16;30;15;28;130;33;18;28;12
1488.0;18;32;15;24;128;33;19;29;12
1494.0;18;32;16;25;126;31;21;29;12
1500.0;16;31;17;27;127;31;22;30;9
1506.0;15;32;18;26;126;30;23;31;9
1512.0;19;33;15;26;126;28;19;32;12
1518.0;18;31;15;27;126;26;22;32;13
1524.0;17;28;16;30;128;24;23;30;14
1530.0;15;27;18;30;126;26;21;32;15
1536.0;15;29;16;31;126;26;21;32;14
1542.0;15;29;16;33;125;25;19;34;14
1548.0;14;32;17;31;124;26;16;36;14
1554.0;16;33;18;28;122;27;12;38;16
1560.0;14;34;18;29;124;25;11;39;16
1566.0;14;33;16;30;123;28;12;39;15
1572.0;13;34;15;27;122;28;15;39;17
1578.0;10;37;15;25;120;27;15;41;20
1584.0;9;35;16;28;120;26;15;42;19
1590.0;8;34;16;31;119;29;16;40;17
1596.0;8;32;13;35;119;29;15;39;20
1602.0;8;29;14;35;124;29;17;36;18
1608.0;11;27;16;34;125;30;15;35;17
1614.0;13;25;17;34;126;32;14;33;16
1620.0;12;23;17;34;128;30;16;34;16
1626.0;11;25;16;34;128;29;16;33;18
1632.0;12;24;16;35;126;29;14;32;22
1638.0;14;23;16;37;126;29;12;34;19
1644.0;15;24;17;37;125;31;10;32;19
1650.0;16;24;18;36;125;28;11;33;19
1656.0;16;27;18;34;125;29;8;37;16
1662.0;14;27;16;36;128;29;6;40;14
1668.0;12;27;15;34;129;31;7;40;15
1674.0;10;26;15;35;128;33;10;38;15
1680.0;8;26;13;38;129;33;10;35;18
1686.0;10;25;14;36;131;35;10;32;17
1692.0;11;26;13;34;132;32;8;35;19
1698.0;12;26;11;35;132;31;7;36;20
1704.0;13;27;11;36;133;30;8;33;19
1710.0;13;27;14;36;134;29;7;32;18
1716.0;11;26;13;40;132;31;9;33;15
1722.0;13;24;14;38;135;30;9;31;16
1728.0;11;26;15;37;136;29;8;32;16
1734.0;12;26;16;37;138;28;9;30;14
1740.0;11;27;16;36;140;28;9;27;16
1746.0;10;27;15;36;140;27;11;26;18
1752.0;12;25;14;37;138;26;12;26;20
1758.0;13;26;13;40;138;26;11;23;20
1764.0;13;27;13;39;139;27;11;22;19
1770.0;14;27;12;38;141;26;13;23;16
1776.0;12;31;10;35;141;24;14;27;16
1782.0;15;30;9;35;142;21;14;26;18
1788.0;13;33;10;32;143;23;15;25;16
1794.0;12;32;10;33;144;23;13;25;18
