#auto generated file!
12.0;42;43;44;38;54;58;48;49;44
18.0;41;42;42;37;58;63;46;51;40
24.0;41;46;42;39;65;64;39;47;37
30.0;42;44;40;37;69;65;39;48;36
36.0;40;47;38;36;73;62;36;51;37
42.0;41;53;37;36;73;60;35;53;32
48.0;35;53;40;35;78;59;36;53;31
54.0;35;52;38;33;78;59;37;55;33
60.0;31;57;34;34;80;61;36;54;33
66.0;32;55;35;33;82;58;35;52;38
72.0;28;53;36;37;88;59;35;50;34
78.0;29;52;30;35;93;58;38;54;31
84.0;27;55;29;36;94;59;32;53;35
90.0;29;56;30;37;93;57;32;55;31
96.0;33;57;30;37;92;57;33;53;28
102.0;31;59;28;40;93;58;31;51;29
108.0;32;58;30;40;92;57;29;53;29
114.0;31;59;29;39;95;57;31;51;28
120.0;32;60;29;40;96;52;32;50;29
126.0;28;64;26;40;99;53;35;50;25
132.0;26;67;23;37;105;53;36;47;26
138.0;25;67;23;37;104;53;36;50;25
144.0;26;67;20;35;106;48;33;54;31
150.0;23;64;22;36;107;50;30;55;33
156.0;25;60;25;36;111;50;29;54;30
162.0;24;62;23;34;114;49;29;55;30
168.0;24;61;21;34;116;51;29;56;28
174.0;24;63;23;36;116;52;27;55;24
180.0;28;60;24;35;116;52;28;52;25
186.0;26;65;23;34;117;51;23;55;26
192.0;26;64;25;34;115;51;23;57;25
198.0;28;61;24;33;116;52;22;58;26
204.0;25;67;24;29;116;50;24;61;24
210.0;26;65;23;25;119;51;23;62;26
216.0;26;63;23;26;119;52;25;61;25
222.0;25;65;25;26;120;53;24;58;24
228.0;25;66;27;27;120;53;18;57;27
234.0;25;67;27;26;120;52;17;60;26
240.0;23;66;24;27;122;54;19;60;25
246.0;25;60;18;31;126;53;21;61;25
252.0;26;59;21;33;125;52;18;61;25
258.0;27;62;25;33;126;47;20;58;22
264.0;28;62;25;33;127;48;19;56;22
270.0;28;60;25;36;129;47;18;54;23
276.0;27;55;28;38;131;48;18;54;21
282.0;29;57;28;38;132;45;20;49;22
288.0;26;56;27;40;133;44;21;49;24
294.0;24;54;28;43;135;46;20;51;19
300.0;21;53;28;44;135;46;21;50;22
306.0;21;50;27;44;137;46;26;49;20
312.0;25;48;28;48;137;45;24;46;19
318.0;27;48;27;46;139;44;24;46;19
324.0;26;49;25;43;139;47;26;46;19
330.0;28;50;23;43;140;47;24;46;19
336.0;28;51;20;43;140;46;26;46;20
342.0;27;52;22;41;139;46;29;47;17
348.0;22;54;22;41;142;43;29;47;20
354.0;20;56;24;44;141;42;25;47;21
360.0;21;54;26;42;143;43;25;46;20
366.0;21;51;24;45;145;44;23;48;19
372.0;23;48;26;46;143;43;21;47;23
378.0;19;47;24;45;144;44;24;49;24
384.0;19;43;28;42;147;44;27;47;23
390.0;21;42;26;40;148;44;26;48;25
396.0;22;39;25;39;147;43;25;51;29
402.0;23;40;27;37;146;45;26;46;30
408.0;23;40;27;37;150;44;26;43;30
414.0;24;42;26;37;151;44;25;43;28
420.0;25;43;27;38;157;42;23;37;28
426.0;27;44;27;36;157;44;23;34;28
432.0;28;44;27;37;158;43;22;35;26
438.0;30;43;28;40;156;43;21;35;24
444.0;29;42;29;40;158;43;21;34;24
450.0;31;43;33;40;157;43;21;31;21
456.0;31;44;30;42;159;43;19;31;21
462.0;29;45;33;40;159;46;18;32;18
468.0;28;43;36;40;159;46;17;32;19
474.0;26;39;35;40;162;44;19;33;22
480.0;27;40;36;38;163;41;20;33;22
486.0;27;42;34;41;161;40;20;36;19
492.0;26;42;31;41;162;41;22;37;18
498.0;26;43;29;43;158;43;21;38;19
504.0;27;42;26;43;157;42;24;40;19
510.0;29;42;27;42;161;43;20;41;15
516.0;25;43;28;46;163;44;20;37;14
522.0;28;44;24;47;161;46;22;34;14
528.0;24;49;24;47;162;47;22;30;15
534.0;21;51;23;50;158;49;22;29;17
540.0;19;51;22;51;159;47;23;34;14
546.0;20;52;22;50;159;45;22;36;14
552.0;23;44;22;50;163;42;22;39;15
558.0;24;42;19;49;165;42;24;39;16
564.0;24;44;20;51;167;40;23;38;13
570.0;24;44;20;52;168;42;23;35;12
576.0;22;47;22;52;167;41;21;34;14
582.0;20;46;22;54;166;40;23;34;15
588.0;18;43;22;56;166;40;23;36;16
594.0;20;45;17;51;169;38;25;39;16
600.0;20;47;17;47;169;39;25;40;16
606.0;20;52;16;50;168;36;28;39;11
612.0;19;52;15;51;168;35;28;39;13
618.0;20;51;18;48;169;36;26;37;15
624.0;21;51;18;47;171;37;25;35;15
630.0;18;49;21;45;169;36;27;37;18
636.0;18;51;20;46;171;35;23;38;18
642.0;17;51;16;42;171;38;25;40;20
648.0;16;49;18;46;172;36;21;41;21
654.0;16;46;16;45;174;36;22;43;22
660.0;13;45;15;50;173;34;22;45;23
666.0;15;46;13;47;171;37;23;45;23
672.0;17;47;11;48;175;35;24;41;22
678.0;14;48;12;44;178;37;24;41;22
684.0;17;48;10;43;177;40;24;40;21
690.0;18;49;9;45;176;43;20;39;21
696.0;18;47;13;41;175;43;20;40;23
702.0;16;46;13;44;176;43;20;39;23
708.0;17;43;13;41;177;44;21;40;24
714.0;20;41;13;42;180;41;23;38;22
720.0;21;41;13;41;181;40;22;38;23
726.0;20;43;15;40;177;41;21;41;22
732.0;19;45;17;38;179;40;18;41;23
738.0;15;48;19;37;182;39;18;36;26
744.0;15;48;18;35;181;40;22;37;24
750.0;14;47;23;34;182;43;19;35;23
756.0;16;47;19;34;181;44;21;34;24
762.0;17;48;19;35;178;41;19;37;26
768.0;17;49;21;34;176;43;18;37;25
774.0;16;49;19;35;178;42;21;36;24
780.0;18;49;16;35;179;42;20;38;23
786.0;16;49;17;35;182;41;18;39;23
792.0;16;50;20;34;185;42;19;35;19
798.0;18;51;20;33;185;44;19;32;18
804.0;18;49;23;34;183;40;18;36;19
810.0;18;49;23;34;184;38;17;38;19
816.0;21;51;23;35;183;36;17;37;17
822.0;21;53;20;38;184;34;19;36;15
828.0;20;52;19;38;183;33;20;36;19
834.0;16;52;20;36;188;35;20;35;18
840.0;15;53;24;34;186;36;20;32;20
846.0;17;54;26;32;183;39;17;35;17
852.0;17;48;25;33;191;41;16;32;17
858.0;17;49;26;30;195;42;12;32;17
864.0;16;50;23;31;195;41;13;33;18
870.0;17;50;23;32;194;39;12;32;21
876.0;14;52;20;36;192;38;10;35;23
882.0;12;53;20;39;192;38;10;34;22
888.0;12;51;21;38;194;39;11;30;24
894.0;12;49;20;38;195;38;14;31;23
900.0;14;50;20;41;187;37;17;30;24
906.0;17;51;20;39;185;38;17;27;26
912.0;14;50;18;41;186;37;17;31;26
918.0;14;48;17;41;187;37;20;31;25
924.0;14;49;21;38;185;37;20;29;27
930.0;16;52;18;40;184;33;20;29;28
936.0;16;54;16;39;184;34;21;29;27
942.0;17;55;14;39;181;35;20;29;30
948.0;17;55;13;39;180;36;21;29;30
954.0;19;53;15;40;177;35;21;30;30
960.0;17;50;14;42;178;35;25;32;27
966.0;17;47;17;41;178;35;27;32;26
972.0;14;48;21;37;179;34;28;35;24
978.0;14;47;19;37;181;35;28;34;25
984.0;12;48;17;39;182;35;28;32;27
990.0;11;45;19;41;184;36;25;34;25
996.0;12;43;18;42;182;38;25;34;26
1002.0;13;43;17;42;182;38;24;33;28
1008.0;17;41;16;44;181;37;21;33;30
1014.0;20;41;17;42;184;34;22;33;27
1020.0;20;42;18;40;183;35;21;34;27
1026.0;22;39;19;41;182;34;23;33;27
1032.0;21;40;20;39;183;35;21;33;28
1038.0;23;41;18;36;187;35;20;32;28
1044.0;22;42;19;34;186;33;22;35;27
1050.0;23;38;19;34;188;33;23;34;28
1056.0;23;40;18;32;188;34;22;34;29
1062.0;26;39;19;27;187;37;23;31;31
1068.0;24;39;22;24;186;38;20;35;32
1074.0;25;38;20;23;190;39;21;33;31
1080.0;24;38;17;24;189;39;21;35;33
1086.0;24;38;19;23;188;41;20;37;30
1092.0;23;38;18;23;186;46;24;33;29
1098.0;20;39;17;23;186;47;25;35;28
1104.0;21;37;16;23;187;48;23;36;29
1110.0;20;40;16;21;189;49;22;37;26
1116.0;23;42;13;19;187;47;23;38;28
1122.0;22;41;14;22;185;51;22;40;23
1128.0;21;40;15;22;185;50;24;42;21
1134.0;22;42;14;21;186;49;22;42;22
1140.0;22;45;16;20;181;49;23;41;23
1146.0;23;44;17;22;179;49;22;41;23
1152.0;22;42;16;21;181;50;21;42;25
1158.0;20;42;15;24;180;50;25;40;24
1164.0;16;39;17;27;182;51;25;43;20
1170.0;18;32;15;29;182;52;28;44;20
1176.0;21;31;14;31;183;51;25;45;19
1182.0;18;34;12;30;183;52;25;45;21
1188.0;14;36;12;30;187;53;20;44;24
1194.0;11;37;15;31;183;50;21;46;26
1200.0;9;36;16;34;185;51;23;43;23
1206.0;9;33;18;37;188;48;25;41;21
1212.0;8;32;20;41;187;49;27;36;20
1218.0;8;33;20;40;188;47;27;34;23
1224.0;9;32;18;40;187;49;26;38;21
1230.0;11;32;19;41;188;45;26;39;19
1236.0;13;32;20;43;185;43;24;40;20
1242.0;15;34;22;45;186;40;23;38;17
1248.0;15;32;23;45;186;38;22;38;21
1254.0;14;34;23;48;185;41;20;32;23
1260.0;14;33;21;48;186;41;20;33;24
1266.0;14;35;20;47;186;41;21;35;21
1272.0;16;33;19;48;186;42;21;37;18
1278.0;17;34;18;46;188;42;21;35;19
1284.0;14;35;21;47;186;40;22;34;21
1290.0;14;33;19;46;188;43;22;34;21
1296.0;16;32;19;49;185;42;20;36;21
1302.0;15;35;19;47;186;43;19;33;23
1308.0;18;36;19;43;182;42;21;36;23
1314.0;21;37;19;44;181;37;20;39;22
1320.0;21;36;20;47;181;37;18;39;21
1326.0;18;39;17;50;183;36;15;41;21
1332.0;18;41;17;49;182;35;17;41;20
1338.0;21;42;16;50;183;37;15;40;16
1344.0;19;42;16;49;184;37;16;39;18
1350.0;21;42;15;47;180;38;15;42;20
1356.0;22;42;16;47;177;40;15;44;17
1362.0;19;46;16;46;178;39;16;43;17
1368.0;19;46;18;43;179;38;16;43;18
1374.0;18;42;17;41;181;38;20;41;22
1380.0;21;42;15;38;179;38;22;42;23
1386.0;21;44;15;35;180;37;23;41;24
1392.0;22;43;14;35;180;37;25;42;22
1398.0;23;41;18;31;181;36;27;40;23
1404.0;23;38;18;31;181;37;27;40;25
1410.0;21;38;17;29;182;35;27;44;27
1416.0;20;37;17;31;183;37;26;43;26
1422.0;20;35;21;31;183;37;26;43;24
1428.0;18;36;19;28;189;39;25;41;25
1434.0;18;37;18;30;189;42;25;37;24
1440.0;22;33;22;30;189;42;23;37;22
1446.0;22;36;24;28;191;41;24;34;20
1452.0;21;34;23;29;193;41;25;34;20
1458.0;24;34;21;29;194;44;24;31;19
1464.0;25;35;20;27;193;43;26;31;20
1470.0;24;37;19;26;195;44;25;30;20
1476.0;25;39;17;26;198;44;24;29;18
1482.0;23;37;16;29;195;44;26;29;21
1488.0;25;35;15;28;195;44;24;30;24
1494.0;23;32;21;29;196;44;25;28;22
1500.0;25;33;20;28;194;45;23;30;22
1506.0;22;34;22;27;193;45;25;30;22
1512.0;19;32;20;29;194;43;27;31;25
1518.0;20;32;18;30;198;42;25;33;22
1524.0;21;34;19;29;197;39;22;37;22
1530.0;18;33;18;29;201;39;23;41;18
1536.0;17;35;21;28;199;41;25;42;12
1542.0;14;35;17;28;200;42;26;44;14
1548.0;14;36;15;31;200;43;23;46;12
1554.0;14;37;17;34;198;44;22;44;10
1560.0;17;36;19;33;200;42;21;43;9
1566.0;20;35;17;32;199;41;21;42;13
1572.0;17;36;18;31;200;42;18;42;16
1578.0;18;38;19;29;199;41;16;44;16
1584.0;18;37;21;30;197;39;17;46;15
1590.0;18;37;21;29;198;42;19;44;12
1596.0;20;37;22;29;196;42;18;43;13
1602.0;20;35;23;33;193;42;19;44;11
1608.0;19;35;19;35;194;44;18;42;14
1614.0;17;36;20;36;194;41;18;41;17
1620.0;18;36;21;32;194;43;17;43;16
1626.0;18;32;22;33;194;45;16;44;16
1632.0;23;37;23;30;195;45;14;40;13
1638.0;20;40;22;33;194;43;15;39;14
1644.0;21;41;22;33;193;43;15;37;15
1650.0;19;42;19;33;190;42;18;41;16
1656.0;19;44;20;34;190;41;16;40;16
1662.0;20;45;18;38;188;42;13;40;16
1668.0;20;45;18;39;185;40;15;40;18
1674.0;20;43;17;40;186;39;16;40;19
1680.0;19;40;18;40;188;40;16;40;19
1686.0;17;40;21;40;186;38;15;41;22
1692.0;16;39;22;41;185;39;15;42;21
1698.0;18;37;20;41;183;43;13;41;24
1704.0;20;38;18;39;183;45;13;39;25
1710.0;20;40;16;38;182;46;13;41;24
1716.0;22;39;14;41;181;45;12;39;27
1722.0;19;37;14;40;182;45;12;38;33
1728.0;20;37;15;40;183;45;13;39;28
1734.0;22;37;11;43;182;47;15;38;25
1740.0;22;39;13;44;178;46;13;40;25
1746.0;24;37;11;42;179;46;15;44;22
1752.0;26;35;11;40;182;46;15;43;22
1758.0;26;35;11;41;183;45;14;40;25
1764.0;25;33;9;42;181;44;15;44;27
1770.0;26;37;10;41;179;44;17;42;24
1776.0;25;36;9;44;180;42;16;44;24
1782.0;20;38;10;43;183;40;16;46;24
1788.0;22;38;10;46;183;41;14;45;21
1794.0;24;34;12;45;185;40;14;43;23
