#auto generated file!
12.0;36;44;29;29;34;26;27;34;31
18.0;34;44;27;30;36;31;27;34;27
24.0;33;39;27;30;36;31;27;40;27
30.0;30;42;24;32;38;31;28;39;26
36.0;29;41;22;32;40;34;30;37;25
42.0;30;39;23;31;44;32;30;36;25
48.0;30;39;23;29;47;30;32;37;23
54.0;28;41;22;30;48;32;28;38;23
60.0;30;45;23;26;49;30;24;40;23
66.0;27;47;22;24;49;32;23;40;26
72.0;25;48;18;25;49;36;24;42;23
78.0;26;48;18;24;52;35;23;43;21
84.0;28;45;19;23;54;34;23;43;21
90.0;27;46;16;27;55;36;20;43;20
96.0;29;46;15;26;54;35;19;44;22
102.0;30;45;17;21;56;37;19;44;21
108.0;28;44;18;21;57;41;21;42;18
114.0;24;48;18;20;58;41;18;41;22
120.0;22;50;18;21;60;40;19;40;20
126.0;20;47;18;24;62;42;18;40;19
132.0;19;46;16;23;62;45;18;44;17
138.0;21;47;13;26;62;44;18;41;18
144.0;18;47;15;27;61;46;18;42;16
150.0;18;46;19;28;62;43;18;40;16
156.0;15;46;22;27;66;43;17;39;15
162.0;14;45;23;27;68;42;19;37;15
168.0;14;46;22;27;70;41;19;37;14
174.0;14;46;19;27;74;40;19;36;15
180.0;13;41;22;28;74;42;20;33;17
186.0;13;44;18;29;75;42;18;34;17
192.0;13;45;16;30;74;39;21;36;16
198.0;15;45;16;27;75;41;19;36;16
204.0;17;45;17;27;76;41;17;34;16
210.0;20;42;19;24;75;42;16;35;17
216.0;18;39;17;25;76;44;17;36;18
222.0;17;36;15;25;77;46;16;37;21
228.0;17;38;13;23;77;46;16;39;21
234.0;20;38;14;23;77;46;16;37;19
240.0;19;39;16;23;79;47;16;34;17
246.0;20;37;15;23;79;50;15;34;17
252.0;23;38;11;23;81;49;15;33;17
258.0;16;36;13;26;83;51;17;32;16
264.0;16;38;14;28;84;48;18;31;13
270.0;14;36;17;28;87;45;21;30;12
276.0;11;35;20;30;86;43;21;30;14
282.0;8;34;20;32;87;39;23;33;14
288.0;8;34;20;31;87;39;25;32;14
294.0;9;34;21;30;87;39;22;32;16
300.0;9;36;22;27;87;37;22;32;18
306.0;11;38;19;29;88;36;20;32;17
312.0;12;35;18;29;89;38;19;33;17
318.0;11;37;16;29;90;39;19;31;18
324.0;12;34;14;32;91;38;20;31;18
330.0;16;33;15;30;91;39;19;30;17
336.0;18;33;12;27;91;41;20;29;19
342.0;18;30;10;29;92;40;19;30;22
348.0;18;32;7;27;94;37;22;33;20
354.0;17;34;8;27;93;37;23;32;19
360.0;15;35;8;25;93;38;20;34;22
366.0;14;33;7;26;95;37;20;36;22
372.0;13;33;9;27;96;34;22;36;20
378.0;12;36;14;27;96;34;20;34;17
384.0;14;36;15;25;96;35;19;33;17
390.0;14;37;17;20;95;33;20;35;19
396.0;13;40;20;17;97;35;19;33;16
402.0;17;36;18;18;99;36;19;32;15
408.0;17;36;15;19;98;36;22;32;15
414.0;17;35;15;21;98;38;21;33;12
420.0;14;35;20;20;100;40;17;33;11
426.0;14;34;20;23;100;39;16;35;9
432.0;15;35;21;21;100;38;16;34;10
438.0;16;38;20;20;101;40;14;32;9
444.0;17;36;20;21;99;40;13;35;9
450.0;17;34;22;23;99;40;13;34;8
456.0;15;37;20;27;99;37;11;36;8
462.0;14;38;21;27;99;37;13;35;6
468.0;13;38;19;28;101;39;13;32;7
474.0;14;34;18;28;101;41;13;32;9
480.0;12;35;17;29;103;40;11;34;9
486.0;12;36;15;30;104;38;12;33;10
492.0;12;35;18;29;104;36;13;34;9
498.0;12;35;18;29;107;35;12;33;9
504.0;13;37;19;27;108;34;10;32;10
510.0;13;37;20;27;106;35;10;33;9
516.0;14;36;18;26;107;35;10;33;11
522.0;14;37;19;26;110;35;9;30;10
528.0;13;34;21;27;111;34;10;31;9
534.0;14;31;22;27;109;34;9;34;10
540.0;16;31;21;24;112;35;10;31;10
546.0;16;31;19;24;112;36;13;29;10
552.0;14;32;20;22;114;35;16;26;11
558.0;14;32;19;21;114;36;15;27;12
564.0;12;32;16;21;117;38;13;29;12
570.0;13;33;16;19;115;42;14;28;10
576.0;12;34;17;20;116;40;14;29;8
582.0;11;35;15;20;117;37;14;32;9
588.0;13;34;16;22;116;37;13;29;10
594.0;11;33;19;20;116;35;13;32;11
600.0;12;33;20;21;116;35;11;31;11
606.0;11;31;20;22;118;33;10;33;12
612.0;12;29;20;22;118;33;14;33;9
618.0;13;28;20;22;116;32;18;33;8
624.0;12;28;17;24;116;32;18;34;9
630.0;14;27;17;23;117;37;16;32;7
636.0;16;26;16;23;115;37;15;32;10
642.0;18;26;14;21;118;37;14;32;10
648.0;18;30;14;21;118;34;14;30;11
654.0;19;26;14;20;120;34;14;31;12
660.0;21;27;15;20;120;32;14;26;15
666.0;19;27;16;22;118;30;13;31;14
672.0;18;27;16;23;119;29;12;31;15
678.0;16;29;14;25;120;28;12;30;16
684.0;17;28;16;26;119;27;13;29;15
690.0;14;28;15;26;120;30;13;27;17
696.0;17;28;15;28;120;28;10;27;17
702.0;18;28;13;27;121;28;10;26;19
708.0;19;27;14;31;118;26;10;25;20
714.0;16;29;15;31;118;26;10;25;20
720.0;15;26;16;33;120;25;12;23;20
726.0;15;25;15;31;120;28;12;24;20
732.0;14;27;14;30;120;28;12;25;20
738.0;15;26;13;30;123;28;11;25;19
744.0;12;27;12;30;123;28;12;27;19
750.0;11;27;11;30;122;29;14;27;19
756.0;12;27;11;26;123;29;16;26;20
762.0;12;26;12;25;123;29;17;28;18
768.0;13;25;11;23;122;34;18;29;15
774.0;14;24;12;24;121;33;21;27;14
780.0;11;27;10;24;122;36;20;26;14
786.0;11;23;10;26;121;35;22;28;14
792.0;11;23;9;25;122;34;23;27;16
798.0;14;21;9;25;124;36;20;28;13
804.0;15;22;9;23;126;35;19;28;13
810.0;15;24;7;24;126;34;19;29;12
816.0;13;24;7;22;128;34;17;31;14
822.0;12;29;8;23;129;33;15;30;11
828.0;12;28;10;25;130;33;12;32;8
834.0;13;27;13;26;130;33;10;32;6
840.0;15;29;13;23;129;30;11;32;8
846.0;15;30;15;23;130;26;11;30;10
852.0;14;29;14;25;130;28;11;30;9
858.0;17;31;16;22;131;30;12;26;5
864.0;17;29;14;23;132;29;13;27;6
870.0;15;29;14;24;132;29;13;27;7
876.0;14;28;13;25;133;29;14;26;8
882.0;12;30;14;25;132;29;12;27;9
888.0;12;30;13;23;133;28;14;28;9
894.0;13;31;13;23;132;28;15;26;9
900.0;12;31;11;25;131;29;18;25;8
906.0;17;32;10;22;130;30;19;23;7
912.0;18;30;10;23;126;29;21;25;8
918.0;18;30;10;23;126;30;21;25;7
924.0;17;31;10;22;126;30;21;25;8
930.0;15;33;11;22;129;29;20;24;7
936.0;15;34;10;24;128;28;22;22;7
942.0;15;33;10;23;128;29;23;22;7
948.0;15;34;9;24;126;29;21;22;10
954.0;16;37;7;27;127;28;17;23;8
960.0;18;38;7;28;125;27;17;21;9
966.0;19;34;8;31;127;25;16;21;9
972.0;19;35;8;31;125;27;15;21;9
978.0;20;34;8;31;123;28;15;22;9
984.0;21;32;10;32;122;26;15;23;9
990.0;19;32;11;31;122;26;17;23;9
996.0;20;32;13;34;119;22;16;26;8
1002.0;18;30;12;35;119;21;17;27;11
1008.0;17;30;11;33;121;21;19;27;11
1014.0;16;29;14;32;118;21;19;30;11
1020.0;17;29;14;32;117;23;17;29;12
1026.0;15;28;11;31;116;24;22;31;12
1032.0;15;25;11;32;118;22;21;33;13
1038.0;14;25;10;32;122;22;20;32;13
1044.0;12;24;9;32;124;23;20;31;15
1050.0;11;22;10;32;126;25;18;31;15
1056.0;13;22;10;33;126;25;18;30;13
1062.0;12;22;8;34;128;27;16;29;14
1068.0;11;25;8;34;126;28;13;31;14
1074.0;12;25;8;33;126;30;14;28;14
1080.0;9;28;10;33;126;28;16;26;14
1086.0;9;28;12;32;126;27;16;25;15
1092.0;9;29;13;34;124;24;18;26;13
1098.0;11;28;11;33;123;24;18;27;15
1104.0;9;27;14;34;123;24;19;25;15
1110.0;10;29;14;33;122;22;21;25;14
1116.0;10;30;15;30;121;21;21;26;16
1122.0;10;30;15;28;122;22;22;25;16
1128.0;11;29;15;26;124;23;22;24;16
1134.0;10;29;18;25;125;23;21;24;15
1140.0;11;31;19;26;123;21;20;23;16
1146.0;12;28;15;25;125;23;19;27;16
1152.0;11;28;17;26;125;21;19;27;16
1158.0;8;27;20;28;125;23;20;24;15
1164.0;8;27;17;34;125;24;17;24;14
1170.0;8;26;16;35;124;25;16;26;14
1176.0;5;27;16;36;122;27;17;26;14
1182.0;7;26;16;36;122;28;17;23;15
1188.0;6;26;20;38;121;29;15;22;13
1194.0;4;25;21;41;122;30;15;21;11
1200.0;5;25;20;42;124;29;14;21;10
1206.0;5;23;22;40;127;29;12;22;10
1212.0;6;23;20;43;126;29;10;22;11
1218.0;8;22;18;43;126;26;10;25;12
1224.0;8;21;21;40;129;27;9;24;11
1230.0;13;17;20;40;130;25;8;24;13
1236.0;14;18;18;38;130;27;7;25;13
1242.0;13;21;17;37;131;24;7;25;15
1248.0;12;22;17;37;132;22;9;23;16
1254.0;13;22;16;38;131;21;9;23;17
1260.0;13;23;17;39;133;19;8;22;16
1266.0;13;23;19;34;133;20;9;25;14
1272.0;12;23;17;33;134;21;10;26;14
1278.0;16;23;16;34;133;22;8;25;13
1284.0;15;23;17;35;133;21;7;25;14
1290.0;15;25;14;36;133;20;10;24;13
1296.0;14;24;13;36;135;19;10;27;12
1302.0;15;24;12;32;135;21;9;29;13
1308.0;16;26;12;32;135;22;9;27;11
1314.0;14;28;12;31;136;22;10;26;11
1320.0;10;30;13;30;141;22;9;22;13
1326.0;11;32;10;30;141;24;8;20;14
1332.0;12;30;8;31;143;21;8;18;19
1338.0;12;30;7;34;139;24;10;20;14
1344.0;10;29;7;34;138;26;11;21;14
1350.0;11;29;9;32;138;25;12;22;12
1356.0;10;29;10;32;138;25;13;21;12
1362.0;12;26;7;32;137;25;12;23;16
1368.0;11;28;7;32;138;24;13;22;15
1374.0;11;28;7;34;140;25;9;22;14
1380.0;13;28;5;36;141;21;9;24;13
1386.0;14;26;5;35;142;21;10;26;11
1392.0;13;26;4;34;144;22;11;26;10
1398.0;11;25;4;33;144;21;11;29;12
1404.0;13;23;4;32;144;22;9;30;13
1410.0;13;23;3;34;145;21;11;31;9
1416.0;13;23;1;33;146;20;13;32;9
1422.0;15;25;5;31;145;18;12;30;9
1428.0;13;28;5;27;146;19;14;30;8
1434.0;10;27;5;27;148;20;14;29;10
1440.0;10;27;7;26;148;20;12;32;8
1446.0;12;27;8;28;147;20;12;30;6
1452.0;11;25;11;30;149;20;8;29;7
1458.0;12;23;13;29;149;19;8;29;8
1464.0;12;23;15;30;148;21;8;27;6
1470.0;10;25;14;30;149;21;7;25;9
1476.0;10;24;14;30;149;22;8;25;8
1482.0;9;27;12;31;150;21;5;25;10
1488.0;9;26;12;30;148;22;6;25;12
1494.0;9;28;12;29;148;22;6;24;12
1500.0;9;27;12;28;146;25;8;23;12
1506.0;7;29;14;28;143;24;10;22;13
1512.0;7;31;14;26;141;24;11;23;13
1518.0;8;32;14;25;142;22;11;22;14
1524.0;9;30;12;24;144;23;13;19;16
1530.0;11;28;14;22;142;23;14;18;18
1536.0;12;28;14;22;141;24;13;17;19
1542.0;14;26;13;19;142;25;16;17;18
1548.0;15;24;10;20;141;26;18;17;19
1554.0;17;24;9;20;140;26;18;17;19
1560.0;16;23;9;20;141;27;16;16;22
1566.0;14;23;8;23;143;27;14;15;23
1572.0;14;25;8;22;146;22;13;16;24
1578.0;15;26;8;20;146;24;13;17;21
1584.0;15;24;9;20;145;26;14;17;20
1590.0;15;22;9;22;144;25;16;18;19
1596.0;16;23;10;26;142;25;15;18;15
1602.0;18;26;11;24;142;26;15;17;11
1608.0;19;24;13;23;142;26;13;18;12
1614.0;20;24;15;24;140;25;12;18;12
1620.0;19;24;15;24;140;25;12;19;12
1626.0;17;26;13;23;142;27;14;18;10
1632.0;14;27;15;24;142;27;14;15;12
1638.0;14;26;14;26;142;26;15;15;12
1644.0;13;27;15;25;142;26;14;15;13
1650.0;12;27;14;26;141;28;13;19;10
1656.0;11;30;15;26;142;27;11;19;9
1662.0;10;29;15;24;143;27;11;20;11
1668.0;9;29;16;24;141;28;11;20;12
1674.0;8;29;16;23;142;28;11;22;11
1680.0;8;31;17;22;141;28;11;22;10
1686.0;9;29;18;21;143;30;8;23;9
1692.0;7;30;19;23;142;28;11;21;9
1698.0;8;32;18;23;140;25;12;22;10
1704.0;8;32;19;24;141;25;10;21;10
1710.0;8;30;20;23;141;27;7;23;11
1716.0;7;31;17;24;140;31;7;22;11
1722.0;6;30;16;23;143;31;8;21;12
1728.0;6;30;14;24;144;32;7;20;13
1734.0;6;31;14;24;145;31;6;19;14
1740.0;5;32;11;25;144;31;6;19;17
1746.0;6;32;13;23;145;32;7;16;16
1752.0;9;34;12;20;142;33;7;17;16
1758.0;9;34;15;19;140;33;7;16;17
1764.0;11;32;15;20;141;33;5;14;19
1770.0;11;31;17;21;141;31;8;14;16
1776.0;11;33;16;21;139;31;8;14;17
1782.0;10;32;15;26;139;30;9;13;16
1788.0;10;32;15;27;140;29;10;12;15
1794.0;9;33;16;23;140;32;10;13;14
