#auto generated file!
12.0;29;28;35;35;37;34;26;40;26
18.0;26;31;35;33;39;33;25;40;28
24.0;23;31;39;35;39;33;24;39;27
30.0;24;32;34;40;39;36;22;37;26
36.0;22;33;30;37;41;40;20;38;29
42.0;26;33;29;38;42;40;19;37;26
48.0;22;36;29;37;44;40;21;35;26
54.0;23;38;29;37;45;39;19;33;27
60.0;21;38;25;39;47;38;20;35;27
66.0;21;40;24;40;49;39;17;34;26
72.0;21;40;26;37;51;38;19;32;26
78.0;21;38;26;40;53;38;21;28;25
84.0;24;39;24;40;55;36;20;27;25
90.0;25;37;24;41;58;36;19;25;25
96.0;25;36;21;41;59;39;18;25;26
102.0;24;37;24;40;60;38;17;24;26
108.0;25;40;25;40;61;38;14;23;24
114.0;26;38;24;39;63;35;15;28;22
120.0;23;39;23;37;68;35;15;29;21
126.0;20;37;25;36;71;35;17;27;22
132.0;20;35;24;40;72;35;17;26;21
138.0;18;36;24;39;72;35;16;26;24
144.0;18;36;28;39;72;32;13;27;25
150.0;20;38;28;39;71;29;12;27;26
156.0;21;38;24;42;72;33;12;26;22
162.0;19;36;25;46;72;35;14;24;19
168.0;20;35;24;44;75;32;18;25;17
174.0;21;35;24;40;75;35;20;23;17
180.0;20;37;22;40;76;33;21;25;16
186.0;21;36;23;43;76;35;16;23;17
192.0;19;36;22;40;79;34;18;24;18
198.0;21;37;22;40;80;33;17;24;16
204.0;21;37;19;40;83;32;16;25;17
210.0;23;39;15;39;83;33;17;25;16
216.0;22;40;14;43;81;37;18;25;10
222.0;24;36;13;42;82;37;19;27;10
228.0;21;36;14;45;84;36;19;28;7
234.0;21;40;15;44;84;35;16;28;7
240.0;19;40;15;47;85;32;18;28;6
246.0;20;39;14;49;86;33;16;29;4
252.0;21;41;13;49;84;35;13;26;8
258.0;19;41;15;49;87;33;12;24;10
264.0;17;41;14;49;91;36;9;23;10
270.0;15;37;17;50;92;36;10;23;10
276.0;16;38;16;50;93;34;9;24;10
282.0;18;37;15;50;94;34;9;25;8
288.0;18;39;16;50;92;33;9;24;9
294.0;16;40;18;49;94;32;8;24;9
300.0;16;39;18;46;93;31;11;24;12
306.0;15;38;17;46;96;30;10;24;14
312.0;15;39;16;42;96;31;10;26;15
318.0;16;40;16;41;96;30;11;25;15
324.0;16;41;15;40;97;29;12;26;14
330.0;18;39;14;39;96;30;12;27;15
336.0;20;40;17;38;93;30;9;29;14
342.0;21;39;17;39;94;32;9;27;12
348.0;21;39;18;41;93;33;8;25;12
354.0;22;40;13;39;94;33;10;26;13
360.0;21;38;14;36;96;32;13;26;14
366.0;22;41;14;36;95;31;14;25;12
372.0;22;41;13;34;96;35;15;24;10
378.0;21;38;14;33;94;37;14;26;13
384.0;21;39;13;31;94;38;16;26;12
390.0;20;40;12;29;96;40;14;28;11
396.0;18;42;12;26;97;37;18;26;14
402.0;19;40;10;28;96;35;19;26;17
408.0;18;35;10;29;94;37;18;29;20
414.0;16;39;9;30;96;36;17;27;20
420.0;15;37;9;34;99;33;18;26;19
426.0;17;37;8;32;102;32;19;24;19
432.0;17;38;8;34;100;32;19;26;16
438.0;15;37;10;35;102;29;21;25;16
444.0;15;37;10;37;102;28;21;23;17
450.0;15;35;10;39;102;28;20;21;20
456.0;15;36;10;39;104;28;19;23;16
462.0;15;37;11;38;104;29;19;20;17
468.0;16;37;11;37;103;29;17;22;18
474.0;16;37;12;35;104;28;20;24;14
480.0;17;37;12;34;105;31;16;24;14
486.0;17;39;10;36;107;31;12;25;13
492.0;16;38;12;34;107;32;13;26;12
498.0;17;33;14;32;109;33;12;27;13
504.0;17;32;16;33;111;32;9;27;13
510.0;16;36;16;33;112;31;8;25;13
516.0;15;33;19;30;113;31;8;27;14
522.0;15;32;17;28;112;32;7;33;14
528.0;16;34;15;31;112;28;6;33;15
534.0;13;34;17;29;112;28;8;33;16
540.0;12;34;15;32;112;26;10;31;18
546.0;11;30;14;31;111;27;13;35;18
552.0;13;30;14;29;111;29;14;34;16
558.0;13;28;14;32;111;27;16;34;15
564.0;13;30;14;33;111;26;16;31;16
570.0;13;30;17;32;110;27;15;29;17
576.0;12;31;17;32;110;25;16;31;16
582.0;12;29;18;35;112;24;15;29;16
588.0;13;27;19;34;115;26;13;26;17
594.0;15;26;19;32;116;28;12;26;16
600.0;16;24;18;28;116;30;13;26;19
606.0;17;26;16;27;115;27;17;25;20
612.0;18;26;16;26;117;28;12;28;19
618.0;18;25;14;26;119;27;15;26;20
624.0;17;27;13;25;118;29;16;25;20
630.0;17;28;14;24;118;26;19;23;21
636.0;18;28;14;22;120;29;20;23;16
642.0;16;27;14;24;119;28;22;24;16
648.0;18;28;13;23;118;27;23;24;16
654.0;17;29;14;23;121;26;22;25;13
660.0;16;29;12;23;121;26;21;28;14
666.0;15;32;12;22;123;27;18;29;12
672.0;15;37;12;21;124;25;16;28;12
678.0;17;39;11;21;122;25;18;25;12
684.0;17;39;8;19;122;28;21;24;12
690.0;17;36;7;20;124;28;21;26;11
696.0;17;37;8;20;125;29;19;26;9
702.0;17;35;9;20;126;30;19;26;8
708.0;17;36;9;23;126;28;17;27;7
714.0;16;37;10;22;125;27;17;27;9
720.0;13;39;9;22;127;30;16;26;8
726.0;11;37;11;24;127;30;15;26;9
732.0;10;36;12;23;127;31;17;24;10
738.0;12;37;13;23;126;31;16;26;6
744.0;11;34;16;22;125;30;18;25;9
750.0;9;32;17;23;128;29;18;25;9
756.0;12;31;16;23;130;26;18;23;11
762.0;14;33;16;22;130;27;16;21;11
768.0;13;33;17;21;129;26;18;23;10
774.0;12;32;18;22;127;25;20;22;12
780.0;13;32;17;24;126;25;18;23;12
786.0;13;33;16;20;127;25;20;23;13
792.0;14;32;12;21;129;24;21;24;13
798.0;15;33;8;23;128;23;21;26;13
804.0;14;35;8;22;127;22;24;27;11
810.0;17;32;6;25;126;23;21;28;12
816.0;17;31;9;26;124;25;20;27;11
822.0;15;34;10;26;123;26;21;26;9
828.0;15;32;10;27;125;29;20;22;10
834.0;15;31;12;26;127;27;21;22;9
840.0;17;30;11;28;128;25;20;20;11
846.0;18;29;9;26;130;26;20;21;11
852.0;16;28;10;27;129;29;19;22;10
858.0;19;27;11;27;128;27;19;22;10
864.0;18;27;12;28;126;28;17;24;10
870.0;16;26;12;32;129;29;14;23;9
876.0;16;27;14;31;129;29;10;24;10
882.0;16;28;14;29;131;29;9;22;12
888.0;15;26;16;27;130;30;10;23;13
894.0;17;29;15;23;131;30;11;19;15
900.0;16;29;17;24;129;28;14;19;14
906.0;16;28;15;25;128;29;15;19;15
912.0;16;28;16;23;125;30;16;21;15
918.0;15;30;16;22;124;31;16;20;16
924.0;14;29;16;22;122;33;17;22;15
930.0;13;29;14;22;122;36;17;23;14
936.0;14;28;14;24;121;35;19;22;13
942.0;16;28;12;23;124;33;22;21;11
948.0;13;27;13;23;124;36;21;21;12
954.0;9;26;13;24;124;37;22;22;13
960.0;9;28;13;24;127;35;21;21;12
966.0;10;25;14;21;129;36;22;22;11
972.0;9;22;15;23;130;36;24;22;9
978.0;10;22;14;24;129;35;24;22;10
984.0;12;21;14;24;130;35;23;22;9
990.0;11;22;14;25;130;35;19;23;11
996.0;14;22;14;23;130;34;19;25;9
1002.0;12;21;14;23;134;33;16;26;11
1008.0;15;20;17;23;135;31;12;26;11
1014.0;14;18;14;23;133;34;10;29;15
1020.0;16;17;19;22;133;31;10;27;15
1026.0;17;17;20;21;133;31;10;26;15
1032.0;17;17;19;20;136;30;10;27;14
1038.0;17;21;18;19;134;31;10;26;14
1044.0;17;22;19;20;131;30;10;27;14
1050.0;16;22;18;20;132;31;9;27;15
1056.0;16;22;19;19;131;31;10;27;15
1062.0;14;21;16;19;131;31;12;30;16
1068.0;14;22;17;20;128;32;12;31;14
1074.0;14;22;17;20;129;29;12;32;15
1080.0;15;22;15;20;129;29;13;32;15
1086.0;15;23;14;19;130;30;14;30;15
1092.0;15;23;14;20;130;28;15;29;16
1098.0;16;23;14;20;133;27;14;30;13
1104.0;14;25;13;21;136;26;14;28;13
1110.0;13;25;12;24;137;27;12;26;14
1116.0;12;24;12;25;137;27;12;27;14
1122.0;12;26;12;26;138;26;9;29;12
1128.0;13;25;12;26;139;26;8;29;12
1134.0;13;23;11;26;138;30;9;30;10
1140.0;11;23;11;30;136;31;9;29;10
1146.0;12;22;14;28;134;29;12;28;11
1152.0;12;23;17;30;131;29;12;26;10
1158.0;14;24;17;27;131;28;14;26;9
1164.0;14;22;17;26;129;29;12;28;13
1170.0;13;22;17;25;131;30;14;26;12
1176.0;12;21;18;28;129;29;12;27;14
1182.0;12;22;19;29;124;31;9;29;15
1188.0;11;20;21;28;123;30;13;30;14
1194.0;10;24;19;26;121;34;12;27;17
1200.0;8;24;21;27;121;33;12;27;17
1206.0;7;24;21;26;124;35;12;26;15
1212.0;7;25;22;26;122;34;10;29;15
1218.0;10;24;21;26;121;33;10;30;15
1224.0;12;24;23;26;121;31;11;27;15
1230.0;12;24;23;25;122;34;11;23;16
1236.0;16;22;22;21;120;35;14;25;15
1242.0;15;23;23;24;120;36;11;25;13
1248.0;16;24;23;24;117;38;12;24;12
1254.0;16;24;24;24;118;33;13;24;14
1260.0;15;24;24;22;118;33;13;27;14
1266.0;18;23;22;23;118;30;13;30;13
1272.0;16;23;25;23;118;30;13;29;13
1278.0;15;23;25;24;120;29;13;28;13
1284.0;15;26;23;23;119;30;13;29;12
1290.0;12;27;24;23;118;34;13;29;10
1296.0;14;26;23;22;117;33;14;32;9
1302.0;15;24;23;25;119;32;12;32;8
1308.0;15;26;22;25;117;32;12;33;8
1314.0;15;24;21;26;117;33;14;31;9
1320.0;15;22;18;28;118;35;16;31;7
1326.0;23;24;18;27;119;30;12;30;7
1332.0;25;25;17;27;119;33;12;26;6
1338.0;27;26;15;26;121;32;12;25;6
1344.0;27;28;14;25;121;32;12;25;6
1350.0;26;29;12;26;120;33;13;24;7
1356.0;25;28;12;26;120;34;14;23;8
1362.0;23;27;12;25;118;38;15;22;10
1368.0;24;26;12;23;119;38;16;19;13
1374.0;26;25;9;23;123;36;17;19;12
1380.0;25;27;11;23;121;38;17;16;12
1386.0;25;28;11;25;120;36;17;16;12
1392.0;23;28;10;26;122;36;15;17;13
1398.0;23;28;11;25;122;34;14;18;15
1404.0;22;29;10;27;120;32;15;16;19
1410.0;21;30;9;29;120;29;15;19;18
1416.0;24;29;7;30;121;29;14;21;15
1422.0;25;26;8;29;120;27;15;25;15
1428.0;21;25;10;30;121;27;15;26;15
1434.0;19;27;10;30;118;30;15;27;14
1440.0;19;28;12;29;119;29;15;27;12
1446.0;18;26;12;29;120;31;12;29;13
1452.0;17;26;12;30;120;31;12;29;13
1458.0;18;26;11;31;121;31;11;28;13
1464.0;19;28;12;30;121;29;11;27;13
1470.0;15;28;10;32;123;29;10;30;13
1476.0;17;27;12;31;124;30;8;29;12
1482.0;15;26;12;30;123;34;7;30;13
1488.0;13;27;10;36;123;33;7;29;12
1494.0;15;25;12;37;122;34;8;27;10
1500.0;14;27;10;39;122;32;10;26;10
1506.0;11;26;9;39;122;31;11;27;14
1512.0;12;28;11;39;120;28;11;26;15
1518.0;16;26;10;38;121;26;11;29;13
1524.0;15;27;11;37;123;26;12;26;13
1530.0;13;27;10;36;123;29;12;27;13
1536.0;14;27;10;36;127;27;9;28;12
1542.0;14;25;14;35;127;25;8;27;15
1548.0;14;25;12;35;127;25;10;27;15
1554.0;16;25;13;34;125;25;9;27;16
1560.0;17;25;14;33;124;25;8;28;16
1566.0;18;25;12;32;126;24;10;28;15
1572.0;14;26;13;33;129;26;9;24;16
1578.0;16;28;12;32;128;25;7;27;15
1584.0;14;28;11;30;127;26;9;28;17
1590.0;14;29;10;31;127;26;9;28;16
1596.0;14;30;10;31;124;26;7;30;18
1602.0;12;30;9;31;123;28;8;30;19
1608.0;14;31;9;29;123;24;10;31;19
1614.0;14;28;10;30;124;22;12;30;20
1620.0;16;26;9;30;124;21;15;29;20
1626.0;19;25;10;28;125;22;15;26;20
1632.0;19;27;11;27;127;24;12;24;19
1638.0;16;30;11;27;126;22;15;25;18
1644.0;14;29;13;30;125;22;13;24;20
1650.0;14;26;14;30;125;22;13;25;21
1656.0;14;26;15;27;125;24;15;24;20
1662.0;14;25;13;26;125;22;15;26;24
1668.0;17;22;12;27;126;22;14;27;23
1674.0;15;25;16;26;126;23;15;25;19
1680.0;14;24;17;25;127;25;14;25;19
1686.0;15;24;14;26;129;26;14;25;17
1692.0;16;23;14;25;129;26;13;24;20
1698.0;15;24;14;25;131;25;13;25;18
1704.0;17;26;12;25;129;26;13;27;15
1710.0;17;25;12;27;129;25;14;25;16
1716.0;22;21;12;28;125;25;16;28;13
1722.0;20;21;14;29;125;24;17;29;11
1728.0;21;23;14;28;127;25;14;26;12
1734.0;20;24;12;28;127;28;13;24;14
1740.0;17;25;13;29;127;31;11;23;14
1746.0;18;26;11;30;126;31;11;22;15
1752.0;18;26;12;28;126;30;11;22;17
1758.0;17;26;11;31;129;27;8;22;19
1764.0;20;27;11;32;124;28;7;22;19
1770.0;22;27;10;33;123;27;6;24;18
1776.0;21;26;11;35;122;27;7;22;19
1782.0;19;26;8;35;122;29;8;24;19
1788.0;18;28;9;35;120;30;6;25;19
1794.0;19;28;10;36;119;27;8;27;16
