#auto generated file!
12.0;21;21;18;17;16;19;19;24;15
18.0;20;20;18;18;17;18;19;26;14
24.0;18;21;20;17;16;18;19;27;14
30.0;19;19;17;19;16;17;19;29;15
36.0;16;20;17;15;19;17;22;29;15
42.0;14;20;18;14;20;20;20;28;16
48.0;15;21;17;15;20;22;20;28;12
54.0;17;21;15;16;22;21;20;24;14
60.0;16;22;12;17;25;18;20;25;15
66.0;16;23;10;19;25;19;16;28;14
72.0;18;25;10;20;27;20;15;25;10
78.0;14;26;9;19;27;21;16;25;13
84.0;13;25;9;20;27;21;19;24;12
90.0;12;19;10;15;29;21;21;27;16
96.0;12;19;10;15;30;19;20;28;17
102.0;12;19;13;13;32;20;18;27;16
108.0;12;18;11;15;36;18;20;26;14
114.0;11;19;10;15;36;18;21;26;14
120.0;15;22;6;16;37;16;19;26;13
126.0;13;24;5;17;39;15;17;26;14
132.0;15;27;5;16;41;14;13;26;13
138.0;15;29;6;15;40;15;13;25;12
144.0;13;29;7;14;40;16;14;25;12
150.0;15;26;9;14;43;16;14;23;10
156.0;14;25;8;15;43;18;15;23;9
162.0;15;25;8;14;45;19;12;24;8
168.0;14;24;7;14;48;20;12;23;8
174.0;11;21;10;15;49;22;12;22;8
180.0;12;22;10;15;48;20;10;24;9
186.0;11;22;11;15;47;20;14;22;8
192.0;12;22;10;13;48;21;14;23;7
198.0;10;18;11;11;51;22;14;25;8
204.0;11;17;11;11;49;24;14;26;7
210.0;12;17;10;11;49;24;15;26;6
216.0;11;16;8;13;50;24;15;25;8
222.0;10;14;9;13;49;27;16;25;7
228.0;10;12;9;15;51;26;16;25;6
234.0;12;12;9;14;52;25;15;25;6
240.0;10;13;7;15;56;26;15;22;6
246.0;10;15;9;16;56;24;12;23;5
252.0;8;15;10;17;55;23;12;24;6
258.0;9;18;7;16;54;23;12;24;7
264.0;12;17;7;17;53;22;10;25;7
270.0;13;18;7;16;53;20;11;25;7
276.0;13;19;6;16;54;20;12;22;8
282.0;11;17;7;16;52;20;15;23;9
288.0;10;18;7;15;52;20;16;22;10
294.0;11;19;7;16;52;21;14;21;9
300.0;11;17;6;16;52;23;14;22;9
306.0;9;14;5;16;55;22;18;20;11
312.0;8;14;8;15;56;19;18;21;11
318.0;9;15;9;15;61;18;14;19;10
324.0;7;17;8;16;63;19;14;18;8
330.0;6;19;8;15;63;17;15;21;6
336.0;6;18;9;15;62;16;16;22;6
342.0;7;18;9;13;63;17;15;22;6
348.0;6;19;11;14;63;17;16;19;5
354.0;6;22;9;14;64;17;16;18;4
360.0;8;21;11;13;62;17;16;17;5
366.0;8;20;10;14;63;19;15;17;4
372.0;9;20;9;15;63;19;14;16;5
378.0;8;21;10;15;62;20;14;16;4
384.0;8;21;9;15;63;19;14;15;6
390.0;10;21;9;16;64;18;12;14;6
396.0;9;22;9;18;64;16;12;13;7
402.0;11;22;9;17;65;16;10;13;7
408.0;11;20;10;18;63;15;11;16;6
414.0;14;20;9;18;63;15;10;13;8
420.0;14;20;9;16;64;15;9;14;9
426.0;14;18;9;18;66;13;8;13;11
432.0;17;18;8;18;67;13;8;12;9
438.0;16;18;5;16;68;14;9;14;10
444.0;16;17;6;16;68;15;9;14;9
450.0;15;17;5;16;67;16;12;12;10
456.0;14;17;5;16;66;16;12;14;10
462.0;13;19;5;17;69;16;12;12;7
468.0;12;19;5;16;68;18;11;13;8
474.0;15;17;5;15;70;16;12;13;7
480.0;13;17;4;15;71;17;14;13;6
486.0;12;16;3;20;70;16;15;12;6
492.0;12;19;2;19;71;15;14;12;6
498.0;11;19;2;19;74;15;14;10;6
504.0;9;19;1;19;74;17;15;10;6
510.0;11;19;3;20;75;16;10;10;6
516.0;10;19;4;20;74;16;10;9;8
522.0;10;18;5;21;73;16;9;10;8
528.0;11;19;6;20;74;15;8;11;6
534.0;12;21;6;20;74;14;7;10;6
540.0;12;23;7;19;74;14;6;10;5
546.0;12;21;6;19;76;14;8;10;4
552.0;12;21;7;19;77;13;6;9;6
558.0;10;20;7;20;79;12;5;8;9
564.0;9;19;7;19;79;14;5;9;9
570.0;10;19;6;17;80;15;4;10;9
576.0;12;19;7;17;79;15;3;11;7
582.0;10;17;8;16;78;15;6;11;9
588.0;9;15;9;15;78;16;6;11;11
594.0;10;15;9;16;77;15;6;11;11
600.0;10;15;7;16;78;15;5;13;11
606.0;9;13;8;14;79;14;5;14;14
612.0;10;12;8;17;78;16;4;15;10
618.0;9;15;7;17;79;14;4;16;9
624.0;9;15;8;16;80;15;4;14;9
630.0;9;13;8;16;78;17;5;15;9
636.0;8;12;8;15;81;18;4;16;8
642.0;8;11;7;17;80;19;5;14;9
648.0;10;11;8;16;78;18;5;15;9
654.0;9;12;9;16;79;19;4;15;7
660.0;10;11;9;15;81;19;4;14;7
666.0;9;13;9;15;79;18;5;15;7
672.0;8;15;8;15;79;18;6;16;5
678.0;7;16;8;14;81;17;5;16;6
684.0;8;14;8;13;80;20;5;16;6
690.0;8;13;10;13;80;21;5;15;5
696.0;11;13;8;12;81;19;5;16;5
702.0;13;11;8;11;80;19;6;17;5
708.0;11;13;8;9;80;21;6;17;5
714.0;10;14;8;10;80;22;6;16;4
720.0;10;13;9;13;80;23;5;13;4
726.0;9;12;9;14;81;24;4;12;5
732.0;10;12;10;13;80;24;5;11;5
738.0;11;14;9;13;80;20;6;11;6
744.0;11;12;10;14;81;19;5;13;5
750.0;12;11;12;14;82;16;5;13;5
756.0;12;11;11;14;82;16;6;13;5
762.0;12;8;11;14;83;15;9;13;5
768.0;12;9;8;14;84;15;9;14;5
774.0;12;10;7;13;86;16;8;13;5
780.0;12;11;8;12;86;18;8;12;3
786.0;10;11;9;11;86;17;8;14;4
792.0;12;13;10;9;86;15;7;14;4
798.0;12;14;7;11;85;15;8;13;5
804.0;11;14;8;13;84;14;8;13;5
810.0;11;14;5;13;84;16;8;14;5
816.0;11;14;5;13;84;17;8;13;5
822.0;11;14;5;13;87;17;8;11;4
828.0;11;13;5;15;84;18;8;12;4
834.0;10;13;5;12;85;18;7;14;6
840.0;10;13;5;10;84;21;4;17;6
846.0;10;14;6;10;83;20;4;15;8
852.0;9;15;6;10;82;20;4;15;9
858.0;6;15;6;10;80;22;6;16;9
864.0;6;16;5;9;79;23;6;16;10
870.0;5;16;5;9;81;23;5;16;10
876.0;7;15;3;11;83;23;4;15;9
882.0;7;14;7;11;82;22;4;15;8
888.0;7;13;6;11;82;23;4;15;9
894.0;7;13;9;13;81;21;4;14;8
900.0;7;12;9;13;81;22;3;15;8
906.0;6;12;8;13;81;23;4;16;7
912.0;6;12;9;13;80;24;4;15;7
918.0;9;12;8;12;81;22;5;14;7
924.0;8;12;8;12;80;22;5;15;8
930.0;7;14;9;11;80;22;5;16;6
936.0;7;14;8;13;80;21;6;16;5
942.0;5;14;9;13;81;21;7;17;3
948.0;5;13;8;13;81;19;10;17;4
954.0;6;14;11;13;78;17;10;18;3
960.0;6;13;12;12;79;18;7;20;3
966.0;7;12;13;10;79;18;7;21;3
972.0;7;15;13;10;79;17;6;20;3
978.0;9;15;13;11;78;17;6;18;3
984.0;6;18;12;12;78;18;6;17;3
990.0;5;19;10;13;78;17;7;18;3
996.0;4;18;12;13;78;16;8;18;3
1002.0;5;16;11;12;78;17;9;18;4
1008.0;3;17;11;15;78;14;11;18;3
1014.0;4;16;11;17;79;14;8;18;3
1020.0;5;17;9;18;79;14;8;17;3
1026.0;7;17;8;17;79;16;8;16;2
1032.0;9;17;7;17;81;14;7;15;3
1038.0;13;16;4;17;81;13;7;16;3
1044.0;12;16;4;16;82;13;8;16;3
1050.0;14;17;6;18;81;11;7;13;3
1056.0;12;16;6;17;81;14;7;14;3
1062.0;13;16;8;16;80;13;7;13;4
1068.0;11;16;8;17;80;13;8;12;5
1074.0;11;17;7;17;78;14;8;12;6
1080.0;12;14;6;17;78;13;10;13;7
1086.0;12;15;7;15;78;12;10;14;7
1092.0;9;15;7;16;76;14;10;15;8
1098.0;9;15;7;18;76;14;9;14;8
1104.0;12;16;6;19;73;14;7;15;8
1110.0;13;17;6;19;71;12;7;16;9
1116.0;12;18;5;19;71;12;7;17;9
1122.0;13;17;5;18;71;15;7;15;9
1128.0;9;20;7;20;70;13;7;15;9
1134.0;8;20;7;20;70;15;4;17;9
1140.0;7;18;9;19;70;16;4;17;10
1146.0;12;18;8;18;69;14;4;18;9
1152.0;12;17;7;17;70;16;3;18;10
1158.0;12;17;7;18;70;16;3;18;9
1164.0;12;15;7;20;69;16;4;19;8
1170.0;14;15;7;17;69;17;4;19;8
1176.0;13;14;7;16;67;19;5;20;9
1182.0;13;15;6;17;68;18;5;19;9
1188.0;12;13;5;19;68;15;4;21;13
1194.0;12;11;7;19;67;15;5;22;12
1200.0;14;12;7;16;66;15;5;22;13
1206.0;14;10;8;18;65;15;5;23;12
1212.0;13;9;8;18;63;16;4;24;15
1218.0;15;9;7;17;64;16;5;24;13
1224.0;13;9;7;17;66;18;4;22;14
1230.0;15;8;7;18;65;19;3;23;12
1236.0;15;8;9;17;64;17;4;24;12
1242.0;18;8;6;17;64;18;5;24;10
1248.0;16;9;5;18;65;18;6;22;11
1254.0;13;11;6;17;65;19;8;22;9
1260.0;14;10;6;17;66;17;8;22;10
1266.0;14;11;5;16;66;17;8;23;10
1272.0;13;12;4;16;68;17;8;24;8
1278.0;11;14;4;17;68;17;9;22;8
1284.0;10;15;4;17;69;19;7;21;8
1290.0;11;14;6;19;70;16;6;19;9
1296.0;12;13;6;21;69;16;6;18;9
1302.0;13;13;6;21;69;16;6;18;8
1308.0;12;13;6;22;70;15;6;17;9
1314.0;12;12;7;20;73;16;6;17;7
1320.0;12;13;7;22;73;14;6;15;8
1326.0;13;13;5;20;76;15;5;16;7
1332.0;13;12;4;21;77;15;6;16;6
1338.0;12;13;3;21;77;18;5;15;6
1344.0;11;13;4;23;77;15;6;16;5
1350.0;10;12;5;22;80;15;5;16;5
1356.0;9;13;5;21;78;16;5;17;6
1362.0;9;14;5;21;78;16;6;16;5
1368.0;10;14;5;21;77;15;6;17;5
1374.0;10;15;5;18;78;16;6;17;5
1380.0;7;18;5;17;76;16;10;16;5
1386.0;7;17;6;18;76;18;7;16;5
1392.0;6;16;6;19;76;20;7;15;5
1398.0;6;15;8;20;74;21;6;16;4
1404.0;6;15;8;21;75;20;5;16;4
1410.0;8;17;6;21;74;18;5;17;4
1416.0;10;17;6;22;74;17;4;16;4
1422.0;10;18;6;21;74;18;5;14;4
1428.0;11;18;6;23;74;17;3;15;3
1434.0;10;20;6;22;74;17;2;15;4
1440.0;10;20;9;22;75;16;1;13;4
1446.0;9;20;9;21;77;16;1;13;4
1452.0;6;21;7;22;77;16;2;15;4
1458.0;7;21;7;24;75;14;3;14;5
1464.0;7;19;7;25;74;16;3;14;5
1470.0;9;15;7;25;75;17;3;14;5
1476.0;8;15;8;26;74;15;5;14;5
1482.0;8;15;9;25;75;14;5;14;5
1488.0;8;15;9;24;76;14;4;14;6
1494.0;8;14;11;22;77;16;4;13;5
1500.0;9;14;8;23;78;16;3;14;5
1506.0;9;14;7;24;78;16;3;14;5
1512.0;7;14;5;23;79;18;3;16;5
1518.0;7;14;4;24;78;18;4;16;5
1524.0;8;13;4;24;78;18;4;16;5
1530.0;7;13;5;25;77;17;4;16;6
1536.0;8;13;5;23;76;17;3;17;8
1542.0;7;13;6;22;77;16;4;18;7
1548.0;7;13;7;22;77;15;4;18;7
1554.0;7;11;7;21;75;17;4;20;8
1560.0;8;12;7;19;74;17;4;21;8
1566.0;8;11;6;18;74;18;6;21;8
1572.0;8;11;6;19;74;17;6;22;7
1578.0;9;10;6;18;74;15;6;25;7
1584.0;9;10;5;18;75;14;7;25;7
1590.0;9;10;7;17;75;15;6;22;9
1596.0;9;10;6;17;74;15;7;23;9
1602.0;8;10;5;17;74;15;9;24;8
1608.0;10;11;5;17;74;12;8;24;9
1614.0;9;11;6;16;75;13;7;25;8
1620.0;10;12;6;15;76;13;5;25;8
1626.0;9;11;6;14;76;13;8;25;8
1632.0;8;11;6;15;76;15;7;24;8
1638.0;7;11;6;16;75;17;7;23;8
1644.0;4;10;7;17;75;18;8;23;8
1650.0;5;12;7;18;74;19;8;20;7
1656.0;6;11;7;17;75;20;6;20;8
1662.0;8;10;7;17;76;16;7;21;8
1668.0;8;9;8;17;77;16;9;19;7
1674.0;7;11;8;18;79;16;7;18;6
1680.0;7;13;8;18;78;18;5;19;4
1686.0;7;13;7;16;79;19;5;19;5
1692.0;10;13;7;14;79;19;4;19;5
1698.0;11;12;9;13;79;16;6;17;7
1704.0;12;11;8;15;78;17;7;18;4
1710.0;12;11;7;17;78;18;7;17;3
1716.0;11;11;6;17;79;18;8;16;4
1722.0;11;11;5;17;78;17;8;17;6
1728.0;12;11;5;16;80;18;7;16;5
1734.0;11;11;6;17;79;19;5;16;6
1740.0;8;11;5;17;81;19;6;17;6
1746.0;7;10;6;17;81;17;5;19;8
1752.0;8;10;7;17;81;15;6;18;8
1758.0;6;11;6;16;83;17;5;19;7
1764.0;6;10;6;17;84;15;5;18;9
1770.0;5;11;5;18;85;16;5;17;8
1776.0;5;11;6;18;85;14;6;17;8
1782.0;6;10;8;17;86;14;6;18;5
1788.0;6;11;8;17;88;14;5;17;4
1794.0;5;11;7;16;89;15;6;17;4
