#auto generated file!
12.0;39;31;33;47;43;32;46;43;46
18.0;42;30;32;47;42;33;46;44;44
24.0;45;29;33;49;43;33;43;42;43
30.0;40;31;32;47;44;33;46;46;41
36.0;35;31;31;53;45;30;45;48;42
42.0;31;32;28;54;47;33;43;53;39
48.0;29;36;29;52;50;33;39;55;37
54.0;30;36;28;48;52;34;40;56;36
60.0;34;36;29;46;54;34;38;53;36
66.0;33;35;29;45;57;33;37;52;39
72.0;31;35;27;48;62;32;38;52;35
78.0;31;35;25;52;64;32;34;51;36
84.0;28;39;24;50;66;32;35;54;32
90.0;28;37;21;51;69;33;30;55;36
96.0;30;39;22;51;71;32;26;54;35
102.0;32;42;19;50;75;34;25;53;30
108.0;30;45;21;50;77;34;25;52;26
114.0;30;46;19;49;79;35;28;50;24
120.0;29;46;19;48;79;37;26;52;24
126.0;29;45;17;50;86;33;29;45;26
132.0;28;45;18;49;88;34;26;47;25
138.0;31;46;21;47;88;34;24;47;22
144.0;27;49;24;45;89;35;22;46;23
150.0;24;47;24;45;90;37;25;43;25
156.0;25;47;20;47;91;37;24;44;25
162.0;26;47;18;44;92;37;27;48;21
168.0;24;47;17;43;93;41;29;48;18
174.0;26;45;16;43;94;43;27;46;20
180.0;25;44;18;42;94;44;26;47;20
186.0;21;46;21;41;94;44;22;48;23
192.0;18;48;19;40;95;47;22;48;23
198.0;18;47;19;40;97;49;24;44;22
204.0;19;47;18;43;96;50;20;44;23
210.0;21;44;18;41;98;48;22;45;23
216.0;22;41;17;41;99;49;24;44;23
222.0;22;41;16;45;98;46;23;47;22
228.0;21;42;19;47;98;42;22;47;22
234.0;23;40;20;44;97;42;24;46;24
240.0;21;41;19;46;99;40;22;48;24
246.0;22;42;20;46;100;40;19;46;25
252.0;21;44;21;44;101;40;18;46;25
258.0;21;47;19;45;97;42;18;46;25
264.0;21;47;18;49;101;40;17;45;22
270.0;21;47;17;53;100;39;14;48;21
276.0;20;45;17;48;102;40;15;48;25
282.0;14;49;15;49;102;41;19;47;24
288.0;18;46;19;46;102;41;18;44;26
294.0;18;47;22;48;100;39;20;40;26
300.0;20;46;23;48;101;40;17;41;24
306.0;20;45;25;47;101;42;14;41;25
312.0;22;42;25;43;99;46;16;43;24
318.0;24;44;25;43;101;44;17;39;23
324.0;23;44;25;43;101;44;18;39;23
330.0;23;45;24;44;101;44;18;38;23
336.0;20;44;27;43;104;43;18;38;23
342.0;20;46;23;42;104;46;18;41;20
348.0;16;47;24;40;103;45;18;47;20
354.0;21;49;25;41;102;43;18;43;18
360.0;22;50;22;39;104;45;15;43;20
366.0;21;50;23;40;105;43;17;43;18
372.0;24;50;21;41;107;40;16;43;18
378.0;28;51;24;38;109;40;14;39;17
384.0;26;52;25;39;111;39;13;38;17
390.0;24;47;29;39;112;42;15;36;16
396.0;24;45;32;37;110;41;18;33;20
402.0;24;44;29;39;111;41;17;35;20
408.0;24;42;31;39;112;41;18;34;19
414.0;24;42;23;42;113;44;18;34;20
420.0;24;41;22;43;113;43;19;37;18
426.0;28;38;24;41;116;38;18;40;17
432.0;26;38;24;42;116;38;21;34;21
438.0;26;42;26;39;114;41;21;33;18
444.0;23;43;24;39;115;41;21;33;21
450.0;20;44;27;40;118;36;18;34;23
456.0;23;43;28;41;116;38;17;30;24
462.0;22;41;27;42;115;39;16;31;27
468.0;22;41;25;41;116;40;17;31;27
474.0;22;43;29;39;115;40;14;31;27
480.0;22;43;28;39;113;39;17;33;26
486.0;22;44;27;40;110;38;19;35;25
492.0;23;40;28;42;108;39;18;36;26
498.0;22;42;30;43;110;38;16;35;24
504.0;22;43;29;44;111;35;15;37;24
510.0;23;42;25;48;111;34;15;38;24
516.0;21;43;24;49;114;33;17;37;22
522.0;20;44;21;49;116;34;17;37;22
528.0;20;43;23;49;117;33;14;40;21
534.0;21;42;19;48;118;33;16;42;21
540.0;23;39;16;44;119;35;20;43;21
546.0;22;42;13;41;122;40;18;42;20
552.0;19;40;16;42;122;41;18;42;20
558.0;18;41;16;45;120;40;16;43;21
564.0;21;42;16;47;119;39;15;42;19
570.0;20;39;13;46;121;36;19;45;21
576.0;21;37;13;50;121;35;15;46;22
582.0;21;35;12;49;121;35;18;47;22
588.0;19;38;11;46;122;33;22;48;21
594.0;17;39;11;44;123;35;21;47;23
600.0;17;37;14;44;122;37;19;45;25
606.0;20;35;18;44;123;34;18;45;23
612.0;18;36;19;42;124;31;18;49;23
618.0;17;36;21;43;125;31;16;49;22
624.0;15;39;19;45;125;34;16;47;20
630.0;14;39;19;46;124;37;16;45;20
636.0;15;36;18;45;127;37;16;46;20
642.0;14;38;18;44;130;36;16;45;19
648.0;15;35;18;46;127;36;15;46;22
654.0;14;34;18;46;130;36;17;46;19
660.0;13;36;18;48;134;38;16;43;14
666.0;12;37;19;48;134;37;16;43;14
672.0;12;38;19;48;135;37;16;42;13
678.0;12;39;20;47;134;39;15;41;13
684.0;12;41;23;42;132;35;19;40;16
690.0;15;41;22;39;133;34;19;42;15
696.0;16;38;21;37;138;36;17;41;16
702.0;17;39;19;40;137;40;16;36;16
708.0;17;38;21;40;137;38;19;34;16
714.0;18;37;21;40;137;38;19;34;16
720.0;19;37;20;43;140;36;19;36;10
726.0;17;38;20;41;142;37;17;39;9
732.0;13;39;23;41;143;35;17;39;10
738.0;11;39;23;39;144;37;17;41;9
744.0;12;39;23;40;143;37;15;40;11
750.0;10;39;24;37;144;41;15;39;11
756.0;10;38;23;36;145;42;15;41;10
762.0;10;36;21;38;143;43;18;38;13
768.0;11;36;21;37;148;39;18;36;14
774.0;12;36;25;36;147;36;14;39;15
780.0;11;34;25;39;147;36;14;37;17
786.0;14;33;23;43;141;35;17;34;20
792.0;16;32;21;41;141;37;17;35;20
798.0;18;31;23;38;144;36;15;35;20
804.0;20;32;21;38;145;35;14;35;20
810.0;22;29;20;40;145;35;16;33;20
816.0;23;30;18;40;145;33;15;36;20
822.0;23;30;16;42;143;34;16;35;21
828.0;22;30;16;45;143;33;17;36;18
834.0;15;31;16;44;145;37;16;37;19
840.0;16;31;18;47;145;35;17;33;18
846.0;19;31;20;44;146;35;14;34;17
852.0;21;28;20;46;144;36;13;34;18
858.0;20;27;18;48;146;34;15;34;18
864.0;21;27;15;46;148;38;16;33;16
870.0;21;26;15;45;150;37;16;34;16
876.0;19;25;22;41;150;35;15;37;16
882.0;13;27;23;41;152;36;17;37;14
888.0;13;27;20;39;154;34;18;37;18
894.0;15;25;22;41;155;34;15;37;16
900.0;18;26;17;41;154;37;15;37;15
906.0;17;26;15;40;157;35;16;36;18
912.0;15;27;16;38;159;36;17;38;14
918.0;15;27;19;36;161;38;15;38;11
924.0;15;25;19;38;164;37;12;39;11
930.0;13;24;17;38;168;38;14;37;11
936.0;15;24;17;34;170;39;13;37;11
942.0;13;24;20;34;168;40;15;36;10
948.0;13;25;23;33;169;41;12;36;8
954.0;12;24;22;35;169;40;15;36;7
960.0;11;27;18;33;168;38;18;39;8
966.0;13;25;17;34;167;39;19;38;8
972.0;14;26;19;34;165;37;18;38;9
978.0;16;25;19;34;165;37;19;35;10
984.0;15;26;19;33;167;38;19;35;8
990.0;16;27;18;35;165;37;20;33;9
996.0;19;29;19;34;162;38;19;31;9
1002.0;21;29;20;34;162;35;17;32;10
1008.0;20;29;18;35;162;35;17;32;12
1014.0;18;30;21;37;159;35;17;34;9
1020.0;16;34;18;39;158;34;18;34;9
1026.0;15;36;18;37;160;37;19;32;6
1032.0;15;33;19;37;160;38;20;32;6
1038.0;16;33;23;36;159;35;20;31;7
1044.0;13;35;21;37;156;35;22;33;8
1050.0;14;37;21;37;156;32;22;33;8
1056.0;13;37;23;36;158;32;20;34;7
1062.0;11;38;24;35;159;34;21;30;8
1068.0;13;37;24;37;158;31;22;31;7
1074.0;11;38;17;36;157;32;29;30;10
1080.0;11;38;16;36;159;33;26;32;9
1086.0;9;39;16;35;157;33;26;32;13
1092.0;11;37;14;37;158;32;22;36;13
1098.0;13;37;14;36;158;31;22;36;13
1104.0;13;37;13;35;157;32;23;37;13
1110.0;15;36;14;33;158;32;19;38;15
1116.0;13;36;14;36;160;32;18;37;14
1122.0;13;35;16;36;159;29;18;39;15
1128.0;14;33;17;38;159;31;16;40;12
1134.0;16;34;17;39;158;27;14;43;12
1140.0;14;33;17;39;158;26;17;43;13
1146.0;15;32;19;37;159;25;17;43;13
1152.0;21;28;18;35;160;26;18;43;11
1158.0;22;31;19;33;157;27;15;44;12
1164.0;20;30;19;33;161;29;13;44;11
1170.0;17;31;23;32;161;31;11;43;11
1176.0;18;30;18;31;164;31;12;43;13
1182.0;19;32;17;32;162;28;12;44;14
1188.0;17;30;20;33;163;26;10;46;15
1194.0;16;33;20;34;162;27;10;43;15
1200.0;16;33;20;34;162;26;9;45;15
1206.0;16;36;24;34;161;26;9;42;12
1212.0;15;35;20;38;157;27;8;47;13
1218.0;15;38;21;38;153;29;7;45;14
1224.0;17;36;17;36;154;29;9;46;16
1230.0;16;37;16;35;156;29;10;46;15
1236.0;21;36;16;35;155;27;9;43;18
1242.0;19;36;16;32;155;29;12;42;19
1248.0;22;39;17;30;154;29;14;39;16
1254.0;24;40;18;28;155;29;13;38;15
1260.0;23;45;16;28;152;31;13;36;16
1266.0;20;43;18;29;153;32;14;35;16
1272.0;18;44;14;29;154;35;13;36;17
1278.0;19;44;14;33;154;34;13;33;16
1284.0;21;45;13;33;152;35;12;36;13
1290.0;25;45;12;33;150;36;12;34;13
1296.0;23;42;13;33;151;34;14;34;16
1302.0;23;41;13;33;152;34;16;34;14
1308.0;25;42;13;31;151;36;15;34;13
1314.0;25;39;13;32;150;35;15;37;14
1320.0;22;42;16;33;149;33;11;37;17
1326.0;23;40;19;32;151;32;11;36;16
1332.0;22;40;20;34;151;32;11;33;17
1338.0;22;38;20;32;150;33;15;34;16
1344.0;22;39;20;32;147;34;15;35;16
1350.0;20;40;20;33;147;32;16;37;15
1356.0;19;38;20;33;144;30;20;40;16
1362.0;18;36;20;31;145;34;21;38;17
1368.0;16;34;22;30;146;35;20;41;16
1374.0;13;36;24;31;147;36;18;38;17
1380.0;14;38;20;29;147;33;17;41;21
1386.0;13;38;17;29;147;35;20;41;20
1392.0;14;35;16;31;150;35;17;43;19
1398.0;17;30;15;33;151;35;16;43;20
1404.0;18;32;13;34;152;35;14;45;17
1410.0;18;34;12;33;152;35;17;42;17
1416.0;20;35;12;35;151;36;15;41;15
1422.0;21;37;14;36;153;33;13;40;13
1428.0;21;35;13;37;152;33;14;41;14
1434.0;17;37;12;35;155;31;14;43;16
1440.0;19;40;14;32;152;31;12;41;19
1446.0;19;41;14;32;153;31;14;38;18
1452.0;21;42;14;27;154;32;15;37;18
1458.0;19;41;15;29;155;31;16;38;16
1464.0;20;41;14;27;156;31;16;37;18
1470.0;21;40;13;27;156;32;16;38;17
1476.0;23;39;12;28;155;32;17;36;18
1482.0;22;36;14;26;154;32;19;39;18
1488.0;22;37;15;27;154;30;18;37;20
1494.0;20;38;15;31;152;31;14;40;19
1500.0;23;37;14;30;156;28;13;40;19
1506.0;20;38;14;30;155;27;12;41;23
1512.0;20;36;15;30;156;29;12;42;20
1518.0;19;32;20;32;156;28;14;40;19
1524.0;18;31;19;35;156;32;15;36;18
1530.0;19;33;20;37;155;30;16;35;15
1536.0;17;36;19;36;156;30;18;34;14
1542.0;18;35;17;37;157;30;19;33;14
1548.0;16;37;16;35;161;32;17;32;14
1554.0;14;37;17;36;163;32;17;32;12
1560.0;15;37;15;36;165;31;16;32;13
1566.0;13;33;16;34;164;33;20;34;13
1572.0;13;34;16;31;164;36;15;36;15
1578.0;17;35;16;30;161;35;16;36;14
1584.0;17;36;20;28;159;34;19;33;14
1590.0;16;34;18;31;161;32;21;34;13
1596.0;18;33;17;31;159;32;23;34;13
1602.0;17;35;18;33;159;34;21;31;12
1608.0;16;35;20;33;157;35;20;32;12
1614.0;16;33;19;35;160;35;20;31;11
1620.0;16;34;19;35;160;37;16;31;12
1626.0;15;32;17;35;163;39;15;33;11
1632.0;15;33;16;35;164;37;15;35;10
1638.0;13;32;16;36;166;38;14;35;10
1644.0;14;34;16;36;167;36;15;32;10
1650.0;15;33;17;35;168;35;14;32;11
1656.0;16;33;17;36;168;34;13;33;10
1662.0;14;35;19;36;168;37;10;32;9
1668.0;14;34;18;35;169;35;13;33;9
1674.0;14;33;17;35;167;38;12;35;9
1680.0;14;36;14;34;168;36;12;37;9
1686.0;14;36;12;32;171;33;12;41;9
1692.0;13;37;11;33;173;32;14;38;9
1698.0;14;38;12;31;173;36;11;37;8
1704.0;13;37;11;32;174;36;12;37;8
1710.0;14;35;9;31;175;38;12;38;8
1716.0;18;33;12;30;175;36;11;36;9
1722.0;20;36;13;27;175;34;12;33;10
1728.0;20;35;12;29;174;34;15;32;9
1734.0;19;39;11;30;173;34;14;32;8
1740.0;21;38;11;30;173;35;11;30;11
1746.0;18;37;13;28;176;35;13;31;9
1752.0;17;40;11;27;176;34;14;33;8
1758.0;19;42;12;26;174;34;15;32;6
1764.0;17;40;10;27;175;34;17;31;9
1770.0;19;39;10;26;175;37;16;27;11
1776.0;19;39;8;26;172;36;16;31;13
1782.0;19;39;8;25;171;37;15;32;14
1788.0;18;38;8;25;172;35;17;33;14
1794.0;16;41;8;22;174;37;14;33;15
