#auto generated file!
12.0;39;45;29;44;50;40;37;43;33
18.0;37;47;25;41;51;42;38;45;34
24.0;34;44;25;40;54;45;41;47;30
30.0;31;46;25;44;56;41;39;50;28
36.0;30;44;24;44;58;40;38;54;28
42.0;28;45;22;42;61;43;37;54;28
48.0;26;46;24;44;64;42;37;52;25
54.0;28;43;21;41;66;47;37;52;25
60.0;28;43;20;43;67;49;38;47;25
66.0;26;42;20;48;70;43;37;50;24
72.0;27;42;18;48;67;46;38;49;25
78.0;24;41;19;44;75;46;36;48;27
84.0;23;43;21;43;79;41;33;47;30
90.0;22;43;24;46;80;41;31;45;28
96.0;22;46;23;44;79;44;31;45;26
102.0;19;49;20;40;81;44;36;45;26
108.0;17;49;19;39;84;45;36;44;27
114.0;16;50;17;38;86;44;37;46;26
120.0;16;50;19;41;84;44;35;45;26
126.0;19;54;18;40;86;44;34;43;22
132.0;19;54;17;42;89;42;34;42;21
138.0;21;51;15;40;91;44;35;43;20
144.0;24;50;15;40;92;45;33;40;21
150.0;25;50;16;42;93;44;31;40;19
156.0;25;49;18;41;92;46;30;38;21
162.0;23;47;19;41;93;44;30;40;23
168.0;22;49;23;43;93;43;27;38;22
174.0;22;48;23;42;93;45;25;38;24
180.0;23;46;24;40;99;46;23;38;21
186.0;25;48;23;41;100;47;20;35;21
192.0;29;43;22;41;103;48;19;33;22
198.0;24;45;22;40;103;48;19;35;24
204.0;23;43;23;41;101;48;17;33;31
210.0;19;43;22;42;107;43;19;34;31
216.0;20;46;22;41;107;44;17;33;30
222.0;19;44;21;39;106;49;19;34;29
228.0;19;43;20;41;108;47;20;32;30
234.0;19;41;19;46;109;46;18;32;30
240.0;17;42;18;43;111;46;23;34;26
246.0;19;40;19;44;111;45;24;36;22
252.0;17;41;20;41;114;42;26;37;22
258.0;15;45;22;41;115;41;24;34;23
264.0;16;45;21;42;115;40;22;37;22
270.0;18;44;22;41;115;39;23;37;21
276.0;21;42;20;40;119;36;24;37;21
282.0;17;42;22;39;120;35;25;39;21
288.0;18;42;21;39;122;36;24;37;21
294.0;17;43;22;38;128;33;22;36;21
300.0;17;43;22;33;131;35;23;37;19
306.0;17;43;22;33;130;36;21;36;22
312.0;17;42;22;32;131;38;20;35;23
318.0;18;42;21;32;130;40;20;36;21
324.0;19;41;17;33;132;39;22;38;19
330.0;18;43;16;32;134;38;22;37;20
336.0;18;43;16;33;136;39;20;36;19
342.0;18;47;17;33;136;40;15;36;18
348.0;19;46;17;31;137;41;15;36;18
354.0;19;46;14;32;141;38;17;36;17
360.0;20;46;13;32;139;36;20;39;15
366.0;20;48;12;34;139;36;20;38;13
372.0;19;50;10;35;140;35;19;40;12
378.0;19;46;11;37;140;34;20;41;12
384.0;20;45;10;36;139;38;18;41;13
390.0;17;44;11;35;139;35;21;45;13
396.0;17;41;10;34;140;38;23;43;14
402.0;19;43;12;33;140;36;23;39;15
408.0;18;46;13;31;141;35;23;37;16
414.0;18;42;12;35;143;35;22;39;14
420.0;17;43;12;33;142;34;25;38;16
426.0;18;42;12;37;143;34;20;37;17
432.0;21;40;11;36;142;40;18;35;17
438.0;21;38;14;38;141;36;17;37;18
444.0;20;38;13;40;142;35;15;39;18
450.0;18;39;14;40;142;35;15;40;17
456.0;18;36;16;39;143;39;11;42;16
462.0;18;37;13;37;145;40;11;44;15
468.0;17;36;12;38;148;41;12;41;15
474.0;15;35;14;37;150;41;14;38;16
480.0;13;35;14;41;150;42;13;36;16
486.0;15;33;16;39;152;39;13;38;15
492.0;18;34;13;41;152;39;12;36;15
498.0;17;37;13;40;149;38;14;37;15
504.0;16;36;16;43;147;38;13;37;14
510.0;17;33;17;42;147;40;14;36;14
516.0;15;34;18;42;149;39;14;35;14
522.0;16;33;17;37;152;40;15;35;15
528.0;16;31;17;39;151;38;17;33;18
534.0;22;34;17;39;149;33;17;32;17
540.0;22;34;15;36;149;36;16;35;17
546.0;21;34;14;36;149;35;18;36;17
552.0;21;31;20;38;148;33;17;37;15
558.0;19;33;18;39;152;32;15;37;15
564.0;18;31;17;40;152;33;14;39;16
570.0;19;32;14;41;151;33;15;39;16
576.0;20;32;13;41;153;32;12;37;20
582.0;17;32;11;41;153;32;13;38;23
588.0;19;31;11;40;153;32;16;35;23
594.0;21;31;10;41;153;29;18;37;20
600.0;21;32;12;43;152;29;14;37;20
606.0;19;33;12;43;153;31;15;35;19
612.0;19;33;12;41;152;32;15;36;20
618.0;21;34;12;39;154;33;13;36;18
624.0;19;32;15;37;152;33;16;33;23
630.0;17;33;14;35;154;31;16;36;24
636.0;16;35;14;36;156;28;15;38;22
642.0;17;33;15;35;157;30;14;37;22
648.0;16;33;14;33;158;30;14;42;20
654.0;15;31;15;36;161;30;12;46;14
660.0;16;30;16;34;160;31;13;47;13
666.0;15;31;15;34;159;29;14;46;17
672.0;14;30;15;34;160;30;14;47;16
678.0;16;29;15;32;160;31;14;46;17
684.0;16;31;18;34;160;31;12;41;17
690.0;13;31;21;35;160;30;13;41;16
696.0;15;31;19;38;159;29;13;39;17
702.0;20;30;22;38;154;27;13;41;15
708.0;20;29;23;35;154;27;14;39;19
714.0;22;29;21;34;155;26;15;37;21
720.0;23;31;20;34;156;27;13;37;19
726.0;18;32;20;33;160;28;15;35;19
732.0;18;32;18;34;161;28;16;34;19
738.0;17;35;18;36;158;29;16;32;19
744.0;16;36;18;34;160;28;18;30;20
750.0;16;34;17;36;160;28;18;31;20
756.0;17;35;14;35;164;28;16;31;20
762.0;16;35;14;33;163;27;18;32;22
768.0;16;35;14;32;164;30;17;30;22
774.0;14;37;15;32;166;31;14;31;20
780.0;15;33;18;31;168;31;11;31;22
786.0;15;34;17;32;169;31;11;31;20
792.0;16;35;19;30;168;31;11;29;21
798.0;16;33;19;28;169;33;10;33;19
804.0;17;31;15;28;171;35;10;33;20
810.0;19;29;15;30;170;35;10;35;17
816.0;19;30;14;33;172;34;6;37;15
822.0;20;31;13;30;171;36;7;36;16
828.0;19;33;15;30;171;35;7;35;15
834.0;18;36;15;31;175;32;7;33;13
840.0;19;32;14;31;177;32;6;37;12
846.0;18;31;16;27;175;32;7;40;14
852.0;16;32;13;28;175;32;7;42;15
858.0;17;31;13;25;172;35;9;43;15
864.0;15;30;12;24;174;35;13;43;14
870.0;15;28;12;25;173;35;14;44;14
876.0;14;27;14;25;174;31;17;42;16
882.0;14;28;15;23;174;31;17;40;18
888.0;10;28;16;23;174;35;16;40;18
894.0;9;26;15;23;179;37;14;41;16
900.0;12;28;14;24;176;36;13;40;17
906.0;13;30;11;22;178;39;13;38;16
912.0;13;28;11;22;180;39;14;37;16
918.0;12;27;11;24;179;37;13;40;17
924.0;11;30;9;26;179;33;15;41;16
930.0;10;30;10;26;180;33;17;39;15
936.0;11;31;12;23;181;33;15;40;14
942.0;10;31;15;22;183;31;16;40;12
948.0;11;31;15;21;177;35;17;41;12
954.0;12;30;13;21;175;33;18;44;14
960.0;11;29;13;21;175;34;19;45;13
966.0;10;29;13;21;174;34;20;45;14
972.0;11;28;13;22;175;34;17;45;15
978.0;13;29;12;20;175;33;16;47;15
984.0;13;30;11;22;172;33;14;49;16
990.0;14;30;9;22;173;36;14;47;15
996.0;14;29;9;21;177;34;15;47;14
1002.0;14;31;8;19;176;33;16;48;15
1008.0;13;32;6;21;177;37;16;45;13
1014.0;13;31;7;23;175;35;15;45;16
1020.0;14;28;8;21;174;37;21;44;13
1026.0;13;28;9;22;175;37;19;45;12
1032.0;16;26;13;24;173;36;18;41;13
1038.0;16;26;14;23;176;34;16;43;12
1044.0;16;28;15;23;178;36;14;40;10
1050.0;15;30;16;24;180;29;15;40;11
1056.0;19;31;15;24;181;27;11;40;12
1062.0;19;30;14;23;181;28;11;40;14
1068.0;20;29;15;23;181;27;12;39;14
1074.0;19;29;17;25;177;26;12;41;14
1080.0;18;29;22;23;178;28;12;36;14
1086.0;15;30;21;27;181;28;16;31;11
1092.0;16;29;23;26;179;28;18;31;10
1098.0;17;26;23;28;177;29;15;33;12
1104.0;15;28;23;29;177;29;14;32;13
1110.0;15;27;24;29;177;31;12;32;13
1116.0;14;27;22;29;176;30;14;35;13
1122.0;15;26;22;29;178;31;12;35;12
1128.0;12;26;23;30;176;31;12;37;13
1134.0;13;26;23;30;177;31;10;37;13
1140.0;13;27;21;30;177;30;12;37;13
1146.0;16;27;22;30;176;31;11;35;12
1152.0;15;27;23;31;175;31;9;35;14
1158.0;14;26;24;31;177;32;7;36;13
1164.0;13;26;24;31;177;32;8;35;14
1170.0;12;25;22;34;178;32;10;35;12
1176.0;12;26;21;34;177;30;13;33;14
1182.0;10;25;22;33;178;31;13;34;14
1188.0;10;25;21;35;177;32;14;31;15
1194.0;10;28;22;35;175;32;14;30;14
1200.0;9;25;21;34;173;34;16;31;17
1206.0;10;24;24;32;174;33;15;31;17
1212.0;8;25;23;34;175;32;17;28;18
1218.0;8;24;24;37;174;34;19;26;14
1224.0;13;24;21;37;173;35;19;25;13
1230.0;13;24;21;39;172;33;20;22;16
1236.0;13;25;20;39;175;34;20;22;12
1242.0;13;27;19;39;176;34;21;21;10
1248.0;14;26;20;41;174;34;21;21;9
1254.0;13;29;18;42;175;33;20;19;11
1260.0;14;26;19;42;175;33;21;17;13
1266.0;12;28;19;43;173;35;19;16;15
1272.0;13;28;16;45;172;35;17;19;15
1278.0;12;30;15;46;173;38;14;20;12
1284.0;13;30;14;44;175;35;14;20;15
1290.0;15;30;13;44;173;32;17;22;14
1296.0;17;28;11;43;174;31;16;24;16
1302.0;16;28;12;46;172;32;16;23;15
1308.0;18;30;12;46;168;31;18;22;15
1314.0;19;26;16;43;169;33;19;22;13
1320.0;21;26;15;43;171;32;19;23;10
1326.0;25;25;15;39;173;33;19;23;8
1332.0;23;24;13;40;175;34;17;26;8
1338.0;25;24;15;38;174;35;15;26;8
1344.0;24;25;14;39;175;35;13;27;8
1350.0;23;26;13;35;176;35;16;27;9
1356.0;21;27;13;35;179;34;14;26;11
1362.0;21;24;16;36;178;36;11;25;13
1368.0;20;26;14;35;178;38;11;25;13
1374.0;21;24;13;35;180;39;9;25;14
1380.0;17;27;15;34;181;34;11;25;16
1386.0;14;26;17;34;178;37;12;25;17
1392.0;14;26;17;33;178;35;14;25;18
1398.0;11;28;20;34;175;34;14;27;17
1404.0;9;29;20;33;180;34;13;26;16
1410.0;11;29;18;35;181;33;15;24;14
1416.0;14;30;18;34;179;32;16;23;14
1422.0;14;28;22;34;178;32;15;25;12
1428.0;14;28;19;36;176;33;17;25;12
1434.0;15;34;17;31;177;34;18;25;9
1440.0;18;34;15;30;176;33;19;24;11
1446.0;19;33;14;31;175;32;19;24;13
1452.0;21;34;11;33;175;31;19;24;12
1458.0;25;34;13;32;172;31;18;24;11
1464.0;25;33;10;30;171;33;20;25;13
1470.0;24;33;9;31;174;34;18;25;12
1476.0;21;35;8;31;172;35;17;28;13
1482.0;21;37;7;31;170;33;19;29;13
1488.0;22;39;7;31;170;32;15;28;16
1494.0;21;38;6;31;167;37;15;31;14
1500.0;21;38;8;31;167;36;13;32;14
1506.0;21;41;10;31;164;35;14;32;12
1512.0;17;38;12;34;163;37;15;29;15
1518.0;17;38;14;36;161;37;14;26;17
1524.0;16;36;17;35;161;39;12;27;17
1530.0;15;37;20;36;153;42;10;26;21
1536.0;16;37;21;37;153;41;10;26;19
1542.0;13;37;23;36;152;42;13;27;17
1548.0;13;37;23;36;155;37;14;29;16
1554.0;12;38;19;37;157;36;15;32;14
1560.0;11;39;20;36;157;38;14;32;13
1566.0;10;41;18;34;157;37;18;32;13
1572.0;9;42;15;35;157;39;17;32;14
1578.0;9;41;15;31;159;40;19;32;14
1584.0;9;40;16;33;158;42;17;32;13
1590.0;8;40;16;32;158;45;15;34;12
1596.0;9;41;13;34;156;45;16;33;13
1602.0;11;41;12;32;157;45;16;33;13
1608.0;12;42;12;35;154;46;15;31;13
1614.0;14;41;14;35;152;44;18;30;12
1620.0;16;42;15;32;149;43;19;31;13
1626.0;18;39;19;33;148;41;20;29;13
1632.0;18;38;18;35;147;43;21;28;12
1638.0;18;39;20;35;144;40;19;31;14
1644.0;15;37;19;33;148;39;21;32;16
1650.0;16;38;20;31;150;38;16;34;17
1656.0;16;38;21;31;152;37;15;35;15
1662.0;16;38;21;31;149;33;15;38;19
1668.0;19;35;18;30;149;33;16;39;21
1674.0;17;31;19;31;151;31;17;43;20
1680.0;16;33;20;31;148;35;12;43;22
1686.0;15;31;20;33;148;38;13;42;20
1692.0;14;30;22;35;147;35;14;42;21
1698.0;15;30;18;35;149;38;14;39;22
1704.0;15;32;18;34;152;36;14;39;20
1710.0;17;32;18;34;151;34;17;36;21
1716.0;18;32;17;36;150;33;18;36;20
1722.0;19;32;14;38;149;31;21;35;21
1728.0;21;33;15;38;152;31;18;33;19
1734.0;19;30;14;36;153;32;25;34;17
1740.0;18;33;15;34;151;33;23;36;17
1746.0;17;33;17;33;150;33;22;35;20
1752.0;17;34;18;32;150;34;19;35;21
1758.0;17;35;17;32;151;37;18;34;19
1764.0;18;34;19;31;153;36;17;31;21
1770.0;18;36;16;31;155;37;18;29;20
1776.0;20;36;19;27;156;38;17;28;19
1782.0;22;36;19;28;154;39;14;31;17
1788.0;19;37;24;24;154;38;15;31;18
1794.0;18;35;24;24;155;40;12;33;19
