#auto generated file!
12.0;43;55;44;56;69;44;47;39;43
18.0;40;58;43;53;72;50;42;40;42
24.0;41;62;39;55;76;49;39;39;40
30.0;40;60;37;54;77;52;39;41;40
36.0;41;59;39;59;80;49;38;37;38
42.0;44;57;40;57;85;47;34;38;38
48.0;46;60;40;56;87;47;35;35;34
54.0;43;57;36;56;91;49;33;37;38
60.0;37;61;34;55;90;50;31;42;40
66.0;33;59;37;52;93;50;31;44;41
72.0;36;56;39;48;95;51;30;45;40
78.0;39;54;39;49;96;53;26;46;38
84.0;40;52;39;47;99;51;25;49;38
90.0;40;56;36;45;103;51;27;49;33
96.0;40;53;37;47;103;50;31;48;31
102.0;44;46;36;52;104;48;25;52;33
108.0;39;48;35;49;107;48;26;54;34
114.0;38;55;34;48;111;46;23;54;31
120.0;34;54;34;50;114;42;24;55;33
126.0;35;54;32;53;115;42;18;57;34
132.0;33;55;29;53;116;45;20;56;33
138.0;30;57;33;50;117;47;17;53;36
144.0;28;58;31;54;115;47;15;54;38
150.0;24;57;31;55;117;49;18;53;36
156.0;21;56;30;56;120;49;19;55;34
162.0;21;60;29;60;123;46;19;52;30
168.0;24;53;28;59;126;47;22;51;30
174.0;23;50;31;58;129;49;19;52;29
180.0;22;50;31;60;128;47;20;53;29
186.0;23;51;34;59;127;45;20;52;29
192.0;21;50;31;60;128;49;22;53;26
198.0;23;55;24;59;130;51;20;53;25
204.0;22;53;22;57;134;56;19;52;25
210.0;22;53;22;58;133;56;16;51;29
216.0;24;50;25;61;133;54;16;48;29
222.0;26;48;26;59;134;53;16;51;27
228.0;23;49;26;57;136;51;19;52;27
234.0;24;48;22;57;135;51;21;52;30
240.0;30;52;25;54;134;46;22;49;28
246.0;29;53;23;59;138;44;21;47;26
252.0;29;52;24;59;138;45;18;49;26
258.0;30;49;22;58;140;45;21;49;26
264.0;30;46;26;54;145;41;18;50;30
270.0;29;45;25;58;147;38;17;53;28
276.0;26;44;26;57;152;39;17;53;26
282.0;26;47;24;55;153;40;18;52;25
288.0;24;50;23;62;151;43;18;46;23
294.0;23;51;24;60;151;41;20;47;23
300.0;23;51;25;57;152;40;24;49;19
306.0;21;52;28;58;151;41;21;48;20
312.0;21;51;27;55;152;42;22;47;23
318.0;21;51;28;52;152;43;21;44;28
324.0;22;49;26;50;156;41;23;44;29
330.0;23;52;23;50;154;40;26;42;30
336.0;25;54;22;52;155;41;22;43;26
342.0;25;51;22;54;159;44;21;41;23
348.0;25;50;24;54;157;46;19;43;22
354.0;27;49;23;53;159;43;22;43;21
360.0;28;47;25;55;158;42;23;43;19
366.0;24;43;23;54;161;44;24;44;23
372.0;23;42;23;54;161;45;22;47;23
378.0;22;41;23;51;164;44;25;46;24
384.0;22;40;26;43;164;44;27;49;25
390.0;19;44;29;45;162;45;25;46;25
396.0;19;46;28;46;159;48;22;47;25
402.0;19;43;29;47;160;49;23;43;27
408.0;19;44;29;46;162;46;23;44;27
414.0;21;45;28;43;161;49;25;42;26
420.0;20;45;28;43;162;50;26;41;25
426.0;23;46;29;46;160;52;22;40;22
432.0;24;48;30;44;161;51;20;39;23
438.0;23;53;25;46;161;55;19;36;22
444.0;25;53;22;50;158;51;24;34;23
450.0;27;57;22;48;158;49;24;33;22
456.0;30;58;24;47;158;43;22;35;23
462.0;29;56;25;44;158;45;21;36;26
468.0;28;54;26;43;157;43;24;39;26
474.0;28;52;26;46;158;37;26;41;26
480.0;29;50;26;50;157;38;24;40;26
486.0;27;47;27;49;160;38;25;40;27
492.0;28;48;23;50;162;37;26;40;26
498.0;29;48;21;48;162;37;28;40;27
504.0;30;44;19;48;163;40;25;45;26
510.0;28;46;17;49;161;43;25;46;25
516.0;28;45;18;48;160;44;25;46;26
522.0;27;46;18;49;162;45;24;45;24
528.0;25;47;17;49;162;45;25;45;25
534.0;23;50;19;48;162;44;22;47;25
540.0;23;50;18;47;167;45;20;45;25
546.0;23;45;18;50;170;46;18;45;25
552.0;25;46;17;49;172;44;18;44;25
558.0;25;47;18;46;170;45;19;44;26
564.0;23;47;18;46;173;47;19;43;24
570.0;19;50;19;48;173;46;16;43;26
576.0;19;49;22;46;178;42;16;42;26
582.0;21;48;21;45;179;43;12;42;29
588.0;20;47;19;48;180;43;10;42;31
594.0;18;51;21;45;180;43;10;43;29
600.0;18;53;22;42;179;47;10;42;27
606.0;19;52;23;42;177;46;11;42;28
612.0;19;53;23;45;177;43;11;42;27
618.0;22;53;19;45;175;42;13;44;27
624.0;21;52;20;46;174;44;14;43;26
630.0;17;49;23;47;175;46;14;44;25
636.0;20;52;24;47;176;46;13;38;24
642.0;24;49;22;48;176;48;13;38;22
648.0;24;51;22;44;175;53;15;36;20
654.0;20;50;26;42;175;52;13;40;22
660.0;23;50;22;43;175;50;15;39;23
666.0;24;51;25;40;175;52;13;37;23
672.0;22;51;22;39;175;53;14;40;24
678.0;22;53;22;39;175;48;13;44;24
684.0;24;47;26;37;177;49;14;44;22
690.0;23;48;26;37;176;46;15;45;24
696.0;20;45;25;42;176;43;18;49;22
702.0;23;42;24;45;172;46;18;49;21
708.0;23;38;25;46;173;49;18;47;21
714.0;23;33;26;48;176;50;18;45;21
720.0;22;34;25;48;178;48;18;45;22
726.0;17;35;27;48;175;47;19;46;26
732.0;19;34;27;45;175;52;19;42;27
738.0;19;35;25;45;179;50;21;40;26
744.0;16;36;26;45;181;50;21;41;24
750.0;19;35;26;47;180;51;18;42;22
756.0;22;36;25;47;182;48;20;40;20
762.0;22;38;23;51;181;46;19;41;19
768.0;23;35;21;52;181;50;19;42;17
774.0;25;35;24;51;180;49;15;42;19
780.0;22;35;23;55;180;52;15;39;19
786.0;22;34;25;55;182;52;13;37;20
792.0;24;32;24;54;183;48;15;37;23
798.0;21;35;25;54;184;47;15;36;23
804.0;21;33;25;51;185;47;15;39;24
810.0;21;33;25;51;183;46;18;39;24
816.0;23;34;22;49;185;47;16;38;26
822.0;24;34;17;48;185;48;19;38;27
828.0;24;33;18;49;186;50;17;39;24
834.0;21;31;14;51;190;53;18;39;23
840.0;18;29;15;53;190;54;17;40;24
846.0;18;30;15;52;186;57;20;38;24
852.0;20;30;15;50;189;59;20;36;21
858.0;21;27;17;52;192;54;20;35;22
864.0;19;28;22;52;192;53;17;36;21
870.0;21;26;22;53;192;51;19;35;21
876.0;22;24;22;50;192;52;21;36;21
882.0;22;23;26;49;194;53;17;36;20
888.0;21;26;25;47;189;52;20;41;19
894.0;21;29;23;45;190;54;19;41;18
900.0;22;27;27;43;193;53;20;37;18
906.0;17;26;27;45;191;52;20;41;21
912.0;18;26;24;45;193;52;17;42;23
918.0;20;27;23;44;193;51;17;44;21
924.0;21;25;24;44;192;50;18;45;21
930.0;21;27;23;43;192;50;21;41;22
936.0;18;27;31;40;186;54;19;40;25
942.0;16;27;31;40;190;52;19;39;26
948.0;19;28;28;43;192;50;17;37;26
954.0;21;30;27;43;192;49;17;33;28
960.0;20;31;25;44;192;48;17;37;26
966.0;23;31;23;44;194;45;15;39;26
972.0;27;30;23;45;195;41;16;40;23
978.0;26;33;23;45;194;38;17;39;25
984.0;26;33;21;44;196;40;19;40;21
990.0;21;38;20;46;194;40;17;41;23
996.0;24;37;19;46;195;41;16;40;22
1002.0;21;37;19;45;196;39;18;42;23
1008.0;19;37;17;48;199;40;18;39;23
1014.0;18;36;18;50;200;41;16;37;24
1020.0;17;35;20;47;200;41;19;35;26
1026.0;18;30;22;48;203;42;18;35;24
1032.0;19;29;18;49;203;43;17;34;28
1038.0;15;31;21;53;203;47;14;31;25
1044.0;13;27;19;51;209;48;15;33;25
1050.0;15;25;20;53;206;50;16;33;22
1056.0;17;26;20;55;204;50;14;31;23
1062.0;16;26;19;53;205;52;14;33;22
1068.0;17;25;21;52;203;52;15;33;22
1074.0;18;27;21;47;199;52;17;34;25
1080.0;19;27;23;53;197;48;16;34;23
1086.0;21;27;23;53;198;46;15;36;21
1092.0;23;25;24;54;195;47;18;32;22
1098.0;25;26;21;55;194;45;21;31;22
1104.0;23;26;21;55;194;48;20;32;21
1110.0;22;28;20;56;197;47;20;29;21
1116.0;23;31;21;55;198;45;18;29;20
1122.0;21;33;19;58;200;44;17;30;18
1128.0;22;34;20;56;199;44;16;29;20
1134.0;23;36;19;53;198;42;15;31;23
1140.0;21;36;18;55;199;42;15;31;23
1146.0;20;36;18;55;198;44;15;32;22
1152.0;21;35;21;52;201;43;12;32;23
1158.0;22;35;20;47;203;44;12;32;25
1164.0;22;35;17;49;203;43;15;31;25
1170.0;21;36;16;47;205;45;17;31;22
1176.0;22;38;17;47;205;43;19;31;18
1182.0;23;37;17;47;205;43;16;32;20
1188.0;22;39;14;47;206;45;16;31;20
1194.0;21;40;13;46;203;47;16;33;21
1200.0;19;41;13;47;203;45;18;34;20
1206.0;17;39;16;48;204;46;17;32;21
1212.0;16;40;17;45;203;50;17;32;20
1218.0;16;38;20;47;203;49;17;31;19
1224.0;13;41;17;47;208;48;16;31;19
1230.0;14;44;16;46;207;48;18;30;17
1236.0;13;41;13;52;205;46;19;31;20
1242.0;16;39;12;49;205;45;20;33;21
1248.0;19;38;13;48;206;41;20;33;22
1254.0;17;39;15;48;207;39;22;32;21
1260.0;18;37;17;49;207;39;22;32;19
1266.0;19;41;15;48;208;37;21;30;21
1272.0;17;41;16;50;209;34;21;33;19
1278.0;18;44;20;48;208;30;20;33;19
1284.0;21;42;20;45;208;31;18;35;20
1290.0;21;41;17;49;209;31;18;33;21
1296.0;22;40;18;49;209;29;18;33;22
1302.0;23;37;17;50;208;29;20;33;23
1308.0;23;36;17;52;207;28;18;35;24
1314.0;20;33;22;53;205;29;19;32;27
1320.0;19;33;21;51;206;31;19;36;24
1326.0;17;32;22;50;207;32;20;38;22
1332.0;18;32;21;50;211;37;14;35;22
1338.0;16;32;27;46;209;37;12;38;23
1344.0;15;35;25;45;210;37;14;38;21
1350.0;15;35;30;42;209;37;15;40;17
1356.0;19;32;32;43;210;36;13;40;15
1362.0;19;34;29;42;207;39;13;42;15
1368.0;18;34;30;39;207;40;15;44;13
1374.0;15;32;29;38;210;39;15;43;19
1380.0;16;29;29;38;212;42;14;44;16
1386.0;16;31;27;39;212;40;16;45;14
1392.0;17;32;26;40;212;37;15;46;15
1398.0;16;32;28;37;211;37;16;48;15
1404.0;14;33;26;40;213;36;16;48;14
1410.0;14;35;26;44;211;35;15;48;12
1416.0;14;36;25;41;209;37;16;50;12
1422.0;14;39;25;42;208;37;15;50;10
1428.0;14;38;23;42;211;39;15;49;9
1434.0;14;37;20;43;214;38;16;47;11
1440.0;17;37;20;45;213;36;16;45;11
1446.0;19;36;19;46;213;35;14;44;14
1452.0;20;38;20;44;212;35;11;46;14
1458.0;19;39;21;46;209;36;10;45;15
1464.0;22;39;20;45;210;33;13;45;13
1470.0;21;39;20;44;209;36;14;46;11
1476.0;23;38;21;43;208;34;10;52;11
1482.0;23;38;20;38;206;34;11;56;14
1488.0;26;37;21;36;205;34;12;56;13
1494.0;28;34;22;37;205;35;13;55;11
1500.0;25;32;22;36;205;38;15;55;12
1506.0;24;32;23;35;205;37;16;54;14
1512.0;26;33;22;37;205;36;15;53;13
1518.0;18;32;29;37;208;37;15;51;13
1524.0;18;33;27;39;208;36;18;47;14
1530.0;18;32;27;37;208;35;20;46;17
1536.0;20;30;27;38;207;34;17;49;18
1542.0;18;32;28;34;206;33;20;51;18
1548.0;15;32;30;34;209;31;19;50;20
1554.0;16;31;31;37;211;32;17;48;17
1560.0;14;33;31;37;209;30;18;49;19
1566.0;18;32;27;37;210;33;14;50;19
1572.0;17;32;28;38;208;36;15;48;18
1578.0;17;30;30;38;208;37;13;50;17
1584.0;17;32;30;36;207;37;11;51;19
1590.0;16;33;27;35;208;35;13;50;23
1596.0;18;37;21;36;208;32;14;50;24
1602.0;17;37;22;37;206;35;14;48;24
1608.0;20;38;24;36;204;34;12;44;28
1614.0;25;40;26;37;202;30;11;44;25
1620.0;25;40;26;37;202;33;13;41;23
1626.0;23;41;26;38;200;32;14;42;24
1632.0;26;40;26;38;201;33;12;40;24
1638.0;25;40;24;40;200;35;14;41;21
1644.0;26;39;24;42;200;34;15;41;19
1650.0;26;36;25;46;199;34;15;40;19
1656.0;25;37;24;47;198;33;17;38;21
1662.0;27;36;24;48;196;32;16;38;23
1668.0;25;35;26;49;196;32;15;39;23
1674.0;25;36;27;46;198;29;17;38;24
1680.0;23;40;23;46;197;28;17;42;24
1686.0;26;41;22;44;197;28;17;42;23
1692.0;26;42;21;45;196;28;19;42;21
1698.0;30;41;20;46;197;28;17;39;22
1704.0;30;44;22;44;195;31;13;39;22
1710.0;30;44;23;42;192;31;16;41;21
1716.0;28;47;23;40;192;31;14;43;22
1722.0;28;46;25;35;194;31;17;43;21
1728.0;28;46;27;34;193;32;19;42;19
1734.0;26;45;26;33;194;31;20;45;20
1740.0;25;45;25;34;195;32;20;45;19
1746.0;25;47;25;36;194;31;20;45;17
1752.0;23;50;25;33;192;34;18;50;15
1758.0;23;51;23;35;190;34;19;49;16
1764.0;20;53;22;36;191;34;21;49;14
1770.0;16;51;17;40;194;34;24;49;15
1776.0;17;52;15;41;192;32;25;47;19
1782.0;17;51;14;43;195;33;26;45;16
1788.0;20;50;15;46;195;32;22;45;15
1794.0;19;47;15;47;194;30;25;46;17
