#auto generated file!
12.0;13;9;7;13;9;10;13;17;9
18.0;12;9;6;14;8;11;12;21;7
24.0;11;8;7;15;10;11;11;18;9
30.0;10;8;5;16;10;11;9;20;11
36.0;11;8;4;16;10;11;8;20;12
42.0;12;8;4;16;12;10;7;18;13
48.0;12;7;5;16;13;10;6;17;14
54.0;9;9;5;16;14;10;6;18;13
60.0;9;9;5;17;14;11;4;18;13
66.0;9;9;4;18;13;11;3;17;16
72.0;8;10;5;16;13;13;3;16;16
78.0;8;8;4;17;15;13;3;16;16
84.0;8;9;4;17;16;11;4;16;15
90.0;10;8;6;16;17;10;2;15;16
96.0;11;8;5;15;18;12;2;15;14
102.0;12;8;7;15;18;11;4;14;11
108.0;12;8;6;14;18;11;4;14;13
114.0;13;8;6;14;18;11;5;14;11
120.0;12;9;7;12;20;12;4;14;10
126.0;12;8;8;12;21;11;4;14;10
132.0;13;8;6;11;21;11;4;16;10
138.0;14;8;6;11;21;12;4;16;8
144.0;13;6;7;11;21;12;3;17;10
150.0;11;6;6;11;21;13;3;18;11
156.0;9;6;6;12;21;14;2;20;10
162.0;9;8;7;11;22;15;1;16;11
168.0;10;8;8;10;23;16;2;15;8
174.0;8;8;8;10;23;17;3;15;8
180.0;9;8;6;9;23;18;3;15;9
186.0;10;10;6;8;24;17;2;14;9
192.0;11;10;6;7;26;16;3;14;7
198.0;8;13;6;6;26;16;2;14;9
204.0;8;11;5;4;26;17;4;16;9
210.0;8;11;5;5;26;17;3;16;9
216.0;8;10;5;6;26;17;3;17;8
222.0;6;13;6;6;26;17;3;16;7
228.0;4;15;6;5;26;17;3;15;9
234.0;4;15;6;5;27;17;3;15;8
240.0;3;14;6;5;28;19;3;15;7
246.0;4;13;6;5;29;19;3;15;6
252.0;6;12;7;7;29;15;4;15;5
258.0;5;11;8;7;30;16;4;15;4
264.0;5;12;8;7;30;17;3;14;4
270.0;4;13;6;7;32;19;2;13;4
276.0;6;12;5;7;33;19;3;11;4
282.0;5;11;5;9;35;18;4;10;3
288.0;7;9;5;8;35;18;3;10;5
294.0;7;10;5;8;36;18;2;9;5
300.0;5;10;5;10;36;18;2;9;5
306.0;5;10;5;11;36;18;2;8;5
312.0;6;10;4;11;36;17;2;8;6
318.0;6;8;4;12;37;17;4;7;5
324.0;5;10;4;11;37;17;4;7;5
330.0;5;11;4;10;36;17;5;7;5
336.0;6;11;3;11;37;15;5;7;5
342.0;5;12;4;12;37;14;4;7;5
348.0;3;12;5;11;37;15;5;7;5
354.0;3;12;3;11;37;15;5;8;6
360.0;3;12;3;12;37;15;5;7;6
366.0;4;10;3;11;37;15;7;8;5
372.0;5;8;3;11;37;14;8;9;5
378.0;5;8;3;11;38;13;10;8;4
384.0;4;9;5;13;37;13;8;8;3
390.0;4;10;5;13;36;14;8;7;3
396.0;4;11;6;13;36;13;7;7;3
402.0;5;11;6;14;35;13;8;5;3
408.0;6;10;7;15;35;13;7;5;2
414.0;6;11;7;15;35;13;6;5;2
420.0;7;11;5;17;35;13;6;5;1
426.0;8;10;4;17;35;13;6;6;1
432.0;8;9;6;17;33;14;6;6;1
438.0;7;9;7;17;33;13;6;6;2
444.0;8;10;4;15;34;12;4;8;5
450.0;7;9;5;15;36;12;4;7;5
456.0;7;9;6;15;36;12;3;7;5
462.0;6;9;6;15;36;12;2;7;7
468.0;6;9;6;16;37;12;2;7;5
474.0;6;9;6;14;38;13;3;6;5
480.0;6;8;5;17;38;12;3;6;5
486.0;6;8;4;20;38;10;4;6;4
492.0;9;7;3;21;36;9;5;6;4
498.0;11;6;3;20;37;9;5;5;4
504.0;10;6;4;18;37;10;5;5;5
510.0;10;5;4;18;37;11;3;6;6
516.0;9;6;4;19;38;11;2;5;6
522.0;8;8;4;20;38;10;1;5;6
528.0;7;9;5;20;38;11;1;5;4
534.0;5;10;7;17;38;11;2;5;5
540.0;6;9;8;15;39;11;2;5;5
546.0;6;9;7;15;40;10;3;5;5
552.0;7;9;7;16;40;10;3;5;3
558.0;8;9;7;15;39;11;3;5;3
564.0;8;9;7;14;39;11;5;4;3
570.0;5;10;7;14;39;12;4;4;5
576.0;5;10;7;14;40;11;4;4;5
582.0;4;11;7;15;38;11;5;4;5
588.0;4;12;4;14;39;10;6;6;5
594.0;5;11;7;11;39;10;6;6;5
600.0;4;11;7;11;40;11;6;6;4
606.0;6;11;6;12;39;11;6;5;4
612.0;6;11;6;12;39;11;6;5;4
618.0;7;11;4;10;39;13;6;6;4
624.0;6;11;5;9;40;13;6;5;5
630.0;4;13;5;10;39;13;5;5;6
636.0;3;14;5;9;39;14;4;5;7
642.0;3;13;5;9;39;14;4;6;7
648.0;4;12;4;9;37;12;5;9;8
654.0;2;12;5;10;36;13;4;9;9
660.0;3;12;5;8;36;15;3;8;10
666.0;4;10;7;6;36;15;6;8;8
672.0;5;7;8;7;36;16;5;8;8
678.0;4;7;8;7;36;17;5;8;8
684.0;5;7;8;7;35;18;6;8;6
690.0;4;8;7;6;35;19;5;9;7
696.0;5;7;7;5;36;19;6;9;6
702.0;7;8;6;5;35;21;3;9;6
708.0;6;8;7;5;34;21;3;10;6
714.0;6;8;7;7;33;21;3;9;6
720.0;5;8;8;7;33;20;3;9;7
726.0;5;7;10;7;33;19;3;9;7
732.0;6;8;7;7;33;19;2;10;8
738.0;5;7;7;7;34;18;2;12;8
744.0;4;7;8;7;34;18;3;11;8
750.0;3;7;8;7;34;18;4;11;8
756.0;3;8;7;7;34;19;4;11;7
762.0;3;7;11;7;34;17;2;12;7
768.0;3;8;10;6;35;17;1;12;8
774.0;3;9;11;6;36;13;1;11;10
780.0;3;9;9;5;35;16;2;11;10
786.0;4;9;8;5;35;15;2;12;10
792.0;5;9;8;6;35;16;0;11;10
798.0;5;9;6;6;36;17;0;11;10
804.0;6;9;5;7;35;17;1;11;9
810.0;7;9;5;7;36;17;0;9;10
816.0;7;8;5;7;37;18;0;11;7
822.0;6;8;4;7;36;20;0;14;5
828.0;6;8;4;7;36;21;0;14;4
834.0;6;8;3;7;36;23;0;14;3
840.0;6;8;3;8;36;22;0;14;3
846.0;5;11;4;8;36;20;0;13;3
852.0;4;11;5;8;36;21;0;12;3
858.0;6;10;6;9;36;18;1;11;3
864.0;5;11;8;9;36;17;2;10;2
870.0;5;11;7;11;36;16;2;10;2
876.0;6;11;6;11;36;16;3;8;3
882.0;6;11;4;12;36;16;4;8;3
888.0;5;14;4;13;36;15;3;7;3
894.0;6;10;6;12;36;15;4;7;4
900.0;6;11;5;12;36;15;4;7;4
906.0;6;11;6;13;35;15;4;6;4
912.0;7;11;6;12;35;13;3;7;6
918.0;7;11;5;14;35;13;2;7;6
924.0;7;9;6;13;35;13;2;8;7
930.0;7;7;7;13;36;12;2;8;8
936.0;7;8;6;13;35;12;3;10;6
942.0;6;11;7;14;33;11;3;10;5
948.0;6;11;7;14;33;11;3;10;5
954.0;5;10;8;14;34;11;3;10;5
960.0;5;10;8;14;32;12;3;11;5
966.0;4;11;7;15;34;12;3;9;5
972.0;3;11;7;16;35;10;3;9;6
978.0;3;11;8;16;37;7;4;9;5
984.0;3;12;7;16;37;7;4;9;5
990.0;2;13;6;15;38;6;4;11;5
996.0;2;13;5;16;38;6;4;12;4
1002.0;4;13;3;16;39;6;3;11;5
1008.0;3;11;3;17;39;6;2;12;7
1014.0;3;12;3;17;39;8;1;11;6
1020.0;2;13;3;17;39;7;2;11;6
1026.0;2;13;3;17;39;7;2;11;6
1032.0;2;14;3;17;39;7;3;10;5
1038.0;1;13;4;18;38;7;3;11;5
1044.0;2;12;5;16;38;7;3;12;5
1050.0;3;12;5;16;36;8;3;12;5
1056.0;2;12;5;17;37;10;3;10;4
1062.0;2;9;6;18;36;11;4;10;4
1068.0;2;9;5;18;35;12;5;9;5
1074.0;2;10;5;18;35;13;4;8;5
1080.0;1;10;8;17;36;14;4;5;5
1086.0;4;11;7;16;34;12;5;6;5
1092.0;5;11;8;15;34;12;5;5;5
1098.0;4;12;8;15;34;12;5;5;5
1104.0;5;12;8;15;34;11;6;5;4
1110.0;6;11;8;16;33;11;6;5;4
1116.0;6;11;8;15;34;11;6;5;4
1122.0;4;13;7;14;35;12;7;4;4
1128.0;3;14;7;13;34;13;7;4;5
1134.0;3;15;8;12;34;12;6;4;6
1140.0;2;14;8;12;35;12;6;5;6
1146.0;3;14;9;13;35;12;5;5;4
1152.0;3;14;9;12;36;11;5;6;4
1158.0;2;15;10;11;37;11;5;7;2
1164.0;2;16;8;10;40;11;5;6;2
1170.0;4;15;7;11;39;12;4;6;2
1176.0;5;14;7;9;39;13;4;6;3
1182.0;4;15;7;9;39;12;5;6;3
1188.0;5;13;7;11;39;11;4;7;3
1194.0;5;12;7;11;41;10;4;7;3
1200.0;5;12;8;12;41;10;3;6;3
1206.0;5;10;9;9;40;10;7;7;3
1212.0;5;10;9;11;39;9;7;7;3
1218.0;6;10;9;11;37;11;6;7;3
1224.0;6;11;9;12;37;10;5;8;2
1230.0;7;13;8;11;36;10;5;8;2
1236.0;7;15;8;11;36;10;5;7;1
1242.0;7;13;9;11;37;9;6;7;1
1248.0;7;12;9;11;38;9;6;7;1
1254.0;7;12;9;11;40;8;4;8;1
1260.0;9;11;8;11;39;9;4;8;1
1266.0;9;12;8;9;40;10;3;8;1
1272.0;8;11;8;9;40;11;4;8;1
1278.0;8;11;8;10;40;11;4;7;1
1284.0;8;10;8;11;40;11;4;7;1
1290.0;7;11;8;10;40;10;5;8;1
1296.0;6;12;7;10;40;10;6;7;2
1302.0;6;11;8;10;41;9;6;7;2
1308.0;5;11;7;10;41;11;6;7;2
1314.0;6;12;8;9;42;10;5;6;2
1320.0;6;9;6;9;41;13;5;6;5
1326.0;6;9;6;9;41;13;3;6;7
1332.0;5;9;5;9;40;14;4;7;7
1338.0;5;11;3;9;39;14;4;7;8
1344.0;5;11;3;9;41;13;4;6;8
1350.0;5;13;3;9;41;14;3;6;6
1356.0;6;13;4;9;40;15;2;6;5
1362.0;5;13;4;10;40;16;2;6;4
1368.0;5;13;5;10;39;16;2;6;4
1374.0;6;12;6;10;39;16;3;5;3
1380.0;7;12;5;9;38;17;4;5;3
1386.0;6;12;5;12;38;16;4;5;2
1392.0;7;13;6;12;37;15;3;5;2
1398.0;6;13;7;12;37;15;3;5;2
1404.0;6;14;7;11;37;16;3;4;2
1410.0;7;14;6;11;37;14;4;5;2
1416.0;6;14;9;10;36;14;4;5;2
1422.0;4;15;10;10;36;13;5;5;2
1428.0;4;14;9;10;36;13;5;6;3
1434.0;3;12;10;12;36;13;6;6;2
1440.0;4;13;10;13;35;12;6;5;2
1446.0;5;15;8;13;36;10;3;7;3
1452.0;5;15;7;11;35;10;6;7;4
1458.0;4;15;6;12;36;10;5;8;4
1464.0;5;14;6;11;36;11;6;6;5
1470.0;6;14;3;10;37;11;8;6;5
1476.0;5;13;3;11;38;11;7;7;5
1482.0;7;13;4;9;39;11;7;7;3
1488.0;7;12;3;10;41;8;9;8;2
1494.0;7;11;3;10;43;9;8;7;2
1500.0;6;11;5;9;43;9;8;7;2
1506.0;5;11;6;9;42;11;7;7;2
1512.0;4;11;8;9;44;10;6;5;3
1518.0;4;12;9;9;43;10;5;5;3
1524.0;5;12;8;10;45;8;2;7;3
1530.0;4;12;7;10;44;9;3;8;3
1536.0;4;12;5;12;44;8;3;9;3
1542.0;4;12;5;12;43;8;3;11;2
1548.0;4;10;5;14;43;8;2;10;4
1554.0;5;11;5;12;42;7;2;12;4
1560.0;5;9;5;13;41;8;2;12;5
1566.0;6;9;5;13;41;7;2;12;5
1572.0;7;8;6;14;41;7;2;11;4
1578.0;7;7;5;13;41;8;3;12;4
1584.0;9;7;4;12;40;8;4;12;4
1590.0;6;6;5;14;41;8;5;10;5
1596.0;4;7;5;14;42;9;5;9;5
1602.0;5;7;5;14;43;8;4;9;5
1608.0;6;7;4;13;43;8;4;9;6
1614.0;5;8;5;11;44;9;4;8;6
1620.0;6;8;3;11;44;9;4;9;6
1626.0;6;8;4;11;43;10;4;8;6
1632.0;6;7;3;11;43;10;6;8;6
1638.0;8;7;4;11;42;7;5;12;4
1644.0;7;7;4;12;42;6;5;11;6
1650.0;7;8;4;9;44;7;5;11;5
1656.0;7;8;3;9;44;7;5;12;5
1662.0;6;8;4;9;43;7;5;14;4
1668.0;7;9;5;8;44;7;5;12;3
1674.0;8;8;5;9;44;7;5;11;3
1680.0;7;10;6;9;44;7;3;11;3
1686.0;6;10;9;10;42;6;3;11;3
1692.0;5;10;9;10;43;6;3;11;3
1698.0;6;8;8;11;45;6;4;8;4
1704.0;7;7;8;11;45;6;4;8;4
1710.0;8;7;8;11;43;6;5;8;4
1716.0;8;6;8;11;44;6;5;9;3
1722.0;8;6;8;11;42;7;7;9;2
1728.0;8;5;7;11;44;7;7;9;2
1734.0;5;6;6;10;44;7;8;12;2
1740.0;5;6;5;11;44;7;8;12;2
1746.0;6;5;6;12;44;7;7;11;2
1752.0;6;5;5;9;44;8;9;11;3
1758.0;7;6;4;8;43;10;8;11;3
1764.0;6;7;3;7;43;11;8;12;3
1770.0;5;8;4;7;43;10;7;12;4
1776.0;5;7;3;7;42;10;7;13;6
1782.0;4;7;3;8;44;10;7;12;5
1788.0;5;6;3;9;43;10;8;11;5
1794.0;6;8;4;9;42;9;8;10;4
