#auto generated file!
12.0;60;53;49;55;62;55;54;45;57
18.0;55;51;48;58;62;58;56;45;57
24.0;52;48;46;59;68;61;56;44;56
30.0;56;51;49;59;70;61;53;42;49
36.0;57;53;45;58;74;60;49;47;47
42.0;53;54;43;60;78;66;45;50;41
48.0;48;54;45;62;79;64;45;52;41
54.0;47;53;46;61;79;61;45;54;44
60.0;45;56;45;64;83;60;42;53;42
66.0;46;52;45;66;87;56;42;54;42
72.0;48;53;41;69;92;55;40;54;38
78.0;46;55;39;71;94;54;38;55;38
84.0;44;54;37;73;100;56;35;54;37
90.0;41;55;37;74;104;58;32;57;32
96.0;43;57;34;69;104;58;31;63;31
102.0;42;59;32;65;106;60;29;65;32
108.0;43;56;30;65;107;59;33;63;34
114.0;39;59;30;63;109;60;36;61;33
120.0;38;58;33;63;109;61;33;61;34
126.0;37;58;34;60;108;64;32;60;37
132.0;35;59;33;60;113;60;32;60;38
138.0;32;58;32;59;117;61;34;64;33
144.0;29;59;35;61;119;59;32;63;33
150.0;30;62;35;61;121;59;32;62;28
156.0;28;61;38;60;126;60;32;58;27
162.0;26;59;39;58;129;61;33;60;25
168.0;24;62;39;57;130;60;29;60;29
174.0;23;58;44;57;131;61;33;60;23
180.0;21;56;40;57;132;65;32;62;25
186.0;21;53;39;53;136;64;33;65;26
192.0;22;51;36;59;137;59;35;66;25
198.0;22;53;34;60;140;58;32;66;25
204.0;25;51;42;56;143;53;32;65;23
210.0;25;52;43;54;144;53;35;61;23
216.0;22;51;44;56;144;54;35;59;25
222.0;22;53;39;57;144;55;33;60;27
228.0;23;53;38;56;142;60;32;60;26
234.0;23;51;38;60;144;59;28;58;29
240.0;27;51;37;63;143;61;24;56;28
246.0;30;53;31;64;139;60;23;59;31
252.0;31;53;30;62;139;60;22;59;34
258.0;30;52;32;62;139;62;22;58;33
264.0;29;49;29;60;142;61;23;60;37
270.0;27;50;28;61;142;62;24;59;37
276.0;25;53;28;62;142;62;24;61;33
282.0;26;57;26;64;144;61;23;55;34
288.0;27;50;31;61;143;64;25;51;38
294.0;27;51;34;64;140;64;24;50;36
300.0;25;52;35;66;140;61;25;54;32
306.0;27;52;32;69;140;61;26;53;30
312.0;23;51;36;65;143;62;23;50;37
318.0;23;49;37;65;144;60;25;49;38
324.0;24;46;35;64;146;61;24;51;39
330.0;25;46;37;61;147;60;26;51;37
336.0;28;48;41;59;146;56;29;51;32
342.0;26;49;43;54;149;55;31;51;32
348.0;27;48;41;54;153;54;31;53;29
354.0;28;47;41;54;154;53;31;54;28
360.0;29;48;39;53;156;51;31;54;29
366.0;32;48;33;50;159;53;36;51;28
372.0;36;45;33;52;163;53;34;50;24
378.0;34;47;29;50;167;51;38;50;24
384.0;30;47;33;51;166;50;41;48;24
390.0;24;52;31;50;166;51;37;47;32
396.0;21;53;33;50;162;50;39;50;32
402.0;22;54;31;49;161;49;42;50;32
408.0;22;56;27;50;166;48;41;52;28
414.0;20;56;26;52;168;50;40;52;26
420.0;25;54;23;50;169;53;38;52;26
426.0;27;50;23;51;171;52;37;52;27
432.0;27;51;25;50;174;53;32;51;27
438.0;22;53;29;52;174;54;33;50;23
444.0;23;54;32;49;176;49;35;50;22
450.0;20;57;31;50;183;48;30;47;24
456.0;20;58;30;53;182;45;29;49;24
462.0;19;59;30;51;186;44;28;49;24
468.0;19;62;31;48;187;45;24;50;24
474.0;22;63;34;46;186;43;24;50;22
480.0;20;59;36;47;186;46;24;53;19
486.0;20;59;34;47;187;43;26;54;20
492.0;21;59;34;45;191;42;28;52;18
498.0;20;58;34;45;194;44;26;52;17
504.0;16;59;31;47;187;49;28;55;18
510.0;17;57;29;51;188;49;30;53;16
516.0;17;55;27;53;188;49;30;54;17
522.0;18;58;25;53;186;50;29;52;19
528.0;16;56;23;51;190;46;32;56;20
534.0;16;56;24;51;191;45;34;54;19
540.0;16;51;29;48;194;45;37;56;14
546.0;19;48;30;53;192;45;34;53;16
552.0;20;47;30;52;192;43;34;55;17
558.0;21;43;28;51;193;45;32;57;20
564.0;23;44;27;46;191;48;35;58;18
570.0;22;43;28;47;192;47;39;55;17
576.0;19;42;34;48;192;45;38;58;14
582.0;16;42;34;48;192;46;37;61;14
588.0;16;40;33;50;194;47;36;60;14
594.0;19;42;30;49;194;45;35;59;17
600.0;20;38;30;49;193;46;36;57;21
606.0;18;39;29;53;191;46;33;59;22
612.0;20;42;28;50;192;45;32;56;25
618.0;23;45;28;51;191;46;25;54;27
624.0;24;46;25;55;191;43;25;53;28
630.0;25;46;25;54;190;43;24;54;29
636.0;26;47;27;55;190;42;25;50;28
642.0;26;46;27;56;193;38;24;52;28
648.0;28;45;26;56;191;39;26;51;28
654.0;29;49;26;55;191;39;28;49;24
660.0;28;48;25;56;193;40;24;50;26
666.0;29;46;23;59;193;41;24;52;23
672.0;26;43;25;57;194;46;23;53;23
678.0;27;41;26;57;192;44;21;54;28
684.0;22;40;24;59;193;44;22;56;30
690.0;22;41;23;57;193;45;22;57;30
696.0;22;46;22;56;194;47;23;54;26
702.0;22;48;22;59;195;46;24;48;26
708.0;24;47;24;59;196;43;26;48;23
714.0;24;52;21;61;197;42;24;46;23
720.0;23;52;20;62;196;43;26;46;22
726.0;24;48;23;60;196;42;28;50;19
732.0;29;48;23;57;197;43;24;50;19
738.0;31;45;26;55;196;42;25;52;18
744.0;31;43;25;54;202;41;22;53;19
750.0;31;44;29;51;199;41;20;53;22
756.0;32;45;28;50;200;42;20;53;20
762.0;32;45;30;48;198;40;20;55;22
768.0;32;43;29;50;202;42;18;53;21
774.0;33;41;29;49;198;42;22;54;22
780.0;33;43;29;46;198;44;22;55;20
786.0;33;39;28;49;198;45;22;55;21
792.0;33;42;29;49;194;44;24;52;23
798.0;33;39;32;45;193;47;26;52;23
804.0;33;40;32;43;192;44;31;51;24
810.0;29;42;34;45;192;44;25;53;26
816.0;28;41;35;45;194;44;23;55;25
822.0;26;41;35;43;195;42;26;57;25
828.0;29;40;37;44;195;42;24;55;24
834.0;27;37;39;40;197;45;24;56;25
840.0;27;38;36;35;195;50;26;58;25
846.0;27;40;34;40;195;43;27;59;25
852.0;29;39;32;40;196;45;29;55;25
858.0;28;39;33;39;198;44;30;55;24
864.0;29;40;31;38;196;44;32;57;23
870.0;26;42;34;41;193;38;33;57;26
876.0;24;45;35;41;196;36;31;59;23
882.0;23;43;36;41;202;40;25;58;22
888.0;23;41;36;42;204;40;26;56;22
894.0;22;39;33;45;202;40;28;57;24
900.0;23;38;34;46;203;38;31;53;24
906.0;22;36;37;46;204;38;31;56;20
912.0;21;38;37;45;203;38;31;59;18
918.0;21;36;38;49;205;35;26;59;21
924.0;20;36;40;49;203;37;26;58;21
930.0;22;37;39;49;204;40;25;55;19
936.0;22;37;38;51;201;40;22;58;21
942.0;21;37;32;55;200;42;25;57;21
948.0;22;37;30;55;199;41;28;59;19
954.0;25;38;25;54;201;39;27;61;20
960.0;28;40;23;53;202;40;24;59;21
966.0;29;40;23;50;201;40;26;58;23
972.0;28;41;22;49;202;38;25;61;24
978.0;26;48;23;45;201;36;27;63;21
984.0;31;45;19;50;198;36;25;64;22
990.0;29;42;20;56;199;35;25;65;19
996.0;33;40;21;54;199;34;26;65;18
1002.0;35;38;23;52;200;34;26;60;22
1008.0;35;37;22;53;202;33;29;60;19
1014.0;36;38;22;52;201;36;26;58;21
1020.0;36;40;21;52;201;39;24;57;20
1026.0;33;38;23;52;203;42;23;55;21
1032.0;32;36;25;53;204;45;22;53;20
1038.0;31;37;22;52;207;48;22;52;19
1044.0;27;35;21;53;208;44;24;57;21
1050.0;27;38;20;50;208;44;24;57;22
1056.0;23;39;21;49;209;47;25;55;22
1062.0;22;43;20;50;207;45;26;54;23
1068.0;21;45;18;54;207;42;27;52;24
1074.0;24;43;17;54;208;46;26;49;23
1080.0;23;41;16;54;209;48;27;52;20
1086.0;18;40;19;55;208;49;27;53;21
1092.0;21;41;18;55;211;47;23;53;21
1098.0;21;40;18;51;212;46;25;53;24
1104.0;21;41;19;52;213;43;24;52;25
1110.0;21;41;18;53;215;43;21;53;25
1116.0;18;42;16;54;214;44;24;51;27
1122.0;19;43;15;56;214;43;22;50;28
1128.0;20;43;15;55;211;48;21;52;25
1134.0;20;44;20;50;211;48;20;53;24
1140.0;20;40;21;52;212;51;21;52;21
1146.0;25;39;20;52;213;50;22;50;19
1152.0;23;38;20;53;210;50;25;51;20
1158.0;19;39;23;53;210;48;26;50;22
1164.0;20;39;25;52;207;46;30;46;25
1170.0;23;40;26;52;206;44;30;44;25
1176.0;23;42;25;48;211;44;29;42;26
1182.0;21;42;24;47;212;47;29;48;20
1188.0;19;45;24;49;209;44;28;48;24
1194.0;20;46;20;49;212;42;28;50;23
1200.0;20;45;19;52;215;42;28;48;21
1206.0;20;42;20;52;215;43;28;48;22
1212.0;18;42;18;54;213;44;30;47;24
1218.0;17;42;19;49;213;45;31;50;24
1224.0;17;42;19;50;211;43;34;48;26
1230.0;15;42;20;48;213;46;29;47;30
1236.0;14;47;21;47;212;44;28;46;31
1242.0;16;44;20;48;210;45;29;47;31
1248.0;18;44;19;46;213;43;28;47;32
1254.0;17;44;20;46;210;43;25;51;34
1260.0;19;44;23;44;210;43;29;52;26
1266.0;16;46;24;46;213;40;26;53;26
1272.0;16;44;27;45;215;40;27;53;23
1278.0;14;40;27;44;218;38;29;56;24
1284.0;15;41;27;45;213;38;30;57;24
1290.0;16;42;25;47;212;37;32;55;24
1296.0;15;43;25;48;212;37;29;55;26
1302.0;15;41;25;53;213;35;29;57;22
1308.0;16;39;22;50;215;33;33;58;24
1314.0;17;38;19;54;212;32;31;60;27
1320.0;17;39;20;55;213;34;31;56;25
1326.0;17;39;21;52;213;40;29;54;25
1332.0;18;35;24;53;212;39;26;52;31
1338.0;17;36;22;53;211;39;30;47;35
1344.0;19;38;20;51;217;37;31;44;33
1350.0;19;38;20;49;219;39;29;42;35
1356.0;18;37;21;49;219;38;28;45;35
1362.0;18;35;20;45;220;37;29;50;36
1368.0;17;34;24;44;218;34;29;52;38
1374.0;16;36;23;44;220;37;26;50;38
1380.0;18;34;23;44;219;37;29;49;37
1386.0;18;31;25;40;218;38;30;52;38
1392.0;17;30;24;42;221;38;29;54;35
1398.0;17;29;25;41;220;39;31;54;34
1404.0;17;28;25;39;221;41;33;56;30
1410.0;21;24;23;42;222;39;30;59;30
1416.0;21;26;23;38;226;40;29;63;24
1422.0;23;28;24;36;226;39;29;62;23
1428.0;24;29;26;33;226;42;29;55;26
1434.0;24;29;25;32;228;48;27;51;26
1440.0;24;31;21;36;231;47;25;50;25
1446.0;23;32;19;38;231;48;24;49;26
1452.0;23;32;19;41;231;47;22;50;25
1458.0;24;31;22;42;230;47;22;49;23
1464.0;25;33;22;42;229;48;20;46;25
1470.0;24;34;20;42;227;49;19;50;25
1476.0;24;34;21;40;228;47;19;50;27
1482.0;25;33;24;41;227;50;14;48;28
1488.0;23;36;22;41;227;50;17;48;26
1494.0;23;36;22;40;227;49;19;46;28
1500.0;22;38;22;39;229;49;21;41;29
1506.0;22;37;21;42;229;48;19;42;30
1512.0;21;35;22;45;226;49;22;41;29
1518.0;22;33;25;47;226;49;21;41;26
1524.0;22;37;26;46;226;50;19;41;23
1530.0;21;34;27;47;228;48;19;42;24
1536.0;20;33;24;47;229;48;20;42;27
1542.0;23;33;20;48;231;47;20;40;28
1548.0;21;35;22;46;233;44;18;42;29
1554.0;23;36;21;45;229;45;19;44;28
1560.0;21;36;21;44;229;46;20;45;28
1566.0;21;39;23;44;232;47;16;47;21
1572.0;21;38;24;44;231;47;17;46;22
1578.0;21;37;26;45;231;43;19;45;23
1584.0;23;39;27;43;229;42;20;44;23
1590.0;23;41;24;45;227;42;21;45;22
1596.0;25;40;28;44;223;46;20;43;21
1602.0;25;43;24;43;224;49;20;42;20
1608.0;26;41;21;45;228;48;20;42;19
1614.0;25;40;24;47;231;43;23;40;17
1620.0;27;40;23;45;232;43;26;37;17
1626.0;28;41;21;44;231;42;25;40;18
1632.0;24;41;26;42;232;45;26;38;16
1638.0;22;43;28;42;233;47;28;34;13
1644.0;20;43;25;46;236;46;28;34;12
1650.0;22;39;22;46;238;49;28;33;13
1656.0;23;39;22;45;240;49;25;31;16
1662.0;24;38;23;45;241;44;25;32;18
1668.0;31;38;21;47;235;43;25;29;21
1674.0;28;38;19;45;237;43;25;33;22
1680.0;27;37;19;48;239;42;23;34;21
1686.0;29;37;17;51;237;47;23;29;20
1692.0;28;37;21;47;241;48;21;30;17
1698.0;26;34;21;46;244;48;23;31;17
1704.0;27;33;19;48;249;47;20;33;14
1710.0;27;34;18;52;248;44;19;32;16
1716.0;24;40;17;55;249;44;16;30;15
1722.0;24;40;16;54;249;44;16;30;17
1728.0;25;39;14;53;247;46;16;32;18
1734.0;23;39;15;53;245;42;20;35;18
1740.0;22;38;13;55;244;43;19;38;18
1746.0;21;39;13;51;240;43;21;42;20
1752.0;23;41;16;48;240;39;21;42;20
1758.0;26;41;15;46;239;36;25;42;20
1764.0;26;39;16;49;239;36;24;44;17
1770.0;24;39;15;50;239;33;22;45;23
1776.0;23;41;15;47;238;31;24;43;28
1782.0;21;44;12;49;238;33;21;45;27
1788.0;21;44;15;52;239;34;16;44;25
1794.0;17;41;17;53;237;38;17;46;24
