#auto generated file!
12.0;41;29;41;44;23;38;36;32;46
18.0;38;30;35;47;27;44;34;35;40
24.0;34;33;31;45;35;45;35;38;34
30.0;29;33;34;48;38;46;32;39;31
36.0;29;31;30;45;38;50;34;43;30
42.0;32;34;28;45;40;51;29;44;27
48.0;28;37;28;41;44;49;30;42;31
54.0;29;39;27;41;46;47;28;43;30
60.0;29;36;28;39;47;52;27;44;28
66.0;27;39;28;38;49;51;27;42;29
72.0;27;40;30;39;49;49;27;41;28
78.0;24;41;30;39;48;48;28;44;28
84.0;26;42;28;40;49;50;22;46;27
90.0;23;41;29;40;50;51;23;47;26
96.0;26;40;29;40;55;44;21;49;26
102.0;26;41;25;40;54;44;18;53;29
108.0;27;42;23;40;57;40;17;55;29
114.0;30;39;20;39;57;43;17;57;28
120.0;28;39;20;38;59;43;18;60;25
126.0;27;40;21;38;61;45;17;57;24
132.0;23;39;22;38;62;46;20;56;24
138.0;21;38;21;34;67;47;19;58;25
144.0;20;37;22;35;69;46;18;58;25
150.0;21;36;18;35;72;46;21;58;23
156.0;20;37;18;36;74;47;18;58;22
162.0;17;35;17;37;73;51;20;57;23
168.0;16;36;17;41;75;50;18;55;22
174.0;18;34;18;41;75;49;19;55;21
180.0;19;36;16;44;74;47;17;54;23
186.0;22;35;14;47;79;45;17;52;19
192.0;22;34;10;51;81;45;15;52;20
198.0;23;32;10;48;83;44;15;53;22
204.0;21;34;16;49;82;41;14;52;21
210.0;21;36;16;47;82;42;15;49;22
216.0;21;36;16;44;83;42;15;49;24
222.0;21;35;16;45;83;40;17;49;24
228.0;18;35;16;42;87;43;17;48;24
234.0;18;38;16;44;88;43;14;45;24
240.0;19;37;15;41;91;45;15;45;22
246.0;18;38;13;40;91;47;14;46;23
252.0;18;35;13;41;93;48;14;47;21
258.0;17;35;14;41;95;48;13;46;21
264.0;17;36;14;37;94;49;13;45;25
270.0;19;36;15;37;93;50;15;40;25
276.0;20;35;15;36;94;47;15;43;25
282.0;23;34;12;35;96;47;16;42;25
288.0;22;37;11;33;97;46;17;39;28
294.0;23;35;15;36;95;46;16;39;25
300.0;21;35;18;35;96;44;14;40;27
306.0;21;35;17;34;98;43;14;40;28
312.0;22;36;17;33;98;44;15;38;27
318.0;21;33;16;33;99;42;15;42;29
324.0;18;32;19;33;101;43;13;41;30
330.0;22;36;18;33;102;40;11;41;27
336.0;24;36;15;38;104;36;11;40;26
342.0;19;34;21;36;107;35;13;40;25
348.0;21;34;20;37;109;34;13;39;23
354.0;21;34;21;38;109;33;12;37;25
360.0;22;32;22;33;111;34;12;37;27
366.0;22;33;21;36;111;32;12;38;25
372.0;19;33;18;37;111;33;14;39;26
378.0;16;33;19;41;112;32;15;37;25
384.0;18;33;16;41;114;32;15;37;24
390.0;17;32;17;41;113;32;16;36;26
396.0;18;31;19;41;113;31;15;38;24
402.0;16;29;17;44;111;31;18;39;25
408.0;13;32;19;41;113;32;18;39;23
414.0;14;31;18;42;114;33;14;41;23
420.0;17;29;18;41;113;33;14;40;25
426.0;17;30;18;40;114;33;14;41;23
432.0;18;28;19;41;112;32;16;39;25
438.0;19;28;20;39;113;33;16;38;24
444.0;17;29;22;37;112;33;18;42;20
450.0;19;31;20;36;115;32;15;41;21
456.0;22;31;21;35;117;33;15;36;20
462.0;23;36;20;34;114;32;17;36;18
468.0;24;35;18;31;116;33;16;37;20
474.0;18;37;19;31;119;32;21;34;19
480.0;16;36;21;31;120;33;20;34;19
486.0;20;33;16;35;120;34;22;35;15
492.0;20;31;15;32;124;36;21;36;15
498.0;22;31;14;31;122;36;23;37;14
504.0;21;30;15;32;121;34;26;36;15
510.0;19;31;16;34;123;31;21;40;15
516.0;19;31;13;32;124;35;23;38;15
522.0;19;32;15;31;123;33;23;40;14
528.0;20;32;15;31;125;33;18;41;15
534.0;18;31;16;32;126;34;17;38;18
540.0;18;31;17;31;127;33;17;39;17
546.0;15;34;15;33;128;33;20;37;15
552.0;15;35;14;34;126;35;18;35;18
558.0;18;32;17;33;126;35;15;37;17
564.0;17;32;15;33;123;35;15;42;18
570.0;17;31;16;34;123;35;15;41;18
576.0;17;32;15;36;122;35;16;41;16
582.0;17;34;17;35;121;35;15;41;15
588.0;16;34;17;35;121;35;15;39;18
594.0;16;32;18;38;122;36;13;36;19
600.0;19;33;18;39;118;35;14;35;19
606.0;20;34;17;38;119;36;14;32;20
612.0;21;33;12;38;119;33;17;36;21
618.0;18;31;11;35;120;35;18;38;24
624.0;18;32;12;33;118;37;18;38;24
630.0;19;32;11;35;119;37;15;39;23
636.0;17;31;11;35;120;35;17;40;24
642.0;17;31;10;38;120;37;16;39;22
648.0;19;30;11;37;119;39;15;39;21
654.0;15;31;11;38;119;42;18;38;18
660.0;13;32;13;38;117;41;18;40;18
666.0;12;33;13;39;121;41;15;38;18
672.0;11;33;12;41;124;43;11;36;19
678.0;13;35;12;39;121;44;12;36;18
684.0;13;34;16;37;120;42;15;35;18
690.0;14;32;15;39;119;44;18;34;15
696.0;15;33;13;40;118;42;22;32;15
702.0;13;35;12;41;117;40;23;33;16
708.0;13;33;14;38;118;41;23;34;16
714.0;12;33;15;38;121;39;24;32;16
720.0;10;31;14;38;121;42;24;33;17
726.0;12;32;12;37;120;43;23;34;17
732.0;12;32;10;39;121;41;24;33;18
738.0;14;31;12;34;121;42;23;35;18
744.0;13;36;14;33;120;42;21;35;16
750.0;12;40;15;31;121;41;20;38;12
756.0;15;40;13;31;123;39;18;38;13
762.0;15;40;14;34;124;37;18;37;11
768.0;19;40;13;32;127;37;17;36;9
774.0;21;41;11;33;128;36;15;34;11
780.0;18;46;11;30;130;37;13;33;12
786.0;15;45;10;30;132;38;12;34;14
792.0;15;44;11;30;132;39;12;33;14
798.0;14;42;14;33;130;38;12;33;14
804.0;15;41;14;32;131;36;13;32;16
810.0;15;41;13;31;131;35;14;33;17
816.0;18;38;14;29;133;37;12;31;18
822.0;22;37;11;29;134;36;14;32;15
828.0;20;39;11;30;134;35;14;33;14
834.0;21;39;11;30;134;34;14;33;14
840.0;20;39;14;30;132;35;11;32;17
846.0;17;39;15;31;133;35;11;31;18
852.0;16;39;15;30;134;33;11;33;19
858.0;15;37;14;33;137;34;9;30;21
864.0;16;38;12;34;137;31;10;30;22
870.0;17;38;13;33;139;30;9;32;19
876.0;18;41;13;30;136;30;10;32;20
882.0;19;41;12;26;137;29;12;33;21
888.0;21;39;15;28;138;27;10;34;18
894.0;21;41;14;28;138;28;11;34;15
900.0;21;46;12;27;137;27;12;34;14
906.0;21;43;12;29;139;27;11;33;15
912.0;22;43;13;30;140;25;8;34;15
918.0;17;44;15;31;142;24;10;34;13
924.0;17;41;16;31;140;27;12;32;14
930.0;16;41;14;31;143;26;11;33;15
936.0;17;41;13;30;142;25;11;34;17
942.0;15;40;13;30;140;27;12;35;18
948.0;15;41;13;30;139;31;11;34;16
954.0;16;41;12;29;140;29;10;36;17
960.0;16;40;10;28;141;29;12;35;19
966.0;12;35;13;26;142;32;14;37;19
972.0;14;35;11;26;139;30;17;37;21
978.0;12;36;12;25;144;27;15;38;21
984.0;13;37;12;26;142;26;14;39;21
990.0;15;36;13;26;143;26;12;38;21
996.0;15;35;14;27;145;26;12;36;20
1002.0;16;34;13;26;142;32;13;34;20
1008.0;16;32;13;25;140;34;14;32;24
1014.0;13;31;13;26;141;34;16;32;24
1020.0;11;30;14;26;141;31;19;34;24
1026.0;14;30;13;27;140;31;21;35;19
1032.0;15;29;15;26;138;30;22;36;19
1038.0;13;30;16;29;136;30;22;36;18
1044.0;12;33;18;29;135;31;19;36;17
1050.0;10;33;21;31;134;32;20;35;14
1056.0;11;33;19;33;136;31;19;35;13
1062.0;12;35;18;30;136;31;18;35;15
1068.0;11;32;17;31;136;33;22;35;13
1074.0;10;32;17;33;140;33;20;33;12
1080.0;14;30;16;31;139;35;18;34;13
1086.0;18;28;14;29;144;33;16;36;12
1092.0;16;27;16;28;143;33;17;37;13
1098.0;19;28;13;30;140;35;17;36;12
1104.0;17;28;12;28;138;35;18;39;15
1110.0;17;28;12;27;140;37;16;39;14
1116.0;15;29;13;26;139;39;15;39;15
1122.0;16;30;15;28;140;38;11;40;12
1128.0;14;30;14;28;141;37;13;37;16
1134.0;17;28;15;27;138;36;14;38;17
1140.0;15;26;17;26;138;34;14;42;18
1146.0;14;26;17;30;139;35;16;38;15
1152.0;11;28;14;37;137;37;12;41;13
1158.0;13;28;13;38;141;36;11;41;9
1164.0;13;31;14;36;140;34;12;40;10
1170.0;13;33;15;35;140;32;13;39;10
1176.0;17;33;16;36;140;32;10;38;8
1182.0;13;32;18;37;140;29;11;37;13
1188.0;15;33;19;35;141;26;11;36;14
1194.0;16;32;20;35;140;26;12;34;15
1200.0;17;31;20;33;140;27;13;33;16
1206.0;16;32;19;32;143;25;13;33;17
1212.0;16;35;19;32;144;25;10;34;15
1218.0;19;34;20;30;142;24;11;35;15
1224.0;17;35;19;31;143;24;10;36;15
1230.0;19;36;19;34;142;22;7;36;15
1236.0;18;35;16;34;144;22;8;35;18
1242.0;16;36;13;33;145;19;9;38;21
1248.0;17;36;12;34;144;22;10;35;20
1254.0;16;36;13;33;145;22;10;35;20
1260.0;14;37;14;35;147;21;12;32;18
1266.0;12;36;14;33;144;21;14;36;20
1272.0;13;35;16;34;144;21;11;36;20
1278.0;14;35;16;35;143;22;11;34;20
1284.0;15;35;16;34;139;24;11;37;19
1290.0;15;32;17;34;141;24;11;35;21
1296.0;14;34;19;32;141;21;12;36;21
1302.0;13;37;17;33;141;20;13;35;21
1308.0;14;37;18;32;142;19;14;35;19
1314.0;16;36;20;30;143;20;15;34;16
1320.0;16;35;19;31;146;19;14;30;20
1326.0;19;35;19;30;147;18;14;29;19
1332.0;16;38;18;30;149;19;13;30;17
1338.0;18;37;18;27;150;20;13;30;17
1344.0;19;38;19;26;149;19;12;30;18
1350.0;20;39;18;24;151;20;12;31;15
1356.0;19;36;17;25;151;22;14;31;15
1362.0;20;34;19;26;149;23;12;32;15
1368.0;21;33;18;28;147;20;14;34;15
1374.0;19;31;17;28;148;21;16;34;16
1380.0;17;30;19;28;148;23;16;32;17
1386.0;15;32;19;31;148;23;17;31;14
1392.0;14;30;19;30;151;21;20;31;14
1398.0;16;29;18;30;152;20;19;32;14
1404.0;15;29;16;29;157;18;18;32;16
1410.0;17;28;14;27;159;18;21;30;16
1416.0;17;29;13;27;160;19;22;27;16
1422.0;16;28;11;27;159;19;23;29;18
1428.0;16;27;10;28;160;19;23;30;17
1434.0;16;25;12;26;163;19;21;30;18
1440.0;15;25;11;25;163;20;23;30;18
1446.0;15;24;10;24;168;21;21;28;19
1452.0;17;19;11;22;173;22;20;29;17
1458.0;18;18;13;23;174;21;16;31;16
1464.0;17;22;10;22;175;19;16;32;17
1470.0;18;21;9;20;176;18;18;33;17
1476.0;17;20;11;19;176;21;16;32;18
1482.0;17;16;11;20;179;19;17;34;17
1488.0;16;13;12;19;178;20;17;35;20
1494.0;14;16;14;19;177;20;18;34;18
1500.0;14;17;16;19;177;18;19;34;16
1506.0;11;19;16;20;174;17;21;36;16
1512.0;11;18;16;21;174;17;22;36;15
1518.0;10;18;16;22;174;18;21;35;16
1524.0;12;19;16;23;175;19;18;32;16
1530.0;13;18;14;23;175;20;18;33;16
1536.0;13;18;13;24;170;20;19;33;20
1542.0;11;20;11;26;172;19;20;32;19
1548.0;11;20;12;24;173;19;21;30;20
1554.0;9;21;13;23;176;20;22;28;18
1560.0;9;19;12;22;175;22;22;28;21
1566.0;8;21;12;23;176;23;18;29;20
1572.0;8;21;12;22;175;25;18;30;19
1578.0;10;23;14;25;172;25;18;28;15
1584.0;10;20;16;25;172;25;20;27;15
1590.0;11;23;15;23;173;23;19;28;15
1596.0;11;24;16;23;173;22;19;26;16
1602.0;10;27;14;25;172;24;18;24;16
1608.0;9;27;16;25;171;24;20;24;14
1614.0;9;28;13;27;171;21;19;25;17
1620.0;8;27;14;24;172;22;18;27;18
1626.0;10;23;14;24;169;22;18;31;19
1632.0;12;21;14;26;169;23;20;29;16
1638.0;13;22;13;27;168;23;19;29;16
1644.0;9;22;16;26;172;23;19;27;16
1650.0;11;22;15;24;172;24;19;26;17
1656.0;10;23;16;24;171;24;16;27;19
1662.0;10;24;16;26;172;21;15;26;20
1668.0;11;27;13;25;173;23;15;25;18
1674.0;10;27;13;25;174;21;16;27;17
1680.0;9;27;11;24;175;22;18;30;14
1686.0;9;29;11;24;172;21;20;30;14
1692.0;11;27;12;26;172;24;17;28;13
1698.0;10;29;15;28;171;22;17;25;13
1704.0;12;29;18;27;169;19;18;25;13
1710.0;10;30;16;25;168;21;22;27;11
1716.0;9;29;15;27;169;23;21;28;9
1722.0;11;27;19;25;169;22;17;29;11
1728.0;10;29;19;24;169;23;17;30;9
1734.0;13;30;20;23;170;22;14;31;7
1740.0;15;29;19;22;171;21;15;28;10
1746.0;15;27;17;23;168;23;17;29;11
1752.0;14;27;16;24;167;24;20;29;9
1758.0;14;28;14;22;167;27;20;28;10
1764.0;11;28;15;22;171;27;21;25;10
1770.0;12;29;18;22;170;26;18;25;10
1776.0;12;31;17;22;169;28;18;24;9
1782.0;12;33;16;22;168;27;18;26;8
1788.0;13;32;17;24;166;27;17;24;10
1794.0;12;35;15;23;165;27;18;25;10
