#auto generated file!
12.0;19;26;15;21;27;12;28;19;13
18.0;19;25;13;21;28;14;28;20;12
24.0;18;25;14;21;28;14;26;20;14
30.0;21;26;12;21;31;14;23;19;13
36.0;18;25;13;23;29;17;23;20;12
42.0;15;26;13;22;33;19;24;19;9
48.0;14;27;13;22;36;17;21;18;12
54.0;14;25;10;23;38;15;20;20;15
60.0;12;25;14;24;39;12;18;21;15
66.0;12;26;14;25;42;10;17;21;13
72.0;11;27;12;23;43;13;16;20;15
78.0;13;29;10;21;43;13;17;21;13
84.0;15;29;10;19;44;12;16;21;14
90.0;14;29;11;22;45;12;14;21;12
96.0;14;29;13;20;48;12;15;18;11
102.0;13;28;14;20;48;12;16;18;11
108.0;11;27;15;21;48;13;14;19;12
114.0;9;29;15;21;48;14;15;19;10
120.0;9;30;12;22;50;13;15;20;9
126.0;9;30;11;21;51;12;16;20;10
132.0;9;32;11;22;51;12;16;16;11
138.0;9;29;11;23;52;12;15;16;13
144.0;10;28;13;21;53;12;14;18;11
150.0;9;29;13;21;54;12;11;20;11
156.0;8;30;11;22;54;13;10;21;11
162.0;6;29;10;22;55;15;9;20;14
168.0;6;30;9;23;54;14;8;22;14
174.0;7;28;12;24;53;13;7;22;14
180.0;7;27;10;25;55;13;7;21;15
186.0;8;25;11;26;55;11;6;22;16
192.0;9;24;10;25;57;10;7;24;14
198.0;8;22;11;26;57;11;5;23;17
204.0;10;25;9;25;56;13;5;23;14
210.0;11;25;7;22;58;15;7;24;11
216.0;10;23;6;23;59;18;6;23;12
222.0;10;22;5;24;59;19;6;23;12
228.0;12;21;7;20;59;18;9;22;12
234.0;12;21;5;18;61;23;9;21;10
240.0;8;21;5;18;61;25;10;21;11
246.0;10;20;6;18;62;23;9;21;11
252.0;11;19;6;18;62;22;10;20;12
258.0;12;20;6;17;62;24;10;18;11
264.0;11;17;5;21;65;24;10;20;7
270.0;9;19;5;23;64;23;8;21;8
276.0;11;17;5;21;63;24;9;22;8
282.0;12;18;6;20;62;26;8;20;8
288.0;11;18;8;20;63;25;8;19;8
294.0;10;18;7;22;62;23;9;20;9
300.0;10;19;8;23;61;21;9;19;10
306.0;11;18;9;23;61;20;10;17;11
312.0;11;19;9;23;61;20;8;20;9
318.0;9;19;11;22;62;20;9;18;10
324.0;9;19;9;22;63;20;11;18;9
330.0;8;19;11;22;63;19;11;16;11
336.0;6;19;12;20;63;20;8;18;14
342.0;8;20;11;17;64;20;8;19;13
348.0;9;19;13;14;66;18;9;19;13
354.0;9;19;14;13;66;18;10;19;12
360.0;8;19;15;14;66;17;11;20;10
366.0;8;21;19;13;64;17;10;21;7
372.0;10;18;17;12;64;17;12;21;9
378.0;7;18;18;12;65;18;11;21;10
384.0;7;17;18;12;65;18;11;22;10
390.0;7;20;19;12;66;18;9;20;9
396.0;9;21;17;11;65;19;7;20;11
402.0;8;22;17;12;65;18;8;19;11
408.0;11;21;18;10;64;17;9;17;13
414.0;11;21;17;10;66;16;9;18;12
420.0;11;22;18;10;67;15;9;16;12
426.0;10;24;19;10;66;16;9;15;11
432.0;10;28;14;10;69;15;7;14;13
438.0;11;28;10;9;69;17;8;14;14
444.0;11;25;9;12;69;17;9;16;12
450.0;11;26;8;13;70;15;9;18;10
456.0;12;25;7;12;70;14;9;19;12
462.0;9;25;5;13;72;15;9;18;14
468.0;9;24;4;15;72;14;8;19;15
474.0;8;23;6;15;72;13;11;20;12
480.0;7;24;6;14;74;14;11;20;10
486.0;9;23;7;13;74;15;10;20;9
492.0;11;22;7;14;72;16;10;19;9
498.0;12;23;7;13;70;16;10;20;9
504.0;12;22;6;14;70;16;11;20;9
510.0;11;21;8;14;70;14;13;20;9
516.0;9;23;8;16;68;15;14;20;7
522.0;8;21;9;18;68;15;14;20;7
528.0;9;20;10;15;67;18;14;20;7
534.0;9;20;10;14;67;17;12;22;9
540.0;8;20;11;14;68;17;12;22;8
546.0;11;21;11;13;67;16;12;20;9
552.0;11;21;11;13;70;15;12;19;8
558.0;12;19;10;14;68;16;11;21;9
564.0;13;19;11;14;67;16;7;24;9
570.0;13;18;9;13;70;16;7;22;12
576.0;12;20;9;13;70;17;7;20;12
582.0;11;20;7;11;71;18;9;21;12
588.0;10;19;8;13;70;18;10;21;11
594.0;9;21;6;13;71;18;8;22;12
600.0;11;19;6;10;71;18;9;22;14
606.0;11;15;5;11;76;17;10;21;14
612.0;11;17;5;11;77;16;10;19;14
618.0;11;18;4;10;78;16;11;18;14
624.0;9;17;3;11;78;16;11;18;17
630.0;12;15;3;11;79;15;9;21;15
636.0;10;18;3;10;79;15;8;21;16
642.0;8;20;6;11;79;14;8;19;15
648.0;8;19;7;9;78;14;10;20;15
654.0;10;18;7;11;77;14;11;19;13
660.0;11;16;10;11;76;13;10;20;13
666.0;10;15;8;13;76;13;12;19;14
672.0;10;17;7;14;77;13;12;16;14
678.0;9;19;10;16;76;13;13;16;8
684.0;9;21;10;16;74;12;12;15;11
690.0;10;19;9;17;74;15;11;15;10
696.0;9;20;8;18;75;14;11;15;10
702.0;8;20;8;18;77;15;11;13;10
708.0;7;19;9;18;79;15;8;15;10
714.0;8;19;10;18;79;14;8;15;9
720.0;8;18;9;17;79;16;8;15;10
726.0;6;18;7;18;79;17;10;15;10
732.0;7;18;7;17;79;17;11;15;9
738.0;8;19;6;16;79;17;12;15;8
744.0;7;20;7;15;79;17;12;15;8
750.0;6;21;9;15;78;17;12;14;8
756.0;7;21;7;15;78;17;12;15;8
762.0;7;21;8;14;77;18;13;15;7
768.0;7;21;8;13;76;21;11;16;7
774.0;7;20;9;13;74;21;12;17;7
780.0;6;20;10;14;73;22;12;16;7
786.0;6;19;10;16;72;21;11;17;8
792.0;6;18;10;14;73;21;13;17;8
798.0;7;18;10;16;73;20;14;15;7
804.0;7;18;9;16;73;22;14;14;7
810.0;11;18;8;17;75;18;12;14;7
816.0;12;17;7;17;76;17;13;13;8
822.0;12;17;6;17;76;17;12;15;8
828.0;12;18;6;14;76;17;12;16;9
834.0;11;18;6;15;75;17;10;19;9
840.0;13;16;6;15;75;17;7;19;12
846.0;11;16;6;17;75;18;7;19;11
852.0;12;15;7;16;75;19;6;19;11
858.0;12;15;9;16;76;17;6;20;9
864.0;12;15;9;17;78;16;6;21;6
870.0;12;17;9;17;78;18;7;17;5
876.0;14;16;10;19;78;18;5;15;5
882.0;15;16;10;18;80;18;4;14;5
888.0;17;16;10;18;78;16;3;14;8
894.0;17;15;10;19;78;17;2;14;8
900.0;16;14;12;18;79;16;2;14;9
906.0;13;15;12;19;78;18;3;13;9
912.0;12;15;13;19;78;19;3;14;7
918.0;15;13;12;18;77;17;4;17;7
924.0;15;13;11;18;78;18;3;16;8
930.0;15;14;9;17;78;20;3;15;9
936.0;14;13;8;19;78;19;5;15;9
942.0;14;13;8;18;79;19;6;15;8
948.0;13;13;9;18;79;20;5;16;7
954.0;13;12;10;18;79;22;5;15;6
960.0;13;13;9;18;79;22;4;15;7
966.0;12;16;8;18;77;23;2;14;10
972.0;10;15;9;19;77;21;2;16;11
978.0;9;15;9;19;77;21;3;17;10
984.0;9;14;9;18;77;21;4;18;10
990.0;11;13;8;18;76;21;5;19;9
996.0;11;14;6;19;75;21;5;20;9
1002.0;11;14;7;20;76;21;4;19;8
1008.0;10;14;8;20;77;21;5;17;8
1014.0;9;15;7;22;78;19;6;15;9
1020.0;8;13;5;22;81;20;6;17;8
1026.0;7;14;6;21;82;20;5;18;7
1032.0;7;13;6;22;81;21;5;18;7
1038.0;10;13;5;21;81;19;6;18;7
1044.0;11;14;6;20;81;19;6;18;5
1050.0;10;15;7;21;80;18;6;18;5
1056.0;10;15;5;22;83;16;5;18;6
1062.0;11;15;4;24;84;16;3;17;6
1068.0;12;15;4;21;86;15;3;19;5
1074.0;12;15;4;21;87;15;3;18;5
1080.0;11;13;3;21;89;16;3;19;5
1086.0;10;13;2;20;91;16;3;20;5
1092.0;11;14;3;20;88;15;3;19;7
1098.0;10;14;2;20;86;15;3;21;9
1104.0;9;14;3;20;87;17;3;19;8
1110.0;9;13;2;19;87;18;5;19;8
1116.0;9;13;2;19;87;18;5;19;8
1122.0;8;15;3;17;87;18;5;18;9
1128.0;10;14;3;16;86;19;4;18;10
1134.0;10;13;3;17;85;20;5;16;11
1140.0;11;12;4;16;85;20;5;16;11
1146.0;8;9;7;18;83;20;6;17;12
1152.0;8;9;8;16;84;17;7;17;14
1158.0;7;8;8;16;84;17;7;20;13
1164.0;5;9;8;16;84;18;7;21;12
1170.0;6;8;8;14;86;17;10;19;12
1176.0;7;9;10;14;85;18;9;16;12
1182.0;10;11;10;15;84;15;10;14;11
1188.0;9;12;9;16;85;17;8;12;12
1194.0;11;12;8;12;85;17;9;12;14
1200.0;10;11;7;11;84;18;9;13;17
1206.0;11;10;5;11;85;19;10;13;16
1212.0;11;11;7;10;84;20;11;12;14
1218.0;12;12;7;9;81;21;12;15;11
1224.0;13;10;7;11;81;21;12;15;10
1230.0;11;11;7;10;79;23;13;17;9
1236.0;11;12;4;10;83;23;12;17;8
1242.0;12;12;5;9;81;25;12;17;7
1248.0;10;13;4;8;81;27;13;17;7
1254.0;9;13;4;11;81;27;13;16;6
1260.0;9;13;5;12;81;28;12;14;6
1266.0;10;14;5;15;81;26;11;14;4
1272.0;10;14;5;12;84;26;10;14;5
1278.0;13;13;4;12;81;26;10;15;6
1284.0;12;14;4;12;82;25;10;14;7
1290.0;10;15;4;12;82;25;12;15;5
1296.0;11;15;5;11;82;24;12;15;5
1302.0;12;15;5;11;83;23;11;15;5
1308.0;13;16;7;10;82;22;9;16;5
1314.0;14;19;5;9;82;22;8;16;5
1320.0;14;18;5;7;80;25;10;15;6
1326.0;11;17;5;7;79;24;15;16;6
1332.0;12;17;5;8;78;23;14;16;7
1338.0;13;18;5;8;78;23;14;14;7
1344.0;13;18;7;8;76;23;13;15;7
1350.0;13;15;6;9;78;25;13;15;6
1356.0;13;18;5;8;79;24;13;14;6
1362.0;12;17;3;8;78;26;13;16;7
1368.0;9;17;5;9;78;27;12;15;8
1374.0;8;19;6;9;77;25;13;16;7
1380.0;9;20;5;9;77;25;12;16;7
1386.0;8;18;5;10;79;26;12;14;8
1392.0;10;16;5;10;78;25;15;13;8
1398.0;10;17;7;10;78;25;12;11;10
1404.0;10;16;7;9;78;26;12;11;11
1410.0;10;15;6;11;79;26;11;12;10
1416.0;10;17;6;10;80;25;8;14;10
1422.0;8;17;5;9;79;26;11;15;10
1428.0;8;17;7;8;79;26;11;15;9
1434.0;10;15;8;9;79;24;11;16;8
1440.0;12;14;9;10;79;24;9;16;7
1446.0;13;14;9;11;78;23;9;14;9
1452.0;13;15;8;9;79;24;9;15;8
1458.0;13;14;10;10;78;24;9;14;8
1464.0;16;14;11;10;79;23;7;13;7
1470.0;15;13;10;11;79;24;8;13;7
1476.0;13;10;9;12;80;24;9;15;8
1482.0;9;12;10;13;79;24;9;15;9
1488.0;8;10;11;15;76;24;11;17;8
1494.0;8;10;13;16;75;22;10;16;10
1500.0;9;9;11;16;75;22;9;17;12
1506.0;9;11;12;16;75;22;9;16;10
1512.0;9;11;11;16;76;24;10;16;7
1518.0;9;12;12;16;77;24;10;13;7
1524.0;9;15;11;14;78;26;6;13;8
1530.0;9;14;12;15;79;25;5;13;8
1536.0;8;14;13;14;75;28;7;13;8
1542.0;8;14;14;14;74;27;5;15;9
1548.0;8;15;15;14;73;26;4;16;9
1554.0;8;15;14;16;75;25;4;14;9
1560.0;9;16;14;15;74;24;7;14;7
1566.0;9;17;15;15;75;24;5;14;6
1572.0;8;17;13;14;74;24;9;13;8
1578.0;7;17;11;14;76;23;11;12;9
1584.0;8;15;13;14;75;24;9;14;8
1590.0;7;14;15;14;75;24;9;14;8
1596.0;7;14;14;15;74;23;9;15;9
1602.0;5;14;12;18;75;21;9;18;8
1608.0;5;16;10;19;74;20;13;16;7
1614.0;6;12;11;18;75;21;13;16;8
1620.0;6;15;9;17;75;21;13;16;8
1626.0;8;14;9;17;77;21;12;14;8
1632.0;9;11;8;16;76;21;15;16;8
1638.0;7;12;11;18;74;19;12;19;8
1644.0;8;13;12;16;73;20;11;20;7
1650.0;6;13;12;17;73;21;11;21;6
1656.0;7;12;12;18;72;21;11;21;6
1662.0;10;11;9;19;73;20;10;22;6
1668.0;9;11;9;19;73;20;9;22;8
1674.0;9;12;9;18;73;19;9;22;9
1680.0;10;12;9;19;74;19;8;20;9
1686.0;10;12;9;18;75;22;8;19;7
1692.0;9;11;9;18;75;22;9;19;8
1698.0;10;12;10;16;74;22;9;18;9
1704.0;8;13;11;16;74;22;11;16;9
1710.0;8;14;10;17;74;20;11;15;11
1716.0;7;15;8;21;73;20;10;14;12
1722.0;6;15;7;21;73;22;11;12;13
1728.0;5;16;6;21;74;24;10;11;13
1734.0;5;17;5;21;74;23;10;11;14
1740.0;5;16;5;22;74;22;12;11;13
1746.0;5;16;6;21;72;23;12;11;14
1752.0;5;17;8;21;71;20;13;11;14
1758.0;8;18;8;22;71;19;11;12;11
1764.0;8;17;8;22;70;20;11;14;10
1770.0;8;18;8;23;69;18;12;13;11
1776.0;8;17;7;21;69;21;12;14;11
1782.0;7;15;9;23;71;23;12;13;7
1788.0;8;16;9;22;69;22;12;13;9
1794.0;6;16;8;22;70;23;10;14;11
