#auto generated file!
12.0;21;21;23;13;31;21;15;25;20
18.0;18;21;22;17;32;22;15;23;20
24.0;18;19;21;21;32;23;13;23;20
30.0;21;21;18;22;32;22;10;24;20
36.0;19;22;16;23;34;24;7;23;22
42.0;18;23;17;21;35;23;8;22;23
48.0;16;23;16;21;37;21;12;21;23
54.0;16;23;16;20;39;21;12;20;23
60.0;18;24;16;20;40;21;13;21;17
66.0;17;24;17;19;39;21;14;22;17
72.0;15;23;17;21;40;20;13;23;18
78.0;13;22;17;20;41;19;12;26;20
84.0;14;21;16;22;41;20;9;27;20
90.0;15;18;18;21;45;22;8;27;16
96.0;15;16;17;21;45;20;11;30;15
102.0;12;18;19;21;46;19;11;32;12
108.0;10;18;18;21;48;21;9;31;14
114.0;10;18;17;24;49;22;9;28;13
120.0;11;18;18;27;47;20;8;28;13
126.0;10;23;17;28;45;20;7;26;14
132.0;10;22;18;28;45;19;7;28;13
138.0;9;20;19;29;45;19;9;28;12
144.0;8;19;19;30;44;21;10;27;12
150.0;10;19;16;27;46;22;11;28;11
156.0;10;20;16;25;47;22;10;28;12
162.0;10;18;15;25;49;21;10;29;13
168.0;9;17;11;25;52;23;10;28;15
174.0;9;18;10;25;53;22;10;28;15
180.0;10;18;11;26;53;22;10;26;14
186.0;10;19;11;22;55;24;11;22;16
192.0;9;20;11;21;57;23;12;22;15
198.0;10;20;11;21;56;23;12;21;16
204.0;10;20;10;20;57;21;13;22;17
210.0;10;22;9;20;58;22;13;21;15
216.0;11;24;8;18;56;23;14;20;16
222.0;10;27;8;16;56;20;14;22;17
228.0;11;30;8;16;57;18;13;22;15
234.0;10;32;7;14;56;19;13;20;19
240.0;8;31;10;15;58;18;11;17;22
246.0;9;30;10;15;58;21;11;18;18
252.0;10;28;11;13;58;22;12;19;17
258.0;9;27;11;17;56;20;13;18;19
264.0;9;25;12;17;55;20;15;19;18
270.0;8;26;12;18;54;21;15;16;20
276.0;8;23;13;21;54;18;13;19;21
282.0;8;22;10;24;55;18;11;21;21
288.0;8;20;11;24;56;17;12;21;21
294.0;9;19;11;24;57;16;13;21;20
300.0;10;18;12;23;59;17;12;22;17
306.0;12;18;12;22;59;18;11;22;16
312.0;13;18;12;22;60;16;11;22;16
318.0;14;21;11;20;61;15;13;21;14
324.0;14;21;12;20;60;16;11;22;14
330.0;13;22;10;18;61;16;13;25;12
336.0;10;22;13;18;61;15;13;24;14
342.0;9;20;11;19;62;18;13;23;15
348.0;9;20;12;20;62;18;13;23;13
354.0;8;19;9;21;62;17;15;23;16
360.0;10;20;9;21;62;17;13;24;14
366.0;11;19;9;20;65;15;13;22;16
372.0;13;20;8;20;65;14;13;22;15
378.0;10;18;10;21;66;14;15;22;14
384.0;13;18;10;21;67;13;13;22;13
390.0;11;19;8;21;68;14;13;22;14
396.0;13;17;6;20;70;15;13;22;14
402.0;13;16;6;21;71;16;13;23;11
408.0;12;16;8;21;71;16;13;22;11
414.0;12;16;9;21;72;15;12;22;11
420.0;10;19;7;19;75;13;13;23;11
426.0;11;22;7;20;73;13;12;23;9
432.0;10;20;7;21;73;14;13;22;10
438.0;10;20;9;22;77;15;9;22;6
444.0;12;20;9;21;77;15;9;21;6
450.0;13;18;8;21;76;16;10;20;8
456.0;13;17;7;25;76;15;9;19;9
462.0;13;17;7;25;75;17;8;19;9
468.0;16;17;8;23;75;16;8;18;9
474.0;18;17;9;21;76;17;6;17;9
480.0;17;15;11;21;77;18;6;17;8
486.0;15;16;11;19;78;17;6;19;9
492.0;16;16;8;18;78;18;7;19;10
498.0;14;17;8;18;77;22;6;20;8
504.0;13;19;7;21;77;21;6;19;7
510.0;13;17;7;20;77;20;7;21;8
516.0;13;18;7;20;79;18;6;21;8
522.0;13;16;6;22;80;17;6;21;9
528.0;14;17;5;21;80;18;7;20;8
534.0;15;16;5;22;79;18;8;19;8
540.0;15;15;5;23;78;19;7;19;9
546.0;16;15;4;28;77;18;8;16;8
552.0;12;16;3;27;78;20;9;16;9
558.0;11;17;3;25;78;18;12;17;9
564.0;11;16;3;24;79;17;12;18;10
570.0;10;16;5;25;79;18;11;17;9
576.0;8;16;6;28;78;18;10;17;9
582.0;6;18;8;28;76;21;9;17;7
588.0;6;18;10;27;78;20;8;16;7
594.0;5;18;9;25;78;22;9;17;7
600.0;4;18;9;25;79;22;10;17;6
606.0;4;19;10;26;79;19;10;17;6
612.0;6;18;9;26;79;19;10;16;7
618.0;6;16;8;25;80;19;11;17;8
624.0;5;17;7;27;79;21;10;17;7
630.0;5;19;6;24;80;22;11;16;7
636.0;5;21;5;22;80;22;10;19;6
642.0;6;19;6;21;80;23;9;19;7
648.0;5;19;7;20;82;20;9;21;7
654.0;4;19;9;17;83;21;8;23;6
660.0;4;19;9;16;85;20;9;23;5
666.0;4;18;8;16;86;21;10;23;4
672.0;4;20;8;14;85;20;10;23;6
678.0;5;21;8;15;83;20;10;20;8
684.0;6;23;9;15;80;20;9;19;9
690.0;6;25;9;14;80;19;9;20;8
696.0;6;26;11;14;79;19;7;20;8
702.0;6;27;11;14;80;20;7;19;6
708.0;6;25;10;16;81;21;8;16;7
714.0;6;25;10;16;81;20;8;17;7
720.0;4;21;9;17;84;21;8;16;10
726.0;5;21;10;17;84;21;7;14;11
732.0;7;21;9;16;82;21;10;14;10
738.0;7;21;10;18;80;20;11;13;10
744.0;10;19;11;17;77;19;11;16;10
750.0;8;21;13;17;77;18;12;16;8
756.0;8;20;15;19;74;18;12;14;10
762.0;7;20;16;19;74;16;11;15;12
768.0;7;21;14;18;72;19;11;17;11
774.0;11;20;16;20;71;17;9;16;10
780.0;11;18;15;18;74;16;10;18;10
786.0;10;18;14;18;73;18;9;21;9
792.0;10;17;13;17;73;21;11;19;9
798.0;11;16;11;17;72;23;10;20;10
804.0;14;15;11;17;73;22;8;19;11
810.0;12;15;11;18;73;21;10;19;11
816.0;11;16;11;18;72;21;11;20;10
822.0;12;15;12;18;74;21;8;20;10
828.0;12;14;12;20;73;22;10;18;9
834.0;13;15;11;19;74;21;10;18;9
840.0;12;16;12;20;73;21;9;18;9
846.0;13;16;10;18;74;20;9;19;11
852.0;14;16;10;17;76;22;8;16;11
858.0;14;16;10;19;76;20;8;16;11
864.0;11;17;11;18;73;22;8;16;14
870.0;9;18;12;19;75;21;8;13;15
876.0;9;16;11;21;76;19;8;13;17
882.0;9;18;10;22;76;20;7;13;15
888.0;7;19;12;23;77;19;8;11;14
894.0;6;19;13;25;76;18;7;10;16
900.0;6;19;11;25;78;18;7;10;16
906.0;7;17;9;24;79;20;7;11;16
912.0;7;17;7;25;80;21;6;11;16
918.0;8;17;7;25;80;20;6;11;16
924.0;8;16;9;27;81;17;6;12;14
930.0;9;15;9;27;81;18;5;10;16
936.0;8;15;11;27;81;17;6;10;15
942.0;7;15;11;28;82;17;6;11;13
948.0;6;14;11;28;83;17;5;12;14
954.0;8;13;9;31;84;16;4;12;13
960.0;9;17;10;27;84;17;5;11;10
966.0;10;17;7;28;82;19;5;11;11
972.0;10;14;6;28;81;22;5;14;10
978.0;12;13;5;25;80;23;7;14;11
984.0;13;14;6;24;79;22;8;13;11
990.0;10;12;6;24;79;24;9;15;11
996.0;9;11;7;21;79;24;11;17;11
1002.0;9;11;6;20;78;25;10;19;12
1008.0;8;15;6;21;77;25;8;19;11
1014.0;12;14;7;19;77;22;8;21;10
1020.0;12;14;7;17;80;19;8;22;11
1026.0;12;15;9;18;79;18;7;22;10
1032.0;15;16;7;18;78;19;6;21;10
1038.0;12;15;7;20;79;19;6;23;9
1044.0;13;19;7;15;79;17;7;23;10
1050.0;12;20;7;15;81;16;9;22;8
1056.0;12;21;9;14;82;14;9;21;8
1062.0;11;21;9;14;82;13;8;22;10
1068.0;10;21;10;15;83;11;8;22;10
1074.0;9;23;9;14;82;13;9;20;11
1080.0;9;22;10;17;82;13;8;18;11
1086.0;10;22;11;18;82;13;5;18;11
1092.0;10;21;8;17;82;14;5;20;13
1098.0;8;22;10;16;84;15;5;16;14
1104.0;7;22;9;15;84;15;5;17;16
1110.0;9;24;9;16;82;17;5;18;10
1116.0;7;24;8;16;82;17;6;19;11
1122.0;9;25;7;15;82;17;6;18;11
1128.0;8;25;6;15;84;14;7;19;12
1134.0;8;24;6;15;84;14;9;17;13
1140.0;9;25;9;15;84;13;8;16;11
1146.0;9;26;8;15;84;13;8;16;11
1152.0;7;25;11;16;83;15;8;15;10
1158.0;5;24;13;18;82;15;7;16;10
1164.0;4;24;14;17;82;16;6;17;10
1170.0;8;23;13;18;86;16;6;13;7
1176.0;7;21;12;19;85;17;6;12;11
1182.0;6;21;11;18;83;19;7;14;11
1188.0;4;21;11;19;83;20;7;15;10
1194.0;3;21;11;18;83;19;8;16;11
1200.0;4;22;11;17;83;19;8;15;11
1206.0;5;20;12;16;83;17;12;14;11
1212.0;5;20;9;16;82;18;13;14;13
1218.0;4;19;11;17;81;18;12;17;11
1224.0;7;19;12;18;77;19;11;17;10
1230.0;8;19;10;21;76;18;10;17;11
1236.0;8;21;6;22;77;17;11;17;11
1242.0;9;20;7;22;77;19;9;17;10
1248.0;9;21;8;21;75;19;10;17;10
1254.0;10;22;9;20;75;19;8;17;10
1260.0;9;19;11;20;77;19;9;17;9
1266.0;8;18;11;20;76;21;10;19;7
1272.0;8;18;13;20;75;20;10;17;9
1278.0;9;16;13;20;76;19;10;18;9
1284.0;9;16;14;21;77;21;8;17;7
1290.0;7;19;13;21;77;22;7;16;8
1296.0;7;21;13;19;77;22;6;16;9
1302.0;8;21;11;19;76;24;7;16;8
1308.0;8;22;10;20;77;21;6;18;8
1314.0;6;23;9;18;77;23;6;20;8
1320.0;6;24;8;19;78;22;7;19;7
1326.0;8;25;8;19;79;22;5;19;5
1332.0;6;24;9;19;80;20;6;19;7
1338.0;6;23;10;17;81;23;7;17;6
1344.0;7;21;12;17;81;21;6;18;7
1350.0;7;21;10;18;80;20;6;19;9
1356.0;7;21;11;17;80;20;5;21;8
1362.0;8;23;10;18;79;18;4;21;9
1368.0;7;26;10;18;76;19;3;20;11
1374.0;7;28;7;20;75;19;4;20;10
1380.0;8;27;6;21;74;20;4;20;10
1386.0;6;26;6;22;76;20;4;20;10
1392.0;5;27;8;20;74;22;5;19;10
1398.0;6;26;8;19;75;23;5;20;8
1404.0;6;26;9;20;76;23;5;20;5
1410.0;7;26;10;18;76;22;6;19;6
1416.0;8;26;10;20;75;22;5;17;7
1422.0;9;26;11;18;78;20;6;18;4
1428.0;10;24;10;19;80;20;5;18;4
1434.0;10;23;9;18;81;20;5;18;6
1440.0;8;22;11;18;82;19;4;19;7
1446.0;8;25;9;17;84;17;4;20;6
1452.0;8;25;11;18;83;15;5;20;5
1458.0;6;26;12;18;83;16;5;20;4
1464.0;5;27;12;19;82;16;6;18;5
1470.0;6;27;9;19;82;18;7;18;4
1476.0;6;26;8;17;81;21;6;20;5
1482.0;8;26;7;17;82;21;6;19;4
1488.0;9;26;6;17;80;20;7;21;4
1494.0;10;25;5;18;81;20;7;21;3
1500.0;10;22;5;18;83;20;7;22;3
1506.0;11;22;5;18;81;20;7;22;4
1512.0;11;22;7;17;81;19;7;21;5
1518.0;9;21;9;18;81;21;7;18;6
1524.0;7;21;10;18;80;23;6;18;7
1530.0;10;20;10;18;80;22;6;18;6
1536.0;8;16;11;20;81;24;7;17;6
1542.0;6;14;12;20;81;25;7;19;6
1548.0;6;14;12;20;82;24;7;19;6
1554.0;6;14;12;21;81;24;7;19;6
1560.0;7;14;12;20;81;26;6;17;7
1566.0;7;14;11;21;81;27;5;17;7
1572.0;8;15;12;22;81;26;4;16;6
1578.0;7;15;12;23;81;26;5;16;5
1584.0;7;13;12;23;82;25;4;17;7
1590.0;9;14;9;21;82;25;6;19;5
1596.0;8;15;8;21;81;24;8;20;5
1602.0;8;15;8;19;82;26;7;20;5
1608.0;8;14;7;21;82;26;8;19;5
1614.0;9;14;6;19;81;27;10;19;5
1620.0;6;14;6;19;84;24;10;21;6
1626.0;8;15;6;18;82;23;10;21;7
1632.0;10;17;5;19;80;22;9;21;7
1638.0;11;17;6;18;78;23;6;24;7
1644.0;12;16;6;18;77;24;6;25;6
1650.0;12;16;8;17;78;23;5;26;5
1656.0;12;14;9;20;77;21;5;28;4
1662.0;11;14;11;19;75;21;7;30;2
1668.0;11;15;12;17;75;21;6;29;4
1674.0;10;14;13;18;72;25;7;26;5
1680.0;10;14;11;18;73;25;8;26;5
1686.0;10;12;11;18;74;25;9;25;6
1692.0;9;11;12;19;73;24;10;25;7
1698.0;10;11;12;18;73;25;9;26;6
1704.0;11;10;12;18;73;23;9;28;6
1710.0;12;9;11;19;74;21;9;27;8
1716.0;12;8;11;19;73;18;9;28;12
1722.0;11;7;13;19;76;16;8;29;11
1728.0;11;7;13;20;76;16;9;29;9
1734.0;11;10;11;19;75;15;10;29;10
1740.0;11;13;12;18;76;12;11;26;11
1746.0;12;14;11;19;76;10;12;26;10
1752.0;11;13;12;21;76;11;11;27;8
1758.0;11;14;11;20;76;12;10;28;8
1764.0;11;16;9;20;76;12;10;26;10
1770.0;10;16;9;19;78;11;10;25;12
1776.0;11;17;9;21;74;10;10;26;12
1782.0;11;17;11;21;72;11;9;26;12
1788.0;12;18;11;21;73;11;7;26;11
1794.0;12;19;9;22;73;11;7;25;12
