#auto generated file!
12.0;44;54;35;44;34;42;31;49;57
18.0;42;57;38;41;39;41;31;51;50
24.0;44;56;36;45;38;41;28;51;51
30.0;43;58;34;47;40;44;25;50;49
36.0;41;58;40;49;41;44;24;48;45
42.0;35;57;42;49;43;49;25;50;40
48.0;35;57;40;48;50;49;28;49;34
54.0;33;57;44;51;54;51;25;49;26
60.0;28;58;41;50;58;53;26;50;26
66.0;28;55;40;49;59;53;27;50;29
72.0;27;55;37;46;64;50;27;55;29
78.0;26;52;36;50;65;52;25;59;25
84.0;25;53;34;53;66;51;24;58;26
90.0;22;54;34;48;67;52;23;61;29
96.0;22;51;33;50;67;51;21;66;29
102.0;23;49;34;51;68;50;23;64;28
108.0;21;50;34;50;72;52;22;61;28
114.0;20;52;32;48;73;51;22;61;31
120.0;22;47;33;47;74;52;22;61;32
126.0;19;50;31;46;74;48;24;64;34
132.0;22;50;30;49;75;44;23;66;31
138.0;20;47;26;53;77;46;26;65;30
144.0;20;48;24;49;76;49;28;64;32
150.0;19;47;27;47;76;52;28;63;31
156.0;21;45;28;45;79;55;26;61;30
162.0;28;44;25;45;81;53;24;62;28
168.0;30;48;24;45;81;51;25;61;25
174.0;30;48;22;47;82;50;26;63;22
180.0;26;49;23;44;88;49;25;63;23
186.0;26;49;25;43;89;49;22;65;22
192.0;26;52;27;41;93;49;18;64;20
198.0;26;57;27;42;94;47;18;63;16
204.0;22;57;28;41;95;44;21;64;18
210.0;20;60;31;38;93;44;25;61;18
216.0;22;57;28;38;97;44;26;58;20
222.0;23;59;25;39;97;47;23;56;21
228.0;23;56;27;40;98;47;25;54;20
234.0;22;58;26;37;101;47;25;55;19
240.0;21;57;27;34;102;48;27;53;21
246.0;20;57;28;36;104;48;29;49;19
252.0;18;56;28;41;107;48;29;45;18
258.0;21;60;25;39;110;46;28;43;18
264.0;18;59;26;41;112;44;28;43;19
270.0;16;57;29;42;112;44;27;42;21
276.0;17;55;28;42;113;45;26;42;22
282.0;20;52;28;42;114;44;23;45;22
288.0;21;54;29;41;116;46;20;44;19
294.0;20;53;30;44;115;42;23;43;20
300.0;18;54;30;44;115;41;22;46;20
306.0;18;54;29;48;115;38;23;43;22
312.0;18;51;28;48;115;38;24;45;23
318.0;17;49;28;49;114;38;24;46;25
324.0;16;47;29;48;116;40;21;46;27
330.0;15;47;25;47;116;41;22;46;31
336.0;18;47;26;47;115;41;21;43;32
342.0;18;48;25;46;117;42;21;42;31
348.0;18;45;28;44;118;44;21;37;35
354.0;22;42;29;44;117;40;25;41;30
360.0;21;42;28;45;117;41;24;41;31
366.0;18;41;29;48;119;40;25;40;30
372.0;17;37;27;45;119;45;30;41;29
378.0;16;39;29;41;119;47;33;40;26
384.0;18;37;30;39;120;47;32;41;26
390.0;18;35;29;38;128;47;31;42;22
396.0;18;38;30;34;130;43;30;45;22
402.0;22;37;29;32;129;43;29;46;23
408.0;20;39;25;32;134;42;30;44;24
414.0;19;37;27;32;134;43;32;44;22
420.0;17;34;29;31;137;44;30;44;24
426.0;19;40;26;31;134;46;27;44;23
432.0;20;38;25;31;137;45;25;46;23
438.0;19;37;25;35;137;47;25;46;19
444.0;18;38;26;33;139;47;22;47;20
450.0;17;38;27;32;139;49;20;45;23
456.0;15;38;28;33;140;48;22;44;22
462.0;14;38;27;34;140;46;23;40;28
468.0;14;35;27;37;143;48;20;37;29
474.0;13;34;27;38;145;50;19;37;27
480.0;14;35;27;37;146;49;17;36;29
486.0;17;35;25;38;146;49;16;38;26
492.0;16;37;23;37;148;50;15;40;24
498.0;16;37;20;36;150;52;14;40;25
504.0;19;34;22;36;147;52;16;42;22
510.0;15;33;20;35;147;53;20;44;23
516.0;15;36;19;32;147;51;23;45;22
522.0;17;34;19;34;148;52;21;43;22
528.0;19;34;19;34;148;50;20;44;22
534.0;20;35;18;35;149;49;19;43;22
540.0;21;38;18;32;149;51;16;44;21
546.0;23;36;15;35;149;54;17;42;19
552.0;25;37;15;34;151;54;15;42;17
558.0;24;37;13;36;151;54;13;46;16
564.0;28;37;13;35;152;56;13;43;13
570.0;26;35;14;35;153;59;11;43;14
576.0;26;36;14;36;152;54;15;44;13
582.0;24;37;17;36;154;54;14;43;11
588.0;23;36;18;35;149;51;15;49;14
594.0;24;35;17;34;149;51;20;46;14
600.0;25;34;21;32;146;50;21;47;14
606.0;25;30;19;35;150;47;20;48;16
612.0;25;31;21;32;150;46;20;51;14
618.0;22;30;22;33;148;48;17;54;16
624.0;21;32;23;36;150;42;16;55;15
630.0;22;34;20;36;149;40;18;55;16
636.0;21;35;21;35;148;39;19;53;19
642.0;24;38;17;35;149;38;19;51;19
648.0;27;34;18;36;148;37;21;49;20
654.0;28;36;18;37;149;38;18;47;19
660.0;26;37;19;37;149;39;18;46;19
666.0;30;36;18;38;145;40;18;46;19
672.0;32;34;17;39;145;41;18;43;21
678.0;30;33;19;34;148;43;19;46;18
684.0;26;35;18;35;148;43;20;45;20
690.0;24;35;22;36;146;43;19;45;20
696.0;27;39;23;33;145;41;19;46;17
702.0;24;39;22;32;143;43;24;46;17
708.0;23;39;20;36;145;41;23;44;19
714.0;23;38;16;39;148;41;24;42;19
720.0;22;38;19;39;147;44;21;41;19
726.0;22;41;17;36;148;42;22;42;20
732.0;22;40;16;36;148;42;24;40;22
738.0;21;39;17;34;151;44;23;39;22
744.0;23;37;15;34;152;42;25;37;25
750.0;22;38;14;35;152;45;26;35;23
756.0;19;35;13;35;154;47;28;32;27
762.0;17;36;15;35;157;49;27;29;25
768.0;18;38;15;33;159;50;25;28;24
774.0;18;38;14;35;157;50;29;29;20
780.0;14;38;15;35;158;51;31;28;20
786.0;13;41;17;33;160;51;29;27;19
792.0;15;41;18;32;162;52;27;25;18
798.0;13;43;18;32;164;50;25;26;19
804.0;13;43;18;31;164;50;25;27;19
810.0;13;43;16;30;164;50;28;26;20
816.0;18;43;17;32;158;51;25;27;19
822.0;19;42;19;31;159;48;25;28;19
828.0;19;43;20;30;159;47;22;32;18
834.0;20;46;19;29;157;48;18;34;19
840.0;19;47;24;31;158;45;17;32;17
846.0;21;46;25;33;158;44;17;29;17
852.0;19;47;25;33;158;43;18;32;15
858.0;19;43;25;33;160;42;19;32;17
864.0;20;43;20;31;162;41;16;37;20
870.0;19;42;18;32;165;39;17;37;21
876.0;22;43;18;31;165;39;14;35;23
882.0;21;43;17;33;163;39;12;40;22
888.0;19;43;18;34;164;39;11;40;22
894.0;19;42;19;34;163;40;11;41;21
900.0;21;42;16;38;161;39;14;40;19
906.0;23;40;17;37;161;38;14;40;20
912.0;24;40;17;34;161;37;16;39;22
918.0;26;40;15;35;162;35;17;41;19
924.0;20;40;12;40;162;35;17;46;18
930.0;19;42;14;40;165;34;18;43;15
936.0;17;41;14;40;166;37;15;45;15
942.0;18;41;13;41;166;36;14;45;16
948.0;17;42;15;38;163;37;14;46;18
954.0;18;41;15;39;167;36;13;43;18
960.0;17;41;15;35;170;35;15;41;21
966.0;17;39;17;36;169;33;17;40;22
972.0;14;38;19;35;169;35;17;41;22
978.0;13;39;18;34;170;35;18;43;20
984.0;13;40;18;36;173;35;19;41;15
990.0;15;41;17;37;173;37;18;38;14
996.0;15;40;20;34;171;38;18;36;18
1002.0;16;40;22;32;174;37;18;36;15
1008.0;18;41;20;31;174;37;18;35;16
1014.0;20;41;17;29;175;35;18;37;18
1020.0;20;37;15;29;178;39;14;38;20
1026.0;21;38;16;26;178;38;17;37;19
1032.0;20;39;16;29;177;39;14;37;19
1038.0;21;39;14;29;176;39;14;37;21
1044.0;22;39;15;30;175;38;13;38;20
1050.0;22;37;17;30;174;37;15;38;20
1056.0;21;35;19;30;175;39;18;34;19
1062.0;20;37;21;31;176;38;16;33;18
1068.0;19;37;23;32;177;39;17;29;17
1074.0;17;41;23;34;177;39;16;29;14
1080.0;17;39;25;36;176;40;17;27;13
1086.0;18;40;26;37;175;36;15;27;16
1092.0;17;44;20;40;174;34;16;29;16
1098.0;16;41;21;39;174;32;17;31;19
1104.0;18;39;22;39;175;31;18;32;16
1110.0;19;39;22;38;176;31;17;31;17
1116.0;20;37;21;37;176;32;16;33;18
1122.0;23;36;20;36;176;31;16;35;17
1128.0;20;35;19;41;176;30;14;38;17
1134.0;22;37;20;38;179;30;11;37;16
1140.0;21;37;20;34;182;27;10;39;20
1146.0;23;36;17;36;184;24;11;40;19
1152.0;24;36;16;36;183;24;12;42;17
1158.0;23;37;14;38;186;24;13;40;15
1164.0;22;40;14;36;182;26;15;38;17
1170.0;23;41;18;35;180;26;15;36;16
1176.0;19;39;19;38;178;27;15;39;16
1182.0;19;41;18;40;176;28;14;39;15
1188.0;17;38;18;43;176;29;15;39;15
1194.0;16;38;20;44;178;32;11;37;14
1200.0;18;36;18;45;178;32;12;37;14
1206.0;17;38;18;42;178;33;12;37;15
1212.0;17;38;16;42;176;34;13;37;17
1218.0;16;39;17;40;172;37;13;38;18
1224.0;15;41;15;41;173;38;12;37;18
1230.0;15;39;18;40;173;37;9;35;24
1236.0;13;39;20;39;175;34;10;36;24
1242.0;16;38;21;39;175;33;12;36;20
1248.0;15;37;21;39;172;34;17;36;19
1254.0;16;37;20;38;175;34;15;36;19
1260.0;14;36;20;42;176;34;16;35;17
1266.0;11;34;18;42;178;36;15;36;20
1272.0;11;30;18;46;178;36;15;34;22
1278.0;10;28;15;43;182;37;15;35;25
1284.0;11;28;18;43;184;37;14;34;21
1290.0;10;29;17;46;186;37;14;32;19
1296.0;9;30;15;49;183;34;18;31;21
1302.0;7;29;17;53;181;38;16;32;17
1308.0;9;29;16;50;179;40;16;32;19
1314.0;13;29;16;47;178;41;18;31;17
1320.0;14;28;16;42;179;40;20;35;16
1326.0;13;27;19;39;178;43;20;37;14
1332.0;13;27;18;37;181;42;18;40;14
1338.0;12;25;17;38;184;39;20;39;16
1344.0;15;24;14;39;189;37;14;39;19
1350.0;21;26;11;40;192;35;12;38;15
1356.0;19;29;14;39;188;38;11;37;15
1362.0;19;30;13;37;187;40;10;35;19
1368.0;18;30;14;37;188;41;9;34;19
1374.0;19;30;16;35;188;39;9;34;20
1380.0;17;30;16;33;189;40;9;38;18
1386.0;19;26;17;31;186;43;10;39;19
1392.0;19;26;19;30;186;44;9;39;18
1398.0;17;27;18;31;186;42;12;36;21
1404.0;13;30;18;31;185;45;12;35;21
1410.0;14;29;20;31;184;44;11;36;21
1416.0;13;36;19;27;183;45;13;35;19
1422.0;13;36;19;25;187;44;13;36;17
1428.0;12;36;22;27;186;42;12;36;17
1434.0;13;38;22;28;186;41;10;36;16
1440.0;13;40;22;27;185;40;13;36;14
1446.0;13;38;28;24;182;41;14;34;16
1452.0;14;38;27;24;183;42;13;32;17
1458.0;16;39;22;25;180;41;16;32;19
1464.0;16;40;20;27;179;42;18;29;19
1470.0;15;43;15;30;176;40;21;30;20
1476.0;18;42;14;30;176;40;21;28;21
1482.0;19;40;14;31;178;40;22;24;22
1488.0;19;37;17;33;177;38;22;24;23
1494.0;18;40;19;31;176;36;25;21;24
1500.0;19;39;18;31;176;40;24;22;21
1506.0;19;41;19;31;177;40;22;21;20
1512.0;22;40;17;30;175;38;26;22;20
1518.0;23;41;15;29;177;35;27;23;20
1524.0;22;40;17;29;176;34;26;25;21
1530.0;19;43;18;33;178;34;22;22;21
1536.0;19;44;17;29;180;36;19;22;24
1542.0;19;43;19;30;179;36;19;23;22
1548.0;17;47;19;30;178;37;17;23;22
1554.0;17;47;17;31;175;36;17;25;25
1560.0;13;49;16;33;174;36;15;25;29
1566.0;14;48;15;33;172;37;18;24;29
1572.0;14;47;15;32;174;38;15;28;27
1578.0;16;45;16;36;173;36;14;30;24
1584.0;16;44;17;38;173;36;13;31;22
1590.0;17;43;17;38;177;36;14;31;17
1596.0;17;43;17;39;180;34;12;33;15
1602.0;15;42;15;38;183;36;11;33;17
1608.0;17;43;13;39;183;36;9;33;17
1614.0;16;45;13;38;183;38;8;34;15
1620.0;17;43;14;39;182;36;9;35;15
1626.0;14;45;13;42;180;34;11;35;16
1632.0;16;46;13;41;179;31;12;36;16
1638.0;14;42;18;38;178;31;15;36;18
1644.0;15;41;17;39;177;30;17;36;18
1650.0;15;42;18;38;176;31;14;36;20
1656.0;15;34;18;42;179;35;15;33;19
1662.0;17;33;19;41;180;36;13;31;20
1668.0;16;34;18;42;180;33;14;33;20
1674.0;15;37;19;40;176;36;14;32;21
1680.0;16;37;19;41;177;34;14;34;18
1686.0;19;38;20;42;173;32;15;34;17
1692.0;17;38;22;42;172;30;14;34;21
1698.0;16;37;23;44;171;27;15;34;23
1704.0;14;39;23;43;172;29;15;34;21
1710.0;15;39;23;44;173;29;14;35;18
1716.0;16;39;22;42;176;32;16;29;18
1722.0;14;41;22;41;175;30;17;33;17
1728.0;15;40;22;40;175;31;15;35;17
1734.0;14;39;19;42;175;32;16;38;15
1740.0;16;35;18;42;175;33;16;39;16
1746.0;15;38;18;43;177;33;14;37;15
1752.0;20;36;19;43;176;32;13;33;18
1758.0;19;39;19;44;172;32;12;33;20
1764.0;18;40;17;44;173;32;12;34;20
1770.0;19;36;16;48;173;34;12;34;18
1776.0;17;40;14;47;170;37;12;33;20
1782.0;18;38;14;48;169;34;14;32;23
1788.0;16;40;12;48;171;33;14;32;24
1794.0;17;38;15;48;169;33;15;31;24
