#auto generated file!
12.0;31;26;29;23;37;11;22;24;27
18.0;28;30;28;23;36;12;23;28;22
24.0;25;28;25;25;36;13;23;31;24
30.0;25;25;24;27;37;14;22;32;24
36.0;22;25;21;29;40;14;23;31;25
42.0;23;25;19;30;42;17;18;31;25
48.0;21;27;17;29;43;19;17;31;26
54.0;20;28;16;29;43;23;16;31;24
60.0;19;24;17;30;47;20;19;32;22
66.0;17;25;15;30;49;22;20;31;21
72.0;15;26;17;30;51;23;19;29;20
78.0;18;27;16;28;51;23;19;28;20
84.0;21;27;13;26;52;24;21;26;20
90.0;20;27;14;28;52;23;21;28;17
96.0;19;26;14;29;54;23;21;30;14
102.0;18;25;16;27;53;24;21;27;19
108.0;19;24;12;27;53;26;19;29;21
114.0;18;23;13;27;55;27;19;28;20
120.0;17;22;15;29;55;27;15;30;20
126.0;15;25;10;27;59;27;15;32;20
132.0;15;27;8;27;60;28;16;29;20
138.0;15;29;10;28;60;27;15;28;18
144.0;16;28;9;28;60;29;14;28;18
150.0;14;29;11;26;62;29;18;26;15
156.0;12;28;13;28;64;28;16;28;13
162.0;13;28;13;26;64;25;13;30;18
168.0;11;28;15;26;64;24;13;29;20
174.0;13;28;13;26;66;24;16;26;18
180.0;12;29;12;28;65;26;14;28;16
186.0;13;30;12;28;65;26;14;27;15
192.0;13;29;11;28;64;28;17;25;15
198.0;14;28;9;29;66;26;16;25;17
204.0;13;28;10;28;65;26;16;25;19
210.0;13;28;8;29;65;25;18;23;21
216.0;15;25;8;29;66;25;18;22;22
222.0;15;24;7;29;66;25;18;23;23
228.0;14;25;9;31;67;23;14;25;22
234.0;12;27;7;32;67;22;14;26;23
240.0;11;27;9;31;66;22;11;29;24
246.0;12;26;9;34;66;24;9;30;20
252.0;13;28;10;32;66;22;10;30;19
258.0;11;28;11;31;69;21;8;31;20
264.0;9;30;13;30;70;20;9;30;19
270.0;9;30;13;27;75;20;10;28;18
276.0;12;28;15;27;77;21;8;26;16
282.0;14;27;14;24;78;23;8;26;16
288.0;13;27;13;24;78;25;9;26;15
294.0;10;28;12;24;78;26;10;29;13
300.0;10;28;11;23;80;24;11;30;13
306.0;11;26;13;22;81;24;10;30;13
312.0;11;23;14;23;83;25;11;27;13
318.0;12;23;12;24;84;26;10;26;13
324.0;12;22;9;25;83;27;12;27;13
330.0;14;21;10;28;82;24;11;28;12
336.0;14;19;13;24;81;28;11;26;14
342.0;18;20;11;22;82;26;10;26;15
348.0;15;21;12;23;81;26;10;26;16
354.0;14;20;13;22;82;24;13;26;16
360.0;14;20;13;22;83;23;11;27;17
366.0;13;17;13;22;83;22;12;30;18
372.0;12;18;12;20;83;24;13;30;18
378.0;14;19;11;20;83;24;12;30;17
384.0;15;18;12;20;85;23;13;29;15
390.0;16;20;11;20;85;24;14;26;14
396.0;16;20;10;23;88;24;15;25;9
402.0;16;19;8;22;91;24;13;26;11
408.0;15;19;9;21;91;22;16;26;11
414.0;15;18;8;21;91;23;15;28;11
420.0;15;19;6;24;91;22;14;29;10
426.0;12;19;9;22;91;20;13;32;12
432.0;12;19;9;24;93;19;11;30;13
438.0;11;19;8;21;93;20;14;30;14
444.0;9;21;6;22;93;22;14;30;13
450.0;9;21;7;22;93;22;16;30;10
456.0;9;18;8;24;93;22;15;30;11
462.0;8;19;9;24;94;22;14;30;10
468.0;7;20;10;21;93;23;15;30;11
474.0;7;21;10;24;93;24;12;28;11
480.0;9;21;11;26;93;24;11;25;10
486.0;9;23;13;26;94;22;10;24;9
492.0;9;23;14;27;93;22;10;24;8
498.0;7;21;16;29;92;21;10;25;9
504.0;7;21;15;30;93;21;9;23;11
510.0;7;20;16;29;92;20;8;23;15
516.0;8;20;16;30;92;19;9;25;11
522.0;7;20;15;30;96;19;10;23;10
528.0;8;20;14;31;95;17;10;23;12
534.0;6;21;14;29;96;18;12;22;12
540.0;6;21;16;28;97;18;11;22;11
546.0;7;21;15;29;96;19;11;22;10
552.0;8;22;16;28;97;20;8;21;10
558.0;8;24;16;26;98;19;7;24;8
564.0;9;25;16;23;100;17;7;23;10
570.0;9;25;16;23;100;18;7;24;8
576.0;10;24;15;21;100;17;10;24;9
582.0;10;24;14;21;99;18;9;25;10
588.0;9;24;13;19;100;18;9;28;10
594.0;9;23;13;19;99;18;10;27;12
600.0;10;22;13;21;99;19;9;25;12
606.0;10;21;11;21;99;20;10;25;13
612.0;11;19;11;22;100;20;9;25;13
618.0;14;19;12;23;98;21;9;24;10
624.0;14;16;11;26;99;20;10;23;11
630.0;11;17;11;27;102;20;12;19;11
636.0;11;17;10;27;102;19;11;21;12
642.0;11;16;9;27;101;19;10;25;12
648.0;11;15;7;28;100;19;11;24;15
654.0;11;14;6;28;100;21;10;25;15
660.0;10;16;6;28;102;22;7;24;15
666.0;11;17;6;26;103;22;7;25;13
672.0;13;18;4;26;101;23;7;26;12
678.0;12;16;5;27;101;24;7;26;12
684.0;11;18;3;26;104;23;8;26;11
690.0;11;16;3;27;105;23;7;27;11
696.0;10;15;4;27;106;23;7;26;12
702.0;9;16;3;28;106;23;9;24;12
708.0;10;15;4;28;104;22;8;25;14
714.0;10;15;4;24;104;23;10;25;15
720.0;11;13;5;25;105;23;7;26;15
726.0;12;14;3;25;105;23;9;25;14
732.0;12;15;4;23;107;21;8;29;11
738.0;10;13;3;25;108;20;10;30;11
744.0;8;11;3;27;107;20;12;31;11
750.0;7;10;3;30;107;20;11;31;11
756.0;5;13;4;29;107;21;10;30;11
762.0;5;12;5;30;107;21;10;29;11
768.0;7;11;5;28;106;20;8;32;13
774.0;6;14;5;26;108;19;7;33;12
780.0;7;15;6;26;108;18;6;33;11
786.0;8;14;6;26;106;18;7;32;13
792.0;8;14;5;24;109;19;7;31;13
798.0;8;13;6;25;111;20;6;31;10
804.0;9;12;6;23;113;20;7;31;9
810.0;6;16;6;23;111;19;8;30;11
816.0;6;17;8;23;110;20;8;30;8
822.0;6;18;9;22;110;21;7;29;8
828.0;8;16;10;25;107;22;7;29;6
834.0;7;15;10;24;109;21;8;29;7
840.0;9;15;8;24;108;20;9;29;8
846.0;8;17;8;23;107;20;8;31;8
852.0;9;17;8;24;108;21;6;29;8
858.0;10;16;7;25;108;23;5;28;8
864.0;8;18;9;23;109;22;7;26;8
870.0;9;15;8;23;110;22;10;24;9
876.0;9;15;7;27;110;22;9;24;7
882.0;9;15;6;29;114;24;8;19;6
888.0;8;16;7;28;114;24;8;18;7
894.0;8;17;8;29;113;23;8;17;7
900.0;7;18;8;26;114;23;8;18;8
906.0;7;20;7;25;112;23;8;19;9
912.0;7;20;7;24;112;22;9;18;11
918.0;8;20;8;24;112;21;10;18;9
924.0;9;21;9;24;110;21;10;17;9
930.0;9;18;12;24;112;19;8;20;8
936.0;11;17;11;26;113;18;8;20;6
942.0;12;16;11;25;113;18;10;20;5
948.0;11;17;13;25;111;18;10;18;7
954.0;10;15;14;25;109;20;9;22;6
960.0;8;16;12;28;110;20;9;21;6
966.0;8;14;14;27;111;22;7;23;4
972.0;10;21;12;24;109;17;8;23;6
978.0;9;22;13;22;109;18;8;23;6
984.0;11;21;12;22;110;17;6;24;7
990.0;11;22;11;23;110;17;6;25;5
996.0;10;22;12;23;111;17;5;24;6
1002.0;11;20;10;25;113;16;4;26;5
1008.0;11;19;10;25;112;15;5;26;7
1014.0;10;20;11;23;111;16;6;28;5
1020.0;11;18;11;23;110;17;8;27;5
1026.0;11;16;11;23;109;19;8;27;6
1032.0;10;17;11;23;106;19;10;28;6
1038.0;6;17;10;23;109;19;10;27;9
1044.0;5;19;10;23;110;18;10;25;10
1050.0;4;19;10;26;107;19;10;25;10
1056.0;7;20;8;26;105;20;8;24;12
1062.0;7;19;8;25;106;18;10;23;14
1068.0;8;16;8;28;107;17;11;23;12
1074.0;6;18;8;27;106;17;10;25;13
1080.0;7;20;9;25;104;17;11;24;13
1086.0;9;17;10;24;107;17;11;23;12
1092.0;9;16;9;24;106;18;11;25;12
1098.0;10;15;8;24;110;18;9;25;11
1104.0;9;14;9;26;111;17;9;25;10
1110.0;8;13;10;26;110;18;8;25;12
1116.0;9;11;11;26;109;18;9;25;12
1122.0;10;10;11;26;108;18;11;25;11
1128.0;5;12;8;25;110;17;14;28;11
1134.0;6;13;7;26;110;17;13;27;11
1140.0;5;11;8;26;110;18;15;26;11
1146.0;6;11;5;24;111;20;15;25;13
1152.0;6;8;3;25;112;22;17;25;12
1158.0;6;8;3;23;112;23;18;27;10
1164.0;4;9;5;24;111;21;18;27;11
1170.0;6;8;7;22;112;22;18;25;10
1176.0;7;8;7;22;113;21;17;26;9
1182.0;7;9;6;21;112;22;15;28;10
1188.0;7;8;9;21;113;23;12;27;10
1194.0;6;10;8;21;111;24;13;27;10
1200.0;6;11;10;18;111;23;12;29;10
1206.0;6;12;9;18;110;23;12;28;12
1212.0;8;13;10;20;109;24;9;28;9
1218.0;8;15;12;21;107;23;9;25;10
1224.0;8;15;9;23;107;23;9;25;11
1230.0;7;14;9;21;107;23;11;25;13
1236.0;7;14;9;18;107;22;12;27;14
1242.0;6;14;9;18;109;22;10;29;13
1248.0;5;15;9;18;108;23;9;30;13
1254.0;5;14;10;20;109;22;8;29;13
1260.0;5;13;10;21;108;22;9;30;12
1266.0;4;12;11;21;108;22;9;31;12
1272.0;3;11;12;20;108;23;9;32;12
1278.0;6;9;10;20;110;23;8;32;12
1284.0;4;12;9;21;108;25;8;31;12
1290.0;4;14;9;22;104;28;8;30;11
1296.0;4;15;9;23;104;25;8;30;12
1302.0;4;14;11;23;104;26;8;29;11
1308.0;5;13;11;22;104;26;8;29;12
1314.0;7;13;8;22;103;30;6;29;12
1320.0;8;14;7;23;102;28;7;29;12
1326.0;13;16;8;21;101;23;9;28;11
1332.0;13;15;9;21;101;26;8;28;9
1338.0;15;14;10;19;104;27;6;27;8
1344.0;14;15;9;21;103;28;7;24;9
1350.0;13;14;11;20;102;27;7;25;11
1356.0;12;13;10;20;103;26;8;25;13
1362.0;14;12;10;20;103;25;7;25;14
1368.0;15;11;11;18;102;23;7;29;14
1374.0;16;10;9;20;102;24;5;27;17
1380.0;16;11;10;18;99;26;5;27;18
1386.0;18;11;7;16;99;26;9;27;17
1392.0;18;13;10;16;97;24;11;25;16
1398.0;17;13;10;17;97;24;13;24;15
1404.0;14;13;16;17;97;24;12;24;13
1410.0;13;12;15;18;97;24;11;25;15
1416.0;13;13;13;19;96;26;11;26;13
1422.0;10;12;12;21;98;25;10;28;14
1428.0;10;14;14;19;97;25;10;26;15
1434.0;13;15;12;21;98;24;11;25;11
1440.0;13;16;14;22;97;24;11;21;12
1446.0;12;16;14;22;98;27;11;20;10
1452.0;12;16;14;21;99;27;10;20;11
1458.0;13;14;15;22;98;27;10;20;11
1464.0;13;15;15;20;101;27;13;17;9
1470.0;16;13;16;20;100;26;15;17;7
1476.0;18;12;15;20;101;25;15;15;9
1482.0;18;13;15;21;101;24;12;17;9
1488.0;18;14;16;21;101;22;11;17;10
1494.0;18;15;17;22;99;19;12;18;10
1500.0;18;13;15;23;100;17;14;20;10
1506.0;19;15;14;21;102;16;12;19;12
1512.0;18;14;15;22;101;17;12;18;13
1518.0;19;14;14;22;100;17;12;20;12
1524.0;18;16;13;23;100;18;9;21;12
1530.0;16;17;13;25;98;18;8;22;13
1536.0;17;18;14;26;99;16;6;21;13
1542.0;16;17;15;27;99;16;6;20;14
1548.0;16;18;16;27;102;15;5;18;13
1554.0;17;15;14;28;103;14;7;19;13
1560.0;15;16;16;28;101;14;7;21;12
1566.0;15;13;14;27;102;15;7;22;15
1572.0;14;13;13;27;102;17;7;22;15
1578.0;15;13;11;23;103;16;6;24;19
1584.0;15;14;11;23;103;15;7;23;19
1590.0;13;14;13;24;105;14;7;22;18
1596.0;11;17;13;25;106;13;6;23;16
1602.0;12;18;8;28;104;12;8;24;16
1608.0;10;19;7;28;106;14;9;21;16
1614.0;8;17;10;27;106;16;8;21;17
1620.0;10;16;8;27;106;17;11;20;15
1626.0;11;14;9;28;105;17;9;22;15
1632.0;11;14;8;27;105;19;9;21;16
1638.0;10;13;6;30;107;20;9;23;12
1644.0;10;13;5;29;108;21;10;23;11
1650.0;9;15;4;30;109;21;10;22;10
1656.0;10;17;3;29;110;21;11;20;9
1662.0;12;17;3;29;111;20;11;18;9
1668.0;10;16;5;29;109;20;11;19;11
1674.0;10;16;4;29;111;19;11;19;11
1680.0;9;16;5;29;109;20;10;21;11
1686.0;9;18;5;27;109;20;11;20;11
1692.0;8;18;5;27;110;22;10;20;10
1698.0;8;19;6;26;112;22;10;19;8
1704.0;9;18;7;26;111;23;13;17;6
1710.0;9;17;8;25;112;21;13;19;6
1716.0;9;16;8;25;114;20;12;20;6
1722.0;9;17;8;25;114;20;11;19;7
1728.0;11;18;8;25;114;18;9;20;7
1734.0;10;18;8;27;113;18;6;22;8
1740.0;10;17;8;26;112;21;7;21;8
1746.0;10;17;8;28;110;22;6;21;8
1752.0;11;17;9;29;110;19;9;19;7
1758.0;12;17;12;30;108;20;7;17;7
1764.0;12;17;13;30;107;19;10;14;8
1770.0;12;17;12;29;106;18;10;16;10
1776.0;13;16;12;29;106;18;10;16;10
1782.0;12;18;13;27;106;17;9;16;12
1788.0;12;19;13;26;105;17;9;18;11
1794.0;11;21;12;26;106;17;8;18;11
