#auto generated file!
12.0;21;33;32;28;28;23;29;37;29
18.0;20;35;31;28;30;24;29;35;28
24.0;24;33;29;31;29;25;26;37;26
30.0;26;30;30;31;30;25;24;37;27
36.0;24;33;26;30;33;25;24;37;28
42.0;21;32;25;32;36;26;21;38;29
48.0;24;30;23;33;37;30;17;37;29
54.0;26;31;22;33;39;29;17;38;25
60.0;23;34;23;34;39;29;19;38;21
66.0;22;31;19;35;41;34;19;37;22
72.0;24;28;18;33;45;33;17;39;23
78.0;23;27;15;33;48;32;19;40;23
84.0;21;26;16;32;51;32;19;41;22
90.0;22;29;17;33;50;32;17;38;22
96.0;18;30;17;31;52;36;16;40;20
102.0;21;32;15;31;52;35;17;39;18
108.0;19;33;18;30;50;36;16;41;17
114.0;16;32;16;29;51;40;15;43;18
120.0;18;31;15;31;53;39;14;41;18
126.0;18;30;15;33;54;40;17;40;13
132.0;17;29;18;32;55;38;16;40;15
138.0;15;28;19;31;57;35;18;41;16
144.0;15;28;19;31;59;34;18;40;16
150.0;14;26;21;30;60;34;18;40;17
156.0;10;29;22;32;64;32;16;38;17
162.0;11;27;23;30;70;31;13;37;18
168.0;14;25;21;30;71;31;14;37;17
174.0;12;28;20;30;68;31;15;40;16
180.0;11;26;18;30;68;31;16;40;20
186.0;12;28;18;30;69;33;14;38;18
192.0;12;27;16;31;70;34;15;41;14
198.0;14;27;11;29;73;38;16;39;13
204.0;15;26;10;30;73;37;13;43;13
210.0;18;27;10;30;72;33;12;42;16
216.0;18;26;9;31;73;33;16;39;15
222.0;18;23;10;32;75;34;17;38;13
228.0;18;25;9;32;76;33;16;37;14
234.0;18;24;10;33;76;33;16;37;13
240.0;17;21;12;34;74;32;16;37;17
246.0;18;21;12;32;74;31;17;37;18
252.0;18;24;10;31;76;30;15;37;19
258.0;19;25;11;33;77;29;14;37;15
264.0;19;26;11;35;77;28;14;37;13
270.0;19;24;9;38;76;28;14;38;14
276.0;18;27;12;37;78;27;11;37;13
282.0;19;28;11;37;78;27;9;36;15
288.0;18;31;12;32;79;26;10;37;15
294.0;19;30;9;31;78;27;14;37;15
300.0;19;31;6;31;80;31;12;35;15
306.0;20;32;6;29;81;30;11;35;16
312.0;20;32;7;28;83;28;11;35;16
318.0;21;30;7;30;82;26;12;34;18
324.0;23;31;6;32;83;25;12;32;16
330.0;19;32;8;32;83;24;12;35;15
336.0;20;33;8;31;83;24;12;34;15
342.0;19;29;8;32;84;22;13;34;19
348.0;18;28;10;30;85;22;10;34;23
354.0;18;27;11;31;85;23;10;33;22
360.0;15;27;8;30;86;24;12;34;24
366.0;12;29;8;29;89;24;14;33;22
372.0;11;31;11;32;89;25;11;31;19
378.0;11;31;10;32;89;23;12;32;20
384.0;8;30;11;33;87;24;10;35;22
390.0;10;28;11;32;86;25;13;34;21
396.0;10;28;14;33;87;25;12;34;17
402.0;12;26;14;29;88;26;11;35;19
408.0;14;25;10;31;89;26;13;33;19
414.0;15;25;11;32;89;26;13;32;17
420.0;18;27;10;32;89;22;13;33;16
426.0;18;25;11;32;89;26;15;28;16
432.0;20;23;10;32;89;25;15;28;18
438.0;21;23;10;34;90;25;13;27;17
444.0;19;25;11;33;92;27;10;26;17
450.0;17;26;12;34;93;24;10;26;18
456.0;15;28;10;33;97;25;9;29;14
462.0;13;29;8;35;96;26;9;29;15
468.0;13;28;9;35;96;26;9;27;17
474.0;15;29;8;33;97;24;11;25;18
480.0;18;30;8;31;98;25;10;25;15
486.0;20;31;7;32;103;22;7;25;13
492.0;19;30;9;32;103;22;6;23;16
498.0;19;30;11;31;105;22;5;23;14
504.0;16;32;12;32;103;21;6;22;16
510.0;13;32;12;32;103;21;7;23;17
516.0;12;30;13;31;104;24;8;22;16
522.0;11;29;11;29;108;24;8;24;16
528.0;11;30;12;27;107;26;7;26;14
534.0;10;29;13;25;108;28;7;27;13
540.0;8;27;14;27;107;27;9;28;13
546.0;8;30;14;24;108;24;9;29;14
552.0;8;29;12;23;109;26;10;29;14
558.0;10;30;9;23;110;27;9;30;12
564.0;10;32;9;23;109;28;10;27;12
570.0;12;28;11;22;110;26;8;31;12
576.0;12;26;12;20;113;26;8;31;12
582.0;15;27;9;24;116;21;5;32;11
588.0;16;27;9;24;111;22;7;33;11
594.0;15;28;9;24;110;24;7;32;11
600.0;15;27;8;25;110;23;9;31;12
606.0;16;28;7;28;110;23;8;31;9
612.0;18;26;7;28;111;24;8;30;8
618.0;15;30;5;28;111;26;9;28;8
624.0;14;32;6;25;112;25;10;27;9
630.0;14;29;6;25;113;25;14;27;7
636.0;15;29;6;26;113;24;12;27;8
642.0;15;25;7;27;114;25;12;29;6
648.0;14;24;8;26;114;24;14;28;8
654.0;14;23;11;26;114;27;17;24;4
660.0;14;23;12;28;112;24;17;25;5
666.0;14;23;13;26;110;24;16;27;7
672.0;15;24;10;23;108;21;15;31;13
678.0;13;25;8;22;109;24;17;30;12
684.0;12;27;11;22;106;23;17;28;14
690.0;10;28;12;18;104;24;17;29;18
696.0;10;30;14;16;104;19;19;29;19
702.0;11;29;14;16;103;21;19;29;18
708.0;12;31;12;17;106;20;18;26;18
714.0;12;29;13;19;104;19;19;27;18
720.0;14;28;14;19;104;20;16;27;18
726.0;14;25;13;20;103;21;18;27;19
732.0;13;23;12;21;104;19;18;29;21
738.0;12;25;13;22;104;19;17;27;21
744.0;15;23;15;22;104;17;16;27;21
750.0;13;23;14;24;104;16;19;25;22
756.0;13;22;18;23;104;16;16;25;23
762.0;12;23;20;21;105;19;15;25;20
768.0;10;23;20;23;105;17;16;25;21
774.0;10;22;21;23;104;18;15;25;22
780.0;10;21;20;21;105;23;15;25;20
786.0;10;23;21;21;106;23;14;23;19
792.0;10;23;21;21;107;22;15;21;20
798.0;10;22;20;23;106;22;16;21;20
804.0;12;22;18;24;108;21;14;22;19
810.0;13;22;17;24;108;22;13;23;18
816.0;12;25;13;22;111;26;14;20;17
822.0;11;27;14;19;112;28;12;21;16
828.0;7;29;11;19;113;30;12;24;15
834.0;7;28;12;18;116;31;12;21;15
840.0;8;28;10;17;118;30;13;24;12
846.0;12;24;11;19;121;27;13;22;11
852.0;15;20;11;21;121;26;13;22;11
858.0;14;20;10;23;120;25;14;20;14
864.0;12;24;15;21;119;25;10;19;15
870.0;11;22;18;22;119;27;8;17;16
876.0;11;21;18;22;119;27;9;17;16
882.0;8;21;18;21;123;29;9;16;15
888.0;9;18;18;22;124;29;9;16;15
894.0;8;20;15;23;125;25;10;15;19
900.0;10;20;12;24;128;26;8;15;17
906.0;9;21;10;25;130;25;8;14;18
912.0;8;20;10;28;127;24;10;15;18
918.0;7;22;7;28;127;24;12;14;19
924.0;7;23;10;25;125;24;11;16;19
930.0;6;24;10;25;125;24;12;16;18
936.0;5;25;9;25;125;26;12;15;18
942.0;7;23;13;25;126;24;11;15;16
948.0;6;24;14;25;126;25;12;14;14
954.0;8;25;12;24;126;22;12;16;15
960.0;9;24;10;26;127;22;12;16;14
966.0;10;25;10;22;127;22;13;20;11
972.0;10;24;11;23;126;23;12;20;11
978.0;11;26;12;22;126;22;11;18;12
984.0;11;26;16;21;127;21;9;17;12
990.0;10;27;15;20;128;23;8;15;14
996.0;11;26;14;21;129;20;9;17;13
1002.0;12;26;15;19;127;20;9;18;14
1008.0;12;29;13;19;128;19;6;19;15
1014.0;15;28;9;20;128;20;4;23;13
1020.0;14;29;10;18;125;20;2;27;15
1026.0;12;30;11;18;124;22;3;28;12
1032.0;10;31;13;17;123;21;5;29;11
1038.0;10;29;13;18;124;23;5;29;9
1044.0;10;28;12;18;125;23;8;28;8
1050.0;10;26;11;17;126;24;10;29;7
1056.0;11;25;10;18;125;24;12;28;7
1062.0;11;21;11;20;125;22;10;30;10
1068.0;10;23;12;21;123;25;6;30;10
1074.0;10;24;13;18;123;24;7;31;10
1080.0;10;26;14;18;121;22;8;33;8
1086.0;9;26;14;17;122;21;8;34;9
1092.0;11;27;12;18;125;21;8;28;10
1098.0;11;25;12;17;125;22;9;28;11
1104.0;12;22;13;18;128;20;7;27;13
1110.0;12;22;14;18;127;22;7;26;12
1116.0;12;25;13;17;127;22;6;26;12
1122.0;13;25;13;16;127;22;6;26;12
1128.0;13;25;11;16;128;23;7;26;11
1134.0;12;25;11;18;126;23;7;26;12
1140.0;12;26;11;18;123;25;7;24;14
1146.0;13;25;10;18;122;23;9;25;15
1152.0;14;24;9;18;124;24;10;22;15
1158.0;13;22;10;21;124;26;10;21;13
1164.0;12;24;9;19;123;26;10;23;14
1170.0;12;20;9;18;123;26;12;26;14
1176.0;13;19;9;18;126;26;11;27;11
1182.0;12;22;10;18;125;23;10;28;12
1188.0;10;24;10;17;127;22;10;27;13
1194.0;9;26;10;19;125;22;10;27;12
1200.0;10;24;10;17;126;21;10;31;11
1206.0;12;24;12;20;125;20;9;28;10
1212.0;10;26;9;21;125;22;10;28;9
1218.0;10;27;9;20;126;22;10;27;9
1224.0;11;26;10;20;125;22;11;27;8
1230.0;10;28;12;18;123;22;11;25;11
1236.0;8;28;13;18;125;20;13;24;11
1242.0;8;26;13;19;127;20;12;21;14
1248.0;10;27;12;21;127;21;8;20;14
1254.0;9;28;11;21;127;21;8;22;13
1260.0;9;28;11;22;127;19;8;23;13
1266.0;11;29;12;22;124;20;8;21;13
1272.0;12;25;11;22;128;21;8;20;13
1278.0;12;24;12;20;128;20;10;20;14
1284.0;12;23;11;21;127;20;9;20;17
1290.0;11;23;11;21;128;21;10;20;15
1296.0;10;22;15;22;129;20;9;20;13
1302.0;10;22;14;24;130;20;9;20;11
1308.0;10;21;13;21;129;18;13;22;13
1314.0;10;20;13;21;129;19;12;22;14
1320.0;9;18;13;21;131;19;11;23;15
1326.0;7;19;12;23;131;17;9;23;19
1332.0;7;18;12;23;131;19;8;24;18
1338.0;7;17;9;23;132;20;8;24;20
1344.0;8;19;10;21;130;21;8;24;19
1350.0;7;20;10;21;130;21;9;24;18
1356.0;9;21;8;20;130;19;11;28;14
1362.0;8;21;7;19;130;21;12;28;14
1368.0;10;22;7;18;129;20;13;27;14
1374.0;11;23;9;17;129;21;12;27;11
1380.0;10;24;9;17;130;20;11;25;14
1386.0;12;22;10;17;128;20;11;24;16
1392.0;13;24;10;18;127;20;11;22;15
1398.0;14;26;12;15;127;21;10;22;13
1404.0;16;26;13;14;128;20;9;20;14
1410.0;17;27;12;12;129;16;10;20;17
1416.0;16;26;12;14;129;14;9;21;19
1422.0;17;25;12;14;129;11;10;22;20
1428.0;16;24;13;17;129;10;10;21;20
1434.0;17;23;15;17;128;10;8;23;19
1440.0;17;25;13;17;126;12;7;25;18
1446.0;16;23;15;18;126;14;8;24;16
1452.0;15;22;16;20;125;15;9;24;14
1458.0;16;21;16;19;126;14;9;23;16
1464.0;17;23;13;19;126;14;8;24;16
1470.0;14;25;13;21;125;17;9;22;14
1476.0;11;26;14;21;123;17;10;23;15
1482.0;9;27;12;21;124;17;8;25;17
1488.0;10;24;13;20;126;17;6;26;18
1494.0;11;22;14;21;128;16;8;25;15
1500.0;10;22;13;23;126;17;10;26;13
1506.0;11;22;11;26;127;18;9;24;12
1512.0;11;24;11;26;126;20;8;23;11
1518.0;11;24;9;28;126;21;10;20;11
1524.0;11;23;12;27;125;21;10;21;10
1530.0;9;22;11;28;126;23;11;21;9
1536.0;8;23;12;31;125;23;8;19;11
1542.0;6;22;16;27;125;23;8;20;13
1548.0;6;22;13;30;124;22;8;22;13
1554.0;8;22;14;28;124;21;9;22;12
1560.0;7;23;12;27;124;21;10;22;14
1566.0;8;25;10;26;124;19;10;24;14
1572.0;9;21;11;26;126;19;13;23;12
1578.0;10;22;9;26;126;19;13;22;13
1584.0;10;22;8;29;126;19;12;21;13
1590.0;14;22;6;29;124;20;11;21;13
1596.0;17;22;6;28;122;21;10;21;13
1602.0;14;20;6;30;122;22;10;22;14
1608.0;11;21;7;25;122;24;11;24;15
1614.0;13;20;6;26;122;23;12;23;15
1620.0;9;22;6;27;120;23;14;24;15
1626.0;10;22;7;25;119;23;15;25;14
1632.0;8;20;6;27;122;25;16;23;13
1638.0;7;22;7;27;121;26;11;25;14
1644.0;7;23;8;28;119;28;12;21;14
1650.0;7;25;7;22;124;27;12;20;16
1656.0;6;25;7;24;124;27;13;20;14
1662.0;6;25;7;24;125;26;12;21;14
1668.0;10;25;9;23;125;24;14;17;13
1674.0;9;23;9;22;126;25;14;18;14
1680.0;8;24;8;22;127;26;13;15;17
1686.0;9;27;9;22;128;23;11;16;15
1692.0;9;26;10;21;129;22;11;18;14
1698.0;7;26;11;20;127;24;10;20;15
1704.0;7;24;10;23;127;25;9;21;14
1710.0;9;24;10;22;128;25;10;19;13
1716.0;13;24;9;21;127;23;11;19;13
1722.0;15;26;11;19;128;24;9;18;10
1728.0;15;26;11;17;128;26;9;18;10
1734.0;15;26;10;17;129;25;8;20;10
1740.0;14;26;11;16;130;25;9;21;8
1746.0;14;28;9;16;129;30;8;17;9
1752.0;14;28;11;16;128;29;7;17;10
1758.0;15;25;14;15;128;29;6;18;10
1764.0;14;26;13;15;126;29;9;18;10
1770.0;13;27;12;16;125;31;9;18;9
1776.0;13;27;13;16;124;31;8;19;9
1782.0;12;28;13;18;123;32;8;17;9
1788.0;10;27;14;16;123;32;10;19;9
1794.0;8;27;14;18;124;30;10;19;10
