#auto generated file!
12.0;26;24;24;27;27;31;22;35;24
18.0;24;23;26;29;29;28;24;35;22
24.0;21;22;26;32;33;28;24;34;20
30.0;21;23;28;31;34;30;22;33;18
36.0;20;22;26;30;35;33;19;37;18
42.0;18;23;25;29;35;35;20;38;17
48.0;17;22;27;29;36;36;20;37;16
54.0;16;23;26;30;37;36;19;38;15
60.0;16;22;22;32;40;36;19;37;16
66.0;17;21;22;32;43;34;16;37;18
72.0;16;21;22;32;43;32;18;37;19
78.0;17;24;20;31;43;35;16;37;17
84.0;17;23;21;32;46;35;15;36;15
90.0;17;21;18;31;47;34;17;36;19
96.0;18;21;17;31;48;33;18;34;20
102.0;18;22;15;32;48;36;14;35;20
108.0;19;24;14;31;48;36;12;36;20
114.0;21;23;15;30;49;37;11;35;19
120.0;20;24;16;30;50;37;10;34;19
126.0;22;24;14;30;50;38;10;33;19
132.0;17;25;15;30;53;39;10;33;18
138.0;17;24;17;30;54;41;9;30;18
144.0;18;24;15;31;55;37;12;30;18
150.0;19;22;14;31;57;39;11;32;15
156.0;18;23;13;30;57;36;11;32;20
162.0;21;24;12;29;55;35;11;31;22
168.0;21;26;11;29;55;34;12;32;20
174.0;20;29;9;29;56;36;10;32;19
180.0;21;30;12;29;57;34;10;31;16
186.0;23;29;13;28;58;34;8;32;15
192.0;19;30;15;26;58;32;9;34;17
198.0;17;27;18;26;58;32;10;35;17
204.0;16;27;19;26;58;32;10;35;17
210.0;14;27;19;28;58;31;12;34;17
216.0;13;26;20;28;59;31;12;35;16
222.0;14;26;19;28;59;31;13;34;16
228.0;17;28;21;24;60;30;13;32;15
234.0;19;29;19;22;63;29;16;30;13
240.0;20;30;15;20;64;28;19;31;13
246.0;20;31;14;21;63;30;17;31;13
252.0;21;29;11;24;63;31;17;29;15
258.0;20;28;13;28;63;30;17;28;13
264.0;19;27;15;27;62;32;16;29;13
270.0;17;26;18;28;63;32;16;28;12
276.0;17;24;16;29;64;37;16;26;11
282.0;19;26;16;28;65;37;15;26;8
288.0;19;24;16;27;66;36;15;28;9
294.0;18;25;14;27;66;34;16;31;9
300.0;18;25;15;27;67;33;15;31;9
306.0;19;24;11;27;67;33;15;34;10
312.0;20;24;11;29;69;30;15;33;9
318.0;17;22;15;27;70;31;14;36;8
324.0;16;22;16;27;68;35;12;37;7
330.0;15;25;11;25;70;37;14;36;7
336.0;15;26;13;23;69;34;14;37;9
342.0;15;25;13;23;69;32;14;37;12
348.0;16;24;18;23;73;30;12;32;12
354.0;18;25;16;24;72;30;14;31;10
360.0;19;23;15;25;73;31;14;30;10
366.0;18;24;13;26;72;33;12;28;14
372.0;18;25;12;27;74;34;9;26;15
378.0;20;22;12;30;75;32;11;25;13
384.0;18;22;12;30;77;30;12;26;13
390.0;19;26;12;28;75;30;12;27;11
396.0;17;27;13;30;75;28;12;28;10
402.0;18;29;14;25;75;29;11;27;12
408.0;18;30;13;25;76;28;12;28;10
414.0;18;30;14;26;75;30;10;28;9
420.0;18;28;13;27;76;29;12;29;8
426.0;17;28;14;26;76;27;12;31;9
432.0;16;28;14;25;75;28;15;29;10
438.0;16;26;13;27;78;26;16;29;9
444.0;17;25;14;26;80;23;16;28;11
450.0;17;25;14;26;82;23;16;26;11
456.0;18;26;13;24;83;24;14;25;13
462.0;19;27;15;23;83;21;15;26;11
468.0;21;26;17;22;80;21;15;27;11
474.0;18;25;17;22;80;20;16;29;13
480.0;16;23;19;23;80;21;17;28;13
486.0;14;25;20;21;82;20;16;30;12
492.0;13;26;20;21;82;20;15;30;13
498.0;13;24;19;24;83;19;13;32;13
504.0;13;27;17;26;82;19;12;31;13
510.0;11;29;15;26;82;19;10;32;16
516.0;9;29;17;26;83;18;8;33;17
522.0;8;32;13;29;83;17;9;33;16
528.0;7;34;13;26;85;17;9;33;16
534.0;7;33;8;26;87;17;10;32;20
540.0;10;34;10;26;85;16;9;32;18
546.0;10;35;9;26;83;17;11;31;18
552.0;13;34;11;25;88;17;9;27;16
558.0;15;34;10;23;89;19;6;27;17
564.0;14;34;11;23;88;20;7;25;18
570.0;12;36;12;25;88;21;7;22;17
576.0;9;35;11;25;89;24;8;23;16
582.0;10;35;9;25;91;23;8;22;17
588.0;10;35;9;25;92;22;7;25;15
594.0;12;36;12;23;90;21;8;22;16
600.0;13;37;11;23;88;22;9;21;16
606.0;13;37;10;24;89;24;8;20;15
612.0;16;39;10;23;89;22;9;20;12
618.0;15;36;10;22;94;21;6;23;13
624.0;15;32;10;22;96;21;8;23;13
630.0;17;32;10;23;97;22;8;19;12
636.0;16;32;10;21;97;23;9;19;13
642.0;17;32;9;21;99;23;11;18;10
648.0;18;29;10;22;99;21;10;18;13
654.0;20;28;10;23;98;23;10;17;11
660.0;19;28;9;22;100;25;10;16;11
666.0;17;27;10;23;101;25;11;15;11
672.0;18;26;8;25;102;24;12;15;10
678.0;15;28;10;24;103;23;12;13;12
684.0;14;26;11;25;103;21;14;13;13
690.0;17;24;12;25;100;22;13;12;15
696.0;16;25;12;24;101;22;13;13;14
702.0;16;25;11;28;102;20;13;13;12
708.0;16;27;9;27;104;21;10;14;12
714.0;15;25;10;27;105;20;11;16;11
720.0;14;26;11;27;108;18;9;17;10
726.0;14;25;10;27;109;20;11;14;10
732.0;12;27;11;27;109;20;12;13;9
738.0;13;27;8;28;112;19;12;13;8
744.0;11;27;12;28;113;16;13;13;7
750.0;11;27;10;27;114;17;12;14;8
756.0;11;28;11;26;111;18;11;15;9
762.0;10;28;10;28;110;20;10;15;9
768.0;10;27;9;27;111;19;9;19;9
774.0;11;29;9;26;111;16;8;20;10
780.0;9;29;10;27;111;16;9;19;10
786.0;10;28;9;26;114;14;10;20;9
792.0;13;29;6;25;116;14;10;19;8
798.0;10;29;6;27;117;15;10;19;7
804.0;8;31;7;27;116;15;8;19;9
810.0;7;32;11;27;112;14;8;21;8
816.0;8;31;10;27;113;14;9;20;8
822.0;7;31;10;27;110;12;14;20;9
828.0;6;35;10;27;109;11;13;20;9
834.0;7;35;9;28;109;11;12;21;8
840.0;7;35;10;25;111;11;12;23;6
846.0;7;34;8;25;113;13;12;22;6
852.0;7;33;8;23;116;12;12;22;7
858.0;6;32;10;24;115;10;13;21;9
864.0;9;32;10;21;115;10;14;21;8
870.0;7;31;11;20;115;13;13;21;9
876.0;9;31;12;19;113;13;13;21;9
882.0;7;30;12;16;114;16;14;21;10
888.0;11;30;12;20;112;16;12;17;10
894.0;12;30;13;20;112;16;11;18;8
900.0;11;30;14;20;114;16;11;17;7
906.0;11;28;14;21;115;16;11;20;4
912.0;12;28;13;19;115;16;12;20;5
918.0;11;30;12;19;116;17;10;21;4
924.0;11;28;11;19;119;17;10;21;4
930.0;12;28;13;20;118;17;9;21;2
936.0;15;26;15;18;115;17;9;22;3
942.0;15;28;15;16;116;16;7;24;3
948.0;15;27;13;18;116;19;7;22;3
954.0;14;26;15;19;114;19;7;21;5
960.0;14;26;14;20;114;20;7;20;5
966.0;13;25;14;23;113;20;6;21;5
972.0;12;23;14;24;112;21;7;21;6
978.0;10;23;13;23;113;22;8;22;6
984.0;9;23;12;20;115;22;9;21;9
990.0;12;22;12;20;117;20;8;20;9
996.0;13;20;10;20;117;19;9;20;12
1002.0;11;23;8;19;119;16;13;19;12
1008.0;9;21;10;18;122;15;13;19;13
1014.0;8;21;11;17;121;15;14;17;16
1020.0;8;20;9;17;122;14;15;20;15
1026.0;8;19;7;17;124;16;14;20;15
1032.0;10;20;8;18;124;16;13;21;10
1038.0;12;18;7;17;123;18;15;19;11
1044.0;12;18;11;17;123;17;13;18;11
1050.0;12;21;7;19;123;16;10;21;11
1056.0;12;21;7;19;124;16;11;19;11
1062.0;11;20;9;19;124;16;11;19;11
1068.0;11;18;7;22;122;15;14;20;11
1074.0;10;18;8;22;123;15;14;19;11
1080.0;14;17;8;19;123;14;12;22;11
1086.0;13;18;9;20;122;15;11;22;10
1092.0;9;18;8;21;124;16;10;22;12
1098.0;11;15;10;19;123;15;12;20;15
1104.0;10;17;10;19;125;14;10;19;16
1110.0;13;15;9;20;126;15;9;20;13
1116.0;14;14;9;21;125;14;9;21;13
1122.0;17;14;10;20;121;14;11;20;13
1128.0;16;18;10;20;119;13;13;21;10
1134.0;16;17;8;23;121;14;14;19;8
1140.0;16;16;7;20;120;15;16;21;9
1146.0;14;18;8;19;121;14;16;20;10
1152.0;15;19;8;20;120;13;15;19;11
1158.0;17;18;7;19;121;14;15;20;9
1164.0;18;17;7;20;122;12;16;19;9
1170.0;18;20;6;19;121;13;14;19;10
1176.0;15;21;9;20;121;13;12;18;11
1182.0;14;21;9;19;121;12;13;18;13
1188.0;12;21;9;18;121;12;14;18;15
1194.0;15;19;8;17;123;11;14;17;16
1200.0;14;19;9;17;122;12;16;16;15
1206.0;13;20;8;17;121;12;15;17;17
1212.0;13;21;10;17;120;13;13;17;16
1218.0;14;23;11;16;121;12;12;17;14
1224.0;13;24;14;16;121;14;10;16;12
1230.0;14;22;12;17;122;13;10;17;13
1236.0;14;21;10;16;120;13;12;20;14
1242.0;16;19;10;16;121;13;12;21;12
1248.0;17;19;10;16;120;13;14;21;10
1254.0;17;19;12;14;120;13;13;21;11
1260.0;17;19;13;14;120;13;13;20;11
1266.0;15;22;15;16;117;13;13;18;11
1272.0;14;24;17;15;117;13;11;19;10
1278.0;11;24;16;14;120;14;9;21;11
1284.0;11;25;16;14;119;15;8;21;11
1290.0;11;25;15;16;118;15;7;23;10
1296.0;9;26;15;17;121;13;9;21;9
1302.0;7;25;14;16;123;16;10;20;9
1308.0;6;25;11;15;125;19;8;22;9
1314.0;7;25;13;15;125;19;8;19;9
1320.0;7;21;14;16;125;21;6;19;11
1326.0;6;21;15;14;124;21;7;21;11
1332.0;6;19;15;16;124;23;6;21;10
1338.0;8;18;15;17;122;22;7;20;11
1344.0;8;19;13;15;122;20;7;25;11
1350.0;10;20;12;15;122;19;7;26;9
1356.0;9;20;14;15;123;18;8;24;9
1362.0;8;21;13;16;125;19;8;23;7
1368.0;7;21;13;16;122;19;8;26;8
1374.0;8;22;13;14;123;19;7;27;7
1380.0;7;21;12;15;124;18;7;29;7
1386.0;11;19;12;15;123;19;7;26;8
1392.0;10;21;10;15;123;18;8;25;10
1398.0;10;21;9;15;121;21;9;24;10
1404.0;10;22;11;13;122;20;9;22;11
1410.0;11;23;9;12;121;20;9;23;12
1416.0;10;23;11;13;120;20;6;24;13
1422.0;10;22;9;15;119;20;6;26;13
1428.0;11;20;11;14;119;20;6;25;14
1434.0;11;19;13;16;120;20;4;22;15
1440.0;11;19;12;16;119;18;6;24;15
1446.0;10;19;12;18;120;18;8;23;12
1452.0;10;18;12;19;119;18;8;23;13
1458.0;8;17;11;24;120;16;8;24;12
1464.0;9;15;11;25;121;16;6;25;12
1470.0;9;15;11;23;119;17;9;26;11
1476.0;9;16;9;26;120;14;10;27;9
1482.0;8;16;9;27;121;13;9;28;9
1488.0;8;16;10;27;117;11;11;30;10
1494.0;8;18;10;24;118;14;10;29;9
1500.0;7;20;9;25;119;14;9;27;10
1506.0;7;21;7;25;119;12;10;28;11
1512.0;7;22;8;23;118;11;11;27;13
1518.0;6;21;9;24;116;12;12;26;14
1524.0;6;20;10;22;116;14;13;24;15
1530.0;5;19;10;21;119;16;11;25;14
1536.0;6;22;11;22;120;15;10;23;11
1542.0;5;20;15;22;121;13;10;24;10
1548.0;6;21;16;21;119;13;11;23;10
1554.0;6;21;14;21;120;15;12;20;11
1560.0;6;20;15;21;118;15;12;21;12
1566.0;4;20;15;21;120;16;13;17;14
1572.0;3;22;14;21;120;15;14;18;13
1578.0;3;22;17;21;118;15;13;17;14
1584.0;4;22;19;19;117;15;11;17;16
1590.0;3;19;16;21;119;16;12;18;16
1596.0;5;18;15;23;119;17;11;18;14
1602.0;10;16;12;22;119;17;13;20;11
1608.0;9;16;12;25;120;17;13;18;10
1614.0;10;16;12;24;116;18;14;18;12
1620.0;10;15;13;25;117;18;12;18;12
1626.0;9;17;12;24;118;19;11;18;12
1632.0;13;17;12;25;118;16;12;18;9
1638.0;14;17;14;25;117;17;10;17;9
1644.0;15;15;11;27;116;19;11;17;9
1650.0;14;15;12;30;115;20;11;15;8
1656.0;14;17;13;30;113;19;8;14;12
1662.0;14;17;13;29;113;18;7;16;13
1668.0;15;17;13;29;110;19;6;17;14
1674.0;13;19;12;28;110;21;6;18;13
1680.0;13;19;12;28;110;22;6;17;13
1686.0;13;21;10;28;109;23;5;17;14
1692.0;14;18;14;24;109;25;5;17;14
1698.0;14;18;15;25;107;25;6;16;14
1704.0;15;19;14;24;106;24;6;19;13
1710.0;17;20;13;25;103;24;8;16;14
1716.0;17;22;14;24;104;24;8;14;13
1722.0;17;21;14;25;105;25;7;14;12
1728.0;16;24;13;24;106;26;5;15;11
1734.0;16;24;13;25;104;25;6;17;10
1740.0;14;24;12;26;104;24;7;19;10
1746.0;14;22;12;26;105;24;9;20;8
1752.0;14;22;11;28;105;24;8;20;8
1758.0;16;20;13;27;105;24;8;19;8
1764.0;14;19;12;26;109;22;9;18;11
1770.0;14;19;13;26;106;21;10;20;11
1776.0;15;18;15;28;107;22;9;16;10
1782.0;13;20;13;26;107;25;10;16;10
1788.0;14;19;15;27;108;23;9;15;10
1794.0;14;17;15;27;108;26;8;14;11
