#auto generated file!
12.0;22;26;16;26;24;25;17;20;24
18.0;20;26;16;28;24;21;17;23;25
24.0;20;28;15;29;25;23;14;24;22
30.0;22;26;14;31;28;23;15;20;21
36.0;22;26;16;34;29;20;16;17;20
42.0;21;24;16;36;32;18;14;17;22
48.0;17;29;14;32;34;21;14;20;19
54.0;14;29;15;33;33;23;14;21;18
60.0;14;26;11;34;35;23;17;24;16
66.0;14;30;10;32;37;22;17;23;15
72.0;13;26;10;34;38;24;16;24;15
78.0;13;22;8;34;44;24;18;23;14
84.0;12;21;9;36;44;24;16;23;15
90.0;14;23;8;36;43;25;17;22;12
96.0;13;24;7;36;45;24;16;21;14
102.0;11;25;8;38;44;22;18;21;13
108.0;11;24;6;37;47;22;16;20;17
114.0;10;24;9;36;48;22;17;19;15
120.0;12;23;9;36;48;22;16;21;13
126.0;12;22;9;39;47;24;14;22;11
132.0;13;21;9;37;47;26;14;22;11
138.0;10;22;10;36;47;26;17;20;12
144.0;11;22;11;35;48;25;19;19;10
150.0;10;23;12;34;48;24;19;19;11
156.0;10;21;12;34;47;24;18;21;13
162.0;10;19;11;28;49;24;20;21;18
168.0;11;20;11;27;49;29;19;19;15
174.0;10;21;12;27;49;28;16;19;18
180.0;10;22;11;25;52;29;15;18;18
186.0;10;25;10;27;53;25;18;18;14
192.0;12;26;9;25;53;26;16;19;14
198.0;11;26;10;27;53;25;16;18;14
204.0;9;28;10;26;54;25;16;19;13
210.0;10;27;8;27;55;26;17;17;13
216.0;11;27;9;26;54;26;17;15;15
222.0;8;29;10;27;55;25;17;15;14
228.0;11;29;12;23;55;24;18;15;13
234.0;12;29;13;22;54;24;17;14;15
240.0;12;29;14;23;55;23;17;12;15
246.0;14;27;13;24;57;22;13;15;15
252.0;13;27;12;24;57;23;13;16;15
258.0;13;29;11;24;57;22;13;18;13
264.0;12;29;13;20;59;24;13;17;13
270.0;12;30;15;19;59;24;11;17;13
276.0;10;29;16;19;59;23;14;18;12
282.0;12;29;15;21;58;23;12;18;12
288.0;12;30;16;22;57;24;12;16;11
294.0;11;30;15;21;57;22;14;17;13
300.0;10;29;14;21;58;22;16;17;13
306.0;7;27;16;21;59;23;14;19;14
312.0;9;28;16;23;57;24;13;16;14
318.0;9;28;15;21;59;24;12;19;13
324.0;8;28;14;21;59;23;14;20;13
330.0;8;26;12;19;61;25;16;20;13
336.0;8;27;11;20;62;25;15;19;13
342.0;6;28;12;21;64;24;13;18;14
348.0;7;28;13;19;65;27;15;16;10
354.0;8;29;11;18;65;27;15;18;9
360.0;7;28;13;19;66;28;13;17;9
366.0;7;26;14;20;67;27;13;18;8
372.0;5;26;13;19;67;30;12;19;9
378.0;7;25;11;17;68;31;13;20;8
384.0;9;26;9;16;68;30;12;22;8
390.0;9;27;10;15;68;31;14;19;7
396.0;8;25;9;18;71;31;14;18;6
402.0;10;23;9;19;72;30;13;17;7
408.0;10;23;7;20;72;31;11;19;7
414.0;9;22;7;20;72;33;12;19;6
420.0;10;21;5;20;74;32;14;17;7
426.0;9;22;4;20;74;32;13;16;10
432.0;9;21;6;21;72;32;13;14;12
438.0;9;22;7;20;72;31;15;12;12
444.0;9;20;7;19;73;33;14;14;11
450.0;8;20;8;20;73;31;13;13;14
456.0;6;21;7;20;73;31;14;14;14
462.0;8;18;9;20;72;31;13;15;14
468.0;10;19;7;21;72;30;12;16;13
474.0;8;21;6;23;72;31;9;17;13
480.0;9;20;6;23;71;30;8;20;13
486.0;9;22;5;25;71;27;7;21;13
492.0;8;23;4;22;72;26;9;22;14
498.0;7;23;4;21;70;29;10;22;14
504.0;10;23;4;21;69;27;8;21;17
510.0;7;24;4;21;70;26;8;22;18
516.0;7;25;5;20;70;25;8;22;18
522.0;6;25;6;20;71;24;8;21;19
528.0;4;26;8;21;70;24;9;20;18
534.0;4;26;8;22;70;26;6;21;17
540.0;4;27;9;20;73;26;6;21;14
546.0;5;23;9;23;74;24;7;21;14
552.0;7;26;10;22;72;23;4;23;13
558.0;7;23;15;24;70;24;5;22;10
564.0;9;24;13;22;71;24;7;21;9
570.0;8;25;14;21;72;24;7;20;9
576.0;9;27;14;23;71;22;7;18;9
582.0;11;25;17;21;72;20;6;18;10
588.0;9;28;16;23;72;20;8;18;6
594.0;9;30;15;23;72;20;6;20;5
600.0;6;31;14;20;71;21;10;21;6
606.0;5;30;14;20;71;21;11;21;7
612.0;3;31;11;21;71;22;13;21;7
618.0;3;30;12;21;71;24;11;22;6
624.0;5;28;12;24;73;24;8;20;6
630.0;5;24;12;23;73;24;9;23;7
636.0;6;24;11;21;73;24;10;22;9
642.0;5;25;12;21;75;24;10;19;9
648.0;6;23;12;22;76;24;10;18;9
654.0;7;25;10;23;77;23;11;18;6
660.0;7;23;9;24;77;25;10;19;6
666.0;7;26;6;26;77;24;9;19;6
672.0;8;27;7;26;77;22;8;18;7
678.0;7;26;7;26;78;22;9;18;7
684.0;7;25;7;27;78;25;8;17;6
690.0;8;26;8;25;79;25;8;17;4
696.0;10;27;8;22;80;22;8;17;6
702.0;10;27;9;20;80;23;8;16;7
708.0;11;23;8;22;79;24;8;18;7
714.0;13;19;8;22;80;24;8;19;7
720.0;13;19;9;23;79;22;8;19;8
726.0;13;19;11;24;77;21;7;20;8
732.0;12;18;9;26;77;22;8;20;8
738.0;13;17;10;22;78;23;11;20;6
744.0;12;17;8;21;79;23;12;20;8
750.0;12;16;7;19;80;22;12;23;9
756.0;12;16;6;20;79;21;14;23;9
762.0;12;17;5;22;79;20;12;23;10
768.0;13;15;4;21;81;19;15;22;10
774.0;14;14;5;18;82;19;14;22;12
780.0;11;16;5;16;82;19;15;22;14
786.0;11;18;4;15;83;20;16;19;14
792.0;13;20;4;16;83;17;16;19;12
798.0;12;23;6;16;85;16;12;17;13
804.0;13;24;7;16;85;15;11;14;15
810.0;13;24;5;17;84;14;9;15;19
816.0;13;25;6;17;85;12;9;15;18
822.0;13;25;6;17;87;13;9;15;15
828.0;14;27;6;16;87;12;8;15;15
834.0;14;27;6;15;87;12;9;14;16
840.0;15;26;4;15;87;13;10;15;15
846.0;14;25;2;15;90;14;11;15;14
852.0;13;25;4;16;89;13;11;16;13
858.0;12;24;5;17;90;12;12;15;13
864.0;12;23;5;18;88;12;12;16;14
870.0;10;22;8;20;87;11;12;17;13
876.0;11;21;9;20;85;10;14;18;12
882.0;10;21;8;20;86;10;14;19;12
888.0;10;20;8;20;86;10;13;21;12
894.0;11;18;8;22;86;10;14;18;13
900.0;11;16;7;22;87;11;17;16;13
906.0;10;15;11;23;87;13;13;17;11
912.0;9;15;14;22;86;15;13;16;10
918.0;9;14;15;21;86;18;11;16;10
924.0;9;14;14;23;86;20;10;18;6
930.0;11;16;14;22;88;18;10;18;3
936.0;11;17;13;23;88;17;10;18;3
942.0;10;20;13;25;88;16;7;18;3
948.0;7;21;14;24;86;16;8;18;6
954.0;9;22;13;24;87;15;7;16;7
960.0;9;19;10;29;86;15;9;18;5
966.0;10;19;10;29;84;18;8;18;4
972.0;10;21;9;27;84;18;9;18;4
978.0;12;25;9;27;82;17;8;16;4
984.0;11;25;9;27;84;18;7;15;4
990.0;10;26;9;29;85;15;7;14;5
996.0;10;24;8;30;86;15;8;14;5
1002.0;12;22;10;31;85;14;9;13;4
1008.0;11;20;10;33;86;16;8;10;6
1014.0;13;20;11;32;85;18;7;10;4
1020.0;13;17;10;31;87;19;7;13;3
1026.0;14;17;10;30;86;18;8;12;5
1032.0;12;17;10;32;87;15;8;13;6
1038.0;10;16;11;33;87;15;10;12;6
1044.0;10;14;11;31;85;18;10;16;5
1050.0;9;15;12;30;85;17;12;15;5
1056.0;11;14;13;30;85;16;11;15;5
1062.0;11;15;13;29;87;17;9;14;5
1068.0;11;14;13;29;87;17;9;15;5
1074.0;11;16;13;29;86;19;7;15;4
1080.0;12;16;12;29;86;17;7;15;6
1086.0;11;17;13;27;87;16;7;15;7
1092.0;10;16;12;28;89;17;6;14;8
1098.0;10;15;14;27;87;18;6;14;9
1104.0;9;15;15;25;86;19;8;14;9
1110.0;9;16;14;22;85;21;8;15;10
1116.0;11;16;13;21;83;22;6;16;12
1122.0;10;17;10;22;82;22;5;17;15
1128.0;11;18;8;23;80;22;9;18;11
1134.0;13;18;10;22;82;22;6;17;10
1140.0;12;18;9;23;82;23;7;18;8
1146.0;12;16;9;23;81;23;8;18;10
1152.0;11;15;12;21;82;26;7;17;9
1158.0;13;14;11;20;83;27;6;18;8
1164.0;16;15;10;19;84;25;6;16;9
1170.0;15;14;10;19;85;25;6;17;9
1176.0;15;13;9;20;86;26;6;16;9
1182.0;15;13;8;19;86;27;6;17;9
1188.0;14;15;8;18;87;27;6;15;10
1194.0;16;17;9;17;83;27;8;13;10
1200.0;15;15;10;17;83;25;8;13;14
1206.0;15;18;8;15;82;25;7;13;17
1212.0;12;18;7;16;82;27;6;15;17
1218.0;9;17;7;17;85;27;6;18;14
1224.0;11;20;7;18;84;24;6;16;14
1230.0;14;22;6;19;82;23;5;16;13
1236.0;13;23;7;19;84;24;4;16;10
1242.0;13;23;7;16;86;25;7;15;8
1248.0;13;24;7;14;85;25;8;15;9
1254.0;14;22;7;14;84;25;9;16;9
1260.0;14;22;7;15;84;25;9;17;7
1266.0;15;20;8;16;83;24;9;17;8
1272.0;15;20;8;14;82;24;11;16;10
1278.0;15;19;10;14;82;25;11;16;8
1284.0;12;19;10;14;82;26;12;15;10
1290.0;12;16;10;14;80;28;14;17;9
1296.0;14;17;11;13;79;26;13;16;11
1302.0;14;16;13;12;79;27;14;14;11
1308.0;16;17;12;15;77;25;15;14;9
1314.0;19;19;13;15;76;24;15;11;8
1320.0;20;17;13;12;74;23;18;13;10
1326.0;17;17;13;12;74;25;19;13;10
1332.0;15;15;14;13;73;27;19;12;12
1338.0;16;16;11;14;74;24;20;15;10
1344.0;15;17;11;14;74;23;21;14;11
1350.0;15;21;10;13;74;24;18;14;11
1356.0;13;23;10;12;74;24;17;16;11
1362.0;12;21;12;13;74;23;18;16;11
1368.0;14;21;11;15;74;21;17;15;12
1374.0;13;22;10;15;76;21;15;15;13
1380.0;16;21;11;16;76;19;15;13;13
1386.0;17;22;10;16;75;20;13;13;14
1392.0;16;23;10;17;75;20;12;13;14
1398.0;17;23;9;16;76;22;10;14;13
1404.0;16;23;10;17;75;22;9;14;14
1410.0;14;22;9;18;75;24;9;14;15
1416.0;12;22;11;17;77;20;12;15;14
1422.0;13;22;12;15;75;21;12;16;14
1428.0;13;20;12;16;75;24;11;15;14
1434.0;11;22;15;15;75;24;10;15;13
1440.0;13;23;16;13;74;25;9;15;12
1446.0;15;22;18;13;73;24;8;15;12
1452.0;13;23;17;14;75;24;7;16;11
1458.0;11;21;17;15;76;23;7;18;12
1464.0;12;19;16;16;75;25;6;18;13
1470.0;10;20;15;16;77;25;7;18;12
1476.0;9;22;14;15;77;25;8;17;13
1482.0;7;24;14;14;80;25;9;15;12
1488.0;6;25;14;16;79;25;9;15;11
1494.0;8;23;13;14;82;24;10;15;11
1500.0;7;22;11;17;83;25;9;15;11
1506.0;9;23;10;16;82;25;9;16;10
1512.0;9;22;11;15;82;26;10;16;9
1518.0;9;22;11;18;80;25;11;15;9
1524.0;11;21;10;16;79;26;9;19;9
1530.0;11;24;10;19;78;21;10;17;10
1536.0;13;25;8;16;79;21;10;18;10
1542.0;12;25;9;15;78;19;12;19;11
1548.0;11;26;10;14;80;18;12;19;10
1554.0;10;27;10;15;81;17;12;19;9
1560.0;10;29;8;15;82;15;12;20;9
1566.0;11;26;7;18;82;14;13;20;9
1572.0;12;28;6;16;81;14;14;20;9
1578.0;11;28;6;18;82;16;12;19;8
1584.0;9;26;9;19;83;17;11;17;9
1590.0;8;26;10;17;84;18;9;17;11
1596.0;7;27;9;17;87;18;11;15;9
1602.0;5;27;8;17;89;16;14;17;7
1608.0;6;26;6;18;88;16;16;18;6
1614.0;5;23;6;20;87;17;15;21;6
1620.0;6;23;8;20;86;17;13;21;6
1626.0;8;24;9;22;85;15;13;18;6
1632.0;6;24;9;22;86;16;12;18;7
1638.0;6;24;8;19;87;17;10;18;11
1644.0;6;22;10;18;85;19;12;18;10
1650.0;6;20;11;18;84;19;11;20;11
1656.0;8;21;10;17;83;20;10;19;12
1662.0;7;21;9;19;81;20;10;21;12
1668.0;7;20;9;18;82;20;10;22;12
1674.0;7;19;9;19;84;17;10;23;12
1680.0;8;18;12;15;87;18;12;21;9
1686.0;10;16;11;15;89;16;12;23;8
1692.0;10;14;11;14;91;15;11;25;9
1698.0;11;15;10;14;92;14;12;23;9
1704.0;10;14;11;14;91;14;13;22;11
1710.0;10;17;9;13;93;16;13;19;10
1716.0;10;17;9;13;94;19;11;18;9
1722.0;9;16;11;14;93;19;9;23;6
1728.0;10;16;7;15;94;19;9;26;4
1734.0;7;17;6;12;92;21;14;27;4
1740.0;6;19;6;12;93;20;14;26;4
1746.0;6;18;7;12;96;16;14;27;4
1752.0;7;19;7;15;96;15;11;27;3
1758.0;8;17;6;16;95;16;10;27;5
1764.0;10;17;5;17;95;15;11;25;5
1770.0;10;19;7;14;96;15;10;23;6
1776.0;9;18;6;13;94;15;12;25;8
1782.0;10;17;7;12;95;15;13;23;8
1788.0;10;18;8;12;95;15;10;23;9
1794.0;7;19;10;15;99;12;8;22;8
