#auto generated file!
12.0;37;50;57;30;51;42;43;41;39
18.0;41;50;53;31;52;39;43;42;39
24.0;41;45;47;37;55;39;43;45;38
30.0;40;43;49;37;58;38;39;48;38
36.0;36;45;39;38;64;41;39;55;33
42.0;32;47;43;36;64;41;35;56;36
48.0;33;49;38;37;65;41;34;56;37
54.0;31;46;39;41;67;44;33;54;35
60.0;32;47;37;42;73;45;32;50;32
66.0;32;47;33;43;73;47;32;52;31
72.0;34;48;33;42;74;48;27;52;32
78.0;34;48;32;45;77;48;26;49;31
84.0;33;52;30;49;80;48;23;46;29
90.0;38;48;27;51;81;49;24;46;26
96.0;34;44;31;53;82;47;24;47;28
102.0;30;44;31;52;82;47;27;48;29
108.0;31;42;32;50;86;46;23;53;27
114.0;32;40;26;53;87;48;23;54;27
120.0;30;42;28;49;91;51;22;55;22
126.0;28;41;26;48;91;52;24;59;21
132.0;26;45;24;48;92;53;22;60;20
138.0;25;46;26;48;93;50;22;60;20
144.0;26;48;26;45;93;52;22;59;19
150.0;26;49;28;42;95;52;21;59;18
156.0;29;48;32;41;93;53;19;56;19
162.0;29;44;34;44;93;52;21;56;17
168.0;27;44;36;46;97;49;19;51;21
174.0;29;45;35;44;97;47;22;49;22
180.0;25;47;33;45;97;46;24;51;22
186.0;24;49;33;42;100;45;25;50;22
192.0;22;49;36;44;99;47;26;49;18
198.0;21;50;35;43;99;49;26;49;18
204.0;18;49;41;42;99;48;23;51;19
210.0;18;46;42;42;103;48;23;50;18
216.0;18;46;40;40;103;49;24;51;19
222.0;19;48;31;40;103;49;24;54;22
228.0;21;48;31;38;105;46;27;55;19
234.0;20;45;31;40;106;47;24;57;20
240.0;21;45;30;44;106;47;24;55;18
246.0;21;45;30;50;105;45;21;55;18
252.0;21;46;29;50;109;46;19;53;17
258.0;19;47;27;54;112;45;21;50;15
264.0;19;47;29;52;113;42;21;52;15
270.0;18;48;30;53;115;39;22;49;16
276.0;18;49;30;51;115;39;23;49;16
282.0;17;49;29;55;115;40;23;47;15
288.0;18;47;31;55;117;41;23;44;14
294.0;20;46;30;53;117;40;21;46;17
300.0;24;43;24;55;117;39;24;46;18
306.0;28;37;22;55;117;38;24;48;21
312.0;23;38;23;53;122;40;24;45;22
318.0;26;36;22;51;122;41;21;49;22
324.0;26;37;23;48;123;41;23;47;22
330.0;24;37;21;44;126;43;24;46;25
336.0;22;34;22;45;124;43;24;52;24
342.0;22;33;23;43;123;44;27;53;22
348.0;20;32;22;43;126;46;27;49;25
354.0;19;32;23;44;125;48;24;49;26
360.0;19;32;26;46;125;43;25;48;26
366.0;20;33;26;44;129;40;27;48;23
372.0;24;34;23;45;131;39;23;48;23
378.0;22;35;21;50;134;36;21;49;22
384.0;23;35;20;49;133;37;23;49;21
390.0;23;35;19;52;134;38;22;47;20
396.0;24;38;19;51;132;41;18;46;21
402.0;23;36;21;52;134;40;19;45;20
408.0;25;36;20;50;137;38;18;44;22
414.0;25;38;21;47;138;38;20;42;21
420.0;26;37;21;49;137;41;17;43;19
426.0;22;39;20;49;136;44;18;44;18
432.0;21;37;20;50;137;47;16;44;18
438.0;23;37;19;48;139;46;16;45;17
444.0;24;39;19;48;141;46;16;41;16
450.0;25;38;19;48;139;47;18;40;16
456.0;25;37;17;47;145;46;17;41;15
462.0;27;35;18;48;145;45;17;41;14
468.0;22;32;20;53;142;47;18;42;14
474.0;24;33;21;54;142;45;14;42;15
480.0;24;34;20;52;143;45;14;42;16
486.0;27;33;19;50;142;47;12;43;17
492.0;23;36;20;50;140;46;12;43;20
498.0;25;38;18;48;141;45;12;43;20
504.0;27;39;21;49;139;44;11;39;21
510.0;28;38;20;49;138;43;12;39;23
516.0;29;40;19;51;134;44;14;39;20
522.0;27;41;19;51;134;45;16;37;20
528.0;26;39;20;54;135;42;19;36;19
534.0;25;39;20;55;138;39;19;34;21
540.0;26;38;21;53;139;38;17;38;20
546.0;29;38;22;48;142;38;15;40;18
552.0;25;36;24;51;146;34;15;41;18
558.0;21;37;24;51;145;37;16;41;18
564.0;21;37;25;53;146;36;17;37;18
570.0;19;38;22;51;147;37;18;41;17
576.0;20;37;19;52;147;38;15;42;20
582.0;20;36;16;58;147;36;15;41;21
588.0;19;35;16;57;145;39;15;42;22
594.0;17;35;18;59;144;40;13;41;23
600.0;20;35;16;57;145;42;14;39;22
606.0;20;35;14;56;146;43;10;40;26
612.0;20;32;18;56;145;44;10;37;28
618.0;24;32;19;55;147;42;11;35;25
624.0;22;32;20;57;152;40;11;35;21
630.0;18;30;18;61;152;41;12;35;23
636.0;18;31;12;59;154;43;15;35;23
642.0;24;30;12;55;157;39;13;37;23
648.0;21;31;15;54;160;38;14;36;21
654.0;19;31;18;55;162;36;13;37;19
660.0;19;32;18;54;162;38;14;35;18
666.0;20;31;17;56;164;37;15;33;17
672.0;22;30;18;55;163;32;18;34;18
678.0;20;30;21;51;163;33;18;35;19
684.0;20;31;23;49;162;33;18;35;19
690.0;20;31;23;48;162;33;19;35;19
696.0;19;31;25;45;164;33;20;33;20
702.0;18;32;26;45;164;31;20;32;22
708.0;17;32;26;46;165;32;20;30;22
714.0;16;34;27;45;164;31;21;28;24
720.0;20;37;24;47;165;32;16;28;21
726.0;18;39;23;46;166;35;15;29;19
732.0;18;39;20;43;168;37;15;30;20
738.0;15;38;19;45;168;37;15;33;20
744.0;20;39;15;43;168;37;11;34;23
750.0;23;42;17;38;170;39;8;31;22
756.0;25;40;17;36;171;36;9;34;22
762.0;26;38;18;39;171;35;5;36;22
768.0;28;38;17;39;168;34;9;35;22
774.0;27;37;21;34;168;36;12;31;24
780.0;26;32;22;33;168;36;12;34;27
786.0;23;28;25;37;169;33;13;34;28
792.0;27;27;23;43;167;33;13;32;25
798.0;24;28;22;41;166;32;16;36;25
804.0;24;28;25;41;164;31;16;37;24
810.0;25;28;25;41;163;31;15;38;24
816.0;26;29;29;40;162;30;15;37;22
822.0;23;31;27;43;159;30;19;36;22
828.0;27;34;26;42;158;26;19;36;22
834.0;27;32;26;44;160;24;20;34;23
840.0;25;32;26;40;160;26;24;33;24
846.0;22;33;25;42;162;26;25;34;21
852.0;24;33;22;42;157;30;25;35;22
858.0;19;35;24;39;158;35;24;35;21
864.0;20;35;26;34;159;36;26;34;20
870.0;18;35;26;35;162;35;25;34;20
876.0;16;36;26;37;158;36;26;33;22
882.0;20;36;26;34;158;36;26;33;21
888.0;20;37;24;35;158;35;26;31;24
894.0;21;36;26;35;162;30;24;34;22
900.0;18;36;23;37;164;35;21;33;23
906.0;22;36;21;36;163;36;23;32;21
912.0;23;33;24;38;164;33;21;35;19
918.0;22;33;27;38;162;34;21;33;20
924.0;21;31;24;37;164;36;22;35;20
930.0;22;31;22;37;164;34;22;37;21
936.0;22;32;26;36;162;32;21;37;22
942.0;20;35;26;34;163;33;23;35;21
948.0;20;36;22;36;163;35;22;35;21
954.0;16;40;20;36;165;36;19;36;22
960.0;15;42;15;39;165;39;20;35;20
966.0;18;44;11;40;167;38;19;35;18
972.0;13;45;13;40;168;37;18;37;19
978.0;15;42;14;41;168;36;19;36;19
984.0;17;42;14;40;169;35;21;36;16
990.0;17;43;15;38;175;33;17;36;16
996.0;17;41;16;40;174;34;18;35;15
1002.0;17;40;13;42;176;35;17;35;15
1008.0;20;38;14;42;176;30;17;38;15
1014.0;19;38;14;42;176;31;15;38;17
1020.0;23;34;15;44;174;31;15;39;15
1026.0;21;34;17;45;173;31;13;38;18
1032.0;20;38;17;42;173;31;13;35;21
1038.0;17;40;18;43;171;29;16;35;21
1044.0;16;41;16;43;167;34;16;35;22
1050.0;17;40;11;42;173;34;14;37;22
1056.0;19;42;12;39;174;32;13;39;20
1062.0;17;45;14;39;174;32;13;37;19
1068.0;18;41;13;38;175;34;13;36;22
1074.0;21;42;12;35;176;33;12;37;22
1080.0;21;41;15;35;177;33;11;36;21
1086.0;22;37;14;37;178;33;13;38;18
1092.0;21;36;14;39;176;33;15;37;19
1098.0;17;37;16;40;177;31;16;37;19
1104.0;20;39;19;42;172;29;16;34;19
1110.0;18;38;21;42;172;27;15;36;21
1116.0;18;36;18;41;176;30;14;35;22
1122.0;16;37;16;40;173;33;16;36;23
1128.0;16;35;17;40;170;34;18;37;23
1134.0;14;37;15;37;172;37;19;38;21
1140.0;17;35;12;39;171;35;19;39;23
1146.0;17;35;11;42;172;36;16;39;22
1152.0;16;35;11;42;175;37;17;38;19
1158.0;16;34;11;43;175;38;18;37;18
1164.0;16;34;13;41;172;42;19;35;18
1170.0;16;37;12;42;171;43;20;32;17
1176.0;18;37;14;44;171;42;18;31;15
1182.0;19;34;18;42;169;43;19;31;15
1188.0;16;32;17;41;172;42;18;35;17
1194.0;16;32;18;38;171;44;17;35;19
1200.0;18;32;16;38;170;47;17;34;18
1206.0;18;31;20;39;167;44;19;35;17
1212.0;18;32;19;37;167;45;19;34;19
1218.0;19;32;17;37;164;44;21;38;18
1224.0;17;31;15;40;167;43;21;39;17
1230.0;19;32;17;41;167;39;18;41;16
1236.0;18;32;14;39;172;39;18;42;16
1242.0;21;31;14;39;174;38;17;40;16
1248.0;15;34;19;35;170;38;18;42;19
1254.0;14;34;21;34;170;39;16;42;20
1260.0;14;33;21;35;167;40;16;43;21
1266.0;14;32;23;34;165;38;21;43;20
1272.0;14;34;23;34;165;39;22;40;19
1278.0;13;30;26;33;164;42;24;41;17
1284.0;14;30;28;32;162;42;27;40;15
1290.0;14;30;26;33;162;43;25;41;16
1296.0;14;31;27;34;159;42;25;42;16
1302.0;14;32;24;36;157;40;24;43;20
1308.0;15;31;26;35;157;39;26;39;22
1314.0;15;29;24;35;158;39;26;43;21
1320.0;15;30;21;35;157;40;26;43;23
1326.0;14;28;22;38;158;42;22;43;23
1332.0;13;29;18;38;161;41;20;46;24
1338.0;14;30;18;40;161;39;21;45;22
1344.0;12;30;22;41;160;38;19;47;21
1350.0;16;31;18;41;160;36;22;45;21
1356.0;14;33;19;36;161;35;27;44;21
1362.0;16;35;20;35;162;34;24;42;22
1368.0;16;35;17;34;164;34;26;42;22
1374.0;18;36;18;37;161;32;24;44;20
1380.0;16;39;19;36;162;34;23;43;18
1386.0;17;39;20;36;160;31;21;48;18
1392.0;16;39;18;40;156;32;22;47;20
1398.0;20;41;20;37;155;27;20;51;19
1404.0;20;40;19;36;156;27;23;52;17
1410.0;20;41;20;35;157;27;26;50;14
1416.0;19;41;19;34;158;31;26;50;12
1422.0;22;40;18;34;157;30;26;52;11
1428.0;26;38;17;35;158;30;23;49;14
1434.0;23;38;18;30;158;33;22;51;17
1440.0;19;36;15;32;157;33;25;53;20
1446.0;21;35;16;31;159;33;27;49;19
1452.0;21;37;16;34;162;32;25;46;17
1458.0;22;36;15;35;164;30;24;47;17
1464.0;23;36;15;33;165;31;23;46;18
1470.0;22;35;16;36;164;33;19;47;18
1476.0;24;38;13;37;163;32;18;47;18
1482.0;20;41;13;34;163;35;18;46;20
1488.0;19;40;14;33;164;34;19;48;19
1494.0;18;41;14;29;166;36;16;52;18
1500.0;17;40;15;31;166;32;18;52;19
1506.0;17;40;17;31;167;31;18;50;19
1512.0;18;38;18;30;166;33;19;50;18
1518.0;18;39;13;28;170;35;18;50;19
1524.0;19;38;15;32;170;35;18;44;19
1530.0;19;38;18;30;169;35;18;43;20
1536.0;20;40;17;31;170;34;16;43;19
1542.0;21;40;18;28;164;35;19;44;21
1548.0;19;42;21;28;165;36;18;42;19
1554.0;17;44;21;29;167;36;16;40;20
1560.0;15;44;22;32;168;35;15;37;22
1566.0;16;45;22;32;167;34;14;38;22
1572.0;18;44;23;32;168;33;13;38;21
1578.0;19;42;25;31;173;32;12;35;21
1584.0;22;43;22;30;176;33;9;37;18
1590.0;22;38;18;30;179;34;10;37;22
1596.0;22;36;19;30;179;34;12;38;20
1602.0;17;33;19;34;180;36;14;35;22
1608.0;18;33;18;36;181;36;14;36;18
1614.0;17;33;14;39;180;38;16;36;17
1620.0;16;33;15;38;179;38;16;36;19
1626.0;17;34;16;38;179;38;15;35;18
1632.0;15;34;16;35;178;40;18;36;18
1638.0;15;37;17;35;178;38;18;35;17
1644.0;15;34;17;35;178;40;17;34;20
1650.0;14;34;16;34;176;42;19;34;21
1656.0;13;34;18;32;179;41;21;31;21
1662.0;11;35;14;33;179;42;22;32;22
1668.0;12;33;15;34;181;43;23;28;21
1674.0;15;35;12;33;182;46;19;30;18
1680.0;14;35;13;33;183;47;17;31;17
1686.0;15;35;17;34;182;47;14;32;14
1692.0;15;34;17;33;182;49;16;30;14
1698.0;13;33;18;33;181;49;17;32;14
1704.0;14;33;16;34;183;45;18;33;14
1710.0;17;30;19;30;185;44;20;31;14
1716.0;17;29;20;30;186;45;20;30;13
1722.0;17;29;21;28;186;45;18;31;15
1728.0;17;28;23;29;188;46;16;29;14
1734.0;18;29;21;30;188;39;16;33;16
1740.0;16;29;22;31;188;39;16;32;17
1746.0;17;29;21;30;188;41;15;33;16
1752.0;17;30;19;29;192;39;13;35;16
1758.0;17;26;20;31;194;39;11;36;16
1764.0;16;23;22;32;194;41;12;33;17
1770.0;17;22;23;31;196;43;12;31;15
1776.0;18;22;23;31;197;43;11;32;13
1782.0;16;25;23;32;197;42;11;30;14
1788.0;12;25;21;31;199;43;14;28;17
1794.0;13;29;22;33;196;40;11;27;19
