#auto generated file!
12.0;36;37;46;49;49;36;53;33;41
18.0;32;40;45;50;54;38;55;31;35
24.0;32;41;41;50;57;37;53;35;34
30.0;33;39;41;52;61;38;51;32;33
36.0;35;40;42;50;61;40;51;29;32
42.0;35;38;42;52;64;44;43;28;34
48.0;33;39;44;51;66;42;39;33;33
54.0;36;39;39;49;66;44;41;33;33
60.0;36;40;36;50;69;44;37;34;34
66.0;34;41;35;52;69;45;37;34;33
72.0;32;42;34;53;69;46;39;34;31
78.0;32;45;29;51;72;47;38;35;31
84.0;29;42;33;54;72;47;38;36;29
90.0;29;42;34;53;76;47;35;37;27
96.0;27;41;33;52;78;47;35;37;30
102.0;25;42;31;50;79;48;37;37;31
108.0;23;45;31;48;81;48;38;37;29
114.0;22;44;28;49;81;53;36;37;30
120.0;23;43;26;50;81;53;36;37;31
126.0;24;44;25;47;81;52;38;39;30
132.0;26;46;25;48;81;52;36;34;32
138.0;26;45;25;49;81;52;33;33;36
144.0;25;49;25;51;82;50;29;35;34
150.0;25;51;22;50;83;47;30;39;33
156.0;29;53;20;52;82;46;25;39;34
162.0;29;54;20;54;82;45;25;40;31
168.0;32;55;21;51;82;44;19;43;33
174.0;36;52;20;50;85;43;20;45;29
180.0;31;52;24;47;89;43;20;45;29
186.0;31;46;24;49;90;44;21;45;30
192.0;32;42;21;50;95;44;20;45;31
198.0;31;42;21;48;99;45;20;45;29
204.0;28;44;22;51;100;45;22;43;25
210.0;27;47;21;50;103;45;20;39;28
216.0;27;45;22;50;105;47;21;38;25
222.0;25;45;21;55;105;49;19;36;25
228.0;22;44;22;52;109;48;24;35;24
234.0;23;44;20;51;110;46;27;38;21
240.0;21;43;21;50;112;45;28;39;21
246.0;20;42;19;50;115;48;26;38;22
252.0;23;40;21;53;115;45;24;36;23
258.0;20;41;21;52;115;44;26;37;24
264.0;20;42;25;52;115;42;23;39;22
270.0;22;40;26;48;117;40;26;37;24
276.0;23;37;28;52;117;40;23;36;24
282.0;20;42;26;52;117;41;24;34;24
288.0;20;40;25;50;123;42;21;36;23
294.0;21;40;25;48;124;42;23;36;21
300.0;21;41;27;49;126;39;16;37;24
306.0;22;40;27;50;123;39;15;38;26
312.0;23;41;27;49;123;39;14;39;25
318.0;24;44;23;45;125;38;17;37;27
324.0;23;42;28;47;127;36;17;35;25
330.0;22;45;23;44;129;37;18;36;26
336.0;20;45;25;42;132;36;18;36;26
342.0;19;46;26;41;132;37;19;36;24
348.0;17;47;25;41;131;40;20;38;21
354.0;16;48;26;40;133;40;22;38;17
360.0;15;48;27;42;131;42;19;39;17
366.0;15;49;28;45;130;41;19;37;16
372.0;16;47;26;44;133;39;17;39;19
378.0;19;47;23;44;133;38;23;38;15
384.0;20;46;20;44;134;35;24;37;20
390.0;23;42;17;43;136;38;24;39;18
396.0;24;40;16;42;141;39;23;38;17
402.0;19;41;18;43;139;37;26;39;18
408.0;19;38;19;46;139;40;25;37;17
414.0;15;39;21;45;141;38;27;38;16
420.0;14;40;19;43;140;40;28;39;17
426.0;10;38;19;45;141;41;27;41;18
432.0;13;38;19;46;140;35;27;42;20
438.0;15;38;18;46;139;36;27;41;20
444.0;16;39;16;41;141;37;26;43;21
450.0;16;37;16;41;143;36;25;44;22
456.0;16;37;15;44;142;37;24;46;19
462.0;18;38;14;45;145;32;27;45;16
468.0;18;39;13;44;146;32;24;44;20
474.0;18;36;14;46;148;32;21;46;19
480.0;19;34;17;47;150;30;21;45;17
486.0;18;34;17;46;150;30;22;44;19
492.0;16;35;13;49;150;32;22;43;20
498.0;17;37;14;46;151;32;21;43;19
504.0;18;36;17;46;152;30;20;40;21
510.0;19;41;15;46;152;30;21;38;18
516.0;18;39;15;42;153;29;21;39;24
522.0;20;37;15;42;156;29;21;34;26
528.0;17;37;17;41;158;30;20;33;27
534.0;16;40;15;39;161;30;20;31;28
540.0;18;38;14;42;161;26;21;31;29
546.0;21;38;15;39;161;28;21;30;27
552.0;21;36;17;39;161;28;23;32;23
558.0;20;32;19;38;163;30;24;34;20
564.0;20;31;20;41;161;31;24;32;20
570.0;25;30;21;40;161;32;24;32;15
576.0;26;30;19;45;159;32;26;28;15
582.0;23;32;18;50;156;30;26;30;15
588.0;25;31;18;51;156;28;24;32;15
594.0;22;31;20;52;157;29;23;32;14
600.0;19;34;21;51;159;28;22;30;16
606.0;19;37;19;47;162;31;20;29;16
612.0;17;36;16;48;165;33;18;30;17
618.0;17;37;17;43;165;36;18;29;18
624.0;15;36;18;43;168;36;17;30;17
630.0;17;35;17;43;170;36;17;29;16
636.0;16;36;19;40;169;33;18;28;21
642.0;14;35;19;40;167;37;19;27;22
648.0;19;33;18;38;169;41;14;28;20
654.0;20;34;20;35;169;42;11;28;21
660.0;17;37;22;35;169;44;9;26;21
666.0;18;35;23;35;168;44;9;27;21
672.0;17;35;24;33;171;45;8;27;20
678.0;16;32;24;34;172;46;11;28;17
684.0;20;33;22;34;174;41;9;28;19
690.0;18;34;25;34;174;40;10;27;18
696.0;21;33;27;33;171;38;13;27;17
702.0;18;31;25;37;174;38;15;28;14
708.0;18;33;25;37;172;39;14;24;18
714.0;20;36;28;33;170;39;12;20;22
720.0;18;38;27;35;169;39;12;20;22
726.0;19;37;27;35;172;40;12;19;19
732.0;20;38;25;32;172;41;12;20;20
738.0;21;36;21;35;175;40;11;22;19
744.0;22;35;20;35;173;41;14;22;18
750.0;20;35;21;35;172;41;14;23;19
756.0;19;35;23;35;172;40;10;24;22
762.0;18;35;19;36;168;42;12;27;23
768.0;18;35;18;36;169;42;11;28;23
774.0;16;35;17;39;168;42;13;28;22
780.0;15;36;18;40;167;41;12;31;20
786.0;14;36;18;41;168;41;11;31;20
792.0;12;39;16;41;167;43;11;32;19
798.0;13;42;17;37;167;43;12;33;16
804.0;14;39;17;35;166;43;13;34;19
810.0;18;38;18;34;168;44;12;30;18
816.0;16;39;18;34;166;46;11;30;20
822.0;16;38;19;35;170;43;10;29;20
828.0;15;40;17;33;171;41;12;32;19
834.0;18;40;19;31;170;42;9;33;18
840.0;17;42;19;30;171;40;12;31;18
846.0;16;41;20;32;172;36;14;33;16
852.0;15;40;20;31;171;36;17;34;16
858.0;15;40;23;29;171;34;15;35;18
864.0;14;40;22;33;171;35;14;33;18
870.0;15;41;24;33;169;36;13;33;16
876.0;15;40;22;34;168;37;14;31;19
882.0;15;42;20;39;167;35;13;33;16
888.0;17;39;19;41;164;36;16;33;15
894.0;17;39;20;43;162;36;15;35;13
900.0;22;33;19;43;162;37;16;35;13
906.0;23;33;15;45;165;39;14;33;13
912.0;26;33;13;46;165;35;15;34;13
918.0;22;38;10;42;167;36;16;35;14
924.0;20;40;9;42;167;38;15;36;13
930.0;18;39;10;43;167;37;13;38;15
936.0;17;36;11;45;168;34;13;39;17
942.0;19;35;11;46;169;34;12;39;15
948.0;16;35;13;45;171;34;13;35;18
954.0;15;33;13;44;173;33;14;35;20
960.0;15;34;12;42;175;35;14;35;18
966.0;16;36;14;39;175;34;15;35;16
972.0;17;36;15;35;174;33;18;36;16
978.0;21;35;15;35;171;34;17;36;16
984.0;22;32;17;35;170;33;17;36;18
990.0;22;31;17;37;171;32;17;35;18
996.0;24;30;15;38;171;34;18;33;17
1002.0;27;30;15;38;170;31;20;34;15
1008.0;22;29;14;43;172;32;18;34;16
1014.0;20;30;13;40;173;32;14;40;18
1020.0;19;32;15;39;170;34;13;41;17
1026.0;19;32;13;44;169;35;15;40;13
1032.0;17;32;17;42;169;35;12;40;16
1038.0;19;31;18;37;166;35;14;41;19
1044.0;15;31;20;37;167;34;15;42;19
1050.0;18;28;21;37;169;34;15;41;17
1056.0;18;29;20;39;168;34;14;40;18
1062.0;18;28;21;41;167;34;13;39;19
1068.0;19;29;20;42;165;38;13;36;18
1074.0;21;29;18;42;163;39;13;38;17
1080.0;21;26;18;46;164;35;15;40;15
1086.0;23;26;19;42;162;39;14;39;16
1092.0;23;28;19;41;162;36;13;38;20
1098.0;23;30;19;43;160;34;14;38;19
1104.0;25;31;17;44;159;30;15;37;22
1110.0;20;33;18;48;156;32;14;37;22
1116.0;22;31;18;48;155;30;14;39;23
1122.0;21;30;17;46;157;34;12;38;25
1128.0;20;29;19;44;161;33;12;38;24
1134.0;22;28;18;44;162;33;10;39;24
1140.0;21;26;19;41;163;36;10;40;24
1146.0;20;26;18;42;163;36;11;40;24
1152.0;22;26;18;41;163;38;10;41;21
1158.0;21;25;18;44;161;37;10;41;23
1164.0;22;25;17;44;162;36;10;42;22
1170.0;22;24;16;44;163;36;11;42;22
1176.0;19;27;14;41;165;34;14;44;22
1182.0;17;27;17;41;164;34;13;45;22
1188.0;17;25;21;43;165;34;14;41;20
1194.0;16;24;22;41;165;34;17;41;20
1200.0;21;23;22;36;166;32;16;44;20
1206.0;20;26;20;36;165;34;15;43;21
1212.0;20;26;21;32;165;34;18;44;20
1218.0;19;26;21;31;168;36;17;44;18
1224.0;19;24;18;31;169;38;19;43;19
1230.0;19;26;16;33;166;37;20;40;23
1236.0;17;28;14;38;165;35;21;38;24
1242.0;20;27;12;39;165;35;22;36;24
1248.0;19;28;12;39;167;34;22;36;23
1254.0;18;27;13;40;169;35;22;35;21
1260.0;17;28;10;41;168;37;22;34;23
1266.0;17;29;11;38;170;36;24;33;22
1272.0;17;28;11;38;168;35;25;36;22
1278.0;16;29;13;36;167;36;23;36;24
1284.0;14;30;14;36;171;36;21;37;21
1290.0;12;31;13;36;169;37;22;38;22
1296.0;12;37;12;34;168;35;22;36;24
1302.0;11;35;12;37;169;33;22;38;23
1308.0;10;35;14;35;168;33;22;38;25
1314.0;10;34;16;36;171;35;20;32;26
1320.0;11;36;16;35;169;36;19;33;25
1326.0;10;37;14;36;165;35;20;36;27
1332.0;13;37;14;33;163;38;20;34;28
1338.0;15;36;13;34;162;36;23;34;27
1344.0;14;34;17;31;161;39;21;35;28
1350.0;14;34;15;32;162;41;20;37;25
1356.0;13;34;13;35;160;42;21;36;26
1362.0;13;32;15;40;158;42;20;36;24
1368.0;14;35;17;35;159;41;18;38;23
1374.0;11;36;19;34;161;39;19;38;23
1380.0;13;36;16;35;162;40;16;40;22
1386.0;12;35;20;35;161;42;16;40;19
1392.0;11;34;19;35;160;45;18;40;18
1398.0;12;34;19;35;161;42;17;43;17
1404.0;12;35;19;35;160;42;19;42;16
1410.0;14;34;17;36;160;40;21;42;16
1416.0;15;34;15;39;157;41;21;45;13
1422.0;15;33;18;37;159;40;19;44;15
1428.0;18;38;17;36;155;38;17;48;13
1434.0;18;36;18;37;154;38;17;48;14
1440.0;17;39;17;36;155;41;15;44;16
1446.0;16;41;16;34;154;41;15;46;17
1452.0;16;39;16;32;155;43;17;46;16
1458.0;16;37;19;33;154;46;16;43;16
1464.0;16;39;18;32;156;43;20;39;17
1470.0;14;42;18;34;157;42;17;37;19
1476.0;17;44;15;35;155;42;17;38;17
1482.0;20;41;16;36;153;42;16;37;19
1488.0;18;44;17;36;154;37;16;38;20
1494.0;18;41;18;37;153;40;15;36;22
1500.0;19;43;16;37;156;38;14;33;24
1506.0;20;41;18;36;156;37;14;33;25
1512.0;19;45;19;33;154;36;14;37;23
1518.0;20;44;21;35;153;35;14;38;20
1524.0;20;44;19;37;153;36;15;36;20
1530.0;20;43;19;36;153;34;17;36;22
1536.0;19;46;17;36;153;33;19;35;22
1542.0;19;43;19;33;154;36;19;36;21
1548.0;18;46;18;31;153;37;19;37;21
1554.0;17;43;21;34;155;36;19;36;19
1560.0;14;42;24;32;156;33;19;38;22
1566.0;16;41;22;34;155;34;17;39;22
1572.0;16;43;20;34;154;37;19;39;18
1578.0;16;44;20;33;156;37;20;39;15
1584.0;16;45;18;33;154;39;19;41;15
1590.0;15;46;18;34;153;38;19;41;16
1596.0;18;43;15;31;156;38;19;45;15
1602.0;20;43;17;31;157;39;17;41;15
1608.0;19;41;16;29;161;38;18;42;16
1614.0;21;41;19;25;159;36;20;43;16
1620.0;22;43;18;24;159;34;24;43;13
1626.0;22;45;17;25;162;35;21;40;13
1632.0;22;42;20;28;162;37;21;38;10
1638.0;23;44;20;27;162;38;21;35;10
1644.0;23;39;22;28;161;40;21;35;11
1650.0;20;38;25;31;161;40;20;34;11
1656.0;21;39;23;30;161;42;19;33;12
1662.0;22;42;22;29;159;43;19;30;14
1668.0;21;44;20;30;159;42;19;30;15
1674.0;21;44;21;29;159;40;18;33;15
1680.0;22;45;20;32;158;41;15;33;14
1686.0;21;44;19;30;163;43;16;30;14
1692.0;23;45;20;28;163;41;18;29;13
1698.0;20;47;20;29;162;41;17;30;14
1704.0;21;44;22;29;162;43;15;32;12
1710.0;24;43;20;30;163;40;15;32;13
1716.0;21;43;18;30;165;41;15;32;15
1722.0;19;45;18;30;166;39;11;36;16
1728.0;15;46;20;31;168;39;10;33;18
1734.0;17;45;19;33;168;37;12;32;17
1740.0;17;44;19;32;168;37;14;31;18
1746.0;17;42;18;33;169;38;12;31;20
1752.0;15;42;15;39;167;37;17;28;20
1758.0;12;43;14;39;170;35;17;28;22
1764.0;13;42;11;39;171;33;20;28;23
1770.0;12;45;11;39;170;34;17;28;24
1776.0;11;44;11;41;169;33;18;30;23
1782.0;11;44;11;40;170;30;17;31;26
1788.0;11;44;12;39;170;31;17;33;23
1794.0;14;43;11;38;173;30;18;33;20
