#auto generated file!
12.0;23;24;21;17;19;24;24;20;28
18.0;24;24;22;17;19;22;26;21;25
24.0;25;23;21;15;24;21;23;21;27
30.0;21;23;21;13;26;20;22;22;32
36.0;21;24;19;12;29;21;22;23;29
42.0;22;23;20;13;32;17;22;22;29
48.0;20;24;18;14;34;17;22;21;30
54.0;20;24;16;15;35;19;21;20;30
60.0;18;25;18;15;36;17;20;21;30
66.0;16;26;18;12;36;18;24;21;29
72.0;15;26;19;17;36;17;25;20;25
78.0;13;26;19;18;39;18;25;21;21
84.0;12;23;19;18;41;20;23;23;21
90.0;11;27;20;19;42;22;22;20;17
96.0;12;25;20;21;43;21;20;20;18
102.0;11;23;21;23;45;20;17;22;18
108.0;11;24;19;23;48;21;16;21;17
114.0;12;26;18;22;48;20;17;21;16
120.0;12;24;17;21;51;20;19;20;16
126.0;14;25;18;18;53;20;19;21;12
132.0;15;23;16;22;55;21;20;21;7
138.0;11;24;16;23;56;24;17;20;9
144.0;13;24;15;22;56;27;16;18;9
150.0;14;25;14;22;56;25;15;20;9
156.0;14;26;16;22;56;24;13;22;7
162.0;12;29;16;21;56;22;12;23;9
168.0;12;27;18;19;55;24;11;24;10
174.0;12;27;20;19;55;23;11;23;10
180.0;11;21;22;19;54;26;12;23;12
186.0;9;19;22;21;55;24;14;25;11
192.0;9;17;19;23;57;25;15;25;10
198.0;8;18;15;25;59;26;14;26;9
204.0;8;19;13;26;59;25;14;26;10
210.0;9;17;14;25;59;27;13;26;10
216.0;9;16;13;24;60;28;13;26;11
222.0;10;18;15;24;63;23;12;25;10
228.0;10;18;14;23;63;24;13;25;10
234.0;8;20;13;23;65;25;14;21;11
240.0;6;24;17;22;66;25;12;19;9
246.0;5;25;16;21;68;24;13;20;8
252.0;3;26;16;21;68;25;12;20;9
258.0;2;25;17;21;68;24;12;22;9
264.0;3;22;15;21;70;27;12;21;9
270.0;3;25;15;23;69;25;14;20;6
276.0;4;30;14;22;66;24;14;20;6
282.0;3;32;12;23;67;24;14;21;4
288.0;3;32;14;23;67;28;11;19;3
294.0;5;30;13;20;68;27;11;21;5
300.0;6;27;13;20;68;30;11;20;5
306.0;6;26;12;16;69;32;14;20;5
312.0;5;24;13;16;71;30;15;21;5
318.0;7;25;14;14;70;28;16;22;4
324.0;9;22;16;14;73;27;15;20;4
330.0;9;25;16;15;74;23;14;19;5
336.0;12;24;16;16;73;23;15;17;4
342.0;11;24;16;13;73;27;14;14;8
348.0;12;24;17;11;72;23;15;17;9
354.0;14;23;16;11;71;22;14;19;10
360.0;12;22;13;14;71;21;18;21;8
366.0;9;24;13;14;71;22;16;25;6
372.0;9;23;14;14;69;25;16;25;5
378.0;10;18;15;20;72;24;13;22;6
384.0;9;21;14;21;72;23;13;24;3
390.0;10;20;12;20;72;24;11;26;5
396.0;9;22;11;18;73;26;11;25;5
402.0;9;23;11;19;72;26;10;25;5
408.0;8;25;12;18;72;28;8;24;5
414.0;7;25;11;20;72;27;9;23;6
420.0;7;25;13;21;71;26;9;23;5
426.0;7;26;11;20;69;28;10;24;5
432.0;6;24;13;20;69;28;10;23;7
438.0;7;22;13;17;71;29;11;23;7
444.0;7;20;14;19;71;29;7;24;9
450.0;7;19;14;17;72;28;8;25;10
456.0;7;21;13;16;70;26;9;27;11
462.0;5;20;10;17;73;25;10;27;13
468.0;7;18;10;16;74;26;10;26;13
474.0;6;18;11;16;75;28;8;23;15
480.0;6;19;11;15;76;28;9;23;13
486.0;7;18;12;13;76;30;10;22;12
492.0;7;18;12;12;77;28;11;21;14
498.0;7;18;13;13;75;28;12;21;13
504.0;8;20;11;14;74;26;15;20;12
510.0;9;20;11;14;74;29;12;20;11
516.0;10;19;12;14;74;29;11;19;12
522.0;8;19;13;16;72;28;13;18;13
528.0;7;20;14;15;72;30;14;16;12
534.0;8;22;14;15;72;28;12;17;12
540.0;8;19;15;15;72;30;15;15;11
546.0;8;17;13;16;73;31;16;17;9
552.0;7;19;12;16;73;33;15;17;8
558.0;8;20;12;16;72;30;13;20;9
564.0;10;21;12;16;71;31;12;18;9
570.0;10;21;10;18;73;29;12;19;8
576.0;11;20;11;18;75;26;12;19;8
582.0;10;20;10;18;73;25;16;21;7
588.0;10;20;10;18;73;26;16;21;6
594.0;13;19;9;15;71;26;16;24;7
600.0;12;19;10;15;71;26;17;22;8
606.0;11;18;9;17;73;27;15;21;9
612.0;8;18;8;18;72;27;18;21;10
618.0;8;18;9;19;74;25;16;23;8
624.0;9;18;9;18;74;26;14;23;9
630.0;9;16;10;21;76;26;13;21;8
636.0;9;19;9;23;77;25;13;20;5
642.0;9;20;9;22;78;24;14;19;5
648.0;8;19;11;22;76;24;13;19;8
654.0;10;21;10;22;77;23;13;18;6
660.0;12;23;12;20;78;21;10;19;5
666.0;12;23;13;19;79;20;9;20;5
672.0;13;23;13;20;81;17;9;20;4
678.0;13;24;15;18;82;15;11;18;4
684.0;13;22;15;17;83;17;10;18;5
690.0;12;23;16;16;83;18;8;18;6
696.0;12;22;16;15;84;19;8;19;5
702.0;8;24;15;18;81;20;9;20;5
708.0;8;24;15;18;81;22;9;19;4
714.0;8;25;16;16;82;22;9;18;4
720.0;8;24;16;19;83;19;9;18;4
726.0;7;24;17;19;81;20;9;19;4
732.0;8;23;13;19;82;21;8;20;6
738.0;9;24;13;20;82;19;8;19;6
744.0;9;26;12;20;82;20;7;18;6
750.0;8;27;11;20;82;17;10;17;8
756.0;7;26;14;21;80;16;11;16;9
762.0;7;26;15;19;80;18;10;16;9
768.0;6;27;14;19;80;18;11;16;9
774.0;7;25;15;19;80;16;12;17;9
780.0;9;24;15;18;80;18;10;16;10
786.0;9;26;15;18;78;18;10;15;11
792.0;9;25;15;19;78;18;10;14;12
798.0;7;26;14;20;79;18;9;14;13
804.0;8;24;14;19;79;18;9;16;13
810.0;9;23;13;20;79;19;8;18;11
816.0;11;23;11;20;80;17;7;20;11
822.0;11;22;14;20;79;16;8;20;10
828.0;11;23;11;20;80;19;7;21;8
834.0;12;25;10;20;78;20;7;19;9
840.0;11;25;13;17;81;20;7;19;7
846.0;9;23;13;18;82;21;7;17;10
852.0;8;22;15;18;82;22;6;16;11
858.0;8;20;17;18;80;23;5;16;13
864.0;9;18;17;20;80;24;5;12;15
870.0;9;22;13;19;80;25;5;13;14
876.0;11;24;12;19;79;25;4;12;14
882.0;10;23;16;17;79;22;4;14;15
888.0;10;24;14;17;80;21;5;14;15
894.0;9;24;11;14;80;23;7;16;16
900.0;11;23;9;14;82;23;7;17;14
906.0;10;23;7;15;80;25;7;17;16
912.0;9;23;7;14;82;24;7;20;14
918.0;10;21;6;15;82;26;6;19;15
924.0;10;20;6;16;83;25;7;19;14
930.0;12;20;7;16;81;27;8;16;13
936.0;11;19;8;18;82;25;8;17;12
942.0;11;19;8;19;82;25;7;18;11
948.0;11;21;8;24;80;21;6;19;10
954.0;13;22;9;24;82;22;2;17;9
960.0;15;21;9;22;83;23;2;17;8
966.0;13;21;10;23;82;22;3;19;7
972.0;13;21;8;23;83;23;3;18;8
978.0;13;19;7;24;81;25;4;19;8
984.0;10;20;6;27;82;23;3;21;8
990.0;10;20;6;27;82;23;3;21;8
996.0;8;22;7;26;82;23;2;22;8
1002.0;7;20;10;25;84;21;3;22;8
1008.0;7;21;10;26;85;21;4;22;4
1014.0;7;19;11;23;86;21;5;23;5
1020.0;9;18;9;24;83;20;6;25;6
1026.0;11;16;6;24;83;20;7;27;6
1032.0;10;17;6;24;83;20;8;28;4
1038.0;11;14;8;22;84;21;8;28;4
1044.0;12;15;7;21;83;23;9;26;4
1050.0;14;15;8;21;81;23;10;24;4
1056.0;13;14;9;22;80;23;11;24;4
1062.0;13;15;9;22;80;22;13;23;3
1068.0;14;15;8;21;81;21;12;25;3
1074.0;12;16;7;21;82;20;14;24;4
1080.0;11;15;8;21;83;19;15;24;4
1086.0;10;15;9;20;83;19;15;25;4
1092.0;8;17;9;20;83;20;12;26;5
1098.0;8;17;8;19;88;21;9;25;5
1104.0;8;17;7;20;87;20;10;25;6
1110.0;10;16;8;20;84;22;9;25;6
1116.0;9;15;9;19;82;26;9;25;6
1122.0;8;17;7;20;81;27;8;26;6
1128.0;8;17;7;20;81;27;7;26;7
1134.0;7;18;8;20;81;27;8;25;6
1140.0;7;18;9;19;84;27;7;23;6
1146.0;8;16;11;16;84;27;8;23;7
1152.0;9;18;8;15;86;29;8;23;4
1158.0;9;19;8;15;85;28;9;23;4
1164.0;10;19;9;17;83;27;9;22;4
1170.0;10;19;9;17;84;28;9;20;4
1176.0;8;20;9;17;84;26;9;22;5
1182.0;8;18;9;19;85;25;8;22;6
1188.0;7;18;8;19;85;28;8;20;7
1194.0;7;19;9;18;85;26;9;20;7
1200.0;8;20;10;16;86;27;7;19;7
1206.0;7;21;9;16;85;29;7;18;8
1212.0;8;21;9;15;86;28;7;18;8
1218.0;7;21;9;15;85;31;7;18;7
1224.0;8;20;10;16;86;30;7;17;6
1230.0;7;18;11;17;86;31;7;16;7
1236.0;6;19;7;17;86;31;8;19;7
1242.0;7;20;6;17;86;31;8;18;7
1248.0;5;21;7;17;87;30;9;18;6
1254.0;6;21;8;17;88;28;8;18;6
1260.0;6;18;7;18;91;27;6;19;8
1266.0;6;18;9;16;89;29;5;21;7
1272.0;7;18;9;18;88;29;7;17;7
1278.0;6;19;9;20;88;29;7;17;5
1284.0;8;19;7;20;86;30;7;17;6
1290.0;7;19;9;20;84;30;8;16;7
1296.0;6;19;7;21;86;32;8;15;6
1302.0;5;17;7;20;88;32;8;17;6
1308.0;4;17;7;19;88;31;9;17;8
1314.0;6;20;6;19;88;27;8;17;9
1320.0;7;19;5;19;87;26;8;17;12
1326.0;7;18;8;21;84;27;10;13;12
1332.0;7;18;8;21;83;27;8;16;12
1338.0;7;17;7;22;84;27;9;15;12
1344.0;8;18;6;22;86;26;10;15;9
1350.0;9;17;6;22;87;28;8;15;8
1356.0;7;18;5;23;88;28;8;16;7
1362.0;8;19;4;24;88;27;9;16;5
1368.0;8;20;3;24;86;27;9;18;5
1374.0;9;19;4;24;87;27;8;16;6
1380.0;9;19;3;23;87;24;9;16;10
1386.0;9;22;4;23;86;24;7;15;10
1392.0;8;21;5;23;87;23;4;18;11
1398.0;10;22;4;22;85;20;5;21;11
1404.0;8;22;4;23;86;20;4;21;12
1410.0;10;23;3;22;85;22;3;21;11
1416.0;9;23;5;21;84;22;5;21;10
1422.0;8;18;6;21;85;21;5;23;13
1428.0;9;19;7;21;84;21;3;23;13
1434.0;9;20;8;20;82;21;3;21;16
1440.0;9;20;10;21;83;21;4;20;12
1446.0;11;21;11;20;84;22;2;20;9
1452.0;9;23;10;21;84;21;5;20;7
1458.0;10;21;10;20;86;23;5;18;7
1464.0;11;22;8;20;86;23;5;17;8
1470.0;12;20;10;18;86;23;5;19;7
1476.0;13;21;11;17;85;21;5;19;8
1482.0;11;19;10;19;85;20;7;20;9
1488.0;10;20;9;20;85;19;8;21;8
1494.0;11;20;9;21;84;18;10;21;6
1500.0;11;20;9;21;83;19;11;21;5
1506.0;10;19;10;22;84;19;11;21;4
1512.0;10;20;10;21;83;19;12;21;4
1518.0;10;22;10;20;82;18;14;21;3
1524.0;9;21;9;21;83;18;14;21;4
1530.0;11;19;9;23;81;15;14;23;5
1536.0;11;19;9;23;83;15;12;25;3
1542.0;11;18;10;24;81;16;13;24;3
1548.0;12;18;10;24;80;16;12;23;5
1554.0;13;16;11;23;79;16;12;24;6
1560.0;13;17;12;23;76;17;12;24;6
1566.0;13;17;12;22;78;16;12;25;5
1572.0;14;19;9;20;80;15;12;24;7
1578.0;14;18;7;20;79;15;11;28;8
1584.0;14;18;8;19;78;16;14;25;8
1590.0;14;20;9;19;75;16;14;25;8
1596.0;12;21;9;20;75;16;14;24;9
1602.0;12;23;9;22;75;16;10;25;8
1608.0;11;22;9;22;74;16;11;27;8
1614.0;12;23;7;21;74;15;11;28;9
1620.0;12;23;7;21;74;16;11;27;9
1626.0;11;23;8;22;74;17;10;27;8
1632.0;11;24;10;21;73;17;9;27;8
1638.0;10;27;12;21;69;16;11;27;7
1644.0;9;24;15;21;69;15;13;26;8
1650.0;10;23;15;21;70;15;10;27;9
1656.0;9;24;15;21;71;12;11;28;9
1662.0;9;24;16;21;69;14;10;28;9
1668.0;10;25;16;20;69;15;10;28;7
1674.0;10;21;17;19;68;16;13;29;7
1680.0;11;21;18;20;69;14;13;27;7
1686.0;11;20;17;21;70;13;13;28;7
1692.0;10;20;19;21;70;11;13;29;7
1698.0;10;20;15;21;69;12;14;31;8
1704.0;9;20;14;20;69;13;13;33;9
1710.0;10;20;13;22;69;13;12;33;8
1716.0;10;21;11;21;68;14;11;34;10
1722.0;14;21;10;20;66;14;9;36;10
1728.0;12;21;9;20;70;16;9;36;7
1734.0;12;21;10;21;70;16;8;34;8
1740.0;13;21;9;22;71;16;6;35;7
1746.0;12;22;8;21;72;17;8;35;5
1752.0;12;21;7;21;73;18;7;37;4
1758.0;13;22;8;20;73;16;7;36;5
1764.0;14;24;7;20;73;16;5;35;6
1770.0;14;24;6;20;75;17;4;34;6
1776.0;14;25;5;19;72;15;5;35;10
1782.0;14;25;4;18;73;15;8;34;9
1788.0;13;24;5;18;73;14;8;34;11
1794.0;13;22;5;19;74;13;8;33;13
