#auto generated file!
12.0;19;22;34;23;33;28;29;26;26
18.0;17;23;33;24;37;29;22;28;27
24.0;14;25;33;25;39;29;21;28;26
30.0;14;27;29;26;40;29;21;28;26
36.0;14;25;31;24;42;27;22;32;23
42.0;14;24;33;23;40;27;23;33;23
48.0;15;26;30;25;42;25;26;30;21
54.0;16;28;30;27;42;24;24;29;20
60.0;14;28;29;28;43;24;23;30;21
66.0;16;28;27;29;45;23;24;29;19
72.0;18;29;28;29;46;26;18;26;20
78.0;20;29;28;27;48;24;20;24;20
84.0;23;29;26;26;48;24;20;24;20
90.0;21;29;30;25;51;23;18;24;19
96.0;24;31;28;22;50;23;16;27;19
102.0;23;31;26;24;50;22;16;25;23
108.0;22;33;25;23;49;23;17;27;21
114.0;20;34;26;22;52;19;19;27;21
120.0;20;35;27;18;52;19;19;29;21
126.0;21;36;26;19;55;20;15;27;21
132.0;20;34;23;22;57;22;16;24;22
138.0;18;31;20;22;59;22;18;26;24
144.0;19;31;19;22;57;23;17;26;26
150.0;19;30;18;25;57;24;18;26;23
156.0;17;30;18;27;57;24;19;27;21
162.0;17;32;16;28;58;23;20;27;19
168.0;15;31;17;28;59;24;18;29;19
174.0;15;29;19;28;60;25;16;30;18
180.0;15;29;17;26;60;27;16;34;16
186.0;14;32;14;27;59;26;15;38;15
192.0;15;32;13;24;62;28;16;37;13
198.0;15;30;13;28;61;29;15;33;16
204.0;12;29;10;28;65;27;15;35;19
210.0;16;30;9;31;63;24;18;32;17
216.0;17;32;9;31;65;24;14;33;15
222.0;17;31;9;32;65;26;12;33;15
228.0;15;31;9;30;67;26;14;35;13
234.0;12;32;8;30;68;28;14;35;13
240.0;14;29;8;30;69;29;13;35;13
246.0;15;26;9;29;67;28;15;38;13
252.0;12;26;11;30;68;29;15;37;12
258.0;12;28;12;30;69;28;17;33;11
264.0;10;30;12;30;71;26;18;32;11
270.0;9;30;11;30;75;23;19;31;12
276.0;10;29;12;31;74;25;16;30;13
282.0;14;29;12;34;76;24;14;27;10
288.0;13;32;13;34;76;24;12;27;9
294.0;14;32;13;30;77;27;11;27;9
300.0;13;32;11;31;78;26;12;28;9
306.0;10;31;12;34;80;25;10;30;8
312.0;9;32;11;34;79;25;12;30;8
318.0;9;35;11;31;80;24;12;30;8
324.0;7;34;10;32;80;23;13;33;8
330.0;7;32;11;31;82;20;15;32;10
336.0;8;33;11;29;82;19;16;31;11
342.0;10;30;11;30;84;20;14;30;11
348.0;10;29;11;27;85;21;12;30;15
354.0;11;29;11;26;85;22;11;30;15
360.0;10;29;10;27;84;24;11;30;15
366.0;8;30;10;27;83;24;12;30;16
372.0;11;30;11;29;83;22;12;31;11
378.0;9;28;12;30;82;22;15;31;11
384.0;10;26;13;29;81;24;14;32;11
390.0;9;24;15;27;83;25;12;33;12
396.0;9;22;15;29;83;25;10;33;14
402.0;9;24;17;29;84;24;9;27;17
408.0;9;25;16;29;84;26;6;28;17
414.0;8;24;14;31;85;27;7;27;17
420.0;8;25;15;31;85;28;7;25;16
426.0;7;24;15;33;85;26;7;24;19
432.0;9;22;14;35;83;27;7;24;19
438.0;11;23;10;34;83;28;6;26;19
444.0;13;24;10;32;82;27;8;25;19
450.0;14;24;8;33;82;28;7;23;21
456.0;16;23;8;32;82;28;6;24;21
462.0;18;22;10;26;83;29;7;22;23
468.0;20;23;8;25;81;28;10;23;22
474.0;19;22;7;23;84;27;8;27;23
480.0;16;22;8;24;85;28;11;27;19
486.0;16;23;8;23;86;27;9;30;18
492.0;14;22;10;23;87;26;10;30;18
498.0;15;20;8;25;87;26;10;33;16
504.0;15;19;9;23;88;28;10;33;15
510.0;16;21;9;23;88;31;9;30;13
516.0;15;24;10;23;88;31;8;28;13
522.0;15;22;9;24;89;31;8;28;14
528.0;13;27;9;20;91;27;9;28;16
534.0;13;29;8;19;94;26;7;28;16
540.0;14;28;9;19;95;25;9;28;13
546.0;11;30;8;18;94;26;10;28;15
552.0;10;29;8;19;95;25;12;29;13
558.0;12;25;10;19;95;26;11;27;15
564.0;10;25;11;17;95;27;12;27;16
570.0;13;25;12;16;94;26;12;29;13
576.0;13;26;9;17;94;28;11;28;14
582.0;10;27;10;17;95;27;13;28;13
588.0;12;26;10;14;95;28;13;28;14
594.0;12;27;9;18;95;27;12;27;13
600.0;12;25;10;19;95;26;12;26;15
606.0;11;26;10;18;96;26;13;25;15
612.0;12;23;10;20;98;25;14;24;14
618.0;11;24;10;21;99;25;13;25;12
624.0;12;23;10;21;100;23;14;24;13
630.0;14;25;10;20;100;24;12;22;13
636.0;14;26;12;20;100;23;8;23;14
642.0;15;26;11;17;99;23;9;24;16
648.0;13;24;12;17;100;27;8;24;15
654.0;15;23;14;16;99;25;8;24;16
660.0;16;25;15;16;97;25;10;21;15
666.0;16;25;15;15;97;24;10;21;17
672.0;18;24;19;11;99;25;8;19;17
678.0;20;24;17;11;99;24;9;19;17
684.0;23;24;15;10;100;21;10;20;17
690.0;20;23;16;11;99;23;11;21;16
696.0;19;24;15;11;99;21;12;22;17
702.0;20;25;14;12;98;21;13;22;15
708.0;20;27;15;11;99;16;16;22;14
714.0;18;28;16;10;98;16;15;24;15
720.0;17;29;17;10;98;21;11;21;16
726.0;16;29;19;12;100;21;8;22;13
732.0;13;29;18;14;100;19;7;23;17
738.0;14;29;14;17;100;19;7;24;16
744.0;14;28;11;17;103;20;9;23;15
750.0;14;28;8;18;105;18;11;25;13
756.0;17;27;7;18;108;18;10;23;12
762.0;16;26;9;18;110;16;9;23;13
768.0;16;28;8;18;109;15;8;24;14
774.0;17;28;9;18;109;16;8;22;13
780.0;17;24;9;18;111;17;10;22;12
786.0;15;26;9;18;110;16;13;21;12
792.0;13;26;9;19;111;16;13;22;11
798.0;13;28;9;20;112;16;10;20;12
804.0;15;27;12;18;112;16;11;20;9
810.0;13;26;13;17;114;17;13;17;10
816.0;15;27;13;16;113;19;11;17;9
822.0;15;30;11;16;113;18;9;19;9
828.0;14;26;12;18;113;19;9;20;9
834.0;12;23;15;16;112;22;10;19;11
840.0;12;23;14;18;110;22;9;21;11
846.0;13;24;14;19;109;22;9;20;10
852.0;11;27;14;18;109;19;12;21;9
858.0;12;25;14;18;109;18;13;21;10
864.0;10;26;14;17;111;18;14;20;10
870.0;13;25;13;17;110;18;13;21;10
876.0;11;24;10;17;111;20;10;23;14
882.0;8;25;10;15;107;25;13;23;14
888.0;10;24;11;14;107;26;10;25;13
894.0;11;27;11;11;107;26;12;24;11
900.0;10;27;10;12;107;30;12;22;10
906.0;10;26;9;13;108;29;13;22;10
912.0;14;26;8;14;104;28;14;23;9
918.0;15;25;12;13;103;28;13;22;9
924.0;14;24;11;14;106;27;11;22;11
930.0;15;25;10;16;106;26;10;20;12
936.0;15;24;13;17;106;24;10;20;11
942.0;14;25;12;17;108;25;9;20;10
948.0;14;27;12;16;108;23;9;21;10
954.0;13;26;12;15;106;26;10;23;9
960.0;13;24;11;15;108;27;10;24;8
966.0;12;24;9;17;109;28;9;24;8
972.0;10;26;7;21;108;22;13;25;8
978.0;12;25;3;22;108;23;13;26;8
984.0;11;24;4;22;110;24;12;23;10
990.0;10;23;6;23;107;26;12;21;12
996.0;10;24;7;22;108;26;11;21;11
1002.0;11;21;7;24;109;24;11;20;13
1008.0;11;21;6;23;109;25;12;20;13
1014.0;11;20;6;22;111;25;12;19;14
1020.0;14;18;10;21;110;25;12;18;12
1026.0;8;18;12;22;109;25;13;20;13
1032.0;7;20;11;21;106;25;16;20;14
1038.0;7;20;12;19;107;26;13;21;15
1044.0;8;19;11;19;105;26;14;24;14
1050.0;10;18;12;20;103;27;14;25;11
1056.0;11;17;11;21;101;27;14;26;12
1062.0;7;18;15;24;99;25;16;25;11
1068.0;6;16;17;25;100;26;13;26;11
1074.0;5;16;15;25;102;26;15;25;11
1080.0;6;18;15;25;102;25;14;24;11
1086.0;5;19;14;28;103;24;12;25;10
1092.0;6;20;14;30;101;24;12;23;10
1098.0;7;20;11;33;102;23;13;21;10
1104.0;6;20;11;33;104;23;13;22;8
1110.0;7;21;10;32;102;23;15;24;6
1116.0;6;22;10;32;102;24;16;21;7
1122.0;5;21;11;30;99;26;18;22;8
1128.0;7;20;12;29;100;26;17;21;8
1134.0;8;21;13;28;97;27;17;21;8
1140.0;9;23;13;26;97;25;15;22;10
1146.0;9;24;14;24;99;23;13;21;13
1152.0;10;24;12;24;100;26;10;22;12
1158.0;8;24;15;23;98;27;9;23;13
1164.0;8;24;15;24;96;26;11;23;13
1170.0;8;21;15;24;97;26;12;25;12
1176.0;9;21;18;22;98;26;12;22;12
1182.0;11;21;18;24;96;24;13;22;11
1188.0;9;22;18;24;95;27;14;23;8
1194.0;10;23;18;23;97;25;12;24;8
1200.0;14;22;19;22;96;25;12;22;8
1206.0;14;22;19;21;95;25;13;23;8
1212.0;11;23;19;20;99;24;13;23;8
1218.0;11;21;17;18;99;28;13;25;8
1224.0;12;26;14;15;100;28;13;25;7
1230.0;14;28;11;15;99;29;14;22;8
1236.0;13;29;11;15;100;29;11;24;8
1242.0;16;27;10;15;100;28;11;24;9
1248.0;15;25;14;15;101;24;11;27;8
1254.0;19;23;15;17;100;24;8;27;7
1260.0;18;23;15;19;100;24;8;27;6
1266.0;19;21;16;18;100;25;9;28;4
1272.0;19;21;15;19;100;27;10;23;6
1278.0;20;22;15;18;100;26;10;23;6
1284.0;20;22;13;18;99;27;10;24;7
1290.0;23;21;11;20;98;25;9;24;9
1296.0;22;21;11;20;100;23;8;25;10
1302.0;21;18;11;20;100;27;8;25;10
1308.0;19;20;7;22;100;27;9;25;11
1314.0;22;20;8;20;101;26;8;24;11
1320.0;21;21;8;19;101;28;8;24;10
1326.0;20;22;9;21;99;27;9;24;9
1332.0;18;22;8;21;99;28;9;25;10
1338.0;18;23;8;21;98;28;10;25;9
1344.0;19;20;10;22;98;27;12;24;8
1350.0;15;19;9;21;100;26;13;27;10
1356.0;15;19;8;22;99;25;13;25;14
1362.0;15;18;8;21;99;25;15;25;14
1368.0;13;19;8;21;98;25;17;26;13
1374.0;13;20;10;21;97;25;16;25;13
1380.0;11;20;10;23;97;25;17;25;12
1386.0;11;21;10;25;96;25;16;25;11
1392.0;12;19;11;24;97;25;15;25;12
1398.0;9;17;12;25;98;24;19;23;13
1404.0;8;17;14;27;97;25;19;22;11
1410.0;8;17;15;25;97;23;19;23;13
1416.0;8;16;14;30;98;21;15;25;13
1422.0;9;14;13;28;101;20;15;26;14
1428.0;9;16;13;27;103;20;15;25;12
1434.0;8;19;12;25;105;20;14;24;13
1440.0;7;17;13;25;106;20;13;24;15
1446.0;5;17;13;26;109;21;12;22;15
1452.0;4;16;15;24;108;19;13;23;18
1458.0;3;16;13;24;110;20;14;22;18
1464.0;3;16;12;27;112;20;13;21;16
1470.0;4;20;11;27;112;18;15;20;13
1476.0;5;21;10;29;113;18;12;19;13
1482.0;4;24;12;26;113;19;13;18;11
1488.0;7;23;13;23;113;20;13;17;11
1494.0;8;22;14;20;113;20;12;19;12
1500.0;9;21;13;23;113;19;12;18;12
1506.0;9;21;11;22;114;21;13;18;11
1512.0;8;21;12;22;113;21;14;20;9
1518.0;11;19;12;23;115;21;10;20;9
1524.0;10;17;15;25;116;22;10;18;7
1530.0;10;18;14;23;117;22;10;18;8
1536.0;12;19;13;22;115;24;10;18;7
1542.0;13;18;12;23;116;24;10;19;5
1548.0;12;15;12;24;116;23;13;19;6
1554.0;12;16;11;25;113;23;14;19;7
1560.0;11;18;11;24;114;23;14;20;5
1566.0;11;18;11;24;114;23;15;20;4
1572.0;10;20;11;22;113;23;17;20;4
1578.0;9;21;11;21;112;21;17;23;5
1584.0;9;21;8;21;112;22;19;22;6
1590.0;12;19;9;20;110;22;20;21;7
1596.0;14;19;9;20;109;22;19;20;8
1602.0;16;18;11;18;107;22;19;23;6
1608.0;17;19;13;19;105;20;20;21;6
1614.0;15;20;11;19;109;19;19;21;7
1620.0;17;17;13;19;110;19;17;21;7
1626.0;16;17;14;19;110;20;15;22;7
1632.0;15;18;15;20;111;20;14;22;5
1638.0;16;19;12;20;110;19;15;21;8
1644.0;18;19;11;20;108;18;16;21;9
1650.0;20;16;9;20;108;20;14;22;11
1656.0;18;14;9;20;110;21;15;22;11
1662.0;19;16;6;21;111;19;16;21;11
1668.0;18;16;6;19;111;20;18;22;10
1674.0;21;15;8;21;108;20;16;22;9
1680.0;16;14;9;23;106;20;16;25;11
1686.0;15;14;10;22;105;20;19;25;10
1692.0;14;16;10;22;107;18;19;25;9
1698.0;14;15;9;23;106;18;19;26;10
1704.0;14;16;7;19;107;23;14;27;13
1710.0;13;15;7;19;106;25;13;26;16
1716.0;11;14;6;19;104;26;13;28;19
1722.0;12;15;8;19;103;27;13;26;17
1728.0;12;14;7;21;104;25;12;28;17
1734.0;12;14;8;21;104;24;12;27;18
1740.0;10;14;9;20;108;25;11;25;18
1746.0;12;14;8;21;109;25;11;23;17
1752.0;12;17;9;20;108;23;11;23;17
1758.0;11;16;11;20;109;22;10;24;17
1764.0;11;15;10;20;110;22;10;25;17
1770.0;10;19;10;20;110;20;11;24;16
1776.0;9;19;10;18;112;20;10;25;17
1782.0;10;20;7;20;110;20;10;28;15
1788.0;7;21;9;20;109;22;10;28;14
1794.0;7;21;8;21;109;22;8;29;15
