#auto generated file!
12.0;25;21;26;16;16;25;24;17;20
18.0;24;19;23;15;18;26;25;19;21
24.0;23;18;20;18;18;26;23;23;21
30.0;21;19;22;19;21;25;19;23;21
36.0;25;18;22;19;23;25;18;26;14
42.0;24;16;21;21;24;26;20;27;11
48.0;19;17;21;19;26;27;19;28;14
54.0;21;17;21;19;24;27;17;28;16
60.0;20;17;20;19;27;26;18;27;16
66.0;22;17;20;20;28;26;14;28;15
72.0;21;18;13;21;31;26;13;33;14
78.0;21;16;11;22;33;24;12;33;18
84.0;18;18;12;23;32;26;13;30;18
90.0;15;20;12;24;34;28;15;26;16
96.0;15;21;12;24;34;27;14;27;16
102.0;11;21;14;27;34;26;14;27;16
108.0;12;21;11;25;35;26;15;28;17
114.0;13;21;11;25;38;22;15;28;17
120.0;13;21;13;26;39;22;11;29;16
126.0;15;19;14;27;39;20;10;28;18
132.0;17;21;12;27;41;20;9;29;14
138.0;18;19;11;27;41;21;8;31;14
144.0;16;21;6;29;42;21;11;31;13
150.0;17;19;6;30;43;21;12;30;12
156.0;17;21;6;29;43;20;13;29;12
162.0;17;22;7;30;45;20;11;27;11
168.0;16;23;6;30;46;19;11;26;13
174.0;19;26;6;29;46;18;11;24;11
180.0;20;27;7;25;46;19;9;25;12
186.0;19;29;7;23;45;18;10;26;13
192.0;16;26;7;24;46;21;9;29;12
198.0;15;26;8;22;47;20;12;31;9
204.0;17;27;6;22;46;18;16;31;7
210.0;17;26;6;22;47;21;16;29;6
216.0;16;28;6;20;48;21;16;29;6
222.0;16;28;8;19;48;21;15;29;6
228.0;15;28;8;19;47;22;18;28;5
234.0;14;30;8;20;47;22;16;27;6
240.0;17;30;8;21;46;20;15;27;6
246.0;17;30;8;21;46;21;15;26;6
252.0;15;32;8;21;46;19;16;24;9
258.0;15;34;9;19;46;21;17;22;7
264.0;15;34;8;18;48;19;18;22;8
270.0;12;35;9;18;50;19;18;22;7
276.0;12;35;7;19;50;19;21;21;6
282.0;12;34;7;19;51;19;19;21;8
288.0;13;35;5;19;50;19;18;21;10
294.0;11;36;6;21;50;19;18;20;9
300.0;12;36;6;21;49;20;18;20;8
306.0;11;33;6;22;49;21;18;19;11
312.0;10;33;7;23;49;21;18;19;10
318.0;11;33;7;23;50;20;17;18;11
324.0;9;34;6;23;48;21;18;20;11
330.0;9;32;7;23;49;20;18;20;12
336.0;10;31;7;23;50;21;14;22;12
342.0;11;31;6;23;50;23;13;21;12
348.0;10;30;7;23;50;22;14;21;13
354.0;9;31;7;22;51;22;14;21;13
360.0;11;32;5;23;52;23;13;20;11
366.0;12;31;6;22;52;25;13;19;10
372.0;13;32;5;24;50;26;15;16;9
378.0;11;30;6;26;51;26;15;15;10
384.0;11;27;6;26;53;27;13;16;11
390.0;11;30;7;24;53;25;13;16;11
396.0;7;29;6;26;56;24;12;18;12
402.0;8;30;5;25;55;23;12;19;13
408.0;9;29;6;24;54;22;11;21;14
414.0;10;29;6;25;54;22;9;21;14
420.0;9;29;5;25;55;21;12;20;14
426.0;9;29;6;24;56;22;11;20;13
432.0;11;30;5;24;58;22;10;20;10
438.0;10;30;7;24;58;22;10;19;10
444.0;9;30;8;25;57;22;9;20;10
450.0;8;30;9;25;57;23;8;21;9
456.0;9;30;9;26;56;21;8;21;10
462.0;8;28;9;26;59;20;8;22;10
468.0;8;28;8;27;59;19;9;21;11
474.0;9;27;8;26;59;21;10;21;9
480.0;10;24;7;25;62;22;10;20;10
486.0;10;22;8;25;63;23;10;19;10
492.0;11;20;9;24;63;23;9;20;11
498.0;12;20;9;25;63;20;8;22;11
504.0;11;18;11;24;63;20;9;23;11
510.0;12;20;9;23;62;23;8;23;10
516.0;12;19;12;24;63;23;6;23;8
522.0;11;19;13;23;66;21;10;20;7
528.0;10;20;12;21;66;21;11;22;7
534.0;8;22;13;22;66;21;9;23;6
540.0;6;23;17;19;67;21;7;24;6
546.0;6;21;18;18;67;21;9;23;7
552.0;6;20;17;18;66;23;9;22;9
558.0;6;17;16;20;68;23;10;21;9
564.0;7;18;16;19;68;22;10;20;10
570.0;9;19;13;17;69;22;9;21;11
576.0;11;16;12;17;70;22;9;21;12
582.0;13;17;12;16;69;23;8;21;11
588.0;14;18;12;13;68;23;11;20;11
594.0;12;18;12;11;68;26;13;18;12
600.0;14;19;11;10;69;26;11;18;12
606.0;12;19;16;11;70;27;7;17;11
612.0;11;17;18;11;71;27;7;16;12
618.0;13;16;18;11;70;26;7;17;12
624.0;11;16;20;12;71;25;5;17;13
630.0;12;18;17;12;72;22;7;18;12
636.0;11;20;18;12;70;22;8;17;12
642.0;9;21;19;14;69;21;7;17;13
648.0;11;20;16;14;68;21;8;17;15
654.0;12;19;14;13;68;22;9;18;15
660.0;11;21;15;12;72;20;10;15;14
666.0;11;23;14;13;69;20;11;17;12
672.0;11;25;12;12;69;20;12;17;12
678.0;9;26;12;12;68;20;11;18;14
684.0;9;25;11;15;68;20;11;19;12
690.0;9;25;10;15;71;21;11;18;10
696.0;7;25;9;15;73;21;13;18;9
702.0;7;25;11;15;73;20;13;18;8
708.0;7;23;12;17;75;19;13;17;7
714.0;9;22;13;16;75;19;13;17;6
720.0;9;20;13;16;75;22;13;16;6
726.0;8;19;13;16;76;24;11;15;8
732.0;7;17;14;17;71;24;14;17;9
738.0;7;18;15;17;72;21;11;17;12
744.0;6;20;17;17;73;20;11;16;10
750.0;5;19;18;13;74;20;12;17;12
756.0;5;18;19;13;76;19;11;17;12
762.0;4;18;18;13;76;21;11;18;11
768.0;5;18;17;11;78;21;13;15;12
774.0;6;19;15;11;77;20;13;15;14
780.0;8;21;14;11;76;19;12;16;13
786.0;7;23;12;12;78;18;10;18;12
792.0;9;22;13;12;78;16;8;20;12
798.0;9;21;12;11;81;17;7;20;12
804.0;7;20;12;13;81;18;8;19;12
810.0;7;24;13;15;82;17;6;15;11
816.0;5;21;11;17;82;19;8;17;10
822.0;6;20;12;18;80;19;7;18;10
828.0;6;19;12;21;78;19;8;17;10
834.0;5;17;13;19;79;20;7;19;11
840.0;7;17;13;21;79;19;6;20;8
846.0;7;17;13;22;79;20;5;19;8
852.0;10;17;12;19;78;19;7;19;9
858.0;10;17;11;19;77;20;8;20;8
864.0;9;17;11;19;77;19;8;22;8
870.0;8;20;9;18;77;18;9;23;8
876.0;7;22;10;18;77;18;9;21;8
882.0;8;22;11;17;77;18;10;18;9
888.0;9;24;12;16;77;18;9;17;8
894.0;9;25;12;16;77;19;8;16;8
900.0;7;25;14;17;79;18;8;15;7
906.0;7;23;13;17;80;18;9;16;7
912.0;7;23;14;16;81;19;9;15;6
918.0;7;24;12;17;80;18;9;16;7
924.0;5;24;12;17;81;18;10;17;6
930.0;6;25;11;16;80;15;11;17;9
936.0;7;24;12;16;81;14;10;18;8
942.0;7;23;12;17;80;13;9;21;8
948.0;7;23;12;17;80;13;9;21;8
954.0;8;22;12;16;77;15;9;22;9
960.0;8;21;12;18;76;15;9;21;10
966.0;8;20;11;18;77;15;8;22;11
972.0;8;20;11;19;78;15;7;21;11
978.0;11;21;9;18;77;14;8;20;12
984.0;13;20;7;17;78;14;9;21;11
990.0;11;19;10;18;77;12;13;20;10
996.0;11;19;10;19;79;12;9;20;11
1002.0;13;20;8;19;79;10;9;21;11
1008.0;13;19;8;20;80;10;10;20;10
1014.0;11;21;9;19;81;11;9;19;10
1020.0;11;20;11;17;81;12;7;20;11
1026.0;11;20;10;18;82;9;8;20;12
1032.0;11;17;12;16;83;11;7;20;13
1038.0;10;16;12;16;83;11;8;20;14
1044.0;10;15;13;15;84;13;10;17;13
1050.0;10;16;13;15;85;10;12;17;12
1056.0;11;18;12;13;85;10;13;18;10
1062.0;11;17;12;13;84;11;14;19;9
1068.0;9;16;13;11;87;10;14;21;9
1074.0;11;18;12;12;87;9;12;20;9
1080.0;7;21;10;13;90;10;10;19;10
1086.0;7;19;10;11;90;11;12;18;12
1092.0;8;19;9;12;92;12;12;15;11
1098.0;8;21;9;13;91;14;9;13;12
1104.0;9;19;9;14;91;14;10;13;11
1110.0;8;18;9;16;94;14;9;13;9
1116.0;9;20;7;17;94;13;9;13;8
1122.0;8;21;6;17;93;13;10;14;8
1128.0;9;19;5;16;94;14;7;17;9
1134.0;9;20;5;15;93;14;7;18;9
1140.0;8;19;5;17;92;16;7;18;8
1146.0;8;19;6;14;93;17;6;19;8
1152.0;8;21;4;13;91;17;8;20;8
1158.0;7;20;4;13;93;17;8;19;9
1164.0;7;23;3;15;93;15;9;17;8
1170.0;7;22;4;14;94;16;8;18;7
1176.0;9;22;3;13;95;16;7;18;7
1182.0;10;22;3;13;95;16;8;17;6
1188.0;13;22;2;12;94;17;10;16;4
1194.0;13;20;2;13;94;16;9;18;5
1200.0;13;20;2;13;95;15;8;18;6
1206.0;13;17;2;15;94;16;7;21;5
1212.0;13;18;2;13;95;18;7;19;5
1218.0;13;15;2;12;95;18;8;21;6
1224.0;11;16;3;13;94;17;9;21;6
1230.0;9;12;4;14;95;18;9;22;7
1236.0;7;13;4;13;94;18;12;22;7
1242.0;7;14;3;14;94;17;14;22;5
1248.0;7;13;3;16;96;19;13;19;4
1254.0;7;13;3;16;95;19;12;20;5
1260.0;7;12;3;17;96;17;13;22;3
1266.0;7;13;3;18;93;18;13;22;3
1272.0;9;14;3;17;93;18;12;21;3
1278.0;7;12;4;16;95;19;12;22;3
1284.0;6;12;3;17;95;19;12;22;4
1290.0;6;13;3;16;94;19;13;22;4
1296.0;5;13;2;17;97;17;14;23;2
1302.0;5;13;4;17;97;18;14;20;2
1308.0;4;13;4;17;97;16;16;20;3
1314.0;5;13;5;18;96;17;13;20;3
1320.0;4;12;6;17;97;20;12;20;2
1326.0;6;12;6;17;97;20;10;20;2
1332.0;5;13;6;18;99;18;9;20;2
1338.0;4;14;7;19;96;18;9;20;3
1344.0;3;13;6;20;96;19;9;19;5
1350.0;4;13;7;19;94;19;11;18;5
1356.0;4;12;7;19;94;18;12;16;8
1362.0;6;11;6;22;94;17;12;15;7
1368.0;6;11;6;22;94;17;11;16;7
1374.0;5;11;9;22;92;18;9;17;7
1380.0;4;12;7;21;93;17;8;20;8
1386.0;6;11;8;21;94;17;7;20;6
1392.0;7;11;7;21;94;16;7;22;5
1398.0;9;12;7;20;95;16;6;20;5
1404.0;8;11;7;20;95;17;6;21;5
1410.0;6;11;7;19;95;17;9;20;6
1416.0;6;11;6;21;95;17;8;21;5
1422.0;7;11;5;23;94;18;7;21;4
1428.0;7;11;5;23;94;19;6;21;4
1434.0;6;11;8;24;92;18;7;20;4
1440.0;7;12;10;22;91;16;7;20;5
1446.0;7;13;10;22;91;15;7;20;5
1452.0;6;13;11;23;91;14;8;19;5
1458.0;6;13;10;24;92;14;7;18;6
1464.0;6;12;11;25;93;13;8;16;6
1470.0;5;12;12;25;94;13;8;16;5
1476.0;7;12;12;24;94;13;8;16;4
1482.0;6;12;10;26;94;11;9;17;5
1488.0;8;12;9;26;92;10;10;17;6
1494.0;6;13;10;26;91;9;9;21;5
1500.0;5;13;8;26;91;11;10;21;5
1506.0;5;11;9;26;93;11;9;19;7
1512.0;7;10;10;26;93;12;6;19;7
1518.0;7;10;8;26;91;12;10;20;6
1524.0;7;10;8;27;92;10;10;21;5
1530.0;6;9;7;27;92;12;9;23;5
1536.0;6;7;8;26;91;12;11;23;6
1542.0;8;8;10;25;90;11;9;23;6
1548.0;8;10;10;24;89;11;9;23;6
1554.0;6;12;10;22;89;12;9;23;7
1560.0;5;14;10;21;88;12;10;22;8
1566.0;5;13;9;20;91;13;10;21;8
1572.0;5;13;9;20;91;13;9;22;8
1578.0;5;11;9;18;91;13;10;24;9
1584.0;5;11;9;19;92;13;11;23;7
1590.0;5;11;7;19;93;12;11;23;9
1596.0;6;11;8;20;90;11;11;24;9
1602.0;5;11;7;23;88;11;9;25;11
1608.0;4;11;7;22;87;13;11;23;12
1614.0;3;12;7;23;88;14;8;24;11
1620.0;3;12;8;19;92;14;10;21;11
1626.0;4;12;8;20;91;14;11;21;9
1632.0;7;12;8;19;93;13;7;22;9
1638.0;6;12;10;20;93;13;6;21;9
1644.0;6;14;9;21;92;12;7;22;7
1650.0;8;14;8;22;92;11;6;22;7
1656.0;9;13;5;24;90;14;6;20;9
1662.0;8;10;5;22;91;14;7;21;12
1668.0;10;10;4;23;93;14;6;21;9
1674.0;10;10;5;21;98;13;5;19;9
1680.0;8;10;5;21;99;13;6;18;10
1686.0;8;10;6;22;98;12;6;19;9
1692.0;8;10;6;22;99;12;5;21;7
1698.0;8;11;5;23;98;12;5;21;7
1704.0;8;10;4;24;98;12;8;19;7
1710.0;9;11;3;24;97;12;9;17;8
1716.0;10;12;3;25;97;12;8;16;7
1722.0;9;13;2;25;96;12;7;18;8
1728.0;10;13;2;26;95;11;8;17;8
1734.0;9;15;2;25;94;14;7;16;8
1740.0;10;16;3;24;94;14;7;13;9
1746.0;8;17;4;25;95;14;6;13;8
1752.0;7;16;6;24;94;14;5;14;10
1758.0;8;16;6;24;93;12;5;17;9
1764.0;7;15;6;24;91;13;7;18;9
1770.0;7;15;7;24;91;12;9;19;6
1776.0;8;15;7;25;92;12;7;18;6
1782.0;10;15;7;23;92;12;8;18;5
1788.0;10;14;7;23;91;13;9;18;5
1794.0;12;14;7;21;90;14;9;18;5
