#auto generated file!
12.0;21;14;29;18;19;21;21;21;16
18.0;23;16;27;17;19;22;20;21;15
24.0;21;17;24;18;20;23;20;23;14
30.0;19;17;24;20;21;23;17;24;15
36.0;19;18;22;20;20;25;15;26;15
42.0;17;17;18;20;24;26;17;25;16
48.0;15;16;16;20;26;29;19;25;14
54.0;12;16;14;22;29;28;18;26;15
60.0;12;17;13;22;30;28;16;28;14
66.0;11;19;14;23;35;26;13;26;13
72.0;10;19;13;23;37;24;13;26;15
78.0;10;17;12;22;40;23;13;28;15
84.0;12;13;8;24;41;24;13;26;19
90.0;12;12;7;23;42;25;14;27;18
96.0;9;14;10;21;42;27;13;27;17
102.0;9;13;10;21;44;24;14;30;15
108.0;11;12;10;21;45;24;13;30;14
114.0;9;11;11;23;46;23;14;31;12
120.0;9;10;10;22;47;24;11;33;14
126.0;10;10;11;23;46;25;11;32;12
132.0;11;8;11;24;46;24;12;32;12
138.0;11;12;11;24;45;23;10;32;12
144.0;11;12;11;24;46;23;10;32;11
150.0;12;14;15;24;46;23;8;29;9
156.0;11;18;15;22;48;24;6;30;6
162.0;12;17;15;22;49;24;8;27;6
168.0;12;16;14;22;49;26;8;26;7
174.0;10;15;13;21;51;30;8;25;7
180.0;9;14;16;22;50;30;7;25;7
186.0;9;15;15;22;51;30;6;24;8
192.0;12;17;15;21;51;27;7;22;8
198.0;11;19;15;19;51;28;7;22;8
204.0;11;18;15;19;50;26;10;23;8
210.0;8;17;14;18;51;26;12;23;11
216.0;7;17;16;18;53;26;13;19;11
222.0;5;20;12;17;54;30;11;19;12
228.0;4;19;9;20;56;31;10;20;11
234.0;4;20;7;19;57;30;10;23;10
240.0;4;20;6;20;57;31;10;22;10
246.0;6;19;6;20;56;31;12;20;10
252.0;7;18;5;22;57;31;8;20;12
258.0;7;17;5;21;59;30;9;20;12
264.0;7;19;6;21;60;28;10;18;11
270.0;5;21;6;20;61;29;11;15;12
276.0;5;21;6;20;62;29;10;16;11
282.0;5;20;5;20;62;31;11;16;10
288.0;6;17;6;20;62;31;11;16;11
294.0;6;16;6;21;62;32;10;17;10
300.0;8;16;6;20;63;30;9;15;13
306.0;7;18;6;23;62;29;8;15;12
312.0;6;18;9;20;62;31;8;15;11
318.0;6;16;9;22;63;30;8;15;11
324.0;7;15;10;21;64;31;7;15;10
330.0;5;15;12;22;63;31;8;16;8
336.0;6;16;13;22;63;29;9;15;7
342.0;7;16;13;23;62;29;7;16;7
348.0;8;15;14;23;59;30;5;17;9
354.0;8;15;13;23;59;30;5;18;9
360.0;7;16;13;23;59;29;7;17;9
366.0;6;16;11;24;59;28;7;18;11
372.0;8;15;11;23;59;27;10;18;9
378.0;8;15;13;22;61;26;9;18;8
384.0;7;17;10;21;62;25;8;20;10
390.0;6;19;10;20;63;24;9;20;9
396.0;7;18;9;20;64;24;8;20;10
402.0;7;22;10;20;63;22;9;20;7
408.0;7;21;11;19;62;24;11;18;7
414.0;6;22;11;19;64;22;11;18;7
420.0;6;23;11;19;65;21;10;18;7
426.0;7;22;10;19;66;21;10;18;7
432.0;9;21;10;16;66;19;12;20;7
438.0;10;19;11;15;68;18;12;20;7
444.0;10;20;10;16;68;19;11;18;8
450.0;10;19;10;18;65;19;11;19;9
456.0;10;19;8;18;67;19;11;17;11
462.0;12;20;8;18;67;20;8;17;10
468.0;10;18;9;19;66;21;9;17;11
474.0;9;18;8;19;66;19;9;18;14
480.0;9;17;8;19;67;19;9;17;15
486.0;9;18;9;20;68;18;8;17;13
492.0;10;18;9;21;68;18;7;16;13
498.0;9;17;10;22;68;18;8;16;12
504.0;8;19;10;20;68;18;8;16;13
510.0;9;19;10;19;68;18;9;15;13
516.0;10;18;11;22;68;17;7;14;13
522.0;10;19;12;19;69;19;6;14;12
528.0;9;18;8;19;71;18;7;16;14
534.0;8;18;7;19;74;19;6;17;12
540.0;7;15;10;19;74;18;7;17;13
546.0;8;15;11;20;74;17;5;16;14
552.0;7;14;11;23;76;18;5;15;11
558.0;7;12;12;22;76;17;4;17;13
564.0;7;13;11;21;76;15;6;17;14
570.0;8;12;11;21;74;14;7;18;15
576.0;8;12;8;21;78;14;7;17;15
582.0;9;13;7;19;80;14;6;18;14
588.0;8;13;8;18;80;15;8;17;13
594.0;7;13;9;19;82;15;8;17;10
600.0;6;12;9;19;83;16;7;17;11
606.0;3;11;9;19;85;18;7;15;13
612.0;3;12;8;19;84;20;6;17;11
618.0;4;11;8;21;84;21;6;16;9
624.0;5;9;7;21;85;19;5;16;13
630.0;5;9;7;20;87;19;6;15;12
636.0;6;9;8;19;85;17;6;17;13
642.0;8;8;8;19;83;18;5;17;14
648.0;7;7;8;19;84;15;5;17;18
654.0;7;8;9;16;83;15;4;20;18
660.0;9;8;7;13;85;15;4;22;17
666.0;8;9;7;13;87;15;5;21;15
672.0;8;9;6;15;88;13;6;23;12
678.0;5;11;5;17;88;13;6;23;12
684.0;5;11;4;19;88;15;6;22;10
690.0;6;10;5;20;89;14;7;22;7
696.0;7;10;5;23;90;13;6;21;5
702.0;10;9;4;21;91;13;6;20;6
708.0;9;9;4;21;91;12;6;21;7
714.0;9;9;4;21;90;12;5;22;8
720.0;10;10;5;20;89;12;5;21;8
726.0;12;10;5;20;89;13;5;19;7
732.0;12;11;8;21;89;10;5;18;6
738.0;13;14;7;21;86;11;5;15;8
744.0;11;14;7;20;89;12;5;15;7
750.0;10;12;9;19;89;12;5;15;9
756.0;8;11;7;20;90;14;5;15;10
762.0;8;11;6;21;89;16;5;15;9
768.0;8;9;8;21;90;15;4;16;9
774.0;7;9;9;21;88;15;5;17;9
780.0;6;9;9;22;88;13;7;15;11
786.0;5;8;8;21;88;13;9;15;13
792.0;7;8;7;21;87;13;9;14;14
798.0;10;9;8;19;87;13;7;14;13
804.0;10;12;7;19;88;12;7;12;13
810.0;9;11;9;19;89;12;7;11;13
816.0;7;11;9;20;89;13;6;11;14
822.0;6;11;10;21;90;13;7;9;13
828.0;5;12;10;21;89;13;7;10;13
834.0;5;13;9;20;88;14;8;10;13
840.0;5;13;9;19;88;15;8;10;13
846.0;5;12;10;17;91;15;7;11;12
852.0;4;14;10;18;92;13;7;12;10
858.0;4;14;8;20;91;13;8;13;9
864.0;5;14;7;20;91;13;8;13;9
870.0;4;15;7;21;89;14;10;12;8
876.0;5;14;7;23;88;14;8;13;8
882.0;5;13;7;23;88;14;9;13;8
888.0;6;13;8;21;89;14;9;13;7
894.0;8;15;8;18;88;14;9;14;6
900.0;7;16;8;18;88;13;7;15;8
906.0;6;16;9;17;88;12;9;15;8
912.0;8;15;10;14;88;12;10;14;9
918.0;8;15;9;13;87;12;11;15;10
924.0;9;14;12;13;85;13;11;14;9
930.0;6;12;11;12;86;14;13;16;10
936.0;7;12;11;13;86;14;11;16;10
942.0;7;12;12;15;86;14;10;14;10
948.0;8;12;11;15;86;12;9;15;12
954.0;6;13;9;15;84;12;12;15;14
960.0;6;12;9;15;84;14;12;14;14
966.0;6;11;10;15;84;15;12;14;13
972.0;5;11;9;16;88;15;13;12;11
978.0;4;11;7;15;90;16;13;13;11
984.0;5;11;7;14;89;17;14;13;10
990.0;5;12;7;14;91;17;13;13;8
996.0;4;11;7;13;93;17;11;13;11
1002.0;5;12;7;13;92;17;12;12;10
1008.0;3;14;6;13;92;18;13;13;8
1014.0;4;16;6;12;92;18;11;12;9
1020.0;5;16;8;10;92;18;11;11;9
1026.0;6;17;9;11;92;17;7;12;9
1032.0;8;15;11;9;92;17;8;13;7
1038.0;7;17;10;9;92;17;9;13;6
1044.0;7;17;10;9;92;17;9;13;6
1050.0;7;16;11;9;92;16;10;13;6
1056.0;6;17;11;10;93;16;8;14;5
1062.0;6;17;10;11;97;16;7;14;2
1068.0;7;18;7;12;96;15;8;15;2
1074.0;7;19;7;12;95;15;7;15;3
1080.0;7;19;7;13;94;16;6;15;3
1086.0;11;17;7;12;93;15;6;16;3
1092.0;12;16;8;12;92;14;7;17;2
1098.0;11;17;8;12;92;14;7;16;3
1104.0;10;17;7;11;92;14;7;19;3
1110.0;9;17;8;9;93;13;7;19;5
1116.0;10;17;6;9;94;13;8;19;4
1122.0;9;16;5;9;94;15;8;20;4
1128.0;9;14;6;9;93;18;8;19;4
1134.0;9;14;6;10;95;17;7;18;4
1140.0;9;14;6;11;95;17;8;16;4
1146.0;9;15;7;11;94;16;10;14;4
1152.0;12;13;8;12;91;16;9;15;4
1158.0;10;13;7;13;91;16;9;17;4
1164.0;10;13;6;13;90;16;11;17;4
1170.0;8;13;6;13;90;17;11;17;5
1176.0;8;15;5;14;88;16;13;16;5
1182.0;7;15;4;15;88;13;16;15;7
1188.0;8;13;3;15;89;14;14;19;5
1194.0;8;15;3;14;89;15;14;16;6
1200.0;9;16;3;14;88;17;13;14;6
1206.0;8;15;4;15;87;19;12;14;6
1212.0;10;14;4;16;86;18;11;15;6
1218.0;10;15;3;17;85;18;10;16;6
1224.0;10;14;3;16;86;18;11;15;7
1230.0;11;16;2;15;85;19;13;14;5
1236.0;12;17;2;15;85;18;12;15;4
1242.0;11;16;2;15;84;19;14;14;5
1248.0;9;18;1;15;83;13;17;15;9
1254.0;8;18;1;16;86;13;16;14;8
1260.0;9;16;1;17;86;14;14;14;9
1266.0;7;19;2;14;85;16;11;16;10
1272.0;8;17;3;13;85;18;10;14;12
1278.0;9;17;5;14;84;17;11;12;11
1284.0;7;17;5;14;86;16;11;14;10
1290.0;6;17;6;14;87;17;10;13;10
1296.0;9;16;6;14;85;18;9;14;9
1302.0;10;16;6;15;84;18;8;15;8
1308.0;9;16;6;16;85;18;9;14;7
1314.0;9;15;6;17;84;19;9;14;7
1320.0;9;17;6;17;82;20;8;14;7
1326.0;10;16;5;17;83;20;7;16;6
1332.0;10;15;5;19;83;20;7;15;6
1338.0;7;17;5;19;83;21;7;15;6
1344.0;8;18;5;18;81;23;8;14;5
1350.0;7;17;6;17;81;23;9;14;6
1356.0;7;17;7;17;81;22;8;14;7
1362.0;8;16;8;18;81;20;9;14;6
1368.0;8;16;9;16;81;19;10;14;7
1374.0;9;17;11;15;81;18;9;15;5
1380.0;10;17;10;14;81;18;10;14;6
1386.0;11;16;9;14;83;18;9;13;7
1392.0;10;16;9;15;83;18;9;12;8
1398.0;11;16;9;15;81;18;7;13;10
1404.0;12;16;10;16;81;17;6;13;9
1410.0;11;17;10;16;81;18;8;11;8
1416.0;12;14;11;18;79;18;9;11;8
1422.0;10;15;12;17;78;18;9;13;8
1428.0;12;15;7;17;79;16;11;14;9
1434.0;10;14;7;19;79;17;11;15;8
1440.0;11;14;8;17;78;18;13;14;7
1446.0;10;14;10;16;77;19;12;15;7
1452.0;8;15;11;15;78;19;12;15;7
1458.0;9;13;7;15;79;22;14;14;7
1464.0;9;14;7;15;78;22;15;14;6
1470.0;10;15;5;14;78;22;16;14;6
1476.0;11;15;5;15;74;21;17;14;8
1482.0;12;15;6;16;74;20;15;14;8
1488.0;11;15;7;14;77;19;14;15;8
1494.0;11;14;5;13;76;24;15;16;6
1500.0;11;14;5;13;76;24;15;15;7
1506.0;8;14;5;13;77;24;12;18;9
1512.0;9;14;4;13;76;23;15;17;9
1518.0;5;12;6;13;76;26;15;18;9
1524.0;6;14;6;14;75;25;13;17;10
1530.0;7;12;8;13;75;25;12;18;10
1536.0;7;14;7;12;74;26;12;18;10
1542.0;8;12;8;13;75;23;11;20;10
1548.0;8;12;9;13;75;22;13;17;11
1554.0;9;13;9;13;74;22;13;16;11
1560.0;9;13;9;14;74;23;11;16;11
1566.0;10;14;8;13;75;21;14;16;9
1572.0;8;14;8;14;76;21;12;18;9
1578.0;7;16;9;14;77;19;13;17;8
1584.0;8;15;9;13;78;17;14;16;10
1590.0;8;14;10;10;80;17;14;17;10
1596.0;9;14;10;9;79;16;13;17;13
1602.0;9;13;13;10;79;16;14;17;9
1608.0;8;13;12;10;79;18;14;16;10
1614.0;9;13;12;10;81;18;12;15;10
1620.0;7;13;12;10;82;17;14;15;10
1626.0;8;13;12;10;81;16;13;16;11
1632.0;7;13;13;8;81;18;14;16;10
1638.0;6;13;11;10;79;17;15;16;13
1644.0;7;12;11;9;81;17;16;14;13
1650.0;7;14;12;8;80;17;12;13;17
1656.0;7;14;12;6;81;17;10;14;19
1662.0;8;14;9;8;82;18;10;14;17
1668.0;9;13;8;9;83;18;10;13;17
1674.0;7;14;9;9;84;19;10;12;16
1680.0;7;15;9;10;82;21;8;13;15
1686.0;9;15;8;10;81;22;8;13;14
1692.0;8;16;8;10;80;23;7;14;14
1698.0;8;16;9;10;82;20;8;15;12
1704.0;8;16;8;12;81;21;6;16;12
1710.0;9;15;6;13;81;20;5;18;13
1716.0;7;16;4;16;79;17;8;19;14
1722.0;7;16;4;16;78;18;8;19;14
1728.0;5;16;5;17;79;18;9;19;12
1734.0;5;17;6;16;76;19;10;20;11
1740.0;7;17;4;15;76;19;11;19;12
1746.0;5;18;4;14;76;20;9;21;13
1752.0;5;18;6;13;76;20;8;21;13
1758.0;5;18;6;14;76;21;8;20;12
1764.0;6;17;7;14;76;21;9;20;10
1770.0;5;17;10;15;76;20;8;20;9
1776.0;5;18;11;14;76;20;7;20;9
1782.0;4;16;11;16;74;19;9;22;9
1788.0;4;15;12;15;73;19;7;25;10
1794.0;4;15;15;15;72;16;6;24;13
