#auto generated file!
12.0;55;50;46;54;56;44;51;37;47
18.0;54;53;43;56;56;48;44;37;49
24.0;53;53;44;56;58;49;42;36;49
30.0;51;54;46;58;60;53;36;35;47
36.0;51;52;44;58;65;54;38;33;45
42.0;46;55;41;57;69;54;36;32;50
48.0;48;60;40;55;72;53;36;29;47
54.0;40;62;38;57;75;53;36;33;46
60.0;39;65;34;57;77;61;35;30;42
66.0;41;64;35;60;79;62;34;27;38
72.0;40;67;33;57;82;63;34;27;37
78.0;36;65;35;57;85;62;35;30;35
84.0;34;63;35;57;87;66;34;33;31
90.0;31;62;35;58;88;64;35;35;32
96.0;30;62;35;60;91;62;31;38;31
102.0;28;62;39;63;92;55;30;39;32
108.0;22;61;36;61;96;57;31;43;33
114.0;23;63;35;59;96;56;32;43;33
120.0;24;63;32;60;96;60;28;43;34
126.0;27;62;33;59;96;60;24;42;37
132.0;30;64;33;57;95;59;23;43;36
138.0;30;58;30;59;101;57;24;46;35
144.0;27;56;31;58;103;59;26;44;36
150.0;25;55;28;62;103;62;23;45;37
156.0;25;52;27;59;106;60;28;45;38
162.0;26;53;28;59;111;59;27;43;34
168.0;25;55;25;62;109;62;28;43;31
174.0;24;59;26;60;110;62;29;42;28
180.0;22;57;27;57;113;64;29;42;29
186.0;23;57;27;60;113;61;27;42;30
192.0;25;59;25;59;113;60;25;43;31
198.0;26;56;26;58;114;62;27;40;31
204.0;25;56;30;55;116;63;28;40;27
210.0;28;52;30;50;119;61;26;47;27
216.0;29;51;28;53;121;62;23;46;27
222.0;30;51;28;52;123;62;21;44;29
228.0;31;49;30;50;127;62;21;41;29
234.0;31;52;29;47;126;63;22;42;28
240.0;33;54;28;50;126;62;18;43;26
246.0;32;53;27;50;128;63;19;45;23
252.0;30;52;27;49;129;64;17;47;25
258.0;30;49;27;48;128;65;19;48;26
264.0;30;48;27;48;129;64;18;48;28
270.0;29;52;27;44;132;65;20;44;27
276.0;29;50;26;41;130;64;25;48;27
282.0;32;50;29;43;131;61;23;50;21
288.0;28;49;30;43;132;60;26;49;23
294.0;27;48;31;41;132;60;26;48;27
300.0;26;46;28;39;140;57;26;51;27
306.0;27;45;32;40;138;57;27;49;25
312.0;27;47;31;38;136;57;29;44;31
318.0;28;49;30;39;135;56;26;43;34
324.0;27;47;30;41;134;56;28;45;32
330.0;26;42;30;42;137;53;29;47;34
336.0;26;47;26;42;138;51;30;50;30
342.0;25;52;27;44;140;48;24;50;30
348.0;28;52;26;46;140;47;20;51;30
354.0;29;52;23;48;139;49;21;48;31
360.0;25;54;19;51;140;46;20;50;35
366.0;26;52;18;52;140;46;20;48;38
372.0;25;51;22;56;142;44;16;47;37
378.0;25;53;20;58;144;43;17;46;34
384.0;24;56;23;57;145;42;16;47;30
390.0;22;52;25;59;144;45;16;47;30
396.0;21;49;26;60;145;47;17;45;30
402.0;21;48;28;56;146;47;18;46;30
408.0;22;50;27;54;148;46;22;44;27
414.0;22;44;25;51;149;45;25;49;30
420.0;20;44;28;50;149;49;24;45;31
426.0;19;43;29;49;151;49;22;48;30
432.0;21;39;29;48;151;50;25;48;29
438.0;22;41;28;48;154;47;24;46;30
444.0;24;40;28;45;156;48;25;47;27
450.0;22;40;29;44;160;47;23;48;27
456.0;22;43;26;42;160;46;24;47;30
462.0;26;41;25;44;160;47;23;46;28
468.0;30;41;21;41;160;50;23;45;29
474.0;25;44;21;43;164;51;19;44;29
480.0;23;42;20;46;164;51;19;45;30
486.0;21;41;21;45;166;51;20;43;32
492.0;18;42;19;46;167;53;21;43;31
498.0;17;43;17;46;172;52;22;41;30
504.0;16;45;19;49;172;51;22;43;23
510.0;17;44;20;50;173;47;21;43;25
516.0;16;44;19;49;173;48;19;45;27
522.0;15;47;19;50;173;49;21;43;23
528.0;18;42;22;49;176;50;19;42;22
534.0;19;46;23;46;174;49;19;42;22
540.0;19;48;23;45;174;47;22;40;22
546.0;20;41;23;45;179;48;26;39;19
552.0;19;43;22;47;180;45;24;43;17
558.0;23;40;22;47;180;43;23;40;22
564.0;25;41;21;47;179;40;23;39;25
570.0;23;40;20;43;180;42;24;44;24
576.0;24;43;19;37;181;42;26;43;25
582.0;22;42;18;38;181;42;27;43;27
588.0;21;41;21;37;180;44;24;45;27
594.0;22;40;22;35;181;45;22;46;27
600.0;20;40;21;39;180;46;24;45;25
606.0;17;43;21;39;183;44;21;46;26
612.0;17;42;24;39;184;45;16;46;27
618.0;18;42;24;41;179;48;17;46;25
624.0;20;46;24;42;174;46;16;45;27
630.0;22;46;22;43;172;45;19;47;24
636.0;22;47;23;41;169;45;18;49;26
642.0;27;47;20;41;168;45;20;47;25
648.0;28;47;14;42;172;44;20;48;25
654.0;24;46;15;42;171;47;20;48;27
660.0;23;44;14;40;172;45;24;51;27
666.0;23;43;15;39;171;44;24;53;28
672.0;23;41;14;37;171;49;22;53;30
678.0;22;42;13;36;173;48;21;56;29
684.0;22;39;12;41;172;49;16;60;29
690.0;23;39;12;42;173;50;16;57;28
696.0;23;38;12;44;176;48;16;56;27
702.0;24;35;9;45;178;49;16;55;29
708.0;24;35;10;45;179;48;14;55;30
714.0;20;38;11;46;179;48;16;53;29
720.0;18;40;13;47;178;46;18;52;28
726.0;24;44;11;44;176;44;16;53;28
732.0;22;41;14;43;178;44;18;53;27
738.0;21;37;15;48;178;41;18;55;27
744.0;23;37;16;49;178;45;16;52;24
750.0;22;40;18;46;179;47;14;51;23
756.0;22;39;22;48;178;47;14;48;22
762.0;21;39;22;47;178;43;14;49;27
768.0;22;36;22;47;179;45;13;49;27
774.0;25;37;22;45;183;43;14;47;24
780.0;26;35;19;46;183;44;15;46;26
786.0;26;35;18;46;186;44;15;47;23
792.0;24;36;18;49;184;45;15;46;23
798.0;24;35;17;48;184;48;14;47;23
804.0;23;33;17;49;188;49;15;43;23
810.0;24;34;18;54;186;48;13;44;19
816.0;24;33;19;55;187;46;14;44;18
822.0;24;35;21;57;186;45;15;41;16
828.0;22;37;20;55;188;45;16;42;15
834.0;23;38;20;50;191;45;18;37;18
840.0;25;36;19;48;193;44;17;39;19
846.0;23;37;20;43;193;48;16;39;21
852.0;22;36;16;46;191;49;20;38;22
858.0;21;38;17;45;193;51;17;33;25
864.0;19;39;17;45;197;51;16;33;23
870.0;21;37;18;45;196;50;16;32;25
876.0;21;38;20;43;197;47;19;32;23
882.0;21;37;17;46;193;49;22;33;22
888.0;23;39;16;45;189;49;23;35;21
894.0;22;39;14;46;188;49;24;33;25
900.0;22;37;15;42;190;48;24;35;27
906.0;23;34;18;43;189;46;22;39;26
912.0;22;34;19;43;188;48;22;39;25
918.0;22;37;19;41;190;46;20;39;26
924.0;22;36;18;40;192;49;21;37;25
930.0;25;36;19;40;190;46;24;36;24
936.0;23;36;20;37;186;51;26;37;24
942.0;25;35;20;35;186;49;25;43;22
948.0;24;39;19;35;189;49;23;39;23
954.0;22;36;19;36;192;47;25;41;22
960.0;23;38;17;37;192;49;21;42;21
966.0;22;40;19;41;192;47;23;36;20
972.0;20;42;19;39;192;49;24;36;19
978.0;21;41;19;39;193;46;24;37;20
984.0;20;41;19;39;192;49;22;39;19
990.0;20;41;20;40;193;47;23;37;19
996.0;18;37;23;41;194;47;25;36;19
1002.0;20;36;22;40;196;47;24;35;20
1008.0;17;38;23;40;194;47;24;36;21
1014.0;15;38;23;44;193;46;23;36;22
1020.0;14;39;23;47;193;45;23;36;20
1026.0;14;39;24;46;192;46;24;36;19
1032.0;14;37;25;49;193;45;24;37;16
1038.0;16;37;26;48;193;43;24;38;15
1044.0;16;37;28;49;193;44;20;38;15
1050.0;14;36;29;50;194;43;21;40;13
1056.0;15;35;27;49;193;43;25;39;14
1062.0;11;32;30;50;190;45;26;40;16
1068.0;11;32;35;48;190;46;23;40;15
1074.0;14;33;32;53;187;47;24;36;14
1080.0;13;34;35;50;187;47;25;33;16
1086.0;13;34;37;50;187;49;21;32;17
1092.0;12;33;38;48;188;48;19;36;18
1098.0;16;29;37;50;188;47;18;35;20
1104.0;17;30;40;53;187;43;17;33;20
1110.0;17;29;37;55;181;45;19;33;24
1116.0;19;32;35;52;183;45;20;33;21
1122.0;19;30;34;51;183;46;22;33;22
1128.0;18;30;30;50;185;47;21;35;24
1134.0;19;31;26;51;187;47;22;34;23
1140.0;22;30;28;46;188;50;21;32;23
1146.0;20;33;25;45;189;49;22;35;22
1152.0;20;34;25;46;190;47;23;32;23
1158.0;20;35;24;49;192;45;19;31;25
1164.0;19;36;23;50;194;44;18;32;24
1170.0;17;34;25;49;196;42;20;34;23
1176.0;17;33;24;54;194;38;22;36;22
1182.0;24;33;22;52;192;39;26;35;17
1188.0;24;32;22;54;190;39;26;36;17
1194.0;24;34;20;56;193;40;26;31;16
1200.0;26;34;20;55;194;40;22;30;19
1206.0;28;35;20;56;191;38;24;30;18
1212.0;29;35;19;58;192;40;23;28;16
1218.0;23;36;19;58;194;42;25;28;15
1224.0;24;36;16;59;192;44;26;28;15
1230.0;23;34;16;58;196;44;24;28;17
1236.0;24;35;17;60;195;43;23;26;17
1242.0;21;34;18;59;196;41;25;26;20
1248.0;20;33;17;57;200;40;25;28;20
1254.0;21;34;17;57;200;39;24;28;20
1260.0;22;33;18;55;200;35;23;32;22
1266.0;25;34;16;52;200;36;22;33;22
1272.0;28;34;12;51;202;33;21;37;22
1278.0;26;36;11;52;202;32;19;38;24
1284.0;26;35;10;54;201;34;18;38;24
1290.0;26;35;11;49;204;34;19;37;25
1296.0;25;38;14;48;203;34;16;40;22
1302.0;24;36;19;54;200;34;13;37;23
1308.0;24;36;21;51;200;35;15;37;21
1314.0;25;38;21;47;201;36;15;35;22
1320.0;26;36;22;46;203;31;18;34;24
1326.0;24;32;27;48;205;31;16;36;21
1332.0;26;32;24;48;205;31;17;39;18
1338.0;26;31;23;48;208;30;16;39;19
1344.0;24;30;22;49;205;34;16;41;19
1350.0;22;34;22;49;204;34;14;41;20
1356.0;20;34;23;49;204;35;15;41;19
1362.0;19;33;22;48;205;41;14;38;20
1368.0;16;34;25;46;205;39;15;39;21
1374.0;15;34;22;47;203;42;14;40;23
1380.0;16;31;22;46;204;43;15;39;24
1386.0;16;31;20;45;207;40;17;41;23
1392.0;13;31;23;45;206;43;18;37;24
1398.0;12;34;25;44;202;41;19;40;23
1404.0;12;34;26;44;204;38;18;42;22
1410.0;12;33;24;45;207;39;18;42;20
1416.0;15;33;26;47;206;32;19;40;22
1422.0;16;32;24;41;211;30;22;42;22
1428.0;17;32;24;41;213;30;21;39;23
1434.0;16;39;24;39;211;30;20;40;21
1440.0;17;40;24;42;208;32;19;38;20
1446.0;18;40;26;41;209;29;16;40;21
1452.0;19;40;24;42;208;29;17;41;20
1458.0;20;40;20;43;208;32;19;40;18
1464.0;20;37;20;46;209;32;18;40;18
1470.0;22;38;18;46;212;32;16;39;17
1476.0;21;39;16;48;211;35;18;38;14
1482.0;23;39;14;43;211;37;19;40;14
1488.0;20;43;14;43;206;40;19;40;15
1494.0;20;42;14;44;205;41;20;41;13
1500.0;19;42;13;42;208;40;23;40;13
1506.0;17;41;14;43;209;41;24;39;12
1512.0;20;39;14;41;203;44;25;42;12
1518.0;20;37;13;43;201;45;28;42;11
1524.0;18;37;15;41;202;43;27;42;15
1530.0;18;37;16;45;199;44;26;42;13
1536.0;17;38;18;44;198;45;25;40;15
1542.0;19;39;18;40;197;47;24;42;14
1548.0;18;40;19;41;198;44;24;42;14
1554.0;22;39;16;38;200;44;24;42;15
1560.0;21;40;14;37;202;44;24;43;15
1566.0;19;39;15;41;202;42;22;42;18
1572.0;22;36;13;42;199;42;22;45;19
1578.0;22;34;12;41;203;42;22;46;18
1584.0;23;31;11;40;204;41;25;45;20
1590.0;23;31;11;36;205;44;24;45;21
1596.0;24;33;16;32;202;42;25;46;20
1602.0;24;30;16;33;201;43;28;50;15
1608.0;25;29;15;34;200;44;30;48;15
1614.0;28;28;15;32;200;45;31;46;15
1620.0;25;29;15;36;199;44;30;45;17
1626.0;23;30;17;36;197;46;27;46;18
1632.0;21;31;17;35;198;49;24;45;20
1638.0;19;36;17;38;198;46;25;39;22
1644.0;22;36;16;40;199;47;21;38;21
1650.0;22;33;17;40;196;46;21;40;25
1656.0;20;32;18;43;199;45;22;39;22
1662.0;23;28;18;46;200;43;24;39;19
1668.0;22;30;19;46;200;42;24;39;18
1674.0;21;32;20;45;201;39;26;40;16
1680.0;23;30;21;44;203;38;25;38;18
1686.0;20;30;16;47;204;36;28;42;17
1692.0;20;29;16;46;206;35;26;44;18
1698.0;22;29;17;47;208;34;23;42;18
1704.0;22;29;18;47;207;36;20;41;20
1710.0;21;29;19;44;209;37;21;40;20
1716.0;22;30;18;45;208;36;23;38;20
1722.0;20;32;17;43;209;37;23;36;23
1728.0;18;33;16;39;211;37;23;38;25
1734.0;18;34;15;42;212;39;21;37;22
1740.0;20;35;11;42;212;37;21;40;22
1746.0;19;37;11;42;211;38;20;41;21
1752.0;19;39;9;40;215;36;21;42;19
1758.0;19;34;14;40;215;37;19;41;21
1764.0;20;34;13;43;214;38;17;43;18
1770.0;19;32;14;46;215;37;19;42;16
1776.0;21;32;14;45;216;36;19;43;14
1782.0;21;35;12;46;216;36;20;40;14
1788.0;20;36;13;47;214;36;22;39;13
1794.0;19;35;13;49;215;35;19;41;14
