#auto generated file!
12.0;24;22;29;26;29;23;23;20;24
18.0;23;23;27;30;32;22;24;17;22
24.0;23;25;25;30;36;22;21;18;20
30.0;26;24;26;29;37;23;19;15;21
36.0;20;25;24;33;38;25;17;16;22
42.0;22;24;22;31;39;27;16;19;20
48.0;20;21;18;30;40;28;18;26;19
54.0;20;23;14;30;41;27;18;25;22
60.0;23;20;13;28;45;27;15;27;22
66.0;27;20;15;28;45;27;15;24;19
72.0;26;20;13;27;44;27;17;27;19
78.0;26;20;15;25;46;27;15;28;18
84.0;24;20;17;24;45;29;19;29;13
90.0;23;22;16;25;47;27;16;30;14
96.0;20;21;21;25;48;28;15;31;11
102.0;20;20;19;26;48;29;14;32;12
108.0;16;21;22;28;50;29;13;28;13
114.0;16;21;21;30;50;28;15;27;12
120.0;18;25;20;29;51;26;11;27;13
126.0;18;26;19;27;51;27;15;25;12
132.0;14;27;18;30;53;28;13;26;11
138.0;12;29;17;29;54;27;13;28;11
144.0;11;29;17;28;54;27;15;28;11
150.0;12;27;14;28;57;28;15;27;12
156.0;10;26;12;29;58;27;16;29;13
162.0;9;27;14;31;58;27;14;28;12
168.0;8;29;12;30;63;28;13;28;9
174.0;8;28;13;30;62;29;13;29;8
180.0;10;27;15;29;62;30;12;28;7
186.0;9;27;15;29;64;28;12;28;8
192.0;10;26;12;30;67;27;13;27;8
198.0;10;28;12;27;66;28;13;26;10
204.0;10;27;14;27;66;27;13;25;11
210.0;9;28;17;30;66;24;12;24;10
216.0;10;27;18;31;66;23;10;26;9
222.0;10;26;16;32;67;23;10;27;9
228.0;10;26;15;34;67;24;8;27;9
234.0;11;28;15;31;68;25;8;26;8
240.0;14;24;15;29;68;25;9;26;10
246.0;14;24;13;27;67;25;12;27;11
252.0;15;25;14;27;67;24;11;23;14
258.0;16;25;14;27;68;23;12;25;10
264.0;15;27;13;27;69;22;13;24;10
270.0;13;25;14;27;71;22;13;24;11
276.0;13;25;14;26;72;22;12;25;11
282.0;12;26;14;26;71;20;13;26;12
288.0;14;27;14;25;70;21;10;27;12
294.0;14;28;13;24;74;22;9;26;10
300.0;15;28;12;24;75;24;7;25;10
306.0;12;30;12;28;75;24;6;22;11
312.0;12;30;14;29;74;25;5;21;10
318.0;12;33;12;28;74;25;5;21;10
324.0;11;34;12;30;73;24;5;21;10
330.0;12;32;10;31;72;23;6;24;10
336.0;11;33;10;30;72;22;7;23;12
342.0;11;34;10;29;73;21;8;23;11
348.0;12;33;10;30;73;21;8;23;10
354.0;12;35;10;27;72;21;8;23;12
360.0;11;34;11;27;71;21;8;26;11
366.0;10;33;10;29;72;21;8;26;11
372.0;7;33;12;28;71;21;10;28;10
378.0;6;36;11;27;69;19;10;30;12
384.0;6;35;10;26;73;20;12;25;13
390.0;7;33;9;28;74;19;13;26;11
396.0;7;33;9;29;73;20;11;27;11
402.0;7;31;8;30;74;20;11;29;10
408.0;7;32;7;31;74;19;11;27;12
414.0;8;32;8;33;73;18;10;27;11
420.0;9;29;8;32;72;18;10;29;13
426.0;8;31;8;31;72;19;9;30;12
432.0;7;32;9;27;72;20;9;30;14
438.0;9;30;8;27;72;22;9;29;14
444.0;13;29;8;29;71;21;8;28;13
450.0;11;29;9;28;72;20;9;27;15
456.0;15;27;8;27;74;20;9;27;13
462.0;13;28;9;29;74;20;9;25;13
468.0;13;28;10;27;74;22;10;26;10
474.0;13;26;10;28;75;21;11;26;10
480.0;13;26;10;27;77;22;10;26;9
486.0;12;26;10;27;79;22;11;24;9
492.0;13;26;10;29;78;23;10;22;9
498.0;13;26;10;26;77;23;7;25;13
504.0;15;26;9;21;78;23;6;26;16
510.0;16;27;9;21;79;24;6;24;14
516.0;16;27;10;23;80;24;4;21;15
522.0;17;26;8;22;82;22;7;21;15
528.0;17;26;10;22;82;21;6;21;15
534.0;17;24;10;23;84;21;6;20;15
540.0;17;23;10;22;86;20;7;21;14
546.0;15;21;11;23;87;21;7;21;14
552.0;14;20;12;23;89;19;5;23;15
558.0;14;23;10;24;89;18;5;23;14
564.0;13;23;10;23;90;19;6;24;12
570.0;13;24;14;21;87;20;8;22;11
576.0;14;23;13;21;88;21;9;20;11
582.0;16;22;14;19;88;22;8;19;12
588.0;14;21;16;17;89;22;8;21;12
594.0;15;22;16;17;89;22;7;20;12
600.0;15;21;15;18;91;21;8;20;11
606.0;15;21;14;17;91;25;7;19;11
612.0;14;22;15;17;93;27;6;18;8
618.0;10;23;16;17;94;28;5;20;7
624.0;8;25;15;18;96;25;4;21;8
630.0;8;24;13;17;99;26;4;21;8
636.0;7;27;15;15;99;24;4;20;9
642.0;7;25;16;15;97;24;6;21;9
648.0;6;26;15;16;97;22;7;22;9
654.0;7;27;18;14;95;22;7;21;9
660.0;7;26;17;14;94;23;7;21;11
666.0;7;26;15;14;97;23;6;21;11
672.0;6;31;13;14;99;23;6;18;10
678.0;9;29;12;13;97;22;8;19;11
684.0;10;27;9;13;98;23;9;23;8
690.0;9;25;9;14;99;21;9;24;10
696.0;9;23;9;15;100;23;9;22;10
702.0;9;23;13;17;98;22;6;23;9
708.0;8;23;11;19;100;21;5;21;12
714.0;8;24;10;19;99;21;5;21;13
720.0;9;25;10;17;96;21;8;22;12
726.0;9;24;7;16;99;20;8;24;13
732.0;10;23;8;15;100;19;8;24;13
738.0;12;23;9;15;99;16;9;25;12
744.0;13;23;9;14;102;15;9;24;11
750.0;12;22;8;15;103;15;10;24;11
756.0;11;23;8;17;101;16;12;20;12
762.0;11;24;9;20;99;16;12;20;9
768.0;11;25;8;18;97;18;12;22;9
774.0;10;25;9;18;98;20;11;21;8
780.0;10;25;7;20;96;21;11;20;10
786.0;10;23;7;20;96;22;8;24;10
792.0;8;22;7;22;95;22;9;25;10
798.0;8;22;8;20;96;25;8;23;10
804.0;8;22;8;21;96;25;9;23;8
810.0;8;21;8;21;96;28;9;23;6
816.0;7;20;6;23;96;26;10;25;7
822.0;7;22;8;23;96;25;9;23;7
828.0;7;20;8;22;97;26;8;21;11
834.0;7;20;9;22;94;27;9;20;12
840.0;9;20;9;21;94;27;8;20;12
846.0;7;22;9;21;92;27;9;23;10
852.0;7;24;8;20;93;25;9;24;10
858.0;7;24;10;18;93;25;8;23;12
864.0;7;23;11;17;93;23;8;23;15
870.0;7;22;11;17;93;24;10;21;15
876.0;7;22;10;17;92;27;10;20;15
882.0;8;23;11;16;91;27;10;20;14
888.0;9;26;12;13;92;27;11;17;13
894.0;10;25;14;11;91;27;9;18;15
900.0;9;26;15;11;91;26;9;18;15
906.0;10;28;14;10;91;27;9;19;12
912.0;10;28;12;10;94;25;8;20;13
918.0;10;28;12;11;94;27;7;18;13
924.0;12;27;9;12;95;25;7;19;14
930.0;12;25;10;10;96;27;6;20;14
936.0;10;25;13;11;99;26;6;18;12
942.0;10;23;11;12;99;27;5;20;13
948.0;9;22;9;13;101;25;7;20;14
954.0;7;27;9;14;101;21;9;19;13
960.0;8;26;9;14;99;21;9;20;14
966.0;9;25;9;14;101;20;8;20;14
972.0;8;24;10;16;101;21;6;21;13
978.0;8;24;8;17;101;20;6;22;14
984.0;8;25;10;17;100;18;6;23;13
990.0;8;24;9;15;101;21;5;24;13
996.0;9;25;6;15;102;21;4;25;13
1002.0;8;23;8;16;102;21;2;27;13
1008.0;10;23;10;14;100;21;3;25;14
1014.0;9;23;10;15;99;21;3;26;14
1020.0;9;21;11;18;98;22;3;24;14
1026.0;8;24;11;21;98;20;3;23;12
1032.0;8;24;13;19;98;20;3;24;11
1038.0;10;26;12;18;97;22;5;21;9
1044.0;10;26;13;17;99;21;4;21;9
1050.0;11;23;15;18;100;20;4;21;8
1056.0;12;20;18;18;96;21;6;23;6
1062.0;15;17;18;16;95;22;5;25;7
1068.0;16;16;18;18;94;21;6;25;6
1074.0;14;17;21;18;95;20;4;26;5
1080.0;15;17;17;19;97;18;4;27;6
1086.0;17;16;18;20;97;15;3;27;7
1092.0;16;13;18;21;98;15;3;28;8
1098.0;16;12;16;18;97;18;5;28;10
1104.0;17;12;15;21;95;17;6;27;10
1110.0;16;11;15;21;95;19;6;26;11
1116.0;16;11;14;20;95;25;5;27;7
1122.0;17;12;16;19;94;24;5;27;6
1128.0;17;13;20;17;92;25;4;27;5
1134.0;14;13;17;16;91;27;5;30;7
1140.0;13;13;16;15;92;29;8;28;6
1146.0;13;13;19;15;92;28;7;28;5
1152.0;13;15;20;15;92;27;5;27;6
1158.0;15;14;19;15;91;25;8;27;6
1164.0;14;16;17;14;88;27;7;30;7
1170.0;12;16;16;14;90;28;6;33;5
1176.0;12;17;14;15;90;27;7;31;7
1182.0;11;19;14;16;87;27;7;31;8
1188.0;11;19;14;17;87;25;8;31;8
1194.0;10;19;15;19;87;23;9;29;9
1200.0;11;17;15;21;87;24;9;26;10
1206.0;10;18;15;20;87;24;11;26;9
1212.0;10;16;17;21;87;25;11;26;7
1218.0;8;16;15;20;88;26;15;25;7
1224.0;8;17;14;23;89;24;13;25;7
1230.0;5;18;13;23;89;26;13;27;6
1236.0;7;19;11;22;88;29;13;25;6
1242.0;6;20;11;23;89;28;13;24;6
1248.0;7;19;11;22;90;27;12;24;8
1254.0;8;20;11;20;91;27;11;24;8
1260.0;4;20;12;19;91;27;12;25;10
1266.0;5;22;9;17;90;26;14;26;11
1272.0;6;21;8;18;91;26;11;29;10
1278.0;6;20;9;20;90;26;12;25;12
1284.0;6;21;9;22;91;24;12;23;12
1290.0;4;24;9;20;91;24;12;22;14
1296.0;5;25;8;19;91;23;10;25;14
1302.0;5;24;5;21;92;23;12;23;15
1308.0;6;24;7;22;91;20;11;23;16
1314.0;7;25;6;23;89;20;12;24;14
1320.0;9;23;6;23;89;19;12;26;13
1326.0;9;23;7;21;89;19;11;29;12
1332.0;9;23;9;21;89;20;9;27;13
1338.0;9;23;8;22;89;20;9;27;13
1344.0;8;21;9;22;91;19;9;26;15
1350.0;11;20;9;24;92;18;9;25;12
1356.0;9;21;9;24;92;17;11;26;11
1362.0;9;19;10;22;92;18;13;25;12
1368.0;9;19;11;22;92;19;12;25;11
1374.0;8;20;11;22;93;19;12;25;10
1380.0;8;21;11;25;92;17;13;23;10
1386.0;6;22;13;25;93;17;11;21;12
1392.0;6;20;13;26;92;19;10;21;13
1398.0;6;20;13;24;91;20;11;23;12
1404.0;5;19;13;24;92;21;12;23;11
1410.0;6;21;13;23;92;22;12;21;10
1416.0;6;21;12;20;96;21;11;22;11
1422.0;7;21;12;20;96;20;11;22;11
1428.0;5;19;14;21;98;20;12;20;11
1434.0;5;19;11;20;99;21;12;21;12
1440.0;4;19;10;20;102;22;12;20;11
1446.0;4;20;11;20;101;21;12;20;11
1452.0;4;21;13;20;101;17;13;20;11
1458.0;3;21;12;22;101;20;12;19;10
1464.0;5;21;12;22;101;19;12;21;7
1470.0;3;20;12;20;103;20;13;22;7
1476.0;5;20;11;17;105;21;12;23;6
1482.0;4;22;12;19;103;20;10;23;7
1488.0;4;21;13;18;103;20;11;22;8
1494.0;5;22;15;18;102;18;13;19;8
1500.0;4;24;14;19;103;18;13;18;7
1506.0;3;25;13;18;104;19;10;19;9
1512.0;4;28;11;17;103;20;11;18;8
1518.0;5;28;11;16;106;20;10;17;7
1524.0;5;28;12;16;106;18;10;19;6
1530.0;7;30;11;17;107;17;7;19;5
1536.0;7;28;12;17;105;15;7;21;8
1542.0;8;28;11;19;104;15;8;20;7
1548.0;8;27;11;22;103;15;7;19;8
1554.0;8;25;10;22;101;14;10;19;11
1560.0;8;23;13;21;102;12;9;20;12
1566.0;8;21;13;21;102;14;8;19;14
1572.0;8;21;10;22;102;16;7;20;14
1578.0;7;22;10;23;102;15;7;21;13
1584.0;8;26;6;22;102;14;7;22;13
1590.0;9;25;8;22;102;15;6;22;11
1596.0;9;24;9;23;101;15;6;22;11
1602.0;11;25;9;19;101;16;6;25;8
1608.0;12;25;10;17;102;16;5;24;9
1614.0;11;24;9;18;102;19;6;23;8
1620.0;10;23;9;19;103;20;6;22;8
1626.0;9;23;11;18;105;19;6;21;8
1632.0;9;23;13;19;101;19;7;21;8
1638.0;8;24;12;18;102;17;6;23;10
1644.0;6;26;10;18;104;17;7;22;10
1650.0;7;29;11;18;101;16;8;20;10
1656.0;8;28;11;18;102;16;8;19;10
1662.0;9;30;10;14;100;17;9;21;10
1668.0;8;30;9;14;102;17;9;23;8
1674.0;9;30;9;12;102;17;9;23;9
1680.0;8;30;9;12;100;18;6;25;12
1686.0;7;28;9;14;101;18;7;24;12
1692.0;9;28;10;14;101;18;6;23;11
1698.0;9;26;10;16;100;17;6;24;12
1704.0;12;25;9;16;100;15;7;25;11
1710.0;12;25;12;15;100;15;7;23;11
1716.0;12;23;12;15;99;17;5;24;13
1722.0;12;21;11;16;101;17;5;23;14
1728.0;12;21;9;16;101;20;5;24;12
1734.0;10;19;11;17;102;21;6;24;10
1740.0;11;18;10;18;101;20;7;24;11
1746.0;10;20;11;19;103;18;7;23;9
1752.0;11;19;10;19;104;18;9;22;8
1758.0;11;20;9;19;106;18;5;22;10
1764.0;12;20;10;18;106;18;7;19;10
1770.0;10;19;14;18;104;19;10;16;10
1776.0;12;18;14;18;103;21;8;16;10
1782.0;10;18;12;17;102;22;10;18;11
1788.0;11;17;12;18;100;23;10;18;11
1794.0;9;19;14;17;97;23;11;19;11
