#auto generated file!
12.0;34;33;40;33;45;35;34;42;34
18.0;33;34;38;34;51;38;29;39;34
24.0;29;35;40;30;52;37;31;42;34
30.0;29;34;37;34;54;37;30;43;32
36.0;28;34;34;31;56;41;33;45;28
42.0;29;32;33;30;61;44;32;43;26
48.0;27;34;33;30;62;42;30;47;25
54.0;28;36;33;27;64;42;25;51;24
60.0;26;34;33;26;64;48;25;49;25
66.0;27;33;33;29;66;48;24;48;22
72.0;26;35;33;31;67;48;21;49;20
78.0;27;36;32;31;68;46;25;40;25
84.0;30;35;31;32;68;47;25;39;23
90.0;30;36;29;32;71;45;26;38;23
96.0;31;36;26;32;70;46;31;37;21
102.0;28;37;23;33;75;47;29;38;20
108.0;27;32;20;31;77;51;29;41;22
114.0;27;36;16;35;77;50;28;42;19
120.0;29;38;18;34;78;51;24;40;18
126.0;26;41;16;37;76;52;22;44;16
132.0;24;41;19;38;76;49;23;45;15
138.0;24;41;19;37;76;52;21;44;16
144.0;23;43;20;35;79;50;22;43;15
150.0;22;44;19;36;80;50;23;40;16
156.0;20;43;20;38;82;48;22;41;16
162.0;23;43;20;36;81;49;22;41;15
168.0;21;47;19;34;80;49;20;39;21
174.0;21;45;18;34;82;48;19;41;22
180.0;22;47;19;33;83;49;19;39;19
186.0;18;46;19;36;84;50;20;37;20
192.0;17;46;15;36;83;52;20;39;22
198.0;17;46;16;33;85;52;23;38;20
204.0;17;46;16;35;87;52;20;36;21
210.0;17;49;17;35;88;48;22;36;18
216.0;16;48;16;38;88;44;24;37;19
222.0;15;47;19;40;92;42;20;35;20
228.0;16;45;18;42;93;40;22;35;19
234.0;17;46;19;41;94;36;22;35;20
240.0;16;44;21;40;97;37;22;35;18
246.0;20;45;22;40;96;35;19;34;19
252.0;18;46;24;38;95;35;20;35;19
258.0;19;44;22;38;96;36;21;34;20
264.0;22;42;21;36;98;41;19;33;18
270.0;19;41;23;41;98;41;16;34;17
276.0;17;39;19;42;98;41;19;37;18
282.0;16;35;20;37;102;43;21;39;17
288.0;15;36;17;37;101;45;22;42;15
294.0;16;35;17;36;102;46;22;43;13
300.0;16;37;15;32;104;47;24;41;14
306.0;17;35;11;30;105;49;22;44;17
312.0;20;33;13;31;104;47;24;44;14
318.0;18;33;14;33;107;48;20;40;17
324.0;18;32;14;33;111;47;18;40;17
330.0;20;30;14;32;112;49;17;41;15
336.0;19;28;14;32;113;47;18;41;18
342.0;19;29;15;33;114;47;16;37;20
348.0;18;30;17;32;117;43;16;38;19
354.0;18;31;18;33;116;41;16;37;20
360.0;16;31;17;36;119;40;17;36;18
366.0;16;28;16;37;123;40;18;34;18
372.0;16;26;19;34;126;41;18;34;16
378.0;15;25;21;36;126;41;17;35;14
384.0;16;25;23;34;130;39;15;32;16
390.0;17;29;20;35;130;35;13;35;16
396.0;18;29;19;35;131;32;12;35;19
402.0;17;27;23;31;130;34;11;33;24
408.0;18;23;24;29;131;35;13;32;25
414.0;20;22;23;30;127;38;12;33;25
420.0;22;24;20;29;127;37;12;35;24
426.0;22;25;19;29;127;38;12;35;23
432.0;21;29;20;28;125;36;14;34;23
438.0;18;29;21;28;127;39;14;34;20
444.0;16;27;18;27;131;41;13;36;21
450.0;17;29;17;28;130;42;11;37;19
456.0;15;29;18;30;129;41;13;33;22
462.0;17;28;19;31;127;43;11;33;21
468.0;15;27;19;29;130;46;13;30;21
474.0;17;24;19;28;130;45;16;30;21
480.0;17;21;21;25;131;47;19;31;18
486.0;16;21;24;26;131;47;19;30;16
492.0;20;21;22;27;134;44;15;31;16
498.0;18;25;24;27;132;42;14;30;18
504.0;18;25;24;29;132;41;13;31;17
510.0;17;26;20;30;135;41;12;31;18
516.0;18;27;21;29;133;40;12;30;20
522.0;17;28;19;30;134;41;10;31;20
528.0;21;28;20;31;133;37;10;33;17
534.0;22;29;16;33;135;35;10;35;15
540.0;21;31;17;35;134;32;9;36;15
546.0;20;32;18;35;134;31;11;34;15
552.0;17;32;21;36;133;30;13;34;14
558.0;17;34;17;37;132;33;13;34;13
564.0;17;32;17;36;133;35;13;35;12
570.0;14;32;18;38;133;34;15;32;14
576.0;15;31;17;42;131;34;13;34;13
582.0;15;33;19;37;132;35;13;31;15
588.0;10;33;22;39;131;37;11;33;14
594.0;12;32;23;39;132;35;12;32;13
600.0;12;33;23;39;132;36;12;30;13
606.0;14;30;23;38;134;36;13;30;12
612.0;16;28;23;39;134;36;14;28;12
618.0;13;31;23;38;134;35;14;29;13
624.0;12;31;21;38;135;35;14;30;14
630.0;13;34;21;37;133;32;17;29;14
636.0;13;32;23;36;133;37;13;30;13
642.0;16;32;22;35;131;35;13;32;14
648.0;17;32;20;35;130;35;18;31;12
654.0;19;31;17;34;132;34;17;31;15
660.0;21;31;17;34;133;34;15;30;15
666.0;23;32;16;33;132;34;15;28;17
672.0;24;32;16;35;132;33;16;26;16
678.0;22;31;13;37;133;35;14;27;18
684.0;21;33;12;34;135;34;13;30;18
690.0;20;32;14;32;134;34;12;30;22
696.0;22;31;13;33;137;35;9;30;20
702.0;24;30;13;31;137;37;9;30;19
708.0;23;30;16;31;138;38;6;30;18
714.0;22;30;17;32;140;37;5;29;18
720.0;22;30;17;29;140;35;6;31;20
726.0;23;30;15;30;141;37;6;28;20
732.0;23;28;19;31;137;36;8;27;21
738.0;20;27;18;30;138;38;11;28;20
744.0;21;25;18;29;137;39;11;32;18
750.0;21;28;16;29;136;37;13;29;21
756.0;20;29;15;34;134;40;12;27;19
762.0;21;31;14;30;136;37;16;28;17
768.0;20;29;15;31;135;39;15;28;18
774.0;19;30;17;29;134;40;17;26;18
780.0;20;29;17;29;134;42;15;28;16
786.0;19;29;19;28;135;39;17;29;15
792.0;19;29;20;28;134;40;16;29;15
798.0;18;29;21;27;133;43;15;27;17
804.0;18;27;17;29;133;42;19;28;17
810.0;15;27;21;30;133;42;20;26;16
816.0;16;29;19;30;132;43;18;25;18
822.0;17;31;18;27;134;40;19;27;17
828.0;17;29;21;26;132;42;19;26;18
834.0;14;30;19;28;131;41;20;28;19
840.0;14;30;21;28;131;40;18;29;19
846.0;18;28;19;30;130;42;16;28;19
852.0;16;28;20;33;132;36;16;28;21
858.0;18;30;15;36;131;36;18;25;21
864.0;19;27;14;35;131;37;20;26;21
870.0;17;26;18;32;134;38;19;26;20
876.0;16;29;19;31;135;37;19;26;18
882.0;16;31;21;31;134;35;20;25;17
888.0;14;31;20;29;138;37;21;26;14
894.0;16;31;21;27;139;35;22;26;13
900.0;17;31;20;28;141;31;18;27;17
906.0;18;31;19;28;138;31;17;29;19
912.0;16;30;18;27;142;32;16;31;18
918.0;17;29;20;26;140;33;13;32;20
924.0;20;28;18;30;133;34;15;34;18
930.0;22;27;18;30;131;36;12;36;18
936.0;22;28;18;30;128;36;13;37;18
942.0;23;29;20;28;131;36;13;33;17
948.0;23;30;18;29;136;36;13;35;10
954.0;25;32;15;26;136;37;11;38;10
960.0;23;32;14;27;136;36;13;36;13
966.0;22;32;16;26;136;36;13;35;14
972.0;20;31;18;27;138;34;12;34;16
978.0;21;30;18;27;138;35;13;34;14
984.0;18;32;14;28;139;38;11;35;15
990.0;15;30;14;32;138;38;13;34;16
996.0;16;31;14;32;136;38;14;31;18
1002.0;15;29;15;34;137;37;18;29;16
1008.0;16;31;17;32;136;34;19;28;17
1014.0;18;30;16;30;138;34;21;26;17
1020.0;17;28;19;33;136;34;17;30;16
1026.0;15;26;19;31;136;38;18;31;16
1032.0;13;28;21;35;135;37;17;29;15
1038.0;16;29;18;33;135;35;17;30;17
1044.0;18;31;18;32;132;34;18;33;14
1050.0;19;30;17;31;132;33;19;34;15
1056.0;23;30;13;30;134;34;20;34;12
1062.0;24;30;13;28;134;33;21;34;13
1068.0;22;29;13;30;135;34;18;36;13
1074.0;22;32;15;29;135;32;20;36;9
1080.0;22;34;15;26;135;31;21;37;9
1086.0;22;39;14;24;136;26;24;35;10
1092.0;20;37;15;23;136;28;20;38;13
1098.0;20;36;12;25;137;28;21;38;13
1104.0;18;35;11;28;139;29;19;37;14
1110.0;19;34;12;26;140;29;19;38;13
1116.0;18;33;14;27;139;29;21;36;13
1122.0;18;34;13;28;140;26;21;37;13
1128.0;17;32;14;29;141;27;22;38;10
1134.0;20;33;13;30;138;27;22;35;12
1140.0;21;31;12;34;137;28;21;31;15
1146.0;20;34;11;34;134;29;21;33;14
1152.0;20;37;11;33;134;28;23;30;14
1158.0;19;38;11;38;134;26;20;30;14
1164.0;20;38;12;37;129;28;21;29;16
1170.0;20;36;14;35;128;31;19;30;17
1176.0;22;35;15;35;128;30;20;31;14
1182.0;21;35;15;35;126;29;22;32;15
1188.0;23;37;14;34;125;31;19;33;14
1194.0;20;38;14;34;124;33;21;32;14
1200.0;21;37;14;33;125;33;20;32;15
1206.0;18;37;15;33;125;35;21;32;14
1212.0;16;37;17;36;125;35;19;32;13
1218.0;13;36;17;38;126;35;20;32;13
1224.0;13;36;16;38;124;33;21;33;16
1230.0;14;37;14;37;126;35;21;29;17
1236.0;14;36;16;33;129;33;19;30;20
1242.0;14;36;14;33;127;33;22;33;18
1248.0;11;36;14;33;128;31;25;35;17
1254.0;12;35;14;33;129;32;21;34;20
1260.0;15;34;15;34;130;32;17;32;21
1266.0;14;35;15;34;130;31;16;32;23
1272.0;16;34;14;30;129;33;17;32;25
1278.0;16;34;14;30;129;32;17;32;26
1284.0;17;29;14;32;128;33;16;35;26
1290.0;17;28;15;31;130;31;15;38;25
1296.0;16;28;17;29;131;31;15;41;22
1302.0;17;27;17;28;131;30;16;44;20
1308.0;14;28;19;30;131;28;15;44;21
1314.0;14;30;17;30;134;29;16;42;18
1320.0;14;30;18;30;135;30;15;39;19
1326.0;16;34;17;29;137;30;15;37;15
1332.0;16;38;15;27;137;31;16;34;16
1338.0;14;36;16;27;140;32;17;32;16
1344.0;16;35;16;29;135;34;17;35;13
1350.0;16;35;22;27;136;31;17;33;13
1356.0;17;33;25;28;138;28;16;33;12
1362.0;16;34;25;28;139;29;17;29;13
1368.0;15;35;24;29;142;29;15;28;13
1374.0;14;36;25;28;138;29;17;28;15
1380.0;15;34;25;30;139;29;15;29;14
1386.0;16;35;22;31;138;26;21;27;14
1392.0;15;34;23;30;137;28;21;28;14
1398.0;15;32;25;32;136;26;22;27;15
1404.0;13;34;21;31;137;27;23;30;14
1410.0;15;33;20;31;138;27;21;32;13
1416.0;16;34;19;31;136;28;20;31;15
1422.0;12;34;21;32;137;28;19;33;14
1428.0;15;29;18;32;133;29;21;36;17
1434.0;14;30;19;31;133;29;19;36;19
1440.0;14;29;15;32;134;29;22;37;18
1446.0;13;30;17;33;135;33;20;35;14
1452.0;12;28;17;34;136;35;21;34;13
1458.0;12;28;17;35;135;36;20;34;13
1464.0;11;31;19;32;135;34;20;33;15
1470.0;13;31;16;30;133;38;20;33;16
1476.0;14;32;16;28;135;37;20;32;16
1482.0;15;32;14;30;134;37;19;33;16
1488.0;13;35;12;32;131;37;19;33;18
1494.0;13;33;14;31;137;37;16;31;18
1500.0;15;34;13;34;135;36;17;30;16
1506.0;16;34;14;33;136;37;18;28;14
1512.0;15;34;12;34;137;36;17;27;18
1518.0;13;34;12;32;135;38;18;30;18
1524.0;11;37;14;31;135;39;17;30;16
1530.0;13;38;14;29;136;37;19;30;14
1536.0;11;39;14;30;136;34;21;30;15
1542.0;10;37;14;33;138;34;19;29;16
1548.0;11;36;15;34;137;31;20;31;15
1554.0;10;37;16;36;136;31;18;33;13
1560.0;12;37;13;36;136;31;19;32;14
1566.0;13;39;12;36;133;30;19;32;16
1572.0;13;38;11;38;136;28;22;31;13
1578.0;11;36;10;38;136;32;24;30;13
1584.0;12;36;9;40;136;32;21;30;14
1590.0;12;35;11;37;137;31;20;33;14
1596.0;14;35;12;36;135;33;19;32;14
1602.0;15;36;14;35;135;33;18;30;14
1608.0;14;36;16;37;134;30;14;31;18
1614.0;15;35;15;36;132;32;15;30;20
1620.0;13;37;13;37;132;30;15;34;19
1626.0;14;39;12;35;131;31;15;36;17
1632.0;13;38;13;41;133;29;13;34;16
1638.0;15;38;14;38;136;28;14;31;16
1644.0;16;37;13;37;134;30;11;31;21
1650.0;18;39;14;36;132;28;10;32;21
1656.0;17;38;16;37;135;27;11;30;19
1662.0;16;42;13;36;137;28;10;29;19
1668.0;17;39;12;34;139;28;11;31;19
1674.0;18;38;12;33;139;27;12;31;20
1680.0;20;40;11;31;137;28;13;32;18
1686.0;22;38;12;32;136;24;12;33;21
1692.0;20;37;16;33;135;22;11;35;21
1698.0;18;36;16;32;136;23;13;35;21
1704.0;18;35;17;30;137;24;12;36;21
1710.0;21;39;16;31;134;23;11;34;21
1716.0;21;37;14;34;136;24;9;35;20
1722.0;21;37;17;35;135;22;7;35;21
1728.0;21;33;17;36;135;23;6;38;21
1734.0;18;35;16;36;136;23;9;37;20
1740.0;17;34;15;37;136;27;9;36;19
1746.0;18;33;16;36;134;27;10;37;19
1752.0;19;34;15;35;134;27;13;36;17
1758.0;19;35;15;35;135;26;12;35;18
1764.0;20;35;13;36;135;26;12;35;18
1770.0;19;35;17;36;134;27;10;35;17
1776.0;16;37;18;36;134;28;11;34;16
1782.0;16;38;16;36;133;29;11;36;15
1788.0;18;36;14;39;131;29;11;37;15
1794.0;17;34;14;40;130;28;13;38;16
