#auto generated file!
12.0;7;10;8;20;12;13;13;18;9
18.0;9;9;10;21;12;13;11;18;7
24.0;9;9;9;21;12;12;15;16;7
30.0;8;11;9;20;13;12;14;16;7
36.0;8;11;10;19;13;13;14;15;7
42.0;7;10;10;20;13;14;14;14;8
48.0;8;9;11;21;13;14;12;14;8
54.0;7;11;11;21;15;14;10;13;8
60.0;4;11;13;17;19;14;9;14;9
66.0;3;10;12;18;19;14;10;16;8
72.0;3;10;13;19;19;14;10;15;7
78.0;5;8;13;19;20;13;10;14;8
84.0;4;7;10;18;20;14;12;15;10
90.0;4;7;7;20;23;13;13;13;10
96.0;3;9;7;20;25;14;10;12;10
102.0;5;8;7;20;24;15;10;13;8
108.0;5;8;9;21;25;13;9;13;7
114.0;9;6;7;20;26;13;7;14;8
120.0;7;8;9;20;26;12;5;15;8
126.0;6;9;11;20;26;11;5;15;7
132.0;7;8;10;19;28;12;4;16;6
138.0;8;7;11;18;27;12;6;15;6
144.0;8;6;10;18;27;11;7;17;6
150.0;8;7;10;17;29;12;6;16;5
156.0;7;7;10;18;29;12;6;16;5
162.0;8;7;9;18;29;12;6;16;5
168.0;8;8;9;17;29;13;8;15;3
174.0;8;8;9;17;29;13;8;15;3
180.0;9;9;9;14;30;12;8;15;4
186.0;9;8;10;13;30;13;7;15;5
192.0;7;9;10;13;31;14;7;14;5
198.0;7;11;11;12;31;12;8;13;5
204.0;6;14;11;12;31;11;7;13;5
210.0;5;13;11;12;32;11;8;13;5
216.0;6;12;11;14;31;12;6;12;6
222.0;6;11;12;15;30;12;6;12;6
228.0;5;13;8;14;32;16;5;13;4
234.0;5;13;8;13;33;16;4;15;3
240.0;5;11;7;12;34;16;5;16;4
246.0;4;10;8;12;33;19;5;15;4
252.0;2;11;9;12;33;19;6;14;4
258.0;3;10;8;10;34;19;5;17;4
264.0;4;10;9;10;33;19;4;17;4
270.0;4;9;9;10;34;19;3;18;4
276.0;3;9;7;10;34;19;3;20;5
282.0;3;9;8;11;35;18;4;17;5
288.0;4;9;7;11;36;17;5;16;5
294.0;4;8;6;12;37;18;5;15;5
300.0;4;8;6;12;36;18;4;16;6
306.0;7;8;7;11;35;19;5;13;5
312.0;6;7;7;12;37;19;5;12;5
318.0;5;7;7;12;37;18;5;13;6
324.0;6;6;7;13;39;17;5;12;5
330.0;6;6;7;14;40;16;7;11;3
336.0;6;6;7;12;40;16;7;11;5
342.0;4;6;7;12;41;16;7;12;5
348.0;4;7;5;10;43;15;7;15;4
354.0;3;8;4;10;44;15;8;15;3
360.0;3;8;4;10;45;14;6;15;5
366.0;3;7;4;10;45;14;6;15;6
372.0;3;8;4;9;46;14;4;16;6
378.0;3;9;4;8;47;14;3;17;5
384.0;3;9;4;8;47;14;3;17;5
390.0;4;10;5;8;46;14;3;16;4
396.0;4;10;5;7;46;15;3;15;5
402.0;5;9;5;8;46;13;4;14;6
408.0;5;8;5;8;48;12;4;14;6
414.0;5;8;7;8;49;13;3;11;6
420.0;5;8;6;9;49;13;4;10;6
426.0;6;7;6;9;49;13;4;10;6
432.0;4;8;7;7;50;13;5;10;6
438.0;5;8;8;7;49;12;6;9;6
444.0;5;8;6;7;50;12;6;10;6
450.0;4;10;5;7;51;10;6;10;7
456.0;3;10;5;7;50;10;7;12;6
462.0;3;8;6;8;50;10;7;12;6
468.0;4;8;5;8;51;10;7;13;4
474.0;6;9;4;8;49;9;7;14;4
480.0;5;8;4;8;49;12;6;14;4
486.0;7;8;3;8;48;14;5;13;4
492.0;5;8;3;7;49;15;6;13;4
498.0;5;8;2;7;50;14;4;16;4
504.0;3;8;2;7;51;14;4;16;5
510.0;3;8;2;7;53;13;4;15;5
516.0;2;9;3;7;52;13;4;16;4
522.0;2;9;4;6;52;13;4;16;4
528.0;2;9;2;5;52;15;4;16;5
534.0;3;9;3;5;52;15;2;16;5
540.0;3;9;4;6;51;14;2;16;5
546.0;3;9;5;6;51;15;1;15;5
552.0;3;8;6;7;50;14;3;14;5
558.0;3;8;6;7;50;12;3;16;5
564.0;3;7;6;6;51;11;4;17;5
570.0;3;6;5;6;52;12;4;16;6
576.0;4;4;6;5;54;12;2;16;7
582.0;6;4;7;5;52;13;4;14;5
588.0;5;5;7;5;53;12;4;16;3
594.0;4;6;8;6;52;11;5;15;3
600.0;3;6;7;8;51;11;6;15;3
606.0;3;7;8;7;52;11;5;15;2
612.0;2;6;7;8;52;11;5;16;3
618.0;2;6;7;9;52;13;5;13;3
624.0;2;7;7;8;50;14;6;14;2
630.0;3;6;6;8;51;14;6;13;3
636.0;4;5;6;8;51;15;5;13;3
642.0;4;4;6;10;52;13;5;13;3
648.0;4;5;7;12;49;13;5;11;4
654.0;3;5;7;11;52;12;3;13;4
660.0;3;5;5;12;52;11;3;15;4
666.0;4;5;5;13;51;10;3;15;4
672.0;5;6;5;11;52;11;3;14;3
678.0;5;6;5;11;51;11;5;13;3
684.0;4;6;5;12;51;12;4;13;3
690.0;5;6;5;12;50;11;4;14;3
696.0;6;5;5;12;50;11;5;13;3
702.0;8;5;5;12;48;9;6;12;5
708.0;7;4;6;13;49;8;4;13;6
714.0;8;5;6;16;47;7;3;13;5
720.0;7;6;4;17;48;8;3;13;4
726.0;8;6;3;19;47;9;3;12;3
732.0;8;6;4;17;47;11;2;10;5
738.0;7;7;5;18;46;12;2;8;5
744.0;8;7;3;16;46;11;2;10;7
750.0;7;7;3;16;47;12;3;9;6
756.0;6;7;2;16;48;13;4;7;7
762.0;5;7;3;16;49;12;3;8;7
768.0;3;8;1;17;49;13;3;10;6
774.0;3;8;1;17;48;13;4;10;6
780.0;3;9;2;16;48;12;4;10;6
786.0;3;11;1;14;47;10;6;11;7
792.0;3;10;1;16;48;9;6;10;7
798.0;3;9;1;17;48;10;5;9;8
804.0;3;8;1;17;48;10;6;10;7
810.0;1;8;1;16;48;10;6;12;8
816.0;1;8;2;16;47;10;5;12;9
822.0;1;9;2;16;47;9;6;12;8
828.0;3;8;2;15;47;8;7;12;8
834.0;3;7;2;15;46;8;8;13;8
840.0;2;7;4;15;46;6;7;13;10
846.0;2;7;4;15;45;6;6;13;12
852.0;1;8;5;14;45;5;6;14;12
858.0;1;8;6;15;44;5;6;12;13
864.0;1;8;7;15;44;6;5;11;13
870.0;2;7;7;13;46;7;6;11;11
876.0;1;8;5;14;46;7;8;11;10
882.0;2;7;6;13;45;7;9;11;10
888.0;1;8;8;13;46;7;8;11;8
894.0;2;7;8;14;46;8;8;10;7
900.0;2;8;8;13;45;8;9;8;9
906.0;3;9;6;15;46;9;7;7;8
912.0;4;8;4;15;47;10;5;8;9
918.0;5;10;4;13;47;10;3;10;8
924.0;4;10;6;14;47;10;4;9;6
930.0;5;11;6;14;47;10;4;9;4
936.0;4;10;5;13;48;9;5;12;4
942.0;3;11;5;11;45;11;6;13;5
948.0;3;12;5;11;45;10;6;13;5
954.0;4;12;5;11;44;11;6;12;5
960.0;4;12;4;15;43;10;5;12;5
966.0;5;12;2;15;43;10;4;14;5
972.0;4;12;4;15;43;9;5;13;5
978.0;4;12;5;13;43;8;6;11;8
984.0;4;11;5;12;44;10;6;12;6
990.0;4;11;5;12;45;10;5;12;6
996.0;3;12;4;13;45;10;5;12;6
1002.0;3;13;4;14;46;10;3;11;6
1008.0;4;12;4;14;46;9;4;11;6
1014.0;5;11;4;13;46;9;5;11;6
1020.0;4;9;6;12;45;11;6;11;6
1026.0;4;10;6;11;47;10;4;12;6
1032.0;4;10;6;10;45;11;5;13;6
1038.0;4;10;4;12;44;10;6;13;7
1044.0;3;9;4;12;45;10;6;14;7
1050.0;6;9;4;12;43;11;4;15;6
1056.0;5;8;6;12;43;11;5;16;4
1062.0;3;9;5;11;43;13;7;16;3
1068.0;6;9;5;9;43;14;7;14;3
1074.0;5;8;6;11;41;15;6;15;3
1080.0;5;9;4;12;41;16;4;15;4
1086.0;4;9;5;11;41;17;4;15;4
1092.0;5;9;6;9;40;16;5;15;5
1098.0;4;7;6;9;40;16;5;18;5
1104.0;5;8;7;7;41;16;4;16;6
1110.0;5;9;7;9;40;14;5;15;6
1116.0;4;9;6;9;39;18;5;15;5
1122.0;6;8;6;11;40;15;5;14;5
1128.0;6;8;8;11;40;12;5;14;6
1134.0;6;8;8;12;39;12;5;14;6
1140.0;5;11;7;11;39;11;6;14;6
1146.0;6;12;7;11;40;11;4;13;6
1152.0;4;12;8;12;39;11;4;13;7
1158.0;5;12;9;11;38;12;3;12;8
1164.0;5;13;8;10;38;13;4;11;8
1170.0;5;12;8;10;38;13;4;11;9
1176.0;7;10;9;10;38;13;4;12;7
1182.0;6;10;9;10;39;12;4;14;6
1188.0;7;9;8;10;41;12;4;14;5
1194.0;8;8;8;10;41;12;4;14;5
1200.0;8;6;9;10;41;12;4;14;6
1206.0;8;7;9;9;42;12;4;13;6
1212.0;7;8;9;9;43;12;5;11;6
1218.0;7;7;9;11;43;11;5;11;6
1224.0;7;7;8;12;43;11;6;12;4
1230.0;6;7;7;11;43;12;7;12;5
1236.0;6;7;7;12;43;12;7;11;5
1242.0;6;8;7;12;43;12;9;7;6
1248.0;5;7;5;11;46;13;8;9;6
1254.0;5;7;6;13;47;13;7;8;4
1260.0;5;7;8;12;49;11;7;8;3
1266.0;5;7;9;11;49;11;6;8;4
1272.0;4;7;9;13;50;9;6;8;4
1278.0;2;7;9;13;51;8;7;9;4
1284.0;4;7;8;13;50;8;7;8;5
1290.0;5;8;7;16;50;7;4;9;4
1296.0;6;9;7;14;50;7;4;9;4
1302.0;5;11;8;14;49;8;4;7;4
1308.0;5;11;8;14;49;8;4;7;4
1314.0;5;10;8;14;50;7;4;8;4
1320.0;4;11;7;14;51;7;4;8;4
1326.0;4;10;7;14;51;8;4;8;4
1332.0;4;10;7;15;52;8;4;7;3
1338.0;5;10;5;16;52;9;5;5;3
1344.0;5;9;4;16;53;9;5;5;4
1350.0;4;9;4;15;54;9;6;6;3
1356.0;6;9;4;14;53;9;5;6;4
1362.0;4;8;4;14;52;9;7;6;6
1368.0;3;8;5;14;50;9;8;7;6
1374.0;4;8;5;14;50;9;7;7;6
1380.0;4;9;6;13;50;9;8;7;4
1386.0;2;9;6;12;51;10;8;7;5
1392.0;1;9;6;14;52;11;6;9;2
1398.0;0;8;5;16;52;12;6;10;1
1404.0;0;8;5;17;51;12;6;10;1
1410.0;0;8;5;17;51;12;6;10;1
1416.0;0;8;6;16;53;11;4;10;2
1422.0;0;8;5;15;53;11;5;11;2
1428.0;1;8;6;14;52;11;6;10;2
1434.0;2;8;5;15;52;11;6;9;2
1440.0;3;9;5;14;53;9;6;9;2
1446.0;4;10;2;15;52;11;6;8;2
1452.0;4;10;2;15;52;10;7;8;2
1458.0;3;9;2;15;50;14;7;8;2
1464.0;4;9;1;14;51;13;8;7;3
1470.0;4;9;1;13;50;13;10;8;2
1476.0;3;10;2;13;50;12;10;8;2
1482.0;4;10;2;12;51;13;9;9;0
1488.0;3;12;2;12;51;14;7;8;1
1494.0;5;10;4;12;51;13;6;7;2
1500.0;5;11;4;11;51;13;6;7;2
1506.0;4;11;3;9;51;15;6;9;2
1512.0;4;11;4;9;50;15;6;9;2
1518.0;5;10;4;10;50;13;6;9;3
1524.0;6;10;6;10;49;12;6;8;3
1530.0;5;7;6;9;49;13;6;10;5
1536.0;4;7;6;9;50;12;6;11;5
1542.0;1;7;6;10;51;13;8;10;4
1548.0;1;8;5;10;51;11;9;11;4
1554.0;1;8;7;10;52;11;7;10;4
1560.0;2;8;7;9;52;11;7;10;4
1566.0;2;9;7;9;52;11;7;9;4
1572.0;2;10;8;9;50;10;7;9;5
1578.0;2;10;8;8;50;12;6;9;5
1584.0;2;10;8;7;51;13;5;9;5
1590.0;2;10;8;7;52;12;6;9;4
1596.0;2;10;7;7;51;13;7;10;3
1602.0;2;10;5;8;52;13;6;10;4
1608.0;2;10;7;8;52;11;5;9;6
1614.0;2;10;6;8;51;11;6;10;6
1620.0;2;10;6;7;51;12;6;11;5
1626.0;2;10;7;5;51;13;6;11;5
1632.0;2;10;7;5;52;14;6;10;4
1638.0;3;9;7;5;52;14;7;9;4
1644.0;1;10;7;5;52;14;8;9;4
1650.0;1;10;7;5;52;13;8;10;4
1656.0;1;10;8;4;52;12;9;9;5
1662.0;2;11;6;7;50;12;7;10;5
1668.0;2;12;6;7;50;12;7;8;6
1674.0;1;11;6;8;51;12;8;7;6
1680.0;2;13;4;8;50;14;7;8;4
1686.0;2;13;3;8;50;13;7;9;5
1692.0;5;14;3;8;47;13;6;9;5
1698.0;5;14;4;9;46;13;5;9;5
1704.0;5;13;4;9;48;12;6;9;4
1710.0;5;14;5;11;45;11;7;8;4
1716.0;6;14;6;9;45;11;6;8;5
1722.0;5;13;7;10;46;12;5;7;5
1728.0;5;12;7;9;46;14;5;7;5
1734.0;5;12;7;9;46;14;5;7;5
1740.0;5;12;6;9;46;14;6;7;5
1746.0;5;11;7;9;47;14;7;6;4
1752.0;5;11;6;9;49;14;8;4;4
1758.0;5;11;7;9;49;13;6;5;5
1764.0;3;10;7;10;49;13;5;8;5
1770.0;3;10;7;10;48;15;4;8;5
1776.0;3;12;6;10;45;16;4;9;5
1782.0;4;12;5;10;45;17;3;10;4
1788.0;1;12;5;11;44;19;2;11;5
1794.0;2;11;4;12;45;19;2;11;4
