#auto generated file!
12.0;39;36;33;41;41;34;44;42;40
18.0;37;35;32;41;41;35;41;46;42
24.0;33;38;35;45;41;34;40;45;39
30.0;26;42;34;43;40;37;36;48;44
36.0;31;43;33;47;42;34;32;47;41
42.0;30;41;35;46;42;34;35;47;40
48.0;31;39;36;49;44;33;35;45;38
54.0;28;39;34;51;45;35;37;47;34
60.0;28;38;35;53;50;38;32;45;31
66.0;27;43;34;51;51;36;32;47;29
72.0;25;45;31;50;54;38;32;49;26
78.0;26;46;32;48;56;38;31;47;26
84.0;26;48;29;49;62;39;28;43;26
90.0;23;46;29;50;62;41;30;44;25
96.0;22;45;28;47;66;44;28;42;28
102.0;19;45;33;47;66;44;27;43;26
108.0;16;46;31;47;71;43;24;46;26
114.0;17;45;31;49;72;42;24;46;24
120.0;17;43;30;49;73;40;27;46;25
126.0;17;42;32;47;73;42;26;46;25
132.0;15;44;31;45;75;42;27;48;23
138.0;15;37;32;43;76;44;27;52;24
144.0;18;38;31;44;76;45;25;50;23
150.0;19;38;28;45;78;45;25;51;21
156.0;18;37;30;47;80;46;23;49;20
162.0;19;39;30;47;80;44;24;48;19
168.0;18;40;29;43;84;43;26;46;21
174.0;19;38;27;44;84;42;26;47;23
180.0;18;39;27;43;84;41;27;48;23
186.0;22;39;26;44;86;38;26;46;23
192.0;23;40;23;44;87;37;24;49;23
198.0;23;36;20;45;88;38;24;49;27
204.0;19;34;25;45;89;34;29;49;26
210.0;23;38;24;43;90;35;25;50;22
216.0;23;37;23;42;93;34;23;48;27
222.0;23;36;24;44;95;30;22;47;29
228.0;22;39;23;42;95;29;25;45;30
234.0;22;39;26;40;97;28;27;45;26
240.0;24;36;25;40;98;30;25;48;24
246.0;23;36;25;41;98;31;27;47;22
252.0;26;37;24;37;95;31;26;47;27
258.0;27;37;27;37;95;30;23;48;26
264.0;25;40;27;38;95;29;24;45;27
270.0;25;37;26;40;98;30;22;45;27
276.0;24;37;27;42;98;30;22;45;25
282.0;29;35;25;41;98;28;25;44;25
288.0;29;36;23;45;100;30;24;39;24
294.0;28;35;23;48;102;31;21;40;22
300.0;29;35;23;51;102;30;19;39;22
306.0;30;33;21;52;102;31;19;38;24
312.0;28;35;20;52;102;30;20;40;23
318.0;31;38;16;47;105;33;17;40;23
324.0;31;37;15;45;105;34;19;42;22
330.0;29;35;18;40;106;38;19;42;23
336.0;30;32;19;39;106;38;19;43;24
342.0;29;32;20;37;110;38;21;42;21
348.0;25;37;19;37;109;37;22;44;20
354.0;25;37;18;38;109;37;22;44;20
360.0;27;39;17;35;111;36;23;40;22
366.0;26;39;21;34;114;37;20;38;21
372.0;22;36;21;33;113;35;26;40;24
378.0;23;34;22;34;114;33;22;41;27
384.0;24;36;17;33;113;37;23;43;24
390.0;23;35;17;30;115;40;22;43;25
396.0;22;35;21;30;117;40;22;42;21
402.0;20;32;19;30;116;43;23;45;22
408.0;21;31;18;30;117;43;24;45;21
414.0;22;33;18;30;118;42;24;45;18
420.0;23;33;19;30;116;42;25;42;20
426.0;25;30;18;31;116;45;23;42;20
432.0;22;26;17;35;119;47;23;46;15
438.0;20;25;17;36;118;49;24;47;14
444.0;20;25;16;35;119;50;21;49;15
450.0;18;25;16;35;119;52;23;46;16
456.0;21;27;16;36;117;55;19;44;15
462.0;20;28;15;36;120;54;18;44;15
468.0;20;32;14;35;123;52;19;43;12
474.0;19;32;16;35;124;49;20;42;13
480.0;16;32;18;37;126;48;18;44;11
486.0;16;31;18;37;125;46;21;44;12
492.0;15;32;16;37;125;45;23;45;12
498.0;15;33;15;38;126;43;23;44;13
504.0;15;33;12;39;126;42;23;44;16
510.0;14;30;12;41;129;43;22;44;15
516.0;11;29;11;42;131;46;20;47;13
522.0;11;29;10;44;130;45;20;47;14
528.0;11;29;9;43;132;44;21;47;14
534.0;11;29;8;39;135;45;22;47;14
540.0;11;29;12;38;133;43;23;43;18
546.0;11;30;13;36;133;43;23;44;17
552.0;10;29;13;36;135;43;25;42;17
558.0;10;27;14;38;137;43;23;39;19
564.0;11;28;15;39;135;42;22;41;17
570.0;10;27;14;38;136;42;21;42;20
576.0;13;28;16;33;135;43;21;41;20
582.0;13;30;16;31;134;44;22;40;20
588.0;12;31;19;27;134;44;22;41;20
594.0;14;31;20;26;133;41;21;43;21
600.0;16;32;19;29;132;40;21;40;21
606.0;14;30;19;32;133;41;22;42;17
612.0;15;29;20;33;132;41;19;42;19
618.0;20;27;19;33;134;37;19;41;20
624.0;18;29;20;33;139;35;16;42;18
630.0;17;29;22;31;140;32;19;41;19
636.0;17;28;23;32;142;30;19;40;19
642.0;16;27;26;33;143;30;19;39;17
648.0;16;27;27;35;142;31;16;40;16
654.0;16;26;26;35;145;29;16;41;16
660.0;14;28;26;35;146;31;16;39;15
666.0;13;29;24;35;144;32;17;42;14
672.0;13;27;22;36;145;34;19;41;13
678.0;14;27;18;35;144;35;20;45;12
684.0;12;26;16;34;147;37;20;45;13
690.0;13;26;17;32;147;35;20;46;14
696.0;12;25;18;35;147;36;21;41;15
702.0;12;26;15;34;149;36;22;40;16
708.0;13;24;14;35;149;37;20;39;19
714.0;13;24;12;38;150;35;21;43;14
720.0;14;25;13;38;151;32;20;43;14
726.0;15;25;13;36;151;35;18;44;13
732.0;13;27;15;38;151;34;14;42;16
738.0;20;26;15;37;152;33;13;38;16
744.0;20;26;15;38;151;37;13;36;14
750.0;22;28;12;37;155;38;13;35;10
756.0;20;26;10;39;156;38;15;37;9
762.0;16;32;9;40;156;37;13;36;11
768.0;15;32;9;40;158;36;16;33;11
774.0;14;31;10;39;159;37;16;30;14
780.0;14;31;8;39;156;40;19;30;13
786.0;15;30;8;35;157;40;20;31;14
792.0;16;30;9;36;154;43;18;29;15
798.0;15;27;9;35;156;41;17;30;20
804.0;13;31;9;33;156;41;20;29;18
810.0;12;32;12;34;158;39;17;29;17
816.0;13;33;13;32;158;40;17;29;15
822.0;13;33;16;32;157;37;17;29;16
828.0;12;34;16;33;159;37;15;29;15
834.0;10;31;18;34;162;38;13;32;12
840.0;12;29;19;34;160;36;13;34;13
846.0;14;31;19;34;159;35;10;34;14
852.0;15;32;15;34;158;37;8;36;15
858.0;13;33;16;37;157;35;10;32;17
864.0;14;35;17;36;152;36;11;33;16
870.0;14;35;17;34;149;35;12;36;18
876.0;18;31;14;33;149;38;12;36;19
882.0;18;33;15;34;147;39;10;36;18
888.0;19;29;18;34;146;38;10;39;17
894.0;19;30;17;34;145;38;12;37;18
900.0;15;29;18;33;147;38;12;37;21
906.0;14;29;18;34;145;37;17;36;20
912.0;15;31;18;33;148;36;14;33;22
918.0;15;31;19;32;148;36;17;31;21
924.0;16;35;19;30;150;35;16;31;18
930.0;19;34;21;30;152;33;15;30;16
936.0;18;31;23;28;153;32;16;31;18
942.0;16;32;24;28;153;31;14;32;20
948.0;17;32;24;28;153;31;14;30;21
954.0;19;30;26;28;154;31;14;27;21
960.0;21;30;22;31;154;31;13;29;19
966.0;17;28;24;31;154;29;15;32;20
972.0;17;25;23;30;154;33;15;35;18
978.0;15;26;24;29;152;34;16;36;18
984.0;15;27;21;33;154;34;14;34;18
990.0;19;31;21;33;152;34;13;31;16
996.0;17;33;20;32;154;35;11;30;18
1002.0;15;36;19;33;153;35;13;28;18
1008.0;14;36;20;35;154;35;12;29;15
1014.0;12;37;20;32;157;34;12;30;16
1020.0;12;38;21;31;156;32;13;30;17
1026.0;13;39;20;31;156;31;13;31;16
1032.0;15;38;19;32;156;31;15;30;14
1038.0;13;39;19;34;154;32;14;27;18
1044.0;14;38;21;34;154;31;16;26;16
1050.0;17;35;21;35;155;29;15;27;16
1056.0;19;35;20;33;155;30;14;28;16
1062.0;21;33;19;34;156;29;16;24;18
1068.0;20;31;16;35;160;30;16;24;18
1074.0;21;29;12;36;159;32;18;26;17
1080.0;20;28;13;36;159;35;17;25;17
1086.0;16;30;13;37;159;35;17;27;16
1092.0;16;30;13;37;158;37;13;30;16
1098.0;16;31;15;36;155;36;12;30;19
1104.0;15;31;13;37;153;37;12;31;21
1110.0;13;32;15;39;150;36;11;32;22
1116.0;16;34;12;36;150;37;13;32;20
1122.0;13;35;14;37;150;37;12;35;17
1128.0;12;35;13;37;149;37;12;36;19
1134.0;14;33;14;37;153;37;13;35;14
1140.0;13;34;16;36;153;36;14;34;14
1146.0;12;35;17;35;154;35;14;33;15
1152.0;13;37;17;33;156;33;13;33;15
1158.0;14;39;18;32;157;35;9;31;15
1164.0;14;40;17;32;157;36;8;31;15
1170.0;16;35;17;31;155;38;9;32;17
1176.0;13;34;17;32;157;37;9;32;19
1182.0;11;34;15;32;159;39;12;32;16
1188.0;13;33;16;29;160;42;9;31;17
1194.0;12;33;15;30;162;39;10;31;18
1200.0;12;32;16;31;162;36;10;34;17
1206.0;12;32;16;31;163;35;9;35;17
1212.0;12;32;15;31;163;34;9;36;18
1218.0;10;31;13;34;164;33;10;37;18
1224.0;9;34;11;33;161;33;9;38;22
1230.0;13;32;10;35;160;34;12;37;17
1236.0;14;29;12;39;160;35;12;34;15
1242.0;12;27;14;37;157;37;14;36;16
1248.0;17;26;12;36;157;36;14;35;17
1254.0;16;26;14;34;157;37;14;37;15
1260.0;17;28;12;32;158;39;14;32;18
1266.0;18;29;7;31;156;38;16;34;21
1272.0;15;28;7;30;157;39;16;35;23
1278.0;15;28;7;31;158;38;16;34;23
1284.0;16;30;7;31;158;39;16;34;19
1290.0;15;30;5;28;157;43;16;35;21
1296.0;13;29;4;29;157;43;17;36;22
1302.0;14;32;6;28;155;39;19;35;22
1308.0;15;30;11;27;152;38;21;35;21
1314.0;16;30;13;29;153;35;20;36;18
1320.0;19;31;15;28;155;37;15;33;17
1326.0;18;33;14;30;154;34;17;32;18
1332.0;17;32;15;31;155;35;18;33;14
1338.0;16;31;16;34;153;34;20;32;14
1344.0;15;30;16;36;153;35;18;32;15
1350.0;15;33;18;34;153;32;18;33;14
1356.0;16;34;16;32;152;33;15;34;18
1362.0;15;34;17;33;152;29;14;36;20
1368.0;15;35;18;32;153;27;16;35;19
1374.0;16;33;19;32;153;27;16;34;20
1380.0;18;32;20;31;156;28;14;33;18
1386.0;17;34;20;30;154;31;14;30;20
1392.0;17;36;21;31;155;33;13;26;18
1398.0;18;36;22;30;154;33;13;26;18
1404.0;20;37;22;30;155;28;16;27;15
1410.0;18;38;22;32;154;29;17;27;13
1416.0;17;38;22;33;156;30;18;24;12
1422.0;17;37;23;29;156;30;19;26;13
1428.0;14;38;24;28;156;30;16;31;13
1434.0;15;35;25;30;155;28;17;31;14
1440.0;18;34;24;32;155;30;16;29;12
1446.0;19;34;24;34;155;32;15;26;11
1452.0;18;34;23;33;153;32;17;27;13
1458.0;16;35;22;33;151;33;16;30;14
1464.0;17;35;22;32;151;30;17;30;16
1470.0;19;38;21;32;146;26;19;30;19
1476.0;19;41;22;31;144;26;18;29;20
1482.0;20;38;21;32;145;26;18;31;19
1488.0;19;36;24;32;144;27;19;32;17
1494.0;18;33;22;32;146;28;18;33;20
1500.0;16;32;22;31;148;30;17;31;23
1506.0;16;34;22;29;149;31;17;31;21
1512.0;14;33;21;30;152;29;15;35;21
1518.0;15;29;16;32;157;28;15;35;23
1524.0;15;30;16;31;157;31;15;36;19
1530.0;17;32;14;32;158;31;14;34;18
1536.0;18;31;12;30;160;31;16;34;18
1542.0;18;32;12;26;162;29;16;34;21
1548.0;18;31;14;26;159;30;16;36;20
1554.0;17;29;15;26;159;30;17;37;20
1560.0;16;32;16;26;157;29;18;38;18
1566.0;16;35;11;25;157;28;18;39;21
1572.0;14;36;13;26;157;28;19;40;17
1578.0;14;38;15;27;156;28;21;36;15
1584.0;14;39;17;28;153;25;21;35;18
1590.0;11;37;18;29;154;25;20;37;19
1596.0;12;37;15;32;153;26;20;36;19
1602.0;16;38;15;33;150;25;21;35;17
1608.0;16;37;15;33;151;25;19;35;19
1614.0;12;39;13;35;153;26;22;32;18
1620.0;13;40;10;33;153;27;22;35;17
1626.0;14;40;11;32;153;27;20;35;18
1632.0;16;39;12;34;154;27;17;35;16
1638.0;15;40;13;36;154;26;18;32;16
1644.0;16;41;15;35;152;28;17;30;16
1650.0;17;42;16;39;150;26;18;29;13
1656.0;17;44;13;37;147;26;20;33;13
1662.0;17;40;15;36;148;28;18;33;15
1668.0;18;43;15;37;145;30;16;32;14
1674.0;21;40;15;38;146;29;16;32;13
1680.0;19;39;13;39;142;34;18;34;12
1686.0;19;39;13;40;143;33;18;33;12
1692.0;20;40;17;39;141;30;18;33;12
1698.0;19;41;19;36;140;29;18;35;13
1704.0;21;41;21;33;140;30;16;33;15
1710.0;21;39;22;33;137;29;23;32;14
1716.0;22;40;22;35;139;26;21;33;12
1722.0;22;41;23;36;140;25;17;35;11
1728.0;21;40;26;36;141;25;14;35;12
1734.0;20;42;25;37;141;23;11;38;13
1740.0;18;43;24;33;141;24;9;43;15
1746.0;18;40;24;32;142;25;12;40;17
1752.0;19;42;24;30;142;23;13;39;18
1758.0;20;43;25;28;143;24;12;37;18
1764.0;20;42;24;27;146;22;14;36;19
1770.0;17;42;23;29;150;24;14;33;18
1776.0;16;42;25;30;151;22;14;32;18
1782.0;17;44;24;28;148;24;12;35;18
1788.0;18;45;25;27;146;25;13;32;19
1794.0;21;49;25;27;145;24;12;30;17
