#auto generated file!
12.0;10;8;17;5;9;15;8;18;10
18.0;11;8;18;6;9;15;8;16;9
24.0;9;9;18;5;10;14;9;18;8
30.0;8;11;15;7;12;15;7;18;7
36.0;7;12;15;8;12;14;7;17;8
42.0;8;11;15;9;12;13;7;15;10
48.0;9;11;14;8;14;13;7;14;10
54.0;10;11;14;7;14;12;9;13;10
60.0;10;11;13;6;16;11;11;14;8
66.0;10;10;10;6;18;13;11;14;8
72.0;10;11;10;5;19;13;9;14;9
78.0;10;10;10;6;20;12;9;16;7
84.0;12;10;9;7;22;11;10;13;6
90.0;13;9;8;7;23;11;10;13;6
96.0;13;9;8;9;23;10;10;12;6
102.0;13;10;7;9;23;10;11;12;5
108.0;13;10;8;9;24;12;11;10;3
114.0;12;9;7;9;25;14;9;11;4
120.0;12;9;5;8;26;14;10;12;4
126.0;12;10;5;9;28;13;8;11;4
132.0;11;10;4;9;28;14;8;12;4
138.0;12;8;5;10;28;14;7;12;4
144.0;11;9;7;10;29;13;5;12;4
150.0;11;10;7;10;29;12;4;12;5
156.0;11;9;7;9;31;11;4;12;6
162.0;11;9;7;10;31;12;5;10;5
168.0;11;8;7;10;31;14;5;9;5
174.0;11;8;7;10;31;13;5;10;5
180.0;10;9;6;12;32;13;3;9;6
186.0;11;9;4;12;33;14;2;8;7
192.0;11;9;3;12;33;14;2;8;8
198.0;11;9;2;12;33;14;2;8;9
204.0;11;9;3;11;33;13;1;8;11
210.0;11;8;3;10;33;13;1;9;12
216.0;11;10;2;9;33;13;1;9;12
222.0;12;10;2;7;34;13;2;9;11
228.0;13;11;2;8;34;12;1;9;10
234.0;12;11;2;6;34;12;1;10;12
240.0;13;13;2;5;33;12;2;8;12
246.0;13;13;2;5;34;12;2;8;11
252.0;13;15;2;6;34;12;2;6;10
258.0;12;14;4;6;35;11;2;7;9
264.0;11;15;4;6;36;11;2;6;9
270.0;10;16;4;6;36;10;1;8;9
276.0;9;16;4;5;36;11;2;9;8
282.0;7;18;4;7;36;10;2;9;7
288.0;7;18;3;7;35;10;3;8;9
294.0;7;16;2;7;36;11;3;8;10
300.0;7;16;2;5;35;12;4;9;10
306.0;8;16;2;5;35;12;4;8;10
312.0;8;15;3;5;34;11;5;10;9
318.0;8;14;2;5;35;12;6;10;8
324.0;8;14;2;4;37;11;6;9;9
330.0;8;13;1;4;38;11;6;10;9
336.0;11;13;1;7;39;8;6;8;7
342.0;10;14;3;8;39;8;4;8;6
348.0;10;14;3;9;40;7;4;8;5
354.0;10;13;5;10;38;7;5;8;4
360.0;10;12;5;10;38;7;5;9;4
366.0;10;10;5;8;39;9;5;9;5
372.0;10;11;3;8;39;11;5;9;4
378.0;9;11;4;9;40;11;5;8;3
384.0;9;12;4;10;39;10;4;9;3
390.0;8;12;2;11;39;12;3;10;3
396.0;9;11;3;10;39;11;3;11;3
402.0;9;11;4;9;39;10;4;11;3
408.0;8;11;2;10;39;12;3;11;4
414.0;9;11;1;10;39;12;3;11;4
420.0;7;11;1;11;39;10;5;12;4
426.0;7;9;2;13;40;10;4;10;5
432.0;6;10;2;13;42;9;3;10;5
438.0;6;10;2;12;43;10;3;9;5
444.0;5;9;2;11;43;10;3;10;7
450.0;4;10;3;11;42;10;3;9;8
456.0;4;10;4;11;42;9;3;9;8
462.0;4;10;4;11;42;9;4;9;7
468.0;4;10;4;10;42;10;4;9;7
474.0;4;11;3;9;43;10;5;8;7
480.0;5;11;3;10;42;10;6;7;6
486.0;5;11;3;10;42;10;6;7;6
492.0;4;10;2;12;42;11;5;7;7
498.0;4;10;2;12;42;11;6;7;6
504.0;6;10;1;12;40;11;7;8;5
510.0;6;10;1;11;41;11;5;8;7
516.0;6;10;1;12;41;10;6;8;6
522.0;3;10;1;14;41;11;6;8;6
528.0;3;11;2;14;41;11;7;7;4
534.0;3;11;2;14;42;11;5;8;4
540.0;2;9;2;11;44;12;8;8;4
546.0;2;8;2;11;45;13;8;7;4
552.0;2;11;2;11;45;12;7;6;4
558.0;2;10;3;12;44;13;6;6;4
564.0;2;13;4;12;44;12;6;3;4
570.0;2;12;4;12;47;12;5;3;3
576.0;2;15;4;12;47;11;4;3;2
582.0;4;15;4;12;47;10;3;3;2
588.0;3;15;5;13;48;9;2;4;1
594.0;4;15;4;12;48;9;2;4;2
600.0;3;12;4;13;49;10;2;5;2
606.0;4;12;4;13;48;10;2;5;2
612.0;3;12;4;13;49;9;3;5;2
618.0;4;13;3;13;49;8;4;4;2
624.0;4;13;3;15;49;6;4;4;2
630.0;5;13;4;12;45;10;6;5;0
636.0;6;13;4;11;44;10;6;6;0
642.0;6;13;4;10;46;10;5;6;0
648.0;7;11;4;11;48;9;4;6;0
654.0;7;11;3;12;48;9;4;6;0
660.0;6;9;3;12;48;10;5;6;1
666.0;5;9;3;12;48;10;6;5;2
672.0;6;9;2;12;48;10;5;5;3
678.0;6;10;2;11;47;11;4;6;3
684.0;7;9;1;11;47;11;5;6;3
690.0;7;9;1;11;46;11;5;6;4
696.0;6;9;1;12;46;11;6;5;4
702.0;6;9;1;12;47;12;6;5;2
708.0;6;10;1;11;47;12;6;5;2
714.0;6;11;2;11;46;12;5;4;3
720.0;6;11;2;9;48;10;5;5;4
726.0;6;11;3;9;48;10;5;5;3
732.0;6;11;2;10;48;10;5;5;3
738.0;5;11;2;11;48;10;5;5;3
744.0;5;11;2;11;48;9;6;5;3
750.0;4;11;3;11;49;9;6;6;1
756.0;3;10;4;10;50;9;7;6;1
762.0;4;11;4;10;48;9;7;6;1
768.0;4;11;4;9;47;9;6;8;2
774.0;3;10;5;9;46;9;7;7;4
780.0;2;10;6;8;46;10;7;8;3
786.0;2;10;7;8;45;10;8;7;3
792.0;3;11;7;8;44;10;6;7;4
798.0;4;11;6;8;44;11;6;7;3
804.0;3;12;6;7;44;11;7;8;2
810.0;3;11;5;7;44;11;7;10;2
816.0;3;11;4;7;44;11;6;12;2
822.0;3;11;5;6;44;11;5;13;2
828.0;2;11;5;6;44;12;4;13;3
834.0;2;13;5;5;44;10;3;14;4
840.0;1;13;4;5;44;13;3;13;4
846.0;1;11;5;4;45;13;3;13;5
852.0;2;8;5;4;46;12;2;14;7
858.0;1;7;5;7;46;12;2;14;6
864.0;2;8;6;7;46;10;2;13;6
870.0;2;8;5;7;47;11;1;13;6
876.0;3;8;5;6;46;10;2;13;7
882.0;3;8;5;6;46;10;2;12;8
888.0;4;9;6;7;42;11;2;12;7
894.0;3;9;7;7;42;11;2;12;7
900.0;2;9;7;6;42;11;3;13;7
906.0;4;9;7;6;42;11;2;13;6
912.0;4;8;5;6;42;12;2;13;8
918.0;4;7;7;6;43;9;3;13;8
924.0;3;8;6;7;43;9;3;14;7
930.0;3;8;5;8;43;10;4;11;8
936.0;3;7;5;9;43;10;3;12;8
942.0;3;8;5;9;43;10;3;12;7
948.0;5;7;5;10;42;10;2;13;6
954.0;6;7;3;10;43;11;2;13;5
960.0;6;7;3;10;42;11;3;13;5
966.0;6;6;3;10;42;10;3;14;6
972.0;6;6;3;9;43;9;4;14;6
978.0;6;7;3;8;45;9;3;14;5
984.0;6;6;2;7;44;9;4;16;6
990.0;4;7;3;7;44;9;5;15;6
996.0;3;6;2;7;45;8;7;17;5
1002.0;4;6;1;6;46;8;7;17;5
1008.0;4;8;1;6;45;8;8;16;4
1014.0;4;7;1;6;43;8;9;17;5
1020.0;4;6;2;7;44;9;7;16;5
1026.0;2;6;2;10;42;8;7;17;6
1032.0;1;6;4;10;43;7;7;17;5
1038.0;1;7;3;11;44;7;7;16;4
1044.0;2;7;3;11;44;7;7;15;4
1050.0;2;8;1;12;44;7;8;15;3
1056.0;2;6;2;12;45;7;7;15;4
1062.0;3;7;2;12;43;7;7;15;4
1068.0;3;7;2;12;43;7;7;15;4
1074.0;1;8;1;13;43;7;7;15;5
1080.0;0;8;2;13;43;8;6;16;4
1086.0;0;9;2;13;42;7;7;16;4
1092.0;0;8;2;13;42;7;7;16;5
1098.0;0;7;2;12;43;7;6;18;5
1104.0;1;7;2;11;44;8;4;18;5
1110.0;2;7;2;10;44;8;5;18;4
1116.0;1;7;3;9;45;8;4;18;5
1122.0;1;9;3;9;45;8;5;15;5
1128.0;1;8;3;9;46;7;5;16;5
1134.0;1;6;4;10;46;7;5;16;5
1140.0;1;6;5;9;46;7;5;16;5
1146.0;3;6;3;8;49;6;5;15;5
1152.0;3;6;5;7;49;6;5;13;6
1158.0;3;6;5;6;49;7;5;13;6
1164.0;3;7;5;6;49;7;4;13;6
1170.0;3;6;7;6;49;8;4;13;4
1176.0;3;7;7;6;48;8;4;13;4
1182.0;4;7;6;6;48;8;4;12;5
1188.0;4;7;5;6;48;8;5;11;6
1194.0;3;8;4;4;47;8;8;11;7
1200.0;3;8;4;4;45;9;8;11;8
1206.0;2;10;3;4;46;8;9;11;7
1212.0;2;10;3;5;45;8;8;13;6
1218.0;2;11;4;6;44;8;6;12;7
1224.0;1;11;3;7;44;10;6;12;6
1230.0;2;11;3;8;44;7;6;13;6
1236.0;1;11;2;9;42;8;7;14;6
1242.0;1;10;3;8;42;8;6;15;7
1248.0;1;11;3;8;42;6;5;17;7
1254.0;1;10;5;9;42;6;6;15;6
1260.0;1;9;4;9;43;8;6;14;6
1266.0;2;10;4;9;40;8;6;14;7
1272.0;2;10;4;9;40;8;6;14;7
1278.0;1;8;5;10;40;7;8;14;7
1284.0;0;8;6;11;40;6;9;14;6
1290.0;1;8;4;13;40;8;9;16;1
1296.0;1;9;3;14;37;8;10;17;1
1302.0;1;9;3;14;37;8;10;17;1
1308.0;3;8;3;15;37;8;11;15;0
1314.0;2;9;2;18;38;5;11;15;0
1320.0;3;9;3;15;37;6;10;16;1
1326.0;3;9;2;15;37;7;11;13;3
1332.0;2;9;4;15;37;8;10;12;3
1338.0;2;7;5;15;36;8;11;13;3
1344.0;2;7;8;13;37;6;14;10;3
1350.0;1;7;8;12;38;7;14;10;3
1356.0;2;7;9;12;38;6;13;11;2
1362.0;0;7;9;13;39;6;14;10;2
1368.0;1;7;7;12;39;6;15;10;3
1374.0;2;6;7;11;38;4;16;12;4
1380.0;2;6;9;11;38;5;12;13;4
1386.0;2;7;8;10;40;5;10;13;5
1392.0;2;9;6;11;40;6;8;13;5
1398.0;2;8;6;11;40;7;7;15;4
1404.0;2;8;6;13;40;6;7;15;3
1410.0;4;7;5;14;38;5;6;15;6
1416.0;4;7;5;12;38;8;6;14;6
1422.0;4;8;4;13;38;8;7;13;5
1428.0;5;8;3;13;37;9;7;13;5
1434.0;4;8;4;15;39;9;6;12;3
1440.0;4;10;4;15;39;9;5;11;3
1446.0;4;11;4;16;39;6;4;13;3
1452.0;6;9;7;16;38;6;3;12;3
1458.0;5;10;8;15;38;6;4;12;2
1464.0;4;9;8;14;38;6;6;12;3
1470.0;3;8;8;15;38;5;6;14;3
1476.0;3;7;10;14;40;5;5;14;2
1482.0;4;6;10;14;40;6;4;13;3
1488.0;4;7;10;13;40;6;4;14;2
1494.0;5;7;9;14;41;6;3;12;3
1500.0;6;7;10;13;40;5;3;13;3
1506.0;7;8;10;12;39;6;3;12;3
1512.0;5;6;13;12;40;6;4;9;5
1518.0;5;6;13;13;40;5;4;9;5
1524.0;5;6;13;15;40;3;5;7;6
1530.0;7;7;12;15;38;5;4;7;5
1536.0;8;6;10;17;38;6;5;7;3
1542.0;8;7;12;15;38;6;5;7;2
1548.0;9;7;11;16;38;8;3;6;2
1554.0;8;7;9;14;39;8;3;8;4
1560.0;6;7;8;15;38;11;3;7;5
1566.0;6;8;8;14;38;12;3;8;3
1572.0;5;10;8;10;41;12;2;9;3
1578.0;5;10;9;9;41;13;2;9;2
1584.0;5;10;9;9;41;12;2;9;3
1590.0;5;12;9;9;41;11;1;9;3
1596.0;4;12;9;9;40;12;0;9;5
1602.0;2;12;11;9;41;12;0;9;4
1608.0;2;13;9;9;41;11;1;11;3
1614.0;3;13;8;9;41;11;1;10;4
1620.0;4;13;6;9;42;11;1;10;4
1626.0;4;14;6;9;43;10;1;9;4
1632.0;4;13;5;10;43;10;2;9;4
1638.0;6;13;5;10;43;10;1;9;3
1644.0;6;13;5;10;44;10;1;7;4
1650.0;7;11;4;9;47;10;0;7;5
1656.0;7;11;4;10;47;10;0;7;4
1662.0;8;9;4;10;45;11;0;10;3
1668.0;8;9;4;10;45;11;0;10;3
1674.0;5;9;4;11;45;11;0;12;3
1680.0;5;8;4;12;46;11;0;12;2
1686.0;4;8;4;11;46;12;0;13;2
1692.0;3;6;3;11;47;12;1;14;3
1698.0;4;6;3;10;49;10;1;14;3
1704.0;5;4;5;9;50;9;2;13;3
1710.0;7;4;5;8;50;9;3;12;2
1716.0;5;6;5;8;51;9;4;11;1
1722.0;6;6;6;6;51;8;5;12;0
1728.0;5;6;6;7;51;9;6;10;0
1734.0;5;5;6;7;50;10;7;10;0
1740.0;6;6;6;6;49;9;7;10;1
1746.0;5;6;6;6;49;9;7;11;1
1752.0;4;7;5;6;50;9;6;13;0
1758.0;4;8;6;6;49;8;6;13;0
1764.0;3;8;7;6;49;9;5;13;0
1770.0;3;7;5;6;51;9;5;14;0
1776.0;2;6;5;7;52;9;5;13;1
1782.0;2;6;3;10;51;10;5;12;1
1788.0;3;5;3;9;51;11;6;12;0
1794.0;2;5;2;9;50;13;7;11;1
