#auto generated file!
12.0;15;23;14;10;24;10;24;14;16
18.0;15;23;13;12;24;11;22;16;14
24.0;14;22;14;12;23;13;20;16;16
30.0;14;18;12;15;24;14;21;18;14
36.0;15;16;10;17;25;15;20;19;13
42.0;14;16;10;16;26;14;21;21;12
48.0;14;17;12;18;25;14;19;21;10
54.0;14;19;12;15;27;14;18;22;9
60.0;14;18;11;15;28;14;18;22;10
66.0;12;18;13;17;29;12;16;24;9
72.0;12;18;14;16;31;12;16;21;10
78.0;10;17;15;16;32;14;16;21;9
84.0;10;17;16;15;33;15;15;19;10
90.0;10;18;15;15;34;15;14;19;10
96.0;10;17;15;15;35;15;15;19;9
102.0;10;16;14;16;36;14;16;19;9
108.0;10;17;13;16;37;13;17;19;8
114.0;12;16;14;16;37;12;18;17;8
120.0;12;17;14;15;38;11;18;16;9
126.0;13;16;14;15;39;11;17;16;9
132.0;16;18;12;16;38;10;18;13;9
138.0;16;16;10;18;39;9;19;15;8
144.0;15;18;9;17;40;9;16;16;10
150.0;11;16;9;16;43;10;17;18;10
156.0;9;18;8;15;43;9;17;21;10
162.0;9;18;9;15;42;9;16;22;10
168.0;10;19;10;15;43;9;14;21;9
174.0;9;19;10;15;44;11;13;20;9
180.0;8;18;11;17;45;10;12;20;9
186.0;10;17;10;18;45;10;12;23;5
192.0;10;16;9;19;46;13;12;19;6
198.0;10;16;9;20;47;12;11;19;6
204.0;8;15;6;20;49;13;12;20;7
210.0;9;14;6;17;51;13;12;21;7
216.0;9;15;8;17;50;14;11;19;7
222.0;9;16;9;16;49;14;10;20;7
228.0;9;17;10;15;48;13;11;19;8
234.0;10;17;10;16;49;14;9;17;8
240.0;10;17;7;17;49;15;9;18;8
246.0;8;19;7;19;50;14;8;17;8
252.0;8;17;8;18;52;15;8;15;9
258.0;6;19;8;19;52;15;8;14;9
264.0;5;21;8;21;51;15;6;15;8
270.0;5;20;9;21;51;15;6;16;7
276.0;4;21;9;20;52;15;6;16;7
282.0;6;20;10;19;51;14;6;17;7
288.0;5;22;9;19;53;13;8;15;6
294.0;4;23;8;19;52;13;9;15;7
300.0;7;23;7;18;53;13;9;12;8
306.0;8;22;6;18;55;12;11;11;7
312.0;8;21;5;16;55;8;13;15;9
318.0;7;21;5;16;54;8;13;16;10
324.0;6;19;6;15;56;9;14;15;10
330.0;5;20;9;16;56;10;11;15;8
336.0;4;21;9;16;55;11;9;14;11
342.0;7;23;9;15;52;10;8;15;11
348.0;8;23;8;16;52;11;6;15;11
354.0;8;23;8;15;54;11;6;15;10
360.0;11;24;7;16;54;10;7;13;8
366.0;10;22;7;16;55;10;7;14;9
372.0;10;20;9;16;55;10;5;15;10
378.0;9;21;8;17;55;10;5;16;9
384.0;10;22;8;16;56;10;4;16;8
390.0;10;22;8;16;54;9;6;18;7
396.0;11;22;7;15;55;10;6;18;6
402.0;11;22;5;16;57;10;6;17;6
408.0;10;20;5;16;58;11;6;16;8
414.0;7;21;6;18;56;10;7;17;8
420.0;6;23;6;17;57;9;7;18;7
426.0;7;22;6;16;59;11;5;16;8
432.0;5;22;7;17;58;13;4;17;7
438.0;5;21;7;17;58;11;4;18;9
444.0;7;21;7;18;57;12;2;18;8
450.0;8;19;6;18;58;11;2;20;8
456.0;9;18;6;17;58;13;3;20;6
462.0;9;18;6;17;58;13;3;20;6
468.0;9;16;6;18;56;15;3;20;7
474.0;8;16;5;20;56;16;3;19;7
480.0;9;17;5;20;58;18;0;17;6
486.0;10;17;5;19;58;19;0;16;6
492.0;8;18;7;17;56;17;4;16;7
498.0;7;18;9;16;55;18;4;16;7
504.0;7;15;11;16;57;18;5;14;7
510.0;7;15;11;16;57;17;4;13;10
516.0;6;14;13;14;56;17;4;16;10
522.0;5;16;12;14;56;16;5;17;9
528.0;7;15;9;15;56;15;6;17;10
534.0;4;16;10;16;53;15;6;19;11
540.0;5;15;10;14;53;15;5;18;15
546.0;5;15;10;14;53;14;6;17;16
552.0;5;13;12;15;52;13;6;18;16
558.0;4;15;12;14;52;13;9;19;12
564.0;4;14;11;15;53;12;10;19;12
570.0;4;13;10;15;56;12;10;19;11
576.0;5;11;10;14;57;14;9;20;10
582.0;9;12;10;14;58;13;6;18;10
588.0;7;12;12;15;57;12;6;18;11
594.0;9;12;12;14;57;13;8;15;10
600.0;9;11;9;14;59;15;9;14;10
606.0;9;12;9;15;60;14;7;14;10
612.0;9;12;7;16;60;15;6;14;11
618.0;9;12;5;15;62;15;6;17;9
624.0;11;12;4;14;62;15;6;17;9
630.0;9;12;3;14;62;15;6;17;12
636.0;6;13;3;13;64;17;6;16;12
642.0;7;12;3;10;64;18;7;16;13
648.0;9;12;5;9;63;17;8;16;11
654.0;9;13;6;8;63;16;8;16;11
660.0;9;14;6;7;63;17;8;15;11
666.0;7;15;6;7;63;20;6;15;11
672.0;8;15;4;9;65;18;7;15;9
678.0;9;15;5;8;65;18;6;15;9
684.0;9;15;6;6;66;19;6;16;7
690.0;10;13;7;7;65;19;6;17;6
696.0;10;13;7;7;65;19;6;17;6
702.0;11;14;7;6;65;18;5;18;6
708.0;10;16;7;6;66;18;4;16;7
714.0;10;17;7;5;66;21;2;15;7
720.0;11;17;6;5;65;22;4;14;6
726.0;10;17;5;7;65;22;5;14;5
732.0;8;17;4;8;63;21;5;17;7
738.0;8;17;5;9;63;19;6;16;7
744.0;8;16;4;10;62;19;6;16;9
750.0;8;14;4;9;64;19;6;17;9
756.0;9;14;1;9;65;18;7;17;10
762.0;9;15;2;6;64;18;6;18;12
768.0;9;16;3;6;63;17;6;18;12
774.0;7;18;6;5;61;17;7;17;12
780.0;6;18;6;5;65;17;7;15;11
786.0;6;20;7;5;65;16;6;16;9
792.0;6;17;7;7;64;17;7;16;9
798.0;7;17;6;6;67;16;6;16;9
804.0;8;15;8;6;68;17;6;16;6
810.0;8;17;9;4;67;17;6;16;6
816.0;8;19;7;6;66;18;6;15;5
822.0;7;19;5;7;66;18;8;15;5
828.0;7;18;6;7;64;18;9;16;5
834.0;7;18;5;7;65;17;10;16;5
840.0;8;20;3;6;65;17;10;14;7
846.0;9;21;4;7;65;13;10;14;7
852.0;10;22;4;6;65;11;10;15;7
858.0;8;22;5;7;66;11;11;15;5
864.0;8;22;4;7;66;12;11;15;5
870.0;7;20;3;8;68;11;12;15;6
876.0;7;20;3;14;68;10;9;14;5
882.0;6;21;1;14;68;11;9;15;5
888.0;6;22;1;13;68;10;11;14;5
894.0;5;21;1;14;70;9;11;14;5
900.0;4;19;1;16;70;9;11;15;5
906.0;6;18;2;16;71;7;10;16;4
912.0;5;17;2;16;71;7;12;16;4
918.0;5;15;2;16;73;7;11;17;4
924.0;7;13;4;15;72;6;13;17;3
930.0;7;13;4;13;72;6;14;16;5
936.0;6;12;6;15;71;7;12;15;6
942.0;6;12;5;16;72;8;10;15;6
948.0;7;14;5;15;71;8;11;14;5
954.0;6;13;6;13;71;8;11;16;6
960.0;6;13;7;13;70;8;11;16;6
966.0;9;12;6;12;69;9;11;16;6
972.0;8;13;7;15;70;9;7;17;4
978.0;8;12;7;15;70;9;7;17;5
984.0;8;11;6;13;70;11;8;16;7
990.0;8;14;7;10;70;11;6;16;8
996.0;7;14;6;11;70;13;7;13;9
1002.0;8;12;5;11;69;14;7;13;11
1008.0;8;11;5;12;70;14;6;13;11
1014.0;10;12;4;13;70;14;6;12;9
1020.0;10;12;4;12;72;13;6;12;9
1026.0;9;11;4;13;75;12;6;12;8
1032.0;8;9;5;14;75;12;6;13;8
1038.0;7;8;5;13;76;13;7;13;8
1044.0;8;9;7;11;75;13;7;13;7
1050.0;11;10;8;10;73;13;4;14;7
1056.0;10;11;7;10;76;13;4;12;7
1062.0;11;11;7;9;79;11;4;12;6
1068.0;10;13;7;8;79;9;5;12;7
1074.0;10;15;10;8;77;10;4;9;7
1080.0;9;14;10;9;78;10;4;9;7
1086.0;7;13;10;9;78;11;4;11;7
1092.0;7;11;11;9;78;11;4;12;7
1098.0;8;11;9;9;78;11;4;12;8
1104.0;8;11;8;9;77;11;6;13;7
1110.0;8;12;8;8;77;12;6;11;8
1116.0;7;12;11;8;76;13;6;12;5
1122.0;5;12;12;8;78;13;6;11;5
1128.0;4;13;12;9;78;13;6;9;6
1134.0;3;14;12;9;78;14;7;8;5
1140.0;2;14;12;9;78;14;7;9;5
1146.0;5;13;11;9;77;14;7;9;5
1152.0;3;15;9;10;79;14;7;8;5
1158.0;2;14;7;11;80;13;8;9;6
1164.0;2;14;8;10;82;10;7;11;6
1170.0;4;15;8;10;81;10;4;11;7
1176.0;5;14;8;10;81;10;4;11;7
1182.0;7;14;8;10;81;11;2;10;7
1188.0;6;13;9;10;81;11;2;11;7
1194.0;5;14;8;10;81;11;1;10;10
1200.0;5;13;10;12;80;12;2;7;9
1206.0;4;14;9;12;81;13;2;8;7
1212.0;4;14;11;10;82;13;2;8;6
1218.0;4;14;9;12;81;14;2;8;6
1224.0;4;14;9;11;82;14;1;8;7
1230.0;4;15;8;12;83;12;2;7;7
1236.0;5;14;9;9;85;12;2;6;8
1242.0;6;14;9;8;86;12;1;6;8
1248.0;4;15;11;9;85;12;0;6;8
1254.0;4;16;10;9;85;12;1;6;7
1260.0;4;15;9;8;85;12;3;7;7
1266.0;4;15;8;7;85;12;4;8;7
1272.0;4;14;7;8;85;12;5;8;7
1278.0;3;14;7;8;86;12;5;8;7
1284.0;3;15;7;9;87;11;3;8;7
1290.0;4;15;8;9;87;10;3;7;7
1296.0;4;15;7;9;87;10;4;7;7
1302.0;2;14;10;8;89;10;3;8;6
1308.0;2;15;10;9;89;9;2;9;5
1314.0;1;16;11;9;87;10;3;8;5
1320.0;1;15;11;10;86;10;4;8;5
1326.0;2;18;11;9;85;8;4;8;5
1332.0;2;17;11;11;85;8;3;8;5
1338.0;1;17;9;12;87;9;2;8;5
1344.0;2;17;8;12;88;8;1;8;6
1350.0;2;18;9;12;89;8;1;6;5
1356.0;2;19;8;10;90;8;1;6;6
1362.0;2;19;10;10;89;6;2;8;4
1368.0;1;19;11;12;86;8;2;8;3
1374.0;1;20;11;12;84;8;2;9;3
1380.0;2;20;8;11;83;8;4;11;3
1386.0;4;20;7;12;82;8;2;11;4
1392.0;5;19;6;12;82;8;2;10;6
1398.0;5;19;6;12;81;9;2;10;6
1404.0;5;19;5;12;81;9;2;11;6
1410.0;5;19;6;11;81;9;2;13;4
1416.0;4;19;6;11;82;9;2;13;4
1422.0;5;19;6;11;83;8;2;13;3
1428.0;7;18;5;10;83;8;1;14;4
1434.0;7;17;4;12;83;8;2;13;4
1440.0;7;17;2;13;85;7;2;15;2
1446.0;8;19;2;12;83;8;2;14;2
1452.0;8;18;2;12;83;8;3;14;2
1458.0;7;18;2;12;83;8;2;16;2
1464.0;7;17;3;11;83;9;3;15;2
1470.0;7;17;3;9;83;9;4;15;3
1476.0;7;16;2;10;81;8;6;15;5
1482.0;9;16;1;11;80;8;8;13;4
1488.0;10;16;1;11;80;7;9;12;4
1494.0;9;15;2;10;80;7;9;13;5
1500.0;10;14;2;11;78;8;8;14;5
1506.0;10;13;3;11;77;9;8;14;5
1512.0;8;12;4;11;79;9;7;15;5
1518.0;8;13;3;11;79;9;7;13;7
1524.0;7;12;3;15;80;8;5;13;7
1530.0;7;12;3;15;80;9;5;13;6
1536.0;7;13;3;15;80;8;7;12;5
1542.0;8;13;5;14;78;8;7;12;5
1548.0;7;12;6;14;78;8;8;12;5
1554.0;6;12;7;14;78;8;8;12;5
1560.0;7;11;6;15;74;9;10;11;7
1566.0;6;10;8;17;73;9;9;12;6
1572.0;7;12;8;16;72;7;10;13;5
1578.0;8;12;7;15;72;6;10;14;6
1584.0;7;14;6;14;72;6;11;14;6
1590.0;6;13;5;13;71;6;13;15;8
1596.0;6;12;5;13;73;5;12;16;8
1602.0;6;12;5;13;73;6;12;14;9
1608.0;4;11;6;15;72;8;12;14;8
1614.0;5;13;8;13;72;8;10;12;9
1620.0;5;13;6;12;71;9;9;14;11
1626.0;5;14;6;12;71;10;9;14;9
1632.0;6;12;8;13;69;10;8;15;9
1638.0;6;16;8;14;68;10;6;15;7
1644.0;6;15;8;14;69;10;7;15;6
1650.0;7;13;7;15;70;10;6;16;6
1656.0;6;14;9;14;70;10;6;17;4
1662.0;4;17;9;14;71;9;7;15;4
1668.0;3;18;8;11;72;9;9;17;3
1674.0;3;17;8;11;71;10;9;18;3
1680.0;3;15;8;11;72;11;9;18;3
1686.0;4;12;10;11;73;11;7;18;4
1692.0;5;10;10;10;72;11;9;18;5
1698.0;6;9;10;10;72;9;10;18;6
1704.0;9;8;8;10;74;9;9;17;6
1710.0;11;9;7;10;74;8;7;17;7
1716.0;10;8;6;12;76;8;7;16;7
1722.0;9;9;7;12;75;9;6;17;6
1728.0;10;9;5;13;75;10;5;17;6
1734.0;9;10;7;12;73;10;5;18;6
1740.0;8;12;6;12;73;10;4;18;7
1746.0;7;12;6;13;72;9;5;19;7
1752.0;7;12;5;14;70;9;6;20;7
1758.0;6;12;6;13;67;10;7;20;9
1764.0;6;16;4;14;66;10;8;19;7
1770.0;7;15;4;15;66;11;7;18;7
1776.0;8;15;4;14;66;12;7;18;6
1782.0;8;16;3;13;67;11;8;18;6
1788.0;8;18;2;12;67;13;6;19;5
1794.0;8;20;4;11;63;11;8;20;5
