#auto generated file!
12.0;47;44;42;49;50;44;51;53;40
18.0;41;45;37;53;52;44;45;58;45
24.0;44;45;36;53;57;41;42;57;45
30.0;41;47;33;55;59;40;42;56;47
36.0;38;46;34;55;62;39;42;56;48
42.0;37;47;32;55;69;40;39;57;44
48.0;41;48;29;53;72;41;37;55;44
54.0;38;47;28;56;71;44;37;55;44
60.0;39;48;28;54;70;47;36;56;42
66.0;40;47;27;55;74;50;34;54;39
72.0;38;47;30;54;78;51;32;55;35
78.0;34;49;27;54;83;51;33;54;35
84.0;34;47;30;54;83;50;32;56;34
90.0;36;46;31;50;86;48;37;55;31
96.0;38;48;28;45;90;47;36;56;32
102.0;33;48;31;45;93;50;35;56;29
108.0;34;47;29;45;94;53;34;56;28
114.0;36;45;28;47;96;50;34;55;29
120.0;35;45;25;47;98;52;32;54;32
126.0;39;46;23;46;99;57;29;51;30
132.0;36;46;23;46;98;59;32;49;31
138.0;32;47;22;50;97;61;30;52;29
144.0;31;45;23;52;97;63;29;51;29
150.0;29;44;24;50;101;61;29;50;32
156.0;27;40;24;53;105;59;30;52;30
162.0;31;36;23;52;105;59;31;53;30
168.0;28;39;25;52;110;58;30;51;27
174.0;25;39;27;50;114;63;30;50;22
180.0;24;38;25;49;116;66;33;46;23
186.0;23;37;25;50;116;68;36;45;20
192.0;21;37;27;50;117;66;37;46;19
198.0;20;38;27;51;120;67;35;44;18
204.0;18;41;23;53;121;69;32;44;19
210.0;20;42;22;55;119;69;31;42;20
216.0;21;44;23;55;118;70;29;40;20
222.0;20;42;25;52;119;71;26;44;21
228.0;14;40;22;59;119;73;29;41;23
234.0;14;43;23;58;118;74;25;41;24
240.0;14;43;26;59;119;74;23;40;22
246.0;13;42;27;56;122;71;25;43;21
252.0;16;40;26;57;125;67;24;42;23
258.0;16;38;21;57;125;67;25;45;26
264.0;15;39;20;59;127;62;27;42;29
270.0;17;39;22;54;126;61;32;42;27
276.0;23;40;22;53;131;60;25;42;24
282.0;26;37;22;52;133;59;25;42;24
288.0;25;36;23;52;130;58;28;40;28
294.0;26;35;25;51;131;56;30;39;27
300.0;25;34;22;52;131;56;28;42;30
306.0;22;33;22;48;134;59;28;43;31
312.0;21;36;25;49;134;57;26;40;32
318.0;22;36;24;48;131;57;20;46;36
324.0;20;36;22;45;132;55;22;52;36
330.0;21;35;22;44;136;54;21;55;32
336.0;20;34;25;43;135;53;21;57;32
342.0;20;32;26;42;139;51;20;61;29
348.0;22;30;30;45;141;49;21;56;26
354.0;22;31;32;43;144;46;22;56;24
360.0;22;32;34;40;146;46;20;55;25
366.0;22;35;29;41;147;45;20;55;26
372.0;20;34;29;41;144;47;21;56;28
378.0;23;32;27;39;144;51;19;60;25
384.0;22;31;27;42;144;50;20;57;27
390.0;17;35;27;39;151;49;19;58;25
396.0;14;39;28;40;154;46;19;55;25
402.0;14;39;27;38;154;47;21;52;28
408.0;12;44;25;40;155;46;18;50;30
414.0;13;41;26;40;158;45;15;50;32
420.0;17;39;27;37;159;46;16;49;30
426.0;17;40;30;36;158;46;17;48;28
432.0;18;39;30;37;157;48;17;47;27
438.0;21;43;26;36;159;47;16;45;27
444.0;21;47;21;35;162;47;16;46;25
450.0;22;46;22;37;164;45;16;46;22
456.0;20;45;28;37;164;45;14;45;22
462.0;22;44;31;37;163;44;13;47;19
468.0;25;44;32;37;164;43;11;45;19
474.0;23;44;31;36;166;45;12;44;19
480.0;21;43;33;38;163;47;11;44;20
486.0;23;40;34;39;167;47;10;42;18
492.0;21;40;32;38;170;49;9;44;17
498.0;19;36;33;36;171;52;12;43;18
504.0;19;37;32;37;170;53;11;43;18
510.0;20;38;31;37;172;52;11;41;18
516.0;20;36;31;36;173;52;11;41;20
522.0;25;34;27;37;175;51;14;39;18
528.0;26;33;27;41;173;50;15;39;16
534.0;23;34;28;40;174;51;17;38;15
540.0;22;33;26;40;175;49;21;39;15
546.0;24;34;28;39;173;45;22;39;16
552.0;23;33;25;43;175;46;22;37;16
558.0;25;35;23;44;173;43;23;37;17
564.0;24;36;21;45;174;43;22;40;15
570.0;26;35;23;42;173;41;24;40;16
576.0;25;35;19;44;172;44;22;43;16
582.0;25;33;19;46;174;44;19;43;17
588.0;26;33;19;45;176;44;19;42;16
594.0;28;31;19;48;176;41;20;41;16
600.0;26;34;19;47;177;40;20;42;15
606.0;26;34;19;46;176;42;19;43;15
612.0;23;37;17;46;176;41;23;45;12
618.0;22;39;19;48;175;39;24;45;9
624.0;27;35;20;42;175;39;22;48;12
630.0;25;37;20;42;175;38;23;48;12
636.0;23;37;19;41;174;38;24;51;13
642.0;25;40;19;40;175;39;22;51;9
648.0;23;41;16;40;176;40;22;52;10
654.0;23;42;16;35;176;38;25;52;13
660.0;22;43;16;37;177;40;25;47;13
666.0;24;41;15;42;178;37;20;50;13
672.0;23;43;15;42;179;37;20;49;12
678.0;23;44;17;41;180;36;18;49;12
684.0;19;44;17;44;177;36;21;52;10
690.0;20;44;15;43;176;40;20;51;11
696.0;20;45;20;43;171;35;21;54;11
702.0;19;44;20;41;175;35;22;53;11
708.0;19;46;22;40;175;34;23;48;13
714.0;18;46;20;41;175;36;21;48;15
720.0;18;42;21;43;178;34;21;45;18
726.0;21;42;21;44;177;33;23;43;16
732.0;19;42;21;39;178;35;25;42;19
738.0;19;40;18;39;181;31;23;48;21
744.0;18;38;18;37;180;35;23;49;22
750.0;16;38;19;39;182;34;22;49;21
756.0;17;38;19;38;180;36;23;46;23
762.0;18;36;19;37;183;36;23;45;23
768.0;22;34;21;34;184;34;23;47;21
774.0;21;36;23;35;184;34;21;45;21
780.0;20;36;22;38;186;31;19;46;22
786.0;21;34;23;36;185;32;18;46;25
792.0;20;35;22;38;183;34;16;45;27
798.0;21;33;20;40;184;34;16;40;32
804.0;20;31;22;42;182;36;17;41;29
810.0;19;30;25;43;185;33;18;42;25
816.0;21;30;23;42;186;34;19;41;24
822.0;19;36;26;41;187;30;21;36;24
828.0;21;37;26;39;186;31;22;35;23
834.0;20;37;25;37;192;28;21;35;25
840.0;19;38;25;36;190;30;22;34;26
846.0;21;38;24;35;188;31;22;36;25
852.0;23;36;26;38;186;30;21;36;24
858.0;22;37;25;36;185;31;23;36;25
864.0;26;38;24;33;184;33;23;33;26
870.0;28;38;23;34;184;32;22;34;25
876.0;27;39;21;36;185;34;22;31;25
882.0;28;34;23;42;185;34;22;28;24
888.0;24;31;21;43;189;33;25;28;26
894.0;27;32;21;42;186;31;25;27;29
900.0;25;39;20;41;187;30;21;29;28
906.0;26;36;19;40;188;32;20;33;26
912.0;25;39;23;39;188;32;16;33;25
918.0;24;40;19;42;188;34;18;35;20
924.0;23;39;23;43;185;31;21;34;21
930.0;21;36;21;45;188;30;26;32;21
936.0;20;33;26;43;193;31;21;28;25
942.0;21;34;27;38;197;29;18;28;28
948.0;20;37;24;39;193;30;17;30;30
954.0;21;38;24;38;192;30;17;31;29
960.0;22;40;19;40;195;30;16;30;28
966.0;22;39;18;41;196;30;18;28;28
972.0;27;39;20;38;195;31;17;28;25
978.0;26;37;18;37;195;31;18;32;26
984.0;28;35;17;38;193;30;18;37;24
990.0;29;37;15;37;193;29;18;41;21
996.0;30;37;16;38;192;29;20;41;17
1002.0;30;35;18;37;190;32;19;40;19
1008.0;29;36;19;38;189;35;17;40;17
1014.0;27;34;20;39;188;36;19;40;17
1020.0;26;38;18;37;186;34;20;43;18
1026.0;25;40;17;39;186;37;17;41;18
1032.0;21;37;19;39;188;36;17;43;20
1038.0;20;39;21;39;190;35;13;40;23
1044.0;21;41;22;39;189;36;12;36;24
1050.0;23;39;20;39;189;33;15;39;23
1056.0;25;39;18;36;187;36;18;38;23
1062.0;22;41;18;38;188;36;18;38;21
1068.0;22;38;18;38;189;37;18;41;19
1074.0;19;39;17;41;188;39;19;40;18
1080.0;16;37;16;47;188;42;11;42;21
1086.0;15;39;18;41;188;43;12;41;23
1092.0;11;41;18;42;188;43;13;40;24
1098.0;10;40;17;42;188;43;13;49;18
1104.0;11;41;16;40;191;39;13;50;19
1110.0;13;39;16;38;190;39;14;49;22
1116.0;17;37;18;36;190;40;13;47;22
1122.0;20;36;19;32;190;43;13;44;23
1128.0;18;39;19;33;191;43;11;43;23
1134.0;19;40;17;33;194;42;10;43;22
1140.0;18;40;15;34;193;41;9;47;23
1146.0;16;38;15;34;195;38;11;50;23
1152.0;18;38;17;33;194;39;10;49;22
1158.0;18;38;15;33;195;41;12;48;20
1164.0;21;38;18;31;194;40;12;50;16
1170.0;21;37;20;32;194;39;12;49;16
1176.0;22;33;24;32;196;36;12;49;16
1182.0;22;34;25;29;194;36;15;50;15
1188.0;22;34;21;32;190;38;18;49;16
1194.0;23;35;22;31;187;39;18;50;15
1200.0;22;33;20;32;188;40;20;49;16
1206.0;21;34;19;33;188;40;20;48;17
1212.0;23;33;20;29;187;40;20;51;17
1218.0;22;33;24;29;189;38;18;49;18
1224.0;21;32;24;29;187;40;21;47;19
1230.0;23;34;18;31;186;41;20;47;20
1236.0;25;33;16;31;186;41;22;46;20
1242.0;23;35;14;34;186;41;23;43;21
1248.0;23;37;16;33;185;40;24;39;23
1254.0;29;37;13;31;187;42;19;38;24
1260.0;28;37;13;31;187;40;22;38;24
1266.0;24;39;15;30;187;41;25;35;24
1272.0;25;43;16;27;188;43;25;35;18
1278.0;22;45;16;25;190;43;25;34;20
1284.0;20;43;17;28;190;40;23;37;22
1290.0;21;40;15;30;189;42;23;38;22
1296.0;22;37;17;31;186;41;26;39;21
1302.0;22;39;17;31;189;42;25;36;19
1308.0;23;39;15;35;193;40;26;32;17
1314.0;21;38;15;36;191;41;27;33;18
1320.0;19;40;16;35;193;39;27;32;19
1326.0;20;39;16;33;195;39;26;34;18
1332.0;19;35;16;35;195;39;26;36;19
1338.0;18;37;20;32;193;39;23;35;23
1344.0;18;33;19;30;194;40;25;37;24
1350.0;18;35;18;32;193;41;26;37;20
1356.0;19;33;18;34;195;41;21;39;20
1362.0;19;33;17;33;193;41;24;42;18
1368.0;18;34;18;34;192;38;23;43;20
1374.0;16;37;16;38;187;42;21;41;22
1380.0;18;33;19;35;185;44;19;42;25
1386.0;15;35;19;35;188;46;19;40;23
1392.0;18;36;18;37;188;44;17;40;22
1398.0;19;37;16;37;190;43;17;40;21
1404.0;23;36;14;39;192;43;13;39;21
1410.0;20;36;19;39;193;40;15;39;19
1416.0;19;36;18;39;195;41;14;40;18
1422.0;23;36;16;38;194;41;11;43;18
1428.0;19;36;16;38;194;39;11;48;19
1434.0;18;35;16;40;193;42;14;43;19
1440.0;16;34;11;43;192;48;15;46;15
1446.0;18;37;10;39;194;47;15;47;13
1452.0;18;35;14;40;194;45;15;46;13
1458.0;21;33;14;41;193;43;16;46;13
1464.0;21;33;17;38;192;48;17;44;10
1470.0;22;32;18;40;194;45;17;42;10
1476.0;21;32;17;40;191;48;17;43;11
1482.0;26;30;17;39;193;46;18;42;9
1488.0;24;31;20;44;192;41;21;40;7
1494.0;21;33;19;44;189;44;24;40;6
1500.0;23;34;14;46;187;41;27;43;5
1506.0;26;32;14;44;187;40;26;44;7
1512.0;24;33;17;45;186;38;25;42;10
1518.0;22;33;20;44;186;40;23;41;11
1524.0;23;33;20;46;187;37;23;40;11
1530.0;23;34;19;42;187;38;26;39;12
1536.0;24;33;17;40;186;40;26;39;15
1542.0;22;32;20;42;186;41;26;39;12
1548.0;25;32;17;43;188;43;26;35;11
1554.0;26;32;22;40;189;40;24;34;13
1560.0;27;30;21;41;189;41;22;32;17
1566.0;25;32;22;40;193;38;23;30;17
1572.0;22;31;21;35;196;41;22;32;20
1578.0;21;31;18;35;201;39;24;31;20
1584.0;20;31;20;36;199;38;24;33;19
1590.0;20;32;19;37;201;34;19;36;22
1596.0;22;33;20;35;202;37;19;33;19
1602.0;22;32;24;33;202;35;19;35;18
1608.0;24;31;24;33;202;34;20;37;15
1614.0;22;32;25;35;200;37;16;38;15
1620.0;22;33;23;36;200;40;15;37;14
1626.0;24;34;22;36;202;37;15;37;13
1632.0;25;35;18;34;204;38;15;37;14
1638.0;28;36;18;35;203;35;15;38;12
1644.0;29;33;17;36;203;37;13;37;15
1650.0;26;36;18;37;201;34;14;38;16
1656.0;21;36;21;35;201;33;14;40;19
1662.0;19;34;22;33;201;32;13;42;24
1668.0;20;31;22;34;200;35;17;41;20
1674.0;18;34;23;34;200;35;17;41;18
1680.0;19;33;22;35;199;34;18;42;18
1686.0;19;32;22;36;199;33;21;43;15
1692.0;16;33;23;38;202;35;22;38;13
1698.0;16;34;24;39;201;35;19;38;14
1704.0;16;34;25;38;200;37;18;37;15
1710.0;21;34;23;36;203;38;18;33;14
1716.0;19;33;24;35;203;39;19;34;14
1722.0;20;31;26;34;202;39;21;34;13
1728.0;16;33;24;35;203;40;21;35;13
1734.0;16;32;25;34;205;39;19;35;15
1740.0;16;31;22;32;206;36;23;36;18
1746.0;21;30;22;34;203;35;20;38;17
1752.0;20;33;24;33;201;37;18;39;15
1758.0;23;38;24;31;197;36;17;37;17
1764.0;28;33;25;34;197;34;18;35;16
1770.0;29;32;24;34;196;37;14;37;17
1776.0;26;32;26;36;195;35;14;37;19
1782.0;25;31;25;34;195;37;17;38;18
1788.0;26;30;30;30;194;37;16;41;16
1794.0;25;34;28;31;191;39;17;37;18
