#auto generated file!
12.0;35;26;32;26;36;26;31;28;40
18.0;38;29;29;25;37;27;30;28;37
24.0;34;32;29;29;37;27;27;31;34
30.0;36;31;25;31;38;28;26;33;32
36.0;35;32;25;31;38;29;25;33;32
42.0;34;32;26;32;40;30;27;31;28
48.0;32;35;23;37;42;32;24;29;26
54.0;32;37;22;42;43;32;20;30;22
60.0;28;37;22;42;46;32;21;31;21
66.0;27;36;21;42;49;31;22;31;21
72.0;24;40;22;39;50;29;23;32;21
78.0;23;40;23;40;50;29;23;34;18
84.0;23;40;21;39;53;31;22;34;17
90.0;25;37;20;39;56;31;21;34;17
96.0;24;38;20;39;57;31;18;33;20
102.0;24;36;18;38;60;30;19;36;19
108.0;23;37;19;41;63;31;18;33;15
114.0;23;37;18;39;64;32;19;32;16
120.0;22;35;16;38;64;31;21;34;19
126.0;21;33;20;39;61;31;22;34;19
132.0;19;32;17;40;62;30;22;36;22
138.0;18;35;18;38;61;27;23;38;22
144.0;19;36;18;36;62;30;20;38;21
150.0;19;36;17;37;60;29;20;40;22
156.0;16;37;16;36;60;30;23;41;21
162.0;16;39;16;35;64;31;20;41;18
168.0;12;39;16;36;67;31;17;41;21
174.0;15;42;16;35;66;28;18;41;19
180.0;14;42;15;36;67;28;15;44;19
186.0;14;38;16;37;70;29;14;41;21
192.0;14;38;17;36;69;30;15;40;21
198.0;14;40;18;34;68;30;15;39;22
204.0;12;38;18;37;71;30;14;40;20
210.0;13;37;16;38;73;32;13;41;17
216.0;14;38;15;36;74;33;14;41;15
222.0;13;37;15;35;74;34;14;41;17
228.0;16;30;15;38;74;34;16;41;16
234.0;19;29;13;36;77;34;15;40;17
240.0;20;31;14;33;78;33;16;39;16
246.0;22;31;16;34;79;33;13;37;15
252.0;22;30;17;35;80;34;13;34;15
258.0;22;32;16;34;81;33;14;33;15
264.0;21;32;13;38;83;33;12;32;16
270.0;23;31;14;34;82;33;14;32;17
276.0;22;32;16;32;82;33;13;33;17
282.0;22;31;17;30;81;37;14;33;15
288.0;22;32;19;28;82;36;13;29;19
294.0;21;33;22;27;82;34;11;31;19
300.0;20;31;22;28;83;32;13;31;20
306.0;20;30;20;28;83;34;12;29;24
312.0;21;32;18;28;86;33;9;30;23
318.0;20;35;17;25;90;31;8;31;23
324.0;18;31;17;25;94;31;8;35;21
330.0;18;31;18;24;93;32;10;34;20
336.0;18;30;17;22;97;34;10;34;18
342.0;17;29;17;23;97;35;11;33;18
348.0;20;27;18;24;95;34;9;37;16
354.0;15;28;16;27;96;31;11;39;17
360.0;14;30;15;26;97;32;11;37;18
366.0;14;30;13;28;97;31;12;37;18
372.0;14;29;16;27;96;31;11;37;19
378.0;11;30;16;27;96;33;13;37;17
384.0;11;33;14;28;97;30;14;36;17
390.0;16;33;13;27;97;29;13;39;13
396.0;17;35;14;24;96;29;13;37;15
402.0;16;34;14;24;100;30;13;35;14
408.0;14;36;13;25;102;30;13;34;13
414.0;12;34;12;26;102;29;13;37;15
420.0;13;35;11;27;102;29;13;35;15
426.0;13;36;12;25;102;29;13;37;13
432.0;14;34;10;25;102;30;13;37;15
438.0;16;35;9;25;101;28;15;37;14
444.0;17;34;8;26;101;29;15;36;14
450.0;17;32;7;27;102;31;13;37;14
456.0;18;31;9;28;100;28;14;37;15
462.0;17;30;9;29;102;28;13;38;14
468.0;15;31;8;33;102;27;14;36;14
474.0;14;34;8;29;101;30;14;37;13
480.0;14;35;10;30;101;31;12;34;13
486.0;15;35;10;32;100;30;11;34;13
492.0;16;34;9;30;103;28;11;35;14
498.0;15;35;8;29;104;27;12;37;13
504.0;17;34;8;29;102;28;15;36;11
510.0;19;35;10;24;106;27;14;34;11
516.0;18;33;11;26;109;27;14;33;9
522.0;19;32;12;26;107;28;13;33;10
528.0;18;32;12;26;110;27;10;34;11
534.0;19;33;13;26;109;26;9;34;11
540.0;22;32;12;25;107;26;11;36;9
546.0;23;31;12;25;109;25;13;35;7
552.0;20;31;11;27;112;24;15;34;6
558.0;18;31;11;28;113;24;15;33;7
564.0;19;30;12;28;116;24;12;33;6
570.0;20;28;17;27;114;22;13;35;4
576.0;20;28;15;29;114;21;12;38;3
582.0;20;27;16;31;114;23;10;34;5
588.0;19;27;16;33;115;23;9;32;6
594.0;17;26;16;33;116;23;10;32;7
600.0;18;24;15;35;114;23;15;29;7
606.0;15;22;15;35;116;24;17;27;9
612.0;14;21;16;34;116;24;18;27;10
618.0;11;24;16;34;116;21;20;29;9
624.0;11;25;15;35;117;23;18;27;9
630.0;9;23;16;36;117;23;18;28;10
636.0;7;26;15;36;118;23;17;29;9
642.0;9;26;13;36;116;22;19;29;10
648.0;10;25;12;37;116;21;16;31;12
654.0;12;26;12;36;115;22;14;32;11
660.0;11;26;13;34;115;23;13;32;13
666.0;11;27;14;35;115;21;14;32;11
672.0;10;28;14;35;115;21;14;32;11
678.0;10;26;12;37;114;22;14;33;12
684.0;9;27;12;37;113;25;14;32;11
690.0;10;25;10;37;114;25;15;32;12
696.0;9;25;10;39;114;27;13;33;10
702.0;9;26;10;37;113;26;15;33;11
708.0;9;24;12;34;113;26;14;34;14
714.0;11;25;13;32;114;29;13;32;11
720.0;11;26;14;32;112;29;13;33;10
726.0;12;28;13;31;111;30;14;31;10
732.0;12;27;13;30;113;28;14;31;12
738.0;16;28;13;32;116;23;11;30;11
744.0;13;28;13;33;116;23;13;29;12
750.0;12;25;16;36;116;21;13;28;13
756.0;11;25;15;36;117;23;11;27;15
762.0;14;27;15;34;116;20;12;26;16
768.0;16;28;16;31;114;21;13;25;16
774.0;17;27;18;34;114;21;14;22;13
780.0;18;28;19;33;116;21;14;20;11
786.0;17;27;19;32;114;24;14;21;12
792.0;19;28;14;27;117;24;17;23;11
798.0;21;25;14;27;117;26;16;21;13
804.0;21;25;16;26;116;25;15;21;15
810.0;21;29;17;22;116;27;13;19;16
816.0;19;31;18;22;115;29;12;19;15
822.0;17;29;18;22;114;30;13;22;15
828.0;18;29;18;23;116;27;12;21;16
834.0;15;29;15;24;116;29;14;21;17
840.0;16;31;19;22;113;27;15;19;18
846.0;18;30;20;24;111;27;15;18;17
852.0;17;28;21;25;114;28;15;17;15
858.0;22;27;21;27;114;25;13;15;16
864.0;22;27;21;28;115;22;13;17;15
870.0;21;26;22;30;115;22;12;17;15
876.0;19;29;23;30;112;24;12;19;12
882.0;17;32;24;29;114;25;10;19;10
888.0;18;30;22;29;112;26;11;20;12
894.0;19;29;19;33;111;26;9;22;12
900.0;15;30;20;27;112;27;11;23;15
906.0;15;28;18;31;114;25;12;21;16
912.0;15;24;17;31;114;26;15;23;15
918.0;17;25;17;30;115;25;14;23;14
924.0;17;27;17;29;117;23;12;23;15
930.0;19;27;15;31;117;23;13;25;10
936.0;21;24;17;31;117;23;13;25;9
942.0;21;27;15;30;116;22;14;23;12
948.0;20;27;16;28;116;23;14;22;14
954.0;20;29;13;28;117;23;16;21;13
960.0;19;29;14;26;114;25;17;21;15
966.0;17;29;12;27;115;25;19;20;16
972.0;18;30;9;28;117;26;17;19;16
978.0;22;27;8;30;117;28;15;19;14
984.0;23;26;6;31;117;30;14;18;15
990.0;22;28;7;26;117;32;16;20;12
996.0;21;29;7;27;113;32;18;22;11
1002.0;20;30;7;25;111;35;17;24;11
1008.0;20;26;6;26;110;35;17;26;14
1014.0;19;24;8;28;110;36;15;23;17
1020.0;19;26;8;27;110;35;14;25;16
1026.0;18;27;12;27;110;33;12;24;17
1032.0;18;27;12;27;113;32;13;22;16
1038.0;19;32;10;28;110;30;14;24;13
1044.0;18;34;11;29;111;30;14;21;12
1050.0;19;33;11;31;115;27;11;21;12
1056.0;21;33;9;30;114;29;11;22;11
1062.0;19;33;13;28;116;29;10;21;11
1068.0;17;32;16;28;116;28;10;22;11
1074.0;20;28;16;28;115;27;9;27;10
1080.0;20;28;17;25;115;30;10;25;10
1086.0;21;30;15;23;114;28;13;24;12
1092.0;23;30;15;22;115;27;14;24;10
1098.0;22;29;15;22;117;27;14;24;10
1104.0;20;30;13;23;117;27;13;26;11
1110.0;20;31;9;23;118;28;13;27;11
1116.0;20;30;9;23;118;28;14;27;11
1122.0;19;29;8;21;122;28;17;26;10
1128.0;18;30;10;20;123;27;16;25;11
1134.0;18;30;11;20;122;28;13;27;11
1140.0;16;30;12;20;122;28;13;28;11
1146.0;17;30;10;21;122;26;13;29;12
1152.0;15;30;9;21;123;25;14;28;15
1158.0;12;31;9;20;123;27;13;29;16
1164.0;11;30;10;20;122;28;14;29;16
1170.0;12;28;13;17;121;28;15;31;15
1176.0;12;28;11;16;125;29;15;30;14
1182.0;13;29;11;16;125;29;14;28;15
1188.0;11;30;11;16;125;29;15;27;16
1194.0;12;29;12;18;125;27;12;28;17
1200.0;13;30;12;18;125;27;11;29;15
1206.0;14;28;11;21;126;24;10;31;15
1212.0;14;30;12;22;124;25;11;30;12
1218.0;11;29;14;24;125;27;11;28;11
1224.0;14;28;10;26;122;29;11;27;13
1230.0;13;29;10;26;124;30;10;25;13
1236.0;10;29;13;25;124;30;12;25;12
1242.0;9;29;12;27;128;29;10;23;13
1248.0;11;29;12;29;128;29;10;20;12
1254.0;12;28;12;30;128;29;11;19;11
1260.0;10;30;15;30;128;28;11;18;10
1266.0;12;30;13;31;128;27;10;19;10
1272.0;10;27;13;31;130;27;11;20;11
1278.0;9;27;10;32;130;28;11;21;12
1284.0;10;28;11;33;127;28;12;20;11
1290.0;12;27;11;30;128;28;12;22;10
1296.0;10;29;13;30;128;28;11;24;7
1302.0;12;28;12;30;129;25;12;25;7
1308.0;13;28;12;32;128;23;13;24;7
1314.0;11;28;12;31;127;26;15;21;9
1320.0;9;29;13;30;127;26;14;22;10
1326.0;9;30;12;30;126;25;14;23;11
1332.0;10;30;12;30;126;27;14;22;9
1338.0;8;32;13;30;125;26;13;22;11
1344.0;8;32;12;32;124;26;14;22;10
1350.0;9;34;12;29;126;24;13;21;12
1356.0;8;38;12;29;122;22;14;23;12
1362.0;7;39;12;31;121;20;14;25;11
1368.0;6;41;12;31;120;21;16;23;10
1374.0;9;39;14;32;118;20;14;23;11
1380.0;7;39;13;32;118;20;14;21;16
1386.0;7;40;12;32;119;18;14;21;17
1392.0;9;39;10;32;116;24;12;22;16
1398.0;9;39;10;33;114;24;13;23;15
1404.0;10;37;11;31;116;23;14;24;14
1410.0;12;37;13;29;116;21;14;23;15
1416.0;15;38;9;30;118;19;14;23;14
1422.0;15;36;10;31;117;18;14;23;16
1428.0;15;34;11;29;118;19;14;25;15
1434.0;14;32;9;28;121;19;13;28;16
1440.0;14;33;10;28;121;18;13;28;15
1446.0;13;30;11;27;123;20;14;27;15
1452.0;15;27;12;24;122;22;14;28;16
1458.0;14;28;14;24;124;22;12;27;15
1464.0;14;28;14;23;123;23;12;29;14
1470.0;14;28;15;21;124;22;13;27;16
1476.0;16;29;17;22;123;21;14;22;16
1482.0;16;28;17;19;119;26;18;21;16
1488.0;16;28;17;19;120;25;14;23;18
1494.0;20;28;16;19;120;23;12;25;17
1500.0;20;28;20;21;119;18;11;27;16
1506.0;21;28;19;20;123;19;13;25;12
1512.0;20;27;18;20;126;18;14;25;12
1518.0;21;29;17;20;126;18;14;24;11
1524.0;21;28;15;18;131;17;12;28;10
1530.0;19;26;18;20;130;19;13;26;9
1536.0;22;25;17;20;130;18;13;25;10
1542.0;18;28;16;21;129;19;13;27;9
1548.0;19;30;15;21;129;17;14;25;10
1554.0;22;31;14;23;130;18;10;25;7
1560.0;19;25;17;26;129;18;11;26;9
1566.0;19;26;16;28;126;15;13;29;8
1572.0;21;26;14;26;125;17;13;29;9
1578.0;20;29;13;24;126;16;14;28;10
1584.0;19;26;13;25;125;19;17;28;8
1590.0;20;28;13;22;124;20;16;28;9
1596.0;21;27;14;24;123;22;14;24;11
1602.0;21;28;14;23;124;23;14;22;11
1608.0;19;28;16;22;123;24;13;23;12
1614.0;21;29;16;22;123;24;13;21;11
1620.0;18;26;19;19;127;22;14;22;13
1626.0;16;24;21;21;126;21;16;22;13
1632.0;15;26;22;20;126;20;16;22;13
1638.0;14;28;18;19;126;21;18;23;13
1644.0;10;26;17;19;129;23;18;24;14
1650.0;9;25;14;19;129;24;21;23;16
1656.0;8;24;13;22;126;25;24;23;15
1662.0;11;21;12;23;124;26;25;21;17
1668.0;11;21;11;22;124;27;24;21;19
1674.0;11;20;10;23;125;24;25;23;19
1680.0;11;20;11;22;126;26;22;22;20
1686.0;9;20;12;21;126;26;22;24;20
1692.0;10;19;13;20;127;28;22;22;19
1698.0;13;19;11;21;129;28;22;22;15
1704.0;10;19;14;21;130;28;23;21;14
1710.0;10;18;17;21;129;30;23;19;13
1716.0;9;19;19;23;131;26;18;19;16
1722.0;11;18;18;21;128;28;17;21;18
1728.0;11;17;18;22;126;29;17;22;18
1734.0;12;18;18;23;126;29;17;20;17
1740.0;14;18;17;22;126;28;18;19;18
1746.0;13;18;16;24;127;28;18;18;18
1752.0;13;19;17;22;130;30;16;17;16
1758.0;12;21;15;23;131;31;16;16;15
1764.0;9;20;17;20;133;33;16;19;13
1770.0;10;21;15;20;134;32;15;20;13
1776.0;8;22;11;19;137;32;14;23;14
1782.0;10;22;12;19;135;32;12;24;14
1788.0;9;25;10;20;135;33;8;25;15
1794.0;10;27;8;20;133;32;8;27;15
