#auto generated file!
12.0;40;47;65;37;59;54;49;52;57
18.0;36;47;60;40;61;57;52;52;55
24.0;36;45;51;45;64;62;50;53;54
30.0;33;43;49;47;67;60;47;58;56
36.0;38;42;47;47;71;58;45;58;54
42.0;36;42;45;49;75;59;45;56;53
48.0;34;44;42;51;75;62;45;56;51
54.0;36;44;42;52;74;60;43;61;48
60.0;32;46;39;53;76;62;45;61;46
66.0;31;49;36;53;78;66;42;61;44
72.0;35;51;33;54;79;69;37;59;43
78.0;37;47;31;52;84;70;38;59;42
84.0;40;51;31;50;85;69;35;57;42
90.0;35;53;30;52;87;65;39;58;41
96.0;36;53;32;53;86;61;37;62;40
102.0;36;53;32;54;89;58;35;62;41
108.0;37;53;31;56;91;54;35;63;40
114.0;33;53;28;58;95;54;39;64;36
120.0;36;54;27;55;98;53;41;62;34
126.0;33;58;27;57;100;52;39;61;33
132.0;33;60;29;54;101;48;39;63;33
138.0;31;62;29;53;101;51;40;60;33
144.0;28;61;30;54;106;48;37;61;35
150.0;26;60;27;57;109;46;38;60;37
156.0;26;58;27;59;114;45;34;62;35
162.0;23;62;27;58;115;48;33;61;33
168.0;25;64;23;56;117;48;29;66;32
174.0;24;66;23;58;115;48;29;66;31
180.0;26;61;22;56;120;51;24;67;33
186.0;29;61;23;58;120;47;20;66;36
192.0;29;61;22;57;123;47;22;65;34
198.0;30;59;23;53;127;47;27;64;30
204.0;31;59;22;53;124;47;28;66;30
210.0;33;57;22;50;125;48;29;66;30
216.0;35;54;25;51;123;52;31;64;25
222.0;36;55;24;50;124;50;33;63;25
228.0;34;56;22;50;125;49;36;63;25
234.0;29;55;20;51;126;49;37;66;27
240.0;29;55;25;49;127;50;31;66;28
246.0;30;53;24;53;128;51;29;65;27
252.0;33;50;22;51;128;56;31;60;29
258.0;32;53;24;49;129;52;31;61;29
264.0;36;53;28;45;132;51;30;59;26
270.0;35;51;28;48;133;56;27;55;27
276.0;33;56;26;48;136;53;29;52;27
282.0;35;59;24;49;133;49;31;51;29
288.0;32;61;23;50;133;49;28;52;32
294.0;31;56;25;52;136;51;30;51;28
300.0;34;56;23;50;136;52;31;51;27
306.0;33;58;24;56;138;51;25;50;25
312.0;29;62;21;59;137;55;23;48;26
318.0;30;62;21;55;140;54;21;50;27
324.0;28;62;22;54;144;55;20;48;27
330.0;27;62;20;52;149;56;22;47;25
336.0;25;57;20;52;150;58;26;45;27
342.0;25;56;20;49;148;60;30;44;28
348.0;32;54;21;49;149;57;25;44;29
354.0;36;54;23;46;149;55;21;45;31
360.0;35;56;26;43;150;54;22;43;31
366.0;32;57;27;41;152;51;23;44;33
372.0;34;56;30;39;154;48;22;45;32
378.0;34;50;28;39;154;53;22;48;32
384.0;29;50;30;37;156;55;25;46;32
390.0;27;52;28;38;155;57;23;46;34
396.0;29;49;29;42;156;56;20;49;30
402.0;28;47;27;40;159;57;21;52;29
408.0;30;47;24;42;159;53;21;53;31
414.0;29;49;22;43;161;51;21;52;32
420.0;28;48;23;41;164;53;22;50;31
426.0;28;46;22;42;165;53;22;52;30
432.0;26;48;21;43;163;51;25;53;30
438.0;21;50;20;45;165;51;26;53;29
444.0;21;46;24;45;166;51;23;55;29
450.0;21;45;24;44;171;49;22;56;28
456.0;23;48;24;42;172;50;21;53;27
462.0;25;46;24;45;175;47;20;53;25
468.0;22;44;25;47;178;45;20;52;27
474.0;22;48;25;45;179;41;21;49;30
480.0;20;45;23;46;182;43;19;53;29
486.0;20;46;24;43;185;43;21;51;27
492.0;18;50;23;42;189;43;19;51;25
498.0;21;49;22;42;191;43;18;50;24
504.0;23;49;19;43;190;43;18;48;27
510.0;23;51;19;40;192;44;15;48;28
516.0;24;53;20;38;193;43;15;49;25
522.0;25;58;19;36;193;42;14;47;26
528.0;23;57;19;37;195;42;15;47;25
534.0;21;53;17;39;195;43;19;46;27
540.0;19;56;19;37;195;43;20;44;27
546.0;19;52;19;40;197;40;21;45;27
552.0;21;50;19;40;197;37;20;47;29
558.0;23;50;20;40;195;36;19;48;29
564.0;20;50;22;38;194;35;21;51;29
570.0;20;49;24;40;198;34;18;47;30
576.0;23;47;22;40;196;36;19;48;29
582.0;25;49;19;41;194;38;14;48;32
588.0;26;51;19;40;195;36;13;50;30
594.0;24;50;23;40;197;40;14;44;28
600.0;24;48;23;39;200;41;16;44;25
606.0;23;48;26;38;198;42;15;43;27
612.0;23;50;24;41;198;45;13;42;24
618.0;22;47;25;45;197;44;14;40;26
624.0;20;45;25;47;197;44;16;41;25
630.0;19;40;31;42;197;43;15;44;29
636.0;18;42;33;41;198;41;16;46;25
642.0;23;41;36;39;197;40;17;46;21
648.0;22;44;32;39;197;39;18;48;21
654.0;23;43;30;41;195;38;17;49;24
660.0;22;43;28;43;191;34;20;52;27
666.0;23;41;25;46;191;35;22;51;26
672.0;20;41;22;51;191;37;20;51;27
678.0;19;41;20;49;197;36;21;50;27
684.0;19;40;18;50;193;39;22;51;28
690.0;20;41;19;47;191;40;21;51;30
696.0;18;41;19;49;188;41;21;54;29
702.0;17;42;16;49;187;40;23;55;31
708.0;16;42;17;50;186;41;25;56;27
714.0;17;42;16;51;190;43;24;54;23
720.0;15;42;16;53;191;43;25;52;23
726.0;19;41;16;56;186;43;23;53;23
732.0;16;44;17;54;187;43;23;53;23
738.0;17;44;19;55;187;42;22;50;24
744.0;16;44;19;54;182;45;26;50;24
750.0;18;42;18;54;183;45;28;50;22
756.0;19;44;18;52;183;45;28;50;21
762.0;18;45;18;50;181;48;29;51;20
768.0;22;43;20;49;179;46;29;51;21
774.0;23;41;21;50;182;48;27;47;21
780.0;23;43;23;52;179;47;27;45;21
786.0;23;42;26;49;178;46;29;45;22
792.0;21;44;27;47;178;46;27;46;24
798.0;22;43;27;47;176;45;28;48;24
804.0;22;43;24;45;176;46;26;54;24
810.0;20;43;24;45;177;45;27;57;22
816.0;18;45;25;41;177;45;27;57;25
822.0;19;46;27;42;176;43;27;54;26
828.0;19;47;27;43;177;39;27;53;28
834.0;20;43;24;44;180;40;27;54;28
840.0;23;44;21;47;179;41;24;51;30
846.0;23;42;23;47;180;42;23;51;29
852.0;23;41;21;43;180;48;22;52;30
858.0;22;38;20;45;179;47;22;54;33
864.0;23;37;19;45;178;49;20;54;35
870.0;25;38;22;46;180;45;20;54;30
876.0;26;41;24;43;180;47;19;52;28
882.0;26;39;23;44;179;47;18;54;30
888.0;27;41;21;43;179;47;19;52;31
894.0;23;41;25;42;180;48;21;51;29
900.0;23;43;26;43;181;50;19;50;25
906.0;25;44;22;43;185;49;19;47;26
912.0;26;42;19;40;187;49;24;46;27
918.0;25;41;19;39;189;52;21;47;27
924.0;26;41;21;38;188;48;22;48;28
930.0;27;39;21;37;186;48;26;47;29
936.0;27;37;15;35;189;52;27;47;31
942.0;25;38;20;36;189;50;26;46;30
948.0;25;40;19;36;188;51;24;50;27
954.0;23;46;17;36;188;53;23;48;26
960.0;23;48;15;40;190;52;24;46;22
966.0;22;46;14;37;188;52;28;50;23
972.0;20;41;12;40;190;53;30;48;26
978.0;18;42;11;42;189;53;31;48;26
984.0;19;42;9;43;191;56;28;47;25
990.0;21;44;9;44;190;54;27;47;24
996.0;21;46;7;39;192;58;31;46;20
1002.0;22;46;7;37;194;60;27;45;22
1008.0;20;48;8;36;195;58;25;48;22
1014.0;21;50;8;35;194;57;26;47;22
1020.0;23;48;9;31;196;59;25;46;23
1026.0;21;47;7;36;196;57;25;48;23
1032.0;25;47;7;37;195;54;26;50;19
1038.0;25;48;10;39;194;53;26;45;20
1044.0;25;49;11;34;194;55;25;47;20
1050.0;24;51;12;35;191;54;24;47;22
1056.0;25;49;13;38;191;54;24;47;19
1062.0;23;49;18;39;191;54;28;42;16
1068.0;24;46;18;38;191;56;28;41;18
1074.0;25;45;17;35;194;56;27;44;17
1080.0;22;43;14;36;196;56;28;44;21
1086.0;22;40;17;35;195;54;28;47;22
1092.0;22;39;20;37;194;55;26;45;22
1098.0;19;38;16;34;199;59;25;45;25
1104.0;18;39;18;35;200;58;22;47;23
1110.0;16;38;17;36;200;63;23;46;21
1116.0;17;38;16;36;203;65;20;46;19
1122.0;20;36;17;38;202;62;19;46;20
1128.0;18;36;18;41;201;60;23;42;21
1134.0;19;39;17;42;204;56;20;43;20
1140.0;20;39;15;41;204;56;17;46;22
1146.0;19;41;14;41;205;55;14;47;24
1152.0;19;42;14;39;207;55;13;50;21
1158.0;20;44;12;39;207;54;13;52;19
1164.0;19;45;16;38;208;50;14;51;19
1170.0;21;44;15;40;207;49;13;51;20
1176.0;18;45;12;41;210;49;15;50;20
1182.0;20;46;14;36;210;47;16;51;20
1188.0;20;47;15;35;208;49;15;50;21
1194.0;20;45;18;33;208;47;18;49;22
1200.0;21;42;18;32;209;48;20;49;21
1206.0;23;44;16;35;212;44;16;49;21
1212.0;22;44;17;34;212;43;15;52;21
1218.0;24;40;20;34;213;46;14;49;20
1224.0;25;43;17;32;212;45;15;51;20
1230.0;26;44;17;30;216;41;17;52;17
1236.0;25;43;17;31;214;41;17;56;16
1242.0;26;43;21;26;213;39;17;53;22
1248.0;28;45;22;24;211;39;16;52;23
1254.0;26;43;24;22;210;40;21;52;22
1260.0;25;42;21;23;212;41;20;52;24
1266.0;25;40;20;25;213;42;22;50;23
1272.0;23;37;20;25;214;38;27;50;26
1278.0;20;45;20;24;215;38;27;48;23
1284.0;20;45;21;23;217;36;28;50;20
1290.0;25;45;21;22;215;37;27;48;20
1296.0;22;46;21;22;213;40;28;47;21
1302.0;24;46;20;22;213;39;28;47;21
1308.0;27;44;19;26;210;43;27;45;19
1314.0;25;45;18;29;209;42;27;43;22
1320.0;26;45;17;25;213;43;26;43;22
1326.0;23;44;17;32;212;42;26;42;22
1332.0;25;45;11;34;212;46;25;38;24
1338.0;19;47;12;35;213;45;23;40;26
1344.0;19;52;8;35;215;44;21;41;25
1350.0;14;52;9;35;215;43;20;44;28
1356.0;13;52;8;38;213;42;21;44;29
1362.0;13;52;12;38;211;43;21;41;29
1368.0;14;50;11;36;212;43;23;42;29
1374.0;14;49;11;35;213;45;23;41;29
1380.0;14;50;12;35;211;45;23;41;29
1386.0;14;52;14;34;211;43;19;47;26
1392.0;17;51;15;33;212;41;21;47;23
1398.0;16;48;17;33;214;41;21;47;23
1404.0;18;49;15;34;214;41;20;44;25
1410.0;17;50;15;33;214;40;20;45;26
1416.0;14;48;18;35;215;39;19;44;28
1422.0;14;49;17;35;215;40;18;43;29
1428.0;18;47;16;36;214;39;21;42;27
1434.0;19;48;15;35;213;40;21;39;30
1440.0;19;49;14;38;213;39;21;38;29
1446.0;18;50;17;36;214;40;22;35;28
1452.0;17;49;17;38;212;42;20;38;27
1458.0;17;48;16;39;213;42;20;40;25
1464.0;18;42;18;40;211;43;24;42;22
1470.0;19;41;18;38;212;43;24;42;23
1476.0;16;40;21;38;211;44;26;42;22
1482.0;16;44;22;40;206;37;26;45;24
1488.0;15;45;25;41;205;38;23;44;24
1494.0;15;43;25;40;205;40;19;46;27
1500.0;15;42;27;39;207;39;18;42;31
1506.0;16;39;23;39;208;39;20;44;32
1512.0;21;37;20;43;206;40;21;42;30
1518.0;23;37;21;40;204;44;16;43;32
1524.0;21;35;23;38;204;45;19;43;32
1530.0;20;35;23;39;204;48;19;41;31
1536.0;21;34;23;38;205;47;19;41;32
1542.0;25;33;21;43;204;43;19;41;31
1548.0;24;32;20;46;204;44;18;42;30
1554.0;24;33;19;48;203;47;19;38;29
1560.0;24;33;20;48;203;41;21;38;32
1566.0;25;32;18;51;203;41;20;38;32
1572.0;25;33;18;51;202;43;20;39;29
1578.0;20;34;19;52;202;45;20;39;29
1584.0;22;34;22;47;205;46;20;38;26
1590.0;21;33;22;46;204;46;20;41;27
1596.0;21;32;21;46;201;46;22;41;30
1602.0;24;33;25;44;200;45;23;39;27
1608.0;22;32;23;45;205;43;23;40;27
1614.0;21;34;25;44;205;43;24;38;26
1620.0;22;34;26;45;204;41;23;41;24
1626.0;24;33;24;44;205;43;21;43;23
1632.0;28;35;22;45;205;43;20;42;20
1638.0;23;33;25;45;209;44;19;39;23
1644.0;24;33;25;44;205;46;19;42;22
1650.0;23;31;27;42;203;43;20;48;23
1656.0;24;32;23;43;201;44;20;48;25
1662.0;25;31;25;41;198;48;20;46;26
1668.0;25;30;23;41;197;48;24;44;28
1674.0;27;31;23;42;199;45;23;44;26
1680.0;25;30;24;45;200;48;21;42;25
1686.0;27;33;22;44;197;48;22;42;25
1692.0;28;32;23;43;198;48;22;43;23
1698.0;27;33;24;43;198;43;23;46;23
1704.0;24;38;20;43;197;44;22;50;22
1710.0;24;44;19;43;196;41;20;51;22
1716.0;21;45;20;44;198;40;21;51;20
1722.0;24;46;20;42;199;38;21;54;16
1728.0;20;46;19;40;198;39;20;55;23
1734.0;18;43;19;38;201;41;24;55;21
1740.0;18;40;19;34;204;39;25;58;23
1746.0;18;40;20;37;204;39;20;57;25
1752.0;15;38;19;42;206;37;19;59;25
1758.0;13;41;20;44;210;36;18;52;26
1764.0;14;41;19;44;212;36;23;48;23
1770.0;12;38;23;44;212;37;24;48;22
1776.0;14;40;21;44;210;39;24;46;22
1782.0;16;41;20;42;210;39;22;47;23
1788.0;17;44;24;40;207;36;22;48;22
1794.0;16;45;23;41;207;35;21;48;24
