#auto generated file!
12.0;46;57;49;46;59;48;51;42;52
18.0;46;59;49;45;62;46;48;46;49
24.0;50;60;43;42;65;53;46;45;46
30.0;51;61;40;45;71;50;46;45;41
36.0;50;62;42;49;70;50;48;41;38
42.0;48;60;48;43;73;55;44;40;39
48.0;43;57;50;43;74;55;43;44;41
54.0;43;54;50;45;77;58;41;41;41
60.0;36;56;51;46;79;62;39;41;40
66.0;34;61;54;48;80;60;34;41;38
72.0;35;59;52;49;81;60;33;44;37
78.0;33;61;48;48;82;62;34;48;34
84.0;32;63;42;46;83;63;39;49;33
90.0;31;62;37;50;83;63;41;53;30
96.0;32;63;38;47;90;59;38;54;29
102.0;33;63;35;46;95;58;40;56;24
108.0;32;66;32;46;96;55;43;57;23
114.0;34;64;34;47;96;56;36;59;24
120.0;34;67;34;47;95;51;37;61;24
126.0;31;67;32;50;99;48;38;60;25
132.0;32;66;31;52;99;50;36;61;23
138.0;29;63;32;56;103;50;36;58;23
144.0;31;64;32;55;102;48;33;60;25
150.0;29;64;31;54;104;48;34;62;24
156.0;26;64;31;54;108;48;29;62;28
162.0;27;68;31;52;111;49;28;56;28
168.0;27;65;32;52;115;49;30;57;23
174.0;25;64;32;52;116;49;31;57;24
180.0;28;62;30;52;116;51;30;57;24
186.0;26;61;30;52;119;52;29;57;24
192.0;30;58;27;48;120;54;32;60;21
198.0;26;57;26;47;124;56;33;60;21
204.0;24;55;24;50;127;59;30;60;21
210.0;26;56;25;49;128;59;31;58;18
216.0;25;56;24;45;132;58;31;58;21
222.0;18;59;23;48;138;63;28;56;17
228.0;21;59;20;47;141;61;29;56;16
234.0;24;61;18;46;146;58;28;52;17
240.0;24;60;20;46;145;55;28;55;17
246.0;22;57;26;45;147;52;27;55;19
252.0;26;57;27;43;149;50;26;54;18
258.0;23;54;30;43;151;49;31;51;18
264.0;25;51;28;47;151;48;31;50;19
270.0;25;50;25;51;150;48;31;50;20
276.0;27;50;24;49;151;46;30;51;22
282.0;24;52;24;48;151;45;32;53;21
288.0;21;52;25;48;151;47;33;58;15
294.0;22;52;22;47;156;48;32;56;15
300.0;21;50;25;45;158;50;31;56;14
306.0;19;51;22;42;164;50;31;58;13
312.0;18;49;22;44;162;52;32;56;15
318.0;20;48;22;41;164;52;29;57;17
324.0;20;43;21;41;164;52;33;58;18
330.0;20;44;20;41;168;47;33;56;21
336.0;20;45;18;46;165;48;34;53;21
342.0;20;43;18;49;165;50;31;54;20
348.0;24;43;19;51;163;47;30;52;21
354.0;28;39;20;50;164;46;30;50;23
360.0;30;37;19;48;165;46;28;51;26
366.0;28;36;23;49;165;46;29;50;24
372.0;26;36;23;46;169;46;23;57;24
378.0;27;33;21;44;171;52;18;56;28
384.0;26;37;19;42;171;54;18;57;26
390.0;24;37;19;43;172;54;19;59;23
396.0;23;40;22;42;172;52;19;58;22
402.0;24;44;21;43;173;52;16;55;22
408.0;23;47;22;46;175;47;15;53;22
414.0;26;48;20;43;175;46;17;55;20
420.0;26;47;21;44;174;42;17;58;21
426.0;28;48;21;43;173;42;15;58;22
432.0;26;47;22;46;173;38;16;57;25
438.0;25;51;25;43;173;39;13;57;24
444.0;27;49;27;39;173;40;12;59;24
450.0;23;47;25;40;177;42;12;60;24
456.0;22;50;27;39;178;40;14;59;21
462.0;20;48;24;42;178;44;15;56;23
468.0;21;49;20;42;177;45;16;57;23
474.0;18;49;20;47;177;44;16;57;22
480.0;17;50;20;44;177;45;16;54;27
486.0;16;52;21;43;177;45;19;53;24
492.0;19;51;21;45;177;45;19;50;23
498.0;19;51;21;46;178;43;16;49;27
504.0;17;53;21;45;180;42;15;49;28
510.0;14;54;19;45;179;46;17;48;28
516.0;14;59;20;41;175;46;18;50;27
522.0;16;61;18;41;174;48;19;48;25
528.0;16;57;20;40;176;47;23;46;25
534.0;18;58;16;41;178;46;22;44;27
540.0;15;56;20;42;180;47;25;41;24
546.0;13;56;22;44;179;48;24;39;25
552.0;11;55;21;45;179;48;25;39;27
558.0;11;54;21;46;180;48;29;39;22
564.0;12;51;20;46;181;51;28;41;20
570.0;11;50;22;45;180;52;25;43;22
576.0;14;47;24;38;183;54;25;44;21
582.0;17;47;20;39;184;52;25;45;21
588.0;20;45;20;38;183;49;26;47;22
594.0;19;46;21;39;185;50;23;46;21
600.0;23;47;24;39;183;50;19;42;23
606.0;24;48;22;43;183;50;15;43;22
612.0;25;49;24;45;182;47;14;45;19
618.0;23;47;25;44;184;47;13;45;22
624.0;24;45;24;40;184;49;16;45;23
630.0;25;45;23;40;182;49;17;45;24
636.0;26;44;22;41;182;46;17;48;24
642.0;25;45;21;41;182;45;20;51;20
648.0;27;41;22;41;179;47;25;50;18
654.0;27;39;21;41;180;48;27;50;17
660.0;27;40;20;42;180;46;28;49;18
666.0;22;42;22;42;181;46;25;51;19
672.0;22;43;24;43;180;44;21;51;22
678.0;22;41;25;43;179;45;24;48;23
684.0;19;40;25;51;177;45;23;47;23
690.0;17;43;23;51;178;45;25;45;23
696.0;17;41;23;49;183;44;24;44;25
702.0;15;42;21;48;184;44;23;47;26
708.0;18;44;19;47;186;44;24;48;20
714.0;21;47;17;46;188;42;27;42;20
720.0;24;47;21;44;190;39;24;41;20
726.0;19;49;21;47;195;37;24;40;18
732.0;21;51;24;47;197;35;22;35;18
738.0;23;50;23;48;191;36;24;33;22
744.0;24;51;23;47;191;36;22;33;23
750.0;22;52;21;44;191;39;21;35;25
756.0;25;55;20;44;191;39;19;35;22
762.0;26;55;21;43;193;38;19;35;20
768.0;27;53;23;43;193;40;17;35;19
774.0;30;52;25;43;193;36;14;36;21
780.0;28;51;25;42;193;37;11;40;23
786.0;27;51;25;42;194;35;13;40;23
792.0;27;50;24;40;194;34;15;45;21
798.0;28;49;23;40;193;35;17;46;19
804.0;24;49;23;38;193;36;20;47;20
810.0;26;48;24;36;194;39;22;45;16
816.0;26;51;25;34;193;39;22;45;15
822.0;24;50;26;33;192;40;24;46;15
828.0;23;54;25;33;188;40;25;45;17
834.0;22;53;26;34;191;40;27;41;16
840.0;21;54;23;33;194;39;27;39;20
846.0;22;52;30;32;196;39;22;34;23
852.0;24;53;26;32;195;43;22;33;22
858.0;25;52;27;31;196;41;24;31;23
864.0;23;52;27;31;199;42;23;33;20
870.0;24;51;27;32;198;41;24;36;17
876.0;24;51;28;33;199;42;22;36;15
882.0;22;51;31;34;200;42;20;35;15
888.0;22;49;30;34;197;42;22;37;17
894.0;21;49;30;31;198;42;25;37;17
900.0;24;51;28;30;198;43;26;34;16
906.0;25;49;28;31;199;43;24;33;18
912.0;22;46;28;29;199;43;29;35;19
918.0;21;50;29;29;197;43;27;33;21
924.0;21;49;28;28;196;43;27;34;24
930.0;21;51;31;28;195;43;25;34;22
936.0;21;47;32;29;195;42;24;38;22
942.0;21;47;29;31;193;45;27;35;22
948.0;23;45;26;33;191;46;28;37;21
954.0;24;50;21;34;190;48;23;40;20
960.0;22;50;18;32;192;48;26;42;20
966.0;24;48;19;31;193;52;23;42;18
972.0;23;47;22;32;195;48;21;42;20
978.0;24;49;20;33;195;47;23;38;21
984.0;25;50;17;36;195;48;21;37;21
990.0;26;49;17;36;195;48;21;37;21
996.0;26;52;19;37;195;45;18;36;22
1002.0;23;50;18;43;192;45;23;35;21
1008.0;24;53;20;44;190;38;24;35;22
1014.0;21;54;17;45;188;40;21;35;29
1020.0;19;55;15;47;187;42;19;35;31
1026.0;19;56;14;47;186;44;16;36;32
1032.0;22;59;12;48;185;42;16;38;28
1038.0;25;58;12;49;183;44;17;36;26
1044.0;21;59;14;49;185;44;18;37;23
1050.0;22;59;14;45;184;42;22;39;23
1056.0;21;60;15;44;188;43;21;36;22
1062.0;22;59;15;45;189;43;20;36;21
1068.0;24;55;15;46;191;42;20;39;18
1074.0;21;52;17;43;194;43;20;41;19
1080.0;21;47;19;45;197;42;18;41;20
1086.0;20;45;22;48;196;42;17;39;21
1092.0;25;43;21;48;197;39;18;39;20
1098.0;24;42;25;47;195;37;17;41;22
1104.0;22;42;24;50;196;35;18;39;24
1110.0;23;42;21;52;195;38;19;37;23
1116.0;20;40;20;51;199;43;19;35;23
1122.0;18;42;18;51;201;42;19;33;26
1128.0;19;39;16;48;202;44;17;35;30
1134.0;17;42;15;49;202;44;18;33;30
1140.0;17;43;18;49;201;45;18;30;29
1146.0;16;44;18;51;200;44;19;30;28
1152.0;18;41;18;51;199;44;22;31;26
1158.0;19;42;20;55;196;43;19;31;25
1164.0;17;41;21;56;195;42;21;33;24
1170.0;18;37;25;52;193;44;20;37;24
1176.0;19;37;26;53;196;42;21;36;20
1182.0;19;39;23;55;198;42;22;34;18
1188.0;19;42;24;52;198;39;22;35;19
1194.0;20;39;22;53;193;40;26;37;20
1200.0;21;38;22;53;194;39;25;35;23
1206.0;21;38;23;50;194;41;27;37;19
1212.0;21;41;22;49;194;42;25;38;18
1218.0;21;37;26;54;193;41;23;38;17
1224.0;20;38;26;53;193;39;22;40;19
1230.0;20;40;28;52;195;41;20;39;15
1236.0;19;44;24;48;195;46;21;37;16
1242.0;18;45;23;51;196;46;21;38;12
1248.0;19;40;24;53;197;46;21;36;14
1254.0;20;39;21;56;198;45;19;39;13
1260.0;21;38;20;57;200;44;18;38;14
1266.0;23;37;20;57;204;42;14;37;16
1272.0;24;38;21;53;203;42;14;39;16
1278.0;23;38;21;51;205;42;14;39;17
1284.0;24;38;20;48;202;42;15;41;20
1290.0;21;37;16;49;202;44;17;42;22
1296.0;21;40;17;49;203;41;15;41;23
1302.0;24;38;18;47;204;39;16;39;25
1308.0;24;38;20;43;200;44;15;40;26
1314.0;27;38;19;44;199;42;20;39;22
1320.0;28;42;16;40;203;38;20;43;20
1326.0;23;43;16;43;203;42;18;41;21
1332.0;22;43;16;47;203;41;20;39;19
1338.0;25;44;14;48;204;39;23;37;16
1344.0;26;43;14;46;205;37;27;37;15
1350.0;25;44;16;41;205;36;31;37;15
1356.0;25;46;18;42;199;35;33;37;15
1362.0;23;48;17;39;198;37;33;37;18
1368.0;19;47;20;41;199;36;32;38;18
1374.0;22;47;20;36;200;34;33;38;20
1380.0;22;46;21;41;199;39;28;37;17
1386.0;21;47;23;46;198;38;23;38;16
1392.0;21;49;19;45;197;42;24;37;16
1398.0;22;48;18;47;195;45;24;37;14
1404.0;23;49;19;47;195;49;22;34;12
1410.0;24;49;20;47;197;47;21;32;13
1416.0;28;48;17;49;196;46;20;33;13
1422.0;28;47;16;48;196;48;19;34;14
1428.0;29;49;16;45;195;49;18;33;16
1434.0;26;53;15;43;195;51;18;32;17
1440.0;28;53;16;39;193;48;23;31;19
1446.0;28;52;16;41;195;45;24;30;19
1452.0;26;53;15;41;199;43;25;25;23
1458.0;24;52;18;40;199;41;25;26;25
1464.0;25;52;17;38;199;42;24;26;27
1470.0;26;52;16;37;199;43;24;26;27
1476.0;24;52;18;37;201;42;22;28;26
1482.0;22;49;20;38;201;43;18;32;27
1488.0;21;46;21;42;202;45;19;32;22
1494.0;19;43;23;41;206;46;15;34;23
1500.0;19;40;24;39;208;50;17;33;20
1506.0;21;38;26;38;209;48;19;34;17
1512.0;23;36;25;37;209;50;20;34;16
1518.0;21;37;29;36;209;48;16;37;17
1524.0;20;40;28;34;205;48;20;38;17
1530.0;20;40;27;32;210;46;23;37;15
1536.0;18;38;26;34;212;47;23;37;15
1542.0;19;37;27;33;210;50;23;37;14
1548.0;20;38;28;33;207;47;24;37;16
1554.0;20;40;26;33;205;45;25;39;17
1560.0;19;40;25;35;203;47;24;40;17
1566.0;22;40;27;33;206;46;24;36;16
1572.0;23;38;25;34;204;47;24;39;16
1578.0;24;37;26;34;201;46;23;40;19
1584.0;23;40;25;35;204;41;25;39;18
1590.0;23;42;22;37;205;39;26;36;20
1596.0;24;40;24;35;203;40;29;36;19
1602.0;22;36;25;37;203;42;29;38;18
1608.0;20;35;21;38;205;44;28;38;21
1614.0;20;34;23;38;204;46;27;36;22
1620.0;19;33;20;34;205;48;27;41;23
1626.0;20;34;19;34;205;52;24;40;22
1632.0;19;33;20;35;204;53;23;41;22
1638.0;19;30;22;39;206;51;21;40;22
1644.0;23;29;22;37;206;46;21;41;25
1650.0;23;27;20;41;203;47;24;38;27
1656.0;23;30;19;41;201;45;24;41;26
1662.0;21;29;22;40;201;44;23;44;26
1668.0;20;32;21;44;200;41;27;42;23
1674.0;19;33;21;40;199;38;29;45;26
1680.0;19;36;20;38;200;41;28;45;23
1686.0;21;36;17;37;199;42;27;45;26
1692.0;23;37;19;33;197;40;30;43;28
1698.0;20;40;21;34;197;41;30;41;26
1704.0;15;40;21;35;201;42;31;40;25
1710.0;14;37;24;35;201;37;32;46;24
1716.0;16;38;26;34;203;36;26;49;22
1722.0;17;41;27;34;203;33;23;51;21
1728.0;18;41;24;32;203;33;23;53;23
1734.0;20;41;25;33;203;31;20;52;25
1740.0;23;41;24;35;202;31;18;49;27
1746.0;23;41;24;35;203;33;16;45;30
1752.0;26;38;25;37;202;34;16;46;26
1758.0;23;39;24;37;200;36;18;46;27
1764.0;23;37;27;38;202;34;15;44;30
1770.0;20;38;27;41;201;37;14;42;30
1776.0;16;36;29;42;200;38;13;46;30
1782.0;18;38;25;45;201;32;16;40;35
1788.0;22;40;28;43;202;31;16;37;31
1794.0;20;42;28;45;203;30;16;38;28
