#auto generated file!
12.0;51;32;59;48;64;57;60;58;61
18.0;48;33;57;52;65;55;59;60;61
24.0;46;37;55;54;67;56;58;61;56
30.0;45;38;49;56;71;55;58;61;57
36.0;46;39;49;54;78;56;59;61;48
42.0;45;43;50;53;80;53;55;61;50
48.0;43;44;49;53;82;52;53;63;51
54.0;42;43;45;57;84;49;52;69;49
60.0;40;48;48;57;85;52;47;64;49
66.0;38;47;49;56;91;51;48;64;46
72.0;38;47;47;58;93;53;46;63;45
78.0;44;47;48;56;93;52;42;60;48
84.0;43;49;45;58;95;52;42;60;46
90.0;42;48;43;58;96;55;41;61;46
96.0;40;48;41;61;97;56;47;59;41
102.0;39;45;40;63;103;54;44;60;42
108.0;36;45;38;65;105;51;46;58;46
114.0;31;47;30;67;107;51;49;60;48
120.0;29;48;32;72;109;51;43;62;44
126.0;27;52;32;73;108;51;40;65;42
132.0;27;53;35;74;110;49;37;66;39
138.0;29;54;38;72;112;50;37;64;34
144.0;30;55;36;73;112;54;33;60;37
150.0;29;57;36;70;113;53;38;59;35
156.0;29;57;35;66;120;53;36;60;34
162.0;29;57;33;65;120;57;37;57;35
168.0;29;57;32;66;122;56;36;55;37
174.0;32;59;30;63;122;56;37;53;38
180.0;33;57;29;66;126;58;35;52;34
186.0;32;55;27;70;129;54;36;54;33
192.0;31;60;29;70;131;52;35;53;29
198.0;31;59;30;68;136;55;34;49;28
204.0;28;62;32;67;139;54;31;49;28
210.0;21;58;31;68;143;59;31;50;29
216.0;25;59;31;64;141;60;34;47;29
222.0;22;57;29;67;140;65;31;46;33
228.0;20;58;27;67;142;66;32;44;34
234.0;18;59;28;68;140;71;30;42;34
240.0;15;61;29;70;143;73;29;39;31
246.0;16;66;29;67;143;70;28;40;31
252.0;18;65;30;64;144;68;28;40;33
258.0;20;67;30;63;147;65;27;39;32
264.0;19;67;33;66;147;61;22;42;33
270.0;21;69;28;66;148;57;24;44;33
276.0;19;68;31;63;153;57;25;44;30
282.0;16;70;30;64;157;60;20;45;28
288.0;17;69;31;61;160;59;21;47;25
294.0;21;67;29;65;160;58;16;47;27
300.0;19;63;27;68;161;59;18;48;27
306.0;18;63;23;65;163;61;22;49;26
312.0;15;64;22;67;164;62;21;50;25
318.0;18;66;21;69;163;62;16;50;25
324.0;20;66;23;67;164;57;18;50;25
330.0;19;62;22;71;166;56;17;51;26
336.0;16;64;23;71;165;55;16;50;30
342.0;18;60;25;69;168;57;17;46;30
348.0;16;63;27;64;169;56;20;46;29
354.0;17;65;25;62;173;56;21;43;28
360.0;17;65;22;60;175;58;21;43;29
366.0;18;64;26;59;178;57;20;40;28
372.0;19;63;26;60;178;56;20;41;27
378.0;18;63;23;62;178;56;22;41;27
384.0;22;65;25;56;179;56;17;41;29
390.0;22;66;24;55;179;54;18;43;29
396.0;22;66;25;51;179;59;14;44;30
402.0;21;61;22;52;179;58;16;49;32
408.0;21;61;22;52;181;57;17;50;29
414.0;22;59;23;53;182;60;16;49;26
420.0;24;57;24;52;181;59;20;48;25
426.0;22;56;21;54;182;60;19;51;25
432.0;29;58;20;52;186;57;15;49;24
438.0;31;56;20;52;188;56;16;47;24
444.0;30;55;19;47;189;58;19;47;26
450.0;25;57;17;45;191;62;18;50;25
456.0;22;58;22;44;190;64;18;47;25
462.0;20;59;24;43;193;63;17;46;25
468.0;19;60;24;43;199;63;13;45;24
474.0;19;57;25;38;201;61;14;50;25
480.0;18;56;27;39;198;60;16;52;24
486.0;21;52;27;40;198;59;15;52;26
492.0;20;51;28;38;199;58;18;52;26
498.0;16;53;29;39;200;57;17;52;27
504.0;16;55;28;36;201;57;19;52;26
510.0;16;56;30;36;199;58;16;52;27
516.0;17;51;30;39;206;54;18;49;26
522.0;19;50;31;39;207;55;18;49;22
528.0;19;51;31;41;207;54;19;46;22
534.0;19;50;32;43;204;55;19;47;21
540.0;20;49;31;41;206;55;21;47;20
546.0;23;48;29;44;207;51;20;44;24
552.0;21;49;30;43;206;50;22;43;26
558.0;20;51;30;42;205;48;20;44;30
564.0;23;50;26;44;206;46;21;45;29
570.0;22;52;27;44;207;44;18;46;30
576.0;23;53;23;46;208;45;16;45;31
582.0;20;55;26;45;210;45;17;43;29
588.0;20;57;27;43;212;45;17;39;30
594.0;18;60;31;40;212;44;17;37;31
600.0;17;59;30;38;214;45;20;36;31
606.0;20;60;28;42;213;38;21;36;32
612.0;22;58;28;42;210;43;18;37;32
618.0;24;53;30;43;210;43;16;39;32
624.0;24;53;31;45;210;45;14;38;30
630.0;20;54;30;45;211;45;17;39;29
636.0;21;55;27;41;212;48;18;39;29
642.0;22;54;28;42;213;48;18;40;25
648.0;24;51;27;43;214;48;18;42;23
654.0;22;52;27;43;216;45;16;44;25
660.0;23;50;25;43;217;47;15;45;25
666.0;20;50;27;45;218;48;15;42;25
672.0;20;52;27;46;217;48;17;39;24
678.0;19;58;23;43;216;50;20;38;23
684.0;18;62;23;44;214;47;20;38;24
690.0;17;61;22;45;217;44;21;38;25
696.0;22;62;26;40;218;41;22;35;24
702.0;22;61;25;38;218;41;23;36;26
708.0;19;57;25;37;219;44;24;37;28
714.0;20;57;23;36;219;48;23;38;26
720.0;24;54;24;39;219;47;24;35;24
726.0;24;52;24;40;221;47;22;36;24
732.0;22;56;23;40;220;48;24;38;19
738.0;25;55;24;39;219;46;23;41;18
744.0;27;54;22;40;219;45;21;41;21
750.0;29;55;19;41;223;41;21;43;18
756.0;27;52;14;44;225;39;24;45;20
762.0;24;53;16;42;222;43;26;44;20
768.0;23;53;18;40;223;42;30;42;19
774.0;24;52;18;40;226;39;29;42;20
780.0;28;55;18;38;223;38;26;42;22
786.0;32;54;19;37;225;39;23;40;21
792.0;29;51;20;36;227;42;23;41;21
798.0;31;55;17;36;228;42;21;40;20
804.0;33;53;16;37;233;38;21;41;18
810.0;31;50;17;40;233;39;20;42;18
816.0;30;48;18;36;235;41;23;41;18
822.0;27;51;19;37;231;45;23;40;17
828.0;28;51;21;37;229;46;21;39;18
834.0;32;49;20;37;228;43;25;39;17
840.0;30;51;20;37;230;43;24;41;14
846.0;29;51;19;37;229;45;23;41;16
852.0;30;50;22;39;222;46;24;41;16
858.0;33;50;24;42;222;42;21;41;15
864.0;32;48;21;41;223;45;19;41;20
870.0;30;55;20;44;219;40;21;41;20
876.0;32;58;19;42;220;39;20;39;21
882.0;33;58;18;43;219;46;19;34;20
888.0;31;58;19;48;215;44;21;35;19
894.0;34;57;21;46;217;43;19;34;19
900.0;29;64;22;44;216;44;18;35;18
906.0;29;64;20;44;216;46;17;36;18
912.0;28;63;21;47;218;44;13;36;20
918.0;27;60;23;48;220;42;13;36;21
924.0;30;56;25;48;219;42;12;37;21
930.0;32;56;21;46;218;43;17;36;21
936.0;32;54;20;45;217;42;17;42;21
942.0;34;52;17;44;218;43;17;45;20
948.0;30;50;19;47;221;44;15;42;22
954.0;32;50;20;45;221;42;15;44;21
960.0;33;47;22;44;222;43;15;43;21
966.0;33;50;23;44;222;38;17;45;18
972.0;29;51;25;46;221;39;15;46;18
978.0;31;49;22;48;222;37;15;49;17
984.0;25;49;22;47;224;37;17;50;19
990.0;28;49;22;46;221;38;19;51;16
996.0;29;46;23;46;219;38;19;52;18
1002.0;28;48;23;44;218;40;15;53;21
1008.0;31;49;20;41;221;40;15;54;19
1014.0;33;50;18;43;223;36;13;55;19
1020.0;31;56;19;40;222;36;14;53;19
1026.0;26;55;17;38;226;37;15;55;21
1032.0;21;56;17;38;226;40;14;54;24
1038.0;22;55;17;39;224;40;15;53;25
1044.0;20;56;21;39;228;40;17;47;22
1050.0;16;53;25;38;229;40;18;51;20
1056.0;16;53;24;37;230;41;17;50;22
1062.0;20;50;23;35;229;41;18;51;23
1068.0;19;50;19;37;231;42;18;51;23
1074.0;17;50;18;36;231;41;20;55;22
1080.0;17;53;20;35;227;43;20;53;22
1086.0;19;52;14;34;230;41;23;54;23
1092.0;23;49;14;34;229;43;24;53;21
1098.0;25;47;15;34;226;46;25;54;18
1104.0;24;50;14;34;226;47;26;51;18
1110.0;23;47;18;35;228;49;23;50;17
1116.0;24;49;19;35;228;49;18;51;17
1122.0;24;41;20;34;231;53;19;52;16
1128.0;23;41;19;35;233;51;20;52;16
1134.0;28;38;19;35;235;51;22;48;14
1140.0;25;36;23;37;233;51;22;49;14
1146.0;25;39;23;36;232;45;24;48;18
1152.0;23;39;22;37;234;45;22;49;19
1158.0;23;40;24;36;234;44;19;49;21
1164.0;22;41;23;38;233;47;21;45;20
1170.0;22;40;22;39;234;49;21;44;19
1176.0;22;42;22;39;233;48;20;45;19
1182.0;20;44;25;41;229;48;23;41;19
1188.0;20;45;26;39;227;50;23;42;18
1194.0;22;44;23;40;228;50;20;46;17
1200.0;17;46;23;40;225;50;22;46;21
1206.0;19;43;24;40;225;52;18;45;24
1212.0;17;42;23;41;223;56;20;44;24
1218.0;15;42;19;42;223;58;23;44;24
1224.0;12;43;19;42;225;56;24;44;25
1230.0;15;42;19;43;225;53;22;45;26
1236.0;18;40;18;42;222;54;21;48;27
1242.0;17;49;19;43;220;49;21;46;26
1248.0;17;48;17;44;216;50;23;47;28
1254.0;19;49;18;43;212;50;25;44;30
1260.0;20;50;19;42;213;51;24;41;30
1266.0;20;45;20;42;212;52;26;43;30
1272.0;19;45;20;43;209;51;27;45;31
1278.0;21;45;20;43;208;50;26;45;32
1284.0;22;44;22;44;207;48;27;44;32
1290.0;24;42;23;44;207;46;28;42;34
1296.0;20;41;22;46;212;47;26;42;34
1302.0;19;42;24;44;213;47;25;41;35
1308.0;20;42;24;42;217;48;22;44;31
1314.0;21;40;27;40;222;48;25;42;25
1320.0;25;39;25;43;222;45;24;42;25
1326.0;24;40;25;42;225;43;22;43;26
1332.0;22;39;23;45;223;42;23;46;27
1338.0;24;41;25;45;226;42;23;41;23
1344.0;27;44;27;44;223;40;27;37;21
1350.0;27;46;24;45;224;38;25;40;21
1356.0;24;49;23;46;222;40;25;41;20
1362.0;26;51;18;44;221;38;26;46;20
1368.0;23;50;15;44;221;40;28;46;23
1374.0;24;49;22;42;218;43;24;43;25
1380.0;24;46;21;43;217;44;23;44;28
1386.0;25;49;21;42;217;43;21;43;29
1392.0;26;49;24;43;214;38;24;44;28
1398.0;25;47;24;39;216;39;31;42;27
1404.0;22;48;22;40;217;43;29;42;27
1410.0;20;47;21;41;216;42;33;43;27
1416.0;20;46;25;40;214;43;33;42;27
1422.0;19;49;23;39;214;43;34;42;27
1428.0;18;47;24;38;215;45;35;39;29
1434.0;18;45;26;35;215;44;33;41;33
1440.0;20;46;24;38;218;43;30;38;33
1446.0;17;46;24;38;220;43;29;40;33
1452.0;14;46;25;40;219;43;28;41;34
1458.0;12;43;26;40;225;45;26;42;31
1464.0;13;48;23;40;226;45;27;39;29
1470.0;15;44;25;40;226;46;25;41;28
1476.0;17;43;27;38;227;44;26;40;28
1482.0;17;42;30;38;226;42;26;40;29
1488.0;19;42;28;37;226;37;33;40;28
1494.0;19;37;26;38;227;39;33;39;32
1500.0;20;35;27;40;229;39;34;34;32
1506.0;26;34;28;40;228;39;30;34;31
1512.0;29;34;26;40;227;40;28;36;30
1518.0;25;33;25;43;228;39;28;40;29
1524.0;26;33;25;44;225;38;28;42;29
1530.0;28;33;24;41;228;37;29;44;26
1536.0;30;36;23;37;228;35;28;45;28
1542.0;29;37;24;38;229;35;26;44;28
1548.0;27;38;25;41;231;35;25;43;25
1554.0;28;37;25;40;230;36;24;43;27
1560.0;28;36;24;42;234;36;21;43;26
1566.0;25;37;27;42;234;36;21;46;22
1572.0;26;37;25;42;234;37;19;47;23
1578.0;29;39;24;41;233;36;20;44;24
1584.0;27;40;26;42;230;34;24;44;23
1590.0;26;42;28;43;226;37;22;43;23
1596.0;29;38;27;40;227;39;23;43;24
1602.0;29;41;22;39;229;38;24;44;24
1608.0;30;41;24;39;229;35;23;43;26
1614.0;31;41;22;40;228;37;24;41;26
1620.0;28;40;24;43;230;38;23;42;22
1626.0;26;42;24;45;227;39;22;43;22
1632.0;27;41;22;42;231;38;21;44;24
1638.0;27;45;21;37;237;33;23;45;22
1644.0;26;46;24;37;233;33;24;44;23
1650.0;27;45;20;38;232;35;26;45;22
1656.0;27;42;21;39;235;39;24;43;20
1662.0;28;42;19;40;233;37;23;46;22
1668.0;26;41;19;39;236;39;21;45;24
1674.0;23;40;18;41;238;36;22;45;27
1680.0;23;37;19;41;239;39;22;46;24
1686.0;20;38;20;45;238;38;23;41;27
1692.0;23;37;18;44;236;40;26;42;24
1698.0;22;37;19;43;238;41;23;43;24
1704.0;23;37;21;40;240;41;23;42;23
1710.0;22;37;21;43;238;41;23;43;22
1716.0;22;33;20;44;239;40;23;44;25
1722.0;20;34;21;46;240;41;21;46;21
1728.0;20;33;23;47;240;40;20;49;18
1734.0;18;33;25;45;236;39;23;52;19
1740.0;19;32;24;42;235;40;24;51;23
1746.0;19;33;25;41;234;41;24;52;21
1752.0;15;33;27;42;235;40;27;52;19
1758.0;16;33;28;44;231;40;27;51;20
1764.0;17;35;26;43;236;38;28;48;19
1770.0;19;35;26;39;238;35;27;48;23
1776.0;20;36;24;39;237;37;25;50;22
1782.0;21;34;26;39;235;37;26;51;21
1788.0;22;32;27;39;235;40;26;48;21
1794.0;20;32;29;41;237;40;25;47;19
