#auto generated file!
12.0;43;51;58;42;40;45;37;47;57
18.0;43;48;60;45;44;45;34;48;53
24.0;42;49;55;47;44;46;35;50;52
30.0;39;51;56;48;45;45;36;52;48
36.0;36;53;55;48;47;49;32;58;42
42.0;36;55;52;45;49;47;34;60;42
48.0;35;58;51;45;51;47;31;61;41
54.0;31;58;47;48;54;47;32;63;40
60.0;28;60;46;46;57;46;32;63;42
66.0;24;60;44;47;60;52;32;64;37
72.0;28;59;45;46;62;53;27;64;36
78.0;32;54;45;43;65;60;26;64;31
84.0;31;51;43;42;66;62;27;62;36
90.0;32;53;41;42;67;60;26;63;36
96.0;31;51;42;45;68;61;28;59;35
102.0;31;48;39;49;69;61;28;58;37
108.0;27;50;37;50;71;58;27;54;46
114.0;26;53;36;46;72;59;29;54;45
120.0;23;54;32;46;75;66;30;52;42
126.0;23;55;33;44;75;72;26;55;37
132.0;23;51;28;44;80;74;30;52;38
138.0;23;52;27;44;83;73;31;51;36
144.0;22;51;26;47;86;73;30;51;34
150.0;22;55;29;47;86;73;27;51;30
156.0;16;56;31;48;88;71;26;54;30
162.0;16;55;33;46;91;69;23;56;31
168.0;18;55;34;44;93;68;22;58;28
174.0;19;52;33;44;94;64;24;59;31
180.0;18;52;32;45;99;63;21;61;29
186.0;22;48;30;44;102;62;21;61;30
192.0;21;44;28;45;104;64;22;64;28
198.0;19;43;32;42;108;61;21;63;31
204.0;18;47;25;45;112;57;24;63;29
210.0;20;41;28;43;114;59;27;61;27
216.0;21;43;25;43;116;59;26;64;23
222.0;19;44;26;45;118;55;28;57;28
228.0;20;44;26;49;115;51;27;57;31
234.0;21;44;22;48;116;49;29;59;32
240.0;23;44;22;48;116;49;26;60;32
246.0;18;43;24;51;118;52;23;58;33
252.0;15;43;26;54;119;52;24;57;30
258.0;14;42;25;55;120;53;25;54;32
264.0;19;39;23;53;121;54;26;53;32
270.0;21;39;23;55;124;52;24;54;28
276.0;21;41;22;56;127;51;24;53;25
282.0;23;40;20;58;128;52;23;54;22
288.0;23;42;24;59;130;47;23;54;18
294.0;22;41;20;57;131;50;25;54;20
300.0;24;40;21;58;130;51;25;52;19
306.0;25;41;22;56;131;48;22;55;20
312.0;25;39;22;58;130;48;22;53;23
318.0;24;40;21;53;132;49;23;52;26
324.0;23;43;19;53;135;47;22;54;24
330.0;24;42;19;53;138;48;22;52;22
336.0;25;42;18;52;142;45;22;53;21
342.0;26;40;20;52;142;45;22;51;22
348.0;25;40;20;50;144;48;24;51;18
354.0;27;39;19;48;144;47;27;51;18
360.0;29;39;19;46;140;48;29;54;16
366.0;31;37;20;48;139;48;29;52;16
372.0;28;37;23;45;138;49;29;52;19
378.0;27;36;23;43;140;48;30;55;18
384.0;24;39;25;42;142;48;29;54;17
390.0;23;39;27;41;143;45;28;55;19
396.0;24;40;23;42;145;45;26;53;22
402.0;21;38;24;42;145;48;24;55;23
408.0;23;36;25;39;144;49;26;57;21
414.0;22;36;24;39;141;52;27;58;21
420.0;22;35;24;39;143;52;26;56;23
426.0;22;32;22;38;143;54;30;55;24
432.0;25;34;23;40;141;51;31;51;24
438.0;25;37;22;41;141;48;29;49;28
444.0;24;42;23;40;140;45;30;49;27
450.0;28;45;21;42;142;43;26;49;24
456.0;30;48;19;43;144;42;23;49;22
462.0;28;49;20;41;145;44;21;49;23
468.0;27;54;19;42;145;41;22;46;24
474.0;29;51;18;42;151;41;19;46;23
480.0;29;49;17;43;152;40;18;47;25
486.0;32;50;16;44;155;35;17;45;26
492.0;32;49;16;46;155;36;16;44;26
498.0;30;51;16;49;157;37;13;40;27
504.0;26;50;17;47;159;39;12;43;27
510.0;24;51;16;49;158;38;12;43;29
516.0;24;53;17;47;157;39;12;46;25
522.0;23;53;16;46;158;40;12;49;23
528.0;23;53;14;48;161;38;12;48;23
534.0;21;51;16;48;161;44;11;47;21
540.0;21;50;19;44;162;42;12;50;20
546.0;22;50;20;44;160;44;12;46;22
552.0;23;50;19;41;164;44;12;46;21
558.0;22;48;19;42;164;43;13;44;25
564.0;23;49;20;43;167;41;10;43;24
570.0;22;48;21;44;169;37;12;44;23
576.0;21;49;21;44;166;39;11;46;23
582.0;20;47;18;43;167;38;13;46;28
588.0;21;48;20;43;166;36;11;46;29
594.0;22;44;21;42;166;39;11;46;29
600.0;21;45;22;45;167;39;11;44;26
606.0;21;45;19;43;166;37;14;44;31
612.0;22;41;21;45;169;35;13;46;28
618.0;24;41;23;44;167;34;13;47;27
624.0;21;37;23;47;171;33;14;46;28
630.0;24;35;22;47;171;32;16;46;27
636.0;24;38;22;50;172;34;16;42;22
642.0;23;37;22;50;171;36;18;43;20
648.0;20;37;26;52;170;33;16;48;18
654.0;20;37;25;53;169;34;18;47;17
660.0;18;36;24;51;171;32;21;44;23
666.0;17;35;22;50;173;32;23;46;22
672.0;17;33;19;51;174;32;23;50;21
678.0;16;34;19;50;174;33;22;51;21
684.0;17;34;19;51;172;31;20;54;22
690.0;19;34;20;48;172;30;21;57;19
696.0;16;33;19;44;171;32;23;61;21
702.0;19;35;20;45;170;33;20;59;19
708.0;20;37;20;44;169;35;21;59;15
714.0;20;35;19;45;169;38;20;58;16
720.0;18;38;19;44;166;41;18;57;19
726.0;20;34;19;42;168;40;20;58;19
732.0;19;35;18;42;165;44;21;57;19
738.0;20;34;17;40;167;46;23;55;18
744.0;22;38;18;41;166;47;18;50;20
750.0;20;35;19;43;167;48;18;49;21
756.0;23;36;16;42;168;49;19;45;22
762.0;23;34;18;42;170;48;21;42;22
768.0;25;32;18;40;167;47;23;46;22
774.0;24;31;19;39;170;48;22;45;22
780.0;22;35;19;38;170;46;23;45;22
786.0;25;35;21;40;172;46;20;40;21
792.0;25;38;20;40;173;44;19;40;21
798.0;25;38;21;39;175;45;16;40;21
804.0;26;39;23;39;175;45;13;43;17
810.0;28;36;24;37;178;42;12;44;19
816.0;28;37;22;35;178;40;13;44;23
822.0;29;39;22;34;179;38;15;44;20
828.0;28;39;23;37;179;38;13;44;19
834.0;22;40;23;39;181;39;11;48;17
840.0;20;40;23;40;182;39;14;47;15
846.0;19;40;25;42;184;37;14;44;15
852.0;19;41;25;41;184;36;17;42;15
858.0;15;43;22;42;188;37;17;42;14
864.0;17;45;20;40;189;33;23;39;14
870.0;17;43;19;39;194;34;21;39;14
876.0;15;40;19;40;193;35;22;40;16
882.0;15;39;22;38;193;35;22;39;17
888.0;18;37;24;38;194;38;22;35;14
894.0;22;35;24;36;190;42;21;38;12
900.0;24;34;20;38;190;40;20;40;14
906.0;24;33;19;40;188;42;20;41;13
912.0;24;32;20;40;190;41;19;40;14
918.0;23;35;18;38;192;43;19;38;14
924.0;22;33;18;37;196;44;18;38;14
930.0;20;37;17;39;196;41;17;38;15
936.0;19;38;16;40;197;40;18;38;14
942.0;18;38;15;43;196;39;17;39;15
948.0;19;38;15;39;196;36;19;39;19
954.0;21;37;18;38;193;33;19;45;16
960.0;21;36;19;39;194;32;20;44;15
966.0;23;31;18;40;199;33;18;46;12
972.0;21;31;20;41;198;31;19;48;11
978.0;20;34;20;39;196;33;20;47;11
984.0;20;36;19;40;197;35;20;43;10
990.0;20;37;17;39;199;32;21;43;12
996.0;20;38;19;39;198;32;21;42;11
1002.0;22;39;19;37;200;33;20;39;11
1008.0;23;39;20;34;198;32;22;39;13
1014.0;23;38;20;33;198;30;24;39;15
1020.0;20;37;20;33;196;31;25;40;18
1026.0;20;36;21;33;196;33;25;37;19
1032.0;22;36;19;35;195;33;22;37;21
1038.0;23;37;19;36;195;28;23;37;22
1044.0;23;37;20;33;198;27;23;38;21
1050.0;20;33;22;35;196;28;23;39;24
1056.0;17;34;22;35;197;27;25;40;23
1062.0;17;40;23;35;199;26;22;37;21
1068.0;22;39;28;35;196;26;19;37;18
1074.0;23;38;24;35;198;28;17;38;19
1080.0;22;41;23;34;198;27;16;42;17
1086.0;21;42;23;33;198;27;17;41;18
1092.0;21;42;22;31;200;25;19;40;20
1098.0;18;45;21;31;202;27;18;39;19
1104.0;19;44;23;32;203;27;14;38;20
1110.0;21;43;24;31;205;29;11;36;20
1116.0;24;44;18;31;206;32;11;35;19
1122.0;25;44;17;29;205;33;11;36;20
1128.0;23;45;20;30;203;32;13;36;18
1134.0;23;44;25;30;202;32;11;36;17
1140.0;22;44;22;31;204;31;13;35;18
1146.0;19;45;22;31;203;30;14;38;18
1152.0;16;43;22;31;206;33;14;40;15
1158.0;18;40;18;32;209;34;13;40;16
1164.0;17;40;17;34;207;34;13;40;18
1170.0;17;35;18;33;209;35;11;42;20
1176.0;16;35;18;34;208;37;10;42;20
1182.0;15;33;20;34;209;34;12;45;18
1188.0;18;33;20;40;207;32;11;41;18
1194.0;16;34;19;43;208;33;10;42;15
1200.0;16;35;19;42;208;34;10;41;15
1206.0;16;34;17;44;207;35;9;39;19
1212.0;17;33;17;43;208;36;9;39;18
1218.0;20;33;18;39;204;35;11;42;18
1224.0;18;33;19;39;204;31;11;45;20
1230.0;19;37;19;39;202;31;10;46;17
1236.0;15;37;19;39;204;34;11;44;17
1242.0;14;37;20;40;203;35;10;43;18
1248.0;15;39;15;38;204;36;8;48;17
1254.0;13;40;16;38;205;35;9;46;18
1260.0;13;41;15;38;204;33;11;47;18
1266.0;13;41;15;37;206;30;11;49;18
1272.0;13;39;16;36;204;31;10;53;18
1278.0;15;38;14;35;207;31;10;52;18
1284.0;16;35;15;33;209;33;12;48;19
1290.0;16;35;13;31;210;32;16;46;21
1296.0;16;34;15;31;208;30;17;48;21
1302.0;17;36;16;29;207;31;18;47;19
1308.0;18;38;15;29;206;34;19;44;17
1314.0;18;41;17;29;204;36;16;43;16
1320.0;19;39;15;32;207;36;18;41;13
1326.0;15;39;13;38;208;36;18;42;11
1332.0;17;38;14;37;208;34;18;42;12
1338.0;17;39;14;36;208;35;19;41;11
1344.0;19;39;15;37;207;34;17;40;12
1350.0;21;39;12;37;205;34;16;42;14
1356.0;21;40;12;36;206;34;16;42;13
1362.0;23;38;11;40;208;32;15;41;12
1368.0;23;33;12;39;208;34;14;43;14
1374.0;21;32;14;39;208;36;14;44;12
1380.0;20;33;14;38;209;35;14;41;16
1386.0;18;37;13;40;206;33;14;42;17
1392.0;16;37;13;40;207;33;15;42;17
1398.0;17;34;10;42;207;35;17;39;19
1404.0;17;34;10;42;205;35;17;39;21
1410.0;19;34;11;40;206;35;17;40;18
1416.0;18;33;11;40;202;35;19;43;19
1422.0;18;29;17;39;204;35;18;40;20
1428.0;18;34;16;40;200;36;17;39;20
1434.0;20;33;13;39;202;36;17;40;20
1440.0;18;34;14;36;207;38;18;39;16
1446.0;20;32;17;36;205;37;19;38;16
1452.0;19;33;18;35;205;36;16;42;16
1458.0;19;34;19;35;205;36;13;42;17
1464.0;21;34;16;36;203;33;17;42;18
1470.0;24;36;15;39;201;36;17;38;14
1476.0;23;36;13;41;201;35;18;37;16
1482.0;20;36;12;42;202;36;21;34;17
1488.0;18;36;15;41;203;35;22;34;16
1494.0;18;37;15;39;207;33;23;33;15
1500.0;18;36;15;42;208;32;22;32;15
1506.0;20;38;14;42;207;30;23;33;13
1512.0;17;39;15;41;206;30;23;34;15
1518.0;17;40;14;45;207;28;21;31;17
1524.0;17;38;14;47;207;30;22;30;15
1530.0;16;37;17;47;206;30;23;29;15
1536.0;18;39;17;43;206;32;23;30;12
1542.0;20;41;17;43;203;31;19;35;11
1548.0;18;37;19;42;204;34;17;37;12
1554.0;17;39;15;41;203;34;17;39;15
1560.0;17;38;17;41;202;34;19;36;16
1566.0;18;39;16;37;202;38;18;37;15
1572.0;17;37;16;33;205;36;19;39;18
1578.0;18;35;17;33;207;35;20;36;19
1584.0;18;35;17;33;211;30;22;34;20
1590.0;17;37;13;33;210;33;22;33;22
1596.0;17;35;16;34;210;33;20;35;20
1602.0;21;35;16;33;210;36;18;35;16
1608.0;23;33;13;34;210;37;17;37;16
1614.0;22;35;12;34;210;36;19;36;16
1620.0;22;37;12;33;208;36;20;39;13
1626.0;23;36;15;31;208;35;19;38;15
1632.0;26;35;17;30;206;35;21;35;15
1638.0;26;32;18;32;203;36;22;34;17
1644.0;26;31;17;33;203;38;20;33;19
1650.0;25;35;14;32;202;41;21;32;18
1656.0;22;34;17;30;202;41;19;32;23
1662.0;21;34;18;31;200;42;21;31;22
1668.0;24;33;18;31;202;42;19;30;21
1674.0;23;33;19;30;202;43;18;32;20
1680.0;25;32;20;32;201;45;12;34;19
1686.0;27;35;18;34;201;42;11;36;16
1692.0;27;34;19;36;204;39;8;36;17
1698.0;27;33;16;39;206;36;10;36;17
1704.0;26;34;18;38;207;37;10;34;16
1710.0;23;34;19;35;210;37;9;36;17
1716.0;23;33;18;34;210;39;10;35;18
1722.0;18;35;19;35;210;39;14;34;16
1728.0;19;34;19;36;208;36;15;35;18
1734.0;19;34;19;35;208;34;15;36;20
1740.0;18;38;15;35;207;36;14;37;20
1746.0;18;39;15;33;212;37;11;38;17
1752.0;19;39;16;33;211;37;13;36;16
1758.0;20;42;17;34;207;37;12;34;17
1764.0;21;44;17;32;206;36;15;33;16
1770.0;21;42;18;34;207;33;14;34;17
1776.0;22;40;20;38;205;31;14;34;16
1782.0;20;40;20;39;204;31;16;35;15
1788.0;20;43;20;40;202;30;16;35;14
1794.0;19;41;21;41;202;30;16;36;14
