#auto generated file!
12.0;12;12;15;8;14;11;13;14;11
18.0;7;14;14;6;17;10;14;16;12
24.0;5;14;14;7;18;11;14;16;11
30.0;5;14;15;7;18;11;13;16;11
36.0;6;13;16;7;18;10;13;17;10
42.0;3;13;13;8;18;12;11;20;12
48.0;4;12;15;9;18;14;10;20;8
54.0;6;12;14;9;19;13;10;19;8
60.0;7;14;11;9;20;12;9;19;9
66.0;7;16;10;10;21;12;8;17;9
72.0;8;16;12;13;22;9;5;16;9
78.0;8;16;12;13;23;9;5;16;8
84.0;8;16;12;12;23;9;4;17;9
90.0;6;16;12;12;23;11;5;16;9
96.0;4;14;12;12;24;12;5;17;10
102.0;4;14;9;12;25;11;6;20;9
108.0;3;14;8;13;26;9;8;20;9
114.0;7;14;7;12;24;9;8;20;9
120.0;7;15;9;15;23;9;7;17;8
126.0;6;15;9;17;22;9;7;16;9
132.0;6;14;9;16;22;11;6;17;9
138.0;6;14;9;17;22;11;5;17;9
144.0;7;15;10;17;22;11;6;14;8
150.0;6;16;9;17;22;11;7;14;8
156.0;7;14;8;16;23;11;8;15;8
162.0;7;15;6;17;24;12;7;14;8
168.0;8;15;5;17;24;13;7;14;7
174.0;8;16;5;16;25;13;6;15;6
180.0;8;15;6;15;28;15;3;14;6
186.0;8;13;6;15;27;15;4;15;7
192.0;8;15;5;16;29;15;4;13;5
198.0;8;17;8;14;28;13;5;13;4
204.0;8;16;7;15;29;12;5;14;4
210.0;7;16;7;15;29;14;5;12;5
216.0;7;17;7;15;29;14;4;12;5
222.0;8;15;7;13;30;13;5;12;7
228.0;8;13;8;13;30;15;5;11;7
234.0;6;13;8;14;30;15;7;11;6
240.0;6;14;7;16;30;14;5;11;7
246.0;8;13;6;14;32;13;6;11;7
252.0;8;13;8;13;32;13;5;11;7
258.0;10;13;6;14;33;12;5;10;7
264.0;9;14;8;13;34;12;4;10;6
270.0;11;15;8;11;35;11;4;9;6
276.0;12;12;9;11;37;12;4;8;5
282.0;8;12;9;12;37;13;5;8;6
288.0;8;12;10;12;37;14;3;8;6
294.0;9;13;9;10;39;14;3;8;5
300.0;9;13;8;10;39;13;6;8;4
306.0;8;14;7;9;42;14;5;8;3
312.0;7;14;6;9;43;15;5;8;3
318.0;7;13;5;9;42;17;5;9;3
324.0;7;13;5;9;41;15;7;10;3
330.0;7;12;6;9;42;15;7;9;3
336.0;7;12;5;8;42;16;7;9;4
342.0;8;11;4;8;42;17;8;8;4
348.0;9;11;4;9;43;13;7;10;4
354.0;8;10;6;8;44;14;8;8;4
360.0;7;10;5;8;44;15;8;9;4
366.0;7;10;5;7;44;15;9;9;4
372.0;7;11;2;6;44;17;10;9;4
378.0;4;11;2;8;45;16;11;9;4
384.0;4;10;2;8;46;15;11;10;4
390.0;4;10;3;7;46;15;10;10;5
396.0;2;10;5;7;45;17;7;10;7
402.0;1;12;4;9;47;15;7;10;5
408.0;2;9;4;10;47;17;8;7;6
414.0;1;11;4;10;47;16;7;6;8
420.0;1;11;4;12;47;16;6;7;6
426.0;1;11;4;12;47;16;6;7;6
432.0;1;11;6;11;49;14;7;5;6
438.0;1;11;7;10;48;14;6;6;7
444.0;0;12;6;10;48;15;6;6;7
450.0;1;12;7;9;49;14;4;7;7
456.0;1;13;7;10;49;14;3;7;6
462.0;1;12;7;10;49;13;4;7;7
468.0;1;13;8;9;49;11;3;7;9
474.0;1;14;8;8;49;12;4;6;8
480.0;1;16;9;8;48;12;4;6;6
486.0;0;17;8;8;47;13;5;6;6
492.0;0;17;7;9;48;12;5;6;6
498.0;0;18;7;9;48;10;6;6;6
504.0;0;17;8;9;49;10;5;6;6
510.0;0;16;9;10;50;8;4;6;7
516.0;0;17;10;9;50;10;3;6;5
522.0;1;19;9;9;50;9;3;6;4
528.0;2;18;10;9;50;9;3;7;2
534.0;2;18;9;10;50;9;3;6;3
540.0;2;17;7;12;50;9;2;7;4
546.0;3;18;8;11;48;9;2;7;4
552.0;2;18;8;11;48;10;2;7;4
558.0;4;18;6;11;48;9;3;7;4
564.0;4;16;7;11;49;9;4;6;4
570.0;5;13;8;10;49;8;5;7;5
576.0;5;12;7;11;49;8;4;8;6
582.0;5;12;6;11;50;8;4;8;6
588.0;4;11;5;12;50;8;4;9;7
594.0;3;12;4;12;51;7;4;9;8
600.0;3;12;4;11;51;8;4;9;8
606.0;3;13;4;11;50;7;5;9;8
612.0;3;13;5;11;50;8;4;9;7
618.0;5;12;6;11;49;8;4;9;6
624.0;5;12;6;11;49;8;3;9;7
630.0;5;12;5;9;50;8;3;10;8
636.0;5;13;4;9;49;8;4;12;6
642.0;5;13;5;9;48;8;4;12;6
648.0;6;14;5;10;48;7;4;10;6
654.0;5;12;6;10;51;7;4;10;5
660.0;5;12;6;11;51;7;4;9;5
666.0;4;13;6;12;51;7;4;8;5
672.0;5;13;6;12;50;7;4;8;5
678.0;5;12;5;12;50;8;5;8;5
684.0;4;12;5;13;50;8;6;7;5
690.0;4;13;4;13;50;7;6;7;6
696.0;5;10;5;14;50;7;6;7;6
702.0;6;10;4;17;49;4;8;7;5
708.0;6;11;3;19;49;4;7;7;4
714.0;5;13;2;18;50;4;7;7;4
720.0;4;13;2;17;51;4;7;7;5
726.0;6;11;2;17;51;3;8;7;5
732.0;5;10;3;15;52;5;9;7;4
738.0;6;10;2;14;51;5;9;9;4
744.0;4;9;3;15;51;6;7;9;6
750.0;3;9;4;15;51;7;5;10;6
756.0;4;9;5;16;50;7;5;8;6
762.0;5;9;6;14;50;7;4;8;7
768.0;4;10;7;16;49;7;4;7;6
774.0;5;9;6;15;50;10;4;7;4
780.0;5;9;6;14;50;10;4;5;7
786.0;6;9;7;13;50;9;4;6;6
792.0;6;9;7;13;50;9;5;6;5
798.0;5;8;8;13;49;9;6;7;5
804.0;4;8;7;14;48;11;6;6;6
810.0;4;9;7;14;49;11;6;7;3
816.0;4;10;6;16;48;12;5;6;3
822.0;6;9;6;17;49;11;5;4;3
828.0;5;10;6;15;49;11;6;5;3
834.0;6;10;8;15;49;10;5;5;2
840.0;6;10;8;13;51;9;5;6;2
846.0;8;10;7;14;51;7;5;6;2
852.0;9;10;6;14;50;6;5;8;2
858.0;9;10;6;14;51;5;4;8;3
864.0;10;10;5;16;49;5;5;8;2
870.0;9;9;6;15;49;5;6;7;4
876.0;9;8;5;16;49;6;5;8;4
882.0;8;8;5;16;50;7;5;6;5
888.0;8;8;5;15;51;7;4;7;5
894.0;7;9;3;15;50;8;4;7;7
900.0;6;9;3;14;50;8;5;7;8
906.0;7;7;3;14;51;7;4;8;9
912.0;6;7;4;13;52;8;4;8;8
918.0;6;9;4;13;51;6;4;10;7
924.0;5;9;5;13;52;6;3;10;7
930.0;4;11;5;12;52;6;2;11;7
936.0;3;10;5;12;53;5;3;11;8
942.0;4;10;5;13;53;5;3;12;5
948.0;4;10;4;13;54;5;3;12;5
954.0;5;10;3;11;53;4;3;14;7
960.0;4;12;3;12;52;4;3;13;7
966.0;4;12;3;14;50;6;3;12;6
972.0;5;12;4;13;49;6;3;11;7
978.0;6;14;4;14;48;5;3;9;7
984.0;6;15;4;14;47;5;3;9;7
990.0;7;16;3;13;47;5;3;10;6
996.0;8;15;3;12;48;5;3;10;6
1002.0;10;14;3;10;49;7;2;9;6
1008.0;9;13;2;10;49;7;2;11;7
1014.0;10;11;1;11;49;7;3;11;7
1020.0;11;11;1;12;47;7;3;11;7
1026.0;9;10;2;13;47;7;4;11;7
1032.0;9;9;2;14;46;7;4;12;7
1038.0;8;8;2;13;48;7;6;12;6
1044.0;8;7;2;14;48;6;8;12;5
1050.0;8;8;3;12;46;6;9;12;6
1056.0;7;9;2;14;45;6;9;13;5
1062.0;4;13;3;14;47;4;7;13;5
1068.0;3;13;3;14;47;4;8;13;5
1074.0;4;13;4;13;47;4;6;14;5
1080.0;4;14;4;13;48;4;6;14;3
1086.0;4;14;4;13;48;4;6;14;3
1092.0;3;14;4;13;48;4;6;14;4
1098.0;4;13;4;12;48;4;6;15;4
1104.0;4;14;4;12;48;4;6;14;4
1110.0;6;13;5;11;47;5;6;14;3
1116.0;6;12;5;11;48;6;5;14;3
1122.0;6;12;5;12;48;6;4;14;3
1128.0;6;12;5;11;49;6;4;14;3
1134.0;5;12;5;11;49;6;5;14;3
1140.0;5;11;7;11;49;8;4;12;3
1146.0;5;12;6;10;49;8;5;12;3
1152.0;6;11;3;10;50;8;5;14;3
1158.0;5;12;3;9;51;9;5;13;3
1164.0;3;13;3;8;50;10;5;13;5
1170.0;2;11;3;9;51;10;6;14;4
1176.0;4;11;4;9;49;11;3;14;5
1182.0;4;10;4;7;51;11;3;15;5
1188.0;3;10;4;6;52;10;6;14;5
1194.0;3;13;5;5;51;9;5;14;5
1200.0;3;13;4;5;50;11;4;15;5
1206.0;3;13;4;5;50;10;5;15;5
1212.0;4;12;6;7;49;9;4;15;4
1218.0;4;13;7;8;47;9;5;13;4
1224.0;4;12;6;9;48;9;6;12;4
1230.0;4;12;6;9;47;9;6;12;5
1236.0;4;12;9;9;47;9;5;11;4
1242.0;3;12;9;9;48;9;5;11;4
1248.0;3;14;11;9;48;8;5;10;2
1254.0;2;14;9;9;49;9;6;10;2
1260.0;2;13;8;11;49;8;6;10;3
1266.0;2;12;10;10;49;8;5;11;3
1272.0;2;11;10;9;50;8;5;11;4
1278.0;2;11;10;10;51;8;4;11;3
1284.0;2;11;9;10;51;8;6;11;2
1290.0;2;11;6;11;52;10;5;11;2
1296.0;2;13;3;12;52;8;6;11;3
1302.0;2;13;3;10;54;7;6;12;3
1308.0;2;12;3;10;54;8;7;11;3
1314.0;2;12;3;12;54;8;6;10;3
1320.0;2;12;2;11;55;7;7;11;3
1326.0;4;11;2;11;55;7;6;11;3
1332.0;4;11;3;10;55;8;7;9;3
1338.0;6;11;3;10;55;8;4;9;4
1344.0;5;11;3;11;55;7;4;9;5
1350.0;4;11;4;11;57;9;5;7;2
1356.0;4;12;2;9;57;10;5;9;2
1362.0;3;12;2;9;58;10;4;10;2
1368.0;6;12;1;9;57;11;1;10;3
1374.0;5;12;2;10;57;11;2;9;2
1380.0;5;9;3;10;57;12;3;9;2
1386.0;5;9;3;11;57;11;3;8;3
1392.0;5;10;2;10;57;11;2;8;5
1398.0;5;9;2;11;58;10;1;8;6
1404.0;5;9;2;12;58;10;1;8;5
1410.0;4;9;2;12;59;11;2;6;5
1416.0;4;8;2;12;60;11;3;5;5
1422.0;5;7;2;11;59;13;4;5;4
1428.0;3;5;3;10;61;13;4;6;5
1434.0;3;4;3;11;61;11;5;8;4
1440.0;4;5;3;10;61;12;3;8;4
1446.0;4;5;3;10;60;13;3;8;4
1452.0;4;5;3;12;58;13;3;7;5
1458.0;4;5;3;10;57;13;3;9;6
1464.0;4;5;4;10;56;13;3;9;6
1470.0;6;3;5;10;54;14;3;9;6
1476.0;6;4;5;11;53;12;3;10;6
1482.0;5;4;5;10;54;13;5;8;6
1488.0;6;4;6;11;54;12;6;8;3
1494.0;7;4;5;10;55;11;7;8;3
1500.0;8;4;7;10;53;10;7;7;4
1506.0;7;4;7;10;53;8;10;8;3
1512.0;7;4;6;11;53;8;9;9;3
1518.0;7;6;6;12;53;6;8;9;3
1524.0;7;6;5;12;53;7;9;9;2
1530.0;7;7;5;12;53;7;9;8;2
1536.0;7;6;5;13;53;6;9;9;2
1542.0;8;7;5;11;52;9;7;9;2
1548.0;7;9;5;12;51;9;6;9;2
1554.0;6;10;5;12;50;11;6;7;3
1560.0;3;10;6;11;51;12;6;7;4
1566.0;2;9;8;12;50;12;6;7;4
1572.0;2;10;8;12;51;12;5;6;4
1578.0;3;9;8;12;51;12;5;6;4
1584.0;3;9;6;13;51;11;5;7;5
1590.0;3;9;5;11;55;11;5;7;4
1596.0;2;9;5;12;55;10;5;7;5
1602.0;2;8;5;12;55;10;7;6;5
1608.0;2;8;5;12;55;11;7;6;4
1614.0;2;10;5;11;55;10;7;6;4
1620.0;2;11;6;10;55;10;6;6;4
1626.0;4;10;6;11;55;11;2;6;5
1632.0;3;10;6;11;55;10;4;6;5
1638.0;4;10;5;10;54;9;3;8;7
1644.0;5;10;6;10;56;9;2;8;4
1650.0;5;8;6;9;57;9;5;8;3
1656.0;6;8;6;9;57;8;6;9;1
1662.0;6;9;4;9;57;9;5;10;1
1668.0;7;9;5;8;57;8;4;10;2
1674.0;5;9;5;8;58;8;5;11;1
1680.0;4;9;6;9;58;8;5;10;1
1686.0;4;9;6;10;57;8;5;9;2
1692.0;5;9;6;10;57;8;4;9;2
1698.0;6;9;6;10;56;8;5;8;2
1704.0;6;8;5;10;57;9;5;7;3
1710.0;6;8;4;9;56;10;6;8;3
1716.0;6;8;4;8;58;10;6;7;3
1722.0;7;7;5;9;57;10;5;7;3
1728.0;9;6;6;10;57;8;5;7;2
1734.0;8;6;5;10;55;9;5;9;3
1740.0;9;5;4;10;55;9;6;9;3
1746.0;8;5;3;10;55;8;7;11;3
1752.0;7;5;3;10;56;11;5;10;3
1758.0;6;6;3;11;57;11;4;9;3
1764.0;4;6;4;10;57;12;5;10;2
1770.0;7;5;5;9;56;12;6;8;2
1776.0;6;7;4;9;56;14;5;7;2
1782.0;5;8;3;9;55;14;6;8;2
1788.0;4;7;2;9;55;15;6;9;3
1794.0;4;7;4;9;54;15;4;9;4
