#auto generated file!
12.0;24;20;31;27;26;40;26;19;27
18.0;25;22;29;28;29;36;24;18;29
24.0;26;21;28;30;28;37;21;19;30
30.0;24;23;27;31;28;38;24;16;29
36.0;24;28;24;33;29;38;21;17;26
42.0;26;27;24;33;31;37;23;15;24
48.0;25;26;24;36;32;38;21;17;21
54.0;22;27;25;35;32;39;20;16;24
60.0;20;29;25;34;33;39;21;18;21
66.0;19;28;22;33;35;41;20;20;22
72.0;16;31;23;33;38;40;20;18;21
78.0;14;31;24;33;37;39;18;21;23
84.0;13;32;22;33;40;38;14;21;27
90.0;13;34;20;36;40;36;14;20;27
96.0;13;35;21;33;41;38;13;20;26
102.0;18;34;18;34;42;36;12;22;24
108.0;18;35;16;37;43;31;12;23;25
114.0;17;35;14;35;46;32;13;25;23
120.0;15;35;15;34;47;28;15;29;22
126.0;19;35;15;32;48;29;15;28;19
132.0;18;35;13;33;48;31;14;30;18
138.0;20;36;12;31;49;30;15;29;18
144.0;22;38;11;33;49;28;15;26;18
150.0;24;36;10;33;49;30;15;26;17
156.0;20;35;13;37;49;29;15;24;18
162.0;20;35;14;35;51;29;15;23;18
168.0;21;35;17;34;52;28;14;21;18
174.0;18;33;17;34;54;28;16;22;18
180.0;20;29;16;34;54;28;16;24;19
186.0;18;30;14;36;55;28;16;26;17
192.0;20;29;15;38;55;26;15;27;15
198.0;19;26;17;40;55;27;15;27;14
204.0;19;28;18;39;55;25;14;29;13
210.0;19;28;18;38;55;26;14;30;12
216.0;20;29;15;36;58;25;14;32;11
222.0;17;31;15;37;60;24;15;30;11
228.0;18;28;15;36;59;27;15;33;9
234.0;17;29;16;34;59;27;14;35;9
240.0;19;28;15;36;58;27;12;34;11
246.0;18;30;16;36;58;25;10;34;13
252.0;16;30;15;36;59;24;11;36;13
258.0;18;28;17;36;58;26;12;33;12
264.0;16;30;19;33;61;26;13;31;11
270.0;17;32;19;30;61;25;13;30;13
276.0;18;33;19;29;62;22;12;27;18
282.0;19;33;18;28;63;23;13;25;18
288.0;17;34;21;28;64;21;13;25;17
294.0;16;32;23;27;65;21;14;25;17
300.0;16;29;19;24;67;24;17;27;17
306.0;16;29;17;24;69;23;16;30;16
312.0;14;28;15;26;71;25;15;30;16
318.0;16;27;14;24;71;25;17;29;17
324.0;16;27;13;22;74;25;17;30;16
330.0;14;26;16;23;74;25;15;32;15
336.0;16;27;15;23;74;26;14;31;14
342.0;10;29;15;24;74;30;13;32;13
348.0;11;30;15;24;72;30;14;31;13
354.0;12;29;16;24;72;29;17;26;15
360.0;13;27;17;23;73;28;18;25;16
366.0;14;27;17;23;73;27;16;28;15
372.0;17;27;18;21;69;30;14;28;16
378.0;15;27;19;20;74;27;15;28;15
384.0;16;27;20;22;75;24;14;28;14
390.0;16;25;21;22;77;25;14;27;13
396.0;14;22;21;25;78;27;13;28;12
402.0;11;21;19;24;78;30;15;30;12
408.0;13;22;17;23;78;28;16;30;13
414.0;14;23;18;22;79;28;17;28;11
420.0;14;20;16;23;80;29;17;28;13
426.0;14;18;19;23;80;30;14;27;15
432.0;15;17;17;24;82;31;13;26;15
438.0;16;16;13;21;84;32;16;28;14
444.0;15;16;12;19;86;33;19;28;12
450.0;17;19;12;19;86;34;18;25;10
456.0;15;19;13;18;86;37;19;25;8
462.0;14;21;15;21;84;36;18;24;7
468.0;14;23;16;21;85;35;16;25;5
474.0;14;25;13;23;85;33;15;27;5
480.0;15;24;14;25;84;31;16;27;4
486.0;13;23;14;25;84;31;16;30;4
492.0;12;23;15;23;83;30;19;30;5
498.0;11;23;11;19;83;33;20;34;6
504.0;9;20;12;19;84;34;19;36;7
510.0;12;20;11;19;84;32;20;37;5
516.0;11;21;11;21;83;32;21;35;5
522.0;12;20;12;22;83;29;19;37;6
528.0;12;20;13;23;82;25;18;39;8
534.0;14;20;12;21;82;27;17;36;11
540.0;14;19;11;22;83;27;15;38;11
546.0;16;19;11;21;85;26;14;38;10
552.0;18;20;9;20;86;25;12;38;12
558.0;20;20;8;20;86;22;13;39;12
564.0;18;22;8;21;86;22;12;39;12
570.0;19;21;7;23;86;21;11;40;12
576.0;19;20;7;22;87;21;12;38;14
582.0;18;22;9;23;86;22;12;36;12
588.0;17;22;10;24;85;21;12;36;13
594.0;18;22;9;25;85;21;12;36;12
600.0;19;23;8;23;85;21;13;36;12
606.0;20;21;8;21;87;21;13;35;14
612.0;19;19;11;19;86;22;14;38;12
618.0;19;19;11;18;88;21;13;38;13
624.0;18;19;14;18;86;22;11;39;13
630.0;17;17;14;17;86;21;15;40;13
636.0;17;16;14;17;85;22;15;41;13
642.0;14;18;17;17;86;21;11;43;13
648.0;15;18;18;18;86;18;11;42;14
654.0;14;21;18;19;88;17;11;39;13
660.0;11;21;16;20;89;19;13;39;12
666.0;14;21;15;20;90;18;10;39;13
672.0;14;21;17;20;90;18;10;37;13
678.0;17;20;16;19;89;19;11;36;13
684.0;16;22;15;21;90;21;10;32;13
690.0;14;21;14;22;93;22;9;30;15
696.0;15;18;14;22;91;23;10;30;17
702.0;15;20;15;23;90;22;8;31;16
708.0;15;19;17;23;91;22;8;30;15
714.0;13;21;16;27;90;22;5;30;16
720.0;11;21;17;26;91;24;5;31;14
726.0;11;17;17;26;93;26;8;30;12
732.0;10;18;16;27;93;27;8;30;11
738.0;7;20;17;27;93;27;10;29;10
744.0;7;22;17;26;93;28;11;27;9
750.0;8;21;15;29;92;26;12;27;10
756.0;7;21;14;27;94;25;13;28;11
762.0;8;24;11;29;93;27;11;26;11
768.0;8;25;11;27;94;26;10;29;10
774.0;10;27;10;29;92;25;9;29;9
780.0;12;25;10;28;93;24;11;28;9
786.0;14;25;12;28;91;25;10;27;8
792.0;13;25;13;27;92;25;13;26;6
798.0;12;25;15;26;92;26;12;27;5
804.0;11;24;15;25;90;29;13;27;6
810.0;9;25;16;23;91;29;12;29;6
816.0;10;25;13;22;87;31;15;30;7
822.0;11;26;14;24;88;31;13;28;5
828.0;10;26;15;22;87;32;13;29;6
834.0;10;22;18;22;91;28;11;31;7
840.0;10;22;15;23;93;29;7;32;9
846.0;9;23;13;21;94;30;7;33;10
852.0;8;25;12;20;94;28;9;32;12
858.0;7;25;13;19;96;28;10;29;13
864.0;6;23;11;22;98;28;10;28;14
870.0;7;22;11;23;98;28;9;28;14
876.0;8;23;13;24;96;25;9;28;14
882.0;7;21;14;25;97;24;9;30;13
888.0;8;21;14;26;98;21;9;30;13
894.0;8;20;16;25;98;22;9;30;12
900.0;8;21;15;28;100;20;10;28;10
906.0;6;23;16;28;100;19;9;29;10
912.0;6;24;14;29;101;22;9;28;7
918.0;9;21;14;32;100;23;7;29;5
924.0;12;19;15;33;101;23;6;26;5
930.0;10;22;14;34;104;21;5;25;5
936.0;11;22;14;33;104;21;7;23;5
942.0;11;23;12;35;103;21;6;24;5
948.0;11;21;12;33;104;21;7;24;7
954.0;10;22;14;31;105;22;6;23;7
960.0;13;21;12;29;107;22;6;23;7
966.0;12;21;13;30;107;21;8;21;7
972.0;10;25;16;30;107;19;7;20;6
978.0;11;25;16;28;105;18;9;20;8
984.0;12;22;19;28;105;19;9;19;7
990.0;12;19;17;28;105;22;10;18;9
996.0;13;19;18;28;104;23;10;16;9
1002.0;13;18;18;28;104;22;10;17;10
1008.0;13;21;19;27;105;20;11;15;9
1014.0;9;21;21;28;104;22;12;15;8
1020.0;11;24;21;28;101;23;9;16;7
1026.0;12;23;18;28;102;21;8;20;8
1032.0;11;21;18;28;103;20;10;21;8
1038.0;11;21;14;27;106;19;15;20;7
1044.0;12;20;15;25;106;19;12;22;9
1050.0;12;21;15;23;105;19;11;24;10
1056.0;11;22;16;24;105;20;9;22;11
1062.0;12;23;14;24;103;22;11;19;12
1068.0;11;21;15;24;103;23;13;18;12
1074.0;12;21;15;24;102;21;13;21;11
1080.0;14;22;14;24;102;20;13;22;9
1086.0;14;23;14;23;99;19;15;21;12
1092.0;13;23;16;22;100;18;16;21;11
1098.0;12;20;17;20;102;18;18;22;11
1104.0;11;21;18;18;104;18;17;21;12
1110.0;13;21;16;17;104;17;18;20;14
1116.0;13;21;18;17;105;20;14;20;12
1122.0;12;20;18;18;105;23;13;21;10
1128.0;13;19;16;18;105;23;14;21;11
1134.0;12;19;17;20;103;23;13;19;14
1140.0;13;20;18;19;104;20;12;20;14
1146.0;13;21;19;20;103;17;14;21;12
1152.0;11;20;19;22;101;17;13;24;13
1158.0;13;21;17;24;101;18;12;22;12
1164.0;14;22;16;23;99;20;12;23;11
1170.0;13;21;17;25;95;21;13;24;11
1176.0;12;23;17;25;95;20;13;24;11
1182.0;10;24;19;24;96;22;12;23;10
1188.0;10;25;19;26;95;18;14;22;11
1194.0;10;26;17;24;94;18;15;23;13
1200.0;7;27;19;25;94;19;14;23;12
1206.0;8;23;17;30;97;18;12;23;12
1212.0;12;24;16;27;99;19;12;22;9
1218.0;14;25;14;30;99;18;11;22;7
1224.0;12;23;14;28;101;23;11;23;5
1230.0;13;21;13;27;100;25;12;22;7
1236.0;14;20;10;27;101;27;12;21;8
1242.0;16;21;8;28;100;28;11;19;9
1248.0;13;22;10;30;99;26;12;17;11
1254.0;13;23;8;30;99;25;13;19;10
1260.0;12;26;6;32;99;22;13;20;10
1266.0;12;27;6;31;100;20;13;20;11
1272.0;10;27;4;31;101;22;12;21;12
1278.0;10;28;4;31;101;21;11;21;13
1284.0;10;26;3;34;102;21;10;19;15
1290.0;9;26;5;35;100;21;10;18;16
1296.0;6;24;9;35;99;22;10;20;15
1302.0;6;21;9;37;99;20;8;21;19
1308.0;5;22;6;36;103;20;9;20;19
1314.0;4;25;7;36;104;19;6;21;18
1320.0;6;25;9;36;102;19;9;20;14
1326.0;7;24;11;35;100;20;9;19;15
1332.0;9;25;10;34;99;20;10;18;15
1338.0;13;23;10;34;99;19;10;20;12
1344.0;11;20;10;35;97;21;13;21;12
1350.0;11;23;10;34;97;22;12;20;11
1356.0;11;22;11;36;97;21;11;20;11
1362.0;12;22;11;33;98;22;12;20;10
1368.0;12;22;11;33;96;22;11;21;12
1374.0;13;24;11;35;98;22;8;19;10
1380.0;11;23;9;37;100;21;9;18;12
1386.0;11;23;7;36;101;23;10;16;13
1392.0;11;22;7;36;101;22;9;16;16
1398.0;7;24;8;36;100;21;10;19;15
1404.0;8;24;10;35;98;19;10;20;16
1410.0;8;24;12;34;96;17;11;19;19
1416.0;8;25;12;34;96;19;9;20;17
1422.0;7;23;12;33;96;20;10;20;19
1428.0;9;23;11;33;96;21;9;22;16
1434.0;11;24;12;33;96;19;9;21;15
1440.0;12;25;12;30;97;16;10;22;16
1446.0;12;24;12;30;94;17;9;24;18
1452.0;11;24;13;29;95;18;8;25;17
1458.0;9;23;14;28;98;18;9;24;17
1464.0;11;23;13;29;96;17;9;25;17
1470.0;11;23;15;28;94;18;10;24;17
1476.0;11;22;16;26;95;19;12;23;16
1482.0;7;24;16;27;95;20;12;23;16
1488.0;7;24;15;27;97;21;12;21;16
1494.0;8;23;16;28;93;23;10;22;17
1500.0;7;26;15;30;95;22;11;20;14
1506.0;7;24;16;32;95;22;8;21;15
1512.0;9;24;16;31;95;21;10;20;14
1518.0;7;26;16;30;93;21;10;21;16
1524.0;8;23;16;30;94;23;9;21;16
1530.0;8;24;16;29;94;22;9;22;16
1536.0;7;24;13;27;93;24;12;21;19
1542.0;7;23;11;29;93;25;12;21;19
1548.0;6;26;12;30;94;23;14;19;16
1554.0;8;25;12;30;96;22;13;19;15
1560.0;7;25;12;32;94;23;14;19;14
1566.0;9;25;12;31;96;25;12;19;11
1572.0;8;25;16;30;98;23;12;17;11
1578.0;8;27;14;31;96;24;10;18;12
1584.0;9;27;12;33;98;24;7;19;11
1590.0;11;25;11;32;98;24;10;18;11
1596.0;11;25;11;34;99;23;9;18;10
1602.0;12;26;12;34;98;22;9;19;8
1608.0;11;25;11;33;97;23;13;18;9
1614.0;11;26;10;35;96;21;14;18;9
1620.0;11;26;8;35;97;23;12;18;10
1626.0;10;25;9;36;96;22;13;18;11
1632.0;12;25;12;34;96;19;17;15;10
1638.0;11;22;12;31;97;22;17;16;12
1644.0;10;24;10;33;97;22;15;16;13
1650.0;10;22;10;33;97;25;18;14;11
1656.0;8;25;11;33;95;23;18;14;13
1662.0;11;23;11;33;94;22;16;15;15
1668.0;13;22;10;30;94;23;16;17;15
1674.0;12;23;10;31;94;21;13;19;17
1680.0;10;28;9;30;96;21;11;20;15
1686.0;12;27;9;30;95;19;12;23;13
1692.0;14;25;8;29;98;23;9;21;13
1698.0;15;25;9;28;98;23;7;22;13
1704.0;14;24;8;28;99;21;9;22;15
1710.0;15;25;7;27;98;23;9;22;14
1716.0;14;23;7;28;97;23;13;22;13
1722.0;15;20;11;29;98;23;11;21;12
1728.0;14;20;11;29;99;23;11;22;11
1734.0;13;20;11;27;99;24;11;23;12
1740.0;13;18;12;27;101;22;10;24;13
1746.0;14;18;11;26;101;24;11;24;11
1752.0;12;19;11;27;101;23;12;24;11
1758.0;13;21;12;26;100;23;11;23;11
1764.0;11;22;10;28;98;23;11;24;13
1770.0;11;21;9;29;98;24;10;27;11
1776.0;12;18;10;25;98;24;15;27;11
1782.0;12;19;9;25;99;24;13;27;12
1788.0;12;19;9;25;99;21;13;31;11
1794.0;13;20;8;25;97;17;19;30;11
