#auto generated file!
12.0;35;46;57;51;42;31;47;43;38
18.0;30;44;54;54;47;30;48;46;37
24.0;30;46;49;51;52;30;50;46;36
30.0;33;45;50;50;54;35;44;45;34
36.0;31;47;46;53;53;36;46;45;33
42.0;31;47;45;51;53;36;47;46;34
48.0;33;46;45;51;53;36;47;45;34
54.0;33;43;49;47;55;38;47;48;30
60.0;35;45;46;48;60;37;47;44;28
66.0;33;50;36;48;60;41;50;47;25
72.0;34;49;35;50;58;38;50;48;28
78.0;32;48;38;46;62;40;47;49;28
84.0;35;47;33;47;62;43;45;51;27
90.0;32;50;31;46;65;43;45;50;28
96.0;31;52;29;46;66;46;41;51;28
102.0;31;54;29;45;65;44;37;53;32
108.0;33;51;27;44;71;45;32;52;35
114.0;30;50;27;44;73;43;36;50;37
120.0;31;49;27;42;75;44;39;51;32
126.0;27;51;24;42;76;46;38;50;36
132.0;26;52;24;38;81;43;42;49;35
138.0;23;51;25;37;81;45;44;52;32
144.0;24;50;24;35;85;47;42;53;30
150.0;24;52;26;36;87;45;42;50;28
156.0;28;50;25;36;85;48;39;52;27
162.0;26;45;25;38;87;50;44;52;23
168.0;23;45;27;39;87;48;41;55;25
174.0;22;46;26;41;91;44;42;54;24
180.0;21;50;23;45;91;41;42;51;26
186.0;21;48;26;44;97;42;38;51;23
192.0;22;49;26;45;100;42;35;53;18
198.0;25;47;26;46;100;43;35;48;20
204.0;26;46;24;48;100;43;34;46;23
210.0;26;48;26;49;102;39;33;46;21
216.0;27;47;23;51;105;36;33;46;22
222.0;27;48;21;50;106;38;30;50;20
228.0;28;46;20;48;106;40;29;53;20
234.0;26;46;17;48;110;43;25;53;22
240.0;26;44;20;43;111;44;23;55;24
246.0;23;46;21;41;113;44;23;53;26
252.0;27;47;22;40;113;41;20;54;26
258.0;27;46;25;43;113;38;18;52;28
264.0;28;47;26;44;111;37;18;52;27
270.0;28;46;24;46;115;37;19;48;27
276.0;29;45;23;45;116;38;21;46;27
282.0;27;46;22;44;116;38;22;48;27
288.0;28;50;20;43;114;39;24;45;27
294.0;27;50;21;47;112;40;22;44;27
300.0;25;53;17;48;113;42;22;46;24
306.0;19;52;18;47;115;44;22;46;27
312.0;20;53;20;50;113;45;21;44;24
318.0;20;54;19;48;112;43;25;42;27
324.0;20;55;20;49;112;42;22;43;27
330.0;19;55;18;50;113;42;23;43;27
336.0;20;56;17;49;115;42;23;42;26
342.0;25;59;17;50;117;38;20;41;23
348.0;23;60;16;52;118;42;18;39;22
354.0;22;62;19;45;118;42;20;39;23
360.0;21;60;19;46;120;42;22;37;23
366.0;22;55;20;49;119;42;25;37;21
372.0;22;57;17;49;120;43;22;37;23
378.0;23;54;17;46;120;43;21;42;24
384.0;18;52;17;46;121;46;17;45;28
390.0;18;53;17;46;121;43;19;47;26
396.0;17;53;19;43;126;42;17;47;26
402.0;22;51;18;41;127;41;22;43;25
408.0;21;48;18;40;130;40;19;45;29
414.0;20;51;16;40;130;39;17;45;32
420.0;18;50;18;37;132;41;18;46;30
426.0;19;51;17;33;132;41;19;47;31
432.0;21;50;17;33;134;38;19;48;30
438.0;20;48;18;33;134;37;24;48;28
444.0;22;44;20;33;137;39;21;48;26
450.0;20;42;20;29;136;43;20;53;27
456.0;22;44;21;28;137;37;22;52;27
462.0;23;43;19;26;138;38;23;52;28
468.0;21;42;19;28;138;40;25;49;28
474.0;20;41;17;30;139;40;27;47;29
480.0;21;40;16;30;140;39;27;48;29
486.0;20;41;17;31;143;39;24;49;26
492.0;20;40;16;33;148;40;22;49;22
498.0;20;44;15;31;147;46;19;50;18
504.0;20;42;16;28;149;47;20;52;16
510.0;20;43;17;27;151;46;20;51;15
516.0;21;43;17;28;151;48;18;50;14
522.0;20;42;18;30;150;49;18;49;14
528.0;24;40;20;27;151;52;16;45;15
534.0;22;41;19;29;152;51;19;40;17
540.0;16;43;20;30;152;51;20;40;18
546.0;16;42;20;31;153;49;23;41;15
552.0;14;41;19;33;156;48;23;41;15
558.0;16;41;17;35;157;49;21;40;14
564.0;15;38;17;35;160;50;20;39;16
570.0;17;37;17;35;159;50;22;36;17
576.0;19;38;16;40;159;45;21;35;17
582.0;20;39;11;40;163;45;19;37;16
588.0;23;36;11;40;160;48;19;36;17
594.0;23;37;12;39;157;45;21;34;22
600.0;22;35;12;39;161;46;19;36;20
606.0;22;36;16;38;161;44;17;35;21
612.0;20;37;17;39;163;42;15;34;23
618.0;18;39;15;39;161;44;19;33;22
624.0;17;38;16;38;161;42;18;35;25
630.0;14;40;17;37;162;43;16;35;26
636.0;18;42;18;39;158;38;15;34;28
642.0;20;42;19;38;159;38;15;32;27
648.0;21;41;24;38;159;36;15;32;24
654.0;19;40;25;38;158;36;17;33;24
660.0;18;39;25;40;162;33;15;32;26
666.0;17;40;26;38;164;35;14;31;25
672.0;19;39;26;34;166;35;17;28;26
678.0;19;40;23;34;165;35;17;29;28
684.0;19;38;22;36;165;39;16;29;26
690.0;18;38;22;40;164;38;14;30;26
696.0;18;37;21;37;167;40;15;30;25
702.0;17;41;21;38;165;40;16;28;24
708.0;19;39;20;41;166;41;17;25;22
714.0;21;37;21;43;168;39;18;22;21
720.0;22;37;20;44;170;36;20;22;19
726.0;21;37;21;45;170;36;19;22;19
732.0;23;36;22;44;170;36;18;22;19
738.0;25;36;21;45;168;36;18;24;17
744.0;25;36;18;42;169;37;17;26;20
750.0;23;35;20;43;169;39;17;25;19
756.0;25;36;20;45;170;36;15;25;18
762.0;26;35;20;45;170;35;17;25;17
768.0;25;36;19;41;170;34;17;27;21
774.0;27;35;18;38;169;34;21;28;20
780.0;29;36;19;35;168;31;20;31;21
786.0;28;37;23;33;167;31;19;30;22
792.0;28;40;19;35;164;32;20;31;21
798.0;26;40;20;34;164;33;19;32;22
804.0;28;40;22;32;165;33;16;32;22
810.0;26;38;22;33;165;34;14;33;25
816.0;27;37;17;35;166;34;16;35;23
822.0;25;38;21;36;163;35;13;34;25
828.0;27;39;19;37;162;34;13;34;25
834.0;24;41;18;36;164;33;12;36;26
840.0;22;39;20;38;166;34;10;36;25
846.0;22;38;19;39;166;36;10;36;24
852.0;23;38;19;38;167;35;11;36;23
858.0;24;36;15;43;165;35;11;38;23
864.0;24;34;19;44;165;36;9;36;23
870.0;24;32;18;48;163;38;12;34;21
876.0;21;32;21;44;165;40;13;34;20
882.0;23;29;21;46;164;41;10;34;22
888.0;19;31;22;44;164;41;13;35;21
894.0;23;31;21;40;163;40;15;36;21
900.0;20;33;24;42;159;41;15;36;20
906.0;18;35;24;39;161;39;17;38;19
912.0;18;35;23;40;161;42;17;37;17
918.0;17;35;20;39;161;41;19;41;17
924.0;16;33;20;38;162;39;18;43;21
930.0;17;28;22;39;161;37;18;48;20
936.0;18;28;23;36;165;36;19;46;19
942.0;16;28;22;38;163;32;18;49;24
948.0;15;31;20;38;165;31;17;50;23
954.0;15;27;20;39;162;34;17;49;27
960.0;18;28;18;41;164;30;17;49;25
966.0;18;25;17;42;166;30;18;50;24
972.0;17;25;17;43;171;29;16;48;24
978.0;19;23;18;41;173;29;16;46;25
984.0;20;25;18;43;173;27;13;45;26
990.0;21;26;17;41;174;25;13;46;27
996.0;20;28;14;41;176;27;13;49;22
1002.0;17;29;13;39;178;29;15;47;23
1008.0;18;29;14;37;178;32;14;45;23
1014.0;18;30;16;34;176;32;15;45;24
1020.0;21;27;17;32;178;35;14;44;22
1026.0;21;28;18;31;179;37;14;40;22
1032.0;23;31;14;33;180;32;13;41;23
1038.0;21;28;17;34;178;34;14;42;22
1044.0;18;27;17;37;176;39;14;40;22
1050.0;18;26;19;38;176;39;12;41;21
1056.0;18;32;19;36;176;38;9;42;20
1062.0;19;32;15;37;180;34;10;41;22
1068.0;19;30;15;39;181;33;14;42;17
1074.0;17;30;14;38;181;36;15;43;16
1080.0;19;29;10;36;182;37;16;44;17
1086.0;21;30;10;34;183;40;17;38;17
1092.0;21;30;10;35;182;41;15;40;16
1098.0;19;29;12;34;185;41;14;40;16
1104.0;19;29;11;29;186;42;18;41;15
1110.0;17;29;11;28;185;43;19;42;16
1116.0;18;28;11;28;185;41;20;44;15
1122.0;17;30;12;29;185;40;19;41;17
1128.0;16;33;11;28;185;40;17;41;19
1134.0;16;32;13;28;183;41;20;39;18
1140.0;16;35;14;28;182;42;15;37;21
1146.0;14;35;14;30;182;43;15;37;20
1152.0;14;33;17;33;178;43;16;37;19
1158.0;14;33;14;35;181;42;19;35;17
1164.0;14;33;15;37;181;39;20;35;16
1170.0;13;36;13;35;182;39;20;35;17
1176.0;13;36;13;37;183;36;18;36;18
1182.0;15;38;13;36;180;36;19;36;17
1188.0;16;39;14;36;179;33;20;37;16
1194.0;17;38;15;35;178;33;21;36;17
1200.0;18;38;16;33;178;32;20;39;16
1206.0;17;39;13;32;180;34;19;39;17
1212.0;20;37;12;35;178;37;17;39;15
1218.0;19;37;15;33;178;37;17;39;15
1224.0;18;38;17;31;177;37;19;38;15
1230.0;20;37;18;33;173;36;21;39;13
1236.0;18;35;19;35;174;35;20;39;15
1242.0;16;36;16;36;177;35;22;38;14
1248.0;18;35;16;39;175;33;21;37;16
1254.0;19;35;18;39;176;31;20;35;17
1260.0;21;35;16;37;175;31;22;35;18
1266.0;21;36;16;38;175;30;21;34;19
1272.0;23;34;18;39;174;32;17;35;18
1278.0;19;33;16;37;177;37;19;34;18
1284.0;17;33;15;39;176;36;21;35;18
1290.0;17;34;18;36;177;34;22;34;18
1296.0;17;34;19;37;177;35;18;35;18
1302.0;21;32;20;36;174;33;20;36;18
1308.0;23;34;19;33;176;36;17;34;18
1314.0;21;33;24;32;176;37;18;32;17
1320.0;18;32;25;34;175;38;18;33;17
1326.0;19;34;21;33;177;37;19;33;17
1332.0;18;30;24;36;178;38;19;33;14
1338.0;20;31;25;36;176;37;20;31;14
1344.0;19;32;22;41;174;38;20;32;12
1350.0;21;36;19;37;175;37;22;33;10
1356.0;25;34;19;39;174;36;20;33;10
1362.0;20;34;19;43;176;37;18;30;13
1368.0;18;33;19;41;176;37;20;33;13
1374.0;19;34;19;42;171;34;23;35;13
1380.0;20;36;15;40;174;34;22;34;15
1386.0;20;39;19;40;171;34;19;34;14
1392.0;21;36;19;39;172;35;23;33;12
1398.0;20;41;17;38;170;35;22;32;15
1404.0;24;44;17;35;170;32;21;31;16
1410.0;25;39;16;42;168;31;21;32;16
1416.0;26;39;19;40;168;32;21;32;13
1422.0;23;43;20;40;168;29;22;32;13
1428.0;22;42;21;39;168;29;21;34;14
1434.0;23;42;21;39;169;27;21;34;14
1440.0;20;42;21;40;170;28;21;34;14
1446.0;22;46;20;40;169;25;21;34;13
1452.0;23;49;19;36;169;27;19;36;12
1458.0;21;47;19;36;169;27;19;38;14
1464.0;19;45;19;38;168;28;19;39;15
1470.0;19;43;19;42;167;28;19;37;16
1476.0;20;41;20;42;169;29;16;37;16
1482.0;19;39;20;44;171;27;17;38;15
1488.0;21;39;18;42;171;28;18;38;15
1494.0;21;38;17;45;167;29;19;40;14
1500.0;22;39;15;43;167;29;19;42;14
1506.0;23;39;14;42;170;28;20;39;15
1512.0;23;42;16;46;171;23;18;36;15
1518.0;24;43;19;46;171;22;18;33;14
1524.0;23;43;21;44;171;27;18;31;12
1530.0;21;39;23;43;176;24;17;33;14
1536.0;20;39;26;46;177;23;14;32;13
1542.0;18;39;24;47;174;23;15;35;15
1548.0;15;39;27;44;173;24;17;37;14
1554.0;15;37;27;45;173;26;19;36;12
1560.0;13;37;25;47;174;24;23;36;11
1566.0;14;35;21;48;175;25;20;37;15
1572.0;13;37;19;49;174;26;19;39;14
1578.0;14;34;19;49;175;26;21;37;15
1584.0;15;36;19;49;173;27;18;37;16
1590.0;15;37;15;54;173;27;18;37;14
1596.0;13;37;17;56;172;30;21;31;13
1602.0;15;33;16;56;173;32;21;28;16
1608.0;16;32;15;54;174;32;24;27;16
1614.0;14;32;17;52;172;38;21;25;19
1620.0;17;29;16;51;172;39;21;25;20
1626.0;17;30;15;52;171;38;23;24;20
1632.0;15;29;18;54;170;40;19;25;20
1638.0;16;29;19;51;169;40;18;26;22
1644.0;17;33;18;50;170;41;15;26;20
1650.0;18;31;17;49;168;42;16;29;20
1656.0;15;31;19;49;168;41;15;30;22
1662.0;14;29;23;47;167;43;17;29;21
1668.0;14;31;24;47;169;41;15;28;21
1674.0;13;30;21;48;170;44;14;27;23
1680.0;11;36;20;46;171;44;12;27;23
1686.0;14;38;20;47;171;42;11;25;22
1692.0;14;41;20;46;169;41;13;24;22
1698.0;14;40;19;46;169;41;13;28;20
1704.0;12;39;21;47;169;38;13;30;21
1710.0;12;39;22;43;173;38;14;30;19
1716.0;13;36;22;41;171;39;18;29;21
1722.0;14;36;22;37;171;40;19;28;23
1728.0;13;40;23;37;171;38;20;25;23
1734.0;11;41;26;37;171;37;18;27;22
1740.0;13;40;28;36;170;37;16;28;22
1746.0;14;41;27;38;173;38;12;27;20
1752.0;12;40;27;41;172;39;14;27;18
1758.0;13;40;26;41;172;38;17;23;20
1764.0;15;43;25;39;169;41;16;23;19
1770.0;18;40;19;38;173;41;15;25;21
1776.0;17;41;18;42;173;39;14;25;21
1782.0;19;41;19;45;170;40;13;22;21
1788.0;15;42;21;43;174;38;13;24;20
1794.0;15;42;22;41;174;37;16;23;20
