#auto generated file!
12.0;49;54;53;61;53;59;45;67;59
18.0;50;57;47;60;60;65;40;67;54
24.0;51;59;42;59;65;65;36;68;55
30.0;52;60;43;58;66;65;32;68;56
36.0;53;56;43;56;68;69;32;73;50
42.0;46;56;42;64;69;70;31;70;52
48.0;36;58;44;67;72;69;32;70;52
54.0;37;56;45;67;74;67;34;69;51
60.0;35;56;42;65;79;65;30;75;53
66.0;35;57;39;66;79;65;32;74;53
72.0;37;57;39;66;85;62;31;74;49
78.0;36;61;35;69;86;62;30;71;50
84.0;30;62;34;68;93;61;31;75;46
90.0;31;60;36;66;94;62;31;76;44
96.0;35;56;36;65;95;69;33;71;40
102.0;32;61;33;68;95;69;33;67;42
108.0;30;58;31;69;103;70;31;66;42
114.0;29;59;33;69;107;69;29;69;36
120.0;25;60;32;73;109;70;29;66;36
126.0;26;59;33;65;113;74;27;66;37
132.0;24;60;31;68;116;71;28;65;37
138.0;23;58;26;71;119;72;27;67;37
144.0;26;61;25;68;121;72;29;65;33
150.0;27;65;23;64;122;74;28;64;33
156.0;23;60;24;71;122;71;33;63;33
162.0;25;61;23;69;127;69;34;60;32
168.0;27;60;21;66;127;71;35;61;32
174.0;27;59;22;64;132;68;31;65;32
180.0;23;60;21;68;140;65;29;64;30
186.0;23;59;26;68;142;63;27;61;31
192.0;22;60;26;66;146;62;26;59;33
198.0;23;62;22;69;145;66;22;58;33
204.0;24;63;23;69;142;65;22;56;36
210.0;25;61;20;70;147;65;22;57;33
216.0;22;62;25;69;150;64;17;55;36
222.0;25;58;25;71;153;63;16;59;30
228.0;23;64;26;69;151;63;16;58;30
234.0;26;63;26;72;153;57;19;55;29
240.0;29;68;22;69;155;56;19;53;29
246.0;27;67;21;69;158;58;19;52;29
252.0;25;67;19;70;159;58;20;52;30
258.0;24;66;17;67;164;58;19;54;31
264.0;23;61;20;64;163;59;25;55;30
270.0;20;59;23;60;162;63;20;61;32
276.0;15;59;21;59;165;63;22;65;31
282.0;15;58;18;60;166;67;23;64;29
288.0;16;61;19;60;168;66;23;61;26
294.0;14;61;20;62;168;64;26;58;27
300.0;18;57;20;62;166;62;26;56;33
306.0;15;60;18;68;167;58;28;57;29
312.0;15;59;20;67;167;57;29;59;27
318.0;14;61;20;66;170;55;31;58;25
324.0;18;62;23;61;167;55;34;55;25
330.0;17;61;19;65;165;54;35;57;27
336.0;21;59;21;66;162;56;35;54;26
342.0;21;59;20;67;163;55;34;57;24
348.0;25;57;19;62;166;55;34;59;23
354.0;23;57;19;65;165;54;35;59;23
360.0;23;54;21;68;165;53;31;60;25
366.0;21;53;23;66;165;57;31;59;25
372.0;19;52;24;65;166;58;33;57;26
378.0;21;51;24;62;168;56;33;58;27
384.0;21;48;20;61;171;58;39;54;28
390.0;20;50;17;60;176;58;37;55;27
396.0;22;49;18;64;174;56;36;52;29
402.0;25;45;20;67;175;53;33;52;30
408.0;28;43;19;65;174;55;35;49;32
414.0;28;43;20;62;175;53;38;47;34
420.0;29;39;22;61;174;54;38;50;33
426.0;30;39;28;61;176;52;36;46;32
432.0;26;40;28;58;182;53;36;46;31
438.0;25;43;31;56;183;50;37;47;28
444.0;24;43;34;57;185;48;35;49;25
450.0;27;40;34;55;187;51;33;49;24
456.0;25;41;33;56;185;54;31;50;25
462.0;24;44;32;59;186;55;29;51;20
468.0;20;44;31;57;183;59;28;55;23
474.0;17;44;34;56;183;60;28;56;22
480.0;16;43;31;57;183;63;29;57;21
486.0;13;43;33;57;183;63;29;57;22
492.0;13;45;34;53;185;64;30;54;22
498.0;11;46;35;52;185;65;31;54;21
504.0;13;45;37;49;186;63;31;57;19
510.0;16;47;35;49;187;60;27;56;23
516.0;17;49;33;53;186;57;26;57;22
522.0;17;49;28;57;184;59;26;60;20
528.0;19;47;26;56;185;59;28;58;22
534.0;19;46;27;56;187;56;29;61;19
540.0;16;51;24;55;188;54;35;59;18
546.0;21;49;21;54;190;54;33;60;18
552.0;23;50;19;51;193;53;34;63;14
558.0;21;47;25;52;196;53;31;60;15
564.0;24;52;20;54;192;49;33;59;17
570.0;23;54;19;58;189;48;33;59;17
576.0;21;58;21;57;189;45;35;56;18
582.0;23;56;17;58;191;45;40;51;19
588.0;23;55;19;59;189;47;36;55;17
594.0;24;55;22;61;188;44;32;56;18
600.0;23;52;21;63;187;48;31;56;19
606.0;24;54;23;61;191;49;28;52;18
612.0;24;56;22;65;192;48;24;50;19
618.0;24;54;20;64;194;48;25;51;20
624.0;23;55;23;62;195;48;27;50;17
630.0;23;54;26;63;194;49;26;48;17
636.0;21;54;31;60;196;50;25;49;14
642.0;22;57;31;58;194;50;26;49;13
648.0;25;54;29;61;194;51;22;49;15
654.0;28;54;28;57;194;53;25;46;15
660.0;24;54;26;54;199;54;30;42;17
666.0;24;47;25;59;198;53;34;45;15
672.0;26;48;23;61;196;54;30;43;19
678.0;26;48;20;60;200;53;28;45;20
684.0;21;48;19;57;204;55;27;48;21
690.0;20;49;21;57;204;53;28;46;22
696.0;19;52;22;56;206;50;25;47;23
702.0;19;57;19;55;207;50;25;48;20
708.0;20;53;20;55;208;48;26;49;21
714.0;19;59;24;53;207;44;24;47;23
720.0;21;63;17;50;207;48;22;45;27
726.0;20;65;15;49;208;51;20;46;26
732.0;17;66;18;50;210;49;22;45;23
738.0;14;68;18;50;213;47;22;45;23
744.0;14;67;19;52;215;46;24;40;23
750.0;14;67;18;48;216;45;26;41;25
756.0;17;64;19;48;214;48;27;40;23
762.0;18;64;15;49;214;51;27;38;24
768.0;20;59;18;50;209;52;27;40;25
774.0;19;60;21;50;210;45;30;40;25
780.0;18;62;23;51;210;45;26;45;20
786.0;17;62;26;53;209;44;28;41;20
792.0;15;59;28;51;213;41;30;42;21
798.0;14;59;30;51;212;43;33;41;17
804.0;14;56;29;50;212;44;35;39;21
810.0;16;52;27;50;209;48;34;42;22
816.0;19;55;25;49;209;48;31;42;22
822.0;21;57;28;43;209;47;32;43;20
828.0;23;57;25;42;207;45;34;43;24
834.0;25;53;28;40;205;46;35;45;23
840.0;19;52;29;46;204;48;32;46;24
846.0;18;52;31;48;203;51;29;44;24
852.0;19;50;24;48;206;56;25;45;27
858.0;22;52;24;42;205;59;29;44;23
864.0;22;54;25;44;205;56;26;43;25
870.0;24;55;22;45;203;58;25;43;25
876.0;23;57;24;47;200;59;31;37;22
882.0;24;53;21;49;196;57;33;41;26
888.0;23;53;25;49;193;55;31;44;27
894.0;21;55;24;48;196;54;32;42;28
900.0;20;56;26;51;199;52;30;40;26
906.0;19;57;28;49;196;52;30;41;28
912.0;17;58;24;50;197;54;30;39;31
918.0;16;60;26;49;194;54;34;38;29
924.0;13;59;27;48;196;56;31;39;31
930.0;15;59;23;49;199;57;28;39;31
936.0;16;60;20;48;200;59;29;40;28
942.0;19;61;17;49;201;61;27;40;25
948.0;20;57;17;48;201;60;31;39;27
954.0;24;56;18;51;197;62;26;38;28
960.0;23;60;20;48;196;61;25;38;29
966.0;24;61;22;46;195;60;24;39;29
972.0;21;56;21;43;196;66;26;43;28
978.0;19;55;24;43;195;72;25;45;22
984.0;20;51;24;41;198;71;25;45;25
990.0;21;51;24;44;198;69;23;46;24
996.0;25;53;22;43;198;67;24;46;22
1002.0;24;47;26;44;202;63;27;46;21
1008.0;19;49;28;45;203;59;27;50;20
1014.0;21;50;27;46;204;56;28;48;20
1020.0;23;50;24;47;205;55;28;46;22
1026.0;25;50;24;45;205;55;28;49;19
1032.0;22;50;26;46;204;55;26;52;19
1038.0;26;50;26;45;205;56;24;48;20
1044.0;28;49;29;44;202;55;28;44;21
1050.0;29;48;29;43;201;57;30;41;22
1056.0;30;48;26;43;206;54;26;45;22
1062.0;26;45;28;45;208;53;27;45;23
1068.0;29;44;27;40;204;58;25;47;26
1074.0;28;42;27;36;209;60;23;47;28
1080.0;31;40;24;38;212;57;23;47;28
1086.0;32;40;25;38;212;56;24;47;26
1092.0;33;39;23;38;211;56;28;47;25
1098.0;33;40;23;37;208;53;27;51;28
1104.0;31;38;24;37;211;53;24;54;28
1110.0;30;40;24;38;211;52;22;53;30
1116.0;29;41;23;39;209;51;22;52;34
1122.0;28;43;23;41;211;52;21;52;29
1128.0;25;46;28;40;212;50;20;50;29
1134.0;25;44;26;37;211;50;23;52;32
1140.0;24;44;24;40;211;50;25;53;29
1146.0;25;43;26;39;211;50;23;55;28
1152.0;25;43;23;39;219;50;22;52;27
1158.0;21;45;14;37;222;52;25;54;30
1164.0;18;45;14;40;221;51;27;54;30
1170.0;22;47;13;42;224;50;25;47;30
1176.0;22;48;9;41;226;49;25;50;30
1182.0;18;51;11;42;224;49;25;49;31
1188.0;18;51;13;50;224;47;25;46;26
1194.0;17;56;15;51;224;47;22;42;26
1200.0;16;57;19;49;222;48;19;45;25
1206.0;19;59;17;47;222;50;18;41;27
1212.0;20;59;18;48;225;49;19;38;24
1218.0;21;57;18;52;219;49;19;40;25
1224.0;22;57;24;48;221;47;19;40;22
1230.0;26;59;23;45;225;47;17;37;21
1236.0;25;59;22;47;223;50;16;35;23
1242.0;23;57;21;50;226;50;18;34;21
1248.0;24;54;24;49;223;48;21;35;22
1254.0;22;54;23;53;224;49;21;35;19
1260.0;22;59;26;50;224;44;20;36;19
1266.0;20;58;29;50;222;44;23;37;17
1272.0;22;60;22;50;221;46;21;38;20
1278.0;18;61;21;51;221;46;23;37;22
1284.0;21;62;22;47;221;45;20;41;21
1290.0;22;60;23;50;221;41;17;43;23
1296.0;24;63;23;53;220;41;13;41;22
1302.0;26;61;22;52;225;40;14;40;20
1308.0;23;62;22;53;225;40;15;38;22
1314.0;23;60;22;54;226;42;16;40;17
1320.0;24;60;24;52;229;43;15;37;16
1326.0;24;56;23;51;233;45;16;38;14
1332.0;20;51;21;50;236;43;18;44;17
1338.0;23;52;20;49;240;41;20;42;13
1344.0;24;52;20;45;240;41;22;42;14
1350.0;26;52;21;45;238;39;22;44;13
1356.0;25;51;20;45;237;41;25;42;14
1362.0;25;52;18;44;237;43;26;40;15
1368.0;26;53;17;44;236;45;26;39;14
1374.0;27;55;15;41;234;45;25;43;15
1380.0;25;53;18;39;234;42;24;47;18
1386.0;27;50;21;37;235;44;26;44;16
1392.0;23;49;28;34;237;45;22;44;18
1398.0;22;48;28;32;240;44;23;45;18
1404.0;25;44;25;36;239;44;23;44;20
1410.0;25;48;24;39;239;43;22;43;17
1416.0;26;46;24;39;237;42;21;44;21
1422.0;25;51;21;41;233;40;22;47;20
1428.0;26;50;18;41;234;37;24;48;22
1434.0;24;48;14;45;238;39;23;46;23
1440.0;22;48;17;47;235;39;24;48;20
1446.0;20;51;16;48;234;42;19;49;21
1452.0;25;48;19;46;233;43;19;48;19
1458.0;25;50;20;45;233;42;18;46;21
1464.0;24;52;20;46;232;40;19;45;22
1470.0;24;53;17;47;232;41;18;43;25
1476.0;21;51;17;47;231;43;21;43;26
1482.0;20;54;15;46;232;41;21;42;29
1488.0;23;55;13;46;230;41;20;42;30
1494.0;24;53;16;49;230;44;19;38;27
1500.0;21;52;20;49;230;46;19;36;27
1506.0;18;50;21;48;233;44;19;38;29
1512.0;19;53;21;49;232;41;17;39;29
1518.0;22;54;19;52;234;38;17;38;26
1524.0;23;55;19;55;234;38;16;37;23
1530.0;22;57;19;53;234;39;19;34;23
1536.0;23;57;19;55;232;40;19;34;21
1542.0;21;56;20;58;234;38;21;31;21
1548.0;22;55;23;58;233;38;20;31;20
1554.0;18;56;24;57;232;41;20;33;19
1560.0;17;51;26;55;231;44;21;34;21
1566.0;17;50;30;50;234;44;21;30;24
1572.0;16;52;30;50;232;47;19;30;24
1578.0;16;54;30;51;232;47;17;30;23
1584.0;16;57;30;50;230;49;23;27;18
1590.0;17;58;27;49;227;48;25;27;22
1596.0;22;55;29;51;225;48;22;28;20
1602.0;23;52;30;51;225;49;24;30;16
1608.0;22;51;32;50;225;48;25;31;16
1614.0;22;50;31;49;228;47;22;33;18
1620.0;23;51;32;47;225;48;18;36;20
1626.0;25;49;34;43;226;47;18;36;22
1632.0;25;48;32;42;225;49;16;40;23
1638.0;28;50;32;41;225;47;19;37;21
1644.0;29;47;31;42;228;44;18;38;23
1650.0;29;44;34;42;229;45;21;37;19
1656.0;25;44;31;44;231;48;20;38;19
1662.0;24;50;27;46;231;44;21;40;17
1668.0;23;47;26;47;230;43;22;41;21
1674.0;22;46;26;46;230;41;23;46;20
1680.0;22;47;25;52;228;43;22;42;19
1686.0;22;46;28;51;227;46;23;39;18
1692.0;22;43;27;50;225;48;24;41;20
1698.0;24;44;25;52;223;47;26;41;18
1704.0;24;45;26;50;223;47;28;40;17
1710.0;24;44;21;50;226;48;27;42;18
1716.0;24;41;21;50;228;46;29;42;19
1722.0;23;41;22;51;225;45;28;44;21
1728.0;24;47;23;48;222;44;29;42;21
1734.0;26;49;26;52;220;44;26;40;17
1740.0;24;51;25;53;219;46;26;40;16
1746.0;23;50;27;48;220;47;29;39;17
1752.0;24;49;28;46;220;46;27;41;19
1758.0;24;50;26;47;221;47;29;40;16
1764.0;23;46;29;46;220;50;31;39;16
1770.0;22;48;30;47;219;52;27;41;14
1776.0;21;49;27;46;222;51;27;39;18
1782.0;20;46;25;46;221;55;27;40;20
1788.0;22;46;24;43;220;55;32;38;20
1794.0;20;46;26;45;219;57;33;32;22
