#auto generated file!
12.0;62;67;55;47;48;49;56;62;44
18.0;58;67;52;47;52;47;58;65;44
24.0;61;65;46;51;58;49;54;62;44
30.0;53;67;47;54;64;51;53;60;41
36.0;52;64;42;53;66;59;50;62;42
42.0;51;67;37;56;71;59;48;60;41
48.0;49;66;37;54;77;58;45;60;44
54.0;50;64;36;53;80;59;44;63;41
60.0;49;64;32;53;80;64;46;62;40
66.0;42;64;34;56;81;64;49;63;37
72.0;44;61;37;48;84;63;48;60;45
78.0;45;64;37;49;86;67;45;54;43
84.0;44;65;34;46;88;71;45;50;47
90.0;45;63;35;48;90;71;43;51;44
96.0;43;62;37;50;92;73;37;49;47
102.0;41;61;32;51;94;78;34;53;46
108.0;41;59;35;52;97;75;37;52;42
114.0;42;57;32;53;99;77;34;53;43
120.0;43;55;33;55;100;72;35;53;44
126.0;43;53;27;58;106;72;34;53;44
132.0;41;54;28;61;109;68;33;55;41
138.0;37;56;27;59;109;69;33;59;41
144.0;32;55;28;64;112;66;34;59;40
150.0;33;55;30;61;114;62;34;61;40
156.0;33;62;26;62;113;61;34;62;37
162.0;37;59;29;62;112;56;31;66;38
168.0;39;62;30;62;113;55;30;63;36
174.0;38;57;29;65;118;54;30;63;36
180.0;33;60;31;63;117;55;31;66;34
186.0;33;57;29;65;121;55;31;66;33
192.0;34;59;30;63;121;54;32;67;30
198.0;33;62;28;64;122;55;32;65;29
204.0;34;62;27;67;124;55;30;64;27
210.0;35;60;30;65;128;56;30;60;26
216.0;38;65;28;60;130;56;28;57;28
222.0;36;62;28;61;133;55;33;57;25
228.0;38;61;28;60;136;54;32;56;25
234.0;36;60;23;62;138;54;32;57;28
240.0;35;62;24;60;138;54;33;56;28
246.0;36;60;21;58;141;58;33;56;27
252.0;38;56;25;58;144;59;29;56;25
258.0;41;57;22;58;144;62;28;54;24
264.0;41;58;23;56;146;60;27;53;26
270.0;37;63;22;59;143;58;27;53;28
276.0;33;66;22;64;147;57;27;50;24
282.0;29;68;24;67;146;58;27;49;22
288.0;30;64;28;65;147;58;30;48;20
294.0;34;64;30;64;148;48;29;51;22
300.0;32;65;29;65;148;52;29;50;20
306.0;30;64;29;67;148;53;26;50;23
312.0;30;62;29;66;146;59;26;49;23
318.0;26;59;28;64;153;58;29;48;25
324.0;23;59;28;65;154;55;30;48;28
330.0;22;59;26;63;154;60;25;50;31
336.0;22;58;26;61;154;56;24;56;33
342.0;25;62;27;57;154;55;26;55;29
348.0;24;60;25;55;155;58;30;55;28
354.0;22;60;24;58;155;59;26;58;28
360.0;23;58;23;59;156;58;30;57;26
366.0;26;52;25;58;157;56;33;59;24
372.0;26;49;23;62;153;56;32;60;29
378.0;32;48;26;62;155;53;26;60;28
384.0;34;49;26;62;158;49;26;55;31
390.0;31;45;30;61;158;51;26;56;32
396.0;31;44;29;57;156;49;34;57;33
402.0;29;44;30;55;157;50;35;58;32
408.0;29;44;31;54;158;52;32;57;33
414.0;29;43;32;51;161;54;29;57;34
420.0;32;46;30;50;163;48;26;62;33
426.0;32;46;31;51;162;50;28;58;32
432.0;32;51;25;52;163;51;27;58;31
438.0;31;50;24;53;162;49;30;59;32
444.0;28;49;25;54;165;47;31;60;31
450.0;25;49;26;54;165;49;29;62;31
456.0;24;52;27;55;166;50;29;60;27
462.0;28;52;26;56;167;50;30;53;28
468.0;28;54;25;55;167;49;29;57;26
474.0;30;52;27;53;169;49;29;56;25
480.0;32;51;29;53;171;50;26;55;23
486.0;28;50;27;52;171;54;28;60;20
492.0;29;46;33;51;176;52;24;60;19
498.0;28;47;33;53;178;49;24;57;21
504.0;30;46;33;53;177;48;27;58;18
510.0;30;45;34;53;180;46;27;56;19
516.0;32;47;33;51;181;44;29;53;20
522.0;33;46;32;52;179;47;27;52;22
528.0;32;49;29;51;179;45;28;53;24
534.0;29;47;31;49;177;44;30;56;27
540.0;23;49;33;54;177;44;32;54;24
546.0;22;51;31;54;173;48;31;55;25
552.0;20;55;37;54;172;46;28;54;24
558.0;21;52;37;52;172;48;27;58;23
564.0;25;50;39;56;171;49;25;52;23
570.0;22;50;38;58;174;49;24;51;24
576.0;22;50;34;58;175;50;24;51;26
582.0;23;52;32;58;176;47;26;49;27
588.0;25;51;33;59;178;47;26;46;25
594.0;18;53;36;58;178;49;26;45;27
600.0;19;52;34;55;185;48;24;44;29
606.0;18;53;35;55;189;49;26;39;26
612.0;23;49;37;57;191;43;24;38;28
618.0;26;48;35;55;192;43;25;39;27
624.0;23;48;29;57;193;48;27;38;27
630.0;23;51;28;56;194;50;23;39;26
636.0;20;47;29;53;194;51;26;43;27
642.0;14;47;28;57;194;52;27;44;27
648.0;16;42;28;59;194;53;29;43;26
654.0;17;42;26;55;198;54;28;43;27
660.0;17;41;28;53;200;52;29;42;28
666.0;17;41;27;51;201;54;28;42;29
672.0;22;42;25;50;200;55;29;39;28
678.0;22;47;22;50;197;54;31;38;29
684.0;23;46;21;51;197;53;32;40;27
690.0;24;46;17;50;200;53;32;43;25
696.0;24;50;19;48;199;53;29;43;25
702.0;24;49;19;51;200;56;27;42;22
708.0;24;51;20;52;198;54;27;42;22
714.0;25;54;18;48;199;54;25;43;24
720.0;22;53;21;46;199;53;25;45;26
726.0;24;53;21;45;201;51;22;45;28
732.0;23;51;22;41;199;55;22;45;32
738.0;21;53;22;39;199;55;23;48;30
744.0;21;52;19;42;201;52;26;45;32
750.0;24;48;17;44;202;51;26;48;30
756.0;22;47;19;43;206;48;29;50;26
762.0;21;45;15;50;208;49;29;48;25
768.0;18;45;16;50;207;52;32;47;23
774.0;20;47;16;51;206;51;28;46;25
780.0;24;47;20;54;206;48;26;42;23
786.0;21;44;22;56;205;50;25;44;23
792.0;22;41;20;57;206;54;25;42;23
798.0;21;41;20;58;204;52;25;44;25
804.0;21;41;20;57;204;50;25;47;25
810.0;20;42;21;60;205;49;21;49;23
816.0;18;40;21;61;204;54;23;47;22
822.0;20;39;21;59;206;51;20;51;23
828.0;20;43;21;55;206;53;22;48;22
834.0;23;42;15;55;204;56;24;47;24
840.0;23;39;17;52;204;58;25;49;23
846.0;23;40;17;54;205;55;25;48;23
852.0;20;42;19;54;206;55;23;48;23
858.0;21;43;17;52;205;56;24;49;23
864.0;22;44;22;54;203;51;22;47;25
870.0;21;41;21;56;201;55;25;47;23
876.0;24;42;19;53;199;57;25;46;25
882.0;23;41;20;54;199;58;22;48;25
888.0;26;40;23;55;197;55;21;49;24
894.0;25;40;23;56;199;58;22;46;21
900.0;21;38;22;52;199;60;24;52;22
906.0;20;42;24;55;198;58;26;48;19
912.0;20;42;23;53;198;59;26;50;19
918.0;16;42;24;55;199;60;27;47;20
924.0;19;46;24;57;197;57;30;41;19
930.0;23;48;21;61;192;57;31;37;20
936.0;25;51;21;59;188;57;29;35;25
942.0;23;50;24;59;191;59;28;36;20
948.0;24;51;22;57;190;59;27;36;24
954.0;25;54;25;53;190;61;25;34;23
960.0;25;53;26;53;189;59;27;36;22
966.0;24;54;24;55;189;60;22;37;25
972.0;26;53;23;49;193;58;22;37;29
978.0;25;51;22;48;194;59;27;36;28
984.0;21;49;21;50;196;57;29;37;30
990.0;24;49;22;47;192;59;30;39;28
996.0;25;53;21;47;191;58;29;38;28
1002.0;23;53;24;47;192;59;29;36;27
1008.0;25;52;24;49;193;59;25;36;27
1014.0;22;50;23;53;193;58;25;40;26
1020.0;22;47;23;53;197;56;24;40;28
1026.0;23;46;24;51;201;56;24;40;25
1032.0;26;47;23;48;203;57;22;39;25
1038.0;25;45;21;49;205;61;23;39;22
1044.0;25;41;18;50;209;61;26;40;20
1050.0;26;44;18;49;208;60;28;39;18
1056.0;25;44;19;51;212;60;27;39;13
1062.0;25;43;21;51;211;60;25;40;14
1068.0;23;44;20;49;213;57;26;44;14
1074.0;22;43;19;52;213;58;28;42;13
1080.0;23;43;17;52;214;58;28;42;13
1086.0;20;43;20;52;213;54;29;45;14
1092.0;19;42;19;54;213;57;28;45;13
1098.0;16;44;22;52;215;56;25;47;13
1104.0;18;45;21;53;213;52;24;47;17
1110.0;19;47;19;50;212;51;29;46;17
1116.0;20;48;20;47;213;51;27;46;18
1122.0;16;50;23;48;214;49;24;44;22
1128.0;19;46;23;47;211;48;28;44;24
1134.0;18;44;24;48;212;49;27;45;23
1140.0;17;46;26;44;211;48;30;49;19
1146.0;17;44;28;46;209;45;30;53;18
1152.0;15;45;25;46;212;45;29;55;18
1158.0;16;46;26;44;213;42;28;57;18
1164.0;15;48;27;42;210;45;27;55;21
1170.0;15;47;30;38;212;44;24;56;24
1176.0;18;51;25;38;215;44;24;49;26
1182.0;22;49;21;39;215;41;25;49;29
1188.0;19;46;22;44;219;38;22;52;28
1194.0;21;47;21;46;218;37;22;52;26
1200.0;21;46;20;50;217;41;19;50;26
1206.0;18;42;27;50;216;43;23;47;24
1212.0;16;42;29;48;216;43;22;49;25
1218.0;16;44;26;48;217;41;22;52;24
1224.0;16;43;25;51;216;43;23;52;21
1230.0;18;43;26;52;217;42;21;48;23
1236.0;15;41;28;52;215;41;21;53;24
1242.0;15;41;25;53;215;42;19;54;26
1248.0;17;39;22;51;218;43;17;57;26
1254.0;19;38;20;53;220;42;17;56;25
1260.0;20;40;20;50;223;42;18;55;22
1266.0;19;39;20;49;225;40;18;57;23
1272.0;18;40;21;51;220;43;15;58;24
1278.0;14;42;24;46;222;41;17;59;25
1284.0;17;39;23;45;221;40;20;60;25
1290.0;18;39;21;48;223;40;20;60;21
1296.0;21;37;26;44;219;41;21;58;23
1302.0;24;35;26;46;218;38;24;56;23
1308.0;24;33;22;45;221;39;24;56;26
1314.0;23;31;23;47;222;40;26;56;22
1320.0;22;32;24;48;222;41;24;55;22
1326.0;21;33;25;45;221;39;28;54;24
1332.0;18;34;23;46;224;39;28;55;23
1338.0;15;40;22;44;226;39;26;55;23
1344.0;15;38;23;45;224;39;24;57;25
1350.0;17;40;27;41;222;40;25;52;26
1356.0;18;40;30;38;223;41;22;53;25
1362.0;18;40;24;38;225;46;21;50;28
1368.0;17;37;26;41;222;43;24;50;30
1374.0;16;36;27;43;217;42;24;54;31
1380.0;15;34;29;45;214;44;22;55;32
1386.0;18;35;29;44;216;43;20;56;29
1392.0;19;36;27;49;212;41;23;56;27
1398.0;18;39;25;53;210;41;22;58;24
1404.0;18;41;24;53;207;42;22;59;24
1410.0;18;42;24;50;208;44;21;59;24
1416.0;19;43;25;50;207;42;22;57;25
1422.0;18;44;22;52;209;43;21;54;27
1428.0;16;47;18;51;211;42;23;53;29
1434.0;15;48;19;54;210;40;24;49;31
1440.0;17;45;17;51;215;39;20;52;34
1446.0;19;44;17;53;213;40;20;52;32
1452.0;18;46;16;52;214;41;21;53;29
1458.0;17;49;15;52;213;44;21;53;26
1464.0;20;47;15;53;214;43;19;52;27
1470.0;24;47;17;55;210;41;19;52;25
1476.0;25;47;18;54;209;40;16;54;27
1482.0;26;51;18;50;211;39;14;52;29
1488.0;23;54;22;49;210;38;13;55;26
1494.0;24;51;21;47;212;41;17;54;23
1500.0;28;52;22;47;210;38;16;52;25
1506.0;22;53;20;51;210;37;18;54;25
1512.0;21;52;19;53;214;37;18;51;25
1518.0;21;50;27;54;214;36;20;48;20
1524.0;21;52;25;55;212;39;19;48;19
1530.0;22;51;25;54;210;43;20;45;20
1536.0;22;51;22;56;211;48;20;42;18
1542.0;21;55;22;56;211;46;20;42;17
1548.0;21;56;26;55;213;41;21;41;16
1554.0;19;54;26;57;215;41;20;41;17
1560.0;23;55;21;58;212;39;21;41;20
1566.0;23;54;22;55;210;40;24;40;22
1572.0;21;54;21;56;213;46;21;40;18
1578.0;23;51;22;57;210;45;21;41;20
1584.0;21;51;22;55;211;46;20;43;21
1590.0;19;53;21;53;213;49;20;42;20
1596.0;20;49;20;53;217;49;19;42;21
1602.0;21;49;21;53;218;49;19;38;22
1608.0;20;49;20;53;224;46;18;39;21
1614.0;20;47;22;53;223;48;18;40;19
1620.0;21;48;21;52;222;50;18;42;16
1626.0;22;50;20;48;221;52;17;44;16
1632.0;16;51;22;51;222;53;17;41;17
1638.0;15;52;21;52;222;54;17;37;20
1644.0;15;51;16;55;221;57;21;37;17
1650.0;16;48;20;59;224;54;17;36;16
1656.0;16;49;23;58;223;58;13;35;15
1662.0;16;48;24;60;222;54;15;38;13
1668.0;17;48;23;60;223;53;16;36;14
1674.0;18;46;19;61;224;55;20;35;12
1680.0;21;47;21;57;220;55;22;33;14
1686.0;19;47;19;60;219;52;24;34;16
1692.0;20;46;19;61;220;53;23;30;18
1698.0;18;46;19;62;217;53;25;33;17
1704.0;17;48;19;61;216;52;24;37;16
1710.0;18;48;17;56;219;54;25;35;18
1716.0;19;47;17;56;221;53;21;33;23
1722.0;21;47;20;55;220;50;20;31;26
1728.0;21;48;21;56;218;44;24;33;25
1734.0;24;47;22;54;217;43;26;32;25
1740.0;26;42;21;54;218;43;26;33;27
1746.0;23;44;21;55;219;42;26;35;25
1752.0;21;42;21;57;220;46;25;33;25
1758.0;22;40;21;56;224;44;25;33;25
1764.0;27;41;21;58;221;44;22;30;26
1770.0;23;41;25;53;223;41;27;35;22
1776.0;23;42;23;54;225;39;28;33;23
1782.0;25;40;21;52;222;42;26;36;26
1788.0;27;36;22;55;222;44;22;38;24
1794.0;24;34;21;56;219;44;19;47;26
