#auto generated file!
12.0;38;34;27;32;39;29;46;42;43
18.0;40;35;27;35;41;29;46;42;35
24.0;37;36;30;38;42;29;42;41;35
30.0;40;37;26;38;42;28;39;40;40
36.0;39;37;26;40;44;32;35;36;41
42.0;41;36;26;42;46;30;32;39;38
48.0;40;35;24;45;45;29;30;43;39
54.0;43;36;24;45;47;26;28;43;38
60.0;40;34;24;45;47;29;31;42;38
66.0;36;34;26;45;49;34;27;43;36
72.0;35;36;23;40;50;37;27;45;37
78.0;34;36;24;44;52;40;19;46;35
84.0;35;40;25;47;55;37;16;44;31
90.0;35;43;26;47;58;35;14;41;31
96.0;34;44;30;49;60;31;16;38;28
102.0;31;41;32;47;61;32;20;38;28
108.0;30;37;32;45;65;33;23;39;26
114.0;28;36;33;45;69;31;24;36;28
120.0;26;33;30;44;72;32;24;38;31
126.0;29;34;29;40;77;35;22;34;30
132.0;28;32;28;39;77;39;22;36;29
138.0;28;31;29;39;78;40;22;36;27
144.0;24;29;30;40;80;45;22;35;25
150.0;25;30;30;38;82;44;21;34;26
156.0;24;32;29;35;82;47;19;32;30
162.0;23;34;29;38;81;47;17;33;28
168.0;24;33;26;39;82;48;15;35;28
174.0;28;37;23;39;82;48;15;34;24
180.0;28;37;23;37;84;47;17;32;25
186.0;30;39;21;36;85;45;17;32;25
192.0;26;42;19;35;85;45;15;35;28
198.0;25;40;18;35;88;45;16;35;28
204.0;26;39;18;37;87;43;13;37;30
210.0;22;40;21;40;88;44;14;36;25
216.0;20;38;20;41;88;42;14;40;27
222.0;16;37;21;42;90;41;13;40;30
228.0;15;37;20;44;91;42;13;43;25
234.0;14;37;22;42;90;41;16;42;26
240.0;13;38;22;43;93;40;18;39;24
246.0;16;39;19;44;97;38;18;37;22
252.0;14;38;19;43;98;40;15;39;24
258.0;15;37;17;45;102;36;16;40;22
264.0;16;37;17;46;100;37;16;39;22
270.0;15;37;18;47;100;40;17;40;16
276.0;13;37;18;48;100;40;17;43;14
282.0;14;35;19;48;103;39;18;42;12
288.0;15;35;18;51;104;38;17;41;11
294.0;15;37;19;49;104;38;15;43;10
300.0;16;36;15;49;107;41;13;44;9
306.0;14;34;13;48;109;41;12;48;11
312.0;14;38;14;46;109;41;11;46;11
318.0;14;40;13;43;109;40;11;45;15
324.0;13;40;12;45;111;43;12;40;14
330.0;13;44;10;44;108;45;12;42;12
336.0;12;42;11;46;110;44;13;39;13
342.0;17;40;12;41;108;44;15;37;16
348.0;16;39;9;42;109;43;16;40;16
354.0;17;42;10;39;108;41;18;42;13
360.0;15;40;13;38;107;42;19;42;14
366.0;16;44;13;39;107;42;14;41;14
372.0;16;44;17;38;107;42;14;39;13
378.0;23;40;17;37;110;36;15;41;11
384.0;21;40;16;38;109;37;16;42;11
390.0;19;40;18;36;109;35;17;44;12
396.0;19;42;17;36;107;38;16;43;12
402.0;21;44;14;34;108;35;17;43;14
408.0;22;44;12;35;107;36;20;41;13
414.0;19;43;13;34;108;36;17;45;15
420.0;20;44;15;35;104;36;17;44;15
426.0;21;43;13;34;104;36;18;45;16
432.0;22;43;13;34;104;36;18;43;17
438.0;21;42;12;35;103;37;20;43;17
444.0;20;41;13;36;103;38;20;43;16
450.0;19;45;15;36;106;38;18;40;13
456.0;19;48;12;35;106;36;18;42;14
462.0;18;50;12;36;105;33;18;39;19
468.0;20;46;12;35;105;31;20;41;20
474.0;21;46;9;38;106;31;16;40;23
480.0;20;44;9;42;107;31;17;38;22
486.0;20;44;11;45;107;29;17;36;21
492.0;21;43;12;43;108;28;18;38;19
498.0;18;43;15;42;108;29;17;38;20
504.0;19;47;16;39;109;28;16;35;21
510.0;19;48;16;40;109;27;16;36;19
516.0;16;47;14;35;113;31;16;41;17
522.0;15;45;16;35;115;30;18;39;17
528.0;15;40;15;35;117;29;16;42;21
534.0;17;39;15;35;117;30;19;37;21
540.0;19;34;16;35;117;30;23;36;20
546.0;22;34;14;36;118;30;21;36;19
552.0;21;32;14;40;117;31;22;34;19
558.0;20;32;14;41;117;32;24;34;16
564.0;19;34;16;39;117;29;26;34;16
570.0;20;34;18;39;116;31;22;34;16
576.0;19;32;18;38;117;31;23;36;16
582.0;22;33;19;34;118;30;22;40;12
588.0;18;35;18;35;119;32;20;41;12
594.0;17;35;18;34;120;31;16;41;18
600.0;17;33;18;37;121;32;15;41;16
606.0;19;33;19;36;123;31;14;41;14
612.0;16;36;21;39;123;30;14;40;11
618.0;13;38;20;38;122;32;14;40;13
624.0;14;37;19;40;122;34;13;39;12
630.0;16;36;17;39;124;34;14;40;10
636.0;17;37;17;38;123;34;14;39;11
642.0;18;37;17;37;120;37;15;38;11
648.0;17;41;16;36;124;38;11;36;11
654.0;13;40;18;34;125;37;10;41;12
660.0;14;39;18;35;126;36;12;39;11
666.0;14;37;18;36;125;34;14;40;12
672.0;16;39;20;32;124;32;17;39;11
678.0;16;41;20;29;125;33;16;40;10
684.0;15;45;16;32;126;30;17;35;14
690.0;13;49;18;31;128;28;17;31;15
696.0;14;48;19;32;127;25;16;33;16
702.0;16;50;17;31;127;24;14;35;16
708.0;13;49;19;30;128;23;16;34;18
714.0;15;46;20;31;127;24;15;34;18
720.0;16;44;19;33;127;24;16;32;19
726.0;17;42;19;33;131;22;14;33;19
732.0;14;41;22;34;132;22;14;34;17
738.0;15;40;23;33;132;23;12;34;18
744.0;14;39;25;33;132;24;12;35;16
750.0;14;35;22;31;135;30;10;36;17
756.0;14;36;19;31;135;32;10;34;19
762.0;12;39;17;33;138;33;11;33;14
768.0;14;39;13;32;137;34;11;34;16
774.0;14;38;14;34;135;35;13;35;12
780.0;14;37;15;35;135;34;12;36;12
786.0;15;34;15;33;136;33;12;39;13
792.0;16;33;16;35;134;33;10;39;14
798.0;14;34;17;35;133;34;11;39;13
804.0;12;36;13;36;135;34;12;39;13
810.0;12;35;15;39;134;33;15;37;10
816.0;13;37;15;40;134;32;14;34;11
822.0;14;38;16;42;134;32;13;32;9
828.0;14;38;17;37;138;33;12;31;10
834.0;13;38;18;40;138;33;13;28;9
840.0;11;37;20;41;139;34;10;28;10
846.0;13;38;17;42;142;32;9;28;9
852.0;13;38;16;45;141;28;9;31;9
858.0;13;40;18;41;138;30;10;31;9
864.0;10;40;18;40;139;30;12;30;11
870.0;9;37;17;42;140;29;13;28;15
876.0;11;35;17;38;143;30;14;29;13
882.0;12;37;20;37;140;30;11;31;12
888.0;12;39;18;37;138;29;14;30;13
894.0;13;39;18;36;139;28;14;29;14
900.0;16;43;15;35;138;29;13;29;12
906.0;14;39;16;33;144;30;15;28;11
912.0;12;37;16;34;146;28;12;34;11
918.0;14;39;15;34;149;26;10;32;11
924.0;14;35;16;36;150;24;8;33;14
930.0;15;34;15;35;153;23;11;29;15
936.0;12;34;16;36;150;24;13;31;14
942.0;14;34;17;36;150;22;14;29;14
948.0;16;34;14;33;149;24;15;29;16
954.0;16;33;16;34;149;24;12;29;17
960.0;14;33;17;32;147;26;14;28;19
966.0;12;34;19;30;147;29;16;25;18
972.0;12;30;16;33;150;27;16;28;18
978.0;13;31;17;32;146;30;16;28;17
984.0;14;33;13;33;148;28;19;28;14
990.0;19;32;14;34;145;27;19;28;12
996.0;19;32;14;35;146;27;17;27;13
1002.0;20;31;14;33;144;26;20;26;16
1008.0;19;32;13;33;145;25;20;26;17
1014.0;19;32;12;34;144;25;22;27;15
1020.0;19;31;12;34;145;25;23;25;16
1026.0;18;33;12;37;143;24;22;26;15
1032.0;19;32;14;35;142;22;22;26;18
1038.0;20;30;15;36;143;21;22;26;17
1044.0;18;30;18;36;143;21;20;25;19
1050.0;17;31;20;36;140;20;20;26;20
1056.0;17;30;19;36;144;18;20;26;20
1062.0;18;31;20;38;143;19;19;25;17
1068.0;16;33;19;36;145;22;19;23;17
1074.0;14;35;15;32;142;24;21;26;21
1080.0;13;37;16;31;142;22;22;27;20
1086.0;15;39;16;29;142;23;22;25;19
1092.0;14;40;14;28;143;24;24;24;19
1098.0;19;38;18;28;142;22;24;23;16
1104.0;15;40;19;30;143;22;21;23;17
1110.0;14;38;18;31;146;19;24;25;15
1116.0;16;39;16;31;147;17;22;26;16
1122.0;16;36;18;33;146;20;23;24;14
1128.0;16;35;17;32;147;19;22;29;13
1134.0;16;35;12;35;151;17;22;28;14
1140.0;15;35;14;33;152;18;24;29;10
1146.0;13;34;14;33;153;19;22;28;14
1152.0;13;33;18;33;152;20;21;27;13
1158.0;14;36;18;33;150;20;22;26;11
1164.0;16;34;17;34;151;22;19;24;13
1170.0;15;35;19;33;153;21;19;23;12
1176.0;17;33;18;34;152;24;18;23;11
1182.0;16;33;17;35;152;24;19;22;12
1188.0;16;30;16;34;154;24;20;24;12
1194.0;17;29;17;31;156;24;22;21;13
1200.0;19;30;18;30;154;25;20;20;14
1206.0;21;29;18;32;153;26;18;20;13
1212.0;18;27;17;32;151;29;19;22;15
1218.0;18;30;13;31;154;28;19;22;15
1224.0;19;27;13;32;157;27;17;21;17
1230.0;23;27;12;34;158;24;13;23;16
1236.0;19;27;12;36;159;24;12;26;15
1242.0;19;31;11;36;159;23;13;26;12
1248.0;20;34;9;38;155;24;12;27;11
1254.0;18;36;9;38;152;25;12;29;11
1260.0;19;33;7;37;152;28;13;27;14
1266.0;17;31;10;38;153;28;11;27;15
1272.0;20;29;16;36;152;25;11;25;16
1278.0;20;28;15;35;153;26;12;25;16
1284.0;20;28;14;34;154;27;13;25;15
1290.0;20;27;15;32;157;27;12;24;16
1296.0;19;28;16;32;155;27;11;23;19
1302.0;17;28;15;34;153;27;14;24;18
1308.0;17;28;16;33;153;30;12;26;15
1314.0;18;27;16;32;149;31;13;29;15
1320.0;20;27;14;29;147;35;11;30;17
1326.0;16;30;18;31;151;33;10;25;16
1332.0;14;30;18;29;151;35;11;25;17
1338.0;11;29;18;30;153;34;12;25;18
1344.0;14;29;18;29;149;32;12;28;19
1350.0;13;30;17;29;150;32;14;30;15
1356.0;16;28;17;30;151;31;12;29;16
1362.0;14;29;18;32;148;29;14;31;15
1368.0;15;27;17;32;147;30;15;33;14
1374.0;15;27;17;32;147;30;18;34;10
1380.0;14;28;16;31;147;31;21;32;10
1386.0;13;27;13;34;147;30;20;35;11
1392.0;13;28;14;32;145;31;19;37;11
1398.0;15;26;14;30;145;31;21;38;10
1404.0;13;27;15;31;146;28;22;40;8
1410.0;13;25;17;31;147;29;22;38;8
1416.0;14;26;17;31;146;28;18;41;9
1422.0;11;26;17;32;146;32;17;41;8
1428.0;12;26;15;31;147;31;15;43;10
1434.0;12;27;12;32;148;31;16;41;11
1440.0;12;25;12;33;150;32;14;41;11
1446.0;13;28;15;28;148;34;13;41;10
1452.0;11;27;14;30;145;34;17;39;13
1458.0;12;28;15;27;149;30;17;38;14
1464.0;12;29;12;25;151;31;14;39;17
1470.0;11;30;11;24;151;29;12;42;20
1476.0;10;28;12;26;151;31;11;44;17
1482.0;7;26;13;27;152;35;10;44;16
1488.0;7;28;11;25;153;34;11;43;18
1494.0;8;27;10;27;154;30;12;41;21
1500.0;9;29;9;27;155;29;13;40;19
1506.0;9;31;13;28;153;25;11;42;18
1512.0;10;29;15;27;151;25;12;45;16
1518.0;13;30;13;28;149;25;13;42;17
1524.0;13;29;14;26;149;23;13;44;19
1530.0;14;30;15;29;146;23;11;43;19
1536.0;13;29;13;29;145;24;12;43;22
1542.0;11;29;11;34;146;23;14;40;22
1548.0;10;27;13;33;148;25;14;41;19
1554.0;10;25;13;32;149;25;16;40;20
1560.0;11;27;14;34;147;24;16;38;19
1566.0;11;26;10;34;149;27;16;38;19
1572.0;13;27;11;33;147;27;17;36;19
1578.0;14;29;10;30;148;27;14;37;21
1584.0;13;27;12;32;146;29;14;38;19
1590.0;13;26;15;33;146;28;13;37;19
1596.0;12;23;18;35;146;27;14;37;18
1602.0;12;23;18;34;146;28;16;38;15
1608.0;14;23;18;31;146;27;17;36;18
1614.0;13;26;21;29;144;27;18;36;16
1620.0;13;25;22;31;143;29;17;35;15
1626.0;14;23;23;31;140;30;17;39;13
1632.0;15;23;25;33;140;28;15;39;12
1638.0;15;23;25;35;140;29;12;38;13
1644.0;15;24;24;35;140;28;12;37;15
1650.0;16;26;23;34;140;26;12;39;14
1656.0;16;26;21;31;142;27;14;39;14
1662.0;16;27;21;31;141;27;13;42;12
1668.0;14;28;20;32;140;27;15;42;12
1674.0;14;27;22;32;139;29;15;42;10
1680.0;14;29;23;30;138;29;14;43;10
1686.0;15;30;20;32;137;30;13;42;11
1692.0;13;33;17;30;137;32;14;42;12
1698.0;13;32;17;32;135;33;13;39;16
1704.0;13;30;18;30;134;35;15;40;15
1710.0;12;29;16;31;136;36;17;38;15
1716.0;13;30;17;30;137;34;17;35;17
1722.0;11;30;21;27;138;34;17;35;17
1728.0;15;31;19;27;138;32;20;33;15
1734.0;16;33;19;28;135;33;18;35;13
1740.0;17;31;21;26;135;33;14;39;14
1746.0;20;31;20;25;136;34;15;35;14
1752.0;16;31;19;27;136;33;15;36;17
1758.0;14;32;18;26;139;32;17;34;18
1764.0;15;33;15;25;142;32;15;33;20
1770.0;16;32;15;25;143;33;16;33;17
1776.0;14;33;14;24;144;34;16;34;17
1782.0;16;31;13;24;144;34;18;31;19
1788.0;14;33;15;25;141;35;17;29;21
1794.0;15;33;14;22;143;34;19;28;22
