#auto generated file!
12.0;44;35;48;56;37;38;33;44;45
18.0;43;35;49;53;38;40;34;46;42
24.0;44;36;47;53;41;42;33;49;35
30.0;41;36;45;54;42;41;34;52;35
36.0;39;37;47;55;46;40;32;50;34
42.0;37;40;45;54;48;41;31;49;35
48.0;41;38;40;55;51;40;29;51;35
54.0;39;40;41;55;53;38;28;51;35
60.0;38;37;38;53;54;39;30;55;36
66.0;37;40;37;52;56;42;27;54;35
72.0;33;42;36;56;56;45;24;54;34
78.0;31;45;34;55;58;49;21;56;31
84.0;29;41;34;59;59;49;24;57;28
90.0;28;42;33;58;64;44;27;56;28
96.0;25;45;32;57;65;45;26;59;26
102.0;25;44;30;60;68;44;27;57;25
108.0;24;43;27;61;70;46;29;58;22
114.0;28;41;28;62;70;45;27;58;21
120.0;33;38;27;63;69;47;26;57;20
126.0;29;41;28;60;71;46;28;58;19
132.0;30;43;29;60;71;44;25;57;21
138.0;24;43;31;60;74;45;25;57;21
144.0;24;43;30;59;77;47;22;56;22
150.0;23;42;31;59;77;50;24;53;21
156.0;21;48;27;58;78;49;26;52;21
162.0;23;50;25;60;78;48;26;49;21
168.0;23;49;23;61;81;47;23;52;21
174.0;29;50;21;59;83;45;22;50;21
180.0;24;49;22;59;85;47;24;50;20
186.0;23;50;22;60;85;47;25;47;21
192.0;26;48;21;58;87;44;24;50;22
198.0;24;49;18;57;89;47;25;48;23
204.0;25;49;17;54;93;47;25;47;23
210.0;24;47;17;54;95;45;26;49;23
216.0;22;50;17;51;98;43;24;52;23
222.0;20;53;17;49;102;43;22;51;23
228.0;20;51;22;50;102;43;18;49;25
234.0;21;50;21;49;106;40;15;50;28
240.0;22;48;21;50;106;41;18;45;29
246.0;22;49;19;52;110;40;16;47;25
252.0;20;47;18;51;112;40;12;52;28
258.0;19;47;17;50;111;40;14;53;29
264.0;19;46;18;51;114;36;14;53;29
270.0;21;47;18;49;115;32;15;52;31
276.0;21;44;18;52;116;30;13;54;32
282.0;20;41;19;53;117;29;14;54;33
288.0;19;41;19;52;119;29;17;51;33
294.0;19;42;20;53;119;28;16;54;29
300.0;18;41;19;51;119;29;19;55;29
306.0;20;43;21;48;121;27;17;54;29
312.0;21;43;18;46;122;28;18;56;28
318.0;24;42;19;47;123;28;19;49;29
324.0;26;45;16;49;124;26;18;50;26
330.0;27;45;14;51;126;30;14;49;24
336.0;27;43;17;54;127;29;13;45;25
342.0;27;42;15;53;127;28;19;44;25
348.0;22;40;15;54;125;29;20;47;28
354.0;22;42;12;53;126;30;19;47;29
360.0;22;42;11;47;129;32;21;48;28
366.0;24;46;13;46;129;32;20;42;28
372.0;23;44;16;44;130;28;21;47;27
378.0;23;48;16;42;133;28;19;44;27
384.0;23;47;14;42;134;29;16;46;29
390.0;22;43;13;44;136;30;19;43;30
396.0;19;46;13;45;135;30;18;45;29
402.0;19;46;13;44;134;31;17;47;29
408.0;18;44;16;43;133;32;18;48;28
414.0;19;45;17;43;133;32;17;46;28
420.0;19;44;20;42;134;31;15;49;26
426.0;19;39;18;42;138;31;19;49;25
432.0;17;43;17;42;138;33;19;46;25
438.0;16;45;18;41;143;34;19;39;25
444.0;17;45;20;41;141;33;20;39;24
450.0;17;48;21;40;139;32;19;40;24
456.0;17;48;23;38;142;31;21;37;23
462.0;15;48;21;38;142;35;21;37;23
468.0;16;47;21;43;140;33;22;38;20
474.0;14;49;22;42;144;32;21;35;21
480.0;14;49;22;41;147;32;19;35;21
486.0;16;48;22;37;149;34;17;36;21
492.0;16;47;22;38;151;33;17;33;23
498.0;16;43;23;39;153;34;18;32;22
504.0;19;46;18;39;155;33;15;35;20
510.0;20;46;17;38;153;37;14;34;21
516.0;19;45;16;39;152;40;15;34;20
522.0;18;45;13;39;152;41;16;34;22
528.0;19;43;18;39;151;42;16;35;17
534.0;19;42;19;39;152;40;17;36;16
540.0;18;41;19;38;152;42;18;37;15
546.0;17;41;19;37;153;42;17;37;17
552.0;16;39;18;38;151;41;20;39;18
558.0;17;39;17;42;151;44;16;36;18
564.0;18;41;15;42;150;41;15;38;20
570.0;17;42;13;43;151;41;15;38;20
576.0;17;41;12;41;149;39;18;39;24
582.0;16;43;11;41;147;37;17;41;27
588.0;17;44;11;38;148;37;17;43;25
594.0;18;43;8;37;151;39;18;42;24
600.0;23;42;9;36;149;39;19;41;22
606.0;22;42;12;33;149;39;18;40;25
612.0;23;41;14;34;150;38;17;40;23
618.0;28;40;13;37;148;38;18;37;21
624.0;27;41;13;37;149;37;16;41;19
630.0;25;41;14;37;149;40;17;41;16
636.0;27;40;14;39;149;38;17;41;15
642.0;23;38;15;35;150;41;19;44;15
648.0;22;36;16;36;152;40;20;44;14
654.0;19;35;16;35;153;44;21;43;14
660.0;19;35;15;37;152;46;18;42;16
666.0;20;35;13;36;155;44;19;43;15
672.0;21;35;16;34;152;43;19;43;17
678.0;19;36;15;34;152;44;20;42;18
684.0;22;38;13;33;151;45;20;41;17
690.0;20;39;14;31;150;44;20;44;18
696.0;18;39;15;32;152;41;21;42;20
702.0;18;38;13;32;153;38;24;42;22
708.0;19;36;13;29;154;39;24;42;24
714.0;19;33;14;28;154;40;26;41;25
720.0;21;30;15;31;153;38;27;41;24
726.0;19;27;17;33;154;41;26;38;25
732.0;15;26;18;34;157;43;25;40;22
738.0;17;28;19;34;158;42;24;38;20
744.0;17;29;17;33;157;44;25;38;20
750.0;18;28;17;31;156;44;27;38;21
756.0;19;29;21;30;155;42;27;39;18
762.0;18;26;20;34;155;44;27;39;17
768.0;18;26;19;36;155;41;30;40;15
774.0;19;25;20;36;155;40;28;40;17
780.0;21;28;21;35;154;38;24;40;19
786.0;20;28;20;33;158;38;25;38;20
792.0;22;27;20;32;159;40;27;35;18
798.0;22;27;20;33;162;39;25;35;17
804.0;22;30;19;35;158;38;22;35;21
810.0;21;27;23;33;159;39;18;35;25
816.0;21;25;19;36;158;40;24;32;25
822.0;20;25;19;36;155;44;25;32;24
828.0;20;26;21;35;151;44;24;36;23
834.0;20;24;20;38;150;44;23;38;23
840.0;19;29;21;35;149;46;22;39;20
846.0;22;29;16;38;150;48;19;41;17
852.0;22;30;18;40;150;43;18;42;17
858.0;22;30;16;42;152;44;18;40;16
864.0;16;28;16;47;152;48;17;40;16
870.0;18;28;14;47;154;45;18;41;15
876.0;16;31;14;46;154;45;22;38;14
882.0;15;30;18;44;156;44;20;38;15
888.0;14;29;19;44;155;46;22;38;13
894.0;14;28;18;41;156;48;20;38;17
900.0;14;30;16;40;160;45;21;37;17
906.0;14;29;16;40;159;43;23;39;17
912.0;15;29;19;40;161;41;22;35;18
918.0;16;31;17;40;161;41;22;34;18
924.0;17;32;19;39;160;41;20;34;18
930.0;16;34;16;39;157;40;25;33;20
936.0;16;34;17;37;158;41;22;34;21
942.0;16;33;16;36;157;39;24;35;24
948.0;19;33;19;34;157;39;22;34;23
954.0;17;31;22;39;155;37;25;33;21
960.0;16;30;23;40;153;37;24;35;22
966.0;14;28;23;42;152;36;26;34;25
972.0;16;28;24;42;153;36;24;35;22
978.0;13;32;23;44;153;37;23;35;20
984.0;14;35;21;44;155;36;25;32;18
990.0;13;35;21;45;158;35;25;32;16
996.0;15;33;23;43;161;32;22;33;18
1002.0;15;33;22;42;161;30;25;34;18
1008.0;20;34;22;41;162;28;23;32;18
1014.0;19;36;23;38;161;33;21;30;19
1020.0;21;38;21;38;161;30;19;33;19
1026.0;19;39;20;38;163;30;22;33;16
1032.0;19;38;18;41;164;31;22;32;15
1038.0;21;40;19;40;163;29;18;33;17
1044.0;19;43;20;35;164;30;20;34;15
1050.0;20;38;19;36;167;29;19;34;18
1056.0;20;41;20;37;166;28;16;34;18
1062.0;22;38;21;39;165;29;15;34;17
1068.0;22;41;21;40;163;27;16;33;17
1074.0;22;43;22;39;162;28;16;32;16
1080.0;23;42;22;39;164;26;17;30;17
1086.0;23;41;22;40;165;27;16;30;16
1092.0;21;40;22;39;167;31;13;29;18
1098.0;19;41;26;33;166;32;14;30;19
1104.0;19;39;23;33;164;36;17;30;19
1110.0;17;35;20;32;168;37;18;34;19
1116.0;17;33;21;31;167;37;21;35;18
1122.0;16;30;23;32;168;36;20;36;19
1128.0;12;34;24;34;165;40;17;37;17
1134.0;18;34;21;31;166;37;15;39;19
1140.0;21;28;23;32;165;35;18;36;22
1146.0;22;29;22;33;162;36;17;34;25
1152.0;18;28;23;35;162;38;17;31;28
1158.0;17;30;24;36;163;37;16;29;28
1164.0;18;29;27;34;163;37;15;29;28
1170.0;17;29;25;35;160;39;14;33;28
1176.0;18;30;27;38;161;36;17;31;22
1182.0;19;34;27;36;161;38;17;29;19
1188.0;18;33;24;35;161;38;23;30;18
1194.0;18;35;22;35;163;37;23;29;18
1200.0;20;35;20;36;167;36;21;30;15
1206.0;18;35;23;36;165;36;22;30;15
1212.0;15;38;20;38;166;37;17;31;18
1218.0;16;39;22;34;165;40;19;30;15
1224.0;15;39;24;33;166;40;19;31;13
1230.0;15;38;19;34;169;40;17;34;14
1236.0;18;40;19;33;166;40;18;33;13
1242.0;21;39;17;31;166;39;17;36;14
1248.0;20;39;20;32;161;38;19;37;14
1254.0;22;36;19;31;163;40;20;36;13
1260.0;21;35;18;31;163;41;21;35;15
1266.0;23;36;20;31;161;41;17;35;16
1272.0;23;39;20;28;164;42;14;35;15
1278.0;21;42;18;27;165;42;14;37;14
1284.0;24;38;19;26;167;41;13;37;15
1290.0;25;40;20;26;166;41;16;38;8
1296.0;23;37;20;28;167;41;16;36;12
1302.0;21;38;20;27;167;41;17;37;12
1308.0;23;37;18;26;167;40;20;37;12
1314.0;22;38;19;26;165;38;19;40;13
1320.0;22;37;20;26;161;38;21;40;15
1326.0;20;38;19;29;161;38;20;39;16
1332.0;18;42;20;28;163;38;18;35;18
1338.0;16;40;20;31;161;38;20;35;19
1344.0;14;40;19;32;163;37;22;34;19
1350.0;14;40;20;31;164;35;20;35;21
1356.0;15;38;19;32;167;33;20;35;21
1362.0;16;37;20;28;166;35;21;36;21
1368.0;19;33;22;26;167;36;20;34;23
1374.0;19;32;21;28;165;35;21;35;24
1380.0;20;32;22;30;168;34;19;34;21
1386.0;19;31;23;31;168;34;18;34;22
1392.0;18;31;26;29;167;34;21;34;20
1398.0;20;28;26;32;165;33;19;35;22
1404.0;20;25;26;31;164;34;22;37;21
1410.0;24;25;22;30;166;37;21;38;17
1416.0;24;24;26;29;167;35;20;39;16
1422.0;22;26;25;28;168;38;21;37;15
1428.0;23;25;23;29;168;39;20;38;15
1434.0;24;27;22;28;169;36;15;41;18
1440.0;25;28;19;26;171;36;18;42;15
1446.0;23;29;19;27;170;37;17;44;14
1452.0;22;29;17;28;171;38;20;42;13
1458.0;19;30;17;28;171;38;22;40;15
1464.0;19;30;17;26;171;37;21;41;18
1470.0;19;30;16;26;174;37;19;38;21
1476.0;19;33;19;25;171;40;18;38;17
1482.0;16;34;20;24;172;40;19;40;15
1488.0;18;36;18;22;172;41;20;38;15
1494.0;20;30;19;23;170;41;22;41;14
1500.0;22;30;16;27;168;40;22;40;15
1506.0;25;26;14;27;169;42;19;40;18
1512.0;26;31;13;29;171;39;15;41;15
1518.0;25;31;13;31;174;38;13;40;15
1524.0;23;35;14;30;172;38;15;37;16
1530.0;22;35;15;30;173;39;16;34;16
1536.0;24;35;17;31;172;37;18;33;13
1542.0;24;34;14;32;172;37;21;33;13
1548.0;21;34;17;33;171;35;24;33;12
1554.0;20;34;19;31;174;37;24;30;11
1560.0;19;36;17;31;172;35;26;30;14
1566.0;21;35;16;31;173;36;24;32;12
1572.0;23;30;16;35;172;37;23;32;12
1578.0;23;28;16;35;173;38;21;29;17
1584.0;26;28;15;37;172;35;20;30;17
1590.0;26;31;16;35;172;35;20;29;16
1596.0;24;31;16;37;172;35;21;30;14
1602.0;22;30;17;39;171;34;21;31;15
1608.0;21;30;18;39;172;37;18;31;14
1614.0;20;28;20;40;173;37;15;32;15
1620.0;17;27;20;44;171;39;15;30;17
1626.0;16;29;18;43;171;37;18;30;18
1632.0;14;25;18;45;172;41;18;31;16
1638.0;15;27;18;43;171;42;20;29;15
1644.0;13;29;18;42;172;42;21;28;15
1650.0;11;25;19;42;172;45;23;30;13
1656.0;13;22;21;44;171;45;22;28;14
1662.0;14;22;19;42;172;44;23;30;14
1668.0;16;22;20;41;172;41;22;30;16
1674.0;17;23;16;40;175;40;23;31;15
1680.0;16;24;14;43;172;41;22;31;17
1686.0;17;24;14;39;173;42;21;34;16
1692.0;14;27;16;39;173;42;21;35;13
1698.0;14;25;17;42;173;41;21;36;11
1704.0;13;26;18;43;175;39;17;36;13
1710.0;14;29;17;42;174;38;15;37;14
1716.0;15;27;18;40;173;38;17;39;13
1722.0;19;29;15;42;173;37;15;39;11
1728.0;18;29;15;41;176;37;15;38;11
1734.0;15;29;16;43;176;38;12;37;14
1740.0;19;27;16;46;172;38;12;36;14
1746.0;16;26;15;45;172;38;15;38;15
1752.0;15;27;19;45;170;38;14;37;15
1758.0;15;27;19;44;172;39;14;35;15
1764.0;15;28;20;45;172;38;13;33;16
1770.0;16;29;18;44;172;35;14;35;17
1776.0;18;30;18;44;169;36;12;34;19
1782.0;21;31;20;44;168;34;13;33;16
1788.0;17;34;19;42;169;35;13;35;16
1794.0;17;35;19;41;170;32;15;34;17
