#auto generated file!
12.0;29;33;26;26;21;27;22;28;18
18.0;27;35;24;27;23;30;19;27;18
24.0;24;35;26;26;25;27;16;32;19
30.0;24;35;27;26;26;27;17;30;18
36.0;22;34;26;27;26;31;15;31;18
42.0;20;34;24;24;28;32;15;35;18
48.0;20;33;22;23;28;33;16;35;20
54.0;20;34;25;23;29;34;14;34;17
60.0;21;34;24;22;29;36;13;35;16
66.0;20;34;22;22;30;34;12;38;18
72.0;17;32;22;24;34;32;13;37;19
78.0;18;32;19;25;34;29;15;37;21
84.0;17;33;18;25;37;27;16;36;21
90.0;17;34;19;22;37;26;17;36;22
96.0;19;34;20;22;37;28;15;37;18
102.0;13;36;22;24;39;27;14;36;19
108.0;14;38;21;25;38;28;17;33;16
114.0;14;36;20;27;39;24;16;38;16
120.0;15;34;20;28;40;24;16;37;16
126.0;17;35;20;28;40;24;16;34;16
132.0;18;36;21;28;39;24;17;33;14
138.0;18;31;20;27;43;22;21;36;12
144.0;22;29;16;29;45;24;19;34;12
150.0;19;30;15;32;47;25;16;33;13
156.0;19;27;14;32;46;30;17;32;13
162.0;19;28;15;32;47;28;16;30;15
168.0;20;28;15;33;49;27;15;30;13
174.0;21;30;15;30;49;26;16;30;13
180.0;21;33;14;30;51;26;15;28;12
186.0;23;32;12;31;55;27;13;27;10
192.0;25;34;12;30;55;25;13;27;9
198.0;22;33;11;30;58;28;15;25;8
204.0;22;32;10;31;58;30;13;25;9
210.0;17;34;11;33;59;33;13;22;8
216.0;18;33;10;33;59;33;14;22;8
222.0;17;33;9;33;59;32;11;27;9
228.0;17;31;12;33;59;31;13;25;9
234.0;17;28;15;32;58;33;13;23;11
240.0;18;29;16;30;58;33;11;25;10
246.0;14;27;18;33;62;31;12;24;9
252.0;12;27;17;34;63;31;12;25;9
258.0;15;26;17;33;65;28;11;25;10
264.0;14;27;17;36;64;28;8;25;11
270.0;12;26;13;37;66;29;9;26;12
276.0;11;28;13;36;66;28;8;27;13
282.0;11;26;14;37;67;28;7;27;13
288.0;12;23;16;34;68;28;7;26;16
294.0;13;22;16;33;67;26;10;27;16
300.0;13;22;14;33;67;29;8;28;16
306.0;13;23;14;31;68;27;8;30;16
312.0;15;23;13;30;69;27;8;29;16
318.0;15;23;12;29;70;27;8;27;19
324.0;16;25;11;26;70;28;6;26;22
330.0;17;25;13;25;70;26;6;26;22
336.0;15;26;12;25;70;25;9;26;22
342.0;15;28;13;26;70;25;7;26;20
348.0;14;28;17;22;72;24;8;26;19
354.0;12;29;18;21;73;23;7;25;22
360.0;13;28;17;20;77;21;9;27;18
366.0;12;28;17;20;76;22;9;26;20
372.0;13;28;15;18;75;22;10;27;22
378.0;14;30;15;18;75;23;8;25;22
384.0;13;29;18;20;74;23;7;24;22
390.0;16;28;16;24;75;23;8;19;21
396.0;19;30;12;24;74;23;8;20;20
402.0;18;30;11;24;77;22;9;19;20
408.0;13;30;10;27;78;22;10;22;18
414.0;14;29;12;26;80;23;8;20;18
420.0;16;29;14;27;79;23;9;17;16
426.0;12;27;16;31;78;23;11;16;16
432.0;13;27;14;30;79;24;13;14;16
438.0;14;26;13;30;80;26;12;13;16
444.0;14;25;15;29;80;25;12;13;17
450.0;13;25;16;27;81;24;11;14;19
456.0;13;26;15;28;80;23;12;15;18
462.0;11;25;13;30;80;23;12;16;20
468.0;12;27;13;27;82;23;11;15;20
474.0;12;27;14;28;84;22;8;15;20
480.0;12;25;11;32;82;24;6;15;23
486.0;10;27;11;33;81;23;6;17;22
492.0;10;27;12;34;81;24;7;15;20
498.0;10;27;12;35;81;25;7;14;19
504.0;10;28;12;37;79;23;8;15;18
510.0;11;28;11;37;78;24;8;14;19
516.0;12;26;11;36;78;25;10;14;18
522.0;9;26;10;39;78;24;9;16;19
528.0;9;26;10;38;79;26;9;16;17
534.0;9;25;8;35;78;27;12;19;17
540.0;9;24;9;33;79;26;13;19;18
546.0;9;26;7;32;81;26;11;19;19
552.0;8;26;9;29;80;28;11;19;20
558.0;10;25;9;27;81;26;12;19;21
564.0;9;25;9;26;82;26;14;19;20
570.0;11;24;8;28;84;23;15;19;18
576.0;13;24;8;29;84;21;13;19;19
582.0;12;24;9;33;83;18;12;20;19
588.0;10;23;10;35;83;17;13;19;20
594.0;9;24;11;34;86;17;13;19;17
600.0;6;25;9;34;87;18;14;21;16
606.0;5;26;10;33;86;19;16;22;13
612.0;7;24;10;32;89;19;19;20;10
618.0;7;25;7;32;90;21;21;18;9
624.0;7;25;8;32;88;23;20;17;10
630.0;8;25;8;31;89;23;19;16;11
636.0;9;24;9;29;88;22;21;15;13
642.0;9;23;10;30;90;20;19;17;12
648.0;8;23;14;30;90;19;17;14;15
654.0;7;23;13;30;90;18;19;15;15
660.0;9;25;12;30;90;17;17;13;17
666.0;10;26;12;28;90;17;17;15;15
672.0;8;25;14;30;89;14;20;16;14
678.0;7;29;11;30;89;12;19;18;15
684.0;7;31;10;29;88;11;17;21;16
690.0;6;34;12;28;85;12;17;21;15
696.0;7;33;12;26;87;12;19;20;14
702.0;7;32;10;27;90;14;16;20;14
708.0;6;31;12;26;89;15;16;20;15
714.0;6;31;12;25;89;16;15;20;16
720.0;9;33;12;24;91;15;15;18;13
726.0;9;32;10;24;93;14;15;20;13
732.0;8;34;10;24;92;16;14;19;13
738.0;9;32;9;25;92;16;14;20;13
744.0;7;32;9;26;88;17;15;23;13
750.0;9;32;9;25;88;16;16;22;13
756.0;12;30;9;24;86;17;15;21;16
762.0;12;31;8;24;86;17;16;21;15
768.0;12;33;7;24;83;18;16;21;16
774.0;11;32;9;26;83;20;16;21;12
780.0;11;32;8;27;86;20;15;20;11
786.0;12;31;9;27;85;19;15;22;10
792.0;12;30;10;27;86;19;15;22;9
798.0;12;26;8;30;85;21;14;23;11
804.0;13;24;8;31;86;21;14;22;11
810.0;14;23;9;31;86;22;13;22;10
816.0;12;26;9;33;89;20;12;19;10
822.0;12;27;9;33;87;21;13;19;9
828.0;10;29;8;33;86;19;14;20;11
834.0;10;30;8;34;86;19;13;18;12
840.0;11;27;9;32;88;16;15;20;12
846.0;10;27;10;32;87;17;14;18;15
852.0;11;27;11;32;88;17;14;19;11
858.0;8;28;13;31;87;19;14;19;11
864.0;8;28;13;35;87;19;14;16;10
870.0;9;30;12;32;86;20;16;16;9
876.0;7;28;12;32;88;20;16;18;9
882.0;10;25;10;30;90;18;15;23;9
888.0;10;25;11;29;88;17;13;26;11
894.0;13;25;10;28;87;17;12;26;12
900.0;12;24;10;26;87;18;14;27;12
906.0;12;25;8;25;88;20;15;25;12
912.0;11;22;13;23;89;18;15;27;12
918.0;11;23;14;23;87;19;15;25;13
924.0;11;22;14;24;88;20;13;28;10
930.0;10;24;14;24;88;20;14;24;12
936.0;9;25;13;26;89;20;13;24;11
942.0;9;24;15;26;89;18;13;24;12
948.0;10;24;13;27;90;20;12;22;12
954.0;10;24;11;26;92;21;13;22;11
960.0;11;23;14;26;94;19;10;20;13
966.0;9;25;14;24;92;18;10;24;14
972.0;8;25;12;25;92;19;11;26;12
978.0;9;26;11;25;92;22;10;24;11
984.0;10;27;11;25;92;22;10;23;10
990.0;10;27;11;24;92;22;11;24;9
996.0;10;27;9;26;93;22;10;23;10
1002.0;10;29;10;24;95;21;9;21;11
1008.0;10;29;11;25;94;20;9;22;10
1014.0;10;27;11;24;96;19;11;21;11
1020.0;9;28;11;24;96;18;11;21;12
1026.0;9;27;12;25;97;17;10;21;12
1032.0;11;25;13;24;97;17;10;20;13
1038.0;9;24;13;23;100;20;11;19;11
1044.0;9;24;12;23;99;20;13;19;11
1050.0;11;24;11;24;98;20;12;17;13
1056.0;8;25;13;23;102;19;11;16;13
1062.0;6;25;16;23;100;18;10;18;14
1068.0;6;24;17;23;100;19;9;17;15
1074.0;6;25;18;25;100;18;7;16;15
1080.0;6;25;19;25;100;19;8;16;12
1086.0;7;25;15;25;102;20;10;17;9
1092.0;6;27;15;24;102;20;8;17;11
1098.0;5;27;16;25;103;19;10;17;8
1104.0;7;26;14;26;101;19;10;19;8
1110.0;5;26;13;28;100;21;10;19;8
1116.0;7;29;12;24;97;21;12;19;9
1122.0;7;30;11;25;95;21;13;17;11
1128.0;8;29;12;24;95;20;9;20;13
1134.0;8;29;12;22;94;21;11;20;13
1140.0;9;27;12;22;94;21;12;20;13
1146.0;7;28;12;24;95;20;12;21;11
1152.0;11;27;10;19;95;19;13;24;12
1158.0;11;26;8;18;98;19;13;24;13
1164.0;11;30;5;18;97;20;12;24;13
1170.0;13;26;5;17;97;21;11;25;15
1176.0;13;25;3;18;99;20;12;24;16
1182.0;12;26;5;18;101;18;11;24;15
1188.0;13;27;7;18;101;16;11;22;15
1194.0;12;27;8;18;99;17;11;22;16
1200.0;12;28;10;20;99;17;10;21;13
1206.0;13;29;10;18;99;16;11;21;13
1212.0;12;29;8;15;103;18;11;21;13
1218.0;16;28;8;15;104;17;9;22;11
1224.0;16;25;8;16;104;19;8;23;11
1230.0;17;25;7;17;103;19;9;24;9
1236.0;17;25;9;16;104;18;8;25;8
1242.0;18;26;10;16;105;19;6;22;8
1248.0;17;27;11;17;105;19;5;22;7
1254.0;16;25;10;18;104;20;5;25;7
1260.0;15;23;10;16;106;22;8;26;4
1266.0;15;23;9;17;106;22;9;25;4
1272.0;13;23;9;16;107;22;9;25;6
1278.0;12;21;8;18;107;23;9;26;6
1284.0;12;20;9;18;107;23;10;26;5
1290.0;10;20;6;19;107;23;9;30;6
1296.0;9;20;6;20;107;24;7;31;6
1302.0;7;19;5;21;108;25;6;32;7
1308.0;7;21;6;21;105;23;7;30;10
1314.0;5;22;7;22;108;21;5;28;12
1320.0;6;24;7;21;110;19;5;27;11
1326.0;7;23;6;21;110;19;5;27;12
1332.0;8;20;5;21;113;22;4;25;12
1338.0;7;20;5;21;116;21;5;24;11
1344.0;6;21;5;22;117;21;2;24;12
1350.0;6;20;6;20;117;19;2;27;13
1356.0;6;22;6;20;115;19;2;28;12
1362.0;5;22;8;20;113;19;2;30;11
1368.0;5;22;7;19;113;20;2;30;12
1374.0;6;19;7;19;112;21;4;31;11
1380.0;6;19;7;19;112;20;4;30;13
1386.0;6;18;9;19;113;19;3;30;13
1392.0;6;18;8;20;114;18;5;29;12
1398.0;6;18;10;19;113;19;5;30;10
1404.0;8;18;9;17;113;19;6;29;11
1410.0;11;19;9;14;110;19;7;31;10
1416.0;11;19;9;13;111;18;8;30;11
1422.0;11;20;8;10;112;19;9;29;12
1428.0;11;21;8;11;112;18;9;28;12
1434.0;11;21;7;10;111;18;12;27;13
1440.0;8;21;10;10;109;17;13;29;13
1446.0;7;20;11;12;108;14;14;31;13
1452.0;8;20;10;13;108;14;14;32;11
1458.0;9;20;11;14;108;15;13;30;10
1464.0;10;18;14;14;108;15;11;31;9
1470.0;13;21;17;14;105;14;10;28;8
1476.0;14;21;17;13;106;14;9;27;9
1482.0;13;22;14;12;106;16;9;28;10
1488.0;12;22;13;11;106;17;10;30;9
1494.0;10;22;14;10;107;18;10;28;11
1500.0;9;24;10;9;109;19;12;28;10
1506.0;10;24;9;9;108;19;15;25;11
1512.0;10;25;10;9;111;19;11;25;10
1518.0;7;25;12;9;113;20;11;25;8
1524.0;9;29;13;10;111;20;9;23;6
1530.0;9;27;12;10;112;20;12;22;6
1536.0;10;27;12;10;112;20;12;21;6
1542.0;10;24;15;11;113;21;13;19;4
1548.0;12;22;13;12;113;22;12;21;3
1554.0;13;24;13;9;112;26;10;19;4
1560.0;15;22;14;9;111;25;9;21;4
1566.0;13;18;12;11;111;27;10;24;4
1572.0;12;18;12;11;113;26;9;24;5
1578.0;13;20;14;11;110;23;11;23;5
1584.0;12;21;13;11;110;23;11;23;6
1590.0;11;19;14;12;110;27;9;22;6
1596.0;11;19;11;12;109;27;10;23;8
1602.0;10;19;13;12;110;26;9;22;9
1608.0;9;18;12;12;110;30;7;22;10
1614.0;8;18;13;11;111;30;8;20;11
1620.0;9;17;11;12;109;29;8;21;14
1626.0;11;20;10;13;107;29;6;21;13
1632.0;13;19;8;14;108;29;7;20;12
1638.0;13;20;10;14;107;26;10;21;9
1644.0;13;20;11;17;107;26;8;20;8
1650.0;13;24;12;17;105;23;8;21;7
1656.0;12;25;12;17;106;23;8;20;7
1662.0;12;24;11;18;105;23;9;20;8
1668.0;10;26;12;18;105;20;9;21;9
1674.0;9;28;13;16;104;18;12;21;9
1680.0;10;27;14;19;104;17;9;22;8
1686.0;10;27;16;20;104;19;9;20;5
1692.0;9;26;17;22;102;20;9;21;4
1698.0;9;27;16;23;104;19;9;20;3
1704.0;11;29;16;21;102;18;8;21;4
1710.0;11;28;15;20;102;18;8;23;5
1716.0;11;27;17;20;103;19;6;22;5
1722.0;11;27;17;20;104;18;6;23;4
1728.0;11;26;19;21;103;15;8;22;5
1734.0;10;24;21;22;102;15;7;22;7
1740.0;11;22;19;23;104;17;8;20;6
1746.0;12;20;16;24;104;16;13;20;5
1752.0;14;20;11;24;105;18;13;21;4
1758.0;15;19;12;25;108;17;10;21;3
1764.0;15;18;12;24;108;19;8;22;4
1770.0;15;18;14;23;108;17;9;21;5
1776.0;15;18;14;21;110;17;9;21;5
1782.0;15;17;15;21;110;16;9;21;6
1788.0;14;16;16;20;112;16;9;21;6
1794.0;15;16;14;20;110;17;11;21;6
