#auto generated file!
12.0;16;23;27;11;27;19;28;23;16
18.0;16;24;25;13;27;20;25;23;17
24.0;16;26;24;15;27;20;25;23;14
30.0;15;26;25;17;27;21;24;22;13
36.0;15;27;23;16;28;21;26;21;13
42.0;16;27;19;16;31;22;24;22;13
48.0;14;28;18;15;32;22;25;23;13
54.0;17;27;16;14;34;19;25;26;12
60.0;15;27;16;15;36;18;26;27;10
66.0;15;28;13;16;36;19;24;29;10
72.0;16;26;13;17;38;19;23;28;10
78.0;16;25;11;18;40;19;24;30;7
84.0;17;25;10;17;40;19;22;31;9
90.0;17;24;7;17;41;21;20;34;9
96.0;15;24;8;17;44;22;20;32;8
102.0;12;24;10;18;45;23;17;32;9
108.0;13;22;13;18;47;25;14;32;6
114.0;12;22;13;20;47;25;13;31;7
120.0;10;25;14;18;47;26;12;28;10
126.0;7;26;13;20;48;26;12;27;11
132.0;7;27;13;20;50;26;10;27;10
138.0;6;29;12;21;51;25;12;26;8
144.0;4;30;9;20;52;26;15;27;7
150.0;3;31;9;20;53;26;15;27;6
156.0;3;31;8;20;53;26;16;27;6
162.0;4;32;9;19;55;26;13;25;7
168.0;4;34;10;17;56;25;13;23;8
174.0;5;34;10;17;57;25;13;23;6
180.0;6;33;12;19;56;21;13;22;8
186.0;6;32;10;22;57;20;13;22;8
192.0;5;30;11;23;58;21;12;22;8
198.0;5;30;13;22;58;23;11;20;8
204.0;4;28;11;25;59;23;10;20;10
210.0;4;26;12;23;61;24;10;20;10
216.0;4;27;12;22;62;23;10;18;12
222.0;4;27;13;21;63;22;11;21;8
228.0;3;27;12;21;63;24;10;22;8
234.0;4;24;11;22;66;24;10;20;9
240.0;4;23;10;22;69;23;10;21;8
246.0;4;23;11;22;70;22;8;21;9
252.0;4;24;12;22;73;21;6;21;7
258.0;5;24;11;21;73;21;6;21;8
264.0;5;24;11;19;74;24;6;20;7
270.0;6;23;11;18;75;23;6;21;7
276.0;6;24;9;19;75;24;7;21;5
282.0;5;23;8;21;76;23;8;20;6
288.0;4;24;9;21;76;24;7;18;7
294.0;3;22;8;21;77;26;7;18;8
300.0;2;22;7;22;78;24;9;18;8
306.0;1;23;8;22;78;23;11;18;6
312.0;1;24;8;22;79;23;10;18;5
318.0;2;24;8;21;82;25;8;16;4
324.0;2;22;8;22;84;25;5;17;5
330.0;3;23;7;20;84;27;5;17;4
336.0;3;23;7;21;84;26;7;15;4
342.0;3;23;8;20;84;25;6;16;5
348.0;4;23;8;17;83;25;6;17;7
354.0;6;23;7;17;80;27;6;18;6
360.0;6;23;7;18;80;27;6;17;6
366.0;7;23;7;19;80;22;6;18;8
372.0;7;23;4;20;81;24;4;16;11
378.0;6;23;3;20;81;25;4;17;11
384.0;6;23;3;21;81;25;4;16;11
390.0;5;23;3;22;82;24;4;16;11
396.0;5;24;5;20;80;24;5;15;12
402.0;5;24;7;21;77;24;6;14;12
408.0;4;22;9;20;76;25;6;15;13
414.0;8;22;9;22;73;24;7;13;12
420.0;8;21;10;23;72;25;6;13;12
426.0;8;20;9;22;72;25;5;16;13
432.0;8;20;10;24;74;24;2;17;11
438.0;9;20;9;24;73;24;3;17;11
444.0;9;20;9;24;73;23;5;16;11
450.0;6;19;10;26;73;24;6;14;12
456.0;9;18;12;25;73;22;3;15;13
462.0;8;16;11;24;74;22;6;16;13
468.0;6;17;11;25;74;23;6;16;12
474.0;7;16;11;22;73;23;7;17;14
480.0;7;18;10;23;73;23;5;16;15
486.0;7;18;8;23;75;23;6;16;14
492.0;8;20;7;20;74;24;5;16;16
498.0;9;21;7;23;74;23;4;15;14
504.0;11;23;8;22;75;23;3;14;11
510.0;10;24;8;21;74;23;5;16;9
516.0;10;22;7;22;72;25;7;16;9
522.0;11;22;9;21;75;22;7;15;8
528.0;11;21;10;21;76;21;5;16;9
534.0;11;20;9;21;75;21;6;16;11
540.0;10;19;7;20;78;23;5;18;10
546.0;9;19;8;19;78;24;5;18;10
552.0;11;20;8;18;78;23;5;18;9
558.0;11;20;6;20;79;23;6;17;8
564.0;11;19;7;19;81;21;6;17;9
570.0;11;17;7;20;81;20;5;18;11
576.0;11;18;8;18;80;20;5;18;12
582.0;11;18;8;21;80;19;5;16;12
588.0;10;19;8;21;81;18;6;17;10
594.0;12;16;8;22;81;18;5;19;9
600.0;15;16;8;20;83;18;6;18;6
606.0;15;17;6;21;83;18;7;17;6
612.0;17;16;7;21;82;16;7;18;6
618.0;15;15;8;21;84;15;8;17;7
624.0;17;14;8;20;83;16;8;18;6
630.0;16;16;8;20;83;15;6;16;10
636.0;16;14;8;18;84;15;6;18;11
642.0;15;13;10;17;86;15;6;19;9
648.0;16;12;10;16;87;16;7;18;8
654.0;13;10;7;17;89;18;7;17;12
660.0;13;10;6;17;87;18;11;17;11
666.0;15;11;5;16;86;17;11;17;12
672.0;12;10;5;17;87;19;9;19;12
678.0;13;10;6;15;87;19;9;19;12
684.0;13;11;6;14;88;18;10;19;11
690.0;11;12;6;14;89;17;8;20;13
696.0;10;10;6;13;90;18;9;22;12
702.0;9;10;5;14;90;16;10;22;14
708.0;8;11;6;13;90;15;11;22;14
714.0;7;12;7;13;92;14;11;20;14
720.0;6;11;6;13;93;15;11;20;15
726.0;6;12;10;13;90;15;9;19;16
732.0;4;13;10;13;90;17;11;19;13
738.0;5;14;9;12;91;14;12;19;14
744.0;5;15;9;12;90;12;13;19;15
750.0;5;15;11;11;90;13;12;18;15
756.0;4;15;11;14;90;13;11;18;14
762.0;4;18;11;13;88;14;12;18;12
768.0;5;18;13;11;89;14;12;19;9
774.0;6;16;14;12;90;14;10;20;8
780.0;7;15;12;10;91;15;12;20;8
786.0;11;16;12;11;90;14;11;16;9
792.0;12;16;10;13;90;13;9;17;10
798.0;14;17;9;13;90;13;8;17;9
804.0;14;17;9;11;90;13;10;16;10
810.0;15;17;9;10;91;13;9;16;10
816.0;15;18;11;9;92;12;8;15;10
822.0;11;20;9;10;91;13;11;16;9
828.0;12;20;9;9;90;13;10;18;9
834.0;10;21;9;11;93;12;9;16;9
840.0;9;20;8;13;91;12;8;19;10
846.0;10;19;8;14;93;11;8;18;9
852.0;11;20;8;13;92;11;8;18;9
858.0;11;18;7;14;91;11;8;20;10
864.0;11;20;7;13;90;11;9;18;11
870.0;11;23;5;14;88;10;7;20;12
876.0;12;22;5;15;89;10;7;20;10
882.0;10;21;7;14;90;11;7;21;9
888.0;9;21;7;14;89;13;9;20;8
894.0;8;19;7;13;90;15;8;22;8
900.0;8;19;6;12;88;18;8;24;7
906.0;6;19;6;12;86;18;11;26;6
912.0;7;17;6;12;88;19;8;25;8
918.0;7;18;5;12;87;20;7;26;8
924.0;7;19;5;13;86;19;8;25;8
930.0;8;19;6;12;86;19;7;25;8
936.0;9;19;6;13;85;18;8;24;8
942.0;10;19;7;14;84;18;9;23;6
948.0;11;17;7;13;84;18;11;22;7
954.0;9;19;6;10;85;19;13;22;7
960.0;11;20;5;12;86;18;9;24;5
966.0;11;18;7;13;87;17;8;23;6
972.0;10;17;5;14;87;17;8;23;9
978.0;9;17;5;15;87;16;8;24;9
984.0;9;16;8;14;87;17;7;25;7
990.0;9;16;9;13;88;18;6;26;5
996.0;10;14;11;12;88;17;7;25;6
1002.0;10;14;10;13;88;16;7;26;6
1008.0;9;17;9;16;88;14;6;25;6
1014.0;10;18;10;15;88;14;6;24;5
1020.0;9;19;9;16;87;15;6;24;5
1026.0;9;20;8;16;87;16;4;26;4
1032.0;9;21;6;19;86;16;4;25;4
1038.0;9;22;6;20;84;14;4;24;7
1044.0;9;20;7;20;83;14;6;25;6
1050.0;8;20;7;21;83;14;6;23;8
1056.0;10;21;6;23;83;12;5;21;9
1062.0;10;20;5;24;83;12;5;22;9
1068.0;7;21;6;24;83;13;6;21;9
1074.0;6;24;5;24;85;12;6;21;7
1080.0;5;23;6;23;85;13;5;22;8
1086.0;5;21;6;23;86;16;5;21;7
1092.0;4;21;8;23;86;16;5;21;6
1098.0;5;19;7;22;85;18;7;20;7
1104.0;5;18;8;22;85;20;5;21;6
1110.0;6;20;10;21;85;18;6;21;3
1116.0;3;20;13;21;84;18;7;18;6
1122.0;3;18;16;22;84;18;6;18;5
1128.0;4;17;16;22;85;17;6;18;5
1134.0;4;17;14;21;83;21;6;19;5
1140.0;5;16;14;21;84;20;6;19;5
1146.0;9;14;13;19;85;22;6;18;4
1152.0;9;13;11;19;85;22;7;19;5
1158.0;8;15;9;20;85;21;7;20;5
1164.0;8;14;10;20;83;22;9;19;5
1170.0;6;17;9;21;83;21;9;16;8
1176.0;7;18;9;19;83;21;10;15;8
1182.0;8;17;9;18;83;20;10;15;10
1188.0;8;17;10;18;83;20;7;15;12
1194.0;8;19;11;18;83;17;8;14;12
1200.0;10;18;11;18;84;14;7;15;13
1206.0;10;19;9;16;84;13;10;15;14
1212.0;11;18;8;17;84;12;10;15;15
1218.0;12;17;6;16;86;13;9;17;14
1224.0;12;17;6;16;86;14;9;16;14
1230.0;11;16;6;18;87;15;7;16;14
1236.0;12;17;7;17;86;16;5;16;14
1242.0;12;17;7;19;84;16;6;17;12
1248.0;13;17;7;20;84;17;6;16;10
1254.0;12;18;6;20;83;17;8;17;9
1260.0;14;18;6;20;82;16;8;18;8
1266.0;14;18;6;20;80;18;10;18;6
1272.0;14;17;5;19;82;19;10;18;6
1278.0;14;16;6;18;82;22;10;17;5
1284.0;14;17;7;18;82;22;9;15;6
1290.0;11;19;8;18;81;21;9;15;8
1296.0;11;19;8;15;82;22;9;15;9
1302.0;10;18;9;17;81;23;10;14;8
1308.0;9;18;8;16;81;25;10;16;7
1314.0;8;17;9;17;79;24;10;18;8
1320.0;9;15;11;17;78;24;10;19;7
1326.0;9;13;11;18;79;23;10;19;8
1332.0;6;14;11;18;79;23;10;21;8
1338.0;6;17;12;17;78;22;10;21;7
1344.0;7;18;12;17;78;22;9;20;7
1350.0;8;18;12;18;78;21;9;19;7
1356.0;8;19;11;15;78;21;8;24;6
1362.0;8;20;12;15;77;20;6;25;7
1368.0;8;17;12;13;78;20;9;25;8
1374.0;8;19;10;12;78;22;7;24;10
1380.0;9;19;10;12;76;24;8;22;10
1386.0;10;19;12;12;75;24;7;22;9
1392.0;10;20;12;12;75;24;5;21;11
1398.0;10;20;12;13;74;24;4;22;11
1404.0;9;22;11;12;75;25;4;21;11
1410.0;9;20;11;12;74;28;4;22;10
1416.0;10;20;9;13;71;28;7;21;11
1422.0;9;19;9;13;72;29;8;19;12
1428.0;10;18;9;14;74;29;8;19;9
1434.0;12;17;10;15;73;28;8;18;9
1440.0;13;16;9;16;73;28;7;18;10
1446.0;13;15;9;14;76;26;8;17;12
1452.0;13;14;9;14;79;26;8;18;9
1458.0;14;14;7;14;81;27;6;19;8
1464.0;12;14;7;16;79;27;7;21;7
1470.0;10;14;8;15;78;29;7;21;8
1476.0;8;15;8;15;79;31;8;16;10
1482.0;10;14;9;15;78;31;9;15;9
1488.0;9;16;11;16;78;30;8;15;7
1494.0;10;17;11;15;76;29;8;16;8
1500.0;11;16;10;16;77;26;9;15;10
1506.0;9;18;11;16;76;27;7;15;11
1512.0;9;19;11;16;76;26;6;15;12
1518.0;9;19;9;16;76;25;6;16;14
1524.0;10;21;10;17;76;24;6;16;10
1530.0;11;21;6;15;78;23;9;16;11
1536.0;11;23;6;14;78;24;10;15;9
1542.0;12;21;7;13;78;24;10;16;9
1548.0;13;19;6;15;79;23;7;18;10
1554.0;13;19;6;16;78;23;9;18;8
1560.0;14;20;8;15;77;22;9;18;7
1566.0;12;20;9;14;77;21;10;19;8
1572.0;12;21;8;15;76;22;8;20;8
1578.0;10;19;6;17;77;21;10;21;9
1584.0;11;18;6;16;76;21;8;24;10
1590.0;12;16;7;13;76;22;8;26;10
1596.0;11;16;8;15;75;24;7;25;9
1602.0;10;18;7;15;75;24;7;27;7
1608.0;8;19;7;17;74;23;7;27;8
1614.0;9;16;8;19;72;23;7;26;10
1620.0;7;17;9;20;72;21;6;29;9
1626.0;8;18;10;18;71;21;5;29;10
1632.0;9;18;10;18;74;19;5;28;9
1638.0;8;19;9;19;75;19;6;27;8
1644.0;7;20;9;18;74;20;6;28;8
1650.0;7;19;8;19;73;23;5;26;10
1656.0;7;19;6;20;72;23;4;28;11
1662.0;7;20;6;23;71;25;4;25;9
1668.0;7;20;6;26;69;22;5;24;11
1674.0;7;22;7;25;69;22;5;23;10
1680.0;8;23;9;25;67;21;5;22;10
1686.0;8;24;11;24;67;18;6;23;9
1692.0;8;23;12;23;65;18;9;23;9
1698.0;11;22;9;20;69;19;7;25;8
1704.0;11;22;10;21;70;18;6;25;7
1710.0;8;23;9;22;69;21;8;25;5
1716.0;8;21;11;25;67;20;7;25;6
1722.0;6;20;10;22;67;22;8;25;10
1728.0;6;18;10;21;69;24;8;24;10
1734.0;7;19;7;22;69;25;8;23;10
1740.0;7;19;8;21;68;26;8;23;10
1746.0;6;20;8;21;69;25;9;21;11
1752.0;8;21;4;21;69;24;10;19;14
1758.0;7;21;6;21;68;25;10;17;15
1764.0;7;22;5;22;69;23;10;18;14
1770.0;9;21;5;21;71;24;9;18;12
1776.0;9;20;6;19;69;25;9;20;13
1782.0;9;20;5;19;70;27;9;20;11
1788.0;11;19;6;19;70;25;8;23;9
1794.0;12;19;7;17;68;25;9;23;10
