#auto generated file!
12.0;12;15;13;12;10;8;6;17;17
18.0;9;15;14;13;12;9;5;19;14
24.0;10;16;14;12;12;10;5;18;13
30.0;12;17;13;11;14;10;4;18;11
36.0;13;17;13;10;13;11;2;21;10
42.0;13;18;10;10;14;10;3;22;10
48.0;12;17;10;9;15;10;3;23;11
54.0;12;16;10;9;17;10;5;21;10
60.0;10;14;11;9;21;10;6;20;9
66.0;9;14;11;9;21;10;7;19;10
72.0;7;14;11;8;22;9;7;19;13
78.0;8;15;9;10;23;8;7;18;12
84.0;7;14;9;9;23;7;8;19;14
90.0;4;15;10;7;24;6;7;21;16
96.0;5;13;9;8;26;6;8;21;14
102.0;5;14;10;8;26;6;7;19;15
108.0;5;15;10;9;28;6;5;18;14
114.0;7;16;11;9;28;6;7;18;8
120.0;8;18;11;8;29;7;6;15;8
126.0;7;19;11;8;29;8;6;16;6
132.0;8;19;10;8;29;7;7;16;6
138.0;8;18;9;9;30;10;6;14;6
144.0;7;16;10;8;31;9;4;18;7
150.0;7;16;10;7;30;9;3;17;11
156.0;5;15;10;8;30;11;3;17;11
162.0;6;16;10;8;31;11;3;15;10
168.0;7;14;9;6;32;11;6;15;10
174.0;8;13;8;8;31;10;8;15;9
180.0;8;14;7;6;32;10;8;16;9
186.0;7;15;7;7;32;12;5;16;9
192.0;6;13;8;7;34;13;5;15;9
198.0;5;13;8;5;36;13;6;15;9
204.0;5;12;7;8;37;13;5;15;8
210.0;5;12;6;8;38;14;5;13;9
216.0;6;10;5;8;38;13;7;14;9
222.0;5;10;5;8;39;12;9;15;7
228.0;5;9;4;9;41;12;9;14;7
234.0;6;9;4;9;41;11;9;15;6
240.0;5;11;4;9;39;8;9;17;8
246.0;5;11;6;9;39;8;7;17;8
252.0;5;12;8;8;38;8;7;17;7
258.0;5;12;8;8;40;9;6;16;6
264.0;3;12;9;7;39;8;9;16;7
270.0;4;13;9;5;39;7;8;17;8
276.0;4;13;8;5;42;6;8;14;10
282.0;5;13;10;5;42;5;9;12;9
288.0;4;14;12;6;40;6;7;12;9
294.0;6;16;9;7;40;6;7;9;10
300.0;5;17;6;7;41;6;9;10;9
306.0;5;18;5;9;39;6;8;12;8
312.0;7;19;6;7;40;5;7;12;7
318.0;6;19;6;8;39;6;8;12;6
324.0;6;18;6;8;39;6;9;12;6
330.0;5;18;5;8;39;5;12;12;6
336.0;4;18;6;8;39;6;12;12;5
342.0;4;16;6;8;40;9;10;12;5
348.0;4;16;4;9;40;9;10;13;5
354.0;4;15;4;9;40;11;9;13;5
360.0;5;14;3;9;41;13;8;13;4
366.0;5;12;4;8;41;13;8;14;5
372.0;5;12;3;8;41;13;9;14;5
378.0;4;12;5;8;40;13;10;13;5
384.0;6;10;6;7;39;14;8;13;7
390.0;5;12;6;8;36;13;11;12;7
396.0;6;12;5;8;37;14;10;11;7
402.0;6;12;6;8;37;13;10;12;6
408.0;6;12;6;8;39;13;10;11;5
414.0;4;14;6;8;39;13;9;11;6
420.0;4;14;6;8;40;14;8;10;6
426.0;4;13;6;8;40;15;9;8;7
432.0;4;11;7;8;41;15;9;9;6
438.0;4;11;8;8;41;14;9;8;7
444.0;3;11;8;8;40;14;11;8;7
450.0;3;10;8;9;39;14;11;8;8
456.0;3;11;6;9;38;14;12;8;9
462.0;3;12;5;9;37;15;13;7;9
468.0;5;10;5;10;38;15;14;7;6
474.0;7;9;5;10;38;15;12;8;6
480.0;6;10;6;9;37;15;11;10;6
486.0;6;9;6;10;38;15;9;10;7
492.0;7;9;5;8;38;15;10;11;7
498.0;7;9;5;7;38;15;9;12;8
504.0;8;8;6;8;38;15;8;12;7
510.0;8;8;5;9;38;15;7;12;8
516.0;8;8;5;10;37;16;7;11;8
522.0;9;8;6;9;39;16;7;9;7
528.0;7;10;7;9;39;16;7;9;6
534.0;8;11;5;8;40;17;7;8;6
540.0;6;14;4;9;39;17;5;8;8
546.0;5;14;4;9;39;18;4;9;8
552.0;5;10;7;11;39;17;4;9;8
558.0;5;10;7;11;39;17;3;11;7
564.0;6;8;7;10;41;16;5;9;8
570.0;5;10;6;9;41;16;6;9;8
576.0;7;9;5;11;41;15;5;9;8
582.0;8;8;6;11;42;15;3;9;8
588.0;8;8;5;10;43;16;4;10;6
594.0;10;7;5;10;43;16;4;9;6
600.0;9;7;4;11;42;16;5;9;7
606.0;8;6;5;11;43;16;6;9;6
612.0;9;6;4;10;45;14;6;10;6
618.0;7;8;3;9;44;12;6;12;9
624.0;7;8;5;8;43;12;7;11;9
630.0;7;11;6;8;42;12;4;11;9
636.0;6;11;5;8;43;11;3;12;11
642.0;6;12;5;8;43;12;3;12;9
648.0;6;12;6;8;42;13;3;11;9
654.0;6;13;7;8;41;12;3;11;9
660.0;7;12;7;8;41;12;3;11;9
666.0;6;11;7;6;42;13;3;13;9
672.0;6;11;5;6;43;13;4;13;9
678.0;6;11;7;5;43;14;6;11;7
684.0;7;11;7;5;43;15;4;12;6
690.0;7;10;6;5;43;16;3;12;8
696.0;7;11;6;5;43;15;3;13;7
702.0;7;12;7;5;42;14;3;13;7
708.0;8;12;7;4;44;15;3;13;4
714.0;7;12;7;4;43;15;3;14;5
720.0;7;11;8;3;43;16;4;14;4
726.0;5;10;8;4;43;17;5;14;4
732.0;5;10;8;5;43;17;3;16;3
738.0;6;12;8;4;42;18;1;15;4
744.0;4;13;8;5;40;16;2;17;5
750.0;4;12;9;6;41;15;2;16;5
756.0;4;12;10;5;42;15;2;15;5
762.0;3;10;9;6;44;18;1;12;7
768.0;3;10;9;6;44;16;1;14;7
774.0;4;10;9;6;44;16;1;13;7
780.0;5;10;8;9;45;15;0;13;5
786.0;6;11;8;10;45;13;1;12;4
792.0;5;12;7;10;45;14;1;11;5
798.0;5;10;7;10;49;13;3;10;3
804.0;4;11;9;9;47;13;4;10;3
810.0;4;12;9;9;47;10;4;12;3
816.0;5;12;8;10;47;11;4;11;2
822.0;4;11;7;10;48;11;5;11;3
828.0;5;12;5;12;48;12;4;10;2
834.0;5;13;6;11;47;12;5;9;2
840.0;6;13;5;10;48;13;4;9;2
846.0;7;12;4;9;47;12;5;11;3
852.0;8;14;3;6;46;13;5;13;2
858.0;8;15;3;6;45;13;5;13;2
864.0;7;13;4;6;46;14;5;13;2
870.0;8;13;4;6;46;13;6;14;0
876.0;9;13;4;6;46;12;6;13;1
882.0;7;11;7;7;46;12;7;11;2
888.0;7;12;6;6;47;12;7;11;2
894.0;6;14;6;6;47;12;7;10;2
900.0;7;13;5;6;48;12;7;10;2
906.0;6;12;5;6;48;12;7;10;4
912.0;7;13;5;7;48;10;7;10;3
918.0;6;12;8;7;48;10;6;11;2
924.0;6;12;6;7;47;9;8;12;3
930.0;4;14;5;7;47;10;7;13;3
936.0;5;13;4;5;47;13;8;12;3
942.0;5;14;4;5;48;12;8;11;3
948.0;5;14;3;6;48;12;7;12;3
954.0;6;14;3;6;48;12;7;11;3
960.0;6;15;3;6;48;9;7;11;5
966.0;5;15;3;6;48;9;7;12;5
972.0;6;15;3;5;47;10;7;12;5
978.0;6;16;2;5;47;10;5;14;5
984.0;5;16;2;5;46;10;5;16;5
990.0;5;16;3;6;46;10;6;14;4
996.0;5;15;4;6;46;11;6;13;4
1002.0;5;14;3;8;46;11;7;13;3
1008.0;6;14;4;7;48;9;6;12;4
1014.0;6;13;6;5;48;9;5;13;5
1020.0;6;13;5;5;49;10;4;13;5
1026.0;6;12;5;6;49;9;4;14;5
1032.0;7;12;5;6;49;8;4;14;5
1038.0;7;11;5;6;50;7;5;14;5
1044.0;6;10;6;7;48;8;4;16;5
1050.0;5;11;7;7;46;9;5;15;5
1056.0;5;11;7;7;46;9;5;15;5
1062.0;6;12;8;7;45;10;5;13;4
1068.0;7;12;7;6;45;10;7;13;3
1074.0;9;12;7;7;44;7;7;13;4
1080.0;7;12;6;8;44;8;7;13;5
1086.0;5;14;4;7;44;8;4;16;8
1092.0;4;13;5;7;44;7;5;17;8
1098.0;5;14;5;6;44;7;5;16;8
1104.0;4;13;5;7;44;6;6;16;9
1110.0;4;12;6;6;42;6;6;16;12
1116.0;4;13;6;6;42;6;6;14;13
1122.0;4;12;9;5;42;6;8;12;12
1128.0;5;11;8;6;42;6;7;12;13
1134.0;6;11;8;5;42;7;7;12;12
1140.0;6;11;7;4;41;9;8;12;12
1146.0;5;11;7;4;44;9;6;12;12
1152.0;4;12;6;4;44;11;6;12;11
1158.0;5;12;5;4;43;11;6;12;12
1164.0;4;13;4;4;43;13;7;12;10
1170.0;7;14;5;5;42;10;7;12;8
1176.0;9;16;5;4;40;10;5;12;9
1182.0;9;14;6;5;40;9;7;11;9
1188.0;9;14;7;4;40;9;8;11;8
1194.0;9;15;6;4;40;12;6;10;8
1200.0;9;13;5;3;42;11;9;10;8
1206.0;9;15;2;5;42;11;8;11;7
1212.0;10;16;2;5;42;11;7;10;7
1218.0;9;16;3;5;42;10;6;11;8
1224.0;10;17;5;4;40;10;4;12;8
1230.0;9;17;6;5;40;10;5;10;8
1236.0;8;17;6;5;40;10;6;10;8
1242.0;7;17;7;7;40;9;6;10;7
1248.0;7;17;7;8;39;10;5;10;7
1254.0;5;17;7;9;39;10;6;10;7
1260.0;6;16;8;10;39;10;4;9;8
1266.0;5;17;8;10;40;9;4;9;8
1272.0;4;18;11;9;41;9;4;10;4
1278.0;4;18;9;11;41;9;5;10;3
1284.0;3;17;10;11;41;9;5;10;4
1290.0;4;15;10;10;41;10;6;11;3
1296.0;4;13;11;12;41;10;6;10;3
1302.0;3;13;10;13;41;11;6;10;3
1308.0;4;12;11;14;41;10;6;9;3
1314.0;4;13;8;15;41;10;7;9;3
1320.0;5;12;7;14;41;8;8;11;4
1326.0;5;11;9;12;42;10;8;11;2
1332.0;6;11;9;11;41;10;9;11;2
1338.0;7;12;7;12;42;10;8;10;2
1344.0;6;13;6;12;42;12;6;10;3
1350.0;6;12;5;12;43;13;6;10;3
1356.0;4;14;4;13;44;13;6;10;2
1362.0;4;11;4;14;45;14;6;10;2
1368.0;3;11;5;13;46;15;7;8;2
1374.0;3;11;6;13;46;14;7;8;2
1380.0;4;11;7;13;46;14;7;6;2
1386.0;4;12;6;14;46;13;6;6;3
1392.0;4;11;6;14;49;11;5;5;5
1398.0;5;11;5;14;49;11;5;4;6
1404.0;7;12;6;13;47;9;5;5;6
1410.0;7;11;6;13;47;11;4;5;6
1416.0;5;11;5;14;47;11;3;6;8
1422.0;4;12;5;14;47;12;3;6;7
1428.0;4;12;5;15;48;10;3;6;7
1434.0;5;12;5;16;47;10;4;6;5
1440.0;5;13;6;15;46;11;5;6;3
1446.0;3;12;7;15;46;12;6;6;3
1452.0;4;12;6;16;45;12;5;6;4
1458.0;5;13;6;15;45;13;5;6;2
1464.0;4;14;5;14;45;12;5;7;4
1470.0;4;13;5;15;47;12;4;5;5
1476.0;4;12;5;15;47;12;4;7;4
1482.0;3;12;3;13;50;14;5;6;4
1488.0;3;12;3;13;50;13;6;6;4
1494.0;5;12;3;14;50;11;6;5;4
1500.0;5;12;3;15;49;10;6;5;5
1506.0;5;12;1;16;50;10;6;6;4
1512.0;4;12;0;15;50;10;7;6;6
1518.0;5;14;0;15;50;10;7;6;3
1524.0;5;14;0;16;50;10;8;6;1
1530.0;6;13;0;15;50;10;9;6;1
1536.0;5;13;0;14;51;10;11;5;1
1542.0;5;12;0;15;51;11;10;5;1
1548.0;3;11;1;15;50;12;9;6;3
1554.0;5;12;1;15;48;11;8;7;3
1560.0;4;11;2;15;48;10;10;7;3
1566.0;4;10;3;14;50;9;9;8;3
1572.0;5;10;3;14;50;9;7;9;3
1578.0;5;10;3;12;50;10;7;10;3
1584.0;6;11;3;12;50;9;7;10;2
1590.0;3;11;2;13;53;8;7;11;2
1596.0;3;11;2;12;53;8;7;12;2
1602.0;3;10;2;13;54;8;6;12;2
1608.0;3;9;2;14;55;8;6;11;2
1614.0;4;9;2;14;54;9;5;11;2
1620.0;4;9;2;13;54;9;5;11;3
1626.0;6;9;2;13;53;10;4;10;3
1632.0;6;9;3;14;55;10;2;8;3
1638.0;5;10;4;14;56;10;2;7;2
1644.0;6;10;4;14;55;10;3;6;2
1650.0;6;10;4;13;55;10;3;6;3
1656.0;6;10;6;11;55;9;4;5;4
1662.0;6;10;5;12;56;8;4;5;4
1668.0;5;11;4;11;57;8;4;6;4
1674.0;6;10;4;11;57;8;4;6;4
1680.0;5;8;2;12;56;8;4;10;5
1686.0;5;9;3;9;57;8;4;10;5
1692.0;3;8;3;9;57;9;4;10;7
1698.0;4;10;3;9;57;8;5;9;5
1704.0;4;12;2;9;55;10;4;9;5
1710.0;5;11;5;9;52;11;4;9;4
1716.0;5;9;4;10;57;10;4;9;2
1722.0;5;9;4;10;58;10;4;8;2
1728.0;4;10;4;9;59;11;3;8;2
1734.0;4;9;4;11;59;11;2;8;2
1740.0;3;10;3;12;60;11;1;7;3
1746.0;2;10;3;12;59;11;1;7;5
1752.0;1;10;4;11;59;12;0;7;6
1758.0;3;10;4;10;59;11;0;7;6
1764.0;4;10;5;10;59;10;0;7;5
1770.0;3;11;5;10;59;9;1;7;5
1776.0;3;11;5;10;60;9;2;7;3
1782.0;2;11;4;12;59;9;3;8;2
1788.0;2;11;3;12;60;9;3;9;1
1794.0;3;10;2;13;61;8;3;9;1
