#auto generated file!
12.0;13;22;19;16;16;24;16;16;18
18.0;12;21;21;18;16;23;15;16;18
24.0;10;20;20;17;17;26;15;18;17
30.0;11;21;18;18;17;27;14;18;16
36.0;14;20;15;17;19;28;13;19;15
42.0;14;20;15;16;20;25;14;20;16
48.0;15;20;14;16;21;25;15;19;15
54.0;17;19;14;17;22;23;15;17;16
60.0;16;19;15;17;23;24;14;17;15
66.0;14;18;17;16;24;24;13;18;16
72.0;13;20;16;17;25;25;13;17;14
78.0;13;20;13;16;24;27;14;19;14
84.0;13;20;12;18;24;27;12;19;15
90.0;14;18;11;19;23;28;14;17;16
96.0;14;21;10;20;23;27;12;17;16
102.0;16;20;8;18;25;27;9;18;19
108.0;16;21;8;18;25;22;12;20;18
114.0;18;21;9;19;26;23;8;21;15
120.0;18;19;7;23;26;21;11;21;14
126.0;18;17;7;22;27;19;13;22;15
132.0;18;17;8;22;27;19;10;22;17
138.0;19;17;6;22;27;18;10;23;18
144.0;17;18;7;24;26;17;9;24;18
150.0;19;19;8;25;26;16;7;24;16
156.0;18;20;5;26;27;16;6;24;18
162.0;19;21;4;25;28;14;7;24;18
168.0;15;21;6;24;30;15;7;24;18
174.0;16;19;5;24;32;14;7;25;18
180.0;14;19;6;23;32;14;7;26;19
186.0;14;19;4;23;32;15;9;26;18
192.0;16;18;5;24;34;15;9;25;14
198.0;14;19;6;25;33;16;9;24;14
204.0;13;18;7;25;35;17;10;24;11
210.0;13;18;7;25;37;17;10;23;10
216.0;10;18;8;24;41;17;10;22;10
222.0;9;20;6;24;42;18;10;20;11
228.0;9;21;6;25;42;17;10;18;12
234.0;7;21;6;26;43;17;9;19;12
240.0;5;25;6;25;44;17;8;18;12
246.0;5;26;7;24;45;18;7;17;11
252.0;5;26;7;25;46;17;5;17;12
258.0;4;25;10;25;46;17;5;17;11
264.0;5;25;7;24;48;18;5;17;11
270.0;5;25;8;24;49;17;5;17;10
276.0;4;26;7;25;49;21;4;16;8
282.0;6;26;7;24;47;22;5;15;8
288.0;10;24;10;23;48;19;6;13;7
294.0;9;22;9;25;50;18;7;14;6
300.0;7;22;8;27;50;17;7;14;8
306.0;7;23;8;26;52;16;9;13;6
312.0;7;25;7;26;54;13;9;12;7
318.0;7;25;8;26;54;13;8;11;8
324.0;7;26;8;26;54;14;6;11;8
330.0;6;23;8;26;57;14;5;13;8
336.0;7;22;6;27;57;15;5;14;7
342.0;5;22;8;28;57;16;5;14;5
348.0;7;21;10;26;57;16;4;12;7
354.0;7;23;9;25;58;14;6;12;6
360.0;7;24;9;25;57;14;6;11;7
366.0;7;22;9;28;58;12;6;13;5
372.0;5;21;10;27;61;11;6;13;6
378.0;6;22;10;25;62;11;5;11;8
384.0;6;22;10;25;62;10;5;12;8
390.0;7;19;10;27;60;10;6;13;8
396.0;8;20;11;26;60;9;5;13;8
402.0;6;21;10;26;60;10;7;13;7
408.0;7;20;10;25;60;9;8;13;8
414.0;3;23;10;24;60;9;7;14;10
420.0;2;24;10;23;61;9;8;13;10
426.0;3;22;9;24;61;9;8;14;10
432.0;5;21;9;22;58;11;7;15;12
438.0;5;21;8;21;58;13;4;17;13
444.0;4;18;9;21;60;13;5;17;13
450.0;4;20;7;20;61;14;4;17;13
456.0;5;19;8;21;62;12;4;18;11
462.0;5;19;9;22;61;11;4;19;10
468.0;8;18;9;22;60;10;4;20;9
474.0;6;19;10;25;59;9;4;18;10
480.0;6;20;6;26;58;10;4;20;10
486.0;6;19;6;24;60;11;4;22;8
492.0;9;17;7;24;58;11;4;21;9
498.0;8;19;7;23;58;11;4;21;9
504.0;6;18;6;23;59;13;5;20;10
510.0;5;17;4;23;60;14;7;20;10
516.0;7;16;5;21;59;14;6;21;11
522.0;5;16;5;21;62;14;6;23;8
528.0;7;16;5;22;62;14;5;22;7
534.0;6;16;6;21;60;16;5;21;9
540.0;5;16;7;20;61;15;5;23;8
546.0;5;16;6;20;61;15;6;22;9
552.0;4;18;5;19;61;14;7;21;11
558.0;4;18;6;19;62;13;7;20;11
564.0;4;18;7;18;62;13;7;20;11
570.0;4;19;8;17;61;13;6;20;12
576.0;4;19;9;17;63;14;5;19;10
582.0;4;20;9;17;63;15;5;19;8
588.0;4;20;10;16;64;15;5;19;7
594.0;5;23;9;15;66;12;3;22;5
600.0;6;22;8;15;67;12;3;22;5
606.0;6;24;6;12;66;12;6;22;6
612.0;6;26;6;11;66;12;6;21;6
618.0;6;23;6;13;68;11;7;20;6
624.0;6;22;5;15;68;10;7;21;6
630.0;5;19;7;11;71;12;9;20;6
636.0;5;15;5;12;73;13;9;21;7
642.0;5;16;5;12;73;14;8;20;7
648.0;6;15;6;11;73;14;7;20;8
654.0;5;16;5;11;73;15;7;19;9
660.0;6;17;5;13;72;13;9;18;7
666.0;9;15;5;12;74;13;9;15;8
672.0;8;14;5;12;73;13;10;16;9
678.0;8;16;4;11;73;15;9;16;8
684.0;7;17;4;12;73;17;8;17;5
690.0;8;16;3;15;71;18;9;15;5
696.0;7;15;2;17;70;16;10;17;6
702.0;5;15;2;19;71;17;9;16;6
708.0;5;15;3;18;72;17;9;15;6
714.0;4;15;3;19;72;16;9;15;7
720.0;5;15;4;20;72;16;9;14;5
726.0;6;16;4;20;71;17;9;13;4
732.0;6;17;5;19;71;17;8;13;4
738.0;5;18;6;16;70;17;10;13;5
744.0;4;19;7;15;70;18;9;13;5
750.0;4;19;8;15;72;18;6;12;6
756.0;4;20;8;13;71;17;7;12;8
762.0;4;18;8;13;72;15;9;13;8
768.0;5;18;8;14;71;14;9;13;8
774.0;6;18;8;14;71;14;9;13;7
780.0;7;21;7;12;70;15;8;12;8
786.0;6;21;7;12;70;15;7;12;10
792.0;7;18;7;13;70;15;7;15;8
798.0;8;18;7;13;70;16;7;16;5
804.0;8;17;7;13;70;16;8;16;5
810.0;8;17;6;12;70;17;7;16;7
816.0;7;15;5;15;70;19;7;14;8
822.0;6;15;5;14;70;21;7;13;9
828.0;7;14;5;15;68;20;8;14;9
834.0;9;12;6;14;68;22;7;13;9
840.0;6;16;6;13;68;19;7;13;12
846.0;4;14;4;15;71;19;9;14;10
852.0;6;13;5;14;70;19;10;13;10
858.0;6;15;4;14;71;21;10;10;9
864.0;5;13;7;14;72;21;11;9;8
870.0;6;12;7;16;73;19;11;9;7
876.0;7;11;7;14;75;16;11;12;7
882.0;7;13;7;16;73;16;7;13;8
888.0;7;13;8;14;70;15;10;14;9
894.0;7;13;9;15;71;14;10;15;6
900.0;7;13;9;15;72;15;10;14;5
906.0;6;14;9;13;72;16;10;15;5
912.0;7;14;9;13;73;16;10;13;5
918.0;8;12;9;14;73;16;10;12;6
924.0;8;13;7;14;73;16;11;12;6
930.0;8;13;9;14;72;15;11;12;6
936.0;8;11;8;14;70;16;14;14;5
942.0;8;12;7;17;71;14;16;11;4
948.0;8;13;7;17;70;14;17;10;4
954.0;11;14;7;14;71;13;15;10;5
960.0;7;15;9;15;72;13;13;11;5
966.0;7;17;7;15;73;13;13;11;4
972.0;6;16;7;15;72;14;14;11;5
978.0;6;16;7;14;71;14;14;14;4
984.0;5;16;6;13;73;15;14;13;5
990.0;3;15;7;15;73;13;15;13;6
996.0;3;16;7;15;73;12;12;15;7
1002.0;3;19;5;15;72;12;12;15;7
1008.0;3;19;5;14;73;13;12;14;7
1014.0;3;18;5;14;74;13;11;13;9
1020.0;3;20;6;14;74;11;9;13;10
1026.0;5;22;7;14;73;10;10;13;6
1032.0;5;22;7;14;72;10;11;13;6
1038.0;5;22;5;16;72;10;10;14;6
1044.0;6;21;8;15;70;10;10;13;7
1050.0;6;24;6;13;72;10;9;13;7
1056.0;7;22;9;12;71;10;8;13;8
1062.0;6;22;10;12;71;10;7;13;9
1068.0;7;21;10;14;72;10;7;12;7
1074.0;5;22;11;13;72;10;8;12;7
1080.0;5;19;13;14;71;10;8;12;8
1086.0;6;19;11;13;72;11;8;14;6
1092.0;4;18;9;14;74;12;9;12;8
1098.0;5;18;9;15;74;12;8;10;9
1104.0;7;18;12;14;75;10;8;9;7
1110.0;8;17;12;13;73;12;7;12;6
1116.0;8;19;12;13;71;13;7;11;6
1122.0;8;17;11;13;72;17;6;10;6
1128.0;7;17;10;10;74;16;7;10;9
1134.0;7;16;9;11;75;16;7;10;9
1140.0;8;17;9;10;74;16;6;9;11
1146.0;9;15;8;9;75;17;6;9;12
1152.0;10;15;7;9;76;17;7;8;11
1158.0;10;15;6;10;76;16;7;8;12
1164.0;11;16;7;9;77;17;6;8;9
1170.0;11;12;7;9;78;18;9;7;9
1176.0;10;11;9;9;79;19;8;7;8
1182.0;9;13;9;9;79;18;8;8;7
1188.0;11;12;9;8;80;17;7;9;7
1194.0;11;13;9;8;80;17;5;11;6
1200.0;10;12;10;10;81;16;5;10;6
1206.0;7;14;11;10;81;15;6;9;7
1212.0;7;13;11;10;83;14;7;8;7
1218.0;7;12;9;10;85;14;7;8;8
1224.0;7;13;10;9;86;14;6;8;7
1230.0;6;13;9;9;87;14;5;8;9
1236.0;7;14;7;9;87;14;6;9;7
1242.0;8;15;7;9;87;13;5;9;7
1248.0;8;16;7;11;85;11;4;9;9
1254.0;7;16;9;11;85;10;4;9;9
1260.0;5;17;11;9;84;9;6;9;10
1266.0;7;17;10;10;82;9;7;7;11
1272.0;8;18;10;10;80;12;7;7;8
1278.0;7;17;8;13;80;14;5;10;6
1284.0;7;17;8;13;81;14;5;10;5
1290.0;7;18;7;14;79;13;5;10;7
1296.0;8;18;7;14;79;12;6;10;6
1302.0;7;18;7;13;81;13;5;10;6
1308.0;8;19;7;14;80;12;5;9;6
1314.0;9;19;7;14;81;11;5;8;6
1320.0;9;19;5;14;80;12;5;9;7
1326.0;9;17;5;12;80;13;6;8;10
1332.0;10;15;4;12;81;14;5;9;10
1338.0;10;14;5;12;82;14;5;8;10
1344.0;9;14;5;13;84;14;3;9;9
1350.0;8;14;3;13;85;14;4;10;9
1356.0;8;16;3;12;85;15;4;9;8
1362.0;8;16;4;13;85;15;4;8;7
1368.0;7;16;4;13;84;15;4;8;9
1374.0;8;16;4;14;82;13;2;9;12
1380.0;7;16;4;14;86;14;2;7;10
1386.0;6;15;4;14;85;16;3;7;10
1392.0;6;15;4;14;84;15;4;7;11
1398.0;7;14;4;13;83;14;4;11;10
1404.0;7;15;4;13;83;12;4;11;11
1410.0;6;13;4;16;84;12;4;10;11
1416.0;5;12;6;18;83;13;3;10;10
1422.0;4;11;5;19;83;15;4;11;8
1428.0;4;11;6;19;82;15;3;13;7
1434.0;4;9;6;20;83;15;2;13;8
1440.0;4;8;7;19;84;15;2;13;8
1446.0;4;8;6;17;84;17;2;14;8
1452.0;4;8;5;16;83;18;4;14;8
1458.0;5;7;7;15;84;18;5;11;8
1464.0;6;7;7;15;82;17;5;11;10
1470.0;6;7;7;15;81;16;5;10;13
1476.0;5;7;8;16;81;17;5;11;10
1482.0;4;10;6;15;82;17;4;12;10
1488.0;4;10;8;15;81;18;5;12;7
1494.0;5;10;7;14;82;18;6;11;7
1500.0;5;10;8;14;81;19;5;10;8
1506.0;6;11;7;15;83;18;4;10;6
1512.0;6;12;7;14;79;16;5;13;8
1518.0;7;12;7;16;78;15;5;13;7
1524.0;6;11;6;17;79;15;5;13;8
1530.0;6;12;7;18;77;13;6;14;7
1536.0;7;13;5;18;77;13;6;14;7
1542.0;6;14;5;20;76;14;6;14;5
1548.0;5;14;6;20;77;13;5;15;5
1554.0;5;14;8;19;74;14;4;16;6
1560.0;6;13;10;17;74;14;5;15;6
1566.0;7;12;10;15;75;15;6;13;7
1572.0;7;13;10;15;75;15;6;10;9
1578.0;5;14;11;15;73;14;9;11;8
1584.0;6;13;12;16;71;15;8;11;8
1590.0;6;15;9;16;72;15;7;12;8
1596.0;5;15;5;17;71;14;10;15;8
1602.0;7;15;5;15;71;14;8;17;8
1608.0;7;17;3;14;72;16;6;17;8
1614.0;7;15;3;16;72;15;7;17;8
1620.0;7;15;3;14;72;16;7;17;9
1626.0;9;12;4;14;71;18;6;17;9
1632.0;8;13;5;13;70;18;7;16;10
1638.0;9;14;5;12;71;18;10;15;6
1644.0;8;15;5;13;71;17;9;15;7
1650.0;6;16;5;13;72;17;9;15;7
1656.0;7;14;6;13;73;19;7;15;6
1662.0;5;15;6;13;73;18;8;15;7
1668.0;6;16;7;13;73;19;6;14;6
1674.0;5;16;6;13;75;20;7;13;5
1680.0;4;17;6;14;75;20;8;12;4
1686.0;4;19;8;14;74;19;6;12;4
1692.0;4;19;7;14;74;19;7;11;5
1698.0;4;18;7;14;74;19;7;11;6
1704.0;4;17;7;12;75;20;8;11;6
1710.0;6;15;5;12;74;20;8;12;8
1716.0;6;14;5;11;76;19;6;13;10
1722.0;7;14;7;11;76;19;6;12;8
1728.0;8;13;8;11;76;18;6;11;9
1734.0;10;13;8;11;74;18;6;11;9
1740.0;10;12;9;12;76;18;6;11;6
1746.0;8;11;8;14;79;18;6;10;6
1752.0;7;12;8;14;78;17;6;11;7
1758.0;6;12;7;13;80;19;6;11;6
1764.0;6;12;6;13;81;19;6;10;7
1770.0;6;13;5;13;81;20;6;9;7
1776.0;6;13;5;14;80;19;6;9;8
1782.0;5;16;5;14;78;18;5;11;8
1788.0;4;16;7;14;77;20;5;10;7
1794.0;3;14;7;15;77;20;4;12;8
