#auto generated file!
12.0;15;13;9;9;16;9;5;16;8
18.0;15;11;7;11;17;11;7;14;7
24.0;12;11;7;10;18;12;7;16;7
30.0;13;11;9;11;18;11;6;14;7
36.0;12;10;8;11;18;12;7;13;9
42.0;11;11;6;12;19;13;6;12;10
48.0;10;10;6;12;19;13;7;14;9
54.0;9;10;6;12;20;12;7;14;10
60.0;8;10;7;11;20;12;8;15;9
66.0;7;9;6;12;20;10;9;17;10
72.0;6;9;6;13;21;10;7;17;11
78.0;6;11;6;12;22;9;7;17;10
84.0;6;10;7;11;23;10;7;15;11
90.0;7;11;6;11;23;10;8;14;10
96.0;5;10;8;10;23;11;10;15;8
102.0;5;11;8;9;23;12;9;16;7
108.0;4;12;8;9;23;12;8;17;7
114.0;3;10;9;9;23;12;10;18;6
120.0;6;10;9;8;25;12;8;16;6
126.0;5;11;8;8;25;12;9;16;6
132.0;6;11;6;7;25;12;10;16;7
138.0;6;11;5;7;26;12;11;16;6
144.0;7;11;4;7;27;13;9;17;5
150.0;7;12;4;7;26;12;10;17;5
156.0;5;14;4;9;26;11;10;16;5
162.0;4;13;5;9;26;10;10;19;4
168.0;5;12;5;10;27;10;10;17;4
174.0;4;14;5;10;25;10;9;17;6
180.0;5;15;5;10;26;10;8;15;6
186.0;5;15;5;10;26;10;7;17;5
192.0;5;16;5;9;26;10;7;17;5
198.0;7;16;4;11;25;10;5;17;5
204.0;7;18;3;12;26;9;4;17;4
210.0;6;19;2;12;27;7;4;18;5
216.0;6;16;3;14;27;8;3;19;4
222.0;5;18;3;13;27;8;3;19;4
228.0;5;17;4;13;27;10;3;17;4
234.0;7;17;5;13;27;9;4;14;4
240.0;8;16;4;12;27;9;5;14;5
246.0;9;16;5;13;28;8;4;11;6
252.0;9;16;5;13;28;9;4;10;6
258.0;9;16;5;12;30;9;4;9;6
264.0;8;18;5;10;30;9;4;10;6
270.0;7;20;7;11;29;9;3;8;6
276.0;4;20;9;12;29;9;3;9;5
282.0;3;19;10;12;29;9;3;9;6
288.0;3;19;10;13;28;9;4;8;6
294.0;4;16;10;13;30;10;4;8;5
300.0;2;18;10;12;30;11;4;8;5
306.0;2;17;9;10;29;13;4;10;6
312.0;2;15;8;9;28;14;5;13;6
318.0;3;16;7;8;27;15;5;13;6
324.0;4;17;7;8;26;13;5;13;7
330.0;4;16;8;9;26;11;5;12;9
336.0;5;13;9;9;26;11;6;11;10
342.0;5;14;8;10;27;10;6;12;8
348.0;5;15;8;10;27;11;5;11;8
354.0;6;14;6;10;28;11;5;13;7
360.0;6;15;6;9;29;11;4;12;8
366.0;6;16;7;9;27;12;6;9;8
372.0;6;16;7;9;28;12;6;8;8
378.0;5;16;7;9;28;13;7;7;8
384.0;5;17;7;10;27;13;5;8;8
390.0;5;18;7;10;28;13;5;7;7
396.0;5;17;7;10;28;11;6;8;8
402.0;4;17;7;11;30;10;6;7;8
408.0;5;13;8;10;27;11;9;9;8
414.0;5;14;7;11;27;11;7;11;7
420.0;5;13;6;11;29;9;7;13;7
426.0;5;14;6;11;29;9;5;13;8
432.0;5;13;6;12;29;9;5;14;7
438.0;4;14;5;12;30;8;6;14;7
444.0;5;15;4;11;29;9;5;15;7
450.0;5;15;3;13;28;10;4;15;7
456.0;4;14;5;13;28;11;2;15;8
462.0;5;15;4;14;29;10;0;16;7
468.0;7;14;5;14;29;10;0;14;7
474.0;6;16;5;16;28;11;1;13;4
480.0;5;15;6;17;28;10;2;13;4
486.0;5;15;5;17;28;10;4;12;4
492.0;5;15;5;17;28;10;3;12;5
498.0;6;16;5;15;28;9;4;12;5
504.0;6;16;5;15;28;9;3;12;6
510.0;6;17;5;15;26;9;4;12;6
516.0;5;16;5;16;26;10;4;12;6
522.0;4;15;5;17;26;10;4;12;7
528.0;4;15;5;14;27;10;5;13;7
534.0;4;14;4;15;26;10;6;14;7
540.0;4;13;4;15;26;10;6;14;8
546.0;3;12;4;15;26;12;7;13;8
552.0;4;11;5;16;26;12;6;14;6
558.0;6;12;5;16;25;12;4;14;6
564.0;6;11;5;17;25;12;5;14;5
570.0;6;12;5;16;25;12;5;13;6
576.0;5;12;4;17;26;13;4;12;7
582.0;6;12;4;16;29;15;4;10;4
588.0;6;13;4;16;29;16;4;9;3
594.0;6;13;6;14;32;15;3;8;3
600.0;6;13;5;14;31;15;3;9;4
606.0;5;15;5;13;31;16;3;8;4
612.0;5;15;5;13;33;15;2;9;3
618.0;7;13;6;12;35;13;1;10;3
624.0;8;13;5;13;35;12;1;10;3
630.0;6;13;6;12;37;12;1;11;2
636.0;6;13;4;13;37;13;1;11;2
642.0;6;13;4;13;37;14;2;9;2
648.0;5;14;4;13;36;13;3;10;2
654.0;4;15;4;13;38;12;2;11;1
660.0;4;13;4;13;40;11;2;12;1
666.0;4;12;5;13;40;11;2;12;1
672.0;5;12;4;13;40;10;2;12;2
678.0;4;12;3;12;41;9;4;13;2
684.0;4;13;4;12;43;9;4;10;1
690.0;4;13;4;11;43;9;5;9;2
696.0;4;12;3;11;44;10;4;7;5
702.0;4;12;4;11;43;10;4;7;5
708.0;4;11;4;12;43;12;4;7;3
714.0;4;10;4;14;43;12;3;7;3
720.0;3;8;4;14;43;13;3;9;3
726.0;1;8;6;14;44;11;4;10;2
732.0;1;7;7;13;44;12;4;10;2
738.0;1;8;8;13;44;12;4;9;1
744.0;2;9;7;14;42;12;4;9;1
750.0;4;9;7;14;42;12;4;7;1
756.0;6;9;6;15;40;12;4;7;1
762.0;6;9;7;15;40;11;4;7;1
768.0;8;8;8;14;39;10;4;7;2
774.0;8;7;9;14;39;10;3;7;3
780.0;9;7;9;13;39;10;3;7;3
786.0;8;8;11;12;36;12;3;6;4
792.0;8;8;11;12;36;12;3;6;4
798.0;8;8;11;12;36;12;3;6;4
804.0;8;8;10;12;36;12;4;6;4
810.0;8;8;12;12;36;11;4;6;3
816.0;9;10;9;11;36;11;5;8;1
822.0;10;11;9;11;34;10;5;9;1
828.0;10;9;10;12;34;9;5;10;1
834.0;10;9;10;12;34;9;5;10;1
840.0;10;7;10;12;35;9;6;9;2
846.0;9;8;7;12;39;9;5;9;2
852.0;9;8;7;12;39;9;5;9;2
858.0;9;8;7;13;39;9;5;9;1
864.0;10;7;8;13;39;9;6;7;1
870.0;9;7;11;13;38;7;6;8;1
876.0;7;6;9;11;40;8;10;8;1
882.0;7;4;8;13;42;5;13;7;1
888.0;5;5;7;13;42;6;12;8;2
894.0;5;3;8;13;44;4;10;11;2
900.0;5;3;7;14;43;4;11;11;2
906.0;5;4;8;13;42;4;11;11;2
912.0;4;3;10;12;43;5;10;11;2
918.0;4;2;9;12;41;7;10;12;3
924.0;4;2;9;12;41;7;10;12;3
930.0;4;3;8;12;42;6;10;12;3
936.0;5;3;7;11;41;7;11;12;3
942.0;5;3;6;10;45;8;8;12;3
948.0;6;3;5;11;46;8;6;12;3
954.0;6;2;5;10;47;8;6;12;4
960.0;6;2;5;9;48;8;6;12;4
966.0;6;2;6;8;48;7;5;15;3
972.0;6;2;6;8;48;7;6;15;2
978.0;2;2;8;9;48;6;7;15;3
984.0;3;4;10;9;47;5;6;13;3
990.0;4;4;9;10;47;5;5;12;4
996.0;4;4;9;10;48;6;5;12;2
1002.0;4;5;7;11;48;7;3;12;3
1008.0;5;6;6;11;47;7;3;11;4
1014.0;8;6;4;9;46;8;3;12;4
1020.0;6;7;4;10;46;9;3;12;3
1026.0;5;7;3;11;47;10;4;9;4
1032.0;4;7;2;13;46;10;4;10;4
1038.0;5;6;2;14;45;11;4;9;4
1044.0;5;6;2;15;45;9;4;10;4
1050.0;5;6;1;16;45;9;3;10;5
1056.0;5;7;0;14;46;9;3;10;6
1062.0;6;5;1;13;47;10;3;10;5
1068.0;6;5;2;13;47;10;4;9;4
1074.0;6;4;3;13;46;10;5;8;5
1080.0;7;4;4;13;45;9;5;8;5
1086.0;4;5;5;14;46;10;5;6;5
1092.0;4;5;5;12;47;11;5;6;5
1098.0;4;5;6;11;46;11;5;6;6
1104.0;6;8;5;11;46;8;5;6;5
1110.0;5;9;5;11;46;9;4;6;5
1116.0;5;9;6;11;45;9;4;6;5
1122.0;4;8;6;12;44;11;4;6;5
1128.0;4;7;4;12;45;11;4;7;6
1134.0;4;6;4;11;46;11;5;6;7
1140.0;2;6;4;12;48;11;4;6;7
1146.0;3;6;3;12;47;11;5;6;7
1152.0;4;6;1;12;47;12;5;5;8
1158.0;4;6;2;11;47;12;4;7;7
1164.0;6;6;2;10;46;11;5;7;7
1170.0;5;7;1;10;46;11;5;9;6
1176.0;6;7;2;10;45;9;4;9;8
1182.0;6;7;2;10;46;9;4;9;7
1188.0;6;8;2;10;44;8;4;10;8
1194.0;5;8;2;10;45;7;4;10;9
1200.0;5;10;2;9;46;8;4;8;8
1206.0;5;10;2;7;46;8;5;9;8
1212.0;6;7;3;8;46;7;5;9;9
1218.0;6;7;2;8;46;7;5;9;10
1224.0;6;7;1;8;45;8;4;9;12
1230.0;5;9;2;9;43;9;4;8;11
1236.0;5;9;2;9;43;9;4;9;10
1242.0;5;10;2;9;44;8;3;9;10
1248.0;5;11;1;9;44;9;4;9;8
1254.0;5;10;0;7;44;12;5;7;10
1260.0;5;10;0;6;44;13;5;7;10
1266.0;5;10;0;5;44;13;5;8;10
1272.0;5;9;1;7;45;11;5;7;10
1278.0;4;10;2;7;46;11;4;6;10
1284.0;4;9;4;6;47;11;3;6;10
1290.0;4;8;4;6;47;11;4;7;9
1296.0;4;8;4;6;47;11;4;7;9
1302.0;3;7;4;7;47;12;4;7;9
1308.0;3;7;4;7;46;12;5;7;9
1314.0;4;8;3;7;45;11;6;6;10
1320.0;3;6;4;6;46;11;8;7;9
1326.0;3;8;4;6;46;11;7;7;8
1332.0;2;10;3;5;47;10;7;9;7
1338.0;3;10;3;4;46;11;9;8;6
1344.0;0;9;3;6;46;13;8;9;6
1350.0;0;9;4;6;47;13;7;9;5
1356.0;0;8;3;6;49;11;9;10;4
1362.0;0;8;3;7;49;11;9;9;4
1368.0;2;8;3;6;50;11;8;8;4
1374.0;2;6;3;9;51;11;8;7;3
1380.0;2;7;3;10;50;11;7;7;3
1386.0;3;8;2;10;51;11;7;6;2
1392.0;3;8;2;10;51;10;7;5;4
1398.0;3;9;2;9;52;9;7;5;4
1404.0;2;9;2;9;53;10;6;4;5
1410.0;2;10;3;9;51;10;6;4;5
1416.0;2;9;5;9;51;9;6;4;5
1422.0;2;8;5;7;50;7;7;6;8
1428.0;3;9;5;7;49;6;7;5;9
1434.0;3;9;5;6;50;5;7;6;9
1440.0;2;10;5;6;50;6;7;6;8
1446.0;2;8;5;7;51;6;7;6;8
1452.0;2;10;6;7;47;8;7;6;7
1458.0;2;11;7;6;48;8;7;6;5
1464.0;1;11;7;7;49;8;5;7;5
1470.0;1;11;6;7;50;8;6;7;4
1476.0;1;12;6;7;50;8;5;7;4
1482.0;1;11;6;8;50;8;6;7;3
1488.0;1;10;6;9;51;8;6;6;3
1494.0;2;10;6;9;51;9;4;6;3
1500.0;1;10;10;7;51;7;4;6;4
1506.0;2;11;11;5;48;7;4;7;5
1512.0;3;12;9;6;46;7;4;8;5
1518.0;4;11;9;5;47;6;4;9;5
1524.0;4;11;10;6;46;6;4;9;4
1530.0;4;11;9;7;46;7;5;8;3
1536.0;3;12;10;7;43;7;5;9;4
1542.0;3;12;12;7;42;7;5;9;3
1548.0;6;12;9;9;41;7;5;8;3
1554.0;5;12;7;10;40;7;5;11;3
1560.0;4;12;6;10;39;8;4;14;3
1566.0;4;10;6;10;40;8;4;14;4
1572.0;4;12;4;10;40;8;5;13;4
1578.0;4;13;3;10;41;7;5;13;4
1584.0;3;14;3;8;41;8;5;14;4
1590.0;4;14;4;8;41;8;5;13;3
1596.0;3;15;4;10;42;7;4;12;3
1602.0;2;14;5;8;42;8;4;14;3
1608.0;2;15;5;8;41;8;4;13;4
1614.0;3;14;5;8;41;9;2;14;4
1620.0;2;14;5;8;41;9;2;15;4
1626.0;2;13;4;8;43;9;2;15;4
1632.0;2;12;6;8;43;8;4;14;3
1638.0;3;10;7;8;45;7;2;15;3
1644.0;3;13;7;7;45;6;3;13;3
1650.0;1;13;7;8;45;5;4;13;4
1656.0;2;14;7;8;45;6;3;13;2
1662.0;3;15;5;8;44;7;4;13;1
1668.0;2;15;5;8;44;8;4;13;1
1674.0;2;13;4;8;44;9;5;14;1
1680.0;2;13;4;7;45;9;5;14;1
1686.0;1;13;5;7;45;9;6;14;0
1692.0;1;11;6;7;45;9;5;14;2
1698.0;1;12;6;5;46;10;3;14;3
1704.0;1;13;6;6;47;9;2;13;3
1710.0;3;12;6;5;48;8;2;12;4
1716.0;1;11;5;5;48;9;2;13;6
1722.0;1;10;6;6;49;9;1;13;5
1728.0;2;9;4;7;50;9;1;14;4
1734.0;2;10;3;7;50;7;2;14;5
1740.0;3;10;2;7;50;6;2;15;5
1746.0;3;11;3;7;52;7;0;13;4
1752.0;4;12;4;5;51;8;1;11;4
1758.0;5;12;4;5;49;8;2;11;4
1764.0;6;12;4;5;50;7;3;11;2
1770.0;5;13;4;6;50;7;3;10;2
1776.0;3;13;4;5;50;7;5;9;4
1782.0;2;12;5;4;50;10;6;8;3
1788.0;3;12;5;5;50;11;5;6;3
1794.0;3;12;5;6;51;11;4;6;2
