#auto generated file!
12.0;22;29;19;33;25;20;18;22;22
18.0;21;35;19;29;28;19;17;23;19
24.0;22;36;18;28;29;21;12;23;21
30.0;21;38;17;28;30;21;12;22;21
36.0;18;37;19;25;32;21;13;23;22
42.0;17;37;15;25;33;22;12;27;22
48.0;16;36;15;26;34;24;11;26;22
54.0;16;36;19;25;34;21;11;25;23
60.0;12;34;21;27;36;20;13;25;22
66.0;12;31;22;28;35;21;14;28;19
72.0;12;32;21;26;36;23;14;26;20
78.0;15;33;23;24;37;24;10;26;18
84.0;16;34;21;26;39;24;10;27;13
90.0;13;32;22;26;43;22;11;28;13
96.0;15;31;23;25;44;22;10;26;14
102.0;14;31;22;27;45;24;10;24;13
108.0;14;27;21;27;48;23;13;26;11
114.0;16;28;21;26;50;23;12;25;9
120.0;13;29;21;23;51;23;16;23;11
126.0;13;28;23;24;52;23;14;24;9
132.0;14;31;20;22;51;24;13;25;10
138.0;13;34;19;22;51;21;13;27;10
144.0;11;34;20;21;53;22;13;27;9
150.0;8;35;23;19;52;23;14;28;8
156.0;8;36;19;21;52;23;16;26;9
162.0;10;38;16;19;52;22;18;27;8
168.0;10;40;15;19;54;21;19;25;7
174.0;10;38;13;18;53;22;15;30;11
180.0;12;40;13;16;53;21;15;30;10
186.0;14;36;12;18;52;20;17;31;10
192.0;14;35;14;18;52;20;19;29;9
198.0;15;34;11;19;53;22;17;30;9
204.0;14;33;11;18;55;22;17;31;9
210.0;13;31;12;18;56;21;19;30;10
216.0;12;34;12;17;58;21;17;29;10
222.0;13;35;10;19;60;20;16;27;10
228.0;12;38;9;18;61;20;16;27;9
234.0;9;37;8;17;63;21;18;28;9
240.0;9;36;6;19;64;19;19;26;12
246.0;10;35;7;17;65;18;19;26;13
252.0;8;34;7;14;66;19;20;27;15
258.0;9;33;8;13;67;16;18;28;18
264.0;9;31;8;13;67;19;18;27;18
270.0;9;33;6;13;67;18;18;26;20
276.0;8;31;7;13;68;18;17;27;21
282.0;9;31;7;13;68;18;18;26;20
288.0;9;29;7;13;68;23;18;24;19
294.0;8;30;8;14;68;23;19;23;17
300.0;7;31;10;15;68;23;16;23;17
306.0;13;32;9;13;65;24;14;26;14
312.0;12;33;9;13;66;23;15;26;13
318.0;12;34;9;14;68;21;17;22;13
324.0;12;32;13;14;67;23;15;23;11
330.0;11;31;13;17;67;23;15;22;11
336.0;11;29;12;19;66;22;14;24;13
342.0;15;30;12;17;64;22;14;23;13
348.0;15;28;14;18;66;22;13;21;13
354.0;16;26;13;18;68;21;12;21;15
360.0;15;27;11;19;70;20;13;21;14
366.0;15;26;11;20;72;21;12;19;14
372.0;16;25;10;19;73;24;11;19;13
378.0;16;25;10;19;74;23;13;20;10
384.0;22;25;10;18;73;19;14;19;10
390.0;20;24;13;18;72;20;13;19;11
396.0;20;22;14;16;73;22;11;20;12
402.0;20;22;13;18;72;22;11;19;13
408.0;20;23;12;18;72;22;10;20;13
414.0;22;22;11;19;72;22;11;20;11
420.0;21;22;11;18;72;22;12;20;12
426.0;20;21;12;18;72;22;11;19;15
432.0;21;20;10;16;74;22;13;19;15
438.0;20;19;8;18;76;24;14;17;14
444.0;19;19;8;21;75;23;14;16;15
450.0;19;20;9;22;77;23;11;14;15
456.0;19;21;8;23;77;20;14;15;13
462.0;17;23;9;22;77;20;14;16;12
468.0;15;24;10;20;77;23;14;16;11
474.0;17;24;11;22;74;25;14;16;7
480.0;19;26;12;21;74;25;12;14;7
486.0;16;25;12;21;73;26;12;13;12
492.0;15;22;9;22;74;28;11;19;10
498.0;15;22;8;24;73;27;12;20;9
504.0;15;21;8;27;73;25;11;21;9
510.0;14;21;9;26;73;24;12;20;11
516.0;12;21;9;26;73;25;13;21;10
522.0;12;20;8;27;72;25;14;21;11
528.0;9;19;10;24;73;25;16;21;13
534.0;9;21;13;22;70;25;17;22;11
540.0;9;19;11;25;73;24;17;24;8
546.0;7;17;13;24;75;22;17;26;9
552.0;8;18;12;24;74;22;17;26;9
558.0;8;18;13;27;74;22;15;25;8
564.0;8;20;14;26;76;20;15;22;9
570.0;8;20;15;26;74;20;13;24;10
576.0;9;21;16;26;74;20;11;23;10
582.0;9;20;15;26;78;21;8;22;11
588.0;8;22;14;25;77;22;11;22;9
594.0;6;20;15;25;79;22;10;21;12
600.0;9;19;16;25;76;23;8;21;13
606.0;11;17;14;28;78;25;8;19;10
612.0;11;15;12;29;79;26;10;18;10
618.0;9;17;10;27;80;26;11;19;11
624.0;10;17;9;26;79;27;12;20;10
630.0;11;17;8;26;79;28;13;20;8
636.0;14;17;9;24;79;30;11;20;6
642.0;16;17;9;22;80;26;11;21;8
648.0;17;17;9;21;80;25;11;21;9
654.0;16;17;9;20;79;27;11;22;9
660.0;13;17;12;21;78;26;11;21;11
666.0;12;16;15;21;81;24;9;20;12
672.0;11;18;16;20;80;24;8;22;11
678.0;11;18;16;18;79;23;9;23;13
684.0;11;19;14;19;77;22;10;24;14
690.0;11;21;14;20;77;22;10;23;12
696.0;11;17;15;20;78;21;14;23;11
702.0;10;14;18;20;78;21;13;22;14
708.0;8;15;16;19;79;21;16;22;14
714.0;8;16;16;20;80;20;14;22;14
720.0;8;18;18;20;82;19;10;21;14
726.0;10;18;18;20;84;19;8;18;15
732.0;11;18;19;22;81;17;7;21;14
738.0;14;16;19;21;83;16;8;22;11
744.0;15;17;20;21;79;17;8;22;11
750.0;16;18;18;24;79;17;7;19;12
756.0;16;20;18;23;77;16;8;22;10
762.0;17;19;18;23;77;17;8;21;10
768.0;15;20;17;26;76;19;7;18;12
774.0;18;21;15;27;76;18;6;17;12
780.0;19;20;12;29;75;19;7;17;12
786.0;19;21;11;27;76;19;6;19;12
792.0;18;22;11;28;75;18;7;19;12
798.0;12;23;13;30;76;17;8;19;12
804.0;8;25;13;30;77;18;10;19;10
810.0;7;26;16;27;77;20;10;20;7
816.0;7;28;13;28;77;20;9;21;7
822.0;7;31;12;28;76;20;8;21;7
828.0;8;33;12;27;76;19;7;22;6
834.0;11;31;11;28;77;17;7;23;5
840.0;11;29;12;29;79;18;5;23;4
846.0;11;28;12;31;77;19;4;21;7
852.0;12;27;11;32;77;20;4;20;7
858.0;10;28;11;31;78;21;6;19;6
864.0;9;28;11;31;77;20;7;20;7
870.0;9;29;11;32;76;21;5;20;7
876.0;10;29;12;29;74;21;7;21;7
882.0;8;28;11;30;74;21;8;22;8
888.0;10;29;12;29;73;21;8;23;5
894.0;10;33;12;28;72;21;8;23;3
900.0;11;32;8;28;73;20;10;25;3
906.0;11;32;7;27;73;21;11;23;5
912.0;14;30;7;26;72;19;12;23;7
918.0;16;28;8;25;73;18;12;24;6
924.0;16;29;9;23;75;16;13;23;6
930.0;15;24;7;25;75;21;12;24;7
936.0;17;24;5;27;74;21;14;22;6
942.0;17;25;4;27;75;19;14;23;6
948.0;16;25;4;27;77;21;12;22;6
954.0;16;25;3;27;77;22;14;21;5
960.0;15;25;3;27;78;22;14;21;5
966.0;14;25;3;29;78;23;12;21;5
972.0;13;24;6;30;79;18;12;22;6
978.0;13;22;5;29;79;18;12;23;9
984.0;10;22;5;30;79;21;11;23;9
990.0;9;20;8;29;82;17;12;23;10
996.0;8;20;9;26;83;19;13;22;10
1002.0;8;21;9;24;85;17;13;22;11
1008.0;6;22;9;25;85;19;10;23;11
1014.0;5;20;9;26;85;19;11;23;12
1020.0;7;17;7;26;88;19;13;23;10
1026.0;6;19;7;25;88;19;15;24;7
1032.0;6;21;5;26;89;20;13;24;6
1038.0;6;23;4;26;89;22;11;23;6
1044.0;9;22;3;27;88;20;13;23;5
1050.0;7;22;5;27;88;21;12;23;5
1056.0;7;24;6;26;88;23;9;22;5
1062.0;9;24;8;23;88;22;10;21;5
1068.0;9;23;7;24;88;22;11;21;5
1074.0;8;24;6;25;88;23;12;18;6
1080.0;11;26;7;23;86;22;12;17;6
1086.0;11;27;7;22;87;22;9;18;7
1092.0;11;25;7;22;88;23;8;16;10
1098.0;12;25;7;22;86;23;8;18;9
1104.0;15;24;7;25;86;21;7;17;8
1110.0;14;23;7;24;86;21;7;20;8
1116.0;11;23;7;26;86;23;8;19;7
1122.0;10;23;7;27;87;23;8;18;7
1128.0;10;23;9;26;87;23;7;18;7
1134.0;10;24;6;25;87;25;8;16;9
1140.0;11;26;8;24;87;22;9;16;7
1146.0;10;24;7;25;87;21;11;17;8
1152.0;9;24;8;24;87;19;12;18;9
1158.0;9;26;9;26;84;18;13;16;9
1164.0;12;25;8;27;85;16;11;16;10
1170.0;16;24;8;28;85;15;11;15;8
1176.0;17;23;8;29;83;15;12;15;8
1182.0;19;24;9;29;80;15;11;15;8
1188.0;18;25;7;30;80;16;10;15;9
1194.0;19;24;7;32;79;16;11;13;9
1200.0;17;23;8;34;78;16;12;15;7
1206.0;16;22;8;32;77;17;13;15;10
1212.0;15;22;9;31;78;17;14;14;10
1218.0;13;23;5;31;79;18;15;14;12
1224.0;13;23;7;28;81;16;15;14;13
1230.0;11;23;6;27;81;18;16;15;13
1236.0;10;21;9;25;84;20;12;17;12
1242.0;10;20;7;27;84;20;12;18;12
1248.0;10;19;7;28;83;20;11;19;13
1254.0;11;18;7;28;83;19;12;19;13
1260.0;12;19;7;28;84;18;10;20;12
1266.0;12;21;5;27;84;18;8;22;13
1272.0;10;20;6;29;83;16;10;24;12
1278.0;7;21;9;28;84;15;10;25;11
1284.0;7;22;9;27;84;16;9;25;11
1290.0;7;20;7;26;83;16;11;26;14
1296.0;7;20;9;26;84;13;10;26;15
1302.0;7;19;10;27;82;14;12;26;13
1308.0;6;22;9;27;82;14;10;28;12
1314.0;6;22;9;28;79;17;12;27;10
1320.0;7;22;9;28;79;17;12;27;9
1326.0;6;23;9;27;80;17;12;26;10
1332.0;9;24;8;24;79;18;12;27;9
1338.0;8;26;9;22;82;17;11;27;8
1344.0;7;25;9;23;82;18;12;26;8
1350.0;7;22;10;23;81;19;15;26;7
1356.0;9;25;11;22;79;16;14;27;7
1362.0;11;26;9;21;81;17;12;27;6
1368.0;9;25;10;22;82;17;11;28;6
1374.0;10;23;11;23;83;17;9;27;7
1380.0;10;22;12;24;83;17;11;25;6
1386.0;10;23;12;24;82;17;11;24;7
1392.0;10;25;11;24;83;14;10;26;7
1398.0;12;26;8;26;83;13;10;25;7
1404.0;12;27;8;28;83;13;9;24;6
1410.0;11;27;7;27;84;12;9;25;8
1416.0;11;27;9;26;85;10;8;25;9
1422.0;9;25;8;28;85;12;8;26;9
1428.0;10;25;8;27;87;11;8;25;9
1434.0;6;24;10;27;88;14;10;25;6
1440.0;7;23;11;29;88;13;11;24;4
1446.0;9;23;9;28;88;14;11;23;5
1452.0;6;23;9;27;88;16;11;23;7
1458.0;8;23;8;26;90;17;9;21;8
1464.0;10;21;8;30;91;18;8;15;9
1470.0;10;22;7;28;92;20;10;13;8
1476.0;11;23;7;28;92;20;10;13;6
1482.0;12;22;9;28;93;18;9;13;6
1488.0;12;23;9;25;93;17;9;14;8
1494.0;13;22;10;25;90;16;12;13;9
1500.0;12;21;11;26;89;16;10;14;11
1506.0;12;19;11;26;89;17;13;15;8
1512.0;12;21;8;25;86;19;14;14;11
1518.0;13;23;7;25;88;18;11;16;9
1524.0;14;24;7;24;90;17;9;16;9
1530.0;13;26;7;24;91;14;8;18;9
1536.0;12;29;5;22;91;16;9;19;7
1542.0;12;28;6;21;89;16;10;19;9
1548.0;11;29;5;19;91;16;11;19;9
1554.0;11;27;5;18;90;17;13;20;9
1560.0;12;28;5;16;90;17;12;20;10
1566.0;10;29;4;17;90;16;16;19;9
1572.0;10;29;5;17;91;17;15;18;8
1578.0;8;30;4;18;92;16;16;16;10
1584.0;7;30;4;17;93;17;17;17;8
1590.0;6;33;5;14;94;15;18;17;8
1596.0;7;35;8;13;92;17;16;16;6
1602.0;5;33;7;15;94;16;15;18;7
1608.0;5;34;9;15;94;13;15;17;8
1614.0;5;35;9;15;96;13;13;16;8
1620.0;6;33;12;12;97;13;14;16;7
1626.0;7;31;13;11;98;12;14;16;8
1632.0;10;27;12;12;97;12;16;15;9
1638.0;11;27;13;13;100;10;14;12;10
1644.0;12;23;13;14;99;10;15;13;11
1650.0;11;21;14;15;99;10;14;15;11
1656.0;12;23;11;14;98;12;13;16;11
1662.0;12;22;10;14;99;12;12;18;11
1668.0;12;22;11;13;100;12;12;18;10
1674.0;11;25;9;11;99;14;11;20;10
1680.0;9;20;10;14;101;17;8;20;11
1686.0;10;19;11;12;99;18;8;22;11
1692.0;9;19;11;12;100;18;9;22;10
1698.0;11;18;12;13;99;18;9;20;10
1704.0;11;20;12;14;98;17;9;19;10
1710.0;10;19;14;14;98;19;9;18;9
1716.0;11;19;15;13;98;19;8;16;11
1722.0;10;19;19;16;96;18;5;17;10
1728.0;9;19;18;15;99;17;5;16;12
1734.0;10;18;18;18;97;16;4;17;12
1740.0;11;17;19;15;98;17;4;17;12
1746.0;13;16;18;17;96;17;3;17;13
1752.0;11;20;18;18;94;16;4;14;15
1758.0;13;21;17;22;92;17;3;13;12
1764.0;13;20;17;23;93;17;2;12;13
1770.0;10;20;15;25;91;18;3;13;15
1776.0;9;19;15;23;92;21;4;12;15
1782.0;10;21;17;21;92;20;5;12;12
1788.0;8;19;13;22;94;23;7;12;12
1794.0;8;20;12;21;94;25;6;11;13
