#auto generated file!
12.0;43;34;38;45;42;35;26;45;22
18.0;38;35;37;42;46;35;25;47;25
24.0;38;35;37;40;49;37;28;43;23
30.0;40;35;34;38;50;39;30;43;21
36.0;39;35;32;38;49;40;29;47;21
42.0;38;35;29;38;54;43;25;48;20
48.0;34;33;28;40;58;45;25;48;19
54.0;34;34;26;38;59;43;26;48;22
60.0;32;34;23;37;61;42;27;50;24
66.0;28;34;21;37;63;43;27;54;23
72.0;27;32;21;37;65;42;27;53;26
78.0;29;29;20;37;68;45;21;55;26
84.0;28;30;18;38;67;44;20;57;28
90.0;27;30;18;41;71;46;18;55;24
96.0;28;28;17;45;75;46;15;50;26
102.0;28;30;15;43;81;41;16;51;25
108.0;26;31;13;41;82;41;17;53;26
114.0;23;29;14;43;84;39;17;55;26
120.0;25;28;16;41;86;36;18;52;28
126.0;25;30;16;41;89;36;18;52;23
132.0;23;30;17;41;92;38;16;52;21
138.0;24;31;14;40;95;36;18;50;22
144.0;23;29;14;39;96;38;20;50;21
150.0;22;28;13;41;98;38;23;45;22
156.0;22;29;11;41;101;36;21;45;24
162.0;18;26;11;41;100;39;21;47;27
168.0;17;27;14;41;98;41;20;47;25
174.0;17;24;13;39;101;41;23;49;23
180.0;20;24;12;33;105;43;23;47;23
186.0;21;25;11;36;105;42;21;47;22
192.0;21;26;12;37;105;40;22;46;21
198.0;19;28;14;37;106;41;21;46;18
204.0;20;29;10;38;107;40;20;47;19
210.0;19;31;10;37;108;38;22;46;19
216.0;18;34;11;38;110;36;20;44;19
222.0;18;37;12;40;111;37;20;39;16
228.0;18;36;12;40;110;38;23;37;16
234.0;17;35;14;41;110;37;24;38;14
240.0;16;35;16;39;110;39;22;38;15
246.0;16;35;14;39;114;38;25;34;15
252.0;16;36;13;38;113;39;24;34;17
258.0;16;35;14;40;115;37;23;33;17
264.0;16;36;14;39;114;35;25;33;18
270.0;17;36;15;38;119;34;22;32;17
276.0;15;35;15;40;119;36;22;31;17
282.0;13;36;15;40;118;38;22;30;18
288.0;13;36;19;39;121;36;19;29;18
294.0;13;35;19;39;121;36;20;30;17
300.0;19;34;18;36;122;32;17;31;21
306.0;22;39;13;37;122;28;19;31;19
312.0;22;40;14;35;122;29;19;32;17
318.0;23;38;14;33;121;31;20;32;18
324.0;24;37;11;33;122;32;20;29;22
330.0;24;36;12;33;124;31;18;32;20
336.0;22;34;17;32;124;31;18;33;19
342.0;22;30;16;38;127;30;16;35;16
348.0;22;30;14;35;130;29;18;36;16
354.0;23;29;16;36;129;30;15;37;15
360.0;23;30;17;37;129;32;14;35;13
366.0;22;32;15;38;130;30;13;36;14
372.0;22;34;13;36;131;30;14;37;13
378.0;20;35;12;36;132;30;17;37;11
384.0;21;31;12;35;135;31;19;35;11
390.0;20;33;10;36;137;27;19;36;12
396.0;21;32;9;35;139;30;15;38;11
402.0;19;31;11;35;138;30;16;36;14
408.0;17;32;12;33;138;29;18;34;17
414.0;19;35;13;33;136;28;16;34;16
420.0;22;34;12;35;134;31;15;33;14
426.0;19;34;13;36;133;31;17;35;12
432.0;19;33;11;34;132;28;22;38;13
438.0;19;35;12;32;131;29;21;36;15
444.0;19;35;13;30;131;30;23;35;14
450.0;15;34;15;31;132;29;23;37;14
456.0;16;33;16;30;131;28;24;38;14
462.0;18;34;17;28;132;27;22;35;17
468.0;18;32;15;30;135;27;19;38;16
474.0;15;32;13;32;137;25;20;40;16
480.0;17;31;15;31;138;26;18;37;17
486.0;16;31;14;31;138;24;18;38;20
492.0;17;29;12;31;138;23;17;39;24
498.0;13;28;15;29;139;24;18;39;25
504.0;12;28;13;28;139;26;17;41;26
510.0;12;28;13;31;142;25;15;41;23
516.0;11;28;14;28;140;26;13;47;23
522.0;13;28;15;28;141;28;10;46;21
528.0;13;27;16;29;140;31;12;41;21
534.0;14;27;15;31;142;32;10;40;19
540.0;12;29;16;32;143;29;8;41;20
546.0;14;32;19;33;142;26;9;39;16
552.0;13;31;17;32;140;28;11;39;19
558.0;12;32;17;33;140;30;13;34;19
564.0;12;33;18;32;137;29;16;34;19
570.0;14;29;18;35;138;27;16;36;17
576.0;12;31;16;35;137;27;17;37;18
582.0;13;33;18;37;134;24;18;36;17
588.0;13;36;17;37;134;24;17;35;17
594.0;14;38;13;38;135;24;16;34;18
600.0;15;37;14;38;133;25;16;33;19
606.0;17;36;15;40;131;23;16;34;18
612.0;17;32;17;41;135;20;18;30;20
618.0;17;33;16;39;134;22;20;30;19
624.0;17;37;12;41;135;21;20;29;18
630.0;15;36;14;39;137;21;20;29;19
636.0;15;37;15;35;137;22;17;31;21
642.0;16;38;16;36;137;24;17;29;17
648.0;17;34;15;35;140;27;16;28;18
654.0;16;37;13;33;138;29;17;29;18
660.0;14;38;15;34;137;28;19;26;19
666.0;13;38;18;32;137;29;16;26;21
672.0;11;37;19;32;136;30;18;25;22
678.0;11;38;17;33;136;32;19;21;23
684.0;9;39;18;31;136;35;20;21;21
690.0;9;38;18;30;136;34;23;21;21
696.0;10;38;19;31;136;34;21;21;20
702.0;14;37;20;32;135;33;18;21;20
708.0;14;36;20;29;137;34;20;20;20
714.0;13;36;21;29;134;38;20;19;20
720.0;14;34;19;33;133;36;17;26;18
726.0;14;37;18;32;133;34;17;27;18
732.0;14;34;17;31;138;34;18;26;18
738.0;15;35;15;33;138;31;19;26;18
744.0;16;34;17;34;139;30;16;26;18
750.0;15;35;16;33;140;27;17;26;21
756.0;17;34;15;32;139;27;20;26;20
762.0;19;35;15;31;142;26;18;24;20
768.0;19;32;18;30;144;26;17;22;22
774.0;19;32;14;32;144;26;19;24;20
780.0;18;33;18;30;146;26;18;23;18
786.0;20;33;17;34;145;27;15;23;16
792.0;19;34;18;34;146;23;16;21;19
798.0;18;36;19;34;145;23;20;18;17
804.0;20;35;16;33;145;24;20;18;19
810.0;21;32;16;33;145;25;21;20;17
816.0;21;30;14;36;141;27;24;22;15
822.0;20;28;13;37;142;26;25;23;16
828.0;19;29;17;34;142;27;23;24;15
834.0;17;29;16;36;143;28;22;25;14
840.0;18;27;14;40;143;29;22;24;13
846.0;20;28;14;41;143;30;21;22;11
852.0;18;29;15;42;146;28;21;22;9
858.0;17;29;16;39;147;29;22;20;11
864.0;18;30;17;37;147;28;21;21;11
870.0;16;29;17;36;149;28;22;22;11
876.0;17;28;18;35;148;26;22;24;12
882.0;19;28;15;36;149;27;19;24;13
888.0;19;27;16;34;150;27;18;25;14
894.0;20;25;16;35;151;26;20;23;14
900.0;21;27;13;34;151;28;20;20;16
906.0;19;29;10;36;152;27;20;21;16
912.0;16;33;9;33;155;28;19;21;16
918.0;14;34;8;33;154;29;21;22;15
924.0;15;34;9;33;156;29;16;21;17
930.0;19;34;10;32;156;26;16;20;17
936.0;21;31;11;31;155;26;17;21;17
942.0;21;29;12;35;152;27;16;21;17
948.0;20;31;13;36;150;27;16;22;15
954.0;19;31;13;36;151;26;15;24;15
960.0;20;30;15;34;148;29;17;23;14
966.0;19;32;13;33;148;31;15;25;14
972.0;21;30;11;32;146;33;18;24;15
978.0;20;29;13;30;147;35;17;23;16
984.0;18;28;13;33;150;34;18;20;16
990.0;21;28;12;35;150;32;19;19;14
996.0;18;28;13;35;150;34;17;20;15
1002.0;18;28;16;32;151;35;14;21;15
1008.0;16;30;16;31;150;35;13;24;15
1014.0;15;30;18;31;150;33;13;26;14
1020.0;17;31;16;34;146;33;12;25;16
1026.0;18;30;16;33;147;34;12;25;15
1032.0;16;32;14;35;145;36;12;24;16
1038.0;18;32;13;35;147;34;12;23;16
1044.0;16;30;11;33;149;37;11;26;17
1050.0;14;29;10;32;152;38;12;27;16
1056.0;15;31;9;31;152;36;11;26;19
1062.0;16;29;10;30;153;34;13;27;18
1068.0;14;29;9;32;152;35;14;29;16
1074.0;14;32;11;33;151;33;13;28;15
1080.0;14;32;11;34;152;30;14;28;15
1086.0;13;32;12;33;152;31;14;27;16
1092.0;12;32;10;30;154;32;16;29;15
1098.0;12;33;10;28;155;30;16;31;15
1104.0;12;34;9;28;153;31;16;31;16
1110.0;12;34;9;31;155;31;16;29;13
1116.0;11;31;15;30;152;33;17;28;13
1122.0;13;29;15;29;150;34;18;27;15
1128.0;15;29;13;29;149;32;15;28;20
1134.0;17;28;14;30;147;34;14;28;18
1140.0;17;27;14;32;149;32;13;27;19
1146.0;17;27;14;31;149;29;14;29;20
1152.0;15;26;14;30;151;29;16;28;21
1158.0;17;26;13;28;151;29;15;30;21
1164.0;14;27;16;27;153;29;14;32;18
1170.0;15;26;16;25;152;32;15;33;16
1176.0;13;24;14;26;155;32;15;34;17
1182.0;16;27;8;25;156;32;15;34;17
1188.0;16;29;9;25;158;33;13;32;15
1194.0;16;30;11;25;158;31;12;32;15
1200.0;15;31;12;26;157;31;10;35;13
1206.0;14;28;14;26;158;32;12;33;13
1212.0;12;28;11;25;157;31;18;35;13
1218.0;16;27;11;24;156;31;17;34;14
1224.0;17;25;12;26;154;33;14;36;13
1230.0;20;22;13;26;154;32;14;38;11
1236.0;17;21;17;26;155;30;13;41;10
1242.0;18;20;15;26;155;28;16;40;12
1248.0;17;19;14;26;157;28;16;41;12
1254.0;18;19;16;25;155;27;17;42;11
1260.0;16;21;18;26;153;25;15;42;14
1266.0;14;21;16;26;153;25;18;40;17
1272.0;12;23;15;27;151;24;17;41;20
1278.0;12;23;14;27;151;23;20;41;19
1284.0;12;20;15;28;150;24;19;42;20
1290.0;12;18;17;29;153;24;18;41;18
1296.0;10;21;17;31;153;23;19;37;19
1302.0;11;22;17;31;154;20;18;36;21
1308.0;10;23;16;35;152;19;18;36;21
1314.0;12;23;15;33;154;18;20;37;18
1320.0;14;24;18;29;153;19;21;35;17
1326.0;16;25;16;29;148;19;21;38;18
1332.0;17;24;17;28;149;19;21;37;18
1338.0;18;24;18;26;152;18;20;36;18
1344.0;20;24;21;25;150;17;16;38;19
1350.0;20;28;19;26;147;19;16;38;17
1356.0;18;27;19;33;147;18;15;35;18
1362.0;18;28;19;33;149;18;16;34;15
1368.0;19;30;17;33;149;18;15;35;14
1374.0;22;29;18;33;147;19;15;35;12
1380.0;21;32;19;32;145;19;18;35;9
1386.0;19;34;19;34;148;19;17;31;9
1392.0;18;35;18;36;147;19;16;31;10
1398.0;19;35;17;35;148;18;18;31;9
1404.0;18;35;17;35;147;18;18;32;10
1410.0;19;34;20;34;146;19;19;29;10
1416.0;19;34;21;33;148;18;19;29;9
1422.0;22;35;21;31;148;18;20;27;8
1428.0;20;35;18;32;150;20;19;26;10
1434.0;20;34;18;34;146;22;18;28;10
1440.0;19;34;17;34;150;19;15;29;13
1446.0;19;34;15;34;149;20;17;28;14
1452.0;17;32;14;36;149;20;18;29;15
1458.0;20;29;12;37;149;21;16;31;15
1464.0;20;28;13;38;149;22;15;30;15
1470.0;20;27;12;35;149;23;17;32;15
1476.0;20;26;12;36;148;23;14;33;18
1482.0;20;27;13;35;150;22;12;32;19
1488.0;20;27;12;35;148;23;10;37;18
1494.0;17;27;14;35;146;23;11;37;20
1500.0;18;28;16;36;147;23;11;35;16
1506.0;18;26;17;36;146;26;12;31;18
1512.0;14;29;15;34;150;28;14;29;17
1518.0;17;31;13;32;149;25;13;30;20
1524.0;14;29;11;31;150;27;11;35;22
1530.0;14;30;10;32;149;26;12;35;22
1536.0;13;30;10;32;148;24;14;37;22
1542.0;15;28;12;31;148;23;13;37;23
1548.0;14;28;11;32;148;24;12;37;24
1554.0;12;30;12;32;147;26;12;34;25
1560.0;12;33;11;35;148;22;14;31;24
1566.0;10;34;10;34;148;22;15;31;26
1572.0;11;34;11;28;151;22;16;32;25
1578.0;11;36;13;26;151;23;16;30;24
1584.0;11;37;10;28;154;22;15;31;22
1590.0;10;39;10;27;153;23;16;31;21
1596.0;10;41;9;28;154;22;16;31;19
1602.0;11;41;7;26;156;24;16;32;17
1608.0;9;39;11;28;155;25;13;33;17
1614.0;9;39;12;29;154;26;14;32;15
1620.0;8;36;10;30;157;28;13;33;15
1626.0;8;36;12;29;157;28;15;33;12
1632.0;8;36;11;29;156;29;12;35;14
1638.0;7;35;10;31;155;29;14;36;13
1644.0;6;36;9;30;156;32;13;36;12
1650.0;6;38;8;30;156;33;12;36;11
1656.0;6;39;7;33;158;31;11;34;11
1662.0;4;39;7;32;159;32;10;34;13
1668.0;4;37;10;32;160;31;11;31;14
1674.0;6;33;10;32;161;32;13;29;14
1680.0;10;34;9;31;156;37;13;27;13
1686.0;12;33;10;29;157;39;13;27;10
1692.0;13;33;8;28;156;41;13;28;10
1698.0;12;32;11;29;156;40;10;31;9
1704.0;12;32;10;29;156;40;11;31;9
1710.0;11;31;12;30;154;39;12;31;10
1716.0;11;25;13;31;156;37;13;32;12
1722.0;12;24;15;30;155;35;14;31;14
1728.0;13;24;16;30;152;34;14;31;16
1734.0;15;24;17;32;153;31;12;32;14
1740.0;16;22;19;33;157;30;10;30;13
1746.0;16;22;19;35;157;29;10;29;13
1752.0;17;23;15;35;154;28;11;31;16
1758.0;16;24;16;35;154;30;13;30;12
1764.0;16;26;15;33;151;31;14;30;14
1770.0;16;26;16;35;151;29;14;30;13
1776.0;16;25;17;37;149;28;16;28;14
1782.0;18;23;17;34;148;31;17;27;15
1788.0;16;23;15;33;146;30;19;32;16
1794.0;17;24;13;33;145;30;20;33;15
