#auto generated file!
12.0;16;19;15;18;15;15;10;20;12
18.0;16;19;12;19;17;14;9;23;11
24.0;13;20;13;21;17;15;8;22;11
30.0;10;20;13;22;19;15;10;20;11
36.0;7;21;12;22;21;16;9;21;11
42.0;9;22;12;20;20;15;9;21;12
48.0;8;22;12;20;21;13;11;21;12
54.0;9;21;12;21;21;14;10;21;11
60.0;10;21;11;19;22;15;12;19;11
66.0;12;20;9;20;23;15;13;18;10
72.0;13;20;9;18;25;16;14;16;9
78.0;11;21;9;17;26;16;14;14;12
84.0;11;19;10;17;26;15;16;13;13
90.0;13;19;10;15;28;13;16;13;13
96.0;10;20;9;16;28;13;16;12;16
102.0;10;20;9;17;28;13;16;12;15
108.0;10;20;9;18;31;11;17;11;13
114.0;8;19;9;19;31;11;17;12;14
120.0;8;19;11;18;33;10;16;11;14
126.0;9;20;10;19;34;11;12;10;15
132.0;6;22;11;20;34;10;11;10;16
138.0;5;22;11;22;34;11;10;8;17
144.0;6;21;10;23;33;12;11;7;17
150.0;6;19;10;22;34;14;11;7;17
156.0;7;18;10;22;34;14;11;9;15
162.0;9;17;10;23;34;12;10;10;15
168.0;9;17;10;21;34;12;12;10;15
174.0;7;17;7;24;34;12;11;12;16
180.0;7;17;5;24;37;11;11;12;16
186.0;6;18;5;23;37;12;13;11;15
192.0;6;17;7;20;37;14;13;12;14
198.0;6;17;6;20;37;15;12;12;15
204.0;7;17;6;19;37;16;13;11;14
210.0;6;18;5;19;38;14;14;12;14
216.0;6;18;7;18;38;14;13;14;12
222.0;6;20;5;18;38;13;13;16;11
228.0;7;20;5;18;37;12;14;16;11
234.0;6;22;6;18;38;12;13;14;11
240.0;6;22;6;18;38;12;14;14;10
246.0;6;21;8;17;38;13;15;14;8
252.0;5;20;11;16;38;14;14;16;6
258.0;5;19;12;13;40;17;14;15;5
264.0;4;20;12;12;40;17;14;16;5
270.0;3;20;12;13;40;17;13;17;5
276.0;3;19;11;14;39;17;13;19;5
282.0;2;18;11;14;39;17;13;21;5
288.0;4;17;13;13;39;16;12;20;6
294.0;4;17;15;12;39;15;11;20;7
300.0;5;18;16;13;39;13;10;21;5
306.0;5;18;18;12;39;13;10;21;4
312.0;6;17;18;11;39;16;11;19;3
318.0;6;16;17;12;40;18;10;18;3
324.0;6;15;16;13;40;18;11;18;3
330.0;6;11;16;13;42;18;13;18;3
336.0;5;9;14;13;44;20;12;19;4
342.0;4;10;11;17;45;21;11;17;4
348.0;4;10;11;17;45;22;9;16;6
354.0;3;12;12;16;46;20;12;14;5
360.0;3;11;13;15;47;22;8;15;6
366.0;4;12;11;16;47;22;9;14;5
372.0;4;12;11;15;47;23;9;13;6
378.0;4;12;11;16;47;21;8;13;8
384.0;6;7;11;17;48;21;8;15;7
390.0;6;7;10;18;48;21;8;15;7
396.0;6;7;10;20;48;22;6;15;6
402.0;5;9;12;19;48;23;4;15;5
408.0;7;9;10;19;48;25;5;13;4
414.0;8;7;9;19;48;25;6;14;4
420.0;7;6;8;20;48;26;6;14;5
426.0;7;6;9;18;48;24;7;17;4
432.0;7;9;9;18;47;23;7;16;4
438.0;6;9;9;18;47;23;7;16;5
444.0;7;10;9;18;47;20;8;16;5
450.0;7;11;8;19;47;22;7;15;4
456.0;6;12;8;20;47;21;8;13;5
462.0;7;12;7;21;47;21;7;13;5
468.0;7;15;7;19;48;21;6;12;5
474.0;6;16;8;18;48;20;5;12;7
480.0;6;15;8;18;48;19;7;12;7
486.0;6;14;7;19;50;18;7;12;7
492.0;8;17;7;19;49;15;7;11;7
498.0;8;15;7;17;50;15;6;14;8
504.0;8;14;7;18;49;14;8;14;8
510.0;7;14;9;18;49;15;7;13;8
516.0;7;15;9;18;49;15;7;14;6
522.0;7;15;9;17;50;14;6;15;7
528.0;5;15;11;15;52;13;8;14;7
534.0;5;14;13;15;52;12;8;14;7
540.0;5;14;13;13;52;13;7;15;8
546.0;5;14;13;13;52;14;7;15;7
552.0;5;15;13;13;51;13;7;15;8
558.0;4;13;13;13;52;13;8;15;9
564.0;6;12;12;12;53;12;9;15;9
570.0;6;11;12;12;52;13;10;16;8
576.0;9;11;11;13;51;13;9;16;7
582.0;9;11;11;13;51;14;10;15;6
588.0;8;12;11;15;52;12;10;14;6
594.0;10;13;10;14;54;11;9;14;5
600.0;11;13;11;12;55;11;9;14;4
606.0;12;12;10;12;55;11;10;15;3
612.0;13;12;9;11;57;13;10;13;2
618.0;12;11;9;11;58;13;10;14;2
624.0;12;11;10;11;59;13;10;13;1
630.0;11;9;10;12;58;16;9;14;1
636.0;13;9;12;12;56;16;7;14;1
642.0;13;9;12;12;56;16;7;14;1
648.0;12;9;11;12;57;16;8;14;1
654.0;12;9;11;13;59;15;7;14;0
660.0;11;10;11;14;59;14;7;14;0
666.0;11;7;13;13;59;15;6;16;0
672.0;9;7;12;14;60;14;5;17;2
678.0;10;7;12;14;60;13;5;17;2
684.0;9;6;12;17;58;14;5;17;2
690.0;6;6;12;17;60;12;4;18;5
696.0;7;5;12;19;61;11;4;17;4
702.0;8;6;9;21;62;10;5;15;4
708.0;8;7;10;19;64;10;6;12;4
714.0;5;5;10;19;63;11;8;12;7
720.0;4;6;9;15;65;12;10;13;6
726.0;4;5;9;16;65;12;8;14;7
732.0;5;5;8;16;65;13;8;14;6
738.0;7;5;7;15;65;13;8;14;6
744.0;9;6;7;15;64;12;7;12;8
750.0;8;8;7;12;63;11;10;11;10
756.0;7;8;6;12;63;11;13;11;9
762.0;7;9;6;13;63;11;12;9;10
768.0;8;9;6;13;62;11;13;8;10
774.0;7;9;6;13;61;12;13;8;11
780.0;5;8;6;13;61;13;14;9;11
786.0;5;9;6;13;61;14;12;9;11
792.0;5;9;7;13;61;14;12;8;11
798.0;3;10;6;13;61;14;13;8;12
804.0;3;10;6;13;61;14;12;9;12
810.0;3;10;7;12;62;13;10;11;12
816.0;5;10;8;12;61;14;8;11;11
822.0;5;9;7;13;64;12;7;12;11
828.0;5;10;7;15;63;11;6;12;11
834.0;6;10;7;12;64;9;6;15;11
840.0;4;8;7;13;66;9;6;17;10
846.0;4;8;9;13;65;8;7;18;8
852.0;4;8;9;13;64;9;6;19;8
858.0;4;8;9;14;64;9;6;19;7
864.0;4;9;11;14;63;10;6;18;5
870.0;4;10;10;15;64;10;5;17;5
876.0;6;9;9;15;64;11;5;15;6
882.0;6;8;10;15;64;10;4;17;6
888.0;5;8;10;18;64;8;5;17;5
894.0;4;9;9;18;64;8;6;17;5
900.0;4;9;10;17;64;8;6;17;5
906.0;4;9;10;17;63;7;6;18;6
912.0;4;7;9;19;63;8;6;18;6
918.0;4;7;9;19;63;8;6;18;6
924.0;3;6;12;19;64;7;5;17;7
930.0;3;6;10;18;63;8;5;18;9
936.0;3;6;11;18;62;7;4;19;10
942.0;3;6;11;17;62;7;4;20;10
948.0;4;6;11;17;63;7;4;19;9
954.0;5;6;9;16;63;8;4;19;10
960.0;4;6;10;16;64;9;5;17;9
966.0;4;6;10;14;65;9;5;18;9
972.0;5;7;9;14;65;10;5;17;8
978.0;5;10;10;13;63;10;4;16;9
984.0;5;11;12;12;63;10;5;17;5
990.0;3;11;13;11;65;10;5;17;5
996.0;4;11;13;12;63;10;5;17;5
1002.0;4;9;13;12;63;11;5;17;6
1008.0;5;9;13;11;64;12;3;16;7
1014.0;4;9;11;11;63;12;4;18;8
1020.0;4;8;11;10;62;12;6;18;9
1026.0;4;9;10;10;63;13;4;17;10
1032.0;3;8;10;9;63;14;6;17;10
1038.0;3;8;9;9;64;15;5;17;10
1044.0;3;7;10;11;62;15;5;17;10
1050.0;4;7;9;11;62;17;3;18;9
1056.0;4;7;7;11;62;19;3;20;7
1062.0;3;7;8;10;64;19;5;18;6
1068.0;2;7;8;11;64;17;5;20;6
1074.0;2;9;8;11;61;16;5;21;7
1080.0;2;10;8;9;64;16;4;20;7
1086.0;3;11;7;7;65;16;4;20;7
1092.0;3;11;7;7;64;15;6;20;7
1098.0;5;12;8;7;63;13;6;19;7
1104.0;5;13;8;6;61;15;5;21;6
1110.0;6;11;9;6;62;15;8;18;5
1116.0;5;13;9;7;59;15;8;19;5
1122.0;7;14;9;7;59;15;8;17;4
1128.0;8;14;8;6;60;15;9;17;3
1134.0;7;14;6;8;62;14;9;16;4
1140.0;7;13;6;8;61;15;10;16;4
1146.0;10;12;6;10;60;14;9;16;3
1152.0;8;12;7;10;62;13;9;17;2
1158.0;7;12;7;10;62;14;9;17;2
1164.0;8;11;8;11;62;15;7;17;1
1170.0;7;13;9;11;62;14;8;16;0
1176.0;7;14;8;10;62;14;8;16;1
1182.0;7;14;9;10;62;14;8;15;1
1188.0;7;16;10;9;61;15;6;15;1
1194.0;9;14;9;9;62;16;6;13;2
1200.0;8;13;8;10;63;16;5;13;4
1206.0;7;15;7;11;63;16;4;12;5
1212.0;6;16;6;11;64;15;4;12;6
1218.0;6;16;6;10;64;15;6;12;5
1224.0;6;16;5;10;67;12;7;12;5
1230.0;8;18;5;9;69;11;5;11;4
1236.0;9;17;5;9;69;10;6;11;4
1242.0;8;16;4;9;69;11;8;11;4
1248.0;8;15;5;9;69;12;7;10;5
1254.0;10;15;5;9;68;11;8;10;4
1260.0;10;16;4;9;67;12;8;10;4
1266.0;10;16;5;10;66;12;8;10;3
1272.0;11;17;4;10;66;12;6;12;2
1278.0;7;17;5;11;67;14;6;11;2
1284.0;8;18;4;11;67;14;5;11;2
1290.0;8;18;5;11;66;13;6;11;2
1296.0;8;16;6;12;64;14;5;12;3
1302.0;9;17;6;12;63;14;5;11;3
1308.0;9;15;5;11;64;15;7;12;2
1314.0;10;13;5;11;65;14;6;13;3
1320.0;9;13;4;11;66;14;6;13;4
1326.0;10;15;3;11;65;14;7;12;3
1332.0;10;14;4;11;65;13;8;12;3
1338.0;10;13;5;11;66;13;8;11;3
1344.0;8;15;7;10;65;13;9;10;3
1350.0;8;16;8;9;65;11;8;12;3
1356.0;7;18;6;9;64;13;8;12;3
1362.0;7;17;6;11;64;13;7;11;4
1368.0;8;16;6;11;65;13;5;13;3
1374.0;8;16;7;12;65;11;4;13;4
1380.0;6;16;9;13;63;10;5;13;5
1386.0;4;17;11;12;64;10;5;12;5
1392.0;3;16;10;13;65;10;5;11;7
1398.0;3;17;11;12;65;9;5;10;8
1404.0;5;16;10;12;65;9;5;10;8
1410.0;6;15;8;12;63;9;6;10;11
1416.0;6;15;7;12;64;10;8;9;9
1422.0;5;14;8;12;64;10;9;9;9
1428.0;4;14;8;11;63;12;9;10;9
1434.0;6;14;7;11;65;9;8;10;10
1440.0;4;14;7;10;66;8;9;11;11
1446.0;4;13;7;13;66;8;6;11;12
1452.0;5;13;7;11;66;11;6;11;10
1458.0;6;13;7;9;66;11;7;12;9
1464.0;8;13;5;9;66;10;8;14;7
1470.0;8;14;3;10;66;9;9;15;6
1476.0;8;13;3;11;65;9;8;17;6
1482.0;10;14;2;11;66;9;6;16;6
1488.0;10;15;2;12;67;8;5;18;3
1494.0;10;14;3;13;68;8;5;17;2
1500.0;8;13;3;14;68;9;5;17;3
1506.0;9;12;2;16;66;9;6;17;3
1512.0;9;14;2;15;64;9;6;17;4
1518.0;7;15;3;14;65;8;8;17;3
1524.0;9;14;5;14;64;7;8;16;3
1530.0;10;14;4;14;64;9;6;17;2
1536.0;8;15;3;14;62;11;7;18;2
1542.0;6;13;5;13;62;13;8;18;2
1548.0;6;13;5;13;62;11;10;18;2
1554.0;5;13;4;13;65;10;11;16;3
1560.0;10;10;3;13;63;10;11;17;3
1566.0;9;7;6;15;62;11;12;15;3
1572.0;9;8;7;15;60;10;12;16;3
1578.0;9;10;7;14;59;11;11;15;4
1584.0;10;8;4;16;59;13;12;15;3
1590.0;11;8;2;21;61;13;10;10;4
1596.0;11;11;3;21;62;13;7;8;4
1602.0;11;11;3;20;62;15;7;7;4
1608.0;9;11;5;21;61;14;7;7;5
1614.0;8;11;5;20;61;14;8;9;4
1620.0;8;11;5;20;60;13;10;10;3
1626.0;8;11;4;20;60;13;10;10;4
1632.0;10;11;5;20;61;13;7;9;4
1638.0;10;12;5;20;60;12;6;10;5
1644.0;9;14;4;20;60;10;7;11;5
1650.0;6;15;4;20;59;12;5;13;6
1656.0;6;14;4;20;60;11;5;14;6
1662.0;5;15;4;19;60;14;6;13;4
1668.0;4;13;4;19;61;13;7;14;5
1674.0;4;14;5;17;61;13;7;13;6
1680.0;4;14;6;15;60;15;8;13;5
1686.0;6;14;6;14;60;16;8;11;5
1692.0;8;17;5;15;61;12;6;11;5
1698.0;8;17;4;15;62;13;7;10;4
1704.0;8;17;6;16;63;13;4;8;5
1710.0;8;17;7;16;63;13;4;7;5
1716.0;8;16;7;16;65;12;5;7;4
1722.0;9;16;7;16;66;12;4;6;4
1728.0;9;16;8;14;66;13;4;7;3
1734.0;8;16;8;14;65;13;6;6;4
1740.0;8;18;7;14;64;14;5;6;4
1746.0;8;16;7;14;64;14;5;6;6
1752.0;7;17;6;15;63;15;5;6;6
1758.0;5;18;5;16;65;14;5;6;6
1764.0;5;17;6;16;66;14;6;6;4
1770.0;5;18;6;15;65;14;7;6;4
1776.0;5;17;5;17;65;14;6;7;4
1782.0;4;17;6;15;65;14;8;8;3
1788.0;4;15;5;16;64;16;7;9;4
1794.0;4;14;4;16;62;16;9;9;6
