#auto generated file!
12.0;32;35;24;34;24;31;26;26;28
18.0;29;40;21;34;25;32;25;29;25
24.0;25;45;20;35;26;29;24;33;23
30.0;25;43;21;36;27;34;23;33;18
36.0;25;41;22;33;30;34;22;33;20
42.0;23;40;22;35;31;30;24;32;23
48.0;23;40;18;35;32;29;24;36;23
54.0;26;36;18;33;33;32;26;34;22
60.0;25;35;17;32;36;34;25;32;24
66.0;24;37;18;31;38;35;24;32;21
72.0;24;34;19;35;41;34;23;31;19
78.0;25;33;20;35;40;35;23;30;19
84.0;25;39;21;34;40;35;20;29;17
90.0;24;39;21;33;42;34;22;29;16
96.0;24;38;22;32;43;34;20;30;17
102.0;24;38;22;32;46;35;16;31;16
108.0;21;38;19;32;50;35;17;31;17
114.0;20;38;22;29;52;37;17;29;16
120.0;17;43;20;30;53;37;15;31;14
126.0;17;43;20;32;54;36;14;31;13
132.0;15;43;16;36;57;34;13;32;14
138.0;16;42;14;36;58;34;12;34;14
144.0;17;44;11;34;59;36;11;35;13
150.0;18;43;13;35;62;35;11;32;11
156.0;17;43;12;33;66;37;11;31;10
162.0;17;43;12;32;68;34;12;32;10
168.0;18;44;13;29;68;33;13;32;10
174.0;16;42;13;31;69;35;14;30;10
180.0;16;46;13;30;69;32;12;29;13
186.0;17;45;13;28;72;31;12;29;13
192.0;19;40;14;29;76;30;11;29;12
198.0;21;40;14;29;77;30;11;28;10
204.0;21;41;12;25;77;27;14;31;12
210.0;23;39;12;26;76;25;14;32;13
216.0;22;38;13;26;76;26;14;33;12
222.0;25;37;14;26;76;28;13;31;10
228.0;21;36;16;28;79;30;10;29;11
234.0;21;35;14;31;78;31;10;29;11
240.0;17;33;15;31;82;30;11;28;13
246.0;15;31;17;31;83;31;12;26;14
252.0;16;34;15;31;83;29;13;26;13
258.0;17;35;13;31;83;29;13;26;13
264.0;17;33;15;29;85;28;12;26;15
270.0;17;33;18;28;85;27;11;26;15
276.0;14;32;18;30;85;27;10;29;15
282.0;15;31;17;31;85;25;11;30;15
288.0;14;30;15;30;86;25;12;32;16
294.0;16;31;14;30;88;26;12;29;14
300.0;15;33;13;29;88;26;13;29;14
306.0;15;32;16;29;88;25;12;30;13
312.0;12;35;16;29;87;26;11;33;11
318.0;11;33;17;31;87;25;13;31;12
324.0;10;32;20;32;88;27;11;29;11
330.0;9;33;18;32;90;27;11;27;13
336.0;9;34;18;34;88;27;12;27;11
342.0;10;34;21;32;89;29;12;24;9
348.0;11;31;22;30;95;27;10;25;9
354.0;12;30;20;31;97;27;11;24;8
360.0;12;32;19;30;97;28;11;24;7
366.0;15;31;16;28;96;29;12;24;9
372.0;14;31;15;28;96;29;11;27;9
378.0;16;31;13;25;96;30;10;29;10
384.0;17;30;11;24;98;31;12;28;9
390.0;18;28;11;23;97;33;13;27;10
396.0;17;31;9;21;101;32;14;25;10
402.0;16;32;10;22;101;32;16;21;10
408.0;17;30;14;22;102;31;14;20;10
414.0;17;29;15;22;103;30;13;21;10
420.0;17;28;13;24;107;25;14;22;10
426.0;15;29;12;24;106;24;16;24;10
432.0;15;27;13;25;106;25;16;22;11
438.0;13;26;13;28;108;26;15;22;9
444.0;16;25;12;29;107;25;16;21;9
450.0;15;23;12;27;110;24;16;23;10
456.0;14;24;10;25;110;25;19;22;11
462.0;15;23;8;27;110;29;19;19;10
468.0;14;22;10;29;108;30;18;18;11
474.0;14;22;9;28;108;31;18;20;10
480.0;12;21;9;28;110;29;16;22;13
486.0;15;22;9;26;109;27;16;21;15
492.0;15;22;10;25;110;26;16;22;14
498.0;16;21;10;26;110;26;16;22;13
504.0;18;19;10;24;110;27;16;23;13
510.0;19;19;10;24;111;27;14;24;12
516.0;17;20;13;23;109;26;15;27;10
522.0;19;19;15;24;109;23;15;26;10
528.0;19;19;12;24;110;27;13;28;8
534.0;17;18;11;24;111;29;14;29;7
540.0;14;21;12;23;112;27;12;29;10
546.0;15;20;11;21;112;29;10;30;12
552.0;14;21;11;21;112;29;10;31;11
558.0;16;21;11;23;110;28;13;26;12
564.0;17;24;10;22;110;29;11;26;11
570.0;19;24;10;23;109;29;7;27;12
576.0;16;27;11;21;108;29;6;27;15
582.0;14;25;11;21;110;29;9;26;15
588.0;13;26;11;21;110;27;11;24;17
594.0;15;26;14;21;109;23;11;25;16
600.0;16;26;15;20;109;22;12;25;15
606.0;16;25;19;20;110;21;12;24;13
612.0;17;24;20;21;108;21;15;23;11
618.0;17;24;21;21;108;21;15;22;11
624.0;16;23;20;22;108;21;13;25;12
630.0;14;24;18;24;108;21;10;26;15
636.0;17;24;17;21;109;19;12;26;15
642.0;19;22;18;21;110;18;12;28;12
648.0;19;22;17;23;112;16;12;27;12
654.0;16;22;19;21;114;16;14;25;13
660.0;14;24;19;20;117;13;15;24;14
666.0;14;24;15;23;117;14;16;24;13
672.0;15;21;15;22;121;13;16;24;13
678.0;14;20;15;23;122;14;14;25;13
684.0;11;20;14;26;124;14;12;25;14
690.0;12;21;16;25;122;14;10;24;16
696.0;13;23;17;23;122;14;11;22;15
702.0;13;22;16;21;123;15;12;23;15
708.0;15;20;15;20;126;17;10;23;14
714.0;17;19;14;20;127;18;10;22;13
720.0;17;19;14;20;128;18;10;20;14
726.0;15;20;15;20;129;20;9;19;13
732.0;14;21;17;21;126;20;8;18;15
738.0;14;22;15;22;126;22;9;17;13
744.0;14;21;16;22;127;21;10;16;13
750.0;13;19;17;22;127;21;12;16;13
756.0;12;22;15;26;123;20;12;16;14
762.0;9;23;17;27;122;20;11;15;16
768.0;14;23;14;26;122;19;13;16;13
774.0;15;23;11;26;125;18;12;18;12
780.0;15;21;11;25;127;20;13;16;12
786.0;15;23;11;26;126;18;14;14;13
792.0;16;23;9;27;126;18;15;13;13
798.0;15;25;13;26;125;16;16;12;12
804.0;15;24;14;23;123;18;16;14;13
810.0;14;24;17;23;123;18;15;15;11
816.0;14;25;16;25;123;17;14;16;10
822.0;14;24;15;23;125;17;14;17;11
828.0;13;23;15;21;123;17;16;19;13
834.0;14;22;12;22;123;19;16;20;12
840.0;14;22;9;25;125;21;14;19;11
846.0;12;23;10;26;126;20;11;19;13
852.0;16;22;9;23;126;19;12;17;16
858.0;13;22;9;23;127;19;12;19;16
864.0;13;21;10;24;127;19;12;19;15
870.0;13;19;8;25;127;23;11;18;16
876.0;12;20;9;25;126;22;10;19;17
882.0;15;19;8;25;127;25;10;17;14
888.0;14;18;10;23;126;26;11;18;14
894.0;16;21;9;23;126;25;10;16;14
900.0;14;21;8;23;129;24;10;18;13
906.0;14;21;10;19;130;24;10;19;13
912.0;16;20;13;20;128;24;7;20;12
918.0;16;21;12;19;127;24;7;20;14
924.0;17;20;13;18;127;25;9;20;11
930.0;16;19;11;19;129;26;7;21;12
936.0;19;18;10;20;126;26;8;20;13
942.0;19;18;9;21;126;25;7;20;15
948.0;16;18;11;19;130;23;8;21;14
954.0;18;17;13;17;129;21;11;21;13
960.0;16;16;13;17;129;24;11;21;13
966.0;16;19;12;17;128;24;11;20;13
972.0;16;19;14;18;129;24;9;22;9
978.0;14;19;13;20;131;25;7;21;10
984.0;15;16;11;19;130;27;9;24;9
990.0;17;18;12;18;131;26;9;22;7
996.0;16;19;12;19;128;27;11;23;5
1002.0;14;21;14;20;127;26;11;22;5
1008.0;13;22;13;19;127;28;12;21;5
1014.0;11;24;11;19;127;28;12;21;7
1020.0;14;23;12;18;124;25;12;23;9
1026.0;14;24;13;15;124;27;11;23;9
1032.0;14;24;12;16;124;26;12;23;9
1038.0;12;23;13;15;126;28;13;22;8
1044.0;12;22;9;17;126;28;14;24;8
1050.0;12;23;7;16;130;27;13;25;7
1056.0;12;25;8;18;128;26;13;24;6
1062.0;11;26;6;20;129;26;10;24;8
1068.0;12;24;8;20;129;24;10;22;11
1074.0;11;22;9;20;128;25;11;23;11
1080.0;10;23;9;20;128;24;13;22;11
1086.0;8;25;8;20;125;27;12;24;11
1092.0;8;22;7;23;124;27;14;23;12
1098.0;9;23;7;24;122;26;15;23;11
1104.0;9;23;7;26;123;27;14;23;8
1110.0;10;25;8;26;123;26;13;22;7
1116.0;10;24;9;23;126;25;11;24;8
1122.0;11;23;9;23;128;24;10;24;8
1128.0;11;23;9;23;128;22;12;23;9
1134.0;10;22;9;22;128;21;14;23;11
1140.0;10;22;8;24;126;20;14;23;13
1146.0;9;21;10;22;125;25;13;24;11
1152.0;9;21;7;23;126;25;14;23;12
1158.0;7;23;7;21;125;26;14;25;12
1164.0;6;22;8;24;125;25;13;22;15
1170.0;7;21;9;26;123;25;12;24;13
1176.0;7;21;10;27;119;27;11;26;12
1182.0;6;19;11;29;118;27;13;26;11
1188.0;6;19;11;28;119;26;13;28;10
1194.0;5;19;13;27;117;28;12;30;9
1200.0;3;20;12;27;118;30;12;28;10
1206.0;3;20;10;27;119;30;13;27;11
1212.0;4;20;11;26;117;31;14;26;11
1218.0;4;20;10;25;118;30;15;25;13
1224.0;7;19;11;24;119;28;13;24;15
1230.0;8;18;9;22;123;28;12;25;15
1236.0;7;18;10;22;123;27;12;27;14
1242.0;8;15;8;23;123;27;13;29;14
1248.0;8;15;9;24;124;25;14;28;13
1254.0;10;14;9;25;123;23;14;28;14
1260.0;9;15;8;26;123;21;16;29;13
1266.0;8;17;6;25;125;21;15;30;13
1272.0;8;19;7;24;124;22;14;30;12
1278.0;7;18;7;24;123;22;16;31;12
1284.0;7;18;8;23;126;21;15;31;11
1290.0;7;19;8;24;126;22;14;30;10
1296.0;3;19;9;23;126;22;15;33;10
1302.0;4;20;10;23;125;21;14;34;9
1308.0;6;21;10;22;124;20;17;32;8
1314.0;10;20;9;24;124;18;14;31;10
1320.0;10;20;9;23;122;20;15;31;10
1326.0;8;23;10;23;122;20;13;32;9
1332.0;8;25;10;23;121;20;12;31;10
1338.0;11;26;10;22;121;18;9;33;10
1344.0;10;26;8;23;121;20;11;31;10
1350.0;11;23;8;22;120;21;9;35;11
1356.0;12;22;7;21;122;22;9;34;11
1362.0;8;22;10;20;120;23;10;35;12
1368.0;8;23;10;20;120;25;8;32;14
1374.0;8;23;10;20;120;25;8;31;15
1380.0;7;22;12;22;120;21;9;32;15
1386.0;9;22;12;19;119;20;10;33;16
1392.0;8;22;14;16;122;20;11;33;14
1398.0;9;22;15;17;120;21;11;31;14
1404.0;10;22;13;18;120;22;12;29;14
1410.0;9;25;14;16;120;23;14;28;11
1416.0;8;24;15;16;120;24;14;26;13
1422.0;9;23;14;15;120;24;13;27;15
1428.0;9;25;15;14;118;24;11;29;15
1434.0;6;24;18;15;118;25;10;29;15
1440.0;7;25;17;15;119;24;9;28;16
1446.0;8;24;17;18;119;22;9;28;15
1452.0;7;23;17;18;119;24;9;30;13
1458.0;8;23;16;19;119;23;11;29;12
1464.0;8;25;18;20;118;20;11;27;13
1470.0;7;27;19;21;119;19;11;25;12
1476.0;8;29;19;22;117;16;11;25;13
1482.0;9;28;16;26;116;16;11;27;11
1488.0;7;30;15;27;116;16;12;27;10
1494.0;7;28;13;26;121;13;12;29;11
1500.0;6;27;16;26;118;13;13;29;12
1506.0;5;28;12;30;117;14;15;29;10
1512.0;5;25;15;31;117;14;17;26;10
1518.0;6;23;11;33;118;17;15;26;11
1524.0;8;23;11;28;120;17;17;24;12
1530.0;9;24;11;26;119;21;13;23;14
1536.0;12;22;11;24;120;21;13;24;13
1542.0;12;24;10;25;121;20;12;22;14
1548.0;13;25;11;26;124;20;12;22;7
1554.0;12;26;11;26;122;19;15;22;7
1560.0;13;23;9;23;124;21;14;24;9
1566.0;11;25;12;21;125;21;12;25;8
1572.0;13;24;11;19;126;21;13;28;5
1578.0;11;26;9;22;124;21;14;26;7
1584.0;12;25;11;23;123;20;14;27;5
1590.0;14;24;9;23;123;22;10;28;7
1596.0;16;25;7;22;123;21;10;28;8
1602.0;15;25;8;20;124;22;10;28;8
1608.0;14;26;6;20;124;22;12;27;9
1614.0;16;26;5;21;125;22;11;25;9
1620.0;14;29;5;18;126;21;10;27;10
1626.0;14;26;6;19;127;21;7;28;12
1632.0;14;26;5;18;127;20;7;28;15
1638.0;15;25;6;20;125;22;6;30;11
1644.0;13;25;6;21;124;21;5;31;14
1650.0;14;28;7;20;123;21;5;27;15
1656.0;13;30;6;23;121;20;7;25;15
1662.0;14;30;6;23;122;19;8;25;13
1668.0;14;31;7;22;125;20;8;20;13
1674.0;13;29;7;24;123;20;9;22;13
1680.0;11;31;7;22;122;20;10;20;17
1686.0;11;30;7;22;122;21;9;23;15
1692.0;9;31;8;23;123;22;9;20;15
1698.0;9;31;8;26;121;23;9;19;14
1704.0;8;32;8;26;118;23;9;21;15
1710.0;8;34;9;26;117;22;9;21;14
1716.0;7;32;9;26;117;22;10;22;15
1722.0;6;32;9;25;118;22;11;22;15
1728.0;7;29;6;23;119;24;13;23;16
1734.0;5;32;7;24;121;18;15;24;14
1740.0;8;31;8;25;118;19;14;22;15
1746.0;8;28;9;23;120;19;17;21;15
1752.0;8;27;9;23;121;19;17;21;15
1758.0;8;25;7;20;121;23;15;21;20
1764.0;5;28;8;21;119;23;16;21;19
1770.0;6;28;7;21;117;25;17;20;19
1776.0;5;29;6;19;119;26;19;21;16
1782.0;7;30;6;20;118;26;18;20;15
1788.0;7;32;6;21;119;27;13;23;12
1794.0;6;30;7;23;119;26;15;22;12
