#auto generated file!
12.0;51;53;46;41;37;53;32;47;40
18.0;48;54;42;45;38;56;35;49;33
24.0;47;50;42;46;41;60;37;47;30
30.0;40;52;42;49;43;61;40;46;27
36.0;36;56;41;50;45;61;37;46;28
42.0;33;60;38;46;49;61;40;45;28
48.0;34;65;37;47;50;57;41;43;26
54.0;33;63;39;48;51;57;41;46;22
60.0;32;62;39;51;53;53;38;44;28
66.0;31;62;36;53;53;54;40;45;26
72.0;32;60;34;56;54;53;37;46;28
78.0;34;61;32;54;57;52;35;47;28
84.0;31;59;33;56;60;50;33;51;27
90.0;33;60;32;55;63;52;30;48;27
96.0;34;61;34;54;60;51;32;46;28
102.0;35;58;34;50;62;53;32;46;30
108.0;35;57;35;50;67;52;29;45;30
114.0;29;61;35;49;67;54;27;48;30
120.0;24;59;35;51;69;54;30;45;33
126.0;25;60;38;48;71;54;30;44;30
132.0;21;61;36;48;72;55;30;46;31
138.0;24;61;35;47;75;51;33;44;30
144.0;24;59;38;49;78;49;30;43;30
150.0;25;59;36;50;80;48;31;44;27
156.0;23;57;37;52;80;53;33;42;23
162.0;16;59;37;51;82;57;32;43;23
168.0;17;53;37;52;85;56;32;44;24
174.0;16;58;36;52;89;55;33;41;20
180.0;17;56;37;50;88;59;31;42;20
186.0;19;56;33;50;90;60;29;43;20
192.0;20;53;31;54;95;61;22;46;18
198.0;23;54;31;56;97;59;17;44;19
204.0;23;51;31;56;98;60;18;44;19
210.0;20;49;31;58;100;59;21;41;21
216.0;21;51;30;58;101;59;20;43;17
222.0;21;51;26;59;103;57;20;43;20
228.0;20;51;29;60;100;56;21;43;20
234.0;18;53;27;60;104;61;17;41;19
240.0;18;52;29;58;104;60;19;39;21
246.0;17;52;31;55;108;57;19;40;21
252.0;17;54;31;54;109;57;19;38;21
258.0;17;54;33;56;111;54;18;37;20
264.0;17;53;31;57;113;55;19;34;21
270.0;14;51;30;59;114;56;18;36;22
276.0;15;49;29;59;114;56;18;37;23
282.0;15;52;28;55;114;56;20;37;23
288.0;15;55;30;53;114;57;19;36;21
294.0;15;52;29;53;112;59;20;37;23
300.0;18;47;26;52;114;60;21;37;25
306.0;19;45;26;51;114;59;24;35;27
312.0;17;42;30;50;115;59;26;33;28
318.0;16;42;25;49;119;57;22;36;34
324.0;16;42;23;50;126;54;26;35;28
330.0;18;42;21;51;125;57;23;35;28
336.0;18;47;19;51;126;56;21;35;27
342.0;23;43;22;46;125;56;20;38;27
348.0;22;45;21;45;126;58;19;39;25
354.0;25;46;22;47;129;56;17;37;21
360.0;26;44;23;48;130;56;16;37;20
366.0;24;45;20;49;131;56;15;40;20
372.0;24;45;18;50;131;54;16;39;23
378.0;27;45;20;47;134;52;17;37;21
384.0;24;45;19;51;134;52;16;36;23
390.0;24;46;18;54;135;50;14;35;24
396.0;22;47;18;53;135;47;18;37;23
402.0;20;47;18;56;137;45;18;37;22
408.0;21;47;16;54;140;43;18;39;22
414.0;22;48;17;50;143;42;16;39;23
420.0;21;50;18;49;143;43;16;37;23
426.0;24;48;15;48;145;43;17;38;22
432.0;23;47;15;49;148;44;15;38;21
438.0;24;43;16;51;146;45;14;39;22
444.0;24;41;16;53;147;43;14;40;22
450.0;23;40;16;54;146;42;15;39;25
456.0;26;42;12;56;146;40;14;40;24
462.0;21;42;10;58;148;38;16;41;26
468.0;18;40;12;57;149;40;14;39;31
474.0;18;37;12;59;147;39;15;41;32
480.0;21;36;13;55;144;41;17;40;33
486.0;19;36;17;55;144;41;16;40;32
492.0;22;35;18;54;145;38;19;39;30
498.0;23;31;21;56;144;39;20;40;26
504.0;21;33;22;57;143;38;22;40;24
510.0;21;31;23;55;142;38;25;39;26
516.0;22;31;23;55;140;37;25;41;26
522.0;25;35;15;54;141;37;27;44;22
528.0;24;34;13;56;143;39;27;44;20
534.0;23;34;13;54;144;40;25;48;19
540.0;24;32;14;55;145;39;25;49;17
546.0;26;32;15;55;144;37;25;49;17
552.0;23;33;16;51;148;36;26;49;18
558.0;22;37;14;52;150;35;25;49;16
564.0;20;35;15;53;151;35;25;49;17
570.0;19;37;16;52;151;35;23;46;21
576.0;21;34;19;48;151;33;24;50;20
582.0;21;30;20;47;152;35;22;49;24
588.0;22;33;21;47;151;35;21;49;21
594.0;18;34;18;48;152;38;22;49;21
600.0;20;35;22;46;150;34;24;46;23
606.0;19;35;19;44;151;35;24;47;26
612.0;19;36;20;44;153;35;23;44;26
618.0;20;37;18;41;153;35;23;48;25
624.0;21;36;19;41;155;33;19;49;27
630.0;21;38;16;42;156;30;20;50;27
636.0;21;41;18;43;154;31;17;49;26
642.0;20;44;16;43;153;31;19;47;27
648.0;21;40;20;43;153;32;22;42;27
654.0;19;40;22;43;152;31;24;43;26
660.0;19;38;22;44;151;32;23;43;28
666.0;17;37;19;44;157;33;24;39;30
672.0;17;37;18;41;156;36;26;40;29
678.0;16;38;23;41;152;33;25;41;31
684.0;17;36;23;40;152;33;22;45;32
690.0;18;36;24;42;153;34;21;45;27
696.0;18;38;23;43;153;34;19;46;26
702.0;18;38;23;43;155;31;21;46;25
708.0;22;36;22;44;154;33;20;44;25
714.0;23;42;21;43;153;34;18;42;24
720.0;21;42;17;44;152;34;21;44;25
726.0;16;45;17;43;151;35;21;47;25
732.0;16;45;17;43;152;36;22;47;22
738.0;18;44;17;41;156;36;20;46;22
744.0;18;44;20;39;154;35;23;44;23
750.0;18;45;21;39;153;31;26;43;24
756.0;19;41;21;41;154;36;24;40;24
762.0;22;41;21;37;155;36;24;39;25
768.0;22;41;20;37;157;37;22;38;26
774.0;19;43;22;35;156;39;24;36;26
780.0;21;43;19;34;161;42;24;35;21
786.0;17;43;20;33;163;44;26;35;19
792.0;14;42;20;36;164;43;24;35;22
798.0;15;44;20;35;163;44;22;35;22
804.0;14;40;22;35;163;44;24;37;21
810.0;16;39;22;35;165;45;24;37;17
816.0;16;41;24;37;163;42;18;42;17
822.0;14;41;19;37;164;44;20;41;20
828.0;15;41;20;38;165;44;18;38;21
834.0;15;44;18;36;166;44;20;37;20
840.0;15;47;13;37;165;44;22;39;18
846.0;20;47;12;36;166;44;21;36;18
852.0;18;45;12;37;168;40;22;40;18
858.0;16;46;11;38;170;42;24;38;15
864.0;15;45;12;39;171;42;22;39;15
870.0;17;43;12;34;168;44;22;43;17
876.0;17;42;10;34;172;46;22;43;14
882.0;15;45;10;36;171;45;23;42;13
888.0;15;46;11;36;168;46;22;42;14
894.0;14;46;12;35;170;44;23;39;17
900.0;16;46;14;34;170;43;22;38;17
906.0;18;43;14;33;171;42;20;41;18
912.0;18;43;15;33;173;40;20;41;17
918.0;18;42;16;34;176;38;21;39;16
924.0;20;42;16;33;176;39;19;37;18
930.0;18;45;17;31;178;39;18;37;17
936.0;15;43;18;32;179;40;18;36;19
942.0;16;43;18;32;177;41;20;36;17
948.0;20;44;16;34;176;39;19;35;17
954.0;23;46;15;35;175;38;18;36;14
960.0;21;45;19;34;175;37;18;35;16
966.0;20;46;14;36;178;38;19;34;15
972.0;20;44;13;35;180;41;19;34;14
978.0;23;42;11;32;181;40;23;33;15
984.0;22;43;12;33;181;40;23;33;13
990.0;20;44;11;36;180;42;20;34;13
996.0;18;45;11;36;182;41;21;34;12
1002.0;19;47;12;35;180;42;17;33;15
1008.0;17;46;13;36;181;39;19;35;14
1014.0;16;46;12;34;182;41;17;37;15
1020.0;16;50;14;30;181;40;17;39;13
1026.0;16;47;14;32;181;42;15;38;15
1032.0;15;44;13;33;184;45;15;36;15
1038.0;15;45;14;32;184;44;17;35;14
1044.0;14;45;14;33;188;45;13;33;15
1050.0;15;47;15;34;186;43;13;34;13
1056.0;18;44;15;36;182;47;15;32;11
1062.0;18;42;14;36;182;46;14;33;15
1068.0;16;39;16;37;181;50;14;32;15
1074.0;16;39;13;40;181;44;16;33;18
1080.0;14;40;13;42;181;46;17;32;15
1086.0;11;38;13;44;182;49;16;33;14
1092.0;10;35;14;43;181;52;16;35;14
1098.0;13;35;16;40;181;53;14;36;12
1104.0;13;37;15;42;182;50;13;36;12
1110.0;14;36;12;44;184;50;13;36;11
1116.0;16;35;14;49;181;44;13;37;11
1122.0;16;35;13;45;180;46;14;38;13
1128.0;16;36;13;41;181;48;15;36;14
1134.0;17;38;11;42;180;48;15;36;13
1140.0;17;39;11;41;181;48;15;35;13
1146.0;18;38;12;41;183;49;12;35;12
1152.0;16;38;15;40;183;49;11;35;13
1158.0;14;35;16;42;183;50;10;35;15
1164.0;15;35;14;43;183;50;11;34;15
1170.0;14;35;14;44;183;52;11;34;13
1176.0;14;37;11;43;185;51;9;35;15
1182.0;13;36;13;41;182;52;13;35;15
1188.0;13;36;14;41;181;53;13;34;15
1194.0;14;37;13;40;184;52;11;35;14
1200.0;16;34;14;39;184;51;12;34;16
1206.0;18;32;13;38;186;50;13;35;15
1212.0;18;33;12;40;184;49;14;35;15
1218.0;18;31;13;38;184;53;15;35;13
1224.0;21;33;11;36;182;52;16;36;13
1230.0;20;33;12;36;185;50;16;37;11
1236.0;15;34;11;36;187;49;15;42;11
1242.0;14;35;14;34;189;48;14;40;12
1248.0;11;33;15;34;190;48;17;38;14
1254.0;11;33;16;33;191;45;20;40;11
1260.0;10;35;16;34;195;40;19;38;13
1266.0;11;33;20;32;194;41;19;37;13
1272.0;13;32;21;31;193;41;16;38;15
1278.0;10;33;21;31;195;41;13;43;13
1284.0;12;32;19;30;194;40;14;45;14
1290.0;13;30;20;29;193;36;18;46;15
1296.0;14;30;19;31;191;38;19;43;15
1302.0;17;29;17;32;193;40;19;38;15
1308.0;14;29;19;34;190;41;19;38;16
1314.0;14;30;19;37;189;38;19;37;17
1320.0;16;28;18;39;186;41;19;35;18
1326.0;13;27;16;41;188;42;20;35;18
1332.0;13;28;15;38;188;42;22;38;16
1338.0;12;30;14;39;187;41;23;37;17
1344.0;12;31;13;39;186;44;20;36;19
1350.0;13;33;14;41;183;42;18;38;18
1356.0;12;32;13;40;184;43;18;37;21
1362.0;13;35;12;41;182;40;18;37;22
1368.0;13;34;12;41;182;40;21;35;22
1374.0;13;34;14;42;181;38;20;38;20
1380.0;13;35;14;41;184;36;19;37;21
1386.0;14;33;15;40;184;36;24;36;18
1392.0;17;35;14;40;184;38;18;35;19
1398.0;15;35;14;44;187;38;17;34;16
1404.0;15;37;14;44;185;39;16;34;16
1410.0;10;41;14;45;187;37;16;33;17
1416.0;12;39;14;44;188;33;18;35;17
1422.0;14;38;17;45;185;33;17;34;17
1428.0;16;38;16;46;189;30;18;32;15
1434.0;20;39;14;47;188;30;15;31;16
1440.0;21;37;16;48;186;31;15;28;18
1446.0;20;37;17;49;188;31;14;26;18
1452.0;17;39;20;46;189;31;13;26;19
1458.0;16;37;20;43;190;35;15;26;18
1464.0;13;39;21;40;192;36;14;27;18
1470.0;13;35;20;37;192;38;17;28;20
1476.0;13;35;20;36;192;40;15;30;19
1482.0;14;33;20;36;197;39;14;27;20
1488.0;16;32;20;34;196;41;14;28;19
1494.0;16;30;23;32;195;39;20;27;18
1500.0;18;28;23;32;193;39;20;30;17
1506.0;17;27;20;33;198;37;24;30;14
1512.0;18;30;17;32;197;35;23;32;16
1518.0;18;30;19;37;194;35;19;33;15
1524.0;17;29;17;36;195;37;19;34;16
1530.0;21;31;17;34;193;36;18;33;17
1536.0;21;30;21;34;193;35;16;36;14
1542.0;23;29;20;34;191;34;17;33;19
1548.0;23;30;20;32;191;35;17;34;18
1554.0;18;29;19;33;194;36;16;35;20
1560.0;16;30;16;36;195;36;15;37;19
1566.0;15;31;16;37;197;35;17;33;19
1572.0;15;31;13;38;196;39;20;30;18
1578.0;16;30;12;39;192;39;23;31;18
1584.0;15;30;13;40;190;39;21;33;19
1590.0;17;28;13;40;187;42;21;35;17
1596.0;15;32;13;40;187;40;21;37;15
1602.0;15;34;13;39;187;41;21;38;12
1608.0;19;34;9;39;186;42;22;37;12
1614.0;16;30;10;40;186;43;22;39;14
1620.0;15;29;10;39;185;45;21;39;17
1626.0;15;27;10;41;184;44;21;38;20
1632.0;20;27;10;39;182;43;23;39;17
1638.0;21;25;13;35;180;43;24;40;19
1644.0;20;27;8;39;181;42;24;41;18
1650.0;21;28;6;37;180;45;24;40;19
1656.0;21;28;5;35;179;45;30;37;20
1662.0;20;27;9;35;178;43;33;37;18
1668.0;19;27;11;35;178;45;32;37;16
1674.0;18;25;17;36;176;42;35;34;17
1680.0;20;25;15;37;177;45;29;35;17
1686.0;19;25;17;38;177;42;27;36;19
1692.0;21;25;16;36;175;45;25;36;21
1698.0;19;25;17;42;171;43;25;35;23
1704.0;20;29;14;38;168;46;24;33;28
1710.0;18;31;14;36;169;47;23;34;28
1716.0;20;30;16;37;169;45;23;31;29
1722.0;23;32;13;35;168;44;20;33;32
1728.0;23;29;14;35;166;44;23;34;32
1734.0;21;33;16;33;162;46;26;37;26
1740.0;22;34;14;34;162;47;25;36;26
1746.0;20;34;16;34;163;44;25;36;28
1752.0;21;34;18;34;163;41;25;34;30
1758.0;18;36;17;31;163;44;26;38;27
1764.0;17;37;19;29;163;43;27;38;27
1770.0;19;38;18;30;163;44;26;37;25
1776.0;15;38;20;31;164;46;27;36;23
1782.0;18;40;21;31;166;43;27;31;23
1788.0;19;42;19;29;170;46;22;31;22
1794.0;20;37;21;27;171;46;24;33;21
