#auto generated file!
12.0;27;33;24;28;26;29;25;20;28
18.0;26;31;24;30;29;29;23;19;29
24.0;27;30;24;29;31;30;23;20;26
30.0;27;31;21;32;32;30;22;20;25
36.0;27;31;22;32;35;29;19;19;26
42.0;25;31;24;30;36;28;19;18;29
48.0;22;32;26;31;39;25;18;20;27
54.0;21;31;26;33;38;25;21;16;29
60.0;21;29;25;33;38;30;19;17;28
66.0;21;26;26;34;39;30;23;15;26
72.0;19;28;26;35;41;32;20;16;23
78.0;22;28;23;34;42;31;20;17;23
84.0;24;27;21;34;43;26;26;17;22
90.0;24;27;22;35;43;25;26;19;19
96.0;24;28;21;36;45;27;20;19;20
102.0;24;29;20;35;45;25;21;20;21
108.0;26;30;16;37;46;26;20;19;20
114.0;28;29;14;38;47;26;21;20;17
120.0;26;30;15;38;50;27;17;20;17
126.0;28;33;15;35;51;25;16;20;17
132.0;30;32;13;34;54;25;17;20;15
138.0;25;34;12;34;53;26;17;19;20
144.0;24;36;12;35;52;25;16;20;20
150.0;22;36;14;34;54;24;17;19;20
156.0;21;37;12;34;54;25;18;19;20
162.0;18;37;15;34;55;27;19;20;15
168.0;20;37;15;30;52;26;19;23;18
174.0;18;41;16;31;53;23;19;23;16
180.0;19;40;16;32;52;23;17;23;18
186.0;16;42;16;31;56;22;17;23;17
192.0;17;42;15;30;56;21;19;23;17
198.0;16;41;14;33;56;22;17;23;18
204.0;16;43;14;32;58;21;15;22;19
210.0;14;43;15;33;59;21;14;23;18
216.0;14;40;16;32;61;24;14;22;17
222.0;12;39;14;34;63;24;12;22;20
228.0;13;39;15;37;65;21;12;20;18
234.0;14;37;15;35;65;21;13;21;19
240.0;11;36;16;35;64;22;14;22;20
246.0;12;34;14;35;65;26;15;20;19
252.0;13;33;12;36;66;25;14;21;20
258.0;14;32;11;34;67;25;14;21;22
264.0;16;31;10;33;68;24;14;23;21
270.0;17;31;7;34;67;24;12;24;24
276.0;15;31;9;34;68;24;13;23;23
282.0;19;31;9;36;67;24;14;18;22
288.0;15;32;8;37;69;23;16;19;21
294.0;16;33;9;34;72;22;15;19;20
300.0;16;32;7;35;72;21;15;23;19
306.0;17;31;9;33;74;20;17;21;18
312.0;15;30;8;36;75;21;18;21;16
318.0;17;30;9;37;74;21;17;21;14
324.0;20;29;8;35;73;23;17;21;14
330.0;21;29;6;35;74;23;17;22;13
336.0;22;25;7;36;76;24;15;21;14
342.0;20;26;10;35;77;22;17;19;14
348.0;17;29;9;34;79;22;16;20;14
354.0;15;30;9;35;78;21;16;24;12
360.0;15;28;8;37;77;23;17;24;11
366.0;16;26;10;36;78;22;16;25;11
372.0;14;27;11;34;79;22;15;25;13
378.0;13;25;10;34;78;25;16;26;13
384.0;11;23;8;37;79;25;17;26;14
390.0;11;24;12;32;78;27;16;27;13
396.0;9;27;10;31;78;25;18;27;15
402.0;10;27;9;30;78;25;19;26;16
408.0;9;27;9;31;78;25;19;28;14
414.0;8;27;6;32;82;25;19;27;14
420.0;7;27;7;31;84;25;18;27;14
426.0;8;26;9;33;85;26;17;23;13
432.0;5;28;10;33;88;24;17;20;15
438.0;5;28;9;32;87;24;16;24;15
444.0;7;27;10;32;88;24;14;24;14
450.0;9;27;12;30;92;21;12;24;13
456.0;8;28;13;32;92;23;12;23;9
462.0;9;29;12;31;92;26;11;22;8
468.0;9;31;10;34;91;25;10;21;9
474.0;9;32;7;35;93;26;11;21;6
480.0;11;32;8;36;90;25;10;22;6
486.0;12;27;8;37;92;26;11;21;6
492.0;12;24;10;36;91;24;14;20;9
498.0;10;24;9;38;92;23;16;19;9
504.0;9;24;10;36;94;23;17;20;7
510.0;9;24;10;34;93;24;16;21;9
516.0;9;21;10;32;94;23;18;22;11
522.0;10;21;10;33;92;22;18;22;12
528.0;10;22;10;34;91;21;18;22;12
534.0;8;22;10;35;92;22;17;24;10
540.0;10;21;9;35;92;20;18;25;10
546.0;10;21;8;36;90;20;20;26;9
552.0;11;21;8;35;89;22;21;25;8
558.0;11;22;11;33;90;21;20;23;9
564.0;11;22;11;31;89;23;18;23;12
570.0;12;23;9;30;90;23;18;25;10
576.0;10;24;11;32;88;23;21;21;10
582.0;12;23;9;34;89;23;20;20;10
588.0;13;23;8;33;90;21;22;21;9
594.0;14;25;8;32;89;21;20;22;9
600.0;15;26;6;32;88;22;20;21;10
606.0;14;27;5;32;87;24;20;22;9
612.0;15;28;5;33;88;23;16;23;9
618.0;14;28;6;36;87;21;15;24;9
624.0;14;30;5;35;88;22;14;26;6
630.0;14;30;5;36;89;20;16;23;7
636.0;13;31;6;35;89;20;15;22;9
642.0;13;32;7;36;88;20;13;21;10
648.0;14;31;7;36;88;20;13;23;8
654.0;15;32;8;34;88;19;13;24;7
660.0;16;33;6;32;88;19;13;25;8
666.0;14;32;6;31;90;21;12;26;8
672.0;17;26;8;30;90;21;13;28;7
678.0;16;25;9;32;90;21;13;27;7
684.0;17;24;8;31;90;21;12;27;10
690.0;15;28;7;27;93;22;13;27;8
696.0;14;29;10;26;94;23;10;26;8
702.0;17;29;13;26;92;24;9;22;8
708.0;16;30;13;26;92;23;10;22;8
714.0;16;27;14;27;94;21;12;22;7
720.0;13;24;15;27;97;24;11;22;7
726.0;13;24;13;24;97;27;12;22;8
732.0;15;24;13;22;97;25;14;22;8
738.0;15;21;13;21;97;23;18;22;10
744.0;13;22;14;21;97;22;18;23;10
750.0;13;21;12;20;98;21;20;22;13
756.0;13;23;7;21;100;22;16;23;15
762.0;14;22;6;23;101;21;15;24;14
768.0;17;23;5;20;99;22;16;24;14
774.0;16;23;6;19;101;22;16;26;11
780.0;15;22;8;18;101;22;18;27;9
786.0;13;23;9;18;102;21;18;27;9
792.0;15;22;8;18;100;22;19;28;8
798.0;13;22;10;17;101;23;18;27;9
804.0;12;22;9;16;103;25;15;28;10
810.0;14;22;10;15;102;26;14;27;10
816.0;13;23;8;14;102;27;15;28;10
822.0;13;24;8;14;103;27;13;28;10
828.0;14;22;10;15;103;24;14;27;11
834.0;14;23;8;17;105;23;13;26;11
840.0;13;24;9;17;107;21;14;26;9
846.0;11;22;10;19;108;19;15;27;9
852.0;11;23;11;19;105;18;14;28;11
858.0;12;24;11;18;106;17;14;28;10
864.0;11;23;13;18;107;16;14;27;11
870.0;11;26;13;19;106;16;15;27;7
876.0;13;24;13;22;105;16;11;28;8
882.0;14;26;12;22;103;17;12;28;6
888.0;15;24;15;21;106;17;11;25;6
894.0;14;22;11;20;108;18;12;28;7
900.0;14;23;11;21;107;18;12;26;8
906.0;15;21;11;22;106;20;10;26;9
912.0;14;20;13;22;105;19;10;27;10
918.0;16;20;14;21;104;17;10;28;10
924.0;16;18;15;21;104;17;10;28;11
930.0;16;17;14;20;104;18;13;26;12
936.0;14;18;12;22;104;20;13;24;13
942.0;15;19;14;24;102;20;12;20;14
948.0;15;20;11;23;102;19;13;21;16
954.0;14;18;10;25;100;19;17;20;17
960.0;14;19;8;25;100;19;17;19;19
966.0;14;20;9;24;102;17;17;19;18
972.0;13;18;9;24;103;18;17;18;20
978.0;13;18;11;22;104;18;17;18;19
984.0;16;17;9;23;106;17;17;18;17
990.0;18;17;10;22;105;16;17;17;18
996.0;14;18;9;26;104;16;15;17;21
1002.0;15;16;10;24;104;17;16;17;21
1008.0;17;17;11;23;104;16;16;18;18
1014.0;18;16;11;22;104;18;15;18;18
1020.0;18;17;13;23;105;18;13;18;15
1026.0;16;19;14;23;105;19;8;18;18
1032.0;15;18;15;24;107;19;7;20;15
1038.0;15;16;15;23;107;19;9;21;15
1044.0;15;21;13;22;106;20;9;19;15
1050.0;13;21;12;22;106;20;9;21;16
1056.0;11;20;11;20;108;22;12;20;16
1062.0;11;19;12;20;111;22;11;20;14
1068.0;11;18;10;20;110;22;12;20;17
1074.0;11;17;10;22;112;21;14;18;15
1080.0;11;17;11;21;113;19;14;18;16
1086.0;9;18;10;22;114;19;13;18;17
1092.0;8;18;13;21;114;21;13;17;15
1098.0;9;19;14;20;113;21;11;18;15
1104.0;10;18;12;18;115;21;13;18;15
1110.0;10;19;12;20;114;20;12;18;15
1116.0;9;19;10;21;114;20;12;19;16
1122.0;9;20;9;21;113;20;14;19;15
1128.0;10;19;10;21;113;18;16;18;15
1134.0;8;20;11;23;112;17;15;18;16
1140.0;8;22;10;21;111;16;16;18;18
1146.0;7;20;12;20;112;17;16;18;18
1152.0;8;21;10;21;111;17;15;19;18
1158.0;9;20;11;22;111;17;13;19;18
1164.0;9;20;16;26;110;13;13;19;14
1170.0;9;20;14;27;112;14;14;18;12
1176.0;7;23;15;30;112;13;13;17;10
1182.0;7;23;13;29;111;14;15;16;12
1188.0;9;23;14;28;111;13;12;18;12
1194.0;7;23;12;28;111;13;13;18;15
1200.0;7;23;11;29;112;14;14;18;12
1206.0;6;22;11;28;113;16;14;17;13
1212.0;6;22;11;30;113;18;12;17;11
1218.0;6;20;10;28;115;20;12;21;8
1224.0;8;19;9;29;114;21;11;22;7
1230.0;9;17;9;29;114;19;11;24;8
1236.0;9;18;8;28;115;19;11;25;7
1242.0;9;18;9;26;117;19;10;24;8
1248.0;9;17;8;25;117;21;10;24;9
1254.0;9;14;10;25;117;23;9;24;9
1260.0;9;16;11;24;116;22;10;23;9
1266.0;8;17;11;23;114;23;10;25;9
1272.0;10;16;12;22;113;22;10;25;10
1278.0;10;17;13;21;111;24;7;26;11
1284.0;10;19;10;21;111;24;6;27;12
1290.0;9;19;10;20;111;24;4;31;12
1296.0;8;18;10;22;111;25;5;30;11
1302.0;10;19;10;22;110;24;3;29;13
1308.0;10;20;10;20;109;25;5;26;15
1314.0;11;21;8;18;110;26;6;25;15
1320.0;12;20;8;19;110;23;7;25;16
1326.0;12;20;7;18;108;23;9;26;17
1332.0;13;19;9;18;109;20;11;28;13
1338.0;11;18;11;18;109;23;11;27;12
1344.0;10;19;10;19;109;25;11;26;11
1350.0;10;18;12;19;109;25;12;25;10
1356.0;10;19;12;19;110;23;12;25;10
1362.0;11;18;12;17;109;26;13;25;9
1368.0;12;17;14;17;110;26;12;25;7
1374.0;11;17;13;19;112;25;10;26;7
1380.0;10;19;13;18;111;27;10;26;6
1386.0;13;19;13;19;106;27;9;27;7
1392.0;15;18;14;19;106;26;8;28;6
1398.0;16;17;13;18;107;26;9;29;5
1404.0;15;16;13;20;105;25;10;30;6
1410.0;16;17;11;19;104;29;8;30;6
1416.0;18;17;9;19;104;28;8;29;8
1422.0;16;18;9;19;103;29;7;28;11
1428.0;16;18;11;19;102;29;8;25;12
1434.0;15;18;12;19;101;30;8;25;12
1440.0;14;19;11;18;100;30;8;27;13
1446.0;13;21;11;17;101;29;6;27;15
1452.0;13;19;10;19;102;28;8;26;15
1458.0;11;18;11;19;103;28;9;25;16
1464.0;11;17;11;19;104;30;6;25;17
1470.0;13;20;11;19;102;31;6;23;15
1476.0;11;21;11;21;99;32;5;22;18
1482.0;12;20;9;20;98;34;9;22;16
1488.0;11;21;12;21;97;31;8;23;16
1494.0;14;22;13;21;95;28;9;22;16
1500.0;11;25;14;20;95;28;11;23;13
1506.0;11;27;14;19;93;30;10;24;12
1512.0;11;27;13;21;94;28;10;25;11
1518.0;11;24;15;21;95;30;10;23;11
1524.0;10;24;15;22;93;28;12;25;11
1530.0;11;23;19;22;94;26;11;23;11
1536.0;11;23;23;21;95;26;11;20;10
1542.0;11;23;19;22;94;29;12;20;10
1548.0;10;22;18;23;96;29;10;21;11
1554.0;8;24;16;26;96;28;11;20;11
1560.0;10;23;15;25;96;27;12;18;14
1566.0;10;24;18;22;95;27;13;19;12
1572.0;10;25;17;23;97;26;12;18;12
1578.0;9;25;16;24;99;26;11;18;12
1584.0;8;23;18;24;99;26;9;20;13
1590.0;9;22;20;24;99;24;10;20;12
1596.0;7;21;17;24;100;24;12;22;13
1602.0;5;22;17;23;100;24;12;25;12
1608.0;5;22;16;23;99;25;13;24;13
1614.0;6;21;16;24;100;21;13;25;14
1620.0;6;21;17;24;97;24;12;25;14
1626.0;6;19;16;23;100;25;10;25;16
1632.0;6;18;18;24;101;25;9;25;14
1638.0;6;19;18;23;102;26;8;24;14
1644.0;6;20;19;22;102;28;6;23;14
1650.0;7;19;16;22;103;32;7;20;14
1656.0;5;20;14;22;106;35;7;19;12
1662.0;6;22;14;23;103;33;7;19;13
1668.0;7;19;13;25;104;34;4;21;13
1674.0;6;20;15;26;104;33;3;20;13
1680.0;7;21;17;26;105;30;4;19;11
1686.0;8;21;17;26;105;28;4;19;12
1692.0;7;23;16;26;103;28;6;19;12
1698.0;8;21;13;27;103;30;7;18;13
1704.0;6;21;13;27;105;28;7;18;15
1710.0;5;19;15;26;103;28;10;19;15
1716.0;5;23;16;27;101;27;9;18;14
1722.0;6;21;14;27;103;26;10;19;14
1728.0;5;21;14;27;106;24;10;17;16
1734.0;7;22;15;26;105;24;9;15;17
1740.0;8;22;13;25;106;27;9;13;17
1746.0;8;22;11;25;106;25;9;14;20
1752.0;7;23;10;23;106;26;10;15;20
1758.0;8;23;11;22;108;21;12;14;21
1764.0;9;21;11;22;109;22;13;14;19
1770.0;7;21;8;22;109;21;13;18;21
1776.0;8;19;9;21;110;21;10;21;21
1782.0;9;20;9;23;111;21;11;18;18
1788.0;8;21;10;22;111;21;12;17;18
1794.0;8;22;10;26;109;20;10;19;16
