#auto generated file!
12.0;33;28;28;28;39;33;35;22;34
18.0;32;28;27;34;42;30;35;24;28
24.0;31;25;25;37;43;33;35;24;27
30.0;32;24;23;43;44;32;34;22;26
36.0;35;24;20;45;45;34;31;21;25
42.0;30;24;19;47;47;35;30;24;24
48.0;31;25;16;48;48;37;26;25;24
54.0;30;24;18;47;48;37;24;25;27
60.0;29;26;22;46;50;38;23;24;22
66.0;27;27;22;43;49;38;25;27;22
72.0;28;25;20;40;52;39;25;28;23
78.0;27;27;18;37;53;42;25;29;22
84.0;27;26;14;36;54;44;24;29;26
90.0;23;27;16;37;56;45;24;27;25
96.0;22;26;18;34;59;45;24;28;24
102.0;20;26;18;36;64;40;24;28;24
108.0;21;28;19;35;64;43;18;28;24
114.0;20;30;18;35;65;42;16;30;24
120.0;21;31;17;31;67;41;13;32;27
126.0;20;33;18;29;68;42;11;33;26
132.0;23;31;17;28;70;44;13;33;21
138.0;22;29;18;24;72;46;16;32;21
144.0;24;30;15;25;71;48;16;30;21
150.0;22;28;15;24;76;49;18;28;20
156.0;20;27;17;23;77;50;13;30;23
162.0;17;29;22;25;76;47;14;27;23
168.0;19;27;21;25;78;47;14;27;22
174.0;18;29;20;27;77;46;15;26;22
180.0;20;28;17;27;77;49;15;24;23
186.0;20;28;19;27;80;46;17;25;18
192.0;20;27;18;28;80;45;17;25;20
198.0;24;29;17;27;81;46;17;24;15
204.0;27;30;17;28;80;46;14;24;14
210.0;26;29;19;29;78;46;15;25;13
216.0;26;28;21;28;77;45;15;25;15
222.0;29;26;19;29;79;45;13;26;14
228.0;30;28;15;28;79;45;15;24;16
234.0;29;29;16;26;79;43;17;22;19
240.0;29;27;14;30;81;41;21;20;17
246.0;27;30;14;32;82;36;21;20;18
252.0;27;31;14;31;83;33;21;22;18
258.0;28;29;13;33;83;32;20;23;19
264.0;30;28;12;31;83;33;17;25;21
270.0;31;28;12;30;83;33;17;28;18
276.0;29;26;11;29;85;31;20;27;22
282.0;30;25;12;27;86;30;19;30;21
288.0;27;25;14;27;87;28;18;32;22
294.0;25;26;14;28;89;29;18;31;20
300.0;25;25;13;29;91;28;14;34;21
306.0;23;23;15;29;93;28;15;36;18
312.0;20;25;15;28;91;31;16;32;22
318.0;23;24;16;30;91;31;14;31;20
324.0;23;25;15;29;93;27;17;33;18
330.0;22;26;13;31;95;27;17;32;17
336.0;21;27;12;33;95;24;15;35;18
342.0;19;27;15;35;97;24;15;32;16
348.0;19;27;15;36;99;23;13;33;15
354.0;16;29;15;40;100;26;12;29;13
360.0;18;28;17;41;99;27;11;28;11
366.0;18;32;16;41;99;29;11;25;9
372.0;18;34;16;41;100;28;10;24;9
378.0;18;32;17;45;99;27;9;25;8
384.0;17;32;17;46;99;25;9;25;10
390.0;16;33;20;44;98;24;10;24;11
396.0;13;34;20;45;101;22;10;25;10
402.0;16;33;19;44;101;18;11;26;12
408.0;17;34;17;44;101;19;11;27;10
414.0;17;34;15;43;103;18;11;27;12
420.0;17;31;15;44;103;18;12;27;13
426.0;10;32;14;49;102;21;14;25;13
432.0;11;33;13;49;103;21;13;25;12
438.0;11;32;15;47;104;19;14;27;11
444.0;10;34;18;45;103;22;13;26;9
450.0;11;36;19;45;102;21;14;25;7
456.0;12;36;19;45;104;17;11;29;7
462.0;13;36;16;39;106;17;10;34;9
468.0;12;37;18;40;109;17;9;29;9
474.0;12;37;19;39;108;16;9;30;10
480.0;12;37;22;40;105;17;7;30;10
486.0;12;36;19;41;105;20;8;30;9
492.0;16;35;18;40;104;21;10;27;9
498.0;13;37;16;43;104;20;10;28;9
504.0;14;34;15;43;106;20;12;25;11
510.0;14;35;16;42;108;19;11;24;11
516.0;14;35;16;39;108;19;11;24;14
522.0;13;38;14;37;109;19;11;26;13
528.0;11;39;15;36;110;20;8;28;13
534.0;16;38;13;36;112;18;7;26;14
540.0;14;35;14;36;112;17;8;28;16
546.0;16;33;15;33;111;20;11;26;15
552.0;16;32;15;35;108;23;11;25;15
558.0;14;32;14;38;104;21;14;28;15
564.0;14;31;15;38;105;22;15;26;14
570.0;14;26;17;39;104;22;19;27;12
576.0;11;28;17;38;104;24;19;26;13
582.0;11;32;14;35;102;24;18;30;14
588.0;13;32;13;33;103;24;18;30;14
594.0;12;34;13;31;103;27;16;27;17
600.0;13;32;13;32;103;28;13;27;19
606.0;15;34;12;26;103;28;13;27;22
612.0;15;33;12;26;105;27;14;29;19
618.0;15;32;11;25;106;27;16;30;18
624.0;12;32;10;25;110;31;18;26;16
630.0;11;32;10;25;110;32;18;27;15
636.0;13;32;10;25;111;31;18;26;14
642.0;14;31;10;27;109;31;16;28;14
648.0;12;31;12;31;109;32;14;26;13
654.0;11;33;12;31;111;32;12;26;12
660.0;12;35;11;30;110;33;12;25;12
666.0;12;36;12;29;110;33;13;24;11
672.0;12;34;11;31;112;30;14;24;12
678.0;12;34;12;30;113;28;14;25;12
684.0;10;35;10;31;112;28;14;27;13
690.0;11;35;8;32;112;29;13;28;12
696.0;13;36;8;31;115;25;14;26;12
702.0;14;35;10;29;115;28;12;26;11
708.0;15;32;10;28;116;30;11;25;13
714.0;16;31;10;28;114;31;13;25;12
720.0;16;31;10;29;113;31;12;25;13
726.0;14;32;11;29;113;31;11;25;14
732.0;16;31;10;31;113;31;11;24;13
738.0;16;31;11;32;113;30;11;24;12
744.0;14;27;10;34;114;30;13;25;13
750.0;13;29;11;34;115;28;14;26;10
756.0;12;29;14;32;115;29;11;27;11
762.0;11;29;14;32;114;30;11;27;12
768.0;10;27;17;31;113;31;11;28;12
774.0;12;24;16;31;112;30;12;28;15
780.0;12;23;16;30;113;31;12;28;15
786.0;12;22;15;29;114;31;14;28;15
792.0;12;23;12;31;115;30;12;28;17
798.0;10;22;12;33;114;29;13;28;19
804.0;10;21;13;35;116;29;12;26;18
810.0;10;20;14;34;118;29;12;24;19
816.0;9;22;16;34;116;32;8;24;19
822.0;9;22;16;33;115;32;8;24;21
828.0;9;22;14;32;115;31;9;26;22
834.0;9;24;16;30;113;32;11;23;22
840.0;10;23;17;31;113;30;12;24;20
846.0;11;23;18;27;113;32;10;25;21
852.0;11;24;15;28;112;34;12;25;19
858.0;12;26;14;28;111;32;13;26;18
864.0;12;26;17;26;113;31;11;28;16
870.0;11;25;18;28;111;30;14;29;14
876.0;13;25;18;29;112;28;12;28;15
882.0;12;24;21;28;112;28;14;27;14
888.0;9;24;24;27;112;28;15;28;13
894.0;7;26;23;27;112;27;15;29;14
900.0;6;28;23;24;114;24;16;28;17
906.0;8;27;20;23;111;27;18;28;18
912.0;11;28;19;24;109;28;16;26;19
918.0;9;26;19;23;114;27;17;28;17
924.0;9;25;23;27;114;26;16;24;16
930.0;10;26;20;26;114;24;19;25;16
936.0;7;29;20;26;113;25;19;26;15
942.0;8;29;22;26;113;24;19;26;13
948.0;10;28;23;25;113;25;19;27;10
954.0;11;28;21;23;115;27;17;26;12
960.0;10;30;19;23;114;27;17;27;13
966.0;11;29;19;22;113;27;17;27;15
972.0;12;29;21;20;113;29;16;27;13
978.0;10;31;20;24;112;30;15;23;15
984.0;14;29;18;23;112;29;15;24;16
990.0;14;30;18;24;113;30;12;20;19
996.0;14;32;17;21;114;31;10;23;18
1002.0;15;32;15;20;114;32;12;24;16
1008.0;16;33;15;18;117;30;12;24;15
1014.0;16;31;15;18;119;32;11;22;16
1020.0;17;32;17;19;116;29;12;24;14
1026.0;13;30;17;21;113;31;14;27;14
1032.0;10;29;17;21;113;31;14;29;16
1038.0;11;28;14;26;115;30;15;28;13
1044.0;11;27;13;29;115;29;15;27;14
1050.0;11;30;12;27;117;28;15;28;12
1056.0;10;27;13;29;118;28;16;30;9
1062.0;12;26;15;28;115;26;17;31;10
1068.0;12;26;17;28;115;22;18;32;10
1074.0;14;25;19;29;115;19;16;33;10
1080.0;16;22;20;28;114;19;19;34;8
1086.0;14;22;20;28;114;22;19;34;7
1092.0;15;23;17;28;116;24;20;32;5
1098.0;15;23;17;30;115;23;19;33;5
1104.0;15;22;18;26;118;22;18;33;8
1110.0;12;21;17;30;119;23;17;33;8
1116.0;12;20;17;29;122;24;17;30;9
1122.0;10;21;17;29;123;24;16;30;10
1128.0;8;21;17;34;121;23;16;30;10
1134.0;9;20;19;33;126;22;13;27;11
1140.0;10;21;18;31;128;23;12;27;10
1146.0;11;22;17;30;131;21;12;26;10
1152.0;10;23;17;28;132;19;12;27;12
1158.0;9;25;16;27;133;18;12;27;13
1164.0;8;22;16;30;134;18;12;27;13
1170.0;4;21;16;30;136;17;8;28;20
1176.0;5;21;15;30;135;17;10;28;19
1182.0;5;21;14;30;135;17;12;29;17
1188.0;3;22;15;29;137;17;12;29;16
1194.0;5;22;17;28;137;15;11;28;17
1200.0;5;21;19;30;137;15;12;26;15
1206.0;8;24;16;25;139;15;11;27;15
1212.0;8;26;13;25;139;13;14;25;17
1218.0;8;28;12;24;141;13;14;22;18
1224.0;7;29;12;25;142;13;10;25;17
1230.0;6;29;13;27;141;12;12;26;14
1236.0;5;28;12;28;139;14;10;28;16
1242.0;6;27;16;29;139;13;10;28;12
1248.0;6;29;15;28;139;13;12;25;13
1254.0;6;28;15;27;140;14;12;25;13
1260.0;6;28;14;26;139;15;11;27;14
1266.0;6;30;15;27;139;13;11;28;11
1272.0;7;31;14;27;139;11;10;29;12
1278.0;10;31;15;25;139;11;11;27;11
1284.0;8;32;14;26;137;12;10;29;12
1290.0;8;31;13;26;139;13;11;28;11
1296.0;11;28;14;26;136;14;12;30;9
1302.0;13;25;14;23;135;16;13;29;12
1308.0;9;26;18;23;137;13;12;30;12
1314.0;11;22;18;22;136;15;13;31;12
1320.0;11;24;16;21;136;16;12;32;12
1326.0;11;24;15;22;136;16;11;31;14
1332.0;12;24;12;22;136;17;10;33;14
1338.0;12;23;16;19;135;19;9;32;15
1344.0;10;25;20;20;130;19;12;29;15
1350.0;11;23;16;20;133;20;12;29;16
1356.0;11;21;13;22;135;20;12;29;17
1362.0;11;23;15;21;135;19;14;26;16
1368.0;10;23;11;24;136;20;12;30;14
1374.0;10;23;10;24;134;22;12;30;15
1380.0;11;21;10;25;131;22;12;30;18
1386.0;12;21;14;28;131;21;9;27;17
1392.0;12;20;15;29;131;22;9;26;16
1398.0;15;19;17;26;131;22;8;25;17
1404.0;15;21;15;29;131;22;7;23;17
1410.0;15;21;19;28;129;21;5;23;19
1416.0;14;22;21;28;129;19;7;22;18
1422.0;15;22;21;27;128;19;7;23;18
1428.0;16;25;18;26;128;17;6;24;20
1434.0;18;26;19;25;126;16;6;24;20
1440.0;17;26;18;26;124;16;8;24;21
1446.0;17;25;18;28;121;20;8;22;21
1452.0;16;25;18;28;119;21;9;22;22
1458.0;15;29;17;26;120;23;8;23;19
1464.0;19;30;17;24;118;24;7;26;15
1470.0;19;29;18;22;119;25;9;25;14
1476.0;21;29;17;21;120;24;10;23;15
1482.0;19;30;16;20;118;23;14;24;16
1488.0;21;31;14;21;118;22;12;26;15
1494.0;18;30;16;21;114;24;14;26;17
1500.0;18;28;21;22;115;23;11;25;17
1506.0;17;28;19;20;115;24;14;24;19
1512.0;19;27;20;22;116;23;14;24;15
1518.0;17;24;23;24;115;21;16;23;17
1524.0;16;23;20;29;116;20;17;23;16
1530.0;17;23;22;29;114;21;16;22;16
1536.0;16;23;21;31;115;21;14;22;17
1542.0;14;24;19;30;114;21;15;25;18
1548.0;12;27;18;29;116;21;15;25;17
1554.0;13;28;21;27;114;22;12;25;18
1560.0;13;29;20;29;112;20;12;27;18
1566.0;12;30;20;30;113;20;12;26;17
1572.0;12;29;21;28;112;22;11;29;16
1578.0;12;30;20;27;111;22;12;30;16
1584.0;13;29;22;26;111;24;11;29;15
1590.0;11;29;20;24;112;26;11;30;17
1596.0;12;30;21;23;112;25;11;30;16
1602.0;13;29;21;24;112;25;12;31;13
1608.0;13;29;21;23;113;25;11;30;15
1614.0;13;30;19;23;113;25;12;31;14
1620.0;14;32;21;20;112;24;12;30;15
1626.0;16;32;22;16;111;23;13;31;16
1632.0;13;32;24;15;110;22;15;32;17
1638.0;13;32;21;14;111;25;16;32;16
1644.0;13;32;18;14;112;29;16;33;13
1650.0;14;30;18;14;112;30;17;33;12
1656.0;14;29;19;15;112;30;17;32;12
1662.0;13;29;20;14;114;30;16;32;12
1668.0;13;28;20;16;113;30;18;33;9
1674.0;14;26;17;17;116;32;19;31;8
1680.0;15;27;13;19;117;31;18;30;10
1686.0;15;27;14;21;118;30;18;28;9
1692.0;12;30;14;21;116;30;18;29;10
1698.0;9;29;15;22;117;30;18;29;11
1704.0;10;30;12;21;119;30;20;29;9
1710.0;8;29;12;22;119;29;20;30;11
1716.0;7;30;12;24;118;25;22;30;12
1722.0;5;28;12;24;118;26;24;30;13
1728.0;5;26;13;27;119;26;23;29;12
1734.0;8;28;13;25;120;26;20;30;10
1740.0;8;27;15;29;119;23;21;30;8
1746.0;5;26;17;29;119;25;20;32;7
1752.0;5;26;16;29;120;25;20;32;7
1758.0;4;28;18;29;120;26;17;31;7
1764.0;4;26;19;29;122;27;18;28;7
1770.0;5;26;18;28;121;28;17;27;10
1776.0;4;25;18;27;122;28;18;26;12
1782.0;4;25;14;29;123;29;20;23;13
1788.0;3;22;16;30;122;28;19;25;15
1794.0;6;20;15;28;123;29;20;24;15
