#auto generated file!
12.0;44;42;46;45;40;40;46;45;52
18.0;40;40;40;48;40;50;43;46;53
24.0;39;44;41;49;40;50;41;49;47
30.0;38;45;45;47;42;55;35;48;45
36.0;40;45;46;47;42;55;34;52;39
42.0;33;44;47;52;47;53;34;52;38
48.0;35;43;39;57;48;52;36;53;37
54.0;36;46;36;58;49;52;34;52;37
60.0;33;49;33;59;49;53;33;54;37
66.0;32;51;29;57;52;53;32;57;37
72.0;33;51;30;54;53;55;33;57;34
78.0;37;52;28;55;55;51;34;56;32
84.0;36;56;25;58;56;55;29;55;30
90.0;31;55;26;59;60;58;27;54;30
96.0;28;55;24;61;62;56;31;53;30
102.0;26;56;24;59;67;54;31;55;28
108.0;27;56;24;59;74;51;30;53;26
114.0;30;56;23;58;76;49;30;54;24
120.0;26;54;22;59;78;50;35;49;27
126.0;28;52;21;57;78;51;36;49;28
132.0;27;52;21;58;80;48;35;50;29
138.0;28;53;21;58;84;47;34;48;27
144.0;29;54;19;60;84;51;30;48;25
150.0;25;50;19;57;87;47;32;54;29
156.0;23;47;20;61;87;50;30;52;30
162.0;24;45;20;60;89;50;29;55;28
168.0;25;48;17;57;89;51;28;53;32
174.0;23;48;20;55;89;56;25;53;31
180.0;24;45;20;57;92;53;26;52;31
186.0;27;44;23;56;93;51;22;52;32
192.0;27;45;23;54;96;52;22;49;32
198.0;25;45;20;56;93;55;22;53;31
204.0;25;47;22;59;92;52;23;50;30
210.0;25;45;22;59;92;54;21;51;31
216.0;23;39;21;59;98;53;23;55;29
222.0;22;42;22;56;100;54;24;54;26
228.0;21;42;22;57;99;52;27;57;23
234.0;22;41;20;60;102;49;24;59;23
240.0;25;44;21;62;100;46;23;58;21
246.0;26;40;21;66;101;45;26;58;17
252.0;24;41;23;66;100;40;24;60;22
258.0;26;40;25;62;97;41;24;58;27
264.0;31;43;25;59;97;39;25;57;24
270.0;32;41;25;60;97;39;21;60;25
276.0;30;39;27;63;97;39;19;61;25
282.0;31;38;25;60;100;41;21;59;25
288.0;37;39;25;58;100;44;21;52;24
294.0;37;38;22;56;101;45;21;50;30
300.0;39;36;24;53;102;45;21;52;28
306.0;37;35;28;53;100;47;20;52;28
312.0;37;37;26;55;101;45;20;52;27
318.0;33;41;25;55;101;45;22;51;27
324.0;34;41;29;51;102;45;24;48;26
330.0;30;43;26;48;103;49;24;53;24
336.0;27;47;30;48;102;48;23;51;24
342.0;30;48;29;42;102;48;22;52;27
348.0;28;49;33;41;105;47;20;51;26
354.0;29;49;31;40;107;49;19;47;29
360.0;29;46;30;41;111;49;19;46;29
366.0;24;47;31;41;114;47;19;45;32
372.0;23;47;34;42;112;45;17;46;34
378.0;23;49;36;41;116;43;16;44;32
384.0;24;49;36;41;116;44;16;44;30
390.0;23;50;34;42;118;43;18;42;30
396.0;22;51;31;37;120;44;26;40;29
402.0;23;49;26;36;127;42;26;38;33
408.0;24;46;28;37;126;46;23;38;32
414.0;24;43;25;39;130;48;21;36;34
420.0;24;47;27;39;131;47;18;35;32
426.0;23;51;23;42;132;46;16;37;30
432.0;20;50;27;45;134;44;14;38;28
438.0;18;50;25;46;135;47;14;37;28
444.0;16;52;23;46;135;45;15;38;30
450.0;16;53;24;45;134;41;16;41;30
456.0;16;55;28;41;135;39;16;40;30
462.0;18;56;30;38;138;39;11;43;27
468.0;21;51;31;40;138;39;12;38;30
474.0;21;53;28;40;139;39;12;38;30
480.0;20;50;28;43;140;39;13;37;30
486.0;16;53;31;44;140;39;15;35;27
492.0;18;50;31;43;138;39;19;36;26
498.0;16;48;30;46;140;39;22;37;22
504.0;17;49;30;48;140;39;24;35;18
510.0;17;46;32;50;141;36;25;34;19
516.0;20;45;30;50;141;33;27;34;20
522.0;21;46;29;44;142;36;27;33;22
528.0;22;44;25;43;144;37;27;36;22
534.0;21;42;22;44;145;41;26;35;24
540.0;20;42;21;46;145;44;24;33;25
546.0;23;43;17;44;144;48;24;32;25
552.0;19;44;21;45;146;50;23;28;24
558.0;16;46;20;45;149;53;20;28;23
564.0;16;44;20;46;149;51;20;31;23
570.0;18;44;19;45;149;49;19;33;24
576.0;19;42;22;41;148;51;20;32;25
582.0;20;39;25;38;148;52;21;34;23
588.0;21;40;25;36;148;55;21;33;21
594.0;21;39;26;38;151;54;19;31;21
600.0;21;39;26;40;148;53;19;34;20
606.0;24;38;25;39;148;54;15;37;20
612.0;26;37;24;41;147;52;17;38;18
618.0;27;39;21;44;146;49;17;38;19
624.0;23;39;19;46;147;48;19;40;19
630.0;22;38;21;46;147;47;18;43;18
636.0;21;36;22;43;150;49;18;43;18
642.0;21;36;21;44;151;47;20;44;16
648.0;21;37;19;44;153;46;21;42;17
654.0;21;41;19;45;156;45;20;39;14
660.0;19;41;19;47;157;46;21;36;14
666.0;21;40;19;47;155;46;21;36;15
672.0;22;42;21;46;155;47;17;35;15
678.0;22;48;22;43;153;44;21;32;15
684.0;22;50;22;45;154;43;20;29;15
690.0;21;49;19;45;154;45;23;29;15
696.0;21;45;20;46;152;45;25;31;15
702.0;21;48;19;43;154;44;25;30;16
708.0;17;47;21;46;154;42;26;30;17
714.0;16;48;18;47;156;43;25;29;18
720.0;16;49;17;50;157;42;24;27;18
726.0;18;47;20;49;156;46;21;24;19
732.0;21;47;19;46;151;48;18;31;19
738.0;19;46;19;45;150;46;18;36;21
744.0;20;46;20;44;149;48;16;35;22
750.0;16;49;22;44;149;51;14;34;21
756.0;13;48;21;44;151;51;15;34;23
762.0;14;48;23;45;150;53;14;31;22
768.0;13;47;25;45;148;51;16;32;23
774.0;13;46;23;47;150;52;19;29;21
780.0;13;44;24;49;150;53;18;27;22
786.0;17;48;23;49;153;51;16;23;20
792.0;18;51;23;49;153;50;15;23;18
798.0;17;51;24;47;153;50;15;26;17
804.0;14;51;22;45;154;52;16;26;20
810.0;15;48;23;46;154;53;15;29;17
816.0;14;47;23;49;151;53;16;29;18
822.0;18;45;21;49;150;52;14;31;20
828.0;20;39;22;54;148;51;14;31;21
834.0;19;40;19;52;151;51;13;36;19
840.0;22;41;21;51;149;46;13;36;21
846.0;19;40;20;51;153;47;14;38;18
852.0;19;41;16;52;149;47;17;39;20
858.0;18;41;18;51;149;49;17;38;19
864.0;16;43;19;52;148;49;14;41;18
870.0;17;45;21;50;149;46;15;39;18
876.0;18;45;21;54;148;42;15;40;17
882.0;21;42;22;51;147;42;15;42;18
888.0;16;42;23;48;148;44;16;43;20
894.0;16;43;24;43;147;45;17;44;21
900.0;16;43;26;44;146;47;14;41;23
906.0;16;45;26;43;146;47;12;42;23
912.0;16;44;28;43;147;45;12;42;23
918.0;17;44;33;43;146;43;13;38;23
924.0;14;44;30;43;146;43;14;39;27
930.0;17;43;26;41;148;43;15;39;28
936.0;16;44;28;40;146;41;17;40;28
942.0;15;44;26;43;147;42;19;43;21
948.0;17;47;25;38;147;41;20;41;24
954.0;17;48;25;34;147;44;21;43;21
960.0;14;47;26;36;148;44;22;42;21
966.0;12;49;25;34;148;43;23;46;20
972.0;12;47;25;36;148;41;23;48;20
978.0;14;46;26;35;155;38;20;47;19
984.0;16;48;25;35;154;39;18;47;18
990.0;15;47;23;34;157;42;16;42;24
996.0;13;48;23;34;156;43;18;40;25
1002.0;14;47;24;34;156;43;21;39;22
1008.0;13;47;25;34;158;42;20;37;24
1014.0;14;47;23;34;156;43;23;35;25
1020.0;20;45;24;32;158;41;24;32;24
1026.0;20;45;26;31;160;41;25;31;21
1032.0;23;43;25;30;161;39;29;30;20
1038.0;24;45;23;31;162;41;24;28;22
1044.0;23;47;20;33;161;41;24;28;23
1050.0;24;48;20;33;160;40;24;27;24
1056.0;20;44;20;34;162;43;25;29;23
1062.0;17;43;21;34;161;43;27;31;23
1068.0;15;44;23;32;159;46;23;33;25
1074.0;14;44;20;33;160;47;23;31;28
1080.0;12;40;21;35;163;48;21;32;28
1086.0;11;38;25;36;165;44;20;33;28
1092.0;13;42;25;35;166;44;19;31;25
1098.0;12;41;24;32;169;47;21;30;24
1104.0;12;40;24;31;170;47;22;31;23
1110.0;13;41;21;31;169;47;23;33;22
1116.0;16;41;21;31;170;47;23;32;19
1122.0;13;41;20;32;172;46;25;31;20
1128.0;16;43;21;32;172;44;21;30;21
1134.0;15;42;22;33;171;44;21;32;20
1140.0;13;41;22;35;173;45;16;34;21
1146.0;12;44;23;35;171;44;16;33;22
1152.0;16;43;18;32;173;45;15;37;21
1158.0;15;39;18;32;174;44;16;38;24
1164.0;17;37;17;33;174;46;15;37;24
1170.0;17;38;14;33;175;45;13;38;27
1176.0;15;38;17;33;174;43;14;40;26
1182.0;15;36;17;34;173;42;15;39;29
1188.0;13;39;18;32;173;44;15;39;27
1194.0;17;36;19;32;173;42;15;36;30
1200.0;17;33;24;30;173;42;13;41;27
1206.0;17;37;22;34;170;42;12;41;25
1212.0;18;32;21;36;173;42;14;39;25
1218.0;15;35;21;33;175;41;18;37;25
1224.0;15;35;19;33;177;42;19;37;23
1230.0;14;37;19;33;175;43;17;38;24
1236.0;14;38;18;31;178;40;18;39;24
1242.0;14;39;18;32;177;41;17;38;24
1248.0;12;39;17;31;179;41;17;37;27
1254.0;12;36;16;31;180;41;19;39;26
1260.0;13;36;16;32;180;40;18;39;26
1266.0;12;36;15;35;183;41;19;36;23
1272.0;16;32;15;36;181;41;18;37;24
1278.0;20;28;18;36;182;43;16;37;20
1284.0;19;27;17;37;184;44;13;38;21
1290.0;18;28;15;36;184;45;15;38;21
1296.0;19;28;16;37;184;45;14;39;18
1302.0;20;27;15;38;184;41;13;47;15
1308.0;18;28;16;39;186;39;13;47;14
1314.0;18;28;15;37;188;40;11;48;15
1320.0;17;30;16;40;187;36;10;50;14
1326.0;17;30;17;38;188;37;11;49;13
1332.0;20;29;19;37;190;35;9;47;14
1338.0;21;32;19;35;190;37;10;43;13
1344.0;18;31;19;36;188;37;12;45;14
1350.0;14;33;19;36;187;36;13;44;18
1356.0;15;34;17;40;186;35;12;42;19
1362.0;16;33;17;38;188;34;10;41;23
1368.0;18;33;15;38;189;35;10;38;24
1374.0;19;33;14;41;189;35;8;36;25
1380.0;17;35;14;41;187;37;11;34;24
1386.0;18;35;10;39;190;39;9;36;24
1392.0;21;32;12;36;191;42;9;37;20
1398.0;19;33;13;39;191;40;9;36;20
1404.0;21;33;12;35;189;42;9;40;19
1410.0;20;31;11;35;188;40;12;43;20
1416.0;18;34;11;35;187;44;9;44;18
1422.0;18;35;12;38;185;40;11;42;19
1428.0;19;36;12;36;187;40;11;42;17
1434.0;16;33;15;38;184;44;10;41;19
1440.0;19;33;15;39;181;43;9;39;22
1446.0;20;35;15;40;182;44;10;36;18
1452.0;22;34;15;40;182;42;11;36;18
1458.0;20;37;18;39;180;42;12;35;17
1464.0;21;36;17;42;182;43;8;35;16
1470.0;22;35;17;39;183;45;7;38;14
1476.0;22;34;15;39;184;46;7;39;14
1482.0;19;34;16;37;187;43;7;41;16
1488.0;17;35;18;39;184;40;8;44;15
1494.0;18;36;16;35;183;43;11;42;16
1500.0;17;35;20;34;181;40;14;42;17
1506.0;19;34;19;31;179;38;14;45;21
1512.0;21;31;17;34;178;35;13;46;25
1518.0;21;33;17;34;177;35;14;45;24
1524.0;20;32;16;34;172;37;16;48;25
1530.0;22;34;16;34;168;37;15;46;28
1536.0;24;35;15;34;169;36;17;45;25
1542.0;22;37;17;35;168;37;18;45;21
1548.0;23;35;19;34;168;38;18;44;21
1554.0;26;37;20;32;163;41;16;43;22
1560.0;26;39;18;35;164;38;16;45;19
1566.0;24;39;19;34;161;36;18;49;20
1572.0;25;38;18;37;161;37;19;48;17
1578.0;23;38;21;36;162;35;20;48;17
1584.0;23;40;22;36;161;32;19;46;21
1590.0;24;37;22;40;163;33;15;45;21
1596.0;27;36;22;39;168;34;14;44;16
1602.0;25;36;22;41;169;36;12;44;15
1608.0;26;37;21;41;168;37;13;44;13
1614.0;25;35;21;42;170;39;14;42;12
1620.0;26;35;20;42;174;38;12;40;13
1626.0;25;35;21;42;174;38;13;40;12
1632.0;24;35;23;40;174;41;12;40;11
1638.0;24;34;22;39;174;39;12;39;17
1644.0;20;35;22;39;177;37;16;37;17
1650.0;22;34;23;33;181;37;17;36;17
1656.0;19;33;24;34;180;42;16;35;17
1662.0;18;38;24;32;179;42;16;34;17
1668.0;17;37;25;33;178;43;15;34;18
1674.0;17;39;23;32;177;41;18;36;17
1680.0;15;41;20;32;177;41;20;35;19
1686.0;17;41;18;32;179;40;18;36;19
1692.0;20;40;19;32;176;39;17;37;20
1698.0;23;44;19;34;171;38;16;35;20
1704.0;18;43;22;34;173;40;15;34;21
1710.0;20;44;21;33;172;39;15;34;22
1716.0;19;40;21;33;173;41;17;33;23
1722.0;20;38;23;34;171;44;17;29;24
1728.0;20;37;24;36;170;42;19;29;23
1734.0;19;37;24;38;170;39;18;29;26
1740.0;16;37;24;37;176;42;17;26;25
1746.0;17;36;22;35;179;41;19;26;25
1752.0;16;33;19;38;179;45;23;28;19
1758.0;15;32;23;39;181;44;21;27;18
1764.0;16;29;22;40;183;46;19;28;17
1770.0;17;31;21;41;184;44;17;27;18
1776.0;18;31;23;39;179;48;15;28;19
1782.0;19;28;21;41;181;45;15;32;18
1788.0;19;28;21;40;180;47;18;31;16
1794.0;17;26;21;41;182;50;14;32;17
