#auto generated file!
12.0;35;39;39;45;39;41;46;44;22
18.0;38;36;39;43;41;42;46;47;18
24.0;36;38;35;46;42;42;41;50;20
30.0;37;38;35;45;42;42;41;51;19
36.0;37;34;38;43;44;40;41;54;19
42.0;35;32;36;43;46;39;42;55;22
48.0;33;32;37;40;47;42;41;56;22
54.0;34;34;35;41;45;40;39;57;25
60.0;31;37;33;44;46;39;40;56;24
66.0;32;37;32;43;50;38;38;56;24
72.0;28;41;32;46;52;36;35;54;26
78.0;26;43;31;47;55;32;32;54;30
84.0;26;43;28;44;58;38;29;56;28
90.0;29;44;29;40;62;39;26;56;25
96.0;28;42;24;45;65;40;25;56;25
102.0;28;44;27;41;67;41;26;54;22
108.0;31;44;28;41;71;39;19;56;21
114.0;27;43;26;40;74;42;17;61;20
120.0;26;45;26;38;75;46;17;58;19
126.0;25;48;25;38;75;44;22;54;19
132.0;25;47;26;37;78;41;23;53;20
138.0;25;46;26;37;79;41;25;50;21
144.0;25;47;24;38;81;42;22;50;21
150.0;29;47;23;38;81;41;21;48;22
156.0;26;45;23;40;78;40;26;49;23
162.0;26;41;23;42;80;39;23;50;26
168.0;25;41;24;42;82;40;23;49;24
174.0;23;43;23;44;85;39;23;50;20
180.0;24;41;25;45;86;41;21;48;19
186.0;22;37;24;45;87;45;22;47;21
192.0;22;37;25;45;88;44;21;48;20
198.0;20;37;24;43;90;45;23;48;20
204.0;21;36;23;44;90;46;21;48;21
210.0;18;38;25;47;89;46;21;47;19
216.0;16;38;28;44;89;45;22;47;21
222.0;17;38;24;43;90;45;23;48;22
228.0;17;39;25;42;90;45;25;49;18
234.0;16;40;24;45;92;43;25;46;19
240.0;16;39;23;42;91;44;26;46;23
246.0;17;36;22;41;93;41;26;48;26
252.0;19;37;23;39;94;42;23;49;24
258.0;18;36;25;39;95;40;24;50;23
264.0;22;35;20;40;95;40;23;53;22
270.0;24;36;21;39;96;41;22;51;20
276.0;22;37;22;40;97;39;22;48;23
282.0;24;37;23;39;98;41;20;47;21
288.0;26;36;23;41;94;39;21;48;22
294.0;26;39;24;37;96;39;21;49;19
300.0;27;37;27;38;96;39;21;48;17
306.0;29;40;26;35;97;39;20;48;16
312.0;30;37;26;36;100;38;19;47;17
318.0;28;39;25;38;97;38;18;50;17
324.0;28;44;22;35;97;36;18;53;17
330.0;25;45;21;36;96;38;20;53;16
336.0;28;47;18;37;97;37;21;50;15
342.0;27;49;16;38;99;36;21;49;15
348.0;28;47;17;40;106;32;19;45;16
354.0;29;45;15;40;108;30;18;46;19
360.0;24;47;14;38;111;30;20;46;20
366.0;26;48;16;39;111;28;19;44;19
372.0;27;45;16;36;114;32;17;42;21
378.0;26;40;16;38;116;31;19;41;23
384.0;24;39;17;35;119;30;21;40;25
390.0;25;41;18;32;120;28;22;42;22
396.0;20;42;22;30;122;31;20;43;20
402.0;21;42;24;30;125;30;17;41;20
408.0;23;41;21;32;124;29;16;41;23
414.0;21;41;20;29;128;33;14;43;21
420.0;19;42;19;27;131;33;17;43;19
426.0;19;39;22;28;131;32;19;44;16
432.0;17;38;22;27;132;30;21;45;18
438.0;17;40;21;26;133;28;22;47;16
444.0;17;40;23;26;131;29;22;47;15
450.0;16;40;22;27;131;29;21;47;17
456.0;15;39;22;29;131;29;20;49;16
462.0;15;38;22;31;132;28;20;49;15
468.0;16;37;24;32;133;30;18;48;12
474.0;17;37;24;32;134;32;17;44;13
480.0;17;38;20;32;135;35;19;40;14
486.0;15;39;17;31;137;36;21;42;12
492.0;16;39;15;30;138;36;20;43;13
498.0;17;41;16;30;136;34;19;42;15
504.0;16;41;16;30;137;34;20;42;14
510.0;17;40;17;31;136;38;17;41;13
516.0;20;40;14;31;137;37;16;41;14
522.0;20;40;13;32;136;37;16;42;14
528.0;20;40;11;31;137;38;18;42;13
534.0;19;38;14;30;138;40;16;41;14
540.0;18;37;13;30;141;41;14;40;16
546.0;18;37;14;31;139;42;14;40;15
552.0;16;33;15;33;138;43;17;37;18
558.0;16;34;16;31;137;42;17;36;21
564.0;18;34;16;29;135;41;18;38;21
570.0;19;32;15;31;139;41;17;35;21
576.0;21;35;12;32;138;41;14;36;21
582.0;21;36;10;33;138;39;17;36;20
588.0;18;33;11;36;139;36;16;41;20
594.0;18;31;12;34;138;37;17;43;20
600.0;19;29;12;34;137;38;17;46;18
606.0;19;31;11;28;140;37;19;45;20
612.0;20;30;13;28;142;37;20;42;18
618.0;19;27;14;33;143;39;19;39;17
624.0;19;31;15;34;145;35;18;37;16
630.0;20;31;14;34;146;33;16;38;18
636.0;19;31;14;33;145;34;19;39;16
642.0;19;31;15;36;146;32;20;33;18
648.0;22;29;16;36;148;31;20;31;17
654.0;20;28;20;36;149;31;20;31;15
660.0;20;31;21;36;147;31;20;30;14
666.0;23;32;21;35;144;29;19;32;15
672.0;21;32;22;36;143;30;17;34;15
678.0;18;30;21;37;145;30;19;33;17
684.0;21;31;21;36;144;27;17;33;20
690.0;21;34;19;34;144;25;19;32;22
696.0;21;34;17;31;144;25;20;36;22
702.0;20;34;16;33;147;24;20;35;21
708.0;18;35;15;34;149;24;20;34;21
714.0;18;32;14;32;151;23;21;35;24
720.0;18;32;16;35;151;22;21;33;22
726.0;17;33;15;35;152;25;23;29;21
732.0;16;33;15;35;154;26;23;28;20
738.0;17;32;17;32;154;29;21;26;22
744.0;19;31;19;33;154;28;22;25;19
750.0;20;33;21;31;153;26;22;26;18
756.0;20;34;23;32;154;26;19;25;17
762.0;18;36;21;31;156;26;22;26;14
768.0;17;36;22;31;157;26;19;28;14
774.0;16;34;22;35;156;26;17;27;17
780.0;16;30;23;33;156;26;19;27;20
786.0;16;30;22;32;155;26;19;28;22
792.0;19;30;20;32;156;26;17;28;22
798.0;21;29;19;32;159;26;16;28;20
804.0;22;30;18;29;158;27;21;24;21
810.0;22;31;18;28;154;31;21;23;22
816.0;19;30;21;28;153;32;23;22;22
822.0;19;30;19;28;153;32;25;22;22
828.0;23;28;16;31;152;31;25;22;22
834.0;23;25;13;31;154;33;23;23;25
840.0;22;23;15;30;158;29;22;24;27
846.0;21;23;15;29;159;30;23;27;23
852.0;22;25;14;29;160;31;22;26;21
858.0;21;25;15;25;161;31;20;31;21
864.0;22;25;16;24;158;31;21;31;22
870.0;22;24;19;22;162;29;23;28;21
876.0;21;26;18;21;163;28;23;28;22
882.0;20;29;18;22;162;27;22;29;21
888.0;20;28;14;25;164;30;18;31;20
894.0;20;27;11;26;169;31;16;28;22
900.0;19;26;9;29;171;30;16;30;20
906.0;18;24;9;29;174;30;16;31;19
912.0;19;22;13;26;170;36;13;32;19
918.0;20;23;12;26;170;37;11;33;18
924.0;19;26;12;27;167;36;11;34;18
930.0;20;26;13;28;168;33;11;34;17
936.0;14;29;14;31;165;33;13;35;16
942.0;14;29;15;33;165;33;12;33;16
948.0;14;28;14;34;168;32;9;34;17
954.0;12;27;17;38;169;31;7;35;14
960.0;11;28;17;37;168;33;7;34;15
966.0;10;28;17;35;167;35;8;36;14
972.0;11;25;20;33;168;35;9;37;12
978.0;12;23;20;32;169;34;9;36;15
984.0;12;23;20;33;170;32;10;36;14
990.0;8;25;20;34;170;33;11;35;14
996.0;9;25;20;34;171;33;10;34;14
1002.0;11;25;19;33;172;32;9;34;15
1008.0;11;25;18;35;169;29;12;33;18
1014.0;11;26;17;35;170;30;13;32;16
1020.0;11;29;17;33;170;31;12;32;15
1026.0;14;24;16;35;171;31;15;29;15
1032.0;13;24;17;36;170;31;14;30;15
1038.0;14;23;19;35;171;30;14;29;15
1044.0;14;26;17;35;173;29;17;28;11
1050.0;15;27;19;33;170;30;18;26;12
1056.0;17;28;20;31;168;30;20;26;10
1062.0;18;30;17;33;166;30;20;24;12
1068.0;18;33;19;34;168;27;18;20;13
1074.0;18;36;20;34;166;30;16;18;12
1080.0;16;38;17;36;165;33;15;19;11
1086.0;11;40;18;36;164;34;16;21;10
1092.0;10;39;19;37;160;35;18;19;13
1098.0;12;39;17;36;159;36;19;18;14
1104.0;11;38;16;33;160;38;21;18;15
1110.0;13;35;18;37;158;39;18;19;13
1116.0;13;35;17;32;160;40;17;20;16
1122.0;14;36;21;34;160;35;16;18;16
1128.0;14;33;21;33;158;35;17;21;18
1134.0;16;30;20;32;157;36;16;25;18
1140.0;15;33;17;32;155;37;16;30;15
1146.0;14;31;17;35;156;37;12;33;15
1152.0;13;31;17;37;156;37;10;33;16
1158.0;13;31;14;39;158;38;12;31;14
1164.0;14;32;12;39;155;40;13;30;15
1170.0;14;32;14;38;153;39;13;33;14
1176.0;15;32;21;37;151;39;12;32;11
1182.0;12;31;22;37;152;38;12;35;11
1188.0;16;29;21;38;152;38;11;34;11
1194.0;16;29;23;38;153;34;12;35;10
1200.0;15;29;22;38;152;34;13;37;10
1206.0;17;30;20;37;150;37;13;37;9
1212.0;15;31;21;35;151;35;14;39;9
1218.0;15;32;19;35;154;32;13;40;10
1224.0;15;32;20;36;154;29;10;42;12
1230.0;15;32;21;33;155;29;10;42;13
1236.0;15;36;20;35;151;27;12;40;14
1242.0;16;37;20;34;150;26;13;37;17
1248.0;14;36;17;34;153;26;13;37;20
1254.0;12;35;17;33;155;28;13;37;20
1260.0;11;35;17;36;156;29;14;36;16
1266.0;10;33;17;39;155;30;13;37;16
1272.0;11;32;19;40;155;28;14;35;16
1278.0;11;32;17;42;156;27;17;33;15
1284.0;14;31;17;40;156;29;18;30;15
1290.0;14;30;16;39;155;30;18;33;15
1296.0;12;27;17;37;156;31;19;37;14
1302.0;10;28;18;36;158;31;17;39;13
1308.0;11;27;18;37;161;30;16;36;14
1314.0;11;27;21;36;160;28;14;38;15
1320.0;14;23;18;36;162;29;13;40;15
1326.0;14;22;15;36;163;31;14;40;15
1332.0;16;21;15;37;161;32;12;41;15
1338.0;18;21;15;36;161;30;13;42;14
1344.0;16;21;15;35;161;31;11;45;15
1350.0;17;21;13;35;161;27;15;47;14
1356.0;15;22;15;34;164;27;17;43;13
1362.0;13;20;13;35;163;29;19;44;14
1368.0;13;21;13;34;162;30;20;42;15
1374.0;13;23;15;33;161;29;17;42;17
1380.0;10;25;16;32;159;28;19;42;19
1386.0;9;28;16;33;159;25;21;41;18
1392.0;8;25;17;34;162;25;21;40;18
1398.0;9;25;17;36;162;23;22;38;18
1404.0;9;25;15;38;162;24;22;38;17
1410.0;10;23;14;39;162;26;23;37;16
1416.0;11;24;13;39;163;27;23;36;14
1422.0;12;25;12;37;163;26;24;38;13
1428.0;15;28;15;31;161;27;23;38;12
1434.0;14;26;13;32;162;29;22;38;14
1440.0;15;28;15;32;159;29;21;38;13
1446.0;15;25;16;36;158;30;20;39;11
1452.0;14;25;15;37;157;32;20;38;12
1458.0;12;27;14;35;158;35;19;37;13
1464.0;13;26;15;34;158;32;22;37;13
1470.0;10;23;16;35;162;31;21;37;15
1476.0;14;23;18;35;163;30;15;33;19
1482.0;13;23;18;36;163;30;14;35;18
1488.0;13;23;18;37;162;31;15;33;18
1494.0;14;27;18;35;160;30;16;31;19
1500.0;15;30;17;35;160;32;15;29;17
1506.0;16;28;17;35;161;34;15;28;16
1512.0;14;31;17;35;161;34;15;29;14
1518.0;14;32;15;35;163;34;14;30;13
1524.0;15;34;15;34;162;35;12;30;13
1530.0;13;34;17;34;163;32;12;29;16
1536.0;14;32;17;32;163;34;12;30;16
1542.0;12;34;15;34;163;36;11;29;16
1548.0;10;36;13;34;161;34;16;30;16
1554.0;11;39;14;32;160;33;17;30;14
1560.0;9;37;18;31;161;32;19;27;16
1566.0;9;34;17;33;158;33;21;28;17
1572.0;10;33;17;31;157;38;19;27;18
1578.0;9;32;16;32;155;41;21;27;17
1584.0;10;31;19;31;154;37;21;29;18
1590.0;13;28;18;31;154;38;23;28;17
1596.0;13;28;18;33;153;39;22;27;17
1602.0;14;28;18;33;153;40;20;28;16
1608.0;14;29;19;33;153;39;19;27;17
1614.0;16;30;18;33;153;39;17;27;17
1620.0;18;30;18;32;150;41;17;27;17
1626.0;17;35;16;32;148;42;15;27;18
1632.0;16;37;16;33;147;37;15;28;21
1638.0;17;36;15;34;149;36;17;27;19
1644.0;18;34;15;33;149;36;18;27;20
1650.0;17;35;17;33;147;32;20;27;22
1656.0;18;36;17;32;147;31;19;25;25
1662.0;14;35;21;30;148;29;21;25;27
1668.0;14;33;23;31;151;30;22;24;22
1674.0;11;34;22;30;154;31;21;23;24
1680.0;12;33;27;27;154;32;18;23;24
1686.0;12;32;25;27;153;34;20;25;22
1692.0;13;35;26;25;149;33;21;27;21
1698.0;15;36;27;25;149;30;20;29;19
1704.0;17;36;25;26;150;32;17;25;22
1710.0;15;35;25;27;147;32;19;28;22
1716.0;17;31;26;29;147;29;19;29;23
1722.0;19;28;25;28;146;32;22;32;18
1728.0;17;28;26;32;149;31;21;31;15
1734.0;20;27;24;33;151;30;21;29;15
1740.0;21;28;22;33;151;30;20;30;15
1746.0;20;29;24;31;148;30;20;31;17
1752.0;22;30;23;31;150;28;17;31;18
1758.0;21;32;23;32;148;29;20;30;15
1764.0;21;27;21;35;152;30;19;29;16
1770.0;19;30;25;33;147;33;19;27;17
1776.0;19;29;24;32;148;32;20;30;16
1782.0;18;29;21;33;150;33;19;29;18
1788.0;21;31;21;33;146;32;21;31;14
1794.0;21;30;20;32;150;32;21;31;13
