#auto generated file!
12.0;23;14;18;20;19;17;22;17;20
18.0;18;15;17;21;20;18;23;18;20
24.0;17;14;16;22;20;17;22;20;22
30.0;16;13;16;21;23;17;22;20;22
36.0;17;14;17;21;22;16;21;20;22
42.0;18;13;17;21;23;14;19;21;24
48.0;16;14;18;20;24;16;19;21;22
54.0;18;15;18;22;23;17;18;21;18
60.0;16;17;18;24;23;18;15;19;20
66.0;17;18;16;25;24;18;12;22;18
72.0;19;17;15;24;25;18;12;22;18
78.0;19;18;15;22;25;20;13;23;15
84.0;20;18;14;20;26;22;13;22;15
90.0;20;17;15;19;27;22;13;24;13
96.0;20;15;13;19;26;25;12;26;14
102.0;18;16;13;18;27;25;12;26;15
108.0;15;18;15;19;27;23;10;27;16
114.0;16;20;15;17;31;24;7;24;16
120.0;18;18;14;17;31;25;8;23;16
126.0;17;19;14;14;33;27;9;22;15
132.0;15;19;16;14;33;27;8;25;13
138.0;15;18;16;13;35;28;6;25;14
144.0;14;18;16;14;37;29;6;22;14
150.0;12;15;14;14;40;30;7;23;15
156.0;12;14;12;15;40;29;7;24;17
162.0;12;14;11;13;44;28;7;25;16
168.0;12;13;12;14;43;32;5;23;16
174.0;10;17;11;15;42;33;5;22;15
180.0;11;15;12;15;43;32;4;24;14
186.0;11;12;14;16;43;33;3;24;14
192.0;13;13;15;16;43;30;3;24;13
198.0;16;13;16;17;46;27;2;21;12
204.0;14;14;15;18;46;26;4;21;12
210.0;15;16;14;21;48;24;3;20;9
216.0;14;18;13;20;49;24;5;20;7
222.0;16;17;10;20;49;24;6;21;7
228.0;15;17;9;19;51;24;6;23;6
234.0;16;17;7;18;51;24;6;24;7
240.0;17;16;8;18;52;24;5;23;7
246.0;16;17;8;17;51;24;6;23;8
252.0;16;16;7;16;53;26;6;21;9
258.0;15;14;8;17;55;24;6;21;10
264.0;13;13;8;17;57;24;6;22;10
270.0;13;12;10;17;60;22;5;22;9
276.0;14;11;10;17;62;20;6;22;8
282.0;15;8;9;19;62;19;7;22;9
288.0;11;10;10;18;62;18;9;23;9
294.0;11;10;11;19;61;17;9;23;9
300.0;8;12;13;16;61;18;10;22;10
306.0;8;12;13;17;61;19;9;23;8
312.0;8;10;12;17;64;21;7;23;8
318.0;7;9;11;18;65;23;7;23;7
324.0;7;8;9;17;64;24;10;24;7
330.0;6;11;8;15;64;25;11;23;7
336.0;7;11;7;14;65;25;11;25;5
342.0;5;11;9;17;64;24;11;24;5
348.0;5;10;10;18;65;24;12;20;6
354.0;7;12;11;17;68;21;9;20;5
360.0;8;11;11;18;67;20;10;20;5
366.0;8;11;11;19;64;20;10;20;7
372.0;9;11;9;18;64;19;11;22;7
378.0;8;13;9;18;66;19;11;20;6
384.0;8;12;10;17;68;19;10;19;7
390.0;9;13;9;18;68;18;10;19;6
396.0;9;11;9;19;70;18;8;20;6
402.0;10;11;10;17;70;18;11;18;5
408.0;9;11;11;17;70;17;12;18;5
414.0;9;8;9;18;72;16;13;19;6
420.0;8;8;9;17;72;16;13;20;7
426.0;8;7;9;16;74;16;13;20;7
432.0;11;8;8;14;74;17;12;20;6
438.0;12;8;8;11;73;18;13;20;7
444.0;14;10;8;12;71;18;12;19;6
450.0;13;12;7;12;71;18;13;19;5
456.0;13;12;7;11;70;20;13;18;6
462.0;12;14;7;11;70;19;13;18;6
468.0;8;16;8;10;70;18;15;17;8
474.0;9;15;8;11;70;18;14;17;8
480.0;9;14;9;12;70;18;15;16;7
486.0;8;14;7;16;70;18;15;15;7
492.0;9;14;7;17;70;17;13;15;8
498.0;7;12;8;19;72;18;11;14;9
504.0;6;11;9;20;74;16;12;13;9
510.0;7;11;8;22;73;16;10;14;9
516.0;6;11;7;22;73;17;9;16;9
522.0;6;11;8;22;73;17;9;15;9
528.0;6;12;9;23;73;14;10;14;9
534.0;6;10;8;23;76;14;9;14;10
540.0;6;12;6;21;74;16;10;13;12
546.0;7;11;6;21;74;17;9;13;12
552.0;6;12;7;21;76;16;10;14;8
558.0;6;13;7;20;77;15;10;15;7
564.0;4;13;7;20;77;17;10;16;6
570.0;2;13;8;19;79;18;11;14;6
576.0;3;15;7;17;81;16;8;16;7
582.0;3;15;10;16;81;13;7;16;9
588.0;2;16;9;16;81;13;8;14;11
594.0;2;15;10;16;80;12;8;16;11
600.0;2;17;9;14;79;13;9;18;9
606.0;2;17;9;14;80;12;9;17;10
612.0;2;17;10;11;81;13;10;16;10
618.0;3;17;9;10;82;14;9;14;12
624.0;3;18;8;10;83;14;9;13;12
630.0;2;18;7;11;84;14;9;15;10
636.0;2;19;7;11;84;13;10;14;10
642.0;3;20;8;10;86;12;10;14;7
648.0;2;20;9;9;86;12;10;14;8
654.0;1;21;9;9;87;12;7;15;9
660.0;1;21;8;9;88;10;7;17;9
666.0;2;21;6;8;87;12;7;19;8
672.0;4;21;4;9;87;13;5;19;8
678.0;4;20;4;11;88;16;5;15;7
684.0;4;20;4;11;88;16;5;15;7
690.0;4;20;4;10;89;16;5;15;7
696.0;4;20;4;10;89;17;4;15;7
702.0;4;19;5;9;89;16;4;17;7
708.0;4;20;5;10;89;14;4;17;7
714.0;4;20;7;11;88;13;4;16;7
720.0;5;19;3;13;87;14;5;17;7
726.0;5;19;6;14;85;15;3;16;7
732.0;6;20;4;14;86;16;4;16;4
738.0;6;20;4;14;85;15;4;18;4
744.0;4;19;4;15;83;17;6;17;5
750.0;5;19;4;15;81;18;6;17;5
756.0;6;19;3;14;80;18;7;17;6
762.0;5;18;3;13;81;17;9;18;6
768.0;5;18;1;14;80;17;10;18;7
774.0;5;20;2;12;80;16;9;19;7
780.0;3;20;2;12;80;18;10;18;7
786.0;4;18;2;14;79;21;11;15;6
792.0;4;18;2;13;78;22;11;14;8
798.0;5;19;1;15;77;21;13;11;8
804.0;6;19;2;16;76;21;13;10;7
810.0;5;18;3;17;76;21;12;9;9
816.0;7;17;4;17;76;19;12;11;7
822.0;9;16;4;19;75;20;10;12;5
828.0;7;15;4;19;76;21;10;12;6
834.0;8;14;4;17;76;23;9;14;5
840.0;10;14;4;17;75;22;8;14;6
846.0;7;16;4;18;73;23;9;13;7
852.0;8;17;4;18;73;22;8;13;7
858.0;9;17;4;19;73;23;5;14;6
864.0;8;15;4;18;73;23;6;14;9
870.0;7;14;5;16;73;24;7;15;9
876.0;7;13;6;14;75;24;7;14;10
882.0;6;14;9;14;74;24;8;14;7
888.0;7;11;9;14;75;25;8;13;8
894.0;7;11;8;15;76;25;7;13;8
900.0;9;10;8;13;75;26;6;13;10
906.0;9;10;8;13;76;25;5;13;11
912.0;7;10;8;14;75;25;6;13;12
918.0;5;9;9;15;74;26;8;13;11
924.0;5;10;9;14;76;26;7;13;10
930.0;6;10;8;15;77;26;6;14;8
936.0;6;12;8;14;77;26;5;14;8
942.0;5;11;8;14;77;26;6;14;9
948.0;4;11;7;15;78;28;7;13;7
954.0;4;13;7;15;81;25;7;12;6
960.0;4;14;7;14;81;24;7;13;6
966.0;4;16;7;15;82;22;7;12;5
972.0;6;14;7;17;80;22;8;13;3
978.0;7;14;6;16;82;21;9;12;3
984.0;6;14;6;16;79;20;10;16;3
990.0;5;14;5;15;79;18;12;16;6
996.0;5;15;6;14;80;19;9;16;6
1002.0;8;14;6;11;79;22;9;17;4
1008.0;8;12;6;11;78;24;9;17;5
1014.0;8;13;5;10;78;23;9;18;6
1020.0;7;13;5;10;78;23;10;18;6
1026.0;7;12;7;12;76;22;10;17;7
1032.0;6;13;8;12;74;23;10;16;8
1038.0;6;12;10;11;71;25;10;17;8
1044.0;6;11;10;10;71;25;11;17;9
1050.0;6;10;8;11;73;24;10;15;13
1056.0;7;9;8;10;74;25;9;15;13
1062.0;7;11;7;10;76;23;9;16;11
1068.0;7;13;6;10;75;21;9;18;11
1074.0;8;13;6;12;75;20;7;20;9
1080.0;8;12;6;13;77;20;8;16;10
1086.0;11;12;5;13;78;19;6;16;10
1092.0;8;12;6;12;77;20;6;18;11
1098.0;8;13;6;13;76;21;6;16;11
1104.0;10;14;6;14;75;19;5;15;12
1110.0;9;15;5;13;75;19;6;17;11
1116.0;8;12;8;13;76;20;8;16;9
1122.0;7;12;7;14;76;18;7;18;11
1128.0;11;13;8;13;75;18;6;17;9
1134.0;10;14;9;13;75;15;6;18;10
1140.0;10;15;10;14;75;16;6;16;8
1146.0;8;16;11;14;76;17;5;15;8
1152.0;8;18;9;14;77;16;5;15;8
1158.0;6;20;9;13;76;16;5;15;10
1164.0;6;19;8;13;76;15;6;16;11
1170.0;7;20;9;12;75;15;7;14;11
1176.0;7;20;9;14;74;15;6;13;12
1182.0;7;19;8;14;73;16;9;11;13
1188.0;7;15;9;15;74;17;9;11;13
1194.0;6;16;10;14;73;16;9;12;14
1200.0;6;14;11;14;73;16;9;12;15
1206.0;6;15;13;16;72;15;7;11;15
1212.0;6;17;12;14;71;17;7;10;16
1218.0;7;14;12;15;71;16;7;12;16
1224.0;7;13;15;16;68;17;11;11;12
1230.0;9;11;17;15;68;17;10;13;10
1236.0;8;12;14;15;66;18;10;17;10
1242.0;7;13;15;14;68;17;9;17;10
1248.0;7;14;13;14;68;17;8;18;11
1254.0;5;15;15;13;70;19;5;18;10
1260.0;6;15;13;14;70;19;5;18;10
1266.0;5;15;12;15;71;19;4;18;11
1272.0;7;15;9;16;70;19;5;18;11
1278.0;8;14;9;17;71;19;5;17;10
1284.0;9;13;10;17;70;17;6;18;10
1290.0;8;12;11;16;71;18;6;19;9
1296.0;9;11;12;16;70;18;5;20;9
1302.0;8;11;12;16;71;18;5;21;8
1308.0;6;11;14;18;69;19;5;20;8
1314.0;6;12;13;18;70;19;6;19;7
1320.0;6;11;13;19;71;18;6;19;7
1326.0;6;11;10;19;70;20;6;19;9
1332.0;6;13;9;17;68;21;7;18;11
1338.0;6;14;9;18;69;20;7;18;9
1344.0;7;13;9;19;67;21;5;20;9
1350.0;6;12;9;19;66;23;5;22;8
1356.0;8;12;8;20;64;24;7;18;9
1362.0;8;13;8;24;64;24;6;14;9
1368.0;7;13;8;26;61;22;7;15;11
1374.0;7;14;7;26;60;22;7;16;11
1380.0;6;17;6;24;60;22;6;16;13
1386.0;6;16;7;23;60;21;7;17;13
1392.0;7;14;6;23;63;20;10;16;11
1398.0;7;15;8;23;62;17;11;16;11
1404.0;7;16;9;24;61;17;9;17;10
1410.0;7;15;10;25;60;17;8;18;10
1416.0;9;15;9;26;60;17;7;18;9
1422.0;9;15;10;26;60;16;8;18;8
1428.0;9;14;7;26;60;17;9;19;9
1434.0;9;15;7;24;61;17;9;21;7
1440.0;12;16;5;25;60;16;7;21;8
1446.0;12;16;4;27;61;15;8;20;7
1452.0;13;15;5;25;61;15;8;20;8
1458.0;10;14;6;26;62;12;8;22;10
1464.0;11;14;3;26;61;12;10;21;12
1470.0;13;14;3;26;60;12;9;21;12
1476.0;13;14;3;28;60;11;8;22;11
1482.0;14;13;5;27;62;11;9;19;10
1488.0;16;14;5;27;61;11;9;19;8
1494.0;16;13;6;27;61;13;10;17;7
1500.0;14;13;8;26;62;13;12;16;6
1506.0;14;13;7;27;62;13;10;18;6
1512.0;14;11;7;28;65;12;9;17;7
1518.0;12;10;8;27;64;12;10;17;10
1524.0;11;9;8;25;66;11;9;20;11
1530.0;11;9;6;25;68;11;9;21;10
1536.0;10;9;7;25;68;11;9;21;10
1542.0;9;11;5;25;68;13;7;21;11
1548.0;11;12;7;22;67;12;7;20;12
1554.0;11;11;11;22;67;12;7;18;11
1560.0;10;11;11;24;67;11;8;17;11
1566.0;12;13;9;23;67;14;6;16;10
1572.0;13;13;10;23;65;15;5;16;10
1578.0;13;13;9;22;66;16;6;13;12
1584.0;11;12;10;24;66;16;5;15;11
1590.0;11;12;9;24;67;15;3;17;12
1596.0;12;10;10;23;65;16;4;18;12
1602.0;9;10;10;23;67;17;4;18;12
1608.0;10;10;10;22;67;16;6;17;12
1614.0;11;10;9;22;68;15;7;18;10
1620.0;11;10;10;23;66;14;5;19;12
1626.0;13;11;10;23;65;14;5;19;10
1632.0;14;10;11;23;66;14;5;19;8
1638.0;14;9;11;21;66;15;6;20;8
1644.0;14;9;10;21;66;15;7;20;8
1650.0;15;9;10;21;67;14;6;20;8
1656.0;12;11;9;19;68;13;7;20;11
1662.0;11;12;11;19;68;13;6;20;10
1668.0;12;12;13;17;65;12;7;21;11
1674.0;11;12;14;16;64;13;6;23;11
1680.0;11;13;14;16;63;13;6;23;11
1686.0;8;16;15;16;63;12;6;23;11
1692.0;8;16;15;16;63;12;5;23;12
1698.0;9;16;14;17;65;12;6;20;11
1704.0;8;15;13;19;65;13;7;20;10
1710.0;8;11;13;19;66;13;9;20;11
1716.0;7;11;13;19;67;12;8;21;12
1722.0;7;14;11;20;67;13;7;20;11
1728.0;9;15;9;20;67;11;7;21;11
1734.0;8;14;10;19;68;10;8;22;11
1740.0;9;15;12;17;67;10;9;21;10
1746.0;9;15;11;18;66;10;9;20;12
1752.0;8;15;12;18;65;9;7;23;13
1758.0;7;19;8;19;67;11;5;24;10
1764.0;7;15;7;19;66;13;5;26;12
1770.0;7;14;7;19;66;13;6;25;13
1776.0;6;12;7;20;63;13;7;26;16
1782.0;7;14;8;22;64;12;7;23;13
1788.0;7;14;8;22;65;12;6;23;13
1794.0;7;16;7;21;64;13;6;21;15
