#auto generated file!
12.0;59;68;49;60;54;54;48;54;54
18.0;59;70;47;63;56;54;54;52;45
24.0;56;69;43;70;59;49;51;57;46
30.0;56;67;37;70;64;54;51;58;43
36.0;55;66;37;68;68;55;47;58;46
42.0;57;63;36;65;68;59;47;58;47
48.0;52;63;33;64;69;62;47;59;51
54.0;53;61;30;67;75;64;43;60;47
60.0;49;59;34;69;77;65;42;59;46
66.0;47;61;34;67;79;64;40;61;47
72.0;50;64;30;64;82;65;40;58;47
78.0;49;62;30;63;85;61;39;59;52
84.0;47;59;35;63;89;63;41;58;45
90.0;45;56;37;64;92;66;41;57;42
96.0;43;59;36;66;92;64;43;58;39
102.0;39;58;36;66;94;65;44;58;40
108.0;37;56;38;68;98;63;45;59;36
114.0;38;54;36;74;100;62;43;58;35
120.0;35;54;34;75;103;65;37;62;35
126.0;34;53;31;75;102;67;40;63;35
132.0;33;53;30;76;105;69;38;63;33
138.0;32;56;32;73;105;71;35;61;35
144.0;33;55;31;74;107;71;36;56;37
150.0;33;55;29;74;113;70;38;52;36
156.0;34;57;30;72;115;68;41;53;30
162.0;33;58;28;71;118;73;36;52;31
168.0;31;57;30;70;122;72;36;50;32
174.0;30;59;24;70;126;71;34;54;32
180.0;27;57;24;70;126;73;33;55;35
186.0;28;55;23;71;127;70;34;56;36
192.0;31;57;22;71;127;69;35;56;32
198.0;32;59;21;70;129;65;37;58;29
204.0;34;59;25;66;131;65;36;55;29
210.0;29;61;24;67;132;65;40;53;29
216.0;27;58;27;70;134;64;39;51;30
222.0;30;58;28;63;136;65;40;51;29
228.0;26;56;29;58;136;67;43;55;30
234.0;26;57;28;62;137;65;39;59;27
240.0;26;58;27;66;137;66;35;59;26
246.0;28;59;28;63;138;66;32;60;26
252.0;25;62;30;65;136;63;30;61;28
258.0;24;63;32;61;135;66;29;63;27
264.0;25;59;34;59;134;67;31;62;29
270.0;23;60;37;59;139;62;31;61;28
276.0;27;62;32;60;143;62;29;58;27
282.0;26;62;33;64;146;61;28;54;26
288.0;28;64;32;62;146;62;29;48;29
294.0;26;61;33;59;150;64;29;51;27
300.0;25;60;32;57;154;64;29;52;27
306.0;24;61;31;53;155;65;29;51;31
312.0;27;62;29;52;155;60;30;54;31
318.0;32;62;28;50;158;57;29;56;28
324.0;31;62;29;51;159;54;29;59;26
330.0;28;63;32;51;160;51;28;60;27
336.0;27;61;30;53;163;47;29;60;30
342.0;25;58;34;57;168;44;30;57;27
348.0;29;57;30;55;170;48;27;59;25
354.0;29;58;33;55;171;45;28;54;27
360.0;28;54;36;56;173;44;30;53;26
366.0;30;52;35;56;177;45;30;52;23
372.0;29;52;31;56;178;47;32;55;20
378.0;35;50;27;56;179;49;33;52;19
384.0;34;51;27;55;183;45;34;53;18
390.0;32;53;29;53;181;48;33;51;20
396.0;33;52;26;56;187;45;31;52;18
402.0;33;54;29;55;185;44;31;49;20
408.0;31;55;28;55;186;45;27;52;21
414.0;31;52;28;55;185;46;28;51;24
420.0;30;54;27;57;181;43;28;52;28
426.0;27;55;26;58;181;42;32;53;26
432.0;25;56;26;61;181;41;30;52;28
438.0;28;52;29;61;180;41;34;49;26
444.0;28;53;27;61;187;38;33;48;25
450.0;27;56;23;60;189;39;31;52;23
456.0;25;53;23;57;187;38;33;57;27
462.0;27;57;21;58;186;37;34;54;26
468.0;25;60;20;60;185;37;32;51;30
474.0;25;59;21;57;186;40;30;56;26
480.0;24;60;26;59;186;40;27;54;24
486.0;24;59;26;62;187;39;26;54;23
492.0;21;59;25;67;188;41;26;51;22
498.0;22;59;24;65;187;42;26;54;21
504.0;23;54;22;67;188;42;27;56;21
510.0;20;53;22;69;189;41;29;58;19
516.0;21;49;22;61;189;49;27;58;24
522.0;19;46;21;62;192;52;28;57;23
528.0;23;46;22;61;194;52;24;55;23
534.0;22;47;21;60;195;50;26;56;23
540.0;22;47;23;58;196;49;26;56;23
546.0;18;46;24;65;195;47;24;58;23
552.0;18;46;25;62;195;49;26;57;22
558.0;20;48;24;61;197;50;25;52;23
564.0;22;47;24;59;195;52;26;50;25
570.0;21;44;24;60;196;52;26;50;27
576.0;20;48;21;59;198;53;25;47;29
582.0;16;44;23;60;199;52;24;51;31
588.0;17;42;28;61;199;49;24;50;30
594.0;19;42;27;59;202;47;24;51;29
600.0;20;40;29;56;204;46;26;48;31
606.0;19;42;28;55;204;50;24;47;31
612.0;20;42;29;54;204;50;24;47;30
618.0;21;44;29;52;207;48;26;43;30
624.0;21;45;30;52;207;48;27;40;30
630.0;24;43;33;49;211;47;23;42;28
636.0;24;44;32;45;214;49;23;41;28
642.0;24;46;29;48;215;47;23;43;25
648.0;23;47;29;49;217;48;21;43;23
654.0;27;49;26;47;216;44;23;44;24
660.0;24;51;30;51;215;41;21;43;24
666.0;23;50;32;51;215;43;22;43;21
672.0;20;51;30;48;217;46;23;43;22
678.0;17;50;32;48;218;48;22;42;23
684.0;16;49;34;45;218;49;27;38;24
690.0;16;51;34;40;218;47;32;37;25
696.0;14;58;33;40;218;49;29;37;22
702.0;18;55;32;38;220;48;29;39;21
708.0;17;51;33;39;222;46;32;39;21
714.0;19;52;37;37;223;45;25;39;23
720.0;19;51;37;39;222;43;24;39;26
726.0;20;51;34;41;222;45;21;39;27
732.0;22;51;33;42;223;46;17;40;26
738.0;24;53;34;41;222;46;16;39;25
744.0;24;49;32;43;224;45;18;37;28
750.0;25;50;29;42;226;46;17;38;27
756.0;24;48;29;43;227;44;20;40;25
762.0;26;52;27;41;229;42;20;39;24
768.0;26;55;23;40;230;42;21;40;23
774.0;26;58;22;40;229;40;24;37;24
780.0;28;56;21;41;230;39;25;38;22
786.0;28;56;20;42;229;42;25;38;20
792.0;26;54;18;46;230;43;22;41;20
798.0;23;52;17;48;230;45;23;43;19
804.0;23;49;16;50;228;46;24;44;20
810.0;25;51;14;51;227;45;20;42;25
816.0;21;52;14;50;226;48;22;41;26
822.0;18;53;14;52;226;48;19;42;28
828.0;19;57;12;52;226;46;19;43;26
834.0;16;56;15;49;229;48;20;43;24
840.0;16;53;16;49;231;46;20;44;25
846.0;15;53;16;47;233;46;22;43;25
852.0;16;50;14;47;234;46;26;44;23
858.0;16;49;14;49;233;46;27;42;24
864.0;15;48;15;49;232;47;27;46;21
870.0;15;50;15;49;231;47;26;45;22
876.0;15;51;16;52;231;44;24;45;22
882.0;15;51;13;53;229;47;24;43;25
888.0;19;50;12;56;228;48;23;43;21
894.0;19;49;17;54;228;45;23;45;20
900.0;19;48;18;52;230;46;24;42;21
906.0;22;45;18;53;229;43;25;41;24
912.0;22;45;16;51;232;43;23;43;25
918.0;23;46;15;51;230;40;26;44;25
924.0;24;45;16;53;227;40;26;43;26
930.0;26;44;15;50;224;45;29;41;26
936.0;23;43;16;46;225;46;29;43;29
942.0;21;44;17;43;227;45;31;44;28
948.0;21;45;19;44;225;45;31;43;27
954.0;18;45;24;43;226;45;34;44;21
960.0;20;45;22;45;227;40;30;45;26
966.0;21;42;22;49;228;43;25;45;25
972.0;21;44;25;54;227;42;23;42;22
978.0;24;42;23;53;226;43;23;41;25
984.0;26;40;22;53;225;43;25;42;24
990.0;27;38;23;52;221;48;25;44;22
996.0;28;35;21;49;222;50;27;45;23
1002.0;28;31;21;49;229;50;27;45;20
1008.0;28;32;21;50;230;48;28;45;18
1014.0;25;32;21;50;229;50;30;42;21
1020.0;24;35;19;49;231;52;28;43;19
1026.0;25;37;15;48;232;53;25;43;22
1032.0;23;37;17;46;237;49;25;46;20
1038.0;23;37;19;50;238;46;25;41;21
1044.0;23;38;18;47;236;45;26;43;24
1050.0;18;40;19;44;236;46;25;45;27
1056.0;16;37;20;42;239;47;25;46;28
1062.0;13;37;23;44;240;48;25;44;26
1068.0;15;37;25;45;240;49;23;41;25
1074.0;18;41;21;43;238;44;25;41;29
1080.0;21;40;19;43;239;45;21;42;30
1086.0;21;39;18;47;236;44;21;42;32
1092.0;22;37;20;48;236;41;21;42;33
1098.0;19;39;20;49;234;42;20;43;34
1104.0;19;40;20;49;234;41;21;43;33
1110.0;17;39;24;49;236;41;21;44;29
1116.0;16;40;25;49;231;42;23;44;30
1122.0;15;41;25;51;226;41;25;46;30
1128.0;13;41;29;48;231;39;25;46;28
1134.0;16;39;31;46;236;36;22;47;27
1140.0;18;37;29;42;239;37;25;47;26
1146.0;14;39;29;43;239;39;25;46;26
1152.0;16;42;30;45;239;40;23;45;20
1158.0;16;39;30;43;238;43;24;47;20
1164.0;18;41;31;39;241;41;23;44;22
1170.0;17;40;31;40;239;40;22;46;25
1176.0;16;40;29;41;235;43;23;47;26
1182.0;16;38;27;43;236;46;21;50;23
1188.0;19;40;25;41;236;48;20;48;23
1194.0;19;37;22;41;239;49;23;47;23
1200.0;20;34;21;42;240;47;22;49;25
1206.0;21;34;21;40;240;47;20;48;29
1212.0;22;35;17;39;242;46;23;47;29
1218.0;22;36;22;34;239;45;27;49;26
1224.0;18;37;21;37;240;45;26;47;29
1230.0;16;37;23;38;239;44;27;49;27
1236.0;15;38;22;38;241;46;27;46;27
1242.0;17;40;25;37;241;47;25;44;24
1248.0;20;37;22;40;240;47;22;43;29
1254.0;19;36;26;41;242;46;20;40;30
1260.0;17;35;24;40;244;50;22;39;29
1266.0;16;36;27;37;241;50;22;41;30
1272.0;16;39;29;36;241;48;22;39;30
1278.0;17;38;28;35;240;46;23;40;33
1284.0;16;39;30;36;238;46;20;43;32
1290.0;16;39;32;38;237;43;19;41;35
1296.0;19;37;30;37;239;41;19;43;35
1302.0;21;37;30;36;238;41;19;46;32
1308.0;21;38;28;35;237;41;22;47;31
1314.0;22;39;30;32;239;40;20;48;30
1320.0;22;38;30;32;240;36;20;48;34
1326.0;23;38;26;31;242;38;20;46;36
1332.0;22;39;26;31;241;39;20;45;37
1338.0;22;42;23;32;236;40;25;44;36
1344.0;24;44;26;32;232;39;28;41;34
1350.0;24;45;25;32;227;44;24;45;34
1356.0;23;46;25;35;229;48;20;42;32
1362.0;24;46;24;36;230;46;20;42;32
1368.0;23;46;30;37;227;47;22;40;28
1374.0;28;45;29;37;229;46;22;41;23
1380.0;26;46;30;37;229;46;21;43;22
1386.0;23;48;30;41;228;46;23;41;20
1392.0;21;49;30;41;228;48;22;41;20
1398.0;18;45;29;44;231;51;21;42;19
1404.0;17;44;29;45;230;52;21;41;21
1410.0;16;45;28;46;227;54;21;40;23
1416.0;15;45;27;45;229;55;22;42;20
1422.0;17;44;28;45;221;52;27;45;21
1428.0;17;45;25;41;224;54;27;44;23
1434.0;20;51;26;40;218;54;26;41;24
1440.0;22;50;25;38;220;50;31;42;22
1446.0;17;49;21;37;224;53;33;43;23
1452.0;16;50;21;38;223;52;32;46;22
1458.0;17;49;22;39;225;52;29;46;21
1464.0;15;49;22;37;226;49;29;50;23
1470.0;16;50;21;38;231;46;28;48;22
1476.0;18;51;24;36;231;44;25;48;23
1482.0;18;49;24;36;233;42;24;51;23
1488.0;16;49;26;36;233;41;21;54;24
1494.0;19;49;28;34;236;40;18;53;23
1500.0;20;50;27;34;237;40;18;52;22
1506.0;19;53;27;34;242;38;19;48;20
1512.0;17;54;20;37;245;41;21;45;20
1518.0;19;50;21;37;243;41;24;43;22
1524.0;21;49;19;35;242;42;26;44;22
1530.0;21;46;19;34;243;42;28;42;25
1536.0;20;47;19;35;243;41;29;41;25
1542.0;17;47;23;37;244;40;26;44;22
1548.0;18;44;24;35;250;40;26;42;21
1554.0;16;50;25;33;247;40;22;41;26
1560.0;16;50;26;35;250;41;22;36;24
1566.0;15;52;24;36;245;42;24;37;25
1572.0;18;53;26;36;241;45;22;38;21
1578.0;20;54;27;32;243;46;25;37;16
1584.0;22;56;25;33;245;46;24;33;16
1590.0;21;59;24;32;244;49;23;33;15
1596.0;20;52;23;34;244;49;27;33;18
1602.0;24;55;22;37;240;49;24;31;18
1608.0;27;58;18;43;238;48;20;31;17
1614.0;26;57;19;43;237;48;23;30;17
1620.0;21;54;21;47;237;49;25;30;16
1626.0;21;49;25;47;236;49;29;28;16
1632.0;19;47;23;46;240;50;26;30;19
1638.0;19;47;21;45;238;52;27;33;18
1644.0;21;50;20;41;235;52;27;35;19
1650.0;23;51;18;39;235;50;25;37;22
1656.0;22;46;18;40;236;50;27;39;22
1662.0;21;45;17;41;235;55;24;41;21
1668.0;20;44;18;44;235;54;21;41;23
1674.0;22;44;20;44;237;54;20;42;17
1680.0;23;45;20;45;238;53;18;44;14
1686.0;20;46;19;45;239;53;16;47;15
1692.0;19;49;19;45;242;51;15;46;14
1698.0;20;49;18;44;240;53;14;47;15
1704.0;23;47;19;46;238;52;13;45;17
1710.0;23;48;21;46;238;52;15;40;17
1716.0;22;48;21;47;237;52;17;39;17
1722.0;19;48;20;50;235;54;17;37;20
1728.0;21;49;18;48;233;56;20;37;18
1734.0;21;51;17;47;233;53;23;37;18
1740.0;20;53;17;50;230;55;23;34;18
1746.0;17;54;19;48;231;55;26;32;18
1752.0;15;54;20;48;228;57;26;34;18
1758.0;15;54;21;45;230;57;27;30;21
1764.0;16;54;22;43;231;56;27;30;21
1770.0;16;51;25;41;231;57;27;31;21
1776.0;16;49;22;43;233;56;27;32;22
1782.0;14;45;20;46;230;55;29;36;25
1788.0;16;42;20;46;229;53;26;42;26
1794.0;12;44;15;48;230;58;26;41;26
