#auto generated file!
12.0;38;39;38;37;46;43;40;33;46
18.0;36;40;37;40;50;43;39;32;43
24.0;39;39;38;37;53;44;39;31;40
30.0;38;41;37;39;58;44;34;31;38
36.0;38;39;33;37;62;43;36;36;36
42.0;36;37;31;38;64;46;33;38;37
48.0;32;40;30;37;67;51;31;42;30
54.0;35;43;29;36;71;48;28;39;31
60.0;32;43;31;35;75;44;26;41;33
66.0;33;43;26;36;78;43;27;42;32
72.0;30;45;23;39;79;41;28;42;33
78.0;30;42;20;42;83;40;26;44;33
84.0;27;43;20;42;87;40;25;45;31
90.0;23;46;21;41;86;42;25;46;30
96.0;24;46;21;40;84;46;23;46;30
102.0;23;46;18;40;85;47;23;47;31
108.0;22;45;19;41;85;46;21;51;30
114.0;20;45;20;36;88;46;28;48;29
120.0;21;47;19;34;91;44;27;48;29
126.0;23;45;20;31;91;42;31;48;29
132.0;25;45;21;30;91;41;30;45;32
138.0;29;44;25;30;94;40;27;44;27
144.0;28;45;25;35;95;42;21;42;27
150.0;26;46;27;33;97;42;21;40;28
156.0;27;48;26;32;98;41;20;42;26
162.0;28;48;27;34;96;41;20;39;27
168.0;29;45;25;36;97;40;22;39;27
174.0;27;47;27;34;95;41;24;36;29
180.0;27;46;21;33;96;45;24;39;29
186.0;26;49;18;34;102;45;21;38;27
192.0;25;52;16;35;107;43;18;38;26
198.0;24;50;17;35;110;41;22;41;20
204.0;25;50;17;36;110;39;19;41;23
210.0;25;50;17;37;111;41;17;39;23
216.0;29;50;18;36;112;37;16;40;22
222.0;28;49;20;37;111;37;16;40;22
228.0;24;49;20;34;113;39;17;42;22
234.0;23;49;21;35;112;39;19;42;20
240.0;24;50;23;34;111;37;17;42;22
246.0;24;52;23;34;114;36;18;38;21
252.0;22;52;17;36;114;37;20;39;23
258.0;20;58;17;36;116;38;17;43;15
264.0;19;56;17;36;117;37;17;42;19
270.0;22;53;15;37;121;36;16;40;20
276.0;22;52;14;40;121;37;16;41;17
282.0;22;49;12;39;123;39;15;42;19
288.0;22;53;10;39;124;39;17;38;18
294.0;23;53;9;35;124;38;19;39;20
300.0;20;53;9;34;129;37;19;39;20
306.0;19;51;11;34;128;37;20;38;22
312.0;17;51;16;36;128;38;17;38;19
318.0;19;50;17;31;129;40;17;39;18
324.0;19;48;19;34;129;41;16;36;18
330.0;17;49;21;35;127;39;18;37;17
336.0;16;48;19;36;130;35;20;37;19
342.0;17;50;19;33;132;36;20;36;17
348.0;19;48;21;32;131;36;20;36;17
354.0;20;46;22;31;130;35;23;34;19
360.0;19;49;20;33;133;34;19;34;19
366.0;19;51;19;36;134;33;18;34;16
372.0;18;52;20;36;134;35;16;35;14
378.0;15;55;18;36;135;35;14;37;15
384.0;15;53;20;38;132;35;16;35;16
390.0;15;52;23;37;135;36;16;32;14
396.0;14;51;24;37;135;39;11;33;16
402.0;14;48;21;37;138;40;10;37;15
408.0;15;46;19;35;138;39;16;37;15
414.0;14;45;21;33;137;42;15;34;19
420.0;16;41;22;33;140;42;15;33;18
426.0;15;41;23;35;140;41;15;31;19
432.0;16;43;21;38;142;40;13;30;17
438.0;16;43;17;38;144;38;16;29;19
444.0;16;39;16;38;144;40;16;32;19
450.0;15;41;15;37;141;40;16;35;20
456.0;16;38;15;36;141;44;16;34;20
462.0;16;39;15;37;138;42;17;34;22
468.0;17;40;16;39;139;39;14;31;25
474.0;17;39;15;41;139;39;16;30;24
480.0;18;35;14;41;140;40;17;30;25
486.0;19;39;15;39;139;41;15;31;22
492.0;17;39;17;41;139;39;15;33;20
498.0;20;36;16;37;139;42;15;34;21
504.0;21;35;16;39;141;39;17;33;19
510.0;21;38;17;37;143;36;16;34;18
516.0;22;39;17;36;145;32;16;34;19
522.0;22;39;19;36;147;34;16;32;15
528.0;19;38;19;36;149;35;16;30;18
534.0;18;36;23;36;148;36;16;30;17
540.0;16;38;25;36;149;36;15;30;15
546.0;15;38;25;34;148;37;14;32;17
552.0;18;35;23;33;149;40;13;32;17
558.0;20;34;22;34;149;41;16;28;16
564.0;19;35;25;36;148;39;16;26;16
570.0;19;35;24;37;152;39;13;27;14
576.0;19;32;23;38;151;40;12;30;15
582.0;16;34;28;38;150;41;12;27;14
588.0;18;37;28;40;150;37;10;25;15
594.0;17;36;28;38;149;39;14;25;14
600.0;17;36;28;38;150;39;12;26;14
606.0;16;37;25;36;150;40;12;28;16
612.0;15;36;24;34;150;40;16;28;17
618.0;17;34;22;36;150;40;19;31;11
624.0;13;34;20;36;152;39;19;32;15
630.0;14;32;19;36;153;41;19;31;15
636.0;13;31;16;38;156;42;18;31;15
642.0;14;29;18;36;156;43;16;31;17
648.0;17;30;21;34;154;44;15;31;14
654.0;16;31;17;32;156;44;16;35;13
660.0;22;30;16;35;154;43;17;32;11
666.0;21;27;17;34;155;44;19;31;12
672.0;18;28;22;36;149;44;23;28;12
678.0;16;28;23;35;150;41;23;32;12
684.0;17;28;22;35;149;41;22;33;13
690.0;14;31;23;36;151;41;21;32;11
696.0;16;29;22;36;151;41;20;36;9
702.0;15;31;20;35;152;41;22;35;9
708.0;12;34;22;39;150;41;20;36;6
714.0;16;32;25;39;147;41;19;33;8
720.0;15;32;28;37;150;39;16;35;8
726.0;11;35;28;35;151;38;20;34;8
732.0;11;36;28;34;152;36;21;34;8
738.0;14;34;26;33;153;37;21;33;9
744.0;13;33;25;32;154;36;20;37;10
750.0;12;34;23;28;159;36;20;36;12
756.0;13;33;17;30;159;36;20;39;13
762.0;12;37;19;30;160;35;19;39;9
768.0;11;38;21;31;161;36;19;36;7
774.0;11;40;23;31;159;35;19;35;7
780.0;11;40;25;30;157;36;19;33;9
786.0;13;39;27;31;155;36;17;32;10
792.0;13;38;30;29;152;36;18;33;11
798.0;11;36;32;31;151;35;19;32;13
804.0;11;37;31;33;153;31;17;33;14
810.0;13;37;31;34;153;28;17;33;14
816.0;15;35;34;35;154;28;13;30;16
822.0;16;36;35;34;151;27;14;28;19
828.0;14;30;35;33;153;30;19;28;18
834.0;18;31;30;27;156;35;17;28;18
840.0;18;30;25;34;154;35;18;29;17
846.0;16;29;24;33;160;34;17;29;18
852.0;16;32;24;33;160;30;16;30;19
858.0;15;32;25;32;161;29;16;32;18
864.0;17;31;25;33;160;26;13;34;21
870.0;21;29;22;35;160;27;13;33;20
876.0;22;29;23;34;162;25;14;31;20
882.0;22;27;22;34;161;27;16;33;18
888.0;23;28;24;34;162;26;16;32;15
894.0;21;29;21;36;162;28;17;30;16
900.0;21;28;22;34;162;28;18;29;18
906.0;20;29;23;36;164;29;16;26;17
912.0;20;29;23;39;162;31;15;24;17
918.0;18;29;23;38;162;31;16;27;16
924.0;18;30;25;37;162;31;15;26;16
930.0;19;33;21;38;160;32;19;24;14
936.0;21;34;21;38;158;36;16;23;13
942.0;22;34;21;37;159;38;14;23;12
948.0;24;34;22;36;157;37;13;24;13
954.0;25;35;20;33;154;37;12;27;17
960.0;24;36;21;33;153;37;10;30;16
966.0;21;35;19;33;152;41;11;32;16
972.0;23;35;15;36;149;41;12;33;16
978.0;20;34;16;34;153;39;14;33;17
984.0;24;33;20;31;152;37;12;31;20
990.0;22;34;21;29;151;37;16;33;17
996.0;25;35;19;27;153;37;16;32;16
1002.0;23;37;17;28;155;37;18;29;16
1008.0;20;38;16;32;154;38;16;28;18
1014.0;18;37;16;34;154;35;20;28;18
1020.0;16;38;17;32;154;36;21;30;16
1026.0;17;37;18;32;154;35;17;34;16
1032.0;18;37;18;30;156;35;17;32;17
1038.0;18;34;16;31;153;36;19;35;18
1044.0;17;38;17;34;153;34;19;33;15
1050.0;15;39;18;33;153;35;20;33;14
1056.0;17;39;17;33;152;37;18;36;11
1062.0;17;39;18;35;151;36;19;34;11
1068.0;17;41;17;35;153;36;15;33;13
1074.0;18;39;17;35;155;35;15;34;12
1080.0;20;37;15;35;155;39;12;33;14
1086.0;20;35;12;35;157;39;11;34;17
1092.0;19;33;14;37;156;39;12;34;16
1098.0;19;31;16;37;156;37;14;34;16
1104.0;19;33;16;37;155;34;14;36;16
1110.0;20;34;14;35;154;35;11;37;20
1116.0;19;37;17;34;154;32;9;39;19
1122.0;20;34;16;35;154;30;11;38;22
1128.0;20;34;18;36;153;30;10;37;22
1134.0;20;35;19;35;152;31;10;37;21
1140.0;23;35;20;31;151;31;11;36;22
1146.0;22;35;18;29;151;33;14;35;23
1152.0;21;32;17;30;152;33;17;33;25
1158.0;20;31;18;28;152;35;18;33;25
1164.0;17;30;16;30;157;34;17;34;25
1170.0;18;30;14;31;157;38;18;31;23
1176.0;18;29;13;32;159;38;17;34;20
1182.0;19;28;14;35;157;37;16;34;20
1188.0;18;27;16;32;153;37;16;38;23
1194.0;20;26;15;32;154;37;16;39;21
1200.0;23;25;17;34;151;36;17;39;18
1206.0;20;28;18;33;155;31;14;41;20
1212.0;20;29;20;31;154;31;14;41;20
1218.0;20;28;19;30;155;31;16;41;20
1224.0;19;27;18;31;153;32;18;43;19
1230.0;18;28;18;31;153;33;19;42;18
1236.0;17;31;18;31;153;33;19;41;17
1242.0;17;30;17;31;151;33;21;41;19
1248.0;19;30;17;33;152;31;21;40;17
1254.0;20;29;18;36;151;32;19;40;15
1260.0;18;28;21;36;150;34;21;37;15
1266.0;17;30;21;33;148;34;22;39;16
1272.0;20;32;19;35;150;31;21;37;15
1278.0;21;35;17;34;151;33;17;38;14
1284.0;22;33;19;37;151;34;16;36;12
1290.0;22;34;21;35;151;35;15;35;12
1296.0;21;36;20;35;149;35;17;35;12
1302.0;21;38;20;34;151;33;17;35;11
1308.0;20;39;19;36;151;31;17;36;11
1314.0;22;41;19;37;150;31;15;37;8
1320.0;19;41;20;35;151;32;16;38;8
1326.0;20;40;20;35;152;32;15;37;9
1332.0;19;41;19;37;152;32;14;36;10
1338.0;22;37;21;37;151;33;17;34;8
1344.0;21;37;24;33;148;34;19;36;8
1350.0;21;39;19;35;151;33;17;38;7
1356.0;22;41;20;35;150;32;16;36;8
1362.0;22;40;20;31;151;34;18;37;7
1368.0;23;41;20;30;152;32;17;36;9
1374.0;22;41;20;29;153;31;18;35;11
1380.0;23;44;17;29;153;31;16;34;13
1386.0;24;48;17;29;153;30;16;31;12
1392.0;24;45;17;30;152;31;17;31;13
1398.0;24;48;14;30;152;30;17;32;13
1404.0;20;46;14;34;154;31;16;32;13
1410.0;20;44;12;34;156;32;14;33;15
1416.0;19;43;12;34;158;32;15;36;11
1422.0;17;47;14;33;158;28;14;36;13
1428.0;15;48;13;33;158;28;16;36;13
1434.0;16;47;11;31;160;29;17;34;15
1440.0;13;45;13;34;158;30;19;36;12
1446.0;14;41;13;35;158;30;19;36;14
1452.0;16;37;13;33;162;31;18;36;14
1458.0;16;35;13;33;162;29;19;37;16
1464.0;13;34;12;34;163;31;19;38;16
1470.0;12;35;13;33;161;30;18;40;18
1476.0;12;33;14;33;161;31;18;39;19
1482.0;12;33;16;33;161;32;18;36;19
1488.0;10;32;16;33;161;35;18;37;18
1494.0;11;35;12;34;164;33;15;37;19
1500.0;15;34;11;30;164;34;16;37;19
1506.0;13;35;13;30;164;37;16;37;15
1512.0;15;35;12;31;164;37;15;37;14
1518.0;11;37;13;30;166;39;13;38;13
1524.0;10;38;14;29;162;41;14;40;12
1530.0;11;37;15;29;164;38;15;40;11
1536.0;11;37;12;28;163;42;17;39;11
1542.0;11;36;11;30;162;39;18;41;12
1548.0;12;36;9;30;164;38;21;40;10
1554.0;13;34;9;31;165;36;22;40;10
1560.0;14;33;8;30;164;35;21;41;14
1566.0;18;33;10;25;167;34;17;42;14
1572.0;17;35;11;26;167;32;17;42;13
1578.0;16;34;13;26;167;31;17;42;14
1584.0;16;32;17;26;166;31;18;43;11
1590.0;16;32;15;27;167;30;17;45;11
1596.0;16;29;16;27;165;31;18;43;15
1602.0;14;29;15;28;164;31;19;43;17
1608.0;14;26;17;29;164;34;16;42;18
1614.0;18;28;17;29;163;33;17;36;19
1620.0;17;31;18;30;161;32;18;34;19
1626.0;15;33;17;29;159;33;20;34;20
1632.0;16;33;19;29;157;32;22;34;18
1638.0;16;34;18;28;159;32;22;32;19
1644.0;17;34;19;26;161;32;24;32;15
1650.0;15;35;18;22;164;29;24;33;20
1656.0;14;38;19;22;163;28;22;34;20
1662.0;14;37;18;24;164;29;20;34;20
1668.0;15;39;17;23;166;25;21;35;19
1674.0;19;39;14;22;166;27;20;34;19
1680.0;19;39;16;25;162;27;20;33;19
1686.0;18;37;18;25;163;28;18;32;21
1692.0;17;38;22;24;161;28;16;33;21
1698.0;17;38;20;22;163;27;16;36;21
1704.0;21;38;22;22;164;28;14;33;18
1710.0;22;37;21;23;164;28;14;33;18
1716.0;23;36;19;24;164;32;12;32;18
1722.0;22;36;20;23;163;33;13;31;19
1728.0;23;37;19;23;163;33;13;30;19
1734.0;22;39;16;21;162;35;14;33;18
1740.0;22;41;15;20;165;35;12;34;16
1746.0;20;40;14;23;164;37;14;32;16
1752.0;18;41;14;22;165;36;14;35;15
1758.0;18;39;16;23;165;34;14;36;15
1764.0;19;37;16;24;166;33;14;35;16
1770.0;20;36;15;22;164;36;17;34;16
1776.0;19;38;16;21;163;35;17;34;17
1782.0;20;37;15;20;166;35;17;35;15
1788.0;17;40;17;16;161;35;21;36;17
1794.0;17;41;14;16;161;36;23;35;17
