#auto generated file!
12.0;12;22;18;20;18;17;16;19;28
18.0;13;22;17;19;18;19;16;20;26
24.0;14;24;17;21;19;18;15;18;24
30.0;14;26;14;24;20;19;15;17;21
36.0;14;22;14;24;23;20;15;18;20
42.0;17;24;11;24;24;20;13;17;20
48.0;15;26;10;25;25;20;12;18;19
54.0;14;26;12;22;26;22;12;18;18
60.0;12;27;13;24;26;22;11;20;15
66.0;13;26;12;26;27;20;14;16;16
72.0;10;25;15;26;28;19;13;17;17
78.0;12;24;17;21;29;22;11;18;16
84.0;12;22;20;21;32;20;11;17;15
90.0;14;22;19;21;31;20;12;16;15
96.0;14;21;18;22;32;21;14;15;13
102.0;14;20;18;23;33;20;13;16;13
108.0;14;22;17;24;34;20;12;15;12
114.0;13;22;14;24;35;21;11;18;12
120.0;14;22;16;21;35;21;13;17;11
126.0;13;22;16;21;37;21;13;17;10
132.0;11;21;18;22;38;22;12;17;9
138.0;11;23;18;20;39;21;9;18;11
144.0;11;22;19;19;40;21;9;18;11
150.0;11;23;19;18;41;21;7;17;13
156.0;11;24;18;17;43;20;7;15;15
162.0;11;22;19;17;45;18;7;15;16
168.0;10;21;18;19;46;19;5;16;16
174.0;9;23;17;20;45;19;5;16;16
180.0;9;22;16;19;44;20;7;17;16
186.0;10;19;13;19;44;19;11;17;18
192.0;10;19;14;21;44;19;9;18;16
198.0;10;17;16;22;44;20;9;17;15
204.0;9;19;16;22;44;22;10;16;12
210.0;10;18;16;23;45;20;9;16;13
216.0;8;19;17;24;46;20;9;16;11
222.0;9;18;15;23;46;20;10;17;12
228.0;9;16;14;22;48;21;10;17;13
234.0;10;15;13;24;47;22;9;16;14
240.0;11;15;10;23;48;23;9;16;15
246.0;11;17;11;21;49;25;8;15;13
252.0;10;17;11;22;49;26;7;16;12
258.0;10;18;12;20;50;23;8;16;13
264.0;14;18;11;20;48;22;7;16;14
270.0;14;18;12;19;51;21;6;15;14
276.0;16;18;13;17;50;21;6;17;12
282.0;14;19;13;19;51;20;4;17;13
288.0;13;20;12;16;50;22;4;20;13
294.0;12;16;13;16;53;23;4;21;12
300.0;12;17;11;18;54;22;4;21;11
306.0;11;17;11;18;54;23;4;22;10
312.0;11;17;11;18;56;24;2;22;9
318.0;6;17;10;18;56;24;4;23;12
324.0;6;16;9;18;57;26;4;22;12
330.0;6;18;11;16;58;25;3;22;11
336.0;6;17;12;16;58;26;3;21;11
342.0;6;17;12;16;56;25;4;20;14
348.0;6;17;11;16;56;26;5;20;13
354.0;7;17;12;17;56;26;6;18;11
360.0;7;18;10;18;57;25;6;19;10
366.0;8;19;10;16;57;23;7;21;9
372.0;9;20;9;15;58;23;7;21;8
378.0;12;20;10;15;58;25;4;21;5
384.0;13;19;9;14;58;25;4;21;7
390.0;11;21;9;16;58;22;5;20;8
396.0;12;21;9;16;58;21;6;19;8
402.0;11;18;10;17;59;22;5;20;8
408.0;11;16;9;18;61;23;6;20;6
414.0;11;14;10;18;61;23;6;20;7
420.0;12;14;10;18;60;21;8;20;7
426.0;13;14;10;19;60;20;9;19;6
432.0;14;14;9;20;61;21;10;17;4
438.0;15;13;9;19;60;23;10;16;5
444.0;16;14;9;19;58;23;12;16;3
450.0;15;15;8;21;59;19;12;17;4
456.0;16;16;7;20;60;18;11;17;5
462.0;17;16;6;19;60;20;10;18;4
468.0;18;13;6;19;61;22;9;17;5
474.0;15;13;9;18;62;24;8;17;4
480.0;14;14;9;18;64;25;6;16;4
486.0;13;15;9;19;64;24;6;17;3
492.0;13;18;9;19;63;22;7;17;2
498.0;14;18;9;19;63;22;5;17;3
504.0;13;17;9;19;63;24;6;15;4
510.0;12;18;8;20;64;24;5;15;4
516.0;13;18;7;18;63;24;6;17;4
522.0;14;16;7;18;63;23;7;18;4
528.0;10;18;8;17;61;21;9;20;6
534.0;9;18;7;18;62;22;9;20;5
540.0;9;21;5;15;63;22;9;20;6
546.0;10;23;6;14;62;21;9;20;5
552.0;9;23;6;14;62;21;11;18;6
558.0;10;20;8;13;61;20;11;18;9
564.0;9;17;9;14;60;23;12;17;9
570.0;10;16;9;14;60;23;12;17;9
576.0;9;16;8;14;59;25;12;18;9
582.0;9;16;10;15;58;25;10;17;10
588.0;10;15;10;15;59;24;10;17;10
594.0;11;15;8;15;59;25;9;18;10
600.0;12;14;8;15;62;26;7;16;10
606.0;13;11;9;14;62;27;10;16;8
612.0;14;12;8;14;63;25;9;16;9
618.0;12;12;8;15;63;25;7;18;10
624.0;10;12;8;17;63;24;7;19;10
630.0;10;14;8;19;62;24;6;17;10
636.0;11;13;7;19;62;23;7;17;11
642.0;11;13;7;18;63;22;9;16;11
648.0;11;13;9;19;63;21;8;16;10
654.0;12;12;9;18;65;20;8;17;9
660.0;13;14;11;16;64;20;8;16;8
666.0;12;15;9;15;64;21;8;17;9
672.0;11;13;10;15;64;20;10;17;10
678.0;11;14;9;14;64;20;9;18;11
684.0;10;14;8;15;63;21;8;20;11
690.0;10;13;8;14;65;21;7;21;11
696.0;10;13;9;15;65;21;7;20;10
702.0;8;12;9;18;64;23;7;18;11
708.0;9;13;9;19;62;23;5;17;13
714.0;9;14;11;16;62;23;6;17;12
720.0;9;12;10;16;61;22;6;21;13
726.0;8;10;11;18;61;21;7;21;13
732.0;8;13;11;17;60;21;7;19;14
738.0;7;14;10;18;60;21;6;19;15
744.0;5;15;11;21;60;20;5;20;13
750.0;4;15;10;22;60;21;5;21;12
756.0;5;14;11;22;57;21;7;22;11
762.0;4;13;11;22;56;21;9;22;12
768.0;7;14;9;21;55;23;9;20;12
774.0;6;12;9;21;60;23;8;20;11
780.0;6;11;10;20;59;23;8;22;11
786.0;7;11;11;19;59;24;6;22;11
792.0;9;11;10;19;59;23;6;23;10
798.0;10;12;10;16;59;23;8;23;9
804.0;9;11;10;16;61;26;7;22;8
810.0;9;12;8;17;61;26;7;22;8
816.0;7;13;8;13;63;26;9;22;9
822.0;9;13;6;15;63;24;9;23;8
828.0;9;13;6;16;63;25;10;21;7
834.0;8;13;9;15;61;25;11;20;8
840.0;7;14;9;16;61;25;9;21;8
846.0;8;14;7;15;62;26;8;22;8
852.0;7;15;7;15;61;25;6;26;8
858.0;8;15;5;16;61;24;6;25;10
864.0;6;14;7;17;62;23;8;24;9
870.0;7;12;6;17;63;25;10;22;8
876.0;5;12;5;20;64;24;9;23;8
882.0;5;13;5;19;63;25;7;24;9
888.0;4;12;5;22;62;25;8;23;9
894.0;5;12;5;24;61;24;8;22;9
900.0;6;14;5;22;62;25;6;22;8
906.0;6;15;5;23;62;20;6;25;8
912.0;6;15;5;22;63;21;7;25;6
918.0;8;13;6;22;62;22;6;25;6
924.0;9;14;5;21;61;22;7;24;7
930.0;11;16;5;19;62;22;6;25;4
936.0;11;14;5;20;62;25;6;24;3
942.0;8;15;7;20;61;23;8;23;5
948.0;7;12;7;21;61;23;7;25;7
954.0;6;13;6;20;61;25;8;25;6
960.0;5;17;4;19;62;27;7;22;7
966.0;4;17;4;19;63;26;7;22;8
972.0;3;17;4;20;63;25;7;23;8
978.0;4;17;4;20;63;25;7;23;7
984.0;5;15;4;21;64;25;10;18;8
990.0;7;14;3;21;64;25;10;17;9
996.0;7;16;3;20;63;24;11;17;9
1002.0;7;16;4;22;62;23;11;15;10
1008.0;6;14;6;23;62;22;10;17;10
1014.0;6;12;6;24;62;24;7;18;11
1020.0;6;12;5;24;63;24;7;18;11
1026.0;7;13;6;22;63;24;6;19;10
1032.0;6;13;7;22;61;26;5;20;10
1038.0;6;13;7;22;61;26;4;20;11
1044.0;7;12;7;23;61;26;6;20;8
1050.0;8;13;5;22;62;25;8;20;7
1056.0;8;12;3;22;62;25;7;21;10
1062.0;10;12;3;20;63;24;8;23;7
1068.0;9;11;3;19;65;24;8;23;8
1074.0;10;10;4;20;65;22;9;21;9
1080.0;10;9;6;19;64;22;9;20;11
1086.0;12;8;6;18;64;23;8;19;12
1092.0;13;6;7;17;65;23;8;18;13
1098.0;12;6;8;14;67;25;7;20;11
1104.0;10;5;10;15;67;22;7;23;11
1110.0;9;5;12;16;69;20;6;23;10
1116.0;9;6;11;15;70;20;8;20;11
1122.0;7;9;11;16;67;18;9;20;13
1128.0;9;9;10;16;67;18;9;20;12
1134.0;9;10;12;15;67;14;9;21;13
1140.0;10;12;12;16;66;13;8;21;12
1146.0;10;12;12;16;66;15;9;19;11
1152.0;8;14;11;16;67;17;9;18;10
1158.0;9;13;11;17;67;16;8;18;11
1164.0;9;14;10;16;68;16;7;18;12
1170.0;10;14;9;15;69;18;8;18;9
1176.0;10;14;8;15;70;19;7;18;9
1182.0;10;15;8;16;72;19;6;16;8
1188.0;10;13;9;16;70;18;7;18;9
1194.0;10;14;10;16;70;16;6;18;10
1200.0;10;14;9;16;70;17;6;17;11
1206.0;11;13;10;17;66;18;6;17;12
1212.0;11;15;9;18;67;20;5;17;8
1218.0;10;16;8;20;67;20;4;17;8
1224.0;11;13;8;20;67;21;6;17;7
1230.0;13;12;8;19;68;17;7;18;8
1236.0;14;12;7;19;67;17;9;19;6
1242.0;11;13;8;19;66;17;10;19;7
1248.0;10;11;7;20;67;17;10;19;9
1254.0;11;10;6;22;67;16;10;20;8
1260.0;13;9;6;20;68;16;10;21;7
1266.0;12;10;6;21;68;16;10;18;9
1272.0;9;9;6;23;71;17;8;18;9
1278.0;9;10;6;23;71;17;8;17;9
1284.0;9;11;9;24;71;16;6;15;9
1290.0;9;12;8;24;71;16;6;15;9
1296.0;8;15;5;23;72;17;5;16;9
1302.0;7;13;7;24;70;19;5;14;11
1308.0;8;13;7;24;70;19;5;14;10
1314.0;8;15;4;27;69;19;6;12;10
1320.0;7;16;6;27;69;18;5;11;11
1326.0;7;15;6;27;69;17;5;14;10
1332.0;9;15;6;27;69;14;4;16;10
1338.0;8;16;4;29;69;14;4;16;10
1344.0;9;14;4;29;68;15;5;16;10
1350.0;9;16;6;26;67;14;4;17;11
1356.0;8;16;5;27;68;14;4;17;11
1362.0;8;16;5;26;68;12;5;18;12
1368.0;7;17;5;26;67;12;5;19;12
1374.0;8;17;5;26;66;13;4;20;11
1380.0;9;16;6;24;66;14;5;20;10
1386.0;8;16;5;22;66;16;6;23;8
1392.0;7;16;7;22;68;16;5;21;8
1398.0;7;18;7;21;69;15;4;19;10
1404.0;7;18;8;21;70;13;4;19;10
1410.0;7;20;8;19;67;14;4;20;11
1416.0;8;19;7;18;66;14;4;21;13
1422.0;7;19;8;18;65;14;4;23;12
1428.0;7;20;8;19;63;15;4;23;11
1434.0;7;20;9;20;63;17;4;21;9
1440.0;7;18;8;21;65;17;5;19;10
1446.0;7;19;7;20;66;16;6;17;12
1452.0;6;18;7;22;66;16;6;17;12
1458.0;7;19;5;19;66;17;7;18;12
1464.0;8;19;5;19;68;17;7;16;11
1470.0;9;17;5;21;70;18;7;14;9
1476.0;10;14;5;22;72;17;8;13;9
1482.0;10;15;6;21;72;16;8;13;9
1488.0;10;14;6;19;75;17;8;12;9
1494.0;8;13;8;19;75;17;9;10;11
1500.0;8;14;6;20;74;17;8;12;11
1506.0;5;13;6;20;74;18;8;14;12
1512.0;5;14;7;18;75;16;10;14;11
1518.0;6;15;7;17;74;15;10;13;13
1524.0;6;15;6;18;74;16;10;13;12
1530.0;6;15;4;18;74;14;13;15;11
1536.0;6;13;4;18;74;15;13;16;11
1542.0;7;14;5;19;74;16;12;13;10
1548.0;5;16;4;19;75;17;11;13;10
1554.0;7;17;4;17;76;17;11;12;9
1560.0;8;16;4;17;76;18;9;14;8
1566.0;6;18;5;18;77;16;8;14;8
1572.0;7;17;4;17;78;17;6;16;8
1578.0;6;15;7;18;77;17;6;16;8
1584.0;6;14;6;18;77;18;6;17;8
1590.0;5;14;6;19;77;17;8;16;8
1596.0;5;14;8;19;77;16;7;15;9
1602.0;4;15;8;19;74;18;8;16;8
1608.0;5;12;7;22;74;20;8;13;9
1614.0;4;13;8;20;74;18;7;16;10
1620.0;4;12;9;22;73;17;6;16;11
1626.0;3;12;8;21;76;18;6;16;10
1632.0;7;11;8;19;77;19;5;16;8
1638.0;7;11;8;17;75;19;8;15;10
1644.0;6;11;9;16;74;20;7;18;9
1650.0;5;11;11;15;75;18;8;17;10
1656.0;5;10;10;15;76;17;9;18;10
1662.0;6;10;9;13;76;19;10;17;10
1668.0;6;11;9;14;77;18;8;18;9
1674.0;6;12;10;14;78;17;6;17;10
1680.0;7;12;9;14;75;16;7;17;13
1686.0;8;13;11;13;74;15;8;17;11
1692.0;8;13;10;13;74;15;10;17;10
1698.0;8;13;8;13;73;15;11;18;11
1704.0;9;12;6;12;73;16;11;21;10
1710.0;7;13;7;11;73;15;12;22;10
1716.0;7;12;7;11;73;15;13;24;8
1722.0;7;11;7;11;72;16;13;26;7
1728.0;6;12;5;11;70;18;13;26;9
1734.0;7;11;4;11;71;19;12;26;9
1740.0;6;10;6;11;72;20;13;24;8
1746.0;9;10;6;11;68;20;12;25;9
1752.0;9;11;7;9;68;19;11;26;10
1758.0;9;13;7;11;68;19;10;23;10
1764.0;9;13;10;11;65;17;10;23;12
1770.0;9;12;12;11;65;18;9;23;11
1776.0;9;12;12;13;67;17;8;23;9
1782.0;7;13;12;14;67;18;9;21;9
1788.0;7;13;13;14;69;18;7;20;9
1794.0;7;15;13;14;70;16;7;20;8
