#auto generated file!
12.0;39;28;29;39;30;35;36;19;25
18.0;36;27;29;43;31;34;35;20;25
24.0;36;28;30;45;34;32;32;19;24
30.0;36;29;27;44;38;32;33;19;22
36.0;34;34;25;41;42;30;32;20;22
42.0;28;32;27;40;42;31;34;23;23
48.0;31;34;22;41;41;30;34;21;26
54.0;29;33;20;41;43;32;32;22;28
60.0;27;32;23;40;43;33;28;26;28
66.0;25;33;21;38;44;36;30;26;27
72.0;27;34;23;38;44;33;27;27;27
78.0;25;36;25;39;43;31;24;31;26
84.0;24;35;25;36;45;33;23;30;29
90.0;24;35;26;36;45;30;25;31;28
96.0;23;33;27;38;48;31;23;33;24
102.0;22;34;26;39;46;32;25;33;23
108.0;22;35;26;37;48;29;27;34;22
114.0;21;34;25;39;52;27;23;35;24
120.0;22;30;25;39;53;26;24;37;24
126.0;19;28;27;38;55;27;26;39;21
132.0;21;28;25;38;58;27;26;36;21
138.0;20;29;23;39;59;29;23;36;22
144.0;21;30;25;37;60;29;22;33;23
150.0;20;28;25;40;61;31;22;30;23
156.0;23;29;25;39;62;29;20;29;24
162.0;23;28;24;35;65;31;21;30;23
168.0;20;29;22;37;66;34;20;30;22
174.0;19;31;24;35;65;35;21;28;22
180.0;19;33;25;35;63;33;18;29;25
186.0;19;30;24;35;64;36;18;28;26
192.0;18;31;23;34;65;39;20;26;24
198.0;17;31;22;34;65;39;22;30;20
204.0;16;30;25;35;65;41;19;29;20
210.0;18;29;23;31;67;42;21;30;19
216.0;17;30;22;32;70;41;19;31;18
222.0;18;28;22;31;72;41;19;31;18
228.0;16;28;26;33;73;40;17;32;15
234.0;17;26;27;35;73;40;16;33;13
240.0;19;25;24;36;73;42;14;32;15
246.0;19;26;24;36;75;41;13;31;15
252.0;20;28;21;36;72;41;13;34;15
258.0;20;25;21;38;74;39;14;32;17
264.0;16;25;22;37;78;38;15;31;18
270.0;14;25;22;37;78;37;14;34;19
276.0;14;26;20;37;77;38;15;35;18
282.0;13;26;22;36;77;37;14;36;19
288.0;14;25;18;33;79;38;14;40;19
294.0;13;25;20;32;77;39;14;40;20
300.0;14;27;19;34;77;39;12;38;20
306.0;14;27;19;37;78;40;12;38;15
312.0;14;27;20;36;80;39;13;37;14
318.0;18;27;22;36;78;36;14;36;13
324.0;20;32;19;35;80;35;14;32;13
330.0;17;30;19;36;84;37;14;31;12
336.0;16;31;18;31;81;39;16;36;12
342.0;19;29;16;30;83;38;14;34;17
348.0;17;29;14;28;85;37;17;36;17
354.0;18;27;15;29;85;41;15;34;16
360.0;16;29;15;29;86;40;13;33;19
366.0;14;31;15;29;88;40;16;29;18
372.0;16;34;13;29;89;38;18;26;17
378.0;16;34;13;30;92;36;18;26;15
384.0;15;39;15;28;92;34;14;27;16
390.0;14;36;13;29;94;32;15;28;19
396.0;14;36;13;28;94;28;17;28;22
402.0;17;35;12;29;93;26;16;31;21
408.0;17;33;13;31;92;27;16;31;20
414.0;17;33;12;32;92;27;15;32;20
420.0;19;33;11;30;91;26;18;33;19
426.0;19;33;11;31;89;26;18;32;21
432.0;17;36;11;31;87;27;16;31;24
438.0;18;34;11;34;88;27;18;28;22
444.0;15;38;11;32;90;25;18;31;20
450.0;15;36;11;34;92;29;20;28;15
456.0;14;35;11;33;95;27;20;29;16
462.0;14;35;12;32;96;26;19;29;17
468.0;13;34;14;32;100;26;19;26;16
474.0;13;31;15;34;98;28;20;25;16
480.0;12;30;14;34;99;27;22;24;18
486.0;15;30;12;30;99;27;22;23;22
492.0;15;32;13;29;101;25;21;22;22
498.0;13;32;15;29;102;27;22;20;20
504.0;13;34;15;29;103;27;20;21;18
510.0;13;34;14;31;103;29;19;21;16
516.0;13;37;14;26;103;28;20;24;15
522.0;17;36;13;27;100;31;18;23;15
528.0;20;35;13;27;101;29;16;24;15
534.0;18;35;11;30;99;31;18;22;16
540.0;20;36;11;30;99;30;17;22;15
546.0;19;34;9;30;100;31;19;22;16
552.0;18;32;11;30;100;30;17;25;17
558.0;20;32;15;32;98;30;17;22;14
564.0;20;31;13;31;99;30;16;24;16
570.0;19;29;13;30;100;30;14;28;17
576.0;18;28;15;31;101;31;12;26;18
582.0;17;28;14;32;101;29;13;27;19
588.0;15;25;12;32;105;28;14;28;21
594.0;15;24;13;31;107;28;13;28;21
600.0;15;24;13;30;108;29;13;26;22
606.0;17;24;12;29;108;29;13;27;21
612.0;18;24;14;28;109;29;12;28;18
618.0;21;23;12;27;111;32;10;29;15
624.0;22;22;12;27;108;33;13;29;14
630.0;21;20;12;28;109;35;12;28;15
636.0;20;20;13;27;109;35;14;26;16
642.0;19;22;14;27;107;33;14;27;17
648.0;18;23;13;27;108;33;12;28;18
654.0;19;24;13;26;112;33;9;25;19
660.0;19;25;10;26;112;33;11;28;16
666.0;18;25;10;27;113;31;13;25;18
672.0;18;24;10;27;113;30;15;25;18
678.0;20;24;10;27;115;29;16;22;17
684.0;21;22;9;28;117;30;16;21;16
690.0;20;22;10;27;118;30;19;22;12
696.0;20;21;9;27;116;34;17;23;13
702.0;19;20;13;25;117;33;13;24;16
708.0;20;20;12;24;116;34;15;25;14
714.0;21;20;12;23;115;36;16;23;14
720.0;22;19;11;27;117;36;14;22;12
726.0;22;21;11;28;116;36;13;20;13
732.0;21;20;11;27;114;39;12;22;14
738.0;19;19;11;25;117;40;11;23;15
744.0;20;19;11;25;118;39;10;25;13
750.0;22;19;13;22;118;38;10;24;14
756.0;20;22;13;23;120;35;7;26;14
762.0;21;22;14;21;120;37;7;23;15
768.0;18;22;14;21;123;37;8;23;14
774.0;17;23;13;22;122;40;10;20;13
780.0;18;25;9;23;122;39;12;21;11
786.0;17;25;9;23;121;41;13;20;11
792.0;17;25;10;24;124;40;13;17;10
798.0;17;26;10;23;124;38;12;20;10
804.0;17;26;12;23;123;35;13;19;12
810.0;15;28;12;25;123;36;10;17;14
816.0;15;27;12;26;124;36;10;19;11
822.0;14;25;13;29;123;33;10;20;13
828.0;12;24;13;30;126;32;12;19;12
834.0;11;22;13;30;125;35;11;19;14
840.0;11;21;14;28;126;35;11;20;14
846.0;12;23;11;24;126;36;14;20;14
852.0;12;24;10;24;125;36;15;20;14
858.0;14;24;10;24;124;32;16;21;15
864.0;13;23;11;23;127;31;17;21;14
870.0;13;24;10;24;125;32;17;22;13
876.0;13;23;13;25;125;33;15;22;11
882.0;11;23;13;23;126;34;14;22;14
888.0;11;23;12;22;128;34;13;22;15
894.0;12;23;11;21;129;35;12;22;15
900.0;13;23;13;21;132;35;10;21;12
906.0;10;22;17;21;130;34;13;21;12
912.0;8;24;17;20;128;34;13;24;12
918.0;8;24;17;21;125;33;14;26;12
924.0;8;24;15;22;128;33;14;27;9
930.0;9;27;17;21;125;33;14;26;8
936.0;9;26;16;21;124;34;15;26;9
942.0;11;23;18;19;123;35;15;28;8
948.0;11;23;20;19;123;35;15;26;8
954.0;11;23;23;19;121;36;15;24;8
960.0;13;24;23;20;120;35;14;25;6
966.0;12;25;23;21;119;33;14;28;5
972.0;11;25;23;21;123;34;14;24;5
978.0;11;26;24;19;123;35;13;24;5
984.0;10;26;24;20;124;34;13;21;8
990.0;9;27;23;20;124;33;13;23;8
996.0;10;24;19;24;121;32;15;27;8
1002.0;12;23;19;25;120;31;15;28;7
1008.0;11;24;16;25;121;32;15;28;8
1014.0;11;26;14;24;123;30;14;28;10
1020.0;13;21;16;25;124;28;14;30;9
1026.0;14;20;13;26;125;29;11;32;10
1032.0;14;20;13;30;125;29;9;29;11
1038.0;15;21;14;26;125;29;9;29;12
1044.0;14;20;14;28;124;30;12;26;12
1050.0;13;21;14;28;122;33;12;25;12
1056.0;11;23;12;28;124;32;11;26;13
1062.0;11;24;13;27;122;32;11;27;13
1068.0;12;22;12;25;123;35;10;27;14
1074.0;14;21;11;25;125;36;10;27;11
1080.0;16;23;9;30;130;32;9;23;8
1086.0;14;22;10;29;131;32;10;25;7
1092.0;14;23;9;28;130;31;10;26;9
1098.0;12;24;9;28;132;32;10;25;8
1104.0;14;23;9;31;129;31;9;26;8
1110.0;15;23;7;31;129;31;9;25;10
1116.0;16;22;7;32;127;31;9;26;10
1122.0;14;23;7;33;129;30;10;28;6
1128.0;13;23;6;31;129;34;10;28;6
1134.0;12;24;8;28;128;31;12;33;4
1140.0;13;23;9;26;127;31;12;35;4
1146.0;12;25;8;25;127;29;12;35;7
1152.0;12;25;8;26;126;28;13;34;8
1158.0;13;25;8;28;123;29;12;36;6
1164.0;11;25;8;29;124;29;12;38;4
1170.0;8;24;9;29;127;28;13;38;4
1176.0;9;25;9;27;127;25;13;39;6
1182.0;7;28;7;26;127;26;14;39;6
1188.0;7;27;5;27;125;26;16;38;9
1194.0;4;29;8;26;125;26;17;37;8
1200.0;5;28;8;27;122;26;17;39;8
1206.0;4;30;8;25;125;23;17;40;8
1212.0;3;30;9;25;124;23;15;42;9
1218.0;3;30;10;21;124;26;15;40;11
1224.0;5;28;9;21;126;26;14;39;12
1230.0;5;28;8;24;127;26;12;37;13
1236.0;5;30;10;22;126;26;11;36;14
1242.0;5;29;11;23;126;26;10;35;15
1248.0;5;29;12;22;126;24;12;34;16
1254.0;6;30;14;19;125;24;13;32;17
1260.0;6;29;13;21;126;26;13;30;16
1266.0;6;30;14;22;126;26;15;29;12
1272.0;6;30;15;20;126;28;13;28;14
1278.0;8;28;16;18;128;25;14;30;13
1284.0;6;25;15;19;128;27;11;34;15
1290.0;6;26;17;20;126;26;13;32;14
1296.0;6;26;18;20;126;26;13;30;15
1302.0;8;29;18;19;124;26;14;29;13
1308.0;7;28;22;17;128;27;12;27;12
1314.0;9;27;19;18;129;28;10;28;12
1320.0;10;26;17;21;130;22;12;29;13
1326.0;9;25;13;23;132;24;11;30;13
1332.0;9;24;11;25;132;25;10;30;14
1338.0;8;25;10;27;132;26;8;30;14
1344.0;7;23;11;28;133;26;8;28;16
1350.0;6;21;11;26;134;28;8;30;16
1356.0;8;22;11;28;134;27;6;29;15
1362.0;10;23;12;26;133;27;7;29;13
1368.0;10;20;14;27;134;26;8;30;11
1374.0;11;21;10;29;133;25;9;30;12
1380.0;12;21;10;27;132;24;11;29;14
1386.0;9;19;11;30;133;25;9;32;12
1392.0;10;21;11;31;131;26;8;31;11
1398.0;10;21;11;31;132;26;10;30;9
1404.0;8;21;12;29;132;30;9;30;9
1410.0;9;22;10;29;131;30;10;30;9
1416.0;12;21;10;27;132;29;12;28;9
1422.0;13;21;8;28;130;31;13;27;9
1428.0;15;21;8;26;128;30;14;27;11
1434.0;14;22;9;27;127;27;16;27;11
1440.0;14;24;10;26;127;29;15;26;9
1446.0;12;26;10;28;125;31;15;24;9
1452.0;12;28;10;30;122;30;18;21;9
1458.0;10;28;9;29;122;31;18;24;9
1464.0;8;28;10;32;118;32;17;27;8
1470.0;10;27;7;30;121;32;16;30;7
1476.0;9;27;8;28;120;32;17;29;10
1482.0;8;26;11;27;120;31;16;31;10
1488.0;9;26;11;28;120;30;13;33;10
1494.0;9;26;9;26;120;32;14;32;12
1500.0;9;29;10;27;119;31;17;28;10
1506.0;13;32;13;25;117;27;16;29;8
1512.0;13;33;13;23;117;29;13;29;10
1518.0;13;30;15;22;117;27;13;30;13
1524.0;13;30;17;21;118;26;16;28;11
1530.0;18;32;17;18;116;26;16;28;9
1536.0;16;31;17;20;118;25;14;30;9
1542.0;15;31;20;20;118;23;12;31;10
1548.0;18;29;15;22;120;25;10;31;10
1554.0;18;29;16;22;119;25;11;30;10
1560.0;18;28;15;22;120;26;10;31;10
1566.0;17;28;16;22;118;26;10;32;11
1572.0;21;26;16;23;118;25;8;31;12
1578.0;20;20;17;26;120;26;6;32;13
1584.0;19;20;16;28;121;26;7;30;13
1590.0;19;22;15;28;122;24;7;30;13
1596.0;18;24;16;31;122;27;5;26;11
1602.0;21;22;15;27;121;28;7;27;12
1608.0;20;21;16;26;120;31;7;27;12
1614.0;18;21;15;28;117;28;9;30;14
1620.0;16;22;18;30;116;27;8;29;14
1626.0;14;21;21;30;114;27;9;30;14
1632.0;14;21;22;33;114;23;10;28;15
1638.0;14;23;16;36;115;24;11;27;14
1644.0;14;27;16;31;111;28;11;28;14
1650.0;14;27;14;29;114;28;12;29;13
1656.0;15;26;13;27;114;26;15;31;13
1662.0;13;25;15;28;112;27;16;29;15
1668.0;15;25;11;29;114;29;13;28;16
1674.0;15;26;9;29;116;32;13;26;14
1680.0;17;25;12;25;116;33;13;25;14
1686.0;17;25;13;25;117;30;13;26;14
1692.0;15;25;13;27;121;28;12;24;15
1698.0;14;24;13;28;122;26;14;25;14
1704.0;13;24;13;28;123;26;14;26;13
1710.0;11;24;13;30;121;28;14;26;13
1716.0;12;26;11;27;120;31;12;28;13
1722.0;14;27;12;26;119;32;11;26;13
1728.0;15;27;12;24;119;32;10;25;16
1734.0;14;28;12;26;117;32;11;27;13
1740.0;15;27;11;27;116;33;13;25;13
1746.0;17;29;10;28;114;31;14;25;12
1752.0;17;28;10;28;115;30;16;22;14
1758.0;19;30;11;28;113;30;16;23;10
1764.0;18;29;12;28;113;28;17;22;13
1770.0;18;29;12;27;116;27;16;23;12
1776.0;17;28;11;28;118;27;16;22;13
1782.0;15;25;12;29;118;28;18;21;14
1788.0;16;26;11;29;115;28;19;23;13
1794.0;13;23;12;31;115;30;21;23;12
