#auto generated file!
12.0;47;62;56;40;60;59;54;68;54
18.0;44;64;54;41;64;60;52;68;53
24.0;44;62;50;43;65;60;52;72;52
30.0;45;57;53;48;69;60;47;69;52
36.0;40;60;58;46;73;59;45;70;49
42.0;38;61;55;47;76;61;42;71;49
48.0;38;60;48;50;79;65;43;71;46
54.0;36;59;47;53;81;61;42;74;47
60.0;38;65;43;53;84;64;43;68;42
66.0;36;62;39;55;86;66;48;66;42
72.0;35;58;38;56;88;67;52;63;43
78.0;36;54;39;52;90;67;53;65;44
84.0;38;53;42;53;92;70;51;60;41
90.0;40;52;41;52;99;69;50;60;37
96.0;40;50;38;52;103;72;49;61;35
102.0;38;51;41;53;102;74;47;59;35
108.0;37;50;40;52;104;75;46;59;37
114.0;36;49;40;48;107;73;46;62;39
120.0;33;53;38;52;111;67;47;59;40
126.0;33;56;39;53;110;67;43;60;39
132.0;34;56;42;52;106;72;40;58;40
138.0;36;54;40;52;108;74;35;58;43
144.0;40;53;43;54;107;71;35;55;42
150.0;39;57;36;56;109;67;36;59;41
156.0;40;53;37;57;110;68;35;59;41
162.0;37;51;36;55;116;69;38;59;39
168.0;36;49;40;53;118;73;39;57;35
174.0;38;46;39;52;118;73;38;60;36
180.0;37;51;40;53;120;70;36;58;35
186.0;39;50;39;55;124;70;32;60;31
192.0;41;50;37;57;121;71;33;57;33
198.0;44;49;35;56;119;70;36;55;36
204.0;44;47;32;60;125;67;29;58;38
210.0;42;51;34;62;125;65;27;60;34
216.0;42;52;31;64;128;66;26;59;32
222.0;39;51;29;63;129;69;27;63;30
228.0;45;51;29;61;130;64;27;62;31
234.0;43;52;28;63;134;61;27;61;31
240.0;42;50;27;64;136;62;25;60;34
246.0;38;51;28;67;138;63;26;62;27
252.0;34;53;27;66;136;63;28;65;28
258.0;32;56;29;63;137;65;27;65;26
264.0;32;57;31;62;137;64;27;64;26
270.0;35;56;27;64;138;66;22;64;28
276.0;36;58;27;60;139;66;24;64;26
282.0;33;58;28;61;141;65;24;63;27
288.0;32;55;25;62;143;63;30;62;28
294.0;36;52;27;58;143;65;30;61;28
300.0;37;53;24;58;146;62;31;59;30
306.0;35;52;24;63;145;60;32;59;30
312.0;38;52;24;62;147;62;30;58;27
318.0;37;50;32;63;148;62;26;55;27
324.0;34;49;29;61;152;63;29;55;28
330.0;31;48;31;61;157;62;29;54;27
336.0;28;54;32;59;159;63;25;52;28
342.0;33;52;28;57;160;65;27;53;25
348.0;33;53;30;55;161;66;27;47;28
354.0;34;53;30;56;160;65;28;46;28
360.0;34;53;30;57;161;69;28;45;23
366.0;30;54;31;57;161;63;33;45;26
372.0;26;52;30;60;160;64;34;47;27
378.0;29;47;27;64;165;63;35;43;27
384.0;28;46;23;65;166;64;34;47;27
390.0;29;44;28;62;168;62;32;49;26
396.0;30;45;24;61;168;60;35;49;28
402.0;30;47;24;60;168;60;33;49;29
408.0;26;46;24;59;171;58;37;48;31
414.0;30;46;27;62;168;56;34;46;31
420.0;28;43;27;64;170;57;35;46;30
426.0;26;47;27;64;171;58;35;46;26
432.0;24;49;24;63;172;56;36;46;30
438.0;24;52;20;64;173;52;37;47;31
444.0;26;50;20;65;177;48;37;45;32
450.0;24;50;20;66;178;50;37;45;30
456.0;24;48;23;67;180;49;35;45;29
462.0;24;48;25;65;184;49;33;43;29
468.0;28;49;22;67;183;50;30;41;30
474.0;29;48;21;70;184;50;30;40;28
480.0;26;49;20;70;184;48;32;44;27
486.0;28;52;18;68;186;47;32;45;24
492.0;30;54;20;67;183;47;32;44;23
498.0;26;57;22;69;186;44;29;44;23
504.0;23;58;23;65;182;44;32;48;25
510.0;22;56;23;64;184;44;36;50;21
516.0;23;59;22;60;183;44;38;49;22
522.0;21;57;21;62;182;42;41;51;23
528.0;26;57;21;61;182;40;40;52;21
534.0;26;52;19;63;183;46;38;53;20
540.0;26;49;20;63;187;47;38;51;19
546.0;27;51;20;62;187;48;38;49;18
552.0;27;52;20;63;188;51;36;48;15
558.0;28;51;23;64;188;49;34;48;15
564.0;28;51;25;59;190;48;36;50;13
570.0;24;52;28;58;190;47;38;50;13
576.0;24;52;30;56;191;44;35;49;19
582.0;23;56;28;59;197;39;33;50;15
588.0;21;55;27;63;199;40;31;49;15
594.0;22;56;25;61;199;46;29;45;17
600.0;21;53;25;57;204;52;31;42;15
606.0;22;54;26;57;202;48;31;44;16
612.0;20;54;26;57;199;50;31;47;16
618.0;21;53;26;58;199;49;29;46;19
624.0;21;55;26;58;199;47;28;47;19
630.0;21;56;28;57;200;48;25;44;21
636.0;22;53;28;52;205;50;24;43;23
642.0;24;50;26;52;203;52;25;44;24
648.0;23;55;26;51;201;50;25;45;24
654.0;22;53;27;50;199;52;25;49;23
660.0;23;52;25;51;203;48;24;50;24
666.0;24;51;26;51;207;46;22;49;24
672.0;21;50;29;49;210;48;20;50;23
678.0;22;50;31;50;208;50;21;48;20
684.0;21;49;27;53;208;46;21;52;23
690.0;21;49;26;52;209;47;20;50;26
696.0;22;47;27;51;210;50;18;51;24
702.0;20;49;24;52;210;52;17;49;27
708.0;24;50;23;52;212;51;17;46;25
714.0;24;47;25;53;211;50;20;45;25
720.0;23;48;29;53;210;48;19;46;24
726.0;20;48;26;55;212;47;21;49;22
732.0;21;46;25;53;212;49;21;47;26
738.0;25;46;23;50;210;52;21;47;26
744.0;28;48;22;51;209;53;17;41;31
750.0;27;50;21;53;213;54;15;38;29
756.0;26;45;20;55;214;53;14;41;32
762.0;26;44;25;54;211;55;15;41;29
768.0;23;45;26;53;215;58;14;38;28
774.0;21;44;28;52;214;56;16;42;27
780.0;21;44;29;49;214;53;18;44;28
786.0;19;43;28;48;215;53;19;44;31
792.0;19;45;30;50;210;53;20;42;31
798.0;19;46;28;51;209;54;18;42;33
804.0;24;46;27;51;210;50;22;38;32
810.0;25;49;26;49;208;51;25;35;32
816.0;23;51;27;49;208;49;27;39;27
822.0;24;49;26;50;210;49;29;38;25
828.0;24;48;27;50;207;52;29;37;26
834.0;25;48;28;50;208;51;29;39;22
840.0;28;48;25;48;209;49;25;43;25
846.0;29;44;24;47;212;44;28;41;31
852.0;29;49;26;45;211;43;28;41;28
858.0;33;48;25;45;219;40;27;39;24
864.0;33;46;24;45;221;42;28;39;22
870.0;32;47;21;47;217;44;28;42;22
876.0;31;46;21;48;216;42;28;43;25
882.0;28;48;20;48;217;42;30;45;22
888.0;26;50;21;47;214;42;31;48;21
894.0;26;47;26;46;216;41;29;50;19
900.0;27;48;25;47;216;38;31;49;19
906.0;29;45;24;50;214;38;31;52;17
912.0;28;45;25;47;214;41;31;54;15
918.0;25;48;23;52;214;40;33;49;16
924.0;26;49;21;52;215;38;33;49;17
930.0;27;46;20;53;212;40;31;51;20
936.0;21;48;21;51;211;41;32;54;21
942.0;19;49;24;52;213;41;31;51;20
948.0;25;49;25;48;214;43;28;48;20
954.0;25;46;25;49;214;41;27;51;22
960.0;25;46;25;47;216;40;25;51;25
966.0;28;48;23;46;216;43;24;50;22
972.0;25;49;22;46;220;39;28;49;22
978.0;23;49;22;44;222;36;32;47;25
984.0;23;50;21;46;221;36;30;47;26
990.0;23;51;20;48;220;36;31;48;23
996.0;21;52;20;46;216;37;31;51;26
1002.0;23;55;17;48;215;37;31;49;25
1008.0;19;53;19;50;218;39;29;45;28
1014.0;20;53;20;47;218;42;29;44;27
1020.0;18;52;21;47;220;41;32;41;28
1026.0;20;50;23;47;215;41;32;44;28
1032.0;21;49;22;48;219;42;29;45;25
1038.0;24;49;24;44;219;42;31;45;22
1044.0;26;49;23;43;218;42;31;44;24
1050.0;28;49;22;48;217;41;29;43;23
1056.0;25;48;23;50;217;41;28;45;23
1062.0;25;47;21;47;217;42;31;45;25
1068.0;28;47;22;43;219;42;30;45;24
1074.0;30;47;23;43;218;44;30;41;24
1080.0;32;46;20;43;220;41;30;43;25
1086.0;32;48;19;43;222;40;30;41;25
1092.0;32;48;19;42;221;42;30;40;26
1098.0;31;50;18;39;220;44;28;43;27
1104.0;29;50;19;40;226;39;25;46;26
1110.0;30;48;22;40;226;39;26;43;26
1116.0;26;46;26;39;228;39;21;48;27
1122.0;25;46;21;38;230;41;25;48;26
1128.0;26;48;18;44;230;40;22;49;23
1134.0;25;50;19;43;229;45;21;45;23
1140.0;24;47;20;43;230;46;21;45;24
1146.0;25;50;18;41;229;50;21;45;21
1152.0;24;56;18;41;228;46;21;44;22
1158.0;26;56;18;36;227;47;24;44;22
1164.0;25;53;19;37;225;48;27;43;23
1170.0;24;50;18;39;226;48;29;43;23
1176.0;28;51;14;39;226;50;26;44;22
1182.0;28;52;14;39;225;49;27;44;22
1188.0;30;51;13;38;227;52;22;43;24
1194.0;31;52;13;38;227;53;21;41;24
1200.0;31;51;16;40;226;53;19;42;22
1206.0;31;49;17;37;231;54;17;40;24
1212.0;32;54;18;38;231;48;17;38;24
1218.0;28;56;20;38;228;49;17;40;24
1224.0;27;54;18;39;232;52;16;40;22
1230.0;24;51;19;40;233;50;18;41;24
1236.0;21;53;18;41;233;50;18;42;24
1242.0;23;53;18;37;233;52;20;42;22
1248.0;24;51;19;37;231;50;22;44;22
1254.0;25;51;19;40;232;48;25;39;21
1260.0;25;55;16;40;231;48;26;39;20
1266.0;23;53;20;37;231;49;30;38;19
1272.0;22;52;22;39;231;47;30;39;18
1278.0;27;54;22;35;231;46;27;40;18
1284.0;31;52;22;35;228;48;25;40;19
1290.0;28;50;21;36;227;49;23;43;23
1296.0;29;48;23;36;225;50;24;43;22
1302.0;30;49;25;35;223;48;23;43;24
1308.0;32;48;23;40;221;46;26;43;21
1314.0;33;48;24;38;223;45;24;43;22
1320.0;31;50;23;35;225;44;26;43;23
1326.0;32;52;20;37;222;45;28;44;20
1332.0;33;50;21;35;224;42;29;46;20
1338.0;29;45;25;35;223;45;26;46;26
1344.0;30;46;26;33;223;46;24;45;27
1350.0;32;50;26;31;224;44;23;43;27
1356.0;32;48;27;31;222;40;27;43;30
1362.0;37;46;23;32;221;39;27;44;31
1368.0;32;45;22;35;222;43;26;47;28
1374.0;32;46;18;35;224;43;26;45;31
1380.0;29;47;17;34;229;44;25;48;27
1386.0;29;46;22;31;229;42;27;50;24
1392.0;27;45;22;32;228;43;30;49;24
1398.0;25;43;23;31;229;42;33;50;24
1404.0;25;46;25;30;230;41;30;47;26
1410.0;27;45;27;32;227;43;28;49;22
1416.0;24;47;26;37;228;40;27;51;20
1422.0;27;47;25;38;232;39;26;48;18
1428.0;25;51;29;37;235;34;24;47;18
1434.0;27;52;33;38;232;35;22;42;19
1440.0;24;56;28;38;236;36;23;41;18
1446.0;25;58;26;38;232;36;21;41;23
1452.0;24;56;29;34;233;39;21;42;22
1458.0;22;59;27;35;234;40;19;43;21
1464.0;24;57;26;36;231;41;20;45;20
1470.0;23;56;30;35;226;43;20;49;18
1476.0;24;55;28;35;227;43;18;51;19
1482.0;21;61;29;36;221;46;18;50;18
1488.0;19;61;29;38;217;47;24;46;19
1494.0;20;61;26;37;218;47;25;49;17
1500.0;20;60;27;39;215;46;24;48;21
1506.0;25;59;25;40;213;48;24;47;19
1512.0;28;58;25;40;216;48;25;45;15
1518.0;33;55;21;42;215;43;30;44;17
1524.0;33;52;20;44;214;43;28;45;21
1530.0;35;51;19;42;212;44;29;46;22
1536.0;34;55;19;44;211;42;29;46;20
1542.0;32;56;20;46;209;41;30;46;20
1548.0;28;55;21;45;209;40;32;47;23
1554.0;26;53;20;49;210;45;28;44;25
1560.0;22;50;21;50;209;42;30;44;32
1566.0;18;53;18;51;210;44;28;42;36
1572.0;16;50;20;50;211;49;24;43;37
1578.0;20;50;17;49;213;48;25;45;33
1584.0;25;49;17;50;211;51;23;46;28
1590.0;23;48;21;50;211;50;24;46;27
1596.0;20;47;21;52;210;50;26;43;31
1602.0;18;44;22;50;209;56;27;41;33
1608.0;18;46;20;48;209;55;28;42;34
1614.0;18;46;22;47;211;53;27;41;35
1620.0;18;47;25;46;211;55;24;40;34
1626.0;22;47;28;41;211;53;22;41;35
1632.0;17;48;28;43;212;50;23;43;36
1638.0;16;47;28;44;212;50;24;42;37
1644.0;15;47;29;44;214;54;25;41;31
1650.0;20;45;29;43;213;53;25;41;31
1656.0;21;44;29;39;216;57;23;44;27
1662.0;22;50;29;38;217;54;19;45;26
1668.0;24;51;27;40;217;52;20;46;23
1674.0;25;55;25;43;214;54;14;49;21
1680.0;23;50;27;47;215;54;12;52;20
1686.0;24;49;26;47;213;56;16;49;20
1692.0;24;50;28;49;212;54;17;48;18
1698.0;24;51;27;51;212;53;17;46;19
1704.0;23;49;28;53;213;49;18;44;23
1710.0;24;49;28;53;214;47;16;47;22
1716.0;24;49;27;52;212;47;18;49;22
1722.0;25;51;28;52;213;42;21;49;19
1728.0;28;49;30;53;210;38;26;50;16
1734.0;28;45;30;49;209;40;28;54;17
1740.0;26;43;31;51;208;42;27;53;19
1746.0;23;42;34;52;209;39;26;53;22
1752.0;21;43;32;49;211;38;30;53;23
1758.0;26;44;30;50;211;37;28;51;23
1764.0;25;44;27;53;214;34;26;52;25
1770.0;22;45;27;53;214;33;30;51;25
1776.0;23;44;27;55;215;33;27;50;26
1782.0;22;44;27;52;215;38;27;52;23
1788.0;24;46;24;47;212;40;30;52;25
1794.0;21;48;24;47;208;42;30;50;30
